<?xml version="1.0" encoding="UTF-8"?>
<testsuite xmlns:xsi="http://www.w3.org/2001/XMLSchema-instance" xsi:noNamespaceSchemaLocation="https://maven.apache.org/surefire/maven-surefire-plugin/xsd/surefire-test-report-3.0.xsd" version="3.0" name="TestSuite" time="5897.259" tests="132" errors="0" skipped="0" failures="3">
  <properties>
    <property name="java.specification.version" value="21"/>
    <property name="sun.cpu.isalist" value="amd64"/>
    <property name="sun.jnu.encoding" value="Cp1252"/>
    <property name="java.class.path" value="C:\ASN\eclipse_workspace\demoqa-automation\target\test-classes;C:\ASN\eclipse_workspace\demoqa-automation\target\classes;C:\Users\dell\.m2\repository\org\seleniumhq\selenium\selenium-java\4.35.0\selenium-java-4.35.0.jar;C:\Users\dell\.m2\repository\org\seleniumhq\selenium\selenium-api\4.35.0\selenium-api-4.35.0.jar;C:\Users\dell\.m2\repository\org\jspecify\jspecify\1.0.0\jspecify-1.0.0.jar;C:\Users\dell\.m2\repository\org\seleniumhq\selenium\selenium-chrome-driver\4.35.0\selenium-chrome-driver-4.35.0.jar;C:\Users\dell\.m2\repository\com\google\auto\service\auto-service-annotations\1.1.1\auto-service-annotations-1.1.1.jar;C:\Users\dell\.m2\repository\org\seleniumhq\selenium\selenium-chromium-driver\4.35.0\selenium-chromium-driver-4.35.0.jar;C:\Users\dell\.m2\repository\org\seleniumhq\selenium\selenium-devtools-v137\4.35.0\selenium-devtools-v137-4.35.0.jar;C:\Users\dell\.m2\repository\org\seleniumhq\selenium\selenium-devtools-v138\4.35.0\selenium-devtools-v138-4.35.0.jar;C:\Users\dell\.m2\repository\org\seleniumhq\selenium\selenium-devtools-v139\4.35.0\selenium-devtools-v139-4.35.0.jar;C:\Users\dell\.m2\repository\org\seleniumhq\selenium\selenium-edge-driver\4.35.0\selenium-edge-driver-4.35.0.jar;C:\Users\dell\.m2\repository\org\seleniumhq\selenium\selenium-firefox-driver\4.35.0\selenium-firefox-driver-4.35.0.jar;C:\Users\dell\.m2\repository\org\seleniumhq\selenium\selenium-http\4.35.0\selenium-http-4.35.0.jar;C:\Users\dell\.m2\repository\org\seleniumhq\selenium\selenium-ie-driver\4.35.0\selenium-ie-driver-4.35.0.jar;C:\Users\dell\.m2\repository\org\seleniumhq\selenium\selenium-remote-driver\4.35.0\selenium-remote-driver-4.35.0.jar;C:\Users\dell\.m2\repository\com\google\guava\guava\33.4.8-jre\guava-33.4.8-jre.jar;C:\Users\dell\.m2\repository\com\google\guava\failureaccess\1.0.3\failureaccess-1.0.3.jar;C:\Users\dell\.m2\repository\com\google\guava\listenablefuture\9999.0-empty-to-avoid-conflict-with-guava\listenablefuture-9999.0-empty-to-avoid-conflict-with-guava.jar;C:\Users\dell\.m2\repository\com\google\errorprone\error_prone_annotations\2.36.0\error_prone_annotations-2.36.0.jar;C:\Users\dell\.m2\repository\com\google\j2objc\j2objc-annotations\3.0.0\j2objc-annotations-3.0.0.jar;C:\Users\dell\.m2\repository\io\opentelemetry\opentelemetry-api\1.53.0\opentelemetry-api-1.53.0.jar;C:\Users\dell\.m2\repository\io\opentelemetry\opentelemetry-context\1.53.0\opentelemetry-context-1.53.0.jar;C:\Users\dell\.m2\repository\io\opentelemetry\opentelemetry-common\1.53.0\opentelemetry-common-1.53.0.jar;C:\Users\dell\.m2\repository\io\opentelemetry\opentelemetry-exporter-logging\1.53.0\opentelemetry-exporter-logging-1.53.0.jar;C:\Users\dell\.m2\repository\io\opentelemetry\opentelemetry-sdk-common\1.53.0\opentelemetry-sdk-common-1.53.0.jar;C:\Users\dell\.m2\repository\io\opentelemetry\opentelemetry-sdk-extension-autoconfigure-spi\1.53.0\opentelemetry-sdk-extension-autoconfigure-spi-1.53.0.jar;C:\Users\dell\.m2\repository\io\opentelemetry\opentelemetry-sdk-extension-autoconfigure\1.53.0\opentelemetry-sdk-extension-autoconfigure-1.53.0.jar;C:\Users\dell\.m2\repository\io\opentelemetry\opentelemetry-sdk-trace\1.53.0\opentelemetry-sdk-trace-1.53.0.jar;C:\Users\dell\.m2\repository\io\opentelemetry\opentelemetry-sdk\1.53.0\opentelemetry-sdk-1.53.0.jar;C:\Users\dell\.m2\repository\io\opentelemetry\opentelemetry-sdk-metrics\1.53.0\opentelemetry-sdk-metrics-1.53.0.jar;C:\Users\dell\.m2\repository\io\opentelemetry\opentelemetry-sdk-logs\1.53.0\opentelemetry-sdk-logs-1.53.0.jar;C:\Users\dell\.m2\repository\net\bytebuddy\byte-buddy\1.17.6\byte-buddy-1.17.6.jar;C:\Users\dell\.m2\repository\org\seleniumhq\selenium\selenium-safari-driver\4.35.0\selenium-safari-driver-4.35.0.jar;C:\Users\dell\.m2\repository\org\seleniumhq\selenium\selenium-support\4.35.0\selenium-support-4.35.0.jar;C:\Users\dell\.m2\repository\org\seleniumhq\selenium\selenium-manager\4.35.0\selenium-manager-4.35.0.jar;C:\Users\dell\.m2\repository\org\seleniumhq\selenium\selenium-json\4.35.0\selenium-json-4.35.0.jar;C:\Users\dell\.m2\repository\org\seleniumhq\selenium\selenium-os\4.35.0\selenium-os-4.35.0.jar;C:\Users\dell\.m2\repository\org\apache\commons\commons-exec\1.5.0\commons-exec-1.5.0.jar;C:\Users\dell\.m2\repository\org\testng\testng\7.11.0\testng-7.11.0.jar;C:\Users\dell\.m2\repository\org\slf4j\slf4j-api\2.0.16\slf4j-api-2.0.16.jar;C:\Users\dell\.m2\repository\org\jcommander\jcommander\1.83\jcommander-1.83.jar;C:\Users\dell\.m2\repository\org\webjars\jquery\3.7.1\jquery-3.7.1.jar;C:\Users\dell\.m2\repository\org\apache\logging\log4j\log4j-core\2.24.3\log4j-core-2.24.3.jar;C:\Users\dell\.m2\repository\org\apache\logging\log4j\log4j-api\2.24.3\log4j-api-2.24.3.jar;C:\Users\dell\.m2\repository\com\aventstack\extentreports\5.0.9\extentreports-5.0.9.jar;C:\Users\dell\.m2\repository\io\reactivex\rxjava3\rxjava\3.0.4\rxjava-3.0.4.jar;C:\Users\dell\.m2\repository\org\reactivestreams\reactive-streams\1.0.3\reactive-streams-1.0.3.jar;C:\Users\dell\.m2\repository\org\freemarker\freemarker\2.3.30\freemarker-2.3.30.jar;C:\Users\dell\.m2\repository\com\google\code\gson\gson\2.8.6\gson-2.8.6.jar;C:\Users\dell\.m2\repository\commons-io\commons-io\2.19.0\commons-io-2.19.0.jar;C:\Users\dell\.m2\repository\org\apache\poi\poi-ooxml\5.4.1\poi-ooxml-5.4.1.jar;C:\Users\dell\.m2\repository\org\apache\poi\poi\5.4.1\poi-5.4.1.jar;C:\Users\dell\.m2\repository\commons-codec\commons-codec\1.18.0\commons-codec-1.18.0.jar;C:\Users\dell\.m2\repository\org\apache\commons\commons-math3\3.6.1\commons-math3-3.6.1.jar;C:\Users\dell\.m2\repository\com\zaxxer\SparseBitSet\1.3\SparseBitSet-1.3.jar;C:\Users\dell\.m2\repository\org\apache\poi\poi-ooxml-lite\5.4.1\poi-ooxml-lite-5.4.1.jar;C:\Users\dell\.m2\repository\org\apache\xmlbeans\xmlbeans\5.3.0\xmlbeans-5.3.0.jar;C:\Users\dell\.m2\repository\org\apache\commons\commons-compress\1.27.1\commons-compress-1.27.1.jar;C:\Users\dell\.m2\repository\org\apache\commons\commons-lang3\3.16.0\commons-lang3-3.16.0.jar;C:\Users\dell\.m2\repository\com\github\virtuald\curvesapi\1.08\curvesapi-1.08.jar;C:\Users\dell\.m2\repository\org\apache\commons\commons-collections4\4.4\commons-collections4-4.4.jar;C:\Users\dell\.m2\repository\com\sun\mail\jakarta.mail\2.0.1\jakarta.mail-2.0.1.jar;C:\Users\dell\.m2\repository\com\sun\activation\jakarta.activation\2.0.1\jakarta.activation-2.0.1.jar;C:\Users\dell\.m2\repository\org\projectlombok\lombok\1.18.30\lombok-1.18.30.jar;"/>
    <property name="java.vm.vendor" value="Oracle Corporation"/>
    <property name="sun.arch.data.model" value="64"/>
    <property name="user.variant" value=""/>
    <property name="java.vendor.url" value="https://java.oracle.com/"/>
    <property name="user.timezone" value="Asia/Calcutta"/>
    <property name="os.name" value="Windows 11"/>
    <property name="java.vm.specification.version" value="21"/>
    <property name="sun.java.launcher" value="SUN_STANDARD"/>
    <property name="user.country" value="IN"/>
    <property name="sun.boot.library.path" value="C:\Program Files\Java\jdk-21\bin"/>
    <property name="sun.java.command" value="C:\Users\dell\AppData\Local\Temp\surefire10303983555128621862\surefirebooter-20250920201537089_3.jar C:\Users\dell\AppData\Local\Temp\surefire10303983555128621862 2025-09-20T20-15-36_941-jvmRun1 surefire-20250920201537089_1tmp surefire_0-20250920201537089_2tmp"/>
    <property name="jdk.debug" value="release"/>
    <property name="surefire.test.class.path" value="C:\ASN\eclipse_workspace\demoqa-automation\target\test-classes;C:\ASN\eclipse_workspace\demoqa-automation\target\classes;C:\Users\dell\.m2\repository\org\seleniumhq\selenium\selenium-java\4.35.0\selenium-java-4.35.0.jar;C:\Users\dell\.m2\repository\org\seleniumhq\selenium\selenium-api\4.35.0\selenium-api-4.35.0.jar;C:\Users\dell\.m2\repository\org\jspecify\jspecify\1.0.0\jspecify-1.0.0.jar;C:\Users\dell\.m2\repository\org\seleniumhq\selenium\selenium-chrome-driver\4.35.0\selenium-chrome-driver-4.35.0.jar;C:\Users\dell\.m2\repository\com\google\auto\service\auto-service-annotations\1.1.1\auto-service-annotations-1.1.1.jar;C:\Users\dell\.m2\repository\org\seleniumhq\selenium\selenium-chromium-driver\4.35.0\selenium-chromium-driver-4.35.0.jar;C:\Users\dell\.m2\repository\org\seleniumhq\selenium\selenium-devtools-v137\4.35.0\selenium-devtools-v137-4.35.0.jar;C:\Users\dell\.m2\repository\org\seleniumhq\selenium\selenium-devtools-v138\4.35.0\selenium-devtools-v138-4.35.0.jar;C:\Users\dell\.m2\repository\org\seleniumhq\selenium\selenium-devtools-v139\4.35.0\selenium-devtools-v139-4.35.0.jar;C:\Users\dell\.m2\repository\org\seleniumhq\selenium\selenium-edge-driver\4.35.0\selenium-edge-driver-4.35.0.jar;C:\Users\dell\.m2\repository\org\seleniumhq\selenium\selenium-firefox-driver\4.35.0\selenium-firefox-driver-4.35.0.jar;C:\Users\dell\.m2\repository\org\seleniumhq\selenium\selenium-http\4.35.0\selenium-http-4.35.0.jar;C:\Users\dell\.m2\repository\org\seleniumhq\selenium\selenium-ie-driver\4.35.0\selenium-ie-driver-4.35.0.jar;C:\Users\dell\.m2\repository\org\seleniumhq\selenium\selenium-remote-driver\4.35.0\selenium-remote-driver-4.35.0.jar;C:\Users\dell\.m2\repository\com\google\guava\guava\33.4.8-jre\guava-33.4.8-jre.jar;C:\Users\dell\.m2\repository\com\google\guava\failureaccess\1.0.3\failureaccess-1.0.3.jar;C:\Users\dell\.m2\repository\com\google\guava\listenablefuture\9999.0-empty-to-avoid-conflict-with-guava\listenablefuture-9999.0-empty-to-avoid-conflict-with-guava.jar;C:\Users\dell\.m2\repository\com\google\errorprone\error_prone_annotations\2.36.0\error_prone_annotations-2.36.0.jar;C:\Users\dell\.m2\repository\com\google\j2objc\j2objc-annotations\3.0.0\j2objc-annotations-3.0.0.jar;C:\Users\dell\.m2\repository\io\opentelemetry\opentelemetry-api\1.53.0\opentelemetry-api-1.53.0.jar;C:\Users\dell\.m2\repository\io\opentelemetry\opentelemetry-context\1.53.0\opentelemetry-context-1.53.0.jar;C:\Users\dell\.m2\repository\io\opentelemetry\opentelemetry-common\1.53.0\opentelemetry-common-1.53.0.jar;C:\Users\dell\.m2\repository\io\opentelemetry\opentelemetry-exporter-logging\1.53.0\opentelemetry-exporter-logging-1.53.0.jar;C:\Users\dell\.m2\repository\io\opentelemetry\opentelemetry-sdk-common\1.53.0\opentelemetry-sdk-common-1.53.0.jar;C:\Users\dell\.m2\repository\io\opentelemetry\opentelemetry-sdk-extension-autoconfigure-spi\1.53.0\opentelemetry-sdk-extension-autoconfigure-spi-1.53.0.jar;C:\Users\dell\.m2\repository\io\opentelemetry\opentelemetry-sdk-extension-autoconfigure\1.53.0\opentelemetry-sdk-extension-autoconfigure-1.53.0.jar;C:\Users\dell\.m2\repository\io\opentelemetry\opentelemetry-sdk-trace\1.53.0\opentelemetry-sdk-trace-1.53.0.jar;C:\Users\dell\.m2\repository\io\opentelemetry\opentelemetry-sdk\1.53.0\opentelemetry-sdk-1.53.0.jar;C:\Users\dell\.m2\repository\io\opentelemetry\opentelemetry-sdk-metrics\1.53.0\opentelemetry-sdk-metrics-1.53.0.jar;C:\Users\dell\.m2\repository\io\opentelemetry\opentelemetry-sdk-logs\1.53.0\opentelemetry-sdk-logs-1.53.0.jar;C:\Users\dell\.m2\repository\net\bytebuddy\byte-buddy\1.17.6\byte-buddy-1.17.6.jar;C:\Users\dell\.m2\repository\org\seleniumhq\selenium\selenium-safari-driver\4.35.0\selenium-safari-driver-4.35.0.jar;C:\Users\dell\.m2\repository\org\seleniumhq\selenium\selenium-support\4.35.0\selenium-support-4.35.0.jar;C:\Users\dell\.m2\repository\org\seleniumhq\selenium\selenium-manager\4.35.0\selenium-manager-4.35.0.jar;C:\Users\dell\.m2\repository\org\seleniumhq\selenium\selenium-json\4.35.0\selenium-json-4.35.0.jar;C:\Users\dell\.m2\repository\org\seleniumhq\selenium\selenium-os\4.35.0\selenium-os-4.35.0.jar;C:\Users\dell\.m2\repository\org\apache\commons\commons-exec\1.5.0\commons-exec-1.5.0.jar;C:\Users\dell\.m2\repository\org\testng\testng\7.11.0\testng-7.11.0.jar;C:\Users\dell\.m2\repository\org\slf4j\slf4j-api\2.0.16\slf4j-api-2.0.16.jar;C:\Users\dell\.m2\repository\org\jcommander\jcommander\1.83\jcommander-1.83.jar;C:\Users\dell\.m2\repository\org\webjars\jquery\3.7.1\jquery-3.7.1.jar;C:\Users\dell\.m2\repository\org\apache\logging\log4j\log4j-core\2.24.3\log4j-core-2.24.3.jar;C:\Users\dell\.m2\repository\org\apache\logging\log4j\log4j-api\2.24.3\log4j-api-2.24.3.jar;C:\Users\dell\.m2\repository\com\aventstack\extentreports\5.0.9\extentreports-5.0.9.jar;C:\Users\dell\.m2\repository\io\reactivex\rxjava3\rxjava\3.0.4\rxjava-3.0.4.jar;C:\Users\dell\.m2\repository\org\reactivestreams\reactive-streams\1.0.3\reactive-streams-1.0.3.jar;C:\Users\dell\.m2\repository\org\freemarker\freemarker\2.3.30\freemarker-2.3.30.jar;C:\Users\dell\.m2\repository\com\google\code\gson\gson\2.8.6\gson-2.8.6.jar;C:\Users\dell\.m2\repository\commons-io\commons-io\2.19.0\commons-io-2.19.0.jar;C:\Users\dell\.m2\repository\org\apache\poi\poi-ooxml\5.4.1\poi-ooxml-5.4.1.jar;C:\Users\dell\.m2\repository\org\apache\poi\poi\5.4.1\poi-5.4.1.jar;C:\Users\dell\.m2\repository\commons-codec\commons-codec\1.18.0\commons-codec-1.18.0.jar;C:\Users\dell\.m2\repository\org\apache\commons\commons-math3\3.6.1\commons-math3-3.6.1.jar;C:\Users\dell\.m2\repository\com\zaxxer\SparseBitSet\1.3\SparseBitSet-1.3.jar;C:\Users\dell\.m2\repository\org\apache\poi\poi-ooxml-lite\5.4.1\poi-ooxml-lite-5.4.1.jar;C:\Users\dell\.m2\repository\org\apache\xmlbeans\xmlbeans\5.3.0\xmlbeans-5.3.0.jar;C:\Users\dell\.m2\repository\org\apache\commons\commons-compress\1.27.1\commons-compress-1.27.1.jar;C:\Users\dell\.m2\repository\org\apache\commons\commons-lang3\3.16.0\commons-lang3-3.16.0.jar;C:\Users\dell\.m2\repository\com\github\virtuald\curvesapi\1.08\curvesapi-1.08.jar;C:\Users\dell\.m2\repository\org\apache\commons\commons-collections4\4.4\commons-collections4-4.4.jar;C:\Users\dell\.m2\repository\com\sun\mail\jakarta.mail\2.0.1\jakarta.mail-2.0.1.jar;C:\Users\dell\.m2\repository\com\sun\activation\jakarta.activation\2.0.1\jakarta.activation-2.0.1.jar;C:\Users\dell\.m2\repository\org\projectlombok\lombok\1.18.30\lombok-1.18.30.jar;"/>
    <property name="sun.cpu.endian" value="little"/>
    <property name="user.home" value="C:\Users\dell"/>
    <property name="user.language" value="en"/>
    <property name="java.specification.vendor" value="Oracle Corporation"/>
    <property name="java.version.date" value="2025-04-15"/>
    <property name="java.home" value="C:\Program Files\Java\jdk-21"/>
    <property name="file.separator" value="\"/>
    <property name="basedir" value="C:\ASN\eclipse_workspace\demoqa-automation"/>
    <property name="java.vm.compressedOopsMode" value="32-bit"/>
    <property name="line.separator" value="&#10;"/>
    <property name="java.vm.specification.vendor" value="Oracle Corporation"/>
    <property name="java.specification.name" value="Java Platform API Specification"/>
    <property name="surefire.real.class.path" value="C:\Users\dell\AppData\Local\Temp\surefire10303983555128621862\surefirebooter-20250920201537089_3.jar"/>
    <property name="user.script" value=""/>
    <property name="sun.management.compiler" value="HotSpot 64-Bit Tiered Compilers"/>
    <property name="java.runtime.version" value="21.0.7+8-LTS-245"/>
    <property name="user.name" value="dell"/>
    <property name="stdout.encoding" value="Cp1252"/>
    <property name="path.separator" value=";"/>
    <property name="os.version" value="10.0"/>
    <property name="java.runtime.name" value="Java(TM) SE Runtime Environment"/>
    <property name="file.encoding" value="UTF-8"/>
    <property name="java.vm.name" value="Java HotSpot(TM) 64-Bit Server VM"/>
    <property name="localRepository" value="C:\Users\dell\.m2\repository"/>
    <property name="java.vendor.url.bug" value="https://bugreport.java.com/bugreport/"/>
    <property name="java.io.tmpdir" value="C:\Users\dell\AppData\Local\Temp\"/>
    <property name="java.version" value="21.0.7"/>
    <property name="user.dir" value="C:\ASN\eclipse_workspace\demoqa-automation"/>
    <property name="os.arch" value="amd64"/>
    <property name="java.vm.specification.name" value="Java Virtual Machine Specification"/>
    <property name="sun.os.patch.level" value=""/>
    <property name="native.encoding" value="Cp1252"/>
    <property name="java.library.path" value="C:\Program Files\Java\jdk-21\bin;C:\WINDOWS\Sun\Java\bin;C:\WINDOWS\system32;C:\WINDOWS;C:\Program Files\Python313\Scripts\;C:\Program Files\Python313\;C:\Program Files\Common Files\Oracle\Java\javapath;C:\WINDOWS\system32;C:\WINDOWS;C:\WINDOWS\System32\Wbem;C:\WINDOWS\System32\WindowsPowerShell\v1.0\;C:\WINDOWS\System32\OpenSSH\;C:\Program Files\dotnet\;C:\Program Files\Java\jdk-17\bin;C:\ProgramData\Oracle\Java\javapath;C:\Program Files\PowerShell\7\;C:\Program Files\Java\jdk-21\bin;C:\ASN\apache-maven-3.9.9\bin;C:\Program Files\Git\cmd;C:\Users\dell\AppData\Local\Programs\Python\Python313\Scripts\;C:\Users\dell\AppData\Local\Programs\Python\Python313\;C:\Users\dell\AppData\Local\Programs\Python\Python310\Scripts\;C:\Users\dell\AppData\Local\Programs\Python\Python310\;C:\Users\dell\AppData\Local\Microsoft\WindowsApps;C:\Program Files\JetBrains\PyCharm Community Edition 2022.1.1\bin;;C:\Users\dell\AppData\Local\GitHubDesktop\bin;C:\Users\dell\AppData\Local\Programs\Microsoft VS Code\bin;C:\Users\dell\.dotnet\tools;."/>
    <property name="java.vm.info" value="mixed mode, sharing"/>
    <property name="stderr.encoding" value="Cp1252"/>
    <property name="java.vendor" value="Oracle Corporation"/>
    <property name="java.vm.version" value="21.0.7+8-LTS-245"/>
    <property name="sun.io.unicode.encoding" value="UnicodeLittle"/>
    <property name="java.class.version" value="65.0"/>
  </properties>
  <testcase name="accessAlertsFrameWindows" classname="tests.AlertsFramesWindowsTests" time="0.304">
    <system-out><![CDATA[2025-09-20T14:45:38.123818200Z main INFO Starting configuration XmlConfiguration[location=C:\ASN\eclipse_workspace\demoqa-automation\target\classes\log4j2.xml, lastModified=2025-09-18T07:06:23.185Z]...
2025-09-20T14:45:38.127281700Z main INFO Start watching for changes to C:\ASN\eclipse_workspace\demoqa-automation\target\classes\log4j2.xml every 0 seconds
2025-09-20T14:45:38.127281700Z main INFO Configuration XmlConfiguration[location=C:\ASN\eclipse_workspace\demoqa-automation\target\classes\log4j2.xml, lastModified=2025-09-18T07:06:23.185Z] started.
2025-09-20T14:45:38.133517500Z main INFO Stopping configuration org.apache.logging.log4j.core.config.DefaultConfiguration@26d9b808...
2025-09-20T14:45:38.133517500Z main INFO Configuration org.apache.logging.log4j.core.config.DefaultConfiguration@26d9b808 stopped.
2025-09-20 20:15:38 [main] INFO  DriverFactory - 🌐 Starting Chrome Web Browser...
2025-09-20 20:15:38 [main] INFO  DriverFactory - ✅ Created temporary Chrome profile at C:\Users\dell\AppData\Local\Temp\chrome-profile-6425862908787226175
2025-09-20 20:15:40 [main] INFO  DriverFactory - 🚀 WebDriver started successfully
2025-09-20 20:15:40 [main] INFO  RetryUrlAccess - 🌐 Navigating to URL (attempt 1): https://demoqa.com
2025-09-20 20:15:44 [main] INFO  RetryUrlAccess - ✅ Navigation successful on attempt 1
2025-09-20 20:15:44 [main] INFO  demoqaBase - 🧪 Starting Test Alerts, Frames & Windows...
2025-09-20 20:15:44 [main] INFO  demoqaBase - Accessing Alerts, Frame & Windows Card...
Declared Instance WebDriverWait: org.openqa.selenium.support.ui.WebDriverWait@1ba05e38
2025-09-20 20:15:44 [main] INFO  demoqaLog - Clicking on Alert Frame & Windows Card...
🔹 Trying JS click by locator (attempt 1)
2025-09-20 20:15:44 [main] INFO  demoqaLog - 🔹 Trying JS click by locator (attempt 1)
🔹 Attempting JS click...
2025-09-20 20:15:44 [main] INFO  demoqaLog - 🔹 Attempting JS click...
2025-09-20 20:15:44 [main] INFO  demoqaLog - Clicked on Alert Frame & Windows Card...
Title of this Page is: DEMOQA
You are Accessing: Alerts, Frame & Windows
2025-09-20 20:15:44 [main] INFO  demoqaBase - Alerts, Frame & Windows Card: Please select an item from left to start practice.
2025-09-20 20:15:44 [main] INFO  demoqaBase - ✅ Alerts, Frames & Windows Test Completed...
]]></system-out>
    <system-err><![CDATA[SLF4J(W): No SLF4J providers were found.
SLF4J(W): Defaulting to no-operation (NOP) logger implementation
SLF4J(W): See https://www.slf4j.org/codes.html#noProviders for further details.
]]></system-err>
  </testcase>
  <testcase name="browserWindows" classname="tests.AlertsFramesWindowsTests" time="0.407">
    <system-out><![CDATA[2025-09-20 20:15:44 [main] INFO  demoqaBase - Closing browser for test: accessAlertsFrameWindows
2025-09-20 20:15:45 [main] INFO  DriverFactory - 🌐 Starting Chrome Web Browser...
2025-09-20 20:15:45 [main] INFO  DriverFactory - ✅ Created temporary Chrome profile at C:\Users\dell\AppData\Local\Temp\chrome-profile-9636999952221429561
2025-09-20 20:15:46 [main] INFO  DriverFactory - 🚀 WebDriver started successfully
2025-09-20 20:15:46 [main] INFO  RetryUrlAccess - 🌐 Navigating to URL (attempt 1): https://demoqa.com
2025-09-20 20:15:48 [main] INFO  RetryUrlAccess - ✅ Navigation successful on attempt 1
2025-09-20 20:15:48 [main] INFO  demoqaBase - 🧪 Starting Test Alerts, Frames & Windows...
2025-09-20 20:15:48 [main] INFO  demoqaBase - Accessing Alerts, Frame & Windows Card...
Declared Instance WebDriverWait: org.openqa.selenium.support.ui.WebDriverWait@58e92c23
2025-09-20 20:15:48 [main] INFO  demoqaLog - Clicking on Alert Frame & Windows Card...
🔹 Trying JS click by locator (attempt 1)
2025-09-20 20:15:48 [main] INFO  demoqaLog - 🔹 Trying JS click by locator (attempt 1)
🔹 Attempting JS click...
2025-09-20 20:15:48 [main] INFO  demoqaLog - 🔹 Attempting JS click...
2025-09-20 20:15:48 [main] INFO  demoqaLog - Clicked on Alert Frame & Windows Card...
Title of this Page is: DEMOQA
You are Accessing: Alerts, Frame & Windows
2025-09-20 20:15:49 [main] INFO  demoqaBase - Alerts, Frame & Windows Card: Please select an item from left to start practice.
2025-09-20 20:15:49 [main] INFO  demoqaBase - Clicking on Alerts, Frame & Windows Card|Browser Windows...
You are now Accessing: Browser Windows
2025-09-20 20:15:49 [main] INFO  demoqaBase - You are now Accessing: Browser Windows
2025-09-20 20:15:49 [main] INFO  demoqaBase - ✅ Alerts, Frames & Windows|Browser Windows Test Completed...
]]></system-out>
  </testcase>
  <testcase name="browserWindowsNewTab" classname="tests.AlertsFramesWindowsTests" time="31.893">
    <system-out><![CDATA[2025-09-20 20:15:49 [main] INFO  demoqaBase - Closing browser for test: browserWindows
2025-09-20 20:15:49 [main] INFO  DriverFactory - 🌐 Starting Chrome Web Browser...
2025-09-20 20:15:49 [main] INFO  DriverFactory - ✅ Created temporary Chrome profile at C:\Users\dell\AppData\Local\Temp\chrome-profile-12250363333298644614
2025-09-20 20:15:52 [main] INFO  DriverFactory - 🚀 WebDriver started successfully
2025-09-20 20:15:52 [main] INFO  RetryUrlAccess - 🌐 Navigating to URL (attempt 1): https://demoqa.com
2025-09-20 20:15:54 [main] INFO  RetryUrlAccess - ✅ Navigation successful on attempt 1
2025-09-20 20:15:54 [main] INFO  demoqaBase - 🧪 Starting Test Alerts, Frames & Windows|New Tab...
2025-09-20 20:15:54 [main] INFO  demoqaBase - Accessing Alerts, Frame & Windows Card...
Declared Instance WebDriverWait: org.openqa.selenium.support.ui.WebDriverWait@2015b2cd
2025-09-20 20:15:54 [main] INFO  demoqaLog - Clicking on Alert Frame & Windows Card...
🔹 Trying JS click by locator (attempt 1)
2025-09-20 20:15:55 [main] INFO  demoqaLog - 🔹 Trying JS click by locator (attempt 1)
🔹 Attempting JS click...
2025-09-20 20:15:55 [main] INFO  demoqaLog - 🔹 Attempting JS click...
2025-09-20 20:15:55 [main] INFO  demoqaLog - Clicked on Alert Frame & Windows Card...
Title of this Page is: DEMOQA
You are Accessing: Alerts, Frame & Windows
2025-09-20 20:15:55 [main] INFO  demoqaBase - Alerts, Frame & Windows Card: Please select an item from left to start practice.
2025-09-20 20:15:55 [main] INFO  demoqaBase - Clicking on Alerts, Frame & Windows Card|Browser Windows...
You are now Accessing: Browser Windows
2025-09-20 20:15:55 [main] INFO  demoqaBase - You are now Accessing: Browser Windows
2025-09-20 20:15:55 [main] INFO  demoqaLog - ⏳ Waiting for page to fully load (timeout: 30s)
2025-09-20 20:16:25 [main] WARN  demoqaLog - ⚠️ Page did not load within 30 seconds.
2025-09-20 20:16:25 [main] INFO  demoqaBase - Initiating New Tab click sequence...
2025-09-20 20:16:25 [main] INFO  demoqaBase - Clicked New Tab button
2025-09-20 20:16:25 [main] INFO  demoqaBase - Switched to new tab: BB7ABA8CC0A67A45B234B04F07C81F6D
2025-09-20 20:16:26 [main] INFO  demoqaBase - New tab content: 'This is a sample page'
You are now accessing: This is a sample page
2025-09-20 20:16:26 [main] INFO  demoqaBase - ✅ Alerts, Frames & Windows|Browser Windows|New Tab Test Completed...
]]></system-out>
  </testcase>
  <testcase name="browserWindowsNewWindow" classname="tests.AlertsFramesWindowsTests" time="31.826">
    <system-out><![CDATA[2025-09-20 20:16:26 [main] INFO  demoqaBase - Closing browser for test: browserWindowsNewTab
2025-09-20 20:16:27 [main] INFO  DriverFactory - 🌐 Starting Chrome Web Browser...
2025-09-20 20:16:27 [main] INFO  DriverFactory - ✅ Created temporary Chrome profile at C:\Users\dell\AppData\Local\Temp\chrome-profile-3183750177180590449
2025-09-20 20:16:28 [main] INFO  DriverFactory - 🚀 WebDriver started successfully
2025-09-20 20:16:28 [main] INFO  RetryUrlAccess - 🌐 Navigating to URL (attempt 1): https://demoqa.com
2025-09-20 20:16:31 [main] INFO  RetryUrlAccess - ✅ Navigation successful on attempt 1
2025-09-20 20:16:31 [main] INFO  demoqaBase - 🧪 Starting Test Alerts, Frames & Windows|New Window...
2025-09-20 20:16:31 [main] INFO  demoqaBase - Accessing Alerts, Frame & Windows Card...
Declared Instance WebDriverWait: org.openqa.selenium.support.ui.WebDriverWait@4437ac07
2025-09-20 20:16:31 [main] INFO  demoqaLog - Clicking on Alert Frame & Windows Card...
🔹 Trying JS click by locator (attempt 1)
2025-09-20 20:16:31 [main] INFO  demoqaLog - 🔹 Trying JS click by locator (attempt 1)
🔹 Attempting JS click...
2025-09-20 20:16:31 [main] INFO  demoqaLog - 🔹 Attempting JS click...
2025-09-20 20:16:31 [main] INFO  demoqaLog - Clicked on Alert Frame & Windows Card...
Title of this Page is: DEMOQA
You are Accessing: Alerts, Frame & Windows
2025-09-20 20:16:31 [main] INFO  demoqaBase - Alerts, Frame & Windows Card: Please select an item from left to start practice.
2025-09-20 20:16:31 [main] INFO  demoqaBase - Clicking on Alerts, Frame & Windows Card|Browser Windows...
You are now Accessing: Browser Windows
2025-09-20 20:16:31 [main] INFO  demoqaBase - You are now Accessing: Browser Windows
2025-09-20 20:16:31 [main] INFO  demoqaLog - ⏳ Waiting for page to fully load (timeout: 30s)
2025-09-20 20:17:01 [main] WARN  demoqaLog - ⚠️ Page did not load within 30 seconds.
2025-09-20 20:17:01 [main] INFO  demoqaBase - Initiating New Window click sequence...
2025-09-20 20:17:01 [main] INFO  demoqaBase - Clicked New Window button
2025-09-20 20:17:02 [main] INFO  demoqaBase - Switched to new tab: 99D5EDB3502E9EC331916D01B10D7E04
2025-09-20 20:17:02 [main] INFO  demoqaBase - New tab content: 'This is a sample page'
You are now accessing: This is a sample page
2025-09-20 20:17:02 [main] INFO  demoqaBase - ✅ Alerts, Frames & Windows|Browser Windows|New Window Test Completed...
]]></system-out>
  </testcase>
  <testcase name="browserWindowsNewWindowMsg" classname="tests.AlertsFramesWindowsTests" time="30.759">
    <system-out><![CDATA[2025-09-20 20:17:02 [main] INFO  demoqaBase - Closing browser for test: browserWindowsNewWindow
2025-09-20 20:17:03 [main] INFO  DriverFactory - 🌐 Starting Chrome Web Browser...
2025-09-20 20:17:03 [main] INFO  DriverFactory - ✅ Created temporary Chrome profile at C:\Users\dell\AppData\Local\Temp\chrome-profile-4916795847322096798
2025-09-20 20:17:04 [main] INFO  DriverFactory - 🚀 WebDriver started successfully
2025-09-20 20:17:04 [main] INFO  RetryUrlAccess - 🌐 Navigating to URL (attempt 1): https://demoqa.com
2025-09-20 20:17:07 [main] INFO  RetryUrlAccess - ✅ Navigation successful on attempt 1
2025-09-20 20:17:07 [main] INFO  demoqaBase - 🧪 Starting Test Alerts, Frames & Windows|New Window Message...
2025-09-20 20:17:07 [main] INFO  demoqaBase - Accessing Alerts, Frame & Windows Card...
Declared Instance WebDriverWait: org.openqa.selenium.support.ui.WebDriverWait@631cb129
2025-09-20 20:17:07 [main] INFO  demoqaLog - Clicking on Alert Frame & Windows Card...
🔹 Trying JS click by locator (attempt 1)
2025-09-20 20:17:07 [main] INFO  demoqaLog - 🔹 Trying JS click by locator (attempt 1)
🔹 Attempting JS click...
2025-09-20 20:17:07 [main] INFO  demoqaLog - 🔹 Attempting JS click...
2025-09-20 20:17:07 [main] INFO  demoqaLog - Clicked on Alert Frame & Windows Card...
Title of this Page is: DEMOQA
You are Accessing: Alerts, Frame & Windows
2025-09-20 20:17:07 [main] INFO  demoqaBase - Alerts, Frame & Windows Card: Please select an item from left to start practice.
2025-09-20 20:17:07 [main] INFO  demoqaBase - Clicking on Alerts, Frame & Windows Card|Browser Windows...
You are now Accessing: Browser Windows
2025-09-20 20:17:08 [main] INFO  demoqaBase - You are now Accessing: Browser Windows
2025-09-20 20:17:08 [main] INFO  demoqaLog - ⏳ Waiting for page to fully load (timeout: 30s)
2025-09-20 20:17:38 [main] WARN  demoqaLog - ⚠️ Page did not load within 30 seconds.
2025-09-20 20:17:38 [main] INFO  demoqaBase - 🔍 Starting 'New Window Message' click sequence...
🔹 Trying JS click on WebElement (attempt 1)
2025-09-20 20:17:38 [main] INFO  demoqaLog - 🔹 Trying JS click on WebElement (attempt 1)
🔹 Attempting JS click...
2025-09-20 20:17:38 [main] INFO  demoqaLog - 🔹 Attempting JS click...
2025-09-20 20:17:38 [main] INFO  demoqaBase - 🔀 Switched to new window: 05F6448179B9A86AB1233586DA3E1120
2025-09-20 20:17:38 [main] INFO  demoqaBase - ✅ Verified new popup window opened successfully.
2025-09-20 20:17:38 [main] INFO  demoqaBase - ↩️ Switched back to original window: D2377D044077F0414FB81FBB229C0B43
2025-09-20 20:17:38 [main] INFO  demoqaBase - ✅ 'New Window Message' flow completed successfully.
2025-09-20 20:17:38 [main] INFO  demoqaBase - ✅ Alerts, Frames & Windows|Browser Windows|New Window Message Test Completed...
]]></system-out>
  </testcase>
  <testcase name="ClickAlerts" classname="tests.AlertsFramesWindowsTests" time="0.418">
    <system-out><![CDATA[2025-09-20 20:17:38 [main] INFO  demoqaBase - Closing browser for test: browserWindowsNewWindowMsg
2025-09-20 20:17:38 [main] INFO  DriverFactory - 🌐 Starting Chrome Web Browser...
2025-09-20 20:17:38 [main] INFO  DriverFactory - ✅ Created temporary Chrome profile at C:\Users\dell\AppData\Local\Temp\chrome-profile-85561190496422252
2025-09-20 20:17:39 [main] INFO  DriverFactory - 🚀 WebDriver started successfully
2025-09-20 20:17:39 [main] INFO  RetryUrlAccess - 🌐 Navigating to URL (attempt 1): https://demoqa.com
2025-09-20 20:17:42 [main] INFO  RetryUrlAccess - ✅ Navigation successful on attempt 1
2025-09-20 20:17:42 [main] INFO  demoqaBase - 🧪 Starting Test Alerts, Frames & Windows|New Window Message...
2025-09-20 20:17:42 [main] INFO  demoqaBase - Accessing Alerts, Frame & Windows Card...
Declared Instance WebDriverWait: org.openqa.selenium.support.ui.WebDriverWait@7f3ca64a
2025-09-20 20:17:42 [main] INFO  demoqaLog - Clicking on Alert Frame & Windows Card...
🔹 Trying JS click by locator (attempt 1)
2025-09-20 20:17:42 [main] INFO  demoqaLog - 🔹 Trying JS click by locator (attempt 1)
🔹 Attempting JS click...
2025-09-20 20:17:42 [main] INFO  demoqaLog - 🔹 Attempting JS click...
2025-09-20 20:17:42 [main] INFO  demoqaLog - Clicked on Alert Frame & Windows Card...
Title of this Page is: DEMOQA
You are Accessing: Alerts, Frame & Windows
2025-09-20 20:17:43 [main] INFO  demoqaBase - Alerts, Frame & Windows Card: Please select an item from left to start practice.
2025-09-20 20:17:43 [main] INFO  demoqaBase - 🔍 Starting test for Alerts click ..
🔹 Trying JS click on WebElement (attempt 1)
2025-09-20 20:17:43 [main] INFO  demoqaLog - 🔹 Trying JS click on WebElement (attempt 1)
🔹 Attempting JS click...
2025-09-20 20:17:43 [main] INFO  demoqaLog - 🔹 Attempting JS click...
2025-09-20 20:17:43 [main] INFO  demoqaBase - ✅ Clicked on Alerts...
2025-09-20 20:17:43 [main] INFO  demoqaBase - Page Title is: Alerts
2025-09-20 20:17:43 [main] INFO  demoqaBase - ✅ Alerts, Frames & Windows|Alerts Test Completed...
]]></system-out>
  </testcase>
  <testcase name="ClickToSeeAlerts" classname="tests.AlertsFramesWindowsTests" time="36.022">
    <system-out><![CDATA[2025-09-20 20:17:43 [main] INFO  demoqaBase - Closing browser for test: ClickAlerts
2025-09-20 20:17:43 [main] INFO  DriverFactory - 🌐 Starting Chrome Web Browser...
2025-09-20 20:17:43 [main] INFO  DriverFactory - ✅ Created temporary Chrome profile at C:\Users\dell\AppData\Local\Temp\chrome-profile-16137563661324226433
2025-09-20 20:17:44 [main] INFO  DriverFactory - 🚀 WebDriver started successfully
2025-09-20 20:17:44 [main] INFO  RetryUrlAccess - 🌐 Navigating to URL (attempt 1): https://demoqa.com
2025-09-20 20:17:47 [main] INFO  RetryUrlAccess - ✅ Navigation successful on attempt 1
2025-09-20 20:17:47 [main] INFO  demoqaBase - 🧪 Starting Test Alerts, Frames & Windows|Alerts|Click button to see Alert...
2025-09-20 20:17:47 [main] INFO  demoqaBase - Accessing Alerts, Frame & Windows Card...
Declared Instance WebDriverWait: org.openqa.selenium.support.ui.WebDriverWait@18d47df0
2025-09-20 20:17:47 [main] INFO  demoqaLog - Clicking on Alert Frame & Windows Card...
🔹 Trying JS click by locator (attempt 1)
2025-09-20 20:17:47 [main] INFO  demoqaLog - 🔹 Trying JS click by locator (attempt 1)
🔹 Attempting JS click...
2025-09-20 20:17:47 [main] INFO  demoqaLog - 🔹 Attempting JS click...
2025-09-20 20:17:47 [main] INFO  demoqaLog - Clicked on Alert Frame & Windows Card...
Title of this Page is: DEMOQA
You are Accessing: Alerts, Frame & Windows
2025-09-20 20:17:47 [main] INFO  demoqaBase - Alerts, Frame & Windows Card: Please select an item from left to start practice.
2025-09-20 20:17:47 [main] INFO  demoqaBase - 🔍 Starting test for Alerts click ..
🔹 Trying JS click on WebElement (attempt 1)
2025-09-20 20:17:47 [main] INFO  demoqaLog - 🔹 Trying JS click on WebElement (attempt 1)
🔹 Attempting JS click...
2025-09-20 20:17:47 [main] INFO  demoqaLog - 🔹 Attempting JS click...
2025-09-20 20:17:47 [main] INFO  demoqaBase - ✅ Clicked on Alerts...
2025-09-20 20:17:47 [main] INFO  demoqaBase - Page Title is: Alerts
2025-09-20 20:17:47 [main] INFO  demoqaLog - ⏳ Waiting for page to fully load (timeout: 30s)
2025-09-20 20:18:18 [main] WARN  demoqaLog - ⚠️ Page did not load within 30 seconds.
2025-09-20 20:18:18 [main] INFO  demoqaBase - 🔍 Starting test for On button click, alert will appear after 5 seconds...
🔹 Trying JS click on WebElement (attempt 1)
2025-09-20 20:18:18 [main] INFO  demoqaLog - 🔹 Trying JS click on WebElement (attempt 1)
🔹 Attempting JS click...
2025-09-20 20:18:18 [main] INFO  demoqaLog - 🔹 Attempting JS click...
2025-09-20 20:18:18 [main] INFO  demoqaBase - ✅ Clicked on Click Button to see Alert after 5 seconds...
2025-09-20 20:18:23 [main] INFO  demoqaBase - ✅ On button click, alert will appear after 5 seconds, message is: This alert appeared after 5 seconds
2025-09-20 20:18:23 [main] INFO  demoqaBase - ✅ Alerts, Frames & Windows|Alerts|Click button to see Alert Test Completed...
]]></system-out>
  </testcase>
  <testcase name="ClickAcceptConfirmationBox" classname="tests.AlertsFramesWindowsTests" time="30.92">
    <system-out><![CDATA[2025-09-20 20:18:23 [main] INFO  demoqaBase - Closing browser for test: ClickToSeeAlerts
2025-09-20 20:18:23 [main] INFO  DriverFactory - 🌐 Starting Chrome Web Browser...
2025-09-20 20:18:23 [main] INFO  DriverFactory - ✅ Created temporary Chrome profile at C:\Users\dell\AppData\Local\Temp\chrome-profile-6701331165313096830
2025-09-20 20:18:24 [main] INFO  DriverFactory - 🚀 WebDriver started successfully
2025-09-20 20:18:24 [main] INFO  RetryUrlAccess - 🌐 Navigating to URL (attempt 1): https://demoqa.com
2025-09-20 20:18:28 [main] INFO  RetryUrlAccess - ✅ Navigation successful on attempt 1
2025-09-20 20:18:28 [main] INFO  demoqaBase - 🧪 Starting Test Alerts, Frames & Windows|AlertsOn button click, confirm box will appear, Accept...
2025-09-20 20:18:28 [main] INFO  demoqaBase - Accessing Alerts, Frame & Windows Card...
Declared Instance WebDriverWait: org.openqa.selenium.support.ui.WebDriverWait@7ae590f6
2025-09-20 20:18:28 [main] INFO  demoqaLog - Clicking on Alert Frame & Windows Card...
🔹 Trying JS click by locator (attempt 1)
2025-09-20 20:18:28 [main] INFO  demoqaLog - 🔹 Trying JS click by locator (attempt 1)
🔹 Attempting JS click...
2025-09-20 20:18:28 [main] INFO  demoqaLog - 🔹 Attempting JS click...
2025-09-20 20:18:28 [main] INFO  demoqaLog - Clicked on Alert Frame & Windows Card...
Title of this Page is: DEMOQA
You are Accessing: Alerts, Frame & Windows
2025-09-20 20:18:28 [main] INFO  demoqaBase - Alerts, Frame & Windows Card: Please select an item from left to start practice.
2025-09-20 20:18:28 [main] INFO  demoqaBase - 🔍 Starting test for Alerts click ..
🔹 Trying JS click on WebElement (attempt 1)
2025-09-20 20:18:28 [main] INFO  demoqaLog - 🔹 Trying JS click on WebElement (attempt 1)
🔹 Attempting JS click...
2025-09-20 20:18:28 [main] INFO  demoqaLog - 🔹 Attempting JS click...
2025-09-20 20:18:28 [main] INFO  demoqaBase - ✅ Clicked on Alerts...
2025-09-20 20:18:28 [main] INFO  demoqaBase - Page Title is: Alerts
2025-09-20 20:18:28 [main] INFO  demoqaLog - ⏳ Waiting for page to fully load (timeout: 30s)
2025-09-20 20:18:59 [main] WARN  demoqaLog - ⚠️ Page did not load within 30 seconds.
2025-09-20 20:18:59 [main] INFO  demoqaBase - 🔍 Starting test for On button click, confirm box will appear, Accept...
🔹 Trying JS click on WebElement (attempt 1)
2025-09-20 20:18:59 [main] INFO  demoqaLog - 🔹 Trying JS click on WebElement (attempt 1)
🔹 Attempting JS click...
2025-09-20 20:18:59 [main] INFO  demoqaLog - 🔹 Attempting JS click...
2025-09-20 20:18:59 [main] INFO  demoqaBase - ✅ Clicked On button click, confirm box will appear, Accept...
2025-09-20 20:18:59 [main] INFO  demoqaBase - ✅ On button click, confirm box will appear, message is: Do you confirm action?
2025-09-20 20:18:59 [main] INFO  demoqaBase - ✅ Your Selection was: You selected Ok
2025-09-20 20:18:59 [main] INFO  demoqaBase - ✅ Alerts, Frames & Windows|Alerts|On button click, confirm box will appear, Accept Test Completed...
]]></system-out>
  </testcase>
  <testcase name="ClickDenyConfirmationBox" classname="tests.AlertsFramesWindowsTests" time="30.787">
    <system-out><![CDATA[2025-09-20 20:18:59 [main] INFO  demoqaBase - Closing browser for test: ClickAcceptConfirmationBox
2025-09-20 20:18:59 [main] INFO  DriverFactory - 🌐 Starting Chrome Web Browser...
2025-09-20 20:18:59 [main] INFO  DriverFactory - ✅ Created temporary Chrome profile at C:\Users\dell\AppData\Local\Temp\chrome-profile-7877926923890162612
2025-09-20 20:19:00 [main] INFO  DriverFactory - 🚀 WebDriver started successfully
2025-09-20 20:19:00 [main] INFO  RetryUrlAccess - 🌐 Navigating to URL (attempt 1): https://demoqa.com
2025-09-20 20:19:03 [main] INFO  RetryUrlAccess - ✅ Navigation successful on attempt 1
2025-09-20 20:19:03 [main] INFO  demoqaBase - 🧪 Starting Test Alerts, Frames & Windows|Alerts|On button click, confirm box will appear, Deny...
2025-09-20 20:19:03 [main] INFO  demoqaBase - Accessing Alerts, Frame & Windows Card...
Declared Instance WebDriverWait: org.openqa.selenium.support.ui.WebDriverWait@5a0f87e5
2025-09-20 20:19:03 [main] INFO  demoqaLog - Clicking on Alert Frame & Windows Card...
🔹 Trying JS click by locator (attempt 1)
2025-09-20 20:19:03 [main] INFO  demoqaLog - 🔹 Trying JS click by locator (attempt 1)
🔹 Attempting JS click...
2025-09-20 20:19:03 [main] INFO  demoqaLog - 🔹 Attempting JS click...
2025-09-20 20:19:03 [main] INFO  demoqaLog - Clicked on Alert Frame & Windows Card...
Title of this Page is: DEMOQA
You are Accessing: Alerts, Frame & Windows
2025-09-20 20:19:03 [main] INFO  demoqaBase - Alerts, Frame & Windows Card: Please select an item from left to start practice.
2025-09-20 20:19:03 [main] INFO  demoqaBase - 🔍 Starting test for Alerts click ..
🔹 Trying JS click on WebElement (attempt 1)
2025-09-20 20:19:03 [main] INFO  demoqaLog - 🔹 Trying JS click on WebElement (attempt 1)
🔹 Attempting JS click...
2025-09-20 20:19:03 [main] INFO  demoqaLog - 🔹 Attempting JS click...
2025-09-20 20:19:04 [main] INFO  demoqaBase - ✅ Clicked on Alerts...
2025-09-20 20:19:04 [main] INFO  demoqaBase - Page Title is: Alerts
2025-09-20 20:19:04 [main] INFO  demoqaLog - ⏳ Waiting for page to fully load (timeout: 30s)
2025-09-20 20:19:34 [main] WARN  demoqaLog - ⚠️ Page did not load within 30 seconds.
2025-09-20 20:19:34 [main] INFO  demoqaBase - 🔍 Starting test for On button click, confirm box will appear, Deny...
🔹 Trying JS click on WebElement (attempt 1)
2025-09-20 20:19:34 [main] INFO  demoqaLog - 🔹 Trying JS click on WebElement (attempt 1)
🔹 Attempting JS click...
2025-09-20 20:19:34 [main] INFO  demoqaLog - 🔹 Attempting JS click...
2025-09-20 20:19:34 [main] INFO  demoqaBase - ✅ Clicked On button click, confirm box will appear, Deny...
2025-09-20 20:19:34 [main] INFO  demoqaBase - ✅ On button click, confirm box will appear, message is: Do you confirm action?
2025-09-20 20:19:34 [main] INFO  demoqaBase - ✅ Your Selection was: You selected Cancel
2025-09-20 20:19:34 [main] INFO  demoqaBase - ✅ Alerts, Frames & Windows|Alerts|On button click, confirm box will appear, Deny Test Completed...
]]></system-out>
  </testcase>
  <testcase name="ClickPromptBoxFill" classname="tests.AlertsFramesWindowsTests" time="14.334">
    <system-out><![CDATA[2025-09-20 20:19:34 [main] INFO  demoqaBase - Closing browser for test: ClickDenyConfirmationBox
2025-09-20 20:19:34 [main] INFO  DriverFactory - 🌐 Starting Chrome Web Browser...
2025-09-20 20:19:34 [main] INFO  DriverFactory - ✅ Created temporary Chrome profile at C:\Users\dell\AppData\Local\Temp\chrome-profile-15284583710781343695
2025-09-20 20:19:35 [main] INFO  DriverFactory - 🚀 WebDriver started successfully
2025-09-20 20:19:35 [main] INFO  RetryUrlAccess - 🌐 Navigating to URL (attempt 1): https://demoqa.com
2025-09-20 20:19:39 [main] INFO  RetryUrlAccess - ✅ Navigation successful on attempt 1
2025-09-20 20:19:39 [main] INFO  demoqaBase - 🧪 Starting Test Alerts, Frames & Windows|Alerts|On button click, prompt box will appear, Fill data...
2025-09-20 20:19:39 [main] INFO  demoqaBase - Accessing Alerts, Frame & Windows Card...
Declared Instance WebDriverWait: org.openqa.selenium.support.ui.WebDriverWait@58f290bc
2025-09-20 20:19:39 [main] INFO  demoqaLog - Clicking on Alert Frame & Windows Card...
🔹 Trying JS click by locator (attempt 1)
2025-09-20 20:19:39 [main] INFO  demoqaLog - 🔹 Trying JS click by locator (attempt 1)
🔹 Attempting JS click...
2025-09-20 20:19:39 [main] INFO  demoqaLog - 🔹 Attempting JS click...
2025-09-20 20:19:39 [main] INFO  demoqaLog - Clicked on Alert Frame & Windows Card...
Title of this Page is: DEMOQA
You are Accessing: Alerts, Frame & Windows
2025-09-20 20:19:39 [main] INFO  demoqaBase - Alerts, Frame & Windows Card: Please select an item from left to start practice.
2025-09-20 20:19:39 [main] INFO  demoqaBase - 🔍 Starting test for Alerts click ..
🔹 Trying JS click on WebElement (attempt 1)
2025-09-20 20:19:39 [main] INFO  demoqaLog - 🔹 Trying JS click on WebElement (attempt 1)
🔹 Attempting JS click...
2025-09-20 20:19:39 [main] INFO  demoqaLog - 🔹 Attempting JS click...
2025-09-20 20:19:39 [main] INFO  demoqaBase - ✅ Clicked on Alerts...
2025-09-20 20:19:39 [main] INFO  demoqaBase - Page Title is: Alerts
2025-09-20 20:19:39 [main] INFO  demoqaLog - ⏳ Waiting for page to fully load (timeout: 30s)
2025-09-20 20:19:53 [main] INFO  demoqaLog - ✅ Page load completed.
2025-09-20 20:19:53 [main] INFO  demoqaBase - 🔍 Starting test for On button click, prompt box will appear, Fill data...
🔹 Trying JS click on WebElement (attempt 1)
2025-09-20 20:19:53 [main] INFO  demoqaLog - 🔹 Trying JS click on WebElement (attempt 1)
🔹 Attempting JS click...
2025-09-20 20:19:53 [main] INFO  demoqaLog - 🔹 Attempting JS click...
2025-09-20 20:19:53 [main] INFO  demoqaBase - ✅ Clicked On button click, prompt box will appear, Fill data...
2025-09-20 20:19:53 [main] INFO  demoqaBase - ✅ On button click, prompt box will appear, message is: Please enter your name
2025-09-20 20:19:53 [main] INFO  demoqaBase - ✅ Your Selection was: You entered Java Selenium
2025-09-20 20:19:53 [main] INFO  demoqaBase - ✅ Alerts, Frames & Windows|Alerts|On button click, prompt box will appear, Fill data Test Completed...
]]></system-out>
  </testcase>
  <testcase name="ClickFrames" classname="tests.AlertsFramesWindowsTests" time="0.48">
    <system-out><![CDATA[2025-09-20 20:19:53 [main] INFO  demoqaBase - Closing browser for test: ClickPromptBoxFill
2025-09-20 20:19:53 [main] INFO  DriverFactory - 🌐 Starting Chrome Web Browser...
2025-09-20 20:19:53 [main] INFO  DriverFactory - ✅ Created temporary Chrome profile at C:\Users\dell\AppData\Local\Temp\chrome-profile-3034960930075941001
2025-09-20 20:19:54 [main] INFO  DriverFactory - 🚀 WebDriver started successfully
2025-09-20 20:19:54 [main] INFO  RetryUrlAccess - 🌐 Navigating to URL (attempt 1): https://demoqa.com
2025-09-20 20:19:57 [main] INFO  RetryUrlAccess - ✅ Navigation successful on attempt 1
2025-09-20 20:19:57 [main] INFO  demoqaBase - 🧪 Starting Test Alerts, Frames & Windows|Frames...
2025-09-20 20:19:57 [main] INFO  demoqaBase - Accessing Alerts, Frame & Windows Card...
Declared Instance WebDriverWait: org.openqa.selenium.support.ui.WebDriverWait@2e44cb34
2025-09-20 20:19:57 [main] INFO  demoqaLog - Clicking on Alert Frame & Windows Card...
🔹 Trying JS click by locator (attempt 1)
2025-09-20 20:19:57 [main] INFO  demoqaLog - 🔹 Trying JS click by locator (attempt 1)
🔹 Attempting JS click...
2025-09-20 20:19:57 [main] INFO  demoqaLog - 🔹 Attempting JS click...
2025-09-20 20:19:57 [main] INFO  demoqaLog - Clicked on Alert Frame & Windows Card...
Title of this Page is: DEMOQA
You are Accessing: Alerts, Frame & Windows
2025-09-20 20:19:57 [main] INFO  demoqaBase - Alerts, Frame & Windows Card: Please select an item from left to start practice.
2025-09-20 20:19:57 [main] INFO  demoqaBase - 🔍 Starting test for Frames click ..
🔹 Trying JS click on WebElement (attempt 1)
2025-09-20 20:19:57 [main] INFO  demoqaLog - 🔹 Trying JS click on WebElement (attempt 1)
🔹 Attempting JS click...
2025-09-20 20:19:57 [main] INFO  demoqaLog - 🔹 Attempting JS click...
2025-09-20 20:19:57 [main] INFO  demoqaBase - ✅ Clicked on Frames...
2025-09-20 20:19:57 [main] INFO  demoqaBase - Page Title is: Frames
2025-09-20 20:19:57 [main] INFO  demoqaBase - ✅ Alerts, Frames & Windows|Frames Test Completed...
]]></system-out>
  </testcase>
  <testcase name="GetFrame1" classname="tests.AlertsFramesWindowsTests" time="30.73">
    <system-out><![CDATA[2025-09-20 20:19:57 [main] INFO  demoqaBase - Closing browser for test: ClickFrames
2025-09-20 20:19:58 [main] INFO  DriverFactory - 🌐 Starting Chrome Web Browser...
2025-09-20 20:19:58 [main] INFO  DriverFactory - ✅ Created temporary Chrome profile at C:\Users\dell\AppData\Local\Temp\chrome-profile-9656670013432121061
2025-09-20 20:19:59 [main] INFO  DriverFactory - 🚀 WebDriver started successfully
2025-09-20 20:19:59 [main] INFO  RetryUrlAccess - 🌐 Navigating to URL (attempt 1): https://demoqa.com
2025-09-20 20:20:02 [main] INFO  RetryUrlAccess - ✅ Navigation successful on attempt 1
2025-09-20 20:20:02 [main] INFO  demoqaBase - 🧪 Starting Test Alerts, Frames & Windows|Frames|Frame1 message...
2025-09-20 20:20:02 [main] INFO  demoqaBase - Accessing Alerts, Frame & Windows Card...
Declared Instance WebDriverWait: org.openqa.selenium.support.ui.WebDriverWait@16e4db59
2025-09-20 20:20:02 [main] INFO  demoqaLog - Clicking on Alert Frame & Windows Card...
🔹 Trying JS click by locator (attempt 1)
2025-09-20 20:20:02 [main] INFO  demoqaLog - 🔹 Trying JS click by locator (attempt 1)
🔹 Attempting JS click...
2025-09-20 20:20:02 [main] INFO  demoqaLog - 🔹 Attempting JS click...
2025-09-20 20:20:02 [main] INFO  demoqaLog - Clicked on Alert Frame & Windows Card...
Title of this Page is: DEMOQA
You are Accessing: Alerts, Frame & Windows
2025-09-20 20:20:02 [main] INFO  demoqaBase - Alerts, Frame & Windows Card: Please select an item from left to start practice.
2025-09-20 20:20:02 [main] INFO  demoqaBase - 🔍 Starting test for Frames click ..
🔹 Trying JS click on WebElement (attempt 1)
2025-09-20 20:20:02 [main] INFO  demoqaLog - 🔹 Trying JS click on WebElement (attempt 1)
🔹 Attempting JS click...
2025-09-20 20:20:02 [main] INFO  demoqaLog - 🔹 Attempting JS click...
2025-09-20 20:20:02 [main] INFO  demoqaBase - ✅ Clicked on Frames...
2025-09-20 20:20:02 [main] INFO  demoqaBase - Page Title is: Frames
2025-09-20 20:20:02 [main] INFO  demoqaLog - ⏳ Waiting for page to fully load (timeout: 30s)
2025-09-20 20:20:32 [main] WARN  demoqaLog - ⚠️ Page did not load within 30 seconds.
2025-09-20 20:20:32 [main] INFO  demoqaBase - 🔍 Starting test for Frames|Frame1 Message...
2025-09-20 20:20:32 [main] INFO  demoqaBase - ✅ Switched to Frame1...
2025-09-20 20:20:32 [main] INFO  demoqaBase - Frame1 contains: This is a sample page
2025-09-20 20:20:32 [main] INFO  demoqaBase - ✅ Alerts, Frames & Windows|Frames|Frame1 message Test Completed...
]]></system-out>
  </testcase>
  <testcase name="GetFrame2" classname="tests.AlertsFramesWindowsTests" time="30.745">
    <system-out><![CDATA[2025-09-20 20:20:32 [main] INFO  demoqaBase - Closing browser for test: GetFrame1
2025-09-20 20:20:33 [main] INFO  DriverFactory - 🌐 Starting Chrome Web Browser...
2025-09-20 20:20:33 [main] INFO  DriverFactory - ✅ Created temporary Chrome profile at C:\Users\dell\AppData\Local\Temp\chrome-profile-1324552018626419398
2025-09-20 20:20:34 [main] INFO  DriverFactory - 🚀 WebDriver started successfully
2025-09-20 20:20:34 [main] INFO  RetryUrlAccess - 🌐 Navigating to URL (attempt 1): https://demoqa.com
2025-09-20 20:20:37 [main] INFO  RetryUrlAccess - ✅ Navigation successful on attempt 1
2025-09-20 20:20:37 [main] INFO  demoqaBase - 🧪 Starting Test Alerts, Frames & Windows|Frames|Frame2 message...
2025-09-20 20:20:37 [main] INFO  demoqaBase - Accessing Alerts, Frame & Windows Card...
Declared Instance WebDriverWait: org.openqa.selenium.support.ui.WebDriverWait@7c4a03a
2025-09-20 20:20:37 [main] INFO  demoqaLog - Clicking on Alert Frame & Windows Card...
🔹 Trying JS click by locator (attempt 1)
2025-09-20 20:20:37 [main] INFO  demoqaLog - 🔹 Trying JS click by locator (attempt 1)
🔹 Attempting JS click...
2025-09-20 20:20:37 [main] INFO  demoqaLog - 🔹 Attempting JS click...
2025-09-20 20:20:37 [main] INFO  demoqaLog - Clicked on Alert Frame & Windows Card...
Title of this Page is: DEMOQA
You are Accessing: Alerts, Frame & Windows
2025-09-20 20:20:37 [main] INFO  demoqaBase - Alerts, Frame & Windows Card: Please select an item from left to start practice.
2025-09-20 20:20:37 [main] INFO  demoqaBase - 🔍 Starting test for Frames click ..
🔹 Trying JS click on WebElement (attempt 1)
2025-09-20 20:20:37 [main] INFO  demoqaLog - 🔹 Trying JS click on WebElement (attempt 1)
🔹 Attempting JS click...
2025-09-20 20:20:37 [main] INFO  demoqaLog - 🔹 Attempting JS click...
2025-09-20 20:20:37 [main] INFO  demoqaBase - ✅ Clicked on Frames...
2025-09-20 20:20:37 [main] INFO  demoqaBase - Page Title is: Frames
2025-09-20 20:20:37 [main] INFO  demoqaLog - ⏳ Waiting for page to fully load (timeout: 30s)
2025-09-20 20:21:07 [main] WARN  demoqaLog - ⚠️ Page did not load within 30 seconds.
2025-09-20 20:21:07 [main] INFO  demoqaBase - 🔍 Starting test for Frames|Frame2 Message...
2025-09-20 20:21:08 [main] INFO  demoqaBase - ✅ Switched to Frame2...
2025-09-20 20:21:08 [main] INFO  demoqaBase - Frame2 contains: This is a sample page
2025-09-20 20:21:08 [main] INFO  demoqaBase - ✅ Alerts, Frames & Windows|Frames|Frame2 message Test Completed...
]]></system-out>
  </testcase>
  <testcase name="ClickModalDialogs" classname="tests.AlertsFramesWindowsTests" time="0.441">
    <system-out><![CDATA[2025-09-20 20:21:08 [main] INFO  demoqaBase - Closing browser for test: GetFrame2
2025-09-20 20:21:08 [main] INFO  DriverFactory - 🌐 Starting Chrome Web Browser...
2025-09-20 20:21:08 [main] INFO  DriverFactory - ✅ Created temporary Chrome profile at C:\Users\dell\AppData\Local\Temp\chrome-profile-2436434850714237106
2025-09-20 20:21:09 [main] INFO  DriverFactory - 🚀 WebDriver started successfully
2025-09-20 20:21:09 [main] INFO  RetryUrlAccess - 🌐 Navigating to URL (attempt 1): https://demoqa.com
2025-09-20 20:21:12 [main] INFO  RetryUrlAccess - ✅ Navigation successful on attempt 1
2025-09-20 20:21:12 [main] INFO  demoqaBase - 🧪 Starting Test Alerts, Frames & Windows|Modal Dialogs...
2025-09-20 20:21:12 [main] INFO  demoqaBase - Accessing Alerts, Frame & Windows Card...
Declared Instance WebDriverWait: org.openqa.selenium.support.ui.WebDriverWait@6f95654c
2025-09-20 20:21:12 [main] INFO  demoqaLog - Clicking on Alert Frame & Windows Card...
🔹 Trying JS click by locator (attempt 1)
2025-09-20 20:21:12 [main] INFO  demoqaLog - 🔹 Trying JS click by locator (attempt 1)
🔹 Attempting JS click...
2025-09-20 20:21:12 [main] INFO  demoqaLog - 🔹 Attempting JS click...
2025-09-20 20:21:12 [main] INFO  demoqaLog - Clicked on Alert Frame & Windows Card...
Title of this Page is: DEMOQA
You are Accessing: Alerts, Frame & Windows
2025-09-20 20:21:12 [main] INFO  demoqaBase - Alerts, Frame & Windows Card: Please select an item from left to start practice.
2025-09-20 20:21:12 [main] INFO  demoqaBase - 🔍 Starting test for Frames|Modal Dialogs click ..
🔹 Trying JS click on WebElement (attempt 1)
2025-09-20 20:21:12 [main] INFO  demoqaLog - 🔹 Trying JS click on WebElement (attempt 1)
🔹 Attempting JS click...
2025-09-20 20:21:12 [main] INFO  demoqaLog - 🔹 Attempting JS click...
2025-09-20 20:21:12 [main] INFO  demoqaBase - ✅ Clicked on Modal Dialogs...
2025-09-20 20:21:12 [main] INFO  demoqaBase - Page Title is: Modal Dialogs
2025-09-20 20:21:12 [main] INFO  demoqaBase - ✅ Alerts, Frames & Windows|Modal Dialogs Test Completed...
]]></system-out>
  </testcase>
  <testcase name="ClickNestedFrames" classname="tests.AlertsFramesWindowsTests" time="8.763">
    <system-out><![CDATA[2025-09-20 20:21:12 [main] INFO  demoqaBase - Closing browser for test: ClickModalDialogs
2025-09-20 20:21:12 [main] INFO  DriverFactory - 🌐 Starting Chrome Web Browser...
2025-09-20 20:21:12 [main] INFO  DriverFactory - ✅ Created temporary Chrome profile at C:\Users\dell\AppData\Local\Temp\chrome-profile-15103298762498093916
2025-09-20 20:21:13 [main] INFO  DriverFactory - 🚀 WebDriver started successfully
2025-09-20 20:21:13 [main] INFO  RetryUrlAccess - 🌐 Navigating to URL (attempt 1): https://demoqa.com
2025-09-20 20:21:16 [main] INFO  RetryUrlAccess - ✅ Navigation successful on attempt 1
2025-09-20 20:21:16 [main] INFO  demoqaBase - 🧪 Starting Test Alerts, Frames & Windows|Nested Frames...
2025-09-20 20:21:16 [main] INFO  demoqaBase - Accessing Alerts, Frame & Windows Card...
Declared Instance WebDriverWait: org.openqa.selenium.support.ui.WebDriverWait@28e24663
2025-09-20 20:21:16 [main] INFO  demoqaLog - Clicking on Alert Frame & Windows Card...
🔹 Trying JS click by locator (attempt 1)
2025-09-20 20:21:16 [main] INFO  demoqaLog - 🔹 Trying JS click by locator (attempt 1)
🔹 Attempting JS click...
2025-09-20 20:21:16 [main] INFO  demoqaLog - 🔹 Attempting JS click...
2025-09-20 20:21:16 [main] INFO  demoqaLog - Clicked on Alert Frame & Windows Card...
Title of this Page is: DEMOQA
You are Accessing: Alerts, Frame & Windows
2025-09-20 20:21:16 [main] INFO  demoqaBase - Alerts, Frame & Windows Card: Please select an item from left to start practice.
2025-09-20 20:21:16 [main] INFO  demoqaLog - ⏳ Waiting for page to fully load (timeout: 30s)
2025-09-20 20:21:25 [main] INFO  demoqaLog - ✅ Page load completed.
2025-09-20 20:21:25 [main] INFO  demoqaBase - 🔍 Starting test for Frames|Nested Frames click ..
🔹 Trying JS click on WebElement (attempt 1)
2025-09-20 20:21:25 [main] INFO  demoqaLog - 🔹 Trying JS click on WebElement (attempt 1)
🔹 Attempting JS click...
2025-09-20 20:21:25 [main] INFO  demoqaLog - 🔹 Attempting JS click...
2025-09-20 20:21:25 [main] INFO  demoqaBase - ✅ Clicked on Nested Frames...
2025-09-20 20:21:25 [main] INFO  demoqaBase - Page Title is: Nested Frames
2025-09-20 20:21:25 [main] INFO  demoqaBase - ✅ Alerts, Frames & Windows|Nested Frames Test Completed...
]]></system-out>
  </testcase>
  <testcase name="ClickLargeModal" classname="tests.AlertsFramesWindowsTests" time="28.084">
    <failure message="expected [] but found [Large Modal]" type="java.lang.AssertionError"><![CDATA[java.lang.AssertionError: expected [] but found [Large Modal]
	at org.testng.Assert.fail(Assert.java:111)
	at org.testng.Assert.failNotEquals(Assert.java:1590)
	at org.testng.Assert.assertEqualsImpl(Assert.java:150)
	at org.testng.Assert.assertEquals(Assert.java:132)
	at org.testng.Assert.assertEquals(Assert.java:656)
	at org.testng.Assert.assertEquals(Assert.java:666)
	at pages.alertsframewindowsPage.clickLargeModal(alertsframewindowsPage.java:462)
	at tests.AlertsFramesWindowsTests.ClickLargeModal(AlertsFramesWindowsTests.java:292)
	at java.base/jdk.internal.reflect.DirectMethodHandleAccessor.invoke(DirectMethodHandleAccessor.java:103)
	at java.base/java.lang.reflect.Method.invoke(Method.java:580)
	at org.testng.internal.invokers.MethodInvocationHelper.invokeMethod(MethodInvocationHelper.java:141)
	at org.testng.internal.invokers.TestInvoker.invokeMethod(TestInvoker.java:687)
	at org.testng.internal.invokers.TestInvoker.invokeTestMethod(TestInvoker.java:230)
	at org.testng.internal.invokers.MethodRunner.runInSequence(MethodRunner.java:63)
	at org.testng.internal.invokers.TestInvoker$MethodInvocationAgent.invoke(TestInvoker.java:995)
	at org.testng.internal.invokers.TestInvoker.invokeTestMethods(TestInvoker.java:203)
	at org.testng.internal.invokers.TestMethodWorker.invokeTestMethods(TestMethodWorker.java:154)
	at org.testng.internal.invokers.TestMethodWorker.run(TestMethodWorker.java:134)
	at java.base/java.util.ArrayList.forEach(ArrayList.java:1596)
	at org.testng.TestRunner.privateRun(TestRunner.java:741)
	at org.testng.TestRunner.run(TestRunner.java:616)
	at org.testng.SuiteRunner.runTest(SuiteRunner.java:421)
	at org.testng.SuiteRunner.runSequentially(SuiteRunner.java:413)
	at org.testng.SuiteRunner.privateRun(SuiteRunner.java:373)
	at org.testng.SuiteRunner.run(SuiteRunner.java:312)
	at org.testng.SuiteRunnerWorker.runSuite(SuiteRunnerWorker.java:52)
	at org.testng.SuiteRunnerWorker.run(SuiteRunnerWorker.java:95)
	at org.testng.TestNG.runSuitesSequentially(TestNG.java:1274)
	at org.testng.TestNG.runSuitesLocally(TestNG.java:1208)
	at org.testng.TestNG.runSuites(TestNG.java:1112)
	at org.testng.TestNG.run(TestNG.java:1079)
	at org.apache.maven.surefire.testng.TestNGExecutor.run(TestNGExecutor.java:155)
	at org.apache.maven.surefire.testng.TestNGDirectoryTestSuite.executeMulti(TestNGDirectoryTestSuite.java:169)
	at org.apache.maven.surefire.testng.TestNGDirectoryTestSuite.execute(TestNGDirectoryTestSuite.java:88)
	at org.apache.maven.surefire.testng.TestNGProvider.invoke(TestNGProvider.java:137)
	at org.apache.maven.surefire.booter.ForkedBooter.runSuitesInProcess(ForkedBooter.java:385)
	at org.apache.maven.surefire.booter.ForkedBooter.execute(ForkedBooter.java:162)
	at org.apache.maven.surefire.booter.ForkedBooter.run(ForkedBooter.java:507)
	at org.apache.maven.surefire.booter.ForkedBooter.main(ForkedBooter.java:495)
]]></failure>
    <system-out><![CDATA[2025-09-20 20:21:25 [main] INFO  demoqaBase - Closing browser for test: ClickNestedFrames
2025-09-20 20:21:25 [main] INFO  DriverFactory - 🌐 Starting Chrome Web Browser...
2025-09-20 20:21:25 [main] INFO  DriverFactory - ✅ Created temporary Chrome profile at C:\Users\dell\AppData\Local\Temp\chrome-profile-4883308074195836308
2025-09-20 20:21:26 [main] INFO  DriverFactory - 🚀 WebDriver started successfully
2025-09-20 20:21:26 [main] INFO  RetryUrlAccess - 🌐 Navigating to URL (attempt 1): https://demoqa.com
2025-09-20 20:21:29 [main] INFO  RetryUrlAccess - ✅ Navigation successful on attempt 1
2025-09-20 20:21:29 [main] INFO  demoqaBase - 🧪 Starting Test Alerts, Frames & Windows|Modal Dialogs|Large Modal...
2025-09-20 20:21:29 [main] INFO  demoqaBase - Accessing Alerts, Frame & Windows Card...
Declared Instance WebDriverWait: org.openqa.selenium.support.ui.WebDriverWait@341df373
2025-09-20 20:21:29 [main] INFO  demoqaLog - Clicking on Alert Frame & Windows Card...
🔹 Trying JS click by locator (attempt 1)
2025-09-20 20:21:29 [main] INFO  demoqaLog - 🔹 Trying JS click by locator (attempt 1)
🔹 Attempting JS click...
2025-09-20 20:21:29 [main] INFO  demoqaLog - 🔹 Attempting JS click...
2025-09-20 20:21:29 [main] INFO  demoqaLog - Clicked on Alert Frame & Windows Card...
Title of this Page is: DEMOQA
You are Accessing: Alerts, Frame & Windows
2025-09-20 20:21:29 [main] INFO  demoqaBase - Alerts, Frame & Windows Card: Please select an item from left to start practice.
2025-09-20 20:21:29 [main] INFO  demoqaBase - 🔍 Starting test for Frames|Modal Dialogs click ..
🔹 Trying JS click on WebElement (attempt 1)
2025-09-20 20:21:29 [main] INFO  demoqaLog - 🔹 Trying JS click on WebElement (attempt 1)
🔹 Attempting JS click...
2025-09-20 20:21:29 [main] INFO  demoqaLog - 🔹 Attempting JS click...
2025-09-20 20:21:30 [main] INFO  demoqaBase - ✅ Clicked on Modal Dialogs...
2025-09-20 20:21:30 [main] INFO  demoqaBase - Page Title is: Modal Dialogs
2025-09-20 20:21:30 [main] INFO  demoqaLog - ⏳ Waiting for page to fully load (timeout: 30s)
2025-09-20 20:21:57 [main] INFO  demoqaLog - ✅ Page load completed.
2025-09-20 20:21:57 [main] INFO  demoqaBase - 🔍 Starting test for Frames|Modal Dialogs|Large Modal click...
🔹 Trying JS click on WebElement (attempt 1)
2025-09-20 20:21:57 [main] INFO  demoqaLog - 🔹 Trying JS click on WebElement (attempt 1)
🔹 Attempting JS click...
2025-09-20 20:21:57 [main] INFO  demoqaLog - 🔹 Attempting JS click...
2025-09-20 20:21:57 [main] INFO  demoqaBase - ✅ Clicked on Modal Dialogs|Large Modal...
2025-09-20 20:21:57 [main] INFO  demoqaBase - Page Title is: 
]]></system-out>
  </testcase>
  <testcase name="ClickSmallModal" classname="tests.AlertsFramesWindowsTests" time="13.297">
    <failure message="expected [] but found [Small Modal]" type="java.lang.AssertionError"><![CDATA[java.lang.AssertionError: expected [] but found [Small Modal]
	at org.testng.Assert.fail(Assert.java:111)
	at org.testng.Assert.failNotEquals(Assert.java:1590)
	at org.testng.Assert.assertEqualsImpl(Assert.java:150)
	at org.testng.Assert.assertEquals(Assert.java:132)
	at org.testng.Assert.assertEquals(Assert.java:656)
	at org.testng.Assert.assertEquals(Assert.java:666)
	at pages.alertsframewindowsPage.clickSmallModal(alertsframewindowsPage.java:444)
	at tests.AlertsFramesWindowsTests.ClickSmallModal(AlertsFramesWindowsTests.java:276)
	at java.base/jdk.internal.reflect.DirectMethodHandleAccessor.invoke(DirectMethodHandleAccessor.java:103)
	at java.base/java.lang.reflect.Method.invoke(Method.java:580)
	at org.testng.internal.invokers.MethodInvocationHelper.invokeMethod(MethodInvocationHelper.java:141)
	at org.testng.internal.invokers.TestInvoker.invokeMethod(TestInvoker.java:687)
	at org.testng.internal.invokers.TestInvoker.invokeTestMethod(TestInvoker.java:230)
	at org.testng.internal.invokers.MethodRunner.runInSequence(MethodRunner.java:63)
	at org.testng.internal.invokers.TestInvoker$MethodInvocationAgent.invoke(TestInvoker.java:995)
	at org.testng.internal.invokers.TestInvoker.invokeTestMethods(TestInvoker.java:203)
	at org.testng.internal.invokers.TestMethodWorker.invokeTestMethods(TestMethodWorker.java:154)
	at org.testng.internal.invokers.TestMethodWorker.run(TestMethodWorker.java:134)
	at java.base/java.util.ArrayList.forEach(ArrayList.java:1596)
	at org.testng.TestRunner.privateRun(TestRunner.java:741)
	at org.testng.TestRunner.run(TestRunner.java:616)
	at org.testng.SuiteRunner.runTest(SuiteRunner.java:421)
	at org.testng.SuiteRunner.runSequentially(SuiteRunner.java:413)
	at org.testng.SuiteRunner.privateRun(SuiteRunner.java:373)
	at org.testng.SuiteRunner.run(SuiteRunner.java:312)
	at org.testng.SuiteRunnerWorker.runSuite(SuiteRunnerWorker.java:52)
	at org.testng.SuiteRunnerWorker.run(SuiteRunnerWorker.java:95)
	at org.testng.TestNG.runSuitesSequentially(TestNG.java:1274)
	at org.testng.TestNG.runSuitesLocally(TestNG.java:1208)
	at org.testng.TestNG.runSuites(TestNG.java:1112)
	at org.testng.TestNG.run(TestNG.java:1079)
	at org.apache.maven.surefire.testng.TestNGExecutor.run(TestNGExecutor.java:155)
	at org.apache.maven.surefire.testng.TestNGDirectoryTestSuite.executeMulti(TestNGDirectoryTestSuite.java:169)
	at org.apache.maven.surefire.testng.TestNGDirectoryTestSuite.execute(TestNGDirectoryTestSuite.java:88)
	at org.apache.maven.surefire.testng.TestNGProvider.invoke(TestNGProvider.java:137)
	at org.apache.maven.surefire.booter.ForkedBooter.runSuitesInProcess(ForkedBooter.java:385)
	at org.apache.maven.surefire.booter.ForkedBooter.execute(ForkedBooter.java:162)
	at org.apache.maven.surefire.booter.ForkedBooter.run(ForkedBooter.java:507)
	at org.apache.maven.surefire.booter.ForkedBooter.main(ForkedBooter.java:495)
]]></failure>
    <system-out><![CDATA[Path for Screenshot is: C:\ASN\eclipse_workspace\demoqa-automation/screenshots/ClickLargeModal_Failed_20250920_202157+2025-09-20_20-21-57.png
2025-09-20 20:21:57 [main] ERROR demoqaBase - ❌ Test ClickLargeModal failed. Screenshot captured.
2025-09-20 20:21:57 [main] INFO  demoqaBase - Closing browser for test: ClickLargeModal
2025-09-20 20:21:58 [main] INFO  DriverFactory - 🌐 Starting Chrome Web Browser...
2025-09-20 20:21:58 [main] INFO  DriverFactory - ✅ Created temporary Chrome profile at C:\Users\dell\AppData\Local\Temp\chrome-profile-5865295183612662636
2025-09-20 20:21:59 [main] INFO  DriverFactory - 🚀 WebDriver started successfully
2025-09-20 20:21:59 [main] INFO  RetryUrlAccess - 🌐 Navigating to URL (attempt 1): https://demoqa.com
2025-09-20 20:22:02 [main] INFO  RetryUrlAccess - ✅ Navigation successful on attempt 1
2025-09-20 20:22:02 [main] INFO  demoqaBase - 🧪 Starting Test Alerts, Frames & Windows|Modal Dialogs|Small Modal...
2025-09-20 20:22:02 [main] INFO  demoqaBase - Accessing Alerts, Frame & Windows Card...
Declared Instance WebDriverWait: org.openqa.selenium.support.ui.WebDriverWait@7ca7bddd
2025-09-20 20:22:02 [main] INFO  demoqaLog - Clicking on Alert Frame & Windows Card...
🔹 Trying JS click by locator (attempt 1)
2025-09-20 20:22:02 [main] INFO  demoqaLog - 🔹 Trying JS click by locator (attempt 1)
🔹 Attempting JS click...
2025-09-20 20:22:02 [main] INFO  demoqaLog - 🔹 Attempting JS click...
2025-09-20 20:22:02 [main] INFO  demoqaLog - Clicked on Alert Frame & Windows Card...
Title of this Page is: DEMOQA
You are Accessing: Alerts, Frame & Windows
2025-09-20 20:22:02 [main] INFO  demoqaBase - Alerts, Frame & Windows Card: Please select an item from left to start practice.
2025-09-20 20:22:02 [main] INFO  demoqaBase - 🔍 Starting test for Frames|Modal Dialogs click ..
🔹 Trying JS click on WebElement (attempt 1)
2025-09-20 20:22:02 [main] INFO  demoqaLog - 🔹 Trying JS click on WebElement (attempt 1)
🔹 Attempting JS click...
2025-09-20 20:22:02 [main] INFO  demoqaLog - 🔹 Attempting JS click...
2025-09-20 20:22:02 [main] INFO  demoqaBase - ✅ Clicked on Modal Dialogs...
2025-09-20 20:22:02 [main] INFO  demoqaBase - Page Title is: Modal Dialogs
2025-09-20 20:22:02 [main] INFO  demoqaLog - ⏳ Waiting for page to fully load (timeout: 30s)
2025-09-20 20:22:15 [main] INFO  demoqaLog - ✅ Page load completed.
2025-09-20 20:22:15 [main] INFO  demoqaBase - 🔍 Starting test for Frames|Modal Dialogs|Small Modal click...
🔹 Trying JS click on WebElement (attempt 1)
2025-09-20 20:22:15 [main] INFO  demoqaLog - 🔹 Trying JS click on WebElement (attempt 1)
🔹 Attempting JS click...
2025-09-20 20:22:15 [main] INFO  demoqaLog - 🔹 Attempting JS click...
2025-09-20 20:22:15 [main] INFO  demoqaBase - ✅ Clicked on Modal Dialogs|Small Modal...
2025-09-20 20:22:15 [main] INFO  demoqaBase - Page Title is: 
]]></system-out>
  </testcase>
  <testcase name="GetParentFrame" classname="tests.AlertsFramesWindowsTests" time="33.848">
    <system-out><![CDATA[Path for Screenshot is: C:\ASN\eclipse_workspace\demoqa-automation/screenshots/ClickSmallModal_Failed_20250920_202215+2025-09-20_20-22-15.png
2025-09-20 20:22:15 [main] ERROR demoqaBase - ❌ Test ClickSmallModal failed. Screenshot captured.
2025-09-20 20:22:15 [main] INFO  demoqaBase - Closing browser for test: ClickSmallModal
2025-09-20 20:22:16 [main] INFO  DriverFactory - 🌐 Starting Chrome Web Browser...
2025-09-20 20:22:16 [main] INFO  DriverFactory - ✅ Created temporary Chrome profile at C:\Users\dell\AppData\Local\Temp\chrome-profile-15276931101536954924
2025-09-20 20:22:17 [main] INFO  DriverFactory - 🚀 WebDriver started successfully
2025-09-20 20:22:17 [main] INFO  RetryUrlAccess - 🌐 Navigating to URL (attempt 1): https://demoqa.com
2025-09-20 20:22:20 [main] INFO  RetryUrlAccess - ✅ Navigation successful on attempt 1
2025-09-20 20:22:20 [main] INFO  demoqaBase - 🧪 Starting Test Alerts, Frames & Windows|Frames|Parent Frame message...
2025-09-20 20:22:20 [main] INFO  demoqaBase - Accessing Alerts, Frame & Windows Card...
Declared Instance WebDriverWait: org.openqa.selenium.support.ui.WebDriverWait@e30a8ef
2025-09-20 20:22:20 [main] INFO  demoqaLog - Clicking on Alert Frame & Windows Card...
🔹 Trying JS click by locator (attempt 1)
2025-09-20 20:22:20 [main] INFO  demoqaLog - 🔹 Trying JS click by locator (attempt 1)
🔹 Attempting JS click...
2025-09-20 20:22:20 [main] INFO  demoqaLog - 🔹 Attempting JS click...
2025-09-20 20:22:20 [main] INFO  demoqaLog - Clicked on Alert Frame & Windows Card...
Title of this Page is: DEMOQA
You are Accessing: Alerts, Frame & Windows
2025-09-20 20:22:20 [main] INFO  demoqaBase - Alerts, Frame & Windows Card: Please select an item from left to start practice.
2025-09-20 20:22:20 [main] INFO  demoqaBase - 🔍 Starting test for Frames|Nested Frames click ..
🔹 Trying JS click on WebElement (attempt 1)
2025-09-20 20:22:20 [main] INFO  demoqaLog - 🔹 Trying JS click on WebElement (attempt 1)
🔹 Attempting JS click...
2025-09-20 20:22:20 [main] INFO  demoqaLog - 🔹 Attempting JS click...
2025-09-20 20:22:20 [main] INFO  demoqaBase - ✅ Clicked on Nested Frames...
2025-09-20 20:22:20 [main] INFO  demoqaBase - Page Title is: Nested Frames
2025-09-20 20:22:20 [main] INFO  demoqaLog - ⏳ Waiting for page to fully load (timeout: 30s)
2025-09-20 20:22:50 [main] WARN  demoqaLog - ⚠️ Page did not load within 30 seconds.
2025-09-20 20:22:50 [main] INFO  demoqaBase - 🔍 Starting test for Frames|Parent Frame Message...
2025-09-20 20:22:53 [main] INFO  demoqaBase - After switching, frame body contains: [Parent frame]
2025-09-20 20:22:53 [main] INFO  demoqaBase - ✅ Alerts, Frames & Windows|Frames|Parent Frame message Test Completed...
]]></system-out>
  </testcase>
  <testcase name="GetChildFrame" classname="tests.AlertsFramesWindowsTests" time="14.893">
    <system-out><![CDATA[2025-09-20 20:22:53 [main] INFO  demoqaBase - Closing browser for test: GetParentFrame
2025-09-20 20:22:54 [main] INFO  DriverFactory - 🌐 Starting Chrome Web Browser...
2025-09-20 20:22:54 [main] INFO  DriverFactory - ✅ Created temporary Chrome profile at C:\Users\dell\AppData\Local\Temp\chrome-profile-17905538756156144223
2025-09-20 20:22:55 [main] INFO  DriverFactory - 🚀 WebDriver started successfully
2025-09-20 20:22:55 [main] INFO  RetryUrlAccess - 🌐 Navigating to URL (attempt 1): https://demoqa.com
2025-09-20 20:22:58 [main] INFO  RetryUrlAccess - ✅ Navigation successful on attempt 1
2025-09-20 20:22:58 [main] INFO  demoqaBase - 🧪 Starting Test Alerts, Frames & Windows|Frames|Child Frame message...
2025-09-20 20:22:58 [main] INFO  demoqaBase - Accessing Alerts, Frame & Windows Card...
Declared Instance WebDriverWait: org.openqa.selenium.support.ui.WebDriverWait@71eead09
2025-09-20 20:22:58 [main] INFO  demoqaLog - Clicking on Alert Frame & Windows Card...
🔹 Trying JS click by locator (attempt 1)
2025-09-20 20:22:58 [main] INFO  demoqaLog - 🔹 Trying JS click by locator (attempt 1)
🔹 Attempting JS click...
2025-09-20 20:22:58 [main] INFO  demoqaLog - 🔹 Attempting JS click...
2025-09-20 20:22:58 [main] INFO  demoqaLog - Clicked on Alert Frame & Windows Card...
Title of this Page is: DEMOQA
You are Accessing: Alerts, Frame & Windows
2025-09-20 20:22:58 [main] INFO  demoqaBase - Alerts, Frame & Windows Card: Please select an item from left to start practice.
2025-09-20 20:22:58 [main] INFO  demoqaBase - 🔍 Starting test for Frames|Nested Frames click ..
🔹 Trying JS click on WebElement (attempt 1)
2025-09-20 20:22:58 [main] INFO  demoqaLog - 🔹 Trying JS click on WebElement (attempt 1)
🔹 Attempting JS click...
2025-09-20 20:22:58 [main] INFO  demoqaLog - 🔹 Attempting JS click...
2025-09-20 20:22:58 [main] INFO  demoqaBase - ✅ Clicked on Nested Frames...
2025-09-20 20:22:58 [main] INFO  demoqaBase - Page Title is: Nested Frames
2025-09-20 20:22:58 [main] INFO  demoqaLog - ⏳ Waiting for page to fully load (timeout: 30s)
2025-09-20 20:23:12 [main] INFO  demoqaLog - ✅ Page load completed.
2025-09-20 20:23:12 [main] INFO  demoqaBase - 🔍 Starting test for Frames|Child Frame Message...
2025-09-20 20:23:12 [main] INFO  demoqaBase - After switching, frame body contains: [Child Iframe]
2025-09-20 20:23:12 [main] INFO  demoqaBase - ✅ Alerts, Frames & Windows|Frames|Child Frame message Test Completed...
]]></system-out>
  </testcase>
  <testcase name="ElementsCard" classname="tests.ElementsTests" time="0.403">
    <system-out><![CDATA[2025-09-20 20:23:12 [main] INFO  demoqaBase - Closing browser for test: GetChildFrame
2025-09-20 20:23:13 [main] INFO  DriverFactory - 🌐 Starting Chrome Web Browser...
2025-09-20 20:23:13 [main] INFO  DriverFactory - ✅ Created temporary Chrome profile at C:\Users\dell\AppData\Local\Temp\chrome-profile-2536593874171832721
2025-09-20 20:23:14 [main] INFO  DriverFactory - 🚀 WebDriver started successfully
2025-09-20 20:23:14 [main] INFO  RetryUrlAccess - 🌐 Navigating to URL (attempt 1): https://demoqa.com
2025-09-20 20:23:17 [main] INFO  RetryUrlAccess - ✅ Navigation successful on attempt 1
2025-09-20 20:23:17 [main] INFO  demoqaBase - 🧪 Starting Test Elements | Text Box Test...
Instance Variables Declared are: nullnull
2025-09-20 20:23:17 [main] INFO  demoqaBase - Accessing Elements Card...
2025-09-20 20:23:17 [main] INFO  demoqaLog - Clicking on Elements Card...
🔹 Trying JS click by locator (attempt 1)
2025-09-20 20:23:17 [main] INFO  demoqaLog - 🔹 Trying JS click by locator (attempt 1)
🔹 Attempting JS click...
2025-09-20 20:23:17 [main] INFO  demoqaLog - 🔹 Attempting JS click...
⚡ Falling back to native click by locator (attempt 1)
2025-09-20 20:23:17 [main] INFO  demoqaLog - ⚡ Falling back to native click by locator (attempt 1)
2025-09-20 20:23:17 [main] INFO  demoqaLog - Clicked on Elements Card...
Title of this Page is: DEMOQA
You are Accessing: Elements
 
Elements: Please select an item from left to start practice.
2025-09-20 20:23:17 [main] INFO  demoqaBase - Elements: Please select an item from left to start practice.
Title of this Page is: DEMOQA
2025-09-20 20:23:17 [main] INFO  demoqaBase - ✅ Element Card Test Completed...
]]></system-out>
  </testcase>
  <testcase name="TextBox[TextBoxUser{firstName=&apos;Johny&apos;, lastName=&apos;Bravo&apos;, email=&apos;Jbravo@demoqa.com&apos;, currentAddress=&apos;301 Town 481, Brookville\n kansas 42129\n United States&apos;, permanentAddress=&apos;511 Grant 481, Prattsville\n Arkansas 72129\n United States&apos;}](1)" classname="tests.ElementsTests" time="32.163">
    <system-out><![CDATA[2025-09-20 20:23:17 [main] INFO  demoqaBase - Closing browser for test: ElementsCard
2025-09-20 20:23:17 [main] WARN  PauseManager - ⏸ Pausing for 5 minutes after 20 tests...
2025-09-20 20:23:17 [main] INFO  PauseManager - ▶ Resuming in 5 minutes...
2025-09-20 20:24:18 [main] INFO  PauseManager - ▶ Resuming in 4 minutes...
2025-09-20 20:25:18 [main] INFO  PauseManager - ▶ Resuming in 3 minutes...
2025-09-20 20:26:19 [main] INFO  PauseManager - ▶ Resuming in 2 minutes...
2025-09-20 20:27:19 [main] INFO  PauseManager - ▶ Resuming in 1 minutes...
2025-09-20 20:28:10 [main] INFO  PauseManager - ▶ Resuming in 10 seconds...
2025-09-20 20:28:11 [main] INFO  PauseManager - ▶ Resuming in 9 seconds...
2025-09-20 20:28:12 [main] INFO  PauseManager - ▶ Resuming in 8 seconds...
2025-09-20 20:28:13 [main] INFO  PauseManager - ▶ Resuming in 7 seconds...
2025-09-20 20:28:14 [main] INFO  PauseManager - ▶ Resuming in 6 seconds...
2025-09-20 20:28:15 [main] INFO  PauseManager - ▶ Resuming in 5 seconds...
2025-09-20 20:28:16 [main] INFO  PauseManager - ▶ Resuming in 4 seconds...
2025-09-20 20:28:17 [main] INFO  PauseManager - ▶ Resuming in 3 seconds...
2025-09-20 20:28:18 [main] INFO  PauseManager - ▶ Resuming in 2 seconds...
2025-09-20 20:28:19 [main] INFO  PauseManager - ▶ Resuming in 1 seconds...
2025-09-20 20:28:20 [main] INFO  PauseManager - ✅ Pause complete. Resuming tests...
🧾 Row 1: {Salary=28000.0, Email=Jbravo@demoqa.com, DOBTime=6:45:00 am, Address=511 Grant 481, Prattsville\n Arkansas 72129\n United States, First Name=Johny, Gender=Male, City=Delhi, Mobile=9.238343488E9, Hobbies=Sports,Music, Subject=Computer Science, Current Address=301 Town 481, Brookville\n kansas 42129\n United States, Department=Information Technology, DOB=15/08/2000, Picture=/TestData/Mphoto.jpg, State=NCR, Last Name=Bravo, Age=34.0}
🔍 Mapping field: firstName | Excel Column: First Name | Value: Johny
🔍 Mapping field: lastName | Excel Column: Last Name | Value: Bravo
🔍 Mapping field: email | Excel Column: Email | Value: Jbravo@demoqa.com
🔍 Mapping field: currentAddress | Excel Column: Current Address | Value: 301 Town 481, Brookville\n kansas 42129\n United States
🔍 Mapping field: permanentAddress | Excel Column: Address | Value: 511 Grant 481, Prattsville\n Arkansas 72129\n United States
🧾 Row 2: {Salary=18000.0, Email=GFemina@demoqa.com, DOBTime=4:30:00 pm, Address=512 Grant 481, Prattsville\n Arkansas 72129\n United States, First Name=Gene, Gender=Female, City=Merrut, Mobile=1.888343432E9, Hobbies=Music,Reading, Subject=Accounting, Current Address=302 Town 481, Brookville\n kansas 42129\n United States, Department=Finance, DOB=22/05/2002, Picture=/TestData/Fphoto.png, State=Uttar Pradesh, Last Name=Femina, Age=30.0}
🔍 Mapping field: firstName | Excel Column: First Name | Value: Gene
🔍 Mapping field: lastName | Excel Column: Last Name | Value: Femina
🔍 Mapping field: email | Excel Column: Email | Value: GFemina@demoqa.com
🔍 Mapping field: currentAddress | Excel Column: Current Address | Value: 302 Town 481, Brookville\n kansas 42129\n United States
🔍 Mapping field: permanentAddress | Excel Column: Address | Value: 512 Grant 481, Prattsville\n Arkansas 72129\n United States
🧾 Row 3: {Salary=15000.0, Email=BWisem@demoqa.com, DOBTime=8:45:00 pm, Address=513 Grant 481, Prattsville\n Arkansas 72129\n United States, First Name=Bud, Gender=Other, City=Panipat, Mobile=8.932465432E9, Hobbies=Reading, Subject=Biology, Current Address=303 Town 481, Brookville\n kansas 42129\n United States, Department=Medicine, DOB=31/12/1999, Picture=/TestData/Ophoto.jpg, State=Haryana, Last Name=Wisem, Age=40.0}
🔍 Mapping field: firstName | Excel Column: First Name | Value: Bud
🔍 Mapping field: lastName | Excel Column: Last Name | Value: Wisem
🔍 Mapping field: email | Excel Column: Email | Value: BWisem@demoqa.com
🔍 Mapping field: currentAddress | Excel Column: Current Address | Value: 303 Town 481, Brookville\n kansas 42129\n United States
🔍 Mapping field: permanentAddress | Excel Column: Address | Value: 513 Grant 481, Prattsville\n Arkansas 72129\n United States
🧾 Row 4: {Salary=19000.0, Email=TBoss@demoqa.com, DOBTime=5:45:00 am, Address=514 Grant 481, Prattsville\n Arkansas 72129\n United States, First Name=Tom, Gender=Male, City=Jaiselmer, Mobile=7.839875281E9, Hobbies=Sports,Reading, Subject=Social Studies, Current Address=304 Town 481, Brookville\n kansas 42129\n United States, Department=Recreation, DOB=1/26/03, Picture=/TestData/M2photo.jpg, State=Rajasthan, Last Name=Boss, Age=42.0}
🔍 Mapping field: firstName | Excel Column: First Name | Value: Tom
🔍 Mapping field: lastName | Excel Column: Last Name | Value: Boss
🔍 Mapping field: email | Excel Column: Email | Value: TBoss@demoqa.com
🔍 Mapping field: currentAddress | Excel Column: Current Address | Value: 304 Town 481, Brookville\n kansas 42129\n United States
🔍 Mapping field: permanentAddress | Excel Column: Address | Value: 514 Grant 481, Prattsville\n Arkansas 72129\n United States
2025-09-20 20:28:21 [main] INFO  DriverFactory - 🌐 Starting Chrome Web Browser...
2025-09-20 20:28:21 [main] INFO  DriverFactory - ✅ Created temporary Chrome profile at C:\Users\dell\AppData\Local\Temp\chrome-profile-9917551125667779676
2025-09-20 20:28:22 [main] INFO  DriverFactory - 🚀 WebDriver started successfully
2025-09-20 20:28:22 [main] INFO  RetryUrlAccess - 🌐 Navigating to URL (attempt 1): https://demoqa.com
2025-09-20 20:28:25 [main] INFO  RetryUrlAccess - ✅ Navigation successful on attempt 1
2025-09-20 20:28:25 [main] INFO  demoqaBase - 🧪 Starting Test Elements | Text Box Test...
Instance Variables Declared are: nullnull
2025-09-20 20:28:25 [main] INFO  demoqaBase - Accessing Elements Card...
2025-09-20 20:28:25 [main] INFO  demoqaLog - Clicking on Elements Card...
🔹 Trying JS click by locator (attempt 1)
2025-09-20 20:28:25 [main] INFO  demoqaLog - 🔹 Trying JS click by locator (attempt 1)
🔹 Attempting JS click...
2025-09-20 20:28:25 [main] INFO  demoqaLog - 🔹 Attempting JS click...
⚡ Falling back to native click by locator (attempt 1)
2025-09-20 20:28:25 [main] INFO  demoqaLog - ⚡ Falling back to native click by locator (attempt 1)
2025-09-20 20:28:25 [main] INFO  demoqaLog - Clicked on Elements Card...
Title of this Page is: DEMOQA
You are Accessing: Elements
 
Elements: Please select an item from left to start practice.
2025-09-20 20:28:25 [main] INFO  demoqaBase - Elements: Please select an item from left to start practice.
2025-09-20 20:28:25 [main] INFO  demoqaBase - Accessing Text Box...
🔹 Trying JS click on WebElement (attempt 1)
2025-09-20 20:28:25 [main] INFO  demoqaLog - 🔹 Trying JS click on WebElement (attempt 1)
🔹 Attempting JS click...
2025-09-20 20:28:25 [main] INFO  demoqaLog - 🔹 Attempting JS click...
Text Box
2025-09-20 20:28:25 [main] INFO  demoqaBase - You are accessing: Text Box
2025-09-20 20:28:25 [main] INFO  demoqaLog - ⏳ Waiting for page to fully load (timeout: 30s)
2025-09-20 20:28:56 [main] WARN  demoqaLog - ⚠️ Page did not load within 30 seconds.
2025-09-20 20:28:56 [main] INFO  demoqaBase - 📝 Filling TextBox form for user: Johny Bravo
2025-09-20 20:28:57 [main] INFO  demoqaBase - ✅ Form filled successfully for: Johny Bravo
2025-09-20 20:28:57 [main] INFO  demoqaLog - ✅ JS click executed on element: {}
2025-09-20 20:28:57 [main] INFO  demoqaBase - 🔍 Validating submitted form for: Johny Bravo
2025-09-20 20:28:57 [main] INFO  demoqaBase - ✅ Validation passed for user: Johny Bravo
2025-09-20 20:28:57 [main] INFO  demoqaBase - ✅ Text Box Element Test Completed...
]]></system-out>
  </testcase>
  <testcase name="TextBox[TextBoxUser{firstName=&apos;Gene&apos;, lastName=&apos;Femina&apos;, email=&apos;GFemina@demoqa.com&apos;, currentAddress=&apos;302 Town 481, Brookville\n kansas 42129\n United States&apos;, permanentAddress=&apos;512 Grant 481, Prattsville\n Arkansas 72129\n United States&apos;}](2)" classname="tests.ElementsTests" time="32.158">
    <system-out><![CDATA[Path for Screenshot is: C:\ASN\eclipse_workspace\demoqa-automation/screenshots/TextBox_Passed_20250920_202857+2025-09-20_20-28-57.png
2025-09-20 20:28:57 [main] INFO  demoqaBase - ✅ Test TextBox passed. Screenshot captured.
2025-09-20 20:28:57 [main] INFO  demoqaBase - Closing browser for test: TextBox
2025-09-20 20:28:57 [main] INFO  DriverFactory - 🌐 Starting Chrome Web Browser...
2025-09-20 20:28:57 [main] INFO  DriverFactory - ✅ Created temporary Chrome profile at C:\Users\dell\AppData\Local\Temp\chrome-profile-4244845560773163317
2025-09-20 20:28:59 [main] INFO  DriverFactory - 🚀 WebDriver started successfully
2025-09-20 20:28:59 [main] INFO  RetryUrlAccess - 🌐 Navigating to URL (attempt 1): https://demoqa.com
2025-09-20 20:29:02 [main] INFO  RetryUrlAccess - ✅ Navigation successful on attempt 1
2025-09-20 20:29:02 [main] INFO  demoqaBase - 🧪 Starting Test Elements | Text Box Test...
Instance Variables Declared are: nullnull
2025-09-20 20:29:02 [main] INFO  demoqaBase - Accessing Elements Card...
2025-09-20 20:29:02 [main] INFO  demoqaLog - Clicking on Elements Card...
🔹 Trying JS click by locator (attempt 1)
2025-09-20 20:29:02 [main] INFO  demoqaLog - 🔹 Trying JS click by locator (attempt 1)
🔹 Attempting JS click...
2025-09-20 20:29:02 [main] INFO  demoqaLog - 🔹 Attempting JS click...
⚡ Falling back to native click by locator (attempt 1)
2025-09-20 20:29:02 [main] INFO  demoqaLog - ⚡ Falling back to native click by locator (attempt 1)
2025-09-20 20:29:02 [main] INFO  demoqaLog - Clicked on Elements Card...
Title of this Page is: DEMOQA
You are Accessing: Elements
 
Elements: Please select an item from left to start practice.
2025-09-20 20:29:02 [main] INFO  demoqaBase - Elements: Please select an item from left to start practice.
2025-09-20 20:29:02 [main] INFO  demoqaBase - Accessing Text Box...
🔹 Trying JS click on WebElement (attempt 1)
2025-09-20 20:29:02 [main] INFO  demoqaLog - 🔹 Trying JS click on WebElement (attempt 1)
🔹 Attempting JS click...
2025-09-20 20:29:02 [main] INFO  demoqaLog - 🔹 Attempting JS click...
Text Box
2025-09-20 20:29:03 [main] INFO  demoqaBase - You are accessing: Text Box
2025-09-20 20:29:03 [main] INFO  demoqaLog - ⏳ Waiting for page to fully load (timeout: 30s)
2025-09-20 20:29:33 [main] WARN  demoqaLog - ⚠️ Page did not load within 30 seconds.
2025-09-20 20:29:33 [main] INFO  demoqaBase - 📝 Filling TextBox form for user: Gene Femina
2025-09-20 20:29:34 [main] INFO  demoqaBase - ✅ Form filled successfully for: Gene Femina
2025-09-20 20:29:34 [main] INFO  demoqaLog - ✅ JS click executed on element: {}
2025-09-20 20:29:34 [main] INFO  demoqaBase - 🔍 Validating submitted form for: Gene Femina
2025-09-20 20:29:34 [main] INFO  demoqaBase - ✅ Validation passed for user: Gene Femina
2025-09-20 20:29:34 [main] INFO  demoqaBase - ✅ Text Box Element Test Completed...
]]></system-out>
  </testcase>
  <testcase name="TextBox[TextBoxUser{firstName=&apos;Bud&apos;, lastName=&apos;Wisem&apos;, email=&apos;BWisem@demoqa.com&apos;, currentAddress=&apos;303 Town 481, Brookville\n kansas 42129\n United States&apos;, permanentAddress=&apos;513 Grant 481, Prattsville\n Arkansas 72129\n United States&apos;}](3)" classname="tests.ElementsTests" time="31.975">
    <system-out><![CDATA[Path for Screenshot is: C:\ASN\eclipse_workspace\demoqa-automation/screenshots/TextBox_Passed_20250920_202934+2025-09-20_20-29-34.png
2025-09-20 20:29:34 [main] INFO  demoqaBase - ✅ Test TextBox passed. Screenshot captured.
2025-09-20 20:29:34 [main] INFO  demoqaBase - Closing browser for test: TextBox
2025-09-20 20:29:35 [main] INFO  DriverFactory - 🌐 Starting Chrome Web Browser...
2025-09-20 20:29:35 [main] INFO  DriverFactory - ✅ Created temporary Chrome profile at C:\Users\dell\AppData\Local\Temp\chrome-profile-8745319235326231037
2025-09-20 20:29:36 [main] INFO  DriverFactory - 🚀 WebDriver started successfully
2025-09-20 20:29:36 [main] INFO  RetryUrlAccess - 🌐 Navigating to URL (attempt 1): https://demoqa.com
2025-09-20 20:29:40 [main] INFO  RetryUrlAccess - ✅ Navigation successful on attempt 1
2025-09-20 20:29:40 [main] INFO  demoqaBase - 🧪 Starting Test Elements | Text Box Test...
Instance Variables Declared are: nullnull
2025-09-20 20:29:40 [main] INFO  demoqaBase - Accessing Elements Card...
2025-09-20 20:29:40 [main] INFO  demoqaLog - Clicking on Elements Card...
🔹 Trying JS click by locator (attempt 1)
2025-09-20 20:29:40 [main] INFO  demoqaLog - 🔹 Trying JS click by locator (attempt 1)
🔹 Attempting JS click...
2025-09-20 20:29:40 [main] INFO  demoqaLog - 🔹 Attempting JS click...
⚡ Falling back to native click by locator (attempt 1)
2025-09-20 20:29:40 [main] INFO  demoqaLog - ⚡ Falling back to native click by locator (attempt 1)
2025-09-20 20:29:40 [main] INFO  demoqaLog - Clicked on Elements Card...
Title of this Page is: DEMOQA
You are Accessing: Elements
 
Elements: Please select an item from left to start practice.
2025-09-20 20:29:40 [main] INFO  demoqaBase - Elements: Please select an item from left to start practice.
2025-09-20 20:29:40 [main] INFO  demoqaBase - Accessing Text Box...
🔹 Trying JS click on WebElement (attempt 1)
2025-09-20 20:29:40 [main] INFO  demoqaLog - 🔹 Trying JS click on WebElement (attempt 1)
🔹 Attempting JS click...
2025-09-20 20:29:40 [main] INFO  demoqaLog - 🔹 Attempting JS click...
Text Box
2025-09-20 20:29:41 [main] INFO  demoqaBase - You are accessing: Text Box
2025-09-20 20:29:41 [main] INFO  demoqaLog - ⏳ Waiting for page to fully load (timeout: 30s)
2025-09-20 20:30:11 [main] WARN  demoqaLog - ⚠️ Page did not load within 30 seconds.
2025-09-20 20:30:11 [main] INFO  demoqaBase - 📝 Filling TextBox form for user: Bud Wisem
2025-09-20 20:30:12 [main] INFO  demoqaBase - ✅ Form filled successfully for: Bud Wisem
2025-09-20 20:30:12 [main] INFO  demoqaLog - ✅ JS click executed on element: {}
2025-09-20 20:30:12 [main] INFO  demoqaBase - 🔍 Validating submitted form for: Bud Wisem
2025-09-20 20:30:12 [main] INFO  demoqaBase - ✅ Validation passed for user: Bud Wisem
2025-09-20 20:30:12 [main] INFO  demoqaBase - ✅ Text Box Element Test Completed...
]]></system-out>
  </testcase>
  <testcase name="TextBox[TextBoxUser{firstName=&apos;Tom&apos;, lastName=&apos;Boss&apos;, email=&apos;TBoss@demoqa.com&apos;, currentAddress=&apos;304 Town 481, Brookville\n kansas 42129\n United States&apos;, permanentAddress=&apos;514 Grant 481, Prattsville\n Arkansas 72129\n United States&apos;}](4)" classname="tests.ElementsTests" time="31.739">
    <system-out><![CDATA[Path for Screenshot is: C:\ASN\eclipse_workspace\demoqa-automation/screenshots/TextBox_Passed_20250920_203012+2025-09-20_20-30-12.png
2025-09-20 20:30:12 [main] INFO  demoqaBase - ✅ Test TextBox passed. Screenshot captured.
2025-09-20 20:30:12 [main] INFO  demoqaBase - Closing browser for test: TextBox
2025-09-20 20:30:13 [main] INFO  DriverFactory - 🌐 Starting Chrome Web Browser...
2025-09-20 20:30:13 [main] INFO  DriverFactory - ✅ Created temporary Chrome profile at C:\Users\dell\AppData\Local\Temp\chrome-profile-17712996921399528678
2025-09-20 20:30:14 [main] INFO  DriverFactory - 🚀 WebDriver started successfully
2025-09-20 20:30:14 [main] INFO  RetryUrlAccess - 🌐 Navigating to URL (attempt 1): https://demoqa.com
2025-09-20 20:30:17 [main] INFO  RetryUrlAccess - ✅ Navigation successful on attempt 1
2025-09-20 20:30:17 [main] INFO  demoqaBase - 🧪 Starting Test Elements | Text Box Test...
Instance Variables Declared are: nullnull
2025-09-20 20:30:17 [main] INFO  demoqaBase - Accessing Elements Card...
2025-09-20 20:30:17 [main] INFO  demoqaLog - Clicking on Elements Card...
🔹 Trying JS click by locator (attempt 1)
2025-09-20 20:30:17 [main] INFO  demoqaLog - 🔹 Trying JS click by locator (attempt 1)
🔹 Attempting JS click...
2025-09-20 20:30:17 [main] INFO  demoqaLog - 🔹 Attempting JS click...
⚡ Falling back to native click by locator (attempt 1)
2025-09-20 20:30:17 [main] INFO  demoqaLog - ⚡ Falling back to native click by locator (attempt 1)
2025-09-20 20:30:17 [main] INFO  demoqaLog - Clicked on Elements Card...
Title of this Page is: DEMOQA
You are Accessing: Elements
 
Elements: Please select an item from left to start practice.
2025-09-20 20:30:17 [main] INFO  demoqaBase - Elements: Please select an item from left to start practice.
2025-09-20 20:30:17 [main] INFO  demoqaBase - Accessing Text Box...
🔹 Trying JS click on WebElement (attempt 1)
2025-09-20 20:30:17 [main] INFO  demoqaLog - 🔹 Trying JS click on WebElement (attempt 1)
🔹 Attempting JS click...
2025-09-20 20:30:17 [main] INFO  demoqaLog - 🔹 Attempting JS click...
Text Box
2025-09-20 20:30:17 [main] INFO  demoqaBase - You are accessing: Text Box
2025-09-20 20:30:17 [main] INFO  demoqaLog - ⏳ Waiting for page to fully load (timeout: 30s)
2025-09-20 20:30:47 [main] WARN  demoqaLog - ⚠️ Page did not load within 30 seconds.
2025-09-20 20:30:47 [main] INFO  demoqaBase - 📝 Filling TextBox form for user: Tom Boss
2025-09-20 20:30:48 [main] INFO  demoqaBase - ✅ Form filled successfully for: Tom Boss
2025-09-20 20:30:48 [main] INFO  demoqaLog - ✅ JS click executed on element: {}
2025-09-20 20:30:48 [main] INFO  demoqaBase - 🔍 Validating submitted form for: Tom Boss
2025-09-20 20:30:48 [main] INFO  demoqaBase - ✅ Validation passed for user: Tom Boss
2025-09-20 20:30:48 [main] INFO  demoqaBase - ✅ Text Box Element Test Completed...
]]></system-out>
  </testcase>
  <testcase name="CheckBox" classname="tests.ElementsTests" time="1.003">
    <system-out><![CDATA[Path for Screenshot is: C:\ASN\eclipse_workspace\demoqa-automation/screenshots/TextBox_Passed_20250920_203048+2025-09-20_20-30-48.png
2025-09-20 20:30:49 [main] INFO  demoqaBase - ✅ Test TextBox passed. Screenshot captured.
2025-09-20 20:30:49 [main] INFO  demoqaBase - Closing browser for test: TextBox
2025-09-20 20:30:49 [main] INFO  DriverFactory - 🌐 Starting Chrome Web Browser...
2025-09-20 20:30:49 [main] INFO  DriverFactory - ✅ Created temporary Chrome profile at C:\Users\dell\AppData\Local\Temp\chrome-profile-14365881388855112542
2025-09-20 20:30:51 [main] INFO  DriverFactory - 🚀 WebDriver started successfully
2025-09-20 20:30:51 [main] INFO  RetryUrlAccess - 🌐 Navigating to URL (attempt 1): https://demoqa.com
2025-09-20 20:30:54 [main] INFO  RetryUrlAccess - ✅ Navigation successful on attempt 1
2025-09-20 20:30:54 [main] INFO  demoqaBase - 🧪 Starting Test Elements | Check Box Test...
Instance Variables Declared are: nullnull
2025-09-20 20:30:54 [main] INFO  demoqaBase - Accessing Elements Card...
2025-09-20 20:30:54 [main] INFO  demoqaLog - Clicking on Elements Card...
🔹 Trying JS click by locator (attempt 1)
2025-09-20 20:30:54 [main] INFO  demoqaLog - 🔹 Trying JS click by locator (attempt 1)
🔹 Attempting JS click...
2025-09-20 20:30:54 [main] INFO  demoqaLog - 🔹 Attempting JS click...
⚡ Falling back to native click by locator (attempt 1)
2025-09-20 20:30:54 [main] INFO  demoqaLog - ⚡ Falling back to native click by locator (attempt 1)
2025-09-20 20:30:54 [main] INFO  demoqaLog - Clicked on Elements Card...
Title of this Page is: DEMOQA
You are Accessing: Elements
 
Elements: Please select an item from left to start practice.
2025-09-20 20:30:55 [main] INFO  demoqaBase - Elements: Please select an item from left to start practice.
2025-09-20 20:30:55 [main] INFO  demoqaBase - Accessing Check Box...
🔹 Trying JS click on WebElement (attempt 1)
2025-09-20 20:30:55 [main] INFO  demoqaLog - 🔹 Trying JS click on WebElement (attempt 1)
🔹 Attempting JS click...
2025-09-20 20:30:55 [main] INFO  demoqaLog - 🔹 Attempting JS click...
Check Box
2025-09-20 20:30:55 [main] INFO  demoqaBase - You are accessing: Check Box
2025-09-20 20:30:55 [main] INFO  demoqaBase - ✅ Test Elements | Check Box Test Test Completed...
]]></system-out>
  </testcase>
  <testcase name="SelectingHomeCheckBox" classname="tests.ElementsTests" time="31.061">
    <system-out><![CDATA[2025-09-20 20:30:55 [main] INFO  demoqaBase - Closing browser for test: CheckBox
2025-09-20 20:30:56 [main] INFO  DriverFactory - 🌐 Starting Chrome Web Browser...
2025-09-20 20:30:56 [main] INFO  DriverFactory - ✅ Created temporary Chrome profile at C:\Users\dell\AppData\Local\Temp\chrome-profile-1521336491189249328
2025-09-20 20:30:57 [main] INFO  DriverFactory - 🚀 WebDriver started successfully
2025-09-20 20:30:57 [main] INFO  RetryUrlAccess - 🌐 Navigating to URL (attempt 1): https://demoqa.com
2025-09-20 20:31:00 [main] INFO  RetryUrlAccess - ✅ Navigation successful on attempt 1
2025-09-20 20:31:00 [main] INFO  demoqaBase - 🧪 Starting Test Elements | Selecting Home Check Box Test...
Instance Variables Declared are: nullnull
2025-09-20 20:31:00 [main] INFO  demoqaBase - Accessing Elements Card...
2025-09-20 20:31:00 [main] INFO  demoqaLog - Clicking on Elements Card...
🔹 Trying JS click by locator (attempt 1)
2025-09-20 20:31:00 [main] INFO  demoqaLog - 🔹 Trying JS click by locator (attempt 1)
🔹 Attempting JS click...
2025-09-20 20:31:00 [main] INFO  demoqaLog - 🔹 Attempting JS click...
⚡ Falling back to native click by locator (attempt 1)
2025-09-20 20:31:00 [main] INFO  demoqaLog - ⚡ Falling back to native click by locator (attempt 1)
2025-09-20 20:31:01 [main] INFO  demoqaLog - Clicked on Elements Card...
Title of this Page is: DEMOQA
You are Accessing: Elements
 
Elements: Please select an item from left to start practice.
2025-09-20 20:31:01 [main] INFO  demoqaBase - Elements: Please select an item from left to start practice.
2025-09-20 20:31:01 [main] INFO  demoqaBase - Accessing Check Box...
🔹 Trying JS click on WebElement (attempt 1)
2025-09-20 20:31:01 [main] INFO  demoqaLog - 🔹 Trying JS click on WebElement (attempt 1)
🔹 Attempting JS click...
2025-09-20 20:31:01 [main] INFO  demoqaLog - 🔹 Attempting JS click...
Check Box
2025-09-20 20:31:01 [main] INFO  demoqaBase - You are accessing: Check Box
2025-09-20 20:31:01 [main] INFO  demoqaLog - ⏳ Waiting for page to fully load (timeout: 30s)
2025-09-20 20:31:31 [main] INFO  demoqaLog - ✅ Page load completed.
2025-09-20 20:31:31 [main] INFO  demoqaBase - Selecting Home Check Box...
🔹 Trying JS click on WebElement (attempt 1)
2025-09-20 20:31:31 [main] INFO  demoqaLog - 🔹 Trying JS click on WebElement (attempt 1)
🔹 Attempting JS click...
2025-09-20 20:31:31 [main] INFO  demoqaLog - 🔹 Attempting JS click...
Information Submitted is: You have selected :
home
desktop
notes
commands
documents
workspace
react
angular
veu
office
public
private
classified
general
downloads
wordFile
excelFile
2025-09-20 20:31:31 [main] INFO  demoqaBase - You have Selected: You have selected :
home
desktop
notes
commands
documents
workspace
react
angular
veu
office
public
private
classified
general
downloads
wordFile
excelFile
2025-09-20 20:31:31 [main] INFO  demoqaBase - ✅ Elements | Selecting Home Test Completed...
]]></system-out>
  </testcase>
  <testcase name="SelectingDesktopCheckBox" classname="tests.ElementsTests" time="31.234">
    <system-out><![CDATA[2025-09-20 20:31:31 [main] INFO  demoqaBase - Closing browser for test: SelectingHomeCheckBox
2025-09-20 20:31:33 [main] INFO  DriverFactory - 🌐 Starting Chrome Web Browser...
2025-09-20 20:31:33 [main] INFO  DriverFactory - ✅ Created temporary Chrome profile at C:\Users\dell\AppData\Local\Temp\chrome-profile-3037935997438521674
2025-09-20 20:31:35 [main] INFO  DriverFactory - 🚀 WebDriver started successfully
2025-09-20 20:31:35 [main] INFO  RetryUrlAccess - 🌐 Navigating to URL (attempt 1): https://demoqa.com
2025-09-20 20:31:38 [main] INFO  RetryUrlAccess - ✅ Navigation successful on attempt 1
2025-09-20 20:31:38 [main] INFO  demoqaBase - 🧪 Starting Test Elements | Selecting Desktop Check Box Test...
Instance Variables Declared are: nullnull
2025-09-20 20:31:38 [main] INFO  demoqaBase - Accessing Elements Card...
2025-09-20 20:31:38 [main] INFO  demoqaLog - Clicking on Elements Card...
🔹 Trying JS click by locator (attempt 1)
2025-09-20 20:31:38 [main] INFO  demoqaLog - 🔹 Trying JS click by locator (attempt 1)
🔹 Attempting JS click...
2025-09-20 20:31:38 [main] INFO  demoqaLog - 🔹 Attempting JS click...
⚡ Falling back to native click by locator (attempt 1)
2025-09-20 20:31:38 [main] INFO  demoqaLog - ⚡ Falling back to native click by locator (attempt 1)
2025-09-20 20:31:39 [main] INFO  demoqaLog - Clicked on Elements Card...
Title of this Page is: DEMOQA
You are Accessing: Elements
 
Elements: Please select an item from left to start practice.
2025-09-20 20:31:39 [main] INFO  demoqaBase - Elements: Please select an item from left to start practice.
2025-09-20 20:31:39 [main] INFO  demoqaBase - Accessing Check Box...
🔹 Trying JS click on WebElement (attempt 1)
2025-09-20 20:31:39 [main] INFO  demoqaLog - 🔹 Trying JS click on WebElement (attempt 1)
🔹 Attempting JS click...
2025-09-20 20:31:39 [main] INFO  demoqaLog - 🔹 Attempting JS click...
Check Box
2025-09-20 20:31:39 [main] INFO  demoqaBase - You are accessing: Check Box
2025-09-20 20:31:39 [main] INFO  demoqaLog - ⏳ Waiting for page to fully load (timeout: 30s)
2025-09-20 20:32:09 [main] WARN  demoqaLog - ⚠️ Page did not load within 30 seconds.
2025-09-20 20:32:09 [main] INFO  demoqaBase - Clicking on Home Toggle Button...
🔹 Trying JS click on WebElement (attempt 1)
2025-09-20 20:32:09 [main] INFO  demoqaLog - 🔹 Trying JS click on WebElement (attempt 1)
🔹 Attempting JS click...
2025-09-20 20:32:09 [main] INFO  demoqaLog - 🔹 Attempting JS click...
2025-09-20 20:32:09 [main] INFO  demoqaBase - Selecting Deskstop Check Box...
🔹 Trying JS click on WebElement (attempt 1)
2025-09-20 20:32:09 [main] INFO  demoqaLog - 🔹 Trying JS click on WebElement (attempt 1)
🔹 Attempting JS click...
2025-09-20 20:32:09 [main] INFO  demoqaLog - 🔹 Attempting JS click...
Information Submitted is: You have selected :
desktop
notes
commands
2025-09-20 20:32:10 [main] INFO  demoqaBase - You have Selected: You have selected :
desktop
notes
commands
2025-09-20 20:32:10 [main] INFO  demoqaBase - ✅ Elements | Home | Desktop Test Completed...
]]></system-out>
  </testcase>
  <testcase name="SelectingNotesCommandsClick" classname="tests.ElementsTests" time="31.371">
    <system-out><![CDATA[2025-09-20 20:32:10 [main] INFO  demoqaBase - Closing browser for test: SelectingDesktopCheckBox
2025-09-20 20:32:10 [main] INFO  DriverFactory - 🌐 Starting Chrome Web Browser...
2025-09-20 20:32:10 [main] INFO  DriverFactory - ✅ Created temporary Chrome profile at C:\Users\dell\AppData\Local\Temp\chrome-profile-3797601000316410613
2025-09-20 20:32:12 [main] INFO  DriverFactory - 🚀 WebDriver started successfully
2025-09-20 20:32:12 [main] INFO  RetryUrlAccess - 🌐 Navigating to URL (attempt 1): https://demoqa.com
2025-09-20 20:32:14 [main] INFO  RetryUrlAccess - ✅ Navigation successful on attempt 1
2025-09-20 20:32:14 [main] INFO  demoqaBase - 🧪 Starting Test Elements | Selecting Desktop| Notes & Commands Check Box Test...
Instance Variables Declared are: nullnull
2025-09-20 20:32:14 [main] INFO  demoqaBase - Accessing Elements Card...
2025-09-20 20:32:14 [main] INFO  demoqaLog - Clicking on Elements Card...
🔹 Trying JS click by locator (attempt 1)
2025-09-20 20:32:14 [main] INFO  demoqaLog - 🔹 Trying JS click by locator (attempt 1)
🔹 Attempting JS click...
2025-09-20 20:32:14 [main] INFO  demoqaLog - 🔹 Attempting JS click...
⚡ Falling back to native click by locator (attempt 1)
2025-09-20 20:32:14 [main] INFO  demoqaLog - ⚡ Falling back to native click by locator (attempt 1)
2025-09-20 20:32:15 [main] INFO  demoqaLog - Clicked on Elements Card...
Title of this Page is: DEMOQA
You are Accessing: Elements
 
Elements: Please select an item from left to start practice.
2025-09-20 20:32:15 [main] INFO  demoqaBase - Elements: Please select an item from left to start practice.
2025-09-20 20:32:15 [main] INFO  demoqaBase - Accessing Check Box...
🔹 Trying JS click on WebElement (attempt 1)
2025-09-20 20:32:15 [main] INFO  demoqaLog - 🔹 Trying JS click on WebElement (attempt 1)
🔹 Attempting JS click...
2025-09-20 20:32:15 [main] INFO  demoqaLog - 🔹 Attempting JS click...
Check Box
2025-09-20 20:32:15 [main] INFO  demoqaBase - You are accessing: Check Box
2025-09-20 20:32:15 [main] INFO  demoqaLog - ⏳ Waiting for page to fully load (timeout: 30s)
2025-09-20 20:32:45 [main] WARN  demoqaLog - ⚠️ Page did not load within 30 seconds.
2025-09-20 20:32:45 [main] INFO  demoqaBase - Clicking on Home Toggle Button...
🔹 Trying JS click on WebElement (attempt 1)
2025-09-20 20:32:45 [main] INFO  demoqaLog - 🔹 Trying JS click on WebElement (attempt 1)
🔹 Attempting JS click...
2025-09-20 20:32:45 [main] INFO  demoqaLog - 🔹 Attempting JS click...
2025-09-20 20:32:45 [main] INFO  demoqaBase - Clicking on Desktop Toggle Button...
🔹 Trying JS click on WebElement (attempt 1)
2025-09-20 20:32:45 [main] INFO  demoqaLog - 🔹 Trying JS click on WebElement (attempt 1)
🔹 Attempting JS click...
2025-09-20 20:32:45 [main] INFO  demoqaLog - 🔹 Attempting JS click...
2025-09-20 20:32:46 [main] INFO  demoqaBase - Clicking on Notes Button...
🔹 Trying JS click on WebElement (attempt 1)
2025-09-20 20:32:46 [main] INFO  demoqaLog - 🔹 Trying JS click on WebElement (attempt 1)
🔹 Attempting JS click...
2025-09-20 20:32:46 [main] INFO  demoqaLog - 🔹 Attempting JS click...
2025-09-20 20:32:46 [main] INFO  demoqaBase - Clicking on Commands Button...
🔹 Trying JS click on WebElement (attempt 1)
2025-09-20 20:32:46 [main] INFO  demoqaLog - 🔹 Trying JS click on WebElement (attempt 1)
🔹 Attempting JS click...
2025-09-20 20:32:46 [main] INFO  demoqaLog - 🔹 Attempting JS click...
2025-09-20 20:32:46 [main] INFO  demoqaBase - Selected Notes & Commands...
Information Submitted is: You have selected :
desktop
notes
commands
2025-09-20 20:32:46 [main] INFO  demoqaBase - You have Selected: You have selected :
desktop
notes
commands
2025-09-20 20:32:46 [main] INFO  demoqaBase - ✅ Elements | Home | Desktop | Notes & Commands Completed...
]]></system-out>
  </testcase>
  <testcase name="SelectingDocumentsCheckBox" classname="tests.ElementsTests" time="17.603">
    <system-out><![CDATA[2025-09-20 20:32:46 [main] INFO  demoqaBase - Closing browser for test: SelectingNotesCommandsClick
2025-09-20 20:32:46 [main] INFO  DriverFactory - 🌐 Starting Chrome Web Browser...
2025-09-20 20:32:46 [main] INFO  DriverFactory - ✅ Created temporary Chrome profile at C:\Users\dell\AppData\Local\Temp\chrome-profile-2765882871886639248
2025-09-20 20:32:48 [main] INFO  DriverFactory - 🚀 WebDriver started successfully
2025-09-20 20:32:48 [main] INFO  RetryUrlAccess - 🌐 Navigating to URL (attempt 1): https://demoqa.com
2025-09-20 20:32:50 [main] INFO  RetryUrlAccess - ✅ Navigation successful on attempt 1
2025-09-20 20:32:50 [main] INFO  demoqaBase - 🧪 Starting Test Elements | Selecting Documents Check Box Test...
Instance Variables Declared are: nullnull
2025-09-20 20:32:50 [main] INFO  demoqaBase - Accessing Elements Card...
2025-09-20 20:32:50 [main] INFO  demoqaLog - Clicking on Elements Card...
🔹 Trying JS click by locator (attempt 1)
2025-09-20 20:32:50 [main] INFO  demoqaLog - 🔹 Trying JS click by locator (attempt 1)
🔹 Attempting JS click...
2025-09-20 20:32:50 [main] INFO  demoqaLog - 🔹 Attempting JS click...
⚡ Falling back to native click by locator (attempt 1)
2025-09-20 20:32:51 [main] INFO  demoqaLog - ⚡ Falling back to native click by locator (attempt 1)
2025-09-20 20:32:51 [main] INFO  demoqaLog - Clicked on Elements Card...
Title of this Page is: DEMOQA
You are Accessing: Elements
 
Elements: Please select an item from left to start practice.
2025-09-20 20:32:51 [main] INFO  demoqaBase - Elements: Please select an item from left to start practice.
2025-09-20 20:32:51 [main] INFO  demoqaBase - Accessing Check Box...
🔹 Trying JS click on WebElement (attempt 1)
2025-09-20 20:32:51 [main] INFO  demoqaLog - 🔹 Trying JS click on WebElement (attempt 1)
🔹 Attempting JS click...
2025-09-20 20:32:51 [main] INFO  demoqaLog - 🔹 Attempting JS click...
Check Box
2025-09-20 20:32:51 [main] INFO  demoqaBase - You are accessing: Check Box
2025-09-20 20:32:51 [main] INFO  demoqaLog - ⏳ Waiting for page to fully load (timeout: 30s)
2025-09-20 20:33:08 [main] INFO  demoqaLog - ✅ Page load completed.
2025-09-20 20:33:08 [main] INFO  demoqaBase - Clicking on Home Toggle Button...
🔹 Trying JS click on WebElement (attempt 1)
2025-09-20 20:33:08 [main] INFO  demoqaLog - 🔹 Trying JS click on WebElement (attempt 1)
🔹 Attempting JS click...
2025-09-20 20:33:08 [main] INFO  demoqaLog - 🔹 Attempting JS click...
2025-09-20 20:33:08 [main] INFO  demoqaBase - Selecting Documents Check Box...
🔹 Trying JS click on WebElement (attempt 1)
2025-09-20 20:33:08 [main] INFO  demoqaLog - 🔹 Trying JS click on WebElement (attempt 1)
🔹 Attempting JS click...
2025-09-20 20:33:08 [main] INFO  demoqaLog - 🔹 Attempting JS click...
2025-09-20 20:33:08 [main] INFO  demoqaBase - Selected Documents Check Box...
Information Submitted is: You have selected :
documents
workspace
react
angular
veu
office
public
private
classified
general
2025-09-20 20:33:08 [main] INFO  demoqaBase - You have Selected: You have selected :
documents
workspace
react
angular
veu
office
public
private
classified
general
2025-09-20 20:33:08 [main] INFO  demoqaBase - ✅ Test Elements | Selecting Documents Check Box Test Completed...
]]></system-out>
  </testcase>
  <testcase name="SelectingWorkSpace" classname="tests.ElementsTests" time="30.187">
    <system-out><![CDATA[2025-09-20 20:33:08 [main] INFO  demoqaBase - Closing browser for test: SelectingDocumentsCheckBox
2025-09-20 20:33:08 [main] INFO  DriverFactory - 🌐 Starting Chrome Web Browser...
2025-09-20 20:33:08 [main] INFO  DriverFactory - ✅ Created temporary Chrome profile at C:\Users\dell\AppData\Local\Temp\chrome-profile-8928866031744090728
2025-09-20 20:33:10 [main] INFO  DriverFactory - 🚀 WebDriver started successfully
2025-09-20 20:33:10 [main] INFO  RetryUrlAccess - 🌐 Navigating to URL (attempt 1): https://demoqa.com
2025-09-20 20:33:13 [main] INFO  RetryUrlAccess - ✅ Navigation successful on attempt 1
2025-09-20 20:33:13 [main] INFO  demoqaBase - 🧪 Starting Test Elements | Home | Selecting Documents | WorkSpace Check Box Test...
Instance Variables Declared are: nullnull
2025-09-20 20:33:13 [main] INFO  demoqaBase - Accessing Elements Card...
2025-09-20 20:33:13 [main] INFO  demoqaLog - Clicking on Elements Card...
🔹 Trying JS click by locator (attempt 1)
2025-09-20 20:33:13 [main] INFO  demoqaLog - 🔹 Trying JS click by locator (attempt 1)
🔹 Attempting JS click...
2025-09-20 20:33:13 [main] INFO  demoqaLog - 🔹 Attempting JS click...
⚡ Falling back to native click by locator (attempt 1)
2025-09-20 20:33:13 [main] INFO  demoqaLog - ⚡ Falling back to native click by locator (attempt 1)
2025-09-20 20:33:13 [main] INFO  demoqaLog - Clicked on Elements Card...
Title of this Page is: DEMOQA
You are Accessing: Elements
 
Elements: Please select an item from left to start practice.
2025-09-20 20:33:13 [main] INFO  demoqaBase - Elements: Please select an item from left to start practice.
2025-09-20 20:33:13 [main] INFO  demoqaBase - Accessing Check Box...
🔹 Trying JS click on WebElement (attempt 1)
2025-09-20 20:33:13 [main] INFO  demoqaLog - 🔹 Trying JS click on WebElement (attempt 1)
🔹 Attempting JS click...
2025-09-20 20:33:13 [main] INFO  demoqaLog - 🔹 Attempting JS click...
Check Box
2025-09-20 20:33:14 [main] INFO  demoqaBase - You are accessing: Check Box
2025-09-20 20:33:14 [main] INFO  demoqaLog - ⏳ Waiting for page to fully load (timeout: 30s)
2025-09-20 20:33:43 [main] INFO  demoqaLog - ✅ Page load completed.
2025-09-20 20:33:43 [main] INFO  demoqaBase - Clicking on Home Toggle Button...
🔹 Trying JS click on WebElement (attempt 1)
2025-09-20 20:33:43 [main] INFO  demoqaLog - 🔹 Trying JS click on WebElement (attempt 1)
🔹 Attempting JS click...
2025-09-20 20:33:43 [main] INFO  demoqaLog - 🔹 Attempting JS click...
2025-09-20 20:33:43 [main] INFO  demoqaBase - Clicking on Documents Toggle Button...
🔹 Trying JS click on WebElement (attempt 1)
2025-09-20 20:33:43 [main] INFO  demoqaLog - 🔹 Trying JS click on WebElement (attempt 1)
🔹 Attempting JS click...
2025-09-20 20:33:43 [main] INFO  demoqaLog - 🔹 Attempting JS click...
2025-09-20 20:33:43 [main] INFO  demoqaBase - Selecting WorkSpace Check Box...
🔹 Trying JS click on WebElement (attempt 1)
2025-09-20 20:33:43 [main] INFO  demoqaLog - 🔹 Trying JS click on WebElement (attempt 1)
🔹 Attempting JS click...
2025-09-20 20:33:43 [main] INFO  demoqaLog - 🔹 Attempting JS click...
2025-09-20 20:33:43 [main] INFO  demoqaBase - Selected WorkSpace Check Box...
Information Submitted is: You have selected :
workspace
react
angular
veu
2025-09-20 20:33:43 [main] INFO  demoqaBase - You have Selected: You have selected :
workspace
react
angular
veu
2025-09-20 20:33:43 [main] INFO  demoqaBase - ✅ Test Elements | Home | Selecting Documents | WorkSpace Check Box Completed...
]]></system-out>
  </testcase>
  <testcase name="SelectReact" classname="tests.ElementsTests" time="30.982">
    <system-out><![CDATA[2025-09-20 20:33:43 [main] INFO  demoqaBase - Closing browser for test: SelectingWorkSpace
2025-09-20 20:33:44 [main] INFO  DriverFactory - 🌐 Starting Chrome Web Browser...
2025-09-20 20:33:44 [main] INFO  DriverFactory - ✅ Created temporary Chrome profile at C:\Users\dell\AppData\Local\Temp\chrome-profile-11031933036233490170
2025-09-20 20:33:45 [main] INFO  DriverFactory - 🚀 WebDriver started successfully
2025-09-20 20:33:45 [main] INFO  RetryUrlAccess - 🌐 Navigating to URL (attempt 1): https://demoqa.com
2025-09-20 20:33:48 [main] INFO  RetryUrlAccess - ✅ Navigation successful on attempt 1
2025-09-20 20:33:48 [main] INFO  demoqaBase - 🧪 Starting Test Elements|Home|Selecting Documents|WorkSpace|React Check Box Test...
Instance Variables Declared are: nullnull
2025-09-20 20:33:48 [main] INFO  demoqaBase - Accessing Elements Card...
2025-09-20 20:33:48 [main] INFO  demoqaLog - Clicking on Elements Card...
🔹 Trying JS click by locator (attempt 1)
2025-09-20 20:33:48 [main] INFO  demoqaLog - 🔹 Trying JS click by locator (attempt 1)
🔹 Attempting JS click...
2025-09-20 20:33:48 [main] INFO  demoqaLog - 🔹 Attempting JS click...
⚡ Falling back to native click by locator (attempt 1)
2025-09-20 20:33:49 [main] INFO  demoqaLog - ⚡ Falling back to native click by locator (attempt 1)
2025-09-20 20:33:49 [main] INFO  demoqaLog - Clicked on Elements Card...
Title of this Page is: DEMOQA
You are Accessing: Elements
 
Elements: Please select an item from left to start practice.
2025-09-20 20:33:49 [main] INFO  demoqaBase - Elements: Please select an item from left to start practice.
2025-09-20 20:33:49 [main] INFO  demoqaBase - Accessing Check Box...
🔹 Trying JS click on WebElement (attempt 1)
2025-09-20 20:33:49 [main] INFO  demoqaLog - 🔹 Trying JS click on WebElement (attempt 1)
🔹 Attempting JS click...
2025-09-20 20:33:49 [main] INFO  demoqaLog - 🔹 Attempting JS click...
Check Box
2025-09-20 20:33:49 [main] INFO  demoqaBase - You are accessing: Check Box
2025-09-20 20:33:49 [main] INFO  demoqaLog - ⏳ Waiting for page to fully load (timeout: 30s)
2025-09-20 20:34:19 [main] WARN  demoqaLog - ⚠️ Page did not load within 30 seconds.
2025-09-20 20:34:19 [main] INFO  demoqaBase - Clicking on Home Toggle Button...
🔹 Trying JS click on WebElement (attempt 1)
2025-09-20 20:34:19 [main] INFO  demoqaLog - 🔹 Trying JS click on WebElement (attempt 1)
🔹 Attempting JS click...
2025-09-20 20:34:19 [main] INFO  demoqaLog - 🔹 Attempting JS click...
2025-09-20 20:34:19 [main] INFO  demoqaBase - Clicking on Documents Toggle Button...
🔹 Trying JS click on WebElement (attempt 1)
2025-09-20 20:34:19 [main] INFO  demoqaLog - 🔹 Trying JS click on WebElement (attempt 1)
🔹 Attempting JS click...
2025-09-20 20:34:19 [main] INFO  demoqaLog - 🔹 Attempting JS click...
2025-09-20 20:34:19 [main] INFO  demoqaBase - Clicking WorkSpace Toggle Button...
🔹 Trying JS click on WebElement (attempt 1)
2025-09-20 20:34:19 [main] INFO  demoqaLog - 🔹 Trying JS click on WebElement (attempt 1)
🔹 Attempting JS click...
2025-09-20 20:34:19 [main] INFO  demoqaLog - 🔹 Attempting JS click...
2025-09-20 20:34:19 [main] INFO  demoqaBase - Clicked WorkSpace Toggle Button...
2025-09-20 20:34:19 [main] INFO  demoqaBase - Selecting WorkSpace | React Check Box...
🔹 Trying JS click on WebElement (attempt 1)
2025-09-20 20:34:19 [main] INFO  demoqaLog - 🔹 Trying JS click on WebElement (attempt 1)
🔹 Attempting JS click...
2025-09-20 20:34:19 [main] INFO  demoqaLog - 🔹 Attempting JS click...
2025-09-20 20:34:19 [main] INFO  demoqaBase - Selected WorkSpace | React Check Box...
Information Submitted is: You have selected :
react
2025-09-20 20:34:19 [main] INFO  demoqaBase - You have Selected: You have selected :
react
2025-09-20 20:34:19 [main] INFO  demoqaBase - ✅ Test Elements|Home|Documents| Selecting WorkSpace|React Check Box Completed...
]]></system-out>
  </testcase>
  <testcase name="SelectAngular" classname="tests.ElementsTests" time="31.257">
    <system-out><![CDATA[2025-09-20 20:34:19 [main] INFO  demoqaBase - Closing browser for test: SelectReact
2025-09-20 20:34:20 [main] INFO  DriverFactory - 🌐 Starting Chrome Web Browser...
2025-09-20 20:34:20 [main] INFO  DriverFactory - ✅ Created temporary Chrome profile at C:\Users\dell\AppData\Local\Temp\chrome-profile-15179919563738621040
2025-09-20 20:34:21 [main] INFO  DriverFactory - 🚀 WebDriver started successfully
2025-09-20 20:34:21 [main] INFO  RetryUrlAccess - 🌐 Navigating to URL (attempt 1): https://demoqa.com
2025-09-20 20:34:25 [main] INFO  RetryUrlAccess - ✅ Navigation successful on attempt 1
2025-09-20 20:34:25 [main] INFO  demoqaBase - 🧪 Starting Test Elements|Home|Selecting Documents|WorkSpace|Angular Check Box Test...
Instance Variables Declared are: nullnull
2025-09-20 20:34:25 [main] INFO  demoqaBase - Accessing Elements Card...
2025-09-20 20:34:25 [main] INFO  demoqaLog - Clicking on Elements Card...
🔹 Trying JS click by locator (attempt 1)
2025-09-20 20:34:25 [main] INFO  demoqaLog - 🔹 Trying JS click by locator (attempt 1)
🔹 Attempting JS click...
2025-09-20 20:34:25 [main] INFO  demoqaLog - 🔹 Attempting JS click...
⚡ Falling back to native click by locator (attempt 1)
2025-09-20 20:34:25 [main] INFO  demoqaLog - ⚡ Falling back to native click by locator (attempt 1)
2025-09-20 20:34:25 [main] INFO  demoqaLog - Clicked on Elements Card...
Title of this Page is: DEMOQA
You are Accessing: Elements
 
Elements: Please select an item from left to start practice.
2025-09-20 20:34:25 [main] INFO  demoqaBase - Elements: Please select an item from left to start practice.
2025-09-20 20:34:25 [main] INFO  demoqaBase - Accessing Check Box...
🔹 Trying JS click on WebElement (attempt 1)
2025-09-20 20:34:25 [main] INFO  demoqaLog - 🔹 Trying JS click on WebElement (attempt 1)
🔹 Attempting JS click...
2025-09-20 20:34:25 [main] INFO  demoqaLog - 🔹 Attempting JS click...
Check Box
2025-09-20 20:34:26 [main] INFO  demoqaBase - You are accessing: Check Box
2025-09-20 20:34:26 [main] INFO  demoqaLog - ⏳ Waiting for page to fully load (timeout: 30s)
2025-09-20 20:34:56 [main] WARN  demoqaLog - ⚠️ Page did not load within 30 seconds.
2025-09-20 20:34:56 [main] INFO  demoqaBase - Clicking on Home Toggle Button...
🔹 Trying JS click on WebElement (attempt 1)
2025-09-20 20:34:56 [main] INFO  demoqaLog - 🔹 Trying JS click on WebElement (attempt 1)
🔹 Attempting JS click...
2025-09-20 20:34:56 [main] INFO  demoqaLog - 🔹 Attempting JS click...
2025-09-20 20:34:56 [main] INFO  demoqaBase - Clicking on Documents Toggle Button...
🔹 Trying JS click on WebElement (attempt 1)
2025-09-20 20:34:56 [main] INFO  demoqaLog - 🔹 Trying JS click on WebElement (attempt 1)
🔹 Attempting JS click...
2025-09-20 20:34:56 [main] INFO  demoqaLog - 🔹 Attempting JS click...
2025-09-20 20:34:56 [main] INFO  demoqaBase - Clicking WorkSpace Toggle Button...
🔹 Trying JS click on WebElement (attempt 1)
2025-09-20 20:34:56 [main] INFO  demoqaLog - 🔹 Trying JS click on WebElement (attempt 1)
🔹 Attempting JS click...
2025-09-20 20:34:56 [main] INFO  demoqaLog - 🔹 Attempting JS click...
2025-09-20 20:34:56 [main] INFO  demoqaBase - Clicked WorkSpace Toggle Button...
2025-09-20 20:34:56 [main] INFO  demoqaBase - Selecting WorkSpace | Angular Check Box...
🔹 Trying JS click on WebElement (attempt 1)
2025-09-20 20:34:56 [main] INFO  demoqaLog - 🔹 Trying JS click on WebElement (attempt 1)
🔹 Attempting JS click...
2025-09-20 20:34:56 [main] INFO  demoqaLog - 🔹 Attempting JS click...
2025-09-20 20:34:56 [main] INFO  demoqaBase - Selected WorkSpace | Angular Check Box...
Information Submitted is: You have selected :
angular
2025-09-20 20:34:56 [main] INFO  demoqaBase - You have Selected: You have selected :
angular
2025-09-20 20:34:56 [main] INFO  demoqaBase - ✅ Test Elements|Home|Documents| Selecting WorkSpace|Angular Check Box Completed...
]]></system-out>
  </testcase>
  <testcase name="SelectVeu" classname="tests.ElementsTests" time="31.219">
    <system-out><![CDATA[2025-09-20 20:34:56 [main] INFO  demoqaBase - Closing browser for test: SelectAngular
2025-09-20 20:34:57 [main] INFO  DriverFactory - 🌐 Starting Chrome Web Browser...
2025-09-20 20:34:57 [main] INFO  DriverFactory - ✅ Created temporary Chrome profile at C:\Users\dell\AppData\Local\Temp\chrome-profile-11686403874042869519
2025-09-20 20:34:58 [main] INFO  DriverFactory - 🚀 WebDriver started successfully
2025-09-20 20:34:58 [main] INFO  RetryUrlAccess - 🌐 Navigating to URL (attempt 1): https://demoqa.com
2025-09-20 20:35:01 [main] INFO  RetryUrlAccess - ✅ Navigation successful on attempt 1
2025-09-20 20:35:01 [main] INFO  demoqaBase - 🧪 Starting Test Elements|Home|Selecting Documents|WorkSpace|Veu Check Box Test...
Instance Variables Declared are: nullnull
2025-09-20 20:35:01 [main] INFO  demoqaBase - Accessing Elements Card...
2025-09-20 20:35:01 [main] INFO  demoqaLog - Clicking on Elements Card...
🔹 Trying JS click by locator (attempt 1)
2025-09-20 20:35:01 [main] INFO  demoqaLog - 🔹 Trying JS click by locator (attempt 1)
🔹 Attempting JS click...
2025-09-20 20:35:01 [main] INFO  demoqaLog - 🔹 Attempting JS click...
⚡ Falling back to native click by locator (attempt 1)
2025-09-20 20:35:01 [main] INFO  demoqaLog - ⚡ Falling back to native click by locator (attempt 1)
2025-09-20 20:35:01 [main] INFO  demoqaLog - Clicked on Elements Card...
Title of this Page is: DEMOQA
You are Accessing: Elements
 
Elements: Please select an item from left to start practice.
2025-09-20 20:35:01 [main] INFO  demoqaBase - Elements: Please select an item from left to start practice.
2025-09-20 20:35:01 [main] INFO  demoqaBase - Accessing Check Box...
🔹 Trying JS click on WebElement (attempt 1)
2025-09-20 20:35:01 [main] INFO  demoqaLog - 🔹 Trying JS click on WebElement (attempt 1)
🔹 Attempting JS click...
2025-09-20 20:35:01 [main] INFO  demoqaLog - 🔹 Attempting JS click...
Check Box
2025-09-20 20:35:01 [main] INFO  demoqaBase - You are accessing: Check Box
2025-09-20 20:35:01 [main] INFO  demoqaLog - ⏳ Waiting for page to fully load (timeout: 30s)
2025-09-20 20:35:31 [main] WARN  demoqaLog - ⚠️ Page did not load within 30 seconds.
2025-09-20 20:35:31 [main] INFO  demoqaBase - Clicking on Home Toggle Button...
🔹 Trying JS click on WebElement (attempt 1)
2025-09-20 20:35:31 [main] INFO  demoqaLog - 🔹 Trying JS click on WebElement (attempt 1)
🔹 Attempting JS click...
2025-09-20 20:35:31 [main] INFO  demoqaLog - 🔹 Attempting JS click...
2025-09-20 20:35:32 [main] INFO  demoqaBase - Clicking on Documents Toggle Button...
🔹 Trying JS click on WebElement (attempt 1)
2025-09-20 20:35:32 [main] INFO  demoqaLog - 🔹 Trying JS click on WebElement (attempt 1)
🔹 Attempting JS click...
2025-09-20 20:35:32 [main] INFO  demoqaLog - 🔹 Attempting JS click...
2025-09-20 20:35:32 [main] INFO  demoqaBase - Clicking WorkSpace Toggle Button...
🔹 Trying JS click on WebElement (attempt 1)
2025-09-20 20:35:32 [main] INFO  demoqaLog - 🔹 Trying JS click on WebElement (attempt 1)
🔹 Attempting JS click...
2025-09-20 20:35:32 [main] INFO  demoqaLog - 🔹 Attempting JS click...
2025-09-20 20:35:32 [main] INFO  demoqaBase - Clicked WorkSpace Toggle Button...
2025-09-20 20:35:32 [main] INFO  demoqaBase - Selecting WorkSpace | Veu Check Box...
🔹 Trying JS click on WebElement (attempt 1)
2025-09-20 20:35:32 [main] INFO  demoqaLog - 🔹 Trying JS click on WebElement (attempt 1)
🔹 Attempting JS click...
2025-09-20 20:35:32 [main] INFO  demoqaLog - 🔹 Attempting JS click...
2025-09-20 20:35:32 [main] INFO  demoqaBase - Selected WorkSpace | Veu Check Box...
Information Submitted is: You have selected :
veu
2025-09-20 20:35:32 [main] INFO  demoqaBase - You have Selected: You have selected :
veu
2025-09-20 20:35:32 [main] INFO  demoqaBase - ✅ Test Elements|Home|Documents| Selecting WorkSpace|Veu Check Box Completed...
]]></system-out>
  </testcase>
  <testcase name="SelectReactAnuglarVeu" classname="tests.ElementsTests" time="14.49">
    <system-out><![CDATA[2025-09-20 20:35:32 [main] INFO  demoqaBase - Closing browser for test: SelectVeu
2025-09-20 20:35:32 [main] INFO  DriverFactory - 🌐 Starting Chrome Web Browser...
2025-09-20 20:35:32 [main] INFO  DriverFactory - ✅ Created temporary Chrome profile at C:\Users\dell\AppData\Local\Temp\chrome-profile-8455788016110704981
2025-09-20 20:35:34 [main] INFO  DriverFactory - 🚀 WebDriver started successfully
2025-09-20 20:35:34 [main] INFO  RetryUrlAccess - 🌐 Navigating to URL (attempt 1): https://demoqa.com
2025-09-20 20:35:36 [main] INFO  RetryUrlAccess - ✅ Navigation successful on attempt 1
2025-09-20 20:35:36 [main] INFO  demoqaBase - 🧪 Starting Test Elements|Home|Selecting Documents|WorkSpace|React-Anuglar-Veu Check Box Test...
Instance Variables Declared are: nullnull
2025-09-20 20:35:36 [main] INFO  demoqaBase - Accessing Elements Card...
2025-09-20 20:35:36 [main] INFO  demoqaLog - Clicking on Elements Card...
🔹 Trying JS click by locator (attempt 1)
2025-09-20 20:35:36 [main] INFO  demoqaLog - 🔹 Trying JS click by locator (attempt 1)
🔹 Attempting JS click...
2025-09-20 20:35:36 [main] INFO  demoqaLog - 🔹 Attempting JS click...
⚡ Falling back to native click by locator (attempt 1)
2025-09-20 20:35:37 [main] INFO  demoqaLog - ⚡ Falling back to native click by locator (attempt 1)
2025-09-20 20:35:37 [main] INFO  demoqaLog - Clicked on Elements Card...
Title of this Page is: DEMOQA
You are Accessing: Elements
 
Elements: Please select an item from left to start practice.
2025-09-20 20:35:37 [main] INFO  demoqaBase - Elements: Please select an item from left to start practice.
2025-09-20 20:35:37 [main] INFO  demoqaBase - Accessing Check Box...
🔹 Trying JS click on WebElement (attempt 1)
2025-09-20 20:35:37 [main] INFO  demoqaLog - 🔹 Trying JS click on WebElement (attempt 1)
🔹 Attempting JS click...
2025-09-20 20:35:37 [main] INFO  demoqaLog - 🔹 Attempting JS click...
Check Box
2025-09-20 20:35:37 [main] INFO  demoqaBase - You are accessing: Check Box
2025-09-20 20:35:37 [main] INFO  demoqaLog - ⏳ Waiting for page to fully load (timeout: 30s)
2025-09-20 20:35:50 [main] INFO  demoqaLog - ✅ Page load completed.
2025-09-20 20:35:50 [main] INFO  demoqaBase - Clicking on Home Toggle Button...
🔹 Trying JS click on WebElement (attempt 1)
2025-09-20 20:35:50 [main] INFO  demoqaLog - 🔹 Trying JS click on WebElement (attempt 1)
🔹 Attempting JS click...
2025-09-20 20:35:50 [main] INFO  demoqaLog - 🔹 Attempting JS click...
2025-09-20 20:35:50 [main] INFO  demoqaBase - Clicking on Documents Toggle Button...
🔹 Trying JS click on WebElement (attempt 1)
2025-09-20 20:35:50 [main] INFO  demoqaLog - 🔹 Trying JS click on WebElement (attempt 1)
🔹 Attempting JS click...
2025-09-20 20:35:50 [main] INFO  demoqaLog - 🔹 Attempting JS click...
2025-09-20 20:35:50 [main] INFO  demoqaBase - Clicking WorkSpace Toggle Button...
🔹 Trying JS click on WebElement (attempt 1)
2025-09-20 20:35:50 [main] INFO  demoqaLog - 🔹 Trying JS click on WebElement (attempt 1)
🔹 Attempting JS click...
2025-09-20 20:35:50 [main] INFO  demoqaLog - 🔹 Attempting JS click...
2025-09-20 20:35:50 [main] INFO  demoqaBase - Clicked WorkSpace Toggle Button...
2025-09-20 20:35:50 [main] INFO  demoqaBase - Selecting WorkSpace | React Check Box...
🔹 Trying JS click on WebElement (attempt 1)
2025-09-20 20:35:50 [main] INFO  demoqaLog - 🔹 Trying JS click on WebElement (attempt 1)
🔹 Attempting JS click...
2025-09-20 20:35:50 [main] INFO  demoqaLog - 🔹 Attempting JS click...
2025-09-20 20:35:51 [main] INFO  demoqaBase - Selected WorkSpace | React Check Box...
2025-09-20 20:35:51 [main] INFO  demoqaBase - Selecting WorkSpace | Angular Check Box...
🔹 Trying JS click on WebElement (attempt 1)
2025-09-20 20:35:51 [main] INFO  demoqaLog - 🔹 Trying JS click on WebElement (attempt 1)
🔹 Attempting JS click...
2025-09-20 20:35:51 [main] INFO  demoqaLog - 🔹 Attempting JS click...
2025-09-20 20:35:51 [main] INFO  demoqaBase - Selected WorkSpace | Angular Check Box...
2025-09-20 20:35:51 [main] INFO  demoqaBase - Selecting WorkSpace | Veu Check Box...
🔹 Trying JS click on WebElement (attempt 1)
2025-09-20 20:35:51 [main] INFO  demoqaLog - 🔹 Trying JS click on WebElement (attempt 1)
🔹 Attempting JS click...
2025-09-20 20:35:51 [main] INFO  demoqaLog - 🔹 Attempting JS click...
2025-09-20 20:35:51 [main] INFO  demoqaBase - Selected WorkSpace | Veu Check Box...
Information Submitted is: You have selected :
workspace
react
angular
veu
2025-09-20 20:35:51 [main] INFO  demoqaBase - You have Selected: You have selected :
workspace
react
angular
veu
2025-09-20 20:35:51 [main] INFO  demoqaBase - ✅ Test Elements|Home|Documents| Selecting WorkSpace|React-Anuglar-Veu Check Box Completed...
]]></system-out>
  </testcase>
  <testcase name="SelectingOffice" classname="tests.ElementsTests" time="31.029">
    <system-out><![CDATA[2025-09-20 20:35:51 [main] INFO  demoqaBase - Closing browser for test: SelectReactAnuglarVeu
2025-09-20 20:35:53 [main] INFO  DriverFactory - 🌐 Starting Chrome Web Browser...
2025-09-20 20:35:53 [main] INFO  DriverFactory - ✅ Created temporary Chrome profile at C:\Users\dell\AppData\Local\Temp\chrome-profile-291873489828966286
2025-09-20 20:35:54 [main] INFO  DriverFactory - 🚀 WebDriver started successfully
2025-09-20 20:35:54 [main] INFO  RetryUrlAccess - 🌐 Navigating to URL (attempt 1): https://demoqa.com
2025-09-20 20:35:57 [main] INFO  RetryUrlAccess - ✅ Navigation successful on attempt 1
2025-09-20 20:35:57 [main] INFO  demoqaBase - 🧪 Starting Test Elements|Home|Selecting Documents|Office Check Box Test...
Instance Variables Declared are: nullnull
2025-09-20 20:35:57 [main] INFO  demoqaBase - Accessing Elements Card...
2025-09-20 20:35:57 [main] INFO  demoqaLog - Clicking on Elements Card...
🔹 Trying JS click by locator (attempt 1)
2025-09-20 20:35:57 [main] INFO  demoqaLog - 🔹 Trying JS click by locator (attempt 1)
🔹 Attempting JS click...
2025-09-20 20:35:57 [main] INFO  demoqaLog - 🔹 Attempting JS click...
⚡ Falling back to native click by locator (attempt 1)
2025-09-20 20:35:57 [main] INFO  demoqaLog - ⚡ Falling back to native click by locator (attempt 1)
2025-09-20 20:35:57 [main] INFO  demoqaLog - Clicked on Elements Card...
Title of this Page is: DEMOQA
You are Accessing: Elements
 
Elements: Please select an item from left to start practice.
2025-09-20 20:35:57 [main] INFO  demoqaBase - Elements: Please select an item from left to start practice.
2025-09-20 20:35:57 [main] INFO  demoqaBase - Accessing Check Box...
🔹 Trying JS click on WebElement (attempt 1)
2025-09-20 20:35:57 [main] INFO  demoqaLog - 🔹 Trying JS click on WebElement (attempt 1)
🔹 Attempting JS click...
2025-09-20 20:35:57 [main] INFO  demoqaLog - 🔹 Attempting JS click...
Check Box
2025-09-20 20:35:57 [main] INFO  demoqaBase - You are accessing: Check Box
2025-09-20 20:35:57 [main] INFO  demoqaLog - ⏳ Waiting for page to fully load (timeout: 30s)
2025-09-20 20:36:27 [main] WARN  demoqaLog - ⚠️ Page did not load within 30 seconds.
2025-09-20 20:36:27 [main] INFO  demoqaBase - Clicking on Home Toggle Button...
🔹 Trying JS click on WebElement (attempt 1)
2025-09-20 20:36:27 [main] INFO  demoqaLog - 🔹 Trying JS click on WebElement (attempt 1)
🔹 Attempting JS click...
2025-09-20 20:36:27 [main] INFO  demoqaLog - 🔹 Attempting JS click...
2025-09-20 20:36:27 [main] INFO  demoqaBase - Clicking on Documents Toggle Button...
🔹 Trying JS click on WebElement (attempt 1)
2025-09-20 20:36:27 [main] INFO  demoqaLog - 🔹 Trying JS click on WebElement (attempt 1)
🔹 Attempting JS click...
2025-09-20 20:36:27 [main] INFO  demoqaLog - 🔹 Attempting JS click...
2025-09-20 20:36:28 [main] INFO  demoqaBase - Selecting WorkSpace Check Box...
🔹 Trying JS click on WebElement (attempt 1)
2025-09-20 20:36:28 [main] INFO  demoqaLog - 🔹 Trying JS click on WebElement (attempt 1)
🔹 Attempting JS click...
2025-09-20 20:36:28 [main] INFO  demoqaLog - 🔹 Attempting JS click...
2025-09-20 20:36:28 [main] INFO  demoqaBase - Selected WorkSpace Check Box...
Information Submitted is: You have selected :
office
public
private
classified
general
2025-09-20 20:36:28 [main] INFO  demoqaBase - You have Selected: You have selected :
office
public
private
classified
general
2025-09-20 20:36:28 [main] INFO  demoqaBase - ✅ Test Elements|Home|Selecting Documents|Office Check Box Completed...
]]></system-out>
  </testcase>
  <testcase name="SelectPublic" classname="tests.ElementsTests" time="31.379">
    <system-out><![CDATA[2025-09-20 20:36:28 [main] INFO  demoqaBase - Closing browser for test: SelectingOffice
2025-09-20 20:36:28 [main] INFO  DriverFactory - 🌐 Starting Chrome Web Browser...
2025-09-20 20:36:28 [main] INFO  DriverFactory - ✅ Created temporary Chrome profile at C:\Users\dell\AppData\Local\Temp\chrome-profile-6952368290166039239
2025-09-20 20:36:30 [main] INFO  DriverFactory - 🚀 WebDriver started successfully
2025-09-20 20:36:30 [main] INFO  RetryUrlAccess - 🌐 Navigating to URL (attempt 1): https://demoqa.com
2025-09-20 20:36:33 [main] INFO  RetryUrlAccess - ✅ Navigation successful on attempt 1
2025-09-20 20:36:33 [main] INFO  demoqaBase - 🧪 Starting Test Elements|Home|Selecting Documents|Office|Public Check Box Test...
Instance Variables Declared are: nullnull
2025-09-20 20:36:33 [main] INFO  demoqaBase - Accessing Elements Card...
2025-09-20 20:36:33 [main] INFO  demoqaLog - Clicking on Elements Card...
🔹 Trying JS click by locator (attempt 1)
2025-09-20 20:36:33 [main] INFO  demoqaLog - 🔹 Trying JS click by locator (attempt 1)
🔹 Attempting JS click...
2025-09-20 20:36:33 [main] INFO  demoqaLog - 🔹 Attempting JS click...
⚡ Falling back to native click by locator (attempt 1)
2025-09-20 20:36:33 [main] INFO  demoqaLog - ⚡ Falling back to native click by locator (attempt 1)
2025-09-20 20:36:33 [main] INFO  demoqaLog - Clicked on Elements Card...
Title of this Page is: DEMOQA
You are Accessing: Elements
 
Elements: Please select an item from left to start practice.
2025-09-20 20:36:33 [main] INFO  demoqaBase - Elements: Please select an item from left to start practice.
2025-09-20 20:36:33 [main] INFO  demoqaBase - Accessing Check Box...
🔹 Trying JS click on WebElement (attempt 1)
2025-09-20 20:36:33 [main] INFO  demoqaLog - 🔹 Trying JS click on WebElement (attempt 1)
🔹 Attempting JS click...
2025-09-20 20:36:33 [main] INFO  demoqaLog - 🔹 Attempting JS click...
Check Box
2025-09-20 20:36:33 [main] INFO  demoqaBase - You are accessing: Check Box
2025-09-20 20:36:33 [main] INFO  demoqaLog - ⏳ Waiting for page to fully load (timeout: 30s)
2025-09-20 20:37:04 [main] WARN  demoqaLog - ⚠️ Page did not load within 30 seconds.
2025-09-20 20:37:04 [main] INFO  demoqaBase - Clicking on Home Toggle Button...
🔹 Trying JS click on WebElement (attempt 1)
2025-09-20 20:37:04 [main] INFO  demoqaLog - 🔹 Trying JS click on WebElement (attempt 1)
🔹 Attempting JS click...
2025-09-20 20:37:04 [main] INFO  demoqaLog - 🔹 Attempting JS click...
2025-09-20 20:37:04 [main] INFO  demoqaBase - Clicking on Documents Toggle Button...
🔹 Trying JS click on WebElement (attempt 1)
2025-09-20 20:37:04 [main] INFO  demoqaLog - 🔹 Trying JS click on WebElement (attempt 1)
🔹 Attempting JS click...
2025-09-20 20:37:04 [main] INFO  demoqaLog - 🔹 Attempting JS click...
2025-09-20 20:37:04 [main] INFO  demoqaBase - Clicking Office Toggle Button...
🔹 Trying JS click on WebElement (attempt 1)
2025-09-20 20:37:04 [main] INFO  demoqaLog - 🔹 Trying JS click on WebElement (attempt 1)
🔹 Attempting JS click...
2025-09-20 20:37:04 [main] INFO  demoqaLog - 🔹 Attempting JS click...
2025-09-20 20:37:04 [main] INFO  demoqaBase - Clicked Office Toggle Button...
2025-09-20 20:37:04 [main] INFO  demoqaBase - Selecting Office | Public Check Box...
🔹 Trying JS click on WebElement (attempt 1)
2025-09-20 20:37:04 [main] INFO  demoqaLog - 🔹 Trying JS click on WebElement (attempt 1)
🔹 Attempting JS click...
2025-09-20 20:37:04 [main] INFO  demoqaLog - 🔹 Attempting JS click...
2025-09-20 20:37:04 [main] INFO  demoqaBase - Selected Office | Public Check Box...
Information Submitted is: You have selected :
public
2025-09-20 20:37:04 [main] INFO  demoqaBase - You have Selected: You have selected :
public
2025-09-20 20:37:04 [main] INFO  demoqaBase - ✅ Test Elements|Home|Documents|Office|Selecting Public Check Box Completed...
]]></system-out>
  </testcase>
  <testcase name="SelectPrivate" classname="tests.ElementsTests" time="31.366">
    <system-out><![CDATA[2025-09-20 20:37:04 [main] INFO  demoqaBase - Closing browser for test: SelectPublic
2025-09-20 20:37:05 [main] INFO  DriverFactory - 🌐 Starting Chrome Web Browser...
2025-09-20 20:37:05 [main] INFO  DriverFactory - ✅ Created temporary Chrome profile at C:\Users\dell\AppData\Local\Temp\chrome-profile-6554148926438332044
2025-09-20 20:37:06 [main] INFO  DriverFactory - 🚀 WebDriver started successfully
2025-09-20 20:37:06 [main] INFO  RetryUrlAccess - 🌐 Navigating to URL (attempt 1): https://demoqa.com
2025-09-20 20:37:09 [main] INFO  RetryUrlAccess - ✅ Navigation successful on attempt 1
2025-09-20 20:37:09 [main] INFO  demoqaBase - 🧪 Starting Test Elements|Home|Selecting Documents|Office|Private Check Box Test...
Instance Variables Declared are: nullnull
2025-09-20 20:37:09 [main] INFO  demoqaBase - Accessing Elements Card...
2025-09-20 20:37:09 [main] INFO  demoqaLog - Clicking on Elements Card...
🔹 Trying JS click by locator (attempt 1)
2025-09-20 20:37:09 [main] INFO  demoqaLog - 🔹 Trying JS click by locator (attempt 1)
🔹 Attempting JS click...
2025-09-20 20:37:09 [main] INFO  demoqaLog - 🔹 Attempting JS click...
⚡ Falling back to native click by locator (attempt 1)
2025-09-20 20:37:09 [main] INFO  demoqaLog - ⚡ Falling back to native click by locator (attempt 1)
2025-09-20 20:37:09 [main] INFO  demoqaLog - Clicked on Elements Card...
Title of this Page is: DEMOQA
You are Accessing: Elements
 
Elements: Please select an item from left to start practice.
2025-09-20 20:37:09 [main] INFO  demoqaBase - Elements: Please select an item from left to start practice.
2025-09-20 20:37:09 [main] INFO  demoqaBase - Accessing Check Box...
🔹 Trying JS click on WebElement (attempt 1)
2025-09-20 20:37:09 [main] INFO  demoqaLog - 🔹 Trying JS click on WebElement (attempt 1)
🔹 Attempting JS click...
2025-09-20 20:37:09 [main] INFO  demoqaLog - 🔹 Attempting JS click...
Check Box
2025-09-20 20:37:09 [main] INFO  demoqaBase - You are accessing: Check Box
2025-09-20 20:37:09 [main] INFO  demoqaLog - ⏳ Waiting for page to fully load (timeout: 30s)
2025-09-20 20:37:39 [main] WARN  demoqaLog - ⚠️ Page did not load within 30 seconds.
2025-09-20 20:37:39 [main] INFO  demoqaBase - Clicking on Home Toggle Button...
🔹 Trying JS click on WebElement (attempt 1)
2025-09-20 20:37:39 [main] INFO  demoqaLog - 🔹 Trying JS click on WebElement (attempt 1)
🔹 Attempting JS click...
2025-09-20 20:37:39 [main] INFO  demoqaLog - 🔹 Attempting JS click...
2025-09-20 20:37:40 [main] INFO  demoqaBase - Clicking on Documents Toggle Button...
🔹 Trying JS click on WebElement (attempt 1)
2025-09-20 20:37:40 [main] INFO  demoqaLog - 🔹 Trying JS click on WebElement (attempt 1)
🔹 Attempting JS click...
2025-09-20 20:37:40 [main] INFO  demoqaLog - 🔹 Attempting JS click...
2025-09-20 20:37:40 [main] INFO  demoqaBase - Clicking Office Toggle Button...
🔹 Trying JS click on WebElement (attempt 1)
2025-09-20 20:37:40 [main] INFO  demoqaLog - 🔹 Trying JS click on WebElement (attempt 1)
🔹 Attempting JS click...
2025-09-20 20:37:40 [main] INFO  demoqaLog - 🔹 Attempting JS click...
2025-09-20 20:37:40 [main] INFO  demoqaBase - Clicked Office Toggle Button...
2025-09-20 20:37:40 [main] INFO  demoqaBase - Selecting Office | Private Check Box...
🔹 Trying JS click on WebElement (attempt 1)
2025-09-20 20:37:40 [main] INFO  demoqaLog - 🔹 Trying JS click on WebElement (attempt 1)
🔹 Attempting JS click...
2025-09-20 20:37:40 [main] INFO  demoqaLog - 🔹 Attempting JS click...
2025-09-20 20:37:40 [main] INFO  demoqaBase - Selected Office | Private Check Box...
Information Submitted is: You have selected :
private
2025-09-20 20:37:40 [main] INFO  demoqaBase - You have Selected: You have selected :
private
2025-09-20 20:37:40 [main] INFO  demoqaBase - ✅ Test Elements|Home|Documents|Office|Selecting Private Check Box Completed...
]]></system-out>
  </testcase>
  <testcase name="SelectClassified" classname="tests.ElementsTests" time="31.286">
    <system-out><![CDATA[2025-09-20 20:37:40 [main] INFO  demoqaBase - Closing browser for test: SelectPrivate
2025-09-20 20:37:41 [main] INFO  DriverFactory - 🌐 Starting Chrome Web Browser...
2025-09-20 20:37:41 [main] INFO  DriverFactory - ✅ Created temporary Chrome profile at C:\Users\dell\AppData\Local\Temp\chrome-profile-1976874516789005600
2025-09-20 20:37:44 [main] INFO  DriverFactory - 🚀 WebDriver started successfully
2025-09-20 20:37:44 [main] INFO  RetryUrlAccess - 🌐 Navigating to URL (attempt 1): https://demoqa.com
2025-09-20 20:37:47 [main] INFO  RetryUrlAccess - ✅ Navigation successful on attempt 1
2025-09-20 20:37:47 [main] INFO  demoqaBase - 🧪 Starting Test Elements|Home|Selecting Documents|Office|Classified Check Box Test...
Instance Variables Declared are: nullnull
2025-09-20 20:37:47 [main] INFO  demoqaBase - Accessing Elements Card...
2025-09-20 20:37:47 [main] INFO  demoqaLog - Clicking on Elements Card...
🔹 Trying JS click by locator (attempt 1)
2025-09-20 20:37:47 [main] INFO  demoqaLog - 🔹 Trying JS click by locator (attempt 1)
🔹 Attempting JS click...
2025-09-20 20:37:47 [main] INFO  demoqaLog - 🔹 Attempting JS click...
⚡ Falling back to native click by locator (attempt 1)
2025-09-20 20:37:47 [main] INFO  demoqaLog - ⚡ Falling back to native click by locator (attempt 1)
2025-09-20 20:37:47 [main] INFO  demoqaLog - Clicked on Elements Card...
Title of this Page is: DEMOQA
You are Accessing: Elements
 
Elements: Please select an item from left to start practice.
2025-09-20 20:37:47 [main] INFO  demoqaBase - Elements: Please select an item from left to start practice.
2025-09-20 20:37:47 [main] INFO  demoqaBase - Accessing Check Box...
🔹 Trying JS click on WebElement (attempt 1)
2025-09-20 20:37:47 [main] INFO  demoqaLog - 🔹 Trying JS click on WebElement (attempt 1)
🔹 Attempting JS click...
2025-09-20 20:37:47 [main] INFO  demoqaLog - 🔹 Attempting JS click...
Check Box
2025-09-20 20:37:47 [main] INFO  demoqaBase - You are accessing: Check Box
2025-09-20 20:37:47 [main] INFO  demoqaLog - ⏳ Waiting for page to fully load (timeout: 30s)
2025-09-20 20:38:18 [main] WARN  demoqaLog - ⚠️ Page did not load within 30 seconds.
2025-09-20 20:38:18 [main] INFO  demoqaBase - Clicking on Home Toggle Button...
🔹 Trying JS click on WebElement (attempt 1)
2025-09-20 20:38:18 [main] INFO  demoqaLog - 🔹 Trying JS click on WebElement (attempt 1)
🔹 Attempting JS click...
2025-09-20 20:38:18 [main] INFO  demoqaLog - 🔹 Attempting JS click...
2025-09-20 20:38:18 [main] INFO  demoqaBase - Clicking on Documents Toggle Button...
🔹 Trying JS click on WebElement (attempt 1)
2025-09-20 20:38:18 [main] INFO  demoqaLog - 🔹 Trying JS click on WebElement (attempt 1)
🔹 Attempting JS click...
2025-09-20 20:38:18 [main] INFO  demoqaLog - 🔹 Attempting JS click...
2025-09-20 20:38:18 [main] INFO  demoqaBase - Clicking Office Toggle Button...
🔹 Trying JS click on WebElement (attempt 1)
2025-09-20 20:38:18 [main] INFO  demoqaLog - 🔹 Trying JS click on WebElement (attempt 1)
🔹 Attempting JS click...
2025-09-20 20:38:18 [main] INFO  demoqaLog - 🔹 Attempting JS click...
2025-09-20 20:38:18 [main] INFO  demoqaBase - Clicked Office Toggle Button...
2025-09-20 20:38:18 [main] INFO  demoqaBase - Selecting Office | Classified Check Box...
🔹 Trying JS click on WebElement (attempt 1)
2025-09-20 20:38:18 [main] INFO  demoqaLog - 🔹 Trying JS click on WebElement (attempt 1)
🔹 Attempting JS click...
2025-09-20 20:38:18 [main] INFO  demoqaLog - 🔹 Attempting JS click...
2025-09-20 20:38:18 [main] INFO  demoqaBase - Selected Office | Classified Check Box...
Information Submitted is: You have selected :
classified
2025-09-20 20:38:18 [main] INFO  demoqaBase - You have Selected: You have selected :
classified
2025-09-20 20:38:18 [main] INFO  demoqaBase - ✅ Test Elements|Home|Documents|Office|Selecting Classified Check Box Completed...
]]></system-out>
  </testcase>
  <testcase name="SelectGeneral" classname="tests.ElementsTests" time="17.384">
    <system-out><![CDATA[2025-09-20 20:38:18 [main] INFO  demoqaBase - Closing browser for test: SelectClassified
2025-09-20 20:38:18 [main] INFO  DriverFactory - 🌐 Starting Chrome Web Browser...
2025-09-20 20:38:18 [main] INFO  DriverFactory - ✅ Created temporary Chrome profile at C:\Users\dell\AppData\Local\Temp\chrome-profile-17420628300794732247
2025-09-20 20:38:19 [main] INFO  DriverFactory - 🚀 WebDriver started successfully
2025-09-20 20:38:19 [main] INFO  RetryUrlAccess - 🌐 Navigating to URL (attempt 1): https://demoqa.com
2025-09-20 20:38:22 [main] INFO  RetryUrlAccess - ✅ Navigation successful on attempt 1
2025-09-20 20:38:22 [main] INFO  demoqaBase - 🧪 Starting Test Elements|Home|Selecting Documents|Office|General Check Box Test...
Instance Variables Declared are: nullnull
2025-09-20 20:38:22 [main] INFO  demoqaBase - Accessing Elements Card...
2025-09-20 20:38:22 [main] INFO  demoqaLog - Clicking on Elements Card...
🔹 Trying JS click by locator (attempt 1)
2025-09-20 20:38:22 [main] INFO  demoqaLog - 🔹 Trying JS click by locator (attempt 1)
🔹 Attempting JS click...
2025-09-20 20:38:22 [main] INFO  demoqaLog - 🔹 Attempting JS click...
⚡ Falling back to native click by locator (attempt 1)
2025-09-20 20:38:22 [main] INFO  demoqaLog - ⚡ Falling back to native click by locator (attempt 1)
2025-09-20 20:38:23 [main] INFO  demoqaLog - Clicked on Elements Card...
Title of this Page is: DEMOQA
You are Accessing: Elements
 
Elements: Please select an item from left to start practice.
2025-09-20 20:38:23 [main] INFO  demoqaBase - Elements: Please select an item from left to start practice.
2025-09-20 20:38:23 [main] INFO  demoqaBase - Accessing Check Box...
🔹 Trying JS click on WebElement (attempt 1)
2025-09-20 20:38:23 [main] INFO  demoqaLog - 🔹 Trying JS click on WebElement (attempt 1)
🔹 Attempting JS click...
2025-09-20 20:38:23 [main] INFO  demoqaLog - 🔹 Attempting JS click...
Check Box
2025-09-20 20:38:23 [main] INFO  demoqaBase - You are accessing: Check Box
2025-09-20 20:38:23 [main] INFO  demoqaLog - ⏳ Waiting for page to fully load (timeout: 30s)
2025-09-20 20:38:39 [main] INFO  demoqaLog - ✅ Page load completed.
2025-09-20 20:38:39 [main] INFO  demoqaBase - Clicking on Home Toggle Button...
🔹 Trying JS click on WebElement (attempt 1)
2025-09-20 20:38:39 [main] INFO  demoqaLog - 🔹 Trying JS click on WebElement (attempt 1)
🔹 Attempting JS click...
2025-09-20 20:38:39 [main] INFO  demoqaLog - 🔹 Attempting JS click...
2025-09-20 20:38:39 [main] INFO  demoqaBase - Clicking on Documents Toggle Button...
🔹 Trying JS click on WebElement (attempt 1)
2025-09-20 20:38:39 [main] INFO  demoqaLog - 🔹 Trying JS click on WebElement (attempt 1)
🔹 Attempting JS click...
2025-09-20 20:38:39 [main] INFO  demoqaLog - 🔹 Attempting JS click...
2025-09-20 20:38:39 [main] INFO  demoqaBase - Clicking Office Toggle Button...
🔹 Trying JS click on WebElement (attempt 1)
2025-09-20 20:38:39 [main] INFO  demoqaLog - 🔹 Trying JS click on WebElement (attempt 1)
🔹 Attempting JS click...
2025-09-20 20:38:39 [main] INFO  demoqaLog - 🔹 Attempting JS click...
2025-09-20 20:38:40 [main] INFO  demoqaBase - Clicked Office Toggle Button...
2025-09-20 20:38:40 [main] INFO  demoqaBase - Selecting Office | General Check Box...
🔹 Trying JS click on WebElement (attempt 1)
2025-09-20 20:38:40 [main] INFO  demoqaLog - 🔹 Trying JS click on WebElement (attempt 1)
🔹 Attempting JS click...
2025-09-20 20:38:40 [main] INFO  demoqaLog - 🔹 Attempting JS click...
2025-09-20 20:38:40 [main] INFO  demoqaBase - Selected Office | General Check Box...
Information Submitted is: You have selected :
general
2025-09-20 20:38:40 [main] INFO  demoqaBase - You have Selected: You have selected :
general
2025-09-20 20:38:40 [main] INFO  demoqaBase - ✅ Test Elements|Home|Documents|Office|Selecting General Check Box Completed...
]]></system-out>
  </testcase>
  <testcase name="SelectOfficeAll" classname="tests.ElementsTests" time="31.961">
    <system-out><![CDATA[2025-09-20 20:38:40 [main] INFO  demoqaBase - Closing browser for test: SelectGeneral
2025-09-20 20:38:40 [main] INFO  DriverFactory - 🌐 Starting Chrome Web Browser...
2025-09-20 20:38:40 [main] INFO  DriverFactory - ✅ Created temporary Chrome profile at C:\Users\dell\AppData\Local\Temp\chrome-profile-2291583570979946423
2025-09-20 20:38:41 [main] INFO  DriverFactory - 🚀 WebDriver started successfully
2025-09-20 20:38:41 [main] INFO  RetryUrlAccess - 🌐 Navigating to URL (attempt 1): https://demoqa.com
2025-09-20 20:38:44 [main] INFO  RetryUrlAccess - ✅ Navigation successful on attempt 1
2025-09-20 20:38:44 [main] INFO  demoqaBase - 🧪 Starting Test Elements|Home|Selecting Documents|Office|All Check Boxes Test...
Instance Variables Declared are: nullnull
2025-09-20 20:38:44 [main] INFO  demoqaBase - Accessing Elements Card...
2025-09-20 20:38:44 [main] INFO  demoqaLog - Clicking on Elements Card...
🔹 Trying JS click by locator (attempt 1)
2025-09-20 20:38:44 [main] INFO  demoqaLog - 🔹 Trying JS click by locator (attempt 1)
🔹 Attempting JS click...
2025-09-20 20:38:44 [main] INFO  demoqaLog - 🔹 Attempting JS click...
⚡ Falling back to native click by locator (attempt 1)
2025-09-20 20:38:44 [main] INFO  demoqaLog - ⚡ Falling back to native click by locator (attempt 1)
2025-09-20 20:38:44 [main] INFO  demoqaLog - Clicked on Elements Card...
Title of this Page is: DEMOQA
You are Accessing: Elements
 
Elements: Please select an item from left to start practice.
2025-09-20 20:38:45 [main] INFO  demoqaBase - Elements: Please select an item from left to start practice.
2025-09-20 20:38:45 [main] INFO  demoqaBase - Accessing Check Box...
🔹 Trying JS click on WebElement (attempt 1)
2025-09-20 20:38:45 [main] INFO  demoqaLog - 🔹 Trying JS click on WebElement (attempt 1)
🔹 Attempting JS click...
2025-09-20 20:38:45 [main] INFO  demoqaLog - 🔹 Attempting JS click...
Check Box
2025-09-20 20:38:45 [main] INFO  demoqaBase - You are accessing: Check Box
2025-09-20 20:38:45 [main] INFO  demoqaLog - ⏳ Waiting for page to fully load (timeout: 30s)
2025-09-20 20:39:15 [main] WARN  demoqaLog - ⚠️ Page did not load within 30 seconds.
2025-09-20 20:39:15 [main] INFO  demoqaBase - Clicking on Home Toggle Button...
🔹 Trying JS click on WebElement (attempt 1)
2025-09-20 20:39:15 [main] INFO  demoqaLog - 🔹 Trying JS click on WebElement (attempt 1)
🔹 Attempting JS click...
2025-09-20 20:39:15 [main] INFO  demoqaLog - 🔹 Attempting JS click...
2025-09-20 20:39:15 [main] INFO  demoqaBase - Clicking on Documents Toggle Button...
🔹 Trying JS click on WebElement (attempt 1)
2025-09-20 20:39:15 [main] INFO  demoqaLog - 🔹 Trying JS click on WebElement (attempt 1)
🔹 Attempting JS click...
2025-09-20 20:39:15 [main] INFO  demoqaLog - 🔹 Attempting JS click...
2025-09-20 20:39:16 [main] INFO  demoqaBase - Clicking Office Toggle Button...
🔹 Trying JS click on WebElement (attempt 1)
2025-09-20 20:39:16 [main] INFO  demoqaLog - 🔹 Trying JS click on WebElement (attempt 1)
🔹 Attempting JS click...
2025-09-20 20:39:16 [main] INFO  demoqaLog - 🔹 Attempting JS click...
2025-09-20 20:39:16 [main] INFO  demoqaBase - Clicked Office Toggle Button...
2025-09-20 20:39:16 [main] INFO  demoqaBase - Selecting Office | Public Check Box...
🔹 Trying JS click on WebElement (attempt 1)
2025-09-20 20:39:16 [main] INFO  demoqaLog - 🔹 Trying JS click on WebElement (attempt 1)
🔹 Attempting JS click...
2025-09-20 20:39:16 [main] INFO  demoqaLog - 🔹 Attempting JS click...
2025-09-20 20:39:16 [main] INFO  demoqaBase - Selected Office | Public Check Box...
2025-09-20 20:39:16 [main] INFO  demoqaBase - Selecting Office | Private Check Box...
🔹 Trying JS click on WebElement (attempt 1)
2025-09-20 20:39:16 [main] INFO  demoqaLog - 🔹 Trying JS click on WebElement (attempt 1)
🔹 Attempting JS click...
2025-09-20 20:39:16 [main] INFO  demoqaLog - 🔹 Attempting JS click...
2025-09-20 20:39:16 [main] INFO  demoqaBase - Selected Office | Private Check Box...
2025-09-20 20:39:16 [main] INFO  demoqaBase - Selecting Office | Classified Check Box...
🔹 Trying JS click on WebElement (attempt 1)
2025-09-20 20:39:16 [main] INFO  demoqaLog - 🔹 Trying JS click on WebElement (attempt 1)
🔹 Attempting JS click...
2025-09-20 20:39:16 [main] INFO  demoqaLog - 🔹 Attempting JS click...
2025-09-20 20:39:16 [main] INFO  demoqaBase - Selected Office | Classified Check Box...
2025-09-20 20:39:16 [main] INFO  demoqaBase - Selecting Office | General Check Box...
🔹 Trying JS click on WebElement (attempt 1)
2025-09-20 20:39:16 [main] INFO  demoqaLog - 🔹 Trying JS click on WebElement (attempt 1)
🔹 Attempting JS click...
2025-09-20 20:39:16 [main] INFO  demoqaLog - 🔹 Attempting JS click...
2025-09-20 20:39:16 [main] INFO  demoqaBase - Selected Office | General Check Box...
Information Submitted is: You have selected :
office
public
private
classified
general
2025-09-20 20:39:16 [main] INFO  demoqaBase - You have Selected: You have selected :
office
public
private
classified
general
2025-09-20 20:39:16 [main] INFO  demoqaBase - ✅ Test Elements|Home|Documents|Office|Selecting All Check Boxes Completed...
]]></system-out>
  </testcase>
  <testcase name="SelectingDownloads" classname="tests.ElementsTests" time="30.985">
    <system-out><![CDATA[2025-09-20 20:39:16 [main] INFO  demoqaBase - Closing browser for test: SelectOfficeAll
2025-09-20 20:39:16 [main] WARN  PauseManager - ⏸ Pausing for 5 minutes after 40 tests...
2025-09-20 20:39:16 [main] INFO  PauseManager - ▶ Resuming in 5 minutes...
2025-09-20 20:40:17 [main] INFO  PauseManager - ▶ Resuming in 4 minutes...
2025-09-20 20:41:17 [main] INFO  PauseManager - ▶ Resuming in 3 minutes...
2025-09-20 20:42:18 [main] INFO  PauseManager - ▶ Resuming in 2 minutes...
2025-09-20 20:43:18 [main] INFO  PauseManager - ▶ Resuming in 1 minutes...
2025-09-20 20:44:08 [main] INFO  PauseManager - ▶ Resuming in 10 seconds...
2025-09-20 20:44:09 [main] INFO  PauseManager - ▶ Resuming in 9 seconds...
2025-09-20 20:44:10 [main] INFO  PauseManager - ▶ Resuming in 8 seconds...
2025-09-20 20:44:11 [main] INFO  PauseManager - ▶ Resuming in 7 seconds...
2025-09-20 20:44:12 [main] INFO  PauseManager - ▶ Resuming in 6 seconds...
2025-09-20 20:44:13 [main] INFO  PauseManager - ▶ Resuming in 5 seconds...
2025-09-20 20:44:14 [main] INFO  PauseManager - ▶ Resuming in 4 seconds...
2025-09-20 20:44:15 [main] INFO  PauseManager - ▶ Resuming in 3 seconds...
2025-09-20 20:44:16 [main] INFO  PauseManager - ▶ Resuming in 2 seconds...
2025-09-20 20:44:17 [main] INFO  PauseManager - ▶ Resuming in 1 seconds...
2025-09-20 20:44:18 [main] INFO  PauseManager - ✅ Pause complete. Resuming tests...
2025-09-20 20:44:18 [main] INFO  DriverFactory - 🌐 Starting Chrome Web Browser...
2025-09-20 20:44:18 [main] INFO  DriverFactory - ✅ Created temporary Chrome profile at C:\Users\dell\AppData\Local\Temp\chrome-profile-17251409546875416514
2025-09-20 20:44:20 [main] INFO  DriverFactory - 🚀 WebDriver started successfully
2025-09-20 20:44:20 [main] INFO  RetryUrlAccess - 🌐 Navigating to URL (attempt 1): https://demoqa.com
2025-09-20 20:44:22 [main] INFO  RetryUrlAccess - ✅ Navigation successful on attempt 1
2025-09-20 20:44:22 [main] INFO  demoqaBase - 🧪 Starting Test Elements|Home|Selecting Downloads Check Box Test...
Instance Variables Declared are: nullnull
2025-09-20 20:44:22 [main] INFO  demoqaBase - Accessing Elements Card...
2025-09-20 20:44:22 [main] INFO  demoqaLog - Clicking on Elements Card...
🔹 Trying JS click by locator (attempt 1)
2025-09-20 20:44:22 [main] INFO  demoqaLog - 🔹 Trying JS click by locator (attempt 1)
🔹 Attempting JS click...
2025-09-20 20:44:22 [main] INFO  demoqaLog - 🔹 Attempting JS click...
⚡ Falling back to native click by locator (attempt 1)
2025-09-20 20:44:23 [main] INFO  demoqaLog - ⚡ Falling back to native click by locator (attempt 1)
2025-09-20 20:44:23 [main] INFO  demoqaLog - Clicked on Elements Card...
Title of this Page is: DEMOQA
You are Accessing: Elements
 
Elements: Please select an item from left to start practice.
2025-09-20 20:44:23 [main] INFO  demoqaBase - Elements: Please select an item from left to start practice.
2025-09-20 20:44:23 [main] INFO  demoqaBase - Accessing Check Box...
🔹 Trying JS click on WebElement (attempt 1)
2025-09-20 20:44:23 [main] INFO  demoqaLog - 🔹 Trying JS click on WebElement (attempt 1)
🔹 Attempting JS click...
2025-09-20 20:44:23 [main] INFO  demoqaLog - 🔹 Attempting JS click...
Check Box
2025-09-20 20:44:23 [main] INFO  demoqaBase - You are accessing: Check Box
2025-09-20 20:44:23 [main] INFO  demoqaLog - ⏳ Waiting for page to fully load (timeout: 30s)
2025-09-20 20:44:53 [main] WARN  demoqaLog - ⚠️ Page did not load within 30 seconds.
2025-09-20 20:44:53 [main] INFO  demoqaBase - Clicking on Home Toggle Button...
🔹 Trying JS click on WebElement (attempt 1)
2025-09-20 20:44:53 [main] INFO  demoqaLog - 🔹 Trying JS click on WebElement (attempt 1)
🔹 Attempting JS click...
2025-09-20 20:44:53 [main] INFO  demoqaLog - 🔹 Attempting JS click...
2025-09-20 20:44:53 [main] INFO  demoqaBase - Selecting Downloads Check Box...
🔹 Trying JS click on WebElement (attempt 1)
2025-09-20 20:44:53 [main] INFO  demoqaLog - 🔹 Trying JS click on WebElement (attempt 1)
🔹 Attempting JS click...
2025-09-20 20:44:53 [main] INFO  demoqaLog - 🔹 Attempting JS click...
2025-09-20 20:44:53 [main] INFO  demoqaBase - Selected Downloads Check Box...
Information Submitted is: You have selected :
downloads
wordFile
excelFile
2025-09-20 20:44:53 [main] INFO  demoqaBase - You have Selected: You have selected :
downloads
wordFile
excelFile
2025-09-20 20:44:53 [main] INFO  demoqaBase - ✅ Test Elements|Home|Selecting Downloads Check Box Completed...
]]></system-out>
  </testcase>
  <testcase name="SelectingWordFile" classname="tests.ElementsTests" time="31.795">
    <system-out><![CDATA[2025-09-20 20:44:53 [main] INFO  demoqaBase - Closing browser for test: SelectingDownloads
2025-09-20 20:44:54 [main] INFO  DriverFactory - 🌐 Starting Chrome Web Browser...
2025-09-20 20:44:54 [main] INFO  DriverFactory - ✅ Created temporary Chrome profile at C:\Users\dell\AppData\Local\Temp\chrome-profile-8454751275553540413
2025-09-20 20:44:55 [main] INFO  DriverFactory - 🚀 WebDriver started successfully
2025-09-20 20:44:55 [main] INFO  RetryUrlAccess - 🌐 Navigating to URL (attempt 1): https://demoqa.com
2025-09-20 20:44:58 [main] INFO  RetryUrlAccess - ✅ Navigation successful on attempt 1
2025-09-20 20:44:58 [main] INFO  demoqaBase - 🧪 Starting Test Elements|Home|Selecting Downloads|Word File Check Box Test...
Instance Variables Declared are: nullnull
2025-09-20 20:44:58 [main] INFO  demoqaBase - Accessing Elements Card...
2025-09-20 20:44:58 [main] INFO  demoqaLog - Clicking on Elements Card...
🔹 Trying JS click by locator (attempt 1)
2025-09-20 20:44:58 [main] INFO  demoqaLog - 🔹 Trying JS click by locator (attempt 1)
🔹 Attempting JS click...
2025-09-20 20:44:58 [main] INFO  demoqaLog - 🔹 Attempting JS click...
⚡ Falling back to native click by locator (attempt 1)
2025-09-20 20:44:58 [main] INFO  demoqaLog - ⚡ Falling back to native click by locator (attempt 1)
2025-09-20 20:44:58 [main] INFO  demoqaLog - Clicked on Elements Card...
Title of this Page is: DEMOQA
You are Accessing: Elements
 
Elements: Please select an item from left to start practice.
2025-09-20 20:44:58 [main] INFO  demoqaBase - Elements: Please select an item from left to start practice.
2025-09-20 20:44:58 [main] INFO  demoqaBase - Accessing Check Box...
🔹 Trying JS click on WebElement (attempt 1)
2025-09-20 20:44:58 [main] INFO  demoqaLog - 🔹 Trying JS click on WebElement (attempt 1)
🔹 Attempting JS click...
2025-09-20 20:44:58 [main] INFO  demoqaLog - 🔹 Attempting JS click...
Check Box
2025-09-20 20:44:59 [main] INFO  demoqaBase - You are accessing: Check Box
2025-09-20 20:44:59 [main] INFO  demoqaLog - ⏳ Waiting for page to fully load (timeout: 30s)
2025-09-20 20:45:29 [main] WARN  demoqaLog - ⚠️ Page did not load within 30 seconds.
2025-09-20 20:45:29 [main] INFO  demoqaBase - Clicking on Home Toggle Button...
🔹 Trying JS click on WebElement (attempt 1)
2025-09-20 20:45:29 [main] INFO  demoqaLog - 🔹 Trying JS click on WebElement (attempt 1)
🔹 Attempting JS click...
2025-09-20 20:45:29 [main] INFO  demoqaLog - 🔹 Attempting JS click...
2025-09-20 20:45:29 [main] INFO  demoqaBase - Clicking Downloads Toggle Button...
🔹 Trying JS click on WebElement (attempt 1)
2025-09-20 20:45:29 [main] INFO  demoqaLog - 🔹 Trying JS click on WebElement (attempt 1)
🔹 Attempting JS click...
2025-09-20 20:45:29 [main] INFO  demoqaLog - 🔹 Attempting JS click...
2025-09-20 20:45:29 [main] INFO  demoqaBase - Clicked Downloads Toggle Button...
2025-09-20 20:45:29 [main] INFO  demoqaBase - Selecting Downloads | Word File Check Box...
🔹 Trying JS click on WebElement (attempt 1)
2025-09-20 20:45:29 [main] INFO  demoqaLog - 🔹 Trying JS click on WebElement (attempt 1)
🔹 Attempting JS click...
2025-09-20 20:45:29 [main] INFO  demoqaLog - 🔹 Attempting JS click...
2025-09-20 20:45:29 [main] INFO  demoqaBase - Selected Downloads | Word File Check Box...
Information Submitted is: You have selected :
wordFile
2025-09-20 20:45:29 [main] INFO  demoqaBase - You have Selected: You have selected :
wordFile
2025-09-20 20:45:29 [main] INFO  demoqaBase - ✅ Test Elements|Home|Selecting Downloads|Word File Check Box Completed...
]]></system-out>
  </testcase>
  <testcase name="SelectingExcelFile" classname="tests.ElementsTests" time="31.154">
    <system-out><![CDATA[2025-09-20 20:45:29 [main] INFO  demoqaBase - Closing browser for test: SelectingWordFile
2025-09-20 20:45:30 [main] INFO  DriverFactory - 🌐 Starting Chrome Web Browser...
2025-09-20 20:45:30 [main] INFO  DriverFactory - ✅ Created temporary Chrome profile at C:\Users\dell\AppData\Local\Temp\chrome-profile-14961181404765039355
2025-09-20 20:45:31 [main] INFO  DriverFactory - 🚀 WebDriver started successfully
2025-09-20 20:45:31 [main] INFO  RetryUrlAccess - 🌐 Navigating to URL (attempt 1): https://demoqa.com
2025-09-20 20:45:34 [main] INFO  RetryUrlAccess - ✅ Navigation successful on attempt 1
2025-09-20 20:45:34 [main] INFO  demoqaBase - 🧪 Starting Test Elements|Home|Selecting Downloads|Excel File Check Box Test...
Instance Variables Declared are: nullnull
2025-09-20 20:45:34 [main] INFO  demoqaBase - Accessing Elements Card...
2025-09-20 20:45:34 [main] INFO  demoqaLog - Clicking on Elements Card...
🔹 Trying JS click by locator (attempt 1)
2025-09-20 20:45:34 [main] INFO  demoqaLog - 🔹 Trying JS click by locator (attempt 1)
🔹 Attempting JS click...
2025-09-20 20:45:34 [main] INFO  demoqaLog - 🔹 Attempting JS click...
⚡ Falling back to native click by locator (attempt 1)
2025-09-20 20:45:34 [main] INFO  demoqaLog - ⚡ Falling back to native click by locator (attempt 1)
2025-09-20 20:45:34 [main] INFO  demoqaLog - Clicked on Elements Card...
Title of this Page is: DEMOQA
You are Accessing: Elements
 
Elements: Please select an item from left to start practice.
2025-09-20 20:45:34 [main] INFO  demoqaBase - Elements: Please select an item from left to start practice.
2025-09-20 20:45:34 [main] INFO  demoqaBase - Accessing Check Box...
🔹 Trying JS click on WebElement (attempt 1)
2025-09-20 20:45:34 [main] INFO  demoqaLog - 🔹 Trying JS click on WebElement (attempt 1)
🔹 Attempting JS click...
2025-09-20 20:45:34 [main] INFO  demoqaLog - 🔹 Attempting JS click...
Check Box
2025-09-20 20:45:34 [main] INFO  demoqaBase - You are accessing: Check Box
2025-09-20 20:45:34 [main] INFO  demoqaLog - ⏳ Waiting for page to fully load (timeout: 30s)
2025-09-20 20:46:04 [main] WARN  demoqaLog - ⚠️ Page did not load within 30 seconds.
2025-09-20 20:46:04 [main] INFO  demoqaBase - Clicking on Home Toggle Button...
🔹 Trying JS click on WebElement (attempt 1)
2025-09-20 20:46:04 [main] INFO  demoqaLog - 🔹 Trying JS click on WebElement (attempt 1)
🔹 Attempting JS click...
2025-09-20 20:46:04 [main] INFO  demoqaLog - 🔹 Attempting JS click...
2025-09-20 20:46:05 [main] INFO  demoqaBase - Clicking Downloads Toggle Button...
🔹 Trying JS click on WebElement (attempt 1)
2025-09-20 20:46:05 [main] INFO  demoqaLog - 🔹 Trying JS click on WebElement (attempt 1)
🔹 Attempting JS click...
2025-09-20 20:46:05 [main] INFO  demoqaLog - 🔹 Attempting JS click...
2025-09-20 20:46:05 [main] INFO  demoqaBase - Clicked Downloads Toggle Button...
2025-09-20 20:46:05 [main] INFO  demoqaBase - Selecting Downloads | Excel File Check Box...
🔹 Trying JS click on WebElement (attempt 1)
2025-09-20 20:46:05 [main] INFO  demoqaLog - 🔹 Trying JS click on WebElement (attempt 1)
🔹 Attempting JS click...
2025-09-20 20:46:05 [main] INFO  demoqaLog - 🔹 Attempting JS click...
2025-09-20 20:46:05 [main] INFO  demoqaBase - Selected Downloads | Excel File Check Box...
Information Submitted is: You have selected :
excelFile
2025-09-20 20:46:05 [main] INFO  demoqaBase - You have Selected: You have selected :
excelFile
2025-09-20 20:46:05 [main] INFO  demoqaBase - ✅ Test Elements|Home|Selecting Downloads|Excel File Check Box Completed...
]]></system-out>
  </testcase>
  <testcase name="SelectingAllFiles" classname="tests.ElementsTests" time="31.374">
    <system-out><![CDATA[2025-09-20 20:46:05 [main] INFO  demoqaBase - Closing browser for test: SelectingExcelFile
2025-09-20 20:46:06 [main] INFO  DriverFactory - 🌐 Starting Chrome Web Browser...
2025-09-20 20:46:06 [main] INFO  DriverFactory - ✅ Created temporary Chrome profile at C:\Users\dell\AppData\Local\Temp\chrome-profile-7446672722912804409
2025-09-20 20:46:07 [main] INFO  DriverFactory - 🚀 WebDriver started successfully
2025-09-20 20:46:07 [main] INFO  RetryUrlAccess - 🌐 Navigating to URL (attempt 1): https://demoqa.com
2025-09-20 20:46:10 [main] INFO  RetryUrlAccess - ✅ Navigation successful on attempt 1
2025-09-20 20:46:10 [main] INFO  demoqaBase - 🧪 Starting Test Elements|Home|Selecting Downloads|Word & Excel File Check Boxes Test...
Instance Variables Declared are: nullnull
2025-09-20 20:46:10 [main] INFO  demoqaBase - Accessing Elements Card...
2025-09-20 20:46:10 [main] INFO  demoqaLog - Clicking on Elements Card...
🔹 Trying JS click by locator (attempt 1)
2025-09-20 20:46:10 [main] INFO  demoqaLog - 🔹 Trying JS click by locator (attempt 1)
🔹 Attempting JS click...
2025-09-20 20:46:10 [main] INFO  demoqaLog - 🔹 Attempting JS click...
⚡ Falling back to native click by locator (attempt 1)
2025-09-20 20:46:10 [main] INFO  demoqaLog - ⚡ Falling back to native click by locator (attempt 1)
2025-09-20 20:46:10 [main] INFO  demoqaLog - Clicked on Elements Card...
Title of this Page is: DEMOQA
You are Accessing: Elements
 
Elements: Please select an item from left to start practice.
2025-09-20 20:46:10 [main] INFO  demoqaBase - Elements: Please select an item from left to start practice.
2025-09-20 20:46:10 [main] INFO  demoqaBase - Accessing Check Box...
🔹 Trying JS click on WebElement (attempt 1)
2025-09-20 20:46:10 [main] INFO  demoqaLog - 🔹 Trying JS click on WebElement (attempt 1)
🔹 Attempting JS click...
2025-09-20 20:46:10 [main] INFO  demoqaLog - 🔹 Attempting JS click...
Check Box
2025-09-20 20:46:11 [main] INFO  demoqaBase - You are accessing: Check Box
2025-09-20 20:46:11 [main] INFO  demoqaLog - ⏳ Waiting for page to fully load (timeout: 30s)
2025-09-20 20:46:41 [main] WARN  demoqaLog - ⚠️ Page did not load within 30 seconds.
2025-09-20 20:46:41 [main] INFO  demoqaBase - Clicking on Home Toggle Button...
🔹 Trying JS click on WebElement (attempt 1)
2025-09-20 20:46:41 [main] INFO  demoqaLog - 🔹 Trying JS click on WebElement (attempt 1)
🔹 Attempting JS click...
2025-09-20 20:46:41 [main] INFO  demoqaLog - 🔹 Attempting JS click...
2025-09-20 20:46:41 [main] INFO  demoqaBase - Clicking Downloads Toggle Button...
🔹 Trying JS click on WebElement (attempt 1)
2025-09-20 20:46:41 [main] INFO  demoqaLog - 🔹 Trying JS click on WebElement (attempt 1)
🔹 Attempting JS click...
2025-09-20 20:46:41 [main] INFO  demoqaLog - 🔹 Attempting JS click...
2025-09-20 20:46:41 [main] INFO  demoqaBase - Clicked Downloads Toggle Button...
2025-09-20 20:46:41 [main] INFO  demoqaBase - Selecting Downloads | Word File Check Box...
🔹 Trying JS click on WebElement (attempt 1)
2025-09-20 20:46:41 [main] INFO  demoqaLog - 🔹 Trying JS click on WebElement (attempt 1)
🔹 Attempting JS click...
2025-09-20 20:46:41 [main] INFO  demoqaLog - 🔹 Attempting JS click...
2025-09-20 20:46:41 [main] INFO  demoqaBase - Selected Downloads | Word File Check Box...
2025-09-20 20:46:41 [main] INFO  demoqaBase - Selecting Downloads | Excel File Check Box...
🔹 Trying JS click on WebElement (attempt 1)
2025-09-20 20:46:41 [main] INFO  demoqaLog - 🔹 Trying JS click on WebElement (attempt 1)
🔹 Attempting JS click...
2025-09-20 20:46:41 [main] INFO  demoqaLog - 🔹 Attempting JS click...
2025-09-20 20:46:41 [main] INFO  demoqaBase - Selected Downloads | Excel File Check Box...
Information Submitted is: You have selected :
downloads
wordFile
excelFile
2025-09-20 20:46:41 [main] INFO  demoqaBase - You have Selected: You have selected :
downloads
wordFile
excelFile
2025-09-20 20:46:41 [main] INFO  demoqaBase - ✅ Test Elements|Home|Selecting Downloads|Word & Excel File Check Boxes Completed...
]]></system-out>
  </testcase>
  <testcase name="clickRadioButton" classname="tests.ElementsTests" time="0.511">
    <system-out><![CDATA[2025-09-20 20:46:41 [main] INFO  demoqaBase - Closing browser for test: SelectingAllFiles
2025-09-20 20:46:42 [main] INFO  DriverFactory - 🌐 Starting Chrome Web Browser...
2025-09-20 20:46:42 [main] INFO  DriverFactory - ✅ Created temporary Chrome profile at C:\Users\dell\AppData\Local\Temp\chrome-profile-3556018386125643372
2025-09-20 20:46:43 [main] INFO  DriverFactory - 🚀 WebDriver started successfully
2025-09-20 20:46:43 [main] INFO  RetryUrlAccess - 🌐 Navigating to URL (attempt 1): https://demoqa.com
2025-09-20 20:46:47 [main] INFO  RetryUrlAccess - ✅ Navigation successful on attempt 1
2025-09-20 20:46:47 [main] INFO  demoqaBase - 🧪 Starting Test Elements|Radio Button Test...
Instance Variables Declared are: nullnull
2025-09-20 20:46:47 [main] INFO  demoqaBase - Accessing Elements Card...
2025-09-20 20:46:47 [main] INFO  demoqaLog - Clicking on Elements Card...
🔹 Trying JS click by locator (attempt 1)
2025-09-20 20:46:47 [main] INFO  demoqaLog - 🔹 Trying JS click by locator (attempt 1)
🔹 Attempting JS click...
2025-09-20 20:46:47 [main] INFO  demoqaLog - 🔹 Attempting JS click...
⚡ Falling back to native click by locator (attempt 1)
2025-09-20 20:46:47 [main] INFO  demoqaLog - ⚡ Falling back to native click by locator (attempt 1)
2025-09-20 20:46:47 [main] INFO  demoqaLog - Clicked on Elements Card...
Title of this Page is: DEMOQA
You are Accessing: Elements
 
Elements: Please select an item from left to start practice.
2025-09-20 20:46:47 [main] INFO  demoqaBase - Elements: Please select an item from left to start practice.
2025-09-20 20:46:47 [main] INFO  demoqaBase - Clicking on Radio Button...
🔹 Trying JS click on WebElement (attempt 1)
2025-09-20 20:46:47 [main] INFO  demoqaLog - 🔹 Trying JS click on WebElement (attempt 1)
🔹 Attempting JS click...
2025-09-20 20:46:47 [main] INFO  demoqaLog - 🔹 Attempting JS click...
2025-09-20 20:46:47 [main] INFO  demoqaBase - Clicked on Radio Button...
2025-09-20 20:46:47 [main] INFO  demoqaBase - Validating Radio Button Click...
Page Title is: Radio Button
2025-09-20 20:46:47 [main] INFO  demoqaBase - ✅ Test Elements|Radio Button Completed...
]]></system-out>
  </testcase>
  <testcase name="SelectYesRadioButton" classname="tests.ElementsTests" time="1.261">
    <system-out><![CDATA[2025-09-20 20:46:47 [main] INFO  demoqaBase - Closing browser for test: clickRadioButton
2025-09-20 20:46:48 [main] INFO  DriverFactory - 🌐 Starting Chrome Web Browser...
2025-09-20 20:46:48 [main] INFO  DriverFactory - ✅ Created temporary Chrome profile at C:\Users\dell\AppData\Local\Temp\chrome-profile-14382938868716224284
2025-09-20 20:46:49 [main] INFO  DriverFactory - 🚀 WebDriver started successfully
2025-09-20 20:46:49 [main] INFO  RetryUrlAccess - 🌐 Navigating to URL (attempt 1): https://demoqa.com
2025-09-20 20:46:52 [main] INFO  RetryUrlAccess - ✅ Navigation successful on attempt 1
2025-09-20 20:46:52 [main] INFO  demoqaBase - 🧪 Starting Test Elements|Yes Radio Button Test...
Instance Variables Declared are: nullnull
2025-09-20 20:46:52 [main] INFO  demoqaBase - Accessing Elements Card...
2025-09-20 20:46:52 [main] INFO  demoqaLog - Clicking on Elements Card...
🔹 Trying JS click by locator (attempt 1)
2025-09-20 20:46:52 [main] INFO  demoqaLog - 🔹 Trying JS click by locator (attempt 1)
🔹 Attempting JS click...
2025-09-20 20:46:52 [main] INFO  demoqaLog - 🔹 Attempting JS click...
⚡ Falling back to native click by locator (attempt 1)
2025-09-20 20:46:52 [main] INFO  demoqaLog - ⚡ Falling back to native click by locator (attempt 1)
2025-09-20 20:46:52 [main] INFO  demoqaLog - Clicked on Elements Card...
Title of this Page is: DEMOQA
You are Accessing: Elements
 
Elements: Please select an item from left to start practice.
2025-09-20 20:46:52 [main] INFO  demoqaBase - Elements: Please select an item from left to start practice.
2025-09-20 20:46:52 [main] INFO  demoqaBase - Clicking on Radio Button...
🔹 Trying JS click on WebElement (attempt 1)
2025-09-20 20:46:52 [main] INFO  demoqaLog - 🔹 Trying JS click on WebElement (attempt 1)
🔹 Attempting JS click...
2025-09-20 20:46:52 [main] INFO  demoqaLog - 🔹 Attempting JS click...
2025-09-20 20:46:52 [main] INFO  demoqaBase - Clicked on Radio Button...
2025-09-20 20:46:52 [main] INFO  demoqaBase - Selecting on Yes Radio Button...
Declared WebDriverWait: org.openqa.selenium.support.ui.WebDriverWait@52f17199
🔹 Trying JS click on WebElement (attempt 1)
2025-09-20 20:46:52 [main] INFO  demoqaLog - 🔹 Trying JS click on WebElement (attempt 1)
🔹 Attempting JS click...
2025-09-20 20:46:52 [main] INFO  demoqaLog - 🔹 Attempting JS click...
2025-09-20 20:46:53 [main] INFO  demoqaBase - Your Selection of Radio Button Name is: Yes
2025-09-20 20:46:53 [main] INFO  demoqaBase - Validating Radio Selection Test Result...
2025-09-20 20:46:53 [main] INFO  demoqaBase - You have selected: Yes
2025-09-20 20:46:53 [main] INFO  demoqaBase - Test Case of Radio Button Selection PASSED...
2025-09-20 20:46:53 [main] INFO  demoqaBase - ✅ Test Elements|Yes Radio Button Completed...
]]></system-out>
  </testcase>
  <testcase name="SelectImpressiveRadioButton" classname="tests.ElementsTests" time="1.209">
    <system-out><![CDATA[2025-09-20 20:46:53 [main] INFO  demoqaBase - Closing browser for test: SelectYesRadioButton
2025-09-20 20:46:53 [main] INFO  DriverFactory - 🌐 Starting Chrome Web Browser...
2025-09-20 20:46:53 [main] INFO  DriverFactory - ✅ Created temporary Chrome profile at C:\Users\dell\AppData\Local\Temp\chrome-profile-13064647612750825340
2025-09-20 20:46:54 [main] INFO  DriverFactory - 🚀 WebDriver started successfully
2025-09-20 20:46:54 [main] INFO  RetryUrlAccess - 🌐 Navigating to URL (attempt 1): https://demoqa.com
2025-09-20 20:46:57 [main] INFO  RetryUrlAccess - ✅ Navigation successful on attempt 1
2025-09-20 20:46:57 [main] INFO  demoqaBase - 🧪 Starting Test Elements|Yes Radio Button Test...
Instance Variables Declared are: nullnull
2025-09-20 20:46:57 [main] INFO  demoqaBase - Accessing Elements Card...
2025-09-20 20:46:57 [main] INFO  demoqaLog - Clicking on Elements Card...
🔹 Trying JS click by locator (attempt 1)
2025-09-20 20:46:57 [main] INFO  demoqaLog - 🔹 Trying JS click by locator (attempt 1)
🔹 Attempting JS click...
2025-09-20 20:46:57 [main] INFO  demoqaLog - 🔹 Attempting JS click...
⚡ Falling back to native click by locator (attempt 1)
2025-09-20 20:46:57 [main] INFO  demoqaLog - ⚡ Falling back to native click by locator (attempt 1)
2025-09-20 20:46:57 [main] INFO  demoqaLog - Clicked on Elements Card...
Title of this Page is: DEMOQA
You are Accessing: Elements
 
Elements: Please select an item from left to start practice.
2025-09-20 20:46:58 [main] INFO  demoqaBase - Elements: Please select an item from left to start practice.
2025-09-20 20:46:58 [main] INFO  demoqaBase - Clicking on Radio Button...
🔹 Trying JS click on WebElement (attempt 1)
2025-09-20 20:46:58 [main] INFO  demoqaLog - 🔹 Trying JS click on WebElement (attempt 1)
🔹 Attempting JS click...
2025-09-20 20:46:58 [main] INFO  demoqaLog - 🔹 Attempting JS click...
2025-09-20 20:46:58 [main] INFO  demoqaBase - Clicked on Radio Button...
2025-09-20 20:46:58 [main] INFO  demoqaBase - Selecting on Impressive Radio Button...
🔹 Trying JS click on WebElement (attempt 1)
2025-09-20 20:46:58 [main] INFO  demoqaLog - 🔹 Trying JS click on WebElement (attempt 1)
🔹 Attempting JS click...
2025-09-20 20:46:58 [main] INFO  demoqaLog - 🔹 Attempting JS click...
2025-09-20 20:46:58 [main] INFO  demoqaBase - Your Selection of Radio Button Name is: Impressive
2025-09-20 20:46:58 [main] INFO  demoqaBase - Validating Radio Selection Test Result...
2025-09-20 20:46:58 [main] INFO  demoqaBase - You have selected: Impressive
2025-09-20 20:46:58 [main] INFO  demoqaBase - Test Case of Radio Button Selection PASSED...
2025-09-20 20:46:58 [main] INFO  demoqaBase - ✅ Test Elements|Radio Button|Impressive Completed...
]]></system-out>
  </testcase>
  <testcase name="WebTablesClick" classname="tests.ElementsTests" time="0.658">
    <system-out><![CDATA[2025-09-20 20:46:58 [main] INFO  demoqaBase - Closing browser for test: SelectImpressiveRadioButton
2025-09-20 20:46:59 [main] INFO  DriverFactory - 🌐 Starting Chrome Web Browser...
2025-09-20 20:46:59 [main] INFO  DriverFactory - ✅ Created temporary Chrome profile at C:\Users\dell\AppData\Local\Temp\chrome-profile-14879317244690369604
2025-09-20 20:47:00 [main] INFO  DriverFactory - 🚀 WebDriver started successfully
2025-09-20 20:47:00 [main] INFO  RetryUrlAccess - 🌐 Navigating to URL (attempt 1): https://demoqa.com
2025-09-20 20:47:03 [main] INFO  RetryUrlAccess - ✅ Navigation successful on attempt 1
2025-09-20 20:47:03 [main] INFO  demoqaBase - 🧪 Starting Test Elements|Web Tables Test...
Instance Variables Declared are: nullnull
2025-09-20 20:47:03 [main] INFO  demoqaBase - Accessing Elements Card...
2025-09-20 20:47:03 [main] INFO  demoqaLog - Clicking on Elements Card...
🔹 Trying JS click by locator (attempt 1)
2025-09-20 20:47:03 [main] INFO  demoqaLog - 🔹 Trying JS click by locator (attempt 1)
🔹 Attempting JS click...
2025-09-20 20:47:03 [main] INFO  demoqaLog - 🔹 Attempting JS click...
⚡ Falling back to native click by locator (attempt 1)
2025-09-20 20:47:03 [main] INFO  demoqaLog - ⚡ Falling back to native click by locator (attempt 1)
2025-09-20 20:47:03 [main] INFO  demoqaLog - Clicked on Elements Card...
Title of this Page is: DEMOQA
You are Accessing: Elements
 
Elements: Please select an item from left to start practice.
2025-09-20 20:47:03 [main] INFO  demoqaBase - Elements: Please select an item from left to start practice.
2025-09-20 20:47:03 [main] INFO  demoqaBase - Click on Elements|Web Tables...
2025-09-20 20:47:03 [main] INFO  demoqaBase - ✅ Test Elements|Web Tables Completed...
]]></system-out>
  </testcase>
  <testcase name="webTableNewRegistration[WebTableUser{firstName=&apos;Johny&apos;, lastName=&apos;Bravo&apos;, email=&apos;Jbravo@demoqa.com&apos;, salary=280000, age=340, department=&apos;Information Technology&apos;}](1)" classname="tests.ElementsTests" time="32.351">
    <system-out><![CDATA[2025-09-20 20:47:03 [main] INFO  demoqaBase - Closing browser for test: WebTablesClick
🧾 Row 1: {Salary=28000.0, Email=Jbravo@demoqa.com, DOBTime=6:45:00 am, Address=511 Grant 481, Prattsville\n Arkansas 72129\n United States, First Name=Johny, Gender=Male, City=Delhi, Mobile=9.238343488E9, Hobbies=Sports,Music, Subject=Computer Science, Current Address=301 Town 481, Brookville\n kansas 42129\n United States, Department=Information Technology, DOB=15/08/2000, Picture=/TestData/Mphoto.jpg, State=NCR, Last Name=Bravo, Age=34.0}
🔍 Mapping field: firstName | Excel Column: First Name | Value: Johny
🔍 Mapping field: lastName | Excel Column: Last Name | Value: Bravo
🔍 Mapping field: email | Excel Column: Email | Value: Jbravo@demoqa.com
🔍 Mapping field: salary | Excel Column: Salary | Value: 28000.0
🔍 Mapping field: age | Excel Column: Age | Value: 34.0
🔍 Mapping field: department | Excel Column: Department | Value: Information Technology
🧾 Row 2: {Salary=18000.0, Email=GFemina@demoqa.com, DOBTime=4:30:00 pm, Address=512 Grant 481, Prattsville\n Arkansas 72129\n United States, First Name=Gene, Gender=Female, City=Merrut, Mobile=1.888343432E9, Hobbies=Music,Reading, Subject=Accounting, Current Address=302 Town 481, Brookville\n kansas 42129\n United States, Department=Finance, DOB=22/05/2002, Picture=/TestData/Fphoto.png, State=Uttar Pradesh, Last Name=Femina, Age=30.0}
🔍 Mapping field: firstName | Excel Column: First Name | Value: Gene
🔍 Mapping field: lastName | Excel Column: Last Name | Value: Femina
🔍 Mapping field: email | Excel Column: Email | Value: GFemina@demoqa.com
🔍 Mapping field: salary | Excel Column: Salary | Value: 18000.0
🔍 Mapping field: age | Excel Column: Age | Value: 30.0
🔍 Mapping field: department | Excel Column: Department | Value: Finance
🧾 Row 3: {Salary=15000.0, Email=BWisem@demoqa.com, DOBTime=8:45:00 pm, Address=513 Grant 481, Prattsville\n Arkansas 72129\n United States, First Name=Bud, Gender=Other, City=Panipat, Mobile=8.932465432E9, Hobbies=Reading, Subject=Biology, Current Address=303 Town 481, Brookville\n kansas 42129\n United States, Department=Medicine, DOB=31/12/1999, Picture=/TestData/Ophoto.jpg, State=Haryana, Last Name=Wisem, Age=40.0}
🔍 Mapping field: firstName | Excel Column: First Name | Value: Bud
🔍 Mapping field: lastName | Excel Column: Last Name | Value: Wisem
🔍 Mapping field: email | Excel Column: Email | Value: BWisem@demoqa.com
🔍 Mapping field: salary | Excel Column: Salary | Value: 15000.0
🔍 Mapping field: age | Excel Column: Age | Value: 40.0
🔍 Mapping field: department | Excel Column: Department | Value: Medicine
🧾 Row 4: {Salary=19000.0, Email=TBoss@demoqa.com, DOBTime=5:45:00 am, Address=514 Grant 481, Prattsville\n Arkansas 72129\n United States, First Name=Tom, Gender=Male, City=Jaiselmer, Mobile=7.839875281E9, Hobbies=Sports,Reading, Subject=Social Studies, Current Address=304 Town 481, Brookville\n kansas 42129\n United States, Department=Recreation, DOB=1/26/03, Picture=/TestData/M2photo.jpg, State=Rajasthan, Last Name=Boss, Age=42.0}
🔍 Mapping field: firstName | Excel Column: First Name | Value: Tom
🔍 Mapping field: lastName | Excel Column: Last Name | Value: Boss
🔍 Mapping field: email | Excel Column: Email | Value: TBoss@demoqa.com
🔍 Mapping field: salary | Excel Column: Salary | Value: 19000.0
🔍 Mapping field: age | Excel Column: Age | Value: 42.0
🔍 Mapping field: department | Excel Column: Department | Value: Recreation
2025-09-20 20:47:04 [main] INFO  DriverFactory - 🌐 Starting Chrome Web Browser...
2025-09-20 20:47:04 [main] INFO  DriverFactory - ✅ Created temporary Chrome profile at C:\Users\dell\AppData\Local\Temp\chrome-profile-12583555457690741904
2025-09-20 20:47:09 [main] INFO  DriverFactory - 🚀 WebDriver started successfully
2025-09-20 20:47:09 [main] INFO  RetryUrlAccess - 🌐 Navigating to URL (attempt 1): https://demoqa.com
2025-09-20 20:47:12 [main] INFO  RetryUrlAccess - ✅ Navigation successful on attempt 1
2025-09-20 20:47:12 [main] INFO  demoqaBase - 🧪 Starting Test Elements|Web Tables|Registration Form Create User...
Instance Variables Declared are: nullnull
2025-09-20 20:47:12 [main] INFO  demoqaBase - Accessing Elements Card...
2025-09-20 20:47:12 [main] INFO  demoqaLog - Clicking on Elements Card...
🔹 Trying JS click by locator (attempt 1)
2025-09-20 20:47:12 [main] INFO  demoqaLog - 🔹 Trying JS click by locator (attempt 1)
🔹 Attempting JS click...
2025-09-20 20:47:12 [main] INFO  demoqaLog - 🔹 Attempting JS click...
⚡ Falling back to native click by locator (attempt 1)
2025-09-20 20:47:12 [main] INFO  demoqaLog - ⚡ Falling back to native click by locator (attempt 1)
2025-09-20 20:47:12 [main] INFO  demoqaLog - Clicked on Elements Card...
Title of this Page is: DEMOQA
You are Accessing: Elements
 
Elements: Please select an item from left to start practice.
2025-09-20 20:47:12 [main] INFO  demoqaBase - Elements: Please select an item from left to start practice.
2025-09-20 20:47:12 [main] INFO  demoqaBase - Click on Elements|Web Tables...
2025-09-20 20:47:13 [main] INFO  demoqaLog - ⏳ Waiting for page to fully load (timeout: 30s)
2025-09-20 20:47:43 [main] INFO  demoqaLog - ✅ Page load completed.
2025-09-20 20:47:43 [main] INFO  demoqaBase - Click on Elements|Web Tables|Registration Form...
🔹 Trying JS click on WebElement (attempt 1)
2025-09-20 20:47:43 [main] INFO  demoqaLog - 🔹 Trying JS click on WebElement (attempt 1)
🔹 Attempting JS click...
2025-09-20 20:47:43 [main] INFO  demoqaLog - 🔹 Attempting JS click...
2025-09-20 20:47:43 [main] ERROR demoqaBase - Registering User: Johny
2025-09-20 20:47:43 [main] INFO  demoqaBase - Click on Elements|Web Tables|Registration Form|FirstName...
2025-09-20 20:47:43 [main] INFO  demoqaBase - First Name entered is: Johny
2025-09-20 20:47:43 [main] INFO  demoqaBase - Click on Elements|Web Tables|Registration Form|LastName...
Last Name is: Bravo
2025-09-20 20:47:43 [main] INFO  demoqaBase - Last Name entered is: Bravo
2025-09-20 20:47:43 [main] INFO  demoqaBase - Click on Elements|Web Tables|Registration Form|Email...
Email ID is: Jbravo@demoqa.com
2025-09-20 20:47:44 [main] INFO  demoqaBase - Email entered is: Jbravo@demoqa.com
2025-09-20 20:47:44 [main] INFO  demoqaBase - Click on Elements|Web Tables|Registration Form|Age...
2025-09-20 20:47:44 [main] INFO  demoqaBase - Age entered is: 34
2025-09-20 20:47:44 [main] INFO  demoqaBase - Click on Elements|Web Tables|Registration Form|Salary...
2025-09-20 20:47:44 [main] INFO  demoqaBase - Salary entered is: 280000
2025-09-20 20:47:44 [main] INFO  demoqaBase - Click on Elements|Web Tables|Registration Form|Department...
2025-09-20 20:47:44 [main] INFO  demoqaBase - Department entered is: Information Technology
2025-09-20 20:47:44 [main] INFO  demoqaBase - Submitting Registration Form...
2025-09-20 20:47:44 [main] INFO  demoqaBase - Registration Form Submitted...
2025-09-20 20:47:44 [main] ERROR demoqaBase - Submitted to register user: Johny
2025-09-20 20:47:44 [main] INFO  demoqaBase - ✅ Test Elements|Web Tables|Registration Form Create User Completed...
]]></system-out>
  </testcase>
  <testcase name="webTableNewRegistration[WebTableUser{firstName=&apos;Gene&apos;, lastName=&apos;Femina&apos;, email=&apos;GFemina@demoqa.com&apos;, salary=180000, age=300, department=&apos;Finance&apos;}](2)" classname="tests.ElementsTests" time="32.308">
    <system-out><![CDATA[2025-09-20 20:47:44 [main] INFO  demoqaBase - Closing browser for test: webTableNewRegistration
2025-09-20 20:47:45 [main] INFO  DriverFactory - 🌐 Starting Chrome Web Browser...
2025-09-20 20:47:45 [main] INFO  DriverFactory - ✅ Created temporary Chrome profile at C:\Users\dell\AppData\Local\Temp\chrome-profile-7565374608539123143
2025-09-20 20:47:46 [main] INFO  DriverFactory - 🚀 WebDriver started successfully
2025-09-20 20:47:46 [main] INFO  RetryUrlAccess - 🌐 Navigating to URL (attempt 1): https://demoqa.com
2025-09-20 20:47:50 [main] INFO  RetryUrlAccess - ✅ Navigation successful on attempt 1
2025-09-20 20:47:50 [main] INFO  demoqaBase - 🧪 Starting Test Elements|Web Tables|Registration Form Create User...
Instance Variables Declared are: nullnull
2025-09-20 20:47:50 [main] INFO  demoqaBase - Accessing Elements Card...
2025-09-20 20:47:50 [main] INFO  demoqaLog - Clicking on Elements Card...
🔹 Trying JS click by locator (attempt 1)
2025-09-20 20:47:50 [main] INFO  demoqaLog - 🔹 Trying JS click by locator (attempt 1)
🔹 Attempting JS click...
2025-09-20 20:47:50 [main] INFO  demoqaLog - 🔹 Attempting JS click...
⚡ Falling back to native click by locator (attempt 1)
2025-09-20 20:47:50 [main] INFO  demoqaLog - ⚡ Falling back to native click by locator (attempt 1)
2025-09-20 20:47:50 [main] INFO  demoqaLog - Clicked on Elements Card...
Title of this Page is: DEMOQA
You are Accessing: Elements
 
Elements: Please select an item from left to start practice.
2025-09-20 20:47:50 [main] INFO  demoqaBase - Elements: Please select an item from left to start practice.
2025-09-20 20:47:50 [main] INFO  demoqaBase - Click on Elements|Web Tables...
2025-09-20 20:47:51 [main] INFO  demoqaLog - ⏳ Waiting for page to fully load (timeout: 30s)
2025-09-20 20:48:21 [main] WARN  demoqaLog - ⚠️ Page did not load within 30 seconds.
2025-09-20 20:48:21 [main] INFO  demoqaBase - Click on Elements|Web Tables|Registration Form...
🔹 Trying JS click on WebElement (attempt 1)
2025-09-20 20:48:21 [main] INFO  demoqaLog - 🔹 Trying JS click on WebElement (attempt 1)
🔹 Attempting JS click...
2025-09-20 20:48:21 [main] INFO  demoqaLog - 🔹 Attempting JS click...
2025-09-20 20:48:21 [main] ERROR demoqaBase - Registering User: Gene
2025-09-20 20:48:21 [main] INFO  demoqaBase - Click on Elements|Web Tables|Registration Form|FirstName...
2025-09-20 20:48:21 [main] INFO  demoqaBase - First Name entered is: Gene
2025-09-20 20:48:21 [main] INFO  demoqaBase - Click on Elements|Web Tables|Registration Form|LastName...
Last Name is: Femina
2025-09-20 20:48:21 [main] INFO  demoqaBase - Last Name entered is: Femina
2025-09-20 20:48:21 [main] INFO  demoqaBase - Click on Elements|Web Tables|Registration Form|Email...
Email ID is: GFemina@demoqa.com
2025-09-20 20:48:22 [main] INFO  demoqaBase - Email entered is: GFemina@demoqa.com
2025-09-20 20:48:22 [main] INFO  demoqaBase - Click on Elements|Web Tables|Registration Form|Age...
2025-09-20 20:48:22 [main] INFO  demoqaBase - Age entered is: 30
2025-09-20 20:48:22 [main] INFO  demoqaBase - Click on Elements|Web Tables|Registration Form|Salary...
2025-09-20 20:48:22 [main] INFO  demoqaBase - Salary entered is: 180000
2025-09-20 20:48:22 [main] INFO  demoqaBase - Click on Elements|Web Tables|Registration Form|Department...
2025-09-20 20:48:22 [main] INFO  demoqaBase - Department entered is: Finance
2025-09-20 20:48:22 [main] INFO  demoqaBase - Submitting Registration Form...
2025-09-20 20:48:22 [main] INFO  demoqaBase - Registration Form Submitted...
2025-09-20 20:48:22 [main] ERROR demoqaBase - Submitted to register user: Gene
2025-09-20 20:48:22 [main] INFO  demoqaBase - ✅ Test Elements|Web Tables|Registration Form Create User Completed...
]]></system-out>
  </testcase>
  <testcase name="webTableNewRegistration[WebTableUser{firstName=&apos;Bud&apos;, lastName=&apos;Wisem&apos;, email=&apos;BWisem@demoqa.com&apos;, salary=150000, age=400, department=&apos;Medicine&apos;}](3)" classname="tests.ElementsTests" time="32.416">
    <system-out><![CDATA[2025-09-20 20:48:22 [main] INFO  demoqaBase - Closing browser for test: webTableNewRegistration
2025-09-20 20:48:23 [main] INFO  DriverFactory - 🌐 Starting Chrome Web Browser...
2025-09-20 20:48:23 [main] INFO  DriverFactory - ✅ Created temporary Chrome profile at C:\Users\dell\AppData\Local\Temp\chrome-profile-4164552135191577410
2025-09-20 20:48:25 [main] INFO  DriverFactory - 🚀 WebDriver started successfully
2025-09-20 20:48:25 [main] INFO  RetryUrlAccess - 🌐 Navigating to URL (attempt 1): https://demoqa.com
2025-09-20 20:48:27 [main] INFO  RetryUrlAccess - ✅ Navigation successful on attempt 1
2025-09-20 20:48:27 [main] INFO  demoqaBase - 🧪 Starting Test Elements|Web Tables|Registration Form Create User...
Instance Variables Declared are: nullnull
2025-09-20 20:48:27 [main] INFO  demoqaBase - Accessing Elements Card...
2025-09-20 20:48:27 [main] INFO  demoqaLog - Clicking on Elements Card...
🔹 Trying JS click by locator (attempt 1)
2025-09-20 20:48:27 [main] INFO  demoqaLog - 🔹 Trying JS click by locator (attempt 1)
🔹 Attempting JS click...
2025-09-20 20:48:27 [main] INFO  demoqaLog - 🔹 Attempting JS click...
⚡ Falling back to native click by locator (attempt 1)
2025-09-20 20:48:27 [main] INFO  demoqaLog - ⚡ Falling back to native click by locator (attempt 1)
2025-09-20 20:48:28 [main] INFO  demoqaLog - Clicked on Elements Card...
Title of this Page is: DEMOQA
You are Accessing: Elements
 
Elements: Please select an item from left to start practice.
2025-09-20 20:48:28 [main] INFO  demoqaBase - Elements: Please select an item from left to start practice.
2025-09-20 20:48:28 [main] INFO  demoqaBase - Click on Elements|Web Tables...
2025-09-20 20:48:28 [main] INFO  demoqaLog - ⏳ Waiting for page to fully load (timeout: 30s)
2025-09-20 20:48:58 [main] WARN  demoqaLog - ⚠️ Page did not load within 30 seconds.
2025-09-20 20:48:58 [main] INFO  demoqaBase - Click on Elements|Web Tables|Registration Form...
🔹 Trying JS click on WebElement (attempt 1)
2025-09-20 20:48:58 [main] INFO  demoqaLog - 🔹 Trying JS click on WebElement (attempt 1)
🔹 Attempting JS click...
2025-09-20 20:48:58 [main] INFO  demoqaLog - 🔹 Attempting JS click...
2025-09-20 20:48:58 [main] ERROR demoqaBase - Registering User: Bud
2025-09-20 20:48:58 [main] INFO  demoqaBase - Click on Elements|Web Tables|Registration Form|FirstName...
2025-09-20 20:48:58 [main] INFO  demoqaBase - First Name entered is: Bud
2025-09-20 20:48:58 [main] INFO  demoqaBase - Click on Elements|Web Tables|Registration Form|LastName...
Last Name is: Wisem
2025-09-20 20:48:59 [main] INFO  demoqaBase - Last Name entered is: Wisem
2025-09-20 20:48:59 [main] INFO  demoqaBase - Click on Elements|Web Tables|Registration Form|Email...
Email ID is: BWisem@demoqa.com
2025-09-20 20:48:59 [main] INFO  demoqaBase - Email entered is: BWisem@demoqa.com
2025-09-20 20:48:59 [main] INFO  demoqaBase - Click on Elements|Web Tables|Registration Form|Age...
2025-09-20 20:48:59 [main] INFO  demoqaBase - Age entered is: 40
2025-09-20 20:48:59 [main] INFO  demoqaBase - Click on Elements|Web Tables|Registration Form|Salary...
2025-09-20 20:48:59 [main] INFO  demoqaBase - Salary entered is: 150000
2025-09-20 20:48:59 [main] INFO  demoqaBase - Click on Elements|Web Tables|Registration Form|Department...
2025-09-20 20:49:00 [main] INFO  demoqaBase - Department entered is: Medicine
2025-09-20 20:49:00 [main] INFO  demoqaBase - Submitting Registration Form...
2025-09-20 20:49:00 [main] INFO  demoqaBase - Registration Form Submitted...
2025-09-20 20:49:00 [main] ERROR demoqaBase - Submitted to register user: Bud
2025-09-20 20:49:00 [main] INFO  demoqaBase - ✅ Test Elements|Web Tables|Registration Form Create User Completed...
]]></system-out>
  </testcase>
  <testcase name="webTableNewRegistration[WebTableUser{firstName=&apos;Tom&apos;, lastName=&apos;Boss&apos;, email=&apos;TBoss@demoqa.com&apos;, salary=190000, age=420, department=&apos;Recreation&apos;}](4)" classname="tests.ElementsTests" time="19.748">
    <system-out><![CDATA[2025-09-20 20:49:00 [main] INFO  demoqaBase - Closing browser for test: webTableNewRegistration
2025-09-20 20:49:00 [main] INFO  DriverFactory - 🌐 Starting Chrome Web Browser...
2025-09-20 20:49:00 [main] INFO  DriverFactory - ✅ Created temporary Chrome profile at C:\Users\dell\AppData\Local\Temp\chrome-profile-1940797950358009342
2025-09-20 20:49:01 [main] INFO  DriverFactory - 🚀 WebDriver started successfully
2025-09-20 20:49:01 [main] INFO  RetryUrlAccess - 🌐 Navigating to URL (attempt 1): https://demoqa.com
2025-09-20 20:49:04 [main] INFO  RetryUrlAccess - ✅ Navigation successful on attempt 1
2025-09-20 20:49:04 [main] INFO  demoqaBase - 🧪 Starting Test Elements|Web Tables|Registration Form Create User...
Instance Variables Declared are: nullnull
2025-09-20 20:49:04 [main] INFO  demoqaBase - Accessing Elements Card...
2025-09-20 20:49:04 [main] INFO  demoqaLog - Clicking on Elements Card...
🔹 Trying JS click by locator (attempt 1)
2025-09-20 20:49:04 [main] INFO  demoqaLog - 🔹 Trying JS click by locator (attempt 1)
🔹 Attempting JS click...
2025-09-20 20:49:04 [main] INFO  demoqaLog - 🔹 Attempting JS click...
⚡ Falling back to native click by locator (attempt 1)
2025-09-20 20:49:04 [main] INFO  demoqaLog - ⚡ Falling back to native click by locator (attempt 1)
2025-09-20 20:49:05 [main] INFO  demoqaLog - Clicked on Elements Card...
Title of this Page is: DEMOQA
You are Accessing: Elements
 
Elements: Please select an item from left to start practice.
2025-09-20 20:49:05 [main] INFO  demoqaBase - Elements: Please select an item from left to start practice.
2025-09-20 20:49:05 [main] INFO  demoqaBase - Click on Elements|Web Tables...
2025-09-20 20:49:05 [main] INFO  demoqaLog - ⏳ Waiting for page to fully load (timeout: 30s)
2025-09-20 20:49:23 [main] INFO  demoqaLog - ✅ Page load completed.
2025-09-20 20:49:23 [main] INFO  demoqaBase - Click on Elements|Web Tables|Registration Form...
🔹 Trying JS click on WebElement (attempt 1)
2025-09-20 20:49:23 [main] INFO  demoqaLog - 🔹 Trying JS click on WebElement (attempt 1)
🔹 Attempting JS click...
2025-09-20 20:49:23 [main] INFO  demoqaLog - 🔹 Attempting JS click...
2025-09-20 20:49:23 [main] ERROR demoqaBase - Registering User: Tom
2025-09-20 20:49:23 [main] INFO  demoqaBase - Click on Elements|Web Tables|Registration Form|FirstName...
2025-09-20 20:49:23 [main] INFO  demoqaBase - First Name entered is: Tom
2025-09-20 20:49:23 [main] INFO  demoqaBase - Click on Elements|Web Tables|Registration Form|LastName...
Last Name is: Boss
2025-09-20 20:49:23 [main] INFO  demoqaBase - Last Name entered is: Boss
2025-09-20 20:49:23 [main] INFO  demoqaBase - Click on Elements|Web Tables|Registration Form|Email...
Email ID is: TBoss@demoqa.com
2025-09-20 20:49:23 [main] INFO  demoqaBase - Email entered is: TBoss@demoqa.com
2025-09-20 20:49:23 [main] INFO  demoqaBase - Click on Elements|Web Tables|Registration Form|Age...
2025-09-20 20:49:24 [main] INFO  demoqaBase - Age entered is: 42
2025-09-20 20:49:24 [main] INFO  demoqaBase - Click on Elements|Web Tables|Registration Form|Salary...
2025-09-20 20:49:24 [main] INFO  demoqaBase - Salary entered is: 190000
2025-09-20 20:49:24 [main] INFO  demoqaBase - Click on Elements|Web Tables|Registration Form|Department...
2025-09-20 20:49:24 [main] INFO  demoqaBase - Department entered is: Recreation
2025-09-20 20:49:24 [main] INFO  demoqaBase - Submitting Registration Form...
2025-09-20 20:49:24 [main] INFO  demoqaBase - Registration Form Submitted...
2025-09-20 20:49:24 [main] ERROR demoqaBase - Submitted to register user: Tom
2025-09-20 20:49:24 [main] INFO  demoqaBase - ✅ Test Elements|Web Tables|Registration Form Create User Completed...
]]></system-out>
  </testcase>
  <testcase name="webTableAddSearch[WebTableUser{firstName=&apos;Johny&apos;, lastName=&apos;Bravo&apos;, email=&apos;Jbravo@demoqa.com&apos;, salary=280000, age=340, department=&apos;Information Technology&apos;}](1)" classname="tests.ElementsTests" time="33.051">
    <system-out><![CDATA[2025-09-20 20:49:24 [main] INFO  demoqaBase - Closing browser for test: webTableNewRegistration
🧾 Row 1: {Salary=28000.0, Email=Jbravo@demoqa.com, DOBTime=6:45:00 am, Address=511 Grant 481, Prattsville\n Arkansas 72129\n United States, First Name=Johny, Gender=Male, City=Delhi, Mobile=9.238343488E9, Hobbies=Sports,Music, Subject=Computer Science, Current Address=301 Town 481, Brookville\n kansas 42129\n United States, Department=Information Technology, DOB=15/08/2000, Picture=/TestData/Mphoto.jpg, State=NCR, Last Name=Bravo, Age=34.0}
🔍 Mapping field: firstName | Excel Column: First Name | Value: Johny
🔍 Mapping field: lastName | Excel Column: Last Name | Value: Bravo
🔍 Mapping field: email | Excel Column: Email | Value: Jbravo@demoqa.com
🔍 Mapping field: salary | Excel Column: Salary | Value: 28000.0
🔍 Mapping field: age | Excel Column: Age | Value: 34.0
🔍 Mapping field: department | Excel Column: Department | Value: Information Technology
🧾 Row 2: {Salary=18000.0, Email=GFemina@demoqa.com, DOBTime=4:30:00 pm, Address=512 Grant 481, Prattsville\n Arkansas 72129\n United States, First Name=Gene, Gender=Female, City=Merrut, Mobile=1.888343432E9, Hobbies=Music,Reading, Subject=Accounting, Current Address=302 Town 481, Brookville\n kansas 42129\n United States, Department=Finance, DOB=22/05/2002, Picture=/TestData/Fphoto.png, State=Uttar Pradesh, Last Name=Femina, Age=30.0}
🔍 Mapping field: firstName | Excel Column: First Name | Value: Gene
🔍 Mapping field: lastName | Excel Column: Last Name | Value: Femina
🔍 Mapping field: email | Excel Column: Email | Value: GFemina@demoqa.com
🔍 Mapping field: salary | Excel Column: Salary | Value: 18000.0
🔍 Mapping field: age | Excel Column: Age | Value: 30.0
🔍 Mapping field: department | Excel Column: Department | Value: Finance
🧾 Row 3: {Salary=15000.0, Email=BWisem@demoqa.com, DOBTime=8:45:00 pm, Address=513 Grant 481, Prattsville\n Arkansas 72129\n United States, First Name=Bud, Gender=Other, City=Panipat, Mobile=8.932465432E9, Hobbies=Reading, Subject=Biology, Current Address=303 Town 481, Brookville\n kansas 42129\n United States, Department=Medicine, DOB=31/12/1999, Picture=/TestData/Ophoto.jpg, State=Haryana, Last Name=Wisem, Age=40.0}
🔍 Mapping field: firstName | Excel Column: First Name | Value: Bud
🔍 Mapping field: lastName | Excel Column: Last Name | Value: Wisem
🔍 Mapping field: email | Excel Column: Email | Value: BWisem@demoqa.com
🔍 Mapping field: salary | Excel Column: Salary | Value: 15000.0
🔍 Mapping field: age | Excel Column: Age | Value: 40.0
🔍 Mapping field: department | Excel Column: Department | Value: Medicine
🧾 Row 4: {Salary=19000.0, Email=TBoss@demoqa.com, DOBTime=5:45:00 am, Address=514 Grant 481, Prattsville\n Arkansas 72129\n United States, First Name=Tom, Gender=Male, City=Jaiselmer, Mobile=7.839875281E9, Hobbies=Sports,Reading, Subject=Social Studies, Current Address=304 Town 481, Brookville\n kansas 42129\n United States, Department=Recreation, DOB=1/26/03, Picture=/TestData/M2photo.jpg, State=Rajasthan, Last Name=Boss, Age=42.0}
🔍 Mapping field: firstName | Excel Column: First Name | Value: Tom
🔍 Mapping field: lastName | Excel Column: Last Name | Value: Boss
🔍 Mapping field: email | Excel Column: Email | Value: TBoss@demoqa.com
🔍 Mapping field: salary | Excel Column: Salary | Value: 19000.0
🔍 Mapping field: age | Excel Column: Age | Value: 42.0
🔍 Mapping field: department | Excel Column: Department | Value: Recreation
2025-09-20 20:49:25 [main] INFO  DriverFactory - 🌐 Starting Chrome Web Browser...
2025-09-20 20:49:25 [main] INFO  DriverFactory - ✅ Created temporary Chrome profile at C:\Users\dell\AppData\Local\Temp\chrome-profile-18281675314532938320
2025-09-20 20:49:27 [main] INFO  DriverFactory - 🚀 WebDriver started successfully
2025-09-20 20:49:27 [main] INFO  RetryUrlAccess - 🌐 Navigating to URL (attempt 1): https://demoqa.com
2025-09-20 20:49:29 [main] INFO  RetryUrlAccess - ✅ Navigation successful on attempt 1
2025-09-20 20:49:29 [main] INFO  demoqaBase - 🧪 Starting Test Registration Form Add & Search...
Instance Variables Declared are: nullnull
2025-09-20 20:49:29 [main] INFO  demoqaBase - Accessing Elements Card...
2025-09-20 20:49:29 [main] INFO  demoqaLog - Clicking on Elements Card...
🔹 Trying JS click by locator (attempt 1)
2025-09-20 20:49:30 [main] INFO  demoqaLog - 🔹 Trying JS click by locator (attempt 1)
🔹 Attempting JS click...
2025-09-20 20:49:30 [main] INFO  demoqaLog - 🔹 Attempting JS click...
⚡ Falling back to native click by locator (attempt 1)
2025-09-20 20:49:30 [main] INFO  demoqaLog - ⚡ Falling back to native click by locator (attempt 1)
2025-09-20 20:49:30 [main] INFO  demoqaLog - Clicked on Elements Card...
Title of this Page is: DEMOQA
You are Accessing: Elements
 
Elements: Please select an item from left to start practice.
2025-09-20 20:49:30 [main] INFO  demoqaBase - Elements: Please select an item from left to start practice.
2025-09-20 20:49:30 [main] INFO  demoqaBase - Click on Elements|Web Tables...
2025-09-20 20:49:30 [main] INFO  demoqaLog - ⏳ Waiting for page to fully load (timeout: 30s)
2025-09-20 20:50:01 [main] WARN  demoqaLog - ⚠️ Page did not load within 30 seconds.
2025-09-20 20:50:01 [main] INFO  demoqaBase - Click on Elements|Web Tables|Registration Form...
🔹 Trying JS click on WebElement (attempt 1)
2025-09-20 20:50:01 [main] INFO  demoqaLog - 🔹 Trying JS click on WebElement (attempt 1)
🔹 Attempting JS click...
2025-09-20 20:50:01 [main] INFO  demoqaLog - 🔹 Attempting JS click...
2025-09-20 20:50:01 [main] ERROR demoqaBase - Registering User: Johny
2025-09-20 20:50:01 [main] INFO  demoqaBase - Click on Elements|Web Tables|Registration Form|FirstName...
2025-09-20 20:50:01 [main] INFO  demoqaBase - First Name entered is: Johny
2025-09-20 20:50:01 [main] INFO  demoqaBase - Click on Elements|Web Tables|Registration Form|LastName...
Last Name is: Bravo
2025-09-20 20:50:01 [main] INFO  demoqaBase - Last Name entered is: Bravo
2025-09-20 20:50:01 [main] INFO  demoqaBase - Click on Elements|Web Tables|Registration Form|Email...
Email ID is: Jbravo@demoqa.com
2025-09-20 20:50:01 [main] INFO  demoqaBase - Email entered is: Jbravo@demoqa.com
2025-09-20 20:50:01 [main] INFO  demoqaBase - Click on Elements|Web Tables|Registration Form|Age...
2025-09-20 20:50:02 [main] INFO  demoqaBase - Age entered is: 34
2025-09-20 20:50:02 [main] INFO  demoqaBase - Click on Elements|Web Tables|Registration Form|Salary...
2025-09-20 20:50:02 [main] INFO  demoqaBase - Salary entered is: 280000
2025-09-20 20:50:02 [main] INFO  demoqaBase - Click on Elements|Web Tables|Registration Form|Department...
2025-09-20 20:50:02 [main] INFO  demoqaBase - Department entered is: Information Technology
2025-09-20 20:50:02 [main] INFO  demoqaBase - Submitting Registration Form...
2025-09-20 20:50:02 [main] INFO  demoqaBase - Registration Form Submitted...
2025-09-20 20:50:02 [main] ERROR demoqaBase - Submitted to register user: Johny
2025-09-20 20:50:02 [main] INFO  demoqaBase - Searching by First Name...
2025-09-20 20:50:03 [main] INFO  demoqaBase - ✅ Test for Registration Form Add & Search Completed...
]]></system-out>
  </testcase>
  <testcase name="webTableAddEditFirstName[WebTableUser{firstName=&apos;Tonny&apos;, lastName=&apos;Bravo&apos;, email=&apos;Jbravo@demoqa.com&apos;, salary=280000, age=340, department=&apos;Information Technology&apos;}](1)" classname="tests.ElementsTests" time="33.894">
    <system-out><![CDATA[2025-09-20 20:50:03 [main] INFO  demoqaBase - Closing browser for test: webTableAddSearch
🧾 Row 1: {Salary=28000.0, Email=Jbravo@demoqa.com, DOBTime=6:45:00 am, Address=511 Grant 481, Prattsville\n Arkansas 72129\n United States, First Name=Johny, Gender=Male, City=Delhi, Mobile=9.238343488E9, Hobbies=Sports,Music, Subject=Computer Science, Current Address=301 Town 481, Brookville\n kansas 42129\n United States, Department=Information Technology, DOB=15/08/2000, Picture=/TestData/Mphoto.jpg, State=NCR, Last Name=Bravo, Age=34.0}
🔍 Mapping field: firstName | Excel Column: First Name | Value: Johny
🔍 Mapping field: lastName | Excel Column: Last Name | Value: Bravo
🔍 Mapping field: email | Excel Column: Email | Value: Jbravo@demoqa.com
🔍 Mapping field: salary | Excel Column: Salary | Value: 28000.0
🔍 Mapping field: age | Excel Column: Age | Value: 34.0
🔍 Mapping field: department | Excel Column: Department | Value: Information Technology
🧾 Row 2: {Salary=18000.0, Email=GFemina@demoqa.com, DOBTime=4:30:00 pm, Address=512 Grant 481, Prattsville\n Arkansas 72129\n United States, First Name=Gene, Gender=Female, City=Merrut, Mobile=1.888343432E9, Hobbies=Music,Reading, Subject=Accounting, Current Address=302 Town 481, Brookville\n kansas 42129\n United States, Department=Finance, DOB=22/05/2002, Picture=/TestData/Fphoto.png, State=Uttar Pradesh, Last Name=Femina, Age=30.0}
🔍 Mapping field: firstName | Excel Column: First Name | Value: Gene
🔍 Mapping field: lastName | Excel Column: Last Name | Value: Femina
🔍 Mapping field: email | Excel Column: Email | Value: GFemina@demoqa.com
🔍 Mapping field: salary | Excel Column: Salary | Value: 18000.0
🔍 Mapping field: age | Excel Column: Age | Value: 30.0
🔍 Mapping field: department | Excel Column: Department | Value: Finance
🧾 Row 3: {Salary=15000.0, Email=BWisem@demoqa.com, DOBTime=8:45:00 pm, Address=513 Grant 481, Prattsville\n Arkansas 72129\n United States, First Name=Bud, Gender=Other, City=Panipat, Mobile=8.932465432E9, Hobbies=Reading, Subject=Biology, Current Address=303 Town 481, Brookville\n kansas 42129\n United States, Department=Medicine, DOB=31/12/1999, Picture=/TestData/Ophoto.jpg, State=Haryana, Last Name=Wisem, Age=40.0}
🔍 Mapping field: firstName | Excel Column: First Name | Value: Bud
🔍 Mapping field: lastName | Excel Column: Last Name | Value: Wisem
🔍 Mapping field: email | Excel Column: Email | Value: BWisem@demoqa.com
🔍 Mapping field: salary | Excel Column: Salary | Value: 15000.0
🔍 Mapping field: age | Excel Column: Age | Value: 40.0
🔍 Mapping field: department | Excel Column: Department | Value: Medicine
🧾 Row 4: {Salary=19000.0, Email=TBoss@demoqa.com, DOBTime=5:45:00 am, Address=514 Grant 481, Prattsville\n Arkansas 72129\n United States, First Name=Tom, Gender=Male, City=Jaiselmer, Mobile=7.839875281E9, Hobbies=Sports,Reading, Subject=Social Studies, Current Address=304 Town 481, Brookville\n kansas 42129\n United States, Department=Recreation, DOB=1/26/03, Picture=/TestData/M2photo.jpg, State=Rajasthan, Last Name=Boss, Age=42.0}
🔍 Mapping field: firstName | Excel Column: First Name | Value: Tom
🔍 Mapping field: lastName | Excel Column: Last Name | Value: Boss
🔍 Mapping field: email | Excel Column: Email | Value: TBoss@demoqa.com
🔍 Mapping field: salary | Excel Column: Salary | Value: 19000.0
🔍 Mapping field: age | Excel Column: Age | Value: 42.0
🔍 Mapping field: department | Excel Column: Department | Value: Recreation
2025-09-20 20:50:03 [main] INFO  DriverFactory - 🌐 Starting Chrome Web Browser...
2025-09-20 20:50:03 [main] INFO  DriverFactory - ✅ Created temporary Chrome profile at C:\Users\dell\AppData\Local\Temp\chrome-profile-9422903167192143191
2025-09-20 20:50:05 [main] INFO  DriverFactory - 🚀 WebDriver started successfully
2025-09-20 20:50:05 [main] INFO  RetryUrlAccess - 🌐 Navigating to URL (attempt 1): https://demoqa.com
2025-09-20 20:50:08 [main] INFO  RetryUrlAccess - ✅ Navigation successful on attempt 1
2025-09-20 20:50:08 [main] INFO  demoqaBase - 🧪 Starting Test Registration Form Modify First Name...
Instance Variables Declared are: nullnull
2025-09-20 20:50:08 [main] INFO  demoqaBase - Accessing Elements Card...
2025-09-20 20:50:08 [main] INFO  demoqaLog - Clicking on Elements Card...
🔹 Trying JS click by locator (attempt 1)
2025-09-20 20:50:08 [main] INFO  demoqaLog - 🔹 Trying JS click by locator (attempt 1)
🔹 Attempting JS click...
2025-09-20 20:50:08 [main] INFO  demoqaLog - 🔹 Attempting JS click...
⚡ Falling back to native click by locator (attempt 1)
2025-09-20 20:50:08 [main] INFO  demoqaLog - ⚡ Falling back to native click by locator (attempt 1)
2025-09-20 20:50:08 [main] INFO  demoqaLog - Clicked on Elements Card...
Title of this Page is: DEMOQA
You are Accessing: Elements
 
Elements: Please select an item from left to start practice.
2025-09-20 20:50:08 [main] INFO  demoqaBase - Elements: Please select an item from left to start practice.
2025-09-20 20:50:08 [main] INFO  demoqaBase - Click on Elements|Web Tables...
2025-09-20 20:50:08 [main] INFO  demoqaLog - ⏳ Waiting for page to fully load (timeout: 30s)
2025-09-20 20:50:38 [main] WARN  demoqaLog - ⚠️ Page did not load within 30 seconds.
2025-09-20 20:50:38 [main] INFO  demoqaBase - Click on Elements|Web Tables|Registration Form...
🔹 Trying JS click on WebElement (attempt 1)
2025-09-20 20:50:38 [main] INFO  demoqaLog - 🔹 Trying JS click on WebElement (attempt 1)
🔹 Attempting JS click...
2025-09-20 20:50:38 [main] INFO  demoqaLog - 🔹 Attempting JS click...
2025-09-20 20:50:39 [main] ERROR demoqaBase - Registering User: Johny
2025-09-20 20:50:39 [main] INFO  demoqaBase - Click on Elements|Web Tables|Registration Form|FirstName...
2025-09-20 20:50:39 [main] INFO  demoqaBase - First Name entered is: Johny
2025-09-20 20:50:39 [main] INFO  demoqaBase - Click on Elements|Web Tables|Registration Form|LastName...
Last Name is: Bravo
2025-09-20 20:50:39 [main] INFO  demoqaBase - Last Name entered is: Bravo
2025-09-20 20:50:39 [main] INFO  demoqaBase - Click on Elements|Web Tables|Registration Form|Email...
Email ID is: Jbravo@demoqa.com
2025-09-20 20:50:39 [main] INFO  demoqaBase - Email entered is: Jbravo@demoqa.com
2025-09-20 20:50:39 [main] INFO  demoqaBase - Click on Elements|Web Tables|Registration Form|Age...
2025-09-20 20:50:39 [main] INFO  demoqaBase - Age entered is: 34
2025-09-20 20:50:39 [main] INFO  demoqaBase - Click on Elements|Web Tables|Registration Form|Salary...
2025-09-20 20:50:40 [main] INFO  demoqaBase - Salary entered is: 280000
2025-09-20 20:50:40 [main] INFO  demoqaBase - Click on Elements|Web Tables|Registration Form|Department...
2025-09-20 20:50:40 [main] INFO  demoqaBase - Department entered is: Information Technology
2025-09-20 20:50:40 [main] INFO  demoqaBase - Submitting Registration Form...
2025-09-20 20:50:40 [main] INFO  demoqaBase - Registration Form Submitted...
2025-09-20 20:50:40 [main] ERROR demoqaBase - Submitted to register user: Johny
2025-09-20 20:50:40 [main] INFO  demoqaBase - Modifying First Name of the user...
2025-09-20 20:50:42 [main] INFO  demoqaBase - ✅ Test Registration Form Modify First Name Completed Successfully...
]]></system-out>
  </testcase>
  <testcase name="webTableAddSearchEdit[WebTableUser{firstName=&apos;Tonny&apos;, lastName=&apos;Bravo&apos;, email=&apos;Jbravo@demoqa.com&apos;, salary=280000, age=340, department=&apos;Information Technology&apos;}](1)" classname="tests.ElementsTests" time="34.76">
    <system-out><![CDATA[2025-09-20 20:50:42 [main] INFO  demoqaBase - Closing browser for test: webTableAddEditFirstName
🧾 Row 1: {Salary=28000.0, Email=Jbravo@demoqa.com, DOBTime=6:45:00 am, Address=511 Grant 481, Prattsville\n Arkansas 72129\n United States, First Name=Johny, Gender=Male, City=Delhi, Mobile=9.238343488E9, Hobbies=Sports,Music, Subject=Computer Science, Current Address=301 Town 481, Brookville\n kansas 42129\n United States, Department=Information Technology, DOB=15/08/2000, Picture=/TestData/Mphoto.jpg, State=NCR, Last Name=Bravo, Age=34.0}
🔍 Mapping field: firstName | Excel Column: First Name | Value: Johny
🔍 Mapping field: lastName | Excel Column: Last Name | Value: Bravo
🔍 Mapping field: email | Excel Column: Email | Value: Jbravo@demoqa.com
🔍 Mapping field: salary | Excel Column: Salary | Value: 28000.0
🔍 Mapping field: age | Excel Column: Age | Value: 34.0
🔍 Mapping field: department | Excel Column: Department | Value: Information Technology
🧾 Row 2: {Salary=18000.0, Email=GFemina@demoqa.com, DOBTime=4:30:00 pm, Address=512 Grant 481, Prattsville\n Arkansas 72129\n United States, First Name=Gene, Gender=Female, City=Merrut, Mobile=1.888343432E9, Hobbies=Music,Reading, Subject=Accounting, Current Address=302 Town 481, Brookville\n kansas 42129\n United States, Department=Finance, DOB=22/05/2002, Picture=/TestData/Fphoto.png, State=Uttar Pradesh, Last Name=Femina, Age=30.0}
🔍 Mapping field: firstName | Excel Column: First Name | Value: Gene
🔍 Mapping field: lastName | Excel Column: Last Name | Value: Femina
🔍 Mapping field: email | Excel Column: Email | Value: GFemina@demoqa.com
🔍 Mapping field: salary | Excel Column: Salary | Value: 18000.0
🔍 Mapping field: age | Excel Column: Age | Value: 30.0
🔍 Mapping field: department | Excel Column: Department | Value: Finance
🧾 Row 3: {Salary=15000.0, Email=BWisem@demoqa.com, DOBTime=8:45:00 pm, Address=513 Grant 481, Prattsville\n Arkansas 72129\n United States, First Name=Bud, Gender=Other, City=Panipat, Mobile=8.932465432E9, Hobbies=Reading, Subject=Biology, Current Address=303 Town 481, Brookville\n kansas 42129\n United States, Department=Medicine, DOB=31/12/1999, Picture=/TestData/Ophoto.jpg, State=Haryana, Last Name=Wisem, Age=40.0}
🔍 Mapping field: firstName | Excel Column: First Name | Value: Bud
🔍 Mapping field: lastName | Excel Column: Last Name | Value: Wisem
🔍 Mapping field: email | Excel Column: Email | Value: BWisem@demoqa.com
🔍 Mapping field: salary | Excel Column: Salary | Value: 15000.0
🔍 Mapping field: age | Excel Column: Age | Value: 40.0
🔍 Mapping field: department | Excel Column: Department | Value: Medicine
🧾 Row 4: {Salary=19000.0, Email=TBoss@demoqa.com, DOBTime=5:45:00 am, Address=514 Grant 481, Prattsville\n Arkansas 72129\n United States, First Name=Tom, Gender=Male, City=Jaiselmer, Mobile=7.839875281E9, Hobbies=Sports,Reading, Subject=Social Studies, Current Address=304 Town 481, Brookville\n kansas 42129\n United States, Department=Recreation, DOB=1/26/03, Picture=/TestData/M2photo.jpg, State=Rajasthan, Last Name=Boss, Age=42.0}
🔍 Mapping field: firstName | Excel Column: First Name | Value: Tom
🔍 Mapping field: lastName | Excel Column: Last Name | Value: Boss
🔍 Mapping field: email | Excel Column: Email | Value: TBoss@demoqa.com
🔍 Mapping field: salary | Excel Column: Salary | Value: 19000.0
🔍 Mapping field: age | Excel Column: Age | Value: 42.0
🔍 Mapping field: department | Excel Column: Department | Value: Recreation
2025-09-20 20:50:43 [main] INFO  DriverFactory - 🌐 Starting Chrome Web Browser...
2025-09-20 20:50:43 [main] INFO  DriverFactory - ✅ Created temporary Chrome profile at C:\Users\dell\AppData\Local\Temp\chrome-profile-17170198436376302432
2025-09-20 20:50:44 [main] INFO  DriverFactory - 🚀 WebDriver started successfully
2025-09-20 20:50:44 [main] INFO  RetryUrlAccess - 🌐 Navigating to URL (attempt 1): https://demoqa.com
2025-09-20 20:50:47 [main] INFO  RetryUrlAccess - ✅ Navigation successful on attempt 1
2025-09-20 20:50:47 [main] INFO  demoqaBase - 🧪 Starting Test Registration Form Search & Modify First Name...
Instance Variables Declared are: nullnull
2025-09-20 20:50:47 [main] INFO  demoqaBase - Accessing Elements Card...
2025-09-20 20:50:47 [main] INFO  demoqaLog - Clicking on Elements Card...
🔹 Trying JS click by locator (attempt 1)
2025-09-20 20:50:47 [main] INFO  demoqaLog - 🔹 Trying JS click by locator (attempt 1)
🔹 Attempting JS click...
2025-09-20 20:50:47 [main] INFO  demoqaLog - 🔹 Attempting JS click...
⚡ Falling back to native click by locator (attempt 1)
2025-09-20 20:50:47 [main] INFO  demoqaLog - ⚡ Falling back to native click by locator (attempt 1)
2025-09-20 20:50:47 [main] INFO  demoqaLog - Clicked on Elements Card...
Title of this Page is: DEMOQA
You are Accessing: Elements
 
Elements: Please select an item from left to start practice.
2025-09-20 20:50:48 [main] INFO  demoqaBase - Elements: Please select an item from left to start practice.
2025-09-20 20:50:48 [main] INFO  demoqaBase - Click on Elements|Web Tables...
2025-09-20 20:50:48 [main] INFO  demoqaLog - ⏳ Waiting for page to fully load (timeout: 30s)
2025-09-20 20:51:18 [main] WARN  demoqaLog - ⚠️ Page did not load within 30 seconds.
2025-09-20 20:51:18 [main] INFO  demoqaBase - Click on Elements|Web Tables|Registration Form...
🔹 Trying JS click on WebElement (attempt 1)
2025-09-20 20:51:18 [main] INFO  demoqaLog - 🔹 Trying JS click on WebElement (attempt 1)
🔹 Attempting JS click...
2025-09-20 20:51:18 [main] INFO  demoqaLog - 🔹 Attempting JS click...
2025-09-20 20:51:18 [main] ERROR demoqaBase - Registering User: Johny
2025-09-20 20:51:18 [main] INFO  demoqaBase - Click on Elements|Web Tables|Registration Form|FirstName...
2025-09-20 20:51:19 [main] INFO  demoqaBase - First Name entered is: Johny
2025-09-20 20:51:19 [main] INFO  demoqaBase - Click on Elements|Web Tables|Registration Form|LastName...
Last Name is: Bravo
2025-09-20 20:51:19 [main] INFO  demoqaBase - Last Name entered is: Bravo
2025-09-20 20:51:19 [main] INFO  demoqaBase - Click on Elements|Web Tables|Registration Form|Email...
Email ID is: Jbravo@demoqa.com
2025-09-20 20:51:19 [main] INFO  demoqaBase - Email entered is: Jbravo@demoqa.com
2025-09-20 20:51:19 [main] INFO  demoqaBase - Click on Elements|Web Tables|Registration Form|Age...
2025-09-20 20:51:19 [main] INFO  demoqaBase - Age entered is: 34
2025-09-20 20:51:19 [main] INFO  demoqaBase - Click on Elements|Web Tables|Registration Form|Salary...
2025-09-20 20:51:19 [main] INFO  demoqaBase - Salary entered is: 280000
2025-09-20 20:51:19 [main] INFO  demoqaBase - Click on Elements|Web Tables|Registration Form|Department...
2025-09-20 20:51:20 [main] INFO  demoqaBase - Department entered is: Information Technology
2025-09-20 20:51:20 [main] INFO  demoqaBase - Submitting Registration Form...
2025-09-20 20:51:20 [main] INFO  demoqaBase - Registration Form Submitted...
2025-09-20 20:51:20 [main] ERROR demoqaBase - Submitted to register user: Johny
2025-09-20 20:51:20 [main] INFO  demoqaBase - Modifying First Name of the user...
2025-09-20 20:51:22 [main] INFO  demoqaBase - Updated First Name is: Tonny
2025-09-20 20:51:22 [main] INFO  demoqaBase - ✅ Test Registration Form Search & Modify First Name Completed Successfully...
]]></system-out>
  </testcase>
  <testcase name="webTableDeleteUser[WebTableUser{firstName=&apos;Johny&apos;, lastName=&apos;Bravo&apos;, email=&apos;Jbravo@demoqa.com&apos;, salary=280000, age=340, department=&apos;Information Technology&apos;}](1)" classname="tests.ElementsTests" time="32.356">
    <system-out><![CDATA[2025-09-20 20:51:22 [main] INFO  demoqaBase - Closing browser for test: webTableAddSearchEdit
🧾 Row 1: {Salary=28000.0, Email=Jbravo@demoqa.com, DOBTime=6:45:00 am, Address=511 Grant 481, Prattsville\n Arkansas 72129\n United States, First Name=Johny, Gender=Male, City=Delhi, Mobile=9.238343488E9, Hobbies=Sports,Music, Subject=Computer Science, Current Address=301 Town 481, Brookville\n kansas 42129\n United States, Department=Information Technology, DOB=15/08/2000, Picture=/TestData/Mphoto.jpg, State=NCR, Last Name=Bravo, Age=34.0}
🔍 Mapping field: firstName | Excel Column: First Name | Value: Johny
🔍 Mapping field: lastName | Excel Column: Last Name | Value: Bravo
🔍 Mapping field: email | Excel Column: Email | Value: Jbravo@demoqa.com
🔍 Mapping field: salary | Excel Column: Salary | Value: 28000.0
🔍 Mapping field: age | Excel Column: Age | Value: 34.0
🔍 Mapping field: department | Excel Column: Department | Value: Information Technology
🧾 Row 2: {Salary=18000.0, Email=GFemina@demoqa.com, DOBTime=4:30:00 pm, Address=512 Grant 481, Prattsville\n Arkansas 72129\n United States, First Name=Gene, Gender=Female, City=Merrut, Mobile=1.888343432E9, Hobbies=Music,Reading, Subject=Accounting, Current Address=302 Town 481, Brookville\n kansas 42129\n United States, Department=Finance, DOB=22/05/2002, Picture=/TestData/Fphoto.png, State=Uttar Pradesh, Last Name=Femina, Age=30.0}
🔍 Mapping field: firstName | Excel Column: First Name | Value: Gene
🔍 Mapping field: lastName | Excel Column: Last Name | Value: Femina
🔍 Mapping field: email | Excel Column: Email | Value: GFemina@demoqa.com
🔍 Mapping field: salary | Excel Column: Salary | Value: 18000.0
🔍 Mapping field: age | Excel Column: Age | Value: 30.0
🔍 Mapping field: department | Excel Column: Department | Value: Finance
🧾 Row 3: {Salary=15000.0, Email=BWisem@demoqa.com, DOBTime=8:45:00 pm, Address=513 Grant 481, Prattsville\n Arkansas 72129\n United States, First Name=Bud, Gender=Other, City=Panipat, Mobile=8.932465432E9, Hobbies=Reading, Subject=Biology, Current Address=303 Town 481, Brookville\n kansas 42129\n United States, Department=Medicine, DOB=31/12/1999, Picture=/TestData/Ophoto.jpg, State=Haryana, Last Name=Wisem, Age=40.0}
🔍 Mapping field: firstName | Excel Column: First Name | Value: Bud
🔍 Mapping field: lastName | Excel Column: Last Name | Value: Wisem
🔍 Mapping field: email | Excel Column: Email | Value: BWisem@demoqa.com
🔍 Mapping field: salary | Excel Column: Salary | Value: 15000.0
🔍 Mapping field: age | Excel Column: Age | Value: 40.0
🔍 Mapping field: department | Excel Column: Department | Value: Medicine
🧾 Row 4: {Salary=19000.0, Email=TBoss@demoqa.com, DOBTime=5:45:00 am, Address=514 Grant 481, Prattsville\n Arkansas 72129\n United States, First Name=Tom, Gender=Male, City=Jaiselmer, Mobile=7.839875281E9, Hobbies=Sports,Reading, Subject=Social Studies, Current Address=304 Town 481, Brookville\n kansas 42129\n United States, Department=Recreation, DOB=1/26/03, Picture=/TestData/M2photo.jpg, State=Rajasthan, Last Name=Boss, Age=42.0}
🔍 Mapping field: firstName | Excel Column: First Name | Value: Tom
🔍 Mapping field: lastName | Excel Column: Last Name | Value: Boss
🔍 Mapping field: email | Excel Column: Email | Value: TBoss@demoqa.com
🔍 Mapping field: salary | Excel Column: Salary | Value: 19000.0
🔍 Mapping field: age | Excel Column: Age | Value: 42.0
🔍 Mapping field: department | Excel Column: Department | Value: Recreation
2025-09-20 20:51:26 [main] INFO  DriverFactory - 🌐 Starting Chrome Web Browser...
2025-09-20 20:51:26 [main] INFO  DriverFactory - ✅ Created temporary Chrome profile at C:\Users\dell\AppData\Local\Temp\chrome-profile-6274799913509976733
2025-09-20 20:51:30 [main] INFO  DriverFactory - 🚀 WebDriver started successfully
2025-09-20 20:51:30 [main] INFO  RetryUrlAccess - 🌐 Navigating to URL (attempt 1): https://demoqa.com
2025-09-20 20:51:34 [main] INFO  RetryUrlAccess - ✅ Navigation successful on attempt 1
2025-09-20 20:51:34 [main] INFO  demoqaBase - 🧪 Starting Test for Deleting User from Web Table...
Instance Variables Declared are: nullnull
2025-09-20 20:51:34 [main] INFO  demoqaBase - Accessing Elements Card...
2025-09-20 20:51:34 [main] INFO  demoqaLog - Clicking on Elements Card...
🔹 Trying JS click by locator (attempt 1)
2025-09-20 20:51:34 [main] INFO  demoqaLog - 🔹 Trying JS click by locator (attempt 1)
🔹 Attempting JS click...
2025-09-20 20:51:34 [main] INFO  demoqaLog - 🔹 Attempting JS click...
⚡ Falling back to native click by locator (attempt 1)
2025-09-20 20:51:34 [main] INFO  demoqaLog - ⚡ Falling back to native click by locator (attempt 1)
2025-09-20 20:51:34 [main] INFO  demoqaLog - Clicked on Elements Card...
Title of this Page is: DEMOQA
You are Accessing: Elements
 
Elements: Please select an item from left to start practice.
2025-09-20 20:51:34 [main] INFO  demoqaBase - Elements: Please select an item from left to start practice.
2025-09-20 20:51:34 [main] INFO  demoqaBase - Click on Elements|Web Tables...
2025-09-20 20:51:34 [main] INFO  demoqaLog - ⏳ Waiting for page to fully load (timeout: 30s)
2025-09-20 20:52:04 [main] INFO  demoqaLog - ✅ Page load completed.
2025-09-20 20:52:04 [main] INFO  demoqaBase - Click on Elements|Web Tables|Registration Form...
🔹 Trying JS click on WebElement (attempt 1)
2025-09-20 20:52:04 [main] INFO  demoqaLog - 🔹 Trying JS click on WebElement (attempt 1)
🔹 Attempting JS click...
2025-09-20 20:52:04 [main] INFO  demoqaLog - 🔹 Attempting JS click...
2025-09-20 20:52:05 [main] ERROR demoqaBase - Registering User: Johny
2025-09-20 20:52:05 [main] INFO  demoqaBase - Click on Elements|Web Tables|Registration Form|FirstName...
2025-09-20 20:52:05 [main] INFO  demoqaBase - First Name entered is: Johny
2025-09-20 20:52:05 [main] INFO  demoqaBase - Click on Elements|Web Tables|Registration Form|LastName...
Last Name is: Bravo
2025-09-20 20:52:05 [main] INFO  demoqaBase - Last Name entered is: Bravo
2025-09-20 20:52:05 [main] INFO  demoqaBase - Click on Elements|Web Tables|Registration Form|Email...
Email ID is: Jbravo@demoqa.com
2025-09-20 20:52:05 [main] INFO  demoqaBase - Email entered is: Jbravo@demoqa.com
2025-09-20 20:52:05 [main] INFO  demoqaBase - Click on Elements|Web Tables|Registration Form|Age...
2025-09-20 20:52:05 [main] INFO  demoqaBase - Age entered is: 34
2025-09-20 20:52:05 [main] INFO  demoqaBase - Click on Elements|Web Tables|Registration Form|Salary...
2025-09-20 20:52:06 [main] INFO  demoqaBase - Salary entered is: 280000
2025-09-20 20:52:06 [main] INFO  demoqaBase - Click on Elements|Web Tables|Registration Form|Department...
2025-09-20 20:52:06 [main] INFO  demoqaBase - Department entered is: Information Technology
2025-09-20 20:52:06 [main] INFO  demoqaBase - Submitting Registration Form...
2025-09-20 20:52:06 [main] INFO  demoqaBase - Registration Form Submitted...
2025-09-20 20:52:06 [main] ERROR demoqaBase - Submitted to register user: Johny
2025-09-20 20:52:06 [main] INFO  demoqaBase - Deleting User from Webtable: Johny
2025-09-20 20:52:06 [main] INFO  demoqaBase - ✅ Test for Deleting User from Web Table Completed Successfully...
]]></system-out>
  </testcase>
  <testcase name="testAddAllUsersFromExcel" classname="tests.ElementsTests" time="36.603">
    <system-out><![CDATA[2025-09-20 20:52:06 [main] INFO  demoqaBase - Closing browser for test: webTableDeleteUser
2025-09-20 20:52:08 [main] INFO  DriverFactory - 🌐 Starting Chrome Web Browser...
2025-09-20 20:52:08 [main] INFO  DriverFactory - ✅ Created temporary Chrome profile at C:\Users\dell\AppData\Local\Temp\chrome-profile-15967703340465193007
2025-09-20 20:52:09 [main] INFO  DriverFactory - 🚀 WebDriver started successfully
2025-09-20 20:52:09 [main] INFO  RetryUrlAccess - 🌐 Navigating to URL (attempt 1): https://demoqa.com
2025-09-20 20:52:17 [main] INFO  RetryUrlAccess - ✅ Navigation successful on attempt 1
Instance Variables Declared are: nullnull
2025-09-20 20:52:17 [main] INFO  demoqaBase - Accessing Elements Card...
2025-09-20 20:52:17 [main] INFO  demoqaLog - Clicking on Elements Card...
🔹 Trying JS click by locator (attempt 1)
2025-09-20 20:52:17 [main] INFO  demoqaLog - 🔹 Trying JS click by locator (attempt 1)
🔹 Attempting JS click...
2025-09-20 20:52:17 [main] INFO  demoqaLog - 🔹 Attempting JS click...
⚡ Falling back to native click by locator (attempt 1)
2025-09-20 20:52:17 [main] INFO  demoqaLog - ⚡ Falling back to native click by locator (attempt 1)
2025-09-20 20:52:17 [main] INFO  demoqaLog - Clicked on Elements Card...
Title of this Page is: DEMOQA
You are Accessing: Elements
 
Elements: Please select an item from left to start practice.
2025-09-20 20:52:17 [main] INFO  demoqaBase - Elements: Please select an item from left to start practice.
2025-09-20 20:52:17 [main] INFO  demoqaBase - Click on Elements|Web Tables...
2025-09-20 20:52:17 [main] INFO  demoqaLog - ⏳ Waiting for page to fully load (timeout: 30s)
2025-09-20 20:52:47 [main] WARN  demoqaLog - ⚠️ Page did not load within 30 seconds.
🧾 Row 1: {Salary=28000.0, Email=Jbravo@demoqa.com, DOBTime=6:45:00 am, Address=511 Grant 481, Prattsville\n Arkansas 72129\n United States, First Name=Johny, Gender=Male, City=Delhi, Mobile=9.238343488E9, Hobbies=Sports,Music, Subject=Computer Science, Current Address=301 Town 481, Brookville\n kansas 42129\n United States, Department=Information Technology, DOB=15/08/2000, Picture=/TestData/Mphoto.jpg, State=NCR, Last Name=Bravo, Age=34.0}
🔍 Mapping field: firstName | Excel Column: First Name | Value: Johny
🔍 Mapping field: lastName | Excel Column: Last Name | Value: Bravo
🔍 Mapping field: email | Excel Column: Email | Value: Jbravo@demoqa.com
🔍 Mapping field: salary | Excel Column: Salary | Value: 28000.0
🔍 Mapping field: age | Excel Column: Age | Value: 34.0
🔍 Mapping field: department | Excel Column: Department | Value: Information Technology
🧾 Row 2: {Salary=18000.0, Email=GFemina@demoqa.com, DOBTime=4:30:00 pm, Address=512 Grant 481, Prattsville\n Arkansas 72129\n United States, First Name=Gene, Gender=Female, City=Merrut, Mobile=1.888343432E9, Hobbies=Music,Reading, Subject=Accounting, Current Address=302 Town 481, Brookville\n kansas 42129\n United States, Department=Finance, DOB=22/05/2002, Picture=/TestData/Fphoto.png, State=Uttar Pradesh, Last Name=Femina, Age=30.0}
🔍 Mapping field: firstName | Excel Column: First Name | Value: Gene
🔍 Mapping field: lastName | Excel Column: Last Name | Value: Femina
🔍 Mapping field: email | Excel Column: Email | Value: GFemina@demoqa.com
🔍 Mapping field: salary | Excel Column: Salary | Value: 18000.0
🔍 Mapping field: age | Excel Column: Age | Value: 30.0
🔍 Mapping field: department | Excel Column: Department | Value: Finance
🧾 Row 3: {Salary=15000.0, Email=BWisem@demoqa.com, DOBTime=8:45:00 pm, Address=513 Grant 481, Prattsville\n Arkansas 72129\n United States, First Name=Bud, Gender=Other, City=Panipat, Mobile=8.932465432E9, Hobbies=Reading, Subject=Biology, Current Address=303 Town 481, Brookville\n kansas 42129\n United States, Department=Medicine, DOB=31/12/1999, Picture=/TestData/Ophoto.jpg, State=Haryana, Last Name=Wisem, Age=40.0}
🔍 Mapping field: firstName | Excel Column: First Name | Value: Bud
🔍 Mapping field: lastName | Excel Column: Last Name | Value: Wisem
🔍 Mapping field: email | Excel Column: Email | Value: BWisem@demoqa.com
🔍 Mapping field: salary | Excel Column: Salary | Value: 15000.0
🔍 Mapping field: age | Excel Column: Age | Value: 40.0
🔍 Mapping field: department | Excel Column: Department | Value: Medicine
🧾 Row 4: {Salary=19000.0, Email=TBoss@demoqa.com, DOBTime=5:45:00 am, Address=514 Grant 481, Prattsville\n Arkansas 72129\n United States, First Name=Tom, Gender=Male, City=Jaiselmer, Mobile=7.839875281E9, Hobbies=Sports,Reading, Subject=Social Studies, Current Address=304 Town 481, Brookville\n kansas 42129\n United States, Department=Recreation, DOB=1/26/03, Picture=/TestData/M2photo.jpg, State=Rajasthan, Last Name=Boss, Age=42.0}
🔍 Mapping field: firstName | Excel Column: First Name | Value: Tom
🔍 Mapping field: lastName | Excel Column: Last Name | Value: Boss
🔍 Mapping field: email | Excel Column: Email | Value: TBoss@demoqa.com
🔍 Mapping field: salary | Excel Column: Salary | Value: 19000.0
🔍 Mapping field: age | Excel Column: Age | Value: 42.0
🔍 Mapping field: department | Excel Column: Department | Value: Recreation
Declared Object: [[Ljava.lang.Object;@167871f3
2025-09-20 20:52:47 [main] INFO  demoqaBase - Click on Elements|Web Tables|Registration Form...
🔹 Trying JS click on WebElement (attempt 1)
2025-09-20 20:52:47 [main] INFO  demoqaLog - 🔹 Trying JS click on WebElement (attempt 1)
🔹 Attempting JS click...
2025-09-20 20:52:47 [main] INFO  demoqaLog - 🔹 Attempting JS click...
🧾 Row 1: {Salary=28000.0, Email=Jbravo@demoqa.com, DOBTime=6:45:00 am, Address=511 Grant 481, Prattsville\n Arkansas 72129\n United States, First Name=Johny, Gender=Male, City=Delhi, Mobile=9.238343488E9, Hobbies=Sports,Music, Subject=Computer Science, Current Address=301 Town 481, Brookville\n kansas 42129\n United States, Department=Information Technology, DOB=15/08/2000, Picture=/TestData/Mphoto.jpg, State=NCR, Last Name=Bravo, Age=34.0}
🔍 Mapping field: firstName | Excel Column: First Name | Value: Johny
🔍 Mapping field: lastName | Excel Column: Last Name | Value: Bravo
🔍 Mapping field: email | Excel Column: Email | Value: Jbravo@demoqa.com
🔍 Mapping field: salary | Excel Column: Salary | Value: 28000.0
🔍 Mapping field: age | Excel Column: Age | Value: 34.0
🔍 Mapping field: department | Excel Column: Department | Value: Information Technology
🧾 Row 2: {Salary=18000.0, Email=GFemina@demoqa.com, DOBTime=4:30:00 pm, Address=512 Grant 481, Prattsville\n Arkansas 72129\n United States, First Name=Gene, Gender=Female, City=Merrut, Mobile=1.888343432E9, Hobbies=Music,Reading, Subject=Accounting, Current Address=302 Town 481, Brookville\n kansas 42129\n United States, Department=Finance, DOB=22/05/2002, Picture=/TestData/Fphoto.png, State=Uttar Pradesh, Last Name=Femina, Age=30.0}
🔍 Mapping field: firstName | Excel Column: First Name | Value: Gene
🔍 Mapping field: lastName | Excel Column: Last Name | Value: Femina
🔍 Mapping field: email | Excel Column: Email | Value: GFemina@demoqa.com
🔍 Mapping field: salary | Excel Column: Salary | Value: 18000.0
🔍 Mapping field: age | Excel Column: Age | Value: 30.0
🔍 Mapping field: department | Excel Column: Department | Value: Finance
🧾 Row 3: {Salary=15000.0, Email=BWisem@demoqa.com, DOBTime=8:45:00 pm, Address=513 Grant 481, Prattsville\n Arkansas 72129\n United States, First Name=Bud, Gender=Other, City=Panipat, Mobile=8.932465432E9, Hobbies=Reading, Subject=Biology, Current Address=303 Town 481, Brookville\n kansas 42129\n United States, Department=Medicine, DOB=31/12/1999, Picture=/TestData/Ophoto.jpg, State=Haryana, Last Name=Wisem, Age=40.0}
🔍 Mapping field: firstName | Excel Column: First Name | Value: Bud
🔍 Mapping field: lastName | Excel Column: Last Name | Value: Wisem
🔍 Mapping field: email | Excel Column: Email | Value: BWisem@demoqa.com
🔍 Mapping field: salary | Excel Column: Salary | Value: 15000.0
🔍 Mapping field: age | Excel Column: Age | Value: 40.0
🔍 Mapping field: department | Excel Column: Department | Value: Medicine
🧾 Row 4: {Salary=19000.0, Email=TBoss@demoqa.com, DOBTime=5:45:00 am, Address=514 Grant 481, Prattsville\n Arkansas 72129\n United States, First Name=Tom, Gender=Male, City=Jaiselmer, Mobile=7.839875281E9, Hobbies=Sports,Reading, Subject=Social Studies, Current Address=304 Town 481, Brookville\n kansas 42129\n United States, Department=Recreation, DOB=1/26/03, Picture=/TestData/M2photo.jpg, State=Rajasthan, Last Name=Boss, Age=42.0}
🔍 Mapping field: firstName | Excel Column: First Name | Value: Tom
🔍 Mapping field: lastName | Excel Column: Last Name | Value: Boss
🔍 Mapping field: email | Excel Column: Email | Value: TBoss@demoqa.com
🔍 Mapping field: salary | Excel Column: Salary | Value: 19000.0
🔍 Mapping field: age | Excel Column: Age | Value: 42.0
🔍 Mapping field: department | Excel Column: Department | Value: Recreation
2025-09-20 20:52:48 [main] ERROR demoqaBase - Registering User: Johny
2025-09-20 20:52:48 [main] INFO  demoqaBase - Click on Elements|Web Tables|Registration Form|FirstName...
2025-09-20 20:52:48 [main] INFO  demoqaBase - First Name entered is: Johny
2025-09-20 20:52:48 [main] INFO  demoqaBase - Click on Elements|Web Tables|Registration Form|LastName...
Last Name is: Bravo
2025-09-20 20:52:48 [main] INFO  demoqaBase - Last Name entered is: Bravo
2025-09-20 20:52:48 [main] INFO  demoqaBase - Click on Elements|Web Tables|Registration Form|Email...
Email ID is: Jbravo@demoqa.com
2025-09-20 20:52:48 [main] INFO  demoqaBase - Email entered is: Jbravo@demoqa.com
2025-09-20 20:52:48 [main] INFO  demoqaBase - Click on Elements|Web Tables|Registration Form|Age...
2025-09-20 20:52:49 [main] INFO  demoqaBase - Age entered is: 34
2025-09-20 20:52:49 [main] INFO  demoqaBase - Click on Elements|Web Tables|Registration Form|Salary...
2025-09-20 20:52:49 [main] INFO  demoqaBase - Salary entered is: 280000
2025-09-20 20:52:49 [main] INFO  demoqaBase - Click on Elements|Web Tables|Registration Form|Department...
2025-09-20 20:52:49 [main] INFO  demoqaBase - Department entered is: Information Technology
2025-09-20 20:52:49 [main] INFO  demoqaBase - Submitting Registration Form...
2025-09-20 20:52:49 [main] INFO  demoqaBase - Registration Form Submitted...
2025-09-20 20:52:49 [main] ERROR demoqaBase - Submitted to register user: Johny
2025-09-20 20:52:49 [main] INFO  demoqaBase - Click on Elements|Web Tables|Registration Form...
🔹 Trying JS click on WebElement (attempt 1)
2025-09-20 20:52:49 [main] INFO  demoqaLog - 🔹 Trying JS click on WebElement (attempt 1)
🔹 Attempting JS click...
2025-09-20 20:52:49 [main] INFO  demoqaLog - 🔹 Attempting JS click...
2025-09-20 20:52:49 [main] ERROR demoqaBase - Registering User: Gene
2025-09-20 20:52:49 [main] INFO  demoqaBase - Click on Elements|Web Tables|Registration Form|FirstName...
2025-09-20 20:52:49 [main] INFO  demoqaBase - First Name entered is: Gene
2025-09-20 20:52:49 [main] INFO  demoqaBase - Click on Elements|Web Tables|Registration Form|LastName...
Last Name is: Femina
2025-09-20 20:52:50 [main] INFO  demoqaBase - Last Name entered is: Femina
2025-09-20 20:52:50 [main] INFO  demoqaBase - Click on Elements|Web Tables|Registration Form|Email...
Email ID is: GFemina@demoqa.com
2025-09-20 20:52:50 [main] INFO  demoqaBase - Email entered is: GFemina@demoqa.com
2025-09-20 20:52:50 [main] INFO  demoqaBase - Click on Elements|Web Tables|Registration Form|Age...
2025-09-20 20:52:50 [main] INFO  demoqaBase - Age entered is: 30
2025-09-20 20:52:50 [main] INFO  demoqaBase - Click on Elements|Web Tables|Registration Form|Salary...
2025-09-20 20:52:50 [main] INFO  demoqaBase - Salary entered is: 180000
2025-09-20 20:52:50 [main] INFO  demoqaBase - Click on Elements|Web Tables|Registration Form|Department...
2025-09-20 20:52:50 [main] INFO  demoqaBase - Department entered is: Finance
2025-09-20 20:52:50 [main] INFO  demoqaBase - Submitting Registration Form...
2025-09-20 20:52:51 [main] INFO  demoqaBase - Registration Form Submitted...
2025-09-20 20:52:51 [main] ERROR demoqaBase - Submitted to register user: Gene
2025-09-20 20:52:51 [main] INFO  demoqaBase - Click on Elements|Web Tables|Registration Form...
🔹 Trying JS click on WebElement (attempt 1)
2025-09-20 20:52:51 [main] INFO  demoqaLog - 🔹 Trying JS click on WebElement (attempt 1)
🔹 Attempting JS click...
2025-09-20 20:52:51 [main] INFO  demoqaLog - 🔹 Attempting JS click...
2025-09-20 20:52:51 [main] ERROR demoqaBase - Registering User: Bud
2025-09-20 20:52:51 [main] INFO  demoqaBase - Click on Elements|Web Tables|Registration Form|FirstName...
2025-09-20 20:52:51 [main] INFO  demoqaBase - First Name entered is: Bud
2025-09-20 20:52:51 [main] INFO  demoqaBase - Click on Elements|Web Tables|Registration Form|LastName...
Last Name is: Wisem
2025-09-20 20:52:51 [main] INFO  demoqaBase - Last Name entered is: Wisem
2025-09-20 20:52:51 [main] INFO  demoqaBase - Click on Elements|Web Tables|Registration Form|Email...
Email ID is: BWisem@demoqa.com
2025-09-20 20:52:51 [main] INFO  demoqaBase - Email entered is: BWisem@demoqa.com
2025-09-20 20:52:51 [main] INFO  demoqaBase - Click on Elements|Web Tables|Registration Form|Age...
2025-09-20 20:52:51 [main] INFO  demoqaBase - Age entered is: 40
2025-09-20 20:52:51 [main] INFO  demoqaBase - Click on Elements|Web Tables|Registration Form|Salary...
2025-09-20 20:52:52 [main] INFO  demoqaBase - Salary entered is: 150000
2025-09-20 20:52:52 [main] INFO  demoqaBase - Click on Elements|Web Tables|Registration Form|Department...
2025-09-20 20:52:52 [main] INFO  demoqaBase - Department entered is: Medicine
2025-09-20 20:52:52 [main] INFO  demoqaBase - Submitting Registration Form...
2025-09-20 20:52:52 [main] INFO  demoqaBase - Registration Form Submitted...
2025-09-20 20:52:52 [main] ERROR demoqaBase - Submitted to register user: Bud
2025-09-20 20:52:52 [main] INFO  demoqaBase - Click on Elements|Web Tables|Registration Form...
🔹 Trying JS click on WebElement (attempt 1)
2025-09-20 20:52:52 [main] INFO  demoqaLog - 🔹 Trying JS click on WebElement (attempt 1)
🔹 Attempting JS click...
2025-09-20 20:52:52 [main] INFO  demoqaLog - 🔹 Attempting JS click...
2025-09-20 20:52:52 [main] ERROR demoqaBase - Registering User: Tom
2025-09-20 20:52:52 [main] INFO  demoqaBase - Click on Elements|Web Tables|Registration Form|FirstName...
2025-09-20 20:52:52 [main] INFO  demoqaBase - First Name entered is: Tom
2025-09-20 20:52:52 [main] INFO  demoqaBase - Click on Elements|Web Tables|Registration Form|LastName...
Last Name is: Boss
2025-09-20 20:52:52 [main] INFO  demoqaBase - Last Name entered is: Boss
2025-09-20 20:52:52 [main] INFO  demoqaBase - Click on Elements|Web Tables|Registration Form|Email...
Email ID is: TBoss@demoqa.com
2025-09-20 20:52:53 [main] INFO  demoqaBase - Email entered is: TBoss@demoqa.com
2025-09-20 20:52:53 [main] INFO  demoqaBase - Click on Elements|Web Tables|Registration Form|Age...
2025-09-20 20:52:53 [main] INFO  demoqaBase - Age entered is: 42
2025-09-20 20:52:53 [main] INFO  demoqaBase - Click on Elements|Web Tables|Registration Form|Salary...
2025-09-20 20:52:53 [main] INFO  demoqaBase - Salary entered is: 190000
2025-09-20 20:52:53 [main] INFO  demoqaBase - Click on Elements|Web Tables|Registration Form|Department...
2025-09-20 20:52:53 [main] INFO  demoqaBase - Department entered is: Recreation
2025-09-20 20:52:53 [main] INFO  demoqaBase - Submitting Registration Form...
2025-09-20 20:52:53 [main] INFO  demoqaBase - Registration Form Submitted...
2025-09-20 20:52:53 [main] ERROR demoqaBase - Submitted to register user: Tom
2025-09-20 20:52:53 [main] INFO  demoqaBase - Click on Elements|Web Tables|Registration Form...
🔹 Trying JS click on WebElement (attempt 1)
2025-09-20 20:52:53 [main] INFO  demoqaLog - 🔹 Trying JS click on WebElement (attempt 1)
🔹 Attempting JS click...
2025-09-20 20:52:53 [main] INFO  demoqaLog - 🔹 Attempting JS click...
Initial user count: 10
Final user count: 10
2025-09-20 20:52:54 [main] INFO  demoqaBase - ✅ Test for Bulk User Creation in Web Table Completed Successfully...
]]></system-out>
  </testcase>
  <testcase name="testAddAllUsersSearchEdit" classname="tests.ElementsTests" time="25.536">
    <system-out><![CDATA[Path for Screenshot is: C:\ASN\eclipse_workspace\demoqa-automation/screenshots/testAddAllUsersFromExcel_Passed_20250920_205254+2025-09-20_20-52-54.png
2025-09-20 20:52:54 [main] INFO  demoqaBase - ✅ Test testAddAllUsersFromExcel passed. Screenshot captured.
2025-09-20 20:52:54 [main] INFO  demoqaBase - Closing browser for test: testAddAllUsersFromExcel
2025-09-20 20:52:55 [main] INFO  DriverFactory - 🌐 Starting Chrome Web Browser...
2025-09-20 20:52:55 [main] INFO  DriverFactory - ✅ Created temporary Chrome profile at C:\Users\dell\AppData\Local\Temp\chrome-profile-12766715167966856643
2025-09-20 20:52:56 [main] INFO  DriverFactory - 🚀 WebDriver started successfully
2025-09-20 20:52:56 [main] INFO  RetryUrlAccess - 🌐 Navigating to URL (attempt 1): https://demoqa.com
2025-09-20 20:52:59 [main] INFO  RetryUrlAccess - ✅ Navigation successful on attempt 1
Instance Variables Declared are: nullnull
2025-09-20 20:52:59 [main] INFO  demoqaBase - Accessing Elements Card...
2025-09-20 20:52:59 [main] INFO  demoqaLog - Clicking on Elements Card...
🔹 Trying JS click by locator (attempt 1)
2025-09-20 20:52:59 [main] INFO  demoqaLog - 🔹 Trying JS click by locator (attempt 1)
🔹 Attempting JS click...
2025-09-20 20:52:59 [main] INFO  demoqaLog - 🔹 Attempting JS click...
⚡ Falling back to native click by locator (attempt 1)
2025-09-20 20:52:59 [main] INFO  demoqaLog - ⚡ Falling back to native click by locator (attempt 1)
2025-09-20 20:52:59 [main] INFO  demoqaLog - Clicked on Elements Card...
Title of this Page is: DEMOQA
You are Accessing: Elements
 
Elements: Please select an item from left to start practice.
2025-09-20 20:52:59 [main] INFO  demoqaBase - Elements: Please select an item from left to start practice.
2025-09-20 20:52:59 [main] INFO  demoqaBase - Click on Elements|Web Tables...
2025-09-20 20:52:59 [main] INFO  demoqaLog - ⏳ Waiting for page to fully load (timeout: 30s)
2025-09-20 20:53:17 [main] INFO  demoqaLog - ✅ Page load completed.
🧾 Row 1: {Salary=28000.0, Email=Jbravo@demoqa.com, DOBTime=6:45:00 am, Address=511 Grant 481, Prattsville\n Arkansas 72129\n United States, First Name=Johny, Gender=Male, City=Delhi, Mobile=9.238343488E9, Hobbies=Sports,Music, Subject=Computer Science, Current Address=301 Town 481, Brookville\n kansas 42129\n United States, Department=Information Technology, DOB=15/08/2000, Picture=/TestData/Mphoto.jpg, State=NCR, Last Name=Bravo, Age=34.0}
🔍 Mapping field: firstName | Excel Column: First Name | Value: Johny
🔍 Mapping field: lastName | Excel Column: Last Name | Value: Bravo
🔍 Mapping field: email | Excel Column: Email | Value: Jbravo@demoqa.com
🔍 Mapping field: salary | Excel Column: Salary | Value: 28000.0
🔍 Mapping field: age | Excel Column: Age | Value: 34.0
🔍 Mapping field: department | Excel Column: Department | Value: Information Technology
🧾 Row 2: {Salary=18000.0, Email=GFemina@demoqa.com, DOBTime=4:30:00 pm, Address=512 Grant 481, Prattsville\n Arkansas 72129\n United States, First Name=Gene, Gender=Female, City=Merrut, Mobile=1.888343432E9, Hobbies=Music,Reading, Subject=Accounting, Current Address=302 Town 481, Brookville\n kansas 42129\n United States, Department=Finance, DOB=22/05/2002, Picture=/TestData/Fphoto.png, State=Uttar Pradesh, Last Name=Femina, Age=30.0}
🔍 Mapping field: firstName | Excel Column: First Name | Value: Gene
🔍 Mapping field: lastName | Excel Column: Last Name | Value: Femina
🔍 Mapping field: email | Excel Column: Email | Value: GFemina@demoqa.com
🔍 Mapping field: salary | Excel Column: Salary | Value: 18000.0
🔍 Mapping field: age | Excel Column: Age | Value: 30.0
🔍 Mapping field: department | Excel Column: Department | Value: Finance
🧾 Row 3: {Salary=15000.0, Email=BWisem@demoqa.com, DOBTime=8:45:00 pm, Address=513 Grant 481, Prattsville\n Arkansas 72129\n United States, First Name=Bud, Gender=Other, City=Panipat, Mobile=8.932465432E9, Hobbies=Reading, Subject=Biology, Current Address=303 Town 481, Brookville\n kansas 42129\n United States, Department=Medicine, DOB=31/12/1999, Picture=/TestData/Ophoto.jpg, State=Haryana, Last Name=Wisem, Age=40.0}
🔍 Mapping field: firstName | Excel Column: First Name | Value: Bud
🔍 Mapping field: lastName | Excel Column: Last Name | Value: Wisem
🔍 Mapping field: email | Excel Column: Email | Value: BWisem@demoqa.com
🔍 Mapping field: salary | Excel Column: Salary | Value: 15000.0
🔍 Mapping field: age | Excel Column: Age | Value: 40.0
🔍 Mapping field: department | Excel Column: Department | Value: Medicine
🧾 Row 4: {Salary=19000.0, Email=TBoss@demoqa.com, DOBTime=5:45:00 am, Address=514 Grant 481, Prattsville\n Arkansas 72129\n United States, First Name=Tom, Gender=Male, City=Jaiselmer, Mobile=7.839875281E9, Hobbies=Sports,Reading, Subject=Social Studies, Current Address=304 Town 481, Brookville\n kansas 42129\n United States, Department=Recreation, DOB=1/26/03, Picture=/TestData/M2photo.jpg, State=Rajasthan, Last Name=Boss, Age=42.0}
🔍 Mapping field: firstName | Excel Column: First Name | Value: Tom
🔍 Mapping field: lastName | Excel Column: Last Name | Value: Boss
🔍 Mapping field: email | Excel Column: Email | Value: TBoss@demoqa.com
🔍 Mapping field: salary | Excel Column: Salary | Value: 19000.0
🔍 Mapping field: age | Excel Column: Age | Value: 42.0
🔍 Mapping field: department | Excel Column: Department | Value: Recreation
2025-09-20 20:53:17 [main] INFO  demoqaBase - Click on Elements|Web Tables|Registration Form...
🔹 Trying JS click on WebElement (attempt 1)
2025-09-20 20:53:17 [main] INFO  demoqaLog - 🔹 Trying JS click on WebElement (attempt 1)
🔹 Attempting JS click...
2025-09-20 20:53:17 [main] INFO  demoqaLog - 🔹 Attempting JS click...
🧾 Row 1: {Salary=28000.0, Email=Jbravo@demoqa.com, DOBTime=6:45:00 am, Address=511 Grant 481, Prattsville\n Arkansas 72129\n United States, First Name=Johny, Gender=Male, City=Delhi, Mobile=9.238343488E9, Hobbies=Sports,Music, Subject=Computer Science, Current Address=301 Town 481, Brookville\n kansas 42129\n United States, Department=Information Technology, DOB=15/08/2000, Picture=/TestData/Mphoto.jpg, State=NCR, Last Name=Bravo, Age=34.0}
🔍 Mapping field: firstName | Excel Column: First Name | Value: Johny
🔍 Mapping field: lastName | Excel Column: Last Name | Value: Bravo
🔍 Mapping field: email | Excel Column: Email | Value: Jbravo@demoqa.com
🔍 Mapping field: salary | Excel Column: Salary | Value: 28000.0
🔍 Mapping field: age | Excel Column: Age | Value: 34.0
🔍 Mapping field: department | Excel Column: Department | Value: Information Technology
🧾 Row 2: {Salary=18000.0, Email=GFemina@demoqa.com, DOBTime=4:30:00 pm, Address=512 Grant 481, Prattsville\n Arkansas 72129\n United States, First Name=Gene, Gender=Female, City=Merrut, Mobile=1.888343432E9, Hobbies=Music,Reading, Subject=Accounting, Current Address=302 Town 481, Brookville\n kansas 42129\n United States, Department=Finance, DOB=22/05/2002, Picture=/TestData/Fphoto.png, State=Uttar Pradesh, Last Name=Femina, Age=30.0}
🔍 Mapping field: firstName | Excel Column: First Name | Value: Gene
🔍 Mapping field: lastName | Excel Column: Last Name | Value: Femina
🔍 Mapping field: email | Excel Column: Email | Value: GFemina@demoqa.com
🔍 Mapping field: salary | Excel Column: Salary | Value: 18000.0
🔍 Mapping field: age | Excel Column: Age | Value: 30.0
🔍 Mapping field: department | Excel Column: Department | Value: Finance
🧾 Row 3: {Salary=15000.0, Email=BWisem@demoqa.com, DOBTime=8:45:00 pm, Address=513 Grant 481, Prattsville\n Arkansas 72129\n United States, First Name=Bud, Gender=Other, City=Panipat, Mobile=8.932465432E9, Hobbies=Reading, Subject=Biology, Current Address=303 Town 481, Brookville\n kansas 42129\n United States, Department=Medicine, DOB=31/12/1999, Picture=/TestData/Ophoto.jpg, State=Haryana, Last Name=Wisem, Age=40.0}
🔍 Mapping field: firstName | Excel Column: First Name | Value: Bud
🔍 Mapping field: lastName | Excel Column: Last Name | Value: Wisem
🔍 Mapping field: email | Excel Column: Email | Value: BWisem@demoqa.com
🔍 Mapping field: salary | Excel Column: Salary | Value: 15000.0
🔍 Mapping field: age | Excel Column: Age | Value: 40.0
🔍 Mapping field: department | Excel Column: Department | Value: Medicine
🧾 Row 4: {Salary=19000.0, Email=TBoss@demoqa.com, DOBTime=5:45:00 am, Address=514 Grant 481, Prattsville\n Arkansas 72129\n United States, First Name=Tom, Gender=Male, City=Jaiselmer, Mobile=7.839875281E9, Hobbies=Sports,Reading, Subject=Social Studies, Current Address=304 Town 481, Brookville\n kansas 42129\n United States, Department=Recreation, DOB=1/26/03, Picture=/TestData/M2photo.jpg, State=Rajasthan, Last Name=Boss, Age=42.0}
🔍 Mapping field: firstName | Excel Column: First Name | Value: Tom
🔍 Mapping field: lastName | Excel Column: Last Name | Value: Boss
🔍 Mapping field: email | Excel Column: Email | Value: TBoss@demoqa.com
🔍 Mapping field: salary | Excel Column: Salary | Value: 19000.0
🔍 Mapping field: age | Excel Column: Age | Value: 42.0
🔍 Mapping field: department | Excel Column: Department | Value: Recreation
2025-09-20 20:53:17 [main] ERROR demoqaBase - Registering User: Johny
2025-09-20 20:53:17 [main] INFO  demoqaBase - Click on Elements|Web Tables|Registration Form|FirstName...
2025-09-20 20:53:17 [main] INFO  demoqaBase - First Name entered is: Johny
2025-09-20 20:53:17 [main] INFO  demoqaBase - Click on Elements|Web Tables|Registration Form|LastName...
Last Name is: Bravo
2025-09-20 20:53:17 [main] INFO  demoqaBase - Last Name entered is: Bravo
2025-09-20 20:53:17 [main] INFO  demoqaBase - Click on Elements|Web Tables|Registration Form|Email...
Email ID is: Jbravo@demoqa.com
2025-09-20 20:53:18 [main] INFO  demoqaBase - Email entered is: Jbravo@demoqa.com
2025-09-20 20:53:18 [main] INFO  demoqaBase - Click on Elements|Web Tables|Registration Form|Age...
2025-09-20 20:53:18 [main] INFO  demoqaBase - Age entered is: 34
2025-09-20 20:53:18 [main] INFO  demoqaBase - Click on Elements|Web Tables|Registration Form|Salary...
2025-09-20 20:53:18 [main] INFO  demoqaBase - Salary entered is: 280000
2025-09-20 20:53:18 [main] INFO  demoqaBase - Click on Elements|Web Tables|Registration Form|Department...
2025-09-20 20:53:18 [main] INFO  demoqaBase - Department entered is: Information Technology
2025-09-20 20:53:18 [main] INFO  demoqaBase - Submitting Registration Form...
2025-09-20 20:53:18 [main] INFO  demoqaBase - Registration Form Submitted...
2025-09-20 20:53:18 [main] ERROR demoqaBase - Submitted to register user: Johny
2025-09-20 20:53:18 [main] INFO  demoqaBase - Click on Elements|Web Tables|Registration Form...
🔹 Trying JS click on WebElement (attempt 1)
2025-09-20 20:53:18 [main] INFO  demoqaLog - 🔹 Trying JS click on WebElement (attempt 1)
🔹 Attempting JS click...
2025-09-20 20:53:18 [main] INFO  demoqaLog - 🔹 Attempting JS click...
2025-09-20 20:53:18 [main] ERROR demoqaBase - Registering User: Gene
2025-09-20 20:53:18 [main] INFO  demoqaBase - Click on Elements|Web Tables|Registration Form|FirstName...
2025-09-20 20:53:19 [main] INFO  demoqaBase - First Name entered is: Gene
2025-09-20 20:53:19 [main] INFO  demoqaBase - Click on Elements|Web Tables|Registration Form|LastName...
Last Name is: Femina
2025-09-20 20:53:19 [main] INFO  demoqaBase - Last Name entered is: Femina
2025-09-20 20:53:19 [main] INFO  demoqaBase - Click on Elements|Web Tables|Registration Form|Email...
Email ID is: GFemina@demoqa.com
2025-09-20 20:53:19 [main] INFO  demoqaBase - Email entered is: GFemina@demoqa.com
2025-09-20 20:53:19 [main] INFO  demoqaBase - Click on Elements|Web Tables|Registration Form|Age...
2025-09-20 20:53:19 [main] INFO  demoqaBase - Age entered is: 30
2025-09-20 20:53:19 [main] INFO  demoqaBase - Click on Elements|Web Tables|Registration Form|Salary...
2025-09-20 20:53:19 [main] INFO  demoqaBase - Salary entered is: 180000
2025-09-20 20:53:19 [main] INFO  demoqaBase - Click on Elements|Web Tables|Registration Form|Department...
2025-09-20 20:53:19 [main] INFO  demoqaBase - Department entered is: Finance
2025-09-20 20:53:19 [main] INFO  demoqaBase - Submitting Registration Form...
2025-09-20 20:53:20 [main] INFO  demoqaBase - Registration Form Submitted...
2025-09-20 20:53:20 [main] ERROR demoqaBase - Submitted to register user: Gene
2025-09-20 20:53:20 [main] INFO  demoqaBase - Click on Elements|Web Tables|Registration Form...
🔹 Trying JS click on WebElement (attempt 1)
2025-09-20 20:53:20 [main] INFO  demoqaLog - 🔹 Trying JS click on WebElement (attempt 1)
🔹 Attempting JS click...
2025-09-20 20:53:20 [main] INFO  demoqaLog - 🔹 Attempting JS click...
2025-09-20 20:53:20 [main] ERROR demoqaBase - Registering User: Bud
2025-09-20 20:53:20 [main] INFO  demoqaBase - Click on Elements|Web Tables|Registration Form|FirstName...
2025-09-20 20:53:20 [main] INFO  demoqaBase - First Name entered is: Bud
2025-09-20 20:53:20 [main] INFO  demoqaBase - Click on Elements|Web Tables|Registration Form|LastName...
Last Name is: Wisem
2025-09-20 20:53:20 [main] INFO  demoqaBase - Last Name entered is: Wisem
2025-09-20 20:53:20 [main] INFO  demoqaBase - Click on Elements|Web Tables|Registration Form|Email...
Email ID is: BWisem@demoqa.com
2025-09-20 20:53:20 [main] INFO  demoqaBase - Email entered is: BWisem@demoqa.com
2025-09-20 20:53:20 [main] INFO  demoqaBase - Click on Elements|Web Tables|Registration Form|Age...
2025-09-20 20:53:20 [main] INFO  demoqaBase - Age entered is: 40
2025-09-20 20:53:20 [main] INFO  demoqaBase - Click on Elements|Web Tables|Registration Form|Salary...
2025-09-20 20:53:21 [main] INFO  demoqaBase - Salary entered is: 150000
2025-09-20 20:53:21 [main] INFO  demoqaBase - Click on Elements|Web Tables|Registration Form|Department...
2025-09-20 20:53:21 [main] INFO  demoqaBase - Department entered is: Medicine
2025-09-20 20:53:21 [main] INFO  demoqaBase - Submitting Registration Form...
2025-09-20 20:53:21 [main] INFO  demoqaBase - Registration Form Submitted...
2025-09-20 20:53:21 [main] ERROR demoqaBase - Submitted to register user: Bud
2025-09-20 20:53:21 [main] INFO  demoqaBase - Click on Elements|Web Tables|Registration Form...
🔹 Trying JS click on WebElement (attempt 1)
2025-09-20 20:53:21 [main] INFO  demoqaLog - 🔹 Trying JS click on WebElement (attempt 1)
🔹 Attempting JS click...
2025-09-20 20:53:21 [main] INFO  demoqaLog - 🔹 Attempting JS click...
2025-09-20 20:53:21 [main] ERROR demoqaBase - Registering User: Tom
2025-09-20 20:53:21 [main] INFO  demoqaBase - Click on Elements|Web Tables|Registration Form|FirstName...
2025-09-20 20:53:21 [main] INFO  demoqaBase - First Name entered is: Tom
2025-09-20 20:53:21 [main] INFO  demoqaBase - Click on Elements|Web Tables|Registration Form|LastName...
Last Name is: Boss
2025-09-20 20:53:21 [main] INFO  demoqaBase - Last Name entered is: Boss
2025-09-20 20:53:21 [main] INFO  demoqaBase - Click on Elements|Web Tables|Registration Form|Email...
Email ID is: TBoss@demoqa.com
2025-09-20 20:53:21 [main] INFO  demoqaBase - Email entered is: TBoss@demoqa.com
2025-09-20 20:53:21 [main] INFO  demoqaBase - Click on Elements|Web Tables|Registration Form|Age...
2025-09-20 20:53:22 [main] INFO  demoqaBase - Age entered is: 42
2025-09-20 20:53:22 [main] INFO  demoqaBase - Click on Elements|Web Tables|Registration Form|Salary...
2025-09-20 20:53:22 [main] INFO  demoqaBase - Salary entered is: 190000
2025-09-20 20:53:22 [main] INFO  demoqaBase - Click on Elements|Web Tables|Registration Form|Department...
2025-09-20 20:53:22 [main] INFO  demoqaBase - Department entered is: Recreation
2025-09-20 20:53:22 [main] INFO  demoqaBase - Submitting Registration Form...
2025-09-20 20:53:22 [main] INFO  demoqaBase - Registration Form Submitted...
2025-09-20 20:53:22 [main] ERROR demoqaBase - Submitted to register user: Tom
2025-09-20 20:53:22 [main] INFO  demoqaBase - Click on Elements|Web Tables|Registration Form...
🔹 Trying JS click on WebElement (attempt 1)
2025-09-20 20:53:22 [main] INFO  demoqaLog - 🔹 Trying JS click on WebElement (attempt 1)
🔹 Attempting JS click...
2025-09-20 20:53:22 [main] INFO  demoqaLog - 🔹 Attempting JS click...
2025-09-20 20:53:23 [main] INFO  demoqaBase - Modifying First Name of the user...
2025-09-20 20:53:24 [main] INFO  demoqaBase - Updated First Name is: Genelia
Initial user count: 10
Final user count: 10
2025-09-20 20:53:24 [main] INFO  demoqaBase - ✅ Test for Bulk User Creation and Edit Completed Successfully...
]]></system-out>
  </testcase>
  <testcase name="EditSalaryDepartment" classname="tests.ElementsTests" time="33.073">
    <system-out><![CDATA[2025-09-20 20:53:24 [main] INFO  demoqaBase - Closing browser for test: testAddAllUsersSearchEdit
2025-09-20 20:53:28 [main] INFO  DriverFactory - 🌐 Starting Chrome Web Browser...
2025-09-20 20:53:28 [main] INFO  DriverFactory - ✅ Created temporary Chrome profile at C:\Users\dell\AppData\Local\Temp\chrome-profile-13754575488877721301
2025-09-20 20:53:29 [main] INFO  DriverFactory - 🚀 WebDriver started successfully
2025-09-20 20:53:29 [main] INFO  RetryUrlAccess - 🌐 Navigating to URL (attempt 1): https://demoqa.com
2025-09-20 20:53:32 [main] INFO  RetryUrlAccess - ✅ Navigation successful on attempt 1
Instance Variables Declared are: nullnull
2025-09-20 20:53:32 [main] INFO  demoqaBase - Accessing Elements Card...
2025-09-20 20:53:32 [main] INFO  demoqaLog - Clicking on Elements Card...
🔹 Trying JS click by locator (attempt 1)
2025-09-20 20:53:32 [main] INFO  demoqaLog - 🔹 Trying JS click by locator (attempt 1)
🔹 Attempting JS click...
2025-09-20 20:53:32 [main] INFO  demoqaLog - 🔹 Attempting JS click...
⚡ Falling back to native click by locator (attempt 1)
2025-09-20 20:53:32 [main] INFO  demoqaLog - ⚡ Falling back to native click by locator (attempt 1)
2025-09-20 20:53:33 [main] INFO  demoqaLog - Clicked on Elements Card...
Title of this Page is: DEMOQA
You are Accessing: Elements
 
Elements: Please select an item from left to start practice.
2025-09-20 20:53:33 [main] INFO  demoqaBase - Elements: Please select an item from left to start practice.
2025-09-20 20:53:33 [main] INFO  demoqaBase - Click on Elements|Web Tables...
2025-09-20 20:53:33 [main] INFO  demoqaLog - ⏳ Waiting for page to fully load (timeout: 30s)
2025-09-20 20:53:54 [main] INFO  demoqaLog - ✅ Page load completed.
Total Number of user before adding new ones are: 10
🧾 Row 1: {Salary=28000.0, Email=Jbravo@demoqa.com, DOBTime=6:45:00 am, Address=511 Grant 481, Prattsville\n Arkansas 72129\n United States, First Name=Johny, Gender=Male, City=Delhi, Mobile=9.238343488E9, Hobbies=Sports,Music, Subject=Computer Science, Current Address=301 Town 481, Brookville\n kansas 42129\n United States, Department=Information Technology, DOB=15/08/2000, Picture=/TestData/Mphoto.jpg, State=NCR, Last Name=Bravo, Age=34.0}
🔍 Mapping field: firstName | Excel Column: First Name | Value: Johny
🔍 Mapping field: lastName | Excel Column: Last Name | Value: Bravo
🔍 Mapping field: email | Excel Column: Email | Value: Jbravo@demoqa.com
🔍 Mapping field: salary | Excel Column: Salary | Value: 28000.0
🔍 Mapping field: age | Excel Column: Age | Value: 34.0
🔍 Mapping field: department | Excel Column: Department | Value: Information Technology
🧾 Row 2: {Salary=18000.0, Email=GFemina@demoqa.com, DOBTime=4:30:00 pm, Address=512 Grant 481, Prattsville\n Arkansas 72129\n United States, First Name=Gene, Gender=Female, City=Merrut, Mobile=1.888343432E9, Hobbies=Music,Reading, Subject=Accounting, Current Address=302 Town 481, Brookville\n kansas 42129\n United States, Department=Finance, DOB=22/05/2002, Picture=/TestData/Fphoto.png, State=Uttar Pradesh, Last Name=Femina, Age=30.0}
🔍 Mapping field: firstName | Excel Column: First Name | Value: Gene
🔍 Mapping field: lastName | Excel Column: Last Name | Value: Femina
🔍 Mapping field: email | Excel Column: Email | Value: GFemina@demoqa.com
🔍 Mapping field: salary | Excel Column: Salary | Value: 18000.0
🔍 Mapping field: age | Excel Column: Age | Value: 30.0
🔍 Mapping field: department | Excel Column: Department | Value: Finance
🧾 Row 3: {Salary=15000.0, Email=BWisem@demoqa.com, DOBTime=8:45:00 pm, Address=513 Grant 481, Prattsville\n Arkansas 72129\n United States, First Name=Bud, Gender=Other, City=Panipat, Mobile=8.932465432E9, Hobbies=Reading, Subject=Biology, Current Address=303 Town 481, Brookville\n kansas 42129\n United States, Department=Medicine, DOB=31/12/1999, Picture=/TestData/Ophoto.jpg, State=Haryana, Last Name=Wisem, Age=40.0}
🔍 Mapping field: firstName | Excel Column: First Name | Value: Bud
🔍 Mapping field: lastName | Excel Column: Last Name | Value: Wisem
🔍 Mapping field: email | Excel Column: Email | Value: BWisem@demoqa.com
🔍 Mapping field: salary | Excel Column: Salary | Value: 15000.0
🔍 Mapping field: age | Excel Column: Age | Value: 40.0
🔍 Mapping field: department | Excel Column: Department | Value: Medicine
🧾 Row 4: {Salary=19000.0, Email=TBoss@demoqa.com, DOBTime=5:45:00 am, Address=514 Grant 481, Prattsville\n Arkansas 72129\n United States, First Name=Tom, Gender=Male, City=Jaiselmer, Mobile=7.839875281E9, Hobbies=Sports,Reading, Subject=Social Studies, Current Address=304 Town 481, Brookville\n kansas 42129\n United States, Department=Recreation, DOB=1/26/03, Picture=/TestData/M2photo.jpg, State=Rajasthan, Last Name=Boss, Age=42.0}
🔍 Mapping field: firstName | Excel Column: First Name | Value: Tom
🔍 Mapping field: lastName | Excel Column: Last Name | Value: Boss
🔍 Mapping field: email | Excel Column: Email | Value: TBoss@demoqa.com
🔍 Mapping field: salary | Excel Column: Salary | Value: 19000.0
🔍 Mapping field: age | Excel Column: Age | Value: 42.0
🔍 Mapping field: department | Excel Column: Department | Value: Recreation
2025-09-20 20:53:54 [main] INFO  demoqaBase - Click on Elements|Web Tables|Registration Form...
🔹 Trying JS click on WebElement (attempt 1)
2025-09-20 20:53:54 [main] INFO  demoqaLog - 🔹 Trying JS click on WebElement (attempt 1)
🔹 Attempting JS click...
2025-09-20 20:53:54 [main] INFO  demoqaLog - 🔹 Attempting JS click...
🧾 Row 1: {Salary=28000.0, Email=Jbravo@demoqa.com, DOBTime=6:45:00 am, Address=511 Grant 481, Prattsville\n Arkansas 72129\n United States, First Name=Johny, Gender=Male, City=Delhi, Mobile=9.238343488E9, Hobbies=Sports,Music, Subject=Computer Science, Current Address=301 Town 481, Brookville\n kansas 42129\n United States, Department=Information Technology, DOB=15/08/2000, Picture=/TestData/Mphoto.jpg, State=NCR, Last Name=Bravo, Age=34.0}
🔍 Mapping field: firstName | Excel Column: First Name | Value: Johny
🔍 Mapping field: lastName | Excel Column: Last Name | Value: Bravo
🔍 Mapping field: email | Excel Column: Email | Value: Jbravo@demoqa.com
🔍 Mapping field: salary | Excel Column: Salary | Value: 28000.0
🔍 Mapping field: age | Excel Column: Age | Value: 34.0
🔍 Mapping field: department | Excel Column: Department | Value: Information Technology
🧾 Row 2: {Salary=18000.0, Email=GFemina@demoqa.com, DOBTime=4:30:00 pm, Address=512 Grant 481, Prattsville\n Arkansas 72129\n United States, First Name=Gene, Gender=Female, City=Merrut, Mobile=1.888343432E9, Hobbies=Music,Reading, Subject=Accounting, Current Address=302 Town 481, Brookville\n kansas 42129\n United States, Department=Finance, DOB=22/05/2002, Picture=/TestData/Fphoto.png, State=Uttar Pradesh, Last Name=Femina, Age=30.0}
🔍 Mapping field: firstName | Excel Column: First Name | Value: Gene
🔍 Mapping field: lastName | Excel Column: Last Name | Value: Femina
🔍 Mapping field: email | Excel Column: Email | Value: GFemina@demoqa.com
🔍 Mapping field: salary | Excel Column: Salary | Value: 18000.0
🔍 Mapping field: age | Excel Column: Age | Value: 30.0
🔍 Mapping field: department | Excel Column: Department | Value: Finance
🧾 Row 3: {Salary=15000.0, Email=BWisem@demoqa.com, DOBTime=8:45:00 pm, Address=513 Grant 481, Prattsville\n Arkansas 72129\n United States, First Name=Bud, Gender=Other, City=Panipat, Mobile=8.932465432E9, Hobbies=Reading, Subject=Biology, Current Address=303 Town 481, Brookville\n kansas 42129\n United States, Department=Medicine, DOB=31/12/1999, Picture=/TestData/Ophoto.jpg, State=Haryana, Last Name=Wisem, Age=40.0}
🔍 Mapping field: firstName | Excel Column: First Name | Value: Bud
🔍 Mapping field: lastName | Excel Column: Last Name | Value: Wisem
🔍 Mapping field: email | Excel Column: Email | Value: BWisem@demoqa.com
🔍 Mapping field: salary | Excel Column: Salary | Value: 15000.0
🔍 Mapping field: age | Excel Column: Age | Value: 40.0
🔍 Mapping field: department | Excel Column: Department | Value: Medicine
🧾 Row 4: {Salary=19000.0, Email=TBoss@demoqa.com, DOBTime=5:45:00 am, Address=514 Grant 481, Prattsville\n Arkansas 72129\n United States, First Name=Tom, Gender=Male, City=Jaiselmer, Mobile=7.839875281E9, Hobbies=Sports,Reading, Subject=Social Studies, Current Address=304 Town 481, Brookville\n kansas 42129\n United States, Department=Recreation, DOB=1/26/03, Picture=/TestData/M2photo.jpg, State=Rajasthan, Last Name=Boss, Age=42.0}
🔍 Mapping field: firstName | Excel Column: First Name | Value: Tom
🔍 Mapping field: lastName | Excel Column: Last Name | Value: Boss
🔍 Mapping field: email | Excel Column: Email | Value: TBoss@demoqa.com
🔍 Mapping field: salary | Excel Column: Salary | Value: 19000.0
🔍 Mapping field: age | Excel Column: Age | Value: 42.0
🔍 Mapping field: department | Excel Column: Department | Value: Recreation
2025-09-20 20:53:54 [main] ERROR demoqaBase - Registering User: Johny
2025-09-20 20:53:54 [main] INFO  demoqaBase - Click on Elements|Web Tables|Registration Form|FirstName...
2025-09-20 20:53:54 [main] INFO  demoqaBase - First Name entered is: Johny
2025-09-20 20:53:54 [main] INFO  demoqaBase - Click on Elements|Web Tables|Registration Form|LastName...
Last Name is: Bravo
2025-09-20 20:53:54 [main] INFO  demoqaBase - Last Name entered is: Bravo
2025-09-20 20:53:54 [main] INFO  demoqaBase - Click on Elements|Web Tables|Registration Form|Email...
Email ID is: Jbravo@demoqa.com
2025-09-20 20:53:55 [main] INFO  demoqaBase - Email entered is: Jbravo@demoqa.com
2025-09-20 20:53:55 [main] INFO  demoqaBase - Click on Elements|Web Tables|Registration Form|Age...
2025-09-20 20:53:55 [main] INFO  demoqaBase - Age entered is: 34
2025-09-20 20:53:55 [main] INFO  demoqaBase - Click on Elements|Web Tables|Registration Form|Salary...
2025-09-20 20:53:55 [main] INFO  demoqaBase - Salary entered is: 280000
2025-09-20 20:53:55 [main] INFO  demoqaBase - Click on Elements|Web Tables|Registration Form|Department...
2025-09-20 20:53:55 [main] INFO  demoqaBase - Department entered is: Information Technology
2025-09-20 20:53:55 [main] INFO  demoqaBase - Submitting Registration Form...
2025-09-20 20:53:55 [main] INFO  demoqaBase - Registration Form Submitted...
2025-09-20 20:53:55 [main] ERROR demoqaBase - Submitted to register user: Johny
2025-09-20 20:53:55 [main] INFO  demoqaBase - Click on Elements|Web Tables|Registration Form...
🔹 Trying JS click on WebElement (attempt 1)
2025-09-20 20:53:55 [main] INFO  demoqaLog - 🔹 Trying JS click on WebElement (attempt 1)
🔹 Attempting JS click...
2025-09-20 20:53:55 [main] INFO  demoqaLog - 🔹 Attempting JS click...
2025-09-20 20:53:55 [main] ERROR demoqaBase - Registering User: Gene
2025-09-20 20:53:55 [main] INFO  demoqaBase - Click on Elements|Web Tables|Registration Form|FirstName...
2025-09-20 20:53:56 [main] INFO  demoqaBase - First Name entered is: Gene
2025-09-20 20:53:56 [main] INFO  demoqaBase - Click on Elements|Web Tables|Registration Form|LastName...
Last Name is: Femina
2025-09-20 20:53:56 [main] INFO  demoqaBase - Last Name entered is: Femina
2025-09-20 20:53:56 [main] INFO  demoqaBase - Click on Elements|Web Tables|Registration Form|Email...
Email ID is: GFemina@demoqa.com
2025-09-20 20:53:56 [main] INFO  demoqaBase - Email entered is: GFemina@demoqa.com
2025-09-20 20:53:56 [main] INFO  demoqaBase - Click on Elements|Web Tables|Registration Form|Age...
2025-09-20 20:53:56 [main] INFO  demoqaBase - Age entered is: 30
2025-09-20 20:53:56 [main] INFO  demoqaBase - Click on Elements|Web Tables|Registration Form|Salary...
2025-09-20 20:53:56 [main] INFO  demoqaBase - Salary entered is: 180000
2025-09-20 20:53:56 [main] INFO  demoqaBase - Click on Elements|Web Tables|Registration Form|Department...
2025-09-20 20:53:56 [main] INFO  demoqaBase - Department entered is: Finance
2025-09-20 20:53:56 [main] INFO  demoqaBase - Submitting Registration Form...
2025-09-20 20:53:56 [main] INFO  demoqaBase - Registration Form Submitted...
2025-09-20 20:53:56 [main] ERROR demoqaBase - Submitted to register user: Gene
2025-09-20 20:53:56 [main] INFO  demoqaBase - Click on Elements|Web Tables|Registration Form...
🔹 Trying JS click on WebElement (attempt 1)
2025-09-20 20:53:56 [main] INFO  demoqaLog - 🔹 Trying JS click on WebElement (attempt 1)
🔹 Attempting JS click...
2025-09-20 20:53:56 [main] INFO  demoqaLog - 🔹 Attempting JS click...
2025-09-20 20:53:56 [main] ERROR demoqaBase - Registering User: Bud
2025-09-20 20:53:56 [main] INFO  demoqaBase - Click on Elements|Web Tables|Registration Form|FirstName...
2025-09-20 20:53:57 [main] INFO  demoqaBase - First Name entered is: Bud
2025-09-20 20:53:57 [main] INFO  demoqaBase - Click on Elements|Web Tables|Registration Form|LastName...
Last Name is: Wisem
2025-09-20 20:53:57 [main] INFO  demoqaBase - Last Name entered is: Wisem
2025-09-20 20:53:57 [main] INFO  demoqaBase - Click on Elements|Web Tables|Registration Form|Email...
Email ID is: BWisem@demoqa.com
2025-09-20 20:53:57 [main] INFO  demoqaBase - Email entered is: BWisem@demoqa.com
2025-09-20 20:53:57 [main] INFO  demoqaBase - Click on Elements|Web Tables|Registration Form|Age...
2025-09-20 20:53:57 [main] INFO  demoqaBase - Age entered is: 40
2025-09-20 20:53:57 [main] INFO  demoqaBase - Click on Elements|Web Tables|Registration Form|Salary...
2025-09-20 20:53:57 [main] INFO  demoqaBase - Salary entered is: 150000
2025-09-20 20:53:57 [main] INFO  demoqaBase - Click on Elements|Web Tables|Registration Form|Department...
2025-09-20 20:53:57 [main] INFO  demoqaBase - Department entered is: Medicine
2025-09-20 20:53:57 [main] INFO  demoqaBase - Submitting Registration Form...
2025-09-20 20:53:57 [main] INFO  demoqaBase - Registration Form Submitted...
2025-09-20 20:53:57 [main] ERROR demoqaBase - Submitted to register user: Bud
2025-09-20 20:53:57 [main] INFO  demoqaBase - Click on Elements|Web Tables|Registration Form...
🔹 Trying JS click on WebElement (attempt 1)
2025-09-20 20:53:57 [main] INFO  demoqaLog - 🔹 Trying JS click on WebElement (attempt 1)
🔹 Attempting JS click...
2025-09-20 20:53:57 [main] INFO  demoqaLog - 🔹 Attempting JS click...
2025-09-20 20:53:58 [main] ERROR demoqaBase - Registering User: Tom
2025-09-20 20:53:58 [main] INFO  demoqaBase - Click on Elements|Web Tables|Registration Form|FirstName...
2025-09-20 20:53:58 [main] INFO  demoqaBase - First Name entered is: Tom
2025-09-20 20:53:58 [main] INFO  demoqaBase - Click on Elements|Web Tables|Registration Form|LastName...
Last Name is: Boss
2025-09-20 20:53:58 [main] INFO  demoqaBase - Last Name entered is: Boss
2025-09-20 20:53:58 [main] INFO  demoqaBase - Click on Elements|Web Tables|Registration Form|Email...
Email ID is: TBoss@demoqa.com
2025-09-20 20:53:58 [main] INFO  demoqaBase - Email entered is: TBoss@demoqa.com
2025-09-20 20:53:58 [main] INFO  demoqaBase - Click on Elements|Web Tables|Registration Form|Age...
2025-09-20 20:53:58 [main] INFO  demoqaBase - Age entered is: 42
2025-09-20 20:53:58 [main] INFO  demoqaBase - Click on Elements|Web Tables|Registration Form|Salary...
2025-09-20 20:53:58 [main] INFO  demoqaBase - Salary entered is: 190000
2025-09-20 20:53:58 [main] INFO  demoqaBase - Click on Elements|Web Tables|Registration Form|Department...
2025-09-20 20:53:59 [main] INFO  demoqaBase - Department entered is: Recreation
2025-09-20 20:53:59 [main] INFO  demoqaBase - Submitting Registration Form...
2025-09-20 20:53:59 [main] INFO  demoqaBase - Registration Form Submitted...
2025-09-20 20:53:59 [main] ERROR demoqaBase - Submitted to register user: Tom
2025-09-20 20:53:59 [main] INFO  demoqaBase - Click on Elements|Web Tables|Registration Form...
🔹 Trying JS click on WebElement (attempt 1)
2025-09-20 20:53:59 [main] INFO  demoqaLog - 🔹 Trying JS click on WebElement (attempt 1)
🔹 Attempting JS click...
2025-09-20 20:53:59 [main] INFO  demoqaLog - 🔹 Attempting JS click...
Current Salary is: 0
2025-09-20 20:53:59 [main] INFO  demoqaBase - Modifying First Name of the user...
2025-09-20 20:54:01 [main] INFO  demoqaBase - Updated First Name is: Tom
2025-09-20 20:54:01 [main] INFO  demoqaBase - Updating Users Salary...
New Salary is: 345000
2025-09-20 20:54:02 [main] INFO  demoqaBase - Updated Salarye is: 345000
2025-09-20 20:54:02 [main] INFO  demoqaBase - Modifying First Name of the user...
2025-09-20 20:54:04 [main] INFO  demoqaBase - Updated First Name is: Tom
2025-09-20 20:54:04 [main] INFO  demoqaBase - Updating Users Department...
New Salary is: Architecture
2025-09-20 20:54:05 [main] INFO  demoqaBase - Updated Department is: Architecture
2025-09-20 20:54:05 [main] INFO  demoqaBase - ✅ Test for Bulk User Creation and Edit Completed Successfully...
]]></system-out>
  </testcase>
  <testcase name="Buttons" classname="tests.ElementsTests" time="0.454">
    <system-out><![CDATA[2025-09-20 20:54:05 [main] INFO  demoqaBase - Closing browser for test: EditSalaryDepartment
2025-09-20 20:54:06 [main] INFO  DriverFactory - 🌐 Starting Chrome Web Browser...
2025-09-20 20:54:06 [main] INFO  DriverFactory - ✅ Created temporary Chrome profile at C:\Users\dell\AppData\Local\Temp\chrome-profile-4941849308861065506
2025-09-20 20:54:08 [main] INFO  DriverFactory - 🚀 WebDriver started successfully
2025-09-20 20:54:08 [main] INFO  RetryUrlAccess - 🌐 Navigating to URL (attempt 1): https://demoqa.com
2025-09-20 20:54:11 [main] INFO  RetryUrlAccess - ✅ Navigation successful on attempt 1
Instance Variables Declared are: nullnull
2025-09-20 20:54:11 [main] INFO  demoqaBase - Accessing Elements Card...
2025-09-20 20:54:11 [main] INFO  demoqaLog - Clicking on Elements Card...
🔹 Trying JS click by locator (attempt 1)
2025-09-20 20:54:11 [main] INFO  demoqaLog - 🔹 Trying JS click by locator (attempt 1)
🔹 Attempting JS click...
2025-09-20 20:54:11 [main] INFO  demoqaLog - 🔹 Attempting JS click...
⚡ Falling back to native click by locator (attempt 1)
2025-09-20 20:54:11 [main] INFO  demoqaLog - ⚡ Falling back to native click by locator (attempt 1)
2025-09-20 20:54:11 [main] INFO  demoqaLog - Clicked on Elements Card...
Title of this Page is: DEMOQA
You are Accessing: Elements
 
Elements: Please select an item from left to start practice.
2025-09-20 20:54:11 [main] INFO  demoqaBase - Elements: Please select an item from left to start practice.
2025-09-20 20:54:11 [main] INFO  demoqaBase - Clicking on Elements|Buttons...
2025-09-20 20:54:11 [main] INFO  demoqaBase - Clicked on Elements|Buttons...
2025-09-20 20:54:11 [main] INFO  demoqaBase - ✅ Test for Elements|Buttons Click Completed Successfully...
]]></system-out>
  </testcase>
  <testcase name="DoubleClickButtons" classname="tests.ElementsTests" time="32.363">
    <system-out><![CDATA[2025-09-20 20:54:11 [main] INFO  demoqaBase - Closing browser for test: Buttons
2025-09-20 20:54:12 [main] WARN  PauseManager - ⏸ Pausing for 5 minutes after 60 tests...
2025-09-20 20:54:12 [main] INFO  PauseManager - ▶ Resuming in 5 minutes...
2025-09-20 20:55:13 [main] INFO  PauseManager - ▶ Resuming in 4 minutes...
2025-09-20 20:56:13 [main] INFO  PauseManager - ▶ Resuming in 3 minutes...
2025-09-20 20:57:14 [main] INFO  PauseManager - ▶ Resuming in 2 minutes...
2025-09-20 20:58:14 [main] INFO  PauseManager - ▶ Resuming in 1 minutes...
2025-09-20 20:59:05 [main] INFO  PauseManager - ▶ Resuming in 10 seconds...
2025-09-20 20:59:06 [main] INFO  PauseManager - ▶ Resuming in 9 seconds...
2025-09-20 20:59:07 [main] INFO  PauseManager - ▶ Resuming in 8 seconds...
2025-09-20 20:59:08 [main] INFO  PauseManager - ▶ Resuming in 7 seconds...
2025-09-20 20:59:09 [main] INFO  PauseManager - ▶ Resuming in 6 seconds...
2025-09-20 20:59:10 [main] INFO  PauseManager - ▶ Resuming in 5 seconds...
2025-09-20 20:59:11 [main] INFO  PauseManager - ▶ Resuming in 4 seconds...
2025-09-20 20:59:12 [main] INFO  PauseManager - ▶ Resuming in 3 seconds...
2025-09-20 20:59:13 [main] INFO  PauseManager - ▶ Resuming in 2 seconds...
2025-09-20 20:59:14 [main] INFO  PauseManager - ▶ Resuming in 1 seconds...
2025-09-20 20:59:15 [main] INFO  PauseManager - ✅ Pause complete. Resuming tests...
2025-09-20 20:59:15 [main] INFO  DriverFactory - 🌐 Starting Chrome Web Browser...
2025-09-20 20:59:15 [main] INFO  DriverFactory - ✅ Created temporary Chrome profile at C:\Users\dell\AppData\Local\Temp\chrome-profile-2615415372811831630
2025-09-20 20:59:16 [main] INFO  DriverFactory - 🚀 WebDriver started successfully
2025-09-20 20:59:16 [main] INFO  RetryUrlAccess - 🌐 Navigating to URL (attempt 1): https://demoqa.com
2025-09-20 20:59:20 [main] INFO  RetryUrlAccess - ✅ Navigation successful on attempt 1
Instance Variables Declared are: nullnull
2025-09-20 20:59:20 [main] INFO  demoqaBase - Accessing Elements Card...
2025-09-20 20:59:20 [main] INFO  demoqaLog - Clicking on Elements Card...
🔹 Trying JS click by locator (attempt 1)
2025-09-20 20:59:20 [main] INFO  demoqaLog - 🔹 Trying JS click by locator (attempt 1)
🔹 Attempting JS click...
2025-09-20 20:59:20 [main] INFO  demoqaLog - 🔹 Attempting JS click...
⚡ Falling back to native click by locator (attempt 1)
2025-09-20 20:59:20 [main] INFO  demoqaLog - ⚡ Falling back to native click by locator (attempt 1)
2025-09-20 20:59:21 [main] INFO  demoqaLog - Clicked on Elements Card...
Title of this Page is: DEMOQA
You are Accessing: Elements
 
Elements: Please select an item from left to start practice.
2025-09-20 20:59:21 [main] INFO  demoqaBase - Elements: Please select an item from left to start practice.
2025-09-20 20:59:21 [main] INFO  demoqaBase - Clicking on Elements|Buttons...
2025-09-20 20:59:21 [main] INFO  demoqaBase - Clicked on Elements|Buttons...
2025-09-20 20:59:21 [main] INFO  demoqaLog - ⏳ Waiting for page to fully load (timeout: 30s)
2025-09-20 20:59:51 [main] WARN  demoqaLog - ⚠️ Page did not load within 30 seconds.
2025-09-20 20:59:51 [main] INFO  demoqaBase - Clicking on Elements|Buttons|Double Click button...
Declared WebDriverWait: org.openqa.selenium.support.ui.WebDriverWait@399feaba
You have done a double click
2025-09-20 20:59:53 [main] INFO  demoqaBase - Clicked on Elements|Buttons|Double Click button...You have done a double click
2025-09-20 20:59:53 [main] INFO  demoqaBase - ✅ Test for Elements|Buttons|Double Click Completed Successfully...
]]></system-out>
  </testcase>
  <testcase name="RightClickButton" classname="tests.ElementsTests" time="29.938">
    <system-out><![CDATA[2025-09-20 20:59:53 [main] INFO  demoqaBase - Closing browser for test: DoubleClickButtons
2025-09-20 20:59:53 [main] INFO  DriverFactory - 🌐 Starting Chrome Web Browser...
2025-09-20 20:59:53 [main] INFO  DriverFactory - ✅ Created temporary Chrome profile at C:\Users\dell\AppData\Local\Temp\chrome-profile-1920489706531575308
2025-09-20 20:59:54 [main] INFO  DriverFactory - 🚀 WebDriver started successfully
2025-09-20 20:59:54 [main] INFO  RetryUrlAccess - 🌐 Navigating to URL (attempt 1): https://demoqa.com
2025-09-20 20:59:57 [main] INFO  RetryUrlAccess - ✅ Navigation successful on attempt 1
Instance Variables Declared are: nullnull
2025-09-20 20:59:57 [main] INFO  demoqaBase - Accessing Elements Card...
2025-09-20 20:59:57 [main] INFO  demoqaLog - Clicking on Elements Card...
🔹 Trying JS click by locator (attempt 1)
2025-09-20 20:59:57 [main] INFO  demoqaLog - 🔹 Trying JS click by locator (attempt 1)
🔹 Attempting JS click...
2025-09-20 20:59:57 [main] INFO  demoqaLog - 🔹 Attempting JS click...
⚡ Falling back to native click by locator (attempt 1)
2025-09-20 20:59:57 [main] INFO  demoqaLog - ⚡ Falling back to native click by locator (attempt 1)
2025-09-20 20:59:57 [main] INFO  demoqaLog - Clicked on Elements Card...
Title of this Page is: DEMOQA
You are Accessing: Elements
 
Elements: Please select an item from left to start practice.
2025-09-20 20:59:58 [main] INFO  demoqaBase - Elements: Please select an item from left to start practice.
2025-09-20 20:59:58 [main] INFO  demoqaBase - Clicking on Elements|Buttons...
2025-09-20 20:59:58 [main] INFO  demoqaBase - Clicked on Elements|Buttons...
2025-09-20 20:59:58 [main] INFO  demoqaLog - ⏳ Waiting for page to fully load (timeout: 30s)
2025-09-20 21:00:26 [main] INFO  demoqaLog - ✅ Page load completed.
2025-09-20 21:00:26 [main] INFO  demoqaBase - Clicking on Elements|Buttons|Right Click button...
Waiting for Element: [[ChromeDriver: chrome on windows (36d7dc862791382570d9f1316ddd62f5)] -> xpath: //button[@id='rightClickBtn']]
Action: You have done a right click
2025-09-20 21:00:27 [main] INFO  demoqaBase - Clicked on Elements|Buttons|Right Click button... You have done a right click
2025-09-20 21:00:27 [main] INFO  demoqaBase - ✅ Test for Elements|Buttons|Right Click Completed Successfully...
]]></system-out>
  </testcase>
  <testcase name="ClickMeButton" classname="tests.ElementsTests" time="30.96">
    <system-out><![CDATA[2025-09-20 21:00:27 [main] INFO  demoqaBase - Closing browser for test: RightClickButton
2025-09-20 21:00:27 [main] INFO  DriverFactory - 🌐 Starting Chrome Web Browser...
2025-09-20 21:00:27 [main] INFO  DriverFactory - ✅ Created temporary Chrome profile at C:\Users\dell\AppData\Local\Temp\chrome-profile-12028584797546891983
2025-09-20 21:00:28 [main] INFO  DriverFactory - 🚀 WebDriver started successfully
2025-09-20 21:00:28 [main] INFO  RetryUrlAccess - 🌐 Navigating to URL (attempt 1): https://demoqa.com
2025-09-20 21:00:31 [main] INFO  RetryUrlAccess - ✅ Navigation successful on attempt 1
Instance Variables Declared are: nullnull
2025-09-20 21:00:31 [main] INFO  demoqaBase - Accessing Elements Card...
2025-09-20 21:00:31 [main] INFO  demoqaLog - Clicking on Elements Card...
🔹 Trying JS click by locator (attempt 1)
2025-09-20 21:00:32 [main] INFO  demoqaLog - 🔹 Trying JS click by locator (attempt 1)
🔹 Attempting JS click...
2025-09-20 21:00:32 [main] INFO  demoqaLog - 🔹 Attempting JS click...
⚡ Falling back to native click by locator (attempt 1)
2025-09-20 21:00:32 [main] INFO  demoqaLog - ⚡ Falling back to native click by locator (attempt 1)
2025-09-20 21:00:32 [main] INFO  demoqaLog - Clicked on Elements Card...
Title of this Page is: DEMOQA
You are Accessing: Elements
 
Elements: Please select an item from left to start practice.
2025-09-20 21:00:32 [main] INFO  demoqaBase - Elements: Please select an item from left to start practice.
2025-09-20 21:00:32 [main] INFO  demoqaBase - Clicking on Elements|Buttons...
2025-09-20 21:00:32 [main] INFO  demoqaBase - Clicked on Elements|Buttons...
2025-09-20 21:00:32 [main] INFO  demoqaLog - ⏳ Waiting for page to fully load (timeout: 30s)
2025-09-20 21:01:02 [main] WARN  demoqaLog - ⚠️ Page did not load within 30 seconds.
2025-09-20 21:01:02 [main] INFO  demoqaBase - Clicking on Elements|Buttons|Click Me button...
🔹 Trying JS click on WebElement (attempt 1)
2025-09-20 21:01:02 [main] INFO  demoqaLog - 🔹 Trying JS click on WebElement (attempt 1)
🔹 Attempting JS click...
2025-09-20 21:01:02 [main] INFO  demoqaLog - 🔹 Attempting JS click...
2025-09-20 21:01:02 [main] INFO  demoqaBase - Clicked on Elements|Buttons|Click Me button...You have done a dynamic click
2025-09-20 21:01:02 [main] INFO  demoqaBase - ✅ Test for Elements|Buttons|Click Me Button Completed Successfully...
]]></system-out>
  </testcase>
  <testcase name="ClickAllButtons" classname="tests.ElementsTests" time="94.273">
    <system-out><![CDATA[2025-09-20 21:01:02 [main] INFO  demoqaBase - Closing browser for test: ClickMeButton
2025-09-20 21:01:03 [main] INFO  DriverFactory - 🌐 Starting Chrome Web Browser...
2025-09-20 21:01:03 [main] INFO  DriverFactory - ✅ Created temporary Chrome profile at C:\Users\dell\AppData\Local\Temp\chrome-profile-18014556696246182011
2025-09-20 21:01:04 [main] INFO  DriverFactory - 🚀 WebDriver started successfully
2025-09-20 21:01:04 [main] INFO  RetryUrlAccess - 🌐 Navigating to URL (attempt 1): https://demoqa.com
2025-09-20 21:01:07 [main] INFO  RetryUrlAccess - ✅ Navigation successful on attempt 1
Instance Variables Declared are: nullnull
2025-09-20 21:01:07 [main] INFO  demoqaBase - Accessing Elements Card...
2025-09-20 21:01:07 [main] INFO  demoqaLog - Clicking on Elements Card...
🔹 Trying JS click by locator (attempt 1)
2025-09-20 21:01:07 [main] INFO  demoqaLog - 🔹 Trying JS click by locator (attempt 1)
🔹 Attempting JS click...
2025-09-20 21:01:07 [main] INFO  demoqaLog - 🔹 Attempting JS click...
⚡ Falling back to native click by locator (attempt 1)
2025-09-20 21:01:07 [main] INFO  demoqaLog - ⚡ Falling back to native click by locator (attempt 1)
2025-09-20 21:01:07 [main] INFO  demoqaLog - Clicked on Elements Card...
Title of this Page is: DEMOQA
You are Accessing: Elements
 
Elements: Please select an item from left to start practice.
2025-09-20 21:01:07 [main] INFO  demoqaBase - Elements: Please select an item from left to start practice.
2025-09-20 21:01:07 [main] INFO  demoqaBase - Clicking on Elements|Buttons...
2025-09-20 21:01:07 [main] INFO  demoqaBase - Clicked on Elements|Buttons...
2025-09-20 21:01:07 [main] INFO  demoqaLog - ⏳ Waiting for page to fully load (timeout: 30s)
2025-09-20 21:01:37 [main] WARN  demoqaLog - ⚠️ Page did not load within 30 seconds.
2025-09-20 21:01:37 [main] INFO  demoqaBase - Clicking on Elements|Buttons|Double Click button...
Declared WebDriverWait: org.openqa.selenium.support.ui.WebDriverWait@784ab885
You have done a double click
2025-09-20 21:01:39 [main] INFO  demoqaBase - Clicked on Elements|Buttons|Double Click button...You have done a double click
2025-09-20 21:01:39 [main] INFO  demoqaLog - ⏳ Waiting for page to fully load (timeout: 30s)
2025-09-20 21:02:09 [main] WARN  demoqaLog - ⚠️ Page did not load within 30 seconds.
2025-09-20 21:02:09 [main] INFO  demoqaBase - Clicking on Elements|Buttons|Right Click button...
Waiting for Element: [[ChromeDriver: chrome on windows (2564c40a309d49480d25198a500378fb)] -> xpath: //button[@id='rightClickBtn']]
Action: You have done a right click
2025-09-20 21:02:10 [main] INFO  demoqaBase - Clicked on Elements|Buttons|Right Click button... You have done a right click
2025-09-20 21:02:10 [main] INFO  demoqaLog - ⏳ Waiting for page to fully load (timeout: 30s)
2025-09-20 21:02:41 [main] WARN  demoqaLog - ⚠️ Page did not load within 30 seconds.
2025-09-20 21:02:41 [main] INFO  demoqaBase - Clicking on Elements|Buttons|Click Me button...
🔹 Trying JS click on WebElement (attempt 1)
2025-09-20 21:02:41 [main] INFO  demoqaLog - 🔹 Trying JS click on WebElement (attempt 1)
🔹 Attempting JS click...
2025-09-20 21:02:41 [main] INFO  demoqaLog - 🔹 Attempting JS click...
2025-09-20 21:02:41 [main] INFO  demoqaBase - Clicked on Elements|Buttons|Click Me button...You have done a dynamic click
2025-09-20 21:02:41 [main] INFO  demoqaBase - ✅ Test for Elements|Buttons|Click All Buttons Completed Successfully...
]]></system-out>
  </testcase>
  <testcase name="ClickLinks" classname="tests.ElementsTests" time="0.635">
    <system-out><![CDATA[Path for Screenshot is: C:\ASN\eclipse_workspace\demoqa-automation/screenshots/ClickAllButtons_Passed_20250920_210241+2025-09-20_21-02-41.png
2025-09-20 21:02:41 [main] INFO  demoqaBase - ✅ Test ClickAllButtons passed. Screenshot captured.
2025-09-20 21:02:41 [main] INFO  demoqaBase - Closing browser for test: ClickAllButtons
2025-09-20 21:02:42 [main] INFO  DriverFactory - 🌐 Starting Chrome Web Browser...
2025-09-20 21:02:42 [main] INFO  DriverFactory - ✅ Created temporary Chrome profile at C:\Users\dell\AppData\Local\Temp\chrome-profile-10530252740873278546
2025-09-20 21:02:43 [main] INFO  DriverFactory - 🚀 WebDriver started successfully
2025-09-20 21:02:43 [main] INFO  RetryUrlAccess - 🌐 Navigating to URL (attempt 1): https://demoqa.com
2025-09-20 21:02:47 [main] INFO  RetryUrlAccess - ✅ Navigation successful on attempt 1
Instance Variables Declared are: nullnull
2025-09-20 21:02:47 [main] INFO  demoqaBase - Accessing Elements Card...
2025-09-20 21:02:47 [main] INFO  demoqaLog - Clicking on Elements Card...
🔹 Trying JS click by locator (attempt 1)
2025-09-20 21:02:47 [main] INFO  demoqaLog - 🔹 Trying JS click by locator (attempt 1)
🔹 Attempting JS click...
2025-09-20 21:02:47 [main] INFO  demoqaLog - 🔹 Attempting JS click...
⚡ Falling back to native click by locator (attempt 1)
2025-09-20 21:02:47 [main] INFO  demoqaLog - ⚡ Falling back to native click by locator (attempt 1)
2025-09-20 21:02:47 [main] INFO  demoqaLog - Clicked on Elements Card...
Title of this Page is: DEMOQA
You are Accessing: Elements
 
Elements: Please select an item from left to start practice.
2025-09-20 21:02:47 [main] INFO  demoqaBase - Elements: Please select an item from left to start practice.
2025-09-20 21:02:47 [main] INFO  demoqaBase - Clicking on Elements|Links|Home Link...
2025-09-20 21:02:48 [main] INFO  demoqaBase - Clicked on Elements|Links|Home Link...
2025-09-20 21:02:48 [main] INFO  demoqaBase - ✅ Test for Elements|Links Completed Successfully...
]]></system-out>
  </testcase>
  <testcase name="ClickHomeLink" classname="tests.ElementsTests" time="31.21">
    <system-out><![CDATA[2025-09-20 21:02:48 [main] INFO  demoqaBase - Closing browser for test: ClickLinks
2025-09-20 21:02:48 [main] INFO  DriverFactory - 🌐 Starting Chrome Web Browser...
2025-09-20 21:02:48 [main] INFO  DriverFactory - ✅ Created temporary Chrome profile at C:\Users\dell\AppData\Local\Temp\chrome-profile-4264303566796919723
2025-09-20 21:02:49 [main] INFO  DriverFactory - 🚀 WebDriver started successfully
2025-09-20 21:02:49 [main] INFO  RetryUrlAccess - 🌐 Navigating to URL (attempt 1): https://demoqa.com
2025-09-20 21:02:52 [main] INFO  RetryUrlAccess - ✅ Navigation successful on attempt 1
Instance Variables Declared are: nullnull
2025-09-20 21:02:52 [main] INFO  demoqaBase - Accessing Elements Card...
2025-09-20 21:02:52 [main] INFO  demoqaLog - Clicking on Elements Card...
🔹 Trying JS click by locator (attempt 1)
2025-09-20 21:02:52 [main] INFO  demoqaLog - 🔹 Trying JS click by locator (attempt 1)
🔹 Attempting JS click...
2025-09-20 21:02:52 [main] INFO  demoqaLog - 🔹 Attempting JS click...
⚡ Falling back to native click by locator (attempt 1)
2025-09-20 21:02:52 [main] INFO  demoqaLog - ⚡ Falling back to native click by locator (attempt 1)
2025-09-20 21:02:53 [main] INFO  demoqaLog - Clicked on Elements Card...
Title of this Page is: DEMOQA
You are Accessing: Elements
 
Elements: Please select an item from left to start practice.
2025-09-20 21:02:53 [main] INFO  demoqaBase - Elements: Please select an item from left to start practice.
2025-09-20 21:02:53 [main] INFO  demoqaBase - Clicking on Elements|Links|Home Link...
2025-09-20 21:02:53 [main] INFO  demoqaBase - Clicked on Elements|Links|Home Link...
2025-09-20 21:02:53 [main] INFO  demoqaLog - ⏳ Waiting for page to fully load (timeout: 30s)
2025-09-20 21:03:23 [main] WARN  demoqaLog - ⚠️ Page did not load within 30 seconds.
2025-09-20 21:03:23 [main] INFO  demoqaBase - Clicking on Elements|Links|Home Link...
🔹 Trying JS click on WebElement (attempt 1)
2025-09-20 21:03:23 [main] INFO  demoqaLog - 🔹 Trying JS click on WebElement (attempt 1)
🔹 Attempting JS click...
2025-09-20 21:03:23 [main] INFO  demoqaLog - 🔹 Attempting JS click...
2025-09-20 21:03:23 [main] INFO  demoqaBase - Clicked on Elements|Links|Home Link...
2025-09-20 21:03:23 [main] INFO  demoqaBase - ✅ Test for Elements|Links|Home Completed Successfully...
]]></system-out>
  </testcase>
  <testcase name="ClickDynamicHomeLink" classname="tests.ElementsTests" time="31.019">
    <system-out><![CDATA[2025-09-20 21:03:23 [main] INFO  demoqaBase - Closing browser for test: ClickHomeLink
2025-09-20 21:03:25 [main] INFO  DriverFactory - 🌐 Starting Chrome Web Browser...
2025-09-20 21:03:25 [main] INFO  DriverFactory - ✅ Created temporary Chrome profile at C:\Users\dell\AppData\Local\Temp\chrome-profile-2225952779437964581
2025-09-20 21:03:26 [main] INFO  DriverFactory - 🚀 WebDriver started successfully
2025-09-20 21:03:26 [main] INFO  RetryUrlAccess - 🌐 Navigating to URL (attempt 1): https://demoqa.com
2025-09-20 21:03:30 [main] INFO  RetryUrlAccess - ✅ Navigation successful on attempt 1
Instance Variables Declared are: nullnull
2025-09-20 21:03:30 [main] INFO  demoqaBase - Accessing Elements Card...
2025-09-20 21:03:30 [main] INFO  demoqaLog - Clicking on Elements Card...
🔹 Trying JS click by locator (attempt 1)
2025-09-20 21:03:30 [main] INFO  demoqaLog - 🔹 Trying JS click by locator (attempt 1)
🔹 Attempting JS click...
2025-09-20 21:03:30 [main] INFO  demoqaLog - 🔹 Attempting JS click...
⚡ Falling back to native click by locator (attempt 1)
2025-09-20 21:03:30 [main] INFO  demoqaLog - ⚡ Falling back to native click by locator (attempt 1)
2025-09-20 21:03:30 [main] INFO  demoqaLog - Clicked on Elements Card...
Title of this Page is: DEMOQA
You are Accessing: Elements
 
Elements: Please select an item from left to start practice.
2025-09-20 21:03:31 [main] INFO  demoqaBase - Elements: Please select an item from left to start practice.
2025-09-20 21:03:31 [main] INFO  demoqaBase - Clicking on Elements|Links|Home Link...
2025-09-20 21:03:31 [main] INFO  demoqaBase - Clicked on Elements|Links|Home Link...
2025-09-20 21:03:31 [main] INFO  demoqaLog - ⏳ Waiting for page to fully load (timeout: 30s)
2025-09-20 21:04:01 [main] WARN  demoqaLog - ⚠️ Page did not load within 30 seconds.
2025-09-20 21:04:01 [main] INFO  demoqaBase - Clicking on Elements|Links|DynamicHome Link...
🔹 Trying JS click on WebElement (attempt 1)
2025-09-20 21:04:01 [main] INFO  demoqaLog - 🔹 Trying JS click on WebElement (attempt 1)
🔹 Attempting JS click...
2025-09-20 21:04:01 [main] INFO  demoqaLog - 🔹 Attempting JS click...
2025-09-20 21:04:01 [main] INFO  demoqaBase - Clicked on Elements|Links|DynamicHome Link...
2025-09-20 21:04:01 [main] INFO  demoqaBase - ✅ Test for Elements|Links|Dynamic Home Completed Successfully...
]]></system-out>
  </testcase>
  <testcase name="ClickCreatedAPILink" classname="tests.ElementsTests" time="31.029">
    <system-out><![CDATA[2025-09-20 21:04:01 [main] INFO  demoqaBase - Closing browser for test: ClickDynamicHomeLink
2025-09-20 21:04:01 [main] INFO  DriverFactory - 🌐 Starting Chrome Web Browser...
2025-09-20 21:04:01 [main] INFO  DriverFactory - ✅ Created temporary Chrome profile at C:\Users\dell\AppData\Local\Temp\chrome-profile-17708008307096982461
2025-09-20 21:04:03 [main] INFO  DriverFactory - 🚀 WebDriver started successfully
2025-09-20 21:04:03 [main] INFO  RetryUrlAccess - 🌐 Navigating to URL (attempt 1): https://demoqa.com
2025-09-20 21:04:06 [main] INFO  RetryUrlAccess - ✅ Navigation successful on attempt 1
Instance Variables Declared are: nullnull
2025-09-20 21:04:06 [main] INFO  demoqaBase - Accessing Elements Card...
2025-09-20 21:04:06 [main] INFO  demoqaLog - Clicking on Elements Card...
🔹 Trying JS click by locator (attempt 1)
2025-09-20 21:04:06 [main] INFO  demoqaLog - 🔹 Trying JS click by locator (attempt 1)
🔹 Attempting JS click...
2025-09-20 21:04:06 [main] INFO  demoqaLog - 🔹 Attempting JS click...
⚡ Falling back to native click by locator (attempt 1)
2025-09-20 21:04:06 [main] INFO  demoqaLog - ⚡ Falling back to native click by locator (attempt 1)
2025-09-20 21:04:06 [main] INFO  demoqaLog - Clicked on Elements Card...
Title of this Page is: DEMOQA
You are Accessing: Elements
 
Elements: Please select an item from left to start practice.
2025-09-20 21:04:07 [main] INFO  demoqaBase - Elements: Please select an item from left to start practice.
2025-09-20 21:04:07 [main] INFO  demoqaBase - Clicking on Elements|Links|Home Link...
2025-09-20 21:04:07 [main] INFO  demoqaBase - Clicked on Elements|Links|Home Link...
2025-09-20 21:04:07 [main] INFO  demoqaLog - ⏳ Waiting for page to fully load (timeout: 30s)
2025-09-20 21:04:37 [main] WARN  demoqaLog - ⚠️ Page did not load within 30 seconds.
2025-09-20 21:04:37 [main] INFO  demoqaBase - Clicking on Elements|Links|Created Link...
Waiting for the presence of Element: [[ChromeDriver: chrome on windows (6aa0f8a904c6c0b1ced9dead42f7cf60)] -> xpath: //*[@id='created']]
🔹 Trying JS click on WebElement (attempt 1)
2025-09-20 21:04:37 [main] INFO  demoqaLog - 🔹 Trying JS click on WebElement (attempt 1)
🔹 Attempting JS click...
2025-09-20 21:04:37 [main] INFO  demoqaLog - 🔹 Attempting JS click...
2025-09-20 21:04:37 [main] INFO  demoqaBase - Clicked on Elements|Links|Created Link...
2025-09-20 21:04:37 [main] INFO  FetchLinkResponse - Fetching link response...
2025-09-20 21:04:37 [main] INFO  FetchLinkResponse - Response fetched: Created
Created
2025-09-20 21:04:37 [main] INFO  demoqaBase - Clicked on Elements|Links|Created Link response is: Created
2025-09-20 21:04:37 [main] INFO  demoqaBase - ✅ Test for Elements|Links|Created Link Completed Successfully...
]]></system-out>
  </testcase>
  <testcase name="ClickNoContentLink" classname="tests.ElementsTests" time="27.891">
    <system-out><![CDATA[2025-09-20 21:04:37 [main] INFO  demoqaBase - Closing browser for test: ClickCreatedAPILink
2025-09-20 21:04:37 [main] INFO  DriverFactory - 🌐 Starting Chrome Web Browser...
2025-09-20 21:04:37 [main] INFO  DriverFactory - ✅ Created temporary Chrome profile at C:\Users\dell\AppData\Local\Temp\chrome-profile-1551994605549416011
2025-09-20 21:04:39 [main] INFO  DriverFactory - 🚀 WebDriver started successfully
2025-09-20 21:04:39 [main] INFO  RetryUrlAccess - 🌐 Navigating to URL (attempt 1): https://demoqa.com
2025-09-20 21:04:42 [main] INFO  RetryUrlAccess - ✅ Navigation successful on attempt 1
Instance Variables Declared are: nullnull
2025-09-20 21:04:42 [main] INFO  demoqaBase - Accessing Elements Card...
2025-09-20 21:04:42 [main] INFO  demoqaLog - Clicking on Elements Card...
🔹 Trying JS click by locator (attempt 1)
2025-09-20 21:04:42 [main] INFO  demoqaLog - 🔹 Trying JS click by locator (attempt 1)
🔹 Attempting JS click...
2025-09-20 21:04:42 [main] INFO  demoqaLog - 🔹 Attempting JS click...
⚡ Falling back to native click by locator (attempt 1)
2025-09-20 21:04:42 [main] INFO  demoqaLog - ⚡ Falling back to native click by locator (attempt 1)
2025-09-20 21:04:43 [main] INFO  demoqaLog - Clicked on Elements Card...
Title of this Page is: DEMOQA
You are Accessing: Elements
 
Elements: Please select an item from left to start practice.
2025-09-20 21:04:43 [main] INFO  demoqaBase - Elements: Please select an item from left to start practice.
2025-09-20 21:04:43 [main] INFO  demoqaBase - Clicking on Elements|Links|Home Link...
2025-09-20 21:04:43 [main] INFO  demoqaBase - Clicked on Elements|Links|Home Link...
2025-09-20 21:04:43 [main] INFO  demoqaLog - ⏳ Waiting for page to fully load (timeout: 30s)
2025-09-20 21:05:10 [main] INFO  demoqaLog - ✅ Page load completed.
2025-09-20 21:05:10 [main] INFO  demoqaBase - Clicking on Elements|Links|No Content Link...
Waiting for the presence of Element: [[ChromeDriver: chrome on windows (7b569254c5ac63b77fba62e22d6c3b99)] -> xpath: //*[@id="no-content"]]
🔹 Trying JS click on WebElement (attempt 1)
2025-09-20 21:05:10 [main] INFO  demoqaLog - 🔹 Trying JS click on WebElement (attempt 1)
🔹 Attempting JS click...
2025-09-20 21:05:10 [main] INFO  demoqaLog - 🔹 Attempting JS click...
2025-09-20 21:05:10 [main] INFO  demoqaBase - Clicked on Elements|Links|No Content Link...
2025-09-20 21:05:10 [main] INFO  FetchLinkResponse - Fetching link response...
2025-09-20 21:05:10 [main] INFO  FetchLinkResponse - Response fetched: No Content
No Content
2025-09-20 21:05:10 [main] INFO  demoqaBase - Clicked on Elements|Links|No Content Link response is: No Content
2025-09-20 21:05:10 [main] INFO  demoqaBase - ✅ Test for Elements|Links|No Content Link Completed Successfully...
]]></system-out>
  </testcase>
  <testcase name="ClickMovedLink" classname="tests.ElementsTests" time="31.272">
    <system-out><![CDATA[2025-09-20 21:05:10 [main] INFO  demoqaBase - Closing browser for test: ClickNoContentLink
2025-09-20 21:05:11 [main] INFO  DriverFactory - 🌐 Starting Chrome Web Browser...
2025-09-20 21:05:11 [main] INFO  DriverFactory - ✅ Created temporary Chrome profile at C:\Users\dell\AppData\Local\Temp\chrome-profile-6065862064498502640
2025-09-20 21:05:15 [main] INFO  DriverFactory - 🚀 WebDriver started successfully
2025-09-20 21:05:15 [main] INFO  RetryUrlAccess - 🌐 Navigating to URL (attempt 1): https://demoqa.com
2025-09-20 21:05:18 [main] INFO  RetryUrlAccess - ✅ Navigation successful on attempt 1
Instance Variables Declared are: nullnull
2025-09-20 21:05:18 [main] INFO  demoqaBase - Accessing Elements Card...
2025-09-20 21:05:18 [main] INFO  demoqaLog - Clicking on Elements Card...
🔹 Trying JS click by locator (attempt 1)
2025-09-20 21:05:18 [main] INFO  demoqaLog - 🔹 Trying JS click by locator (attempt 1)
🔹 Attempting JS click...
2025-09-20 21:05:18 [main] INFO  demoqaLog - 🔹 Attempting JS click...
⚡ Falling back to native click by locator (attempt 1)
2025-09-20 21:05:18 [main] INFO  demoqaLog - ⚡ Falling back to native click by locator (attempt 1)
2025-09-20 21:05:18 [main] INFO  demoqaLog - Clicked on Elements Card...
Title of this Page is: DEMOQA
You are Accessing: Elements
 
Elements: Please select an item from left to start practice.
2025-09-20 21:05:18 [main] INFO  demoqaBase - Elements: Please select an item from left to start practice.
2025-09-20 21:05:18 [main] INFO  demoqaBase - Clicking on Elements|Links|Home Link...
2025-09-20 21:05:19 [main] INFO  demoqaBase - Clicked on Elements|Links|Home Link...
2025-09-20 21:05:19 [main] INFO  demoqaLog - ⏳ Waiting for page to fully load (timeout: 30s)
2025-09-20 21:05:49 [main] INFO  demoqaLog - ✅ Page load completed.
2025-09-20 21:05:49 [main] INFO  demoqaBase - Clicking on Elements|Links|Moved Link...
🔹 Trying JS click on WebElement (attempt 1)
2025-09-20 21:05:49 [main] INFO  demoqaLog - 🔹 Trying JS click on WebElement (attempt 1)
🔹 Attempting JS click...
2025-09-20 21:05:49 [main] INFO  demoqaLog - 🔹 Attempting JS click...
2025-09-20 21:05:49 [main] INFO  demoqaBase - Clicked on Elements|Links|Moved Link...
2025-09-20 21:05:49 [main] INFO  FetchLinkResponse - Fetching link response...
2025-09-20 21:05:49 [main] INFO  FetchLinkResponse - Response fetched: Moved
Moved
2025-09-20 21:05:49 [main] INFO  demoqaBase - Clicked on Elements|Links|Moved Link Link response is: Moved
2025-09-20 21:05:49 [main] INFO  demoqaBase - ✅ Test for Elements|Links|Moved Link Completed Successfully...
]]></system-out>
  </testcase>
  <testcase name="ClickBadRequestLink" classname="tests.ElementsTests" time="30.986">
    <system-out><![CDATA[2025-09-20 21:05:49 [main] INFO  demoqaBase - Closing browser for test: ClickMovedLink
2025-09-20 21:05:50 [main] INFO  DriverFactory - 🌐 Starting Chrome Web Browser...
2025-09-20 21:05:50 [main] INFO  DriverFactory - ✅ Created temporary Chrome profile at C:\Users\dell\AppData\Local\Temp\chrome-profile-10600611520941578615
2025-09-20 21:05:51 [main] INFO  DriverFactory - 🚀 WebDriver started successfully
2025-09-20 21:05:51 [main] INFO  RetryUrlAccess - 🌐 Navigating to URL (attempt 1): https://demoqa.com
2025-09-20 21:05:54 [main] INFO  RetryUrlAccess - ✅ Navigation successful on attempt 1
Instance Variables Declared are: nullnull
2025-09-20 21:05:54 [main] INFO  demoqaBase - Accessing Elements Card...
2025-09-20 21:05:54 [main] INFO  demoqaLog - Clicking on Elements Card...
🔹 Trying JS click by locator (attempt 1)
2025-09-20 21:05:54 [main] INFO  demoqaLog - 🔹 Trying JS click by locator (attempt 1)
🔹 Attempting JS click...
2025-09-20 21:05:54 [main] INFO  demoqaLog - 🔹 Attempting JS click...
⚡ Falling back to native click by locator (attempt 1)
2025-09-20 21:05:54 [main] INFO  demoqaLog - ⚡ Falling back to native click by locator (attempt 1)
2025-09-20 21:05:54 [main] INFO  demoqaLog - Clicked on Elements Card...
Title of this Page is: DEMOQA
You are Accessing: Elements
 
Elements: Please select an item from left to start practice.
2025-09-20 21:05:54 [main] INFO  demoqaBase - Elements: Please select an item from left to start practice.
2025-09-20 21:05:54 [main] INFO  demoqaBase - Clicking on Elements|Links|Home Link...
2025-09-20 21:05:54 [main] INFO  demoqaBase - Clicked on Elements|Links|Home Link...
2025-09-20 21:05:54 [main] INFO  demoqaLog - ⏳ Waiting for page to fully load (timeout: 30s)
2025-09-20 21:06:25 [main] WARN  demoqaLog - ⚠️ Page did not load within 30 seconds.
2025-09-20 21:06:25 [main] INFO  demoqaBase - Clicking on Elements|Links|Bad Request Link...
🔹 Trying JS click on WebElement (attempt 1)
2025-09-20 21:06:25 [main] INFO  demoqaLog - 🔹 Trying JS click on WebElement (attempt 1)
🔹 Attempting JS click...
2025-09-20 21:06:25 [main] INFO  demoqaLog - 🔹 Attempting JS click...
2025-09-20 21:06:25 [main] INFO  demoqaBase - Clicked on Elements|Links|Bad Request Link...
2025-09-20 21:06:25 [main] INFO  FetchLinkResponse - Fetching link response...
2025-09-20 21:06:25 [main] INFO  FetchLinkResponse - Response fetched: Bad Request
Bad Request
2025-09-20 21:06:25 [main] INFO  demoqaBase - Clicked on Elements|Links|Bad Request Link response is: Bad Request
2025-09-20 21:06:25 [main] INFO  demoqaBase - ✅ Test for Elements|Links|Bad Request Link Completed Successfully...
]]></system-out>
  </testcase>
  <testcase name="ClickUnauthorizedLink" classname="tests.ElementsTests" time="30.983">
    <system-out><![CDATA[2025-09-20 21:06:25 [main] INFO  demoqaBase - Closing browser for test: ClickBadRequestLink
2025-09-20 21:06:25 [main] INFO  DriverFactory - 🌐 Starting Chrome Web Browser...
2025-09-20 21:06:25 [main] INFO  DriverFactory - ✅ Created temporary Chrome profile at C:\Users\dell\AppData\Local\Temp\chrome-profile-7159165601334546172
2025-09-20 21:06:27 [main] INFO  DriverFactory - 🚀 WebDriver started successfully
2025-09-20 21:06:27 [main] INFO  RetryUrlAccess - 🌐 Navigating to URL (attempt 1): https://demoqa.com
2025-09-20 21:06:30 [main] INFO  RetryUrlAccess - ✅ Navigation successful on attempt 1
Instance Variables Declared are: nullnull
2025-09-20 21:06:30 [main] INFO  demoqaBase - Accessing Elements Card...
2025-09-20 21:06:30 [main] INFO  demoqaLog - Clicking on Elements Card...
🔹 Trying JS click by locator (attempt 1)
2025-09-20 21:06:30 [main] INFO  demoqaLog - 🔹 Trying JS click by locator (attempt 1)
🔹 Attempting JS click...
2025-09-20 21:06:30 [main] INFO  demoqaLog - 🔹 Attempting JS click...
⚡ Falling back to native click by locator (attempt 1)
2025-09-20 21:06:30 [main] INFO  demoqaLog - ⚡ Falling back to native click by locator (attempt 1)
2025-09-20 21:06:30 [main] INFO  demoqaLog - Clicked on Elements Card...
Title of this Page is: DEMOQA
You are Accessing: Elements
 
Elements: Please select an item from left to start practice.
2025-09-20 21:06:30 [main] INFO  demoqaBase - Elements: Please select an item from left to start practice.
2025-09-20 21:06:30 [main] INFO  demoqaBase - Clicking on Elements|Links|Home Link...
2025-09-20 21:06:30 [main] INFO  demoqaBase - Clicked on Elements|Links|Home Link...
2025-09-20 21:06:30 [main] INFO  demoqaLog - ⏳ Waiting for page to fully load (timeout: 30s)
2025-09-20 21:07:00 [main] WARN  demoqaLog - ⚠️ Page did not load within 30 seconds.
2025-09-20 21:07:00 [main] INFO  demoqaBase - Clicking on Elements|Links|Unauthorized Link...
Waiting for the presence of Element: [[ChromeDriver: chrome on windows (24869eced336f2a675418a63f2226e57)] -> xpath: //*[@id="unauthorized"]]
🔹 Trying JS click on WebElement (attempt 1)
2025-09-20 21:07:00 [main] INFO  demoqaLog - 🔹 Trying JS click on WebElement (attempt 1)
🔹 Attempting JS click...
2025-09-20 21:07:00 [main] INFO  demoqaLog - 🔹 Attempting JS click...
2025-09-20 21:07:01 [main] INFO  demoqaBase - Clicked on Elements|Links|Unauthorized Link...
2025-09-20 21:07:01 [main] INFO  FetchLinkResponse - Fetching link response...
2025-09-20 21:07:01 [main] INFO  FetchLinkResponse - Response fetched: Unauthorized
Unauthorized
2025-09-20 21:07:01 [main] INFO  demoqaBase - Clicked on Elements|Links|Unauthorized Link response is: Unauthorized
2025-09-20 21:07:01 [main] INFO  demoqaBase - ✅ Test for Elements|Links|Unauthorized Link Completed Successfully...
]]></system-out>
  </testcase>
  <testcase name="ClickForbiddenLink" classname="tests.ElementsTests" time="31.044">
    <system-out><![CDATA[2025-09-20 21:07:01 [main] INFO  demoqaBase - Closing browser for test: ClickUnauthorizedLink
2025-09-20 21:07:01 [main] INFO  DriverFactory - 🌐 Starting Chrome Web Browser...
2025-09-20 21:07:01 [main] INFO  DriverFactory - ✅ Created temporary Chrome profile at C:\Users\dell\AppData\Local\Temp\chrome-profile-17931381901113317258
2025-09-20 21:07:02 [main] INFO  DriverFactory - 🚀 WebDriver started successfully
2025-09-20 21:07:02 [main] INFO  RetryUrlAccess - 🌐 Navigating to URL (attempt 1): https://demoqa.com
2025-09-20 21:07:05 [main] INFO  RetryUrlAccess - ✅ Navigation successful on attempt 1
Instance Variables Declared are: nullnull
2025-09-20 21:07:05 [main] INFO  demoqaBase - Accessing Elements Card...
2025-09-20 21:07:05 [main] INFO  demoqaLog - Clicking on Elements Card...
🔹 Trying JS click by locator (attempt 1)
2025-09-20 21:07:05 [main] INFO  demoqaLog - 🔹 Trying JS click by locator (attempt 1)
🔹 Attempting JS click...
2025-09-20 21:07:05 [main] INFO  demoqaLog - 🔹 Attempting JS click...
⚡ Falling back to native click by locator (attempt 1)
2025-09-20 21:07:05 [main] INFO  demoqaLog - ⚡ Falling back to native click by locator (attempt 1)
2025-09-20 21:07:06 [main] INFO  demoqaLog - Clicked on Elements Card...
Title of this Page is: DEMOQA
You are Accessing: Elements
 
Elements: Please select an item from left to start practice.
2025-09-20 21:07:06 [main] INFO  demoqaBase - Elements: Please select an item from left to start practice.
2025-09-20 21:07:06 [main] INFO  demoqaBase - Clicking on Elements|Links|Home Link...
2025-09-20 21:07:06 [main] INFO  demoqaBase - Clicked on Elements|Links|Home Link...
2025-09-20 21:07:06 [main] INFO  demoqaLog - ⏳ Waiting for page to fully load (timeout: 30s)
2025-09-20 21:07:36 [main] WARN  demoqaLog - ⚠️ Page did not load within 30 seconds.
2025-09-20 21:07:36 [main] INFO  demoqaBase - Clicking on Elements|Links|Forbidden Link...
🔹 Trying JS click on WebElement (attempt 1)
2025-09-20 21:07:36 [main] INFO  demoqaLog - 🔹 Trying JS click on WebElement (attempt 1)
🔹 Attempting JS click...
2025-09-20 21:07:36 [main] INFO  demoqaLog - 🔹 Attempting JS click...
2025-09-20 21:07:36 [main] INFO  demoqaBase - Clicked on Elements|Links|Forbidden Link...
2025-09-20 21:07:36 [main] INFO  FetchLinkResponse - Fetching link response...
2025-09-20 21:07:36 [main] INFO  FetchLinkResponse - Response fetched: Forbidden
Forbidden
2025-09-20 21:07:36 [main] INFO  demoqaBase - Clicked on Elements|Links|Forbidden Link response is: Forbidden
2025-09-20 21:07:36 [main] INFO  demoqaBase - ✅ Test for Elements|Links|Forbidden Link Completed Successfully...
]]></system-out>
  </testcase>
  <testcase name="ClickNotFoundLink" classname="tests.ElementsTests" time="31.21">
    <system-out><![CDATA[2025-09-20 21:07:36 [main] INFO  demoqaBase - Closing browser for test: ClickForbiddenLink
2025-09-20 21:07:37 [main] INFO  DriverFactory - 🌐 Starting Chrome Web Browser...
2025-09-20 21:07:37 [main] INFO  DriverFactory - ✅ Created temporary Chrome profile at C:\Users\dell\AppData\Local\Temp\chrome-profile-17525336320628512514
2025-09-20 21:07:38 [main] INFO  DriverFactory - 🚀 WebDriver started successfully
2025-09-20 21:07:38 [main] INFO  RetryUrlAccess - 🌐 Navigating to URL (attempt 1): https://demoqa.com
2025-09-20 21:07:41 [main] INFO  RetryUrlAccess - ✅ Navigation successful on attempt 1
Instance Variables Declared are: nullnull
2025-09-20 21:07:41 [main] INFO  demoqaBase - Accessing Elements Card...
2025-09-20 21:07:41 [main] INFO  demoqaLog - Clicking on Elements Card...
🔹 Trying JS click by locator (attempt 1)
2025-09-20 21:07:41 [main] INFO  demoqaLog - 🔹 Trying JS click by locator (attempt 1)
🔹 Attempting JS click...
2025-09-20 21:07:41 [main] INFO  demoqaLog - 🔹 Attempting JS click...
⚡ Falling back to native click by locator (attempt 1)
2025-09-20 21:07:41 [main] INFO  demoqaLog - ⚡ Falling back to native click by locator (attempt 1)
2025-09-20 21:07:41 [main] INFO  demoqaLog - Clicked on Elements Card...
Title of this Page is: DEMOQA
You are Accessing: Elements
 
Elements: Please select an item from left to start practice.
2025-09-20 21:07:41 [main] INFO  demoqaBase - Elements: Please select an item from left to start practice.
2025-09-20 21:07:41 [main] INFO  demoqaBase - Clicking on Elements|Links|Home Link...
2025-09-20 21:07:41 [main] INFO  demoqaBase - Clicked on Elements|Links|Home Link...
2025-09-20 21:07:41 [main] INFO  demoqaLog - ⏳ Waiting for page to fully load (timeout: 30s)
2025-09-20 21:08:12 [main] WARN  demoqaLog - ⚠️ Page did not load within 30 seconds.
2025-09-20 21:08:12 [main] INFO  demoqaBase - Clicking on Elements|Links|NotFound Link...
🔹 Trying JS click on WebElement (attempt 1)
2025-09-20 21:08:12 [main] INFO  demoqaLog - 🔹 Trying JS click on WebElement (attempt 1)
🔹 Attempting JS click...
2025-09-20 21:08:12 [main] INFO  demoqaLog - 🔹 Attempting JS click...
2025-09-20 21:08:12 [main] INFO  demoqaBase - Clicked on Elements|Links|NotFound Link...
2025-09-20 21:08:12 [main] INFO  FetchLinkResponse - Fetching link response...
2025-09-20 21:08:12 [main] INFO  FetchLinkResponse - Response fetched: Not Found
Not Found
2025-09-20 21:08:12 [main] INFO  demoqaBase - Clicked on Elements|Links|Not Found Link response is: Not Found
2025-09-20 21:08:12 [main] INFO  demoqaBase - ✅ Test for Elements|Links|NotFound Link Completed Successfully...
]]></system-out>
  </testcase>
  <testcase name="ClickAllLinks" classname="tests.ElementsTests" time="20.852">
    <system-out><![CDATA[2025-09-20 21:08:12 [main] INFO  demoqaBase - Closing browser for test: ClickNotFoundLink
2025-09-20 21:08:12 [main] INFO  DriverFactory - 🌐 Starting Chrome Web Browser...
2025-09-20 21:08:12 [main] INFO  DriverFactory - ✅ Created temporary Chrome profile at C:\Users\dell\AppData\Local\Temp\chrome-profile-16364371246918567762
2025-09-20 21:08:14 [main] INFO  DriverFactory - 🚀 WebDriver started successfully
2025-09-20 21:08:14 [main] INFO  RetryUrlAccess - 🌐 Navigating to URL (attempt 1): https://demoqa.com
2025-09-20 21:08:16 [main] INFO  RetryUrlAccess - ✅ Navigation successful on attempt 1
Instance Variables Declared are: nullnull
2025-09-20 21:08:16 [main] INFO  demoqaBase - Accessing Elements Card...
2025-09-20 21:08:16 [main] INFO  demoqaLog - Clicking on Elements Card...
🔹 Trying JS click by locator (attempt 1)
2025-09-20 21:08:16 [main] INFO  demoqaLog - 🔹 Trying JS click by locator (attempt 1)
🔹 Attempting JS click...
2025-09-20 21:08:16 [main] INFO  demoqaLog - 🔹 Attempting JS click...
⚡ Falling back to native click by locator (attempt 1)
2025-09-20 21:08:16 [main] INFO  demoqaLog - ⚡ Falling back to native click by locator (attempt 1)
2025-09-20 21:08:17 [main] INFO  demoqaLog - Clicked on Elements Card...
Title of this Page is: DEMOQA
You are Accessing: Elements
 
Elements: Please select an item from left to start practice.
2025-09-20 21:08:17 [main] INFO  demoqaBase - Elements: Please select an item from left to start practice.
2025-09-20 21:08:17 [main] INFO  demoqaBase - Clicking on Elements|Links|Home Link...
2025-09-20 21:08:17 [main] INFO  demoqaBase - Clicked on Elements|Links|Home Link...
2025-09-20 21:08:17 [main] INFO  demoqaBase - Clicking on Elements|Links|Home Link...
🔹 Trying JS click on WebElement (attempt 1)
2025-09-20 21:08:17 [main] INFO  demoqaLog - 🔹 Trying JS click on WebElement (attempt 1)
🔹 Attempting JS click...
2025-09-20 21:08:17 [main] INFO  demoqaLog - 🔹 Attempting JS click...
2025-09-20 21:08:17 [main] INFO  demoqaBase - Clicked on Elements|Links|Home Link...
2025-09-20 21:08:17 [main] INFO  demoqaLog - ⏳ Waiting for page to fully load (timeout: 30s)
2025-09-20 21:08:36 [main] INFO  demoqaLog - ✅ Page load completed.
2025-09-20 21:08:36 [main] INFO  demoqaBase - Clicking on Elements|Links|DynamicHome Link...
🔹 Trying JS click on WebElement (attempt 1)
2025-09-20 21:08:36 [main] INFO  demoqaLog - 🔹 Trying JS click on WebElement (attempt 1)
🔹 Attempting JS click...
2025-09-20 21:08:36 [main] INFO  demoqaLog - 🔹 Attempting JS click...
2025-09-20 21:08:36 [main] INFO  demoqaBase - Clicked on Elements|Links|DynamicHome Link...
2025-09-20 21:08:36 [main] INFO  demoqaLog - ⏳ Waiting for page to fully load (timeout: 30s)
2025-09-20 21:08:36 [main] INFO  demoqaLog - ✅ Page load completed.
2025-09-20 21:08:36 [main] INFO  demoqaBase - Clicking on Elements|Links|Created Link...
Waiting for the presence of Element: [[ChromeDriver: chrome on windows (137c099547f53301ec26ee0cc79a6d73)] -> xpath: //*[@id='created']]
🔹 Trying JS click on WebElement (attempt 1)
2025-09-20 21:08:36 [main] INFO  demoqaLog - 🔹 Trying JS click on WebElement (attempt 1)
🔹 Attempting JS click...
2025-09-20 21:08:36 [main] INFO  demoqaLog - 🔹 Attempting JS click...
2025-09-20 21:08:36 [main] INFO  demoqaBase - Clicked on Elements|Links|Created Link...
2025-09-20 21:08:36 [main] INFO  FetchLinkResponse - Fetching link response...
2025-09-20 21:08:36 [main] INFO  FetchLinkResponse - Response fetched: Created
Created
2025-09-20 21:08:36 [main] INFO  demoqaBase - Clicked on Elements|Links|Created Link response is: Created
2025-09-20 21:08:36 [main] INFO  demoqaLog - ⏳ Waiting for page to fully load (timeout: 30s)
2025-09-20 21:08:36 [main] INFO  demoqaLog - ✅ Page load completed.
2025-09-20 21:08:36 [main] INFO  demoqaBase - Clicking on Elements|Links|No Content Link...
Waiting for the presence of Element: [[ChromeDriver: chrome on windows (137c099547f53301ec26ee0cc79a6d73)] -> xpath: //*[@id="no-content"]]
🔹 Trying JS click on WebElement (attempt 1)
2025-09-20 21:08:36 [main] INFO  demoqaLog - 🔹 Trying JS click on WebElement (attempt 1)
🔹 Attempting JS click...
2025-09-20 21:08:36 [main] INFO  demoqaLog - 🔹 Attempting JS click...
2025-09-20 21:08:36 [main] INFO  demoqaBase - Clicked on Elements|Links|No Content Link...
2025-09-20 21:08:36 [main] INFO  FetchLinkResponse - Fetching link response...
2025-09-20 21:08:36 [main] INFO  FetchLinkResponse - Response fetched: No Content
No Content
2025-09-20 21:08:36 [main] INFO  demoqaBase - Clicked on Elements|Links|No Content Link response is: No Content
2025-09-20 21:08:36 [main] INFO  demoqaLog - ⏳ Waiting for page to fully load (timeout: 30s)
2025-09-20 21:08:36 [main] INFO  demoqaLog - ✅ Page load completed.
2025-09-20 21:08:36 [main] INFO  demoqaBase - Clicking on Elements|Links|Moved Link...
🔹 Trying JS click on WebElement (attempt 1)
2025-09-20 21:08:36 [main] INFO  demoqaLog - 🔹 Trying JS click on WebElement (attempt 1)
🔹 Attempting JS click...
2025-09-20 21:08:36 [main] INFO  demoqaLog - 🔹 Attempting JS click...
2025-09-20 21:08:37 [main] INFO  demoqaBase - Clicked on Elements|Links|Moved Link...
2025-09-20 21:08:37 [main] INFO  FetchLinkResponse - Fetching link response...
2025-09-20 21:08:37 [main] INFO  FetchLinkResponse - Response fetched: Moved
Moved
2025-09-20 21:08:37 [main] INFO  demoqaBase - Clicked on Elements|Links|Moved Link Link response is: Moved
2025-09-20 21:08:37 [main] INFO  demoqaLog - ⏳ Waiting for page to fully load (timeout: 30s)
2025-09-20 21:08:37 [main] INFO  demoqaLog - ✅ Page load completed.
2025-09-20 21:08:37 [main] INFO  demoqaBase - Clicking on Elements|Links|Bad Request Link...
🔹 Trying JS click on WebElement (attempt 1)
2025-09-20 21:08:37 [main] INFO  demoqaLog - 🔹 Trying JS click on WebElement (attempt 1)
🔹 Attempting JS click...
2025-09-20 21:08:37 [main] INFO  demoqaLog - 🔹 Attempting JS click...
2025-09-20 21:08:37 [main] INFO  demoqaBase - Clicked on Elements|Links|Bad Request Link...
2025-09-20 21:08:37 [main] INFO  FetchLinkResponse - Fetching link response...
2025-09-20 21:08:37 [main] INFO  FetchLinkResponse - Response fetched: Bad Request
Bad Request
2025-09-20 21:08:37 [main] INFO  demoqaBase - Clicked on Elements|Links|Bad Request Link response is: Bad Request
2025-09-20 21:08:37 [main] INFO  demoqaLog - ⏳ Waiting for page to fully load (timeout: 30s)
2025-09-20 21:08:37 [main] INFO  demoqaLog - ✅ Page load completed.
2025-09-20 21:08:37 [main] INFO  demoqaBase - Clicking on Elements|Links|Unauthorized Link...
Waiting for the presence of Element: [[ChromeDriver: chrome on windows (137c099547f53301ec26ee0cc79a6d73)] -> xpath: //*[@id="unauthorized"]]
🔹 Trying JS click on WebElement (attempt 1)
2025-09-20 21:08:37 [main] INFO  demoqaLog - 🔹 Trying JS click on WebElement (attempt 1)
🔹 Attempting JS click...
2025-09-20 21:08:37 [main] INFO  demoqaLog - 🔹 Attempting JS click...
2025-09-20 21:08:37 [main] INFO  demoqaBase - Clicked on Elements|Links|Unauthorized Link...
2025-09-20 21:08:37 [main] INFO  FetchLinkResponse - Fetching link response...
2025-09-20 21:08:37 [main] INFO  FetchLinkResponse - Response fetched: Unauthorized
Unauthorized
2025-09-20 21:08:37 [main] INFO  demoqaBase - Clicked on Elements|Links|Unauthorized Link response is: Unauthorized
2025-09-20 21:08:37 [main] INFO  demoqaLog - ⏳ Waiting for page to fully load (timeout: 30s)
2025-09-20 21:08:37 [main] INFO  demoqaLog - ✅ Page load completed.
2025-09-20 21:08:37 [main] INFO  demoqaBase - Clicking on Elements|Links|Forbidden Link...
🔹 Trying JS click on WebElement (attempt 1)
2025-09-20 21:08:37 [main] INFO  demoqaLog - 🔹 Trying JS click on WebElement (attempt 1)
🔹 Attempting JS click...
2025-09-20 21:08:37 [main] INFO  demoqaLog - 🔹 Attempting JS click...
2025-09-20 21:08:37 [main] INFO  demoqaBase - Clicked on Elements|Links|Forbidden Link...
2025-09-20 21:08:37 [main] INFO  FetchLinkResponse - Fetching link response...
2025-09-20 21:08:37 [main] INFO  FetchLinkResponse - Response fetched: Forbidden
Forbidden
2025-09-20 21:08:37 [main] INFO  demoqaBase - Clicked on Elements|Links|Forbidden Link response is: Forbidden
2025-09-20 21:08:37 [main] INFO  demoqaLog - ⏳ Waiting for page to fully load (timeout: 30s)
2025-09-20 21:08:37 [main] INFO  demoqaLog - ✅ Page load completed.
2025-09-20 21:08:37 [main] INFO  demoqaBase - Clicking on Elements|Links|NotFound Link...
🔹 Trying JS click on WebElement (attempt 1)
2025-09-20 21:08:37 [main] INFO  demoqaLog - 🔹 Trying JS click on WebElement (attempt 1)
🔹 Attempting JS click...
2025-09-20 21:08:37 [main] INFO  demoqaLog - 🔹 Attempting JS click...
2025-09-20 21:08:37 [main] INFO  demoqaBase - Clicked on Elements|Links|NotFound Link...
2025-09-20 21:08:37 [main] INFO  FetchLinkResponse - Fetching link response...
2025-09-20 21:08:37 [main] INFO  FetchLinkResponse - Response fetched: Not Found
Not Found
2025-09-20 21:08:37 [main] INFO  demoqaBase - Clicked on Elements|Links|Not Found Link response is: Not Found
2025-09-20 21:08:37 [main] INFO  demoqaBase - ✅ Test for Elements|Links|All Links in One GO Completed Successfully...
]]></system-out>
  </testcase>
  <testcase name="ClickBrokenLinksImages" classname="tests.ElementsTests" time="0.978">
    <system-out><![CDATA[2025-09-20 21:08:37 [main] INFO  demoqaBase - Closing browser for test: ClickAllLinks
2025-09-20 21:08:38 [main] INFO  DriverFactory - 🌐 Starting Chrome Web Browser...
2025-09-20 21:08:38 [main] INFO  DriverFactory - ✅ Created temporary Chrome profile at C:\Users\dell\AppData\Local\Temp\chrome-profile-11065835965460700838
2025-09-20 21:08:39 [main] INFO  DriverFactory - 🚀 WebDriver started successfully
2025-09-20 21:08:39 [main] INFO  RetryUrlAccess - 🌐 Navigating to URL (attempt 1): https://demoqa.com
2025-09-20 21:08:43 [main] INFO  RetryUrlAccess - ✅ Navigation successful on attempt 1
Instance Variables Declared are: nullnull
2025-09-20 21:08:43 [main] INFO  demoqaBase - Accessing Elements Card...
2025-09-20 21:08:43 [main] INFO  demoqaLog - Clicking on Elements Card...
🔹 Trying JS click by locator (attempt 1)
2025-09-20 21:08:43 [main] INFO  demoqaLog - 🔹 Trying JS click by locator (attempt 1)
🔹 Attempting JS click...
2025-09-20 21:08:43 [main] INFO  demoqaLog - 🔹 Attempting JS click...
⚡ Falling back to native click by locator (attempt 1)
2025-09-20 21:08:43 [main] INFO  demoqaLog - ⚡ Falling back to native click by locator (attempt 1)
2025-09-20 21:08:43 [main] INFO  demoqaLog - Clicked on Elements Card...
Title of this Page is: DEMOQA
You are Accessing: Elements
 
Elements: Please select an item from left to start practice.
2025-09-20 21:08:43 [main] INFO  demoqaBase - Elements: Please select an item from left to start practice.
2025-09-20 21:08:43 [main] INFO  demoqaBase - Clicking on Elements|Broken Links - Images...
Waiting for the presence of Element: [[ChromeDriver: chrome on windows (d2e3dc922cc709173dc78cddd19da75e)] -> xpath: //span[normalize-space()='Broken Links - Images']]
🔹 Trying JS click on WebElement (attempt 1)
2025-09-20 21:08:43 [main] INFO  demoqaLog - 🔹 Trying JS click on WebElement (attempt 1)
🔹 Attempting JS click...
2025-09-20 21:08:43 [main] INFO  demoqaLog - 🔹 Attempting JS click...
2025-09-20 21:08:43 [main] INFO  demoqaBase - Clicked on Elements|Broken Links - Images...
Page Title is: Broken Links - Images
2025-09-20 21:08:43 [main] INFO  demoqaBase - ✅ Test for Elements|Broken Links - Images Completed Successfully...
]]></system-out>
  </testcase>
  <testcase name="GetValidImage" classname="tests.ElementsTests" time="24.318">
    <system-out><![CDATA[2025-09-20 21:08:43 [main] INFO  demoqaBase - Closing browser for test: ClickBrokenLinksImages
2025-09-20 21:08:44 [main] INFO  DriverFactory - 🌐 Starting Chrome Web Browser...
2025-09-20 21:08:44 [main] INFO  DriverFactory - ✅ Created temporary Chrome profile at C:\Users\dell\AppData\Local\Temp\chrome-profile-5338449717186254880
2025-09-20 21:08:45 [main] INFO  DriverFactory - 🚀 WebDriver started successfully
2025-09-20 21:08:45 [main] INFO  RetryUrlAccess - 🌐 Navigating to URL (attempt 1): https://demoqa.com
2025-09-20 21:08:48 [main] INFO  RetryUrlAccess - ✅ Navigation successful on attempt 1
Instance Variables Declared are: nullnull
2025-09-20 21:08:48 [main] INFO  demoqaBase - Accessing Elements Card...
2025-09-20 21:08:48 [main] INFO  demoqaLog - Clicking on Elements Card...
🔹 Trying JS click by locator (attempt 1)
2025-09-20 21:08:48 [main] INFO  demoqaLog - 🔹 Trying JS click by locator (attempt 1)
🔹 Attempting JS click...
2025-09-20 21:08:48 [main] INFO  demoqaLog - 🔹 Attempting JS click...
⚡ Falling back to native click by locator (attempt 1)
2025-09-20 21:08:48 [main] INFO  demoqaLog - ⚡ Falling back to native click by locator (attempt 1)
2025-09-20 21:08:48 [main] INFO  demoqaLog - Clicked on Elements Card...
Title of this Page is: DEMOQA
You are Accessing: Elements
 
Elements: Please select an item from left to start practice.
2025-09-20 21:08:48 [main] INFO  demoqaBase - Elements: Please select an item from left to start practice.
2025-09-20 21:08:48 [main] INFO  demoqaBase - Clicking on Elements|Broken Links - Images...
Waiting for the presence of Element: [[ChromeDriver: chrome on windows (7b2e2ab8be07b893cda4c6820fed4a40)] -> xpath: //span[normalize-space()='Broken Links - Images']]
🔹 Trying JS click on WebElement (attempt 1)
2025-09-20 21:08:48 [main] INFO  demoqaLog - 🔹 Trying JS click on WebElement (attempt 1)
🔹 Attempting JS click...
2025-09-20 21:08:48 [main] INFO  demoqaLog - 🔹 Attempting JS click...
2025-09-20 21:08:48 [main] INFO  demoqaBase - Clicked on Elements|Broken Links - Images...
Page Title is: Broken Links - Images
2025-09-20 21:08:49 [main] INFO  demoqaLog - ⏳ Waiting for page to fully load (timeout: 30s)
2025-09-20 21:09:12 [main] INFO  demoqaLog - ✅ Page load completed.
2025-09-20 21:09:12 [main] INFO  demoqaBase - Checking for Elements|Broken Links|Valid Image...
Found WebElement of: Valid image
2025-09-20 21:09:12 [main] INFO  demoqaBase - Checked Elements|Broken Links|Valid Image Valid image
2025-09-20 21:09:12 [main] INFO  demoqaBase - ✅ Test for Elements|Broken Links - Images|Valid Image Completed Successfully...
]]></system-out>
  </testcase>
  <testcase name="GetBrokenImage" classname="tests.ElementsTests" time="30.941">
    <system-out><![CDATA[2025-09-20 21:09:12 [main] INFO  demoqaBase - Closing browser for test: GetValidImage
2025-09-20 21:09:13 [main] INFO  DriverFactory - 🌐 Starting Chrome Web Browser...
2025-09-20 21:09:13 [main] INFO  DriverFactory - ✅ Created temporary Chrome profile at C:\Users\dell\AppData\Local\Temp\chrome-profile-16292317489662053278
2025-09-20 21:09:14 [main] INFO  DriverFactory - 🚀 WebDriver started successfully
2025-09-20 21:09:14 [main] INFO  RetryUrlAccess - 🌐 Navigating to URL (attempt 1): https://demoqa.com
2025-09-20 21:09:16 [main] INFO  RetryUrlAccess - ✅ Navigation successful on attempt 1
Instance Variables Declared are: nullnull
2025-09-20 21:09:16 [main] INFO  demoqaBase - Accessing Elements Card...
2025-09-20 21:09:16 [main] INFO  demoqaLog - Clicking on Elements Card...
🔹 Trying JS click by locator (attempt 1)
2025-09-20 21:09:16 [main] INFO  demoqaLog - 🔹 Trying JS click by locator (attempt 1)
🔹 Attempting JS click...
2025-09-20 21:09:16 [main] INFO  demoqaLog - 🔹 Attempting JS click...
⚡ Falling back to native click by locator (attempt 1)
2025-09-20 21:09:17 [main] INFO  demoqaLog - ⚡ Falling back to native click by locator (attempt 1)
2025-09-20 21:09:17 [main] INFO  demoqaLog - Clicked on Elements Card...
Title of this Page is: DEMOQA
You are Accessing: Elements
 
Elements: Please select an item from left to start practice.
2025-09-20 21:09:17 [main] INFO  demoqaBase - Elements: Please select an item from left to start practice.
2025-09-20 21:09:17 [main] INFO  demoqaBase - Clicking on Elements|Broken Links - Images...
Waiting for the presence of Element: [[ChromeDriver: chrome on windows (2d12f1d0f18357266acd1db89f563595)] -> xpath: //span[normalize-space()='Broken Links - Images']]
🔹 Trying JS click on WebElement (attempt 1)
2025-09-20 21:09:17 [main] INFO  demoqaLog - 🔹 Trying JS click on WebElement (attempt 1)
🔹 Attempting JS click...
2025-09-20 21:09:17 [main] INFO  demoqaLog - 🔹 Attempting JS click...
2025-09-20 21:09:17 [main] INFO  demoqaBase - Clicked on Elements|Broken Links - Images...
Page Title is: Broken Links - Images
2025-09-20 21:09:17 [main] INFO  demoqaLog - ⏳ Waiting for page to fully load (timeout: 30s)
2025-09-20 21:09:47 [main] INFO  demoqaLog - ✅ Page load completed.
2025-09-20 21:09:47 [main] INFO  demoqaBase - Checking for Elements|Broken Links|Valid Image...
Found WebElement of: Broken image
2025-09-20 21:09:47 [main] INFO  demoqaBase - Checked Elements|Broken Links|Broken Image Broken image
2025-09-20 21:09:47 [main] INFO  demoqaBase - ✅ Test for Elements|Broken Links - Images|Broken Image Completed Successfully...
]]></system-out>
  </testcase>
  <testcase name="BrokenLinksBrokenlink" classname="tests.ElementsTests" time="36.522">
    <system-out><![CDATA[2025-09-20 21:09:47 [main] INFO  demoqaBase - Closing browser for test: GetBrokenImage
2025-09-20 21:09:48 [main] INFO  DriverFactory - 🌐 Starting Chrome Web Browser...
2025-09-20 21:09:48 [main] INFO  DriverFactory - ✅ Created temporary Chrome profile at C:\Users\dell\AppData\Local\Temp\chrome-profile-1448418598310629947
2025-09-20 21:09:49 [main] INFO  DriverFactory - 🚀 WebDriver started successfully
2025-09-20 21:09:49 [main] INFO  RetryUrlAccess - 🌐 Navigating to URL (attempt 1): https://demoqa.com
2025-09-20 21:09:53 [main] INFO  RetryUrlAccess - ✅ Navigation successful on attempt 1
Instance Variables Declared are: nullnull
2025-09-20 21:09:53 [main] INFO  demoqaBase - Accessing Elements Card...
2025-09-20 21:09:53 [main] INFO  demoqaLog - Clicking on Elements Card...
🔹 Trying JS click by locator (attempt 1)
2025-09-20 21:09:53 [main] INFO  demoqaLog - 🔹 Trying JS click by locator (attempt 1)
🔹 Attempting JS click...
2025-09-20 21:09:53 [main] INFO  demoqaLog - 🔹 Attempting JS click...
⚡ Falling back to native click by locator (attempt 1)
2025-09-20 21:09:53 [main] INFO  demoqaLog - ⚡ Falling back to native click by locator (attempt 1)
2025-09-20 21:09:53 [main] INFO  demoqaLog - Clicked on Elements Card...
Title of this Page is: DEMOQA
You are Accessing: Elements
 
Elements: Please select an item from left to start practice.
2025-09-20 21:09:54 [main] INFO  demoqaBase - Elements: Please select an item from left to start practice.
2025-09-20 21:09:54 [main] INFO  demoqaBase - Clicking on Elements|Broken Links - Images...
Waiting for the presence of Element: [[ChromeDriver: chrome on windows (967bf0eb4c194a65aa5deff21f215dd6)] -> xpath: //span[normalize-space()='Broken Links - Images']]
🔹 Trying JS click on WebElement (attempt 1)
2025-09-20 21:09:54 [main] INFO  demoqaLog - 🔹 Trying JS click on WebElement (attempt 1)
🔹 Attempting JS click...
2025-09-20 21:09:54 [main] INFO  demoqaLog - 🔹 Attempting JS click...
2025-09-20 21:09:54 [main] INFO  demoqaBase - Clicked on Elements|Broken Links - Images...
Page Title is: Broken Links - Images
2025-09-20 21:09:54 [main] INFO  demoqaLog - ⏳ Waiting for page to fully load (timeout: 30s)
2025-09-20 21:10:24 [main] WARN  demoqaLog - ⚠️ Page did not load within 30 seconds.
2025-09-20 21:10:24 [main] INFO  demoqaBase - Checking for Elements|Broken Links|Broken Link...
Waiting for the presence of Element: [[ChromeDriver: chrome on windows (967bf0eb4c194a65aa5deff21f215dd6)] -> xpath: //a[normalize-space()='Click Here for Broken Link']]
🔹 Trying JS click on WebElement (attempt 1)
2025-09-20 21:10:24 [main] INFO  demoqaLog - 🔹 Trying JS click on WebElement (attempt 1)
🔹 Attempting JS click...
2025-09-20 21:10:24 [main] INFO  demoqaLog - 🔹 Attempting JS click...
2025-09-20 21:10:29 [main] INFO  demoqaBase - Clicked on Elements|Broken Links - Images|Broken Link...
Broken Link Response is: This page returned a 500 status code.

For a definition and common list of HTTP status codes, go here
2025-09-20 21:10:29 [main] INFO  demoqaBase - Broken Link Response is: This page returned a 500 status code.

For a definition and common list of HTTP status codes, go here
2025-09-20 21:10:29 [main] INFO  demoqaBase - ✅ Test for Elements|Broken Links - Images|Broken Link Completed Successfully...
]]></system-out>
  </testcase>
  <testcase name="BrokenLinksValidlink" classname="tests.ElementsTests" time="32.542">
    <failure message="Logo image is not visible expected [true] but found [false]" type="java.lang.AssertionError"><![CDATA[java.lang.AssertionError: Logo image is not visible expected [true] but found [false]
	at org.testng.Assert.fail(Assert.java:111)
	at org.testng.Assert.failNotEquals(Assert.java:1590)
	at org.testng.Assert.assertTrue(Assert.java:57)
	at pages.elementsPage.ClickValidLink(elementsPage.java:1135)
	at tests.ElementsTests.BrokenLinksValidlink(ElementsTests.java:1124)
	at java.base/jdk.internal.reflect.DirectMethodHandleAccessor.invoke(DirectMethodHandleAccessor.java:103)
	at java.base/java.lang.reflect.Method.invoke(Method.java:580)
	at org.testng.internal.invokers.MethodInvocationHelper.invokeMethod(MethodInvocationHelper.java:141)
	at org.testng.internal.invokers.TestInvoker.invokeMethod(TestInvoker.java:687)
	at org.testng.internal.invokers.TestInvoker.invokeTestMethod(TestInvoker.java:230)
	at org.testng.internal.invokers.MethodRunner.runInSequence(MethodRunner.java:63)
	at org.testng.internal.invokers.TestInvoker$MethodInvocationAgent.invoke(TestInvoker.java:995)
	at org.testng.internal.invokers.TestInvoker.invokeTestMethods(TestInvoker.java:203)
	at org.testng.internal.invokers.TestMethodWorker.invokeTestMethods(TestMethodWorker.java:154)
	at org.testng.internal.invokers.TestMethodWorker.run(TestMethodWorker.java:134)
	at java.base/java.util.ArrayList.forEach(ArrayList.java:1596)
	at org.testng.TestRunner.privateRun(TestRunner.java:741)
	at org.testng.TestRunner.run(TestRunner.java:616)
	at org.testng.SuiteRunner.runTest(SuiteRunner.java:421)
	at org.testng.SuiteRunner.runSequentially(SuiteRunner.java:413)
	at org.testng.SuiteRunner.privateRun(SuiteRunner.java:373)
	at org.testng.SuiteRunner.run(SuiteRunner.java:312)
	at org.testng.SuiteRunnerWorker.runSuite(SuiteRunnerWorker.java:52)
	at org.testng.SuiteRunnerWorker.run(SuiteRunnerWorker.java:95)
	at org.testng.TestNG.runSuitesSequentially(TestNG.java:1274)
	at org.testng.TestNG.runSuitesLocally(TestNG.java:1208)
	at org.testng.TestNG.runSuites(TestNG.java:1112)
	at org.testng.TestNG.run(TestNG.java:1079)
	at org.apache.maven.surefire.testng.TestNGExecutor.run(TestNGExecutor.java:155)
	at org.apache.maven.surefire.testng.TestNGDirectoryTestSuite.executeMulti(TestNGDirectoryTestSuite.java:169)
	at org.apache.maven.surefire.testng.TestNGDirectoryTestSuite.execute(TestNGDirectoryTestSuite.java:88)
	at org.apache.maven.surefire.testng.TestNGProvider.invoke(TestNGProvider.java:137)
	at org.apache.maven.surefire.booter.ForkedBooter.runSuitesInProcess(ForkedBooter.java:385)
	at org.apache.maven.surefire.booter.ForkedBooter.execute(ForkedBooter.java:162)
	at org.apache.maven.surefire.booter.ForkedBooter.run(ForkedBooter.java:507)
	at org.apache.maven.surefire.booter.ForkedBooter.main(ForkedBooter.java:495)
]]></failure>
    <system-out><![CDATA[2025-09-20 21:10:29 [main] INFO  demoqaBase - Closing browser for test: BrokenLinksBrokenlink
2025-09-20 21:10:30 [main] INFO  DriverFactory - 🌐 Starting Chrome Web Browser...
2025-09-20 21:10:30 [main] INFO  DriverFactory - ✅ Created temporary Chrome profile at C:\Users\dell\AppData\Local\Temp\chrome-profile-5308862438221609319
2025-09-20 21:10:31 [main] INFO  DriverFactory - 🚀 WebDriver started successfully
2025-09-20 21:10:31 [main] INFO  RetryUrlAccess - 🌐 Navigating to URL (attempt 1): https://demoqa.com
2025-09-20 21:10:34 [main] INFO  RetryUrlAccess - ✅ Navigation successful on attempt 1
Instance Variables Declared are: nullnull
2025-09-20 21:10:34 [main] INFO  demoqaBase - Accessing Elements Card...
2025-09-20 21:10:34 [main] INFO  demoqaLog - Clicking on Elements Card...
🔹 Trying JS click by locator (attempt 1)
2025-09-20 21:10:34 [main] INFO  demoqaLog - 🔹 Trying JS click by locator (attempt 1)
🔹 Attempting JS click...
2025-09-20 21:10:34 [main] INFO  demoqaLog - 🔹 Attempting JS click...
⚡ Falling back to native click by locator (attempt 1)
2025-09-20 21:10:34 [main] INFO  demoqaLog - ⚡ Falling back to native click by locator (attempt 1)
2025-09-20 21:10:34 [main] INFO  demoqaLog - Clicked on Elements Card...
Title of this Page is: DEMOQA
You are Accessing: Elements
 
Elements: Please select an item from left to start practice.
2025-09-20 21:10:34 [main] INFO  demoqaBase - Elements: Please select an item from left to start practice.
2025-09-20 21:10:34 [main] INFO  demoqaBase - Clicking on Elements|Broken Links - Images...
Waiting for the presence of Element: [[ChromeDriver: chrome on windows (850cbbf3eeb553fbc33ad5d92df774b3)] -> xpath: //span[normalize-space()='Broken Links - Images']]
🔹 Trying JS click on WebElement (attempt 1)
2025-09-20 21:10:34 [main] INFO  demoqaLog - 🔹 Trying JS click on WebElement (attempt 1)
🔹 Attempting JS click...
2025-09-20 21:10:34 [main] INFO  demoqaLog - 🔹 Attempting JS click...
2025-09-20 21:10:34 [main] INFO  demoqaBase - Clicked on Elements|Broken Links - Images...
Page Title is: Broken Links - Images
2025-09-20 21:10:34 [main] INFO  demoqaLog - ⏳ Waiting for page to fully load (timeout: 30s)
2025-09-20 21:11:05 [main] WARN  demoqaLog - ⚠️ Page did not load within 30 seconds.
2025-09-20 21:11:05 [main] INFO  demoqaBase - Checking for Elements|Broken Links|Valid Link...
Waiting for the presence of Element: [[ChromeDriver: chrome on windows (850cbbf3eeb553fbc33ad5d92df774b3)] -> xpath: //a[normalize-space()='Click Here for Valid Link']]
🔹 Trying JS click on WebElement (attempt 1)
2025-09-20 21:11:05 [main] INFO  demoqaLog - 🔹 Trying JS click on WebElement (attempt 1)
🔹 Attempting JS click...
2025-09-20 21:11:05 [main] INFO  demoqaLog - 🔹 Attempting JS click...
2025-09-20 21:11:06 [main] INFO  demoqaBase - Clicked on Elements|Broken Links - Images|Valid Link...
]]></system-out>
  </testcase>
  <testcase name="UploadDownloadlink" classname="tests.ElementsTests" time="1.615">
    <system-out><![CDATA[Path for Screenshot is: C:\ASN\eclipse_workspace\demoqa-automation/screenshots/BrokenLinksValidlink_Failed_20250920_211106+2025-09-20_21-11-06.png
2025-09-20 21:11:06 [main] ERROR demoqaBase - ❌ Test BrokenLinksValidlink failed. Screenshot captured.
2025-09-20 21:11:06 [main] INFO  demoqaBase - Closing browser for test: BrokenLinksValidlink
2025-09-20 21:11:08 [main] WARN  PauseManager - ⏸ Pausing for 5 minutes after 80 tests...
2025-09-20 21:11:08 [main] INFO  PauseManager - ▶ Resuming in 5 minutes...
2025-09-20 21:12:08 [main] INFO  PauseManager - ▶ Resuming in 4 minutes...
2025-09-20 21:13:09 [main] INFO  PauseManager - ▶ Resuming in 3 minutes...
2025-09-20 21:14:09 [main] INFO  PauseManager - ▶ Resuming in 2 minutes...
2025-09-20 21:15:10 [main] INFO  PauseManager - ▶ Resuming in 1 minutes...
2025-09-20 21:16:00 [main] INFO  PauseManager - ▶ Resuming in 10 seconds...
2025-09-20 21:16:01 [main] INFO  PauseManager - ▶ Resuming in 9 seconds...
2025-09-20 21:16:02 [main] INFO  PauseManager - ▶ Resuming in 8 seconds...
2025-09-20 21:16:03 [main] INFO  PauseManager - ▶ Resuming in 7 seconds...
2025-09-20 21:16:04 [main] INFO  PauseManager - ▶ Resuming in 6 seconds...
2025-09-20 21:16:05 [main] INFO  PauseManager - ▶ Resuming in 5 seconds...
2025-09-20 21:16:06 [main] INFO  PauseManager - ▶ Resuming in 4 seconds...
2025-09-20 21:16:07 [main] INFO  PauseManager - ▶ Resuming in 3 seconds...
2025-09-20 21:16:08 [main] INFO  PauseManager - ▶ Resuming in 2 seconds...
2025-09-20 21:16:09 [main] INFO  PauseManager - ▶ Resuming in 1 seconds...
2025-09-20 21:16:10 [main] INFO  PauseManager - ✅ Pause complete. Resuming tests...
2025-09-20 21:16:10 [main] INFO  DriverFactory - 🌐 Starting Chrome Web Browser...
2025-09-20 21:16:10 [main] INFO  DriverFactory - ✅ Created temporary Chrome profile at C:\Users\dell\AppData\Local\Temp\chrome-profile-5524831320768464142
2025-09-20 21:16:12 [main] INFO  DriverFactory - 🚀 WebDriver started successfully
2025-09-20 21:16:12 [main] INFO  RetryUrlAccess - 🌐 Navigating to URL (attempt 1): https://demoqa.com
2025-09-20 21:16:16 [main] INFO  RetryUrlAccess - ✅ Navigation successful on attempt 1
Instance Variables Declared are: nullnull
2025-09-20 21:16:16 [main] INFO  demoqaBase - Accessing Elements Card...
2025-09-20 21:16:16 [main] INFO  demoqaLog - Clicking on Elements Card...
🔹 Trying JS click by locator (attempt 1)
2025-09-20 21:16:16 [main] INFO  demoqaLog - 🔹 Trying JS click by locator (attempt 1)
🔹 Attempting JS click...
2025-09-20 21:16:16 [main] INFO  demoqaLog - 🔹 Attempting JS click...
⚡ Falling back to native click by locator (attempt 1)
2025-09-20 21:16:16 [main] INFO  demoqaLog - ⚡ Falling back to native click by locator (attempt 1)
2025-09-20 21:16:16 [main] INFO  demoqaLog - Clicked on Elements Card...
Title of this Page is: DEMOQA
You are Accessing: Elements
 
Elements: Please select an item from left to start practice.
2025-09-20 21:16:16 [main] INFO  demoqaBase - Elements: Please select an item from left to start practice.
2025-09-20 21:16:16 [main] INFO  demoqaBase - Checking for Elements|Upload and Download|Download Button...
Waiting for the Element to be Clickable: [[ChromeDriver: chrome on windows (f2d51542176034410bf0432ef24d344e)] -> xpath: //div[@class='element-list collapse show']//li[@id='item-7']]
🔹 Trying JS click on WebElement (attempt 1)
2025-09-20 21:16:17 [main] INFO  demoqaLog - 🔹 Trying JS click on WebElement (attempt 1)
🔹 Attempting JS click...
2025-09-20 21:16:17 [main] INFO  demoqaLog - 🔹 Attempting JS click...
2025-09-20 21:16:17 [main] INFO  demoqaBase - Clicked on Elements|Upload and Download...
2025-09-20 21:16:17 [main] INFO  demoqaBase - ✅ Test for Elements|Upload and Download Link Completed Successfully...
]]></system-out>
  </testcase>
  <testcase name="Downloadbtn" classname="tests.ElementsTests" time="34.22">
    <system-out><![CDATA[2025-09-20 21:16:17 [main] INFO  demoqaBase - Closing browser for test: UploadDownloadlink
2025-09-20 21:16:18 [main] INFO  DriverFactory - 🌐 Starting Chrome Web Browser...
2025-09-20 21:16:18 [main] INFO  DriverFactory - ✅ Created temporary Chrome profile at C:\Users\dell\AppData\Local\Temp\chrome-profile-1983774686549626714
2025-09-20 21:16:19 [main] INFO  DriverFactory - 🚀 WebDriver started successfully
2025-09-20 21:16:19 [main] INFO  RetryUrlAccess - 🌐 Navigating to URL (attempt 1): https://demoqa.com
2025-09-20 21:16:22 [main] INFO  RetryUrlAccess - ✅ Navigation successful on attempt 1
Instance Variables Declared are: nullnull
2025-09-20 21:16:22 [main] INFO  demoqaBase - Accessing Elements Card...
2025-09-20 21:16:22 [main] INFO  demoqaLog - Clicking on Elements Card...
🔹 Trying JS click by locator (attempt 1)
2025-09-20 21:16:22 [main] INFO  demoqaLog - 🔹 Trying JS click by locator (attempt 1)
🔹 Attempting JS click...
2025-09-20 21:16:22 [main] INFO  demoqaLog - 🔹 Attempting JS click...
⚡ Falling back to native click by locator (attempt 1)
2025-09-20 21:16:22 [main] INFO  demoqaLog - ⚡ Falling back to native click by locator (attempt 1)
2025-09-20 21:16:22 [main] INFO  demoqaLog - Clicked on Elements Card...
Title of this Page is: DEMOQA
You are Accessing: Elements
 
Elements: Please select an item from left to start practice.
2025-09-20 21:16:23 [main] INFO  demoqaBase - Elements: Please select an item from left to start practice.
2025-09-20 21:16:23 [main] INFO  demoqaBase - Checking for Elements|Upload and Download|Download Button...
Waiting for the Element to be Clickable: [[ChromeDriver: chrome on windows (e4afb28cafdc6054b6df8abbf80100d8)] -> xpath: //div[@class='element-list collapse show']//li[@id='item-7']]
🔹 Trying JS click on WebElement (attempt 1)
2025-09-20 21:16:24 [main] INFO  demoqaLog - 🔹 Trying JS click on WebElement (attempt 1)
🔹 Attempting JS click...
2025-09-20 21:16:24 [main] INFO  demoqaLog - 🔹 Attempting JS click...
2025-09-20 21:16:24 [main] INFO  demoqaBase - Clicked on Elements|Upload and Download...
2025-09-20 21:16:24 [main] INFO  demoqaLog - ⏳ Waiting for page to fully load (timeout: 30s)
2025-09-20 21:16:53 [main] INFO  demoqaLog - ✅ Page load completed.
2025-09-20 21:16:53 [main] INFO  demoqaBase - Clicking on Elements | Upload and Download | Download Button...
2025-09-20 21:16:53 [main] INFO  demoqaBase - 🧹 Deleted leftover: sampleFile.jpeg
2025-09-20 21:16:53 [main] INFO  demoqaBase - ✅ Native click succeeded.
2025-09-20 21:16:53 [main] INFO  demoqaBase - ✅ Clicked Download button, waiting for file...
2025-09-20 21:16:53 [main] INFO  demoqaBase - 🔄 Attempt 1: Checking for downloaded file...
2025-09-20 21:16:56 [main] INFO  demoqaBase - 🔄 Attempt 2: Checking for downloaded file...
2025-09-20 21:16:56 [main] INFO  demoqaBase - ✅ File downloaded successfully: C:\Users\dell\Downloads\sampleFile.jpeg
2025-09-20 21:16:56 [main] INFO  demoqaBase - ✅ Test for Elements|Upload and Download|Download Button Completed Successfully...
]]></system-out>
  </testcase>
  <testcase name="Uploadbtn" classname="tests.ElementsTests" time="18.482">
    <system-out><![CDATA[2025-09-20 21:16:56 [main] INFO  demoqaBase - Closing browser for test: Downloadbtn
2025-09-20 21:16:57 [main] INFO  DriverFactory - 🌐 Starting Chrome Web Browser...
2025-09-20 21:16:57 [main] INFO  DriverFactory - ✅ Created temporary Chrome profile at C:\Users\dell\AppData\Local\Temp\chrome-profile-9555070634884073891
2025-09-20 21:16:58 [main] INFO  DriverFactory - 🚀 WebDriver started successfully
2025-09-20 21:16:58 [main] INFO  RetryUrlAccess - 🌐 Navigating to URL (attempt 1): https://demoqa.com
2025-09-20 21:17:01 [main] INFO  RetryUrlAccess - ✅ Navigation successful on attempt 1
Instance Variables Declared are: nullnull
2025-09-20 21:17:01 [main] INFO  demoqaBase - Accessing Elements Card...
2025-09-20 21:17:01 [main] INFO  demoqaLog - Clicking on Elements Card...
🔹 Trying JS click by locator (attempt 1)
2025-09-20 21:17:01 [main] INFO  demoqaLog - 🔹 Trying JS click by locator (attempt 1)
🔹 Attempting JS click...
2025-09-20 21:17:01 [main] INFO  demoqaLog - 🔹 Attempting JS click...
⚡ Falling back to native click by locator (attempt 1)
2025-09-20 21:17:01 [main] INFO  demoqaLog - ⚡ Falling back to native click by locator (attempt 1)
2025-09-20 21:17:01 [main] INFO  demoqaLog - Clicked on Elements Card...
Title of this Page is: DEMOQA
You are Accessing: Elements
 
Elements: Please select an item from left to start practice.
2025-09-20 21:17:01 [main] INFO  demoqaBase - Elements: Please select an item from left to start practice.
2025-09-20 21:17:01 [main] INFO  demoqaBase - Checking for Elements|Upload and Download|Download Button...
Waiting for the Element to be Clickable: [[ChromeDriver: chrome on windows (d5463f6d17ad8446f86ffc3d1c93a332)] -> xpath: //div[@class='element-list collapse show']//li[@id='item-7']]
🔹 Trying JS click on WebElement (attempt 1)
2025-09-20 21:17:02 [main] INFO  demoqaLog - 🔹 Trying JS click on WebElement (attempt 1)
🔹 Attempting JS click...
2025-09-20 21:17:02 [main] INFO  demoqaLog - 🔹 Attempting JS click...
2025-09-20 21:17:02 [main] INFO  demoqaBase - Clicked on Elements|Upload and Download...
2025-09-20 21:17:02 [main] INFO  demoqaLog - ⏳ Waiting for page to fully load (timeout: 30s)
2025-09-20 21:17:19 [main] INFO  demoqaLog - ✅ Page load completed.
2025-09-20 21:17:19 [main] INFO  demoqaBase - Checking for Elements|Upload and Download|Upload Button...
File being Uploaded is: C:\ASN\eclipse_workspace\demoqa-automation\TestData
Uploading: C:\ASN\eclipse_workspace\demoqa-automation\TestData\Ophoto.jpg
Uploaded photo: [[ChromeDriver: chrome on windows (d5463f6d17ad8446f86ffc3d1c93a332)] -> id: uploadFile]
2025-09-20 21:17:19 [main] INFO  demoqaBase - Clicked on Elements|Upload and Download|Upload Button...
2025-09-20 21:17:19 [main] INFO  FetchLinkResponse - Fetching link response...
2025-09-20 21:17:19 [main] INFO  FetchLinkResponse - Response fetched: C:\fakepath\Ophoto.jpg
C:\fakepath\Ophoto.jpg
2025-09-20 21:17:19 [main] INFO  demoqaBase - Clicked on Elements|Upload and Download|Upload response is: C:\fakepath\Ophoto.jpg
2025-09-20 21:17:19 [main] INFO  demoqaBase - ✅ Test for Elements|Upload and Download|Upload Button Completed Successfully...
]]></system-out>
  </testcase>
  <testcase name="DynamicPropertiesbtn" classname="tests.ElementsTests" time="0.65">
    <system-out><![CDATA[2025-09-20 21:17:19 [main] INFO  demoqaBase - Closing browser for test: Uploadbtn
2025-09-20 21:17:19 [main] INFO  DriverFactory - 🌐 Starting Chrome Web Browser...
2025-09-20 21:17:19 [main] INFO  DriverFactory - ✅ Created temporary Chrome profile at C:\Users\dell\AppData\Local\Temp\chrome-profile-17323748256530918803
2025-09-20 21:17:21 [main] INFO  DriverFactory - 🚀 WebDriver started successfully
2025-09-20 21:17:21 [main] INFO  RetryUrlAccess - 🌐 Navigating to URL (attempt 1): https://demoqa.com
2025-09-20 21:17:23 [main] INFO  RetryUrlAccess - ✅ Navigation successful on attempt 1
Instance Variables Declared are: nullnull
2025-09-20 21:17:23 [main] INFO  demoqaBase - Accessing Elements Card...
2025-09-20 21:17:23 [main] INFO  demoqaLog - Clicking on Elements Card...
🔹 Trying JS click by locator (attempt 1)
2025-09-20 21:17:23 [main] INFO  demoqaLog - 🔹 Trying JS click by locator (attempt 1)
🔹 Attempting JS click...
2025-09-20 21:17:23 [main] INFO  demoqaLog - 🔹 Attempting JS click...
⚡ Falling back to native click by locator (attempt 1)
2025-09-20 21:17:23 [main] INFO  demoqaLog - ⚡ Falling back to native click by locator (attempt 1)
2025-09-20 21:17:24 [main] INFO  demoqaLog - Clicked on Elements Card...
Title of this Page is: DEMOQA
You are Accessing: Elements
 
Elements: Please select an item from left to start practice.
2025-09-20 21:17:24 [main] INFO  demoqaBase - Elements: Please select an item from left to start practice.
2025-09-20 21:17:24 [main] INFO  demoqaBase - Checking for Elements|Dynamic Properties Button...
Waiting for the Element to be Clickable: [[ChromeDriver: chrome on windows (39c6db53de3ea704294bc535fc7fd459)] -> xpath: //div[@class='element-list collapse show']//li[@id='item-8']]
🔹 Trying JS click on WebElement (attempt 1)
2025-09-20 21:17:24 [main] INFO  demoqaLog - 🔹 Trying JS click on WebElement (attempt 1)
🔹 Attempting JS click...
2025-09-20 21:17:24 [main] INFO  demoqaLog - 🔹 Attempting JS click...
2025-09-20 21:17:24 [main] INFO  demoqaBase - Clicked on Elements|Dynamic Properties...
Dynamic Properties Page Tile is: Dynamic Properties
2025-09-20 21:17:24 [main] INFO  demoqaBase - ✅ Test for Elements|Dynamic Properties Button Completed Successfully...
]]></system-out>
  </testcase>
  <testcase name="ColorChangebtn" classname="tests.ElementsTests" time="30.766">
    <system-out><![CDATA[2025-09-20 21:17:24 [main] INFO  demoqaBase - Closing browser for test: DynamicPropertiesbtn
2025-09-20 21:17:24 [main] INFO  DriverFactory - 🌐 Starting Chrome Web Browser...
2025-09-20 21:17:24 [main] INFO  DriverFactory - ✅ Created temporary Chrome profile at C:\Users\dell\AppData\Local\Temp\chrome-profile-6753987013234574639
2025-09-20 21:17:25 [main] INFO  DriverFactory - 🚀 WebDriver started successfully
2025-09-20 21:17:25 [main] INFO  RetryUrlAccess - 🌐 Navigating to URL (attempt 1): https://demoqa.com
2025-09-20 21:17:28 [main] INFO  RetryUrlAccess - ✅ Navigation successful on attempt 1
Instance Variables Declared are: nullnull
2025-09-20 21:17:28 [main] INFO  demoqaBase - Accessing Elements Card...
2025-09-20 21:17:28 [main] INFO  demoqaLog - Clicking on Elements Card...
🔹 Trying JS click by locator (attempt 1)
2025-09-20 21:17:28 [main] INFO  demoqaLog - 🔹 Trying JS click by locator (attempt 1)
🔹 Attempting JS click...
2025-09-20 21:17:28 [main] INFO  demoqaLog - 🔹 Attempting JS click...
⚡ Falling back to native click by locator (attempt 1)
2025-09-20 21:17:28 [main] INFO  demoqaLog - ⚡ Falling back to native click by locator (attempt 1)
2025-09-20 21:17:29 [main] INFO  demoqaLog - Clicked on Elements Card...
Title of this Page is: DEMOQA
You are Accessing: Elements
 
Elements: Please select an item from left to start practice.
2025-09-20 21:17:29 [main] INFO  demoqaBase - Elements: Please select an item from left to start practice.
2025-09-20 21:17:29 [main] INFO  demoqaBase - Checking for Elements|Dynamic Properties Button...
Waiting for the Element to be Clickable: [[ChromeDriver: chrome on windows (91f266d845ec47743927f67e1fc07d9d)] -> xpath: //div[@class='element-list collapse show']//li[@id='item-8']]
🔹 Trying JS click on WebElement (attempt 1)
2025-09-20 21:17:29 [main] INFO  demoqaLog - 🔹 Trying JS click on WebElement (attempt 1)
🔹 Attempting JS click...
2025-09-20 21:17:29 [main] INFO  demoqaLog - 🔹 Attempting JS click...
2025-09-20 21:17:29 [main] INFO  demoqaBase - Clicked on Elements|Dynamic Properties...
Dynamic Properties Page Tile is: Dynamic Properties
2025-09-20 21:17:29 [main] INFO  demoqaLog - ⏳ Waiting for page to fully load (timeout: 30s)
2025-09-20 21:17:59 [main] WARN  demoqaLog - ⚠️ Page did not load within 30 seconds.
2025-09-20 21:17:59 [main] INFO  demoqaBase - Checking for Elements|Dynamic Properties|Color Change Button...
Waiting for the Element to be Clickable: [[ChromeDriver: chrome on windows (91f266d845ec47743927f67e1fc07d9d)] -> xpath: //button[@id='colorChange']]
🔹 Trying JS click on WebElement (attempt 1)
2025-09-20 21:17:59 [main] INFO  demoqaLog - 🔹 Trying JS click on WebElement (attempt 1)
🔹 Attempting JS click...
2025-09-20 21:17:59 [main] INFO  demoqaLog - 🔹 Attempting JS click...
2025-09-20 21:17:59 [main] INFO  demoqaBase - Clicked on Elements|Dynamic Properties|Color Change Button...
Clicked on: Color Change
2025-09-20 21:17:59 [main] INFO  demoqaBase - ✅ Test for Elements|Dynamic Properties|Color Change Button Completed Successfully...
]]></system-out>
  </testcase>
  <testcase name="WillEnablebtn" classname="tests.ElementsTests" time="30.672">
    <system-out><![CDATA[2025-09-20 21:17:59 [main] INFO  demoqaBase - Closing browser for test: ColorChangebtn
2025-09-20 21:17:59 [main] INFO  DriverFactory - 🌐 Starting Chrome Web Browser...
2025-09-20 21:17:59 [main] INFO  DriverFactory - ✅ Created temporary Chrome profile at C:\Users\dell\AppData\Local\Temp\chrome-profile-4733623044576477259
2025-09-20 21:18:00 [main] INFO  DriverFactory - 🚀 WebDriver started successfully
2025-09-20 21:18:00 [main] INFO  RetryUrlAccess - 🌐 Navigating to URL (attempt 1): https://demoqa.com
2025-09-20 21:18:05 [main] INFO  RetryUrlAccess - ✅ Navigation successful on attempt 1
Instance Variables Declared are: nullnull
2025-09-20 21:18:05 [main] INFO  demoqaBase - Accessing Elements Card...
2025-09-20 21:18:05 [main] INFO  demoqaLog - Clicking on Elements Card...
🔹 Trying JS click by locator (attempt 1)
2025-09-20 21:18:05 [main] INFO  demoqaLog - 🔹 Trying JS click by locator (attempt 1)
🔹 Attempting JS click...
2025-09-20 21:18:05 [main] INFO  demoqaLog - 🔹 Attempting JS click...
⚡ Falling back to native click by locator (attempt 1)
2025-09-20 21:18:05 [main] INFO  demoqaLog - ⚡ Falling back to native click by locator (attempt 1)
2025-09-20 21:18:05 [main] INFO  demoqaLog - Clicked on Elements Card...
Title of this Page is: DEMOQA
You are Accessing: Elements
 
Elements: Please select an item from left to start practice.
2025-09-20 21:18:05 [main] INFO  demoqaBase - Elements: Please select an item from left to start practice.
2025-09-20 21:18:05 [main] INFO  demoqaBase - Checking for Elements|Dynamic Properties Button...
Waiting for the Element to be Clickable: [[ChromeDriver: chrome on windows (86b68abbd9935546a0cfb299eb899789)] -> xpath: //div[@class='element-list collapse show']//li[@id='item-8']]
🔹 Trying JS click on WebElement (attempt 1)
2025-09-20 21:18:05 [main] INFO  demoqaLog - 🔹 Trying JS click on WebElement (attempt 1)
🔹 Attempting JS click...
2025-09-20 21:18:05 [main] INFO  demoqaLog - 🔹 Attempting JS click...
2025-09-20 21:18:05 [main] INFO  demoqaBase - Clicked on Elements|Dynamic Properties...
Dynamic Properties Page Tile is: Dynamic Properties
2025-09-20 21:18:05 [main] INFO  demoqaLog - ⏳ Waiting for page to fully load (timeout: 30s)
2025-09-20 21:18:35 [main] WARN  demoqaLog - ⚠️ Page did not load within 30 seconds.
2025-09-20 21:18:35 [main] INFO  demoqaBase - Checking for Elements|Dynamic Properties|Will Enable 5 sec Button...
Waiting for the Element to be Clickable: [[ChromeDriver: chrome on windows (86b68abbd9935546a0cfb299eb899789)] -> xpath: //button[@id='enableAfter']]
🔹 Trying JS click on WebElement (attempt 1)
2025-09-20 21:18:35 [main] INFO  demoqaLog - 🔹 Trying JS click on WebElement (attempt 1)
🔹 Attempting JS click...
2025-09-20 21:18:35 [main] INFO  demoqaLog - 🔹 Attempting JS click...
2025-09-20 21:18:35 [main] INFO  demoqaBase - Clicked on Elements|Dynamic Properties|Will Enable 5 sec Button...
Clicked on: Will enable 5 seconds
2025-09-20 21:18:35 [main] INFO  demoqaBase - ✅ Test for Elements|Dynamic Properties|Will enable 5 sec Button Completed Successfully...
]]></system-out>
  </testcase>
  <testcase name="VisibleAfterbtn" classname="tests.ElementsTests" time="30.864">
    <system-out><![CDATA[2025-09-20 21:18:35 [main] INFO  demoqaBase - Closing browser for test: WillEnablebtn
2025-09-20 21:18:36 [main] INFO  DriverFactory - 🌐 Starting Chrome Web Browser...
2025-09-20 21:18:36 [main] INFO  DriverFactory - ✅ Created temporary Chrome profile at C:\Users\dell\AppData\Local\Temp\chrome-profile-5115192353621722918
2025-09-20 21:18:39 [main] INFO  DriverFactory - 🚀 WebDriver started successfully
2025-09-20 21:18:39 [main] INFO  RetryUrlAccess - 🌐 Navigating to URL (attempt 1): https://demoqa.com
2025-09-20 21:18:42 [main] INFO  RetryUrlAccess - ✅ Navigation successful on attempt 1
Instance Variables Declared are: nullnull
2025-09-20 21:18:42 [main] INFO  demoqaBase - Accessing Elements Card...
2025-09-20 21:18:42 [main] INFO  demoqaLog - Clicking on Elements Card...
🔹 Trying JS click by locator (attempt 1)
2025-09-20 21:18:42 [main] INFO  demoqaLog - 🔹 Trying JS click by locator (attempt 1)
🔹 Attempting JS click...
2025-09-20 21:18:42 [main] INFO  demoqaLog - 🔹 Attempting JS click...
⚡ Falling back to native click by locator (attempt 1)
2025-09-20 21:18:42 [main] INFO  demoqaLog - ⚡ Falling back to native click by locator (attempt 1)
2025-09-20 21:18:42 [main] INFO  demoqaLog - Clicked on Elements Card...
Title of this Page is: DEMOQA
You are Accessing: Elements
 
Elements: Please select an item from left to start practice.
2025-09-20 21:18:43 [main] INFO  demoqaBase - Elements: Please select an item from left to start practice.
2025-09-20 21:18:43 [main] INFO  demoqaBase - Checking for Elements|Dynamic Properties Button...
Waiting for the Element to be Clickable: [[ChromeDriver: chrome on windows (73660135e94420cbd4cd2a952098c6f8)] -> xpath: //div[@class='element-list collapse show']//li[@id='item-8']]
🔹 Trying JS click on WebElement (attempt 1)
2025-09-20 21:18:43 [main] INFO  demoqaLog - 🔹 Trying JS click on WebElement (attempt 1)
🔹 Attempting JS click...
2025-09-20 21:18:43 [main] INFO  demoqaLog - 🔹 Attempting JS click...
2025-09-20 21:18:43 [main] INFO  demoqaBase - Clicked on Elements|Dynamic Properties...
Dynamic Properties Page Tile is: Dynamic Properties
2025-09-20 21:18:43 [main] INFO  demoqaLog - ⏳ Waiting for page to fully load (timeout: 30s)
2025-09-20 21:19:13 [main] WARN  demoqaLog - ⚠️ Page did not load within 30 seconds.
2025-09-20 21:19:13 [main] INFO  demoqaBase - Checking for Elements|Dynamic Properties|Visble After 5 Seconds Button...
Waiting for the Element to be Clickable: [[ChromeDriver: chrome on windows (73660135e94420cbd4cd2a952098c6f8)] -> xpath: //button[@id='visibleAfter']]
🔹 Trying JS click on WebElement (attempt 1)
2025-09-20 21:19:13 [main] INFO  demoqaLog - 🔹 Trying JS click on WebElement (attempt 1)
🔹 Attempting JS click...
2025-09-20 21:19:13 [main] INFO  demoqaLog - 🔹 Attempting JS click...
2025-09-20 21:19:13 [main] INFO  demoqaBase - Clicked on Elements|Dynamic Properties|Visble After 5 Seconds Button...
Clicked on: Visible After 5 Seconds
2025-09-20 21:19:13 [main] INFO  demoqaBase - ✅ Test for Elements|Dynamic Properties|Visible After 5 Seconds Button Completed Successfully...
]]></system-out>
  </testcase>
  <testcase name="FormsCard" classname="tests.FormTests" time="0.739">
    <system-out><![CDATA[2025-09-20 21:19:13 [main] INFO  demoqaBase - Closing browser for test: VisibleAfterbtn
2025-09-20 21:19:13 [main] INFO  DriverFactory - 🌐 Starting Chrome Web Browser...
2025-09-20 21:19:13 [main] INFO  DriverFactory - ✅ Created temporary Chrome profile at C:\Users\dell\AppData\Local\Temp\chrome-profile-11044862166248440603
2025-09-20 21:19:14 [main] INFO  DriverFactory - 🚀 WebDriver started successfully
2025-09-20 21:19:14 [main] INFO  RetryUrlAccess - 🌐 Navigating to URL (attempt 1): https://demoqa.com
2025-09-20 21:19:17 [main] INFO  RetryUrlAccess - ✅ Navigation successful on attempt 1
2025-09-20 21:19:17 [main] INFO  demoqaBase - 🧪 Starting Form Card Test...
2025-09-20 21:19:17 [main] INFO  demoqaBase - Accessing Form Card...
2025-09-20 21:19:17 [main] INFO  RetryUrlAccess - 🌐 Navigating to URL (attempt 1): https://demoqa.com
2025-09-20 21:19:18 [main] INFO  RetryUrlAccess - ✅ Navigation successful on attempt 1
2025-09-20 21:19:18 [main] INFO  demoqaLog - Clicking on Form Card...
🔹 Trying JS click by locator (attempt 1)
2025-09-20 21:19:18 [main] INFO  demoqaLog - 🔹 Trying JS click by locator (attempt 1)
🔹 Attempting JS click...
2025-09-20 21:19:18 [main] INFO  demoqaLog - 🔹 Attempting JS click...
2025-09-20 21:19:18 [main] INFO  demoqaLog - Clicked on Forms Card...
Page Text is: Please select an item from left to start practice.
Title of this Page is: DEMOQA
2025-09-20 21:19:18 [main] INFO  demoqaBase - ✅ Form Card Test Completed...
]]></system-out>
  </testcase>
  <testcase name="FormButton" classname="tests.FormTests" time="0.333">
    <system-out><![CDATA[2025-09-20 21:19:18 [main] INFO  demoqaBase - Closing browser for test: FormsCard
2025-09-20 21:19:18 [main] INFO  DriverFactory - 🌐 Starting Chrome Web Browser...
2025-09-20 21:19:18 [main] INFO  DriverFactory - ✅ Created temporary Chrome profile at C:\Users\dell\AppData\Local\Temp\chrome-profile-10466168845636650650
2025-09-20 21:19:20 [main] INFO  DriverFactory - 🚀 WebDriver started successfully
2025-09-20 21:19:20 [main] INFO  RetryUrlAccess - 🌐 Navigating to URL (attempt 1): https://demoqa.com
2025-09-20 21:19:23 [main] INFO  RetryUrlAccess - ✅ Navigation successful on attempt 1
2025-09-20 21:19:23 [main] INFO  demoqaBase - 🧪 Starting Form Card Test...
2025-09-20 21:19:23 [main] INFO  demoqaLog - Clicking on Form Card...
🔹 Trying JS click by locator (attempt 1)
2025-09-20 21:19:23 [main] INFO  demoqaLog - 🔹 Trying JS click by locator (attempt 1)
🔹 Attempting JS click...
2025-09-20 21:19:23 [main] INFO  demoqaLog - 🔹 Attempting JS click...
2025-09-20 21:19:23 [main] INFO  demoqaLog - Clicked on Forms Card...
2025-09-20 21:19:23 [main] INFO  demoqaBase - Clicking on Practice Form...
🔹 Trying JS click by locator (attempt 1)
2025-09-20 21:19:23 [main] INFO  demoqaLog - 🔹 Trying JS click by locator (attempt 1)
🔹 Attempting JS click...
2025-09-20 21:19:23 [main] INFO  demoqaLog - 🔹 Attempting JS click...
2025-09-20 21:19:23 [main] INFO  demoqaBase - Clicked on Practice Form...
Title of this Page is: DEMOQA
2025-09-20 21:19:23 [main] INFO  demoqaBase - ✅ Form Card|Practice Forms Test Completed...
]]></system-out>
  </testcase>
  <testcase name="fillForm[UserFormData{firstName=&apos;Johny&apos;, lastName=&apos;Bravo&apos;, userMail=&apos;Jbravo@demoqa.com&apos;, gender=&apos;Male&apos;, mobile=&apos;9.238343488E9&apos;, dob=&apos;15/08/2000&apos;, dobTime=&apos;6:45:00 am&apos;, subject=&apos;Computer Science&apos;, hobbies=&apos;Sports,Music&apos;, picturePath=&apos;/TestData/Mphoto.jpg&apos;, address=&apos;511 Grant 481, Prattsville\n Arkansas 72129\n United States&apos;, state=&apos;NCR&apos;, city=&apos;Delhi&apos;}](1)" classname="tests.FormTests" time="32.577">
    <system-out><![CDATA[2025-09-20 21:19:23 [main] INFO  demoqaBase - Closing browser for test: FormButton
🧾 Row 1: {Salary=28000.0, Email=Jbravo@demoqa.com, DOBTime=6:45:00 am, Address=511 Grant 481, Prattsville\n Arkansas 72129\n United States, First Name=Johny, Gender=Male, City=Delhi, Mobile=9.238343488E9, Hobbies=Sports,Music, Subject=Computer Science, Current Address=301 Town 481, Brookville\n kansas 42129\n United States, Department=Information Technology, DOB=15/08/2000, Picture=/TestData/Mphoto.jpg, State=NCR, Last Name=Bravo, Age=34.0}
🔍 Mapping field: firstName | Excel Column: First Name | Value: Johny
🔍 Mapping field: lastName | Excel Column: Last Name | Value: Bravo
🔍 Mapping field: userMail | Excel Column: Email | Value: Jbravo@demoqa.com
🔍 Mapping field: gender | Excel Column: Gender | Value: Male
🔍 Mapping field: mobile | Excel Column: Mobile | Value: 9.238343488E9
🔍 Mapping field: dob | Excel Column: DOB | Value: 15/08/2000
🔍 Mapping field: dobTime | Excel Column: DOBTime | Value: 6:45:00 am
🔍 Mapping field: subject | Excel Column: Subject | Value: Computer Science
🔍 Mapping field: hobbies | Excel Column: Hobbies | Value: Sports,Music
🔍 Mapping field: picturePath | Excel Column: Picture | Value: /TestData/Mphoto.jpg
🔍 Mapping field: address | Excel Column: Address | Value: 511 Grant 481, Prattsville\n Arkansas 72129\n United States
🔍 Mapping field: state | Excel Column: State | Value: NCR
🔍 Mapping field: city | Excel Column: City | Value: Delhi
🧾 Row 2: {Salary=18000.0, Email=GFemina@demoqa.com, DOBTime=4:30:00 pm, Address=512 Grant 481, Prattsville\n Arkansas 72129\n United States, First Name=Gene, Gender=Female, City=Merrut, Mobile=1.888343432E9, Hobbies=Music,Reading, Subject=Accounting, Current Address=302 Town 481, Brookville\n kansas 42129\n United States, Department=Finance, DOB=22/05/2002, Picture=/TestData/Fphoto.png, State=Uttar Pradesh, Last Name=Femina, Age=30.0}
🔍 Mapping field: firstName | Excel Column: First Name | Value: Gene
🔍 Mapping field: lastName | Excel Column: Last Name | Value: Femina
🔍 Mapping field: userMail | Excel Column: Email | Value: GFemina@demoqa.com
🔍 Mapping field: gender | Excel Column: Gender | Value: Female
🔍 Mapping field: mobile | Excel Column: Mobile | Value: 1.888343432E9
🔍 Mapping field: dob | Excel Column: DOB | Value: 22/05/2002
🔍 Mapping field: dobTime | Excel Column: DOBTime | Value: 4:30:00 pm
🔍 Mapping field: subject | Excel Column: Subject | Value: Accounting
🔍 Mapping field: hobbies | Excel Column: Hobbies | Value: Music,Reading
🔍 Mapping field: picturePath | Excel Column: Picture | Value: /TestData/Fphoto.png
🔍 Mapping field: address | Excel Column: Address | Value: 512 Grant 481, Prattsville\n Arkansas 72129\n United States
🔍 Mapping field: state | Excel Column: State | Value: Uttar Pradesh
🔍 Mapping field: city | Excel Column: City | Value: Merrut
🧾 Row 3: {Salary=15000.0, Email=BWisem@demoqa.com, DOBTime=8:45:00 pm, Address=513 Grant 481, Prattsville\n Arkansas 72129\n United States, First Name=Bud, Gender=Other, City=Panipat, Mobile=8.932465432E9, Hobbies=Reading, Subject=Biology, Current Address=303 Town 481, Brookville\n kansas 42129\n United States, Department=Medicine, DOB=31/12/1999, Picture=/TestData/Ophoto.jpg, State=Haryana, Last Name=Wisem, Age=40.0}
🔍 Mapping field: firstName | Excel Column: First Name | Value: Bud
🔍 Mapping field: lastName | Excel Column: Last Name | Value: Wisem
🔍 Mapping field: userMail | Excel Column: Email | Value: BWisem@demoqa.com
🔍 Mapping field: gender | Excel Column: Gender | Value: Other
🔍 Mapping field: mobile | Excel Column: Mobile | Value: 8.932465432E9
🔍 Mapping field: dob | Excel Column: DOB | Value: 31/12/1999
🔍 Mapping field: dobTime | Excel Column: DOBTime | Value: 8:45:00 pm
🔍 Mapping field: subject | Excel Column: Subject | Value: Biology
🔍 Mapping field: hobbies | Excel Column: Hobbies | Value: Reading
🔍 Mapping field: picturePath | Excel Column: Picture | Value: /TestData/Ophoto.jpg
🔍 Mapping field: address | Excel Column: Address | Value: 513 Grant 481, Prattsville\n Arkansas 72129\n United States
🔍 Mapping field: state | Excel Column: State | Value: Haryana
🔍 Mapping field: city | Excel Column: City | Value: Panipat
🧾 Row 4: {Salary=19000.0, Email=TBoss@demoqa.com, DOBTime=5:45:00 am, Address=514 Grant 481, Prattsville\n Arkansas 72129\n United States, First Name=Tom, Gender=Male, City=Jaiselmer, Mobile=7.839875281E9, Hobbies=Sports,Reading, Subject=Social Studies, Current Address=304 Town 481, Brookville\n kansas 42129\n United States, Department=Recreation, DOB=1/26/03, Picture=/TestData/M2photo.jpg, State=Rajasthan, Last Name=Boss, Age=42.0}
🔍 Mapping field: firstName | Excel Column: First Name | Value: Tom
🔍 Mapping field: lastName | Excel Column: Last Name | Value: Boss
🔍 Mapping field: userMail | Excel Column: Email | Value: TBoss@demoqa.com
🔍 Mapping field: gender | Excel Column: Gender | Value: Male
🔍 Mapping field: mobile | Excel Column: Mobile | Value: 7.839875281E9
🔍 Mapping field: dob | Excel Column: DOB | Value: 1/26/03
🔍 Mapping field: dobTime | Excel Column: DOBTime | Value: 5:45:00 am
🔍 Mapping field: subject | Excel Column: Subject | Value: Social Studies
🔍 Mapping field: hobbies | Excel Column: Hobbies | Value: Sports,Reading
🔍 Mapping field: picturePath | Excel Column: Picture | Value: /TestData/M2photo.jpg
🔍 Mapping field: address | Excel Column: Address | Value: 514 Grant 481, Prattsville\n Arkansas 72129\n United States
🔍 Mapping field: state | Excel Column: State | Value: Rajasthan
🔍 Mapping field: city | Excel Column: City | Value: Jaiselmer
2025-09-20 21:19:23 [main] INFO  DriverFactory - 🌐 Starting Chrome Web Browser...
2025-09-20 21:19:23 [main] INFO  DriverFactory - ✅ Created temporary Chrome profile at C:\Users\dell\AppData\Local\Temp\chrome-profile-17299097037569610045
2025-09-20 21:19:24 [main] INFO  DriverFactory - 🚀 WebDriver started successfully
2025-09-20 21:19:24 [main] INFO  RetryUrlAccess - 🌐 Navigating to URL (attempt 1): https://demoqa.com
2025-09-20 21:19:28 [main] INFO  RetryUrlAccess - ✅ Navigation successful on attempt 1
2025-09-20 21:19:28 [main] INFO  demoqaBase - 🧪 Starting Form Filling Test...
2025-09-20 21:19:28 [main] INFO  RetryUrlAccess - 🌐 Navigating to URL (attempt 1): https://demoqa.com
2025-09-20 21:19:29 [main] INFO  RetryUrlAccess - ✅ Navigation successful on attempt 1
2025-09-20 21:19:29 [main] INFO  demoqaBase - Accessing Form Card...
2025-09-20 21:19:29 [main] INFO  RetryUrlAccess - 🌐 Navigating to URL (attempt 1): https://demoqa.com
2025-09-20 21:19:31 [main] INFO  RetryUrlAccess - ✅ Navigation successful on attempt 1
2025-09-20 21:19:31 [main] INFO  demoqaLog - Clicking on Form Card...
🔹 Trying JS click by locator (attempt 1)
2025-09-20 21:19:31 [main] INFO  demoqaLog - 🔹 Trying JS click by locator (attempt 1)
🔹 Attempting JS click...
2025-09-20 21:19:31 [main] INFO  demoqaLog - 🔹 Attempting JS click...
2025-09-20 21:19:31 [main] INFO  demoqaLog - Clicked on Forms Card...
Page Text is: Please select an item from left to start practice.
2025-09-20 21:19:31 [main] INFO  demoqaBase - Clicking on Practice Form...
🔹 Trying JS click by locator (attempt 1)
2025-09-20 21:19:31 [main] INFO  demoqaLog - 🔹 Trying JS click by locator (attempt 1)
🔹 Attempting JS click...
2025-09-20 21:19:31 [main] INFO  demoqaLog - 🔹 Attempting JS click...
2025-09-20 21:19:31 [main] INFO  demoqaBase - Clicked on Practice Form...
2025-09-20 21:19:31 [main] INFO  demoqaLog - ⏳ Waiting for page to fully load (timeout: 30s)
2025-09-20 21:19:56 [main] INFO  demoqaLog - ✅ Page load completed.
2025-09-20 21:19:56 [main] INFO  demoqaBase - Filling form for: Johny Bravo
2025-09-20 21:19:56 [main] INFO  demoqaBase - Entering First Name...
2025-09-20 21:19:56 [main] INFO  demoqaBase - Entered First Name: Johny
🔹 Trying JS click on WebElement (attempt 1)
2025-09-20 21:19:56 [main] INFO  demoqaLog - 🔹 Trying JS click on WebElement (attempt 1)
🔹 Attempting JS click...
2025-09-20 21:19:56 [main] INFO  demoqaLog - 🔹 Attempting JS click...
Selected gender: Male
2025-09-20 21:19:56 [main] INFO  demoqaBase - 📅 Parsed DOB for Johny Bravo: 2000-08-15
2025-09-20 21:19:57 [main] INFO  demoqaLog - ✅ JS click executed on element: {}
✅ Date selected: 15-08-2000
Selected Date is: '15 Aug 2000'
Expected Date is: '15 Aug 2000'
2025-09-20 21:19:57 [main] INFO  demoqaBase - Typed full subject: Computer Science
Typing subject: Computer Science
Dropdown Option: Computer Science
Selected: Computer Science
Selected hobby: sports
Selected hobby: music
Uploaded photo: C:\ASN\eclipse_workspace\demoqa-automation//TestData/Mphoto.jpg
511 Grant 481, Prattsville
 Arkansas 72129
 United States
2025-09-20 21:19:58 [main] INFO  demoqaBase - Entering Address...
2025-09-20 21:19:59 [main] INFO  demoqaBase - Entered Address...
2025-09-20 21:19:59 [main] INFO  demoqaBase - Selecting State: NCR
Available state option: NCR
2025-09-20 21:19:59 [main] INFO  demoqaBase - Selected State: NCR
2025-09-20 21:19:59 [main] INFO  demoqaBase - Selecting City: Delhi
Available city: Delhi
2025-09-20 21:19:59 [main] INFO  demoqaBase - Selected City: Delhi
2025-09-20 21:19:59 [main] INFO  demoqaBase - Submitting Form...
2025-09-20 21:20:00 [main] INFO  demoqaBase - Form Submitted via normal click...
2025-09-20 21:20:00 [main] INFO  ConfirmationTableParser - 📋 Parsed [First Name] = 'Johny', [Last Name] = 'Bravo'
2025-09-20 21:20:00 [main] INFO  ConfirmationTableParser - 📋 Parsed [Email] = 'Jbravo@demoqa.com'
2025-09-20 21:20:00 [main] INFO  ConfirmationTableParser - 📋 Parsed [Gender] = 'Male'
2025-09-20 21:20:00 [main] INFO  ConfirmationTableParser - 📋 Parsed [Mobile] = '9238343488'
2025-09-20 21:20:00 [main] INFO  ConfirmationTableParser - 📋 Parsed [DOB] = '15 August,2000'
2025-09-20 21:20:00 [main] INFO  ConfirmationTableParser - 📋 Parsed [Subject] = 'Computer Science'
2025-09-20 21:20:00 [main] INFO  ConfirmationTableParser - 📋 Parsed [Hobbies] = 'Sports, Music'
2025-09-20 21:20:00 [main] INFO  ConfirmationTableParser - 📋 Parsed [Picture] = 'Mphoto.jpg'
2025-09-20 21:20:00 [main] INFO  ConfirmationTableParser - 📋 Parsed [Address] = '511 Grant 481, Prattsville Arkansas 72129 United States'
2025-09-20 21:20:00 [main] INFO  ConfirmationTableParser - 📋 Parsed [State] = 'NCR', [City] = 'Delhi'
2025-09-20 21:20:00 [main] INFO  AssertFormData - 🔍 [Email] Raw expected='Jbravo@demoqa.com', Raw actual='Jbravo@demoqa.com'
2025-09-20 21:20:00 [main] INFO  AssertFormData - 🔧 [Email] Normalized expected='Jbravo@demoqa.com', Normalized actual='Jbravo@demoqa.com'
2025-09-20 21:20:00 [main] INFO  AssertFormData - ✅ [Email] matched: 'Jbravo@demoqa.com'
2025-09-20 21:20:00 [main] INFO  AssertFormData - ⏩ Skipping optional field 'DOBTime' for context 'FORMS'
2025-09-20 21:20:00 [main] INFO  AssertFormData - 🔍 [Address] Raw expected='511 Grant 481, Prattsville\n Arkansas 72129\n United States', Raw actual='511 Grant 481, Prattsville Arkansas 72129 United States'
2025-09-20 21:20:00 [main] INFO  AssertFormData - 🔧 [Address] Normalized expected='511 Grant 481, Prattsville Arkansas 72129 United States', Normalized actual='511 Grant 481, Prattsville Arkansas 72129 United States'
2025-09-20 21:20:00 [main] INFO  AssertFormData - ✅ [Address] matched: '511 Grant 481, Prattsville Arkansas 72129 United States'
2025-09-20 21:20:00 [main] INFO  AssertFormData - 🔍 [First Name] Raw expected='Johny', Raw actual='Johny'
2025-09-20 21:20:00 [main] INFO  AssertFormData - 🔧 [First Name] Normalized expected='Johny', Normalized actual='Johny'
2025-09-20 21:20:00 [main] INFO  AssertFormData - ✅ [First Name] matched: 'Johny'
2025-09-20 21:20:00 [main] INFO  AssertFormData - 🔍 [Gender] Raw expected='Male', Raw actual='Male'
2025-09-20 21:20:00 [main] INFO  AssertFormData - 🔧 [Gender] Normalized expected='Male', Normalized actual='Male'
2025-09-20 21:20:00 [main] INFO  AssertFormData - ✅ [Gender] matched: 'Male'
2025-09-20 21:20:00 [main] INFO  AssertFormData - 🔍 [City] Raw expected='Delhi', Raw actual='Delhi'
2025-09-20 21:20:00 [main] INFO  AssertFormData - 🔧 [City] Normalized expected='Delhi', Normalized actual='Delhi'
2025-09-20 21:20:00 [main] INFO  AssertFormData - ✅ [City] matched: 'Delhi'
2025-09-20 21:20:00 [main] INFO  AssertFormData - 🔍 [Mobile] Raw expected='9238343488', Raw actual='9238343488'
2025-09-20 21:20:00 [main] INFO  AssertFormData - 🔧 [Mobile] Normalized expected='9238343488', Normalized actual='9238343488'
2025-09-20 21:20:00 [main] INFO  AssertFormData - ✅ [Mobile] matched: '9238343488'
2025-09-20 21:20:00 [main] INFO  AssertFormData - 🔍 [Hobbies] Raw expected='Sports,Music', Raw actual='Sports, Music'
2025-09-20 21:20:00 [main] INFO  AssertFormData - 🔧 [Hobbies] Normalized expected='Sports,Music', Normalized actual='Sports,Music'
2025-09-20 21:20:00 [main] INFO  AssertFormData - ✅ [Hobbies] matched: 'Sports,Music'
2025-09-20 21:20:00 [main] INFO  AssertFormData - 🔍 [Subject] Raw expected='Computer Science', Raw actual='Computer Science'
2025-09-20 21:20:00 [main] INFO  AssertFormData - 🔧 [Subject] Normalized expected='Computer Science', Normalized actual='Computer Science'
2025-09-20 21:20:00 [main] INFO  AssertFormData - ✅ [Subject] matched: 'Computer Science'
2025-09-20 21:20:00 [main] INFO  AssertFormData - 🔍 [DOB] Raw expected='15-08-2000', Raw actual='15 August,2000'
2025-09-20 21:20:00 [main] INFO  AssertFormData - 🔧 [DOB] Normalized expected='15-08-2000', Normalized actual='15-08-2000'
2025-09-20 21:20:00 [main] INFO  AssertFormData - ✅ [DOB] matched: '15-08-2000'
2025-09-20 21:20:00 [main] INFO  AssertFormData - 🔍 [Picture] Raw expected='Mphoto.jpg', Raw actual='Mphoto.jpg'
2025-09-20 21:20:00 [main] INFO  AssertFormData - 🔧 [Picture] Normalized expected='Mphoto.jpg', Normalized actual='Mphoto.jpg'
2025-09-20 21:20:00 [main] INFO  AssertFormData - ✅ [Picture] matched: 'Mphoto.jpg'
2025-09-20 21:20:00 [main] INFO  AssertFormData - 🔍 [State] Raw expected='NCR', Raw actual='NCR'
2025-09-20 21:20:00 [main] INFO  AssertFormData - 🔧 [State] Normalized expected='NCR', Normalized actual='NCR'
2025-09-20 21:20:00 [main] INFO  AssertFormData - ✅ [State] matched: 'NCR'
2025-09-20 21:20:00 [main] INFO  AssertFormData - 🔍 [Last Name] Raw expected='Bravo', Raw actual='Bravo'
2025-09-20 21:20:00 [main] INFO  AssertFormData - 🔧 [Last Name] Normalized expected='Bravo', Normalized actual='Bravo'
2025-09-20 21:20:00 [main] INFO  AssertFormData - ✅ [Last Name] matched: 'Bravo'
2025-09-20 21:20:00 [main] INFO  demoqaBase - ✅ Form Filling Completed for: Johny Bravo
]]></system-out>
  </testcase>
  <testcase name="fillForm[UserFormData{firstName=&apos;Gene&apos;, lastName=&apos;Femina&apos;, userMail=&apos;GFemina@demoqa.com&apos;, gender=&apos;Female&apos;, mobile=&apos;1.888343432E9&apos;, dob=&apos;22/05/2002&apos;, dobTime=&apos;4:30:00 pm&apos;, subject=&apos;Accounting&apos;, hobbies=&apos;Music,Reading&apos;, picturePath=&apos;/TestData/Fphoto.png&apos;, address=&apos;512 Grant 481, Prattsville\n Arkansas 72129\n United States&apos;, state=&apos;Uttar Pradesh&apos;, city=&apos;Merrut&apos;}](2)" classname="tests.FormTests" time="7.197">
    <system-out><![CDATA[Path for Screenshot is: C:\ASN\eclipse_workspace\demoqa-automation/screenshots/fillForm_Passed_20250920_212000+2025-09-20_21-20-00.png
2025-09-20 21:20:01 [main] INFO  demoqaBase - ✅ Test fillForm passed. Screenshot captured.
2025-09-20 21:20:01 [main] INFO  demoqaBase - Closing browser for test: fillForm
2025-09-20 21:20:01 [main] INFO  DriverFactory - 🌐 Starting Chrome Web Browser...
2025-09-20 21:20:01 [main] INFO  DriverFactory - ✅ Created temporary Chrome profile at C:\Users\dell\AppData\Local\Temp\chrome-profile-4044199404380938580
2025-09-20 21:20:02 [main] INFO  DriverFactory - 🚀 WebDriver started successfully
2025-09-20 21:20:02 [main] INFO  RetryUrlAccess - 🌐 Navigating to URL (attempt 1): https://demoqa.com
2025-09-20 21:20:05 [main] INFO  RetryUrlAccess - ✅ Navigation successful on attempt 1
2025-09-20 21:20:05 [main] INFO  demoqaBase - 🧪 Starting Form Filling Test...
2025-09-20 21:20:05 [main] INFO  RetryUrlAccess - 🌐 Navigating to URL (attempt 1): https://demoqa.com
2025-09-20 21:20:05 [main] INFO  RetryUrlAccess - ✅ Navigation successful on attempt 1
2025-09-20 21:20:05 [main] INFO  demoqaBase - Accessing Form Card...
2025-09-20 21:20:05 [main] INFO  RetryUrlAccess - 🌐 Navigating to URL (attempt 1): https://demoqa.com
2025-09-20 21:20:06 [main] INFO  RetryUrlAccess - ✅ Navigation successful on attempt 1
2025-09-20 21:20:06 [main] INFO  demoqaLog - Clicking on Form Card...
🔹 Trying JS click by locator (attempt 1)
2025-09-20 21:20:06 [main] INFO  demoqaLog - 🔹 Trying JS click by locator (attempt 1)
🔹 Attempting JS click...
2025-09-20 21:20:06 [main] INFO  demoqaLog - 🔹 Attempting JS click...
2025-09-20 21:20:06 [main] INFO  demoqaLog - Clicked on Forms Card...
Page Text is: Please select an item from left to start practice.
2025-09-20 21:20:06 [main] INFO  demoqaBase - Clicking on Practice Form...
🔹 Trying JS click by locator (attempt 1)
2025-09-20 21:20:06 [main] INFO  demoqaLog - 🔹 Trying JS click by locator (attempt 1)
🔹 Attempting JS click...
2025-09-20 21:20:06 [main] INFO  demoqaLog - 🔹 Attempting JS click...
2025-09-20 21:20:06 [main] INFO  demoqaBase - Clicked on Practice Form...
2025-09-20 21:20:06 [main] INFO  demoqaLog - ⏳ Waiting for page to fully load (timeout: 30s)
2025-09-20 21:20:08 [main] INFO  demoqaLog - ✅ Page load completed.
2025-09-20 21:20:08 [main] INFO  demoqaBase - Filling form for: Gene Femina
2025-09-20 21:20:08 [main] INFO  demoqaBase - Entering First Name...
2025-09-20 21:20:08 [main] INFO  demoqaBase - Entered First Name: Gene
🔹 Trying JS click on WebElement (attempt 1)
2025-09-20 21:20:09 [main] INFO  demoqaLog - 🔹 Trying JS click on WebElement (attempt 1)
🔹 Attempting JS click...
2025-09-20 21:20:09 [main] INFO  demoqaLog - 🔹 Attempting JS click...
Selected gender: Female
2025-09-20 21:20:09 [main] INFO  demoqaBase - 📅 Parsed DOB for Gene Femina: 2002-05-22
2025-09-20 21:20:09 [main] INFO  demoqaLog - ✅ JS click executed on element: {}
✅ Date selected: 22-05-2002
Selected Date is: '22 May 2002'
Expected Date is: '22 May 2002'
2025-09-20 21:20:09 [main] INFO  demoqaBase - Typed full subject: Accounting
Typing subject: Accounting
Dropdown Option: Accounting
Selected: Accounting
Selected hobby: music
Selected hobby: reading
Uploaded photo: C:\ASN\eclipse_workspace\demoqa-automation//TestData/Fphoto.png
512 Grant 481, Prattsville
 Arkansas 72129
 United States
2025-09-20 21:20:10 [main] INFO  demoqaBase - Entering Address...
2025-09-20 21:20:11 [main] INFO  demoqaBase - Entered Address...
2025-09-20 21:20:11 [main] INFO  demoqaBase - Selecting State: Uttar Pradesh
Available state option: NCR
Available state option: Uttar Pradesh
2025-09-20 21:20:11 [main] INFO  demoqaBase - Selected State: Uttar Pradesh
2025-09-20 21:20:11 [main] INFO  demoqaBase - Selecting City: Merrut
Available city: Agra
Available city: Lucknow
Available city: Merrut
2025-09-20 21:20:11 [main] INFO  demoqaBase - Selected City: Merrut
2025-09-20 21:20:11 [main] INFO  demoqaBase - Submitting Form...
2025-09-20 21:20:12 [main] INFO  demoqaBase - Form Submitted via normal click...
2025-09-20 21:20:12 [main] INFO  ConfirmationTableParser - 📋 Parsed [First Name] = 'Gene', [Last Name] = 'Femina'
2025-09-20 21:20:12 [main] INFO  ConfirmationTableParser - 📋 Parsed [Email] = 'GFemina@demoqa.com'
2025-09-20 21:20:12 [main] INFO  ConfirmationTableParser - 📋 Parsed [Gender] = 'Female'
2025-09-20 21:20:12 [main] INFO  ConfirmationTableParser - 📋 Parsed [Mobile] = '1888343432'
2025-09-20 21:20:12 [main] INFO  ConfirmationTableParser - 📋 Parsed [DOB] = '22 May,2002'
2025-09-20 21:20:12 [main] INFO  ConfirmationTableParser - 📋 Parsed [Subject] = 'Accounting'
2025-09-20 21:20:12 [main] INFO  ConfirmationTableParser - 📋 Parsed [Hobbies] = 'Music, Reading'
2025-09-20 21:20:12 [main] INFO  ConfirmationTableParser - 📋 Parsed [Picture] = 'Fphoto.png'
2025-09-20 21:20:12 [main] INFO  ConfirmationTableParser - 📋 Parsed [Address] = '512 Grant 481, Prattsville Arkansas 72129 United States'
2025-09-20 21:20:12 [main] INFO  ConfirmationTableParser - 📋 Parsed [State] = 'Uttar Pradesh', [City] = 'Merrut'
2025-09-20 21:20:12 [main] INFO  AssertFormData - 🔍 [Email] Raw expected='GFemina@demoqa.com', Raw actual='GFemina@demoqa.com'
2025-09-20 21:20:12 [main] INFO  AssertFormData - 🔧 [Email] Normalized expected='GFemina@demoqa.com', Normalized actual='GFemina@demoqa.com'
2025-09-20 21:20:12 [main] INFO  AssertFormData - ✅ [Email] matched: 'GFemina@demoqa.com'
2025-09-20 21:20:12 [main] INFO  AssertFormData - ⏩ Skipping optional field 'DOBTime' for context 'FORMS'
2025-09-20 21:20:12 [main] INFO  AssertFormData - 🔍 [Address] Raw expected='512 Grant 481, Prattsville\n Arkansas 72129\n United States', Raw actual='512 Grant 481, Prattsville Arkansas 72129 United States'
2025-09-20 21:20:12 [main] INFO  AssertFormData - 🔧 [Address] Normalized expected='512 Grant 481, Prattsville Arkansas 72129 United States', Normalized actual='512 Grant 481, Prattsville Arkansas 72129 United States'
2025-09-20 21:20:12 [main] INFO  AssertFormData - ✅ [Address] matched: '512 Grant 481, Prattsville Arkansas 72129 United States'
2025-09-20 21:20:12 [main] INFO  AssertFormData - 🔍 [First Name] Raw expected='Gene', Raw actual='Gene'
2025-09-20 21:20:12 [main] INFO  AssertFormData - 🔧 [First Name] Normalized expected='Gene', Normalized actual='Gene'
2025-09-20 21:20:12 [main] INFO  AssertFormData - ✅ [First Name] matched: 'Gene'
2025-09-20 21:20:12 [main] INFO  AssertFormData - 🔍 [Gender] Raw expected='Female', Raw actual='Female'
2025-09-20 21:20:12 [main] INFO  AssertFormData - 🔧 [Gender] Normalized expected='Female', Normalized actual='Female'
2025-09-20 21:20:12 [main] INFO  AssertFormData - ✅ [Gender] matched: 'Female'
2025-09-20 21:20:12 [main] INFO  AssertFormData - 🔍 [City] Raw expected='Merrut', Raw actual='Merrut'
2025-09-20 21:20:12 [main] INFO  AssertFormData - 🔧 [City] Normalized expected='Merrut', Normalized actual='Merrut'
2025-09-20 21:20:12 [main] INFO  AssertFormData - ✅ [City] matched: 'Merrut'
2025-09-20 21:20:12 [main] INFO  AssertFormData - 🔍 [Mobile] Raw expected='1888343432', Raw actual='1888343432'
2025-09-20 21:20:12 [main] INFO  AssertFormData - 🔧 [Mobile] Normalized expected='1888343432', Normalized actual='1888343432'
2025-09-20 21:20:12 [main] INFO  AssertFormData - ✅ [Mobile] matched: '1888343432'
2025-09-20 21:20:12 [main] INFO  AssertFormData - 🔍 [Hobbies] Raw expected='Music,Reading', Raw actual='Music, Reading'
2025-09-20 21:20:12 [main] INFO  AssertFormData - 🔧 [Hobbies] Normalized expected='Music,Reading', Normalized actual='Music,Reading'
2025-09-20 21:20:12 [main] INFO  AssertFormData - ✅ [Hobbies] matched: 'Music,Reading'
2025-09-20 21:20:12 [main] INFO  AssertFormData - 🔍 [Subject] Raw expected='Accounting', Raw actual='Accounting'
2025-09-20 21:20:12 [main] INFO  AssertFormData - 🔧 [Subject] Normalized expected='Accounting', Normalized actual='Accounting'
2025-09-20 21:20:12 [main] INFO  AssertFormData - ✅ [Subject] matched: 'Accounting'
2025-09-20 21:20:12 [main] INFO  AssertFormData - 🔍 [DOB] Raw expected='22-05-2002', Raw actual='22 May,2002'
2025-09-20 21:20:12 [main] INFO  AssertFormData - 🔧 [DOB] Normalized expected='22-05-2002', Normalized actual='22-05-2002'
2025-09-20 21:20:12 [main] INFO  AssertFormData - ✅ [DOB] matched: '22-05-2002'
2025-09-20 21:20:12 [main] INFO  AssertFormData - 🔍 [Picture] Raw expected='Fphoto.png', Raw actual='Fphoto.png'
2025-09-20 21:20:12 [main] INFO  AssertFormData - 🔧 [Picture] Normalized expected='Fphoto.png', Normalized actual='Fphoto.png'
2025-09-20 21:20:12 [main] INFO  AssertFormData - ✅ [Picture] matched: 'Fphoto.png'
2025-09-20 21:20:12 [main] INFO  AssertFormData - 🔍 [State] Raw expected='Uttar Pradesh', Raw actual='Uttar Pradesh'
2025-09-20 21:20:12 [main] INFO  AssertFormData - 🔧 [State] Normalized expected='Uttar Pradesh', Normalized actual='Uttar Pradesh'
2025-09-20 21:20:12 [main] INFO  AssertFormData - ✅ [State] matched: 'Uttar Pradesh'
2025-09-20 21:20:12 [main] INFO  AssertFormData - 🔍 [Last Name] Raw expected='Femina', Raw actual='Femina'
2025-09-20 21:20:12 [main] INFO  AssertFormData - 🔧 [Last Name] Normalized expected='Femina', Normalized actual='Femina'
2025-09-20 21:20:12 [main] INFO  AssertFormData - ✅ [Last Name] matched: 'Femina'
2025-09-20 21:20:12 [main] INFO  demoqaBase - ✅ Form Filling Completed for: Gene Femina
]]></system-out>
  </testcase>
  <testcase name="fillForm[UserFormData{firstName=&apos;Bud&apos;, lastName=&apos;Wisem&apos;, userMail=&apos;BWisem@demoqa.com&apos;, gender=&apos;Other&apos;, mobile=&apos;8.932465432E9&apos;, dob=&apos;31/12/1999&apos;, dobTime=&apos;8:45:00 pm&apos;, subject=&apos;Biology&apos;, hobbies=&apos;Reading&apos;, picturePath=&apos;/TestData/Ophoto.jpg&apos;, address=&apos;513 Grant 481, Prattsville\n Arkansas 72129\n United States&apos;, state=&apos;Haryana&apos;, city=&apos;Panipat&apos;}](3)" classname="tests.FormTests" time="7.724">
    <system-out><![CDATA[Path for Screenshot is: C:\ASN\eclipse_workspace\demoqa-automation/screenshots/fillForm_Passed_20250920_212012+2025-09-20_21-20-12.png
2025-09-20 21:20:12 [main] INFO  demoqaBase - ✅ Test fillForm passed. Screenshot captured.
2025-09-20 21:20:12 [main] INFO  demoqaBase - Closing browser for test: fillForm
2025-09-20 21:20:13 [main] INFO  DriverFactory - 🌐 Starting Chrome Web Browser...
2025-09-20 21:20:13 [main] INFO  DriverFactory - ✅ Created temporary Chrome profile at C:\Users\dell\AppData\Local\Temp\chrome-profile-17627353782893697765
2025-09-20 21:20:14 [main] INFO  DriverFactory - 🚀 WebDriver started successfully
2025-09-20 21:20:14 [main] INFO  RetryUrlAccess - 🌐 Navigating to URL (attempt 1): https://demoqa.com
2025-09-20 21:20:17 [main] INFO  RetryUrlAccess - ✅ Navigation successful on attempt 1
2025-09-20 21:20:17 [main] INFO  demoqaBase - 🧪 Starting Form Filling Test...
2025-09-20 21:20:17 [main] INFO  RetryUrlAccess - 🌐 Navigating to URL (attempt 1): https://demoqa.com
2025-09-20 21:20:17 [main] INFO  RetryUrlAccess - ✅ Navigation successful on attempt 1
2025-09-20 21:20:17 [main] INFO  demoqaBase - Accessing Form Card...
2025-09-20 21:20:17 [main] INFO  RetryUrlAccess - 🌐 Navigating to URL (attempt 1): https://demoqa.com
2025-09-20 21:20:18 [main] INFO  RetryUrlAccess - ✅ Navigation successful on attempt 1
2025-09-20 21:20:18 [main] INFO  demoqaLog - Clicking on Form Card...
🔹 Trying JS click by locator (attempt 1)
2025-09-20 21:20:18 [main] INFO  demoqaLog - 🔹 Trying JS click by locator (attempt 1)
🔹 Attempting JS click...
2025-09-20 21:20:18 [main] INFO  demoqaLog - 🔹 Attempting JS click...
2025-09-20 21:20:18 [main] INFO  demoqaLog - Clicked on Forms Card...
Page Text is: Please select an item from left to start practice.
2025-09-20 21:20:18 [main] INFO  demoqaBase - Clicking on Practice Form...
🔹 Trying JS click by locator (attempt 1)
2025-09-20 21:20:18 [main] INFO  demoqaLog - 🔹 Trying JS click by locator (attempt 1)
🔹 Attempting JS click...
2025-09-20 21:20:18 [main] INFO  demoqaLog - 🔹 Attempting JS click...
2025-09-20 21:20:18 [main] INFO  demoqaBase - Clicked on Practice Form...
2025-09-20 21:20:18 [main] INFO  demoqaLog - ⏳ Waiting for page to fully load (timeout: 30s)
2025-09-20 21:20:20 [main] INFO  demoqaLog - ✅ Page load completed.
2025-09-20 21:20:20 [main] INFO  demoqaBase - Filling form for: Bud Wisem
2025-09-20 21:20:20 [main] INFO  demoqaBase - Entering First Name...
2025-09-20 21:20:20 [main] INFO  demoqaBase - Entered First Name: Bud
🔹 Trying JS click on WebElement (attempt 1)
2025-09-20 21:20:21 [main] INFO  demoqaLog - 🔹 Trying JS click on WebElement (attempt 1)
🔹 Attempting JS click...
2025-09-20 21:20:21 [main] INFO  demoqaLog - 🔹 Attempting JS click...
Selected gender: Other
2025-09-20 21:20:21 [main] INFO  demoqaBase - 📅 Parsed DOB for Bud Wisem: 1999-12-31
2025-09-20 21:20:21 [main] INFO  demoqaLog - ✅ JS click executed on element: {}
✅ Date selected: 31-12-1999
Selected Date is: '31 Dec 1999'
Expected Date is: '31 Dec 1999'
2025-09-20 21:20:22 [main] INFO  demoqaBase - Typed full subject: Biology
Typing subject: Biology
Dropdown Option: Biology
Selected: Biology
Selected hobby: reading
Uploaded photo: C:\ASN\eclipse_workspace\demoqa-automation//TestData/Ophoto.jpg
513 Grant 481, Prattsville
 Arkansas 72129
 United States
2025-09-20 21:20:22 [main] INFO  demoqaBase - Entering Address...
2025-09-20 21:20:22 [main] INFO  demoqaBase - Entered Address...
2025-09-20 21:20:22 [main] INFO  demoqaBase - Selecting State: Haryana
Available state option: NCR
Available state option: Uttar Pradesh
Available state option: Haryana
2025-09-20 21:20:23 [main] INFO  demoqaBase - Selected State: Haryana
2025-09-20 21:20:23 [main] INFO  demoqaBase - Selecting City: Panipat
Available city: Karnal
Available city: Panipat
2025-09-20 21:20:23 [main] INFO  demoqaBase - Selected City: Panipat
2025-09-20 21:20:23 [main] INFO  demoqaBase - Submitting Form...
2025-09-20 21:20:23 [main] INFO  demoqaBase - Form Submitted via normal click...
2025-09-20 21:20:24 [main] INFO  ConfirmationTableParser - 📋 Parsed [First Name] = 'Bud', [Last Name] = 'Wisem'
2025-09-20 21:20:24 [main] INFO  ConfirmationTableParser - 📋 Parsed [Email] = 'BWisem@demoqa.com'
2025-09-20 21:20:24 [main] INFO  ConfirmationTableParser - 📋 Parsed [Gender] = 'Other'
2025-09-20 21:20:24 [main] INFO  ConfirmationTableParser - 📋 Parsed [Mobile] = '8932465432'
2025-09-20 21:20:24 [main] INFO  ConfirmationTableParser - 📋 Parsed [DOB] = '31 December,1999'
2025-09-20 21:20:24 [main] INFO  ConfirmationTableParser - 📋 Parsed [Subject] = 'Biology'
2025-09-20 21:20:24 [main] INFO  ConfirmationTableParser - 📋 Parsed [Hobbies] = 'Reading'
2025-09-20 21:20:24 [main] INFO  ConfirmationTableParser - 📋 Parsed [Picture] = 'Ophoto.jpg'
2025-09-20 21:20:24 [main] INFO  ConfirmationTableParser - 📋 Parsed [Address] = '513 Grant 481, Prattsville Arkansas 72129 United States'
2025-09-20 21:20:24 [main] INFO  ConfirmationTableParser - 📋 Parsed [State] = 'Haryana', [City] = 'Panipat'
2025-09-20 21:20:24 [main] INFO  AssertFormData - 🔍 [Email] Raw expected='BWisem@demoqa.com', Raw actual='BWisem@demoqa.com'
2025-09-20 21:20:24 [main] INFO  AssertFormData - 🔧 [Email] Normalized expected='BWisem@demoqa.com', Normalized actual='BWisem@demoqa.com'
2025-09-20 21:20:24 [main] INFO  AssertFormData - ✅ [Email] matched: 'BWisem@demoqa.com'
2025-09-20 21:20:24 [main] INFO  AssertFormData - ⏩ Skipping optional field 'DOBTime' for context 'FORMS'
2025-09-20 21:20:24 [main] INFO  AssertFormData - 🔍 [Address] Raw expected='513 Grant 481, Prattsville\n Arkansas 72129\n United States', Raw actual='513 Grant 481, Prattsville Arkansas 72129 United States'
2025-09-20 21:20:24 [main] INFO  AssertFormData - 🔧 [Address] Normalized expected='513 Grant 481, Prattsville Arkansas 72129 United States', Normalized actual='513 Grant 481, Prattsville Arkansas 72129 United States'
2025-09-20 21:20:24 [main] INFO  AssertFormData - ✅ [Address] matched: '513 Grant 481, Prattsville Arkansas 72129 United States'
2025-09-20 21:20:24 [main] INFO  AssertFormData - 🔍 [First Name] Raw expected='Bud', Raw actual='Bud'
2025-09-20 21:20:24 [main] INFO  AssertFormData - 🔧 [First Name] Normalized expected='Bud', Normalized actual='Bud'
2025-09-20 21:20:24 [main] INFO  AssertFormData - ✅ [First Name] matched: 'Bud'
2025-09-20 21:20:24 [main] INFO  AssertFormData - 🔍 [Gender] Raw expected='Other', Raw actual='Other'
2025-09-20 21:20:24 [main] INFO  AssertFormData - 🔧 [Gender] Normalized expected='Other', Normalized actual='Other'
2025-09-20 21:20:24 [main] INFO  AssertFormData - ✅ [Gender] matched: 'Other'
2025-09-20 21:20:24 [main] INFO  AssertFormData - 🔍 [City] Raw expected='Panipat', Raw actual='Panipat'
2025-09-20 21:20:24 [main] INFO  AssertFormData - 🔧 [City] Normalized expected='Panipat', Normalized actual='Panipat'
2025-09-20 21:20:24 [main] INFO  AssertFormData - ✅ [City] matched: 'Panipat'
2025-09-20 21:20:24 [main] INFO  AssertFormData - 🔍 [Mobile] Raw expected='8932465432', Raw actual='8932465432'
2025-09-20 21:20:24 [main] INFO  AssertFormData - 🔧 [Mobile] Normalized expected='8932465432', Normalized actual='8932465432'
2025-09-20 21:20:24 [main] INFO  AssertFormData - ✅ [Mobile] matched: '8932465432'
2025-09-20 21:20:24 [main] INFO  AssertFormData - 🔍 [Hobbies] Raw expected='Reading', Raw actual='Reading'
2025-09-20 21:20:24 [main] INFO  AssertFormData - 🔧 [Hobbies] Normalized expected='Reading', Normalized actual='Reading'
2025-09-20 21:20:24 [main] INFO  AssertFormData - ✅ [Hobbies] matched: 'Reading'
2025-09-20 21:20:24 [main] INFO  AssertFormData - 🔍 [Subject] Raw expected='Biology', Raw actual='Biology'
2025-09-20 21:20:24 [main] INFO  AssertFormData - 🔧 [Subject] Normalized expected='Biology', Normalized actual='Biology'
2025-09-20 21:20:24 [main] INFO  AssertFormData - ✅ [Subject] matched: 'Biology'
2025-09-20 21:20:24 [main] INFO  AssertFormData - 🔍 [DOB] Raw expected='31-12-1999', Raw actual='31 December,1999'
2025-09-20 21:20:24 [main] INFO  AssertFormData - 🔧 [DOB] Normalized expected='31-12-1999', Normalized actual='31-12-1999'
2025-09-20 21:20:24 [main] INFO  AssertFormData - ✅ [DOB] matched: '31-12-1999'
2025-09-20 21:20:24 [main] INFO  AssertFormData - 🔍 [Picture] Raw expected='Ophoto.jpg', Raw actual='Ophoto.jpg'
2025-09-20 21:20:24 [main] INFO  AssertFormData - 🔧 [Picture] Normalized expected='Ophoto.jpg', Normalized actual='Ophoto.jpg'
2025-09-20 21:20:24 [main] INFO  AssertFormData - ✅ [Picture] matched: 'Ophoto.jpg'
2025-09-20 21:20:24 [main] INFO  AssertFormData - 🔍 [State] Raw expected='Haryana', Raw actual='Haryana'
2025-09-20 21:20:24 [main] INFO  AssertFormData - 🔧 [State] Normalized expected='Haryana', Normalized actual='Haryana'
2025-09-20 21:20:24 [main] INFO  AssertFormData - ✅ [State] matched: 'Haryana'
2025-09-20 21:20:24 [main] INFO  AssertFormData - 🔍 [Last Name] Raw expected='Wisem', Raw actual='Wisem'
2025-09-20 21:20:24 [main] INFO  AssertFormData - 🔧 [Last Name] Normalized expected='Wisem', Normalized actual='Wisem'
2025-09-20 21:20:24 [main] INFO  AssertFormData - ✅ [Last Name] matched: 'Wisem'
2025-09-20 21:20:24 [main] INFO  demoqaBase - ✅ Form Filling Completed for: Bud Wisem
]]></system-out>
  </testcase>
  <testcase name="fillForm[UserFormData{firstName=&apos;Tom&apos;, lastName=&apos;Boss&apos;, userMail=&apos;TBoss@demoqa.com&apos;, gender=&apos;Male&apos;, mobile=&apos;7.839875281E9&apos;, dob=&apos;1/26/03&apos;, dobTime=&apos;5:45:00 am&apos;, subject=&apos;Social Studies&apos;, hobbies=&apos;Sports,Reading&apos;, picturePath=&apos;/TestData/M2photo.jpg&apos;, address=&apos;514 Grant 481, Prattsville\n Arkansas 72129\n United States&apos;, state=&apos;Rajasthan&apos;, city=&apos;Jaiselmer&apos;}](4)" classname="tests.FormTests" time="7.636">
    <system-out><![CDATA[Path for Screenshot is: C:\ASN\eclipse_workspace\demoqa-automation/screenshots/fillForm_Passed_20250920_212024+2025-09-20_21-20-24.png
2025-09-20 21:20:24 [main] INFO  demoqaBase - ✅ Test fillForm passed. Screenshot captured.
2025-09-20 21:20:24 [main] INFO  demoqaBase - Closing browser for test: fillForm
2025-09-20 21:20:25 [main] INFO  DriverFactory - 🌐 Starting Chrome Web Browser...
2025-09-20 21:20:25 [main] INFO  DriverFactory - ✅ Created temporary Chrome profile at C:\Users\dell\AppData\Local\Temp\chrome-profile-5493793068325806202
2025-09-20 21:20:26 [main] INFO  DriverFactory - 🚀 WebDriver started successfully
2025-09-20 21:20:26 [main] INFO  RetryUrlAccess - 🌐 Navigating to URL (attempt 1): https://demoqa.com
2025-09-20 21:20:28 [main] INFO  RetryUrlAccess - ✅ Navigation successful on attempt 1
2025-09-20 21:20:28 [main] INFO  demoqaBase - 🧪 Starting Form Filling Test...
2025-09-20 21:20:28 [main] INFO  RetryUrlAccess - 🌐 Navigating to URL (attempt 1): https://demoqa.com
2025-09-20 21:20:29 [main] INFO  RetryUrlAccess - ✅ Navigation successful on attempt 1
2025-09-20 21:20:29 [main] INFO  demoqaBase - Accessing Form Card...
2025-09-20 21:20:29 [main] INFO  RetryUrlAccess - 🌐 Navigating to URL (attempt 1): https://demoqa.com
2025-09-20 21:20:30 [main] INFO  RetryUrlAccess - ✅ Navigation successful on attempt 1
2025-09-20 21:20:30 [main] INFO  demoqaLog - Clicking on Form Card...
🔹 Trying JS click by locator (attempt 1)
2025-09-20 21:20:30 [main] INFO  demoqaLog - 🔹 Trying JS click by locator (attempt 1)
🔹 Attempting JS click...
2025-09-20 21:20:30 [main] INFO  demoqaLog - 🔹 Attempting JS click...
2025-09-20 21:20:30 [main] INFO  demoqaLog - Clicked on Forms Card...
Page Text is: Please select an item from left to start practice.
2025-09-20 21:20:30 [main] INFO  demoqaBase - Clicking on Practice Form...
🔹 Trying JS click by locator (attempt 1)
2025-09-20 21:20:30 [main] INFO  demoqaLog - 🔹 Trying JS click by locator (attempt 1)
🔹 Attempting JS click...
2025-09-20 21:20:30 [main] INFO  demoqaLog - 🔹 Attempting JS click...
2025-09-20 21:20:30 [main] INFO  demoqaBase - Clicked on Practice Form...
2025-09-20 21:20:30 [main] INFO  demoqaLog - ⏳ Waiting for page to fully load (timeout: 30s)
2025-09-20 21:20:32 [main] INFO  demoqaLog - ✅ Page load completed.
2025-09-20 21:20:32 [main] INFO  demoqaBase - Filling form for: Tom Boss
2025-09-20 21:20:32 [main] INFO  demoqaBase - Entering First Name...
2025-09-20 21:20:32 [main] INFO  demoqaBase - Entered First Name: Tom
🔹 Trying JS click on WebElement (attempt 1)
2025-09-20 21:20:32 [main] INFO  demoqaLog - 🔹 Trying JS click on WebElement (attempt 1)
🔹 Attempting JS click...
2025-09-20 21:20:32 [main] INFO  demoqaLog - 🔹 Attempting JS click...
Selected gender: Male
2025-09-20 21:20:33 [main] INFO  demoqaBase - 📅 Parsed DOB for Tom Boss: 2003-01-26
2025-09-20 21:20:33 [main] INFO  demoqaLog - ✅ JS click executed on element: {}
✅ Date selected: 26-01-2003
Selected Date is: '26 Jan 2003'
Expected Date is: '26 Jan 2003'
2025-09-20 21:20:33 [main] INFO  demoqaBase - Typed full subject: Social Studies
Typing subject: Social Studies
Dropdown Option: Social Studies
Selected: Social Studies
Selected hobby: sports
Selected hobby: reading
Uploaded photo: C:\ASN\eclipse_workspace\demoqa-automation//TestData/M2photo.jpg
514 Grant 481, Prattsville
 Arkansas 72129
 United States
2025-09-20 21:20:34 [main] INFO  demoqaBase - Entering Address...
2025-09-20 21:20:35 [main] INFO  demoqaBase - Entered Address...
2025-09-20 21:20:35 [main] INFO  demoqaBase - Selecting State: Rajasthan
Available state option: NCR
Available state option: Uttar Pradesh
Available state option: Haryana
Available state option: Rajasthan
2025-09-20 21:20:35 [main] INFO  demoqaBase - Selected State: Rajasthan
2025-09-20 21:20:35 [main] INFO  demoqaBase - Selecting City: Jaiselmer
Available city: Jaipur
Available city: Jaiselmer
2025-09-20 21:20:35 [main] INFO  demoqaBase - Selected City: Jaiselmer
2025-09-20 21:20:35 [main] INFO  demoqaBase - Submitting Form...
2025-09-20 21:20:36 [main] INFO  demoqaBase - Form Submitted via normal click...
2025-09-20 21:20:36 [main] INFO  ConfirmationTableParser - 📋 Parsed [First Name] = 'Tom', [Last Name] = 'Boss'
2025-09-20 21:20:36 [main] INFO  ConfirmationTableParser - 📋 Parsed [Email] = 'TBoss@demoqa.com'
2025-09-20 21:20:36 [main] INFO  ConfirmationTableParser - 📋 Parsed [Gender] = 'Male'
2025-09-20 21:20:36 [main] INFO  ConfirmationTableParser - 📋 Parsed [Mobile] = '7839875281'
2025-09-20 21:20:36 [main] INFO  ConfirmationTableParser - 📋 Parsed [DOB] = '26 January,2003'
2025-09-20 21:20:36 [main] INFO  ConfirmationTableParser - 📋 Parsed [Subject] = 'Social Studies'
2025-09-20 21:20:36 [main] INFO  ConfirmationTableParser - 📋 Parsed [Hobbies] = 'Sports, Reading'
2025-09-20 21:20:36 [main] INFO  ConfirmationTableParser - 📋 Parsed [Picture] = 'M2photo.jpg'
2025-09-20 21:20:36 [main] INFO  ConfirmationTableParser - 📋 Parsed [Address] = '514 Grant 481, Prattsville Arkansas 72129 United States'
2025-09-20 21:20:36 [main] INFO  ConfirmationTableParser - 📋 Parsed [State] = 'Rajasthan', [City] = 'Jaiselmer'
2025-09-20 21:20:36 [main] INFO  AssertFormData - 🔍 [Email] Raw expected='TBoss@demoqa.com', Raw actual='TBoss@demoqa.com'
2025-09-20 21:20:36 [main] INFO  AssertFormData - 🔧 [Email] Normalized expected='TBoss@demoqa.com', Normalized actual='TBoss@demoqa.com'
2025-09-20 21:20:36 [main] INFO  AssertFormData - ✅ [Email] matched: 'TBoss@demoqa.com'
2025-09-20 21:20:36 [main] INFO  AssertFormData - ⏩ Skipping optional field 'DOBTime' for context 'FORMS'
2025-09-20 21:20:36 [main] INFO  AssertFormData - 🔍 [Address] Raw expected='514 Grant 481, Prattsville\n Arkansas 72129\n United States', Raw actual='514 Grant 481, Prattsville Arkansas 72129 United States'
2025-09-20 21:20:36 [main] INFO  AssertFormData - 🔧 [Address] Normalized expected='514 Grant 481, Prattsville Arkansas 72129 United States', Normalized actual='514 Grant 481, Prattsville Arkansas 72129 United States'
2025-09-20 21:20:36 [main] INFO  AssertFormData - ✅ [Address] matched: '514 Grant 481, Prattsville Arkansas 72129 United States'
2025-09-20 21:20:36 [main] INFO  AssertFormData - 🔍 [First Name] Raw expected='Tom', Raw actual='Tom'
2025-09-20 21:20:36 [main] INFO  AssertFormData - 🔧 [First Name] Normalized expected='Tom', Normalized actual='Tom'
2025-09-20 21:20:36 [main] INFO  AssertFormData - ✅ [First Name] matched: 'Tom'
2025-09-20 21:20:36 [main] INFO  AssertFormData - 🔍 [Gender] Raw expected='Male', Raw actual='Male'
2025-09-20 21:20:36 [main] INFO  AssertFormData - 🔧 [Gender] Normalized expected='Male', Normalized actual='Male'
2025-09-20 21:20:36 [main] INFO  AssertFormData - ✅ [Gender] matched: 'Male'
2025-09-20 21:20:36 [main] INFO  AssertFormData - 🔍 [City] Raw expected='Jaiselmer', Raw actual='Jaiselmer'
2025-09-20 21:20:36 [main] INFO  AssertFormData - 🔧 [City] Normalized expected='Jaiselmer', Normalized actual='Jaiselmer'
2025-09-20 21:20:36 [main] INFO  AssertFormData - ✅ [City] matched: 'Jaiselmer'
2025-09-20 21:20:36 [main] INFO  AssertFormData - 🔍 [Mobile] Raw expected='7839875281', Raw actual='7839875281'
2025-09-20 21:20:36 [main] INFO  AssertFormData - 🔧 [Mobile] Normalized expected='7839875281', Normalized actual='7839875281'
2025-09-20 21:20:36 [main] INFO  AssertFormData - ✅ [Mobile] matched: '7839875281'
2025-09-20 21:20:36 [main] INFO  AssertFormData - 🔍 [Hobbies] Raw expected='Sports,Reading', Raw actual='Sports, Reading'
2025-09-20 21:20:36 [main] INFO  AssertFormData - 🔧 [Hobbies] Normalized expected='Sports,Reading', Normalized actual='Sports,Reading'
2025-09-20 21:20:36 [main] INFO  AssertFormData - ✅ [Hobbies] matched: 'Sports,Reading'
2025-09-20 21:20:36 [main] INFO  AssertFormData - 🔍 [Subject] Raw expected='Social Studies', Raw actual='Social Studies'
2025-09-20 21:20:36 [main] INFO  AssertFormData - 🔧 [Subject] Normalized expected='Social Studies', Normalized actual='Social Studies'
2025-09-20 21:20:36 [main] INFO  AssertFormData - ✅ [Subject] matched: 'Social Studies'
2025-09-20 21:20:36 [main] INFO  AssertFormData - 🔍 [DOB] Raw expected='26-01-2003', Raw actual='26 January,2003'
2025-09-20 21:20:36 [main] INFO  AssertFormData - 🔧 [DOB] Normalized expected='26-01-2003', Normalized actual='26-01-2003'
2025-09-20 21:20:36 [main] INFO  AssertFormData - ✅ [DOB] matched: '26-01-2003'
2025-09-20 21:20:36 [main] INFO  AssertFormData - 🔍 [Picture] Raw expected='M2photo.jpg', Raw actual='M2photo.jpg'
2025-09-20 21:20:36 [main] INFO  AssertFormData - 🔧 [Picture] Normalized expected='M2photo.jpg', Normalized actual='M2photo.jpg'
2025-09-20 21:20:36 [main] INFO  AssertFormData - ✅ [Picture] matched: 'M2photo.jpg'
2025-09-20 21:20:36 [main] INFO  AssertFormData - 🔍 [State] Raw expected='Rajasthan', Raw actual='Rajasthan'
2025-09-20 21:20:36 [main] INFO  AssertFormData - 🔧 [State] Normalized expected='Rajasthan', Normalized actual='Rajasthan'
2025-09-20 21:20:36 [main] INFO  AssertFormData - ✅ [State] matched: 'Rajasthan'
2025-09-20 21:20:36 [main] INFO  AssertFormData - 🔍 [Last Name] Raw expected='Boss', Raw actual='Boss'
2025-09-20 21:20:36 [main] INFO  AssertFormData - 🔧 [Last Name] Normalized expected='Boss', Normalized actual='Boss'
2025-09-20 21:20:36 [main] INFO  AssertFormData - ✅ [Last Name] matched: 'Boss'
2025-09-20 21:20:36 [main] INFO  demoqaBase - ✅ Form Filling Completed for: Tom Boss
]]></system-out>
  </testcase>
  <testcase name="accessWidgets" classname="tests.WidgetsTests" time="0.223">
    <system-out><![CDATA[Path for Screenshot is: C:\ASN\eclipse_workspace\demoqa-automation/screenshots/fillForm_Passed_20250920_212036+2025-09-20_21-20-36.png
2025-09-20 21:20:36 [main] INFO  demoqaBase - ✅ Test fillForm passed. Screenshot captured.
2025-09-20 21:20:36 [main] INFO  demoqaBase - Closing browser for test: fillForm
2025-09-20 21:20:37 [main] INFO  DriverFactory - 🌐 Starting Chrome Web Browser...
2025-09-20 21:20:37 [main] INFO  DriverFactory - ✅ Created temporary Chrome profile at C:\Users\dell\AppData\Local\Temp\chrome-profile-17407524322644108719
2025-09-20 21:20:38 [main] INFO  DriverFactory - 🚀 WebDriver started successfully
2025-09-20 21:20:38 [main] INFO  RetryUrlAccess - 🌐 Navigating to URL (attempt 1): https://demoqa.com
2025-09-20 21:20:40 [main] INFO  RetryUrlAccess - ✅ Navigation successful on attempt 1
2025-09-20 21:20:40 [main] INFO  demoqaBase - 🧪 Starting Test Widgets...
2025-09-20 21:20:40 [main] INFO  demoqaBase - Accessing Widgets Card...
Declared Instance WebDriverWait: org.openqa.selenium.support.ui.WebDriverWait@4282e4d2
2025-09-20 21:20:40 [main] INFO  demoqaLog - Clicking on Widgets Card...
🔹 Trying JS click by locator (attempt 1)
2025-09-20 21:20:40 [main] INFO  demoqaLog - 🔹 Trying JS click by locator (attempt 1)
🔹 Attempting JS click...
2025-09-20 21:20:40 [main] INFO  demoqaLog - 🔹 Attempting JS click...
2025-09-20 21:20:40 [main] INFO  demoqaLog - Clicked on Widgets Card...
Title of this Page is: DEMOQA
You are Accessing: Widgets
 
2025-09-20 21:20:40 [main] INFO  demoqaBase - Widgets: Please select an item from left to start practice.
2025-09-20 21:20:40 [main] INFO  demoqaBase - ✅ Widgets Test Completed...
]]></system-out>
  </testcase>
  <testcase name="Accordian" classname="tests.WidgetsTests" time="15.646">
    <system-out><![CDATA[2025-09-20 21:20:40 [main] INFO  demoqaBase - Closing browser for test: accessWidgets
2025-09-20 21:20:41 [main] INFO  DriverFactory - 🌐 Starting Chrome Web Browser...
2025-09-20 21:20:41 [main] INFO  DriverFactory - ✅ Created temporary Chrome profile at C:\Users\dell\AppData\Local\Temp\chrome-profile-12868938384543071255
2025-09-20 21:20:42 [main] INFO  DriverFactory - 🚀 WebDriver started successfully
2025-09-20 21:20:42 [main] INFO  RetryUrlAccess - 🌐 Navigating to URL (attempt 1): https://demoqa.com
2025-09-20 21:20:45 [main] INFO  RetryUrlAccess - ✅ Navigation successful on attempt 1
2025-09-20 21:20:45 [main] INFO  demoqaBase - 🧪 Starting Test Widgets|Accordian...
2025-09-20 21:20:45 [main] INFO  demoqaBase - Accessing Widgets Card...
Declared Instance WebDriverWait: org.openqa.selenium.support.ui.WebDriverWait@ec66601
2025-09-20 21:20:45 [main] INFO  demoqaLog - Clicking on Widgets Card...
🔹 Trying JS click by locator (attempt 1)
2025-09-20 21:20:45 [main] INFO  demoqaLog - 🔹 Trying JS click by locator (attempt 1)
🔹 Attempting JS click...
2025-09-20 21:20:45 [main] INFO  demoqaLog - 🔹 Attempting JS click...
2025-09-20 21:20:45 [main] INFO  demoqaLog - Clicked on Widgets Card...
Title of this Page is: DEMOQA
You are Accessing: Widgets
 
2025-09-20 21:20:45 [main] INFO  demoqaBase - Widgets: Please select an item from left to start practice.
2025-09-20 21:20:45 [main] INFO  demoqaLog - ⏳ Waiting for page to fully load (timeout: 15s)
2025-09-20 21:21:00 [main] WARN  demoqaLog - ⚠️ Page did not load within 15 seconds.
2025-09-20 21:21:00 [main] INFO  demoqaBase - Clicking on Widgets|Accordian...
You are now Accessing: Accordian
2025-09-20 21:21:00 [main] INFO  demoqaBase - You are now Accessing: Accordian
2025-09-20 21:21:00 [main] INFO  demoqaBase - ✅ Widgets|Accordian Test Completed...
]]></system-out>
  </testcase>
  <testcase name="AccessWhatis" classname="tests.WidgetsTests" time="15.857">
    <system-out><![CDATA[2025-09-20 21:21:00 [main] INFO  demoqaBase - Closing browser for test: Accordian
2025-09-20 21:21:01 [main] INFO  DriverFactory - 🌐 Starting Chrome Web Browser...
2025-09-20 21:21:01 [main] INFO  DriverFactory - ✅ Created temporary Chrome profile at C:\Users\dell\AppData\Local\Temp\chrome-profile-8479173865311698020
2025-09-20 21:21:02 [main] INFO  DriverFactory - 🚀 WebDriver started successfully
2025-09-20 21:21:02 [main] INFO  RetryUrlAccess - 🌐 Navigating to URL (attempt 1): https://demoqa.com
2025-09-20 21:21:05 [main] INFO  RetryUrlAccess - ✅ Navigation successful on attempt 1
2025-09-20 21:21:05 [main] INFO  demoqaBase - 🧪 Starting Test Widgets|Accordian|What is Lorem Ipsum?...
2025-09-20 21:21:05 [main] INFO  demoqaBase - Accessing Widgets Card...
Declared Instance WebDriverWait: org.openqa.selenium.support.ui.WebDriverWait@5b785d5c
2025-09-20 21:21:05 [main] INFO  demoqaLog - Clicking on Widgets Card...
🔹 Trying JS click by locator (attempt 1)
2025-09-20 21:21:05 [main] INFO  demoqaLog - 🔹 Trying JS click by locator (attempt 1)
🔹 Attempting JS click...
2025-09-20 21:21:05 [main] INFO  demoqaLog - 🔹 Attempting JS click...
2025-09-20 21:21:05 [main] INFO  demoqaLog - Clicked on Widgets Card...
Title of this Page is: DEMOQA
You are Accessing: Widgets
 
2025-09-20 21:21:05 [main] INFO  demoqaBase - Widgets: Please select an item from left to start practice.
2025-09-20 21:21:05 [main] INFO  demoqaBase - Clicking on Widgets|Accordian...
You are now Accessing: Accordian
2025-09-20 21:21:05 [main] INFO  demoqaBase - You are now Accessing: Accordian
2025-09-20 21:21:05 [main] INFO  demoqaLog - ⏳ Waiting for page to fully load (timeout: 15s)
2025-09-20 21:21:20 [main] WARN  demoqaLog - ⚠️ Page did not load within 15 seconds.
2025-09-20 21:21:20 [main] INFO  demoqaBase - Clicking on Widgets|Accordian|What is Lorem Ipsum?...
🔹 Trying JS click on WebElement (attempt 1)
2025-09-20 21:21:20 [main] INFO  demoqaLog - 🔹 Trying JS click on WebElement (attempt 1)
🔹 Attempting JS click...
2025-09-20 21:21:20 [main] INFO  demoqaLog - 🔹 Attempting JS click...
2025-09-20 21:21:20 [main] INFO  demoqaBase - Clicked on What is Lorem Ipsum...
What is Lorem Ipsum?: Lorem Ipsum is simply dummy text of the printing and typesetting industry. Lorem Ipsum has been the industry's standard dummy text ever since the 1500s, when an unknown printer took a galley of type and scrambled it to make a type specimen book. It has survived not only five centuries, but also the leap into electronic typesetting, remaining essentially unchanged. It was popularised in the 1960s with the release of Letraset sheets containing Lorem Ipsum passages, and more recently with desktop publishing software like Aldus PageMaker including versions of Lorem Ipsum.
2025-09-20 21:21:21 [main] INFO  demoqaBase - You are now Accessing: Lorem Ipsum is simply dummy text of the printing and typesetting industry. Lorem Ipsum has been the industry's standard dummy text ever since the 1500s, when an unknown printer took a galley of type and scrambled it to make a type specimen book. It has survived not only five centuries, but also the leap into electronic typesetting, remaining essentially unchanged. It was popularised in the 1960s with the release of Letraset sheets containing Lorem Ipsum passages, and more recently with desktop publishing software like Aldus PageMaker including versions of Lorem Ipsum.
2025-09-20 21:21:21 [main] INFO  demoqaBase - ✅ Widgets|Accordian|What is Lorem Ipsum? Test Completed...
]]></system-out>
  </testcase>
  <testcase name="AccessWhereDoes" classname="tests.WidgetsTests" time="16.251">
    <system-out><![CDATA[2025-09-20 21:21:21 [main] INFO  demoqaBase - Closing browser for test: AccessWhatis
2025-09-20 21:21:21 [main] INFO  DriverFactory - 🌐 Starting Chrome Web Browser...
2025-09-20 21:21:21 [main] INFO  DriverFactory - ✅ Created temporary Chrome profile at C:\Users\dell\AppData\Local\Temp\chrome-profile-8516789088961104352
2025-09-20 21:21:22 [main] INFO  DriverFactory - 🚀 WebDriver started successfully
2025-09-20 21:21:22 [main] INFO  RetryUrlAccess - 🌐 Navigating to URL (attempt 1): https://demoqa.com
2025-09-20 21:21:25 [main] INFO  RetryUrlAccess - ✅ Navigation successful on attempt 1
2025-09-20 21:21:25 [main] INFO  demoqaBase - 🧪 Starting Test Widgets|Accordian|Where does it come from?...
2025-09-20 21:21:25 [main] INFO  demoqaBase - Accessing Widgets Card...
Declared Instance WebDriverWait: org.openqa.selenium.support.ui.WebDriverWait@49269ed0
2025-09-20 21:21:25 [main] INFO  demoqaLog - Clicking on Widgets Card...
🔹 Trying JS click by locator (attempt 1)
2025-09-20 21:21:25 [main] INFO  demoqaLog - 🔹 Trying JS click by locator (attempt 1)
🔹 Attempting JS click...
2025-09-20 21:21:25 [main] INFO  demoqaLog - 🔹 Attempting JS click...
2025-09-20 21:21:25 [main] INFO  demoqaLog - Clicked on Widgets Card...
Title of this Page is: DEMOQA
You are Accessing: Widgets
 
2025-09-20 21:21:25 [main] INFO  demoqaBase - Widgets: Please select an item from left to start practice.
2025-09-20 21:21:25 [main] INFO  demoqaBase - Clicking on Widgets|Accordian...
You are now Accessing: Accordian
2025-09-20 21:21:25 [main] INFO  demoqaBase - You are now Accessing: Accordian
2025-09-20 21:21:25 [main] INFO  demoqaLog - ⏳ Waiting for page to fully load (timeout: 15s)
2025-09-20 21:21:41 [main] WARN  demoqaLog - ⚠️ Page did not load within 15 seconds.
2025-09-20 21:21:41 [main] INFO  demoqaBase - Clicking on Widgets|Accordian|Where does it come from?...
🔹 Trying JS click on WebElement (attempt 1)
2025-09-20 21:21:41 [main] INFO  demoqaLog - 🔹 Trying JS click on WebElement (attempt 1)
🔹 Attempting JS click...
2025-09-20 21:21:41 [main] INFO  demoqaLog - 🔹 Attempting JS click...
2025-09-20 21:21:41 [main] INFO  demoqaBase - Clicked on Where does it come from?...
2025-09-20 21:21:41 [main] INFO  demoqaBase - You are now Accessing: Contrary to popular belief, Lorem Ipsum is not simply random text. It has roots in a piece of classical Latin literature from 45 BC, making it over 2000 years old. Richard McClintock, a Latin professor at Hampden-Sydney College in Virginia, looked up one of the more obscure Latin words, consectetur, from a Lorem Ipsum passage, and going through the cites of the word in classical literature, discovered the undoubtable source. Lorem Ipsum comes from sections 1.10.32 and 1.10.33 of "de Finibus Bonorum et Malorum" (The Extremes of Good and Evil) by Cicero, written in 45 BC. This book is a treatise on the theory of ethics, very popular during the Renaissance. The first line of Lorem Ipsum, "Lorem ipsum dolor sit amet..", comes from a line in section 1.10.32.
Where does it come from?: Contrary to popular belief, Lorem Ipsum is not simply random text. It has roots in a piece of classical Latin literature from 45 BC, making it over 2000 years old. Richard McClintock, a Latin professor at Hampden-Sydney College in Virginia, looked up one of the more obscure Latin words, consectetur, from a Lorem Ipsum passage, and going through the cites of the word in classical literature, discovered the undoubtable source. Lorem Ipsum comes from sections 1.10.32 and 1.10.33 of "de Finibus Bonorum et Malorum" (The Extremes of Good and Evil) by Cicero, written in 45 BC. This book is a treatise on the theory of ethics, very popular during the Renaissance. The first line of Lorem Ipsum, "Lorem ipsum dolor sit amet..", comes from a line in section 1.10.32.
2025-09-20 21:21:41 [main] INFO  demoqaBase - ✅ Widgets|Accordian|Where does it come from? Test Completed...
]]></system-out>
  </testcase>
  <testcase name="AccessWhyDoWe" classname="tests.WidgetsTests" time="16.052">
    <system-out><![CDATA[2025-09-20 21:21:41 [main] INFO  demoqaBase - Closing browser for test: AccessWhereDoes
2025-09-20 21:21:42 [main] INFO  DriverFactory - 🌐 Starting Chrome Web Browser...
2025-09-20 21:21:42 [main] INFO  DriverFactory - ✅ Created temporary Chrome profile at C:\Users\dell\AppData\Local\Temp\chrome-profile-10375724078325817761
2025-09-20 21:21:43 [main] INFO  DriverFactory - 🚀 WebDriver started successfully
2025-09-20 21:21:43 [main] INFO  RetryUrlAccess - 🌐 Navigating to URL (attempt 1): https://demoqa.com
2025-09-20 21:21:45 [main] INFO  RetryUrlAccess - ✅ Navigation successful on attempt 1
2025-09-20 21:21:45 [main] INFO  demoqaBase - 🧪 Starting Test Widgets|Accordian|Why do we use it?...
2025-09-20 21:21:45 [main] INFO  demoqaBase - Accessing Widgets Card...
Declared Instance WebDriverWait: org.openqa.selenium.support.ui.WebDriverWait@1129bd18
2025-09-20 21:21:45 [main] INFO  demoqaLog - Clicking on Widgets Card...
🔹 Trying JS click by locator (attempt 1)
2025-09-20 21:21:46 [main] INFO  demoqaLog - 🔹 Trying JS click by locator (attempt 1)
🔹 Attempting JS click...
2025-09-20 21:21:46 [main] INFO  demoqaLog - 🔹 Attempting JS click...
2025-09-20 21:21:46 [main] INFO  demoqaLog - Clicked on Widgets Card...
Title of this Page is: DEMOQA
You are Accessing: Widgets
 
2025-09-20 21:21:46 [main] INFO  demoqaBase - Widgets: Please select an item from left to start practice.
2025-09-20 21:21:46 [main] INFO  demoqaBase - Clicking on Widgets|Accordian...
You are now Accessing: Accordian
2025-09-20 21:21:46 [main] INFO  demoqaBase - You are now Accessing: Accordian
2025-09-20 21:21:46 [main] INFO  demoqaLog - ⏳ Waiting for page to fully load (timeout: 15s)
2025-09-20 21:22:01 [main] WARN  demoqaLog - ⚠️ Page did not load within 15 seconds.
2025-09-20 21:22:01 [main] INFO  demoqaBase - Clicking on Widgets|Accordian|Why do we use it?...
🔹 Trying JS click on WebElement (attempt 1)
2025-09-20 21:22:01 [main] INFO  demoqaLog - 🔹 Trying JS click on WebElement (attempt 1)
🔹 Attempting JS click...
2025-09-20 21:22:01 [main] INFO  demoqaLog - 🔹 Attempting JS click...
2025-09-20 21:22:01 [main] INFO  demoqaBase - Clicked on Why do we use it?...
Why do we use it?: It is a long established fact that a reader will be distracted by the readable content of a page when looking at its layout. The point of using Lorem Ipsum is that it has a more-or-less normal distribution of letters, as opposed to using 'Content here, content here', making it look like readable English. Many desktop publishing packages and web page editors now use Lorem Ipsum as their default model text, and a search for 'lorem ipsum' will uncover many web sites still in their infancy. Various versions have evolved over the years, sometimes by accident, sometimes on purpose (injected humour and the like).
2025-09-20 21:22:01 [main] INFO  demoqaBase - You are now Accessing: It is a long established fact that a reader will be distracted by the readable content of a page when looking at its layout. The point of using Lorem Ipsum is that it has a more-or-less normal distribution of letters, as opposed to using 'Content here, content here', making it look like readable English. Many desktop publishing packages and web page editors now use Lorem Ipsum as their default model text, and a search for 'lorem ipsum' will uncover many web sites still in their infancy. Various versions have evolved over the years, sometimes by accident, sometimes on purpose (injected humour and the like).
2025-09-20 21:22:01 [main] INFO  demoqaBase - ✅ Widgets|Accordian|Why do we use it? Test Completed...
]]></system-out>
  </testcase>
  <testcase name="AutoComplete" classname="tests.WidgetsTests" time="0.447">
    <system-out><![CDATA[2025-09-20 21:22:01 [main] INFO  demoqaBase - Closing browser for test: AccessWhyDoWe
2025-09-20 21:22:02 [main] INFO  DriverFactory - 🌐 Starting Chrome Web Browser...
2025-09-20 21:22:02 [main] INFO  DriverFactory - ✅ Created temporary Chrome profile at C:\Users\dell\AppData\Local\Temp\chrome-profile-6377171045515097793
2025-09-20 21:22:03 [main] INFO  DriverFactory - 🚀 WebDriver started successfully
2025-09-20 21:22:03 [main] INFO  RetryUrlAccess - 🌐 Navigating to URL (attempt 1): https://demoqa.com
2025-09-20 21:22:06 [main] INFO  RetryUrlAccess - ✅ Navigation successful on attempt 1
2025-09-20 21:22:06 [main] INFO  demoqaBase - 🧪 Starting Test Widgets|Auto Complete...
2025-09-20 21:22:06 [main] INFO  demoqaBase - Accessing Widgets Card...
Declared Instance WebDriverWait: org.openqa.selenium.support.ui.WebDriverWait@78b9ccff
2025-09-20 21:22:06 [main] INFO  demoqaLog - Clicking on Widgets Card...
🔹 Trying JS click by locator (attempt 1)
2025-09-20 21:22:06 [main] INFO  demoqaLog - 🔹 Trying JS click by locator (attempt 1)
🔹 Attempting JS click...
2025-09-20 21:22:06 [main] INFO  demoqaLog - 🔹 Attempting JS click...
2025-09-20 21:22:06 [main] INFO  demoqaLog - Clicked on Widgets Card...
Title of this Page is: DEMOQA
You are Accessing: Widgets
 
2025-09-20 21:22:06 [main] INFO  demoqaBase - Widgets: Please select an item from left to start practice.
2025-09-20 21:22:06 [main] INFO  demoqaBase - Clicking on Widgets|AutoComplete...
You are now Accessing: Auto Complete
2025-09-20 21:22:07 [main] INFO  demoqaBase - You are now Accessing: Auto Complete
2025-09-20 21:22:07 [main] INFO  demoqaBase - ✅ Widgets|Auto Complete Test Completed...
]]></system-out>
  </testcase>
  <testcase name="AutoCompleteSearch[ColorSelectionData{searchFor=&apos;A&apos;, expectedColors=[Black, Magenta, Aqua]}](1)" classname="tests.WidgetsTests" time="31.493">
    <system-out><![CDATA[2025-09-20 21:22:07 [main] INFO  demoqaBase - Closing browser for test: AutoComplete
🧾 Row 1: {SearchFor=A, ExpectedColors=Black,Magenta,Aqua}
🔍 Mapping field: searchFor | Excel Column: SearchFor | Value: A
🔍 Mapping field: expectedColorsRaw | Excel Column: ExpectedColors | Value: Black,Magenta,Aqua
🧾 Row 2: {SearchFor=B, ExpectedColors=Blue,Black}
🔍 Mapping field: searchFor | Excel Column: SearchFor | Value: B
🔍 Mapping field: expectedColorsRaw | Excel Column: ExpectedColors | Value: Blue,Black
🧾 Row 3: {SearchFor=C, ExpectedColors=Black}
🔍 Mapping field: searchFor | Excel Column: SearchFor | Value: C
🔍 Mapping field: expectedColorsRaw | Excel Column: ExpectedColors | Value: Black
🧾 Row 4: {SearchFor=D, ExpectedColors=Red,Indigo}
🔍 Mapping field: searchFor | Excel Column: SearchFor | Value: D
🔍 Mapping field: expectedColorsRaw | Excel Column: ExpectedColors | Value: Red,Indigo
🧾 Row 5: {SearchFor=E, ExpectedColors=Red,Blue,Green,Yellow,Purple,White,Voilet,Magenta}
🔍 Mapping field: searchFor | Excel Column: SearchFor | Value: E
🔍 Mapping field: expectedColorsRaw | Excel Column: ExpectedColors | Value: Red,Blue,Green,Yellow,Purple,White,Voilet,Magenta
🧾 Row 6: {SearchFor=G, ExpectedColors=Green,Indigo,Magenta}
🔍 Mapping field: searchFor | Excel Column: SearchFor | Value: G
🔍 Mapping field: expectedColorsRaw | Excel Column: ExpectedColors | Value: Green,Indigo,Magenta
🧾 Row 7: {SearchFor=H, ExpectedColors=White}
🔍 Mapping field: searchFor | Excel Column: SearchFor | Value: H
🔍 Mapping field: expectedColorsRaw | Excel Column: ExpectedColors | Value: White
🧾 Row 8: {SearchFor=I, ExpectedColors=White,Voilet,Indigo}
🔍 Mapping field: searchFor | Excel Column: SearchFor | Value: I
🔍 Mapping field: expectedColorsRaw | Excel Column: ExpectedColors | Value: White,Voilet,Indigo
🧾 Row 9: {SearchFor=K, ExpectedColors=Black}
🔍 Mapping field: searchFor | Excel Column: SearchFor | Value: K
🔍 Mapping field: expectedColorsRaw | Excel Column: ExpectedColors | Value: Black
🧾 Row 10: {SearchFor=L, ExpectedColors=Blue,Yellow,Purple,Black,Voilet}
🔍 Mapping field: searchFor | Excel Column: SearchFor | Value: L
🔍 Mapping field: expectedColorsRaw | Excel Column: ExpectedColors | Value: Blue,Yellow,Purple,Black,Voilet
🧾 Row 11: {SearchFor=M, ExpectedColors=Magenta}
🔍 Mapping field: searchFor | Excel Column: SearchFor | Value: M
🔍 Mapping field: expectedColorsRaw | Excel Column: ExpectedColors | Value: Magenta
🧾 Row 12: {SearchFor=N, ExpectedColors=Green,Indigo,Magenta}
🔍 Mapping field: searchFor | Excel Column: SearchFor | Value: N
🔍 Mapping field: expectedColorsRaw | Excel Column: ExpectedColors | Value: Green,Indigo,Magenta
🧾 Row 13: {SearchFor=O, ExpectedColors=Yellow,Voilet,Indigo}
🔍 Mapping field: searchFor | Excel Column: SearchFor | Value: O
🔍 Mapping field: expectedColorsRaw | Excel Column: ExpectedColors | Value: Yellow,Voilet,Indigo
🧾 Row 14: {SearchFor=P, ExpectedColors=Purple}
🔍 Mapping field: searchFor | Excel Column: SearchFor | Value: P
🔍 Mapping field: expectedColorsRaw | Excel Column: ExpectedColors | Value: Purple
🧾 Row 15: {SearchFor=Q, ExpectedColors=Aqua}
🔍 Mapping field: searchFor | Excel Column: SearchFor | Value: Q
🔍 Mapping field: expectedColorsRaw | Excel Column: ExpectedColors | Value: Aqua
🧾 Row 16: {SearchFor=R, ExpectedColors=Red,Green,Purple}
🔍 Mapping field: searchFor | Excel Column: SearchFor | Value: R
🔍 Mapping field: expectedColorsRaw | Excel Column: ExpectedColors | Value: Red,Green,Purple
🧾 Row 17: {SearchFor=T, ExpectedColors=White,Voilet,Magenta}
🔍 Mapping field: searchFor | Excel Column: SearchFor | Value: T
🔍 Mapping field: expectedColorsRaw | Excel Column: ExpectedColors | Value: White,Voilet,Magenta
🧾 Row 18: {SearchFor=U, ExpectedColors=Blue,Purple,Aqua}
🔍 Mapping field: searchFor | Excel Column: SearchFor | Value: U
🔍 Mapping field: expectedColorsRaw | Excel Column: ExpectedColors | Value: Blue,Purple,Aqua
🧾 Row 19: {SearchFor=V, ExpectedColors=Voilet}
🔍 Mapping field: searchFor | Excel Column: SearchFor | Value: V
🔍 Mapping field: expectedColorsRaw | Excel Column: ExpectedColors | Value: Voilet
🧾 Row 20: {SearchFor=W, ExpectedColors=Yellow,White}
🔍 Mapping field: searchFor | Excel Column: SearchFor | Value: W
🔍 Mapping field: expectedColorsRaw | Excel Column: ExpectedColors | Value: Yellow,White
🧾 Row 21: {SearchFor=Y, ExpectedColors=Yellow}
🔍 Mapping field: searchFor | Excel Column: SearchFor | Value: Y
🔍 Mapping field: expectedColorsRaw | Excel Column: ExpectedColors | Value: Yellow
2025-09-20 21:22:07 [main] INFO  DriverFactory - 🌐 Starting Chrome Web Browser...
2025-09-20 21:22:07 [main] INFO  DriverFactory - ✅ Created temporary Chrome profile at C:\Users\dell\AppData\Local\Temp\chrome-profile-8324768264792267253
2025-09-20 21:22:08 [main] INFO  DriverFactory - 🚀 WebDriver started successfully
2025-09-20 21:22:08 [main] INFO  RetryUrlAccess - 🌐 Navigating to URL (attempt 1): https://demoqa.com
2025-09-20 21:22:10 [main] INFO  RetryUrlAccess - ✅ Navigation successful on attempt 1
2025-09-20 21:22:10 [main] INFO  demoqaBase - 🧪 Starting Test Widgets|Auto Complete...
2025-09-20 21:22:10 [main] INFO  demoqaBase - Accessing Widgets Card...
Declared Instance WebDriverWait: org.openqa.selenium.support.ui.WebDriverWait@5c44f610
2025-09-20 21:22:10 [main] INFO  demoqaLog - Clicking on Widgets Card...
🔹 Trying JS click by locator (attempt 1)
2025-09-20 21:22:11 [main] INFO  demoqaLog - 🔹 Trying JS click by locator (attempt 1)
🔹 Attempting JS click...
2025-09-20 21:22:11 [main] INFO  demoqaLog - 🔹 Attempting JS click...
2025-09-20 21:22:11 [main] INFO  demoqaLog - Clicked on Widgets Card...
Title of this Page is: DEMOQA
You are Accessing: Widgets
 
2025-09-20 21:22:11 [main] INFO  demoqaBase - Widgets: Please select an item from left to start practice.
2025-09-20 21:22:11 [main] INFO  demoqaBase - Clicking on Widgets|AutoComplete...
You are now Accessing: Auto Complete
2025-09-20 21:22:11 [main] INFO  demoqaBase - You are now Accessing: Auto Complete
Searching Colors using: A
Expected Color to be selected is/are: [Black, Magenta, Aqua]
2025-09-20 21:22:11 [main] INFO  demoqaBase - 🔍 Running test for search character: A
2025-09-20 21:22:11 [main] INFO  demoqaLog - ⏳ Waiting for page to fully load (timeout: 30s)
2025-09-20 21:22:41 [main] WARN  demoqaLog - ⚠️ Page did not load within 30 seconds.
2025-09-20 21:22:41 [main] INFO  demoqaBase - Clicking on Widgets | Auto Complete | Type multiple color names...
Searching Colors using: A
Expected Color to be selected is/are: [Black, Magenta, Aqua]
2025-09-20 21:22:41 [main] INFO  demoqaBase - You are now Accessing: Auto Complete
2025-09-20 21:22:41 [main] INFO  demoqaBase - Available Color: Black
🔹 Trying JS click on WebElement (attempt 1)
2025-09-20 21:22:41 [main] INFO  demoqaLog - 🔹 Trying JS click on WebElement (attempt 1)
🔹 Attempting JS click...
2025-09-20 21:22:41 [main] INFO  demoqaLog - 🔹 Attempting JS click...
2025-09-20 21:22:41 [main] INFO  demoqaBase - ✅ Selected Color: Black
2025-09-20 21:22:42 [main] INFO  demoqaBase - Available Color: Magenta
🔹 Trying JS click on WebElement (attempt 1)
2025-09-20 21:22:42 [main] INFO  demoqaLog - 🔹 Trying JS click on WebElement (attempt 1)
🔹 Attempting JS click...
2025-09-20 21:22:42 [main] INFO  demoqaLog - 🔹 Attempting JS click...
2025-09-20 21:22:42 [main] INFO  demoqaBase - ✅ Selected Color: Magenta
2025-09-20 21:22:42 [main] INFO  demoqaBase - Available Color: Aqua
🔹 Trying JS click on WebElement (attempt 1)
2025-09-20 21:22:42 [main] INFO  demoqaLog - 🔹 Trying JS click on WebElement (attempt 1)
🔹 Attempting JS click...
2025-09-20 21:22:42 [main] INFO  demoqaLog - 🔹 Attempting JS click...
2025-09-20 21:22:42 [main] INFO  demoqaBase - ✅ Selected Color: Aqua
2025-09-20 21:22:42 [main] INFO  demoqaBase - 🎯 Final selected colors: [Black, Magenta, Aqua]
2025-09-20 21:22:42 [main] INFO  demoqaBase - ✅ Widgets|Auto Complete Test Completed...
]]></system-out>
  </testcase>
  <testcase name="AutoCompleteSearch[ColorSelectionData{searchFor=&apos;B&apos;, expectedColors=[Blue, Black]}](2)" classname="tests.WidgetsTests" time="31.398">
    <system-out><![CDATA[2025-09-20 21:22:42 [main] INFO  demoqaBase - Closing browser for test: AutoCompleteSearch
2025-09-20 21:22:42 [main] WARN  PauseManager - ⏸ Pausing for 5 minutes after 100 tests...
2025-09-20 21:22:42 [main] INFO  PauseManager - ▶ Resuming in 5 minutes...
2025-09-20 21:23:43 [main] INFO  PauseManager - ▶ Resuming in 4 minutes...
2025-09-20 21:24:43 [main] INFO  PauseManager - ▶ Resuming in 3 minutes...
2025-09-20 21:25:44 [main] INFO  PauseManager - ▶ Resuming in 2 minutes...
2025-09-20 21:26:44 [main] INFO  PauseManager - ▶ Resuming in 1 minutes...
2025-09-20 21:27:35 [main] INFO  PauseManager - ▶ Resuming in 10 seconds...
2025-09-20 21:27:36 [main] INFO  PauseManager - ▶ Resuming in 9 seconds...
2025-09-20 21:27:37 [main] INFO  PauseManager - ▶ Resuming in 8 seconds...
2025-09-20 21:27:38 [main] INFO  PauseManager - ▶ Resuming in 7 seconds...
2025-09-20 21:27:39 [main] INFO  PauseManager - ▶ Resuming in 6 seconds...
2025-09-20 21:27:40 [main] INFO  PauseManager - ▶ Resuming in 5 seconds...
2025-09-20 21:27:41 [main] INFO  PauseManager - ▶ Resuming in 4 seconds...
2025-09-20 21:27:42 [main] INFO  PauseManager - ▶ Resuming in 3 seconds...
2025-09-20 21:27:43 [main] INFO  PauseManager - ▶ Resuming in 2 seconds...
2025-09-20 21:27:44 [main] INFO  PauseManager - ▶ Resuming in 1 seconds...
2025-09-20 21:27:45 [main] INFO  PauseManager - ✅ Pause complete. Resuming tests...
2025-09-20 21:27:45 [main] INFO  DriverFactory - 🌐 Starting Chrome Web Browser...
2025-09-20 21:27:45 [main] INFO  DriverFactory - ✅ Created temporary Chrome profile at C:\Users\dell\AppData\Local\Temp\chrome-profile-9328739090018156426
2025-09-20 21:27:46 [main] INFO  DriverFactory - 🚀 WebDriver started successfully
2025-09-20 21:27:46 [main] INFO  RetryUrlAccess - 🌐 Navigating to URL (attempt 1): https://demoqa.com
2025-09-20 21:27:49 [main] INFO  RetryUrlAccess - ✅ Navigation successful on attempt 1
2025-09-20 21:27:49 [main] INFO  demoqaBase - 🧪 Starting Test Widgets|Auto Complete...
2025-09-20 21:27:49 [main] INFO  demoqaBase - Accessing Widgets Card...
Declared Instance WebDriverWait: org.openqa.selenium.support.ui.WebDriverWait@475ef4da
2025-09-20 21:27:49 [main] INFO  demoqaLog - Clicking on Widgets Card...
🔹 Trying JS click by locator (attempt 1)
2025-09-20 21:27:49 [main] INFO  demoqaLog - 🔹 Trying JS click by locator (attempt 1)
🔹 Attempting JS click...
2025-09-20 21:27:49 [main] INFO  demoqaLog - 🔹 Attempting JS click...
2025-09-20 21:27:49 [main] INFO  demoqaLog - Clicked on Widgets Card...
Title of this Page is: DEMOQA
You are Accessing: Widgets
 
2025-09-20 21:27:49 [main] INFO  demoqaBase - Widgets: Please select an item from left to start practice.
2025-09-20 21:27:49 [main] INFO  demoqaBase - Clicking on Widgets|AutoComplete...
You are now Accessing: Auto Complete
2025-09-20 21:27:49 [main] INFO  demoqaBase - You are now Accessing: Auto Complete
Searching Colors using: B
Expected Color to be selected is/are: [Blue, Black]
2025-09-20 21:27:49 [main] INFO  demoqaBase - 🔍 Running test for search character: B
2025-09-20 21:27:49 [main] INFO  demoqaLog - ⏳ Waiting for page to fully load (timeout: 30s)
2025-09-20 21:28:19 [main] WARN  demoqaLog - ⚠️ Page did not load within 30 seconds.
2025-09-20 21:28:19 [main] INFO  demoqaBase - Clicking on Widgets | Auto Complete | Type multiple color names...
Searching Colors using: B
Expected Color to be selected is/are: [Blue, Black]
2025-09-20 21:28:19 [main] INFO  demoqaBase - You are now Accessing: Auto Complete
2025-09-20 21:28:20 [main] INFO  demoqaBase - Available Color: Blue
🔹 Trying JS click on WebElement (attempt 1)
2025-09-20 21:28:20 [main] INFO  demoqaLog - 🔹 Trying JS click on WebElement (attempt 1)
🔹 Attempting JS click...
2025-09-20 21:28:20 [main] INFO  demoqaLog - 🔹 Attempting JS click...
2025-09-20 21:28:20 [main] INFO  demoqaBase - ✅ Selected Color: Blue
2025-09-20 21:28:20 [main] INFO  demoqaBase - Available Color: Black
🔹 Trying JS click on WebElement (attempt 1)
2025-09-20 21:28:20 [main] INFO  demoqaLog - 🔹 Trying JS click on WebElement (attempt 1)
🔹 Attempting JS click...
2025-09-20 21:28:20 [main] INFO  demoqaLog - 🔹 Attempting JS click...
2025-09-20 21:28:20 [main] INFO  demoqaBase - ✅ Selected Color: Black
2025-09-20 21:28:20 [main] INFO  demoqaBase - 🎯 Final selected colors: [Blue, Black]
2025-09-20 21:28:20 [main] INFO  demoqaBase - ✅ Widgets|Auto Complete Test Completed...
]]></system-out>
  </testcase>
  <testcase name="AutoCompleteSearch[ColorSelectionData{searchFor=&apos;C&apos;, expectedColors=[Black]}](3)" classname="tests.WidgetsTests" time="30.986">
    <system-out><![CDATA[2025-09-20 21:28:20 [main] INFO  demoqaBase - Closing browser for test: AutoCompleteSearch
2025-09-20 21:28:20 [main] INFO  DriverFactory - 🌐 Starting Chrome Web Browser...
2025-09-20 21:28:20 [main] INFO  DriverFactory - ✅ Created temporary Chrome profile at C:\Users\dell\AppData\Local\Temp\chrome-profile-18382557565204640430
2025-09-20 21:28:22 [main] INFO  DriverFactory - 🚀 WebDriver started successfully
2025-09-20 21:28:22 [main] INFO  RetryUrlAccess - 🌐 Navigating to URL (attempt 1): https://demoqa.com
2025-09-20 21:28:24 [main] INFO  RetryUrlAccess - ✅ Navigation successful on attempt 1
2025-09-20 21:28:24 [main] INFO  demoqaBase - 🧪 Starting Test Widgets|Auto Complete...
2025-09-20 21:28:24 [main] INFO  demoqaBase - Accessing Widgets Card...
Declared Instance WebDriverWait: org.openqa.selenium.support.ui.WebDriverWait@2acad7a3
2025-09-20 21:28:24 [main] INFO  demoqaLog - Clicking on Widgets Card...
🔹 Trying JS click by locator (attempt 1)
2025-09-20 21:28:24 [main] INFO  demoqaLog - 🔹 Trying JS click by locator (attempt 1)
🔹 Attempting JS click...
2025-09-20 21:28:24 [main] INFO  demoqaLog - 🔹 Attempting JS click...
2025-09-20 21:28:25 [main] INFO  demoqaLog - Clicked on Widgets Card...
Title of this Page is: DEMOQA
You are Accessing: Widgets
 
2025-09-20 21:28:25 [main] INFO  demoqaBase - Widgets: Please select an item from left to start practice.
2025-09-20 21:28:25 [main] INFO  demoqaBase - Clicking on Widgets|AutoComplete...
You are now Accessing: Auto Complete
2025-09-20 21:28:25 [main] INFO  demoqaBase - You are now Accessing: Auto Complete
Searching Colors using: C
Expected Color to be selected is/are: [Black]
2025-09-20 21:28:25 [main] INFO  demoqaBase - 🔍 Running test for search character: C
2025-09-20 21:28:25 [main] INFO  demoqaLog - ⏳ Waiting for page to fully load (timeout: 30s)
2025-09-20 21:28:55 [main] WARN  demoqaLog - ⚠️ Page did not load within 30 seconds.
2025-09-20 21:28:55 [main] INFO  demoqaBase - Clicking on Widgets | Auto Complete | Type multiple color names...
Searching Colors using: C
Expected Color to be selected is/are: [Black]
2025-09-20 21:28:55 [main] INFO  demoqaBase - You are now Accessing: Auto Complete
2025-09-20 21:28:55 [main] INFO  demoqaBase - Available Color: Black
🔹 Trying JS click on WebElement (attempt 1)
2025-09-20 21:28:55 [main] INFO  demoqaLog - 🔹 Trying JS click on WebElement (attempt 1)
🔹 Attempting JS click...
2025-09-20 21:28:55 [main] INFO  demoqaLog - 🔹 Attempting JS click...
2025-09-20 21:28:55 [main] INFO  demoqaBase - ✅ Selected Color: Black
2025-09-20 21:28:55 [main] INFO  demoqaBase - 🎯 Final selected colors: [Black]
2025-09-20 21:28:55 [main] INFO  demoqaBase - ✅ Widgets|Auto Complete Test Completed...
]]></system-out>
  </testcase>
  <testcase name="AutoCompleteSearch[ColorSelectionData{searchFor=&apos;D&apos;, expectedColors=[Red, Indigo]}](4)" classname="tests.WidgetsTests" time="20.673">
    <system-out><![CDATA[2025-09-20 21:28:55 [main] INFO  demoqaBase - Closing browser for test: AutoCompleteSearch
2025-09-20 21:28:56 [main] INFO  DriverFactory - 🌐 Starting Chrome Web Browser...
2025-09-20 21:28:56 [main] INFO  DriverFactory - ✅ Created temporary Chrome profile at C:\Users\dell\AppData\Local\Temp\chrome-profile-10337190865170973480
2025-09-20 21:28:57 [main] INFO  DriverFactory - 🚀 WebDriver started successfully
2025-09-20 21:28:57 [main] INFO  RetryUrlAccess - 🌐 Navigating to URL (attempt 1): https://demoqa.com
2025-09-20 21:29:00 [main] INFO  RetryUrlAccess - ✅ Navigation successful on attempt 1
2025-09-20 21:29:00 [main] INFO  demoqaBase - 🧪 Starting Test Widgets|Auto Complete...
2025-09-20 21:29:00 [main] INFO  demoqaBase - Accessing Widgets Card...
Declared Instance WebDriverWait: org.openqa.selenium.support.ui.WebDriverWait@5b5daf4d
2025-09-20 21:29:00 [main] INFO  demoqaLog - Clicking on Widgets Card...
🔹 Trying JS click by locator (attempt 1)
2025-09-20 21:29:00 [main] INFO  demoqaLog - 🔹 Trying JS click by locator (attempt 1)
🔹 Attempting JS click...
2025-09-20 21:29:00 [main] INFO  demoqaLog - 🔹 Attempting JS click...
2025-09-20 21:29:00 [main] INFO  demoqaLog - Clicked on Widgets Card...
Title of this Page is: DEMOQA
You are Accessing: Widgets
 
2025-09-20 21:29:00 [main] INFO  demoqaBase - Widgets: Please select an item from left to start practice.
2025-09-20 21:29:00 [main] INFO  demoqaBase - Clicking on Widgets|AutoComplete...
You are now Accessing: Auto Complete
2025-09-20 21:29:00 [main] INFO  demoqaBase - You are now Accessing: Auto Complete
Searching Colors using: D
Expected Color to be selected is/are: [Red, Indigo]
2025-09-20 21:29:00 [main] INFO  demoqaBase - 🔍 Running test for search character: D
2025-09-20 21:29:00 [main] INFO  demoqaLog - ⏳ Waiting for page to fully load (timeout: 30s)
2025-09-20 21:29:20 [main] INFO  demoqaLog - ✅ Page load completed.
2025-09-20 21:29:20 [main] INFO  demoqaBase - Clicking on Widgets | Auto Complete | Type multiple color names...
Searching Colors using: D
Expected Color to be selected is/are: [Red, Indigo]
2025-09-20 21:29:20 [main] INFO  demoqaBase - You are now Accessing: Auto Complete
2025-09-20 21:29:20 [main] INFO  demoqaBase - Available Color: Red
🔹 Trying JS click on WebElement (attempt 1)
2025-09-20 21:29:20 [main] INFO  demoqaLog - 🔹 Trying JS click on WebElement (attempt 1)
🔹 Attempting JS click...
2025-09-20 21:29:20 [main] INFO  demoqaLog - 🔹 Attempting JS click...
2025-09-20 21:29:20 [main] INFO  demoqaBase - ✅ Selected Color: Red
2025-09-20 21:29:20 [main] INFO  demoqaBase - Available Color: Indigo
🔹 Trying JS click on WebElement (attempt 1)
2025-09-20 21:29:20 [main] INFO  demoqaLog - 🔹 Trying JS click on WebElement (attempt 1)
🔹 Attempting JS click...
2025-09-20 21:29:20 [main] INFO  demoqaLog - 🔹 Attempting JS click...
2025-09-20 21:29:20 [main] INFO  demoqaBase - ✅ Selected Color: Indigo
2025-09-20 21:29:20 [main] INFO  demoqaBase - 🎯 Final selected colors: [Red, Indigo]
2025-09-20 21:29:20 [main] INFO  demoqaBase - ✅ Widgets|Auto Complete Test Completed...
]]></system-out>
  </testcase>
  <testcase name="AutoCompleteSearch[ColorSelectionData{searchFor=&apos;E&apos;, expectedColors=[Red, Blue, Green, Yellow, Purple, White, Voilet, Magenta]}](5)" classname="tests.WidgetsTests" time="33.66">
    <system-out><![CDATA[2025-09-20 21:29:20 [main] INFO  demoqaBase - Closing browser for test: AutoCompleteSearch
2025-09-20 21:29:21 [main] INFO  DriverFactory - 🌐 Starting Chrome Web Browser...
2025-09-20 21:29:21 [main] INFO  DriverFactory - ✅ Created temporary Chrome profile at C:\Users\dell\AppData\Local\Temp\chrome-profile-8632429963104132803
2025-09-20 21:29:22 [main] INFO  DriverFactory - 🚀 WebDriver started successfully
2025-09-20 21:29:22 [main] INFO  RetryUrlAccess - 🌐 Navigating to URL (attempt 1): https://demoqa.com
2025-09-20 21:29:25 [main] INFO  RetryUrlAccess - ✅ Navigation successful on attempt 1
2025-09-20 21:29:25 [main] INFO  demoqaBase - 🧪 Starting Test Widgets|Auto Complete...
2025-09-20 21:29:25 [main] INFO  demoqaBase - Accessing Widgets Card...
Declared Instance WebDriverWait: org.openqa.selenium.support.ui.WebDriverWait@340b2910
2025-09-20 21:29:25 [main] INFO  demoqaLog - Clicking on Widgets Card...
🔹 Trying JS click by locator (attempt 1)
2025-09-20 21:29:25 [main] INFO  demoqaLog - 🔹 Trying JS click by locator (attempt 1)
🔹 Attempting JS click...
2025-09-20 21:29:25 [main] INFO  demoqaLog - 🔹 Attempting JS click...
2025-09-20 21:29:25 [main] INFO  demoqaLog - Clicked on Widgets Card...
Title of this Page is: DEMOQA
You are Accessing: Widgets
 
2025-09-20 21:29:25 [main] INFO  demoqaBase - Widgets: Please select an item from left to start practice.
2025-09-20 21:29:25 [main] INFO  demoqaBase - Clicking on Widgets|AutoComplete...
You are now Accessing: Auto Complete
2025-09-20 21:29:25 [main] INFO  demoqaBase - You are now Accessing: Auto Complete
Searching Colors using: E
Expected Color to be selected is/are: [Red, Blue, Green, Yellow, Purple, White, Voilet, Magenta]
2025-09-20 21:29:25 [main] INFO  demoqaBase - 🔍 Running test for search character: E
2025-09-20 21:29:25 [main] INFO  demoqaLog - ⏳ Waiting for page to fully load (timeout: 30s)
2025-09-20 21:29:55 [main] WARN  demoqaLog - ⚠️ Page did not load within 30 seconds.
2025-09-20 21:29:55 [main] INFO  demoqaBase - Clicking on Widgets | Auto Complete | Type multiple color names...
Searching Colors using: E
Expected Color to be selected is/are: [Red, Blue, Green, Yellow, Purple, White, Voilet, Magenta]
2025-09-20 21:29:55 [main] INFO  demoqaBase - You are now Accessing: Auto Complete
2025-09-20 21:29:56 [main] INFO  demoqaBase - Available Color: Red
🔹 Trying JS click on WebElement (attempt 1)
2025-09-20 21:29:56 [main] INFO  demoqaLog - 🔹 Trying JS click on WebElement (attempt 1)
🔹 Attempting JS click...
2025-09-20 21:29:56 [main] INFO  demoqaLog - 🔹 Attempting JS click...
2025-09-20 21:29:56 [main] INFO  demoqaBase - ✅ Selected Color: Red
2025-09-20 21:29:56 [main] INFO  demoqaBase - Available Color: Blue
🔹 Trying JS click on WebElement (attempt 1)
2025-09-20 21:29:56 [main] INFO  demoqaLog - 🔹 Trying JS click on WebElement (attempt 1)
🔹 Attempting JS click...
2025-09-20 21:29:56 [main] INFO  demoqaLog - 🔹 Attempting JS click...
2025-09-20 21:29:56 [main] INFO  demoqaBase - ✅ Selected Color: Blue
2025-09-20 21:29:57 [main] INFO  demoqaBase - Available Color: Green
🔹 Trying JS click on WebElement (attempt 1)
2025-09-20 21:29:57 [main] INFO  demoqaLog - 🔹 Trying JS click on WebElement (attempt 1)
🔹 Attempting JS click...
2025-09-20 21:29:57 [main] INFO  demoqaLog - 🔹 Attempting JS click...
2025-09-20 21:29:57 [main] INFO  demoqaBase - ✅ Selected Color: Green
2025-09-20 21:29:57 [main] INFO  demoqaBase - Available Color: Yellow
🔹 Trying JS click on WebElement (attempt 1)
2025-09-20 21:29:57 [main] INFO  demoqaLog - 🔹 Trying JS click on WebElement (attempt 1)
🔹 Attempting JS click...
2025-09-20 21:29:57 [main] INFO  demoqaLog - 🔹 Attempting JS click...
2025-09-20 21:29:57 [main] INFO  demoqaBase - ✅ Selected Color: Yellow
2025-09-20 21:29:57 [main] INFO  demoqaBase - Available Color: Purple
🔹 Trying JS click on WebElement (attempt 1)
2025-09-20 21:29:57 [main] INFO  demoqaLog - 🔹 Trying JS click on WebElement (attempt 1)
🔹 Attempting JS click...
2025-09-20 21:29:57 [main] INFO  demoqaLog - 🔹 Attempting JS click...
2025-09-20 21:29:57 [main] INFO  demoqaBase - ✅ Selected Color: Purple
2025-09-20 21:29:57 [main] INFO  demoqaBase - Available Color: White
🔹 Trying JS click on WebElement (attempt 1)
2025-09-20 21:29:57 [main] INFO  demoqaLog - 🔹 Trying JS click on WebElement (attempt 1)
🔹 Attempting JS click...
2025-09-20 21:29:57 [main] INFO  demoqaLog - 🔹 Attempting JS click...
2025-09-20 21:29:58 [main] INFO  demoqaBase - ✅ Selected Color: White
2025-09-20 21:29:58 [main] INFO  demoqaBase - Available Color: Voilet
🔹 Trying JS click on WebElement (attempt 1)
2025-09-20 21:29:58 [main] INFO  demoqaLog - 🔹 Trying JS click on WebElement (attempt 1)
🔹 Attempting JS click...
2025-09-20 21:29:58 [main] INFO  demoqaLog - 🔹 Attempting JS click...
2025-09-20 21:29:58 [main] INFO  demoqaBase - ✅ Selected Color: Voilet
2025-09-20 21:29:58 [main] INFO  demoqaBase - Available Color: Magenta
🔹 Trying JS click on WebElement (attempt 1)
2025-09-20 21:29:58 [main] INFO  demoqaLog - 🔹 Trying JS click on WebElement (attempt 1)
🔹 Attempting JS click...
2025-09-20 21:29:58 [main] INFO  demoqaLog - 🔹 Attempting JS click...
2025-09-20 21:29:58 [main] INFO  demoqaBase - ✅ Selected Color: Magenta
2025-09-20 21:29:58 [main] INFO  demoqaBase - 🎯 Final selected colors: [Red, Blue, Green, Yellow, Purple, White, Voilet, Magenta]
2025-09-20 21:29:58 [main] INFO  demoqaBase - ✅ Widgets|Auto Complete Test Completed...
]]></system-out>
  </testcase>
  <testcase name="AutoCompleteSearch[ColorSelectionData{searchFor=&apos;G&apos;, expectedColors=[Green, Indigo, Magenta]}](6)" classname="tests.WidgetsTests" time="31.594">
    <system-out><![CDATA[2025-09-20 21:29:58 [main] INFO  demoqaBase - Closing browser for test: AutoCompleteSearch
2025-09-20 21:29:59 [main] INFO  DriverFactory - 🌐 Starting Chrome Web Browser...
2025-09-20 21:29:59 [main] INFO  DriverFactory - ✅ Created temporary Chrome profile at C:\Users\dell\AppData\Local\Temp\chrome-profile-9885450202889779957
2025-09-20 21:30:00 [main] INFO  DriverFactory - 🚀 WebDriver started successfully
2025-09-20 21:30:00 [main] INFO  RetryUrlAccess - 🌐 Navigating to URL (attempt 1): https://demoqa.com
2025-09-20 21:30:03 [main] INFO  RetryUrlAccess - ✅ Navigation successful on attempt 1
2025-09-20 21:30:03 [main] INFO  demoqaBase - 🧪 Starting Test Widgets|Auto Complete...
2025-09-20 21:30:03 [main] INFO  demoqaBase - Accessing Widgets Card...
Declared Instance WebDriverWait: org.openqa.selenium.support.ui.WebDriverWait@29d5ca06
2025-09-20 21:30:03 [main] INFO  demoqaLog - Clicking on Widgets Card...
🔹 Trying JS click by locator (attempt 1)
2025-09-20 21:30:03 [main] INFO  demoqaLog - 🔹 Trying JS click by locator (attempt 1)
🔹 Attempting JS click...
2025-09-20 21:30:03 [main] INFO  demoqaLog - 🔹 Attempting JS click...
2025-09-20 21:30:03 [main] INFO  demoqaLog - Clicked on Widgets Card...
Title of this Page is: DEMOQA
You are Accessing: Widgets
 
2025-09-20 21:30:04 [main] INFO  demoqaBase - Widgets: Please select an item from left to start practice.
2025-09-20 21:30:04 [main] INFO  demoqaBase - Clicking on Widgets|AutoComplete...
You are now Accessing: Auto Complete
2025-09-20 21:30:04 [main] INFO  demoqaBase - You are now Accessing: Auto Complete
Searching Colors using: G
Expected Color to be selected is/are: [Green, Indigo, Magenta]
2025-09-20 21:30:04 [main] INFO  demoqaBase - 🔍 Running test for search character: G
2025-09-20 21:30:04 [main] INFO  demoqaLog - ⏳ Waiting for page to fully load (timeout: 30s)
2025-09-20 21:30:34 [main] WARN  demoqaLog - ⚠️ Page did not load within 30 seconds.
2025-09-20 21:30:34 [main] INFO  demoqaBase - Clicking on Widgets | Auto Complete | Type multiple color names...
Searching Colors using: G
Expected Color to be selected is/are: [Green, Indigo, Magenta]
2025-09-20 21:30:34 [main] INFO  demoqaBase - You are now Accessing: Auto Complete
2025-09-20 21:30:34 [main] INFO  demoqaBase - Available Color: Green
🔹 Trying JS click on WebElement (attempt 1)
2025-09-20 21:30:34 [main] INFO  demoqaLog - 🔹 Trying JS click on WebElement (attempt 1)
🔹 Attempting JS click...
2025-09-20 21:30:34 [main] INFO  demoqaLog - 🔹 Attempting JS click...
2025-09-20 21:30:34 [main] INFO  demoqaBase - ✅ Selected Color: Green
2025-09-20 21:30:34 [main] INFO  demoqaBase - Available Color: Indigo
🔹 Trying JS click on WebElement (attempt 1)
2025-09-20 21:30:34 [main] INFO  demoqaLog - 🔹 Trying JS click on WebElement (attempt 1)
🔹 Attempting JS click...
2025-09-20 21:30:34 [main] INFO  demoqaLog - 🔹 Attempting JS click...
2025-09-20 21:30:34 [main] INFO  demoqaBase - ✅ Selected Color: Indigo
2025-09-20 21:30:35 [main] INFO  demoqaBase - Available Color: Magenta
🔹 Trying JS click on WebElement (attempt 1)
2025-09-20 21:30:35 [main] INFO  demoqaLog - 🔹 Trying JS click on WebElement (attempt 1)
🔹 Attempting JS click...
2025-09-20 21:30:35 [main] INFO  demoqaLog - 🔹 Attempting JS click...
2025-09-20 21:30:35 [main] INFO  demoqaBase - ✅ Selected Color: Magenta
2025-09-20 21:30:35 [main] INFO  demoqaBase - 🎯 Final selected colors: [Green, Indigo, Magenta]
2025-09-20 21:30:35 [main] INFO  demoqaBase - ✅ Widgets|Auto Complete Test Completed...
]]></system-out>
  </testcase>
  <testcase name="AutoCompleteSearch[ColorSelectionData{searchFor=&apos;H&apos;, expectedColors=[White]}](7)" classname="tests.WidgetsTests" time="31.514">
    <system-out><![CDATA[2025-09-20 21:30:35 [main] INFO  demoqaBase - Closing browser for test: AutoCompleteSearch
2025-09-20 21:30:35 [main] INFO  DriverFactory - 🌐 Starting Chrome Web Browser...
2025-09-20 21:30:35 [main] INFO  DriverFactory - ✅ Created temporary Chrome profile at C:\Users\dell\AppData\Local\Temp\chrome-profile-2630279390420192689
2025-09-20 21:30:36 [main] INFO  DriverFactory - 🚀 WebDriver started successfully
2025-09-20 21:30:36 [main] INFO  RetryUrlAccess - 🌐 Navigating to URL (attempt 1): https://demoqa.com
2025-09-20 21:30:39 [main] INFO  RetryUrlAccess - ✅ Navigation successful on attempt 1
2025-09-20 21:30:39 [main] INFO  demoqaBase - 🧪 Starting Test Widgets|Auto Complete...
2025-09-20 21:30:39 [main] INFO  demoqaBase - Accessing Widgets Card...
Declared Instance WebDriverWait: org.openqa.selenium.support.ui.WebDriverWait@e41ab4d
2025-09-20 21:30:39 [main] INFO  demoqaLog - Clicking on Widgets Card...
🔹 Trying JS click by locator (attempt 1)
2025-09-20 21:30:39 [main] INFO  demoqaLog - 🔹 Trying JS click by locator (attempt 1)
🔹 Attempting JS click...
2025-09-20 21:30:39 [main] INFO  demoqaLog - 🔹 Attempting JS click...
2025-09-20 21:30:39 [main] INFO  demoqaLog - Clicked on Widgets Card...
Title of this Page is: DEMOQA
You are Accessing: Widgets
 
2025-09-20 21:30:40 [main] INFO  demoqaBase - Widgets: Please select an item from left to start practice.
2025-09-20 21:30:40 [main] INFO  demoqaBase - Clicking on Widgets|AutoComplete...
You are now Accessing: Auto Complete
2025-09-20 21:30:40 [main] INFO  demoqaBase - You are now Accessing: Auto Complete
Searching Colors using: H
Expected Color to be selected is/are: [White]
2025-09-20 21:30:40 [main] INFO  demoqaBase - 🔍 Running test for search character: H
2025-09-20 21:30:40 [main] INFO  demoqaLog - ⏳ Waiting for page to fully load (timeout: 30s)
2025-09-20 21:31:10 [main] WARN  demoqaLog - ⚠️ Page did not load within 30 seconds.
2025-09-20 21:31:10 [main] INFO  demoqaBase - Clicking on Widgets | Auto Complete | Type multiple color names...
Searching Colors using: H
Expected Color to be selected is/are: [White]
2025-09-20 21:31:10 [main] INFO  demoqaBase - You are now Accessing: Auto Complete
2025-09-20 21:31:11 [main] INFO  demoqaBase - Available Color: White
🔹 Trying JS click on WebElement (attempt 1)
2025-09-20 21:31:11 [main] INFO  demoqaLog - 🔹 Trying JS click on WebElement (attempt 1)
🔹 Attempting JS click...
2025-09-20 21:31:11 [main] INFO  demoqaLog - 🔹 Attempting JS click...
2025-09-20 21:31:11 [main] INFO  demoqaBase - ✅ Selected Color: White
2025-09-20 21:31:11 [main] INFO  demoqaBase - 🎯 Final selected colors: [White]
2025-09-20 21:31:11 [main] INFO  demoqaBase - ✅ Widgets|Auto Complete Test Completed...
]]></system-out>
  </testcase>
  <testcase name="AutoCompleteSearch[ColorSelectionData{searchFor=&apos;I&apos;, expectedColors=[White, Voilet, Indigo]}](8)" classname="tests.WidgetsTests" time="31.632">
    <system-out><![CDATA[2025-09-20 21:31:11 [main] INFO  demoqaBase - Closing browser for test: AutoCompleteSearch
2025-09-20 21:31:12 [main] INFO  DriverFactory - 🌐 Starting Chrome Web Browser...
2025-09-20 21:31:12 [main] INFO  DriverFactory - ✅ Created temporary Chrome profile at C:\Users\dell\AppData\Local\Temp\chrome-profile-3001374016206308389
2025-09-20 21:31:15 [main] INFO  DriverFactory - 🚀 WebDriver started successfully
2025-09-20 21:31:15 [main] INFO  RetryUrlAccess - 🌐 Navigating to URL (attempt 1): https://demoqa.com
2025-09-20 21:31:19 [main] INFO  RetryUrlAccess - ✅ Navigation successful on attempt 1
2025-09-20 21:31:19 [main] INFO  demoqaBase - 🧪 Starting Test Widgets|Auto Complete...
2025-09-20 21:31:19 [main] INFO  demoqaBase - Accessing Widgets Card...
Declared Instance WebDriverWait: org.openqa.selenium.support.ui.WebDriverWait@54229805
2025-09-20 21:31:19 [main] INFO  demoqaLog - Clicking on Widgets Card...
🔹 Trying JS click by locator (attempt 1)
2025-09-20 21:31:19 [main] INFO  demoqaLog - 🔹 Trying JS click by locator (attempt 1)
🔹 Attempting JS click...
2025-09-20 21:31:19 [main] INFO  demoqaLog - 🔹 Attempting JS click...
2025-09-20 21:31:19 [main] INFO  demoqaLog - Clicked on Widgets Card...
Title of this Page is: DEMOQA
You are Accessing: Widgets
 
2025-09-20 21:31:19 [main] INFO  demoqaBase - Widgets: Please select an item from left to start practice.
2025-09-20 21:31:19 [main] INFO  demoqaBase - Clicking on Widgets|AutoComplete...
You are now Accessing: Auto Complete
2025-09-20 21:31:19 [main] INFO  demoqaBase - You are now Accessing: Auto Complete
Searching Colors using: I
Expected Color to be selected is/are: [White, Voilet, Indigo]
2025-09-20 21:31:19 [main] INFO  demoqaBase - 🔍 Running test for search character: I
2025-09-20 21:31:19 [main] INFO  demoqaLog - ⏳ Waiting for page to fully load (timeout: 30s)
2025-09-20 21:31:49 [main] WARN  demoqaLog - ⚠️ Page did not load within 30 seconds.
2025-09-20 21:31:49 [main] INFO  demoqaBase - Clicking on Widgets | Auto Complete | Type multiple color names...
Searching Colors using: I
Expected Color to be selected is/are: [White, Voilet, Indigo]
2025-09-20 21:31:49 [main] INFO  demoqaBase - You are now Accessing: Auto Complete
2025-09-20 21:31:50 [main] INFO  demoqaBase - Available Color: White
🔹 Trying JS click on WebElement (attempt 1)
2025-09-20 21:31:50 [main] INFO  demoqaLog - 🔹 Trying JS click on WebElement (attempt 1)
🔹 Attempting JS click...
2025-09-20 21:31:50 [main] INFO  demoqaLog - 🔹 Attempting JS click...
2025-09-20 21:31:50 [main] INFO  demoqaBase - ✅ Selected Color: White
2025-09-20 21:31:50 [main] INFO  demoqaBase - Available Color: Voilet
🔹 Trying JS click on WebElement (attempt 1)
2025-09-20 21:31:50 [main] INFO  demoqaLog - 🔹 Trying JS click on WebElement (attempt 1)
🔹 Attempting JS click...
2025-09-20 21:31:50 [main] INFO  demoqaLog - 🔹 Attempting JS click...
2025-09-20 21:31:50 [main] INFO  demoqaBase - ✅ Selected Color: Voilet
2025-09-20 21:31:50 [main] INFO  demoqaBase - Available Color: Indigo
🔹 Trying JS click on WebElement (attempt 1)
2025-09-20 21:31:50 [main] INFO  demoqaLog - 🔹 Trying JS click on WebElement (attempt 1)
🔹 Attempting JS click...
2025-09-20 21:31:50 [main] INFO  demoqaLog - 🔹 Attempting JS click...
2025-09-20 21:31:50 [main] INFO  demoqaBase - ✅ Selected Color: Indigo
2025-09-20 21:31:50 [main] INFO  demoqaBase - 🎯 Final selected colors: [White, Voilet, Indigo]
2025-09-20 21:31:50 [main] INFO  demoqaBase - ✅ Widgets|Auto Complete Test Completed...
]]></system-out>
  </testcase>
  <testcase name="AutoCompleteSearch[ColorSelectionData{searchFor=&apos;K&apos;, expectedColors=[Black]}](9)" classname="tests.WidgetsTests" time="31.103">
    <system-out><![CDATA[2025-09-20 21:31:50 [main] INFO  demoqaBase - Closing browser for test: AutoCompleteSearch
2025-09-20 21:31:53 [main] INFO  DriverFactory - 🌐 Starting Chrome Web Browser...
2025-09-20 21:31:53 [main] INFO  DriverFactory - ✅ Created temporary Chrome profile at C:\Users\dell\AppData\Local\Temp\chrome-profile-15151511697457129700
2025-09-20 21:31:56 [main] INFO  DriverFactory - 🚀 WebDriver started successfully
2025-09-20 21:31:56 [main] INFO  RetryUrlAccess - 🌐 Navigating to URL (attempt 1): https://demoqa.com
2025-09-20 21:31:59 [main] INFO  RetryUrlAccess - ✅ Navigation successful on attempt 1
2025-09-20 21:31:59 [main] INFO  demoqaBase - 🧪 Starting Test Widgets|Auto Complete...
2025-09-20 21:31:59 [main] INFO  demoqaBase - Accessing Widgets Card...
Declared Instance WebDriverWait: org.openqa.selenium.support.ui.WebDriverWait@a9dd9b9
2025-09-20 21:31:59 [main] INFO  demoqaLog - Clicking on Widgets Card...
🔹 Trying JS click by locator (attempt 1)
2025-09-20 21:31:59 [main] INFO  demoqaLog - 🔹 Trying JS click by locator (attempt 1)
🔹 Attempting JS click...
2025-09-20 21:31:59 [main] INFO  demoqaLog - 🔹 Attempting JS click...
2025-09-20 21:32:00 [main] INFO  demoqaLog - Clicked on Widgets Card...
Title of this Page is: DEMOQA
You are Accessing: Widgets
 
2025-09-20 21:32:00 [main] INFO  demoqaBase - Widgets: Please select an item from left to start practice.
2025-09-20 21:32:00 [main] INFO  demoqaBase - Clicking on Widgets|AutoComplete...
You are now Accessing: Auto Complete
2025-09-20 21:32:00 [main] INFO  demoqaBase - You are now Accessing: Auto Complete
Searching Colors using: K
Expected Color to be selected is/are: [Black]
2025-09-20 21:32:00 [main] INFO  demoqaBase - 🔍 Running test for search character: K
2025-09-20 21:32:00 [main] INFO  demoqaLog - ⏳ Waiting for page to fully load (timeout: 30s)
2025-09-20 21:32:30 [main] WARN  demoqaLog - ⚠️ Page did not load within 30 seconds.
2025-09-20 21:32:30 [main] INFO  demoqaBase - Clicking on Widgets | Auto Complete | Type multiple color names...
Searching Colors using: K
Expected Color to be selected is/are: [Black]
2025-09-20 21:32:30 [main] INFO  demoqaBase - You are now Accessing: Auto Complete
2025-09-20 21:32:30 [main] INFO  demoqaBase - Available Color: Black
🔹 Trying JS click on WebElement (attempt 1)
2025-09-20 21:32:30 [main] INFO  demoqaLog - 🔹 Trying JS click on WebElement (attempt 1)
🔹 Attempting JS click...
2025-09-20 21:32:30 [main] INFO  demoqaLog - 🔹 Attempting JS click...
2025-09-20 21:32:30 [main] INFO  demoqaBase - ✅ Selected Color: Black
2025-09-20 21:32:30 [main] INFO  demoqaBase - 🎯 Final selected colors: [Black]
2025-09-20 21:32:30 [main] INFO  demoqaBase - ✅ Widgets|Auto Complete Test Completed...
]]></system-out>
  </testcase>
  <testcase name="AutoCompleteSearch[ColorSelectionData{searchFor=&apos;L&apos;, expectedColors=[Blue, Yellow, Purple, Black, Voilet]}](10)" classname="tests.WidgetsTests" time="32.283">
    <system-out><![CDATA[2025-09-20 21:32:30 [main] INFO  demoqaBase - Closing browser for test: AutoCompleteSearch
2025-09-20 21:32:35 [main] INFO  DriverFactory - 🌐 Starting Chrome Web Browser...
2025-09-20 21:32:35 [main] INFO  DriverFactory - ✅ Created temporary Chrome profile at C:\Users\dell\AppData\Local\Temp\chrome-profile-13236767641333766184
2025-09-20 21:32:37 [main] INFO  DriverFactory - 🚀 WebDriver started successfully
2025-09-20 21:32:37 [main] INFO  RetryUrlAccess - 🌐 Navigating to URL (attempt 1): https://demoqa.com
2025-09-20 21:32:39 [main] INFO  RetryUrlAccess - ✅ Navigation successful on attempt 1
2025-09-20 21:32:39 [main] INFO  demoqaBase - 🧪 Starting Test Widgets|Auto Complete...
2025-09-20 21:32:39 [main] INFO  demoqaBase - Accessing Widgets Card...
Declared Instance WebDriverWait: org.openqa.selenium.support.ui.WebDriverWait@7fa1d451
2025-09-20 21:32:39 [main] INFO  demoqaLog - Clicking on Widgets Card...
🔹 Trying JS click by locator (attempt 1)
2025-09-20 21:32:39 [main] INFO  demoqaLog - 🔹 Trying JS click by locator (attempt 1)
🔹 Attempting JS click...
2025-09-20 21:32:39 [main] INFO  demoqaLog - 🔹 Attempting JS click...
2025-09-20 21:32:40 [main] INFO  demoqaLog - Clicked on Widgets Card...
Title of this Page is: DEMOQA
You are Accessing: Widgets
 
2025-09-20 21:32:40 [main] INFO  demoqaBase - Widgets: Please select an item from left to start practice.
2025-09-20 21:32:40 [main] INFO  demoqaBase - Clicking on Widgets|AutoComplete...
You are now Accessing: Auto Complete
2025-09-20 21:32:40 [main] INFO  demoqaBase - You are now Accessing: Auto Complete
Searching Colors using: L
Expected Color to be selected is/are: [Blue, Yellow, Purple, Black, Voilet]
2025-09-20 21:32:40 [main] INFO  demoqaBase - 🔍 Running test for search character: L
2025-09-20 21:32:40 [main] INFO  demoqaLog - ⏳ Waiting for page to fully load (timeout: 30s)
2025-09-20 21:33:10 [main] WARN  demoqaLog - ⚠️ Page did not load within 30 seconds.
2025-09-20 21:33:10 [main] INFO  demoqaBase - Clicking on Widgets | Auto Complete | Type multiple color names...
Searching Colors using: L
Expected Color to be selected is/are: [Blue, Yellow, Purple, Black, Voilet]
2025-09-20 21:33:10 [main] INFO  demoqaBase - You are now Accessing: Auto Complete
2025-09-20 21:33:11 [main] INFO  demoqaBase - Available Color: Blue
🔹 Trying JS click on WebElement (attempt 1)
2025-09-20 21:33:11 [main] INFO  demoqaLog - 🔹 Trying JS click on WebElement (attempt 1)
🔹 Attempting JS click...
2025-09-20 21:33:11 [main] INFO  demoqaLog - 🔹 Attempting JS click...
2025-09-20 21:33:11 [main] INFO  demoqaBase - ✅ Selected Color: Blue
2025-09-20 21:33:11 [main] INFO  demoqaBase - Available Color: Yellow
🔹 Trying JS click on WebElement (attempt 1)
2025-09-20 21:33:11 [main] INFO  demoqaLog - 🔹 Trying JS click on WebElement (attempt 1)
🔹 Attempting JS click...
2025-09-20 21:33:11 [main] INFO  demoqaLog - 🔹 Attempting JS click...
2025-09-20 21:33:11 [main] INFO  demoqaBase - ✅ Selected Color: Yellow
2025-09-20 21:33:11 [main] INFO  demoqaBase - Available Color: Purple
🔹 Trying JS click on WebElement (attempt 1)
2025-09-20 21:33:11 [main] INFO  demoqaLog - 🔹 Trying JS click on WebElement (attempt 1)
🔹 Attempting JS click...
2025-09-20 21:33:11 [main] INFO  demoqaLog - 🔹 Attempting JS click...
2025-09-20 21:33:11 [main] INFO  demoqaBase - ✅ Selected Color: Purple
2025-09-20 21:33:11 [main] INFO  demoqaBase - Available Color: Black
🔹 Trying JS click on WebElement (attempt 1)
2025-09-20 21:33:11 [main] INFO  demoqaLog - 🔹 Trying JS click on WebElement (attempt 1)
🔹 Attempting JS click...
2025-09-20 21:33:11 [main] INFO  demoqaLog - 🔹 Attempting JS click...
2025-09-20 21:33:11 [main] INFO  demoqaBase - ✅ Selected Color: Black
2025-09-20 21:33:12 [main] INFO  demoqaBase - Available Color: Voilet
🔹 Trying JS click on WebElement (attempt 1)
2025-09-20 21:33:12 [main] INFO  demoqaLog - 🔹 Trying JS click on WebElement (attempt 1)
🔹 Attempting JS click...
2025-09-20 21:33:12 [main] INFO  demoqaLog - 🔹 Attempting JS click...
2025-09-20 21:33:12 [main] INFO  demoqaBase - ✅ Selected Color: Voilet
2025-09-20 21:33:12 [main] INFO  demoqaBase - 🎯 Final selected colors: [Blue, Yellow, Purple, Black, Voilet]
2025-09-20 21:33:12 [main] INFO  demoqaBase - ✅ Widgets|Auto Complete Test Completed...
]]></system-out>
  </testcase>
  <testcase name="AutoCompleteSearch[ColorSelectionData{searchFor=&apos;M&apos;, expectedColors=[Magenta]}](11)" classname="tests.WidgetsTests" time="31.248">
    <system-out><![CDATA[2025-09-20 21:33:12 [main] INFO  demoqaBase - Closing browser for test: AutoCompleteSearch
2025-09-20 21:33:12 [main] INFO  DriverFactory - 🌐 Starting Chrome Web Browser...
2025-09-20 21:33:12 [main] INFO  DriverFactory - ✅ Created temporary Chrome profile at C:\Users\dell\AppData\Local\Temp\chrome-profile-933353496558218981
2025-09-20 21:33:13 [main] INFO  DriverFactory - 🚀 WebDriver started successfully
2025-09-20 21:33:13 [main] INFO  RetryUrlAccess - 🌐 Navigating to URL (attempt 1): https://demoqa.com
2025-09-20 21:33:17 [main] INFO  RetryUrlAccess - ✅ Navigation successful on attempt 1
2025-09-20 21:33:17 [main] INFO  demoqaBase - 🧪 Starting Test Widgets|Auto Complete...
2025-09-20 21:33:17 [main] INFO  demoqaBase - Accessing Widgets Card...
Declared Instance WebDriverWait: org.openqa.selenium.support.ui.WebDriverWait@48e330b2
2025-09-20 21:33:17 [main] INFO  demoqaLog - Clicking on Widgets Card...
🔹 Trying JS click by locator (attempt 1)
2025-09-20 21:33:17 [main] INFO  demoqaLog - 🔹 Trying JS click by locator (attempt 1)
🔹 Attempting JS click...
2025-09-20 21:33:17 [main] INFO  demoqaLog - 🔹 Attempting JS click...
2025-09-20 21:33:17 [main] INFO  demoqaLog - Clicked on Widgets Card...
Title of this Page is: DEMOQA
You are Accessing: Widgets
 
2025-09-20 21:33:17 [main] INFO  demoqaBase - Widgets: Please select an item from left to start practice.
2025-09-20 21:33:17 [main] INFO  demoqaBase - Clicking on Widgets|AutoComplete...
You are now Accessing: Auto Complete
2025-09-20 21:33:17 [main] INFO  demoqaBase - You are now Accessing: Auto Complete
Searching Colors using: M
Expected Color to be selected is/are: [Magenta]
2025-09-20 21:33:17 [main] INFO  demoqaBase - 🔍 Running test for search character: M
2025-09-20 21:33:17 [main] INFO  demoqaLog - ⏳ Waiting for page to fully load (timeout: 30s)
2025-09-20 21:33:47 [main] WARN  demoqaLog - ⚠️ Page did not load within 30 seconds.
2025-09-20 21:33:47 [main] INFO  demoqaBase - Clicking on Widgets | Auto Complete | Type multiple color names...
Searching Colors using: M
Expected Color to be selected is/are: [Magenta]
2025-09-20 21:33:47 [main] INFO  demoqaBase - You are now Accessing: Auto Complete
2025-09-20 21:33:48 [main] INFO  demoqaBase - Available Color: Magenta
🔹 Trying JS click on WebElement (attempt 1)
2025-09-20 21:33:48 [main] INFO  demoqaLog - 🔹 Trying JS click on WebElement (attempt 1)
🔹 Attempting JS click...
2025-09-20 21:33:48 [main] INFO  demoqaLog - 🔹 Attempting JS click...
2025-09-20 21:33:48 [main] INFO  demoqaBase - ✅ Selected Color: Magenta
2025-09-20 21:33:48 [main] INFO  demoqaBase - 🎯 Final selected colors: [Magenta]
2025-09-20 21:33:48 [main] INFO  demoqaBase - ✅ Widgets|Auto Complete Test Completed...
]]></system-out>
  </testcase>
  <testcase name="AutoCompleteSearch[ColorSelectionData{searchFor=&apos;N&apos;, expectedColors=[Green, Indigo, Magenta]}](12)" classname="tests.WidgetsTests" time="31.503">
    <system-out><![CDATA[2025-09-20 21:33:48 [main] INFO  demoqaBase - Closing browser for test: AutoCompleteSearch
2025-09-20 21:33:49 [main] INFO  DriverFactory - 🌐 Starting Chrome Web Browser...
2025-09-20 21:33:49 [main] INFO  DriverFactory - ✅ Created temporary Chrome profile at C:\Users\dell\AppData\Local\Temp\chrome-profile-8321709721868696453
2025-09-20 21:33:58 [main] INFO  DriverFactory - 🚀 WebDriver started successfully
2025-09-20 21:33:58 [main] INFO  RetryUrlAccess - 🌐 Navigating to URL (attempt 1): https://demoqa.com
2025-09-20 21:34:01 [main] INFO  RetryUrlAccess - ✅ Navigation successful on attempt 1
2025-09-20 21:34:01 [main] INFO  demoqaBase - 🧪 Starting Test Widgets|Auto Complete...
2025-09-20 21:34:01 [main] INFO  demoqaBase - Accessing Widgets Card...
Declared Instance WebDriverWait: org.openqa.selenium.support.ui.WebDriverWait@6316c3be
2025-09-20 21:34:01 [main] INFO  demoqaLog - Clicking on Widgets Card...
🔹 Trying JS click by locator (attempt 1)
2025-09-20 21:34:01 [main] INFO  demoqaLog - 🔹 Trying JS click by locator (attempt 1)
🔹 Attempting JS click...
2025-09-20 21:34:01 [main] INFO  demoqaLog - 🔹 Attempting JS click...
2025-09-20 21:34:01 [main] INFO  demoqaLog - Clicked on Widgets Card...
Title of this Page is: DEMOQA
You are Accessing: Widgets
 
2025-09-20 21:34:01 [main] INFO  demoqaBase - Widgets: Please select an item from left to start practice.
2025-09-20 21:34:01 [main] INFO  demoqaBase - Clicking on Widgets|AutoComplete...
You are now Accessing: Auto Complete
2025-09-20 21:34:01 [main] INFO  demoqaBase - You are now Accessing: Auto Complete
Searching Colors using: N
Expected Color to be selected is/are: [Green, Indigo, Magenta]
2025-09-20 21:34:01 [main] INFO  demoqaBase - 🔍 Running test for search character: N
2025-09-20 21:34:01 [main] INFO  demoqaLog - ⏳ Waiting for page to fully load (timeout: 30s)
2025-09-20 21:34:31 [main] WARN  demoqaLog - ⚠️ Page did not load within 30 seconds.
2025-09-20 21:34:31 [main] INFO  demoqaBase - Clicking on Widgets | Auto Complete | Type multiple color names...
Searching Colors using: N
Expected Color to be selected is/are: [Green, Indigo, Magenta]
2025-09-20 21:34:31 [main] INFO  demoqaBase - You are now Accessing: Auto Complete
2025-09-20 21:34:32 [main] INFO  demoqaBase - Available Color: Green
🔹 Trying JS click on WebElement (attempt 1)
2025-09-20 21:34:32 [main] INFO  demoqaLog - 🔹 Trying JS click on WebElement (attempt 1)
🔹 Attempting JS click...
2025-09-20 21:34:32 [main] INFO  demoqaLog - 🔹 Attempting JS click...
2025-09-20 21:34:32 [main] INFO  demoqaBase - ✅ Selected Color: Green
2025-09-20 21:34:32 [main] INFO  demoqaBase - Available Color: Indigo
🔹 Trying JS click on WebElement (attempt 1)
2025-09-20 21:34:32 [main] INFO  demoqaLog - 🔹 Trying JS click on WebElement (attempt 1)
🔹 Attempting JS click...
2025-09-20 21:34:32 [main] INFO  demoqaLog - 🔹 Attempting JS click...
2025-09-20 21:34:32 [main] INFO  demoqaBase - ✅ Selected Color: Indigo
2025-09-20 21:34:32 [main] INFO  demoqaBase - Available Color: Magenta
🔹 Trying JS click on WebElement (attempt 1)
2025-09-20 21:34:32 [main] INFO  demoqaLog - 🔹 Trying JS click on WebElement (attempt 1)
🔹 Attempting JS click...
2025-09-20 21:34:32 [main] INFO  demoqaLog - 🔹 Attempting JS click...
2025-09-20 21:34:32 [main] INFO  demoqaBase - ✅ Selected Color: Magenta
2025-09-20 21:34:32 [main] INFO  demoqaBase - 🎯 Final selected colors: [Green, Indigo, Magenta]
2025-09-20 21:34:32 [main] INFO  demoqaBase - ✅ Widgets|Auto Complete Test Completed...
]]></system-out>
  </testcase>
  <testcase name="AutoCompleteSearch[ColorSelectionData{searchFor=&apos;O&apos;, expectedColors=[Yellow, Voilet, Indigo]}](13)" classname="tests.WidgetsTests" time="30.44">
    <system-out><![CDATA[2025-09-20 21:34:32 [main] INFO  demoqaBase - Closing browser for test: AutoCompleteSearch
2025-09-20 21:34:33 [main] INFO  DriverFactory - 🌐 Starting Chrome Web Browser...
2025-09-20 21:34:33 [main] INFO  DriverFactory - ✅ Created temporary Chrome profile at C:\Users\dell\AppData\Local\Temp\chrome-profile-5013905186766780658
2025-09-20 21:34:34 [main] INFO  DriverFactory - 🚀 WebDriver started successfully
2025-09-20 21:34:34 [main] INFO  RetryUrlAccess - 🌐 Navigating to URL (attempt 1): https://demoqa.com
2025-09-20 21:34:37 [main] INFO  RetryUrlAccess - ✅ Navigation successful on attempt 1
2025-09-20 21:34:37 [main] INFO  demoqaBase - 🧪 Starting Test Widgets|Auto Complete...
2025-09-20 21:34:37 [main] INFO  demoqaBase - Accessing Widgets Card...
Declared Instance WebDriverWait: org.openqa.selenium.support.ui.WebDriverWait@7e2735a6
2025-09-20 21:34:37 [main] INFO  demoqaLog - Clicking on Widgets Card...
🔹 Trying JS click by locator (attempt 1)
2025-09-20 21:34:37 [main] INFO  demoqaLog - 🔹 Trying JS click by locator (attempt 1)
🔹 Attempting JS click...
2025-09-20 21:34:37 [main] INFO  demoqaLog - 🔹 Attempting JS click...
2025-09-20 21:34:37 [main] INFO  demoqaLog - Clicked on Widgets Card...
Title of this Page is: DEMOQA
You are Accessing: Widgets
 
2025-09-20 21:34:37 [main] INFO  demoqaBase - Widgets: Please select an item from left to start practice.
2025-09-20 21:34:37 [main] INFO  demoqaBase - Clicking on Widgets|AutoComplete...
You are now Accessing: Auto Complete
2025-09-20 21:34:38 [main] INFO  demoqaBase - You are now Accessing: Auto Complete
Searching Colors using: O
Expected Color to be selected is/are: [Yellow, Voilet, Indigo]
2025-09-20 21:34:38 [main] INFO  demoqaBase - 🔍 Running test for search character: O
2025-09-20 21:34:38 [main] INFO  demoqaLog - ⏳ Waiting for page to fully load (timeout: 30s)
2025-09-20 21:35:07 [main] INFO  demoqaLog - ✅ Page load completed.
2025-09-20 21:35:07 [main] INFO  demoqaBase - Clicking on Widgets | Auto Complete | Type multiple color names...
Searching Colors using: O
Expected Color to be selected is/are: [Yellow, Voilet, Indigo]
2025-09-20 21:35:07 [main] INFO  demoqaBase - You are now Accessing: Auto Complete
2025-09-20 21:35:07 [main] INFO  demoqaBase - Available Color: Yellow
🔹 Trying JS click on WebElement (attempt 1)
2025-09-20 21:35:07 [main] INFO  demoqaLog - 🔹 Trying JS click on WebElement (attempt 1)
🔹 Attempting JS click...
2025-09-20 21:35:07 [main] INFO  demoqaLog - 🔹 Attempting JS click...
2025-09-20 21:35:07 [main] INFO  demoqaBase - ✅ Selected Color: Yellow
2025-09-20 21:35:07 [main] INFO  demoqaBase - Available Color: Voilet
🔹 Trying JS click on WebElement (attempt 1)
2025-09-20 21:35:07 [main] INFO  demoqaLog - 🔹 Trying JS click on WebElement (attempt 1)
🔹 Attempting JS click...
2025-09-20 21:35:07 [main] INFO  demoqaLog - 🔹 Attempting JS click...
2025-09-20 21:35:07 [main] INFO  demoqaBase - ✅ Selected Color: Voilet
2025-09-20 21:35:07 [main] INFO  demoqaBase - Available Color: Indigo
🔹 Trying JS click on WebElement (attempt 1)
2025-09-20 21:35:07 [main] INFO  demoqaLog - 🔹 Trying JS click on WebElement (attempt 1)
🔹 Attempting JS click...
2025-09-20 21:35:07 [main] INFO  demoqaLog - 🔹 Attempting JS click...
2025-09-20 21:35:07 [main] INFO  demoqaBase - ✅ Selected Color: Indigo
2025-09-20 21:35:07 [main] INFO  demoqaBase - 🎯 Final selected colors: [Yellow, Voilet, Indigo]
2025-09-20 21:35:07 [main] INFO  demoqaBase - ✅ Widgets|Auto Complete Test Completed...
]]></system-out>
  </testcase>
  <testcase name="AutoCompleteSearch[ColorSelectionData{searchFor=&apos;P&apos;, expectedColors=[Purple]}](14)" classname="tests.WidgetsTests" time="31.338">
    <system-out><![CDATA[2025-09-20 21:35:07 [main] INFO  demoqaBase - Closing browser for test: AutoCompleteSearch
2025-09-20 21:35:09 [main] INFO  DriverFactory - 🌐 Starting Chrome Web Browser...
2025-09-20 21:35:09 [main] INFO  DriverFactory - ✅ Created temporary Chrome profile at C:\Users\dell\AppData\Local\Temp\chrome-profile-2718275155435014666
2025-09-20 21:35:10 [main] INFO  DriverFactory - 🚀 WebDriver started successfully
2025-09-20 21:35:10 [main] INFO  RetryUrlAccess - 🌐 Navigating to URL (attempt 1): https://demoqa.com
2025-09-20 21:35:14 [main] INFO  RetryUrlAccess - ✅ Navigation successful on attempt 1
2025-09-20 21:35:14 [main] INFO  demoqaBase - 🧪 Starting Test Widgets|Auto Complete...
2025-09-20 21:35:14 [main] INFO  demoqaBase - Accessing Widgets Card...
Declared Instance WebDriverWait: org.openqa.selenium.support.ui.WebDriverWait@47af13cd
2025-09-20 21:35:14 [main] INFO  demoqaLog - Clicking on Widgets Card...
🔹 Trying JS click by locator (attempt 1)
2025-09-20 21:35:14 [main] INFO  demoqaLog - 🔹 Trying JS click by locator (attempt 1)
🔹 Attempting JS click...
2025-09-20 21:35:14 [main] INFO  demoqaLog - 🔹 Attempting JS click...
2025-09-20 21:35:14 [main] INFO  demoqaLog - Clicked on Widgets Card...
Title of this Page is: DEMOQA
You are Accessing: Widgets
 
2025-09-20 21:35:14 [main] INFO  demoqaBase - Widgets: Please select an item from left to start practice.
2025-09-20 21:35:14 [main] INFO  demoqaBase - Clicking on Widgets|AutoComplete...
You are now Accessing: Auto Complete
2025-09-20 21:35:14 [main] INFO  demoqaBase - You are now Accessing: Auto Complete
Searching Colors using: P
Expected Color to be selected is/are: [Purple]
2025-09-20 21:35:14 [main] INFO  demoqaBase - 🔍 Running test for search character: P
2025-09-20 21:35:14 [main] INFO  demoqaLog - ⏳ Waiting for page to fully load (timeout: 30s)
2025-09-20 21:35:45 [main] WARN  demoqaLog - ⚠️ Page did not load within 30 seconds.
2025-09-20 21:35:45 [main] INFO  demoqaBase - Clicking on Widgets | Auto Complete | Type multiple color names...
Searching Colors using: P
Expected Color to be selected is/are: [Purple]
2025-09-20 21:35:45 [main] INFO  demoqaBase - You are now Accessing: Auto Complete
2025-09-20 21:35:45 [main] INFO  demoqaBase - Available Color: Purple
🔹 Trying JS click on WebElement (attempt 1)
2025-09-20 21:35:45 [main] INFO  demoqaLog - 🔹 Trying JS click on WebElement (attempt 1)
🔹 Attempting JS click...
2025-09-20 21:35:45 [main] INFO  demoqaLog - 🔹 Attempting JS click...
2025-09-20 21:35:45 [main] INFO  demoqaBase - ✅ Selected Color: Purple
2025-09-20 21:35:45 [main] INFO  demoqaBase - 🎯 Final selected colors: [Purple]
2025-09-20 21:35:45 [main] INFO  demoqaBase - ✅ Widgets|Auto Complete Test Completed...
]]></system-out>
  </testcase>
  <testcase name="AutoCompleteSearch[ColorSelectionData{searchFor=&apos;Q&apos;, expectedColors=[Aqua]}](15)" classname="tests.WidgetsTests" time="31.413">
    <system-out><![CDATA[2025-09-20 21:35:45 [main] INFO  demoqaBase - Closing browser for test: AutoCompleteSearch
2025-09-20 21:35:45 [main] INFO  DriverFactory - 🌐 Starting Chrome Web Browser...
2025-09-20 21:35:45 [main] INFO  DriverFactory - ✅ Created temporary Chrome profile at C:\Users\dell\AppData\Local\Temp\chrome-profile-8538073642212789255
2025-09-20 21:35:47 [main] INFO  DriverFactory - 🚀 WebDriver started successfully
2025-09-20 21:35:47 [main] INFO  RetryUrlAccess - 🌐 Navigating to URL (attempt 1): https://demoqa.com
2025-09-20 21:35:49 [main] INFO  RetryUrlAccess - ✅ Navigation successful on attempt 1
2025-09-20 21:35:49 [main] INFO  demoqaBase - 🧪 Starting Test Widgets|Auto Complete...
2025-09-20 21:35:49 [main] INFO  demoqaBase - Accessing Widgets Card...
Declared Instance WebDriverWait: org.openqa.selenium.support.ui.WebDriverWait@3696a077
2025-09-20 21:35:49 [main] INFO  demoqaLog - Clicking on Widgets Card...
🔹 Trying JS click by locator (attempt 1)
2025-09-20 21:35:49 [main] INFO  demoqaLog - 🔹 Trying JS click by locator (attempt 1)
🔹 Attempting JS click...
2025-09-20 21:35:49 [main] INFO  demoqaLog - 🔹 Attempting JS click...
2025-09-20 21:35:50 [main] INFO  demoqaLog - Clicked on Widgets Card...
Title of this Page is: DEMOQA
You are Accessing: Widgets
 
2025-09-20 21:35:50 [main] INFO  demoqaBase - Widgets: Please select an item from left to start practice.
2025-09-20 21:35:50 [main] INFO  demoqaBase - Clicking on Widgets|AutoComplete...
You are now Accessing: Auto Complete
2025-09-20 21:35:50 [main] INFO  demoqaBase - You are now Accessing: Auto Complete
Searching Colors using: Q
Expected Color to be selected is/are: [Aqua]
2025-09-20 21:35:50 [main] INFO  demoqaBase - 🔍 Running test for search character: Q
2025-09-20 21:35:50 [main] INFO  demoqaLog - ⏳ Waiting for page to fully load (timeout: 30s)
2025-09-20 21:36:20 [main] WARN  demoqaLog - ⚠️ Page did not load within 30 seconds.
2025-09-20 21:36:20 [main] INFO  demoqaBase - Clicking on Widgets | Auto Complete | Type multiple color names...
Searching Colors using: Q
Expected Color to be selected is/are: [Aqua]
2025-09-20 21:36:20 [main] INFO  demoqaBase - You are now Accessing: Auto Complete
2025-09-20 21:36:21 [main] INFO  demoqaBase - Available Color: Aqua
🔹 Trying JS click on WebElement (attempt 1)
2025-09-20 21:36:21 [main] INFO  demoqaLog - 🔹 Trying JS click on WebElement (attempt 1)
🔹 Attempting JS click...
2025-09-20 21:36:21 [main] INFO  demoqaLog - 🔹 Attempting JS click...
2025-09-20 21:36:21 [main] INFO  demoqaBase - ✅ Selected Color: Aqua
2025-09-20 21:36:21 [main] INFO  demoqaBase - 🎯 Final selected colors: [Aqua]
2025-09-20 21:36:21 [main] INFO  demoqaBase - ✅ Widgets|Auto Complete Test Completed...
]]></system-out>
  </testcase>
  <testcase name="AutoCompleteSearch[ColorSelectionData{searchFor=&apos;R&apos;, expectedColors=[Red, Green, Purple]}](16)" classname="tests.WidgetsTests" time="31.719">
    <system-out><![CDATA[2025-09-20 21:36:21 [main] INFO  demoqaBase - Closing browser for test: AutoCompleteSearch
2025-09-20 21:36:22 [main] INFO  DriverFactory - 🌐 Starting Chrome Web Browser...
2025-09-20 21:36:22 [main] INFO  DriverFactory - ✅ Created temporary Chrome profile at C:\Users\dell\AppData\Local\Temp\chrome-profile-10626238104784800761
2025-09-20 21:36:24 [main] INFO  DriverFactory - 🚀 WebDriver started successfully
2025-09-20 21:36:24 [main] INFO  RetryUrlAccess - 🌐 Navigating to URL (attempt 1): https://demoqa.com
2025-09-20 21:36:27 [main] INFO  RetryUrlAccess - ✅ Navigation successful on attempt 1
2025-09-20 21:36:27 [main] INFO  demoqaBase - 🧪 Starting Test Widgets|Auto Complete...
2025-09-20 21:36:27 [main] INFO  demoqaBase - Accessing Widgets Card...
Declared Instance WebDriverWait: org.openqa.selenium.support.ui.WebDriverWait@67ac7a0a
2025-09-20 21:36:27 [main] INFO  demoqaLog - Clicking on Widgets Card...
🔹 Trying JS click by locator (attempt 1)
2025-09-20 21:36:27 [main] INFO  demoqaLog - 🔹 Trying JS click by locator (attempt 1)
🔹 Attempting JS click...
2025-09-20 21:36:27 [main] INFO  demoqaLog - 🔹 Attempting JS click...
2025-09-20 21:36:27 [main] INFO  demoqaLog - Clicked on Widgets Card...
Title of this Page is: DEMOQA
You are Accessing: Widgets
 
2025-09-20 21:36:27 [main] INFO  demoqaBase - Widgets: Please select an item from left to start practice.
2025-09-20 21:36:27 [main] INFO  demoqaBase - Clicking on Widgets|AutoComplete...
You are now Accessing: Auto Complete
2025-09-20 21:36:27 [main] INFO  demoqaBase - You are now Accessing: Auto Complete
Searching Colors using: R
Expected Color to be selected is/are: [Red, Green, Purple]
2025-09-20 21:36:27 [main] INFO  demoqaBase - 🔍 Running test for search character: R
2025-09-20 21:36:27 [main] INFO  demoqaLog - ⏳ Waiting for page to fully load (timeout: 30s)
2025-09-20 21:36:57 [main] WARN  demoqaLog - ⚠️ Page did not load within 30 seconds.
2025-09-20 21:36:57 [main] INFO  demoqaBase - Clicking on Widgets | Auto Complete | Type multiple color names...
Searching Colors using: R
Expected Color to be selected is/are: [Red, Green, Purple]
2025-09-20 21:36:57 [main] INFO  demoqaBase - You are now Accessing: Auto Complete
2025-09-20 21:36:58 [main] INFO  demoqaBase - Available Color: Red
🔹 Trying JS click on WebElement (attempt 1)
2025-09-20 21:36:58 [main] INFO  demoqaLog - 🔹 Trying JS click on WebElement (attempt 1)
🔹 Attempting JS click...
2025-09-20 21:36:58 [main] INFO  demoqaLog - 🔹 Attempting JS click...
2025-09-20 21:36:58 [main] INFO  demoqaBase - ✅ Selected Color: Red
2025-09-20 21:36:58 [main] INFO  demoqaBase - Available Color: Green
🔹 Trying JS click on WebElement (attempt 1)
2025-09-20 21:36:58 [main] INFO  demoqaLog - 🔹 Trying JS click on WebElement (attempt 1)
🔹 Attempting JS click...
2025-09-20 21:36:58 [main] INFO  demoqaLog - 🔹 Attempting JS click...
2025-09-20 21:36:58 [main] INFO  demoqaBase - ✅ Selected Color: Green
2025-09-20 21:36:58 [main] INFO  demoqaBase - Available Color: Purple
🔹 Trying JS click on WebElement (attempt 1)
2025-09-20 21:36:58 [main] INFO  demoqaLog - 🔹 Trying JS click on WebElement (attempt 1)
🔹 Attempting JS click...
2025-09-20 21:36:58 [main] INFO  demoqaLog - 🔹 Attempting JS click...
2025-09-20 21:36:58 [main] INFO  demoqaBase - ✅ Selected Color: Purple
2025-09-20 21:36:58 [main] INFO  demoqaBase - 🎯 Final selected colors: [Red, Green, Purple]
2025-09-20 21:36:58 [main] INFO  demoqaBase - ✅ Widgets|Auto Complete Test Completed...
]]></system-out>
  </testcase>
  <testcase name="AutoCompleteSearch[ColorSelectionData{searchFor=&apos;T&apos;, expectedColors=[White, Voilet, Magenta]}](17)" classname="tests.WidgetsTests" time="31.731">
    <system-out><![CDATA[2025-09-20 21:36:58 [main] INFO  demoqaBase - Closing browser for test: AutoCompleteSearch
2025-09-20 21:36:59 [main] INFO  DriverFactory - 🌐 Starting Chrome Web Browser...
2025-09-20 21:36:59 [main] INFO  DriverFactory - ✅ Created temporary Chrome profile at C:\Users\dell\AppData\Local\Temp\chrome-profile-3909976724345183748
2025-09-20 21:37:00 [main] INFO  DriverFactory - 🚀 WebDriver started successfully
2025-09-20 21:37:00 [main] INFO  RetryUrlAccess - 🌐 Navigating to URL (attempt 1): https://demoqa.com
2025-09-20 21:37:03 [main] INFO  RetryUrlAccess - ✅ Navigation successful on attempt 1
2025-09-20 21:37:03 [main] INFO  demoqaBase - 🧪 Starting Test Widgets|Auto Complete...
2025-09-20 21:37:03 [main] INFO  demoqaBase - Accessing Widgets Card...
Declared Instance WebDriverWait: org.openqa.selenium.support.ui.WebDriverWait@7105eff0
2025-09-20 21:37:03 [main] INFO  demoqaLog - Clicking on Widgets Card...
🔹 Trying JS click by locator (attempt 1)
2025-09-20 21:37:03 [main] INFO  demoqaLog - 🔹 Trying JS click by locator (attempt 1)
🔹 Attempting JS click...
2025-09-20 21:37:03 [main] INFO  demoqaLog - 🔹 Attempting JS click...
2025-09-20 21:37:03 [main] INFO  demoqaLog - Clicked on Widgets Card...
Title of this Page is: DEMOQA
You are Accessing: Widgets
 
2025-09-20 21:37:03 [main] INFO  demoqaBase - Widgets: Please select an item from left to start practice.
2025-09-20 21:37:03 [main] INFO  demoqaBase - Clicking on Widgets|AutoComplete...
You are now Accessing: Auto Complete
2025-09-20 21:37:04 [main] INFO  demoqaBase - You are now Accessing: Auto Complete
Searching Colors using: T
Expected Color to be selected is/are: [White, Voilet, Magenta]
2025-09-20 21:37:04 [main] INFO  demoqaBase - 🔍 Running test for search character: T
2025-09-20 21:37:04 [main] INFO  demoqaLog - ⏳ Waiting for page to fully load (timeout: 30s)
2025-09-20 21:37:34 [main] WARN  demoqaLog - ⚠️ Page did not load within 30 seconds.
2025-09-20 21:37:34 [main] INFO  demoqaBase - Clicking on Widgets | Auto Complete | Type multiple color names...
Searching Colors using: T
Expected Color to be selected is/are: [White, Voilet, Magenta]
2025-09-20 21:37:34 [main] INFO  demoqaBase - You are now Accessing: Auto Complete
2025-09-20 21:37:34 [main] INFO  demoqaBase - Available Color: White
🔹 Trying JS click on WebElement (attempt 1)
2025-09-20 21:37:34 [main] INFO  demoqaLog - 🔹 Trying JS click on WebElement (attempt 1)
🔹 Attempting JS click...
2025-09-20 21:37:34 [main] INFO  demoqaLog - 🔹 Attempting JS click...
2025-09-20 21:37:34 [main] INFO  demoqaBase - ✅ Selected Color: White
2025-09-20 21:37:35 [main] INFO  demoqaBase - Available Color: Voilet
🔹 Trying JS click on WebElement (attempt 1)
2025-09-20 21:37:35 [main] INFO  demoqaLog - 🔹 Trying JS click on WebElement (attempt 1)
🔹 Attempting JS click...
2025-09-20 21:37:35 [main] INFO  demoqaLog - 🔹 Attempting JS click...
2025-09-20 21:37:35 [main] INFO  demoqaBase - ✅ Selected Color: Voilet
2025-09-20 21:37:35 [main] INFO  demoqaBase - Available Color: Magenta
🔹 Trying JS click on WebElement (attempt 1)
2025-09-20 21:37:35 [main] INFO  demoqaLog - 🔹 Trying JS click on WebElement (attempt 1)
🔹 Attempting JS click...
2025-09-20 21:37:35 [main] INFO  demoqaLog - 🔹 Attempting JS click...
2025-09-20 21:37:35 [main] INFO  demoqaBase - ✅ Selected Color: Magenta
2025-09-20 21:37:35 [main] INFO  demoqaBase - 🎯 Final selected colors: [White, Voilet, Magenta]
2025-09-20 21:37:35 [main] INFO  demoqaBase - ✅ Widgets|Auto Complete Test Completed...
]]></system-out>
  </testcase>
  <testcase name="AutoCompleteSearch[ColorSelectionData{searchFor=&apos;U&apos;, expectedColors=[Blue, Purple, Aqua]}](18)" classname="tests.WidgetsTests" time="22.16">
    <system-out><![CDATA[2025-09-20 21:37:35 [main] INFO  demoqaBase - Closing browser for test: AutoCompleteSearch
2025-09-20 21:37:36 [main] INFO  DriverFactory - 🌐 Starting Chrome Web Browser...
2025-09-20 21:37:36 [main] INFO  DriverFactory - ✅ Created temporary Chrome profile at C:\Users\dell\AppData\Local\Temp\chrome-profile-14946051089294336955
2025-09-20 21:37:37 [main] INFO  DriverFactory - 🚀 WebDriver started successfully
2025-09-20 21:37:37 [main] INFO  RetryUrlAccess - 🌐 Navigating to URL (attempt 1): https://demoqa.com
2025-09-20 21:37:41 [main] INFO  RetryUrlAccess - ✅ Navigation successful on attempt 1
2025-09-20 21:37:41 [main] INFO  demoqaBase - 🧪 Starting Test Widgets|Auto Complete...
2025-09-20 21:37:41 [main] INFO  demoqaBase - Accessing Widgets Card...
Declared Instance WebDriverWait: org.openqa.selenium.support.ui.WebDriverWait@7778b38d
2025-09-20 21:37:41 [main] INFO  demoqaLog - Clicking on Widgets Card...
🔹 Trying JS click by locator (attempt 1)
2025-09-20 21:37:41 [main] INFO  demoqaLog - 🔹 Trying JS click by locator (attempt 1)
🔹 Attempting JS click...
2025-09-20 21:37:41 [main] INFO  demoqaLog - 🔹 Attempting JS click...
2025-09-20 21:37:41 [main] INFO  demoqaLog - Clicked on Widgets Card...
Title of this Page is: DEMOQA
You are Accessing: Widgets
 
2025-09-20 21:37:41 [main] INFO  demoqaBase - Widgets: Please select an item from left to start practice.
2025-09-20 21:37:41 [main] INFO  demoqaBase - Clicking on Widgets|AutoComplete...
You are now Accessing: Auto Complete
2025-09-20 21:37:41 [main] INFO  demoqaBase - You are now Accessing: Auto Complete
Searching Colors using: U
Expected Color to be selected is/are: [Blue, Purple, Aqua]
2025-09-20 21:37:41 [main] INFO  demoqaBase - 🔍 Running test for search character: U
2025-09-20 21:37:41 [main] INFO  demoqaLog - ⏳ Waiting for page to fully load (timeout: 30s)
2025-09-20 21:38:02 [main] INFO  demoqaLog - ✅ Page load completed.
2025-09-20 21:38:02 [main] INFO  demoqaBase - Clicking on Widgets | Auto Complete | Type multiple color names...
Searching Colors using: U
Expected Color to be selected is/are: [Blue, Purple, Aqua]
2025-09-20 21:38:02 [main] INFO  demoqaBase - You are now Accessing: Auto Complete
2025-09-20 21:38:02 [main] INFO  demoqaBase - Available Color: Blue
🔹 Trying JS click on WebElement (attempt 1)
2025-09-20 21:38:02 [main] INFO  demoqaLog - 🔹 Trying JS click on WebElement (attempt 1)
🔹 Attempting JS click...
2025-09-20 21:38:02 [main] INFO  demoqaLog - 🔹 Attempting JS click...
2025-09-20 21:38:02 [main] INFO  demoqaBase - ✅ Selected Color: Blue
2025-09-20 21:38:02 [main] INFO  demoqaBase - Available Color: Purple
🔹 Trying JS click on WebElement (attempt 1)
2025-09-20 21:38:02 [main] INFO  demoqaLog - 🔹 Trying JS click on WebElement (attempt 1)
🔹 Attempting JS click...
2025-09-20 21:38:02 [main] INFO  demoqaLog - 🔹 Attempting JS click...
2025-09-20 21:38:03 [main] INFO  demoqaBase - ✅ Selected Color: Purple
2025-09-20 21:38:03 [main] INFO  demoqaBase - Available Color: Aqua
🔹 Trying JS click on WebElement (attempt 1)
2025-09-20 21:38:03 [main] INFO  demoqaLog - 🔹 Trying JS click on WebElement (attempt 1)
🔹 Attempting JS click...
2025-09-20 21:38:03 [main] INFO  demoqaLog - 🔹 Attempting JS click...
2025-09-20 21:38:03 [main] INFO  demoqaBase - ✅ Selected Color: Aqua
2025-09-20 21:38:03 [main] INFO  demoqaBase - 🎯 Final selected colors: [Blue, Purple, Aqua]
2025-09-20 21:38:03 [main] INFO  demoqaBase - ✅ Widgets|Auto Complete Test Completed...
]]></system-out>
  </testcase>
  <testcase name="AutoCompleteSearch[ColorSelectionData{searchFor=&apos;V&apos;, expectedColors=[Voilet]}](19)" classname="tests.WidgetsTests" time="30.984">
    <system-out><![CDATA[2025-09-20 21:38:03 [main] INFO  demoqaBase - Closing browser for test: AutoCompleteSearch
2025-09-20 21:38:04 [main] INFO  DriverFactory - 🌐 Starting Chrome Web Browser...
2025-09-20 21:38:04 [main] INFO  DriverFactory - ✅ Created temporary Chrome profile at C:\Users\dell\AppData\Local\Temp\chrome-profile-11773009731441105299
2025-09-20 21:38:05 [main] INFO  DriverFactory - 🚀 WebDriver started successfully
2025-09-20 21:38:05 [main] INFO  RetryUrlAccess - 🌐 Navigating to URL (attempt 1): https://demoqa.com
2025-09-20 21:38:08 [main] INFO  RetryUrlAccess - ✅ Navigation successful on attempt 1
2025-09-20 21:38:08 [main] INFO  demoqaBase - 🧪 Starting Test Widgets|Auto Complete...
2025-09-20 21:38:08 [main] INFO  demoqaBase - Accessing Widgets Card...
Declared Instance WebDriverWait: org.openqa.selenium.support.ui.WebDriverWait@54849403
2025-09-20 21:38:08 [main] INFO  demoqaLog - Clicking on Widgets Card...
🔹 Trying JS click by locator (attempt 1)
2025-09-20 21:38:08 [main] INFO  demoqaLog - 🔹 Trying JS click by locator (attempt 1)
🔹 Attempting JS click...
2025-09-20 21:38:08 [main] INFO  demoqaLog - 🔹 Attempting JS click...
2025-09-20 21:38:09 [main] INFO  demoqaLog - Clicked on Widgets Card...
Title of this Page is: DEMOQA
You are Accessing: Widgets
 
2025-09-20 21:38:09 [main] INFO  demoqaBase - Widgets: Please select an item from left to start practice.
2025-09-20 21:38:09 [main] INFO  demoqaBase - Clicking on Widgets|AutoComplete...
You are now Accessing: Auto Complete
2025-09-20 21:38:09 [main] INFO  demoqaBase - You are now Accessing: Auto Complete
Searching Colors using: V
Expected Color to be selected is/are: [Voilet]
2025-09-20 21:38:09 [main] INFO  demoqaBase - 🔍 Running test for search character: V
2025-09-20 21:38:09 [main] INFO  demoqaLog - ⏳ Waiting for page to fully load (timeout: 30s)
2025-09-20 21:38:39 [main] WARN  demoqaLog - ⚠️ Page did not load within 30 seconds.
2025-09-20 21:38:39 [main] INFO  demoqaBase - Clicking on Widgets | Auto Complete | Type multiple color names...
Searching Colors using: V
Expected Color to be selected is/are: [Voilet]
2025-09-20 21:38:39 [main] INFO  demoqaBase - You are now Accessing: Auto Complete
2025-09-20 21:38:39 [main] INFO  demoqaBase - Available Color: Voilet
🔹 Trying JS click on WebElement (attempt 1)
2025-09-20 21:38:39 [main] INFO  demoqaLog - 🔹 Trying JS click on WebElement (attempt 1)
🔹 Attempting JS click...
2025-09-20 21:38:39 [main] INFO  demoqaLog - 🔹 Attempting JS click...
2025-09-20 21:38:39 [main] INFO  demoqaBase - ✅ Selected Color: Voilet
2025-09-20 21:38:39 [main] INFO  demoqaBase - 🎯 Final selected colors: [Voilet]
2025-09-20 21:38:39 [main] INFO  demoqaBase - ✅ Widgets|Auto Complete Test Completed...
]]></system-out>
  </testcase>
  <testcase name="AutoCompleteSearch[ColorSelectionData{searchFor=&apos;W&apos;, expectedColors=[Yellow, White]}](20)" classname="tests.WidgetsTests" time="18.4">
    <system-out><![CDATA[2025-09-20 21:38:39 [main] INFO  demoqaBase - Closing browser for test: AutoCompleteSearch
2025-09-20 21:38:40 [main] INFO  DriverFactory - 🌐 Starting Chrome Web Browser...
2025-09-20 21:38:40 [main] INFO  DriverFactory - ✅ Created temporary Chrome profile at C:\Users\dell\AppData\Local\Temp\chrome-profile-2564234949931342976
2025-09-20 21:38:41 [main] INFO  DriverFactory - 🚀 WebDriver started successfully
2025-09-20 21:38:41 [main] INFO  RetryUrlAccess - 🌐 Navigating to URL (attempt 1): https://demoqa.com
2025-09-20 21:38:45 [main] INFO  RetryUrlAccess - ✅ Navigation successful on attempt 1
2025-09-20 21:38:45 [main] INFO  demoqaBase - 🧪 Starting Test Widgets|Auto Complete...
2025-09-20 21:38:45 [main] INFO  demoqaBase - Accessing Widgets Card...
Declared Instance WebDriverWait: org.openqa.selenium.support.ui.WebDriverWait@40663e91
2025-09-20 21:38:45 [main] INFO  demoqaLog - Clicking on Widgets Card...
🔹 Trying JS click by locator (attempt 1)
2025-09-20 21:38:45 [main] INFO  demoqaLog - 🔹 Trying JS click by locator (attempt 1)
🔹 Attempting JS click...
2025-09-20 21:38:45 [main] INFO  demoqaLog - 🔹 Attempting JS click...
2025-09-20 21:38:45 [main] INFO  demoqaLog - Clicked on Widgets Card...
Title of this Page is: DEMOQA
You are Accessing: Widgets
 
2025-09-20 21:38:45 [main] INFO  demoqaBase - Widgets: Please select an item from left to start practice.
2025-09-20 21:38:45 [main] INFO  demoqaBase - Clicking on Widgets|AutoComplete...
You are now Accessing: Auto Complete
2025-09-20 21:38:45 [main] INFO  demoqaBase - You are now Accessing: Auto Complete
Searching Colors using: W
Expected Color to be selected is/are: [Yellow, White]
2025-09-20 21:38:45 [main] INFO  demoqaBase - 🔍 Running test for search character: W
2025-09-20 21:38:45 [main] INFO  demoqaLog - ⏳ Waiting for page to fully load (timeout: 30s)
2025-09-20 21:39:02 [main] INFO  demoqaLog - ✅ Page load completed.
2025-09-20 21:39:02 [main] INFO  demoqaBase - Clicking on Widgets | Auto Complete | Type multiple color names...
Searching Colors using: W
Expected Color to be selected is/are: [Yellow, White]
2025-09-20 21:39:02 [main] INFO  demoqaBase - You are now Accessing: Auto Complete
2025-09-20 21:39:03 [main] INFO  demoqaBase - Available Color: Yellow
🔹 Trying JS click on WebElement (attempt 1)
2025-09-20 21:39:03 [main] INFO  demoqaLog - 🔹 Trying JS click on WebElement (attempt 1)
🔹 Attempting JS click...
2025-09-20 21:39:03 [main] INFO  demoqaLog - 🔹 Attempting JS click...
2025-09-20 21:39:03 [main] INFO  demoqaBase - ✅ Selected Color: Yellow
2025-09-20 21:39:03 [main] INFO  demoqaBase - Available Color: White
🔹 Trying JS click on WebElement (attempt 1)
2025-09-20 21:39:03 [main] INFO  demoqaLog - 🔹 Trying JS click on WebElement (attempt 1)
🔹 Attempting JS click...
2025-09-20 21:39:03 [main] INFO  demoqaLog - 🔹 Attempting JS click...
2025-09-20 21:39:03 [main] INFO  demoqaBase - ✅ Selected Color: White
2025-09-20 21:39:03 [main] INFO  demoqaBase - 🎯 Final selected colors: [Yellow, White]
2025-09-20 21:39:03 [main] INFO  demoqaBase - ✅ Widgets|Auto Complete Test Completed...
]]></system-out>
  </testcase>
  <testcase name="AutoCompleteSearch[ColorSelectionData{searchFor=&apos;Y&apos;, expectedColors=[Yellow]}](21)" classname="tests.WidgetsTests" time="31.313">
    <system-out><![CDATA[2025-09-20 21:39:03 [main] INFO  demoqaBase - Closing browser for test: AutoCompleteSearch
2025-09-20 21:39:04 [main] INFO  DriverFactory - 🌐 Starting Chrome Web Browser...
2025-09-20 21:39:04 [main] INFO  DriverFactory - ✅ Created temporary Chrome profile at C:\Users\dell\AppData\Local\Temp\chrome-profile-541083098295297440
2025-09-20 21:39:05 [main] INFO  DriverFactory - 🚀 WebDriver started successfully
2025-09-20 21:39:05 [main] INFO  RetryUrlAccess - 🌐 Navigating to URL (attempt 1): https://demoqa.com
2025-09-20 21:39:08 [main] INFO  RetryUrlAccess - ✅ Navigation successful on attempt 1
2025-09-20 21:39:08 [main] INFO  demoqaBase - 🧪 Starting Test Widgets|Auto Complete...
2025-09-20 21:39:08 [main] INFO  demoqaBase - Accessing Widgets Card...
Declared Instance WebDriverWait: org.openqa.selenium.support.ui.WebDriverWait@485000e6
2025-09-20 21:39:08 [main] INFO  demoqaLog - Clicking on Widgets Card...
🔹 Trying JS click by locator (attempt 1)
2025-09-20 21:39:08 [main] INFO  demoqaLog - 🔹 Trying JS click by locator (attempt 1)
🔹 Attempting JS click...
2025-09-20 21:39:08 [main] INFO  demoqaLog - 🔹 Attempting JS click...
2025-09-20 21:39:08 [main] INFO  demoqaLog - Clicked on Widgets Card...
Title of this Page is: DEMOQA
You are Accessing: Widgets
 
2025-09-20 21:39:09 [main] INFO  demoqaBase - Widgets: Please select an item from left to start practice.
2025-09-20 21:39:09 [main] INFO  demoqaBase - Clicking on Widgets|AutoComplete...
You are now Accessing: Auto Complete
2025-09-20 21:39:09 [main] INFO  demoqaBase - You are now Accessing: Auto Complete
Searching Colors using: Y
Expected Color to be selected is/are: [Yellow]
2025-09-20 21:39:09 [main] INFO  demoqaBase - 🔍 Running test for search character: Y
2025-09-20 21:39:09 [main] INFO  demoqaLog - ⏳ Waiting for page to fully load (timeout: 30s)
2025-09-20 21:39:39 [main] WARN  demoqaLog - ⚠️ Page did not load within 30 seconds.
2025-09-20 21:39:39 [main] INFO  demoqaBase - Clicking on Widgets | Auto Complete | Type multiple color names...
Searching Colors using: Y
Expected Color to be selected is/are: [Yellow]
2025-09-20 21:39:39 [main] INFO  demoqaBase - You are now Accessing: Auto Complete
2025-09-20 21:39:39 [main] INFO  demoqaBase - Available Color: Yellow
🔹 Trying JS click on WebElement (attempt 1)
2025-09-20 21:39:39 [main] INFO  demoqaLog - 🔹 Trying JS click on WebElement (attempt 1)
🔹 Attempting JS click...
2025-09-20 21:39:39 [main] INFO  demoqaLog - 🔹 Attempting JS click...
2025-09-20 21:39:40 [main] INFO  demoqaBase - ✅ Selected Color: Yellow
2025-09-20 21:39:40 [main] INFO  demoqaBase - 🎯 Final selected colors: [Yellow]
2025-09-20 21:39:40 [main] INFO  demoqaBase - ✅ Widgets|Auto Complete Test Completed...
]]></system-out>
  </testcase>
  <testcase name="AutoCompleteSearchRemove[ColorSelectionData{searchFor=&apos;E&apos;, expectedColors=[Green, Yellow]}](1)" classname="tests.WidgetsTests" time="19.727">
    <system-out><![CDATA[2025-09-20 21:39:40 [main] INFO  demoqaBase - Closing browser for test: AutoCompleteSearch
2025-09-20 21:39:40 [main] WARN  PauseManager - ⏸ Pausing for 5 minutes after 120 tests...
2025-09-20 21:39:40 [main] INFO  PauseManager - ▶ Resuming in 5 minutes...
2025-09-20 21:40:41 [main] INFO  PauseManager - ▶ Resuming in 4 minutes...
2025-09-20 21:41:41 [main] INFO  PauseManager - ▶ Resuming in 3 minutes...
2025-09-20 21:42:42 [main] INFO  PauseManager - ▶ Resuming in 2 minutes...
2025-09-20 21:43:42 [main] INFO  PauseManager - ▶ Resuming in 1 minutes...
2025-09-20 21:44:33 [main] INFO  PauseManager - ▶ Resuming in 10 seconds...
2025-09-20 21:44:34 [main] INFO  PauseManager - ▶ Resuming in 9 seconds...
2025-09-20 21:44:35 [main] INFO  PauseManager - ▶ Resuming in 8 seconds...
2025-09-20 21:44:36 [main] INFO  PauseManager - ▶ Resuming in 7 seconds...
2025-09-20 21:44:37 [main] INFO  PauseManager - ▶ Resuming in 6 seconds...
2025-09-20 21:44:38 [main] INFO  PauseManager - ▶ Resuming in 5 seconds...
2025-09-20 21:44:39 [main] INFO  PauseManager - ▶ Resuming in 4 seconds...
2025-09-20 21:44:40 [main] INFO  PauseManager - ▶ Resuming in 3 seconds...
2025-09-20 21:44:41 [main] INFO  PauseManager - ▶ Resuming in 2 seconds...
2025-09-20 21:44:42 [main] INFO  PauseManager - ▶ Resuming in 1 seconds...
2025-09-20 21:44:43 [main] INFO  PauseManager - ✅ Pause complete. Resuming tests...
🧾 Row 1: {SearchFor=E, ExpectedColors=Green,Yellow}
🔍 Mapping field: searchFor | Excel Column: SearchFor | Value: E
🔍 Mapping field: expectedColorsRaw | Excel Column: ExpectedColors | Value: Green,Yellow
2025-09-20 21:44:43 [main] INFO  DriverFactory - 🌐 Starting Chrome Web Browser...
2025-09-20 21:44:43 [main] INFO  DriverFactory - ✅ Created temporary Chrome profile at C:\Users\dell\AppData\Local\Temp\chrome-profile-15605239595220067210
2025-09-20 21:44:44 [main] INFO  DriverFactory - 🚀 WebDriver started successfully
2025-09-20 21:44:44 [main] INFO  RetryUrlAccess - 🌐 Navigating to URL (attempt 1): https://demoqa.com
2025-09-20 21:44:48 [main] INFO  RetryUrlAccess - ✅ Navigation successful on attempt 1
2025-09-20 21:44:48 [main] INFO  demoqaBase - 🧪 Starting Test Widgets|Auto Complete - Select & Remove Flow
2025-09-20 21:44:48 [main] INFO  demoqaBase - Accessing Widgets Card...
Declared Instance WebDriverWait: org.openqa.selenium.support.ui.WebDriverWait@5ef1338d
2025-09-20 21:44:48 [main] INFO  demoqaLog - Clicking on Widgets Card...
🔹 Trying JS click by locator (attempt 1)
2025-09-20 21:44:48 [main] INFO  demoqaLog - 🔹 Trying JS click by locator (attempt 1)
🔹 Attempting JS click...
2025-09-20 21:44:48 [main] INFO  demoqaLog - 🔹 Attempting JS click...
2025-09-20 21:44:48 [main] INFO  demoqaLog - Clicked on Widgets Card...
Title of this Page is: DEMOQA
You are Accessing: Widgets
 
2025-09-20 21:44:48 [main] INFO  demoqaBase - Widgets: Please select an item from left to start practice.
2025-09-20 21:44:48 [main] INFO  demoqaBase - Clicking on Widgets|AutoComplete...
You are now Accessing: Auto Complete
2025-09-20 21:44:48 [main] INFO  demoqaBase - You are now Accessing: Auto Complete
2025-09-20 21:44:48 [main] INFO  demoqaLog - ⏳ Waiting for page to fully load (timeout: 30s)
2025-09-20 21:45:02 [main] INFO  demoqaLog - ✅ Page load completed.
🧾 Row 1: {SearchFor=A, ExpectedColors=Black,Magenta,Aqua}
🔍 Mapping field: searchFor | Excel Column: SearchFor | Value: A
🔍 Mapping field: expectedColorsRaw | Excel Column: ExpectedColors | Value: Black,Magenta,Aqua
🧾 Row 2: {SearchFor=B, ExpectedColors=Blue,Black}
🔍 Mapping field: searchFor | Excel Column: SearchFor | Value: B
🔍 Mapping field: expectedColorsRaw | Excel Column: ExpectedColors | Value: Blue,Black
🧾 Row 3: {SearchFor=C, ExpectedColors=Black}
🔍 Mapping field: searchFor | Excel Column: SearchFor | Value: C
🔍 Mapping field: expectedColorsRaw | Excel Column: ExpectedColors | Value: Black
🧾 Row 4: {SearchFor=D, ExpectedColors=Red,Indigo}
🔍 Mapping field: searchFor | Excel Column: SearchFor | Value: D
🔍 Mapping field: expectedColorsRaw | Excel Column: ExpectedColors | Value: Red,Indigo
🧾 Row 5: {SearchFor=E, ExpectedColors=Red,Blue,Green,Yellow,Purple,White,Voilet,Magenta}
🔍 Mapping field: searchFor | Excel Column: SearchFor | Value: E
🔍 Mapping field: expectedColorsRaw | Excel Column: ExpectedColors | Value: Red,Blue,Green,Yellow,Purple,White,Voilet,Magenta
🧾 Row 6: {SearchFor=G, ExpectedColors=Green,Indigo,Magenta}
🔍 Mapping field: searchFor | Excel Column: SearchFor | Value: G
🔍 Mapping field: expectedColorsRaw | Excel Column: ExpectedColors | Value: Green,Indigo,Magenta
🧾 Row 7: {SearchFor=H, ExpectedColors=White}
🔍 Mapping field: searchFor | Excel Column: SearchFor | Value: H
🔍 Mapping field: expectedColorsRaw | Excel Column: ExpectedColors | Value: White
🧾 Row 8: {SearchFor=I, ExpectedColors=White,Voilet,Indigo}
🔍 Mapping field: searchFor | Excel Column: SearchFor | Value: I
🔍 Mapping field: expectedColorsRaw | Excel Column: ExpectedColors | Value: White,Voilet,Indigo
🧾 Row 9: {SearchFor=K, ExpectedColors=Black}
🔍 Mapping field: searchFor | Excel Column: SearchFor | Value: K
🔍 Mapping field: expectedColorsRaw | Excel Column: ExpectedColors | Value: Black
🧾 Row 10: {SearchFor=L, ExpectedColors=Blue,Yellow,Purple,Black,Voilet}
🔍 Mapping field: searchFor | Excel Column: SearchFor | Value: L
🔍 Mapping field: expectedColorsRaw | Excel Column: ExpectedColors | Value: Blue,Yellow,Purple,Black,Voilet
🧾 Row 11: {SearchFor=M, ExpectedColors=Magenta}
🔍 Mapping field: searchFor | Excel Column: SearchFor | Value: M
🔍 Mapping field: expectedColorsRaw | Excel Column: ExpectedColors | Value: Magenta
🧾 Row 12: {SearchFor=N, ExpectedColors=Green,Indigo,Magenta}
🔍 Mapping field: searchFor | Excel Column: SearchFor | Value: N
🔍 Mapping field: expectedColorsRaw | Excel Column: ExpectedColors | Value: Green,Indigo,Magenta
🧾 Row 13: {SearchFor=O, ExpectedColors=Yellow,Voilet,Indigo}
🔍 Mapping field: searchFor | Excel Column: SearchFor | Value: O
🔍 Mapping field: expectedColorsRaw | Excel Column: ExpectedColors | Value: Yellow,Voilet,Indigo
🧾 Row 14: {SearchFor=P, ExpectedColors=Purple}
🔍 Mapping field: searchFor | Excel Column: SearchFor | Value: P
🔍 Mapping field: expectedColorsRaw | Excel Column: ExpectedColors | Value: Purple
🧾 Row 15: {SearchFor=Q, ExpectedColors=Aqua}
🔍 Mapping field: searchFor | Excel Column: SearchFor | Value: Q
🔍 Mapping field: expectedColorsRaw | Excel Column: ExpectedColors | Value: Aqua
🧾 Row 16: {SearchFor=R, ExpectedColors=Red,Green,Purple}
🔍 Mapping field: searchFor | Excel Column: SearchFor | Value: R
🔍 Mapping field: expectedColorsRaw | Excel Column: ExpectedColors | Value: Red,Green,Purple
🧾 Row 17: {SearchFor=T, ExpectedColors=White,Voilet,Magenta}
🔍 Mapping field: searchFor | Excel Column: SearchFor | Value: T
🔍 Mapping field: expectedColorsRaw | Excel Column: ExpectedColors | Value: White,Voilet,Magenta
🧾 Row 18: {SearchFor=U, ExpectedColors=Blue,Purple,Aqua}
🔍 Mapping field: searchFor | Excel Column: SearchFor | Value: U
🔍 Mapping field: expectedColorsRaw | Excel Column: ExpectedColors | Value: Blue,Purple,Aqua
🧾 Row 19: {SearchFor=V, ExpectedColors=Voilet}
🔍 Mapping field: searchFor | Excel Column: SearchFor | Value: V
🔍 Mapping field: expectedColorsRaw | Excel Column: ExpectedColors | Value: Voilet
🧾 Row 20: {SearchFor=W, ExpectedColors=Yellow,White}
🔍 Mapping field: searchFor | Excel Column: SearchFor | Value: W
🔍 Mapping field: expectedColorsRaw | Excel Column: ExpectedColors | Value: Yellow,White
🧾 Row 21: {SearchFor=Y, ExpectedColors=Yellow}
🔍 Mapping field: searchFor | Excel Column: SearchFor | Value: Y
🔍 Mapping field: expectedColorsRaw | Excel Column: ExpectedColors | Value: Yellow
2025-09-20 21:45:02 [main] INFO  demoqaBase - 🎨 Selecting colors for 'E': [Red, Blue, Green, Yellow, Purple, White, Voilet, Magenta]
🔹 Trying JS click on WebElement (attempt 1)
2025-09-20 21:45:02 [main] INFO  demoqaLog - 🔹 Trying JS click on WebElement (attempt 1)
🔹 Attempting JS click...
2025-09-20 21:45:02 [main] INFO  demoqaLog - 🔹 Attempting JS click...
2025-09-20 21:45:03 [main] INFO  demoqaBase - ✅ Selected color 'Red' for 'E'
🔹 Trying JS click on WebElement (attempt 1)
2025-09-20 21:45:03 [main] INFO  demoqaLog - 🔹 Trying JS click on WebElement (attempt 1)
🔹 Attempting JS click...
2025-09-20 21:45:03 [main] INFO  demoqaLog - 🔹 Attempting JS click...
2025-09-20 21:45:03 [main] INFO  demoqaBase - ✅ Selected color 'Blue' for 'E'
🔹 Trying JS click on WebElement (attempt 1)
2025-09-20 21:45:04 [main] INFO  demoqaLog - 🔹 Trying JS click on WebElement (attempt 1)
🔹 Attempting JS click...
2025-09-20 21:45:04 [main] INFO  demoqaLog - 🔹 Attempting JS click...
2025-09-20 21:45:04 [main] INFO  demoqaBase - ✅ Selected color 'Green' for 'E'
🔹 Trying JS click on WebElement (attempt 1)
2025-09-20 21:45:04 [main] INFO  demoqaLog - 🔹 Trying JS click on WebElement (attempt 1)
🔹 Attempting JS click...
2025-09-20 21:45:04 [main] INFO  demoqaLog - 🔹 Attempting JS click...
2025-09-20 21:45:04 [main] INFO  demoqaBase - ✅ Selected color 'Yellow' for 'E'
🔹 Trying JS click on WebElement (attempt 1)
2025-09-20 21:45:05 [main] INFO  demoqaLog - 🔹 Trying JS click on WebElement (attempt 1)
🔹 Attempting JS click...
2025-09-20 21:45:05 [main] INFO  demoqaLog - 🔹 Attempting JS click...
2025-09-20 21:45:05 [main] INFO  demoqaBase - ✅ Selected color 'Purple' for 'E'
🔹 Trying JS click on WebElement (attempt 1)
2025-09-20 21:45:05 [main] INFO  demoqaLog - 🔹 Trying JS click on WebElement (attempt 1)
🔹 Attempting JS click...
2025-09-20 21:45:05 [main] INFO  demoqaLog - 🔹 Attempting JS click...
2025-09-20 21:45:06 [main] INFO  demoqaBase - ✅ Selected color 'White' for 'E'
🔹 Trying JS click on WebElement (attempt 1)
2025-09-20 21:45:06 [main] INFO  demoqaLog - 🔹 Trying JS click on WebElement (attempt 1)
🔹 Attempting JS click...
2025-09-20 21:45:06 [main] INFO  demoqaLog - 🔹 Attempting JS click...
2025-09-20 21:45:06 [main] INFO  demoqaBase - ✅ Selected color 'Voilet' for 'E'
🔹 Trying JS click on WebElement (attempt 1)
2025-09-20 21:45:07 [main] INFO  demoqaLog - 🔹 Trying JS click on WebElement (attempt 1)
🔹 Attempting JS click...
2025-09-20 21:45:07 [main] INFO  demoqaLog - 🔹 Attempting JS click...
2025-09-20 21:45:07 [main] INFO  demoqaBase - ✅ Selected color 'Magenta' for 'E'
🧾 Row 1: {SearchFor=E, ExpectedColors=Green,Yellow}
🔍 Mapping field: searchFor | Excel Column: SearchFor | Value: E
🔍 Mapping field: expectedColorsRaw | Excel Column: ExpectedColors | Value: Green,Yellow
2025-09-20 21:45:07 [main] INFO  demoqaBase - 🗑️ Attempting to remove colors for 'E': [Green, Yellow]
2025-09-20 21:45:07 [main] INFO  demoqaBase - 🗑️ Removed color: Green
2025-09-20 21:45:07 [main] INFO  demoqaBase - 🗑️ Removed color: Yellow
2025-09-20 21:45:07 [main] INFO  demoqaBase - ✅ Assertion passed: Color 'Green' successfully removed.
2025-09-20 21:45:07 [main] INFO  demoqaBase - ✅ Assertion passed: Color 'Yellow' successfully removed.
2025-09-20 21:45:07 [main] INFO  demoqaBase - ✅ Auto Complete Select & Remove Flow completed for 'E'
]]></system-out>
  </testcase>
  <testcase name="AutoCompleteSingle[E, Green](1)" classname="tests.WidgetsTests" time="34.489">
    <system-out><![CDATA[2025-09-20 21:45:07 [main] INFO  demoqaBase - Closing browser for test: AutoCompleteSearchRemove
2025-09-20 21:45:08 [main] INFO  DriverFactory - 🌐 Starting Chrome Web Browser...
2025-09-20 21:45:08 [main] INFO  DriverFactory - ✅ Created temporary Chrome profile at C:\Users\dell\AppData\Local\Temp\chrome-profile-12543198795756500720
2025-09-20 21:45:09 [main] INFO  DriverFactory - 🚀 WebDriver started successfully
2025-09-20 21:45:09 [main] INFO  RetryUrlAccess - 🌐 Navigating to URL (attempt 1): https://demoqa.com
2025-09-20 21:45:12 [main] INFO  RetryUrlAccess - ✅ Navigation successful on attempt 1
2025-09-20 21:45:12 [main] INFO  demoqaBase - 🧪 Starting Test Widgets|Auto Complete - Select & Remove Flow|Type single color name - Search & Select
2025-09-20 21:45:12 [main] INFO  demoqaBase - Accessing Widgets Card...
Declared Instance WebDriverWait: org.openqa.selenium.support.ui.WebDriverWait@5c837905
2025-09-20 21:45:12 [main] INFO  demoqaLog - Clicking on Widgets Card...
🔹 Trying JS click by locator (attempt 1)
2025-09-20 21:45:12 [main] INFO  demoqaLog - 🔹 Trying JS click by locator (attempt 1)
🔹 Attempting JS click...
2025-09-20 21:45:12 [main] INFO  demoqaLog - 🔹 Attempting JS click...
2025-09-20 21:45:12 [main] INFO  demoqaLog - Clicked on Widgets Card...
Title of this Page is: DEMOQA
You are Accessing: Widgets
 
2025-09-20 21:45:12 [main] INFO  demoqaBase - Widgets: Please select an item from left to start practice.
2025-09-20 21:45:12 [main] INFO  demoqaBase - Clicking on Widgets|AutoComplete...
You are now Accessing: Auto Complete
2025-09-20 21:45:13 [main] INFO  demoqaBase - You are now Accessing: Auto Complete
2025-09-20 21:45:13 [main] INFO  demoqaLog - ⏳ Waiting for page to fully load (timeout: 30s)
2025-09-20 21:45:43 [main] WARN  demoqaLog - ⚠️ Page did not load within 30 seconds.
2025-09-20 21:45:43 [main] INFO  demoqaBase - Clicking on Widgets | Auto Complete | Type single color name...
Searching Colors using: E
Expected Color to be selected is/are: Green
2025-09-20 21:45:43 [main] INFO  demoqaBase - You are now Accessing: Auto Complete
2025-09-20 21:45:43 [main] INFO  demoqaLog - ⏳ Waiting for page to fully load (timeout: 30s)
2025-09-20 21:45:43 [main] INFO  demoqaLog - ✅ Page load completed.
🔹 Trying JS click on WebElement (attempt 1)
2025-09-20 21:45:43 [main] INFO  demoqaLog - 🔹 Trying JS click on WebElement (attempt 1)
🔹 Attempting JS click...
2025-09-20 21:45:43 [main] INFO  demoqaLog - 🔹 Attempting JS click...
2025-09-20 21:45:43 [main] INFO  demoqaBase - Clicked on Search Box with Title: Type single color name
2025-09-20 21:45:47 [main] INFO  demoqaBase - ✅ Selected color 'Green'
2025-09-20 21:45:47 [main] INFO  demoqaBase - Asserted Selected Color is: Green
2025-09-20 21:45:47 [main] INFO  demoqaBase - ✅ Test Widgets|Auto Complete - Select & Remove Flow|Type single color name - Search & Select Completed
]]></system-out>
  </testcase>
  <testcase name="SingleAddRemove[E, Green](1)" classname="tests.WidgetsTests" time="63.151">
    <system-out><![CDATA[2025-09-20 21:45:47 [main] INFO  demoqaBase - Closing browser for test: AutoCompleteSingle
2025-09-20 21:45:47 [main] INFO  DriverFactory - 🌐 Starting Chrome Web Browser...
2025-09-20 21:45:47 [main] INFO  DriverFactory - ✅ Created temporary Chrome profile at C:\Users\dell\AppData\Local\Temp\chrome-profile-5668686630683426478
2025-09-20 21:45:48 [main] INFO  DriverFactory - 🚀 WebDriver started successfully
2025-09-20 21:45:48 [main] INFO  RetryUrlAccess - 🌐 Navigating to URL (attempt 1): https://demoqa.com
2025-09-20 21:45:51 [main] INFO  RetryUrlAccess - ✅ Navigation successful on attempt 1
2025-09-20 21:45:51 [main] INFO  demoqaBase - 🧪 Test Widgets|Auto Complete - Select & Remove Flow|Type single color name - Remove Selection
2025-09-20 21:45:51 [main] INFO  demoqaBase - Accessing Widgets Card...
Declared Instance WebDriverWait: org.openqa.selenium.support.ui.WebDriverWait@64fe5b7f
2025-09-20 21:45:51 [main] INFO  demoqaLog - Clicking on Widgets Card...
🔹 Trying JS click by locator (attempt 1)
2025-09-20 21:45:51 [main] INFO  demoqaLog - 🔹 Trying JS click by locator (attempt 1)
🔹 Attempting JS click...
2025-09-20 21:45:51 [main] INFO  demoqaLog - 🔹 Attempting JS click...
2025-09-20 21:45:51 [main] INFO  demoqaLog - Clicked on Widgets Card...
Title of this Page is: DEMOQA
You are Accessing: Widgets
 
2025-09-20 21:45:51 [main] INFO  demoqaBase - Widgets: Please select an item from left to start practice.
2025-09-20 21:45:51 [main] INFO  demoqaBase - Clicking on Widgets|AutoComplete...
You are now Accessing: Auto Complete
2025-09-20 21:45:52 [main] INFO  demoqaBase - You are now Accessing: Auto Complete
2025-09-20 21:45:52 [main] INFO  demoqaLog - ⏳ Waiting for page to fully load (timeout: 30s)
2025-09-20 21:46:22 [main] WARN  demoqaLog - ⚠️ Page did not load within 30 seconds.
2025-09-20 21:46:22 [main] INFO  demoqaBase - Clicking on Widgets | Auto Complete | Type single color name...
Searching Colors using: E
Expected Color to be selected is/are: Green
2025-09-20 21:46:22 [main] INFO  demoqaBase - You are now Accessing: Auto Complete
2025-09-20 21:46:22 [main] INFO  demoqaLog - ⏳ Waiting for page to fully load (timeout: 30s)
2025-09-20 21:46:51 [main] INFO  demoqaLog - ✅ Page load completed.
🔹 Trying JS click on WebElement (attempt 1)
2025-09-20 21:46:51 [main] INFO  demoqaLog - 🔹 Trying JS click on WebElement (attempt 1)
🔹 Attempting JS click...
2025-09-20 21:46:51 [main] INFO  demoqaLog - 🔹 Attempting JS click...
2025-09-20 21:46:51 [main] INFO  demoqaBase - Clicked on Search Box with Title: Type single color name
2025-09-20 21:46:54 [main] INFO  demoqaBase - ✅ Selected color 'Green'
2025-09-20 21:46:54 [main] INFO  demoqaBase - Asserted Selected Color is: Green
2025-09-20 21:46:54 [main] INFO  demoqaBase - 🔍 Checking selected color. Current value: 'Green'
2025-09-20 21:46:54 [main] INFO  demoqaBase - ✅ Native click succeeded on 'AutoCompleteSingle'
2025-09-20 21:46:54 [main] INFO  demoqaBase - ✅ Cleared color input for 'Green'
2025-09-20 21:46:54 [main] INFO  demoqaBase - ✅ Test Widgets|Auto Complete - Select & Remove Flow|Type single color name - Remove Selection Completed
]]></system-out>
  </testcase>
  <testcase name="ClickDatePicker" classname="tests.WidgetsTests" time="0.584">
    <system-out><![CDATA[2025-09-20 21:46:54 [main] INFO  demoqaBase - Closing browser for test: SingleAddRemove
2025-09-20 21:46:55 [main] INFO  DriverFactory - 🌐 Starting Chrome Web Browser...
2025-09-20 21:46:55 [main] INFO  DriverFactory - ✅ Created temporary Chrome profile at C:\Users\dell\AppData\Local\Temp\chrome-profile-10227380427216841236
2025-09-20 21:46:56 [main] INFO  DriverFactory - 🚀 WebDriver started successfully
2025-09-20 21:46:56 [main] INFO  RetryUrlAccess - 🌐 Navigating to URL (attempt 1): https://demoqa.com
2025-09-20 21:46:59 [main] INFO  RetryUrlAccess - ✅ Navigation successful on attempt 1
2025-09-20 21:46:59 [main] INFO  demoqaBase - 🧪 Starting Test Widgets|Date Picker...
2025-09-20 21:46:59 [main] INFO  demoqaBase - Accessing Widgets Card...
Declared Instance WebDriverWait: org.openqa.selenium.support.ui.WebDriverWait@38589ab5
2025-09-20 21:46:59 [main] INFO  demoqaLog - Clicking on Widgets Card...
🔹 Trying JS click by locator (attempt 1)
2025-09-20 21:46:59 [main] INFO  demoqaLog - 🔹 Trying JS click by locator (attempt 1)
🔹 Attempting JS click...
2025-09-20 21:46:59 [main] INFO  demoqaLog - 🔹 Attempting JS click...
2025-09-20 21:46:59 [main] INFO  demoqaLog - Clicked on Widgets Card...
Title of this Page is: DEMOQA
You are Accessing: Widgets
 
2025-09-20 21:47:00 [main] INFO  demoqaBase - Widgets: Please select an item from left to start practice.
2025-09-20 21:47:00 [main] INFO  demoqaBase - Clicking on Widgets|Date Picker...
🔹 Trying JS click on WebElement (attempt 1)
2025-09-20 21:47:00 [main] INFO  demoqaLog - 🔹 Trying JS click on WebElement (attempt 1)
🔹 Attempting JS click...
2025-09-20 21:47:00 [main] INFO  demoqaLog - 🔹 Attempting JS click...
You are now Accessing: Date Picker
2025-09-20 21:47:00 [main] INFO  demoqaBase - You are now Accessing: Date Picker
2025-09-20 21:47:00 [main] INFO  demoqaBase - ✅ Widgets|Date Picker Test Completed...
]]></system-out>
  </testcase>
  <testcase name="SelectDate[UserFormData{firstName=&apos;Johny&apos;, lastName=&apos;Bravo&apos;, userMail=&apos;Jbravo@demoqa.com&apos;, gender=&apos;Male&apos;, mobile=&apos;9.238343488E9&apos;, dob=&apos;15/08/2000&apos;, dobTime=&apos;6:45:00 am&apos;, subject=&apos;Computer Science&apos;, hobbies=&apos;Sports,Music&apos;, picturePath=&apos;/TestData/Mphoto.jpg&apos;, address=&apos;511 Grant 481, Prattsville\n Arkansas 72129\n United States&apos;, state=&apos;NCR&apos;, city=&apos;Delhi&apos;}](1)" classname="tests.WidgetsTests" time="31.143">
    <system-out><![CDATA[2025-09-20 21:47:00 [main] INFO  demoqaBase - Closing browser for test: ClickDatePicker
🧾 Row 1: {Salary=28000.0, Email=Jbravo@demoqa.com, DOBTime=6:45:00 am, Address=511 Grant 481, Prattsville\n Arkansas 72129\n United States, First Name=Johny, Gender=Male, City=Delhi, Mobile=9.238343488E9, Hobbies=Sports,Music, Subject=Computer Science, Current Address=301 Town 481, Brookville\n kansas 42129\n United States, Department=Information Technology, DOB=15/08/2000, Picture=/TestData/Mphoto.jpg, State=NCR, Last Name=Bravo, Age=34.0}
🔍 Mapping field: firstName | Excel Column: First Name | Value: Johny
🔍 Mapping field: lastName | Excel Column: Last Name | Value: Bravo
🔍 Mapping field: userMail | Excel Column: Email | Value: Jbravo@demoqa.com
🔍 Mapping field: gender | Excel Column: Gender | Value: Male
🔍 Mapping field: mobile | Excel Column: Mobile | Value: 9.238343488E9
🔍 Mapping field: dob | Excel Column: DOB | Value: 15/08/2000
🔍 Mapping field: dobTime | Excel Column: DOBTime | Value: 6:45:00 am
🔍 Mapping field: subject | Excel Column: Subject | Value: Computer Science
🔍 Mapping field: hobbies | Excel Column: Hobbies | Value: Sports,Music
🔍 Mapping field: picturePath | Excel Column: Picture | Value: /TestData/Mphoto.jpg
🔍 Mapping field: address | Excel Column: Address | Value: 511 Grant 481, Prattsville\n Arkansas 72129\n United States
🔍 Mapping field: state | Excel Column: State | Value: NCR
🔍 Mapping field: city | Excel Column: City | Value: Delhi
🧾 Row 2: {Salary=18000.0, Email=GFemina@demoqa.com, DOBTime=4:30:00 pm, Address=512 Grant 481, Prattsville\n Arkansas 72129\n United States, First Name=Gene, Gender=Female, City=Merrut, Mobile=1.888343432E9, Hobbies=Music,Reading, Subject=Accounting, Current Address=302 Town 481, Brookville\n kansas 42129\n United States, Department=Finance, DOB=22/05/2002, Picture=/TestData/Fphoto.png, State=Uttar Pradesh, Last Name=Femina, Age=30.0}
🔍 Mapping field: firstName | Excel Column: First Name | Value: Gene
🔍 Mapping field: lastName | Excel Column: Last Name | Value: Femina
🔍 Mapping field: userMail | Excel Column: Email | Value: GFemina@demoqa.com
🔍 Mapping field: gender | Excel Column: Gender | Value: Female
🔍 Mapping field: mobile | Excel Column: Mobile | Value: 1.888343432E9
🔍 Mapping field: dob | Excel Column: DOB | Value: 22/05/2002
🔍 Mapping field: dobTime | Excel Column: DOBTime | Value: 4:30:00 pm
🔍 Mapping field: subject | Excel Column: Subject | Value: Accounting
🔍 Mapping field: hobbies | Excel Column: Hobbies | Value: Music,Reading
🔍 Mapping field: picturePath | Excel Column: Picture | Value: /TestData/Fphoto.png
🔍 Mapping field: address | Excel Column: Address | Value: 512 Grant 481, Prattsville\n Arkansas 72129\n United States
🔍 Mapping field: state | Excel Column: State | Value: Uttar Pradesh
🔍 Mapping field: city | Excel Column: City | Value: Merrut
🧾 Row 3: {Salary=15000.0, Email=BWisem@demoqa.com, DOBTime=8:45:00 pm, Address=513 Grant 481, Prattsville\n Arkansas 72129\n United States, First Name=Bud, Gender=Other, City=Panipat, Mobile=8.932465432E9, Hobbies=Reading, Subject=Biology, Current Address=303 Town 481, Brookville\n kansas 42129\n United States, Department=Medicine, DOB=31/12/1999, Picture=/TestData/Ophoto.jpg, State=Haryana, Last Name=Wisem, Age=40.0}
🔍 Mapping field: firstName | Excel Column: First Name | Value: Bud
🔍 Mapping field: lastName | Excel Column: Last Name | Value: Wisem
🔍 Mapping field: userMail | Excel Column: Email | Value: BWisem@demoqa.com
🔍 Mapping field: gender | Excel Column: Gender | Value: Other
🔍 Mapping field: mobile | Excel Column: Mobile | Value: 8.932465432E9
🔍 Mapping field: dob | Excel Column: DOB | Value: 31/12/1999
🔍 Mapping field: dobTime | Excel Column: DOBTime | Value: 8:45:00 pm
🔍 Mapping field: subject | Excel Column: Subject | Value: Biology
🔍 Mapping field: hobbies | Excel Column: Hobbies | Value: Reading
🔍 Mapping field: picturePath | Excel Column: Picture | Value: /TestData/Ophoto.jpg
🔍 Mapping field: address | Excel Column: Address | Value: 513 Grant 481, Prattsville\n Arkansas 72129\n United States
🔍 Mapping field: state | Excel Column: State | Value: Haryana
🔍 Mapping field: city | Excel Column: City | Value: Panipat
🧾 Row 4: {Salary=19000.0, Email=TBoss@demoqa.com, DOBTime=5:45:00 am, Address=514 Grant 481, Prattsville\n Arkansas 72129\n United States, First Name=Tom, Gender=Male, City=Jaiselmer, Mobile=7.839875281E9, Hobbies=Sports,Reading, Subject=Social Studies, Current Address=304 Town 481, Brookville\n kansas 42129\n United States, Department=Recreation, DOB=1/26/03, Picture=/TestData/M2photo.jpg, State=Rajasthan, Last Name=Boss, Age=42.0}
🔍 Mapping field: firstName | Excel Column: First Name | Value: Tom
🔍 Mapping field: lastName | Excel Column: Last Name | Value: Boss
🔍 Mapping field: userMail | Excel Column: Email | Value: TBoss@demoqa.com
🔍 Mapping field: gender | Excel Column: Gender | Value: Male
🔍 Mapping field: mobile | Excel Column: Mobile | Value: 7.839875281E9
🔍 Mapping field: dob | Excel Column: DOB | Value: 1/26/03
🔍 Mapping field: dobTime | Excel Column: DOBTime | Value: 5:45:00 am
🔍 Mapping field: subject | Excel Column: Subject | Value: Social Studies
🔍 Mapping field: hobbies | Excel Column: Hobbies | Value: Sports,Reading
🔍 Mapping field: picturePath | Excel Column: Picture | Value: /TestData/M2photo.jpg
🔍 Mapping field: address | Excel Column: Address | Value: 514 Grant 481, Prattsville\n Arkansas 72129\n United States
🔍 Mapping field: state | Excel Column: State | Value: Rajasthan
🔍 Mapping field: city | Excel Column: City | Value: Jaiselmer
2025-09-20 21:47:00 [main] INFO  DriverFactory - 🌐 Starting Chrome Web Browser...
2025-09-20 21:47:00 [main] INFO  DriverFactory - ✅ Created temporary Chrome profile at C:\Users\dell\AppData\Local\Temp\chrome-profile-15980316919250418208
2025-09-20 21:47:01 [main] INFO  DriverFactory - 🚀 WebDriver started successfully
2025-09-20 21:47:01 [main] INFO  RetryUrlAccess - 🌐 Navigating to URL (attempt 1): https://demoqa.com
2025-09-20 21:47:05 [main] INFO  RetryUrlAccess - ✅ Navigation successful on attempt 1
2025-09-20 21:47:05 [main] INFO  demoqaBase - 🧪 Navigating to Widgets section...
2025-09-20 21:47:05 [main] INFO  demoqaBase - Accessing Widgets Card...
Declared Instance WebDriverWait: org.openqa.selenium.support.ui.WebDriverWait@1751f9e1
2025-09-20 21:47:05 [main] INFO  demoqaLog - Clicking on Widgets Card...
🔹 Trying JS click by locator (attempt 1)
2025-09-20 21:47:05 [main] INFO  demoqaLog - 🔹 Trying JS click by locator (attempt 1)
🔹 Attempting JS click...
2025-09-20 21:47:05 [main] INFO  demoqaLog - 🔹 Attempting JS click...
2025-09-20 21:47:05 [main] INFO  demoqaLog - Clicked on Widgets Card...
Title of this Page is: DEMOQA
You are Accessing: Widgets
 
2025-09-20 21:47:05 [main] INFO  demoqaBase - Widgets: Please select an item from left to start practice.
2025-09-20 21:47:05 [main] INFO  demoqaBase - 📅 Parsed DOB: 2000-08-15
2025-09-20 21:47:05 [main] INFO  demoqaBase - Clicking on Widgets|Date Picker...
🔹 Trying JS click on WebElement (attempt 1)
2025-09-20 21:47:05 [main] INFO  demoqaLog - 🔹 Trying JS click on WebElement (attempt 1)
🔹 Attempting JS click...
2025-09-20 21:47:05 [main] INFO  demoqaLog - 🔹 Attempting JS click...
You are now Accessing: Date Picker
2025-09-20 21:47:05 [main] INFO  demoqaBase - You are now Accessing: Date Picker
2025-09-20 21:47:05 [main] INFO  demoqaLog - ⏳ Waiting for page to fully load (timeout: 30s)
2025-09-20 21:47:35 [main] INFO  demoqaLog - ✅ Page load completed.
2025-09-20 21:47:36 [main] INFO  demoqaLog - ✅ JS click executed on element: {}
✅ Date selected: 15-08-2000
Selected Date is: '08/15/2000'
Expected Date is: '08/15/2000'
]]></system-out>
  </testcase>
  <testcase name="SelectDate[UserFormData{firstName=&apos;Gene&apos;, lastName=&apos;Femina&apos;, userMail=&apos;GFemina@demoqa.com&apos;, gender=&apos;Female&apos;, mobile=&apos;1.888343432E9&apos;, dob=&apos;22/05/2002&apos;, dobTime=&apos;4:30:00 pm&apos;, subject=&apos;Accounting&apos;, hobbies=&apos;Music,Reading&apos;, picturePath=&apos;/TestData/Fphoto.png&apos;, address=&apos;512 Grant 481, Prattsville\n Arkansas 72129\n United States&apos;, state=&apos;Uttar Pradesh&apos;, city=&apos;Merrut&apos;}](2)" classname="tests.WidgetsTests" time="28.268">
    <system-out><![CDATA[2025-09-20 21:47:36 [main] INFO  demoqaBase - Closing browser for test: SelectDate
2025-09-20 21:47:36 [main] INFO  DriverFactory - 🌐 Starting Chrome Web Browser...
2025-09-20 21:47:36 [main] INFO  DriverFactory - ✅ Created temporary Chrome profile at C:\Users\dell\AppData\Local\Temp\chrome-profile-5622502103360009994
2025-09-20 21:47:37 [main] INFO  DriverFactory - 🚀 WebDriver started successfully
2025-09-20 21:47:37 [main] INFO  RetryUrlAccess - 🌐 Navigating to URL (attempt 1): https://demoqa.com
2025-09-20 21:47:40 [main] INFO  RetryUrlAccess - ✅ Navigation successful on attempt 1
2025-09-20 21:47:40 [main] INFO  demoqaBase - 🧪 Navigating to Widgets section...
2025-09-20 21:47:40 [main] INFO  demoqaBase - Accessing Widgets Card...
Declared Instance WebDriverWait: org.openqa.selenium.support.ui.WebDriverWait@3a0c6dc4
2025-09-20 21:47:40 [main] INFO  demoqaLog - Clicking on Widgets Card...
🔹 Trying JS click by locator (attempt 1)
2025-09-20 21:47:40 [main] INFO  demoqaLog - 🔹 Trying JS click by locator (attempt 1)
🔹 Attempting JS click...
2025-09-20 21:47:40 [main] INFO  demoqaLog - 🔹 Attempting JS click...
2025-09-20 21:47:40 [main] INFO  demoqaLog - Clicked on Widgets Card...
Title of this Page is: DEMOQA
You are Accessing: Widgets
 
2025-09-20 21:47:41 [main] INFO  demoqaBase - Widgets: Please select an item from left to start practice.
2025-09-20 21:47:41 [main] INFO  demoqaBase - 📅 Parsed DOB: 2002-05-22
2025-09-20 21:47:41 [main] INFO  demoqaBase - Clicking on Widgets|Date Picker...
🔹 Trying JS click on WebElement (attempt 1)
2025-09-20 21:47:41 [main] INFO  demoqaLog - 🔹 Trying JS click on WebElement (attempt 1)
🔹 Attempting JS click...
2025-09-20 21:47:41 [main] INFO  demoqaLog - 🔹 Attempting JS click...
You are now Accessing: Date Picker
2025-09-20 21:47:41 [main] INFO  demoqaBase - You are now Accessing: Date Picker
2025-09-20 21:47:41 [main] INFO  demoqaLog - ⏳ Waiting for page to fully load (timeout: 30s)
2025-09-20 21:48:08 [main] INFO  demoqaLog - ✅ Page load completed.
2025-09-20 21:48:08 [main] INFO  demoqaLog - ✅ JS click executed on element: {}
✅ Date selected: 22-05-2002
Selected Date is: '05/22/2002'
Expected Date is: '05/22/2002'
]]></system-out>
  </testcase>
  <testcase name="SelectDate[UserFormData{firstName=&apos;Bud&apos;, lastName=&apos;Wisem&apos;, userMail=&apos;BWisem@demoqa.com&apos;, gender=&apos;Other&apos;, mobile=&apos;8.932465432E9&apos;, dob=&apos;31/12/1999&apos;, dobTime=&apos;8:45:00 pm&apos;, subject=&apos;Biology&apos;, hobbies=&apos;Reading&apos;, picturePath=&apos;/TestData/Ophoto.jpg&apos;, address=&apos;513 Grant 481, Prattsville\n Arkansas 72129\n United States&apos;, state=&apos;Haryana&apos;, city=&apos;Panipat&apos;}](3)" classname="tests.WidgetsTests" time="30.881">
    <system-out><![CDATA[2025-09-20 21:48:09 [main] INFO  demoqaBase - Closing browser for test: SelectDate
2025-09-20 21:48:09 [main] INFO  DriverFactory - 🌐 Starting Chrome Web Browser...
2025-09-20 21:48:09 [main] INFO  DriverFactory - ✅ Created temporary Chrome profile at C:\Users\dell\AppData\Local\Temp\chrome-profile-15072481437336241432
2025-09-20 21:48:10 [main] INFO  DriverFactory - 🚀 WebDriver started successfully
2025-09-20 21:48:10 [main] INFO  RetryUrlAccess - 🌐 Navigating to URL (attempt 1): https://demoqa.com
2025-09-20 21:48:13 [main] INFO  RetryUrlAccess - ✅ Navigation successful on attempt 1
2025-09-20 21:48:13 [main] INFO  demoqaBase - 🧪 Navigating to Widgets section...
2025-09-20 21:48:13 [main] INFO  demoqaBase - Accessing Widgets Card...
Declared Instance WebDriverWait: org.openqa.selenium.support.ui.WebDriverWait@68fbc24e
2025-09-20 21:48:13 [main] INFO  demoqaLog - Clicking on Widgets Card...
🔹 Trying JS click by locator (attempt 1)
2025-09-20 21:48:13 [main] INFO  demoqaLog - 🔹 Trying JS click by locator (attempt 1)
🔹 Attempting JS click...
2025-09-20 21:48:13 [main] INFO  demoqaLog - 🔹 Attempting JS click...
2025-09-20 21:48:13 [main] INFO  demoqaLog - Clicked on Widgets Card...
Title of this Page is: DEMOQA
You are Accessing: Widgets
 
2025-09-20 21:48:13 [main] INFO  demoqaBase - Widgets: Please select an item from left to start practice.
2025-09-20 21:48:13 [main] INFO  demoqaBase - 📅 Parsed DOB: 1999-12-31
2025-09-20 21:48:13 [main] INFO  demoqaBase - Clicking on Widgets|Date Picker...
🔹 Trying JS click on WebElement (attempt 1)
2025-09-20 21:48:13 [main] INFO  demoqaLog - 🔹 Trying JS click on WebElement (attempt 1)
🔹 Attempting JS click...
2025-09-20 21:48:13 [main] INFO  demoqaLog - 🔹 Attempting JS click...
You are now Accessing: Date Picker
2025-09-20 21:48:14 [main] INFO  demoqaBase - You are now Accessing: Date Picker
2025-09-20 21:48:14 [main] INFO  demoqaLog - ⏳ Waiting for page to fully load (timeout: 30s)
2025-09-20 21:48:44 [main] WARN  demoqaLog - ⚠️ Page did not load within 30 seconds.
2025-09-20 21:48:44 [main] INFO  demoqaLog - ✅ JS click executed on element: {}
✅ Date selected: 31-12-1999
Selected Date is: '12/31/1999'
Expected Date is: '12/31/1999'
]]></system-out>
  </testcase>
  <testcase name="SelectDate[UserFormData{firstName=&apos;Tom&apos;, lastName=&apos;Boss&apos;, userMail=&apos;TBoss@demoqa.com&apos;, gender=&apos;Male&apos;, mobile=&apos;7.839875281E9&apos;, dob=&apos;1/26/03&apos;, dobTime=&apos;5:45:00 am&apos;, subject=&apos;Social Studies&apos;, hobbies=&apos;Sports,Reading&apos;, picturePath=&apos;/TestData/M2photo.jpg&apos;, address=&apos;514 Grant 481, Prattsville\n Arkansas 72129\n United States&apos;, state=&apos;Rajasthan&apos;, city=&apos;Jaiselmer&apos;}](4)" classname="tests.WidgetsTests" time="31.239">
    <system-out><![CDATA[2025-09-20 21:48:44 [main] INFO  demoqaBase - Closing browser for test: SelectDate
2025-09-20 21:48:44 [main] INFO  DriverFactory - 🌐 Starting Chrome Web Browser...
2025-09-20 21:48:44 [main] INFO  DriverFactory - ✅ Created temporary Chrome profile at C:\Users\dell\AppData\Local\Temp\chrome-profile-7508313345136671614
2025-09-20 21:48:46 [main] INFO  DriverFactory - 🚀 WebDriver started successfully
2025-09-20 21:48:46 [main] INFO  RetryUrlAccess - 🌐 Navigating to URL (attempt 1): https://demoqa.com
2025-09-20 21:48:49 [main] INFO  RetryUrlAccess - ✅ Navigation successful on attempt 1
2025-09-20 21:48:49 [main] INFO  demoqaBase - 🧪 Navigating to Widgets section...
2025-09-20 21:48:49 [main] INFO  demoqaBase - Accessing Widgets Card...
Declared Instance WebDriverWait: org.openqa.selenium.support.ui.WebDriverWait@2228e3ea
2025-09-20 21:48:49 [main] INFO  demoqaLog - Clicking on Widgets Card...
🔹 Trying JS click by locator (attempt 1)
2025-09-20 21:48:49 [main] INFO  demoqaLog - 🔹 Trying JS click by locator (attempt 1)
🔹 Attempting JS click...
2025-09-20 21:48:49 [main] INFO  demoqaLog - 🔹 Attempting JS click...
2025-09-20 21:48:49 [main] INFO  demoqaLog - Clicked on Widgets Card...
Title of this Page is: DEMOQA
You are Accessing: Widgets
 
2025-09-20 21:48:49 [main] INFO  demoqaBase - Widgets: Please select an item from left to start practice.
2025-09-20 21:48:49 [main] INFO  demoqaBase - 📅 Parsed DOB: 2003-01-26
2025-09-20 21:48:49 [main] INFO  demoqaBase - Clicking on Widgets|Date Picker...
🔹 Trying JS click on WebElement (attempt 1)
2025-09-20 21:48:49 [main] INFO  demoqaLog - 🔹 Trying JS click on WebElement (attempt 1)
🔹 Attempting JS click...
2025-09-20 21:48:49 [main] INFO  demoqaLog - 🔹 Attempting JS click...
You are now Accessing: Date Picker
2025-09-20 21:48:49 [main] INFO  demoqaBase - You are now Accessing: Date Picker
2025-09-20 21:48:49 [main] INFO  demoqaLog - ⏳ Waiting for page to fully load (timeout: 30s)
2025-09-20 21:49:20 [main] WARN  demoqaLog - ⚠️ Page did not load within 30 seconds.
2025-09-20 21:49:20 [main] INFO  demoqaLog - ✅ JS click executed on element: {}
✅ Date selected: 26-01-2003
Selected Date is: '01/26/2003'
Expected Date is: '01/26/2003'
]]></system-out>
  </testcase>
  <testcase name="SelectDateAndTime[UserFormData{firstName=&apos;Johny&apos;, lastName=&apos;Bravo&apos;, userMail=&apos;Jbravo@demoqa.com&apos;, gender=&apos;Male&apos;, mobile=&apos;9.238343488E9&apos;, dob=&apos;15/08/2000&apos;, dobTime=&apos;6:45:00 am&apos;, subject=&apos;Computer Science&apos;, hobbies=&apos;Sports,Music&apos;, picturePath=&apos;/TestData/Mphoto.jpg&apos;, address=&apos;511 Grant 481, Prattsville\n Arkansas 72129\n United States&apos;, state=&apos;NCR&apos;, city=&apos;Delhi&apos;}](1)" classname="tests.WidgetsTests" time="27.867">
    <system-out><![CDATA[2025-09-20 21:49:20 [main] INFO  demoqaBase - Closing browser for test: SelectDate
🧾 Row 1: {Salary=28000.0, Email=Jbravo@demoqa.com, DOBTime=6:45:00 am, Address=511 Grant 481, Prattsville\n Arkansas 72129\n United States, First Name=Johny, Gender=Male, City=Delhi, Mobile=9.238343488E9, Hobbies=Sports,Music, Subject=Computer Science, Current Address=301 Town 481, Brookville\n kansas 42129\n United States, Department=Information Technology, DOB=15/08/2000, Picture=/TestData/Mphoto.jpg, State=NCR, Last Name=Bravo, Age=34.0}
🔍 Mapping field: firstName | Excel Column: First Name | Value: Johny
🔍 Mapping field: lastName | Excel Column: Last Name | Value: Bravo
🔍 Mapping field: userMail | Excel Column: Email | Value: Jbravo@demoqa.com
🔍 Mapping field: gender | Excel Column: Gender | Value: Male
🔍 Mapping field: mobile | Excel Column: Mobile | Value: 9.238343488E9
🔍 Mapping field: dob | Excel Column: DOB | Value: 15/08/2000
🔍 Mapping field: dobTime | Excel Column: DOBTime | Value: 6:45:00 am
🔍 Mapping field: subject | Excel Column: Subject | Value: Computer Science
🔍 Mapping field: hobbies | Excel Column: Hobbies | Value: Sports,Music
🔍 Mapping field: picturePath | Excel Column: Picture | Value: /TestData/Mphoto.jpg
🔍 Mapping field: address | Excel Column: Address | Value: 511 Grant 481, Prattsville\n Arkansas 72129\n United States
🔍 Mapping field: state | Excel Column: State | Value: NCR
🔍 Mapping field: city | Excel Column: City | Value: Delhi
🧾 Row 2: {Salary=18000.0, Email=GFemina@demoqa.com, DOBTime=4:30:00 pm, Address=512 Grant 481, Prattsville\n Arkansas 72129\n United States, First Name=Gene, Gender=Female, City=Merrut, Mobile=1.888343432E9, Hobbies=Music,Reading, Subject=Accounting, Current Address=302 Town 481, Brookville\n kansas 42129\n United States, Department=Finance, DOB=22/05/2002, Picture=/TestData/Fphoto.png, State=Uttar Pradesh, Last Name=Femina, Age=30.0}
🔍 Mapping field: firstName | Excel Column: First Name | Value: Gene
🔍 Mapping field: lastName | Excel Column: Last Name | Value: Femina
🔍 Mapping field: userMail | Excel Column: Email | Value: GFemina@demoqa.com
🔍 Mapping field: gender | Excel Column: Gender | Value: Female
🔍 Mapping field: mobile | Excel Column: Mobile | Value: 1.888343432E9
🔍 Mapping field: dob | Excel Column: DOB | Value: 22/05/2002
🔍 Mapping field: dobTime | Excel Column: DOBTime | Value: 4:30:00 pm
🔍 Mapping field: subject | Excel Column: Subject | Value: Accounting
🔍 Mapping field: hobbies | Excel Column: Hobbies | Value: Music,Reading
🔍 Mapping field: picturePath | Excel Column: Picture | Value: /TestData/Fphoto.png
🔍 Mapping field: address | Excel Column: Address | Value: 512 Grant 481, Prattsville\n Arkansas 72129\n United States
🔍 Mapping field: state | Excel Column: State | Value: Uttar Pradesh
🔍 Mapping field: city | Excel Column: City | Value: Merrut
🧾 Row 3: {Salary=15000.0, Email=BWisem@demoqa.com, DOBTime=8:45:00 pm, Address=513 Grant 481, Prattsville\n Arkansas 72129\n United States, First Name=Bud, Gender=Other, City=Panipat, Mobile=8.932465432E9, Hobbies=Reading, Subject=Biology, Current Address=303 Town 481, Brookville\n kansas 42129\n United States, Department=Medicine, DOB=31/12/1999, Picture=/TestData/Ophoto.jpg, State=Haryana, Last Name=Wisem, Age=40.0}
🔍 Mapping field: firstName | Excel Column: First Name | Value: Bud
🔍 Mapping field: lastName | Excel Column: Last Name | Value: Wisem
🔍 Mapping field: userMail | Excel Column: Email | Value: BWisem@demoqa.com
🔍 Mapping field: gender | Excel Column: Gender | Value: Other
🔍 Mapping field: mobile | Excel Column: Mobile | Value: 8.932465432E9
🔍 Mapping field: dob | Excel Column: DOB | Value: 31/12/1999
🔍 Mapping field: dobTime | Excel Column: DOBTime | Value: 8:45:00 pm
🔍 Mapping field: subject | Excel Column: Subject | Value: Biology
🔍 Mapping field: hobbies | Excel Column: Hobbies | Value: Reading
🔍 Mapping field: picturePath | Excel Column: Picture | Value: /TestData/Ophoto.jpg
🔍 Mapping field: address | Excel Column: Address | Value: 513 Grant 481, Prattsville\n Arkansas 72129\n United States
🔍 Mapping field: state | Excel Column: State | Value: Haryana
🔍 Mapping field: city | Excel Column: City | Value: Panipat
🧾 Row 4: {Salary=19000.0, Email=TBoss@demoqa.com, DOBTime=5:45:00 am, Address=514 Grant 481, Prattsville\n Arkansas 72129\n United States, First Name=Tom, Gender=Male, City=Jaiselmer, Mobile=7.839875281E9, Hobbies=Sports,Reading, Subject=Social Studies, Current Address=304 Town 481, Brookville\n kansas 42129\n United States, Department=Recreation, DOB=1/26/03, Picture=/TestData/M2photo.jpg, State=Rajasthan, Last Name=Boss, Age=42.0}
🔍 Mapping field: firstName | Excel Column: First Name | Value: Tom
🔍 Mapping field: lastName | Excel Column: Last Name | Value: Boss
🔍 Mapping field: userMail | Excel Column: Email | Value: TBoss@demoqa.com
🔍 Mapping field: gender | Excel Column: Gender | Value: Male
🔍 Mapping field: mobile | Excel Column: Mobile | Value: 7.839875281E9
🔍 Mapping field: dob | Excel Column: DOB | Value: 1/26/03
🔍 Mapping field: dobTime | Excel Column: DOBTime | Value: 5:45:00 am
🔍 Mapping field: subject | Excel Column: Subject | Value: Social Studies
🔍 Mapping field: hobbies | Excel Column: Hobbies | Value: Sports,Reading
🔍 Mapping field: picturePath | Excel Column: Picture | Value: /TestData/M2photo.jpg
🔍 Mapping field: address | Excel Column: Address | Value: 514 Grant 481, Prattsville\n Arkansas 72129\n United States
🔍 Mapping field: state | Excel Column: State | Value: Rajasthan
🔍 Mapping field: city | Excel Column: City | Value: Jaiselmer
2025-09-20 21:49:22 [main] INFO  DriverFactory - 🌐 Starting Chrome Web Browser...
2025-09-20 21:49:22 [main] INFO  DriverFactory - ✅ Created temporary Chrome profile at C:\Users\dell\AppData\Local\Temp\chrome-profile-4332240880252676405
2025-09-20 21:49:28 [main] INFO  DriverFactory - 🚀 WebDriver started successfully
2025-09-20 21:49:28 [main] INFO  RetryUrlAccess - 🌐 Navigating to URL (attempt 1): https://demoqa.com
2025-09-20 21:49:32 [main] INFO  RetryUrlAccess - ✅ Navigation successful on attempt 1
2025-09-20 21:49:32 [main] INFO  demoqaBase - Accessing Widgets Card...
Declared Instance WebDriverWait: org.openqa.selenium.support.ui.WebDriverWait@659b5343
2025-09-20 21:49:32 [main] INFO  demoqaLog - Clicking on Widgets Card...
🔹 Trying JS click by locator (attempt 1)
2025-09-20 21:49:32 [main] INFO  demoqaLog - 🔹 Trying JS click by locator (attempt 1)
🔹 Attempting JS click...
2025-09-20 21:49:32 [main] INFO  demoqaLog - 🔹 Attempting JS click...
2025-09-20 21:49:32 [main] INFO  demoqaLog - Clicked on Widgets Card...
Title of this Page is: DEMOQA
You are Accessing: Widgets
 
2025-09-20 21:49:32 [main] INFO  demoqaBase - Widgets: Please select an item from left to start practice.
2025-09-20 21:49:32 [main] INFO  demoqaBase - 📅 Parsed DOB with time: 2000-08-15T10:30
2025-09-20 21:49:32 [main] INFO  demoqaBase - Clicking on Widgets|Date Picker...
🔹 Trying JS click on WebElement (attempt 1)
2025-09-20 21:49:32 [main] INFO  demoqaLog - 🔹 Trying JS click on WebElement (attempt 1)
🔹 Attempting JS click...
2025-09-20 21:49:32 [main] INFO  demoqaLog - 🔹 Attempting JS click...
You are now Accessing: Date Picker
2025-09-20 21:49:32 [main] INFO  demoqaBase - You are now Accessing: Date Picker
2025-09-20 21:49:32 [main] INFO  demoqaLog - ⏳ Waiting for page to fully load (timeout: 30s)
2025-09-20 21:49:45 [main] INFO  demoqaLog - ✅ Page load completed.
2025-09-20 21:49:45 [main] INFO  demoqaBase - ✅ JS click executed on 'DateTime Input'
2025-09-20 21:49:45 [main] INFO  demoqaBase - 🔍 Waiting for calendar popup to appear...
2025-09-20 21:49:45 [main] INFO  demoqaBase - ✅ Calendar popup is visible after clicking the input
2025-09-20 21:49:45 [main] INFO  demoqaBase - ✅ JS click executed on 'Year Dropdown Trigger'
2025-09-20 21:49:46 [main] INFO  demoqaBase - ✅ JS click executed on 'years-previous'
2025-09-20 21:49:46 [main] INFO  demoqaBase - ✅ JS click executed on 'years-previous'
2025-09-20 21:49:47 [main] INFO  demoqaBase - ✅ JS click executed on 'years-previous'
2025-09-20 21:49:47 [main] INFO  demoqaBase - ✅ JS click executed on 'years-previous'
2025-09-20 21:49:48 [main] INFO  demoqaBase - ✅ JS click executed on 'years-previous'
2025-09-20 21:49:48 [main] INFO  demoqaBase - ✅ JS click executed on 'years-previous'
2025-09-20 21:49:49 [main] INFO  demoqaBase - ✅ JS click executed on 'years-previous'
2025-09-20 21:49:49 [main] INFO  demoqaBase - ✅ JS click executed on 'years-previous'
2025-09-20 21:49:50 [main] INFO  demoqaBase - ✅ JS click executed on 'years-previous'
2025-09-20 21:49:50 [main] INFO  demoqaBase - ✅ JS click executed on 'years-previous'
2025-09-20 21:49:51 [main] INFO  demoqaBase - ✅ JS click executed on 'years-previous'
2025-09-20 21:49:51 [main] INFO  demoqaBase - ✅ JS click executed on 'years-previous'
2025-09-20 21:49:52 [main] INFO  demoqaBase - ✅ JS click executed on 'years-previous'
2025-09-20 21:49:52 [main] INFO  demoqaBase - ✅ JS click executed on 'years-previous'
2025-09-20 21:49:53 [main] INFO  demoqaBase - ✅ JS click executed on 'years-previous'
2025-09-20 21:49:53 [main] INFO  demoqaBase - ✅ JS click executed on 'years-previous'
2025-09-20 21:49:54 [main] INFO  demoqaBase - ✅ JS click executed on 'years-previous'
2025-09-20 21:49:54 [main] INFO  demoqaBase - ✅ JS click executed on 'years-previous'
2025-09-20 21:49:55 [main] INFO  demoqaBase - ✅ JS click executed on 'years-previous'
2025-09-20 21:49:55 [main] INFO  demoqaBase - ✅ JS click executed on 'years-previous'
2025-09-20 21:49:56 [main] INFO  demoqaBase - ✅ JS click executed on 'Year 2000'
2025-09-20 21:49:56 [main] INFO  demoqaBase - ✅ Year selected: 2000
2025-09-20 21:49:59 [main] INFO  demoqaBase - ✅ JS click executed on 'Month Dropdown Trigger'
2025-09-20 21:49:59 [main] INFO  demoqaLog - ✅ JS click executed on element: {}
2025-09-20 21:49:59 [main] INFO  demoqaBase - ✅ Selecting month: August
2025-09-20 21:49:59 [main] INFO  demoqaBase - ✅ JS click executed on 'Day 15'
2025-09-20 21:49:59 [main] INFO  demoqaBase - ✅ Day selected: 15
🧼 [DatePickerUtils] Parsed TimeOption as 00:00 using pattern 'H:mm'
🧼 [DatePickerUtils] Parsed TimeOption as 00:15 using pattern 'H:mm'
🧼 [DatePickerUtils] Parsed TimeOption as 00:30 using pattern 'H:mm'
🧼 [DatePickerUtils] Parsed TimeOption as 00:45 using pattern 'H:mm'
🧼 [DatePickerUtils] Parsed TimeOption as 01:00 using pattern 'H:mm'
🧼 [DatePickerUtils] Parsed TimeOption as 01:15 using pattern 'H:mm'
🧼 [DatePickerUtils] Parsed TimeOption as 01:30 using pattern 'H:mm'
🧼 [DatePickerUtils] Parsed TimeOption as 01:45 using pattern 'H:mm'
🧼 [DatePickerUtils] Parsed TimeOption as 02:00 using pattern 'H:mm'
🧼 [DatePickerUtils] Parsed TimeOption as 02:15 using pattern 'H:mm'
🧼 [DatePickerUtils] Parsed TimeOption as 02:30 using pattern 'H:mm'
🧼 [DatePickerUtils] Parsed TimeOption as 02:45 using pattern 'H:mm'
🧼 [DatePickerUtils] Parsed TimeOption as 03:00 using pattern 'H:mm'
🧼 [DatePickerUtils] Parsed TimeOption as 03:15 using pattern 'H:mm'
🧼 [DatePickerUtils] Parsed TimeOption as 03:30 using pattern 'H:mm'
🧼 [DatePickerUtils] Parsed TimeOption as 03:45 using pattern 'H:mm'
🧼 [DatePickerUtils] Parsed TimeOption as 04:00 using pattern 'H:mm'
🧼 [DatePickerUtils] Parsed TimeOption as 04:15 using pattern 'H:mm'
🧼 [DatePickerUtils] Parsed TimeOption as 04:30 using pattern 'H:mm'
🧼 [DatePickerUtils] Parsed TimeOption as 04:45 using pattern 'H:mm'
🧼 [DatePickerUtils] Parsed TimeOption as 05:00 using pattern 'H:mm'
🧼 [DatePickerUtils] Parsed TimeOption as 05:15 using pattern 'H:mm'
🧼 [DatePickerUtils] Parsed TimeOption as 05:30 using pattern 'H:mm'
🧼 [DatePickerUtils] Parsed TimeOption as 05:45 using pattern 'H:mm'
🧼 [DatePickerUtils] Parsed TimeOption as 06:00 using pattern 'H:mm'
🧼 [DatePickerUtils] Parsed TimeOption as 06:15 using pattern 'H:mm'
🧼 [DatePickerUtils] Parsed TimeOption as 06:30 using pattern 'H:mm'
🧼 [DatePickerUtils] Parsed TimeOption as 06:45 using pattern 'H:mm'
🧼 [DatePickerUtils] Parsed TimeOption as 07:00 using pattern 'H:mm'
🧼 [DatePickerUtils] Parsed TimeOption as 07:15 using pattern 'H:mm'
🧼 [DatePickerUtils] Parsed TimeOption as 07:30 using pattern 'H:mm'
🧼 [DatePickerUtils] Parsed TimeOption as 07:45 using pattern 'H:mm'
🧼 [DatePickerUtils] Parsed TimeOption as 08:00 using pattern 'H:mm'
🧼 [DatePickerUtils] Parsed TimeOption as 08:15 using pattern 'H:mm'
🧼 [DatePickerUtils] Parsed TimeOption as 08:30 using pattern 'H:mm'
🧼 [DatePickerUtils] Parsed TimeOption as 08:45 using pattern 'H:mm'
🧼 [DatePickerUtils] Parsed TimeOption as 09:00 using pattern 'H:mm'
🧼 [DatePickerUtils] Parsed TimeOption as 09:15 using pattern 'H:mm'
🧼 [DatePickerUtils] Parsed TimeOption as 09:30 using pattern 'H:mm'
🧼 [DatePickerUtils] Parsed TimeOption as 09:45 using pattern 'H:mm'
🧼 [DatePickerUtils] Parsed TimeOption as 10:00 using pattern 'H:mm'
🧼 [DatePickerUtils] Parsed TimeOption as 10:15 using pattern 'H:mm'
🧼 [DatePickerUtils] Parsed TimeOption as 10:30 using pattern 'H:mm'
2025-09-20 21:50:00 [main] INFO  demoqaBase - ✅ JS click executed on 'Time 10:30'
2025-09-20 21:50:00 [main] INFO  demoqaBase - ✅ Time selected: 10:30
2025-09-20 21:50:00 [main] INFO  demoqaBase - Selected DateTime: August 15, 2000 10:30 AM
2025-09-20 21:50:00 [main] INFO  demoqaBase - Expected DateTime: August 15, 2000 10:30 AM
]]></system-out>
  </testcase>
  <testcase name="SelectDateAndTime[UserFormData{firstName=&apos;Gene&apos;, lastName=&apos;Femina&apos;, userMail=&apos;GFemina@demoqa.com&apos;, gender=&apos;Female&apos;, mobile=&apos;1.888343432E9&apos;, dob=&apos;22/05/2002&apos;, dobTime=&apos;4:30:00 pm&apos;, subject=&apos;Accounting&apos;, hobbies=&apos;Music,Reading&apos;, picturePath=&apos;/TestData/Fphoto.png&apos;, address=&apos;512 Grant 481, Prattsville\n Arkansas 72129\n United States&apos;, state=&apos;Uttar Pradesh&apos;, city=&apos;Merrut&apos;}](2)" classname="tests.WidgetsTests" time="44.823">
    <system-out><![CDATA[2025-09-20 21:50:00 [main] INFO  demoqaBase - Closing browser for test: SelectDateAndTime
2025-09-20 21:50:01 [main] INFO  DriverFactory - 🌐 Starting Chrome Web Browser...
2025-09-20 21:50:01 [main] INFO  DriverFactory - ✅ Created temporary Chrome profile at C:\Users\dell\AppData\Local\Temp\chrome-profile-9450621203696533011
2025-09-20 21:50:02 [main] INFO  DriverFactory - 🚀 WebDriver started successfully
2025-09-20 21:50:02 [main] INFO  RetryUrlAccess - 🌐 Navigating to URL (attempt 1): https://demoqa.com
2025-09-20 21:50:06 [main] INFO  RetryUrlAccess - ✅ Navigation successful on attempt 1
2025-09-20 21:50:06 [main] INFO  demoqaBase - Accessing Widgets Card...
Declared Instance WebDriverWait: org.openqa.selenium.support.ui.WebDriverWait@45927a57
2025-09-20 21:50:06 [main] INFO  demoqaLog - Clicking on Widgets Card...
🔹 Trying JS click by locator (attempt 1)
2025-09-20 21:50:06 [main] INFO  demoqaLog - 🔹 Trying JS click by locator (attempt 1)
🔹 Attempting JS click...
2025-09-20 21:50:06 [main] INFO  demoqaLog - 🔹 Attempting JS click...
2025-09-20 21:50:06 [main] INFO  demoqaLog - Clicked on Widgets Card...
Title of this Page is: DEMOQA
You are Accessing: Widgets
 
2025-09-20 21:50:06 [main] INFO  demoqaBase - Widgets: Please select an item from left to start practice.
2025-09-20 21:50:06 [main] INFO  demoqaBase - 📅 Parsed DOB with time: 2002-05-22T10:30
2025-09-20 21:50:06 [main] INFO  demoqaBase - Clicking on Widgets|Date Picker...
🔹 Trying JS click on WebElement (attempt 1)
2025-09-20 21:50:06 [main] INFO  demoqaLog - 🔹 Trying JS click on WebElement (attempt 1)
🔹 Attempting JS click...
2025-09-20 21:50:06 [main] INFO  demoqaLog - 🔹 Attempting JS click...
You are now Accessing: Date Picker
2025-09-20 21:50:06 [main] INFO  demoqaBase - You are now Accessing: Date Picker
2025-09-20 21:50:06 [main] INFO  demoqaLog - ⏳ Waiting for page to fully load (timeout: 30s)
2025-09-20 21:50:36 [main] WARN  demoqaLog - ⚠️ Page did not load within 30 seconds.
2025-09-20 21:50:36 [main] INFO  demoqaBase - ✅ JS click executed on 'DateTime Input'
2025-09-20 21:50:36 [main] INFO  demoqaBase - 🔍 Waiting for calendar popup to appear...
2025-09-20 21:50:36 [main] INFO  demoqaBase - ✅ Calendar popup is visible after clicking the input
2025-09-20 21:50:37 [main] INFO  demoqaBase - ✅ JS click executed on 'Year Dropdown Trigger'
2025-09-20 21:50:37 [main] INFO  demoqaBase - ✅ JS click executed on 'years-previous'
2025-09-20 21:50:38 [main] INFO  demoqaBase - ✅ JS click executed on 'years-previous'
2025-09-20 21:50:38 [main] INFO  demoqaBase - ✅ JS click executed on 'years-previous'
2025-09-20 21:50:39 [main] INFO  demoqaBase - ✅ JS click executed on 'years-previous'
2025-09-20 21:50:39 [main] INFO  demoqaBase - ✅ JS click executed on 'years-previous'
2025-09-20 21:50:40 [main] INFO  demoqaBase - ✅ JS click executed on 'years-previous'
2025-09-20 21:50:40 [main] INFO  demoqaBase - ✅ JS click executed on 'years-previous'
2025-09-20 21:50:41 [main] INFO  demoqaBase - ✅ JS click executed on 'years-previous'
2025-09-20 21:50:41 [main] INFO  demoqaBase - ✅ JS click executed on 'years-previous'
2025-09-20 21:50:42 [main] INFO  demoqaBase - ✅ JS click executed on 'years-previous'
2025-09-20 21:50:42 [main] INFO  demoqaBase - ✅ JS click executed on 'years-previous'
2025-09-20 21:50:43 [main] INFO  demoqaBase - ✅ JS click executed on 'years-previous'
2025-09-20 21:50:44 [main] INFO  demoqaBase - ✅ JS click executed on 'years-previous'
2025-09-20 21:50:44 [main] INFO  demoqaBase - ✅ JS click executed on 'years-previous'
2025-09-20 21:50:45 [main] INFO  demoqaBase - ✅ JS click executed on 'years-previous'
2025-09-20 21:50:45 [main] INFO  demoqaBase - ✅ JS click executed on 'years-previous'
2025-09-20 21:50:46 [main] INFO  demoqaBase - ✅ JS click executed on 'years-previous'
2025-09-20 21:50:46 [main] INFO  demoqaBase - ✅ JS click executed on 'years-previous'
2025-09-20 21:50:47 [main] INFO  demoqaBase - ✅ JS click executed on 'Year 2002'
2025-09-20 21:50:47 [main] INFO  demoqaBase - ✅ Year selected: 2002
2025-09-20 21:50:50 [main] INFO  demoqaBase - ✅ JS click executed on 'Month Dropdown Trigger'
2025-09-20 21:50:50 [main] INFO  demoqaLog - ✅ JS click executed on element: {}
2025-09-20 21:50:50 [main] INFO  demoqaBase - ✅ Selecting month: May
2025-09-20 21:50:50 [main] INFO  demoqaBase - ✅ JS click executed on 'Day 22'
2025-09-20 21:50:50 [main] INFO  demoqaBase - ✅ Day selected: 22
🧼 [DatePickerUtils] Parsed TimeOption as 00:00 using pattern 'H:mm'
🧼 [DatePickerUtils] Parsed TimeOption as 00:15 using pattern 'H:mm'
🧼 [DatePickerUtils] Parsed TimeOption as 00:30 using pattern 'H:mm'
🧼 [DatePickerUtils] Parsed TimeOption as 00:45 using pattern 'H:mm'
🧼 [DatePickerUtils] Parsed TimeOption as 01:00 using pattern 'H:mm'
🧼 [DatePickerUtils] Parsed TimeOption as 01:15 using pattern 'H:mm'
🧼 [DatePickerUtils] Parsed TimeOption as 01:30 using pattern 'H:mm'
🧼 [DatePickerUtils] Parsed TimeOption as 01:45 using pattern 'H:mm'
🧼 [DatePickerUtils] Parsed TimeOption as 02:00 using pattern 'H:mm'
🧼 [DatePickerUtils] Parsed TimeOption as 02:15 using pattern 'H:mm'
🧼 [DatePickerUtils] Parsed TimeOption as 02:30 using pattern 'H:mm'
🧼 [DatePickerUtils] Parsed TimeOption as 02:45 using pattern 'H:mm'
🧼 [DatePickerUtils] Parsed TimeOption as 03:00 using pattern 'H:mm'
🧼 [DatePickerUtils] Parsed TimeOption as 03:15 using pattern 'H:mm'
🧼 [DatePickerUtils] Parsed TimeOption as 03:30 using pattern 'H:mm'
🧼 [DatePickerUtils] Parsed TimeOption as 03:45 using pattern 'H:mm'
🧼 [DatePickerUtils] Parsed TimeOption as 04:00 using pattern 'H:mm'
🧼 [DatePickerUtils] Parsed TimeOption as 04:15 using pattern 'H:mm'
🧼 [DatePickerUtils] Parsed TimeOption as 04:30 using pattern 'H:mm'
🧼 [DatePickerUtils] Parsed TimeOption as 04:45 using pattern 'H:mm'
🧼 [DatePickerUtils] Parsed TimeOption as 05:00 using pattern 'H:mm'
🧼 [DatePickerUtils] Parsed TimeOption as 05:15 using pattern 'H:mm'
🧼 [DatePickerUtils] Parsed TimeOption as 05:30 using pattern 'H:mm'
🧼 [DatePickerUtils] Parsed TimeOption as 05:45 using pattern 'H:mm'
🧼 [DatePickerUtils] Parsed TimeOption as 06:00 using pattern 'H:mm'
🧼 [DatePickerUtils] Parsed TimeOption as 06:15 using pattern 'H:mm'
🧼 [DatePickerUtils] Parsed TimeOption as 06:30 using pattern 'H:mm'
🧼 [DatePickerUtils] Parsed TimeOption as 06:45 using pattern 'H:mm'
🧼 [DatePickerUtils] Parsed TimeOption as 07:00 using pattern 'H:mm'
🧼 [DatePickerUtils] Parsed TimeOption as 07:15 using pattern 'H:mm'
🧼 [DatePickerUtils] Parsed TimeOption as 07:30 using pattern 'H:mm'
🧼 [DatePickerUtils] Parsed TimeOption as 07:45 using pattern 'H:mm'
🧼 [DatePickerUtils] Parsed TimeOption as 08:00 using pattern 'H:mm'
🧼 [DatePickerUtils] Parsed TimeOption as 08:15 using pattern 'H:mm'
🧼 [DatePickerUtils] Parsed TimeOption as 08:30 using pattern 'H:mm'
🧼 [DatePickerUtils] Parsed TimeOption as 08:45 using pattern 'H:mm'
🧼 [DatePickerUtils] Parsed TimeOption as 09:00 using pattern 'H:mm'
🧼 [DatePickerUtils] Parsed TimeOption as 09:15 using pattern 'H:mm'
🧼 [DatePickerUtils] Parsed TimeOption as 09:30 using pattern 'H:mm'
🧼 [DatePickerUtils] Parsed TimeOption as 09:45 using pattern 'H:mm'
🧼 [DatePickerUtils] Parsed TimeOption as 10:00 using pattern 'H:mm'
🧼 [DatePickerUtils] Parsed TimeOption as 10:15 using pattern 'H:mm'
🧼 [DatePickerUtils] Parsed TimeOption as 10:30 using pattern 'H:mm'
2025-09-20 21:50:50 [main] INFO  demoqaBase - ✅ JS click executed on 'Time 10:30'
2025-09-20 21:50:50 [main] INFO  demoqaBase - ✅ Time selected: 10:30
2025-09-20 21:50:51 [main] INFO  demoqaBase - Selected DateTime: May 22, 2002 10:30 AM
2025-09-20 21:50:51 [main] INFO  demoqaBase - Expected DateTime: May 22, 2002 10:30 AM
]]></system-out>
  </testcase>
  <testcase name="SelectDateAndTime[UserFormData{firstName=&apos;Bud&apos;, lastName=&apos;Wisem&apos;, userMail=&apos;BWisem@demoqa.com&apos;, gender=&apos;Other&apos;, mobile=&apos;8.932465432E9&apos;, dob=&apos;31/12/1999&apos;, dobTime=&apos;8:45:00 pm&apos;, subject=&apos;Biology&apos;, hobbies=&apos;Reading&apos;, picturePath=&apos;/TestData/Ophoto.jpg&apos;, address=&apos;513 Grant 481, Prattsville\n Arkansas 72129\n United States&apos;, state=&apos;Haryana&apos;, city=&apos;Panipat&apos;}](3)" classname="tests.WidgetsTests" time="46.466">
    <system-out><![CDATA[2025-09-20 21:50:51 [main] INFO  demoqaBase - Closing browser for test: SelectDateAndTime
2025-09-20 21:50:52 [main] INFO  DriverFactory - 🌐 Starting Chrome Web Browser...
2025-09-20 21:50:52 [main] INFO  DriverFactory - ✅ Created temporary Chrome profile at C:\Users\dell\AppData\Local\Temp\chrome-profile-16830415371311064203
2025-09-20 21:50:54 [main] INFO  DriverFactory - 🚀 WebDriver started successfully
2025-09-20 21:50:54 [main] INFO  RetryUrlAccess - 🌐 Navigating to URL (attempt 1): https://demoqa.com
2025-09-20 21:50:57 [main] INFO  RetryUrlAccess - ✅ Navigation successful on attempt 1
2025-09-20 21:50:57 [main] INFO  demoqaBase - Accessing Widgets Card...
Declared Instance WebDriverWait: org.openqa.selenium.support.ui.WebDriverWait@33d35bd
2025-09-20 21:50:57 [main] INFO  demoqaLog - Clicking on Widgets Card...
🔹 Trying JS click by locator (attempt 1)
2025-09-20 21:50:57 [main] INFO  demoqaLog - 🔹 Trying JS click by locator (attempt 1)
🔹 Attempting JS click...
2025-09-20 21:50:57 [main] INFO  demoqaLog - 🔹 Attempting JS click...
2025-09-20 21:50:57 [main] INFO  demoqaLog - Clicked on Widgets Card...
Title of this Page is: DEMOQA
You are Accessing: Widgets
 
2025-09-20 21:50:57 [main] INFO  demoqaBase - Widgets: Please select an item from left to start practice.
2025-09-20 21:50:57 [main] INFO  demoqaBase - 📅 Parsed DOB with time: 1999-12-31T10:30
2025-09-20 21:50:57 [main] INFO  demoqaBase - Clicking on Widgets|Date Picker...
🔹 Trying JS click on WebElement (attempt 1)
2025-09-20 21:50:57 [main] INFO  demoqaLog - 🔹 Trying JS click on WebElement (attempt 1)
🔹 Attempting JS click...
2025-09-20 21:50:57 [main] INFO  demoqaLog - 🔹 Attempting JS click...
You are now Accessing: Date Picker
2025-09-20 21:50:57 [main] INFO  demoqaBase - You are now Accessing: Date Picker
2025-09-20 21:50:57 [main] INFO  demoqaLog - ⏳ Waiting for page to fully load (timeout: 30s)
2025-09-20 21:51:27 [main] WARN  demoqaLog - ⚠️ Page did not load within 30 seconds.
2025-09-20 21:51:27 [main] INFO  demoqaBase - ✅ JS click executed on 'DateTime Input'
2025-09-20 21:51:27 [main] INFO  demoqaBase - 🔍 Waiting for calendar popup to appear...
2025-09-20 21:51:27 [main] INFO  demoqaBase - ✅ Calendar popup is visible after clicking the input
2025-09-20 21:51:28 [main] INFO  demoqaBase - ✅ JS click executed on 'Year Dropdown Trigger'
2025-09-20 21:51:28 [main] INFO  demoqaBase - ✅ JS click executed on 'years-previous'
2025-09-20 21:51:29 [main] INFO  demoqaBase - ✅ JS click executed on 'years-previous'
2025-09-20 21:51:29 [main] INFO  demoqaBase - ✅ JS click executed on 'years-previous'
2025-09-20 21:51:30 [main] INFO  demoqaBase - ✅ JS click executed on 'years-previous'
2025-09-20 21:51:30 [main] INFO  demoqaBase - ✅ JS click executed on 'years-previous'
2025-09-20 21:51:31 [main] INFO  demoqaBase - ✅ JS click executed on 'years-previous'
2025-09-20 21:51:31 [main] INFO  demoqaBase - ✅ JS click executed on 'years-previous'
2025-09-20 21:51:32 [main] INFO  demoqaBase - ✅ JS click executed on 'years-previous'
2025-09-20 21:51:32 [main] INFO  demoqaBase - ✅ JS click executed on 'years-previous'
2025-09-20 21:51:33 [main] INFO  demoqaBase - ✅ JS click executed on 'years-previous'
2025-09-20 21:51:34 [main] INFO  demoqaBase - ✅ JS click executed on 'years-previous'
2025-09-20 21:51:34 [main] INFO  demoqaBase - ✅ JS click executed on 'years-previous'
2025-09-20 21:51:35 [main] INFO  demoqaBase - ✅ JS click executed on 'years-previous'
2025-09-20 21:51:35 [main] INFO  demoqaBase - ✅ JS click executed on 'years-previous'
2025-09-20 21:51:36 [main] INFO  demoqaBase - ✅ JS click executed on 'years-previous'
2025-09-20 21:51:36 [main] INFO  demoqaBase - ✅ JS click executed on 'years-previous'
2025-09-20 21:51:37 [main] INFO  demoqaBase - ✅ JS click executed on 'years-previous'
2025-09-20 21:51:37 [main] INFO  demoqaBase - ✅ JS click executed on 'years-previous'
2025-09-20 21:51:38 [main] INFO  demoqaBase - ✅ JS click executed on 'years-previous'
2025-09-20 21:51:38 [main] INFO  demoqaBase - ✅ JS click executed on 'years-previous'
2025-09-20 21:51:39 [main] INFO  demoqaBase - ✅ JS click executed on 'years-previous'
2025-09-20 21:51:39 [main] INFO  demoqaBase - ✅ JS click executed on 'Year 1999'
2025-09-20 21:51:39 [main] INFO  demoqaBase - ✅ Year selected: 1999
2025-09-20 21:51:42 [main] INFO  demoqaBase - ✅ JS click executed on 'Month Dropdown Trigger'
2025-09-20 21:51:42 [main] INFO  demoqaLog - ✅ JS click executed on element: {}
2025-09-20 21:51:43 [main] INFO  demoqaBase - ✅ Selecting month: December
2025-09-20 21:51:43 [main] INFO  demoqaBase - ✅ JS click executed on 'Day 31'
2025-09-20 21:51:43 [main] INFO  demoqaBase - ✅ Day selected: 31
🧼 [DatePickerUtils] Parsed TimeOption as 00:00 using pattern 'H:mm'
🧼 [DatePickerUtils] Parsed TimeOption as 00:15 using pattern 'H:mm'
🧼 [DatePickerUtils] Parsed TimeOption as 00:30 using pattern 'H:mm'
🧼 [DatePickerUtils] Parsed TimeOption as 00:45 using pattern 'H:mm'
🧼 [DatePickerUtils] Parsed TimeOption as 01:00 using pattern 'H:mm'
🧼 [DatePickerUtils] Parsed TimeOption as 01:15 using pattern 'H:mm'
🧼 [DatePickerUtils] Parsed TimeOption as 01:30 using pattern 'H:mm'
🧼 [DatePickerUtils] Parsed TimeOption as 01:45 using pattern 'H:mm'
🧼 [DatePickerUtils] Parsed TimeOption as 02:00 using pattern 'H:mm'
🧼 [DatePickerUtils] Parsed TimeOption as 02:15 using pattern 'H:mm'
🧼 [DatePickerUtils] Parsed TimeOption as 02:30 using pattern 'H:mm'
🧼 [DatePickerUtils] Parsed TimeOption as 02:45 using pattern 'H:mm'
🧼 [DatePickerUtils] Parsed TimeOption as 03:00 using pattern 'H:mm'
🧼 [DatePickerUtils] Parsed TimeOption as 03:15 using pattern 'H:mm'
🧼 [DatePickerUtils] Parsed TimeOption as 03:30 using pattern 'H:mm'
🧼 [DatePickerUtils] Parsed TimeOption as 03:45 using pattern 'H:mm'
🧼 [DatePickerUtils] Parsed TimeOption as 04:00 using pattern 'H:mm'
🧼 [DatePickerUtils] Parsed TimeOption as 04:15 using pattern 'H:mm'
🧼 [DatePickerUtils] Parsed TimeOption as 04:30 using pattern 'H:mm'
🧼 [DatePickerUtils] Parsed TimeOption as 04:45 using pattern 'H:mm'
🧼 [DatePickerUtils] Parsed TimeOption as 05:00 using pattern 'H:mm'
🧼 [DatePickerUtils] Parsed TimeOption as 05:15 using pattern 'H:mm'
🧼 [DatePickerUtils] Parsed TimeOption as 05:30 using pattern 'H:mm'
🧼 [DatePickerUtils] Parsed TimeOption as 05:45 using pattern 'H:mm'
🧼 [DatePickerUtils] Parsed TimeOption as 06:00 using pattern 'H:mm'
🧼 [DatePickerUtils] Parsed TimeOption as 06:15 using pattern 'H:mm'
🧼 [DatePickerUtils] Parsed TimeOption as 06:30 using pattern 'H:mm'
🧼 [DatePickerUtils] Parsed TimeOption as 06:45 using pattern 'H:mm'
🧼 [DatePickerUtils] Parsed TimeOption as 07:00 using pattern 'H:mm'
🧼 [DatePickerUtils] Parsed TimeOption as 07:15 using pattern 'H:mm'
🧼 [DatePickerUtils] Parsed TimeOption as 07:30 using pattern 'H:mm'
🧼 [DatePickerUtils] Parsed TimeOption as 07:45 using pattern 'H:mm'
🧼 [DatePickerUtils] Parsed TimeOption as 08:00 using pattern 'H:mm'
🧼 [DatePickerUtils] Parsed TimeOption as 08:15 using pattern 'H:mm'
🧼 [DatePickerUtils] Parsed TimeOption as 08:30 using pattern 'H:mm'
🧼 [DatePickerUtils] Parsed TimeOption as 08:45 using pattern 'H:mm'
🧼 [DatePickerUtils] Parsed TimeOption as 09:00 using pattern 'H:mm'
🧼 [DatePickerUtils] Parsed TimeOption as 09:15 using pattern 'H:mm'
🧼 [DatePickerUtils] Parsed TimeOption as 09:30 using pattern 'H:mm'
🧼 [DatePickerUtils] Parsed TimeOption as 09:45 using pattern 'H:mm'
🧼 [DatePickerUtils] Parsed TimeOption as 10:00 using pattern 'H:mm'
🧼 [DatePickerUtils] Parsed TimeOption as 10:15 using pattern 'H:mm'
🧼 [DatePickerUtils] Parsed TimeOption as 10:30 using pattern 'H:mm'
2025-09-20 21:51:43 [main] INFO  demoqaBase - ✅ JS click executed on 'Time 10:30'
2025-09-20 21:51:43 [main] INFO  demoqaBase - ✅ Time selected: 10:30
2025-09-20 21:51:43 [main] INFO  demoqaBase - Selected DateTime: December 31, 1999 10:30 AM
2025-09-20 21:51:43 [main] INFO  demoqaBase - Expected DateTime: December 31, 1999 10:30 AM
]]></system-out>
  </testcase>
  <testcase name="SelectDateAndTime[UserFormData{firstName=&apos;Tom&apos;, lastName=&apos;Boss&apos;, userMail=&apos;TBoss@demoqa.com&apos;, gender=&apos;Male&apos;, mobile=&apos;7.839875281E9&apos;, dob=&apos;1/26/03&apos;, dobTime=&apos;5:45:00 am&apos;, subject=&apos;Social Studies&apos;, hobbies=&apos;Sports,Reading&apos;, picturePath=&apos;/TestData/M2photo.jpg&apos;, address=&apos;514 Grant 481, Prattsville\n Arkansas 72129\n United States&apos;, state=&apos;Rajasthan&apos;, city=&apos;Jaiselmer&apos;}](4)" classname="tests.WidgetsTests" time="44.865">
    <system-out><![CDATA[2025-09-20 21:51:43 [main] INFO  demoqaBase - Closing browser for test: SelectDateAndTime
2025-09-20 21:51:44 [main] INFO  DriverFactory - 🌐 Starting Chrome Web Browser...
2025-09-20 21:51:44 [main] INFO  DriverFactory - ✅ Created temporary Chrome profile at C:\Users\dell\AppData\Local\Temp\chrome-profile-12301398269165987071
2025-09-20 21:51:47 [main] INFO  DriverFactory - 🚀 WebDriver started successfully
2025-09-20 21:51:47 [main] INFO  RetryUrlAccess - 🌐 Navigating to URL (attempt 1): https://demoqa.com
2025-09-20 21:51:50 [main] INFO  RetryUrlAccess - ✅ Navigation successful on attempt 1
2025-09-20 21:51:50 [main] INFO  demoqaBase - Accessing Widgets Card...
Declared Instance WebDriverWait: org.openqa.selenium.support.ui.WebDriverWait@12be72c1
2025-09-20 21:51:50 [main] INFO  demoqaLog - Clicking on Widgets Card...
🔹 Trying JS click by locator (attempt 1)
2025-09-20 21:51:50 [main] INFO  demoqaLog - 🔹 Trying JS click by locator (attempt 1)
🔹 Attempting JS click...
2025-09-20 21:51:50 [main] INFO  demoqaLog - 🔹 Attempting JS click...
2025-09-20 21:51:50 [main] INFO  demoqaLog - Clicked on Widgets Card...
Title of this Page is: DEMOQA
You are Accessing: Widgets
 
2025-09-20 21:51:50 [main] INFO  demoqaBase - Widgets: Please select an item from left to start practice.
2025-09-20 21:51:50 [main] INFO  demoqaBase - 📅 Parsed DOB with time: 2003-01-26T10:30
2025-09-20 21:51:50 [main] INFO  demoqaBase - Clicking on Widgets|Date Picker...
🔹 Trying JS click on WebElement (attempt 1)
2025-09-20 21:51:50 [main] INFO  demoqaLog - 🔹 Trying JS click on WebElement (attempt 1)
🔹 Attempting JS click...
2025-09-20 21:51:50 [main] INFO  demoqaLog - 🔹 Attempting JS click...
You are now Accessing: Date Picker
2025-09-20 21:51:50 [main] INFO  demoqaBase - You are now Accessing: Date Picker
2025-09-20 21:51:50 [main] INFO  demoqaLog - ⏳ Waiting for page to fully load (timeout: 30s)
2025-09-20 21:52:20 [main] WARN  demoqaLog - ⚠️ Page did not load within 30 seconds.
2025-09-20 21:52:21 [main] INFO  demoqaBase - ✅ JS click executed on 'DateTime Input'
2025-09-20 21:52:21 [main] INFO  demoqaBase - 🔍 Waiting for calendar popup to appear...
2025-09-20 21:52:21 [main] INFO  demoqaBase - ✅ Calendar popup is visible after clicking the input
2025-09-20 21:52:21 [main] INFO  demoqaBase - ✅ JS click executed on 'Year Dropdown Trigger'
2025-09-20 21:52:22 [main] INFO  demoqaBase - ✅ JS click executed on 'years-previous'
2025-09-20 21:52:22 [main] INFO  demoqaBase - ✅ JS click executed on 'years-previous'
2025-09-20 21:52:23 [main] INFO  demoqaBase - ✅ JS click executed on 'years-previous'
2025-09-20 21:52:23 [main] INFO  demoqaBase - ✅ JS click executed on 'years-previous'
2025-09-20 21:52:24 [main] INFO  demoqaBase - ✅ JS click executed on 'years-previous'
2025-09-20 21:52:24 [main] INFO  demoqaBase - ✅ JS click executed on 'years-previous'
2025-09-20 21:52:25 [main] INFO  demoqaBase - ✅ JS click executed on 'years-previous'
2025-09-20 21:52:25 [main] INFO  demoqaBase - ✅ JS click executed on 'years-previous'
2025-09-20 21:52:26 [main] INFO  demoqaBase - ✅ JS click executed on 'years-previous'
2025-09-20 21:52:26 [main] INFO  demoqaBase - ✅ JS click executed on 'years-previous'
2025-09-20 21:52:27 [main] INFO  demoqaBase - ✅ JS click executed on 'years-previous'
2025-09-20 21:52:28 [main] INFO  demoqaBase - ✅ JS click executed on 'years-previous'
2025-09-20 21:52:28 [main] INFO  demoqaBase - ✅ JS click executed on 'years-previous'
2025-09-20 21:52:29 [main] INFO  demoqaBase - ✅ JS click executed on 'years-previous'
2025-09-20 21:52:29 [main] INFO  demoqaBase - ✅ JS click executed on 'years-previous'
2025-09-20 21:52:30 [main] INFO  demoqaBase - ✅ JS click executed on 'years-previous'
2025-09-20 21:52:30 [main] INFO  demoqaBase - ✅ JS click executed on 'years-previous'
2025-09-20 21:52:31 [main] INFO  demoqaBase - ✅ JS click executed on 'Year 2003'
2025-09-20 21:52:31 [main] INFO  demoqaBase - ✅ Year selected: 2003
2025-09-20 21:52:34 [main] INFO  demoqaBase - ✅ JS click executed on 'Month Dropdown Trigger'
2025-09-20 21:52:34 [main] INFO  demoqaLog - ✅ JS click executed on element: {}
2025-09-20 21:52:34 [main] INFO  demoqaBase - ✅ Selecting month: January
2025-09-20 21:52:34 [main] INFO  demoqaBase - ✅ JS click executed on 'Day 26'
2025-09-20 21:52:34 [main] INFO  demoqaBase - ✅ Day selected: 26
🧼 [DatePickerUtils] Parsed TimeOption as 00:00 using pattern 'H:mm'
🧼 [DatePickerUtils] Parsed TimeOption as 00:15 using pattern 'H:mm'
🧼 [DatePickerUtils] Parsed TimeOption as 00:30 using pattern 'H:mm'
🧼 [DatePickerUtils] Parsed TimeOption as 00:45 using pattern 'H:mm'
🧼 [DatePickerUtils] Parsed TimeOption as 01:00 using pattern 'H:mm'
🧼 [DatePickerUtils] Parsed TimeOption as 01:15 using pattern 'H:mm'
🧼 [DatePickerUtils] Parsed TimeOption as 01:30 using pattern 'H:mm'
🧼 [DatePickerUtils] Parsed TimeOption as 01:45 using pattern 'H:mm'
🧼 [DatePickerUtils] Parsed TimeOption as 02:00 using pattern 'H:mm'
🧼 [DatePickerUtils] Parsed TimeOption as 02:15 using pattern 'H:mm'
🧼 [DatePickerUtils] Parsed TimeOption as 02:30 using pattern 'H:mm'
🧼 [DatePickerUtils] Parsed TimeOption as 02:45 using pattern 'H:mm'
🧼 [DatePickerUtils] Parsed TimeOption as 03:00 using pattern 'H:mm'
🧼 [DatePickerUtils] Parsed TimeOption as 03:15 using pattern 'H:mm'
🧼 [DatePickerUtils] Parsed TimeOption as 03:30 using pattern 'H:mm'
🧼 [DatePickerUtils] Parsed TimeOption as 03:45 using pattern 'H:mm'
🧼 [DatePickerUtils] Parsed TimeOption as 04:00 using pattern 'H:mm'
🧼 [DatePickerUtils] Parsed TimeOption as 04:15 using pattern 'H:mm'
🧼 [DatePickerUtils] Parsed TimeOption as 04:30 using pattern 'H:mm'
🧼 [DatePickerUtils] Parsed TimeOption as 04:45 using pattern 'H:mm'
🧼 [DatePickerUtils] Parsed TimeOption as 05:00 using pattern 'H:mm'
🧼 [DatePickerUtils] Parsed TimeOption as 05:15 using pattern 'H:mm'
🧼 [DatePickerUtils] Parsed TimeOption as 05:30 using pattern 'H:mm'
🧼 [DatePickerUtils] Parsed TimeOption as 05:45 using pattern 'H:mm'
🧼 [DatePickerUtils] Parsed TimeOption as 06:00 using pattern 'H:mm'
🧼 [DatePickerUtils] Parsed TimeOption as 06:15 using pattern 'H:mm'
🧼 [DatePickerUtils] Parsed TimeOption as 06:30 using pattern 'H:mm'
🧼 [DatePickerUtils] Parsed TimeOption as 06:45 using pattern 'H:mm'
🧼 [DatePickerUtils] Parsed TimeOption as 07:00 using pattern 'H:mm'
🧼 [DatePickerUtils] Parsed TimeOption as 07:15 using pattern 'H:mm'
🧼 [DatePickerUtils] Parsed TimeOption as 07:30 using pattern 'H:mm'
🧼 [DatePickerUtils] Parsed TimeOption as 07:45 using pattern 'H:mm'
🧼 [DatePickerUtils] Parsed TimeOption as 08:00 using pattern 'H:mm'
🧼 [DatePickerUtils] Parsed TimeOption as 08:15 using pattern 'H:mm'
🧼 [DatePickerUtils] Parsed TimeOption as 08:30 using pattern 'H:mm'
🧼 [DatePickerUtils] Parsed TimeOption as 08:45 using pattern 'H:mm'
🧼 [DatePickerUtils] Parsed TimeOption as 09:00 using pattern 'H:mm'
🧼 [DatePickerUtils] Parsed TimeOption as 09:15 using pattern 'H:mm'
🧼 [DatePickerUtils] Parsed TimeOption as 09:30 using pattern 'H:mm'
🧼 [DatePickerUtils] Parsed TimeOption as 09:45 using pattern 'H:mm'
🧼 [DatePickerUtils] Parsed TimeOption as 10:00 using pattern 'H:mm'
🧼 [DatePickerUtils] Parsed TimeOption as 10:15 using pattern 'H:mm'
🧼 [DatePickerUtils] Parsed TimeOption as 10:30 using pattern 'H:mm'
2025-09-20 21:52:35 [main] INFO  demoqaBase - ✅ JS click executed on 'Time 10:30'
2025-09-20 21:52:35 [main] INFO  demoqaBase - ✅ Time selected: 10:30
2025-09-20 21:52:35 [main] INFO  demoqaBase - Selected DateTime: January 26, 2003 10:30 AM
2025-09-20 21:52:35 [main] INFO  demoqaBase - Expected DateTime: January 26, 2003 10:30 AM
]]></system-out>
  </testcase>
</testsuite>