<?xml version="1.0" encoding="UTF-8"?>
<testsuite xmlns:xsi="http://www.w3.org/2001/XMLSchema-instance" xsi:noNamespaceSchemaLocation="https://maven.apache.org/surefire/maven-surefire-plugin/xsd/surefire-test-report-3.0.xsd" version="3.0" name="TestSuite" time="87.603" tests="7" errors="0" skipped="0" failures="0">
  <properties>
    <property name="java.specification.version" value="21"/>
    <property name="sun.cpu.isalist" value="amd64"/>
    <property name="sun.jnu.encoding" value="Cp1252"/>
    <property name="java.class.path" value="C:\ASN\eclipse_workspace\demoqa-automation\target\test-classes;C:\ASN\eclipse_workspace\demoqa-automation\target\classes;C:\Users\dell\.m2\repository\org\seleniumhq\selenium\selenium-java\4.34.0\selenium-java-4.34.0.jar;C:\Users\dell\.m2\repository\org\seleniumhq\selenium\selenium-api\4.34.0\selenium-api-4.34.0.jar;C:\Users\dell\.m2\repository\org\jspecify\jspecify\1.0.0\jspecify-1.0.0.jar;C:\Users\dell\.m2\repository\org\seleniumhq\selenium\selenium-chrome-driver\4.34.0\selenium-chrome-driver-4.34.0.jar;C:\Users\dell\.m2\repository\com\google\auto\service\auto-service-annotations\1.1.1\auto-service-annotations-1.1.1.jar;C:\Users\dell\.m2\repository\org\seleniumhq\selenium\selenium-chromium-driver\4.34.0\selenium-chromium-driver-4.34.0.jar;C:\Users\dell\.m2\repository\org\seleniumhq\selenium\selenium-devtools-v136\4.34.0\selenium-devtools-v136-4.34.0.jar;C:\Users\dell\.m2\repository\org\seleniumhq\selenium\selenium-devtools-v137\4.34.0\selenium-devtools-v137-4.34.0.jar;C:\Users\dell\.m2\repository\org\seleniumhq\selenium\selenium-devtools-v138\4.34.0\selenium-devtools-v138-4.34.0.jar;C:\Users\dell\.m2\repository\org\seleniumhq\selenium\selenium-edge-driver\4.34.0\selenium-edge-driver-4.34.0.jar;C:\Users\dell\.m2\repository\org\seleniumhq\selenium\selenium-firefox-driver\4.34.0\selenium-firefox-driver-4.34.0.jar;C:\Users\dell\.m2\repository\org\seleniumhq\selenium\selenium-http\4.34.0\selenium-http-4.34.0.jar;C:\Users\dell\.m2\repository\org\seleniumhq\selenium\selenium-ie-driver\4.34.0\selenium-ie-driver-4.34.0.jar;C:\Users\dell\.m2\repository\org\seleniumhq\selenium\selenium-remote-driver\4.34.0\selenium-remote-driver-4.34.0.jar;C:\Users\dell\.m2\repository\com\google\guava\guava\33.4.8-jre\guava-33.4.8-jre.jar;C:\Users\dell\.m2\repository\com\google\guava\failureaccess\1.0.3\failureaccess-1.0.3.jar;C:\Users\dell\.m2\repository\com\google\guava\listenablefuture\9999.0-empty-to-avoid-conflict-with-guava\listenablefuture-9999.0-empty-to-avoid-conflict-with-guava.jar;C:\Users\dell\.m2\repository\com\google\errorprone\error_prone_annotations\2.36.0\error_prone_annotations-2.36.0.jar;C:\Users\dell\.m2\repository\com\google\j2objc\j2objc-annotations\3.0.0\j2objc-annotations-3.0.0.jar;C:\Users\dell\.m2\repository\io\opentelemetry\opentelemetry-api\1.51.0\opentelemetry-api-1.51.0.jar;C:\Users\dell\.m2\repository\io\opentelemetry\opentelemetry-context\1.51.0\opentelemetry-context-1.51.0.jar;C:\Users\dell\.m2\repository\io\opentelemetry\opentelemetry-exporter-logging\1.51.0\opentelemetry-exporter-logging-1.51.0.jar;C:\Users\dell\.m2\repository\io\opentelemetry\opentelemetry-sdk-common\1.51.0\opentelemetry-sdk-common-1.51.0.jar;C:\Users\dell\.m2\repository\io\opentelemetry\opentelemetry-sdk-extension-autoconfigure-spi\1.51.0\opentelemetry-sdk-extension-autoconfigure-spi-1.51.0.jar;C:\Users\dell\.m2\repository\io\opentelemetry\opentelemetry-sdk-extension-autoconfigure\1.51.0\opentelemetry-sdk-extension-autoconfigure-1.51.0.jar;C:\Users\dell\.m2\repository\io\opentelemetry\opentelemetry-sdk-trace\1.51.0\opentelemetry-sdk-trace-1.51.0.jar;C:\Users\dell\.m2\repository\io\opentelemetry\opentelemetry-sdk\1.51.0\opentelemetry-sdk-1.51.0.jar;C:\Users\dell\.m2\repository\io\opentelemetry\opentelemetry-sdk-metrics\1.51.0\opentelemetry-sdk-metrics-1.51.0.jar;C:\Users\dell\.m2\repository\io\opentelemetry\opentelemetry-sdk-logs\1.51.0\opentelemetry-sdk-logs-1.51.0.jar;C:\Users\dell\.m2\repository\net\bytebuddy\byte-buddy\1.17.6\byte-buddy-1.17.6.jar;C:\Users\dell\.m2\repository\org\seleniumhq\selenium\selenium-safari-driver\4.34.0\selenium-safari-driver-4.34.0.jar;C:\Users\dell\.m2\repository\org\seleniumhq\selenium\selenium-support\4.34.0\selenium-support-4.34.0.jar;C:\Users\dell\.m2\repository\org\seleniumhq\selenium\selenium-manager\4.34.0\selenium-manager-4.34.0.jar;C:\Users\dell\.m2\repository\org\seleniumhq\selenium\selenium-json\4.34.0\selenium-json-4.34.0.jar;C:\Users\dell\.m2\repository\org\seleniumhq\selenium\selenium-os\4.34.0\selenium-os-4.34.0.jar;C:\Users\dell\.m2\repository\org\apache\commons\commons-exec\1.5.0\commons-exec-1.5.0.jar;C:\Users\dell\.m2\repository\org\testng\testng\7.11.0\testng-7.11.0.jar;C:\Users\dell\.m2\repository\org\slf4j\slf4j-api\2.0.16\slf4j-api-2.0.16.jar;C:\Users\dell\.m2\repository\org\jcommander\jcommander\1.83\jcommander-1.83.jar;C:\Users\dell\.m2\repository\org\webjars\jquery\3.7.1\jquery-3.7.1.jar;C:\Users\dell\.m2\repository\org\apache\logging\log4j\log4j-core\2.24.3\log4j-core-2.24.3.jar;C:\Users\dell\.m2\repository\org\apache\logging\log4j\log4j-api\2.24.3\log4j-api-2.24.3.jar;C:\Users\dell\.m2\repository\com\aventstack\extentreports\5.0.9\extentreports-5.0.9.jar;C:\Users\dell\.m2\repository\io\reactivex\rxjava3\rxjava\3.0.4\rxjava-3.0.4.jar;C:\Users\dell\.m2\repository\org\reactivestreams\reactive-streams\1.0.3\reactive-streams-1.0.3.jar;C:\Users\dell\.m2\repository\org\freemarker\freemarker\2.3.30\freemarker-2.3.30.jar;C:\Users\dell\.m2\repository\com\google\code\gson\gson\2.8.6\gson-2.8.6.jar;C:\Users\dell\.m2\repository\commons-io\commons-io\2.19.0\commons-io-2.19.0.jar;C:\Users\dell\.m2\repository\org\apache\poi\poi-ooxml\5.4.1\poi-ooxml-5.4.1.jar;C:\Users\dell\.m2\repository\org\apache\poi\poi\5.4.1\poi-5.4.1.jar;C:\Users\dell\.m2\repository\commons-codec\commons-codec\1.18.0\commons-codec-1.18.0.jar;C:\Users\dell\.m2\repository\org\apache\commons\commons-math3\3.6.1\commons-math3-3.6.1.jar;C:\Users\dell\.m2\repository\com\zaxxer\SparseBitSet\1.3\SparseBitSet-1.3.jar;C:\Users\dell\.m2\repository\org\apache\poi\poi-ooxml-lite\5.4.1\poi-ooxml-lite-5.4.1.jar;C:\Users\dell\.m2\repository\org\apache\xmlbeans\xmlbeans\5.3.0\xmlbeans-5.3.0.jar;C:\Users\dell\.m2\repository\org\apache\commons\commons-compress\1.27.1\commons-compress-1.27.1.jar;C:\Users\dell\.m2\repository\org\apache\commons\commons-lang3\3.16.0\commons-lang3-3.16.0.jar;C:\Users\dell\.m2\repository\com\github\virtuald\curvesapi\1.08\curvesapi-1.08.jar;C:\Users\dell\.m2\repository\org\apache\commons\commons-collections4\4.4\commons-collections4-4.4.jar;C:\Users\dell\.m2\repository\com\sun\mail\jakarta.mail\2.0.1\jakarta.mail-2.0.1.jar;C:\Users\dell\.m2\repository\com\sun\activation\jakarta.activation\2.0.1\jakarta.activation-2.0.1.jar;C:\Users\dell\.m2\repository\org\projectlombok\lombok\1.18.30\lombok-1.18.30.jar;"/>
    <property name="java.vm.vendor" value="Oracle Corporation"/>
    <property name="sun.arch.data.model" value="64"/>
    <property name="user.variant" value=""/>
    <property name="java.vendor.url" value="https://java.oracle.com/"/>
    <property name="user.timezone" value="Asia/Calcutta"/>
    <property name="os.name" value="Windows 11"/>
    <property name="java.vm.specification.version" value="21"/>
    <property name="sun.java.launcher" value="SUN_STANDARD"/>
    <property name="user.country" value="IN"/>
    <property name="sun.boot.library.path" value="C:\Program Files\Java\jdk-21\bin"/>
    <property name="sun.java.command" value="C:\Users\dell\AppData\Local\Temp\surefire9891512723168049033\surefirebooter-20250721194824758_3.jar C:\Users\dell\AppData\Local\Temp\surefire9891512723168049033 2025-07-21T19-48-24_590-jvmRun1 surefire-20250721194824758_1tmp surefire_0-20250721194824758_2tmp"/>
    <property name="jdk.debug" value="release"/>
    <property name="surefire.test.class.path" value="C:\ASN\eclipse_workspace\demoqa-automation\target\test-classes;C:\ASN\eclipse_workspace\demoqa-automation\target\classes;C:\Users\dell\.m2\repository\org\seleniumhq\selenium\selenium-java\4.34.0\selenium-java-4.34.0.jar;C:\Users\dell\.m2\repository\org\seleniumhq\selenium\selenium-api\4.34.0\selenium-api-4.34.0.jar;C:\Users\dell\.m2\repository\org\jspecify\jspecify\1.0.0\jspecify-1.0.0.jar;C:\Users\dell\.m2\repository\org\seleniumhq\selenium\selenium-chrome-driver\4.34.0\selenium-chrome-driver-4.34.0.jar;C:\Users\dell\.m2\repository\com\google\auto\service\auto-service-annotations\1.1.1\auto-service-annotations-1.1.1.jar;C:\Users\dell\.m2\repository\org\seleniumhq\selenium\selenium-chromium-driver\4.34.0\selenium-chromium-driver-4.34.0.jar;C:\Users\dell\.m2\repository\org\seleniumhq\selenium\selenium-devtools-v136\4.34.0\selenium-devtools-v136-4.34.0.jar;C:\Users\dell\.m2\repository\org\seleniumhq\selenium\selenium-devtools-v137\4.34.0\selenium-devtools-v137-4.34.0.jar;C:\Users\dell\.m2\repository\org\seleniumhq\selenium\selenium-devtools-v138\4.34.0\selenium-devtools-v138-4.34.0.jar;C:\Users\dell\.m2\repository\org\seleniumhq\selenium\selenium-edge-driver\4.34.0\selenium-edge-driver-4.34.0.jar;C:\Users\dell\.m2\repository\org\seleniumhq\selenium\selenium-firefox-driver\4.34.0\selenium-firefox-driver-4.34.0.jar;C:\Users\dell\.m2\repository\org\seleniumhq\selenium\selenium-http\4.34.0\selenium-http-4.34.0.jar;C:\Users\dell\.m2\repository\org\seleniumhq\selenium\selenium-ie-driver\4.34.0\selenium-ie-driver-4.34.0.jar;C:\Users\dell\.m2\repository\org\seleniumhq\selenium\selenium-remote-driver\4.34.0\selenium-remote-driver-4.34.0.jar;C:\Users\dell\.m2\repository\com\google\guava\guava\33.4.8-jre\guava-33.4.8-jre.jar;C:\Users\dell\.m2\repository\com\google\guava\failureaccess\1.0.3\failureaccess-1.0.3.jar;C:\Users\dell\.m2\repository\com\google\guava\listenablefuture\9999.0-empty-to-avoid-conflict-with-guava\listenablefuture-9999.0-empty-to-avoid-conflict-with-guava.jar;C:\Users\dell\.m2\repository\com\google\errorprone\error_prone_annotations\2.36.0\error_prone_annotations-2.36.0.jar;C:\Users\dell\.m2\repository\com\google\j2objc\j2objc-annotations\3.0.0\j2objc-annotations-3.0.0.jar;C:\Users\dell\.m2\repository\io\opentelemetry\opentelemetry-api\1.51.0\opentelemetry-api-1.51.0.jar;C:\Users\dell\.m2\repository\io\opentelemetry\opentelemetry-context\1.51.0\opentelemetry-context-1.51.0.jar;C:\Users\dell\.m2\repository\io\opentelemetry\opentelemetry-exporter-logging\1.51.0\opentelemetry-exporter-logging-1.51.0.jar;C:\Users\dell\.m2\repository\io\opentelemetry\opentelemetry-sdk-common\1.51.0\opentelemetry-sdk-common-1.51.0.jar;C:\Users\dell\.m2\repository\io\opentelemetry\opentelemetry-sdk-extension-autoconfigure-spi\1.51.0\opentelemetry-sdk-extension-autoconfigure-spi-1.51.0.jar;C:\Users\dell\.m2\repository\io\opentelemetry\opentelemetry-sdk-extension-autoconfigure\1.51.0\opentelemetry-sdk-extension-autoconfigure-1.51.0.jar;C:\Users\dell\.m2\repository\io\opentelemetry\opentelemetry-sdk-trace\1.51.0\opentelemetry-sdk-trace-1.51.0.jar;C:\Users\dell\.m2\repository\io\opentelemetry\opentelemetry-sdk\1.51.0\opentelemetry-sdk-1.51.0.jar;C:\Users\dell\.m2\repository\io\opentelemetry\opentelemetry-sdk-metrics\1.51.0\opentelemetry-sdk-metrics-1.51.0.jar;C:\Users\dell\.m2\repository\io\opentelemetry\opentelemetry-sdk-logs\1.51.0\opentelemetry-sdk-logs-1.51.0.jar;C:\Users\dell\.m2\repository\net\bytebuddy\byte-buddy\1.17.6\byte-buddy-1.17.6.jar;C:\Users\dell\.m2\repository\org\seleniumhq\selenium\selenium-safari-driver\4.34.0\selenium-safari-driver-4.34.0.jar;C:\Users\dell\.m2\repository\org\seleniumhq\selenium\selenium-support\4.34.0\selenium-support-4.34.0.jar;C:\Users\dell\.m2\repository\org\seleniumhq\selenium\selenium-manager\4.34.0\selenium-manager-4.34.0.jar;C:\Users\dell\.m2\repository\org\seleniumhq\selenium\selenium-json\4.34.0\selenium-json-4.34.0.jar;C:\Users\dell\.m2\repository\org\seleniumhq\selenium\selenium-os\4.34.0\selenium-os-4.34.0.jar;C:\Users\dell\.m2\repository\org\apache\commons\commons-exec\1.5.0\commons-exec-1.5.0.jar;C:\Users\dell\.m2\repository\org\testng\testng\7.11.0\testng-7.11.0.jar;C:\Users\dell\.m2\repository\org\slf4j\slf4j-api\2.0.16\slf4j-api-2.0.16.jar;C:\Users\dell\.m2\repository\org\jcommander\jcommander\1.83\jcommander-1.83.jar;C:\Users\dell\.m2\repository\org\webjars\jquery\3.7.1\jquery-3.7.1.jar;C:\Users\dell\.m2\repository\org\apache\logging\log4j\log4j-core\2.24.3\log4j-core-2.24.3.jar;C:\Users\dell\.m2\repository\org\apache\logging\log4j\log4j-api\2.24.3\log4j-api-2.24.3.jar;C:\Users\dell\.m2\repository\com\aventstack\extentreports\5.0.9\extentreports-5.0.9.jar;C:\Users\dell\.m2\repository\io\reactivex\rxjava3\rxjava\3.0.4\rxjava-3.0.4.jar;C:\Users\dell\.m2\repository\org\reactivestreams\reactive-streams\1.0.3\reactive-streams-1.0.3.jar;C:\Users\dell\.m2\repository\org\freemarker\freemarker\2.3.30\freemarker-2.3.30.jar;C:\Users\dell\.m2\repository\com\google\code\gson\gson\2.8.6\gson-2.8.6.jar;C:\Users\dell\.m2\repository\commons-io\commons-io\2.19.0\commons-io-2.19.0.jar;C:\Users\dell\.m2\repository\org\apache\poi\poi-ooxml\5.4.1\poi-ooxml-5.4.1.jar;C:\Users\dell\.m2\repository\org\apache\poi\poi\5.4.1\poi-5.4.1.jar;C:\Users\dell\.m2\repository\commons-codec\commons-codec\1.18.0\commons-codec-1.18.0.jar;C:\Users\dell\.m2\repository\org\apache\commons\commons-math3\3.6.1\commons-math3-3.6.1.jar;C:\Users\dell\.m2\repository\com\zaxxer\SparseBitSet\1.3\SparseBitSet-1.3.jar;C:\Users\dell\.m2\repository\org\apache\poi\poi-ooxml-lite\5.4.1\poi-ooxml-lite-5.4.1.jar;C:\Users\dell\.m2\repository\org\apache\xmlbeans\xmlbeans\5.3.0\xmlbeans-5.3.0.jar;C:\Users\dell\.m2\repository\org\apache\commons\commons-compress\1.27.1\commons-compress-1.27.1.jar;C:\Users\dell\.m2\repository\org\apache\commons\commons-lang3\3.16.0\commons-lang3-3.16.0.jar;C:\Users\dell\.m2\repository\com\github\virtuald\curvesapi\1.08\curvesapi-1.08.jar;C:\Users\dell\.m2\repository\org\apache\commons\commons-collections4\4.4\commons-collections4-4.4.jar;C:\Users\dell\.m2\repository\com\sun\mail\jakarta.mail\2.0.1\jakarta.mail-2.0.1.jar;C:\Users\dell\.m2\repository\com\sun\activation\jakarta.activation\2.0.1\jakarta.activation-2.0.1.jar;C:\Users\dell\.m2\repository\org\projectlombok\lombok\1.18.30\lombok-1.18.30.jar;"/>
    <property name="sun.cpu.endian" value="little"/>
    <property name="user.home" value="C:\Users\dell"/>
    <property name="user.language" value="en"/>
    <property name="java.specification.vendor" value="Oracle Corporation"/>
    <property name="java.version.date" value="2025-04-15"/>
    <property name="java.home" value="C:\Program Files\Java\jdk-21"/>
    <property name="file.separator" value="\"/>
    <property name="basedir" value="C:\ASN\eclipse_workspace\demoqa-automation"/>
    <property name="java.vm.compressedOopsMode" value="32-bit"/>
    <property name="line.separator" value="&#10;"/>
    <property name="java.vm.specification.vendor" value="Oracle Corporation"/>
    <property name="java.specification.name" value="Java Platform API Specification"/>
    <property name="surefire.real.class.path" value="C:\Users\dell\AppData\Local\Temp\surefire9891512723168049033\surefirebooter-20250721194824758_3.jar"/>
    <property name="user.script" value=""/>
    <property name="sun.management.compiler" value="HotSpot 64-Bit Tiered Compilers"/>
    <property name="java.runtime.version" value="21.0.7+8-LTS-245"/>
    <property name="user.name" value="dell"/>
    <property name="stdout.encoding" value="Cp1252"/>
    <property name="path.separator" value=";"/>
    <property name="os.version" value="10.0"/>
    <property name="java.runtime.name" value="Java(TM) SE Runtime Environment"/>
    <property name="file.encoding" value="UTF-8"/>
    <property name="java.vm.name" value="Java HotSpot(TM) 64-Bit Server VM"/>
    <property name="localRepository" value="C:\Users\dell\.m2\repository"/>
    <property name="java.vendor.url.bug" value="https://bugreport.java.com/bugreport/"/>
    <property name="java.io.tmpdir" value="C:\Users\dell\AppData\Local\Temp\"/>
    <property name="java.version" value="21.0.7"/>
    <property name="user.dir" value="C:\ASN\eclipse_workspace\demoqa-automation"/>
    <property name="os.arch" value="amd64"/>
    <property name="java.vm.specification.name" value="Java Virtual Machine Specification"/>
    <property name="sun.os.patch.level" value=""/>
    <property name="native.encoding" value="Cp1252"/>
    <property name="java.library.path" value="C:\Program Files\Java\jdk-21\bin;C:\WINDOWS\Sun\Java\bin;C:\WINDOWS\system32;C:\WINDOWS;C:\Program Files\Common Files\Oracle\Java\javapath;C:\WINDOWS\system32;C:\WINDOWS;C:\WINDOWS\System32\Wbem;C:\WINDOWS\System32\WindowsPowerShell\v1.0\;C:\WINDOWS\System32\OpenSSH\;C:\Program Files\dotnet\;C:\Program Files\Java\jdk-17\bin;C:\ProgramData\Oracle\Java\javapath;C:\Program Files\PowerShell\7\;C:\Program Files\Java\jdk-21\bin;C:\ASN\apache-maven-3.9.9\bin;C:\Program Files\Git\cmd;C:\Users\dell\AppData\Local\Programs\Python\Python313\Scripts\;C:\Users\dell\AppData\Local\Programs\Python\Python313\;C:\Users\dell\AppData\Local\Programs\Python\Python310\Scripts\;C:\Users\dell\AppData\Local\Programs\Python\Python310\;C:\Users\dell\AppData\Local\Microsoft\WindowsApps;C:\Program Files\JetBrains\PyCharm Community Edition 2022.1.1\bin;;C:\Users\dell\AppData\Local\GitHubDesktop\bin;C:\Users\dell\AppData\Local\Programs\Microsoft VS Code\bin;C:\Users\dell\.dotnet\tools;."/>
    <property name="java.vm.info" value="mixed mode, sharing"/>
    <property name="stderr.encoding" value="Cp1252"/>
    <property name="java.vendor" value="Oracle Corporation"/>
    <property name="java.vm.version" value="21.0.7+8-LTS-245"/>
    <property name="sun.io.unicode.encoding" value="UnicodeLittle"/>
    <property name="java.class.version" value="65.0"/>
  </properties>
  <testcase name="ElementsCard" classname="tests.ElementsTests" time="0.262">
    <system-out><![CDATA[2025-07-21T14:18:26.473226100Z main INFO Starting configuration XmlConfiguration[location=C:\ASN\eclipse_workspace\demoqa-automation\target\classes\log4j2.xml, lastModified=2025-07-15T10:06:09.722Z]...
2025-07-21T14:18:26.474909Z main INFO Start watching for changes to C:\ASN\eclipse_workspace\demoqa-automation\target\classes\log4j2.xml every 0 seconds
2025-07-21T14:18:26.474909Z main INFO Configuration XmlConfiguration[location=C:\ASN\eclipse_workspace\demoqa-automation\target\classes\log4j2.xml, lastModified=2025-07-15T10:06:09.722Z] started.
2025-07-21T14:18:26.474909Z main INFO Stopping configuration org.apache.logging.log4j.core.config.DefaultConfiguration@eda25e5...
2025-07-21T14:18:26.474909Z main INFO Configuration org.apache.logging.log4j.core.config.DefaultConfiguration@eda25e5 stopped.
2025-07-21 19:48:26 [main] INFO  demoqaLog - Starting Web Browser...
2025-07-21 19:48:28 [main] INFO  demoqaLog - Navigating to demoqa.com Website
2025-07-21 19:48:32 [main] INFO  demoqaLog - Starting Test Elements | Text Box Test...
2025-07-21 19:48:32 [main] INFO  demoqaLog - Accessing Elements Card...
2025-07-21 19:48:32 [main] INFO  demoqaLog - Clicking on Elements Card...
Title of this Page is: DEMOQA
Title of this Page is: DEMOQA
2025-07-21 19:48:33 [main] INFO  demoqaLog - Element Card Test Completed...
]]></system-out>
    <system-err><![CDATA[SLF4J(W): No SLF4J providers were found.
SLF4J(W): Defaulting to no-operation (NOP) logger implementation
SLF4J(W): See https://www.slf4j.org/codes.html#noProviders for further details.
]]></system-err>
  </testcase>
  <testcase name="TextBox" classname="tests.ElementsTests" time="2.403">
    <system-out><![CDATA[2025-07-21 19:48:33 [main] INFO  demoqaLog - Closing the Browser...
2025-07-21 19:48:33 [main] INFO  demoqaLog - Starting Web Browser...
2025-07-21 19:48:34 [main] INFO  demoqaLog - Navigating to demoqa.com Website
2025-07-21 19:48:41 [main] INFO  demoqaLog - Starting Test Elements | Text Box Test...
2025-07-21 19:48:41 [main] INFO  demoqaLog - Accessing Elements Card...
2025-07-21 19:48:41 [main] INFO  demoqaLog - Clicking on Elements Card...
Title of this Page is: DEMOQA
2025-07-21 19:48:41 [main] INFO  demoqaLog - Accessing Text Box...
2025-07-21 19:48:41 [main] INFO  demoqaLog - Title of this Page is: DEMOQA
2025-07-21 19:48:41 [main] INFO  demoqaLog - Entering Full Name...
2025-07-21 19:48:41 [main] INFO  demoqaLog - Full Name is: John Rambo
2025-07-21 19:48:41 [main] INFO  demoqaLog - Entering Email Address...
2025-07-21 19:48:42 [main] INFO  demoqaLog - Email Address is: JRambo@demoqa.com
2025-07-21 19:48:42 [main] INFO  demoqaLog - Entering Current Address...
2025-07-21 19:48:42 [main] INFO  demoqaLog - Current Address is: 511 Grant 481, Prattsville
 Arkansas 72129
 United States
2025-07-21 19:48:42 [main] INFO  demoqaLog - Entering Permanent Address...
2025-07-21 19:48:43 [main] INFO  demoqaLog - Parmenant Address is: 579 Grant 3381, Prattsville
 Arkansas 72100
 United States
2025-07-21 19:48:43 [main] INFO  demoqaLog - Clicking on Submit Button...
2025-07-21 19:48:43 [main] INFO  demoqaLog - Clicked Submit Button...
Information Submitted is: Name:John Rambo
Email:JRambo@demoqa.com
Current Address :511 Grant 481, Prattsville Arkansas 72129 United States
Permananet Address :579 Grant 3381, Prattsville Arkansas 72100 United States
2025-07-21 19:48:43 [main] INFO  demoqaLog - Text Box Element Test Completed...
]]></system-out>
  </testcase>
  <testcase name="FormCard" classname="tests.FormTests" time="0.429">
    <system-out><![CDATA[Path for Screenshot is: C:\ASN\eclipse_workspace\demoqa-automation/screenshots/TextBox Passed+2025-07-21_19-48-43.png
2025-07-21 19:48:43 [main] INFO  demoqaLog - Closing the Browser...
2025-07-21 19:48:44 [main] INFO  demoqaLog - Starting Web Browser...
2025-07-21 19:48:45 [main] INFO  demoqaLog - Navigating to demoqa.com Website
2025-07-21 19:48:51 [main] INFO  demoqaLog - Starting Form Card Test...
2025-07-21 19:48:51 [main] INFO  demoqaLog - Clicking on Form Card...
2025-07-21 19:48:51 [main] INFO  demoqaLog - Clicked on Form Card...
2025-07-21 19:48:51 [main] INFO  demoqaLog - Clicking on Practice Form...
2025-07-21 19:48:51 [main] INFO  demoqaLog - Clicked on Practice Form...
Title of this Page is: DEMOQA
2025-07-21 19:48:52 [main] INFO  demoqaLog - Form Card Test Completed...
]]></system-out>
  </testcase>
  <testcase name="fillForm[models.UserFormData@21a9a705](1)" classname="tests.FormTests" time="6.135">
    <system-out><![CDATA[2025-07-21 19:48:52 [main] INFO  demoqaLog - Closing the Browser...
2025-07-21 19:48:53 [main] INFO  demoqaLog - Starting Web Browser...
2025-07-21 19:48:54 [main] INFO  demoqaLog - Navigating to demoqa.com Website
2025-07-21 19:49:00 [main] INFO  demoqaLog - Starting Form Filling Test...
2025-07-21 19:49:00 [main] INFO  demoqaLog - Accessing Form Card...
2025-07-21 19:49:00 [main] INFO  demoqaLog - Clicking on Form Card...
2025-07-21 19:49:00 [main] INFO  demoqaLog - Clicked on Form Card...
2025-07-21 19:49:00 [main] INFO  demoqaLog - Clicking on Practice Form...
2025-07-21 19:49:01 [main] INFO  demoqaLog - Clicked on Practice Form...
2025-07-21 19:49:01 [main] INFO  demoqaLog - Filling form for: Johny Bravo
2025-07-21 19:49:01 [main] INFO  demoqaLog - Entering First Name...
2025-07-21 19:49:01 [main] INFO  demoqaLog - Entered First Name: Johny
Selected gender: Male
2025-07-21 19:49:02 [main] INFO  demoqaLog - Entering Date of Birth: 15-08-2000
Parsed DOB from Excel: 15-08-2000
2025-07-21 19:49:03 [main] INFO  demoqaLog - Typed full subject: Computer Science
Typing subject: Computer Science
Dropdown Option: Computer Science
Selected: Computer Science
Selected hobby: sports
Selected hobby: music
Uploaded photo: C:\ASN\eclipse_workspace\demoqa-automation//TestData/Mphoto.jpg
511 Grant 481, Prattsville
 Arkansas 72129
 United States
2025-07-21 19:49:04 [main] INFO  demoqaLog - Entering Address...
2025-07-21 19:49:05 [main] INFO  demoqaLog - Entered Address...
2025-07-21 19:49:05 [main] INFO  demoqaLog - Selecting State: NCR
Available state option: NCR
2025-07-21 19:49:05 [main] INFO  demoqaLog - Selected State: NCR
2025-07-21 19:49:05 [main] INFO  demoqaLog - Selecting City: Delhi
Available city: Delhi
2025-07-21 19:49:05 [main] INFO  demoqaLog - Selected City: Delhi
2025-07-21 19:49:05 [main] INFO  demoqaLog - Submitting Form...
2025-07-21 19:49:06 [main] INFO  demoqaLog - Form Submitted via normal click...
]]></system-out>
  </testcase>
  <testcase name="fillForm[models.UserFormData@193bb809](2)" classname="tests.FormTests" time="5.345">
    <system-out><![CDATA[Path for Screenshot is: C:\ASN\eclipse_workspace\demoqa-automation/screenshots/fillForm Passed+2025-07-21_19-49-06.png
2025-07-21 19:49:07 [main] INFO  demoqaLog - Closing the Browser...
2025-07-21 19:49:07 [main] INFO  demoqaLog - Starting Web Browser...
2025-07-21 19:49:08 [main] INFO  demoqaLog - Navigating to demoqa.com Website
2025-07-21 19:49:14 [main] INFO  demoqaLog - Starting Form Filling Test...
2025-07-21 19:49:14 [main] INFO  demoqaLog - Accessing Form Card...
2025-07-21 19:49:14 [main] INFO  demoqaLog - Clicking on Form Card...
2025-07-21 19:49:15 [main] INFO  demoqaLog - Clicked on Form Card...
2025-07-21 19:49:15 [main] INFO  demoqaLog - Clicking on Practice Form...
2025-07-21 19:49:15 [main] INFO  demoqaLog - Clicked on Practice Form...
2025-07-21 19:49:15 [main] INFO  demoqaLog - Filling form for: Gene Femina
2025-07-21 19:49:15 [main] INFO  demoqaLog - Entering First Name...
2025-07-21 19:49:15 [main] INFO  demoqaLog - Entered First Name: Gene
Selected gender: Female
2025-07-21 19:49:16 [main] INFO  demoqaLog - Entering Date of Birth: 22-05-2002
Parsed DOB from Excel: 22-05-2002
2025-07-21 19:49:17 [main] INFO  demoqaLog - Typed full subject: Accounting
Typing subject: Accounting
Dropdown Option: Accounting
Selected: Accounting
Selected hobby: music
Selected hobby: reading
Uploaded photo: C:\ASN\eclipse_workspace\demoqa-automation//TestData/Fphoto.png
512 Grant 481, Prattsville
 Arkansas 72129
 United States
2025-07-21 19:49:18 [main] INFO  demoqaLog - Entering Address...
2025-07-21 19:49:18 [main] INFO  demoqaLog - Entered Address...
2025-07-21 19:49:18 [main] INFO  demoqaLog - Selecting State: Uttar Pradesh
Available state option: NCR
Available state option: Uttar Pradesh
2025-07-21 19:49:19 [main] INFO  demoqaLog - Selected State: Uttar Pradesh
2025-07-21 19:49:19 [main] INFO  demoqaLog - Selecting City: Merrut
Available city: Agra
Available city: Lucknow
Available city: Merrut
2025-07-21 19:49:19 [main] INFO  demoqaLog - Selected City: Merrut
2025-07-21 19:49:19 [main] INFO  demoqaLog - Submitting Form...
2025-07-21 19:49:20 [main] INFO  demoqaLog - Form Submitted via normal click...
]]></system-out>
  </testcase>
  <testcase name="fillForm[models.UserFormData@5d194314](3)" classname="tests.FormTests" time="4.967">
    <system-out><![CDATA[Path for Screenshot is: C:\ASN\eclipse_workspace\demoqa-automation/screenshots/fillForm Passed+2025-07-21_19-49-20.png
2025-07-21 19:49:20 [main] INFO  demoqaLog - Closing the Browser...
2025-07-21 19:49:20 [main] INFO  demoqaLog - Starting Web Browser...
2025-07-21 19:49:22 [main] INFO  demoqaLog - Navigating to demoqa.com Website
2025-07-21 19:49:28 [main] INFO  demoqaLog - Starting Form Filling Test...
2025-07-21 19:49:28 [main] INFO  demoqaLog - Accessing Form Card...
2025-07-21 19:49:28 [main] INFO  demoqaLog - Clicking on Form Card...
2025-07-21 19:49:28 [main] INFO  demoqaLog - Clicked on Form Card...
2025-07-21 19:49:28 [main] INFO  demoqaLog - Clicking on Practice Form...
2025-07-21 19:49:28 [main] INFO  demoqaLog - Clicked on Practice Form...
2025-07-21 19:49:28 [main] INFO  demoqaLog - Filling form for: Bud Wisem
2025-07-21 19:49:28 [main] INFO  demoqaLog - Entering First Name...
2025-07-21 19:49:28 [main] INFO  demoqaLog - Entered First Name: Bud
Selected gender: Other
2025-07-21 19:49:29 [main] INFO  demoqaLog - Entering Date of Birth: 31-12-1999
Parsed DOB from Excel: 31-12-1999
2025-07-21 19:49:30 [main] INFO  demoqaLog - Typed full subject: Biology
Typing subject: Biology
Dropdown Option: Biology
Selected: Biology
Selected hobby: reading
Uploaded photo: C:\ASN\eclipse_workspace\demoqa-automation//TestData/Ophoto.jpg
513 Grant 481, Prattsville
 Arkansas 72129
 United States
2025-07-21 19:49:31 [main] INFO  demoqaLog - Entering Address...
2025-07-21 19:49:31 [main] INFO  demoqaLog - Entered Address...
2025-07-21 19:49:31 [main] INFO  demoqaLog - Selecting State: Haryana
Available state option: NCR
Available state option: Uttar Pradesh
Available state option: Haryana
2025-07-21 19:49:31 [main] INFO  demoqaLog - Selected State: Haryana
2025-07-21 19:49:31 [main] INFO  demoqaLog - Selecting City: Panipat
Available city: Karnal
Available city: Panipat
2025-07-21 19:49:32 [main] INFO  demoqaLog - Selected City: Panipat
2025-07-21 19:49:32 [main] INFO  demoqaLog - Submitting Form...
2025-07-21 19:49:33 [main] INFO  demoqaLog - Form Submitted via normal click...
]]></system-out>
  </testcase>
  <testcase name="fillForm[models.UserFormData@4357524b](4)" classname="tests.FormTests" time="5.127">
    <system-out><![CDATA[Path for Screenshot is: C:\ASN\eclipse_workspace\demoqa-automation/screenshots/fillForm Passed+2025-07-21_19-49-33.png
2025-07-21 19:49:33 [main] INFO  demoqaLog - Closing the Browser...
2025-07-21 19:49:33 [main] INFO  demoqaLog - Starting Web Browser...
2025-07-21 19:49:35 [main] INFO  demoqaLog - Navigating to demoqa.com Website
2025-07-21 19:49:40 [main] INFO  demoqaLog - Starting Form Filling Test...
2025-07-21 19:49:40 [main] INFO  demoqaLog - Accessing Form Card...
2025-07-21 19:49:40 [main] INFO  demoqaLog - Clicking on Form Card...
2025-07-21 19:49:41 [main] INFO  demoqaLog - Clicked on Form Card...
2025-07-21 19:49:41 [main] INFO  demoqaLog - Clicking on Practice Form...
2025-07-21 19:49:41 [main] INFO  demoqaLog - Clicked on Practice Form...
2025-07-21 19:49:41 [main] INFO  demoqaLog - Filling form for: Tom Boss
2025-07-21 19:49:41 [main] INFO  demoqaLog - Entering First Name...
2025-07-21 19:49:41 [main] INFO  demoqaLog - Entered First Name: Tom
Selected gender: Male
2025-07-21 19:49:42 [main] INFO  demoqaLog - Entering Date of Birth: 26-01-2003
Parsed DOB from Excel: 26-01-2003
2025-07-21 19:49:42 [main] INFO  demoqaLog - Typed full subject: Social Studies
Typing subject: Social Studies
Dropdown Option: Social Studies
Selected: Social Studies
Selected hobby: sports
Selected hobby: reading
Uploaded photo: C:\ASN\eclipse_workspace\demoqa-automation//TestData/M2photo.jpg
514 Grant 481, Prattsville
 Arkansas 72129
 United States
2025-07-21 19:49:44 [main] INFO  demoqaLog - Entering Address...
2025-07-21 19:49:44 [main] INFO  demoqaLog - Entered Address...
2025-07-21 19:49:44 [main] INFO  demoqaLog - Selecting State: Rajasthan
Available state option: NCR
Available state option: Uttar Pradesh
Available state option: Haryana
Available state option: Rajasthan
2025-07-21 19:49:44 [main] INFO  demoqaLog - Selected State: Rajasthan
2025-07-21 19:49:44 [main] INFO  demoqaLog - Selecting City: Jaiselmer
Available city: Jaipur
Available city: Jaiselmer
2025-07-21 19:49:45 [main] INFO  demoqaLog - Selected City: Jaiselmer
2025-07-21 19:49:45 [main] INFO  demoqaLog - Submitting Form...
2025-07-21 19:49:45 [main] INFO  demoqaLog - Form Submitted via normal click...
]]></system-out>
  </testcase>
</testsuite>