<?xml version="1.0" encoding="UTF-8"?>
<testsuite xmlns:xsi="http://www.w3.org/2001/XMLSchema-instance" xsi:noNamespaceSchemaLocation="https://maven.apache.org/surefire/maven-surefire-plugin/xsd/surefire-test-report-3.0.xsd" version="3.0" name="TestSuite" time="1103.614" tests="81" errors="0" skipped="0" failures="3">
  <properties>
    <property name="java.specification.version" value="21"/>
    <property name="sun.cpu.isalist" value="amd64"/>
    <property name="sun.jnu.encoding" value="Cp1252"/>
    <property name="java.class.path" value="C:\ASN\eclipse_workspace\demoqa-automation\target\test-classes;C:\ASN\eclipse_workspace\demoqa-automation\target\classes;C:\Users\dell\.m2\repository\org\seleniumhq\selenium\selenium-java\4.34.0\selenium-java-4.34.0.jar;C:\Users\dell\.m2\repository\org\seleniumhq\selenium\selenium-api\4.34.0\selenium-api-4.34.0.jar;C:\Users\dell\.m2\repository\org\jspecify\jspecify\1.0.0\jspecify-1.0.0.jar;C:\Users\dell\.m2\repository\org\seleniumhq\selenium\selenium-chrome-driver\4.34.0\selenium-chrome-driver-4.34.0.jar;C:\Users\dell\.m2\repository\com\google\auto\service\auto-service-annotations\1.1.1\auto-service-annotations-1.1.1.jar;C:\Users\dell\.m2\repository\org\seleniumhq\selenium\selenium-chromium-driver\4.34.0\selenium-chromium-driver-4.34.0.jar;C:\Users\dell\.m2\repository\org\seleniumhq\selenium\selenium-devtools-v136\4.34.0\selenium-devtools-v136-4.34.0.jar;C:\Users\dell\.m2\repository\org\seleniumhq\selenium\selenium-devtools-v137\4.34.0\selenium-devtools-v137-4.34.0.jar;C:\Users\dell\.m2\repository\org\seleniumhq\selenium\selenium-devtools-v138\4.34.0\selenium-devtools-v138-4.34.0.jar;C:\Users\dell\.m2\repository\org\seleniumhq\selenium\selenium-edge-driver\4.34.0\selenium-edge-driver-4.34.0.jar;C:\Users\dell\.m2\repository\org\seleniumhq\selenium\selenium-firefox-driver\4.34.0\selenium-firefox-driver-4.34.0.jar;C:\Users\dell\.m2\repository\org\seleniumhq\selenium\selenium-http\4.34.0\selenium-http-4.34.0.jar;C:\Users\dell\.m2\repository\org\seleniumhq\selenium\selenium-ie-driver\4.34.0\selenium-ie-driver-4.34.0.jar;C:\Users\dell\.m2\repository\org\seleniumhq\selenium\selenium-remote-driver\4.34.0\selenium-remote-driver-4.34.0.jar;C:\Users\dell\.m2\repository\com\google\guava\guava\33.4.8-jre\guava-33.4.8-jre.jar;C:\Users\dell\.m2\repository\com\google\guava\failureaccess\1.0.3\failureaccess-1.0.3.jar;C:\Users\dell\.m2\repository\com\google\guava\listenablefuture\9999.0-empty-to-avoid-conflict-with-guava\listenablefuture-9999.0-empty-to-avoid-conflict-with-guava.jar;C:\Users\dell\.m2\repository\com\google\errorprone\error_prone_annotations\2.36.0\error_prone_annotations-2.36.0.jar;C:\Users\dell\.m2\repository\com\google\j2objc\j2objc-annotations\3.0.0\j2objc-annotations-3.0.0.jar;C:\Users\dell\.m2\repository\io\opentelemetry\opentelemetry-api\1.51.0\opentelemetry-api-1.51.0.jar;C:\Users\dell\.m2\repository\io\opentelemetry\opentelemetry-context\1.51.0\opentelemetry-context-1.51.0.jar;C:\Users\dell\.m2\repository\io\opentelemetry\opentelemetry-exporter-logging\1.51.0\opentelemetry-exporter-logging-1.51.0.jar;C:\Users\dell\.m2\repository\io\opentelemetry\opentelemetry-sdk-common\1.51.0\opentelemetry-sdk-common-1.51.0.jar;C:\Users\dell\.m2\repository\io\opentelemetry\opentelemetry-sdk-extension-autoconfigure-spi\1.51.0\opentelemetry-sdk-extension-autoconfigure-spi-1.51.0.jar;C:\Users\dell\.m2\repository\io\opentelemetry\opentelemetry-sdk-extension-autoconfigure\1.51.0\opentelemetry-sdk-extension-autoconfigure-1.51.0.jar;C:\Users\dell\.m2\repository\io\opentelemetry\opentelemetry-sdk-trace\1.51.0\opentelemetry-sdk-trace-1.51.0.jar;C:\Users\dell\.m2\repository\io\opentelemetry\opentelemetry-sdk\1.51.0\opentelemetry-sdk-1.51.0.jar;C:\Users\dell\.m2\repository\io\opentelemetry\opentelemetry-sdk-metrics\1.51.0\opentelemetry-sdk-metrics-1.51.0.jar;C:\Users\dell\.m2\repository\io\opentelemetry\opentelemetry-sdk-logs\1.51.0\opentelemetry-sdk-logs-1.51.0.jar;C:\Users\dell\.m2\repository\net\bytebuddy\byte-buddy\1.17.6\byte-buddy-1.17.6.jar;C:\Users\dell\.m2\repository\org\seleniumhq\selenium\selenium-safari-driver\4.34.0\selenium-safari-driver-4.34.0.jar;C:\Users\dell\.m2\repository\org\seleniumhq\selenium\selenium-support\4.34.0\selenium-support-4.34.0.jar;C:\Users\dell\.m2\repository\org\seleniumhq\selenium\selenium-manager\4.34.0\selenium-manager-4.34.0.jar;C:\Users\dell\.m2\repository\org\seleniumhq\selenium\selenium-json\4.34.0\selenium-json-4.34.0.jar;C:\Users\dell\.m2\repository\org\seleniumhq\selenium\selenium-os\4.34.0\selenium-os-4.34.0.jar;C:\Users\dell\.m2\repository\org\apache\commons\commons-exec\1.5.0\commons-exec-1.5.0.jar;C:\Users\dell\.m2\repository\org\testng\testng\7.11.0\testng-7.11.0.jar;C:\Users\dell\.m2\repository\org\slf4j\slf4j-api\2.0.16\slf4j-api-2.0.16.jar;C:\Users\dell\.m2\repository\org\jcommander\jcommander\1.83\jcommander-1.83.jar;C:\Users\dell\.m2\repository\org\webjars\jquery\3.7.1\jquery-3.7.1.jar;C:\Users\dell\.m2\repository\org\apache\logging\log4j\log4j-core\2.24.3\log4j-core-2.24.3.jar;C:\Users\dell\.m2\repository\org\apache\logging\log4j\log4j-api\2.24.3\log4j-api-2.24.3.jar;C:\Users\dell\.m2\repository\com\aventstack\extentreports\5.0.9\extentreports-5.0.9.jar;C:\Users\dell\.m2\repository\io\reactivex\rxjava3\rxjava\3.0.4\rxjava-3.0.4.jar;C:\Users\dell\.m2\repository\org\reactivestreams\reactive-streams\1.0.3\reactive-streams-1.0.3.jar;C:\Users\dell\.m2\repository\org\freemarker\freemarker\2.3.30\freemarker-2.3.30.jar;C:\Users\dell\.m2\repository\com\google\code\gson\gson\2.8.6\gson-2.8.6.jar;C:\Users\dell\.m2\repository\commons-io\commons-io\2.19.0\commons-io-2.19.0.jar;C:\Users\dell\.m2\repository\org\apache\poi\poi-ooxml\5.4.1\poi-ooxml-5.4.1.jar;C:\Users\dell\.m2\repository\org\apache\poi\poi\5.4.1\poi-5.4.1.jar;C:\Users\dell\.m2\repository\commons-codec\commons-codec\1.18.0\commons-codec-1.18.0.jar;C:\Users\dell\.m2\repository\org\apache\commons\commons-math3\3.6.1\commons-math3-3.6.1.jar;C:\Users\dell\.m2\repository\com\zaxxer\SparseBitSet\1.3\SparseBitSet-1.3.jar;C:\Users\dell\.m2\repository\org\apache\poi\poi-ooxml-lite\5.4.1\poi-ooxml-lite-5.4.1.jar;C:\Users\dell\.m2\repository\org\apache\xmlbeans\xmlbeans\5.3.0\xmlbeans-5.3.0.jar;C:\Users\dell\.m2\repository\org\apache\commons\commons-compress\1.27.1\commons-compress-1.27.1.jar;C:\Users\dell\.m2\repository\org\apache\commons\commons-lang3\3.16.0\commons-lang3-3.16.0.jar;C:\Users\dell\.m2\repository\com\github\virtuald\curvesapi\1.08\curvesapi-1.08.jar;C:\Users\dell\.m2\repository\org\apache\commons\commons-collections4\4.4\commons-collections4-4.4.jar;C:\Users\dell\.m2\repository\com\sun\mail\jakarta.mail\2.0.1\jakarta.mail-2.0.1.jar;C:\Users\dell\.m2\repository\com\sun\activation\jakarta.activation\2.0.1\jakarta.activation-2.0.1.jar;C:\Users\dell\.m2\repository\org\projectlombok\lombok\1.18.30\lombok-1.18.30.jar;"/>
    <property name="java.vm.vendor" value="Oracle Corporation"/>
    <property name="sun.arch.data.model" value="64"/>
    <property name="user.variant" value=""/>
    <property name="java.vendor.url" value="https://java.oracle.com/"/>
    <property name="user.timezone" value="Asia/Calcutta"/>
    <property name="os.name" value="Windows 11"/>
    <property name="java.vm.specification.version" value="21"/>
    <property name="sun.java.launcher" value="SUN_STANDARD"/>
    <property name="user.country" value="IN"/>
    <property name="sun.boot.library.path" value="C:\Program Files\Java\jdk-21\bin"/>
    <property name="sun.java.command" value="C:\Users\dell\AppData\Local\Temp\surefire9461342487380453244\surefirebooter-20250825103046309_3.jar C:\Users\dell\AppData\Local\Temp\surefire9461342487380453244 2025-08-25T10-30-46_125-jvmRun1 surefire-20250825103046309_1tmp surefire_0-20250825103046309_2tmp"/>
    <property name="jdk.debug" value="release"/>
    <property name="surefire.test.class.path" value="C:\ASN\eclipse_workspace\demoqa-automation\target\test-classes;C:\ASN\eclipse_workspace\demoqa-automation\target\classes;C:\Users\dell\.m2\repository\org\seleniumhq\selenium\selenium-java\4.34.0\selenium-java-4.34.0.jar;C:\Users\dell\.m2\repository\org\seleniumhq\selenium\selenium-api\4.34.0\selenium-api-4.34.0.jar;C:\Users\dell\.m2\repository\org\jspecify\jspecify\1.0.0\jspecify-1.0.0.jar;C:\Users\dell\.m2\repository\org\seleniumhq\selenium\selenium-chrome-driver\4.34.0\selenium-chrome-driver-4.34.0.jar;C:\Users\dell\.m2\repository\com\google\auto\service\auto-service-annotations\1.1.1\auto-service-annotations-1.1.1.jar;C:\Users\dell\.m2\repository\org\seleniumhq\selenium\selenium-chromium-driver\4.34.0\selenium-chromium-driver-4.34.0.jar;C:\Users\dell\.m2\repository\org\seleniumhq\selenium\selenium-devtools-v136\4.34.0\selenium-devtools-v136-4.34.0.jar;C:\Users\dell\.m2\repository\org\seleniumhq\selenium\selenium-devtools-v137\4.34.0\selenium-devtools-v137-4.34.0.jar;C:\Users\dell\.m2\repository\org\seleniumhq\selenium\selenium-devtools-v138\4.34.0\selenium-devtools-v138-4.34.0.jar;C:\Users\dell\.m2\repository\org\seleniumhq\selenium\selenium-edge-driver\4.34.0\selenium-edge-driver-4.34.0.jar;C:\Users\dell\.m2\repository\org\seleniumhq\selenium\selenium-firefox-driver\4.34.0\selenium-firefox-driver-4.34.0.jar;C:\Users\dell\.m2\repository\org\seleniumhq\selenium\selenium-http\4.34.0\selenium-http-4.34.0.jar;C:\Users\dell\.m2\repository\org\seleniumhq\selenium\selenium-ie-driver\4.34.0\selenium-ie-driver-4.34.0.jar;C:\Users\dell\.m2\repository\org\seleniumhq\selenium\selenium-remote-driver\4.34.0\selenium-remote-driver-4.34.0.jar;C:\Users\dell\.m2\repository\com\google\guava\guava\33.4.8-jre\guava-33.4.8-jre.jar;C:\Users\dell\.m2\repository\com\google\guava\failureaccess\1.0.3\failureaccess-1.0.3.jar;C:\Users\dell\.m2\repository\com\google\guava\listenablefuture\9999.0-empty-to-avoid-conflict-with-guava\listenablefuture-9999.0-empty-to-avoid-conflict-with-guava.jar;C:\Users\dell\.m2\repository\com\google\errorprone\error_prone_annotations\2.36.0\error_prone_annotations-2.36.0.jar;C:\Users\dell\.m2\repository\com\google\j2objc\j2objc-annotations\3.0.0\j2objc-annotations-3.0.0.jar;C:\Users\dell\.m2\repository\io\opentelemetry\opentelemetry-api\1.51.0\opentelemetry-api-1.51.0.jar;C:\Users\dell\.m2\repository\io\opentelemetry\opentelemetry-context\1.51.0\opentelemetry-context-1.51.0.jar;C:\Users\dell\.m2\repository\io\opentelemetry\opentelemetry-exporter-logging\1.51.0\opentelemetry-exporter-logging-1.51.0.jar;C:\Users\dell\.m2\repository\io\opentelemetry\opentelemetry-sdk-common\1.51.0\opentelemetry-sdk-common-1.51.0.jar;C:\Users\dell\.m2\repository\io\opentelemetry\opentelemetry-sdk-extension-autoconfigure-spi\1.51.0\opentelemetry-sdk-extension-autoconfigure-spi-1.51.0.jar;C:\Users\dell\.m2\repository\io\opentelemetry\opentelemetry-sdk-extension-autoconfigure\1.51.0\opentelemetry-sdk-extension-autoconfigure-1.51.0.jar;C:\Users\dell\.m2\repository\io\opentelemetry\opentelemetry-sdk-trace\1.51.0\opentelemetry-sdk-trace-1.51.0.jar;C:\Users\dell\.m2\repository\io\opentelemetry\opentelemetry-sdk\1.51.0\opentelemetry-sdk-1.51.0.jar;C:\Users\dell\.m2\repository\io\opentelemetry\opentelemetry-sdk-metrics\1.51.0\opentelemetry-sdk-metrics-1.51.0.jar;C:\Users\dell\.m2\repository\io\opentelemetry\opentelemetry-sdk-logs\1.51.0\opentelemetry-sdk-logs-1.51.0.jar;C:\Users\dell\.m2\repository\net\bytebuddy\byte-buddy\1.17.6\byte-buddy-1.17.6.jar;C:\Users\dell\.m2\repository\org\seleniumhq\selenium\selenium-safari-driver\4.34.0\selenium-safari-driver-4.34.0.jar;C:\Users\dell\.m2\repository\org\seleniumhq\selenium\selenium-support\4.34.0\selenium-support-4.34.0.jar;C:\Users\dell\.m2\repository\org\seleniumhq\selenium\selenium-manager\4.34.0\selenium-manager-4.34.0.jar;C:\Users\dell\.m2\repository\org\seleniumhq\selenium\selenium-json\4.34.0\selenium-json-4.34.0.jar;C:\Users\dell\.m2\repository\org\seleniumhq\selenium\selenium-os\4.34.0\selenium-os-4.34.0.jar;C:\Users\dell\.m2\repository\org\apache\commons\commons-exec\1.5.0\commons-exec-1.5.0.jar;C:\Users\dell\.m2\repository\org\testng\testng\7.11.0\testng-7.11.0.jar;C:\Users\dell\.m2\repository\org\slf4j\slf4j-api\2.0.16\slf4j-api-2.0.16.jar;C:\Users\dell\.m2\repository\org\jcommander\jcommander\1.83\jcommander-1.83.jar;C:\Users\dell\.m2\repository\org\webjars\jquery\3.7.1\jquery-3.7.1.jar;C:\Users\dell\.m2\repository\org\apache\logging\log4j\log4j-core\2.24.3\log4j-core-2.24.3.jar;C:\Users\dell\.m2\repository\org\apache\logging\log4j\log4j-api\2.24.3\log4j-api-2.24.3.jar;C:\Users\dell\.m2\repository\com\aventstack\extentreports\5.0.9\extentreports-5.0.9.jar;C:\Users\dell\.m2\repository\io\reactivex\rxjava3\rxjava\3.0.4\rxjava-3.0.4.jar;C:\Users\dell\.m2\repository\org\reactivestreams\reactive-streams\1.0.3\reactive-streams-1.0.3.jar;C:\Users\dell\.m2\repository\org\freemarker\freemarker\2.3.30\freemarker-2.3.30.jar;C:\Users\dell\.m2\repository\com\google\code\gson\gson\2.8.6\gson-2.8.6.jar;C:\Users\dell\.m2\repository\commons-io\commons-io\2.19.0\commons-io-2.19.0.jar;C:\Users\dell\.m2\repository\org\apache\poi\poi-ooxml\5.4.1\poi-ooxml-5.4.1.jar;C:\Users\dell\.m2\repository\org\apache\poi\poi\5.4.1\poi-5.4.1.jar;C:\Users\dell\.m2\repository\commons-codec\commons-codec\1.18.0\commons-codec-1.18.0.jar;C:\Users\dell\.m2\repository\org\apache\commons\commons-math3\3.6.1\commons-math3-3.6.1.jar;C:\Users\dell\.m2\repository\com\zaxxer\SparseBitSet\1.3\SparseBitSet-1.3.jar;C:\Users\dell\.m2\repository\org\apache\poi\poi-ooxml-lite\5.4.1\poi-ooxml-lite-5.4.1.jar;C:\Users\dell\.m2\repository\org\apache\xmlbeans\xmlbeans\5.3.0\xmlbeans-5.3.0.jar;C:\Users\dell\.m2\repository\org\apache\commons\commons-compress\1.27.1\commons-compress-1.27.1.jar;C:\Users\dell\.m2\repository\org\apache\commons\commons-lang3\3.16.0\commons-lang3-3.16.0.jar;C:\Users\dell\.m2\repository\com\github\virtuald\curvesapi\1.08\curvesapi-1.08.jar;C:\Users\dell\.m2\repository\org\apache\commons\commons-collections4\4.4\commons-collections4-4.4.jar;C:\Users\dell\.m2\repository\com\sun\mail\jakarta.mail\2.0.1\jakarta.mail-2.0.1.jar;C:\Users\dell\.m2\repository\com\sun\activation\jakarta.activation\2.0.1\jakarta.activation-2.0.1.jar;C:\Users\dell\.m2\repository\org\projectlombok\lombok\1.18.30\lombok-1.18.30.jar;"/>
    <property name="sun.cpu.endian" value="little"/>
    <property name="user.home" value="C:\Users\dell"/>
    <property name="user.language" value="en"/>
    <property name="java.specification.vendor" value="Oracle Corporation"/>
    <property name="java.version.date" value="2025-04-15"/>
    <property name="java.home" value="C:\Program Files\Java\jdk-21"/>
    <property name="file.separator" value="\"/>
    <property name="basedir" value="C:\ASN\eclipse_workspace\demoqa-automation"/>
    <property name="java.vm.compressedOopsMode" value="32-bit"/>
    <property name="line.separator" value="&#10;"/>
    <property name="java.vm.specification.vendor" value="Oracle Corporation"/>
    <property name="java.specification.name" value="Java Platform API Specification"/>
    <property name="surefire.real.class.path" value="C:\Users\dell\AppData\Local\Temp\surefire9461342487380453244\surefirebooter-20250825103046309_3.jar"/>
    <property name="user.script" value=""/>
    <property name="sun.management.compiler" value="HotSpot 64-Bit Tiered Compilers"/>
    <property name="java.runtime.version" value="21.0.7+8-LTS-245"/>
    <property name="user.name" value="dell"/>
    <property name="stdout.encoding" value="Cp1252"/>
    <property name="path.separator" value=";"/>
    <property name="os.version" value="10.0"/>
    <property name="java.runtime.name" value="Java(TM) SE Runtime Environment"/>
    <property name="file.encoding" value="UTF-8"/>
    <property name="java.vm.name" value="Java HotSpot(TM) 64-Bit Server VM"/>
    <property name="localRepository" value="C:\Users\dell\.m2\repository"/>
    <property name="java.vendor.url.bug" value="https://bugreport.java.com/bugreport/"/>
    <property name="java.io.tmpdir" value="C:\Users\dell\AppData\Local\Temp\"/>
    <property name="java.version" value="21.0.7"/>
    <property name="user.dir" value="C:\ASN\eclipse_workspace\demoqa-automation"/>
    <property name="os.arch" value="amd64"/>
    <property name="java.vm.specification.name" value="Java Virtual Machine Specification"/>
    <property name="sun.os.patch.level" value=""/>
    <property name="native.encoding" value="Cp1252"/>
    <property name="java.library.path" value="C:\Program Files\Java\jdk-21\bin;C:\WINDOWS\Sun\Java\bin;C:\WINDOWS\system32;C:\WINDOWS;C:\Program Files\Python313\Scripts\;C:\Program Files\Python313\;C:\Program Files\Common Files\Oracle\Java\javapath;C:\WINDOWS\system32;C:\WINDOWS;C:\WINDOWS\System32\Wbem;C:\WINDOWS\System32\WindowsPowerShell\v1.0\;C:\WINDOWS\System32\OpenSSH\;C:\Program Files\dotnet\;C:\Program Files\Java\jdk-17\bin;C:\ProgramData\Oracle\Java\javapath;C:\Program Files\PowerShell\7\;C:\Program Files\Java\jdk-21\bin;C:\ASN\apache-maven-3.9.9\bin;C:\Program Files\Git\cmd;C:\Users\dell\AppData\Local\Programs\Python\Python313\Scripts\;C:\Users\dell\AppData\Local\Programs\Python\Python313\;C:\Users\dell\AppData\Local\Programs\Python\Python310\Scripts\;C:\Users\dell\AppData\Local\Programs\Python\Python310\;C:\Users\dell\AppData\Local\Microsoft\WindowsApps;C:\Program Files\JetBrains\PyCharm Community Edition 2022.1.1\bin;;C:\Users\dell\AppData\Local\GitHubDesktop\bin;C:\Users\dell\AppData\Local\Programs\Microsoft VS Code\bin;C:\Users\dell\.dotnet\tools;."/>
    <property name="java.vm.info" value="mixed mode, sharing"/>
    <property name="stderr.encoding" value="Cp1252"/>
    <property name="java.vendor" value="Oracle Corporation"/>
    <property name="java.vm.version" value="21.0.7+8-LTS-245"/>
    <property name="sun.io.unicode.encoding" value="UnicodeLittle"/>
    <property name="java.class.version" value="65.0"/>
  </properties>
  <testcase name="accessAlertsFrameWindows" classname="tests.AlertsFramesWindowsTests" time="0.666">
    <system-out><![CDATA[2025-08-25T05:00:47.689111500Z main INFO Starting configuration XmlConfiguration[location=C:\ASN\eclipse_workspace\demoqa-automation\target\classes\log4j2.xml, lastModified=2025-08-05T03:16:47.250Z]...
2025-08-25T05:00:47.689111500Z main INFO Start watching for changes to C:\ASN\eclipse_workspace\demoqa-automation\target\classes\log4j2.xml every 0 seconds
2025-08-25T05:00:47.689111500Z main INFO Configuration XmlConfiguration[location=C:\ASN\eclipse_workspace\demoqa-automation\target\classes\log4j2.xml, lastModified=2025-08-05T03:16:47.250Z] started.
2025-08-25T05:00:47.695684400Z main INFO Stopping configuration org.apache.logging.log4j.core.config.DefaultConfiguration@60099951...
2025-08-25T05:00:47.695684400Z main INFO Configuration org.apache.logging.log4j.core.config.DefaultConfiguration@60099951 stopped.
2025-08-25 10:30:48 [main] INFO  demoqaBase - Starting Web Browser...
2025-08-25 10:30:50 [main] INFO  demoqaBase - Navigating to demoqa.com Website
2025-08-25 10:31:02 [main] INFO  RetryUrlAccess - Successfully navigated to: https://demoqa.com
2025-08-25 10:31:02 [main] INFO  demoqaBase - Starting Test Alerts, Frames & Windows...
2025-08-25 10:31:02 [main] INFO  demoqaBase - Accessing Alerts, Frame & Windows Card...
Declared Instance WebDriverWait: org.openqa.selenium.support.ui.WebDriverWait@61c76850
2025-08-25 10:31:02 [main] INFO  demoqaLog - Clicking on Alert Frame & Windows Card...
2025-08-25 10:31:03 [main] INFO  demoqaLog - Clicked on on Alert Frame & Windows Card...
Title of this Page is: DEMOQA
You can now access: Alerts, Frame & Windows
2025-08-25 10:31:03 [main] INFO  demoqaBase - Page: Alerts, Frame & Windows Card...
2025-08-25 10:31:03 [main] INFO  demoqaBase -  Alerts, Frames & Windows Test Completed...
]]></system-out>
    <system-err><![CDATA[SLF4J(W): No SLF4J providers were found.
SLF4J(W): Defaulting to no-operation (NOP) logger implementation
SLF4J(W): See https://www.slf4j.org/codes.html#noProviders for further details.
]]></system-err>
  </testcase>
  <testcase name="browserWindows" classname="tests.AlertsFramesWindowsTests" time="0.719">
    <system-out><![CDATA[2025-08-25 10:31:03 [main] INFO  demoqaBase - Closing the Browser...
2025-08-25 10:31:04 [main] INFO  demoqaBase - Starting Web Browser...
2025-08-25 10:31:05 [main] INFO  demoqaBase - Navigating to demoqa.com Website
2025-08-25 10:31:20 [main] INFO  RetryUrlAccess - Successfully navigated to: https://demoqa.com
2025-08-25 10:31:20 [main] INFO  demoqaBase - Starting Test Alerts, Frames & Windows...
2025-08-25 10:31:20 [main] INFO  demoqaBase - Accessing Alerts, Frame & Windows Card...
Declared Instance WebDriverWait: org.openqa.selenium.support.ui.WebDriverWait@3f29e26
2025-08-25 10:31:20 [main] INFO  demoqaLog - Clicking on Alert Frame & Windows Card...
2025-08-25 10:31:20 [main] INFO  demoqaLog - Clicked on on Alert Frame & Windows Card...
Title of this Page is: DEMOQA
You can now access: Alerts, Frame & Windows
2025-08-25 10:31:20 [main] INFO  demoqaBase - Page: Alerts, Frame & Windows Card...
2025-08-25 10:31:20 [main] INFO  demoqaBase - Clicking on Alerts, Frame & Windows Card|Browser Windows...
You are now Accessing: Browser Windows
2025-08-25 10:31:21 [main] INFO  demoqaBase - You are now Accessing: Browser Windows
2025-08-25 10:31:21 [main] INFO  demoqaBase -  Alerts, Frames & Windows|Browser Windows Test Completed...
]]></system-out>
  </testcase>
  <testcase name="browserWindowsNewTab" classname="tests.AlertsFramesWindowsTests" time="1.237">
    <system-out><![CDATA[2025-08-25 10:31:21 [main] INFO  demoqaBase - Closing the Browser...
2025-08-25 10:31:21 [main] INFO  demoqaBase - Starting Web Browser...
2025-08-25 10:31:23 [main] INFO  demoqaBase - Navigating to demoqa.com Website
2025-08-25 10:31:34 [main] INFO  RetryUrlAccess - Successfully navigated to: https://demoqa.com
2025-08-25 10:31:34 [main] INFO  demoqaBase - Starting Test Alerts, Frames & Windows|New Tab...
2025-08-25 10:31:34 [main] INFO  demoqaBase - Accessing Alerts, Frame & Windows Card...
Declared Instance WebDriverWait: org.openqa.selenium.support.ui.WebDriverWait@49a26d19
2025-08-25 10:31:34 [main] INFO  demoqaLog - Clicking on Alert Frame & Windows Card...
2025-08-25 10:31:35 [main] INFO  demoqaLog - Clicked on on Alert Frame & Windows Card...
Title of this Page is: DEMOQA
You can now access: Alerts, Frame & Windows
2025-08-25 10:31:35 [main] INFO  demoqaBase - Page: Alerts, Frame & Windows Card...
2025-08-25 10:31:35 [main] INFO  demoqaBase - Clicking on Alerts, Frame & Windows Card|Browser Windows...
You are now Accessing: Browser Windows
2025-08-25 10:31:35 [main] INFO  demoqaBase - You are now Accessing: Browser Windows
2025-08-25 10:31:35 [main] INFO  demoqaBase - Initiating New Tab click sequence...
2025-08-25 10:31:35 [main] INFO  demoqaBase - Clicked New Tab button
2025-08-25 10:31:35 [main] INFO  demoqaBase - Switched to new tab: EF26318B6CDA8724BAC57339A753FCA5
2025-08-25 10:31:36 [main] INFO  demoqaBase - New tab content: 'This is a sample page'
You are now accessing: This is a sample page
2025-08-25 10:31:36 [main] INFO  demoqaBase -  Alerts, Frames & Windows|Browser Windows|New Tab Test Completed...
]]></system-out>
  </testcase>
  <testcase name="browserWindowsNewWindow" classname="tests.AlertsFramesWindowsTests" time="1.239">
    <system-out><![CDATA[2025-08-25 10:31:36 [main] INFO  demoqaBase - Closing the Browser...
2025-08-25 10:31:36 [main] INFO  demoqaBase - Starting Web Browser...
2025-08-25 10:31:38 [main] INFO  demoqaBase - Navigating to demoqa.com Website
2025-08-25 10:31:48 [main] INFO  RetryUrlAccess - Successfully navigated to: https://demoqa.com
2025-08-25 10:31:48 [main] INFO  demoqaBase - Starting Test Alerts, Frames & Windows|New Window...
2025-08-25 10:31:48 [main] INFO  demoqaBase - Accessing Alerts, Frame & Windows Card...
Declared Instance WebDriverWait: org.openqa.selenium.support.ui.WebDriverWait@1d540566
2025-08-25 10:31:48 [main] INFO  demoqaLog - Clicking on Alert Frame & Windows Card...
2025-08-25 10:31:49 [main] INFO  demoqaLog - Clicked on on Alert Frame & Windows Card...
Title of this Page is: DEMOQA
You can now access: Alerts, Frame & Windows
2025-08-25 10:31:49 [main] INFO  demoqaBase - Page: Alerts, Frame & Windows Card...
2025-08-25 10:31:49 [main] INFO  demoqaBase - Clicking on Alerts, Frame & Windows Card|Browser Windows...
You are now Accessing: Browser Windows
2025-08-25 10:31:49 [main] INFO  demoqaBase - You are now Accessing: Browser Windows
2025-08-25 10:31:49 [main] INFO  demoqaBase - Initiating New Window click sequence...
2025-08-25 10:31:50 [main] INFO  demoqaBase - Clicked New Window button
2025-08-25 10:31:50 [main] INFO  demoqaBase - Switched to new tab: 6814A2E875E283587C2D4F12684E4DBB
2025-08-25 10:31:50 [main] INFO  demoqaBase - New tab content: 'This is a sample page'
You are now accessing: This is a sample page
2025-08-25 10:31:50 [main] INFO  demoqaBase -  Alerts, Frames & Windows|Browser Windows|New Window Test Completed...
]]></system-out>
  </testcase>
  <testcase name="browserWindowsNewWindowMsg" classname="tests.AlertsFramesWindowsTests" time="1.076">
    <system-out><![CDATA[2025-08-25 10:31:50 [main] INFO  demoqaBase - Closing the Browser...
2025-08-25 10:31:50 [main] INFO  demoqaBase - Starting Web Browser...
2025-08-25 10:31:52 [main] INFO  demoqaBase - Navigating to demoqa.com Website
2025-08-25 10:32:00 [main] INFO  RetryUrlAccess - Successfully navigated to: https://demoqa.com
2025-08-25 10:32:00 [main] INFO  demoqaBase - Starting Test Alerts, Frames & Windows|New Window Message...
2025-08-25 10:32:00 [main] INFO  demoqaBase - Accessing Alerts, Frame & Windows Card...
Declared Instance WebDriverWait: org.openqa.selenium.support.ui.WebDriverWait@51a6cc2a
2025-08-25 10:32:00 [main] INFO  demoqaLog - Clicking on Alert Frame & Windows Card...
2025-08-25 10:32:00 [main] INFO  demoqaLog - Clicked on on Alert Frame & Windows Card...
Title of this Page is: DEMOQA
You can now access: Alerts, Frame & Windows
2025-08-25 10:32:00 [main] INFO  demoqaBase - Page: Alerts, Frame & Windows Card...
2025-08-25 10:32:00 [main] INFO  demoqaBase - Clicking on Alerts, Frame & Windows Card|Browser Windows...
You are now Accessing: Browser Windows
2025-08-25 10:32:00 [main] INFO  demoqaBase - You are now Accessing: Browser Windows
2025-08-25 10:32:00 [main] INFO  demoqaBase - 🔍 Starting 'New Window Message' click sequence...
2025-08-25 10:32:01 [main] INFO  demoqaBase - 🔀 Switched to new window: 4DDC84A950F5C5B71290835D88199655
2025-08-25 10:32:01 [main] INFO  demoqaBase - ✅ Verified new popup window opened successfully.
2025-08-25 10:32:01 [main] INFO  demoqaBase - ↩️ Switched back to original window: CFB8127ABC4897563BFBBFA427C4C4E2
2025-08-25 10:32:01 [main] INFO  demoqaBase - ✅ 'New Window Message' flow completed successfully.
2025-08-25 10:32:01 [main] INFO  demoqaBase -  Alerts, Frames & Windows|Browser Windows|New Window Message Test Completed...
]]></system-out>
  </testcase>
  <testcase name="ClickAlerts" classname="tests.AlertsFramesWindowsTests" time="0.621">
    <system-out><![CDATA[2025-08-25 10:32:01 [main] INFO  demoqaBase - Closing the Browser...
2025-08-25 10:32:01 [main] INFO  demoqaBase - Starting Web Browser...
2025-08-25 10:32:03 [main] INFO  demoqaBase - Navigating to demoqa.com Website
2025-08-25 10:32:14 [main] INFO  RetryUrlAccess - Successfully navigated to: https://demoqa.com
2025-08-25 10:32:14 [main] INFO  demoqaBase - Starting Test Alerts, Frames & Windows|New Window Message...
2025-08-25 10:32:14 [main] INFO  demoqaBase - Accessing Alerts, Frame & Windows Card...
Declared Instance WebDriverWait: org.openqa.selenium.support.ui.WebDriverWait@36c2b646
2025-08-25 10:32:14 [main] INFO  demoqaLog - Clicking on Alert Frame & Windows Card...
2025-08-25 10:32:15 [main] INFO  demoqaLog - Clicked on on Alert Frame & Windows Card...
Title of this Page is: DEMOQA
You can now access: Alerts, Frame & Windows
2025-08-25 10:32:15 [main] INFO  demoqaBase - Page: Alerts, Frame & Windows Card...
2025-08-25 10:32:15 [main] INFO  demoqaBase - 🔍 Starting test for Alerts click ..
2025-08-25 10:32:15 [main] INFO  demoqaBase - ✅ Clicked on Alerts...
2025-08-25 10:32:15 [main] INFO  demoqaBase - Page Title is: Alerts
2025-08-25 10:32:15 [main] INFO  demoqaBase -  Alerts, Frames & Windows|Alerts Test Completed...
]]></system-out>
  </testcase>
  <testcase name="ClickToSeeAlerts" classname="tests.AlertsFramesWindowsTests" time="5.838">
    <system-out><![CDATA[2025-08-25 10:32:15 [main] INFO  demoqaBase - Closing the Browser...
2025-08-25 10:32:15 [main] INFO  demoqaBase - Starting Web Browser...
2025-08-25 10:32:17 [main] INFO  demoqaBase - Navigating to demoqa.com Website
2025-08-25 10:32:24 [main] INFO  RetryUrlAccess - Successfully navigated to: https://demoqa.com
2025-08-25 10:32:24 [main] INFO  demoqaBase - Starting Test Alerts, Frames & Windows|Alerts|Click button to see Alert...
2025-08-25 10:32:24 [main] INFO  demoqaBase - Accessing Alerts, Frame & Windows Card...
Declared Instance WebDriverWait: org.openqa.selenium.support.ui.WebDriverWait@3c87fdf2
2025-08-25 10:32:24 [main] INFO  demoqaLog - Clicking on Alert Frame & Windows Card...
2025-08-25 10:32:24 [main] INFO  demoqaLog - Clicked on on Alert Frame & Windows Card...
Title of this Page is: DEMOQA
You can now access: Alerts, Frame & Windows
2025-08-25 10:32:24 [main] INFO  demoqaBase - Page: Alerts, Frame & Windows Card...
2025-08-25 10:32:24 [main] INFO  demoqaBase - 🔍 Starting test for Alerts click ..
2025-08-25 10:32:24 [main] INFO  demoqaBase - ✅ Clicked on Alerts...
2025-08-25 10:32:24 [main] INFO  demoqaBase - Page Title is: Alerts
2025-08-25 10:32:24 [main] INFO  demoqaBase - 🔍 Starting test for On button click, alert will appear after 5 seconds...
2025-08-25 10:32:24 [main] INFO  demoqaBase - ✅ Clicked on Click Button to see Alert after 5 seconds...
2025-08-25 10:32:29 [main] INFO  demoqaBase - ✅ On button click, alert will appear after 5 seconds, message is: This alert appeared after 5 seconds
2025-08-25 10:32:29 [main] INFO  demoqaBase -  Alerts, Frames & Windows|Alerts|Click button to see Alert Test Completed...
]]></system-out>
  </testcase>
  <testcase name="ClickAcceptConfirmationBox" classname="tests.AlertsFramesWindowsTests" time="0.973">
    <system-out><![CDATA[2025-08-25 10:32:29 [main] INFO  demoqaBase - Closing the Browser...
2025-08-25 10:32:30 [main] INFO  demoqaBase - Starting Web Browser...
2025-08-25 10:32:31 [main] INFO  demoqaBase - Navigating to demoqa.com Website
2025-08-25 10:32:37 [main] INFO  RetryUrlAccess - Successfully navigated to: https://demoqa.com
2025-08-25 10:32:37 [main] INFO  demoqaBase - Starting Test Alerts, Frames & Windows|AlertsOn button click, confirm box will appear, Accept...
2025-08-25 10:32:37 [main] INFO  demoqaBase - Accessing Alerts, Frame & Windows Card...
Declared Instance WebDriverWait: org.openqa.selenium.support.ui.WebDriverWait@1391af3b
2025-08-25 10:32:37 [main] INFO  demoqaLog - Clicking on Alert Frame & Windows Card...
2025-08-25 10:32:37 [main] INFO  demoqaLog - Clicked on on Alert Frame & Windows Card...
Title of this Page is: DEMOQA
You can now access: Alerts, Frame & Windows
2025-08-25 10:32:38 [main] INFO  demoqaBase - Page: Alerts, Frame & Windows Card...
2025-08-25 10:32:38 [main] INFO  demoqaBase - 🔍 Starting test for Alerts click ..
2025-08-25 10:32:38 [main] INFO  demoqaBase - ✅ Clicked on Alerts...
2025-08-25 10:32:38 [main] INFO  demoqaBase - Page Title is: Alerts
2025-08-25 10:32:38 [main] INFO  demoqaBase - 🔍 Starting test for On button click, confirm box will appear, Accept...
2025-08-25 10:32:38 [main] INFO  demoqaBase - ✅ Clicked On button click, confirm box will appear, Accept...
2025-08-25 10:32:38 [main] INFO  demoqaBase - ✅ On button click, confirm box will appear, message is: Do you confirm action?
2025-08-25 10:32:38 [main] INFO  demoqaBase - ✅ Your Selection was: You selected Ok
2025-08-25 10:32:38 [main] INFO  demoqaBase -  Alerts, Frames & Windows|Alerts|On button click, confirm box will appear, Accept Test Completed...
]]></system-out>
  </testcase>
  <testcase name="ClickDenyConfirmationBox" classname="tests.AlertsFramesWindowsTests" time="1.008">
    <system-out><![CDATA[2025-08-25 10:32:38 [main] INFO  demoqaBase - Closing the Browser...
2025-08-25 10:32:38 [main] INFO  demoqaBase - Starting Web Browser...
2025-08-25 10:32:40 [main] INFO  demoqaBase - Navigating to demoqa.com Website
2025-08-25 10:32:45 [main] INFO  RetryUrlAccess - Successfully navigated to: https://demoqa.com
2025-08-25 10:32:45 [main] INFO  demoqaBase - Starting Test Alerts, Frames & Windows|Alerts|On button click, confirm box will appear, Deny...
2025-08-25 10:32:45 [main] INFO  demoqaBase - Accessing Alerts, Frame & Windows Card...
Declared Instance WebDriverWait: org.openqa.selenium.support.ui.WebDriverWait@69cd1085
2025-08-25 10:32:45 [main] INFO  demoqaLog - Clicking on Alert Frame & Windows Card...
2025-08-25 10:32:46 [main] INFO  demoqaLog - Clicked on on Alert Frame & Windows Card...
Title of this Page is: DEMOQA
You can now access: Alerts, Frame & Windows
2025-08-25 10:32:46 [main] INFO  demoqaBase - Page: Alerts, Frame & Windows Card...
2025-08-25 10:32:46 [main] INFO  demoqaBase - 🔍 Starting test for Alerts click ..
2025-08-25 10:32:46 [main] INFO  demoqaBase - ✅ Clicked on Alerts...
2025-08-25 10:32:46 [main] INFO  demoqaBase - Page Title is: Alerts
2025-08-25 10:32:46 [main] INFO  demoqaBase - 🔍 Starting test for On button click, confirm box will appear, Deny...
2025-08-25 10:32:46 [main] INFO  demoqaBase - ✅ Clicked On button click, confirm box will appear, Deny...
2025-08-25 10:32:46 [main] INFO  demoqaBase - ✅ On button click, confirm box will appear, message is: Do you confirm action?
2025-08-25 10:32:46 [main] INFO  demoqaBase - ✅ Your Selection was: You selected Cancel
2025-08-25 10:32:46 [main] INFO  demoqaBase -  Alerts, Frames & Windows|Alerts|On button click, confirm box will appear, Deny Test Completed...
]]></system-out>
  </testcase>
  <testcase name="ClickPromptBoxFill" classname="tests.AlertsFramesWindowsTests" time="1.003">
    <system-out><![CDATA[2025-08-25 10:32:46 [main] INFO  demoqaBase - Closing the Browser...
2025-08-25 10:32:47 [main] INFO  demoqaBase - Starting Web Browser...
2025-08-25 10:32:48 [main] INFO  demoqaBase - Navigating to demoqa.com Website
2025-08-25 10:32:54 [main] INFO  RetryUrlAccess - Successfully navigated to: https://demoqa.com
2025-08-25 10:32:54 [main] INFO  demoqaBase - Starting Test Alerts, Frames & Windows|Alerts|On button click, prompt box will appear, Fill data...
2025-08-25 10:32:54 [main] INFO  demoqaBase - Accessing Alerts, Frame & Windows Card...
Declared Instance WebDriverWait: org.openqa.selenium.support.ui.WebDriverWait@ed2f2f6
2025-08-25 10:32:54 [main] INFO  demoqaLog - Clicking on Alert Frame & Windows Card...
2025-08-25 10:32:54 [main] INFO  demoqaLog - Clicked on on Alert Frame & Windows Card...
Title of this Page is: DEMOQA
You can now access: Alerts, Frame & Windows
2025-08-25 10:32:54 [main] INFO  demoqaBase - Page: Alerts, Frame & Windows Card...
2025-08-25 10:32:54 [main] INFO  demoqaBase - 🔍 Starting test for Alerts click ..
2025-08-25 10:32:54 [main] INFO  demoqaBase - ✅ Clicked on Alerts...
2025-08-25 10:32:55 [main] INFO  demoqaBase - Page Title is: Alerts
2025-08-25 10:32:55 [main] INFO  demoqaBase - 🔍 Starting test for On button click, prompt box will appear, Fill data...
2025-08-25 10:32:55 [main] INFO  demoqaBase - ✅ Clicked On button click, prompt box will appear, Fill data...
2025-08-25 10:32:55 [main] INFO  demoqaBase - ✅ On button click, prompt box will appear, message is: Please enter your name
2025-08-25 10:32:55 [main] INFO  demoqaBase - ✅ Your Selection was: You entered Java Selenium
2025-08-25 10:32:55 [main] INFO  demoqaBase -  Alerts, Frames & Windows|Alerts|On button click, prompt box will appear, Fill data Test Completed...
]]></system-out>
  </testcase>
  <testcase name="ElementsCard" classname="tests.ElementsTests" time="1.387">
    <system-out><![CDATA[2025-08-25 10:32:55 [main] INFO  demoqaBase - Closing the Browser...
2025-08-25 10:32:55 [main] INFO  demoqaBase - Starting Web Browser...
2025-08-25 10:32:57 [main] INFO  demoqaBase - Navigating to demoqa.com Website
2025-08-25 10:33:02 [main] INFO  RetryUrlAccess - Successfully navigated to: https://demoqa.com
2025-08-25 10:33:02 [main] INFO  demoqaBase - Starting Test Elements | Text Box Test...
Instance Variables Declared are: nullnull
2025-08-25 10:33:02 [main] INFO  demoqaBase - Accessing Elements Card...
2025-08-25 10:33:03 [main] INFO  RetryUrlAccess - Successfully navigated to: https://demoqa.com
2025-08-25 10:33:03 [main] INFO  demoqaLog - Clicking on Elements Card...
2025-08-25 10:33:03 [main] WARN  demoqaLog - ⚠️ JS click failed, falling back to native click.
2025-08-25 10:33:03 [main] INFO  demoqaLog - Clicked on Elements Card...
Title of this Page is: DEMOQA
You can now Access: Elements
 
Page Text is: Please select an item from left to start practice.
Title of this Page is: DEMOQA
2025-08-25 10:33:04 [main] INFO  demoqaBase - Element Card Test Completed...
]]></system-out>
  </testcase>
  <testcase name="TextBox" classname="tests.ElementsTests" time="3.428">
    <system-out><![CDATA[2025-08-25 10:33:04 [main] INFO  demoqaBase - Closing the Browser...
2025-08-25 10:33:04 [main] INFO  demoqaBase - Starting Web Browser...
2025-08-25 10:33:05 [main] INFO  demoqaBase - Navigating to demoqa.com Website
2025-08-25 10:33:11 [main] INFO  RetryUrlAccess - Successfully navigated to: https://demoqa.com
2025-08-25 10:33:11 [main] INFO  demoqaBase - Starting Test Elements | Text Box Test...
Instance Variables Declared are: nullnull
2025-08-25 10:33:11 [main] INFO  demoqaBase - Accessing Elements Card...
2025-08-25 10:33:11 [main] INFO  RetryUrlAccess - Successfully navigated to: https://demoqa.com
2025-08-25 10:33:11 [main] INFO  demoqaLog - Clicking on Elements Card...
2025-08-25 10:33:11 [main] WARN  demoqaLog - ⚠️ JS click failed, falling back to native click.
2025-08-25 10:33:12 [main] INFO  demoqaLog - Clicked on Elements Card...
Title of this Page is: DEMOQA
You can now Access: Elements
 
Page Text is: Please select an item from left to start practice.
2025-08-25 10:33:12 [main] INFO  demoqaBase - Accessing Text Box...
Text Box
2025-08-25 10:33:12 [main] INFO  demoqaBase - You are accessing: Text Box
2025-08-25 10:33:12 [main] INFO  demoqaBase - Title of this Page is: DEMOQA
2025-08-25 10:33:12 [main] INFO  demoqaBase - Entering Full Name...
2025-08-25 10:33:13 [main] INFO  demoqaBase - Full Name is: John Rambo
2025-08-25 10:33:13 [main] INFO  demoqaBase - Entering Email Address...
2025-08-25 10:33:13 [main] INFO  demoqaBase - Email Address is: JRambo@demoqa.com
2025-08-25 10:33:13 [main] INFO  demoqaBase - Entering Current Address...
2025-08-25 10:33:13 [main] INFO  demoqaBase - Current Address is: 511 Grant 481, Prattsville
 Arkansas 72129
 United States
2025-08-25 10:33:13 [main] INFO  demoqaBase - Entering Permanent Address...
2025-08-25 10:33:14 [main] INFO  demoqaBase - Parmenant Address is: 579 Grant 3381, Prattsville
 Arkansas 72100
 United States
2025-08-25 10:33:14 [main] INFO  demoqaBase - Clicking on Submit Button...
2025-08-25 10:33:14 [main] INFO  demoqaBase - Clicked Submit Button...
Information Submitted is: Name:John Rambo
Email:JRambo@demoqa.com
Current Address :511 Grant 481, Prattsville Arkansas 72129 United States
Permananet Address :579 Grant 3381, Prattsville Arkansas 72100 United States
2025-08-25 10:33:14 [main] INFO  demoqaBase - Text Box Element Test Completed...
]]></system-out>
  </testcase>
  <testcase name="CheckBox" classname="tests.ElementsTests" time="1.724">
    <system-out><![CDATA[Path for Screenshot is: C:\ASN\eclipse_workspace\demoqa-automation/screenshots/TextBox Passed+2025-08-25_10-33-14.png
2025-08-25 10:33:14 [main] INFO  demoqaBase - Closing the Browser...
2025-08-25 10:33:15 [main] INFO  demoqaBase - Starting Web Browser...
2025-08-25 10:33:16 [main] INFO  demoqaBase - Navigating to demoqa.com Website
2025-08-25 10:33:21 [main] INFO  RetryUrlAccess - Successfully navigated to: https://demoqa.com
2025-08-25 10:33:21 [main] INFO  demoqaBase - Starting Test Elements | Check Box Test...
Instance Variables Declared are: nullnull
2025-08-25 10:33:21 [main] INFO  demoqaBase - Accessing Elements Card...
2025-08-25 10:33:22 [main] INFO  RetryUrlAccess - Successfully navigated to: https://demoqa.com
2025-08-25 10:33:22 [main] INFO  demoqaLog - Clicking on Elements Card...
2025-08-25 10:33:22 [main] WARN  demoqaLog - ⚠️ JS click failed, falling back to native click.
2025-08-25 10:33:23 [main] INFO  demoqaLog - Clicked on Elements Card...
Title of this Page is: DEMOQA
You can now Access: Elements
 
Page Text is: Please select an item from left to start practice.
2025-08-25 10:33:23 [main] INFO  demoqaBase - Accessing Check Box...
Check Box
2025-08-25 10:33:23 [main] INFO  demoqaBase - You are accessing: Check Box
2025-08-25 10:33:23 [main] INFO  demoqaBase - Test Elements | Check Box Test Test Completed...
]]></system-out>
  </testcase>
  <testcase name="SelectingHomeCheckBox" classname="tests.ElementsTests" time="2.104">
    <system-out><![CDATA[2025-08-25 10:33:23 [main] INFO  demoqaBase - Closing the Browser...
2025-08-25 10:33:25 [main] INFO  demoqaBase - Starting Web Browser...
2025-08-25 10:33:29 [main] INFO  demoqaBase - Navigating to demoqa.com Website
2025-08-25 10:33:34 [main] INFO  RetryUrlAccess - Successfully navigated to: https://demoqa.com
2025-08-25 10:33:34 [main] INFO  demoqaBase - Starting Test Elements | Selecting Home Check Box Test...
Instance Variables Declared are: nullnull
2025-08-25 10:33:34 [main] INFO  demoqaBase - Accessing Elements Card...
2025-08-25 10:33:35 [main] INFO  RetryUrlAccess - Successfully navigated to: https://demoqa.com
2025-08-25 10:33:35 [main] INFO  demoqaLog - Clicking on Elements Card...
2025-08-25 10:33:35 [main] WARN  demoqaLog - ⚠️ JS click failed, falling back to native click.
2025-08-25 10:33:35 [main] INFO  demoqaLog - Clicked on Elements Card...
Title of this Page is: DEMOQA
You can now Access: Elements
 
Page Text is: Please select an item from left to start practice.
2025-08-25 10:33:35 [main] INFO  demoqaBase - Accessing Check Box...
Check Box
2025-08-25 10:33:36 [main] INFO  demoqaBase - You are accessing: Check Box
2025-08-25 10:33:36 [main] INFO  demoqaBase - Selecting Home Check Box...
Information Submitted is: You have selected :
home
desktop
notes
commands
documents
workspace
react
angular
veu
office
public
private
classified
general
downloads
wordFile
excelFile
2025-08-25 10:33:36 [main] INFO  demoqaBase - You have Selected: You have selected :
home
desktop
notes
commands
documents
workspace
react
angular
veu
office
public
private
classified
general
downloads
wordFile
excelFile
2025-08-25 10:33:36 [main] INFO  demoqaBase - Elements | Selecting Home Test Completed...
]]></system-out>
  </testcase>
  <testcase name="SelectingDesktopCheckBox" classname="tests.ElementsTests" time="2.379">
    <system-out><![CDATA[2025-08-25 10:33:36 [main] INFO  demoqaBase - Closing the Browser...
2025-08-25 10:33:36 [main] INFO  demoqaBase - Starting Web Browser...
2025-08-25 10:33:38 [main] INFO  demoqaBase - Navigating to demoqa.com Website
2025-08-25 10:33:43 [main] INFO  RetryUrlAccess - Successfully navigated to: https://demoqa.com
2025-08-25 10:33:43 [main] INFO  demoqaBase - Starting Test Elements | Selecting Desktop Check Box Test...
Instance Variables Declared are: nullnull
2025-08-25 10:33:43 [main] INFO  demoqaBase - Accessing Elements Card...
2025-08-25 10:33:44 [main] INFO  RetryUrlAccess - Successfully navigated to: https://demoqa.com
2025-08-25 10:33:44 [main] INFO  demoqaLog - Clicking on Elements Card...
2025-08-25 10:33:44 [main] WARN  demoqaLog - ⚠️ JS click failed, falling back to native click.
2025-08-25 10:33:44 [main] INFO  demoqaLog - Clicked on Elements Card...
Title of this Page is: DEMOQA
You can now Access: Elements
 
Page Text is: Please select an item from left to start practice.
2025-08-25 10:33:44 [main] INFO  demoqaBase - Accessing Check Box...
Check Box
2025-08-25 10:33:45 [main] INFO  demoqaBase - You are accessing: Check Box
2025-08-25 10:33:45 [main] INFO  demoqaBase - Clicking on Home Toggle Button...
2025-08-25 10:33:45 [main] INFO  demoqaBase - Selecting Deskstop Check Box...
Information Submitted is: You have selected :
desktop
notes
commands
2025-08-25 10:33:45 [main] INFO  demoqaBase - You have Selected: You have selected :
desktop
notes
commands
2025-08-25 10:33:45 [main] INFO  demoqaBase - Elements | Home | Desktop Test Completed...
]]></system-out>
  </testcase>
  <testcase name="SelectingNotesCommandsClick" classname="tests.ElementsTests" time="2.546">
    <system-out><![CDATA[2025-08-25 10:33:45 [main] INFO  demoqaBase - Closing the Browser...
2025-08-25 10:33:46 [main] INFO  demoqaBase - Starting Web Browser...
2025-08-25 10:33:47 [main] INFO  demoqaBase - Navigating to demoqa.com Website
2025-08-25 10:33:53 [main] INFO  RetryUrlAccess - Successfully navigated to: https://demoqa.com
2025-08-25 10:33:53 [main] INFO  demoqaBase - Starting Test Elements | Selecting Desktop| Notes & Commands Check Box Test...
Instance Variables Declared are: nullnull
2025-08-25 10:33:53 [main] INFO  demoqaBase - Accessing Elements Card...
2025-08-25 10:33:53 [main] INFO  RetryUrlAccess - Successfully navigated to: https://demoqa.com
2025-08-25 10:33:53 [main] INFO  demoqaLog - Clicking on Elements Card...
2025-08-25 10:33:53 [main] WARN  demoqaLog - ⚠️ JS click failed, falling back to native click.
2025-08-25 10:33:54 [main] INFO  demoqaLog - Clicked on Elements Card...
Title of this Page is: DEMOQA
You can now Access: Elements
 
Page Text is: Please select an item from left to start practice.
2025-08-25 10:33:54 [main] INFO  demoqaBase - Accessing Check Box...
Check Box
2025-08-25 10:33:55 [main] INFO  demoqaBase - You are accessing: Check Box
2025-08-25 10:33:55 [main] INFO  demoqaBase - Clicking on Home Toggle Button...
2025-08-25 10:33:55 [main] INFO  demoqaBase - Clicking on Desktop Toggle Button...
2025-08-25 10:33:55 [main] INFO  demoqaBase - Clicking on Notes Button...
2025-08-25 10:33:55 [main] INFO  demoqaBase - Clicking on Commands Button...
2025-08-25 10:33:55 [main] INFO  demoqaBase - Selected Notes & Commands...
Information Submitted is: You have selected :
desktop
notes
commands
2025-08-25 10:33:55 [main] INFO  demoqaBase - You have Selected: You have selected :
desktop
notes
commands
2025-08-25 10:33:55 [main] INFO  demoqaBase - Elements | Home | Desktop | Notes & Commands Completed...
]]></system-out>
  </testcase>
  <testcase name="SelectingDocumentsCheckBox" classname="tests.ElementsTests" time="2.007">
    <system-out><![CDATA[2025-08-25 10:33:55 [main] INFO  demoqaBase - Closing the Browser...
2025-08-25 10:33:56 [main] INFO  demoqaBase - Starting Web Browser...
2025-08-25 10:33:57 [main] INFO  demoqaBase - Navigating to demoqa.com Website
2025-08-25 10:34:02 [main] INFO  RetryUrlAccess - Successfully navigated to: https://demoqa.com
2025-08-25 10:34:02 [main] INFO  demoqaBase - Starting Test Elements | Selecting Documents Check Box Test...
Instance Variables Declared are: nullnull
2025-08-25 10:34:02 [main] INFO  demoqaBase - Accessing Elements Card...
2025-08-25 10:34:03 [main] INFO  RetryUrlAccess - Successfully navigated to: https://demoqa.com
2025-08-25 10:34:03 [main] INFO  demoqaLog - Clicking on Elements Card...
2025-08-25 10:34:03 [main] WARN  demoqaLog - ⚠️ JS click failed, falling back to native click.
2025-08-25 10:34:03 [main] INFO  demoqaLog - Clicked on Elements Card...
Title of this Page is: DEMOQA
You can now Access: Elements
 
Page Text is: Please select an item from left to start practice.
2025-08-25 10:34:03 [main] INFO  demoqaBase - Accessing Check Box...
Check Box
2025-08-25 10:34:04 [main] INFO  demoqaBase - You are accessing: Check Box
2025-08-25 10:34:04 [main] INFO  demoqaBase - Clicking on Home Toggle Button...
2025-08-25 10:34:04 [main] INFO  demoqaBase - Selecting Documents Check Box...
2025-08-25 10:34:04 [main] INFO  demoqaBase - Selected Documents Check Box...
Information Submitted is: You have selected :
documents
workspace
react
angular
veu
office
public
private
classified
general
2025-08-25 10:34:04 [main] INFO  demoqaBase - You have Selected: You have selected :
documents
workspace
react
angular
veu
office
public
private
classified
general
2025-08-25 10:34:04 [main] INFO  demoqaBase - Test Elements | Selecting Documents Check Box Test Completed...
]]></system-out>
  </testcase>
  <testcase name="SelectingWorkSpace" classname="tests.ElementsTests" time="2.11">
    <system-out><![CDATA[2025-08-25 10:34:04 [main] INFO  demoqaBase - Closing the Browser...
2025-08-25 10:34:05 [main] INFO  demoqaBase - Starting Web Browser...
2025-08-25 10:34:06 [main] INFO  demoqaBase - Navigating to demoqa.com Website
2025-08-25 10:34:11 [main] INFO  RetryUrlAccess - Successfully navigated to: https://demoqa.com
2025-08-25 10:34:11 [main] INFO  demoqaBase - Starting Test Elements | Home | Selecting Documents | WorkSpace Check Box Test...
Instance Variables Declared are: nullnull
2025-08-25 10:34:11 [main] INFO  demoqaBase - Accessing Elements Card...
2025-08-25 10:34:12 [main] INFO  RetryUrlAccess - Successfully navigated to: https://demoqa.com
2025-08-25 10:34:12 [main] INFO  demoqaLog - Clicking on Elements Card...
2025-08-25 10:34:12 [main] WARN  demoqaLog - ⚠️ JS click failed, falling back to native click.
2025-08-25 10:34:13 [main] INFO  demoqaLog - Clicked on Elements Card...
Title of this Page is: DEMOQA
You can now Access: Elements
 
Page Text is: Please select an item from left to start practice.
2025-08-25 10:34:13 [main] INFO  demoqaBase - Accessing Check Box...
Check Box
2025-08-25 10:34:13 [main] INFO  demoqaBase - You are accessing: Check Box
2025-08-25 10:34:13 [main] INFO  demoqaBase - Clicking on Home Toggle Button...
2025-08-25 10:34:13 [main] INFO  demoqaBase - Clicking on Documents Toggle Button...
2025-08-25 10:34:13 [main] INFO  demoqaBase - Selecting WorkSpace Check Box...
2025-08-25 10:34:14 [main] INFO  demoqaBase - Selected WorkSpace Check Box...
Information Submitted is: You have selected :
workspace
react
angular
veu
2025-08-25 10:34:14 [main] INFO  demoqaBase - You have Selected: You have selected :
workspace
react
angular
veu
2025-08-25 10:34:14 [main] INFO  demoqaBase - Test Elements | Home | Selecting Documents | WorkSpace Check Box Completed...
]]></system-out>
  </testcase>
  <testcase name="SelectReact" classname="tests.ElementsTests" time="2.033">
    <system-out><![CDATA[2025-08-25 10:34:14 [main] INFO  demoqaBase - Closing the Browser...
2025-08-25 10:34:14 [main] INFO  demoqaBase - Starting Web Browser...
2025-08-25 10:34:16 [main] INFO  demoqaBase - Navigating to demoqa.com Website
2025-08-25 10:34:28 [main] INFO  RetryUrlAccess - Successfully navigated to: https://demoqa.com
2025-08-25 10:34:28 [main] INFO  demoqaBase - Starting Test Elements|Home|Selecting Documents|WorkSpace|React Check Box Test...
Instance Variables Declared are: nullnull
2025-08-25 10:34:28 [main] INFO  demoqaBase - Accessing Elements Card...
2025-08-25 10:34:28 [main] INFO  RetryUrlAccess - Successfully navigated to: https://demoqa.com
2025-08-25 10:34:28 [main] INFO  demoqaLog - Clicking on Elements Card...
2025-08-25 10:34:28 [main] WARN  demoqaLog - ⚠️ JS click failed, falling back to native click.
2025-08-25 10:34:29 [main] INFO  demoqaLog - Clicked on Elements Card...
Title of this Page is: DEMOQA
You can now Access: Elements
 
Page Text is: Please select an item from left to start practice.
2025-08-25 10:34:29 [main] INFO  demoqaBase - Accessing Check Box...
Check Box
2025-08-25 10:34:29 [main] INFO  demoqaBase - You are accessing: Check Box
2025-08-25 10:34:29 [main] INFO  demoqaBase - Clicking on Home Toggle Button...
2025-08-25 10:34:29 [main] INFO  demoqaBase - Clicking on Documents Toggle Button...
2025-08-25 10:34:29 [main] INFO  demoqaBase - Clicking WorkSpace Toggle Button...
2025-08-25 10:34:29 [main] INFO  demoqaBase - Clicked WorkSpace Toggle Button...
2025-08-25 10:34:29 [main] INFO  demoqaBase - Selecting WorkSpace | React Check Box...
2025-08-25 10:34:30 [main] INFO  demoqaBase - Selected WorkSpace | React Check Box...
Information Submitted is: You have selected :
react
2025-08-25 10:34:30 [main] INFO  demoqaBase - You have Selected: You have selected :
react
2025-08-25 10:34:30 [main] INFO  demoqaBase - Test Elements|Home|Documents| Selecting WorkSpace|React Check Box Completed...
]]></system-out>
  </testcase>
  <testcase name="SelectAngular" classname="tests.ElementsTests" time="2.228">
    <system-out><![CDATA[2025-08-25 10:34:30 [main] INFO  demoqaBase - Closing the Browser...
2025-08-25 10:34:30 [main] INFO  demoqaBase - Starting Web Browser...
2025-08-25 10:34:32 [main] INFO  demoqaBase - Navigating to demoqa.com Website
2025-08-25 10:34:37 [main] INFO  RetryUrlAccess - Successfully navigated to: https://demoqa.com
2025-08-25 10:34:37 [main] INFO  demoqaBase - Starting Test Elements|Home|Selecting Documents|WorkSpace|Angular Check Box Test...
Instance Variables Declared are: nullnull
2025-08-25 10:34:37 [main] INFO  demoqaBase - Accessing Elements Card...
2025-08-25 10:34:38 [main] INFO  RetryUrlAccess - Successfully navigated to: https://demoqa.com
2025-08-25 10:34:38 [main] INFO  demoqaLog - Clicking on Elements Card...
2025-08-25 10:34:38 [main] WARN  demoqaLog - ⚠️ JS click failed, falling back to native click.
2025-08-25 10:34:38 [main] INFO  demoqaLog - Clicked on Elements Card...
Title of this Page is: DEMOQA
You can now Access: Elements
 
Page Text is: Please select an item from left to start practice.
2025-08-25 10:34:38 [main] INFO  demoqaBase - Accessing Check Box...
Check Box
2025-08-25 10:34:38 [main] INFO  demoqaBase - You are accessing: Check Box
2025-08-25 10:34:38 [main] INFO  demoqaBase - Clicking on Home Toggle Button...
2025-08-25 10:34:39 [main] INFO  demoqaBase - Clicking on Documents Toggle Button...
2025-08-25 10:34:39 [main] INFO  demoqaBase - Clicking WorkSpace Toggle Button...
2025-08-25 10:34:39 [main] INFO  demoqaBase - Clicked WorkSpace Toggle Button...
2025-08-25 10:34:39 [main] INFO  demoqaBase - Selecting WorkSpace | Angular Check Box...
2025-08-25 10:34:39 [main] INFO  demoqaBase - Selected WorkSpace | Angular Check Box...
Information Submitted is: You have selected :
angular
2025-08-25 10:34:39 [main] INFO  demoqaBase - You have Selected: You have selected :
angular
2025-08-25 10:34:39 [main] INFO  demoqaBase - Test Elements|Home|Documents| Selecting WorkSpace|Angular Check Box Completed...
]]></system-out>
  </testcase>
  <testcase name="SelectVeu" classname="tests.ElementsTests" time="2.261">
    <system-out><![CDATA[2025-08-25 10:34:39 [main] INFO  demoqaBase - Closing the Browser...
2025-08-25 10:34:40 [main] INFO  demoqaBase - Starting Web Browser...
2025-08-25 10:34:41 [main] INFO  demoqaBase - Navigating to demoqa.com Website
2025-08-25 10:34:52 [main] INFO  RetryUrlAccess - Successfully navigated to: https://demoqa.com
2025-08-25 10:34:52 [main] INFO  demoqaBase - Starting Test Elements|Home|Selecting Documents|WorkSpace|Veu Check Box Test...
Instance Variables Declared are: nullnull
2025-08-25 10:34:52 [main] INFO  demoqaBase - Accessing Elements Card...
2025-08-25 10:34:53 [main] INFO  RetryUrlAccess - Successfully navigated to: https://demoqa.com
2025-08-25 10:34:53 [main] INFO  demoqaLog - Clicking on Elements Card...
2025-08-25 10:34:53 [main] WARN  demoqaLog - ⚠️ JS click failed, falling back to native click.
2025-08-25 10:34:53 [main] INFO  demoqaLog - Clicked on Elements Card...
Title of this Page is: DEMOQA
You can now Access: Elements
 
Page Text is: Please select an item from left to start practice.
2025-08-25 10:34:53 [main] INFO  demoqaBase - Accessing Check Box...
Check Box
2025-08-25 10:34:54 [main] INFO  demoqaBase - You are accessing: Check Box
2025-08-25 10:34:54 [main] INFO  demoqaBase - Clicking on Home Toggle Button...
2025-08-25 10:34:54 [main] INFO  demoqaBase - Clicking on Documents Toggle Button...
2025-08-25 10:34:54 [main] INFO  demoqaBase - Clicking WorkSpace Toggle Button...
2025-08-25 10:34:54 [main] INFO  demoqaBase - Clicked WorkSpace Toggle Button...
2025-08-25 10:34:54 [main] INFO  demoqaBase - Selecting WorkSpace | Veu Check Box...
2025-08-25 10:34:54 [main] INFO  demoqaBase - Selected WorkSpace | Veu Check Box...
Information Submitted is: You have selected :
veu
2025-08-25 10:34:54 [main] INFO  demoqaBase - You have Selected: You have selected :
veu
2025-08-25 10:34:54 [main] INFO  demoqaBase - Test Elements|Home|Documents| Selecting WorkSpace|Veu Check Box Completed...
]]></system-out>
  </testcase>
  <testcase name="SelectReactAnuglarVeu" classname="tests.ElementsTests" time="2.331">
    <system-out><![CDATA[2025-08-25 10:34:54 [main] INFO  demoqaBase - Closing the Browser...
2025-08-25 10:34:55 [main] INFO  demoqaBase - Starting Web Browser...
2025-08-25 10:34:56 [main] INFO  demoqaBase - Navigating to demoqa.com Website
2025-08-25 10:35:02 [main] INFO  RetryUrlAccess - Successfully navigated to: https://demoqa.com
2025-08-25 10:35:02 [main] INFO  demoqaBase - Starting Test Elements|Home|Selecting Documents|WorkSpace|React-Anuglar-Veu Check Box Test...
Instance Variables Declared are: nullnull
2025-08-25 10:35:02 [main] INFO  demoqaBase - Accessing Elements Card...
2025-08-25 10:35:03 [main] INFO  RetryUrlAccess - Successfully navigated to: https://demoqa.com
2025-08-25 10:35:03 [main] INFO  demoqaLog - Clicking on Elements Card...
2025-08-25 10:35:03 [main] WARN  demoqaLog - ⚠️ JS click failed, falling back to native click.
2025-08-25 10:35:03 [main] INFO  demoqaLog - Clicked on Elements Card...
Title of this Page is: DEMOQA
You can now Access: Elements
 
Page Text is: Please select an item from left to start practice.
2025-08-25 10:35:03 [main] INFO  demoqaBase - Accessing Check Box...
Check Box
2025-08-25 10:35:03 [main] INFO  demoqaBase - You are accessing: Check Box
2025-08-25 10:35:04 [main] INFO  demoqaBase - Clicking on Home Toggle Button...
2025-08-25 10:35:04 [main] INFO  demoqaBase - Clicking on Documents Toggle Button...
2025-08-25 10:35:04 [main] INFO  demoqaBase - Clicking WorkSpace Toggle Button...
2025-08-25 10:35:04 [main] INFO  demoqaBase - Clicked WorkSpace Toggle Button...
2025-08-25 10:35:04 [main] INFO  demoqaBase - Selecting WorkSpace | React Check Box...
2025-08-25 10:35:04 [main] INFO  demoqaBase - Selected WorkSpace | React Check Box...
2025-08-25 10:35:04 [main] INFO  demoqaBase - Selecting WorkSpace | Angular Check Box...
2025-08-25 10:35:04 [main] INFO  demoqaBase - Selected WorkSpace | Angular Check Box...
2025-08-25 10:35:04 [main] INFO  demoqaBase - Selecting WorkSpace | Veu Check Box...
2025-08-25 10:35:04 [main] INFO  demoqaBase - Selected WorkSpace | Veu Check Box...
Information Submitted is: You have selected :
workspace
react
angular
veu
2025-08-25 10:35:04 [main] INFO  demoqaBase - You have Selected: You have selected :
workspace
react
angular
veu
2025-08-25 10:35:04 [main] INFO  demoqaBase - Test Elements|Home|Documents| Selecting WorkSpace|React-Anuglar-Veu Check Box Completed...
]]></system-out>
  </testcase>
  <testcase name="SelectingOffice" classname="tests.ElementsTests" time="2.098">
    <system-out><![CDATA[2025-08-25 10:35:04 [main] INFO  demoqaBase - Closing the Browser...
2025-08-25 10:35:05 [main] INFO  demoqaBase - Starting Web Browser...
2025-08-25 10:35:06 [main] INFO  demoqaBase - Navigating to demoqa.com Website
2025-08-25 10:35:16 [main] INFO  RetryUrlAccess - Successfully navigated to: https://demoqa.com
2025-08-25 10:35:16 [main] INFO  demoqaBase - Starting Test Elements|Home|Selecting Documents|Office Check Box Test...
Instance Variables Declared are: nullnull
2025-08-25 10:35:16 [main] INFO  demoqaBase - Accessing Elements Card...
2025-08-25 10:35:16 [main] INFO  RetryUrlAccess - Successfully navigated to: https://demoqa.com
2025-08-25 10:35:16 [main] INFO  demoqaLog - Clicking on Elements Card...
2025-08-25 10:35:17 [main] WARN  demoqaLog - ⚠️ JS click failed, falling back to native click.
2025-08-25 10:35:17 [main] INFO  demoqaLog - Clicked on Elements Card...
Title of this Page is: DEMOQA
You can now Access: Elements
 
Page Text is: Please select an item from left to start practice.
2025-08-25 10:35:17 [main] INFO  demoqaBase - Accessing Check Box...
Check Box
2025-08-25 10:35:17 [main] INFO  demoqaBase - You are accessing: Check Box
2025-08-25 10:35:17 [main] INFO  demoqaBase - Clicking on Home Toggle Button...
2025-08-25 10:35:18 [main] INFO  demoqaBase - Clicking on Documents Toggle Button...
2025-08-25 10:35:18 [main] INFO  demoqaBase - Selecting WorkSpace Check Box...
2025-08-25 10:35:18 [main] INFO  demoqaBase - Selected WorkSpace Check Box...
Information Submitted is: You have selected :
office
public
private
classified
general
2025-08-25 10:35:18 [main] INFO  demoqaBase - You have Selected: You have selected :
office
public
private
classified
general
2025-08-25 10:35:18 [main] INFO  demoqaBase - Test Elements|Home|Selecting Documents|Office Check Box Completed...
]]></system-out>
  </testcase>
  <testcase name="SelectPublic" classname="tests.ElementsTests" time="2.076">
    <system-out><![CDATA[2025-08-25 10:35:18 [main] INFO  demoqaBase - Closing the Browser...
2025-08-25 10:35:18 [main] INFO  demoqaBase - Starting Web Browser...
2025-08-25 10:35:20 [main] INFO  demoqaBase - Navigating to demoqa.com Website
2025-08-25 10:35:25 [main] INFO  RetryUrlAccess - Successfully navigated to: https://demoqa.com
2025-08-25 10:35:25 [main] INFO  demoqaBase - Starting Test Elements|Home|Selecting Documents|Office|Public Check Box Test...
Instance Variables Declared are: nullnull
2025-08-25 10:35:25 [main] INFO  demoqaBase - Accessing Elements Card...
2025-08-25 10:35:26 [main] INFO  RetryUrlAccess - Successfully navigated to: https://demoqa.com
2025-08-25 10:35:26 [main] INFO  demoqaLog - Clicking on Elements Card...
2025-08-25 10:35:26 [main] WARN  demoqaLog - ⚠️ JS click failed, falling back to native click.
2025-08-25 10:35:26 [main] INFO  demoqaLog - Clicked on Elements Card...
Title of this Page is: DEMOQA
You can now Access: Elements
 
Page Text is: Please select an item from left to start practice.
2025-08-25 10:35:26 [main] INFO  demoqaBase - Accessing Check Box...
Check Box
2025-08-25 10:35:27 [main] INFO  demoqaBase - You are accessing: Check Box
2025-08-25 10:35:27 [main] INFO  demoqaBase - Clicking on Home Toggle Button...
2025-08-25 10:35:27 [main] INFO  demoqaBase - Clicking on Documents Toggle Button...
2025-08-25 10:35:27 [main] INFO  demoqaBase - Clicking Office Toggle Button...
2025-08-25 10:35:27 [main] INFO  demoqaBase - Clicked Office Toggle Button...
2025-08-25 10:35:27 [main] INFO  demoqaBase - Selecting Office | Public Check Box...
2025-08-25 10:35:27 [main] INFO  demoqaBase - Selected Office | Public Check Box...
Information Submitted is: You have selected :
public
2025-08-25 10:35:27 [main] INFO  demoqaBase - You have Selected: You have selected :
public
2025-08-25 10:35:27 [main] INFO  demoqaBase - Test Elements|Home|Documents|Office|Selecting Public Check Box Completed...
]]></system-out>
  </testcase>
  <testcase name="SelectPrivate" classname="tests.ElementsTests" time="2.106">
    <system-out><![CDATA[2025-08-25 10:35:27 [main] INFO  demoqaBase - Closing the Browser...
2025-08-25 10:35:28 [main] INFO  demoqaBase - Starting Web Browser...
2025-08-25 10:35:29 [main] INFO  demoqaBase - Navigating to demoqa.com Website
2025-08-25 10:35:39 [main] INFO  RetryUrlAccess - Successfully navigated to: https://demoqa.com
2025-08-25 10:35:39 [main] INFO  demoqaBase - Starting Test Elements|Home|Selecting Documents|Office|Private Check Box Test...
Instance Variables Declared are: nullnull
2025-08-25 10:35:39 [main] INFO  demoqaBase - Accessing Elements Card...
2025-08-25 10:35:40 [main] INFO  RetryUrlAccess - Successfully navigated to: https://demoqa.com
2025-08-25 10:35:40 [main] INFO  demoqaLog - Clicking on Elements Card...
2025-08-25 10:35:40 [main] WARN  demoqaLog - ⚠️ JS click failed, falling back to native click.
2025-08-25 10:35:40 [main] INFO  demoqaLog - Clicked on Elements Card...
Title of this Page is: DEMOQA
You can now Access: Elements
 
Page Text is: Please select an item from left to start practice.
2025-08-25 10:35:40 [main] INFO  demoqaBase - Accessing Check Box...
Check Box
2025-08-25 10:35:40 [main] INFO  demoqaBase - You are accessing: Check Box
2025-08-25 10:35:40 [main] INFO  demoqaBase - Clicking on Home Toggle Button...
2025-08-25 10:35:41 [main] INFO  demoqaBase - Clicking on Documents Toggle Button...
2025-08-25 10:35:41 [main] INFO  demoqaBase - Clicking Office Toggle Button...
2025-08-25 10:35:41 [main] INFO  demoqaBase - Clicked Office Toggle Button...
2025-08-25 10:35:41 [main] INFO  demoqaBase - Selecting Office | Private Check Box...
2025-08-25 10:35:41 [main] INFO  demoqaBase - Selected Office | Private Check Box...
Information Submitted is: You have selected :
private
2025-08-25 10:35:41 [main] INFO  demoqaBase - You have Selected: You have selected :
private
2025-08-25 10:35:41 [main] INFO  demoqaBase - Test Elements|Home|Documents|Office|Selecting Private Check Box Completed...
]]></system-out>
  </testcase>
  <testcase name="SelectClassified" classname="tests.ElementsTests" time="2.115">
    <system-out><![CDATA[2025-08-25 10:35:41 [main] INFO  demoqaBase - Closing the Browser...
2025-08-25 10:35:42 [main] INFO  demoqaBase - Starting Web Browser...
2025-08-25 10:35:43 [main] INFO  demoqaBase - Navigating to demoqa.com Website
2025-08-25 10:35:48 [main] INFO  RetryUrlAccess - Successfully navigated to: https://demoqa.com
2025-08-25 10:35:48 [main] INFO  demoqaBase - Starting Test Elements|Home|Selecting Documents|Office|Classified Check Box Test...
Instance Variables Declared are: nullnull
2025-08-25 10:35:48 [main] INFO  demoqaBase - Accessing Elements Card...
2025-08-25 10:35:49 [main] INFO  RetryUrlAccess - Successfully navigated to: https://demoqa.com
2025-08-25 10:35:49 [main] INFO  demoqaLog - Clicking on Elements Card...
2025-08-25 10:35:49 [main] WARN  demoqaLog - ⚠️ JS click failed, falling back to native click.
2025-08-25 10:35:49 [main] INFO  demoqaLog - Clicked on Elements Card...
Title of this Page is: DEMOQA
You can now Access: Elements
 
Page Text is: Please select an item from left to start practice.
2025-08-25 10:35:49 [main] INFO  demoqaBase - Accessing Check Box...
Check Box
2025-08-25 10:35:50 [main] INFO  demoqaBase - You are accessing: Check Box
2025-08-25 10:35:50 [main] INFO  demoqaBase - Clicking on Home Toggle Button...
2025-08-25 10:35:50 [main] INFO  demoqaBase - Clicking on Documents Toggle Button...
2025-08-25 10:35:50 [main] INFO  demoqaBase - Clicking Office Toggle Button...
2025-08-25 10:35:50 [main] INFO  demoqaBase - Clicked Office Toggle Button...
2025-08-25 10:35:50 [main] INFO  demoqaBase - Selecting Office | Classified Check Box...
Declared WebDriverWait: org.openqa.selenium.support.ui.WebDriverWait@17477bbb
2025-08-25 10:35:50 [main] INFO  demoqaBase - Selected Office | Classified Check Box...
Information Submitted is: You have selected :
classified
2025-08-25 10:35:50 [main] INFO  demoqaBase - You have Selected: You have selected :
classified
2025-08-25 10:35:50 [main] INFO  demoqaBase - Test Elements|Home|Documents|Office|Selecting Classified Check Box Completed...
]]></system-out>
  </testcase>
  <testcase name="SelectGeneral" classname="tests.ElementsTests" time="2.242">
    <system-out><![CDATA[2025-08-25 10:35:50 [main] INFO  demoqaBase - Closing the Browser...
2025-08-25 10:35:51 [main] INFO  demoqaBase - Starting Web Browser...
2025-08-25 10:35:52 [main] INFO  demoqaBase - Navigating to demoqa.com Website
2025-08-25 10:35:59 [main] INFO  RetryUrlAccess - Successfully navigated to: https://demoqa.com
2025-08-25 10:35:59 [main] INFO  demoqaBase - Starting Test Elements|Home|Selecting Documents|Office|General Check Box Test...
Instance Variables Declared are: nullnull
2025-08-25 10:35:59 [main] INFO  demoqaBase - Accessing Elements Card...
2025-08-25 10:35:59 [main] INFO  RetryUrlAccess - Successfully navigated to: https://demoqa.com
2025-08-25 10:35:59 [main] INFO  demoqaLog - Clicking on Elements Card...
2025-08-25 10:35:59 [main] WARN  demoqaLog - ⚠️ JS click failed, falling back to native click.
2025-08-25 10:36:00 [main] INFO  demoqaLog - Clicked on Elements Card...
Title of this Page is: DEMOQA
You can now Access: Elements
 
Page Text is: Please select an item from left to start practice.
2025-08-25 10:36:00 [main] INFO  demoqaBase - Accessing Check Box...
Check Box
2025-08-25 10:36:00 [main] INFO  demoqaBase - You are accessing: Check Box
2025-08-25 10:36:00 [main] INFO  demoqaBase - Clicking on Home Toggle Button...
2025-08-25 10:36:00 [main] INFO  demoqaBase - Clicking on Documents Toggle Button...
2025-08-25 10:36:00 [main] INFO  demoqaBase - Clicking Office Toggle Button...
2025-08-25 10:36:01 [main] INFO  demoqaBase - Clicked Office Toggle Button...
2025-08-25 10:36:01 [main] INFO  demoqaBase - Selecting Office | General Check Box...
2025-08-25 10:36:01 [main] INFO  demoqaBase - Selected Office | General Check Box...
Information Submitted is: You have selected :
general
2025-08-25 10:36:01 [main] INFO  demoqaBase - You have Selected: You have selected :
general
2025-08-25 10:36:01 [main] INFO  demoqaBase - Test Elements|Home|Documents|Office|Selecting General Check Box Completed...
]]></system-out>
  </testcase>
  <testcase name="SelectOfficeAll" classname="tests.ElementsTests" time="2.869">
    <system-out><![CDATA[2025-08-25 10:36:01 [main] INFO  demoqaBase - Closing the Browser...
2025-08-25 10:36:01 [main] INFO  demoqaBase - Starting Web Browser...
2025-08-25 10:36:03 [main] INFO  demoqaBase - Navigating to demoqa.com Website
2025-08-25 10:36:08 [main] INFO  RetryUrlAccess - Successfully navigated to: https://demoqa.com
2025-08-25 10:36:08 [main] INFO  demoqaBase - Starting Test Elements|Home|Selecting Documents|Office|All Check Boxes Test...
Instance Variables Declared are: nullnull
2025-08-25 10:36:08 [main] INFO  demoqaBase - Accessing Elements Card...
2025-08-25 10:36:09 [main] INFO  RetryUrlAccess - Successfully navigated to: https://demoqa.com
2025-08-25 10:36:09 [main] INFO  demoqaLog - Clicking on Elements Card...
2025-08-25 10:36:09 [main] WARN  demoqaLog - ⚠️ JS click failed, falling back to native click.
2025-08-25 10:36:09 [main] INFO  demoqaLog - Clicked on Elements Card...
Title of this Page is: DEMOQA
You can now Access: Elements
 
Page Text is: Please select an item from left to start practice.
2025-08-25 10:36:10 [main] INFO  demoqaBase - Accessing Check Box...
Check Box
2025-08-25 10:36:10 [main] INFO  demoqaBase - You are accessing: Check Box
2025-08-25 10:36:10 [main] INFO  demoqaBase - Clicking on Home Toggle Button...
2025-08-25 10:36:10 [main] INFO  demoqaBase - Clicking on Documents Toggle Button...
2025-08-25 10:36:10 [main] INFO  demoqaBase - Clicking Office Toggle Button...
2025-08-25 10:36:11 [main] INFO  demoqaBase - Clicked Office Toggle Button...
2025-08-25 10:36:11 [main] INFO  demoqaBase - Selecting Office | Public Check Box...
2025-08-25 10:36:11 [main] INFO  demoqaBase - Selected Office | Public Check Box...
2025-08-25 10:36:11 [main] INFO  demoqaBase - Selecting Office | Private Check Box...
2025-08-25 10:36:11 [main] INFO  demoqaBase - Selected Office | Private Check Box...
2025-08-25 10:36:11 [main] INFO  demoqaBase - Selecting Office | Classified Check Box...
Declared WebDriverWait: org.openqa.selenium.support.ui.WebDriverWait@32ddcca
2025-08-25 10:36:11 [main] INFO  demoqaBase - Selected Office | Classified Check Box...
2025-08-25 10:36:11 [main] INFO  demoqaBase - Selecting Office | General Check Box...
2025-08-25 10:36:11 [main] INFO  demoqaBase - Selected Office | General Check Box...
Information Submitted is: You have selected :
office
public
private
classified
general
2025-08-25 10:36:11 [main] INFO  demoqaBase - You have Selected: You have selected :
office
public
private
classified
general
2025-08-25 10:36:11 [main] INFO  demoqaBase - Test Elements|Home|Documents|Office|Selecting All Check Boxes Completed...
]]></system-out>
  </testcase>
  <testcase name="SelectingDownloads" classname="tests.ElementsTests" time="2.181">
    <system-out><![CDATA[2025-08-25 10:36:11 [main] INFO  demoqaBase - Closing the Browser...
2025-08-25 10:36:11 [main] INFO  demoqaBase - Starting Web Browser...
2025-08-25 10:36:13 [main] INFO  demoqaBase - Navigating to demoqa.com Website
2025-08-25 10:36:18 [main] INFO  RetryUrlAccess - Successfully navigated to: https://demoqa.com
2025-08-25 10:36:18 [main] INFO  demoqaBase - Starting Test Elements|Home|Selecting Downloads Check Box Test...
Instance Variables Declared are: nullnull
2025-08-25 10:36:18 [main] INFO  demoqaBase - Accessing Elements Card...
2025-08-25 10:36:19 [main] INFO  RetryUrlAccess - Successfully navigated to: https://demoqa.com
2025-08-25 10:36:19 [main] INFO  demoqaLog - Clicking on Elements Card...
2025-08-25 10:36:19 [main] WARN  demoqaLog - ⚠️ JS click failed, falling back to native click.
2025-08-25 10:36:19 [main] INFO  demoqaLog - Clicked on Elements Card...
Title of this Page is: DEMOQA
You can now Access: Elements
 
Page Text is: Please select an item from left to start practice.
2025-08-25 10:36:20 [main] INFO  demoqaBase - Accessing Check Box...
Check Box
2025-08-25 10:36:20 [main] INFO  demoqaBase - You are accessing: Check Box
2025-08-25 10:36:20 [main] INFO  demoqaBase - Clicking on Home Toggle Button...
2025-08-25 10:36:20 [main] INFO  demoqaBase - Selecting Downloads Check Box...
2025-08-25 10:36:20 [main] INFO  demoqaBase - Selected Downloads Check Box...
Information Submitted is: You have selected :
downloads
wordFile
excelFile
2025-08-25 10:36:20 [main] INFO  demoqaBase - You have Selected: You have selected :
downloads
wordFile
excelFile
2025-08-25 10:36:20 [main] INFO  demoqaBase - Test Elements|Home|Selecting Downloads Check Box Completed...
]]></system-out>
  </testcase>
  <testcase name="SelectingWordFile" classname="tests.ElementsTests" time="2.181">
    <system-out><![CDATA[2025-08-25 10:36:20 [main] INFO  demoqaBase - Closing the Browser...
2025-08-25 10:36:21 [main] INFO  demoqaBase - Starting Web Browser...
2025-08-25 10:36:22 [main] INFO  demoqaBase - Navigating to demoqa.com Website
2025-08-25 10:36:28 [main] INFO  RetryUrlAccess - Successfully navigated to: https://demoqa.com
2025-08-25 10:36:28 [main] INFO  demoqaBase - Starting Test Elements|Home|Selecting Downloads|Word File Check Box Test...
Instance Variables Declared are: nullnull
2025-08-25 10:36:28 [main] INFO  demoqaBase - Accessing Elements Card...
2025-08-25 10:36:28 [main] INFO  RetryUrlAccess - Successfully navigated to: https://demoqa.com
2025-08-25 10:36:28 [main] INFO  demoqaLog - Clicking on Elements Card...
2025-08-25 10:36:28 [main] WARN  demoqaLog - ⚠️ JS click failed, falling back to native click.
2025-08-25 10:36:29 [main] INFO  demoqaLog - Clicked on Elements Card...
Title of this Page is: DEMOQA
You can now Access: Elements
 
Page Text is: Please select an item from left to start practice.
2025-08-25 10:36:29 [main] INFO  demoqaBase - Accessing Check Box...
Check Box
2025-08-25 10:36:29 [main] INFO  demoqaBase - You are accessing: Check Box
2025-08-25 10:36:29 [main] INFO  demoqaBase - Clicking on Home Toggle Button...
2025-08-25 10:36:29 [main] INFO  demoqaBase - Clicking Downloads Toggle Button...
2025-08-25 10:36:30 [main] INFO  demoqaBase - Clicked Downloads Toggle Button...
2025-08-25 10:36:30 [main] INFO  demoqaBase - Selecting Downloads | Word File Check Box...
2025-08-25 10:36:30 [main] INFO  demoqaBase - Selected Downloads | Word File Check Box...
Information Submitted is: You have selected :
wordFile
2025-08-25 10:36:30 [main] INFO  demoqaBase - You have Selected: You have selected :
wordFile
2025-08-25 10:36:30 [main] INFO  demoqaBase - Test Elements|Home|Selecting Downloads|Word File Check Box Completed...
]]></system-out>
  </testcase>
  <testcase name="SelectingExcelFile" classname="tests.ElementsTests" time="2.432">
    <system-out><![CDATA[2025-08-25 10:36:30 [main] INFO  demoqaBase - Closing the Browser...
2025-08-25 10:36:30 [main] INFO  demoqaBase - Starting Web Browser...
2025-08-25 10:36:32 [main] INFO  demoqaBase - Navigating to demoqa.com Website
2025-08-25 10:36:37 [main] INFO  RetryUrlAccess - Successfully navigated to: https://demoqa.com
2025-08-25 10:36:37 [main] INFO  demoqaBase - Starting Test Elements|Home|Selecting Downloads|Excel File Check Box Test...
Instance Variables Declared are: nullnull
2025-08-25 10:36:37 [main] INFO  demoqaBase - Accessing Elements Card...
2025-08-25 10:36:38 [main] INFO  RetryUrlAccess - Successfully navigated to: https://demoqa.com
2025-08-25 10:36:38 [main] INFO  demoqaLog - Clicking on Elements Card...
2025-08-25 10:36:38 [main] WARN  demoqaLog - ⚠️ JS click failed, falling back to native click.
2025-08-25 10:36:38 [main] INFO  demoqaLog - Clicked on Elements Card...
Title of this Page is: DEMOQA
You can now Access: Elements
 
Page Text is: Please select an item from left to start practice.
2025-08-25 10:36:39 [main] INFO  demoqaBase - Accessing Check Box...
Check Box
2025-08-25 10:36:39 [main] INFO  demoqaBase - You are accessing: Check Box
2025-08-25 10:36:39 [main] INFO  demoqaBase - Clicking on Home Toggle Button...
2025-08-25 10:36:39 [main] INFO  demoqaBase - Clicking Downloads Toggle Button...
2025-08-25 10:36:39 [main] INFO  demoqaBase - Clicked Downloads Toggle Button...
2025-08-25 10:36:39 [main] INFO  demoqaBase - Selecting Downloads | Excel File Check Box...
2025-08-25 10:36:40 [main] INFO  demoqaBase - Selected Downloads | Excel File Check Box...
Information Submitted is: You have selected :
excelFile
2025-08-25 10:36:40 [main] INFO  demoqaBase - You have Selected: You have selected :
excelFile
2025-08-25 10:36:40 [main] INFO  demoqaBase - Test Elements|Home|Selecting Downloads|Excel File Check Box Completed...
]]></system-out>
  </testcase>
  <testcase name="SelectingAllFiles" classname="tests.ElementsTests" time="2.915">
    <system-out><![CDATA[2025-08-25 10:36:40 [main] INFO  demoqaBase - Closing the Browser...
2025-08-25 10:36:40 [main] INFO  demoqaBase - Starting Web Browser...
2025-08-25 10:36:42 [main] INFO  demoqaBase - Navigating to demoqa.com Website
2025-08-25 10:36:47 [main] INFO  RetryUrlAccess - Successfully navigated to: https://demoqa.com
2025-08-25 10:36:47 [main] INFO  demoqaBase - Starting Test Elements|Home|Selecting Downloads|Word & Excel File Check Boxes Test...
Instance Variables Declared are: nullnull
2025-08-25 10:36:47 [main] INFO  demoqaBase - Accessing Elements Card...
2025-08-25 10:36:49 [main] INFO  RetryUrlAccess - Successfully navigated to: https://demoqa.com
2025-08-25 10:36:49 [main] INFO  demoqaLog - Clicking on Elements Card...
2025-08-25 10:36:49 [main] WARN  demoqaLog - ⚠️ JS click failed, falling back to native click.
2025-08-25 10:36:49 [main] INFO  demoqaLog - Clicked on Elements Card...
Title of this Page is: DEMOQA
You can now Access: Elements
 
Page Text is: Please select an item from left to start practice.
2025-08-25 10:36:49 [main] INFO  demoqaBase - Accessing Check Box...
Check Box
2025-08-25 10:36:50 [main] INFO  demoqaBase - You are accessing: Check Box
2025-08-25 10:36:50 [main] INFO  demoqaBase - Clicking on Home Toggle Button...
2025-08-25 10:36:50 [main] INFO  demoqaBase - Clicking Downloads Toggle Button...
2025-08-25 10:36:50 [main] INFO  demoqaBase - Clicked Downloads Toggle Button...
2025-08-25 10:36:50 [main] INFO  demoqaBase - Selecting Downloads | Word File Check Box...
2025-08-25 10:36:50 [main] INFO  demoqaBase - Selected Downloads | Word File Check Box...
2025-08-25 10:36:50 [main] INFO  demoqaBase - Selecting Downloads | Excel File Check Box...
2025-08-25 10:36:50 [main] INFO  demoqaBase - Selected Downloads | Excel File Check Box...
Information Submitted is: You have selected :
downloads
wordFile
excelFile
2025-08-25 10:36:50 [main] INFO  demoqaBase - You have Selected: You have selected :
downloads
wordFile
excelFile
2025-08-25 10:36:50 [main] INFO  demoqaBase - Test Elements|Home|Selecting Downloads|Word & Excel File Check Boxes Completed...
]]></system-out>
  </testcase>
  <testcase name="clickRadioButton" classname="tests.ElementsTests" time="1.372">
    <system-out><![CDATA[2025-08-25 10:36:50 [main] INFO  demoqaBase - Closing the Browser...
2025-08-25 10:36:51 [main] INFO  demoqaBase - Starting Web Browser...
2025-08-25 10:36:52 [main] INFO  demoqaBase - Navigating to demoqa.com Website
2025-08-25 10:36:58 [main] INFO  RetryUrlAccess - Successfully navigated to: https://demoqa.com
2025-08-25 10:36:58 [main] INFO  demoqaBase - Starting Test Elements|Radio Button Test...
Instance Variables Declared are: nullnull
2025-08-25 10:36:58 [main] INFO  demoqaBase - Accessing Elements Card...
2025-08-25 10:36:58 [main] INFO  RetryUrlAccess - Successfully navigated to: https://demoqa.com
2025-08-25 10:36:58 [main] INFO  demoqaLog - Clicking on Elements Card...
2025-08-25 10:36:58 [main] WARN  demoqaLog - ⚠️ JS click failed, falling back to native click.
2025-08-25 10:36:59 [main] INFO  demoqaLog - Clicked on Elements Card...
Title of this Page is: DEMOQA
You can now Access: Elements
 
Page Text is: Please select an item from left to start practice.
2025-08-25 10:36:59 [main] INFO  demoqaBase - Clicking on Radio Button...
2025-08-25 10:36:59 [main] INFO  demoqaBase - Validating Radio Button Click...
Page Title is: Radio Button
2025-08-25 10:36:59 [main] INFO  demoqaBase - Test Elements|Radio Button Completed...
]]></system-out>
  </testcase>
  <testcase name="SelectYesRadioButton" classname="tests.ElementsTests" time="1.681">
    <system-out><![CDATA[2025-08-25 10:36:59 [main] INFO  demoqaBase - Closing the Browser...
2025-08-25 10:36:59 [main] INFO  demoqaBase - Starting Web Browser...
2025-08-25 10:37:01 [main] INFO  demoqaBase - Navigating to demoqa.com Website
2025-08-25 10:37:10 [main] INFO  RetryUrlAccess - Successfully navigated to: https://demoqa.com
2025-08-25 10:37:10 [main] INFO  demoqaBase - Starting Test Elements|Yes Radio Button Test...
Instance Variables Declared are: nullnull
2025-08-25 10:37:10 [main] INFO  demoqaBase - Accessing Elements Card...
2025-08-25 10:37:10 [main] INFO  RetryUrlAccess - Successfully navigated to: https://demoqa.com
2025-08-25 10:37:10 [main] INFO  demoqaLog - Clicking on Elements Card...
2025-08-25 10:37:10 [main] WARN  demoqaLog - ⚠️ JS click failed, falling back to native click.
2025-08-25 10:37:11 [main] INFO  demoqaLog - Clicked on Elements Card...
Title of this Page is: DEMOQA
You can now Access: Elements
 
Page Text is: Please select an item from left to start practice.
2025-08-25 10:37:11 [main] INFO  demoqaBase - Clicking on Radio Button...
2025-08-25 10:37:11 [main] INFO  demoqaBase - Selecting on Yes Radio Button...
Declared WebDriverWait: org.openqa.selenium.support.ui.WebDriverWait@aca2a0b
2025-08-25 10:37:11 [main] INFO  demoqaBase - Validating Radio Selection Test Result...
2025-08-25 10:37:11 [main] INFO  demoqaBase - You have selected: Yes
2025-08-25 10:37:11 [main] INFO  demoqaBase - Test Case of Radio Button Selection PASSED...
2025-08-25 10:37:11 [main] INFO  demoqaBase - Test Elements|Yes Radio Button Completed...
]]></system-out>
  </testcase>
  <testcase name="SelectImpressiveRadioButton" classname="tests.ElementsTests" time="1.656">
    <system-out><![CDATA[2025-08-25 10:37:11 [main] INFO  demoqaBase - Closing the Browser...
2025-08-25 10:37:12 [main] INFO  demoqaBase - Starting Web Browser...
2025-08-25 10:37:13 [main] INFO  demoqaBase - Navigating to demoqa.com Website
2025-08-25 10:37:23 [main] INFO  RetryUrlAccess - Successfully navigated to: https://demoqa.com
2025-08-25 10:37:23 [main] INFO  demoqaBase - Starting Test Elements|Yes Radio Button Test...
Instance Variables Declared are: nullnull
2025-08-25 10:37:23 [main] INFO  demoqaBase - Accessing Elements Card...
2025-08-25 10:37:24 [main] INFO  RetryUrlAccess - Successfully navigated to: https://demoqa.com
2025-08-25 10:37:24 [main] INFO  demoqaLog - Clicking on Elements Card...
2025-08-25 10:37:24 [main] WARN  demoqaLog - ⚠️ JS click failed, falling back to native click.
2025-08-25 10:37:24 [main] INFO  demoqaLog - Clicked on Elements Card...
Title of this Page is: DEMOQA
You can now Access: Elements
 
Page Text is: Please select an item from left to start practice.
2025-08-25 10:37:24 [main] INFO  demoqaBase - Clicking on Radio Button...
2025-08-25 10:37:25 [main] INFO  demoqaBase - Selecting on Impressive Radio Button...
Declared WebDriverWait: org.openqa.selenium.support.ui.WebDriverWait@7747571c
2025-08-25 10:37:25 [main] INFO  demoqaBase - Validating Radio Selection Test Result...
2025-08-25 10:37:25 [main] INFO  demoqaBase - You have selected: Impressive
2025-08-25 10:37:25 [main] INFO  demoqaBase - Test Case of Radio Button Selection PASSED...
2025-08-25 10:37:25 [main] INFO  demoqaBase - Test Elements|Radio Button|Impressive Completed...
]]></system-out>
  </testcase>
  <testcase name="WebTablesClick" classname="tests.ElementsTests" time="1.61">
    <system-out><![CDATA[2025-08-25 10:37:25 [main] INFO  demoqaBase - Closing the Browser...
2025-08-25 10:37:26 [main] INFO  demoqaBase - Starting Web Browser...
2025-08-25 10:37:27 [main] INFO  demoqaBase - Navigating to demoqa.com Website
2025-08-25 10:37:39 [main] INFO  RetryUrlAccess - Successfully navigated to: https://demoqa.com
2025-08-25 10:37:39 [main] INFO  demoqaBase - Starting Test Elements|Web Tables Test...
Instance Variables Declared are: nullnull
2025-08-25 10:37:39 [main] INFO  demoqaBase - Accessing Elements Card...
2025-08-25 10:37:40 [main] INFO  RetryUrlAccess - Successfully navigated to: https://demoqa.com
2025-08-25 10:37:40 [main] INFO  demoqaLog - Clicking on Elements Card...
2025-08-25 10:37:40 [main] WARN  demoqaLog - ⚠️ JS click failed, falling back to native click.
2025-08-25 10:37:40 [main] INFO  demoqaLog - Clicked on Elements Card...
Title of this Page is: DEMOQA
You can now Access: Elements
 
Page Text is: Please select an item from left to start practice.
2025-08-25 10:37:40 [main] INFO  demoqaBase - Click on Elements|Web Tables...
2025-08-25 10:37:41 [main] INFO  demoqaBase - Test Elements|Web Tables Completed...
]]></system-out>
  </testcase>
  <testcase name="webTableNewRegistration[WebTableUser{firstName=&apos;Johny&apos;, lastName=&apos;Bravo&apos;, email=&apos;Jbravo@demoqa.com&apos;, salary=280000, age=340, department=&apos;Information Technology&apos;}](1)" classname="tests.ElementsTests" time="4.28">
    <system-out><![CDATA[2025-08-25 10:37:41 [main] INFO  demoqaBase - Closing the Browser...
2025-08-25 10:37:42 [main] INFO  demoqaBase - Starting Web Browser...
2025-08-25 10:37:43 [main] INFO  demoqaBase - Navigating to demoqa.com Website
2025-08-25 10:37:52 [main] INFO  RetryUrlAccess - Successfully navigated to: https://demoqa.com
2025-08-25 10:37:52 [main] INFO  demoqaBase - Starting Test Elements|Web Tables|Registration Form Create User...
Instance Variables Declared are: nullnull
2025-08-25 10:37:52 [main] INFO  demoqaBase - Accessing Elements Card...
2025-08-25 10:37:53 [main] INFO  RetryUrlAccess - Successfully navigated to: https://demoqa.com
2025-08-25 10:37:53 [main] INFO  demoqaLog - Clicking on Elements Card...
2025-08-25 10:37:53 [main] WARN  demoqaLog - ⚠️ JS click failed, falling back to native click.
2025-08-25 10:37:53 [main] INFO  demoqaLog - Clicked on Elements Card...
Title of this Page is: DEMOQA
You can now Access: Elements
 
Page Text is: Please select an item from left to start practice.
2025-08-25 10:37:54 [main] INFO  demoqaBase - Click on Elements|Web Tables...
2025-08-25 10:37:54 [main] INFO  demoqaBase - Click on Elements|Web Tables|Registration Form...
2025-08-25 10:37:54 [main] ERROR demoqaBase - Registering User: Johny
2025-08-25 10:37:54 [main] INFO  demoqaBase - Click on Elements|Web Tables|Registration Form|FirstName...
2025-08-25 10:37:54 [main] INFO  demoqaBase - First Name entered is: Johny
2025-08-25 10:37:54 [main] INFO  demoqaBase - Click on Elements|Web Tables|Registration Form|LastName...
Last Name is: Bravo
2025-08-25 10:37:55 [main] INFO  demoqaBase - Last Name entered is: Bravo
2025-08-25 10:37:55 [main] INFO  demoqaBase - Click on Elements|Web Tables|Registration Form|Email...
Email ID is: Jbravo@demoqa.com
2025-08-25 10:37:55 [main] INFO  demoqaBase - Email entered is: Jbravo@demoqa.com
2025-08-25 10:37:55 [main] INFO  demoqaBase - Click on Elements|Web Tables|Registration Form|Age...
2025-08-25 10:37:56 [main] INFO  demoqaBase - Age entered is: 34
2025-08-25 10:37:56 [main] INFO  demoqaBase - Click on Elements|Web Tables|Registration Form|Salary...
2025-08-25 10:37:56 [main] INFO  demoqaBase - Salary entered is: 280000
2025-08-25 10:37:56 [main] INFO  demoqaBase - Click on Elements|Web Tables|Registration Form|Department...
2025-08-25 10:37:56 [main] INFO  demoqaBase - Department entered is: Information Technology
2025-08-25 10:37:56 [main] INFO  demoqaBase - Submitting Registration Form...
2025-08-25 10:37:56 [main] INFO  demoqaBase - Registration Form Submitted...
2025-08-25 10:37:56 [main] ERROR demoqaBase - Submitted to register user: Johny
2025-08-25 10:37:57 [main] INFO  demoqaBase - Test Elements|Web Tables|Registration Form Create User Completed...
]]></system-out>
  </testcase>
  <testcase name="webTableNewRegistration[WebTableUser{firstName=&apos;Gene&apos;, lastName=&apos;Femina&apos;, email=&apos;GFemina@demoqa.com&apos;, salary=180000, age=300, department=&apos;Finance&apos;}](2)" classname="tests.ElementsTests" time="4.426">
    <system-out><![CDATA[2025-08-25 10:37:57 [main] INFO  demoqaBase - Closing the Browser...
2025-08-25 10:37:57 [main] INFO  demoqaBase - Starting Web Browser...
2025-08-25 10:37:59 [main] INFO  demoqaBase - Navigating to demoqa.com Website
2025-08-25 10:38:10 [main] INFO  RetryUrlAccess - Successfully navigated to: https://demoqa.com
2025-08-25 10:38:10 [main] INFO  demoqaBase - Starting Test Elements|Web Tables|Registration Form Create User...
Instance Variables Declared are: nullnull
2025-08-25 10:38:10 [main] INFO  demoqaBase - Accessing Elements Card...
2025-08-25 10:38:10 [main] INFO  RetryUrlAccess - Successfully navigated to: https://demoqa.com
2025-08-25 10:38:10 [main] INFO  demoqaLog - Clicking on Elements Card...
2025-08-25 10:38:11 [main] WARN  demoqaLog - ⚠️ JS click failed, falling back to native click.
2025-08-25 10:38:11 [main] INFO  demoqaLog - Clicked on Elements Card...
Title of this Page is: DEMOQA
You can now Access: Elements
 
Page Text is: Please select an item from left to start practice.
2025-08-25 10:38:11 [main] INFO  demoqaBase - Click on Elements|Web Tables...
2025-08-25 10:38:11 [main] INFO  demoqaBase - Click on Elements|Web Tables|Registration Form...
2025-08-25 10:38:12 [main] ERROR demoqaBase - Registering User: Gene
2025-08-25 10:38:12 [main] INFO  demoqaBase - Click on Elements|Web Tables|Registration Form|FirstName...
2025-08-25 10:38:12 [main] INFO  demoqaBase - First Name entered is: Gene
2025-08-25 10:38:12 [main] INFO  demoqaBase - Click on Elements|Web Tables|Registration Form|LastName...
Last Name is: Femina
2025-08-25 10:38:13 [main] INFO  demoqaBase - Last Name entered is: Femina
2025-08-25 10:38:13 [main] INFO  demoqaBase - Click on Elements|Web Tables|Registration Form|Email...
Email ID is: GFemina@demoqa.com
2025-08-25 10:38:13 [main] INFO  demoqaBase - Email entered is: GFemina@demoqa.com
2025-08-25 10:38:13 [main] INFO  demoqaBase - Click on Elements|Web Tables|Registration Form|Age...
2025-08-25 10:38:13 [main] INFO  demoqaBase - Age entered is: 30
2025-08-25 10:38:13 [main] INFO  demoqaBase - Click on Elements|Web Tables|Registration Form|Salary...
2025-08-25 10:38:13 [main] INFO  demoqaBase - Salary entered is: 180000
2025-08-25 10:38:13 [main] INFO  demoqaBase - Click on Elements|Web Tables|Registration Form|Department...
2025-08-25 10:38:14 [main] INFO  demoqaBase - Department entered is: Finance
2025-08-25 10:38:14 [main] INFO  demoqaBase - Submitting Registration Form...
2025-08-25 10:38:14 [main] INFO  demoqaBase - Registration Form Submitted...
2025-08-25 10:38:14 [main] ERROR demoqaBase - Submitted to register user: Gene
2025-08-25 10:38:14 [main] INFO  demoqaBase - Test Elements|Web Tables|Registration Form Create User Completed...
]]></system-out>
  </testcase>
  <testcase name="webTableNewRegistration[WebTableUser{firstName=&apos;Bud&apos;, lastName=&apos;Wisem&apos;, email=&apos;BWisem@demoqa.com&apos;, salary=150000, age=400, department=&apos;Medicine&apos;}](3)" classname="tests.ElementsTests" time="4.268">
    <system-out><![CDATA[2025-08-25 10:38:14 [main] INFO  demoqaBase - Closing the Browser...
2025-08-25 10:38:15 [main] INFO  demoqaBase - Starting Web Browser...
2025-08-25 10:38:16 [main] INFO  demoqaBase - Navigating to demoqa.com Website
2025-08-25 10:38:27 [main] INFO  RetryUrlAccess - Successfully navigated to: https://demoqa.com
2025-08-25 10:38:27 [main] INFO  demoqaBase - Starting Test Elements|Web Tables|Registration Form Create User...
Instance Variables Declared are: nullnull
2025-08-25 10:38:27 [main] INFO  demoqaBase - Accessing Elements Card...
2025-08-25 10:38:28 [main] INFO  RetryUrlAccess - Successfully navigated to: https://demoqa.com
2025-08-25 10:38:28 [main] INFO  demoqaLog - Clicking on Elements Card...
2025-08-25 10:38:28 [main] WARN  demoqaLog - ⚠️ JS click failed, falling back to native click.
2025-08-25 10:38:29 [main] INFO  demoqaLog - Clicked on Elements Card...
Title of this Page is: DEMOQA
You can now Access: Elements
 
Page Text is: Please select an item from left to start practice.
2025-08-25 10:38:29 [main] INFO  demoqaBase - Click on Elements|Web Tables...
2025-08-25 10:38:29 [main] INFO  demoqaBase - Click on Elements|Web Tables|Registration Form...
2025-08-25 10:38:29 [main] ERROR demoqaBase - Registering User: Bud
2025-08-25 10:38:29 [main] INFO  demoqaBase - Click on Elements|Web Tables|Registration Form|FirstName...
2025-08-25 10:38:30 [main] INFO  demoqaBase - First Name entered is: Bud
2025-08-25 10:38:30 [main] INFO  demoqaBase - Click on Elements|Web Tables|Registration Form|LastName...
Last Name is: Wisem
2025-08-25 10:38:30 [main] INFO  demoqaBase - Last Name entered is: Wisem
2025-08-25 10:38:30 [main] INFO  demoqaBase - Click on Elements|Web Tables|Registration Form|Email...
Email ID is: BWisem@demoqa.com
2025-08-25 10:38:30 [main] INFO  demoqaBase - Email entered is: BWisem@demoqa.com
2025-08-25 10:38:30 [main] INFO  demoqaBase - Click on Elements|Web Tables|Registration Form|Age...
2025-08-25 10:38:31 [main] INFO  demoqaBase - Age entered is: 40
2025-08-25 10:38:31 [main] INFO  demoqaBase - Click on Elements|Web Tables|Registration Form|Salary...
2025-08-25 10:38:31 [main] INFO  demoqaBase - Salary entered is: 150000
2025-08-25 10:38:31 [main] INFO  demoqaBase - Click on Elements|Web Tables|Registration Form|Department...
2025-08-25 10:38:31 [main] INFO  demoqaBase - Department entered is: Medicine
2025-08-25 10:38:31 [main] INFO  demoqaBase - Submitting Registration Form...
2025-08-25 10:38:32 [main] INFO  demoqaBase - Registration Form Submitted...
2025-08-25 10:38:32 [main] ERROR demoqaBase - Submitted to register user: Bud
2025-08-25 10:38:32 [main] INFO  demoqaBase - Test Elements|Web Tables|Registration Form Create User Completed...
]]></system-out>
  </testcase>
  <testcase name="webTableNewRegistration[WebTableUser{firstName=&apos;Tom&apos;, lastName=&apos;Boss&apos;, email=&apos;TBoss@demoqa.com&apos;, salary=190000, age=420, department=&apos;Recreation&apos;}](4)" classname="tests.ElementsTests" time="3.78">
    <system-out><![CDATA[2025-08-25 10:38:32 [main] INFO  demoqaBase - Closing the Browser...
2025-08-25 10:38:32 [main] INFO  demoqaBase - Starting Web Browser...
2025-08-25 10:38:34 [main] INFO  demoqaBase - Navigating to demoqa.com Website
2025-08-25 10:38:45 [main] INFO  RetryUrlAccess - Successfully navigated to: https://demoqa.com
2025-08-25 10:38:45 [main] INFO  demoqaBase - Starting Test Elements|Web Tables|Registration Form Create User...
Instance Variables Declared are: nullnull
2025-08-25 10:38:45 [main] INFO  demoqaBase - Accessing Elements Card...
2025-08-25 10:38:45 [main] INFO  RetryUrlAccess - Successfully navigated to: https://demoqa.com
2025-08-25 10:38:45 [main] INFO  demoqaLog - Clicking on Elements Card...
2025-08-25 10:38:46 [main] WARN  demoqaLog - ⚠️ JS click failed, falling back to native click.
2025-08-25 10:38:46 [main] INFO  demoqaLog - Clicked on Elements Card...
Title of this Page is: DEMOQA
You can now Access: Elements
 
Page Text is: Please select an item from left to start practice.
2025-08-25 10:38:46 [main] INFO  demoqaBase - Click on Elements|Web Tables...
2025-08-25 10:38:46 [main] INFO  demoqaBase - Click on Elements|Web Tables|Registration Form...
2025-08-25 10:38:46 [main] ERROR demoqaBase - Registering User: Tom
2025-08-25 10:38:46 [main] INFO  demoqaBase - Click on Elements|Web Tables|Registration Form|FirstName...
2025-08-25 10:38:47 [main] INFO  demoqaBase - First Name entered is: Tom
2025-08-25 10:38:47 [main] INFO  demoqaBase - Click on Elements|Web Tables|Registration Form|LastName...
Last Name is: Boss
2025-08-25 10:38:47 [main] INFO  demoqaBase - Last Name entered is: Boss
2025-08-25 10:38:47 [main] INFO  demoqaBase - Click on Elements|Web Tables|Registration Form|Email...
Email ID is: TBoss@demoqa.com
2025-08-25 10:38:47 [main] INFO  demoqaBase - Email entered is: TBoss@demoqa.com
2025-08-25 10:38:47 [main] INFO  demoqaBase - Click on Elements|Web Tables|Registration Form|Age...
2025-08-25 10:38:48 [main] INFO  demoqaBase - Age entered is: 42
2025-08-25 10:38:48 [main] INFO  demoqaBase - Click on Elements|Web Tables|Registration Form|Salary...
2025-08-25 10:38:48 [main] INFO  demoqaBase - Salary entered is: 190000
2025-08-25 10:38:48 [main] INFO  demoqaBase - Click on Elements|Web Tables|Registration Form|Department...
2025-08-25 10:38:48 [main] INFO  demoqaBase - Department entered is: Recreation
2025-08-25 10:38:48 [main] INFO  demoqaBase - Submitting Registration Form...
2025-08-25 10:38:48 [main] INFO  demoqaBase - Registration Form Submitted...
2025-08-25 10:38:48 [main] ERROR demoqaBase - Submitted to register user: Tom
2025-08-25 10:38:49 [main] INFO  demoqaBase - Test Elements|Web Tables|Registration Form Create User Completed...
]]></system-out>
  </testcase>
  <testcase name="webTableAddSearch[WebTableUser{firstName=&apos;Johny&apos;, lastName=&apos;Bravo&apos;, email=&apos;Jbravo@demoqa.com&apos;, salary=280000, age=340, department=&apos;Information Technology&apos;}](1)" classname="tests.ElementsTests" time="4.316">
    <system-out><![CDATA[2025-08-25 10:38:49 [main] INFO  demoqaBase - Closing the Browser...
2025-08-25 10:38:49 [main] INFO  demoqaBase - Starting Web Browser...
2025-08-25 10:38:51 [main] INFO  demoqaBase - Navigating to demoqa.com Website
2025-08-25 10:38:57 [main] INFO  RetryUrlAccess - Successfully navigated to: https://demoqa.com
2025-08-25 10:38:57 [main] INFO  demoqaBase - Starting Test Registration Form Add & Search...
Instance Variables Declared are: nullnull
2025-08-25 10:38:57 [main] INFO  demoqaBase - Accessing Elements Card...
2025-08-25 10:38:58 [main] INFO  RetryUrlAccess - Successfully navigated to: https://demoqa.com
2025-08-25 10:38:58 [main] INFO  demoqaLog - Clicking on Elements Card...
2025-08-25 10:38:58 [main] WARN  demoqaLog - ⚠️ JS click failed, falling back to native click.
2025-08-25 10:38:58 [main] INFO  demoqaLog - Clicked on Elements Card...
Title of this Page is: DEMOQA
You can now Access: Elements
 
Page Text is: Please select an item from left to start practice.
2025-08-25 10:38:58 [main] INFO  demoqaBase - Click on Elements|Web Tables...
2025-08-25 10:38:59 [main] INFO  demoqaBase - Click on Elements|Web Tables|Registration Form...
2025-08-25 10:38:59 [main] ERROR demoqaBase - Registering User: Johny
2025-08-25 10:38:59 [main] INFO  demoqaBase - Click on Elements|Web Tables|Registration Form|FirstName...
2025-08-25 10:38:59 [main] INFO  demoqaBase - First Name entered is: Johny
2025-08-25 10:38:59 [main] INFO  demoqaBase - Click on Elements|Web Tables|Registration Form|LastName...
Last Name is: Bravo
2025-08-25 10:38:59 [main] INFO  demoqaBase - Last Name entered is: Bravo
2025-08-25 10:38:59 [main] INFO  demoqaBase - Click on Elements|Web Tables|Registration Form|Email...
Email ID is: Jbravo@demoqa.com
2025-08-25 10:39:00 [main] INFO  demoqaBase - Email entered is: Jbravo@demoqa.com
2025-08-25 10:39:00 [main] INFO  demoqaBase - Click on Elements|Web Tables|Registration Form|Age...
2025-08-25 10:39:00 [main] INFO  demoqaBase - Age entered is: 34
2025-08-25 10:39:00 [main] INFO  demoqaBase - Click on Elements|Web Tables|Registration Form|Salary...
2025-08-25 10:39:00 [main] INFO  demoqaBase - Salary entered is: 280000
2025-08-25 10:39:00 [main] INFO  demoqaBase - Click on Elements|Web Tables|Registration Form|Department...
2025-08-25 10:39:01 [main] INFO  demoqaBase - Department entered is: Information Technology
2025-08-25 10:39:01 [main] INFO  demoqaBase - Submitting Registration Form...
2025-08-25 10:39:01 [main] INFO  demoqaBase - Registration Form Submitted...
2025-08-25 10:39:01 [main] ERROR demoqaBase - Submitted to register user: Johny
2025-08-25 10:39:01 [main] INFO  demoqaBase - Searching by First Name...
2025-08-25 10:39:02 [main] INFO  demoqaBase - Test for Registration Form Add & Search Completed...
]]></system-out>
  </testcase>
  <testcase name="webTableAddEditFirstName[WebTableUser{firstName=&apos;Tonny&apos;, lastName=&apos;Bravo&apos;, email=&apos;Jbravo@demoqa.com&apos;, salary=280000, age=340, department=&apos;Information Technology&apos;}](1)" classname="tests.ElementsTests" time="6.117">
    <system-out><![CDATA[2025-08-25 10:39:02 [main] INFO  demoqaBase - Closing the Browser...
2025-08-25 10:39:02 [main] INFO  demoqaBase - Starting Web Browser...
2025-08-25 10:39:03 [main] INFO  demoqaBase - Navigating to demoqa.com Website
2025-08-25 10:39:11 [main] INFO  RetryUrlAccess - Successfully navigated to: https://demoqa.com
2025-08-25 10:39:11 [main] INFO  demoqaBase - Starting Test Registration Form Modify First Name...
Instance Variables Declared are: nullnull
2025-08-25 10:39:11 [main] INFO  demoqaBase - Accessing Elements Card...
2025-08-25 10:39:12 [main] INFO  RetryUrlAccess - Successfully navigated to: https://demoqa.com
2025-08-25 10:39:12 [main] INFO  demoqaLog - Clicking on Elements Card...
2025-08-25 10:39:12 [main] WARN  demoqaLog - ⚠️ JS click failed, falling back to native click.
2025-08-25 10:39:12 [main] INFO  demoqaLog - Clicked on Elements Card...
Title of this Page is: DEMOQA
You can now Access: Elements
 
Page Text is: Please select an item from left to start practice.
2025-08-25 10:39:12 [main] INFO  demoqaBase - Click on Elements|Web Tables...
2025-08-25 10:39:13 [main] INFO  demoqaBase - Click on Elements|Web Tables|Registration Form...
2025-08-25 10:39:13 [main] ERROR demoqaBase - Registering User: Johny
2025-08-25 10:39:13 [main] INFO  demoqaBase - Click on Elements|Web Tables|Registration Form|FirstName...
2025-08-25 10:39:13 [main] INFO  demoqaBase - First Name entered is: Johny
2025-08-25 10:39:13 [main] INFO  demoqaBase - Click on Elements|Web Tables|Registration Form|LastName...
Last Name is: Bravo
2025-08-25 10:39:14 [main] INFO  demoqaBase - Last Name entered is: Bravo
2025-08-25 10:39:14 [main] INFO  demoqaBase - Click on Elements|Web Tables|Registration Form|Email...
Email ID is: Jbravo@demoqa.com
2025-08-25 10:39:14 [main] INFO  demoqaBase - Email entered is: Jbravo@demoqa.com
2025-08-25 10:39:14 [main] INFO  demoqaBase - Click on Elements|Web Tables|Registration Form|Age...
2025-08-25 10:39:14 [main] INFO  demoqaBase - Age entered is: 34
2025-08-25 10:39:14 [main] INFO  demoqaBase - Click on Elements|Web Tables|Registration Form|Salary...
2025-08-25 10:39:15 [main] INFO  demoqaBase - Salary entered is: 280000
2025-08-25 10:39:15 [main] INFO  demoqaBase - Click on Elements|Web Tables|Registration Form|Department...
2025-08-25 10:39:15 [main] INFO  demoqaBase - Department entered is: Information Technology
2025-08-25 10:39:15 [main] INFO  demoqaBase - Submitting Registration Form...
2025-08-25 10:39:15 [main] INFO  demoqaBase - Registration Form Submitted...
2025-08-25 10:39:15 [main] ERROR demoqaBase - Submitted to register user: Johny
2025-08-25 10:39:16 [main] INFO  demoqaBase - Modifying First Name of the user...
2025-08-25 10:39:17 [main] INFO  demoqaBase - Test Registration Form Modify First Name Completed Successfully...
]]></system-out>
  </testcase>
  <testcase name="webTableAddSearchEdit[WebTableUser{firstName=&apos;Tonny&apos;, lastName=&apos;Bravo&apos;, email=&apos;Jbravo@demoqa.com&apos;, salary=280000, age=340, department=&apos;Information Technology&apos;}](1)" classname="tests.ElementsTests" time="6.586">
    <system-out><![CDATA[2025-08-25 10:39:17 [main] INFO  demoqaBase - Closing the Browser...
2025-08-25 10:39:18 [main] INFO  demoqaBase - Starting Web Browser...
2025-08-25 10:39:19 [main] INFO  demoqaBase - Navigating to demoqa.com Website
2025-08-25 10:39:26 [main] INFO  RetryUrlAccess - Successfully navigated to: https://demoqa.com
2025-08-25 10:39:26 [main] INFO  demoqaBase - Starting Test Registration Form Search & Modify First Name...
Instance Variables Declared are: nullnull
2025-08-25 10:39:26 [main] INFO  demoqaBase - Accessing Elements Card...
2025-08-25 10:39:26 [main] INFO  RetryUrlAccess - Successfully navigated to: https://demoqa.com
2025-08-25 10:39:26 [main] INFO  demoqaLog - Clicking on Elements Card...
2025-08-25 10:39:27 [main] WARN  demoqaLog - ⚠️ JS click failed, falling back to native click.
2025-08-25 10:39:27 [main] INFO  demoqaLog - Clicked on Elements Card...
Title of this Page is: DEMOQA
You can now Access: Elements
 
Page Text is: Please select an item from left to start practice.
2025-08-25 10:39:27 [main] INFO  demoqaBase - Click on Elements|Web Tables...
2025-08-25 10:39:27 [main] INFO  demoqaBase - Click on Elements|Web Tables|Registration Form...
2025-08-25 10:39:27 [main] ERROR demoqaBase - Registering User: Johny
2025-08-25 10:39:27 [main] INFO  demoqaBase - Click on Elements|Web Tables|Registration Form|FirstName...
2025-08-25 10:39:27 [main] INFO  demoqaBase - First Name entered is: Johny
2025-08-25 10:39:27 [main] INFO  demoqaBase - Click on Elements|Web Tables|Registration Form|LastName...
Last Name is: Bravo
2025-08-25 10:39:28 [main] INFO  demoqaBase - Last Name entered is: Bravo
2025-08-25 10:39:28 [main] INFO  demoqaBase - Click on Elements|Web Tables|Registration Form|Email...
Email ID is: Jbravo@demoqa.com
2025-08-25 10:39:28 [main] INFO  demoqaBase - Email entered is: Jbravo@demoqa.com
2025-08-25 10:39:28 [main] INFO  demoqaBase - Click on Elements|Web Tables|Registration Form|Age...
2025-08-25 10:39:29 [main] INFO  demoqaBase - Age entered is: 34
2025-08-25 10:39:29 [main] INFO  demoqaBase - Click on Elements|Web Tables|Registration Form|Salary...
2025-08-25 10:39:29 [main] INFO  demoqaBase - Salary entered is: 280000
2025-08-25 10:39:29 [main] INFO  demoqaBase - Click on Elements|Web Tables|Registration Form|Department...
2025-08-25 10:39:29 [main] INFO  demoqaBase - Department entered is: Information Technology
2025-08-25 10:39:29 [main] INFO  demoqaBase - Submitting Registration Form...
2025-08-25 10:39:29 [main] INFO  demoqaBase - Registration Form Submitted...
2025-08-25 10:39:29 [main] ERROR demoqaBase - Submitted to register user: Johny
2025-08-25 10:39:30 [main] INFO  demoqaBase - Modifying First Name of the user...
2025-08-25 10:39:32 [main] INFO  demoqaBase - Updated First Name is: Tonny
2025-08-25 10:39:32 [main] INFO  demoqaBase - Test Registration Form Search & Modify First Name Completed Successfully...
]]></system-out>
  </testcase>
  <testcase name="webTableDeleteUser[WebTableUser{firstName=&apos;Johny&apos;, lastName=&apos;Bravo&apos;, email=&apos;Jbravo@demoqa.com&apos;, salary=280000, age=340, department=&apos;Information Technology&apos;}](1)" classname="tests.ElementsTests" time="5.314">
    <system-out><![CDATA[2025-08-25 10:39:32 [main] INFO  demoqaBase - Closing the Browser...
2025-08-25 10:39:33 [main] INFO  demoqaBase - Starting Web Browser...
2025-08-25 10:39:35 [main] INFO  demoqaBase - Navigating to demoqa.com Website
2025-08-25 10:39:41 [main] INFO  RetryUrlAccess - Successfully navigated to: https://demoqa.com
2025-08-25 10:39:41 [main] INFO  demoqaBase - Starting Test for Deleting User from Web Table...
Instance Variables Declared are: nullnull
2025-08-25 10:39:41 [main] INFO  demoqaBase - Accessing Elements Card...
2025-08-25 10:39:42 [main] INFO  RetryUrlAccess - Successfully navigated to: https://demoqa.com
2025-08-25 10:39:42 [main] INFO  demoqaLog - Clicking on Elements Card...
2025-08-25 10:39:42 [main] WARN  demoqaLog - ⚠️ JS click failed, falling back to native click.
2025-08-25 10:39:43 [main] INFO  demoqaLog - Clicked on Elements Card...
Title of this Page is: DEMOQA
You can now Access: Elements
 
Page Text is: Please select an item from left to start practice.
2025-08-25 10:39:43 [main] INFO  demoqaBase - Click on Elements|Web Tables...
2025-08-25 10:39:43 [main] INFO  demoqaBase - Click on Elements|Web Tables|Registration Form...
2025-08-25 10:39:43 [main] ERROR demoqaBase - Registering User: Johny
2025-08-25 10:39:43 [main] INFO  demoqaBase - Click on Elements|Web Tables|Registration Form|FirstName...
2025-08-25 10:39:44 [main] INFO  demoqaBase - First Name entered is: Johny
2025-08-25 10:39:44 [main] INFO  demoqaBase - Click on Elements|Web Tables|Registration Form|LastName...
Last Name is: Bravo
2025-08-25 10:39:44 [main] INFO  demoqaBase - Last Name entered is: Bravo
2025-08-25 10:39:44 [main] INFO  demoqaBase - Click on Elements|Web Tables|Registration Form|Email...
Email ID is: Jbravo@demoqa.com
2025-08-25 10:39:44 [main] INFO  demoqaBase - Email entered is: Jbravo@demoqa.com
2025-08-25 10:39:44 [main] INFO  demoqaBase - Click on Elements|Web Tables|Registration Form|Age...
2025-08-25 10:39:45 [main] INFO  demoqaBase - Age entered is: 34
2025-08-25 10:39:45 [main] INFO  demoqaBase - Click on Elements|Web Tables|Registration Form|Salary...
2025-08-25 10:39:45 [main] INFO  demoqaBase - Salary entered is: 280000
2025-08-25 10:39:45 [main] INFO  demoqaBase - Click on Elements|Web Tables|Registration Form|Department...
2025-08-25 10:39:45 [main] INFO  demoqaBase - Department entered is: Information Technology
2025-08-25 10:39:45 [main] INFO  demoqaBase - Submitting Registration Form...
2025-08-25 10:39:46 [main] INFO  demoqaBase - Registration Form Submitted...
2025-08-25 10:39:46 [main] ERROR demoqaBase - Submitted to register user: Johny
2025-08-25 10:39:46 [main] INFO  demoqaBase - Deleting User from Webtable: Johny
2025-08-25 10:39:46 [main] INFO  demoqaBase - Test for Deleting User from Web Table Completed Successfully...
]]></system-out>
  </testcase>
  <testcase name="testAddAllUsersFromExcel" classname="tests.ElementsTests" time="13.848">
    <system-out><![CDATA[2025-08-25 10:39:46 [main] INFO  demoqaBase - Closing the Browser...
2025-08-25 10:39:46 [main] INFO  demoqaBase - Starting Web Browser...
2025-08-25 10:39:48 [main] INFO  demoqaBase - Navigating to demoqa.com Website
2025-08-25 10:40:00 [main] INFO  RetryUrlAccess - Successfully navigated to: https://demoqa.com
Instance Variables Declared are: nullnull
2025-08-25 10:40:00 [main] INFO  demoqaBase - Accessing Elements Card...
2025-08-25 10:40:00 [main] INFO  RetryUrlAccess - Successfully navigated to: https://demoqa.com
2025-08-25 10:40:00 [main] INFO  demoqaLog - Clicking on Elements Card...
2025-08-25 10:40:01 [main] WARN  demoqaLog - ⚠️ JS click failed, falling back to native click.
2025-08-25 10:40:01 [main] INFO  demoqaLog - Clicked on Elements Card...
Title of this Page is: DEMOQA
You can now Access: Elements
 
Page Text is: Please select an item from left to start practice.
2025-08-25 10:40:01 [main] INFO  demoqaBase - Click on Elements|Web Tables...
Declared Object: [[Ljava.lang.Object;@570b2d9b
2025-08-25 10:40:01 [main] INFO  demoqaBase - Click on Elements|Web Tables|Registration Form...
2025-08-25 10:40:02 [main] ERROR demoqaBase - Registering User: Johny
2025-08-25 10:40:02 [main] INFO  demoqaBase - Click on Elements|Web Tables|Registration Form|FirstName...
2025-08-25 10:40:02 [main] INFO  demoqaBase - First Name entered is: Johny
2025-08-25 10:40:02 [main] INFO  demoqaBase - Click on Elements|Web Tables|Registration Form|LastName...
Last Name is: Bravo
2025-08-25 10:40:03 [main] INFO  demoqaBase - Last Name entered is: Bravo
2025-08-25 10:40:03 [main] INFO  demoqaBase - Click on Elements|Web Tables|Registration Form|Email...
Email ID is: Jbravo@demoqa.com
2025-08-25 10:40:03 [main] INFO  demoqaBase - Email entered is: Jbravo@demoqa.com
2025-08-25 10:40:03 [main] INFO  demoqaBase - Click on Elements|Web Tables|Registration Form|Age...
2025-08-25 10:40:04 [main] INFO  demoqaBase - Age entered is: 34
2025-08-25 10:40:04 [main] INFO  demoqaBase - Click on Elements|Web Tables|Registration Form|Salary...
2025-08-25 10:40:04 [main] INFO  demoqaBase - Salary entered is: 280000
2025-08-25 10:40:04 [main] INFO  demoqaBase - Click on Elements|Web Tables|Registration Form|Department...
2025-08-25 10:40:05 [main] INFO  demoqaBase - Department entered is: Information Technology
2025-08-25 10:40:05 [main] INFO  demoqaBase - Submitting Registration Form...
2025-08-25 10:40:05 [main] INFO  demoqaBase - Registration Form Submitted...
2025-08-25 10:40:05 [main] ERROR demoqaBase - Submitted to register user: Johny
2025-08-25 10:40:05 [main] INFO  demoqaBase - Click on Elements|Web Tables|Registration Form...
2025-08-25 10:40:05 [main] ERROR demoqaBase - Registering User: Gene
2025-08-25 10:40:05 [main] INFO  demoqaBase - Click on Elements|Web Tables|Registration Form|FirstName...
2025-08-25 10:40:05 [main] INFO  demoqaBase - First Name entered is: Gene
2025-08-25 10:40:05 [main] INFO  demoqaBase - Click on Elements|Web Tables|Registration Form|LastName...
Last Name is: Femina
2025-08-25 10:40:06 [main] INFO  demoqaBase - Last Name entered is: Femina
2025-08-25 10:40:06 [main] INFO  demoqaBase - Click on Elements|Web Tables|Registration Form|Email...
Email ID is: GFemina@demoqa.com
2025-08-25 10:40:06 [main] INFO  demoqaBase - Email entered is: GFemina@demoqa.com
2025-08-25 10:40:06 [main] INFO  demoqaBase - Click on Elements|Web Tables|Registration Form|Age...
2025-08-25 10:40:07 [main] INFO  demoqaBase - Age entered is: 30
2025-08-25 10:40:07 [main] INFO  demoqaBase - Click on Elements|Web Tables|Registration Form|Salary...
2025-08-25 10:40:07 [main] INFO  demoqaBase - Salary entered is: 180000
2025-08-25 10:40:07 [main] INFO  demoqaBase - Click on Elements|Web Tables|Registration Form|Department...
2025-08-25 10:40:08 [main] INFO  demoqaBase - Department entered is: Finance
2025-08-25 10:40:08 [main] INFO  demoqaBase - Submitting Registration Form...
2025-08-25 10:40:08 [main] INFO  demoqaBase - Registration Form Submitted...
2025-08-25 10:40:08 [main] ERROR demoqaBase - Submitted to register user: Gene
2025-08-25 10:40:08 [main] INFO  demoqaBase - Click on Elements|Web Tables|Registration Form...
2025-08-25 10:40:08 [main] ERROR demoqaBase - Registering User: Bud
2025-08-25 10:40:08 [main] INFO  demoqaBase - Click on Elements|Web Tables|Registration Form|FirstName...
2025-08-25 10:40:08 [main] INFO  demoqaBase - First Name entered is: Bud
2025-08-25 10:40:08 [main] INFO  demoqaBase - Click on Elements|Web Tables|Registration Form|LastName...
Last Name is: Wisem
2025-08-25 10:40:09 [main] INFO  demoqaBase - Last Name entered is: Wisem
2025-08-25 10:40:09 [main] INFO  demoqaBase - Click on Elements|Web Tables|Registration Form|Email...
Email ID is: BWisem@demoqa.com
2025-08-25 10:40:09 [main] INFO  demoqaBase - Email entered is: BWisem@demoqa.com
2025-08-25 10:40:09 [main] INFO  demoqaBase - Click on Elements|Web Tables|Registration Form|Age...
2025-08-25 10:40:10 [main] INFO  demoqaBase - Age entered is: 40
2025-08-25 10:40:10 [main] INFO  demoqaBase - Click on Elements|Web Tables|Registration Form|Salary...
2025-08-25 10:40:10 [main] INFO  demoqaBase - Salary entered is: 150000
2025-08-25 10:40:10 [main] INFO  demoqaBase - Click on Elements|Web Tables|Registration Form|Department...
2025-08-25 10:40:10 [main] INFO  demoqaBase - Department entered is: Medicine
2025-08-25 10:40:11 [main] INFO  demoqaBase - Submitting Registration Form...
2025-08-25 10:40:11 [main] INFO  demoqaBase - Registration Form Submitted...
2025-08-25 10:40:11 [main] ERROR demoqaBase - Submitted to register user: Bud
2025-08-25 10:40:11 [main] INFO  demoqaBase - Click on Elements|Web Tables|Registration Form...
2025-08-25 10:40:11 [main] ERROR demoqaBase - Registering User: Tom
2025-08-25 10:40:11 [main] INFO  demoqaBase - Click on Elements|Web Tables|Registration Form|FirstName...
2025-08-25 10:40:11 [main] INFO  demoqaBase - First Name entered is: Tom
2025-08-25 10:40:11 [main] INFO  demoqaBase - Click on Elements|Web Tables|Registration Form|LastName...
Last Name is: Boss
2025-08-25 10:40:11 [main] INFO  demoqaBase - Last Name entered is: Boss
2025-08-25 10:40:11 [main] INFO  demoqaBase - Click on Elements|Web Tables|Registration Form|Email...
Email ID is: TBoss@demoqa.com
2025-08-25 10:40:12 [main] INFO  demoqaBase - Email entered is: TBoss@demoqa.com
2025-08-25 10:40:12 [main] INFO  demoqaBase - Click on Elements|Web Tables|Registration Form|Age...
2025-08-25 10:40:12 [main] INFO  demoqaBase - Age entered is: 42
2025-08-25 10:40:12 [main] INFO  demoqaBase - Click on Elements|Web Tables|Registration Form|Salary...
2025-08-25 10:40:13 [main] INFO  demoqaBase - Salary entered is: 190000
2025-08-25 10:40:13 [main] INFO  demoqaBase - Click on Elements|Web Tables|Registration Form|Department...
2025-08-25 10:40:13 [main] INFO  demoqaBase - Department entered is: Recreation
2025-08-25 10:40:13 [main] INFO  demoqaBase - Submitting Registration Form...
2025-08-25 10:40:13 [main] INFO  demoqaBase - Registration Form Submitted...
2025-08-25 10:40:13 [main] ERROR demoqaBase - Submitted to register user: Tom
2025-08-25 10:40:13 [main] INFO  demoqaBase - Click on Elements|Web Tables|Registration Form...
Initial user count: 10
Final user count: 10
2025-08-25 10:40:14 [main] INFO  demoqaBase - Test for Bulk User Creation in Web Table Completed Successfully...
]]></system-out>
  </testcase>
  <testcase name="testAddAllUsersSearchEdit" classname="tests.ElementsTests" time="13.112">
    <system-out><![CDATA[Path for Screenshot is: C:\ASN\eclipse_workspace\demoqa-automation/screenshots/testAddAllUsersFromExcel Passed+2025-08-25_10-40-14.png
2025-08-25 10:40:14 [main] INFO  demoqaBase - Closing the Browser...
2025-08-25 10:40:14 [main] INFO  demoqaBase - Starting Web Browser...
2025-08-25 10:40:16 [main] INFO  demoqaBase - Navigating to demoqa.com Website
2025-08-25 10:40:39 [main] INFO  RetryUrlAccess - Successfully navigated to: https://demoqa.com
Instance Variables Declared are: nullnull
2025-08-25 10:40:39 [main] INFO  demoqaBase - Accessing Elements Card...
2025-08-25 10:40:41 [main] INFO  RetryUrlAccess - Successfully navigated to: https://demoqa.com
2025-08-25 10:40:41 [main] INFO  demoqaLog - Clicking on Elements Card...
2025-08-25 10:40:42 [main] WARN  demoqaLog - ⚠️ JS click failed, falling back to native click.
2025-08-25 10:40:42 [main] INFO  demoqaLog - Clicked on Elements Card...
Title of this Page is: DEMOQA
You can now Access: Elements
 
Page Text is: Please select an item from left to start practice.
2025-08-25 10:40:42 [main] INFO  demoqaBase - Click on Elements|Web Tables...
2025-08-25 10:40:42 [main] INFO  demoqaBase - Click on Elements|Web Tables|Registration Form...
2025-08-25 10:40:42 [main] ERROR demoqaBase - Registering User: Johny
2025-08-25 10:40:42 [main] INFO  demoqaBase - Click on Elements|Web Tables|Registration Form|FirstName...
2025-08-25 10:40:43 [main] INFO  demoqaBase - First Name entered is: Johny
2025-08-25 10:40:43 [main] INFO  demoqaBase - Click on Elements|Web Tables|Registration Form|LastName...
Last Name is: Bravo
2025-08-25 10:40:43 [main] INFO  demoqaBase - Last Name entered is: Bravo
2025-08-25 10:40:43 [main] INFO  demoqaBase - Click on Elements|Web Tables|Registration Form|Email...
Email ID is: Jbravo@demoqa.com
2025-08-25 10:40:44 [main] INFO  demoqaBase - Email entered is: Jbravo@demoqa.com
2025-08-25 10:40:44 [main] INFO  demoqaBase - Click on Elements|Web Tables|Registration Form|Age...
2025-08-25 10:40:44 [main] INFO  demoqaBase - Age entered is: 34
2025-08-25 10:40:44 [main] INFO  demoqaBase - Click on Elements|Web Tables|Registration Form|Salary...
2025-08-25 10:40:44 [main] INFO  demoqaBase - Salary entered is: 280000
2025-08-25 10:40:44 [main] INFO  demoqaBase - Click on Elements|Web Tables|Registration Form|Department...
2025-08-25 10:40:45 [main] INFO  demoqaBase - Department entered is: Information Technology
2025-08-25 10:40:45 [main] INFO  demoqaBase - Submitting Registration Form...
2025-08-25 10:40:45 [main] INFO  demoqaBase - Registration Form Submitted...
2025-08-25 10:40:45 [main] ERROR demoqaBase - Submitted to register user: Johny
2025-08-25 10:40:45 [main] INFO  demoqaBase - Click on Elements|Web Tables|Registration Form...
2025-08-25 10:40:45 [main] ERROR demoqaBase - Registering User: Gene
2025-08-25 10:40:45 [main] INFO  demoqaBase - Click on Elements|Web Tables|Registration Form|FirstName...
2025-08-25 10:40:45 [main] INFO  demoqaBase - First Name entered is: Gene
2025-08-25 10:40:45 [main] INFO  demoqaBase - Click on Elements|Web Tables|Registration Form|LastName...
Last Name is: Femina
2025-08-25 10:40:46 [main] INFO  demoqaBase - Last Name entered is: Femina
2025-08-25 10:40:46 [main] INFO  demoqaBase - Click on Elements|Web Tables|Registration Form|Email...
Email ID is: GFemina@demoqa.com
2025-08-25 10:40:46 [main] INFO  demoqaBase - Email entered is: GFemina@demoqa.com
2025-08-25 10:40:46 [main] INFO  demoqaBase - Click on Elements|Web Tables|Registration Form|Age...
2025-08-25 10:40:46 [main] INFO  demoqaBase - Age entered is: 30
2025-08-25 10:40:46 [main] INFO  demoqaBase - Click on Elements|Web Tables|Registration Form|Salary...
2025-08-25 10:40:46 [main] INFO  demoqaBase - Salary entered is: 180000
2025-08-25 10:40:46 [main] INFO  demoqaBase - Click on Elements|Web Tables|Registration Form|Department...
2025-08-25 10:40:47 [main] INFO  demoqaBase - Department entered is: Finance
2025-08-25 10:40:47 [main] INFO  demoqaBase - Submitting Registration Form...
2025-08-25 10:40:47 [main] INFO  demoqaBase - Registration Form Submitted...
2025-08-25 10:40:47 [main] ERROR demoqaBase - Submitted to register user: Gene
2025-08-25 10:40:47 [main] INFO  demoqaBase - Click on Elements|Web Tables|Registration Form...
2025-08-25 10:40:47 [main] ERROR demoqaBase - Registering User: Bud
2025-08-25 10:40:47 [main] INFO  demoqaBase - Click on Elements|Web Tables|Registration Form|FirstName...
2025-08-25 10:40:47 [main] INFO  demoqaBase - First Name entered is: Bud
2025-08-25 10:40:47 [main] INFO  demoqaBase - Click on Elements|Web Tables|Registration Form|LastName...
Last Name is: Wisem
2025-08-25 10:40:48 [main] INFO  demoqaBase - Last Name entered is: Wisem
2025-08-25 10:40:48 [main] INFO  demoqaBase - Click on Elements|Web Tables|Registration Form|Email...
Email ID is: BWisem@demoqa.com
2025-08-25 10:40:48 [main] INFO  demoqaBase - Email entered is: BWisem@demoqa.com
2025-08-25 10:40:48 [main] INFO  demoqaBase - Click on Elements|Web Tables|Registration Form|Age...
2025-08-25 10:40:48 [main] INFO  demoqaBase - Age entered is: 40
2025-08-25 10:40:48 [main] INFO  demoqaBase - Click on Elements|Web Tables|Registration Form|Salary...
2025-08-25 10:40:48 [main] INFO  demoqaBase - Salary entered is: 150000
2025-08-25 10:40:48 [main] INFO  demoqaBase - Click on Elements|Web Tables|Registration Form|Department...
2025-08-25 10:40:48 [main] INFO  demoqaBase - Department entered is: Medicine
2025-08-25 10:40:49 [main] INFO  demoqaBase - Submitting Registration Form...
2025-08-25 10:40:49 [main] INFO  demoqaBase - Registration Form Submitted...
2025-08-25 10:40:49 [main] ERROR demoqaBase - Submitted to register user: Bud
2025-08-25 10:40:49 [main] INFO  demoqaBase - Click on Elements|Web Tables|Registration Form...
2025-08-25 10:40:49 [main] ERROR demoqaBase - Registering User: Tom
2025-08-25 10:40:49 [main] INFO  demoqaBase - Click on Elements|Web Tables|Registration Form|FirstName...
2025-08-25 10:40:49 [main] INFO  demoqaBase - First Name entered is: Tom
2025-08-25 10:40:49 [main] INFO  demoqaBase - Click on Elements|Web Tables|Registration Form|LastName...
Last Name is: Boss
2025-08-25 10:40:49 [main] INFO  demoqaBase - Last Name entered is: Boss
2025-08-25 10:40:49 [main] INFO  demoqaBase - Click on Elements|Web Tables|Registration Form|Email...
Email ID is: TBoss@demoqa.com
2025-08-25 10:40:49 [main] INFO  demoqaBase - Email entered is: TBoss@demoqa.com
2025-08-25 10:40:49 [main] INFO  demoqaBase - Click on Elements|Web Tables|Registration Form|Age...
2025-08-25 10:40:50 [main] INFO  demoqaBase - Age entered is: 42
2025-08-25 10:40:50 [main] INFO  demoqaBase - Click on Elements|Web Tables|Registration Form|Salary...
2025-08-25 10:40:50 [main] INFO  demoqaBase - Salary entered is: 190000
2025-08-25 10:40:50 [main] INFO  demoqaBase - Click on Elements|Web Tables|Registration Form|Department...
2025-08-25 10:40:50 [main] INFO  demoqaBase - Department entered is: Recreation
2025-08-25 10:40:50 [main] INFO  demoqaBase - Submitting Registration Form...
2025-08-25 10:40:50 [main] INFO  demoqaBase - Registration Form Submitted...
2025-08-25 10:40:50 [main] ERROR demoqaBase - Submitted to register user: Tom
2025-08-25 10:40:50 [main] INFO  demoqaBase - Click on Elements|Web Tables|Registration Form...
2025-08-25 10:40:51 [main] INFO  demoqaBase - Modifying First Name of the user...
2025-08-25 10:40:52 [main] INFO  demoqaBase - Updated First Name is: Genelia
Initial user count: 10
Final user count: 10
2025-08-25 10:40:52 [main] INFO  demoqaBase - Test for Bulk User Creation and Edit Completed Successfully...
]]></system-out>
  </testcase>
  <testcase name="EditSalaryDepartment" classname="tests.ElementsTests" time="21.316">
    <system-out><![CDATA[2025-08-25 10:40:52 [main] INFO  demoqaBase - Closing the Browser...
2025-08-25 10:40:53 [main] INFO  demoqaBase - Starting Web Browser...
2025-08-25 10:40:55 [main] INFO  demoqaBase - Navigating to demoqa.com Website
2025-08-25 10:41:01 [main] INFO  RetryUrlAccess - Successfully navigated to: https://demoqa.com
Instance Variables Declared are: nullnull
2025-08-25 10:41:01 [main] INFO  demoqaBase - Accessing Elements Card...
2025-08-25 10:41:01 [main] INFO  RetryUrlAccess - Successfully navigated to: https://demoqa.com
2025-08-25 10:41:01 [main] INFO  demoqaLog - Clicking on Elements Card...
2025-08-25 10:41:01 [main] WARN  demoqaLog - ⚠️ JS click failed, falling back to native click.
2025-08-25 10:41:02 [main] INFO  demoqaLog - Clicked on Elements Card...
Title of this Page is: DEMOQA
You can now Access: Elements
 
Page Text is: Please select an item from left to start practice.
2025-08-25 10:41:02 [main] INFO  demoqaBase - Click on Elements|Web Tables...
Total Number of user before adding new ones are: 10
2025-08-25 10:41:02 [main] INFO  demoqaBase - Click on Elements|Web Tables|Registration Form...
2025-08-25 10:41:02 [main] ERROR demoqaBase - Registering User: Johny
2025-08-25 10:41:02 [main] INFO  demoqaBase - Click on Elements|Web Tables|Registration Form|FirstName...
2025-08-25 10:41:03 [main] INFO  demoqaBase - First Name entered is: Johny
2025-08-25 10:41:03 [main] INFO  demoqaBase - Click on Elements|Web Tables|Registration Form|LastName...
Last Name is: Bravo
2025-08-25 10:41:03 [main] INFO  demoqaBase - Last Name entered is: Bravo
2025-08-25 10:41:03 [main] INFO  demoqaBase - Click on Elements|Web Tables|Registration Form|Email...
Email ID is: Jbravo@demoqa.com
2025-08-25 10:41:04 [main] INFO  demoqaBase - Email entered is: Jbravo@demoqa.com
2025-08-25 10:41:04 [main] INFO  demoqaBase - Click on Elements|Web Tables|Registration Form|Age...
2025-08-25 10:41:04 [main] INFO  demoqaBase - Age entered is: 34
2025-08-25 10:41:04 [main] INFO  demoqaBase - Click on Elements|Web Tables|Registration Form|Salary...
2025-08-25 10:41:04 [main] INFO  demoqaBase - Salary entered is: 280000
2025-08-25 10:41:04 [main] INFO  demoqaBase - Click on Elements|Web Tables|Registration Form|Department...
2025-08-25 10:41:05 [main] INFO  demoqaBase - Department entered is: Information Technology
2025-08-25 10:41:05 [main] INFO  demoqaBase - Submitting Registration Form...
2025-08-25 10:41:05 [main] INFO  demoqaBase - Registration Form Submitted...
2025-08-25 10:41:05 [main] ERROR demoqaBase - Submitted to register user: Johny
2025-08-25 10:41:05 [main] INFO  demoqaBase - Click on Elements|Web Tables|Registration Form...
2025-08-25 10:41:05 [main] ERROR demoqaBase - Registering User: Gene
2025-08-25 10:41:05 [main] INFO  demoqaBase - Click on Elements|Web Tables|Registration Form|FirstName...
2025-08-25 10:41:06 [main] INFO  demoqaBase - First Name entered is: Gene
2025-08-25 10:41:06 [main] INFO  demoqaBase - Click on Elements|Web Tables|Registration Form|LastName...
Last Name is: Femina
2025-08-25 10:41:06 [main] INFO  demoqaBase - Last Name entered is: Femina
2025-08-25 10:41:06 [main] INFO  demoqaBase - Click on Elements|Web Tables|Registration Form|Email...
Email ID is: GFemina@demoqa.com
2025-08-25 10:41:07 [main] INFO  demoqaBase - Email entered is: GFemina@demoqa.com
2025-08-25 10:41:07 [main] INFO  demoqaBase - Click on Elements|Web Tables|Registration Form|Age...
2025-08-25 10:41:07 [main] INFO  demoqaBase - Age entered is: 30
2025-08-25 10:41:07 [main] INFO  demoqaBase - Click on Elements|Web Tables|Registration Form|Salary...
2025-08-25 10:41:08 [main] INFO  demoqaBase - Salary entered is: 180000
2025-08-25 10:41:08 [main] INFO  demoqaBase - Click on Elements|Web Tables|Registration Form|Department...
2025-08-25 10:41:08 [main] INFO  demoqaBase - Department entered is: Finance
2025-08-25 10:41:08 [main] INFO  demoqaBase - Submitting Registration Form...
2025-08-25 10:41:08 [main] INFO  demoqaBase - Registration Form Submitted...
2025-08-25 10:41:08 [main] ERROR demoqaBase - Submitted to register user: Gene
2025-08-25 10:41:08 [main] INFO  demoqaBase - Click on Elements|Web Tables|Registration Form...
2025-08-25 10:41:08 [main] ERROR demoqaBase - Registering User: Bud
2025-08-25 10:41:08 [main] INFO  demoqaBase - Click on Elements|Web Tables|Registration Form|FirstName...
2025-08-25 10:41:09 [main] INFO  demoqaBase - First Name entered is: Bud
2025-08-25 10:41:09 [main] INFO  demoqaBase - Click on Elements|Web Tables|Registration Form|LastName...
Last Name is: Wisem
2025-08-25 10:41:09 [main] INFO  demoqaBase - Last Name entered is: Wisem
2025-08-25 10:41:09 [main] INFO  demoqaBase - Click on Elements|Web Tables|Registration Form|Email...
Email ID is: BWisem@demoqa.com
2025-08-25 10:41:09 [main] INFO  demoqaBase - Email entered is: BWisem@demoqa.com
2025-08-25 10:41:09 [main] INFO  demoqaBase - Click on Elements|Web Tables|Registration Form|Age...
2025-08-25 10:41:10 [main] INFO  demoqaBase - Age entered is: 40
2025-08-25 10:41:10 [main] INFO  demoqaBase - Click on Elements|Web Tables|Registration Form|Salary...
2025-08-25 10:41:10 [main] INFO  demoqaBase - Salary entered is: 150000
2025-08-25 10:41:10 [main] INFO  demoqaBase - Click on Elements|Web Tables|Registration Form|Department...
2025-08-25 10:41:10 [main] INFO  demoqaBase - Department entered is: Medicine
2025-08-25 10:41:10 [main] INFO  demoqaBase - Submitting Registration Form...
2025-08-25 10:41:10 [main] INFO  demoqaBase - Registration Form Submitted...
2025-08-25 10:41:10 [main] ERROR demoqaBase - Submitted to register user: Bud
2025-08-25 10:41:10 [main] INFO  demoqaBase - Click on Elements|Web Tables|Registration Form...
2025-08-25 10:41:10 [main] ERROR demoqaBase - Registering User: Tom
2025-08-25 10:41:10 [main] INFO  demoqaBase - Click on Elements|Web Tables|Registration Form|FirstName...
2025-08-25 10:41:11 [main] INFO  demoqaBase - First Name entered is: Tom
2025-08-25 10:41:11 [main] INFO  demoqaBase - Click on Elements|Web Tables|Registration Form|LastName...
Last Name is: Boss
2025-08-25 10:41:11 [main] INFO  demoqaBase - Last Name entered is: Boss
2025-08-25 10:41:11 [main] INFO  demoqaBase - Click on Elements|Web Tables|Registration Form|Email...
Email ID is: TBoss@demoqa.com
2025-08-25 10:41:12 [main] INFO  demoqaBase - Email entered is: TBoss@demoqa.com
2025-08-25 10:41:12 [main] INFO  demoqaBase - Click on Elements|Web Tables|Registration Form|Age...
2025-08-25 10:41:12 [main] INFO  demoqaBase - Age entered is: 42
2025-08-25 10:41:12 [main] INFO  demoqaBase - Click on Elements|Web Tables|Registration Form|Salary...
2025-08-25 10:41:13 [main] INFO  demoqaBase - Salary entered is: 190000
2025-08-25 10:41:13 [main] INFO  demoqaBase - Click on Elements|Web Tables|Registration Form|Department...
2025-08-25 10:41:13 [main] INFO  demoqaBase - Department entered is: Recreation
2025-08-25 10:41:13 [main] INFO  demoqaBase - Submitting Registration Form...
2025-08-25 10:41:13 [main] INFO  demoqaBase - Registration Form Submitted...
2025-08-25 10:41:13 [main] ERROR demoqaBase - Submitted to register user: Tom
2025-08-25 10:41:13 [main] INFO  demoqaBase - Click on Elements|Web Tables|Registration Form...
Current Salary is: 0
2025-08-25 10:41:14 [main] INFO  demoqaBase - Modifying First Name of the user...
2025-08-25 10:41:16 [main] INFO  demoqaBase - Updated First Name is: Tom
2025-08-25 10:41:16 [main] INFO  demoqaBase - Updating Users Salary...
New Salary is: 345000
2025-08-25 10:41:18 [main] INFO  demoqaBase - Updated Salarye is: 345000
2025-08-25 10:41:18 [main] INFO  demoqaBase - Modifying First Name of the user...
2025-08-25 10:41:20 [main] INFO  demoqaBase - Updated First Name is: Tom
2025-08-25 10:41:20 [main] INFO  demoqaBase - Updating Users Department...
New Salary is: Architecture
2025-08-25 10:41:22 [main] INFO  demoqaBase - Updated Salarye is: Architecture
2025-08-25 10:41:22 [main] INFO  demoqaBase - Test for Bulk User Creation and Edit Completed Successfully...
]]></system-out>
  </testcase>
  <testcase name="Buttons" classname="tests.ElementsTests" time="1.654">
    <system-out><![CDATA[2025-08-25 10:41:22 [main] INFO  demoqaBase - Closing the Browser...
2025-08-25 10:41:22 [main] INFO  demoqaBase - Starting Web Browser...
2025-08-25 10:41:24 [main] INFO  demoqaBase - Navigating to demoqa.com Website
2025-08-25 10:41:29 [main] INFO  RetryUrlAccess - Successfully navigated to: https://demoqa.com
Instance Variables Declared are: nullnull
2025-08-25 10:41:29 [main] INFO  demoqaBase - Accessing Elements Card...
2025-08-25 10:41:30 [main] INFO  RetryUrlAccess - Successfully navigated to: https://demoqa.com
2025-08-25 10:41:30 [main] INFO  demoqaLog - Clicking on Elements Card...
2025-08-25 10:41:30 [main] WARN  demoqaLog - ⚠️ JS click failed, falling back to native click.
2025-08-25 10:41:31 [main] INFO  demoqaLog - Clicked on Elements Card...
Title of this Page is: DEMOQA
You can now Access: Elements
 
Page Text is: Please select an item from left to start practice.
2025-08-25 10:41:31 [main] INFO  demoqaBase - Clicking on Elements|Buttons...
2025-08-25 10:41:31 [main] INFO  demoqaBase - Clicked on Elements|Buttons...
2025-08-25 10:41:31 [main] INFO  demoqaBase - Test for Elements|Buttons Click Completed Successfully...
]]></system-out>
  </testcase>
  <testcase name="DoubleClickButtons" classname="tests.ElementsTests" time="2.126">
    <failure message="no such element: Unable to locate element: {&quot;method&quot;:&quot;xpath&quot;,&quot;selector&quot;:&quot;//p[@id=&apos;doubleClickMessage&apos;]&quot;}&#10;  (Session info: chrome=137.0.7151.120)&#10;For documentation on this error, please visit: https://www.selenium.dev/documentation/webdriver/troubleshooting/errors#no-such-element-exception&#10;Build info: version: &apos;4.34.0&apos;, revision: &apos;707dcb4246*&apos;&#10;System info: os.name: &apos;Windows 11&apos;, os.arch: &apos;amd64&apos;, os.version: &apos;10.0&apos;, java.version: &apos;21.0.7&apos;&#10;Driver info: org.openqa.selenium.chrome.ChromeDriver&#10;Command: [a4bf54401222123940b877a1d58b2ba8, findElement {value=//p[@id=&apos;doubleClickMessage&apos;], using=xpath}]&#10;Capabilities {acceptInsecureCerts: false, browserName: chrome, browserVersion: 137.0.7151.120, chrome: {chromedriverVersion: 137.0.7151.119 (e0ac9d12dff..., userDataDir: /tmp/chrome-profile-c5956b7...}, fedcm:accounts: true, goog:chromeOptions: {debuggerAddress: localhost:52151}, networkConnectionEnabled: false, pageLoadStrategy: normal, platformName: windows, proxy: Proxy(), se:cdp: ws://localhost:52151/devtoo..., se:cdpVersion: 137.0.7151.120, setWindowRect: true, strictFileInteractability: false, timeouts: {implicit: 0, pageLoad: 300000, script: 30000}, unhandledPromptBehavior: dismiss and notify, webauthn:extension:credBlob: true, webauthn:extension:largeBlob: true, webauthn:extension:minPinLength: true, webauthn:extension:prf: true, webauthn:virtualAuthenticators: true}&#10;Session ID: a4bf54401222123940b877a1d58b2ba8" type="org.openqa.selenium.NoSuchElementException"><![CDATA[org.openqa.selenium.NoSuchElementException: 
no such element: Unable to locate element: {"method":"xpath","selector":"//p[@id='doubleClickMessage']"}
  (Session info: chrome=137.0.7151.120)
For documentation on this error, please visit: https://www.selenium.dev/documentation/webdriver/troubleshooting/errors#no-such-element-exception
Build info: version: '4.34.0', revision: '707dcb4246*'
System info: os.name: 'Windows 11', os.arch: 'amd64', os.version: '10.0', java.version: '21.0.7'
Driver info: org.openqa.selenium.chrome.ChromeDriver
Command: [a4bf54401222123940b877a1d58b2ba8, findElement {value=//p[@id='doubleClickMessage'], using=xpath}]
Capabilities {acceptInsecureCerts: false, browserName: chrome, browserVersion: 137.0.7151.120, chrome: {chromedriverVersion: 137.0.7151.119 (e0ac9d12dff..., userDataDir: /tmp/chrome-profile-c5956b7...}, fedcm:accounts: true, goog:chromeOptions: {debuggerAddress: localhost:52151}, networkConnectionEnabled: false, pageLoadStrategy: normal, platformName: windows, proxy: Proxy(), se:cdp: ws://localhost:52151/devtoo..., se:cdpVersion: 137.0.7151.120, setWindowRect: true, strictFileInteractability: false, timeouts: {implicit: 0, pageLoad: 300000, script: 30000}, unhandledPromptBehavior: dismiss and notify, webauthn:extension:credBlob: true, webauthn:extension:largeBlob: true, webauthn:extension:minPinLength: true, webauthn:extension:prf: true, webauthn:virtualAuthenticators: true}
Session ID: a4bf54401222123940b877a1d58b2ba8
	at java.base/jdk.internal.reflect.DirectConstructorHandleAccessor.newInstance(DirectConstructorHandleAccessor.java:62)
	at java.base/java.lang.reflect.Constructor.newInstanceWithCaller(Constructor.java:502)
	at java.base/java.lang.reflect.Constructor.newInstance(Constructor.java:486)
	at org.openqa.selenium.remote.ErrorCodec.decode(ErrorCodec.java:167)
	at org.openqa.selenium.remote.codec.w3c.W3CHttpResponseCodec.decode(W3CHttpResponseCodec.java:138)
	at org.openqa.selenium.remote.codec.w3c.W3CHttpResponseCodec.decode(W3CHttpResponseCodec.java:50)
	at org.openqa.selenium.remote.HttpCommandExecutor.execute(HttpCommandExecutor.java:215)
	at org.openqa.selenium.remote.service.DriverCommandExecutor.invokeExecute(DriverCommandExecutor.java:216)
	at org.openqa.selenium.remote.service.DriverCommandExecutor.execute(DriverCommandExecutor.java:174)
	at org.openqa.selenium.remote.RemoteWebDriver.execute(RemoteWebDriver.java:544)
	at org.openqa.selenium.remote.ElementLocation$ElementFinder$2.findElement(ElementLocation.java:165)
	at org.openqa.selenium.remote.ElementLocation.findElement(ElementLocation.java:59)
	at org.openqa.selenium.remote.RemoteWebDriver.findElement(RemoteWebDriver.java:367)
	at org.openqa.selenium.remote.RemoteWebDriver.findElement(RemoteWebDriver.java:361)
	at pages.elementsPage.DoubleClickbtn(elementsPage.java:908)
	at tests.ElementsTests.DoubleClickButtons(ElementsTests.java:770)
	at java.base/jdk.internal.reflect.DirectMethodHandleAccessor.invoke(DirectMethodHandleAccessor.java:103)
	at java.base/java.lang.reflect.Method.invoke(Method.java:580)
	at org.testng.internal.invokers.MethodInvocationHelper.invokeMethod(MethodInvocationHelper.java:141)
	at org.testng.internal.invokers.TestInvoker.invokeMethod(TestInvoker.java:687)
	at org.testng.internal.invokers.TestInvoker.invokeTestMethod(TestInvoker.java:230)
	at org.testng.internal.invokers.MethodRunner.runInSequence(MethodRunner.java:63)
	at org.testng.internal.invokers.TestInvoker$MethodInvocationAgent.invoke(TestInvoker.java:995)
	at org.testng.internal.invokers.TestInvoker.invokeTestMethods(TestInvoker.java:203)
	at org.testng.internal.invokers.TestMethodWorker.invokeTestMethods(TestMethodWorker.java:154)
	at org.testng.internal.invokers.TestMethodWorker.run(TestMethodWorker.java:134)
	at java.base/java.util.ArrayList.forEach(ArrayList.java:1596)
	at org.testng.TestRunner.privateRun(TestRunner.java:741)
	at org.testng.TestRunner.run(TestRunner.java:616)
	at org.testng.SuiteRunner.runTest(SuiteRunner.java:421)
	at org.testng.SuiteRunner.runSequentially(SuiteRunner.java:413)
	at org.testng.SuiteRunner.privateRun(SuiteRunner.java:373)
	at org.testng.SuiteRunner.run(SuiteRunner.java:312)
	at org.testng.SuiteRunnerWorker.runSuite(SuiteRunnerWorker.java:52)
	at org.testng.SuiteRunnerWorker.run(SuiteRunnerWorker.java:95)
	at org.testng.TestNG.runSuitesSequentially(TestNG.java:1274)
	at org.testng.TestNG.runSuitesLocally(TestNG.java:1208)
	at org.testng.TestNG.runSuites(TestNG.java:1112)
	at org.testng.TestNG.run(TestNG.java:1079)
	at org.apache.maven.surefire.testng.TestNGExecutor.run(TestNGExecutor.java:155)
	at org.apache.maven.surefire.testng.TestNGDirectoryTestSuite.executeMulti(TestNGDirectoryTestSuite.java:169)
	at org.apache.maven.surefire.testng.TestNGDirectoryTestSuite.execute(TestNGDirectoryTestSuite.java:88)
	at org.apache.maven.surefire.testng.TestNGProvider.invoke(TestNGProvider.java:137)
	at org.apache.maven.surefire.booter.ForkedBooter.runSuitesInProcess(ForkedBooter.java:385)
	at org.apache.maven.surefire.booter.ForkedBooter.execute(ForkedBooter.java:162)
	at org.apache.maven.surefire.booter.ForkedBooter.run(ForkedBooter.java:507)
	at org.apache.maven.surefire.booter.ForkedBooter.main(ForkedBooter.java:495)
]]></failure>
    <system-out><![CDATA[2025-08-25 10:41:31 [main] INFO  demoqaBase - Closing the Browser...
2025-08-25 10:41:31 [main] INFO  demoqaBase - Starting Web Browser...
2025-08-25 10:41:33 [main] INFO  demoqaBase - Navigating to demoqa.com Website
2025-08-25 10:41:38 [main] INFO  RetryUrlAccess - Successfully navigated to: https://demoqa.com
Instance Variables Declared are: nullnull
2025-08-25 10:41:38 [main] INFO  demoqaBase - Accessing Elements Card...
2025-08-25 10:41:38 [main] INFO  RetryUrlAccess - Successfully navigated to: https://demoqa.com
2025-08-25 10:41:38 [main] INFO  demoqaLog - Clicking on Elements Card...
2025-08-25 10:41:38 [main] WARN  demoqaLog - ⚠️ JS click failed, falling back to native click.
2025-08-25 10:41:39 [main] INFO  demoqaLog - Clicked on Elements Card...
Title of this Page is: DEMOQA
You can now Access: Elements
 
Page Text is: Please select an item from left to start practice.
2025-08-25 10:41:39 [main] INFO  demoqaBase - Clicking on Elements|Buttons...
2025-08-25 10:41:40 [main] INFO  demoqaBase - Clicked on Elements|Buttons...
2025-08-25 10:41:40 [main] INFO  demoqaBase - Clicking on Elements|Buttons|Double Click button...
Declared WebDriverWait: org.openqa.selenium.support.ui.WebDriverWait@2acc5a39
]]></system-out>
  </testcase>
  <testcase name="RightClickButton" classname="tests.ElementsTests" time="1.726">
    <failure message="no such element: Unable to locate element: {&quot;method&quot;:&quot;xpath&quot;,&quot;selector&quot;:&quot;//p[@id=&apos;rightClickMessage&apos;]&quot;}&#10;  (Session info: chrome=137.0.7151.120)&#10;For documentation on this error, please visit: https://www.selenium.dev/documentation/webdriver/troubleshooting/errors#no-such-element-exception&#10;Build info: version: &apos;4.34.0&apos;, revision: &apos;707dcb4246*&apos;&#10;System info: os.name: &apos;Windows 11&apos;, os.arch: &apos;amd64&apos;, os.version: &apos;10.0&apos;, java.version: &apos;21.0.7&apos;&#10;Driver info: org.openqa.selenium.chrome.ChromeDriver&#10;Command: [1766345ce984180c88805fb0b1aecb0e, findElement {value=//p[@id=&apos;rightClickMessage&apos;], using=xpath}]&#10;Capabilities {acceptInsecureCerts: false, browserName: chrome, browserVersion: 137.0.7151.120, chrome: {chromedriverVersion: 137.0.7151.119 (e0ac9d12dff..., userDataDir: /tmp/chrome-profile-6ca253a...}, fedcm:accounts: true, goog:chromeOptions: {debuggerAddress: localhost:52333}, networkConnectionEnabled: false, pageLoadStrategy: normal, platformName: windows, proxy: Proxy(), se:cdp: ws://localhost:52333/devtoo..., se:cdpVersion: 137.0.7151.120, setWindowRect: true, strictFileInteractability: false, timeouts: {implicit: 0, pageLoad: 300000, script: 30000}, unhandledPromptBehavior: dismiss and notify, webauthn:extension:credBlob: true, webauthn:extension:largeBlob: true, webauthn:extension:minPinLength: true, webauthn:extension:prf: true, webauthn:virtualAuthenticators: true}&#10;Session ID: 1766345ce984180c88805fb0b1aecb0e" type="org.openqa.selenium.NoSuchElementException"><![CDATA[org.openqa.selenium.NoSuchElementException: 
no such element: Unable to locate element: {"method":"xpath","selector":"//p[@id='rightClickMessage']"}
  (Session info: chrome=137.0.7151.120)
For documentation on this error, please visit: https://www.selenium.dev/documentation/webdriver/troubleshooting/errors#no-such-element-exception
Build info: version: '4.34.0', revision: '707dcb4246*'
System info: os.name: 'Windows 11', os.arch: 'amd64', os.version: '10.0', java.version: '21.0.7'
Driver info: org.openqa.selenium.chrome.ChromeDriver
Command: [1766345ce984180c88805fb0b1aecb0e, findElement {value=//p[@id='rightClickMessage'], using=xpath}]
Capabilities {acceptInsecureCerts: false, browserName: chrome, browserVersion: 137.0.7151.120, chrome: {chromedriverVersion: 137.0.7151.119 (e0ac9d12dff..., userDataDir: /tmp/chrome-profile-6ca253a...}, fedcm:accounts: true, goog:chromeOptions: {debuggerAddress: localhost:52333}, networkConnectionEnabled: false, pageLoadStrategy: normal, platformName: windows, proxy: Proxy(), se:cdp: ws://localhost:52333/devtoo..., se:cdpVersion: 137.0.7151.120, setWindowRect: true, strictFileInteractability: false, timeouts: {implicit: 0, pageLoad: 300000, script: 30000}, unhandledPromptBehavior: dismiss and notify, webauthn:extension:credBlob: true, webauthn:extension:largeBlob: true, webauthn:extension:minPinLength: true, webauthn:extension:prf: true, webauthn:virtualAuthenticators: true}
Session ID: 1766345ce984180c88805fb0b1aecb0e
	at java.base/jdk.internal.reflect.DirectConstructorHandleAccessor.newInstance(DirectConstructorHandleAccessor.java:62)
	at java.base/java.lang.reflect.Constructor.newInstanceWithCaller(Constructor.java:502)
	at java.base/java.lang.reflect.Constructor.newInstance(Constructor.java:486)
	at org.openqa.selenium.remote.ErrorCodec.decode(ErrorCodec.java:167)
	at org.openqa.selenium.remote.codec.w3c.W3CHttpResponseCodec.decode(W3CHttpResponseCodec.java:138)
	at org.openqa.selenium.remote.codec.w3c.W3CHttpResponseCodec.decode(W3CHttpResponseCodec.java:50)
	at org.openqa.selenium.remote.HttpCommandExecutor.execute(HttpCommandExecutor.java:215)
	at org.openqa.selenium.remote.service.DriverCommandExecutor.invokeExecute(DriverCommandExecutor.java:216)
	at org.openqa.selenium.remote.service.DriverCommandExecutor.execute(DriverCommandExecutor.java:174)
	at org.openqa.selenium.remote.RemoteWebDriver.execute(RemoteWebDriver.java:544)
	at org.openqa.selenium.remote.ElementLocation$ElementFinder$2.findElement(ElementLocation.java:165)
	at org.openqa.selenium.remote.ElementLocation.findElement(ElementLocation.java:59)
	at org.openqa.selenium.remote.RemoteWebDriver.findElement(RemoteWebDriver.java:367)
	at org.openqa.selenium.remote.RemoteWebDriver.findElement(RemoteWebDriver.java:361)
	at pages.elementsPage.RightClickBtn(elementsPage.java:925)
	at tests.ElementsTests.RightClickButton(ElementsTests.java:784)
	at java.base/jdk.internal.reflect.DirectMethodHandleAccessor.invoke(DirectMethodHandleAccessor.java:103)
	at java.base/java.lang.reflect.Method.invoke(Method.java:580)
	at org.testng.internal.invokers.MethodInvocationHelper.invokeMethod(MethodInvocationHelper.java:141)
	at org.testng.internal.invokers.TestInvoker.invokeMethod(TestInvoker.java:687)
	at org.testng.internal.invokers.TestInvoker.invokeTestMethod(TestInvoker.java:230)
	at org.testng.internal.invokers.MethodRunner.runInSequence(MethodRunner.java:63)
	at org.testng.internal.invokers.TestInvoker$MethodInvocationAgent.invoke(TestInvoker.java:995)
	at org.testng.internal.invokers.TestInvoker.invokeTestMethods(TestInvoker.java:203)
	at org.testng.internal.invokers.TestMethodWorker.invokeTestMethods(TestMethodWorker.java:154)
	at org.testng.internal.invokers.TestMethodWorker.run(TestMethodWorker.java:134)
	at java.base/java.util.ArrayList.forEach(ArrayList.java:1596)
	at org.testng.TestRunner.privateRun(TestRunner.java:741)
	at org.testng.TestRunner.run(TestRunner.java:616)
	at org.testng.SuiteRunner.runTest(SuiteRunner.java:421)
	at org.testng.SuiteRunner.runSequentially(SuiteRunner.java:413)
	at org.testng.SuiteRunner.privateRun(SuiteRunner.java:373)
	at org.testng.SuiteRunner.run(SuiteRunner.java:312)
	at org.testng.SuiteRunnerWorker.runSuite(SuiteRunnerWorker.java:52)
	at org.testng.SuiteRunnerWorker.run(SuiteRunnerWorker.java:95)
	at org.testng.TestNG.runSuitesSequentially(TestNG.java:1274)
	at org.testng.TestNG.runSuitesLocally(TestNG.java:1208)
	at org.testng.TestNG.runSuites(TestNG.java:1112)
	at org.testng.TestNG.run(TestNG.java:1079)
	at org.apache.maven.surefire.testng.TestNGExecutor.run(TestNGExecutor.java:155)
	at org.apache.maven.surefire.testng.TestNGDirectoryTestSuite.executeMulti(TestNGDirectoryTestSuite.java:169)
	at org.apache.maven.surefire.testng.TestNGDirectoryTestSuite.execute(TestNGDirectoryTestSuite.java:88)
	at org.apache.maven.surefire.testng.TestNGProvider.invoke(TestNGProvider.java:137)
	at org.apache.maven.surefire.booter.ForkedBooter.runSuitesInProcess(ForkedBooter.java:385)
	at org.apache.maven.surefire.booter.ForkedBooter.execute(ForkedBooter.java:162)
	at org.apache.maven.surefire.booter.ForkedBooter.run(ForkedBooter.java:507)
	at org.apache.maven.surefire.booter.ForkedBooter.main(ForkedBooter.java:495)
]]></failure>
    <system-out><![CDATA[Path for Screenshot is: C:\ASN\eclipse_workspace\demoqa-automation/screenshots/com.aventstack.extentreports.ExtentTest@599df260Test Failed+2025-08-25_10-41-40.png
2025-08-25 10:41:40 [main] INFO  demoqaBase - Closing the Browser...
2025-08-25 10:41:41 [main] INFO  demoqaBase - Starting Web Browser...
2025-08-25 10:41:42 [main] INFO  demoqaBase - Navigating to demoqa.com Website
2025-08-25 10:41:47 [main] INFO  RetryUrlAccess - Successfully navigated to: https://demoqa.com
Instance Variables Declared are: nullnull
2025-08-25 10:41:47 [main] INFO  demoqaBase - Accessing Elements Card...
2025-08-25 10:41:48 [main] INFO  RetryUrlAccess - Successfully navigated to: https://demoqa.com
2025-08-25 10:41:48 [main] INFO  demoqaLog - Clicking on Elements Card...
2025-08-25 10:41:48 [main] WARN  demoqaLog - ⚠️ JS click failed, falling back to native click.
2025-08-25 10:41:49 [main] INFO  demoqaLog - Clicked on Elements Card...
Title of this Page is: DEMOQA
You can now Access: Elements
 
Page Text is: Please select an item from left to start practice.
2025-08-25 10:41:49 [main] INFO  demoqaBase - Clicking on Elements|Buttons...
2025-08-25 10:41:49 [main] INFO  demoqaBase - Clicked on Elements|Buttons...
2025-08-25 10:41:49 [main] INFO  demoqaBase - Clicking on Elements|Buttons|Right Click button...
Wating for Element: [[ChromeDriver: chrome on windows (1766345ce984180c88805fb0b1aecb0e)] -> xpath: //button[@id='rightClickBtn']]
]]></system-out>
  </testcase>
  <testcase name="ClickMeButton" classname="tests.ElementsTests" time="1.703">
    <system-out><![CDATA[Path for Screenshot is: C:\ASN\eclipse_workspace\demoqa-automation/screenshots/com.aventstack.extentreports.ExtentTest@3b8a0e68Test Failed+2025-08-25_10-41-49.png
2025-08-25 10:41:50 [main] INFO  demoqaBase - Closing the Browser...
2025-08-25 10:41:50 [main] INFO  demoqaBase - Starting Web Browser...
2025-08-25 10:41:52 [main] INFO  demoqaBase - Navigating to demoqa.com Website
2025-08-25 10:41:57 [main] INFO  RetryUrlAccess - Successfully navigated to: https://demoqa.com
Instance Variables Declared are: nullnull
2025-08-25 10:41:57 [main] INFO  demoqaBase - Accessing Elements Card...
2025-08-25 10:41:58 [main] INFO  RetryUrlAccess - Successfully navigated to: https://demoqa.com
2025-08-25 10:41:58 [main] INFO  demoqaLog - Clicking on Elements Card...
2025-08-25 10:41:58 [main] WARN  demoqaLog - ⚠️ JS click failed, falling back to native click.
2025-08-25 10:41:58 [main] INFO  demoqaLog - Clicked on Elements Card...
Title of this Page is: DEMOQA
You can now Access: Elements
 
Page Text is: Please select an item from left to start practice.
2025-08-25 10:41:59 [main] INFO  demoqaBase - Clicking on Elements|Buttons...
2025-08-25 10:41:59 [main] INFO  demoqaBase - Clicked on Elements|Buttons...
2025-08-25 10:41:59 [main] INFO  demoqaBase - Clicking on Elements|Buttons|Click Me button...
2025-08-25 10:41:59 [main] INFO  demoqaBase - Clicked on Elements|Buttons|Click Me button...You have done a dynamic click
2025-08-25 10:41:59 [main] INFO  demoqaBase - Test for Elements|Buttons|Click Me Button Completed Successfully...
]]></system-out>
  </testcase>
  <testcase name="ClickAllButtons" classname="tests.ElementsTests" time="11.455">
    <system-out><![CDATA[2025-08-25 10:41:59 [main] INFO  demoqaBase - Closing the Browser...
2025-08-25 10:41:59 [main] INFO  demoqaBase - Starting Web Browser...
2025-08-25 10:42:01 [main] INFO  demoqaBase - Navigating to demoqa.com Website
2025-08-25 10:42:08 [main] INFO  RetryUrlAccess - Successfully navigated to: https://demoqa.com
Instance Variables Declared are: nullnull
2025-08-25 10:42:08 [main] INFO  demoqaBase - Accessing Elements Card...
2025-08-25 10:42:09 [main] INFO  RetryUrlAccess - Successfully navigated to: https://demoqa.com
2025-08-25 10:42:09 [main] INFO  demoqaLog - Clicking on Elements Card...
2025-08-25 10:42:09 [main] WARN  demoqaLog - ⚠️ JS click failed, falling back to native click.
2025-08-25 10:42:09 [main] INFO  demoqaLog - Clicked on Elements Card...
Title of this Page is: DEMOQA
You can now Access: Elements
 
Page Text is: Please select an item from left to start practice.
2025-08-25 10:42:09 [main] INFO  demoqaBase - Clicking on Elements|Buttons...
2025-08-25 10:42:09 [main] INFO  demoqaBase - Clicked on Elements|Buttons...
2025-08-25 10:42:12 [main] INFO  demoqaBase - Clicking on Elements|Buttons|Double Click button...
Declared WebDriverWait: org.openqa.selenium.support.ui.WebDriverWait@37526ddf
You have done a double click
2025-08-25 10:42:13 [main] INFO  demoqaBase - Clicked on Elements|Buttons|Double Click button...You have done a double click
2025-08-25 10:42:16 [main] INFO  demoqaBase - Clicking on Elements|Buttons|Right Click button...
Wating for Element: [[ChromeDriver: chrome on windows (99dd3cc11f1073b4e1ad7ba4940de6ca)] -> xpath: //button[@id='rightClickBtn']]
2025-08-25 10:42:16 [main] INFO  demoqaBase - Clicked on Elements|Buttons|Right Click button...You have done a right click
2025-08-25 10:42:19 [main] INFO  demoqaBase - Clicking on Elements|Buttons|Click Me button...
2025-08-25 10:42:19 [main] INFO  demoqaBase - Clicked on Elements|Buttons|Click Me button...You have done a dynamic click
2025-08-25 10:42:19 [main] INFO  demoqaBase - Test for Elements|Buttons|Click All Buttons Completed Successfully...
]]></system-out>
  </testcase>
  <testcase name="ClickLinks" classname="tests.ElementsTests" time="1.706">
    <system-out><![CDATA[Path for Screenshot is: C:\ASN\eclipse_workspace\demoqa-automation/screenshots/ClickAllButtons Passed+2025-08-25_10-42-19.png
2025-08-25 10:42:20 [main] INFO  demoqaBase - Closing the Browser...
2025-08-25 10:42:20 [main] INFO  demoqaBase - Starting Web Browser...
2025-08-25 10:42:22 [main] INFO  demoqaBase - Navigating to demoqa.com Website
2025-08-25 10:42:27 [main] INFO  RetryUrlAccess - Successfully navigated to: https://demoqa.com
Instance Variables Declared are: nullnull
2025-08-25 10:42:27 [main] INFO  demoqaBase - Accessing Elements Card...
2025-08-25 10:42:27 [main] INFO  RetryUrlAccess - Successfully navigated to: https://demoqa.com
2025-08-25 10:42:27 [main] INFO  demoqaLog - Clicking on Elements Card...
2025-08-25 10:42:28 [main] WARN  demoqaLog - ⚠️ JS click failed, falling back to native click.
2025-08-25 10:42:28 [main] INFO  demoqaLog - Clicked on Elements Card...
Title of this Page is: DEMOQA
You can now Access: Elements
 
Page Text is: Please select an item from left to start practice.
2025-08-25 10:42:28 [main] INFO  demoqaBase - Clicking on Elements|Links|Home Link...
2025-08-25 10:42:28 [main] INFO  demoqaBase - Clicked on Elements|Links|Home Link...
2025-08-25 10:42:28 [main] INFO  demoqaBase - Test for Elements|Links Completed Successfully...
]]></system-out>
  </testcase>
  <testcase name="ClickHomeLink" classname="tests.ElementsTests" time="1.69">
    <system-out><![CDATA[2025-08-25 10:42:28 [main] INFO  demoqaBase - Closing the Browser...
2025-08-25 10:42:29 [main] INFO  demoqaBase - Starting Web Browser...
2025-08-25 10:42:30 [main] INFO  demoqaBase - Navigating to demoqa.com Website
2025-08-25 10:42:54 [main] INFO  RetryUrlAccess - Successfully navigated to: https://demoqa.com
Instance Variables Declared are: nullnull
2025-08-25 10:42:54 [main] INFO  demoqaBase - Accessing Elements Card...
2025-08-25 10:42:54 [main] INFO  RetryUrlAccess - Successfully navigated to: https://demoqa.com
2025-08-25 10:42:54 [main] INFO  demoqaLog - Clicking on Elements Card...
2025-08-25 10:42:54 [main] WARN  demoqaLog - ⚠️ JS click failed, falling back to native click.
2025-08-25 10:42:55 [main] INFO  demoqaLog - Clicked on Elements Card...
Title of this Page is: DEMOQA
You can now Access: Elements
 
Page Text is: Please select an item from left to start practice.
2025-08-25 10:42:55 [main] INFO  demoqaBase - Clicking on Elements|Links|Home Link...
2025-08-25 10:42:55 [main] INFO  demoqaBase - Clicked on Elements|Links|Home Link...
2025-08-25 10:42:55 [main] INFO  demoqaBase - Clicking on Elements|Links|Home Link...
2025-08-25 10:42:55 [main] INFO  demoqaBase - Clicked on Elements|Links|Home Link...
2025-08-25 10:42:55 [main] INFO  demoqaBase - Test for Elements|Links|Home Completed Successfully...
]]></system-out>
  </testcase>
  <testcase name="ClickDynamicHomeLink" classname="tests.ElementsTests" time="2.798">
    <system-out><![CDATA[2025-08-25 10:42:55 [main] INFO  demoqaBase - Closing the Browser...
2025-08-25 10:42:56 [main] INFO  demoqaBase - Starting Web Browser...
2025-08-25 10:42:57 [main] INFO  demoqaBase - Navigating to demoqa.com Website
2025-08-25 10:43:04 [main] INFO  RetryUrlAccess - Successfully navigated to: https://demoqa.com
Instance Variables Declared are: nullnull
2025-08-25 10:43:04 [main] INFO  demoqaBase - Accessing Elements Card...
2025-08-25 10:43:05 [main] INFO  RetryUrlAccess - Successfully navigated to: https://demoqa.com
2025-08-25 10:43:05 [main] INFO  demoqaLog - Clicking on Elements Card...
2025-08-25 10:43:05 [main] WARN  demoqaLog - ⚠️ JS click failed, falling back to native click.
2025-08-25 10:43:06 [main] INFO  demoqaLog - Clicked on Elements Card...
Title of this Page is: DEMOQA
You can now Access: Elements
 
Page Text is: Please select an item from left to start practice.
2025-08-25 10:43:06 [main] INFO  demoqaBase - Clicking on Elements|Links|Home Link...
2025-08-25 10:43:06 [main] INFO  demoqaBase - Clicked on Elements|Links|Home Link...
2025-08-25 10:43:06 [main] INFO  demoqaBase - Clicking on Elements|Links|DynamicHome Link...
2025-08-25 10:43:06 [main] INFO  demoqaBase - Clicked on Elements|Links|DynamicHome Link...
2025-08-25 10:43:06 [main] INFO  demoqaBase - Test for Elements|Links|Dynamic Home Completed Successfully...
]]></system-out>
  </testcase>
  <testcase name="ClickCreatedAPILink" classname="tests.ElementsTests" time="1.857">
    <system-out><![CDATA[2025-08-25 10:43:06 [main] INFO  demoqaBase - Closing the Browser...
2025-08-25 10:43:07 [main] INFO  demoqaBase - Starting Web Browser...
2025-08-25 10:43:08 [main] INFO  demoqaBase - Navigating to demoqa.com Website
2025-08-25 10:43:14 [main] INFO  RetryUrlAccess - Successfully navigated to: https://demoqa.com
Instance Variables Declared are: nullnull
2025-08-25 10:43:14 [main] INFO  demoqaBase - Accessing Elements Card...
2025-08-25 10:43:14 [main] INFO  RetryUrlAccess - Successfully navigated to: https://demoqa.com
2025-08-25 10:43:14 [main] INFO  demoqaLog - Clicking on Elements Card...
2025-08-25 10:43:15 [main] WARN  demoqaLog - ⚠️ JS click failed, falling back to native click.
2025-08-25 10:43:15 [main] INFO  demoqaLog - Clicked on Elements Card...
Title of this Page is: DEMOQA
You can now Access: Elements
 
Page Text is: Please select an item from left to start practice.
2025-08-25 10:43:15 [main] INFO  demoqaBase - Clicking on Elements|Links|Home Link...
2025-08-25 10:43:15 [main] INFO  demoqaBase - Clicked on Elements|Links|Home Link...
2025-08-25 10:43:15 [main] INFO  demoqaBase - Clicking on Elements|Links|Created Link...
2025-08-25 10:43:15 [main] INFO  demoqaBase - Clicked on Elements|Links|Created Link...
2025-08-25 10:43:15 [main] INFO  FetchLinkResponse - Fetching link response...
2025-08-25 10:43:16 [main] INFO  FetchLinkResponse - Response fetched: Created
Created
2025-08-25 10:43:16 [main] INFO  demoqaBase - Clicked on Elements|Links|Created Link response is: Created
2025-08-25 10:43:16 [main] INFO  demoqaBase - Test for Elements|Links|Created Link Completed Successfully...
]]></system-out>
  </testcase>
  <testcase name="ClickNoContentLink" classname="tests.ElementsTests" time="1.935">
    <system-out><![CDATA[2025-08-25 10:43:16 [main] INFO  demoqaBase - Closing the Browser...
2025-08-25 10:43:16 [main] INFO  demoqaBase - Starting Web Browser...
2025-08-25 10:43:17 [main] INFO  demoqaBase - Navigating to demoqa.com Website
2025-08-25 10:43:29 [main] INFO  RetryUrlAccess - Successfully navigated to: https://demoqa.com
Instance Variables Declared are: nullnull
2025-08-25 10:43:29 [main] INFO  demoqaBase - Accessing Elements Card...
2025-08-25 10:43:30 [main] INFO  RetryUrlAccess - Successfully navigated to: https://demoqa.com
2025-08-25 10:43:30 [main] INFO  demoqaLog - Clicking on Elements Card...
2025-08-25 10:43:30 [main] WARN  demoqaLog - ⚠️ JS click failed, falling back to native click.
2025-08-25 10:43:30 [main] INFO  demoqaLog - Clicked on Elements Card...
Title of this Page is: DEMOQA
You can now Access: Elements
 
Page Text is: Please select an item from left to start practice.
2025-08-25 10:43:30 [main] INFO  demoqaBase - Clicking on Elements|Links|Home Link...
2025-08-25 10:43:31 [main] INFO  demoqaBase - Clicked on Elements|Links|Home Link...
2025-08-25 10:43:31 [main] INFO  demoqaBase - Clicking on Elements|Links|No Content Link...
2025-08-25 10:43:31 [main] INFO  demoqaBase - Clicked on Elements|Links|No Content Link...
2025-08-25 10:43:31 [main] INFO  FetchLinkResponse - Fetching link response...
2025-08-25 10:43:31 [main] INFO  FetchLinkResponse - Response fetched: No Content
No Content
2025-08-25 10:43:31 [main] INFO  demoqaBase - Clicked on Elements|Links|No Content Link response is: No Content
2025-08-25 10:43:31 [main] INFO  demoqaBase - Test for Elements|Links|No Content Link Completed Successfully...
]]></system-out>
  </testcase>
  <testcase name="ClickMovedLink" classname="tests.ElementsTests" time="2.316">
    <system-out><![CDATA[2025-08-25 10:43:31 [main] INFO  demoqaBase - Closing the Browser...
2025-08-25 10:43:31 [main] INFO  demoqaBase - Starting Web Browser...
2025-08-25 10:43:33 [main] INFO  demoqaBase - Navigating to demoqa.com Website
2025-08-25 10:43:39 [main] INFO  RetryUrlAccess - Successfully navigated to: https://demoqa.com
Instance Variables Declared are: nullnull
2025-08-25 10:43:39 [main] INFO  demoqaBase - Accessing Elements Card...
2025-08-25 10:43:40 [main] INFO  RetryUrlAccess - Successfully navigated to: https://demoqa.com
2025-08-25 10:43:40 [main] INFO  demoqaLog - Clicking on Elements Card...
2025-08-25 10:43:40 [main] WARN  demoqaLog - ⚠️ JS click failed, falling back to native click.
2025-08-25 10:43:40 [main] INFO  demoqaLog - Clicked on Elements Card...
Title of this Page is: DEMOQA
You can now Access: Elements
 
Page Text is: Please select an item from left to start practice.
2025-08-25 10:43:41 [main] INFO  demoqaBase - Clicking on Elements|Links|Home Link...
2025-08-25 10:43:41 [main] INFO  demoqaBase - Clicked on Elements|Links|Home Link...
2025-08-25 10:43:41 [main] INFO  demoqaBase - Clicking on Elements|Links|Moved Link...
2025-08-25 10:43:41 [main] INFO  demoqaBase - Clicked on Elements|Links|Moved Link...
2025-08-25 10:43:41 [main] INFO  FetchLinkResponse - Fetching link response...
2025-08-25 10:43:41 [main] INFO  FetchLinkResponse - Response fetched: Moved
Moved
2025-08-25 10:43:41 [main] INFO  demoqaBase - Clicked on Elements|Links|Moved Link Link response is: Moved
2025-08-25 10:43:41 [main] INFO  demoqaBase - Test for Elements|Links|Moved Link Completed Successfully...
]]></system-out>
  </testcase>
  <testcase name="ClickBadRequestLink" classname="tests.ElementsTests" time="2.517">
    <system-out><![CDATA[2025-08-25 10:43:41 [main] INFO  demoqaBase - Closing the Browser...
2025-08-25 10:43:42 [main] INFO  demoqaBase - Starting Web Browser...
2025-08-25 10:43:44 [main] INFO  demoqaBase - Navigating to demoqa.com Website
2025-08-25 10:43:49 [main] INFO  RetryUrlAccess - Successfully navigated to: https://demoqa.com
Instance Variables Declared are: nullnull
2025-08-25 10:43:49 [main] INFO  demoqaBase - Accessing Elements Card...
2025-08-25 10:43:50 [main] INFO  RetryUrlAccess - Successfully navigated to: https://demoqa.com
2025-08-25 10:43:50 [main] INFO  demoqaLog - Clicking on Elements Card...
2025-08-25 10:43:50 [main] WARN  demoqaLog - ⚠️ JS click failed, falling back to native click.
2025-08-25 10:43:51 [main] INFO  demoqaLog - Clicked on Elements Card...
Title of this Page is: DEMOQA
You can now Access: Elements
 
Page Text is: Please select an item from left to start practice.
2025-08-25 10:43:51 [main] INFO  demoqaBase - Clicking on Elements|Links|Home Link...
2025-08-25 10:43:51 [main] INFO  demoqaBase - Clicked on Elements|Links|Home Link...
2025-08-25 10:43:51 [main] INFO  demoqaBase - Clicking on Elements|Links|Bad Request Link...
2025-08-25 10:43:52 [main] INFO  demoqaBase - Clicked on Elements|Links|Bad Request Link...
2025-08-25 10:43:52 [main] INFO  FetchLinkResponse - Fetching link response...
2025-08-25 10:43:52 [main] INFO  FetchLinkResponse - Response fetched: Bad Request
Bad Request
2025-08-25 10:43:52 [main] INFO  demoqaBase - Clicked on Elements|Links|Bad Request Link response is: Bad Request
2025-08-25 10:43:52 [main] INFO  demoqaBase - Test for Elements|Links|Bad Request Link Completed Successfully...
]]></system-out>
  </testcase>
  <testcase name="ClickUnauthorizedLink" classname="tests.ElementsTests" time="3.034">
    <system-out><![CDATA[2025-08-25 10:43:52 [main] INFO  demoqaBase - Closing the Browser...
2025-08-25 10:43:52 [main] INFO  demoqaBase - Starting Web Browser...
2025-08-25 10:43:55 [main] INFO  demoqaBase - Navigating to demoqa.com Website
2025-08-25 10:44:01 [main] INFO  RetryUrlAccess - Successfully navigated to: https://demoqa.com
Instance Variables Declared are: nullnull
2025-08-25 10:44:01 [main] INFO  demoqaBase - Accessing Elements Card...
2025-08-25 10:44:02 [main] INFO  RetryUrlAccess - Successfully navigated to: https://demoqa.com
2025-08-25 10:44:02 [main] INFO  demoqaLog - Clicking on Elements Card...
2025-08-25 10:44:02 [main] WARN  demoqaLog - ⚠️ JS click failed, falling back to native click.
2025-08-25 10:44:03 [main] INFO  demoqaLog - Clicked on Elements Card...
Title of this Page is: DEMOQA
You can now Access: Elements
 
Page Text is: Please select an item from left to start practice.
2025-08-25 10:44:03 [main] INFO  demoqaBase - Clicking on Elements|Links|Home Link...
2025-08-25 10:44:04 [main] INFO  demoqaBase - Clicked on Elements|Links|Home Link...
2025-08-25 10:44:04 [main] INFO  demoqaBase - Clicking on Elements|Links|Unauthorized Link...
2025-08-25 10:44:04 [main] INFO  demoqaBase - Clicked on Elements|Links|Unauthorized Link...
2025-08-25 10:44:04 [main] INFO  FetchLinkResponse - Fetching link response...
2025-08-25 10:44:04 [main] INFO  FetchLinkResponse - Response fetched: Unauthorized
Unauthorized
2025-08-25 10:44:04 [main] INFO  demoqaBase - Clicked on Elements|Links|Unauthorized Link response is: Unauthorized
2025-08-25 10:44:04 [main] INFO  demoqaBase - Test for Elements|Links|Unauthorized Link Completed Successfully...
]]></system-out>
  </testcase>
  <testcase name="ClickForbiddenLink" classname="tests.ElementsTests" time="2.595">
    <system-out><![CDATA[2025-08-25 10:44:04 [main] INFO  demoqaBase - Closing the Browser...
2025-08-25 10:44:05 [main] INFO  demoqaBase - Starting Web Browser...
2025-08-25 10:44:07 [main] INFO  demoqaBase - Navigating to demoqa.com Website
2025-08-25 10:44:13 [main] INFO  RetryUrlAccess - Successfully navigated to: https://demoqa.com
Instance Variables Declared are: nullnull
2025-08-25 10:44:13 [main] INFO  demoqaBase - Accessing Elements Card...
2025-08-25 10:44:14 [main] INFO  RetryUrlAccess - Successfully navigated to: https://demoqa.com
2025-08-25 10:44:14 [main] INFO  demoqaLog - Clicking on Elements Card...
2025-08-25 10:44:14 [main] WARN  demoqaLog - ⚠️ JS click failed, falling back to native click.
2025-08-25 10:44:14 [main] INFO  demoqaLog - Clicked on Elements Card...
Title of this Page is: DEMOQA
You can now Access: Elements
 
Page Text is: Please select an item from left to start practice.
2025-08-25 10:44:15 [main] INFO  demoqaBase - Clicking on Elements|Links|Home Link...
2025-08-25 10:44:15 [main] INFO  demoqaBase - Clicked on Elements|Links|Home Link...
2025-08-25 10:44:15 [main] INFO  demoqaBase - Clicking on Elements|Links|Forbidden Link...
2025-08-25 10:44:16 [main] INFO  demoqaBase - Clicked on Elements|Links|Forbidden Link...
2025-08-25 10:44:16 [main] INFO  FetchLinkResponse - Fetching link response...
2025-08-25 10:44:16 [main] INFO  FetchLinkResponse - Response fetched: Forbidden
Forbidden
2025-08-25 10:44:16 [main] INFO  demoqaBase - Clicked on Elements|Links|Forbidden Link response is: Forbidden
2025-08-25 10:44:16 [main] INFO  demoqaBase - Test for Elements|Links|Forbidden Link Completed Successfully...
]]></system-out>
  </testcase>
  <testcase name="ClickNotFoundLink" classname="tests.ElementsTests" time="1.359">
    <system-out><![CDATA[2025-08-25 10:44:16 [main] INFO  demoqaBase - Closing the Browser...
2025-08-25 10:44:16 [main] INFO  demoqaBase - Starting Web Browser...
2025-08-25 10:44:18 [main] INFO  demoqaBase - Navigating to demoqa.com Website
2025-08-25 10:44:42 [main] INFO  RetryUrlAccess - Successfully navigated to: https://demoqa.com
Instance Variables Declared are: nullnull
2025-08-25 10:44:42 [main] INFO  demoqaBase - Accessing Elements Card...
2025-08-25 10:44:42 [main] INFO  RetryUrlAccess - Successfully navigated to: https://demoqa.com
2025-08-25 10:44:42 [main] INFO  demoqaLog - Clicking on Elements Card...
2025-08-25 10:44:42 [main] WARN  demoqaLog - ⚠️ JS click failed, falling back to native click.
2025-08-25 10:44:43 [main] INFO  demoqaLog - Clicked on Elements Card...
Title of this Page is: DEMOQA
You can now Access: Elements
 
Page Text is: Please select an item from left to start practice.
2025-08-25 10:44:43 [main] INFO  demoqaBase - Clicking on Elements|Links|Home Link...
2025-08-25 10:44:43 [main] INFO  demoqaBase - Clicked on Elements|Links|Home Link...
2025-08-25 10:44:43 [main] INFO  demoqaBase - Clicking on Elements|Links|NotFound Link...
2025-08-25 10:44:43 [main] INFO  demoqaBase - Clicked on Elements|Links|NotFound Link...
2025-08-25 10:44:43 [main] INFO  FetchLinkResponse - Fetching link response...
2025-08-25 10:44:43 [main] INFO  FetchLinkResponse - Response fetched: Not Found
Not Found
2025-08-25 10:44:43 [main] INFO  demoqaBase - Clicked on Elements|Links|Not Found Link response is: Not Found
2025-08-25 10:44:43 [main] INFO  demoqaBase - Test for Elements|Links|NotFound Link Completed Successfully...
]]></system-out>
  </testcase>
  <testcase name="ClickAllLinks" classname="tests.ElementsTests" time="26.153">
    <system-out><![CDATA[2025-08-25 10:44:43 [main] INFO  demoqaBase - Closing the Browser...
2025-08-25 10:44:43 [main] INFO  demoqaBase - Starting Web Browser...
2025-08-25 10:44:45 [main] INFO  demoqaBase - Navigating to demoqa.com Website
2025-08-25 10:44:50 [main] INFO  RetryUrlAccess - Successfully navigated to: https://demoqa.com
Instance Variables Declared are: nullnull
2025-08-25 10:44:50 [main] INFO  demoqaBase - Accessing Elements Card...
2025-08-25 10:44:50 [main] INFO  RetryUrlAccess - Successfully navigated to: https://demoqa.com
2025-08-25 10:44:50 [main] INFO  demoqaLog - Clicking on Elements Card...
2025-08-25 10:44:50 [main] WARN  demoqaLog - ⚠️ JS click failed, falling back to native click.
2025-08-25 10:44:50 [main] INFO  demoqaLog - Clicked on Elements Card...
Title of this Page is: DEMOQA
You can now Access: Elements
 
Page Text is: Please select an item from left to start practice.
2025-08-25 10:44:51 [main] INFO  demoqaBase - Clicking on Elements|Links|Home Link...
2025-08-25 10:44:51 [main] INFO  demoqaBase - Clicked on Elements|Links|Home Link...
2025-08-25 10:44:51 [main] INFO  demoqaBase - Clicking on Elements|Links|Home Link...
2025-08-25 10:44:51 [main] INFO  demoqaBase - Clicked on Elements|Links|Home Link...
2025-08-25 10:44:54 [main] INFO  demoqaBase - Clicking on Elements|Links|DynamicHome Link...
2025-08-25 10:44:54 [main] INFO  demoqaBase - Clicked on Elements|Links|DynamicHome Link...
2025-08-25 10:44:57 [main] INFO  demoqaBase - Clicking on Elements|Links|Created Link...
2025-08-25 10:44:57 [main] INFO  demoqaBase - Clicked on Elements|Links|Created Link...
2025-08-25 10:44:57 [main] INFO  FetchLinkResponse - Fetching link response...
2025-08-25 10:44:57 [main] INFO  FetchLinkResponse - Response fetched: Created
Created
2025-08-25 10:44:57 [main] INFO  demoqaBase - Clicked on Elements|Links|Created Link response is: Created
2025-08-25 10:45:00 [main] INFO  demoqaBase - Clicking on Elements|Links|No Content Link...
2025-08-25 10:45:00 [main] INFO  demoqaBase - Clicked on Elements|Links|No Content Link...
2025-08-25 10:45:00 [main] INFO  FetchLinkResponse - Fetching link response...
2025-08-25 10:45:00 [main] INFO  FetchLinkResponse - Response fetched: No Content
No Content
2025-08-25 10:45:00 [main] INFO  demoqaBase - Clicked on Elements|Links|No Content Link response is: No Content
2025-08-25 10:45:03 [main] INFO  demoqaBase - Clicking on Elements|Links|Moved Link...
2025-08-25 10:45:03 [main] INFO  demoqaBase - Clicked on Elements|Links|Moved Link...
2025-08-25 10:45:03 [main] INFO  FetchLinkResponse - Fetching link response...
2025-08-25 10:45:03 [main] INFO  FetchLinkResponse - Response fetched: Moved
Moved
2025-08-25 10:45:03 [main] INFO  demoqaBase - Clicked on Elements|Links|Moved Link Link response is: Moved
2025-08-25 10:45:06 [main] INFO  demoqaBase - Clicking on Elements|Links|Bad Request Link...
2025-08-25 10:45:06 [main] INFO  demoqaBase - Clicked on Elements|Links|Bad Request Link...
2025-08-25 10:45:06 [main] INFO  FetchLinkResponse - Fetching link response...
2025-08-25 10:45:06 [main] INFO  FetchLinkResponse - Response fetched: Bad Request
Bad Request
2025-08-25 10:45:06 [main] INFO  demoqaBase - Clicked on Elements|Links|Bad Request Link response is: Bad Request
2025-08-25 10:45:09 [main] INFO  demoqaBase - Clicking on Elements|Links|Unauthorized Link...
2025-08-25 10:45:10 [main] INFO  demoqaBase - Clicked on Elements|Links|Unauthorized Link...
2025-08-25 10:45:10 [main] INFO  FetchLinkResponse - Fetching link response...
2025-08-25 10:45:10 [main] INFO  FetchLinkResponse - Response fetched: Unauthorized
Unauthorized
2025-08-25 10:45:10 [main] INFO  demoqaBase - Clicked on Elements|Links|Unauthorized Link response is: Unauthorized
2025-08-25 10:45:13 [main] INFO  demoqaBase - Clicking on Elements|Links|Forbidden Link...
2025-08-25 10:45:13 [main] INFO  demoqaBase - Clicked on Elements|Links|Forbidden Link...
2025-08-25 10:45:13 [main] INFO  FetchLinkResponse - Fetching link response...
2025-08-25 10:45:13 [main] INFO  FetchLinkResponse - Response fetched: Forbidden
Forbidden
2025-08-25 10:45:13 [main] INFO  demoqaBase - Clicked on Elements|Links|Forbidden Link response is: Forbidden
2025-08-25 10:45:16 [main] INFO  demoqaBase - Clicking on Elements|Links|NotFound Link...
2025-08-25 10:45:16 [main] INFO  demoqaBase - Clicked on Elements|Links|NotFound Link...
2025-08-25 10:45:16 [main] INFO  FetchLinkResponse - Fetching link response...
2025-08-25 10:45:16 [main] INFO  FetchLinkResponse - Response fetched: Not Found
Not Found
2025-08-25 10:45:16 [main] INFO  demoqaBase - Clicked on Elements|Links|Not Found Link response is: Not Found
2025-08-25 10:45:16 [main] INFO  demoqaBase - Test for Elements|Links|All Links in One GO Completed Successfully...
]]></system-out>
  </testcase>
  <testcase name="ClickBrokenLinksImages" classname="tests.ElementsTests" time="1.075">
    <system-out><![CDATA[2025-08-25 10:45:16 [main] INFO  demoqaBase - Closing the Browser...
2025-08-25 10:45:16 [main] INFO  demoqaBase - Starting Web Browser...
2025-08-25 10:45:17 [main] INFO  demoqaBase - Navigating to demoqa.com Website
2025-08-25 10:45:22 [main] INFO  RetryUrlAccess - Successfully navigated to: https://demoqa.com
Instance Variables Declared are: nullnull
2025-08-25 10:45:22 [main] INFO  demoqaBase - Accessing Elements Card...
2025-08-25 10:45:23 [main] INFO  RetryUrlAccess - Successfully navigated to: https://demoqa.com
2025-08-25 10:45:23 [main] INFO  demoqaLog - Clicking on Elements Card...
2025-08-25 10:45:23 [main] WARN  demoqaLog - ⚠️ JS click failed, falling back to native click.
2025-08-25 10:45:23 [main] INFO  demoqaLog - Clicked on Elements Card...
Title of this Page is: DEMOQA
You can now Access: Elements
 
Page Text is: Please select an item from left to start practice.
2025-08-25 10:45:23 [main] INFO  demoqaBase - Clicking on Elements|Broken Links - Images...
2025-08-25 10:45:23 [main] INFO  demoqaBase - Clicked on Elements|Broken Links - Images...
Page Title is: Broken Links - Images
2025-08-25 10:45:24 [main] INFO  demoqaBase - Test for Elements|Broken Links - Images Completed Successfully...
]]></system-out>
  </testcase>
  <testcase name="GetValidImage" classname="tests.ElementsTests" time="1.307">
    <system-out><![CDATA[2025-08-25 10:45:24 [main] INFO  demoqaBase - Closing the Browser...
2025-08-25 10:45:24 [main] INFO  demoqaBase - Starting Web Browser...
2025-08-25 10:45:25 [main] INFO  demoqaBase - Navigating to demoqa.com Website
2025-08-25 10:45:30 [main] INFO  RetryUrlAccess - Successfully navigated to: https://demoqa.com
Instance Variables Declared are: nullnull
2025-08-25 10:45:30 [main] INFO  demoqaBase - Accessing Elements Card...
2025-08-25 10:45:31 [main] INFO  RetryUrlAccess - Successfully navigated to: https://demoqa.com
2025-08-25 10:45:31 [main] INFO  demoqaLog - Clicking on Elements Card...
2025-08-25 10:45:31 [main] WARN  demoqaLog - ⚠️ JS click failed, falling back to native click.
2025-08-25 10:45:31 [main] INFO  demoqaLog - Clicked on Elements Card...
Title of this Page is: DEMOQA
You can now Access: Elements
 
Page Text is: Please select an item from left to start practice.
2025-08-25 10:45:31 [main] INFO  demoqaBase - Clicking on Elements|Broken Links - Images...
2025-08-25 10:45:31 [main] INFO  demoqaBase - Clicked on Elements|Broken Links - Images...
Page Title is: Broken Links - Images
2025-08-25 10:45:31 [main] INFO  demoqaBase - Checking for Elements|Broken Links|Valid Image...
Found WebElement of: Valid image
2025-08-25 10:45:31 [main] INFO  demoqaBase - Checked Elements|Broken Links|Valid Image Valid image
2025-08-25 10:45:31 [main] INFO  demoqaBase - Test for Elements|Broken Links - Images|Valid Image Completed Successfully...
]]></system-out>
  </testcase>
  <testcase name="GetBrokenImage" classname="tests.ElementsTests" time="1.157">
    <system-out><![CDATA[2025-08-25 10:45:31 [main] INFO  demoqaBase - Closing the Browser...
2025-08-25 10:45:32 [main] INFO  demoqaBase - Starting Web Browser...
2025-08-25 10:45:33 [main] INFO  demoqaBase - Navigating to demoqa.com Website
2025-08-25 10:45:40 [main] INFO  RetryUrlAccess - Successfully navigated to: https://demoqa.com
Instance Variables Declared are: nullnull
2025-08-25 10:45:40 [main] INFO  demoqaBase - Accessing Elements Card...
2025-08-25 10:45:40 [main] INFO  RetryUrlAccess - Successfully navigated to: https://demoqa.com
2025-08-25 10:45:40 [main] INFO  demoqaLog - Clicking on Elements Card...
2025-08-25 10:45:40 [main] WARN  demoqaLog - ⚠️ JS click failed, falling back to native click.
2025-08-25 10:45:40 [main] INFO  demoqaLog - Clicked on Elements Card...
Title of this Page is: DEMOQA
You can now Access: Elements
 
Page Text is: Please select an item from left to start practice.
2025-08-25 10:45:40 [main] INFO  demoqaBase - Clicking on Elements|Broken Links - Images...
2025-08-25 10:45:41 [main] INFO  demoqaBase - Clicked on Elements|Broken Links - Images...
Page Title is: Broken Links - Images
2025-08-25 10:45:41 [main] INFO  demoqaBase - Checking for Elements|Broken Links|Valid Image...
Found WebElement of: Broken image
2025-08-25 10:45:41 [main] INFO  demoqaBase - Checked Elements|Broken Links|Broken Image Broken image
2025-08-25 10:45:41 [main] INFO  demoqaBase - Test for Elements|Broken Links - Images|Broken Image Completed Successfully...
]]></system-out>
  </testcase>
  <testcase name="BrokenLinksBrokenlink" classname="tests.ElementsTests" time="5.098">
    <system-out><![CDATA[2025-08-25 10:45:41 [main] INFO  demoqaBase - Closing the Browser...
2025-08-25 10:45:41 [main] INFO  demoqaBase - Starting Web Browser...
2025-08-25 10:45:42 [main] INFO  demoqaBase - Navigating to demoqa.com Website
2025-08-25 10:45:47 [main] INFO  RetryUrlAccess - Successfully navigated to: https://demoqa.com
Instance Variables Declared are: nullnull
2025-08-25 10:45:47 [main] INFO  demoqaBase - Accessing Elements Card...
2025-08-25 10:45:48 [main] INFO  RetryUrlAccess - Successfully navigated to: https://demoqa.com
2025-08-25 10:45:48 [main] INFO  demoqaLog - Clicking on Elements Card...
2025-08-25 10:45:48 [main] WARN  demoqaLog - ⚠️ JS click failed, falling back to native click.
2025-08-25 10:45:48 [main] INFO  demoqaLog - Clicked on Elements Card...
Title of this Page is: DEMOQA
You can now Access: Elements
 
Page Text is: Please select an item from left to start practice.
2025-08-25 10:45:48 [main] INFO  demoqaBase - Clicking on Elements|Broken Links - Images...
2025-08-25 10:45:49 [main] INFO  demoqaBase - Clicked on Elements|Broken Links - Images...
Page Title is: Broken Links - Images
2025-08-25 10:45:49 [main] INFO  demoqaBase - Checking for Elements|Broken Links|Broken Link...
2025-08-25 10:45:52 [main] INFO  demoqaBase - Clicked on Elements|Broken Links - Images|Broken Link...
Broken Link Response is: This page returned a 500 status code.

For a definition and common list of HTTP status codes, go here
2025-08-25 10:45:52 [main] INFO  demoqaBase - Broken Link Response is: This page returned a 500 status code.

For a definition and common list of HTTP status codes, go here
2025-08-25 10:45:52 [main] INFO  demoqaBase - Test for Elements|Broken Links - Images|Broken Link Completed Successfully...
]]></system-out>
  </testcase>
  <testcase name="BrokenLinksValidlink" classname="tests.ElementsTests" time="1.901">
    <system-out><![CDATA[2025-08-25 10:45:52 [main] INFO  demoqaBase - Closing the Browser...
2025-08-25 10:45:53 [main] INFO  demoqaBase - Starting Web Browser...
2025-08-25 10:45:54 [main] INFO  demoqaBase - Navigating to demoqa.com Website
2025-08-25 10:45:59 [main] INFO  RetryUrlAccess - Successfully navigated to: https://demoqa.com
Instance Variables Declared are: nullnull
2025-08-25 10:45:59 [main] INFO  demoqaBase - Accessing Elements Card...
2025-08-25 10:46:00 [main] INFO  RetryUrlAccess - Successfully navigated to: https://demoqa.com
2025-08-25 10:46:00 [main] INFO  demoqaLog - Clicking on Elements Card...
2025-08-25 10:46:00 [main] WARN  demoqaLog - ⚠️ JS click failed, falling back to native click.
2025-08-25 10:46:00 [main] INFO  demoqaLog - Clicked on Elements Card...
Title of this Page is: DEMOQA
You can now Access: Elements
 
Page Text is: Please select an item from left to start practice.
2025-08-25 10:46:00 [main] INFO  demoqaBase - Clicking on Elements|Broken Links - Images...
2025-08-25 10:46:00 [main] INFO  demoqaBase - Clicked on Elements|Broken Links - Images...
Page Title is: Broken Links - Images
2025-08-25 10:46:00 [main] INFO  demoqaBase - Checking for Elements|Broken Links|Valid Link...
2025-08-25 10:46:01 [main] INFO  demoqaBase - Clicked on Elements|Broken Links - Images|Valid Link...
Logo of Valid Link Clicked https://demoqa.com/images/Toolsqa.jpg
2025-08-25 10:46:01 [main] INFO  demoqaBase - Logo source: https://demoqa.com/images/Toolsqa.jpg
2025-08-25 10:46:01 [main] INFO  demoqaBase - Test for Elements|Broken Links - Images|Valid Link Completed Successfully...
]]></system-out>
  </testcase>
  <testcase name="UploadDownloadlink" classname="tests.ElementsTests" time="1.93">
    <system-out><![CDATA[2025-08-25 10:46:01 [main] INFO  demoqaBase - Closing the Browser...
2025-08-25 10:46:01 [main] INFO  demoqaBase - Starting Web Browser...
2025-08-25 10:46:02 [main] INFO  demoqaBase - Navigating to demoqa.com Website
2025-08-25 10:46:08 [main] INFO  RetryUrlAccess - Successfully navigated to: https://demoqa.com
Instance Variables Declared are: nullnull
2025-08-25 10:46:08 [main] INFO  demoqaBase - Accessing Elements Card...
2025-08-25 10:46:10 [main] INFO  RetryUrlAccess - Successfully navigated to: https://demoqa.com
2025-08-25 10:46:10 [main] INFO  demoqaLog - Clicking on Elements Card...
2025-08-25 10:46:10 [main] WARN  demoqaLog - ⚠️ JS click failed, falling back to native click.
2025-08-25 10:46:10 [main] INFO  demoqaLog - Clicked on Elements Card...
Title of this Page is: DEMOQA
You can now Access: Elements
 
Page Text is: Please select an item from left to start practice.
2025-08-25 10:46:10 [main] INFO  demoqaBase - Checking for Elements|Upload and Download|Download Button...
2025-08-25 10:46:10 [main] INFO  demoqaBase - Clicked on Elements|Upload and Download...
2025-08-25 10:46:10 [main] INFO  demoqaBase - Test for Elements|Upload and Download Link Completed Successfully...
]]></system-out>
  </testcase>
  <testcase name="Downloadbtn" classname="tests.ElementsTests" time="1.998">
    <failure message="File was not downloaded successfully. expected [true] but found [false]" type="java.lang.AssertionError"><![CDATA[java.lang.AssertionError: File was not downloaded successfully. expected [true] but found [false]
	at org.testng.Assert.fail(Assert.java:111)
	at org.testng.Assert.failNotEquals(Assert.java:1590)
	at org.testng.Assert.assertTrue(Assert.java:57)
	at pages.elementsPage.DownloadFile(elementsPage.java:1198)
	at tests.ElementsTests.Downloadbtn(ElementsTests.java:1120)
	at java.base/jdk.internal.reflect.DirectMethodHandleAccessor.invoke(DirectMethodHandleAccessor.java:103)
	at java.base/java.lang.reflect.Method.invoke(Method.java:580)
	at org.testng.internal.invokers.MethodInvocationHelper.invokeMethod(MethodInvocationHelper.java:141)
	at org.testng.internal.invokers.TestInvoker.invokeMethod(TestInvoker.java:687)
	at org.testng.internal.invokers.TestInvoker.invokeTestMethod(TestInvoker.java:230)
	at org.testng.internal.invokers.MethodRunner.runInSequence(MethodRunner.java:63)
	at org.testng.internal.invokers.TestInvoker$MethodInvocationAgent.invoke(TestInvoker.java:995)
	at org.testng.internal.invokers.TestInvoker.invokeTestMethods(TestInvoker.java:203)
	at org.testng.internal.invokers.TestMethodWorker.invokeTestMethods(TestMethodWorker.java:154)
	at org.testng.internal.invokers.TestMethodWorker.run(TestMethodWorker.java:134)
	at java.base/java.util.ArrayList.forEach(ArrayList.java:1596)
	at org.testng.TestRunner.privateRun(TestRunner.java:741)
	at org.testng.TestRunner.run(TestRunner.java:616)
	at org.testng.SuiteRunner.runTest(SuiteRunner.java:421)
	at org.testng.SuiteRunner.runSequentially(SuiteRunner.java:413)
	at org.testng.SuiteRunner.privateRun(SuiteRunner.java:373)
	at org.testng.SuiteRunner.run(SuiteRunner.java:312)
	at org.testng.SuiteRunnerWorker.runSuite(SuiteRunnerWorker.java:52)
	at org.testng.SuiteRunnerWorker.run(SuiteRunnerWorker.java:95)
	at org.testng.TestNG.runSuitesSequentially(TestNG.java:1274)
	at org.testng.TestNG.runSuitesLocally(TestNG.java:1208)
	at org.testng.TestNG.runSuites(TestNG.java:1112)
	at org.testng.TestNG.run(TestNG.java:1079)
	at org.apache.maven.surefire.testng.TestNGExecutor.run(TestNGExecutor.java:155)
	at org.apache.maven.surefire.testng.TestNGDirectoryTestSuite.executeMulti(TestNGDirectoryTestSuite.java:169)
	at org.apache.maven.surefire.testng.TestNGDirectoryTestSuite.execute(TestNGDirectoryTestSuite.java:88)
	at org.apache.maven.surefire.testng.TestNGProvider.invoke(TestNGProvider.java:137)
	at org.apache.maven.surefire.booter.ForkedBooter.runSuitesInProcess(ForkedBooter.java:385)
	at org.apache.maven.surefire.booter.ForkedBooter.execute(ForkedBooter.java:162)
	at org.apache.maven.surefire.booter.ForkedBooter.run(ForkedBooter.java:507)
	at org.apache.maven.surefire.booter.ForkedBooter.main(ForkedBooter.java:495)
]]></failure>
    <system-out><![CDATA[2025-08-25 10:46:10 [main] INFO  demoqaBase - Closing the Browser...
2025-08-25 10:46:10 [main] INFO  demoqaBase - Starting Web Browser...
2025-08-25 10:46:12 [main] INFO  demoqaBase - Navigating to demoqa.com Website
2025-08-25 10:46:17 [main] INFO  RetryUrlAccess - Successfully navigated to: https://demoqa.com
Instance Variables Declared are: nullnull
2025-08-25 10:46:17 [main] INFO  demoqaBase - Accessing Elements Card...
2025-08-25 10:46:18 [main] INFO  RetryUrlAccess - Successfully navigated to: https://demoqa.com
2025-08-25 10:46:18 [main] INFO  demoqaLog - Clicking on Elements Card...
2025-08-25 10:46:18 [main] WARN  demoqaLog - ⚠️ JS click failed, falling back to native click.
2025-08-25 10:46:18 [main] INFO  demoqaLog - Clicked on Elements Card...
Title of this Page is: DEMOQA
You can now Access: Elements
 
Page Text is: Please select an item from left to start practice.
2025-08-25 10:46:18 [main] INFO  demoqaBase - Checking for Elements|Upload and Download|Download Button...
2025-08-25 10:46:18 [main] INFO  demoqaBase - Clicked on Elements|Upload and Download...
2025-08-25 10:46:18 [main] INFO  demoqaBase - Clicking on Elements|Upload and Download|Download Button...
Deleting Existing file before download...
2025-08-25 10:46:19 [main] INFO  demoqaBase - Clicked on Elements|Upload and Download|Download Button...
Downloaded file is: C:\Users\dell\DownloadssampleFile.jpeg
]]></system-out>
  </testcase>
  <testcase name="Uploadbtn" classname="tests.ElementsTests" time="1.393">
    <system-out><![CDATA[Path for Screenshot is: C:\ASN\eclipse_workspace\demoqa-automation/screenshots/com.aventstack.extentreports.ExtentTest@c94f22dTest Failed+2025-08-25_10-46-19.png
2025-08-25 10:46:19 [main] INFO  demoqaBase - Closing the Browser...
2025-08-25 10:46:19 [main] INFO  demoqaBase - Starting Web Browser...
2025-08-25 10:46:20 [main] INFO  demoqaBase - Navigating to demoqa.com Website
2025-08-25 10:46:43 [main] INFO  RetryUrlAccess - Successfully navigated to: https://demoqa.com
Instance Variables Declared are: nullnull
2025-08-25 10:46:43 [main] INFO  demoqaBase - Accessing Elements Card...
2025-08-25 10:46:43 [main] INFO  RetryUrlAccess - Successfully navigated to: https://demoqa.com
2025-08-25 10:46:43 [main] INFO  demoqaLog - Clicking on Elements Card...
2025-08-25 10:46:43 [main] WARN  demoqaLog - ⚠️ JS click failed, falling back to native click.
2025-08-25 10:46:43 [main] INFO  demoqaLog - Clicked on Elements Card...
Title of this Page is: DEMOQA
You can now Access: Elements
 
Page Text is: Please select an item from left to start practice.
2025-08-25 10:46:43 [main] INFO  demoqaBase - Checking for Elements|Upload and Download|Download Button...
2025-08-25 10:46:44 [main] INFO  demoqaBase - Clicked on Elements|Upload and Download...
2025-08-25 10:46:44 [main] INFO  demoqaBase - Checking for Elements|Upload and Download|Upload Button...
File being Uploaded is: C:\ASN\eclipse_workspace\demoqa-automation\TestData
Uploading: C:\ASN\eclipse_workspace\demoqa-automation\TestData\Ophoto.jpg
Uploaded photo: [[ChromeDriver: chrome on windows (432758204e10e07f3c2b1d114894f7b8)] -> id: uploadFile]
2025-08-25 10:46:44 [main] INFO  demoqaBase - Clicked on Elements|Upload and Download|Upload Button...
2025-08-25 10:46:44 [main] INFO  FetchLinkResponse - Fetching link response...
2025-08-25 10:46:44 [main] INFO  FetchLinkResponse - Response fetched: C:\fakepath\Ophoto.jpg
C:\fakepath\Ophoto.jpg
2025-08-25 10:46:44 [main] INFO  demoqaBase - Clicked on Elements|Upload and Download|Upload response is: C:\fakepath\Ophoto.jpg
2025-08-25 10:46:44 [main] INFO  demoqaBase - Test for Elements|Upload and Download|Upload Button Completed Successfully...
]]></system-out>
  </testcase>
  <testcase name="DynamicPropertiesbtn" classname="tests.ElementsTests" time="1.157">
    <system-out><![CDATA[2025-08-25 10:46:44 [main] INFO  demoqaBase - Closing the Browser...
2025-08-25 10:46:44 [main] INFO  demoqaBase - Starting Web Browser...
2025-08-25 10:46:45 [main] INFO  demoqaBase - Navigating to demoqa.com Website
2025-08-25 10:46:51 [main] INFO  RetryUrlAccess - Successfully navigated to: https://demoqa.com
Instance Variables Declared are: nullnull
2025-08-25 10:46:51 [main] INFO  demoqaBase - Accessing Elements Card...
2025-08-25 10:46:52 [main] INFO  RetryUrlAccess - Successfully navigated to: https://demoqa.com
2025-08-25 10:46:52 [main] INFO  demoqaLog - Clicking on Elements Card...
2025-08-25 10:46:52 [main] WARN  demoqaLog - ⚠️ JS click failed, falling back to native click.
2025-08-25 10:46:52 [main] INFO  demoqaLog - Clicked on Elements Card...
Title of this Page is: DEMOQA
You can now Access: Elements
 
Page Text is: Please select an item from left to start practice.
2025-08-25 10:46:52 [main] INFO  demoqaBase - Checking for Elements|Dynamic Properties Button...
2025-08-25 10:46:52 [main] INFO  demoqaBase - Clicked on Elements|Dynamic Properties...
Dynamic Properties Page Tile is: Dynamic Properties
2025-08-25 10:46:52 [main] INFO  demoqaBase - Test for Elements|Dynamic Properties Button Completed Successfully...
]]></system-out>
  </testcase>
  <testcase name="ColorChangebtn" classname="tests.ElementsTests" time="1.412">
    <system-out><![CDATA[2025-08-25 10:46:52 [main] INFO  demoqaBase - Closing the Browser...
2025-08-25 10:46:53 [main] INFO  demoqaBase - Starting Web Browser...
2025-08-25 10:46:54 [main] INFO  demoqaBase - Navigating to demoqa.com Website
2025-08-25 10:46:59 [main] INFO  RetryUrlAccess - Successfully navigated to: https://demoqa.com
Instance Variables Declared are: nullnull
2025-08-25 10:46:59 [main] INFO  demoqaBase - Accessing Elements Card...
2025-08-25 10:46:59 [main] INFO  RetryUrlAccess - Successfully navigated to: https://demoqa.com
2025-08-25 10:46:59 [main] INFO  demoqaLog - Clicking on Elements Card...
2025-08-25 10:46:59 [main] WARN  demoqaLog - ⚠️ JS click failed, falling back to native click.
2025-08-25 10:47:00 [main] INFO  demoqaLog - Clicked on Elements Card...
Title of this Page is: DEMOQA
You can now Access: Elements
 
Page Text is: Please select an item from left to start practice.
2025-08-25 10:47:00 [main] INFO  demoqaBase - Checking for Elements|Dynamic Properties Button...
2025-08-25 10:47:00 [main] INFO  demoqaBase - Clicked on Elements|Dynamic Properties...
Dynamic Properties Page Tile is: Dynamic Properties
2025-08-25 10:47:00 [main] INFO  demoqaBase - Checking for Elements|Dynamic Properties|Color Change Button...
2025-08-25 10:47:00 [main] INFO  demoqaBase - Clicked on Elements|Dynamic Properties|Color Change Button...
Clicked on: Color Change
2025-08-25 10:47:00 [main] INFO  demoqaBase - Test for Elements|Dynamic Properties|Color Change Button Completed Successfully...
]]></system-out>
  </testcase>
  <testcase name="WillEnablebtn" classname="tests.ElementsTests" time="6.256">
    <system-out><![CDATA[2025-08-25 10:47:00 [main] INFO  demoqaBase - Closing the Browser...
2025-08-25 10:47:01 [main] INFO  demoqaBase - Starting Web Browser...
2025-08-25 10:47:02 [main] INFO  demoqaBase - Navigating to demoqa.com Website
2025-08-25 10:47:07 [main] INFO  RetryUrlAccess - Successfully navigated to: https://demoqa.com
Instance Variables Declared are: nullnull
2025-08-25 10:47:07 [main] INFO  demoqaBase - Accessing Elements Card...
2025-08-25 10:47:07 [main] INFO  RetryUrlAccess - Successfully navigated to: https://demoqa.com
2025-08-25 10:47:07 [main] INFO  demoqaLog - Clicking on Elements Card...
2025-08-25 10:47:08 [main] WARN  demoqaLog - ⚠️ JS click failed, falling back to native click.
2025-08-25 10:47:08 [main] INFO  demoqaLog - Clicked on Elements Card...
Title of this Page is: DEMOQA
You can now Access: Elements
 
Page Text is: Please select an item from left to start practice.
2025-08-25 10:47:08 [main] INFO  demoqaBase - Checking for Elements|Dynamic Properties Button...
2025-08-25 10:47:08 [main] INFO  demoqaBase - Clicked on Elements|Dynamic Properties...
Dynamic Properties Page Tile is: Dynamic Properties
2025-08-25 10:47:08 [main] INFO  demoqaBase - Checking for Elements|Dynamic Properties|Will Enable 5 sec Button...
2025-08-25 10:47:13 [main] INFO  demoqaBase - Clicked on Elements|Dynamic Properties|Will Enable 5 sec Button...
Clicked on: Will enable 5 seconds
2025-08-25 10:47:13 [main] INFO  demoqaBase - Test for Elements|Dynamic Properties|Will enable 5 sec Button Completed Successfully...
]]></system-out>
  </testcase>
  <testcase name="VisibleAfterbtn" classname="tests.ElementsTests" time="6.251">
    <system-out><![CDATA[2025-08-25 10:47:13 [main] INFO  demoqaBase - Closing the Browser...
2025-08-25 10:47:14 [main] INFO  demoqaBase - Starting Web Browser...
2025-08-25 10:47:15 [main] INFO  demoqaBase - Navigating to demoqa.com Website
2025-08-25 10:47:37 [main] INFO  RetryUrlAccess - Successfully navigated to: https://demoqa.com
Instance Variables Declared are: nullnull
2025-08-25 10:47:37 [main] INFO  demoqaBase - Accessing Elements Card...
2025-08-25 10:47:38 [main] INFO  RetryUrlAccess - Successfully navigated to: https://demoqa.com
2025-08-25 10:47:38 [main] INFO  demoqaLog - Clicking on Elements Card...
2025-08-25 10:47:38 [main] WARN  demoqaLog - ⚠️ JS click failed, falling back to native click.
2025-08-25 10:47:38 [main] INFO  demoqaLog - Clicked on Elements Card...
Title of this Page is: DEMOQA
You can now Access: Elements
 
Page Text is: Please select an item from left to start practice.
2025-08-25 10:47:38 [main] INFO  demoqaBase - Checking for Elements|Dynamic Properties Button...
2025-08-25 10:47:38 [main] INFO  demoqaBase - Clicked on Elements|Dynamic Properties...
Dynamic Properties Page Tile is: Dynamic Properties
2025-08-25 10:47:38 [main] INFO  demoqaBase - Checking for Elements|Dynamic Properties|Visble After 5 Seconds Button...
2025-08-25 10:47:43 [main] INFO  demoqaBase - Clicked on Elements|Dynamic Properties|Visble After 5 Seconds Button...
Clicked on: Visible After 5 Seconds
2025-08-25 10:47:43 [main] INFO  demoqaBase - Test for Elements|Dynamic Properties|Visible After 5 Seconds Button Completed Successfully...
]]></system-out>
  </testcase>
  <testcase name="FormsCard" classname="tests.FormTests" time="0.903">
    <system-out><![CDATA[2025-08-25 10:47:43 [main] INFO  demoqaBase - Closing the Browser...
2025-08-25 10:47:44 [main] INFO  demoqaBase - Starting Web Browser...
2025-08-25 10:47:45 [main] INFO  demoqaBase - Navigating to demoqa.com Website
2025-08-25 10:47:50 [main] INFO  RetryUrlAccess - Successfully navigated to: https://demoqa.com
2025-08-25 10:47:50 [main] INFO  demoqaBase - Starting Form Card Test...
2025-08-25 10:47:50 [main] INFO  demoqaBase - Accessing Form Card...
2025-08-25 10:47:51 [main] INFO  RetryUrlAccess - Successfully navigated to: https://demoqa.com
2025-08-25 10:47:51 [main] INFO  demoqaLog - Clicking on Form Card...
2025-08-25 10:47:51 [main] INFO  demoqaLog - Clicked on Forms Card...
Page Text is: Please select an item from left to start practice.
Title of this Page is: DEMOQA
2025-08-25 10:47:51 [main] INFO  demoqaBase - Form Card Test Completed...
]]></system-out>
  </testcase>
  <testcase name="FormButton" classname="tests.FormTests" time="0.389">
    <system-out><![CDATA[2025-08-25 10:47:51 [main] INFO  demoqaBase - Closing the Browser...
2025-08-25 10:47:52 [main] INFO  demoqaBase - Starting Web Browser...
2025-08-25 10:47:53 [main] INFO  demoqaBase - Navigating to demoqa.com Website
2025-08-25 10:47:59 [main] INFO  RetryUrlAccess - Successfully navigated to: https://demoqa.com
2025-08-25 10:47:59 [main] INFO  demoqaBase - Starting Form Card Test...
2025-08-25 10:47:59 [main] INFO  demoqaLog - Clicking on Form Card...
2025-08-25 10:47:59 [main] INFO  demoqaLog - Clicked on Forms Card...
2025-08-25 10:47:59 [main] INFO  demoqaBase - Clicking on Practice Form...
2025-08-25 10:47:59 [main] INFO  demoqaBase - Clicked on Practice Form...
Title of this Page is: DEMOQA
2025-08-25 10:47:59 [main] INFO  demoqaBase - Form Card|Practice Forms Test Completed...
]]></system-out>
  </testcase>
  <testcase name="fillForm[UserFormData{firstName=&apos;Johny&apos;, lastName=&apos;Bravo&apos;, userMail=&apos;Jbravo@demoqa.com&apos;, gender=&apos;Male&apos;, mobile=&apos;9.238343488E9&apos;, dob=&apos;15-08-2000&apos;, subject=&apos;Computer Science&apos;, hobbies=&apos;Sports,Music&apos;, picturePath=&apos;/TestData/Mphoto.jpg&apos;, address=&apos;511 Grant 481, Prattsville\n Arkansas 72129\n United States&apos;, state=&apos;NCR&apos;, city=&apos;Delhi&apos;}](1)" classname="tests.FormTests" time="9.998">
    <system-out><![CDATA[2025-08-25 10:47:59 [main] INFO  demoqaBase - Closing the Browser...
2025-08-25 10:48:00 [main] INFO  demoqaBase - Starting Web Browser...
2025-08-25 10:48:01 [main] INFO  demoqaBase - Navigating to demoqa.com Website
2025-08-25 10:48:07 [main] INFO  RetryUrlAccess - Successfully navigated to: https://demoqa.com
2025-08-25 10:48:07 [main] INFO  demoqaBase - Starting Form Filling Test...
2025-08-25 10:48:07 [main] INFO  RetryUrlAccess - Successfully navigated to: https://demoqa.com
2025-08-25 10:48:07 [main] INFO  demoqaBase - Accessing Form Card...
2025-08-25 10:48:10 [main] INFO  RetryUrlAccess - Successfully navigated to: https://demoqa.com
2025-08-25 10:48:10 [main] INFO  demoqaLog - Clicking on Form Card...
2025-08-25 10:48:10 [main] INFO  demoqaLog - Clicked on Forms Card...
Page Text is: Please select an item from left to start practice.
2025-08-25 10:48:10 [main] INFO  demoqaBase - Clicking on Practice Form...
2025-08-25 10:48:10 [main] INFO  demoqaBase - Clicked on Practice Form...
2025-08-25 10:48:10 [main] INFO  demoqaBase - Filling form for: Johny Bravo
2025-08-25 10:48:10 [main] INFO  demoqaBase - Entering First Name...
2025-08-25 10:48:11 [main] INFO  demoqaBase - Entered First Name: Johny
Selected gender: Male
📅 Parsed DOB: 2000-08-15
📅 Parsed DOB: 2000-08-15
📥 Received DOB: 15-08-2000
📅 Normalized DOB: 15-08-2000
✅ Date selected: 15-08-2000
2025-08-25 10:48:13 [main] INFO  demoqaBase - Typed full subject: Computer Science
Typing subject: Computer Science
Dropdown Option: Computer Science
Selected: Computer Science
Selected hobby: sports
Selected hobby: music
Uploaded photo: C:\ASN\eclipse_workspace\demoqa-automation//TestData/Mphoto.jpg
511 Grant 481, Prattsville
 Arkansas 72129
 United States
2025-08-25 10:48:14 [main] INFO  demoqaBase - Entering Address...
2025-08-25 10:48:14 [main] INFO  demoqaBase - Entered Address...
2025-08-25 10:48:14 [main] INFO  demoqaBase - Selecting State: NCR
Available state option: NCR
2025-08-25 10:48:15 [main] INFO  demoqaBase - Selected State: NCR
2025-08-25 10:48:15 [main] INFO  demoqaBase - Selecting City: Delhi
Available city: Delhi
2025-08-25 10:48:15 [main] INFO  demoqaBase - Selected City: Delhi
2025-08-25 10:48:15 [main] INFO  demoqaBase - Submitting Form...
2025-08-25 10:48:16 [main] INFO  demoqaBase - Form Submitted via normal click...
2025-08-25 10:48:16 [main] INFO  ConfirmationTableParser - 📋 Parsed [First Name] = 'Johny', [Last Name] = 'Bravo'
2025-08-25 10:48:17 [main] INFO  ConfirmationTableParser - 📋 Parsed [Email] = 'Jbravo@demoqa.com'
2025-08-25 10:48:17 [main] INFO  ConfirmationTableParser - 📋 Parsed [Gender] = 'Male'
2025-08-25 10:48:17 [main] INFO  ConfirmationTableParser - 📋 Parsed [Mobile] = '9238343488'
2025-08-25 10:48:17 [main] INFO  ConfirmationTableParser - 📋 Parsed [DOB] = '15 August,2000'
2025-08-25 10:48:17 [main] INFO  ConfirmationTableParser - 📋 Parsed [Subject] = 'Computer Science'
2025-08-25 10:48:17 [main] INFO  ConfirmationTableParser - 📋 Parsed [Hobbies] = 'Sports, Music'
2025-08-25 10:48:17 [main] INFO  ConfirmationTableParser - 📋 Parsed [Picture] = 'Mphoto.jpg'
2025-08-25 10:48:17 [main] INFO  ConfirmationTableParser - 📋 Parsed [Address] = '511 Grant 481, Prattsville Arkansas 72129 United States'
2025-08-25 10:48:17 [main] INFO  ConfirmationTableParser - 📋 Parsed [State] = 'NCR', [City] = 'Delhi'
2025-08-25 10:48:17 [main] INFO  demoqaBase - 🧪 Starting confirmation assertion for user: Johny
2025-08-25 10:48:17 [main] INFO  AssertFormData - 🔍 [Email] Raw expected='Jbravo@demoqa.com', Raw actual='Jbravo@demoqa.com'
2025-08-25 10:48:17 [main] INFO  AssertFormData - 🔧 [Email] Normalized expected='Jbravo@demoqa.com', Normalized actual='Jbravo@demoqa.com'
2025-08-25 10:48:17 [main] INFO  AssertFormData - ✅ [Email] matched: 'Jbravo@demoqa.com'
2025-08-25 10:48:17 [main] INFO  AssertFormData - 🔍 [Address] Raw expected='511 Grant 481, Prattsville\n Arkansas 72129\n United States', Raw actual='511 Grant 481, Prattsville Arkansas 72129 United States'
2025-08-25 10:48:17 [main] INFO  AssertFormData - 🔧 [Address] Normalized expected='511 Grant 481, Prattsville Arkansas 72129 United States', Normalized actual='511 Grant 481, Prattsville Arkansas 72129 United States'
2025-08-25 10:48:17 [main] INFO  AssertFormData - ✅ [Address] matched: '511 Grant 481, Prattsville Arkansas 72129 United States'
2025-08-25 10:48:17 [main] INFO  AssertFormData - 🔍 [DOB] Raw expected='15-08-2000', Raw actual='15 August,2000'
2025-08-25 10:48:17 [main] INFO  AssertFormData - 🔧 [DOB] Normalized expected='15-08-2000', Normalized actual='15-08-2000'
2025-08-25 10:48:17 [main] INFO  AssertFormData - ✅ [DOB] matched: '15-08-2000'
2025-08-25 10:48:17 [main] INFO  AssertFormData - 🔍 [Picture] Raw expected='Mphoto.jpg', Raw actual='Mphoto.jpg'
2025-08-25 10:48:17 [main] INFO  AssertFormData - 🔧 [Picture] Normalized expected='Mphoto.jpg', Normalized actual='Mphoto.jpg'
2025-08-25 10:48:17 [main] INFO  AssertFormData - ✅ [Picture] matched: 'Mphoto.jpg'
2025-08-25 10:48:17 [main] INFO  AssertFormData - 🔍 [State] Raw expected='NCR', Raw actual='NCR'
2025-08-25 10:48:17 [main] INFO  AssertFormData - 🔧 [State] Normalized expected='NCR', Normalized actual='NCR'
2025-08-25 10:48:17 [main] INFO  AssertFormData - ✅ [State] matched: 'NCR'
2025-08-25 10:48:17 [main] INFO  AssertFormData - 🔍 [First Name] Raw expected='Johny', Raw actual='Johny'
2025-08-25 10:48:17 [main] INFO  AssertFormData - 🔧 [First Name] Normalized expected='Johny', Normalized actual='Johny'
2025-08-25 10:48:17 [main] INFO  AssertFormData - ✅ [First Name] matched: 'Johny'
2025-08-25 10:48:17 [main] INFO  AssertFormData - 🔍 [Gender] Raw expected='Male', Raw actual='Male'
2025-08-25 10:48:17 [main] INFO  AssertFormData - 🔧 [Gender] Normalized expected='Male', Normalized actual='Male'
2025-08-25 10:48:17 [main] INFO  AssertFormData - ✅ [Gender] matched: 'Male'
2025-08-25 10:48:17 [main] INFO  AssertFormData - 🔍 [City] Raw expected='Delhi', Raw actual='Delhi'
2025-08-25 10:48:17 [main] INFO  AssertFormData - 🔧 [City] Normalized expected='Delhi', Normalized actual='Delhi'
2025-08-25 10:48:17 [main] INFO  AssertFormData - ✅ [City] matched: 'Delhi'
2025-08-25 10:48:17 [main] INFO  AssertFormData - 🔍 [Last Name] Raw expected='Bravo', Raw actual='Bravo'
2025-08-25 10:48:17 [main] INFO  AssertFormData - 🔧 [Last Name] Normalized expected='Bravo', Normalized actual='Bravo'
2025-08-25 10:48:17 [main] INFO  AssertFormData - ✅ [Last Name] matched: 'Bravo'
2025-08-25 10:48:17 [main] INFO  AssertFormData - 🔍 [Mobile] Raw expected='9238343488', Raw actual='9238343488'
2025-08-25 10:48:17 [main] INFO  AssertFormData - 🔧 [Mobile] Normalized expected='9238343488', Normalized actual='9238343488'
2025-08-25 10:48:17 [main] INFO  AssertFormData - ✅ [Mobile] matched: '9238343488'
2025-08-25 10:48:17 [main] INFO  AssertFormData - 🔍 [Hobbies] Raw expected='Sports,Music', Raw actual='Sports, Music'
2025-08-25 10:48:17 [main] INFO  AssertFormData - 🔧 [Hobbies] Normalized expected='Sports,Music', Normalized actual='Sports,Music'
2025-08-25 10:48:17 [main] INFO  AssertFormData - ✅ [Hobbies] matched: 'Sports,Music'
2025-08-25 10:48:17 [main] INFO  AssertFormData - 🔍 [Subject] Raw expected='Computer Science', Raw actual='Computer Science'
2025-08-25 10:48:17 [main] INFO  AssertFormData - 🔧 [Subject] Normalized expected='Computer Science', Normalized actual='Computer Science'
2025-08-25 10:48:17 [main] INFO  AssertFormData - ✅ [Subject] matched: 'Computer Science'
2025-08-25 10:48:17 [main] INFO  demoqaBase - Test Form Filling Completed for: Johny Bravo
]]></system-out>
  </testcase>
  <testcase name="fillForm[UserFormData{firstName=&apos;Gene&apos;, lastName=&apos;Femina&apos;, userMail=&apos;GFemina@demoqa.com&apos;, gender=&apos;Female&apos;, mobile=&apos;1.888343432E9&apos;, dob=&apos;22-05-2002&apos;, subject=&apos;Accounting&apos;, hobbies=&apos;Music,Reading&apos;, picturePath=&apos;/TestData/Fphoto.png&apos;, address=&apos;512 Grant 481, Prattsville\n Arkansas 72129\n United States&apos;, state=&apos;Uttar Pradesh&apos;, city=&apos;Merrut&apos;}](2)" classname="tests.FormTests" time="5.788">
    <system-out><![CDATA[Path for Screenshot is: C:\ASN\eclipse_workspace\demoqa-automation/screenshots/fillForm Passed+2025-08-25_10-48-17.png
2025-08-25 10:48:17 [main] INFO  demoqaBase - Closing the Browser...
2025-08-25 10:48:17 [main] INFO  demoqaBase - Starting Web Browser...
2025-08-25 10:48:19 [main] INFO  demoqaBase - Navigating to demoqa.com Website
2025-08-25 10:48:24 [main] INFO  RetryUrlAccess - Successfully navigated to: https://demoqa.com
2025-08-25 10:48:24 [main] INFO  demoqaBase - Starting Form Filling Test...
2025-08-25 10:48:24 [main] INFO  RetryUrlAccess - Successfully navigated to: https://demoqa.com
2025-08-25 10:48:24 [main] INFO  demoqaBase - Accessing Form Card...
2025-08-25 10:48:25 [main] INFO  RetryUrlAccess - Successfully navigated to: https://demoqa.com
2025-08-25 10:48:25 [main] INFO  demoqaLog - Clicking on Form Card...
2025-08-25 10:48:25 [main] INFO  demoqaLog - Clicked on Forms Card...
Page Text is: Please select an item from left to start practice.
2025-08-25 10:48:25 [main] INFO  demoqaBase - Clicking on Practice Form...
2025-08-25 10:48:25 [main] INFO  demoqaBase - Clicked on Practice Form...
2025-08-25 10:48:25 [main] INFO  demoqaBase - Filling form for: Gene Femina
2025-08-25 10:48:25 [main] INFO  demoqaBase - Entering First Name...
2025-08-25 10:48:26 [main] INFO  demoqaBase - Entered First Name: Gene
Selected gender: Female
📅 Parsed DOB: 2002-05-22
📅 Parsed DOB: 2002-05-22
📥 Received DOB: 22-05-2002
📅 Normalized DOB: 22-05-2002
✅ Date selected: 22-05-2002
2025-08-25 10:48:27 [main] INFO  demoqaBase - Typed full subject: Accounting
Typing subject: Accounting
Dropdown Option: Accounting
Selected: Accounting
Selected hobby: music
Selected hobby: reading
Uploaded photo: C:\ASN\eclipse_workspace\demoqa-automation//TestData/Fphoto.png
512 Grant 481, Prattsville
 Arkansas 72129
 United States
2025-08-25 10:48:28 [main] INFO  demoqaBase - Entering Address...
2025-08-25 10:48:28 [main] INFO  demoqaBase - Entered Address...
2025-08-25 10:48:28 [main] INFO  demoqaBase - Selecting State: Uttar Pradesh
Available state option: NCR
Available state option: Uttar Pradesh
2025-08-25 10:48:28 [main] INFO  demoqaBase - Selected State: Uttar Pradesh
2025-08-25 10:48:28 [main] INFO  demoqaBase - Selecting City: Merrut
Available city: Agra
Available city: Lucknow
Available city: Merrut
2025-08-25 10:48:28 [main] INFO  demoqaBase - Selected City: Merrut
2025-08-25 10:48:28 [main] INFO  demoqaBase - Submitting Form...
2025-08-25 10:48:29 [main] INFO  demoqaBase - Form Submitted via normal click...
2025-08-25 10:48:29 [main] INFO  ConfirmationTableParser - 📋 Parsed [First Name] = 'Gene', [Last Name] = 'Femina'
2025-08-25 10:48:29 [main] INFO  ConfirmationTableParser - 📋 Parsed [Email] = 'GFemina@demoqa.com'
2025-08-25 10:48:29 [main] INFO  ConfirmationTableParser - 📋 Parsed [Gender] = 'Female'
2025-08-25 10:48:29 [main] INFO  ConfirmationTableParser - 📋 Parsed [Mobile] = '1888343432'
2025-08-25 10:48:29 [main] INFO  ConfirmationTableParser - 📋 Parsed [DOB] = '22 May,2002'
2025-08-25 10:48:29 [main] INFO  ConfirmationTableParser - 📋 Parsed [Subject] = 'Accounting'
2025-08-25 10:48:29 [main] INFO  ConfirmationTableParser - 📋 Parsed [Hobbies] = 'Music, Reading'
2025-08-25 10:48:29 [main] INFO  ConfirmationTableParser - 📋 Parsed [Picture] = 'Fphoto.png'
2025-08-25 10:48:29 [main] INFO  ConfirmationTableParser - 📋 Parsed [Address] = '512 Grant 481, Prattsville Arkansas 72129 United States'
2025-08-25 10:48:30 [main] INFO  ConfirmationTableParser - 📋 Parsed [State] = 'Uttar Pradesh', [City] = 'Merrut'
2025-08-25 10:48:30 [main] INFO  demoqaBase - 🧪 Starting confirmation assertion for user: Gene
2025-08-25 10:48:30 [main] INFO  AssertFormData - 🔍 [Email] Raw expected='GFemina@demoqa.com', Raw actual='GFemina@demoqa.com'
2025-08-25 10:48:30 [main] INFO  AssertFormData - 🔧 [Email] Normalized expected='GFemina@demoqa.com', Normalized actual='GFemina@demoqa.com'
2025-08-25 10:48:30 [main] INFO  AssertFormData - ✅ [Email] matched: 'GFemina@demoqa.com'
2025-08-25 10:48:30 [main] INFO  AssertFormData - 🔍 [Address] Raw expected='512 Grant 481, Prattsville\n Arkansas 72129\n United States', Raw actual='512 Grant 481, Prattsville Arkansas 72129 United States'
2025-08-25 10:48:30 [main] INFO  AssertFormData - 🔧 [Address] Normalized expected='512 Grant 481, Prattsville Arkansas 72129 United States', Normalized actual='512 Grant 481, Prattsville Arkansas 72129 United States'
2025-08-25 10:48:30 [main] INFO  AssertFormData - ✅ [Address] matched: '512 Grant 481, Prattsville Arkansas 72129 United States'
2025-08-25 10:48:30 [main] INFO  AssertFormData - 🔍 [DOB] Raw expected='22-05-2002', Raw actual='22 May,2002'
2025-08-25 10:48:30 [main] INFO  AssertFormData - 🔧 [DOB] Normalized expected='22-05-2002', Normalized actual='22-05-2002'
2025-08-25 10:48:30 [main] INFO  AssertFormData - ✅ [DOB] matched: '22-05-2002'
2025-08-25 10:48:30 [main] INFO  AssertFormData - 🔍 [Picture] Raw expected='Fphoto.png', Raw actual='Fphoto.png'
2025-08-25 10:48:30 [main] INFO  AssertFormData - 🔧 [Picture] Normalized expected='Fphoto.png', Normalized actual='Fphoto.png'
2025-08-25 10:48:30 [main] INFO  AssertFormData - ✅ [Picture] matched: 'Fphoto.png'
2025-08-25 10:48:30 [main] INFO  AssertFormData - 🔍 [State] Raw expected='Uttar Pradesh', Raw actual='Uttar Pradesh'
2025-08-25 10:48:30 [main] INFO  AssertFormData - 🔧 [State] Normalized expected='Uttar Pradesh', Normalized actual='Uttar Pradesh'
2025-08-25 10:48:30 [main] INFO  AssertFormData - ✅ [State] matched: 'Uttar Pradesh'
2025-08-25 10:48:30 [main] INFO  AssertFormData - 🔍 [First Name] Raw expected='Gene', Raw actual='Gene'
2025-08-25 10:48:30 [main] INFO  AssertFormData - 🔧 [First Name] Normalized expected='Gene', Normalized actual='Gene'
2025-08-25 10:48:30 [main] INFO  AssertFormData - ✅ [First Name] matched: 'Gene'
2025-08-25 10:48:30 [main] INFO  AssertFormData - 🔍 [Gender] Raw expected='Female', Raw actual='Female'
2025-08-25 10:48:30 [main] INFO  AssertFormData - 🔧 [Gender] Normalized expected='Female', Normalized actual='Female'
2025-08-25 10:48:30 [main] INFO  AssertFormData - ✅ [Gender] matched: 'Female'
2025-08-25 10:48:30 [main] INFO  AssertFormData - 🔍 [City] Raw expected='Merrut', Raw actual='Merrut'
2025-08-25 10:48:30 [main] INFO  AssertFormData - 🔧 [City] Normalized expected='Merrut', Normalized actual='Merrut'
2025-08-25 10:48:30 [main] INFO  AssertFormData - ✅ [City] matched: 'Merrut'
2025-08-25 10:48:30 [main] INFO  AssertFormData - 🔍 [Last Name] Raw expected='Femina', Raw actual='Femina'
2025-08-25 10:48:30 [main] INFO  AssertFormData - 🔧 [Last Name] Normalized expected='Femina', Normalized actual='Femina'
2025-08-25 10:48:30 [main] INFO  AssertFormData - ✅ [Last Name] matched: 'Femina'
2025-08-25 10:48:30 [main] INFO  AssertFormData - 🔍 [Mobile] Raw expected='1888343432', Raw actual='1888343432'
2025-08-25 10:48:30 [main] INFO  AssertFormData - 🔧 [Mobile] Normalized expected='1888343432', Normalized actual='1888343432'
2025-08-25 10:48:30 [main] INFO  AssertFormData - ✅ [Mobile] matched: '1888343432'
2025-08-25 10:48:30 [main] INFO  AssertFormData - 🔍 [Hobbies] Raw expected='Music,Reading', Raw actual='Music, Reading'
2025-08-25 10:48:30 [main] INFO  AssertFormData - 🔧 [Hobbies] Normalized expected='Music,Reading', Normalized actual='Music,Reading'
2025-08-25 10:48:30 [main] INFO  AssertFormData - ✅ [Hobbies] matched: 'Music,Reading'
2025-08-25 10:48:30 [main] INFO  AssertFormData - 🔍 [Subject] Raw expected='Accounting', Raw actual='Accounting'
2025-08-25 10:48:30 [main] INFO  AssertFormData - 🔧 [Subject] Normalized expected='Accounting', Normalized actual='Accounting'
2025-08-25 10:48:30 [main] INFO  AssertFormData - ✅ [Subject] matched: 'Accounting'
2025-08-25 10:48:30 [main] INFO  demoqaBase - Test Form Filling Completed for: Gene Femina
]]></system-out>
  </testcase>
  <testcase name="fillForm[UserFormData{firstName=&apos;Bud&apos;, lastName=&apos;Wisem&apos;, userMail=&apos;BWisem@demoqa.com&apos;, gender=&apos;Other&apos;, mobile=&apos;8.932465432E9&apos;, dob=&apos;31-12-1999&apos;, subject=&apos;Biology&apos;, hobbies=&apos;Reading&apos;, picturePath=&apos;/TestData/Ophoto.jpg&apos;, address=&apos;513 Grant 481, Prattsville\n Arkansas 72129\n United States&apos;, state=&apos;Haryana&apos;, city=&apos;Panipat&apos;}](3)" classname="tests.FormTests" time="5.834">
    <system-out><![CDATA[Path for Screenshot is: C:\ASN\eclipse_workspace\demoqa-automation/screenshots/fillForm Passed+2025-08-25_10-48-30.png
2025-08-25 10:48:30 [main] INFO  demoqaBase - Closing the Browser...
2025-08-25 10:48:31 [main] INFO  demoqaBase - Starting Web Browser...
2025-08-25 10:48:36 [main] INFO  demoqaBase - Navigating to demoqa.com Website
2025-08-25 10:48:49 [main] INFO  RetryUrlAccess - Successfully navigated to: https://demoqa.com
2025-08-25 10:48:49 [main] INFO  demoqaBase - Starting Form Filling Test...
2025-08-25 10:48:49 [main] INFO  RetryUrlAccess - Successfully navigated to: https://demoqa.com
2025-08-25 10:48:49 [main] INFO  demoqaBase - Accessing Form Card...
2025-08-25 10:48:50 [main] INFO  RetryUrlAccess - Successfully navigated to: https://demoqa.com
2025-08-25 10:48:50 [main] INFO  demoqaLog - Clicking on Form Card...
2025-08-25 10:48:50 [main] INFO  demoqaLog - Clicked on Forms Card...
Page Text is: Please select an item from left to start practice.
2025-08-25 10:48:50 [main] INFO  demoqaBase - Clicking on Practice Form...
2025-08-25 10:48:51 [main] INFO  demoqaBase - Clicked on Practice Form...
2025-08-25 10:48:51 [main] INFO  demoqaBase - Filling form for: Bud Wisem
2025-08-25 10:48:51 [main] INFO  demoqaBase - Entering First Name...
2025-08-25 10:48:51 [main] INFO  demoqaBase - Entered First Name: Bud
Selected gender: Other
📅 Parsed DOB: 1999-12-31
📅 Parsed DOB: 1999-12-31
📥 Received DOB: 31-12-1999
📅 Normalized DOB: 31-12-1999
✅ Date selected: 31-12-1999
2025-08-25 10:48:52 [main] INFO  demoqaBase - Typed full subject: Biology
Typing subject: Biology
Dropdown Option: Biology
Selected: Biology
Selected hobby: reading
Uploaded photo: C:\ASN\eclipse_workspace\demoqa-automation//TestData/Ophoto.jpg
513 Grant 481, Prattsville
 Arkansas 72129
 United States
2025-08-25 10:48:53 [main] INFO  demoqaBase - Entering Address...
2025-08-25 10:48:53 [main] INFO  demoqaBase - Entered Address...
2025-08-25 10:48:53 [main] INFO  demoqaBase - Selecting State: Haryana
Available state option: NCR
Available state option: Uttar Pradesh
Available state option: Haryana
2025-08-25 10:48:53 [main] INFO  demoqaBase - Selected State: Haryana
2025-08-25 10:48:53 [main] INFO  demoqaBase - Selecting City: Panipat
Available city: Karnal
Available city: Panipat
2025-08-25 10:48:54 [main] INFO  demoqaBase - Selected City: Panipat
2025-08-25 10:48:54 [main] INFO  demoqaBase - Submitting Form...
2025-08-25 10:48:54 [main] INFO  demoqaBase - Form Submitted via normal click...
2025-08-25 10:48:54 [main] INFO  ConfirmationTableParser - 📋 Parsed [First Name] = 'Bud', [Last Name] = 'Wisem'
2025-08-25 10:48:54 [main] INFO  ConfirmationTableParser - 📋 Parsed [Email] = 'BWisem@demoqa.com'
2025-08-25 10:48:54 [main] INFO  ConfirmationTableParser - 📋 Parsed [Gender] = 'Other'
2025-08-25 10:48:54 [main] INFO  ConfirmationTableParser - 📋 Parsed [Mobile] = '8932465432'
2025-08-25 10:48:55 [main] INFO  ConfirmationTableParser - 📋 Parsed [DOB] = '31 December,1999'
2025-08-25 10:48:55 [main] INFO  ConfirmationTableParser - 📋 Parsed [Subject] = 'Biology'
2025-08-25 10:48:55 [main] INFO  ConfirmationTableParser - 📋 Parsed [Hobbies] = 'Reading'
2025-08-25 10:48:55 [main] INFO  ConfirmationTableParser - 📋 Parsed [Picture] = 'Ophoto.jpg'
2025-08-25 10:48:55 [main] INFO  ConfirmationTableParser - 📋 Parsed [Address] = '513 Grant 481, Prattsville Arkansas 72129 United States'
2025-08-25 10:48:55 [main] INFO  ConfirmationTableParser - 📋 Parsed [State] = 'Haryana', [City] = 'Panipat'
2025-08-25 10:48:55 [main] INFO  demoqaBase - 🧪 Starting confirmation assertion for user: Bud
2025-08-25 10:48:55 [main] INFO  AssertFormData - 🔍 [Email] Raw expected='BWisem@demoqa.com', Raw actual='BWisem@demoqa.com'
2025-08-25 10:48:55 [main] INFO  AssertFormData - 🔧 [Email] Normalized expected='BWisem@demoqa.com', Normalized actual='BWisem@demoqa.com'
2025-08-25 10:48:55 [main] INFO  AssertFormData - ✅ [Email] matched: 'BWisem@demoqa.com'
2025-08-25 10:48:55 [main] INFO  AssertFormData - 🔍 [Address] Raw expected='513 Grant 481, Prattsville\n Arkansas 72129\n United States', Raw actual='513 Grant 481, Prattsville Arkansas 72129 United States'
2025-08-25 10:48:55 [main] INFO  AssertFormData - 🔧 [Address] Normalized expected='513 Grant 481, Prattsville Arkansas 72129 United States', Normalized actual='513 Grant 481, Prattsville Arkansas 72129 United States'
2025-08-25 10:48:55 [main] INFO  AssertFormData - ✅ [Address] matched: '513 Grant 481, Prattsville Arkansas 72129 United States'
2025-08-25 10:48:55 [main] INFO  AssertFormData - 🔍 [DOB] Raw expected='31-12-1999', Raw actual='31 December,1999'
2025-08-25 10:48:55 [main] INFO  AssertFormData - 🔧 [DOB] Normalized expected='31-12-1999', Normalized actual='31-12-1999'
2025-08-25 10:48:55 [main] INFO  AssertFormData - ✅ [DOB] matched: '31-12-1999'
2025-08-25 10:48:55 [main] INFO  AssertFormData - 🔍 [Picture] Raw expected='Ophoto.jpg', Raw actual='Ophoto.jpg'
2025-08-25 10:48:55 [main] INFO  AssertFormData - 🔧 [Picture] Normalized expected='Ophoto.jpg', Normalized actual='Ophoto.jpg'
2025-08-25 10:48:55 [main] INFO  AssertFormData - ✅ [Picture] matched: 'Ophoto.jpg'
2025-08-25 10:48:55 [main] INFO  AssertFormData - 🔍 [State] Raw expected='Haryana', Raw actual='Haryana'
2025-08-25 10:48:55 [main] INFO  AssertFormData - 🔧 [State] Normalized expected='Haryana', Normalized actual='Haryana'
2025-08-25 10:48:55 [main] INFO  AssertFormData - ✅ [State] matched: 'Haryana'
2025-08-25 10:48:55 [main] INFO  AssertFormData - 🔍 [First Name] Raw expected='Bud', Raw actual='Bud'
2025-08-25 10:48:55 [main] INFO  AssertFormData - 🔧 [First Name] Normalized expected='Bud', Normalized actual='Bud'
2025-08-25 10:48:55 [main] INFO  AssertFormData - ✅ [First Name] matched: 'Bud'
2025-08-25 10:48:55 [main] INFO  AssertFormData - 🔍 [Gender] Raw expected='Other', Raw actual='Other'
2025-08-25 10:48:55 [main] INFO  AssertFormData - 🔧 [Gender] Normalized expected='Other', Normalized actual='Other'
2025-08-25 10:48:55 [main] INFO  AssertFormData - ✅ [Gender] matched: 'Other'
2025-08-25 10:48:55 [main] INFO  AssertFormData - 🔍 [City] Raw expected='Panipat', Raw actual='Panipat'
2025-08-25 10:48:55 [main] INFO  AssertFormData - 🔧 [City] Normalized expected='Panipat', Normalized actual='Panipat'
2025-08-25 10:48:55 [main] INFO  AssertFormData - ✅ [City] matched: 'Panipat'
2025-08-25 10:48:55 [main] INFO  AssertFormData - 🔍 [Last Name] Raw expected='Wisem', Raw actual='Wisem'
2025-08-25 10:48:55 [main] INFO  AssertFormData - 🔧 [Last Name] Normalized expected='Wisem', Normalized actual='Wisem'
2025-08-25 10:48:55 [main] INFO  AssertFormData - ✅ [Last Name] matched: 'Wisem'
2025-08-25 10:48:55 [main] INFO  AssertFormData - 🔍 [Mobile] Raw expected='8932465432', Raw actual='8932465432'
2025-08-25 10:48:55 [main] INFO  AssertFormData - 🔧 [Mobile] Normalized expected='8932465432', Normalized actual='8932465432'
2025-08-25 10:48:55 [main] INFO  AssertFormData - ✅ [Mobile] matched: '8932465432'
2025-08-25 10:48:55 [main] INFO  AssertFormData - 🔍 [Hobbies] Raw expected='Reading', Raw actual='Reading'
2025-08-25 10:48:55 [main] INFO  AssertFormData - 🔧 [Hobbies] Normalized expected='Reading', Normalized actual='Reading'
2025-08-25 10:48:55 [main] INFO  AssertFormData - ✅ [Hobbies] matched: 'Reading'
2025-08-25 10:48:55 [main] INFO  AssertFormData - 🔍 [Subject] Raw expected='Biology', Raw actual='Biology'
2025-08-25 10:48:55 [main] INFO  AssertFormData - 🔧 [Subject] Normalized expected='Biology', Normalized actual='Biology'
2025-08-25 10:48:55 [main] INFO  AssertFormData - ✅ [Subject] matched: 'Biology'
2025-08-25 10:48:55 [main] INFO  demoqaBase - Test Form Filling Completed for: Bud Wisem
]]></system-out>
  </testcase>
  <testcase name="fillForm[UserFormData{firstName=&apos;Tom&apos;, lastName=&apos;Boss&apos;, userMail=&apos;TBoss@demoqa.com&apos;, gender=&apos;Male&apos;, mobile=&apos;7.839875281E9&apos;, dob=&apos;26-01-2003&apos;, subject=&apos;Social Studies&apos;, hobbies=&apos;Sports,Reading&apos;, picturePath=&apos;/TestData/M2photo.jpg&apos;, address=&apos;514 Grant 481, Prattsville\n Arkansas 72129\n United States&apos;, state=&apos;Rajasthan&apos;, city=&apos;Jaiselmer&apos;}](4)" classname="tests.FormTests" time="5.695">
    <system-out><![CDATA[Path for Screenshot is: C:\ASN\eclipse_workspace\demoqa-automation/screenshots/fillForm Passed+2025-08-25_10-48-55.png
2025-08-25 10:48:55 [main] INFO  demoqaBase - Closing the Browser...
2025-08-25 10:48:55 [main] INFO  demoqaBase - Starting Web Browser...
2025-08-25 10:48:56 [main] INFO  demoqaBase - Navigating to demoqa.com Website
2025-08-25 10:49:03 [main] INFO  RetryUrlAccess - Successfully navigated to: https://demoqa.com
2025-08-25 10:49:03 [main] INFO  demoqaBase - Starting Form Filling Test...
2025-08-25 10:49:04 [main] INFO  RetryUrlAccess - Successfully navigated to: https://demoqa.com
2025-08-25 10:49:04 [main] INFO  demoqaBase - Accessing Form Card...
2025-08-25 10:49:04 [main] INFO  RetryUrlAccess - Successfully navigated to: https://demoqa.com
2025-08-25 10:49:04 [main] INFO  demoqaLog - Clicking on Form Card...
2025-08-25 10:49:04 [main] INFO  demoqaLog - Clicked on Forms Card...
Page Text is: Please select an item from left to start practice.
2025-08-25 10:49:04 [main] INFO  demoqaBase - Clicking on Practice Form...
2025-08-25 10:49:05 [main] INFO  demoqaBase - Clicked on Practice Form...
2025-08-25 10:49:05 [main] INFO  demoqaBase - Filling form for: Tom Boss
2025-08-25 10:49:05 [main] INFO  demoqaBase - Entering First Name...
2025-08-25 10:49:05 [main] INFO  demoqaBase - Entered First Name: Tom
Selected gender: Male
📅 Parsed DOB: 2003-01-26
📅 Parsed DOB: 2003-01-26
📥 Received DOB: 26-01-2003
📅 Normalized DOB: 26-01-2003
✅ Date selected: 26-01-2003
2025-08-25 10:49:06 [main] INFO  demoqaBase - Typed full subject: Social Studies
Typing subject: Social Studies
Dropdown Option: Social Studies
Selected: Social Studies
Selected hobby: sports
Selected hobby: reading
Uploaded photo: C:\ASN\eclipse_workspace\demoqa-automation//TestData/M2photo.jpg
514 Grant 481, Prattsville
 Arkansas 72129
 United States
2025-08-25 10:49:07 [main] INFO  demoqaBase - Entering Address...
2025-08-25 10:49:07 [main] INFO  demoqaBase - Entered Address...
2025-08-25 10:49:07 [main] INFO  demoqaBase - Selecting State: Rajasthan
Available state option: NCR
Available state option: Uttar Pradesh
Available state option: Haryana
Available state option: Rajasthan
2025-08-25 10:49:07 [main] INFO  demoqaBase - Selected State: Rajasthan
2025-08-25 10:49:07 [main] INFO  demoqaBase - Selecting City: Jaiselmer
Available city: Jaipur
Available city: Jaiselmer
2025-08-25 10:49:08 [main] INFO  demoqaBase - Selected City: Jaiselmer
2025-08-25 10:49:08 [main] INFO  demoqaBase - Submitting Form...
2025-08-25 10:49:08 [main] INFO  demoqaBase - Form Submitted via normal click...
2025-08-25 10:49:08 [main] INFO  ConfirmationTableParser - 📋 Parsed [First Name] = 'Tom', [Last Name] = 'Boss'
2025-08-25 10:49:08 [main] INFO  ConfirmationTableParser - 📋 Parsed [Email] = 'TBoss@demoqa.com'
2025-08-25 10:49:08 [main] INFO  ConfirmationTableParser - 📋 Parsed [Gender] = 'Male'
2025-08-25 10:49:09 [main] INFO  ConfirmationTableParser - 📋 Parsed [Mobile] = '7839875281'
2025-08-25 10:49:09 [main] INFO  ConfirmationTableParser - 📋 Parsed [DOB] = '26 January,2003'
2025-08-25 10:49:09 [main] INFO  ConfirmationTableParser - 📋 Parsed [Subject] = 'Social Studies'
2025-08-25 10:49:09 [main] INFO  ConfirmationTableParser - 📋 Parsed [Hobbies] = 'Sports, Reading'
2025-08-25 10:49:09 [main] INFO  ConfirmationTableParser - 📋 Parsed [Picture] = 'M2photo.jpg'
2025-08-25 10:49:09 [main] INFO  ConfirmationTableParser - 📋 Parsed [Address] = '514 Grant 481, Prattsville Arkansas 72129 United States'
2025-08-25 10:49:09 [main] INFO  ConfirmationTableParser - 📋 Parsed [State] = 'Rajasthan', [City] = 'Jaiselmer'
2025-08-25 10:49:09 [main] INFO  demoqaBase - 🧪 Starting confirmation assertion for user: Tom
2025-08-25 10:49:09 [main] INFO  AssertFormData - 🔍 [Email] Raw expected='TBoss@demoqa.com', Raw actual='TBoss@demoqa.com'
2025-08-25 10:49:09 [main] INFO  AssertFormData - 🔧 [Email] Normalized expected='TBoss@demoqa.com', Normalized actual='TBoss@demoqa.com'
2025-08-25 10:49:09 [main] INFO  AssertFormData - ✅ [Email] matched: 'TBoss@demoqa.com'
2025-08-25 10:49:09 [main] INFO  AssertFormData - 🔍 [Address] Raw expected='514 Grant 481, Prattsville\n Arkansas 72129\n United States', Raw actual='514 Grant 481, Prattsville Arkansas 72129 United States'
2025-08-25 10:49:09 [main] INFO  AssertFormData - 🔧 [Address] Normalized expected='514 Grant 481, Prattsville Arkansas 72129 United States', Normalized actual='514 Grant 481, Prattsville Arkansas 72129 United States'
2025-08-25 10:49:09 [main] INFO  AssertFormData - ✅ [Address] matched: '514 Grant 481, Prattsville Arkansas 72129 United States'
2025-08-25 10:49:09 [main] INFO  AssertFormData - 🔍 [DOB] Raw expected='26-01-2003', Raw actual='26 January,2003'
2025-08-25 10:49:09 [main] INFO  AssertFormData - 🔧 [DOB] Normalized expected='26-01-2003', Normalized actual='26-01-2003'
2025-08-25 10:49:09 [main] INFO  AssertFormData - ✅ [DOB] matched: '26-01-2003'
2025-08-25 10:49:09 [main] INFO  AssertFormData - 🔍 [Picture] Raw expected='M2photo.jpg', Raw actual='M2photo.jpg'
2025-08-25 10:49:09 [main] INFO  AssertFormData - 🔧 [Picture] Normalized expected='M2photo.jpg', Normalized actual='M2photo.jpg'
2025-08-25 10:49:09 [main] INFO  AssertFormData - ✅ [Picture] matched: 'M2photo.jpg'
2025-08-25 10:49:09 [main] INFO  AssertFormData - 🔍 [State] Raw expected='Rajasthan', Raw actual='Rajasthan'
2025-08-25 10:49:09 [main] INFO  AssertFormData - 🔧 [State] Normalized expected='Rajasthan', Normalized actual='Rajasthan'
2025-08-25 10:49:09 [main] INFO  AssertFormData - ✅ [State] matched: 'Rajasthan'
2025-08-25 10:49:09 [main] INFO  AssertFormData - 🔍 [First Name] Raw expected='Tom', Raw actual='Tom'
2025-08-25 10:49:09 [main] INFO  AssertFormData - 🔧 [First Name] Normalized expected='Tom', Normalized actual='Tom'
2025-08-25 10:49:09 [main] INFO  AssertFormData - ✅ [First Name] matched: 'Tom'
2025-08-25 10:49:09 [main] INFO  AssertFormData - 🔍 [Gender] Raw expected='Male', Raw actual='Male'
2025-08-25 10:49:09 [main] INFO  AssertFormData - 🔧 [Gender] Normalized expected='Male', Normalized actual='Male'
2025-08-25 10:49:09 [main] INFO  AssertFormData - ✅ [Gender] matched: 'Male'
2025-08-25 10:49:09 [main] INFO  AssertFormData - 🔍 [City] Raw expected='Jaiselmer', Raw actual='Jaiselmer'
2025-08-25 10:49:09 [main] INFO  AssertFormData - 🔧 [City] Normalized expected='Jaiselmer', Normalized actual='Jaiselmer'
2025-08-25 10:49:09 [main] INFO  AssertFormData - ✅ [City] matched: 'Jaiselmer'
2025-08-25 10:49:09 [main] INFO  AssertFormData - 🔍 [Last Name] Raw expected='Boss', Raw actual='Boss'
2025-08-25 10:49:09 [main] INFO  AssertFormData - 🔧 [Last Name] Normalized expected='Boss', Normalized actual='Boss'
2025-08-25 10:49:09 [main] INFO  AssertFormData - ✅ [Last Name] matched: 'Boss'
2025-08-25 10:49:09 [main] INFO  AssertFormData - 🔍 [Mobile] Raw expected='7839875281', Raw actual='7839875281'
2025-08-25 10:49:09 [main] INFO  AssertFormData - 🔧 [Mobile] Normalized expected='7839875281', Normalized actual='7839875281'
2025-08-25 10:49:09 [main] INFO  AssertFormData - ✅ [Mobile] matched: '7839875281'
2025-08-25 10:49:09 [main] INFO  AssertFormData - 🔍 [Hobbies] Raw expected='Sports,Reading', Raw actual='Sports, Reading'
2025-08-25 10:49:09 [main] INFO  AssertFormData - 🔧 [Hobbies] Normalized expected='Sports,Reading', Normalized actual='Sports,Reading'
2025-08-25 10:49:09 [main] INFO  AssertFormData - ✅ [Hobbies] matched: 'Sports,Reading'
2025-08-25 10:49:09 [main] INFO  AssertFormData - 🔍 [Subject] Raw expected='Social Studies', Raw actual='Social Studies'
2025-08-25 10:49:09 [main] INFO  AssertFormData - 🔧 [Subject] Normalized expected='Social Studies', Normalized actual='Social Studies'
2025-08-25 10:49:09 [main] INFO  AssertFormData - ✅ [Subject] matched: 'Social Studies'
2025-08-25 10:49:09 [main] INFO  demoqaBase - Test Form Filling Completed for: Tom Boss
]]></system-out>
  </testcase>
</testsuite>