<?xml version="1.0" encoding="UTF-8"?>
<testsuite xmlns:xsi="http://www.w3.org/2001/XMLSchema-instance" xsi:noNamespaceSchemaLocation="https://maven.apache.org/surefire/maven-surefire-plugin/xsd/surefire-test-report-3.0.xsd" version="3.0" name="TestSuite" time="4789.122" tests="123" errors="0" skipped="0" failures="3">
  <properties>
    <property name="java.specification.version" value="21"/>
    <property name="sun.cpu.isalist" value="amd64"/>
    <property name="sun.jnu.encoding" value="Cp1252"/>
    <property name="java.class.path" value="C:\ASN\eclipse_workspace\demoqa-automation\target\test-classes;C:\ASN\eclipse_workspace\demoqa-automation\target\classes;C:\Users\dell\.m2\repository\org\seleniumhq\selenium\selenium-java\4.35.0\selenium-java-4.35.0.jar;C:\Users\dell\.m2\repository\org\seleniumhq\selenium\selenium-api\4.35.0\selenium-api-4.35.0.jar;C:\Users\dell\.m2\repository\org\jspecify\jspecify\1.0.0\jspecify-1.0.0.jar;C:\Users\dell\.m2\repository\org\seleniumhq\selenium\selenium-chrome-driver\4.35.0\selenium-chrome-driver-4.35.0.jar;C:\Users\dell\.m2\repository\com\google\auto\service\auto-service-annotations\1.1.1\auto-service-annotations-1.1.1.jar;C:\Users\dell\.m2\repository\org\seleniumhq\selenium\selenium-chromium-driver\4.35.0\selenium-chromium-driver-4.35.0.jar;C:\Users\dell\.m2\repository\org\seleniumhq\selenium\selenium-devtools-v137\4.35.0\selenium-devtools-v137-4.35.0.jar;C:\Users\dell\.m2\repository\org\seleniumhq\selenium\selenium-devtools-v138\4.35.0\selenium-devtools-v138-4.35.0.jar;C:\Users\dell\.m2\repository\org\seleniumhq\selenium\selenium-devtools-v139\4.35.0\selenium-devtools-v139-4.35.0.jar;C:\Users\dell\.m2\repository\org\seleniumhq\selenium\selenium-edge-driver\4.35.0\selenium-edge-driver-4.35.0.jar;C:\Users\dell\.m2\repository\org\seleniumhq\selenium\selenium-firefox-driver\4.35.0\selenium-firefox-driver-4.35.0.jar;C:\Users\dell\.m2\repository\org\seleniumhq\selenium\selenium-http\4.35.0\selenium-http-4.35.0.jar;C:\Users\dell\.m2\repository\org\seleniumhq\selenium\selenium-ie-driver\4.35.0\selenium-ie-driver-4.35.0.jar;C:\Users\dell\.m2\repository\org\seleniumhq\selenium\selenium-remote-driver\4.35.0\selenium-remote-driver-4.35.0.jar;C:\Users\dell\.m2\repository\com\google\guava\guava\33.4.8-jre\guava-33.4.8-jre.jar;C:\Users\dell\.m2\repository\com\google\guava\failureaccess\1.0.3\failureaccess-1.0.3.jar;C:\Users\dell\.m2\repository\com\google\guava\listenablefuture\9999.0-empty-to-avoid-conflict-with-guava\listenablefuture-9999.0-empty-to-avoid-conflict-with-guava.jar;C:\Users\dell\.m2\repository\com\google\errorprone\error_prone_annotations\2.36.0\error_prone_annotations-2.36.0.jar;C:\Users\dell\.m2\repository\com\google\j2objc\j2objc-annotations\3.0.0\j2objc-annotations-3.0.0.jar;C:\Users\dell\.m2\repository\io\opentelemetry\opentelemetry-api\1.53.0\opentelemetry-api-1.53.0.jar;C:\Users\dell\.m2\repository\io\opentelemetry\opentelemetry-context\1.53.0\opentelemetry-context-1.53.0.jar;C:\Users\dell\.m2\repository\io\opentelemetry\opentelemetry-common\1.53.0\opentelemetry-common-1.53.0.jar;C:\Users\dell\.m2\repository\io\opentelemetry\opentelemetry-exporter-logging\1.53.0\opentelemetry-exporter-logging-1.53.0.jar;C:\Users\dell\.m2\repository\io\opentelemetry\opentelemetry-sdk-common\1.53.0\opentelemetry-sdk-common-1.53.0.jar;C:\Users\dell\.m2\repository\io\opentelemetry\opentelemetry-sdk-extension-autoconfigure-spi\1.53.0\opentelemetry-sdk-extension-autoconfigure-spi-1.53.0.jar;C:\Users\dell\.m2\repository\io\opentelemetry\opentelemetry-sdk-extension-autoconfigure\1.53.0\opentelemetry-sdk-extension-autoconfigure-1.53.0.jar;C:\Users\dell\.m2\repository\io\opentelemetry\opentelemetry-sdk-trace\1.53.0\opentelemetry-sdk-trace-1.53.0.jar;C:\Users\dell\.m2\repository\io\opentelemetry\opentelemetry-sdk\1.53.0\opentelemetry-sdk-1.53.0.jar;C:\Users\dell\.m2\repository\io\opentelemetry\opentelemetry-sdk-metrics\1.53.0\opentelemetry-sdk-metrics-1.53.0.jar;C:\Users\dell\.m2\repository\io\opentelemetry\opentelemetry-sdk-logs\1.53.0\opentelemetry-sdk-logs-1.53.0.jar;C:\Users\dell\.m2\repository\net\bytebuddy\byte-buddy\1.17.6\byte-buddy-1.17.6.jar;C:\Users\dell\.m2\repository\org\seleniumhq\selenium\selenium-safari-driver\4.35.0\selenium-safari-driver-4.35.0.jar;C:\Users\dell\.m2\repository\org\seleniumhq\selenium\selenium-support\4.35.0\selenium-support-4.35.0.jar;C:\Users\dell\.m2\repository\org\seleniumhq\selenium\selenium-manager\4.35.0\selenium-manager-4.35.0.jar;C:\Users\dell\.m2\repository\org\seleniumhq\selenium\selenium-json\4.35.0\selenium-json-4.35.0.jar;C:\Users\dell\.m2\repository\org\seleniumhq\selenium\selenium-os\4.35.0\selenium-os-4.35.0.jar;C:\Users\dell\.m2\repository\org\apache\commons\commons-exec\1.5.0\commons-exec-1.5.0.jar;C:\Users\dell\.m2\repository\org\testng\testng\7.11.0\testng-7.11.0.jar;C:\Users\dell\.m2\repository\org\slf4j\slf4j-api\2.0.16\slf4j-api-2.0.16.jar;C:\Users\dell\.m2\repository\org\jcommander\jcommander\1.83\jcommander-1.83.jar;C:\Users\dell\.m2\repository\org\webjars\jquery\3.7.1\jquery-3.7.1.jar;C:\Users\dell\.m2\repository\org\apache\logging\log4j\log4j-core\2.24.3\log4j-core-2.24.3.jar;C:\Users\dell\.m2\repository\org\apache\logging\log4j\log4j-api\2.24.3\log4j-api-2.24.3.jar;C:\Users\dell\.m2\repository\com\aventstack\extentreports\5.0.9\extentreports-5.0.9.jar;C:\Users\dell\.m2\repository\io\reactivex\rxjava3\rxjava\3.0.4\rxjava-3.0.4.jar;C:\Users\dell\.m2\repository\org\reactivestreams\reactive-streams\1.0.3\reactive-streams-1.0.3.jar;C:\Users\dell\.m2\repository\org\freemarker\freemarker\2.3.30\freemarker-2.3.30.jar;C:\Users\dell\.m2\repository\com\google\code\gson\gson\2.8.6\gson-2.8.6.jar;C:\Users\dell\.m2\repository\commons-io\commons-io\2.19.0\commons-io-2.19.0.jar;C:\Users\dell\.m2\repository\org\apache\poi\poi-ooxml\5.4.1\poi-ooxml-5.4.1.jar;C:\Users\dell\.m2\repository\org\apache\poi\poi\5.4.1\poi-5.4.1.jar;C:\Users\dell\.m2\repository\commons-codec\commons-codec\1.18.0\commons-codec-1.18.0.jar;C:\Users\dell\.m2\repository\org\apache\commons\commons-math3\3.6.1\commons-math3-3.6.1.jar;C:\Users\dell\.m2\repository\com\zaxxer\SparseBitSet\1.3\SparseBitSet-1.3.jar;C:\Users\dell\.m2\repository\org\apache\poi\poi-ooxml-lite\5.4.1\poi-ooxml-lite-5.4.1.jar;C:\Users\dell\.m2\repository\org\apache\xmlbeans\xmlbeans\5.3.0\xmlbeans-5.3.0.jar;C:\Users\dell\.m2\repository\org\apache\commons\commons-compress\1.27.1\commons-compress-1.27.1.jar;C:\Users\dell\.m2\repository\org\apache\commons\commons-lang3\3.16.0\commons-lang3-3.16.0.jar;C:\Users\dell\.m2\repository\com\github\virtuald\curvesapi\1.08\curvesapi-1.08.jar;C:\Users\dell\.m2\repository\org\apache\commons\commons-collections4\4.4\commons-collections4-4.4.jar;C:\Users\dell\.m2\repository\com\sun\mail\jakarta.mail\2.0.1\jakarta.mail-2.0.1.jar;C:\Users\dell\.m2\repository\com\sun\activation\jakarta.activation\2.0.1\jakarta.activation-2.0.1.jar;C:\Users\dell\.m2\repository\org\projectlombok\lombok\1.18.30\lombok-1.18.30.jar;"/>
    <property name="java.vm.vendor" value="Oracle Corporation"/>
    <property name="sun.arch.data.model" value="64"/>
    <property name="user.variant" value=""/>
    <property name="java.vendor.url" value="https://java.oracle.com/"/>
    <property name="user.timezone" value="Asia/Calcutta"/>
    <property name="os.name" value="Windows 11"/>
    <property name="java.vm.specification.version" value="21"/>
    <property name="sun.java.launcher" value="SUN_STANDARD"/>
    <property name="user.country" value="IN"/>
    <property name="sun.boot.library.path" value="C:\Program Files\Java\jdk-21\bin"/>
    <property name="sun.java.command" value="C:\Users\dell\AppData\Local\Temp\surefire6826073695871038345\surefirebooter-20250911170259586_3.jar C:\Users\dell\AppData\Local\Temp\surefire6826073695871038345 2025-09-11T17-02-59_154-jvmRun1 surefire-20250911170259586_1tmp surefire_0-20250911170259586_2tmp"/>
    <property name="jdk.debug" value="release"/>
    <property name="surefire.test.class.path" value="C:\ASN\eclipse_workspace\demoqa-automation\target\test-classes;C:\ASN\eclipse_workspace\demoqa-automation\target\classes;C:\Users\dell\.m2\repository\org\seleniumhq\selenium\selenium-java\4.35.0\selenium-java-4.35.0.jar;C:\Users\dell\.m2\repository\org\seleniumhq\selenium\selenium-api\4.35.0\selenium-api-4.35.0.jar;C:\Users\dell\.m2\repository\org\jspecify\jspecify\1.0.0\jspecify-1.0.0.jar;C:\Users\dell\.m2\repository\org\seleniumhq\selenium\selenium-chrome-driver\4.35.0\selenium-chrome-driver-4.35.0.jar;C:\Users\dell\.m2\repository\com\google\auto\service\auto-service-annotations\1.1.1\auto-service-annotations-1.1.1.jar;C:\Users\dell\.m2\repository\org\seleniumhq\selenium\selenium-chromium-driver\4.35.0\selenium-chromium-driver-4.35.0.jar;C:\Users\dell\.m2\repository\org\seleniumhq\selenium\selenium-devtools-v137\4.35.0\selenium-devtools-v137-4.35.0.jar;C:\Users\dell\.m2\repository\org\seleniumhq\selenium\selenium-devtools-v138\4.35.0\selenium-devtools-v138-4.35.0.jar;C:\Users\dell\.m2\repository\org\seleniumhq\selenium\selenium-devtools-v139\4.35.0\selenium-devtools-v139-4.35.0.jar;C:\Users\dell\.m2\repository\org\seleniumhq\selenium\selenium-edge-driver\4.35.0\selenium-edge-driver-4.35.0.jar;C:\Users\dell\.m2\repository\org\seleniumhq\selenium\selenium-firefox-driver\4.35.0\selenium-firefox-driver-4.35.0.jar;C:\Users\dell\.m2\repository\org\seleniumhq\selenium\selenium-http\4.35.0\selenium-http-4.35.0.jar;C:\Users\dell\.m2\repository\org\seleniumhq\selenium\selenium-ie-driver\4.35.0\selenium-ie-driver-4.35.0.jar;C:\Users\dell\.m2\repository\org\seleniumhq\selenium\selenium-remote-driver\4.35.0\selenium-remote-driver-4.35.0.jar;C:\Users\dell\.m2\repository\com\google\guava\guava\33.4.8-jre\guava-33.4.8-jre.jar;C:\Users\dell\.m2\repository\com\google\guava\failureaccess\1.0.3\failureaccess-1.0.3.jar;C:\Users\dell\.m2\repository\com\google\guava\listenablefuture\9999.0-empty-to-avoid-conflict-with-guava\listenablefuture-9999.0-empty-to-avoid-conflict-with-guava.jar;C:\Users\dell\.m2\repository\com\google\errorprone\error_prone_annotations\2.36.0\error_prone_annotations-2.36.0.jar;C:\Users\dell\.m2\repository\com\google\j2objc\j2objc-annotations\3.0.0\j2objc-annotations-3.0.0.jar;C:\Users\dell\.m2\repository\io\opentelemetry\opentelemetry-api\1.53.0\opentelemetry-api-1.53.0.jar;C:\Users\dell\.m2\repository\io\opentelemetry\opentelemetry-context\1.53.0\opentelemetry-context-1.53.0.jar;C:\Users\dell\.m2\repository\io\opentelemetry\opentelemetry-common\1.53.0\opentelemetry-common-1.53.0.jar;C:\Users\dell\.m2\repository\io\opentelemetry\opentelemetry-exporter-logging\1.53.0\opentelemetry-exporter-logging-1.53.0.jar;C:\Users\dell\.m2\repository\io\opentelemetry\opentelemetry-sdk-common\1.53.0\opentelemetry-sdk-common-1.53.0.jar;C:\Users\dell\.m2\repository\io\opentelemetry\opentelemetry-sdk-extension-autoconfigure-spi\1.53.0\opentelemetry-sdk-extension-autoconfigure-spi-1.53.0.jar;C:\Users\dell\.m2\repository\io\opentelemetry\opentelemetry-sdk-extension-autoconfigure\1.53.0\opentelemetry-sdk-extension-autoconfigure-1.53.0.jar;C:\Users\dell\.m2\repository\io\opentelemetry\opentelemetry-sdk-trace\1.53.0\opentelemetry-sdk-trace-1.53.0.jar;C:\Users\dell\.m2\repository\io\opentelemetry\opentelemetry-sdk\1.53.0\opentelemetry-sdk-1.53.0.jar;C:\Users\dell\.m2\repository\io\opentelemetry\opentelemetry-sdk-metrics\1.53.0\opentelemetry-sdk-metrics-1.53.0.jar;C:\Users\dell\.m2\repository\io\opentelemetry\opentelemetry-sdk-logs\1.53.0\opentelemetry-sdk-logs-1.53.0.jar;C:\Users\dell\.m2\repository\net\bytebuddy\byte-buddy\1.17.6\byte-buddy-1.17.6.jar;C:\Users\dell\.m2\repository\org\seleniumhq\selenium\selenium-safari-driver\4.35.0\selenium-safari-driver-4.35.0.jar;C:\Users\dell\.m2\repository\org\seleniumhq\selenium\selenium-support\4.35.0\selenium-support-4.35.0.jar;C:\Users\dell\.m2\repository\org\seleniumhq\selenium\selenium-manager\4.35.0\selenium-manager-4.35.0.jar;C:\Users\dell\.m2\repository\org\seleniumhq\selenium\selenium-json\4.35.0\selenium-json-4.35.0.jar;C:\Users\dell\.m2\repository\org\seleniumhq\selenium\selenium-os\4.35.0\selenium-os-4.35.0.jar;C:\Users\dell\.m2\repository\org\apache\commons\commons-exec\1.5.0\commons-exec-1.5.0.jar;C:\Users\dell\.m2\repository\org\testng\testng\7.11.0\testng-7.11.0.jar;C:\Users\dell\.m2\repository\org\slf4j\slf4j-api\2.0.16\slf4j-api-2.0.16.jar;C:\Users\dell\.m2\repository\org\jcommander\jcommander\1.83\jcommander-1.83.jar;C:\Users\dell\.m2\repository\org\webjars\jquery\3.7.1\jquery-3.7.1.jar;C:\Users\dell\.m2\repository\org\apache\logging\log4j\log4j-core\2.24.3\log4j-core-2.24.3.jar;C:\Users\dell\.m2\repository\org\apache\logging\log4j\log4j-api\2.24.3\log4j-api-2.24.3.jar;C:\Users\dell\.m2\repository\com\aventstack\extentreports\5.0.9\extentreports-5.0.9.jar;C:\Users\dell\.m2\repository\io\reactivex\rxjava3\rxjava\3.0.4\rxjava-3.0.4.jar;C:\Users\dell\.m2\repository\org\reactivestreams\reactive-streams\1.0.3\reactive-streams-1.0.3.jar;C:\Users\dell\.m2\repository\org\freemarker\freemarker\2.3.30\freemarker-2.3.30.jar;C:\Users\dell\.m2\repository\com\google\code\gson\gson\2.8.6\gson-2.8.6.jar;C:\Users\dell\.m2\repository\commons-io\commons-io\2.19.0\commons-io-2.19.0.jar;C:\Users\dell\.m2\repository\org\apache\poi\poi-ooxml\5.4.1\poi-ooxml-5.4.1.jar;C:\Users\dell\.m2\repository\org\apache\poi\poi\5.4.1\poi-5.4.1.jar;C:\Users\dell\.m2\repository\commons-codec\commons-codec\1.18.0\commons-codec-1.18.0.jar;C:\Users\dell\.m2\repository\org\apache\commons\commons-math3\3.6.1\commons-math3-3.6.1.jar;C:\Users\dell\.m2\repository\com\zaxxer\SparseBitSet\1.3\SparseBitSet-1.3.jar;C:\Users\dell\.m2\repository\org\apache\poi\poi-ooxml-lite\5.4.1\poi-ooxml-lite-5.4.1.jar;C:\Users\dell\.m2\repository\org\apache\xmlbeans\xmlbeans\5.3.0\xmlbeans-5.3.0.jar;C:\Users\dell\.m2\repository\org\apache\commons\commons-compress\1.27.1\commons-compress-1.27.1.jar;C:\Users\dell\.m2\repository\org\apache\commons\commons-lang3\3.16.0\commons-lang3-3.16.0.jar;C:\Users\dell\.m2\repository\com\github\virtuald\curvesapi\1.08\curvesapi-1.08.jar;C:\Users\dell\.m2\repository\org\apache\commons\commons-collections4\4.4\commons-collections4-4.4.jar;C:\Users\dell\.m2\repository\com\sun\mail\jakarta.mail\2.0.1\jakarta.mail-2.0.1.jar;C:\Users\dell\.m2\repository\com\sun\activation\jakarta.activation\2.0.1\jakarta.activation-2.0.1.jar;C:\Users\dell\.m2\repository\org\projectlombok\lombok\1.18.30\lombok-1.18.30.jar;"/>
    <property name="sun.cpu.endian" value="little"/>
    <property name="user.home" value="C:\Users\dell"/>
    <property name="user.language" value="en"/>
    <property name="java.specification.vendor" value="Oracle Corporation"/>
    <property name="java.version.date" value="2025-04-15"/>
    <property name="java.home" value="C:\Program Files\Java\jdk-21"/>
    <property name="file.separator" value="\"/>
    <property name="basedir" value="C:\ASN\eclipse_workspace\demoqa-automation"/>
    <property name="java.vm.compressedOopsMode" value="32-bit"/>
    <property name="line.separator" value="&#10;"/>
    <property name="java.vm.specification.vendor" value="Oracle Corporation"/>
    <property name="java.specification.name" value="Java Platform API Specification"/>
    <property name="surefire.real.class.path" value="C:\Users\dell\AppData\Local\Temp\surefire6826073695871038345\surefirebooter-20250911170259586_3.jar"/>
    <property name="user.script" value=""/>
    <property name="sun.management.compiler" value="HotSpot 64-Bit Tiered Compilers"/>
    <property name="java.runtime.version" value="21.0.7+8-LTS-245"/>
    <property name="user.name" value="dell"/>
    <property name="stdout.encoding" value="Cp1252"/>
    <property name="path.separator" value=";"/>
    <property name="os.version" value="10.0"/>
    <property name="java.runtime.name" value="Java(TM) SE Runtime Environment"/>
    <property name="file.encoding" value="UTF-8"/>
    <property name="java.vm.name" value="Java HotSpot(TM) 64-Bit Server VM"/>
    <property name="localRepository" value="C:\Users\dell\.m2\repository"/>
    <property name="java.vendor.url.bug" value="https://bugreport.java.com/bugreport/"/>
    <property name="java.io.tmpdir" value="C:\Users\dell\AppData\Local\Temp\"/>
    <property name="java.version" value="21.0.7"/>
    <property name="user.dir" value="C:\ASN\eclipse_workspace\demoqa-automation"/>
    <property name="os.arch" value="amd64"/>
    <property name="java.vm.specification.name" value="Java Virtual Machine Specification"/>
    <property name="sun.os.patch.level" value=""/>
    <property name="native.encoding" value="Cp1252"/>
    <property name="java.library.path" value="C:\Program Files\Java\jdk-21\bin;C:\WINDOWS\Sun\Java\bin;C:\WINDOWS\system32;C:\WINDOWS;C:\Program Files\Python313\Scripts\;C:\Program Files\Python313\;C:\Program Files\Common Files\Oracle\Java\javapath;C:\WINDOWS\system32;C:\WINDOWS;C:\WINDOWS\System32\Wbem;C:\WINDOWS\System32\WindowsPowerShell\v1.0\;C:\WINDOWS\System32\OpenSSH\;C:\Program Files\dotnet\;C:\Program Files\Java\jdk-17\bin;C:\ProgramData\Oracle\Java\javapath;C:\Program Files\PowerShell\7\;C:\Program Files\Java\jdk-21\bin;C:\ASN\apache-maven-3.9.9\bin;C:\Program Files\Git\cmd;C:\Users\dell\AppData\Local\Programs\Python\Python313\Scripts\;C:\Users\dell\AppData\Local\Programs\Python\Python313\;C:\Users\dell\AppData\Local\Programs\Python\Python310\Scripts\;C:\Users\dell\AppData\Local\Programs\Python\Python310\;C:\Users\dell\AppData\Local\Microsoft\WindowsApps;C:\Program Files\JetBrains\PyCharm Community Edition 2022.1.1\bin;;C:\Users\dell\AppData\Local\GitHubDesktop\bin;C:\Users\dell\AppData\Local\Programs\Microsoft VS Code\bin;C:\Users\dell\.dotnet\tools;."/>
    <property name="java.vm.info" value="mixed mode, sharing"/>
    <property name="stderr.encoding" value="Cp1252"/>
    <property name="java.vendor" value="Oracle Corporation"/>
    <property name="java.vm.version" value="21.0.7+8-LTS-245"/>
    <property name="sun.io.unicode.encoding" value="UnicodeLittle"/>
    <property name="java.class.version" value="65.0"/>
  </properties>
  <testcase name="accessAlertsFrameWindows" classname="tests.AlertsFramesWindowsTests" time="0.338">
    <system-out><![CDATA[2025-09-11T11:33:00.990713100Z main INFO Starting configuration XmlConfiguration[location=C:\ASN\eclipse_workspace\demoqa-automation\target\classes\log4j2.xml, lastModified=2025-09-11T04:15:37.379Z]...
2025-09-11T11:33:00.992968400Z main INFO Start watching for changes to C:\ASN\eclipse_workspace\demoqa-automation\target\classes\log4j2.xml every 0 seconds
2025-09-11T11:33:00.992968400Z main INFO Configuration XmlConfiguration[location=C:\ASN\eclipse_workspace\demoqa-automation\target\classes\log4j2.xml, lastModified=2025-09-11T04:15:37.379Z] started.
2025-09-11T11:33:00.996232800Z main INFO Stopping configuration org.apache.logging.log4j.core.config.DefaultConfiguration@46cdf8bd...
2025-09-11T11:33:00.998242400Z main INFO Configuration org.apache.logging.log4j.core.config.DefaultConfiguration@46cdf8bd stopped.
2025-09-11 17:03:01 [main] INFO  DriverFactory - 🌐 Starting Chrome Web Browser...
2025-09-11 17:03:01 [main] INFO  DriverFactory - ✅ Created temporary Chrome profile at C:\Users\dell\AppData\Local\Temp\chrome-profile-4944616763653027064
2025-09-11 17:03:03 [main] INFO  DriverFactory - 🚀 WebDriver started successfully
2025-09-11 17:03:03 [main] INFO  RetryUrlAccess - Navigating to URL (attempt 1): https://demoqa.com
2025-09-11 17:03:19 [main] INFO  demoqaBase - 🧪 Starting Test Alerts, Frames & Windows...
2025-09-11 17:03:19 [main] INFO  demoqaBase - Accessing Alerts, Frame & Windows Card...
Declared Instance WebDriverWait: org.openqa.selenium.support.ui.WebDriverWait@39109136
2025-09-11 17:03:19 [main] INFO  demoqaLog - Clicking on Alert Frame & Windows Card...
2025-09-11 17:03:20 [main] INFO  demoqaLog - Clicked on Alert Frame & Windows Card...
Title of this Page is: DEMOQA
You are Accessing: Alerts, Frame & Windows
2025-09-11 17:03:20 [main] INFO  demoqaBase - Alerts, Frame & Windows Card: Please select an item from left to start practice.
2025-09-11 17:03:20 [main] INFO  demoqaBase - ✅ Alerts, Frames & Windows Test Completed...
]]></system-out>
    <system-err><![CDATA[SLF4J(W): No SLF4J providers were found.
SLF4J(W): Defaulting to no-operation (NOP) logger implementation
SLF4J(W): See https://www.slf4j.org/codes.html#noProviders for further details.
]]></system-err>
  </testcase>
  <testcase name="browserWindows" classname="tests.AlertsFramesWindowsTests" time="0.554">
    <system-out><![CDATA[2025-09-11 17:03:20 [main] INFO  demoqaBase - Closing browser for test: accessAlertsFrameWindows
2025-09-11 17:03:20 [main] INFO  DriverFactory - 🌐 Starting Chrome Web Browser...
2025-09-11 17:03:20 [main] INFO  DriverFactory - ✅ Created temporary Chrome profile at C:\Users\dell\AppData\Local\Temp\chrome-profile-6703530320096471786
2025-09-11 17:03:21 [main] INFO  DriverFactory - 🚀 WebDriver started successfully
2025-09-11 17:03:21 [main] INFO  RetryUrlAccess - Navigating to URL (attempt 1): https://demoqa.com
2025-09-11 17:04:04 [main] INFO  demoqaBase - 🧪 Starting Test Alerts, Frames & Windows...
2025-09-11 17:04:04 [main] INFO  demoqaBase - Accessing Alerts, Frame & Windows Card...
Declared Instance WebDriverWait: org.openqa.selenium.support.ui.WebDriverWait@36f1046f
2025-09-11 17:04:04 [main] INFO  demoqaLog - Clicking on Alert Frame & Windows Card...
2025-09-11 17:04:04 [main] INFO  demoqaLog - Clicked on Alert Frame & Windows Card...
Title of this Page is: DEMOQA
You are Accessing: Alerts, Frame & Windows
2025-09-11 17:04:04 [main] INFO  demoqaBase - Alerts, Frame & Windows Card: Please select an item from left to start practice.
2025-09-11 17:04:04 [main] INFO  demoqaBase - Clicking on Alerts, Frame & Windows Card|Browser Windows...
You are now Accessing: Browser Windows
2025-09-11 17:04:05 [main] INFO  demoqaBase - You are now Accessing: Browser Windows
2025-09-11 17:04:05 [main] INFO  demoqaBase - ✅ Alerts, Frames & Windows|Browser Windows Test Completed...
]]></system-out>
  </testcase>
  <testcase name="browserWindowsNewTab" classname="tests.AlertsFramesWindowsTests" time="1.282">
    <system-out><![CDATA[2025-09-11 17:04:05 [main] INFO  demoqaBase - Closing browser for test: browserWindows
2025-09-11 17:04:05 [main] INFO  DriverFactory - 🌐 Starting Chrome Web Browser...
2025-09-11 17:04:05 [main] INFO  DriverFactory - ✅ Created temporary Chrome profile at C:\Users\dell\AppData\Local\Temp\chrome-profile-9788623611057664179
2025-09-11 17:04:06 [main] INFO  DriverFactory - 🚀 WebDriver started successfully
2025-09-11 17:04:06 [main] INFO  RetryUrlAccess - Navigating to URL (attempt 1): https://demoqa.com
2025-09-11 17:04:11 [main] INFO  demoqaBase - 🧪 Starting Test Alerts, Frames & Windows|New Tab...
2025-09-11 17:04:11 [main] INFO  demoqaBase - Accessing Alerts, Frame & Windows Card...
Declared Instance WebDriverWait: org.openqa.selenium.support.ui.WebDriverWait@5ae95707
2025-09-11 17:04:11 [main] INFO  demoqaLog - Clicking on Alert Frame & Windows Card...
2025-09-11 17:04:12 [main] INFO  demoqaLog - Clicked on Alert Frame & Windows Card...
Title of this Page is: DEMOQA
You are Accessing: Alerts, Frame & Windows
2025-09-11 17:04:12 [main] INFO  demoqaBase - Alerts, Frame & Windows Card: Please select an item from left to start practice.
2025-09-11 17:04:12 [main] INFO  demoqaBase - Clicking on Alerts, Frame & Windows Card|Browser Windows...
You are now Accessing: Browser Windows
2025-09-11 17:04:12 [main] INFO  demoqaBase - You are now Accessing: Browser Windows
2025-09-11 17:04:12 [main] INFO  demoqaBase - Initiating New Tab click sequence...
2025-09-11 17:04:12 [main] INFO  demoqaBase - Clicked New Tab button
2025-09-11 17:04:12 [main] INFO  demoqaBase - Switched to new tab: 9BCC97BB1C7FCC0BD8D5A1C36522018B
2025-09-11 17:04:13 [main] INFO  demoqaBase - New tab content: 'This is a sample page'
You are now accessing: This is a sample page
2025-09-11 17:04:13 [main] INFO  demoqaBase - ✅ Alerts, Frames & Windows|Browser Windows|New Tab Test Completed...
]]></system-out>
  </testcase>
  <testcase name="browserWindowsNewWindow" classname="tests.AlertsFramesWindowsTests" time="1.18">
    <system-out><![CDATA[2025-09-11 17:04:13 [main] INFO  demoqaBase - Closing browser for test: browserWindowsNewTab
2025-09-11 17:04:13 [main] INFO  DriverFactory - 🌐 Starting Chrome Web Browser...
2025-09-11 17:04:13 [main] INFO  DriverFactory - ✅ Created temporary Chrome profile at C:\Users\dell\AppData\Local\Temp\chrome-profile-3719988853410526889
2025-09-11 17:04:14 [main] INFO  DriverFactory - 🚀 WebDriver started successfully
2025-09-11 17:04:14 [main] INFO  RetryUrlAccess - Navigating to URL (attempt 1): https://demoqa.com
2025-09-11 17:04:29 [main] INFO  demoqaBase - 🧪 Starting Test Alerts, Frames & Windows|New Window...
2025-09-11 17:04:29 [main] INFO  demoqaBase - Accessing Alerts, Frame & Windows Card...
Declared Instance WebDriverWait: org.openqa.selenium.support.ui.WebDriverWait@5853495b
2025-09-11 17:04:29 [main] INFO  demoqaLog - Clicking on Alert Frame & Windows Card...
2025-09-11 17:04:29 [main] INFO  demoqaLog - Clicked on Alert Frame & Windows Card...
Title of this Page is: DEMOQA
You are Accessing: Alerts, Frame & Windows
2025-09-11 17:04:29 [main] INFO  demoqaBase - Alerts, Frame & Windows Card: Please select an item from left to start practice.
2025-09-11 17:04:29 [main] INFO  demoqaBase - Clicking on Alerts, Frame & Windows Card|Browser Windows...
You are now Accessing: Browser Windows
2025-09-11 17:04:29 [main] INFO  demoqaBase - You are now Accessing: Browser Windows
2025-09-11 17:04:29 [main] INFO  demoqaBase - Initiating New Window click sequence...
2025-09-11 17:04:30 [main] INFO  demoqaBase - Clicked New Window button
2025-09-11 17:04:30 [main] INFO  demoqaBase - Switched to new tab: 39B26C8675518FD2CF8935714340E494
2025-09-11 17:04:30 [main] INFO  demoqaBase - New tab content: 'This is a sample page'
You are now accessing: This is a sample page
2025-09-11 17:04:30 [main] INFO  demoqaBase - ✅ Alerts, Frames & Windows|Browser Windows|New Window Test Completed...
]]></system-out>
  </testcase>
  <testcase name="browserWindowsNewWindowMsg" classname="tests.AlertsFramesWindowsTests" time="1.364">
    <system-out><![CDATA[2025-09-11 17:04:30 [main] INFO  demoqaBase - Closing browser for test: browserWindowsNewWindow
2025-09-11 17:04:32 [main] INFO  DriverFactory - 🌐 Starting Chrome Web Browser...
2025-09-11 17:04:32 [main] INFO  DriverFactory - ✅ Created temporary Chrome profile at C:\Users\dell\AppData\Local\Temp\chrome-profile-9405173491698213354
2025-09-11 17:04:35 [main] INFO  DriverFactory - 🚀 WebDriver started successfully
2025-09-11 17:04:35 [main] INFO  RetryUrlAccess - Navigating to URL (attempt 1): https://demoqa.com
2025-09-11 17:05:06 [main] INFO  demoqaBase - 🧪 Starting Test Alerts, Frames & Windows|New Window Message...
2025-09-11 17:05:06 [main] INFO  demoqaBase - Accessing Alerts, Frame & Windows Card...
Declared Instance WebDriverWait: org.openqa.selenium.support.ui.WebDriverWait@53ec2968
2025-09-11 17:05:06 [main] INFO  demoqaLog - Clicking on Alert Frame & Windows Card...
2025-09-11 17:05:07 [main] INFO  demoqaLog - Clicked on Alert Frame & Windows Card...
Title of this Page is: DEMOQA
You are Accessing: Alerts, Frame & Windows
2025-09-11 17:05:07 [main] INFO  demoqaBase - Alerts, Frame & Windows Card: Please select an item from left to start practice.
2025-09-11 17:05:07 [main] INFO  demoqaBase - Clicking on Alerts, Frame & Windows Card|Browser Windows...
You are now Accessing: Browser Windows
2025-09-11 17:05:07 [main] INFO  demoqaBase - You are now Accessing: Browser Windows
2025-09-11 17:05:07 [main] INFO  demoqaBase - 🔍 Starting 'New Window Message' click sequence...
2025-09-11 17:05:08 [main] INFO  demoqaBase - 🔀 Switched to new window: 53019923413DBEA16072C307774EF543
2025-09-11 17:05:08 [main] INFO  demoqaBase - ✅ Verified new popup window opened successfully.
2025-09-11 17:05:08 [main] INFO  demoqaBase - ↩️ Switched back to original window: B20CFBF5A8C06D71F97CF14D8B091BE8
2025-09-11 17:05:08 [main] INFO  demoqaBase - ✅ 'New Window Message' flow completed successfully.
2025-09-11 17:05:08 [main] INFO  demoqaBase - ✅ Alerts, Frames & Windows|Browser Windows|New Window Message Test Completed...
]]></system-out>
  </testcase>
  <testcase name="ClickAlerts" classname="tests.AlertsFramesWindowsTests" time="0.534">
    <system-out><![CDATA[2025-09-11 17:05:08 [main] INFO  demoqaBase - Closing browser for test: browserWindowsNewWindowMsg
2025-09-11 17:05:08 [main] INFO  DriverFactory - 🌐 Starting Chrome Web Browser...
2025-09-11 17:05:08 [main] INFO  DriverFactory - ✅ Created temporary Chrome profile at C:\Users\dell\AppData\Local\Temp\chrome-profile-6713691361459795925
2025-09-11 17:05:09 [main] INFO  DriverFactory - 🚀 WebDriver started successfully
2025-09-11 17:05:09 [main] INFO  RetryUrlAccess - Navigating to URL (attempt 1): https://demoqa.com
2025-09-11 17:05:14 [main] INFO  demoqaBase - 🧪 Starting Test Alerts, Frames & Windows|New Window Message...
2025-09-11 17:05:14 [main] INFO  demoqaBase - Accessing Alerts, Frame & Windows Card...
Declared Instance WebDriverWait: org.openqa.selenium.support.ui.WebDriverWait@4bd51d3e
2025-09-11 17:05:14 [main] INFO  demoqaLog - Clicking on Alert Frame & Windows Card...
2025-09-11 17:05:14 [main] INFO  demoqaLog - Clicked on Alert Frame & Windows Card...
Title of this Page is: DEMOQA
You are Accessing: Alerts, Frame & Windows
2025-09-11 17:05:14 [main] INFO  demoqaBase - Alerts, Frame & Windows Card: Please select an item from left to start practice.
2025-09-11 17:05:14 [main] INFO  demoqaBase - 🔍 Starting test for Alerts click ..
2025-09-11 17:05:14 [main] INFO  demoqaBase - ✅ Clicked on Alerts...
2025-09-11 17:05:15 [main] INFO  demoqaBase - Page Title is: Alerts
2025-09-11 17:05:15 [main] INFO  demoqaBase - ✅ Alerts, Frames & Windows|Alerts Test Completed...
]]></system-out>
  </testcase>
  <testcase name="ClickToSeeAlerts" classname="tests.AlertsFramesWindowsTests" time="6.27">
    <system-out><![CDATA[2025-09-11 17:05:15 [main] INFO  demoqaBase - Closing browser for test: ClickAlerts
2025-09-11 17:05:15 [main] INFO  DriverFactory - 🌐 Starting Chrome Web Browser...
2025-09-11 17:05:15 [main] INFO  DriverFactory - ✅ Created temporary Chrome profile at C:\Users\dell\AppData\Local\Temp\chrome-profile-3291571071227492268
2025-09-11 17:05:16 [main] INFO  DriverFactory - 🚀 WebDriver started successfully
2025-09-11 17:05:16 [main] INFO  RetryUrlAccess - Navigating to URL (attempt 1): https://demoqa.com
2025-09-11 17:05:21 [main] INFO  demoqaBase - 🧪 Starting Test Alerts, Frames & Windows|Alerts|Click button to see Alert...
2025-09-11 17:05:21 [main] INFO  demoqaBase - Accessing Alerts, Frame & Windows Card...
Declared Instance WebDriverWait: org.openqa.selenium.support.ui.WebDriverWait@2aa7399c
2025-09-11 17:05:21 [main] INFO  demoqaLog - Clicking on Alert Frame & Windows Card...
2025-09-11 17:05:21 [main] INFO  demoqaLog - Clicked on Alert Frame & Windows Card...
Title of this Page is: DEMOQA
You are Accessing: Alerts, Frame & Windows
2025-09-11 17:05:21 [main] INFO  demoqaBase - Alerts, Frame & Windows Card: Please select an item from left to start practice.
2025-09-11 17:05:21 [main] INFO  demoqaBase - 🔍 Starting test for Alerts click ..
2025-09-11 17:05:21 [main] INFO  demoqaBase - ✅ Clicked on Alerts...
2025-09-11 17:05:22 [main] INFO  demoqaBase - Page Title is: Alerts
2025-09-11 17:05:22 [main] INFO  demoqaBase - 🔍 Starting test for On button click, alert will appear after 5 seconds...
2025-09-11 17:05:22 [main] INFO  demoqaBase - ✅ Clicked on Click Button to see Alert after 5 seconds...
2025-09-11 17:05:27 [main] INFO  demoqaBase - ✅ On button click, alert will appear after 5 seconds, message is: This alert appeared after 5 seconds
2025-09-11 17:05:27 [main] INFO  demoqaBase - ✅ Alerts, Frames & Windows|Alerts|Click button to see Alert Test Completed...
]]></system-out>
  </testcase>
  <testcase name="ClickAcceptConfirmationBox" classname="tests.AlertsFramesWindowsTests" time="71.067">
    <failure message="❌ smartClick failed after 3 attempts" type="java.lang.RuntimeException"><![CDATA[java.lang.RuntimeException: ❌ smartClick failed after 3 attempts
	at utils.ClickHandler.smartClick(ClickHandler.java:87)
	at pages.homePage.clickAlertsFrameWindowsCard(homePage.java:36)
	at pages.alertsframewindowsPage.accessAlertFramesWindows(alertsframewindowsPage.java:147)
	at tests.AlertsFramesWindowsTests.ClickAcceptConfirmationBox(AlertsFramesWindowsTests.java:111)
	at java.base/jdk.internal.reflect.DirectMethodHandleAccessor.invoke(DirectMethodHandleAccessor.java:103)
	at java.base/java.lang.reflect.Method.invoke(Method.java:580)
	at org.testng.internal.invokers.MethodInvocationHelper.invokeMethod(MethodInvocationHelper.java:141)
	at org.testng.internal.invokers.TestInvoker.invokeMethod(TestInvoker.java:687)
	at org.testng.internal.invokers.TestInvoker.invokeTestMethod(TestInvoker.java:230)
	at org.testng.internal.invokers.MethodRunner.runInSequence(MethodRunner.java:63)
	at org.testng.internal.invokers.TestInvoker$MethodInvocationAgent.invoke(TestInvoker.java:995)
	at org.testng.internal.invokers.TestInvoker.invokeTestMethods(TestInvoker.java:203)
	at org.testng.internal.invokers.TestMethodWorker.invokeTestMethods(TestMethodWorker.java:154)
	at org.testng.internal.invokers.TestMethodWorker.run(TestMethodWorker.java:134)
	at java.base/java.util.ArrayList.forEach(ArrayList.java:1596)
	at org.testng.TestRunner.privateRun(TestRunner.java:741)
	at org.testng.TestRunner.run(TestRunner.java:616)
	at org.testng.SuiteRunner.runTest(SuiteRunner.java:421)
	at org.testng.SuiteRunner.runSequentially(SuiteRunner.java:413)
	at org.testng.SuiteRunner.privateRun(SuiteRunner.java:373)
	at org.testng.SuiteRunner.run(SuiteRunner.java:312)
	at org.testng.SuiteRunnerWorker.runSuite(SuiteRunnerWorker.java:52)
	at org.testng.SuiteRunnerWorker.run(SuiteRunnerWorker.java:95)
	at org.testng.TestNG.runSuitesSequentially(TestNG.java:1274)
	at org.testng.TestNG.runSuitesLocally(TestNG.java:1208)
	at org.testng.TestNG.runSuites(TestNG.java:1112)
	at org.testng.TestNG.run(TestNG.java:1079)
	at org.apache.maven.surefire.testng.TestNGExecutor.run(TestNGExecutor.java:155)
	at org.apache.maven.surefire.testng.TestNGDirectoryTestSuite.executeMulti(TestNGDirectoryTestSuite.java:169)
	at org.apache.maven.surefire.testng.TestNGDirectoryTestSuite.execute(TestNGDirectoryTestSuite.java:88)
	at org.apache.maven.surefire.testng.TestNGProvider.invoke(TestNGProvider.java:137)
	at org.apache.maven.surefire.booter.ForkedBooter.runSuitesInProcess(ForkedBooter.java:385)
	at org.apache.maven.surefire.booter.ForkedBooter.execute(ForkedBooter.java:162)
	at org.apache.maven.surefire.booter.ForkedBooter.run(ForkedBooter.java:507)
	at org.apache.maven.surefire.booter.ForkedBooter.main(ForkedBooter.java:495)
Caused by: org.openqa.selenium.NoSuchElementException: no such element: Unable to locate element: {"method":"xpath","selector":"//body/div[@id='app']/div[@class='body-height']/div[@class='home-content']/div[@class='home-body']/div[@class='category-cards']/div[3]/div[1]"}
  (Session info: chrome=137.0.7151.120)
For documentation on this error, please visit: https://www.selenium.dev/documentation/webdriver/troubleshooting/errors#no-such-element-exception
Build info: version: '4.35.0', revision: '1c58e5028b'
System info: os.name: 'Windows 11', os.arch: 'amd64', os.version: '10.0', java.version: '21.0.7'
Driver info: org.openqa.selenium.chrome.ChromeDriver
Command: [29f6118a2c1cb2fa1b34a509788e26f7, findElement {using=xpath, value=//body/div[@id='app']/div[@class='body-height']/div[@class='home-content']/div[@class='home-body']/div[@class='category-cards']/div[3]/div[1]}]
Capabilities {acceptInsecureCerts: false, browserName: chrome, browserVersion: 137.0.7151.120, chrome: {chromedriverVersion: 137.0.7151.119 (e0ac9d12dff..., userDataDir: C:\Users\dell\AppData\Local...}, fedcm:accounts: true, goog:chromeOptions: {debuggerAddress: localhost:50858}, networkConnectionEnabled: false, pageLoadStrategy: normal, platformName: windows, proxy: Proxy(), se:cdp: ws://localhost:50858/devtoo..., se:cdpVersion: 137.0.7151.120, setWindowRect: true, strictFileInteractability: false, timeouts: {implicit: 0, pageLoad: 300000, script: 30000}, unhandledPromptBehavior: dismiss and notify, webauthn:extension:credBlob: true, webauthn:extension:largeBlob: true, webauthn:extension:minPinLength: true, webauthn:extension:prf: true, webauthn:virtualAuthenticators: true}
Session ID: 29f6118a2c1cb2fa1b34a509788e26f7
	at java.base/jdk.internal.reflect.DirectConstructorHandleAccessor.newInstance(DirectConstructorHandleAccessor.java:62)
	at java.base/java.lang.reflect.Constructor.newInstanceWithCaller(Constructor.java:502)
	at java.base/java.lang.reflect.Constructor.newInstance(Constructor.java:486)
	at org.openqa.selenium.remote.ErrorCodec.decode(ErrorCodec.java:167)
	at org.openqa.selenium.remote.codec.w3c.W3CHttpResponseCodec.decode(W3CHttpResponseCodec.java:138)
	at org.openqa.selenium.remote.codec.w3c.W3CHttpResponseCodec.decode(W3CHttpResponseCodec.java:50)
	at org.openqa.selenium.remote.HttpCommandExecutor.execute(HttpCommandExecutor.java:215)
	at org.openqa.selenium.remote.service.DriverCommandExecutor.invokeExecute(DriverCommandExecutor.java:216)
	at org.openqa.selenium.remote.service.DriverCommandExecutor.execute(DriverCommandExecutor.java:174)
	at org.openqa.selenium.remote.RemoteWebDriver.execute(RemoteWebDriver.java:557)
	at org.openqa.selenium.remote.ElementLocation$ElementFinder$2.findElement(ElementLocation.java:165)
	at org.openqa.selenium.remote.ElementLocation.findElement(ElementLocation.java:59)
	at org.openqa.selenium.remote.RemoteWebDriver.findElement(RemoteWebDriver.java:380)
	at org.openqa.selenium.remote.RemoteWebDriver.findElement(RemoteWebDriver.java:374)
	at utils.ClickHandler.smartClick(ClickHandler.java:66)
	... 34 more
]]></failure>
    <system-out><![CDATA[2025-09-11 17:05:27 [main] INFO  demoqaBase - Closing browser for test: ClickToSeeAlerts
2025-09-11 17:05:28 [main] INFO  DriverFactory - 🌐 Starting Chrome Web Browser...
2025-09-11 17:05:28 [main] INFO  DriverFactory - ✅ Created temporary Chrome profile at C:\Users\dell\AppData\Local\Temp\chrome-profile-13077872083480452444
2025-09-11 17:05:29 [main] INFO  DriverFactory - 🚀 WebDriver started successfully
2025-09-11 17:05:29 [main] INFO  RetryUrlAccess - Navigating to URL (attempt 1): https://demoqa.com
2025-09-11 17:05:30 [main] INFO  demoqaBase - 🧪 Starting Test Alerts, Frames & Windows|AlertsOn button click, confirm box will appear, Accept...
2025-09-11 17:05:30 [main] INFO  demoqaBase - Accessing Alerts, Frame & Windows Card...
Declared Instance WebDriverWait: org.openqa.selenium.support.ui.WebDriverWait@670f2466
2025-09-11 17:05:30 [main] INFO  demoqaLog - Clicking on Alert Frame & Windows Card...
]]></system-out>
  </testcase>
  <testcase name="ClickDenyConfirmationBox" classname="tests.AlertsFramesWindowsTests" time="1.078">
    <system-out><![CDATA[Path for Screenshot is: C:\ASN\eclipse_workspace\demoqa-automation/screenshots/ClickAcceptConfirmationBox_Failed_20250911_170641+2025-09-11_17-06-41.png
2025-09-11 17:06:41 [main] ERROR demoqaBase - ❌ Test ClickAcceptConfirmationBox failed. Screenshot captured.
2025-09-11 17:06:41 [main] INFO  demoqaBase - Closing browser for test: ClickAcceptConfirmationBox
2025-09-11 17:06:41 [main] INFO  DriverFactory - 🌐 Starting Chrome Web Browser...
2025-09-11 17:06:41 [main] INFO  DriverFactory - ✅ Created temporary Chrome profile at C:\Users\dell\AppData\Local\Temp\chrome-profile-2514825206690062428
2025-09-11 17:06:42 [main] INFO  DriverFactory - 🚀 WebDriver started successfully
2025-09-11 17:06:42 [main] INFO  RetryUrlAccess - Navigating to URL (attempt 1): https://demoqa.com
2025-09-11 17:07:12 [main] INFO  demoqaBase - 🧪 Starting Test Alerts, Frames & Windows|Alerts|On button click, confirm box will appear, Deny...
2025-09-11 17:07:12 [main] INFO  demoqaBase - Accessing Alerts, Frame & Windows Card...
Declared Instance WebDriverWait: org.openqa.selenium.support.ui.WebDriverWait@3b41e1bf
2025-09-11 17:07:12 [main] INFO  demoqaLog - Clicking on Alert Frame & Windows Card...
2025-09-11 17:07:13 [main] INFO  demoqaLog - Clicked on Alert Frame & Windows Card...
Title of this Page is: DEMOQA
You are Accessing: Alerts, Frame & Windows
2025-09-11 17:07:13 [main] INFO  demoqaBase - Alerts, Frame & Windows Card: Please select an item from left to start practice.
2025-09-11 17:07:13 [main] INFO  demoqaBase - 🔍 Starting test for Alerts click ..
2025-09-11 17:07:13 [main] INFO  demoqaBase - ✅ Clicked on Alerts...
2025-09-11 17:07:13 [main] INFO  demoqaBase - Page Title is: Alerts
2025-09-11 17:07:13 [main] INFO  demoqaBase - 🔍 Starting test for On button click, confirm box will appear, Deny...
2025-09-11 17:07:13 [main] INFO  demoqaBase - ✅ Clicked On button click, confirm box will appear, Deny...
2025-09-11 17:07:13 [main] INFO  demoqaBase - ✅ On button click, confirm box will appear, message is: Do you confirm action?
2025-09-11 17:07:13 [main] INFO  demoqaBase - ✅ Your Selection was: You selected Cancel
2025-09-11 17:07:13 [main] INFO  demoqaBase - ✅ Alerts, Frames & Windows|Alerts|On button click, confirm box will appear, Deny Test Completed...
]]></system-out>
  </testcase>
  <testcase name="ClickPromptBoxFill" classname="tests.AlertsFramesWindowsTests" time="1.313">
    <system-out><![CDATA[2025-09-11 17:07:13 [main] INFO  demoqaBase - Closing browser for test: ClickDenyConfirmationBox
2025-09-11 17:07:14 [main] INFO  DriverFactory - 🌐 Starting Chrome Web Browser...
2025-09-11 17:07:14 [main] INFO  DriverFactory - ✅ Created temporary Chrome profile at C:\Users\dell\AppData\Local\Temp\chrome-profile-5915759300344817874
2025-09-11 17:07:15 [main] INFO  DriverFactory - 🚀 WebDriver started successfully
2025-09-11 17:07:15 [main] INFO  RetryUrlAccess - Navigating to URL (attempt 1): https://demoqa.com
2025-09-11 17:07:28 [main] INFO  demoqaBase - 🧪 Starting Test Alerts, Frames & Windows|Alerts|On button click, prompt box will appear, Fill data...
2025-09-11 17:07:28 [main] INFO  demoqaBase - Accessing Alerts, Frame & Windows Card...
Declared Instance WebDriverWait: org.openqa.selenium.support.ui.WebDriverWait@1b8aaeab
2025-09-11 17:07:28 [main] INFO  demoqaLog - Clicking on Alert Frame & Windows Card...
2025-09-11 17:07:29 [main] INFO  demoqaLog - Clicked on Alert Frame & Windows Card...
Title of this Page is: DEMOQA
You are Accessing: Alerts, Frame & Windows
2025-09-11 17:07:29 [main] INFO  demoqaBase - Alerts, Frame & Windows Card: Please select an item from left to start practice.
2025-09-11 17:07:29 [main] INFO  demoqaBase - 🔍 Starting test for Alerts click ..
2025-09-11 17:07:29 [main] INFO  demoqaBase - ✅ Clicked on Alerts...
2025-09-11 17:07:29 [main] INFO  demoqaBase - Page Title is: Alerts
2025-09-11 17:07:29 [main] INFO  demoqaBase - 🔍 Starting test for On button click, prompt box will appear, Fill data...
2025-09-11 17:07:29 [main] INFO  demoqaBase - ✅ Clicked On button click, prompt box will appear, Fill data...
2025-09-11 17:07:29 [main] INFO  demoqaBase - ✅ On button click, prompt box will appear, message is: Please enter your name
2025-09-11 17:07:29 [main] INFO  demoqaBase - ✅ Your Selection was: You entered Java Selenium
2025-09-11 17:07:29 [main] INFO  demoqaBase - ✅ Alerts, Frames & Windows|Alerts|On button click, prompt box will appear, Fill data Test Completed...
]]></system-out>
  </testcase>
  <testcase name="ClickFrames" classname="tests.AlertsFramesWindowsTests" time="1.274">
    <system-out><![CDATA[2025-09-11 17:07:29 [main] INFO  demoqaBase - Closing browser for test: ClickPromptBoxFill
2025-09-11 17:07:30 [main] INFO  DriverFactory - 🌐 Starting Chrome Web Browser...
2025-09-11 17:07:30 [main] INFO  DriverFactory - ✅ Created temporary Chrome profile at C:\Users\dell\AppData\Local\Temp\chrome-profile-15828924480666915998
2025-09-11 17:07:32 [main] INFO  DriverFactory - 🚀 WebDriver started successfully
2025-09-11 17:07:32 [main] INFO  RetryUrlAccess - Navigating to URL (attempt 1): https://demoqa.com
2025-09-11 17:07:36 [main] INFO  demoqaBase - 🧪 Starting Test Alerts, Frames & Windows|Frames...
2025-09-11 17:07:36 [main] INFO  demoqaBase - Accessing Alerts, Frame & Windows Card...
Declared Instance WebDriverWait: org.openqa.selenium.support.ui.WebDriverWait@7b5021d1
2025-09-11 17:07:36 [main] INFO  demoqaLog - Clicking on Alert Frame & Windows Card...
2025-09-11 17:07:37 [main] INFO  demoqaLog - Clicked on Alert Frame & Windows Card...
Title of this Page is: DEMOQA
You are Accessing: Alerts, Frame & Windows
2025-09-11 17:07:37 [main] INFO  demoqaBase - Alerts, Frame & Windows Card: Please select an item from left to start practice.
2025-09-11 17:07:37 [main] INFO  demoqaBase - 🔍 Starting test for Frames click ..
2025-09-11 17:07:37 [main] INFO  demoqaBase - ✅ Clicked on Frames...
2025-09-11 17:07:38 [main] INFO  demoqaBase - Page Title is: Frames
2025-09-11 17:07:38 [main] INFO  demoqaBase - ✅ Alerts, Frames & Windows|Frames Test Completed...
]]></system-out>
  </testcase>
  <testcase name="GetFrame1" classname="tests.AlertsFramesWindowsTests" time="0.94">
    <system-out><![CDATA[2025-09-11 17:07:38 [main] INFO  demoqaBase - Closing browser for test: ClickFrames
2025-09-11 17:07:38 [main] INFO  DriverFactory - 🌐 Starting Chrome Web Browser...
2025-09-11 17:07:38 [main] INFO  DriverFactory - ✅ Created temporary Chrome profile at C:\Users\dell\AppData\Local\Temp\chrome-profile-17842848455028473630
2025-09-11 17:07:40 [main] INFO  DriverFactory - 🚀 WebDriver started successfully
2025-09-11 17:07:40 [main] INFO  RetryUrlAccess - Navigating to URL (attempt 1): https://demoqa.com
2025-09-11 17:07:54 [main] INFO  demoqaBase - 🧪 Starting Test Alerts, Frames & Windows|Frames|Frame1 message...
2025-09-11 17:07:54 [main] INFO  demoqaBase - Accessing Alerts, Frame & Windows Card...
Declared Instance WebDriverWait: org.openqa.selenium.support.ui.WebDriverWait@38f617f4
2025-09-11 17:07:54 [main] INFO  demoqaLog - Clicking on Alert Frame & Windows Card...
2025-09-11 17:07:55 [main] INFO  demoqaLog - Clicked on Alert Frame & Windows Card...
Title of this Page is: DEMOQA
You are Accessing: Alerts, Frame & Windows
2025-09-11 17:07:55 [main] INFO  demoqaBase - Alerts, Frame & Windows Card: Please select an item from left to start practice.
2025-09-11 17:07:55 [main] INFO  demoqaBase - 🔍 Starting test for Frames click ..
2025-09-11 17:07:55 [main] INFO  demoqaBase - ✅ Clicked on Frames...
2025-09-11 17:07:55 [main] INFO  demoqaBase - Page Title is: Frames
2025-09-11 17:07:55 [main] INFO  demoqaBase - 🔍 Starting test for Frames|Frame1 Message...
2025-09-11 17:07:55 [main] INFO  demoqaBase - ✅ Switched to Frame1...
2025-09-11 17:07:55 [main] INFO  demoqaBase - Frame1 contains: This is a sample page
2025-09-11 17:07:55 [main] INFO  demoqaBase - ✅ Alerts, Frames & Windows|Frames|Frame1 message Test Completed...
]]></system-out>
  </testcase>
  <testcase name="GetFrame2" classname="tests.AlertsFramesWindowsTests" time="1.384">
    <system-out><![CDATA[2025-09-11 17:07:55 [main] INFO  demoqaBase - Closing browser for test: GetFrame1
2025-09-11 17:07:56 [main] INFO  DriverFactory - 🌐 Starting Chrome Web Browser...
2025-09-11 17:07:56 [main] INFO  DriverFactory - ✅ Created temporary Chrome profile at C:\Users\dell\AppData\Local\Temp\chrome-profile-16926681638577291824
2025-09-11 17:07:57 [main] INFO  DriverFactory - 🚀 WebDriver started successfully
2025-09-11 17:07:57 [main] INFO  RetryUrlAccess - Navigating to URL (attempt 1): https://demoqa.com
2025-09-11 17:08:12 [main] INFO  demoqaBase - 🧪 Starting Test Alerts, Frames & Windows|Frames|Frame2 message...
2025-09-11 17:08:12 [main] INFO  demoqaBase - Accessing Alerts, Frame & Windows Card...
Declared Instance WebDriverWait: org.openqa.selenium.support.ui.WebDriverWait@64f3ca6
2025-09-11 17:08:12 [main] INFO  demoqaLog - Clicking on Alert Frame & Windows Card...
2025-09-11 17:08:12 [main] INFO  demoqaLog - Clicked on Alert Frame & Windows Card...
Title of this Page is: DEMOQA
You are Accessing: Alerts, Frame & Windows
2025-09-11 17:08:12 [main] INFO  demoqaBase - Alerts, Frame & Windows Card: Please select an item from left to start practice.
2025-09-11 17:08:12 [main] INFO  demoqaBase - 🔍 Starting test for Frames click ..
2025-09-11 17:08:12 [main] INFO  demoqaBase - ✅ Clicked on Frames...
2025-09-11 17:08:12 [main] INFO  demoqaBase - Page Title is: Frames
2025-09-11 17:08:12 [main] INFO  demoqaBase - 🔍 Starting test for Frames|Frame2 Message...
2025-09-11 17:08:13 [main] INFO  demoqaBase - ✅ Switched to Frame2...
2025-09-11 17:08:13 [main] INFO  demoqaBase - Frame2 contains: This is a sample page
2025-09-11 17:08:13 [main] INFO  demoqaBase - ✅ Alerts, Frames & Windows|Frames|Frame2 message Test Completed...
]]></system-out>
  </testcase>
  <testcase name="ClickModalDialogs" classname="tests.AlertsFramesWindowsTests" time="0.415">
    <system-out><![CDATA[2025-09-11 17:08:13 [main] INFO  demoqaBase - Closing browser for test: GetFrame2
2025-09-11 17:08:15 [main] INFO  DriverFactory - 🌐 Starting Chrome Web Browser...
2025-09-11 17:08:15 [main] INFO  DriverFactory - ✅ Created temporary Chrome profile at C:\Users\dell\AppData\Local\Temp\chrome-profile-813612857333656601
2025-09-11 17:08:19 [main] INFO  DriverFactory - 🚀 WebDriver started successfully
2025-09-11 17:08:19 [main] INFO  RetryUrlAccess - Navigating to URL (attempt 1): https://demoqa.com
2025-09-11 17:08:45 [main] INFO  demoqaBase - 🧪 Starting Test Alerts, Frames & Windows|Modal Dialogs...
2025-09-11 17:08:45 [main] INFO  demoqaBase - Accessing Alerts, Frame & Windows Card...
Declared Instance WebDriverWait: org.openqa.selenium.support.ui.WebDriverWait@20fcea37
2025-09-11 17:08:45 [main] INFO  demoqaLog - Clicking on Alert Frame & Windows Card...
2025-09-11 17:08:45 [main] INFO  demoqaLog - Clicked on Alert Frame & Windows Card...
Title of this Page is: DEMOQA
You are Accessing: Alerts, Frame & Windows
2025-09-11 17:08:45 [main] INFO  demoqaBase - Alerts, Frame & Windows Card: Please select an item from left to start practice.
2025-09-11 17:08:45 [main] INFO  demoqaBase - 🔍 Starting test for Frames|Modal Dialogs click ..
2025-09-11 17:08:45 [main] INFO  demoqaBase - ✅ Clicked on Modal Dialogs...
2025-09-11 17:08:45 [main] INFO  demoqaBase - Page Title is: Modal Dialogs
2025-09-11 17:08:45 [main] INFO  demoqaBase - ✅ Alerts, Frames & Windows|Modal Dialogs Test Completed...
]]></system-out>
  </testcase>
  <testcase name="ClickNestedFrames" classname="tests.AlertsFramesWindowsTests" time="0.501">
    <system-out><![CDATA[2025-09-11 17:08:45 [main] INFO  demoqaBase - Closing browser for test: ClickModalDialogs
2025-09-11 17:08:45 [main] INFO  DriverFactory - 🌐 Starting Chrome Web Browser...
2025-09-11 17:08:45 [main] INFO  DriverFactory - ✅ Created temporary Chrome profile at C:\Users\dell\AppData\Local\Temp\chrome-profile-2132212746657563401
2025-09-11 17:08:47 [main] INFO  DriverFactory - 🚀 WebDriver started successfully
2025-09-11 17:08:47 [main] INFO  RetryUrlAccess - Navigating to URL (attempt 1): https://demoqa.com
2025-09-11 17:08:58 [main] INFO  demoqaBase - 🧪 Starting Test Alerts, Frames & Windows|Nested Frames...
2025-09-11 17:08:58 [main] INFO  demoqaBase - Accessing Alerts, Frame & Windows Card...
Declared Instance WebDriverWait: org.openqa.selenium.support.ui.WebDriverWait@5c1c9881
2025-09-11 17:08:58 [main] INFO  demoqaLog - Clicking on Alert Frame & Windows Card...
2025-09-11 17:08:58 [main] INFO  demoqaLog - Clicked on Alert Frame & Windows Card...
Title of this Page is: DEMOQA
You are Accessing: Alerts, Frame & Windows
2025-09-11 17:08:59 [main] INFO  demoqaBase - Alerts, Frame & Windows Card: Please select an item from left to start practice.
2025-09-11 17:08:59 [main] INFO  demoqaBase - 🔍 Starting test for Frames|Nested Frames click ..
2025-09-11 17:08:59 [main] INFO  demoqaBase - ✅ Clicked on Nested Frames...
2025-09-11 17:08:59 [main] INFO  demoqaBase - Page Title is: Nested Frames
2025-09-11 17:08:59 [main] INFO  demoqaBase - ✅ Alerts, Frames & Windows|Nested Frames Test Completed...
]]></system-out>
  </testcase>
  <testcase name="ClickLargeModal" classname="tests.AlertsFramesWindowsTests" time="1.191">
    <system-out><![CDATA[2025-09-11 17:08:59 [main] INFO  demoqaBase - Closing browser for test: ClickNestedFrames
2025-09-11 17:08:59 [main] INFO  DriverFactory - 🌐 Starting Chrome Web Browser...
2025-09-11 17:08:59 [main] INFO  DriverFactory - ✅ Created temporary Chrome profile at C:\Users\dell\AppData\Local\Temp\chrome-profile-1448952212368886753
2025-09-11 17:09:00 [main] INFO  DriverFactory - 🚀 WebDriver started successfully
2025-09-11 17:09:00 [main] INFO  RetryUrlAccess - Navigating to URL (attempt 1): https://demoqa.com
2025-09-11 17:09:12 [main] INFO  demoqaBase - 🧪 Starting Test Alerts, Frames & Windows|Modal Dialogs|Large Modal...
2025-09-11 17:09:12 [main] INFO  demoqaBase - Accessing Alerts, Frame & Windows Card...
Declared Instance WebDriverWait: org.openqa.selenium.support.ui.WebDriverWait@2e93108a
2025-09-11 17:09:12 [main] INFO  demoqaLog - Clicking on Alert Frame & Windows Card...
2025-09-11 17:09:12 [main] INFO  demoqaLog - Clicked on Alert Frame & Windows Card...
Title of this Page is: DEMOQA
You are Accessing: Alerts, Frame & Windows
2025-09-11 17:09:12 [main] INFO  demoqaBase - Alerts, Frame & Windows Card: Please select an item from left to start practice.
2025-09-11 17:09:12 [main] INFO  demoqaBase - 🔍 Starting test for Frames|Modal Dialogs click ..
2025-09-11 17:09:13 [main] INFO  demoqaBase - ✅ Clicked on Modal Dialogs...
2025-09-11 17:09:13 [main] INFO  demoqaBase - Page Title is: Modal Dialogs
2025-09-11 17:09:13 [main] INFO  demoqaBase - 🔍 Starting test for Frames|Modal Dialogs|Large Modal click...
2025-09-11 17:09:13 [main] INFO  demoqaBase - ✅ Clicked on Modal Dialogs|Large Modal...
2025-09-11 17:09:13 [main] INFO  demoqaBase - Page Title is: Large Modal
2025-09-11 17:09:13 [main] INFO  demoqaBase - Large Modal Body Contains: Lorem Ipsum is simply dummy text of the printing and typesetting industry. Lorem Ipsum has been the industry's standard dummy text ever since the 1500s, when an unknown printer took a galley of type and scrambled it to make a type specimen book. It has survived not only five centuries, but also the leap into electronic typesetting, remaining essentially unchanged. It was popularised in the 1960s with the release of Letraset sheets containing Lorem Ipsum passages, and more recently with desktop publishing software like Aldus PageMaker including versions of Lorem Ipsum.
2025-09-11 17:09:13 [main] INFO  demoqaBase - ✅ Alerts, Frames & Windows|Modal Dialogs|Large Modal click Test Completed...
]]></system-out>
  </testcase>
  <testcase name="ClickSmallModal" classname="tests.AlertsFramesWindowsTests" time="1.431">
    <system-out><![CDATA[2025-09-11 17:09:13 [main] INFO  demoqaBase - Closing browser for test: ClickLargeModal
2025-09-11 17:09:14 [main] INFO  DriverFactory - 🌐 Starting Chrome Web Browser...
2025-09-11 17:09:14 [main] INFO  DriverFactory - ✅ Created temporary Chrome profile at C:\Users\dell\AppData\Local\Temp\chrome-profile-16064331181976810945
2025-09-11 17:09:15 [main] INFO  DriverFactory - 🚀 WebDriver started successfully
2025-09-11 17:09:15 [main] INFO  RetryUrlAccess - Navigating to URL (attempt 1): https://demoqa.com
2025-09-11 17:09:28 [main] INFO  demoqaBase - 🧪 Starting Test Alerts, Frames & Windows|Modal Dialogs|Small Modal...
2025-09-11 17:09:28 [main] INFO  demoqaBase - Accessing Alerts, Frame & Windows Card...
Declared Instance WebDriverWait: org.openqa.selenium.support.ui.WebDriverWait@37b238da
2025-09-11 17:09:28 [main] INFO  demoqaLog - Clicking on Alert Frame & Windows Card...
2025-09-11 17:09:28 [main] INFO  demoqaLog - Clicked on Alert Frame & Windows Card...
Title of this Page is: DEMOQA
You are Accessing: Alerts, Frame & Windows
2025-09-11 17:09:28 [main] INFO  demoqaBase - Alerts, Frame & Windows Card: Please select an item from left to start practice.
2025-09-11 17:09:28 [main] INFO  demoqaBase - 🔍 Starting test for Frames|Modal Dialogs click ..
2025-09-11 17:09:29 [main] INFO  demoqaBase - ✅ Clicked on Modal Dialogs...
2025-09-11 17:09:29 [main] INFO  demoqaBase - Page Title is: Modal Dialogs
2025-09-11 17:09:29 [main] INFO  demoqaBase - 🔍 Starting test for Frames|Modal Dialogs|Small Modal click...
2025-09-11 17:09:29 [main] INFO  demoqaBase - ✅ Clicked on Modal Dialogs|Small Modal...
2025-09-11 17:09:29 [main] INFO  demoqaBase - Page Title is: Small Modal
2025-09-11 17:09:29 [main] INFO  demoqaBase - Small Modal Body Contains: This is a small modal. It has very less content
2025-09-11 17:09:29 [main] INFO  demoqaBase - ✅ Alerts, Frames & Windows|Modal Dialogs|Small Modal click Test Completed...
]]></system-out>
  </testcase>
  <testcase name="GetParentFrame" classname="tests.AlertsFramesWindowsTests" time="3.75">
    <system-out><![CDATA[2025-09-11 17:09:29 [main] INFO  demoqaBase - Closing browser for test: ClickSmallModal
2025-09-11 17:09:30 [main] INFO  DriverFactory - 🌐 Starting Chrome Web Browser...
2025-09-11 17:09:30 [main] INFO  DriverFactory - ✅ Created temporary Chrome profile at C:\Users\dell\AppData\Local\Temp\chrome-profile-13057673615103539901
2025-09-11 17:09:31 [main] INFO  DriverFactory - 🚀 WebDriver started successfully
2025-09-11 17:09:31 [main] INFO  RetryUrlAccess - Navigating to URL (attempt 1): https://demoqa.com
2025-09-11 17:10:08 [main] INFO  demoqaBase - 🧪 Starting Test Alerts, Frames & Windows|Frames|Parent Frame message...
2025-09-11 17:10:08 [main] INFO  demoqaBase - Accessing Alerts, Frame & Windows Card...
Declared Instance WebDriverWait: org.openqa.selenium.support.ui.WebDriverWait@56a09a5c
2025-09-11 17:10:08 [main] INFO  demoqaLog - Clicking on Alert Frame & Windows Card...
2025-09-11 17:10:08 [main] INFO  demoqaLog - Clicked on Alert Frame & Windows Card...
Title of this Page is: DEMOQA
You are Accessing: Alerts, Frame & Windows
2025-09-11 17:10:08 [main] INFO  demoqaBase - Alerts, Frame & Windows Card: Please select an item from left to start practice.
2025-09-11 17:10:08 [main] INFO  demoqaBase - 🔍 Starting test for Frames|Nested Frames click ..
2025-09-11 17:10:09 [main] INFO  demoqaBase - ✅ Clicked on Nested Frames...
2025-09-11 17:10:09 [main] INFO  demoqaBase - Page Title is: Nested Frames
2025-09-11 17:10:09 [main] INFO  demoqaBase - 🔍 Starting test for Frames|Parent Frame Message...
2025-09-11 17:10:12 [main] INFO  demoqaBase - After switching, frame body contains: [Parent frame]
2025-09-11 17:10:12 [main] INFO  demoqaBase - ✅ Alerts, Frames & Windows|Frames|Parent Frame message Test Completed...
]]></system-out>
  </testcase>
  <testcase name="GetChildFrame" classname="tests.AlertsFramesWindowsTests" time="1.074">
    <system-out><![CDATA[2025-09-11 17:10:12 [main] INFO  demoqaBase - Closing browser for test: GetParentFrame
2025-09-11 17:10:12 [main] INFO  DriverFactory - 🌐 Starting Chrome Web Browser...
2025-09-11 17:10:12 [main] INFO  DriverFactory - ✅ Created temporary Chrome profile at C:\Users\dell\AppData\Local\Temp\chrome-profile-2224725762926891129
2025-09-11 17:10:14 [main] INFO  DriverFactory - 🚀 WebDriver started successfully
2025-09-11 17:10:14 [main] INFO  RetryUrlAccess - Navigating to URL (attempt 1): https://demoqa.com
2025-09-11 17:10:19 [main] INFO  demoqaBase - 🧪 Starting Test Alerts, Frames & Windows|Frames|Child Frame message...
2025-09-11 17:10:19 [main] INFO  demoqaBase - Accessing Alerts, Frame & Windows Card...
Declared Instance WebDriverWait: org.openqa.selenium.support.ui.WebDriverWait@3bda1f0
2025-09-11 17:10:19 [main] INFO  demoqaLog - Clicking on Alert Frame & Windows Card...
2025-09-11 17:10:19 [main] INFO  demoqaLog - Clicked on Alert Frame & Windows Card...
Title of this Page is: DEMOQA
You are Accessing: Alerts, Frame & Windows
2025-09-11 17:10:19 [main] INFO  demoqaBase - Alerts, Frame & Windows Card: Please select an item from left to start practice.
2025-09-11 17:10:19 [main] INFO  demoqaBase - 🔍 Starting test for Frames|Nested Frames click ..
2025-09-11 17:10:19 [main] INFO  demoqaBase - ✅ Clicked on Nested Frames...
2025-09-11 17:10:19 [main] INFO  demoqaBase - Page Title is: Nested Frames
2025-09-11 17:10:19 [main] INFO  demoqaBase - 🔍 Starting test for Frames|Child Frame Message...
2025-09-11 17:10:20 [main] INFO  demoqaBase - After switching, frame body contains: [Child Iframe]
2025-09-11 17:10:20 [main] INFO  demoqaBase - ✅ Alerts, Frames & Windows|Frames|Child Frame message Test Completed...
]]></system-out>
  </testcase>
  <testcase name="ElementsCard" classname="tests.ElementsTests" time="1.005">
    <system-out><![CDATA[2025-09-11 17:10:20 [main] INFO  demoqaBase - Closing browser for test: GetChildFrame
2025-09-11 17:10:20 [main] INFO  DriverFactory - 🌐 Starting Chrome Web Browser...
2025-09-11 17:10:20 [main] INFO  DriverFactory - ✅ Created temporary Chrome profile at C:\Users\dell\AppData\Local\Temp\chrome-profile-8739280912511713733
2025-09-11 17:10:21 [main] INFO  DriverFactory - 🚀 WebDriver started successfully
2025-09-11 17:10:21 [main] INFO  RetryUrlAccess - Navigating to URL (attempt 1): https://demoqa.com
2025-09-11 17:10:53 [main] INFO  demoqaBase - 🧪 Starting Test Elements | Text Box Test...
Instance Variables Declared are: nullnull
2025-09-11 17:10:53 [main] INFO  demoqaBase - Accessing Elements Card...
2025-09-11 17:10:53 [main] INFO  demoqaLog - Clicking on Elements Card...
2025-09-11 17:10:54 [main] INFO  demoqaLog - Clicked on Elements Card...
Title of this Page is: DEMOQA
You are Accessing: Elements
 
Elements: Please select an item from left to start practice.
2025-09-11 17:10:54 [main] INFO  demoqaBase - Elements: Please select an item from left to start practice.
Title of this Page is: DEMOQA
2025-09-11 17:10:54 [main] INFO  demoqaBase - ✅ Element Card Test Completed...
]]></system-out>
  </testcase>
  <testcase name="TextBox[TextBoxUser{firstName=&apos;Johny&apos;, lastName=&apos;Bravo&apos;, email=&apos;Jbravo@demoqa.com&apos;, currentAddress=&apos;301 Town 481, Brookville\n kansas 42129\n United States&apos;, permanentAddress=&apos;511 Grant 481, Prattsville\n Arkansas 72129\n United States&apos;}](1)" classname="tests.ElementsTests" time="2.332">
    <system-out><![CDATA[2025-09-11 17:10:54 [main] INFO  demoqaBase - Closing browser for test: ElementsCard
2025-09-11 17:10:55 [main] WARN  PauseManager - ⏸ Pausing for 5 minutes after 20 tests...
2025-09-11 17:10:55 [main] INFO  PauseManager - ▶ Resuming in 5 minutes...
2025-09-11 17:11:55 [main] INFO  PauseManager - ▶ Resuming in 4 minutes...
2025-09-11 17:12:56 [main] INFO  PauseManager - ▶ Resuming in 3 minutes...
2025-09-11 17:13:56 [main] INFO  PauseManager - ▶ Resuming in 2 minutes...
2025-09-11 17:14:57 [main] INFO  PauseManager - ▶ Resuming in 1 minutes...
2025-09-11 17:15:47 [main] INFO  PauseManager - ▶ Resuming in 10 seconds...
2025-09-11 17:15:48 [main] INFO  PauseManager - ▶ Resuming in 9 seconds...
2025-09-11 17:15:49 [main] INFO  PauseManager - ▶ Resuming in 8 seconds...
2025-09-11 17:15:50 [main] INFO  PauseManager - ▶ Resuming in 7 seconds...
2025-09-11 17:15:51 [main] INFO  PauseManager - ▶ Resuming in 6 seconds...
2025-09-11 17:15:52 [main] INFO  PauseManager - ▶ Resuming in 5 seconds...
2025-09-11 17:15:53 [main] INFO  PauseManager - ▶ Resuming in 4 seconds...
2025-09-11 17:15:54 [main] INFO  PauseManager - ▶ Resuming in 3 seconds...
2025-09-11 17:15:55 [main] INFO  PauseManager - ▶ Resuming in 2 seconds...
2025-09-11 17:15:56 [main] INFO  PauseManager - ▶ Resuming in 1 seconds...
2025-09-11 17:15:57 [main] INFO  PauseManager - ✅ Pause complete. Resuming tests...
🧾 Row 1: {Salary=28000.0, Email=Jbravo@demoqa.com, Address=511 Grant 481, Prattsville\n Arkansas 72129\n United States, First Name=Johny, Gender=Male, City=Delhi, Mobile=9.238343488E9, Hobbies=Sports,Music, Subject=Computer Science, Current Address=301 Town 481, Brookville\n kansas 42129\n United States, Department=Information Technology, DOB=15/08/2000, Picture=/TestData/Mphoto.jpg, State=NCR, Last Name=Bravo, Age=34.0}
🔍 Mapping field: firstName | Excel Column: First Name | Value: Johny
🔍 Mapping field: lastName | Excel Column: Last Name | Value: Bravo
🔍 Mapping field: email | Excel Column: Email | Value: Jbravo@demoqa.com
🔍 Mapping field: currentAddress | Excel Column: Current Address | Value: 301 Town 481, Brookville\n kansas 42129\n United States
🔍 Mapping field: permanentAddress | Excel Column: Address | Value: 511 Grant 481, Prattsville\n Arkansas 72129\n United States
🧾 Row 2: {Salary=18000.0, Email=GFemina@demoqa.com, Address=512 Grant 481, Prattsville\n Arkansas 72129\n United States, First Name=Gene, Gender=Female, City=Merrut, Mobile=1.888343432E9, Hobbies=Music,Reading, Subject=Accounting, Current Address=302 Town 481, Brookville\n kansas 42129\n United States, Department=Finance, DOB=22/05/2002, Picture=/TestData/Fphoto.png, State=Uttar Pradesh, Last Name=Femina, Age=30.0}
🔍 Mapping field: firstName | Excel Column: First Name | Value: Gene
🔍 Mapping field: lastName | Excel Column: Last Name | Value: Femina
🔍 Mapping field: email | Excel Column: Email | Value: GFemina@demoqa.com
🔍 Mapping field: currentAddress | Excel Column: Current Address | Value: 302 Town 481, Brookville\n kansas 42129\n United States
🔍 Mapping field: permanentAddress | Excel Column: Address | Value: 512 Grant 481, Prattsville\n Arkansas 72129\n United States
🧾 Row 3: {Salary=15000.0, Email=BWisem@demoqa.com, Address=513 Grant 481, Prattsville\n Arkansas 72129\n United States, First Name=Bud, Gender=Other, City=Panipat, Mobile=8.932465432E9, Hobbies=Reading, Subject=Biology, Current Address=303 Town 481, Brookville\n kansas 42129\n United States, Department=Medicine, DOB=31/12/1999, Picture=/TestData/Ophoto.jpg, State=Haryana, Last Name=Wisem, Age=40.0}
🔍 Mapping field: firstName | Excel Column: First Name | Value: Bud
🔍 Mapping field: lastName | Excel Column: Last Name | Value: Wisem
🔍 Mapping field: email | Excel Column: Email | Value: BWisem@demoqa.com
🔍 Mapping field: currentAddress | Excel Column: Current Address | Value: 303 Town 481, Brookville\n kansas 42129\n United States
🔍 Mapping field: permanentAddress | Excel Column: Address | Value: 513 Grant 481, Prattsville\n Arkansas 72129\n United States
🧾 Row 4: {Salary=19000.0, Email=TBoss@demoqa.com, Address=514 Grant 481, Prattsville\n Arkansas 72129\n United States, First Name=Tom, Gender=Male, City=Jaiselmer, Mobile=7.839875281E9, Hobbies=Sports,Reading, Subject=Social Studies, Current Address=304 Town 481, Brookville\n kansas 42129\n United States, Department=Recreation, DOB=1/26/03, Picture=/TestData/M2photo.jpg, State=Rajasthan, Last Name=Boss, Age=42.0}
🔍 Mapping field: firstName | Excel Column: First Name | Value: Tom
🔍 Mapping field: lastName | Excel Column: Last Name | Value: Boss
🔍 Mapping field: email | Excel Column: Email | Value: TBoss@demoqa.com
🔍 Mapping field: currentAddress | Excel Column: Current Address | Value: 304 Town 481, Brookville\n kansas 42129\n United States
🔍 Mapping field: permanentAddress | Excel Column: Address | Value: 514 Grant 481, Prattsville\n Arkansas 72129\n United States
2025-09-11 17:15:58 [main] INFO  DriverFactory - 🌐 Starting Chrome Web Browser...
2025-09-11 17:15:58 [main] INFO  DriverFactory - ✅ Created temporary Chrome profile at C:\Users\dell\AppData\Local\Temp\chrome-profile-4270013186026166954
2025-09-11 17:15:59 [main] INFO  DriverFactory - 🚀 WebDriver started successfully
2025-09-11 17:15:59 [main] INFO  RetryUrlAccess - Navigating to URL (attempt 1): https://demoqa.com
2025-09-11 17:16:04 [main] INFO  demoqaBase - 🧪 Starting Test Elements | Text Box Test...
Instance Variables Declared are: nullnull
2025-09-11 17:16:04 [main] INFO  demoqaBase - Accessing Elements Card...
2025-09-11 17:16:04 [main] INFO  demoqaLog - Clicking on Elements Card...
2025-09-11 17:16:05 [main] INFO  demoqaLog - Clicked on Elements Card...
Title of this Page is: DEMOQA
You are Accessing: Elements
 
Elements: Please select an item from left to start practice.
2025-09-11 17:16:05 [main] INFO  demoqaBase - Elements: Please select an item from left to start practice.
2025-09-11 17:16:05 [main] INFO  demoqaBase - Accessing Text Box...
Text Box
2025-09-11 17:16:05 [main] INFO  demoqaBase - You are accessing: Text Box
2025-09-11 17:16:05 [main] INFO  demoqaBase - 📝 Filling TextBox form for user: Johny Bravo
2025-09-11 17:16:06 [main] INFO  demoqaBase - ✅ Form filled successfully for: Johny Bravo
2025-09-11 17:16:06 [main] INFO  demoqaLog - ✅ JS click executed on element: {}
2025-09-11 17:16:06 [main] INFO  demoqaBase - 🔍 Validating submitted form for: Johny Bravo
2025-09-11 17:16:07 [main] INFO  demoqaBase - ✅ Validation passed for user: Johny Bravo
2025-09-11 17:16:07 [main] INFO  demoqaBase - ✅ Text Box Element Test Completed...
]]></system-out>
  </testcase>
  <testcase name="TextBox[TextBoxUser{firstName=&apos;Gene&apos;, lastName=&apos;Femina&apos;, email=&apos;GFemina@demoqa.com&apos;, currentAddress=&apos;302 Town 481, Brookville\n kansas 42129\n United States&apos;, permanentAddress=&apos;512 Grant 481, Prattsville\n Arkansas 72129\n United States&apos;}](2)" classname="tests.ElementsTests" time="2.472">
    <system-out><![CDATA[Path for Screenshot is: C:\ASN\eclipse_workspace\demoqa-automation/screenshots/TextBox_Passed_20250911_171607+2025-09-11_17-16-07.png
2025-09-11 17:16:07 [main] INFO  demoqaBase - ✅ Test TextBox passed. Screenshot captured.
2025-09-11 17:16:07 [main] INFO  demoqaBase - Closing browser for test: TextBox
2025-09-11 17:16:07 [main] INFO  DriverFactory - 🌐 Starting Chrome Web Browser...
2025-09-11 17:16:07 [main] INFO  DriverFactory - ✅ Created temporary Chrome profile at C:\Users\dell\AppData\Local\Temp\chrome-profile-4938366526885453833
2025-09-11 17:16:09 [main] INFO  DriverFactory - 🚀 WebDriver started successfully
2025-09-11 17:16:09 [main] INFO  RetryUrlAccess - Navigating to URL (attempt 1): https://demoqa.com
2025-09-11 17:16:29 [main] INFO  demoqaBase - 🧪 Starting Test Elements | Text Box Test...
Instance Variables Declared are: nullnull
2025-09-11 17:16:29 [main] INFO  demoqaBase - Accessing Elements Card...
2025-09-11 17:16:29 [main] INFO  demoqaLog - Clicking on Elements Card...
2025-09-11 17:16:29 [main] INFO  demoqaLog - Clicked on Elements Card...
Title of this Page is: DEMOQA
You are Accessing: Elements
 
Elements: Please select an item from left to start practice.
2025-09-11 17:16:29 [main] INFO  demoqaBase - Elements: Please select an item from left to start practice.
2025-09-11 17:16:29 [main] INFO  demoqaBase - Accessing Text Box...
Text Box
2025-09-11 17:16:30 [main] INFO  demoqaBase - You are accessing: Text Box
2025-09-11 17:16:30 [main] INFO  demoqaBase - 📝 Filling TextBox form for user: Gene Femina
2025-09-11 17:16:31 [main] INFO  demoqaBase - ✅ Form filled successfully for: Gene Femina
2025-09-11 17:16:31 [main] INFO  demoqaLog - ✅ JS click executed on element: {}
2025-09-11 17:16:31 [main] INFO  demoqaBase - 🔍 Validating submitted form for: Gene Femina
2025-09-11 17:16:31 [main] INFO  demoqaBase - ✅ Validation passed for user: Gene Femina
2025-09-11 17:16:31 [main] INFO  demoqaBase - ✅ Text Box Element Test Completed...
]]></system-out>
  </testcase>
  <testcase name="TextBox[TextBoxUser{firstName=&apos;Bud&apos;, lastName=&apos;Wisem&apos;, email=&apos;BWisem@demoqa.com&apos;, currentAddress=&apos;303 Town 481, Brookville\n kansas 42129\n United States&apos;, permanentAddress=&apos;513 Grant 481, Prattsville\n Arkansas 72129\n United States&apos;}](3)" classname="tests.ElementsTests" time="2.222">
    <system-out><![CDATA[Path for Screenshot is: C:\ASN\eclipse_workspace\demoqa-automation/screenshots/TextBox_Passed_20250911_171631+2025-09-11_17-16-31.png
2025-09-11 17:16:31 [main] INFO  demoqaBase - ✅ Test TextBox passed. Screenshot captured.
2025-09-11 17:16:31 [main] INFO  demoqaBase - Closing browser for test: TextBox
2025-09-11 17:16:32 [main] INFO  DriverFactory - 🌐 Starting Chrome Web Browser...
2025-09-11 17:16:32 [main] INFO  DriverFactory - ✅ Created temporary Chrome profile at C:\Users\dell\AppData\Local\Temp\chrome-profile-5260801039274573019
2025-09-11 17:16:33 [main] INFO  DriverFactory - 🚀 WebDriver started successfully
2025-09-11 17:16:33 [main] INFO  RetryUrlAccess - Navigating to URL (attempt 1): https://demoqa.com
2025-09-11 17:16:38 [main] INFO  demoqaBase - 🧪 Starting Test Elements | Text Box Test...
Instance Variables Declared are: nullnull
2025-09-11 17:16:38 [main] INFO  demoqaBase - Accessing Elements Card...
2025-09-11 17:16:38 [main] INFO  demoqaLog - Clicking on Elements Card...
2025-09-11 17:16:38 [main] INFO  demoqaLog - Clicked on Elements Card...
Title of this Page is: DEMOQA
You are Accessing: Elements
 
Elements: Please select an item from left to start practice.
2025-09-11 17:16:38 [main] INFO  demoqaBase - Elements: Please select an item from left to start practice.
2025-09-11 17:16:38 [main] INFO  demoqaBase - Accessing Text Box...
Text Box
2025-09-11 17:16:39 [main] INFO  demoqaBase - You are accessing: Text Box
2025-09-11 17:16:39 [main] INFO  demoqaBase - 📝 Filling TextBox form for user: Bud Wisem
2025-09-11 17:16:40 [main] INFO  demoqaBase - ✅ Form filled successfully for: Bud Wisem
2025-09-11 17:16:40 [main] INFO  demoqaLog - ✅ JS click executed on element: {}
2025-09-11 17:16:40 [main] INFO  demoqaBase - 🔍 Validating submitted form for: Bud Wisem
2025-09-11 17:16:40 [main] INFO  demoqaBase - ✅ Validation passed for user: Bud Wisem
2025-09-11 17:16:40 [main] INFO  demoqaBase - ✅ Text Box Element Test Completed...
]]></system-out>
  </testcase>
  <testcase name="TextBox[TextBoxUser{firstName=&apos;Tom&apos;, lastName=&apos;Boss&apos;, email=&apos;TBoss@demoqa.com&apos;, currentAddress=&apos;304 Town 481, Brookville\n kansas 42129\n United States&apos;, permanentAddress=&apos;514 Grant 481, Prattsville\n Arkansas 72129\n United States&apos;}](4)" classname="tests.ElementsTests" time="2.045">
    <system-out><![CDATA[Path for Screenshot is: C:\ASN\eclipse_workspace\demoqa-automation/screenshots/TextBox_Passed_20250911_171640+2025-09-11_17-16-40.png
2025-09-11 17:16:40 [main] INFO  demoqaBase - ✅ Test TextBox passed. Screenshot captured.
2025-09-11 17:16:40 [main] INFO  demoqaBase - Closing browser for test: TextBox
2025-09-11 17:16:40 [main] INFO  DriverFactory - 🌐 Starting Chrome Web Browser...
2025-09-11 17:16:40 [main] INFO  DriverFactory - ✅ Created temporary Chrome profile at C:\Users\dell\AppData\Local\Temp\chrome-profile-14756366793565269736
2025-09-11 17:16:42 [main] INFO  DriverFactory - 🚀 WebDriver started successfully
2025-09-11 17:16:42 [main] INFO  RetryUrlAccess - Navigating to URL (attempt 1): https://demoqa.com
2025-09-11 17:16:58 [main] INFO  demoqaBase - 🧪 Starting Test Elements | Text Box Test...
Instance Variables Declared are: nullnull
2025-09-11 17:16:58 [main] INFO  demoqaBase - Accessing Elements Card...
2025-09-11 17:16:58 [main] INFO  demoqaLog - Clicking on Elements Card...
2025-09-11 17:16:59 [main] INFO  demoqaLog - Clicked on Elements Card...
Title of this Page is: DEMOQA
You are Accessing: Elements
 
Elements: Please select an item from left to start practice.
2025-09-11 17:16:59 [main] INFO  demoqaBase - Elements: Please select an item from left to start practice.
2025-09-11 17:16:59 [main] INFO  demoqaBase - Accessing Text Box...
Text Box
2025-09-11 17:16:59 [main] INFO  demoqaBase - You are accessing: Text Box
2025-09-11 17:16:59 [main] INFO  demoqaBase - 📝 Filling TextBox form for user: Tom Boss
2025-09-11 17:17:00 [main] INFO  demoqaBase - ✅ Form filled successfully for: Tom Boss
2025-09-11 17:17:00 [main] INFO  demoqaLog - ✅ JS click executed on element: {}
2025-09-11 17:17:00 [main] INFO  demoqaBase - 🔍 Validating submitted form for: Tom Boss
2025-09-11 17:17:00 [main] INFO  demoqaBase - ✅ Validation passed for user: Tom Boss
2025-09-11 17:17:00 [main] INFO  demoqaBase - ✅ Text Box Element Test Completed...
]]></system-out>
  </testcase>
  <testcase name="CheckBox" classname="tests.ElementsTests" time="0.862">
    <system-out><![CDATA[Path for Screenshot is: C:\ASN\eclipse_workspace\demoqa-automation/screenshots/TextBox_Passed_20250911_171700+2025-09-11_17-17-00.png
2025-09-11 17:17:00 [main] INFO  demoqaBase - ✅ Test TextBox passed. Screenshot captured.
2025-09-11 17:17:00 [main] INFO  demoqaBase - Closing browser for test: TextBox
2025-09-11 17:17:01 [main] INFO  DriverFactory - 🌐 Starting Chrome Web Browser...
2025-09-11 17:17:01 [main] INFO  DriverFactory - ✅ Created temporary Chrome profile at C:\Users\dell\AppData\Local\Temp\chrome-profile-15239579312723382375
2025-09-11 17:17:02 [main] INFO  DriverFactory - 🚀 WebDriver started successfully
2025-09-11 17:17:02 [main] INFO  RetryUrlAccess - Navigating to URL (attempt 1): https://demoqa.com
2025-09-11 17:17:07 [main] INFO  demoqaBase - 🧪 Starting Test Elements | Check Box Test...
Instance Variables Declared are: nullnull
2025-09-11 17:17:07 [main] INFO  demoqaBase - Accessing Elements Card...
2025-09-11 17:17:07 [main] INFO  demoqaLog - Clicking on Elements Card...
2025-09-11 17:17:07 [main] INFO  demoqaLog - Clicked on Elements Card...
Title of this Page is: DEMOQA
You are Accessing: Elements
 
Elements: Please select an item from left to start practice.
2025-09-11 17:17:07 [main] INFO  demoqaBase - Elements: Please select an item from left to start practice.
2025-09-11 17:17:07 [main] INFO  demoqaBase - Accessing Check Box...
Check Box
2025-09-11 17:17:08 [main] INFO  demoqaBase - You are accessing: Check Box
2025-09-11 17:17:08 [main] INFO  demoqaBase - ✅ Test Elements | Check Box Test Test Completed...
]]></system-out>
  </testcase>
  <testcase name="SelectingHomeCheckBox" classname="tests.ElementsTests" time="1.655">
    <system-out><![CDATA[2025-09-11 17:17:08 [main] INFO  demoqaBase - Closing browser for test: CheckBox
2025-09-11 17:17:08 [main] INFO  DriverFactory - 🌐 Starting Chrome Web Browser...
2025-09-11 17:17:08 [main] INFO  DriverFactory - ✅ Created temporary Chrome profile at C:\Users\dell\AppData\Local\Temp\chrome-profile-135829312988234437
2025-09-11 17:17:09 [main] INFO  DriverFactory - 🚀 WebDriver started successfully
2025-09-11 17:17:09 [main] INFO  RetryUrlAccess - Navigating to URL (attempt 1): https://demoqa.com
2025-09-11 17:17:26 [main] INFO  demoqaBase - 🧪 Starting Test Elements | Selecting Home Check Box Test...
Instance Variables Declared are: nullnull
2025-09-11 17:17:26 [main] INFO  demoqaBase - Accessing Elements Card...
2025-09-11 17:17:26 [main] INFO  demoqaLog - Clicking on Elements Card...
2025-09-11 17:17:26 [main] INFO  demoqaLog - Clicked on Elements Card...
Title of this Page is: DEMOQA
You are Accessing: Elements
 
Elements: Please select an item from left to start practice.
2025-09-11 17:17:26 [main] INFO  demoqaBase - Elements: Please select an item from left to start practice.
2025-09-11 17:17:26 [main] INFO  demoqaBase - Accessing Check Box...
Check Box
2025-09-11 17:17:27 [main] INFO  demoqaBase - You are accessing: Check Box
2025-09-11 17:17:27 [main] INFO  demoqaBase - Selecting Home Check Box...
Information Submitted is: You have selected :
home
desktop
notes
commands
documents
workspace
react
angular
veu
office
public
private
classified
general
downloads
wordFile
excelFile
2025-09-11 17:17:27 [main] INFO  demoqaBase - You have Selected: You have selected :
home
desktop
notes
commands
documents
workspace
react
angular
veu
office
public
private
classified
general
downloads
wordFile
excelFile
2025-09-11 17:17:27 [main] INFO  demoqaBase - ✅ Elements | Selecting Home Test Completed...
]]></system-out>
  </testcase>
  <testcase name="SelectingDesktopCheckBox" classname="tests.ElementsTests" time="1.314">
    <system-out><![CDATA[2025-09-11 17:17:27 [main] INFO  demoqaBase - Closing browser for test: SelectingHomeCheckBox
2025-09-11 17:17:28 [main] INFO  DriverFactory - 🌐 Starting Chrome Web Browser...
2025-09-11 17:17:28 [main] INFO  DriverFactory - ✅ Created temporary Chrome profile at C:\Users\dell\AppData\Local\Temp\chrome-profile-10848148703656643919
2025-09-11 17:17:29 [main] INFO  DriverFactory - 🚀 WebDriver started successfully
2025-09-11 17:17:29 [main] INFO  RetryUrlAccess - Navigating to URL (attempt 1): https://demoqa.com
2025-09-11 17:18:02 [main] INFO  demoqaBase - 🧪 Starting Test Elements | Selecting Desktop Check Box Test...
Instance Variables Declared are: nullnull
2025-09-11 17:18:02 [main] INFO  demoqaBase - Accessing Elements Card...
2025-09-11 17:18:02 [main] INFO  demoqaLog - Clicking on Elements Card...
2025-09-11 17:18:02 [main] INFO  demoqaLog - Clicked on Elements Card...
Title of this Page is: DEMOQA
You are Accessing: Elements
 
Elements: Please select an item from left to start practice.
2025-09-11 17:18:02 [main] INFO  demoqaBase - Elements: Please select an item from left to start practice.
2025-09-11 17:18:02 [main] INFO  demoqaBase - Accessing Check Box...
Check Box
2025-09-11 17:18:03 [main] INFO  demoqaBase - You are accessing: Check Box
2025-09-11 17:18:03 [main] INFO  demoqaBase - Clicking on Home Toggle Button...
2025-09-11 17:18:03 [main] INFO  demoqaBase - Selecting Deskstop Check Box...
Information Submitted is: You have selected :
desktop
notes
commands
2025-09-11 17:18:03 [main] INFO  demoqaBase - You have Selected: You have selected :
desktop
notes
commands
2025-09-11 17:18:03 [main] INFO  demoqaBase - ✅ Elements | Home | Desktop Test Completed...
]]></system-out>
  </testcase>
  <testcase name="SelectingNotesCommandsClick" classname="tests.ElementsTests" time="1.534">
    <system-out><![CDATA[2025-09-11 17:18:03 [main] INFO  demoqaBase - Closing browser for test: SelectingDesktopCheckBox
2025-09-11 17:18:04 [main] INFO  DriverFactory - 🌐 Starting Chrome Web Browser...
2025-09-11 17:18:04 [main] INFO  DriverFactory - ✅ Created temporary Chrome profile at C:\Users\dell\AppData\Local\Temp\chrome-profile-9927674274207716100
2025-09-11 17:18:05 [main] INFO  DriverFactory - 🚀 WebDriver started successfully
2025-09-11 17:18:05 [main] INFO  RetryUrlAccess - Navigating to URL (attempt 1): https://demoqa.com
2025-09-11 17:18:09 [main] INFO  demoqaBase - 🧪 Starting Test Elements | Selecting Desktop| Notes & Commands Check Box Test...
Instance Variables Declared are: nullnull
2025-09-11 17:18:09 [main] INFO  demoqaBase - Accessing Elements Card...
2025-09-11 17:18:09 [main] INFO  demoqaLog - Clicking on Elements Card...
2025-09-11 17:18:10 [main] INFO  demoqaLog - Clicked on Elements Card...
Title of this Page is: DEMOQA
You are Accessing: Elements
 
Elements: Please select an item from left to start practice.
2025-09-11 17:18:10 [main] INFO  demoqaBase - Elements: Please select an item from left to start practice.
2025-09-11 17:18:10 [main] INFO  demoqaBase - Accessing Check Box...
Check Box
2025-09-11 17:18:10 [main] INFO  demoqaBase - You are accessing: Check Box
2025-09-11 17:18:10 [main] INFO  demoqaBase - Clicking on Home Toggle Button...
2025-09-11 17:18:10 [main] INFO  demoqaBase - Clicking on Desktop Toggle Button...
2025-09-11 17:18:10 [main] INFO  demoqaBase - Clicking on Notes Button...
2025-09-11 17:18:10 [main] INFO  demoqaBase - Clicking on Commands Button...
2025-09-11 17:18:11 [main] INFO  demoqaBase - Selected Notes & Commands...
Information Submitted is: You have selected :
desktop
notes
commands
2025-09-11 17:18:11 [main] INFO  demoqaBase - You have Selected: You have selected :
desktop
notes
commands
2025-09-11 17:18:11 [main] INFO  demoqaBase - ✅ Elements | Home | Desktop | Notes & Commands Completed...
]]></system-out>
  </testcase>
  <testcase name="SelectingDocumentsCheckBox" classname="tests.ElementsTests" time="1.507">
    <system-out><![CDATA[2025-09-11 17:18:11 [main] INFO  demoqaBase - Closing browser for test: SelectingNotesCommandsClick
2025-09-11 17:18:11 [main] INFO  DriverFactory - 🌐 Starting Chrome Web Browser...
2025-09-11 17:18:11 [main] INFO  DriverFactory - ✅ Created temporary Chrome profile at C:\Users\dell\AppData\Local\Temp\chrome-profile-10386869682324536211
2025-09-11 17:18:12 [main] INFO  DriverFactory - 🚀 WebDriver started successfully
2025-09-11 17:18:12 [main] INFO  RetryUrlAccess - Navigating to URL (attempt 1): https://demoqa.com
2025-09-11 17:18:29 [main] INFO  demoqaBase - 🧪 Starting Test Elements | Selecting Documents Check Box Test...
Instance Variables Declared are: nullnull
2025-09-11 17:18:29 [main] INFO  demoqaBase - Accessing Elements Card...
2025-09-11 17:18:29 [main] INFO  demoqaLog - Clicking on Elements Card...
2025-09-11 17:18:30 [main] INFO  demoqaLog - Clicked on Elements Card...
Title of this Page is: DEMOQA
You are Accessing: Elements
 
Elements: Please select an item from left to start practice.
2025-09-11 17:18:30 [main] INFO  demoqaBase - Elements: Please select an item from left to start practice.
2025-09-11 17:18:30 [main] INFO  demoqaBase - Accessing Check Box...
Check Box
2025-09-11 17:18:30 [main] INFO  demoqaBase - You are accessing: Check Box
2025-09-11 17:18:30 [main] INFO  demoqaBase - Clicking on Home Toggle Button...
2025-09-11 17:18:30 [main] INFO  demoqaBase - Selecting Documents Check Box...
2025-09-11 17:18:31 [main] INFO  demoqaBase - Selected Documents Check Box...
Information Submitted is: You have selected :
documents
workspace
react
angular
veu
office
public
private
classified
general
2025-09-11 17:18:31 [main] INFO  demoqaBase - You have Selected: You have selected :
documents
workspace
react
angular
veu
office
public
private
classified
general
2025-09-11 17:18:31 [main] INFO  demoqaBase - ✅ Test Elements | Selecting Documents Check Box Test Completed...
]]></system-out>
  </testcase>
  <testcase name="SelectingWorkSpace" classname="tests.ElementsTests" time="1.47">
    <system-out><![CDATA[2025-09-11 17:18:31 [main] INFO  demoqaBase - Closing browser for test: SelectingDocumentsCheckBox
2025-09-11 17:18:31 [main] INFO  DriverFactory - 🌐 Starting Chrome Web Browser...
2025-09-11 17:18:31 [main] INFO  DriverFactory - ✅ Created temporary Chrome profile at C:\Users\dell\AppData\Local\Temp\chrome-profile-12672894538760796532
2025-09-11 17:18:32 [main] INFO  DriverFactory - 🚀 WebDriver started successfully
2025-09-11 17:18:32 [main] INFO  RetryUrlAccess - Navigating to URL (attempt 1): https://demoqa.com
2025-09-11 17:18:37 [main] INFO  demoqaBase - 🧪 Starting Test Elements | Home | Selecting Documents | WorkSpace Check Box Test...
Instance Variables Declared are: nullnull
2025-09-11 17:18:37 [main] INFO  demoqaBase - Accessing Elements Card...
2025-09-11 17:18:37 [main] INFO  demoqaLog - Clicking on Elements Card...
2025-09-11 17:18:37 [main] INFO  demoqaLog - Clicked on Elements Card...
Title of this Page is: DEMOQA
You are Accessing: Elements
 
Elements: Please select an item from left to start practice.
2025-09-11 17:18:37 [main] INFO  demoqaBase - Elements: Please select an item from left to start practice.
2025-09-11 17:18:37 [main] INFO  demoqaBase - Accessing Check Box...
Check Box
2025-09-11 17:18:38 [main] INFO  demoqaBase - You are accessing: Check Box
2025-09-11 17:18:38 [main] INFO  demoqaBase - Clicking on Home Toggle Button...
2025-09-11 17:18:38 [main] INFO  demoqaBase - Clicking on Documents Toggle Button...
2025-09-11 17:18:38 [main] INFO  demoqaBase - Selecting WorkSpace Check Box...
2025-09-11 17:18:38 [main] INFO  demoqaBase - Selected WorkSpace Check Box...
Information Submitted is: You have selected :
workspace
react
angular
veu
2025-09-11 17:18:38 [main] INFO  demoqaBase - You have Selected: You have selected :
workspace
react
angular
veu
2025-09-11 17:18:38 [main] INFO  demoqaBase - ✅ Test Elements | Home | Selecting Documents | WorkSpace Check Box Completed...
]]></system-out>
  </testcase>
  <testcase name="SelectReact" classname="tests.ElementsTests" time="2.022">
    <system-out><![CDATA[2025-09-11 17:18:38 [main] INFO  demoqaBase - Closing browser for test: SelectingWorkSpace
2025-09-11 17:18:39 [main] INFO  DriverFactory - 🌐 Starting Chrome Web Browser...
2025-09-11 17:18:39 [main] INFO  DriverFactory - ✅ Created temporary Chrome profile at C:\Users\dell\AppData\Local\Temp\chrome-profile-5680371831445320535
2025-09-11 17:18:40 [main] INFO  DriverFactory - 🚀 WebDriver started successfully
2025-09-11 17:18:40 [main] INFO  RetryUrlAccess - Navigating to URL (attempt 1): https://demoqa.com
2025-09-11 17:18:49 [main] INFO  demoqaBase - 🧪 Starting Test Elements|Home|Selecting Documents|WorkSpace|React Check Box Test...
Instance Variables Declared are: nullnull
2025-09-11 17:18:49 [main] INFO  demoqaBase - Accessing Elements Card...
2025-09-11 17:18:49 [main] INFO  demoqaLog - Clicking on Elements Card...
2025-09-11 17:18:49 [main] INFO  demoqaLog - Clicked on Elements Card...
Title of this Page is: DEMOQA
You are Accessing: Elements
 
Elements: Please select an item from left to start practice.
2025-09-11 17:18:49 [main] INFO  demoqaBase - Elements: Please select an item from left to start practice.
2025-09-11 17:18:49 [main] INFO  demoqaBase - Accessing Check Box...
Check Box
2025-09-11 17:18:50 [main] INFO  demoqaBase - You are accessing: Check Box
2025-09-11 17:18:50 [main] INFO  demoqaBase - Clicking on Home Toggle Button...
2025-09-11 17:18:50 [main] INFO  demoqaBase - Clicking on Documents Toggle Button...
2025-09-11 17:18:50 [main] INFO  demoqaBase - Clicking WorkSpace Toggle Button...
2025-09-11 17:18:50 [main] INFO  demoqaBase - Clicked WorkSpace Toggle Button...
2025-09-11 17:18:50 [main] INFO  demoqaBase - Selecting WorkSpace | React Check Box...
2025-09-11 17:18:51 [main] INFO  demoqaBase - Selected WorkSpace | React Check Box...
Information Submitted is: You have selected :
react
2025-09-11 17:18:51 [main] INFO  demoqaBase - You have Selected: You have selected :
react
2025-09-11 17:18:51 [main] INFO  demoqaBase - ✅ Test Elements|Home|Documents| Selecting WorkSpace|React Check Box Completed...
]]></system-out>
  </testcase>
  <testcase name="SelectAngular" classname="tests.ElementsTests" time="1.964">
    <system-out><![CDATA[2025-09-11 17:18:51 [main] INFO  demoqaBase - Closing browser for test: SelectReact
2025-09-11 17:18:51 [main] INFO  DriverFactory - 🌐 Starting Chrome Web Browser...
2025-09-11 17:18:51 [main] INFO  DriverFactory - ✅ Created temporary Chrome profile at C:\Users\dell\AppData\Local\Temp\chrome-profile-3304386557167935919
2025-09-11 17:18:52 [main] INFO  DriverFactory - 🚀 WebDriver started successfully
2025-09-11 17:18:52 [main] INFO  RetryUrlAccess - Navigating to URL (attempt 1): https://demoqa.com
2025-09-11 17:18:57 [main] INFO  demoqaBase - 🧪 Starting Test Elements|Home|Selecting Documents|WorkSpace|Angular Check Box Test...
Instance Variables Declared are: nullnull
2025-09-11 17:18:57 [main] INFO  demoqaBase - Accessing Elements Card...
2025-09-11 17:18:57 [main] INFO  demoqaLog - Clicking on Elements Card...
2025-09-11 17:18:57 [main] INFO  demoqaLog - Clicked on Elements Card...
Title of this Page is: DEMOQA
You are Accessing: Elements
 
Elements: Please select an item from left to start practice.
2025-09-11 17:18:57 [main] INFO  demoqaBase - Elements: Please select an item from left to start practice.
2025-09-11 17:18:57 [main] INFO  demoqaBase - Accessing Check Box...
Check Box
2025-09-11 17:18:58 [main] INFO  demoqaBase - You are accessing: Check Box
2025-09-11 17:18:58 [main] INFO  demoqaBase - Clicking on Home Toggle Button...
2025-09-11 17:18:58 [main] INFO  demoqaBase - Clicking on Documents Toggle Button...
2025-09-11 17:18:58 [main] INFO  demoqaBase - Clicking WorkSpace Toggle Button...
2025-09-11 17:18:58 [main] INFO  demoqaBase - Clicked WorkSpace Toggle Button...
2025-09-11 17:18:58 [main] INFO  demoqaBase - Selecting WorkSpace | Angular Check Box...
2025-09-11 17:18:58 [main] INFO  demoqaBase - Selected WorkSpace | Angular Check Box...
Information Submitted is: You have selected :
angular
2025-09-11 17:18:59 [main] INFO  demoqaBase - You have Selected: You have selected :
angular
2025-09-11 17:18:59 [main] INFO  demoqaBase - ✅ Test Elements|Home|Documents| Selecting WorkSpace|Angular Check Box Completed...
]]></system-out>
  </testcase>
  <testcase name="SelectVeu" classname="tests.ElementsTests" time="1.412">
    <system-out><![CDATA[2025-09-11 17:18:59 [main] INFO  demoqaBase - Closing browser for test: SelectAngular
2025-09-11 17:18:59 [main] INFO  DriverFactory - 🌐 Starting Chrome Web Browser...
2025-09-11 17:18:59 [main] INFO  DriverFactory - ✅ Created temporary Chrome profile at C:\Users\dell\AppData\Local\Temp\chrome-profile-13045153207345568058
2025-09-11 17:19:00 [main] INFO  DriverFactory - 🚀 WebDriver started successfully
2025-09-11 17:19:00 [main] INFO  RetryUrlAccess - Navigating to URL (attempt 1): https://demoqa.com
2025-09-11 17:19:17 [main] INFO  demoqaBase - 🧪 Starting Test Elements|Home|Selecting Documents|WorkSpace|Veu Check Box Test...
Instance Variables Declared are: nullnull
2025-09-11 17:19:17 [main] INFO  demoqaBase - Accessing Elements Card...
2025-09-11 17:19:17 [main] INFO  demoqaLog - Clicking on Elements Card...
2025-09-11 17:19:17 [main] INFO  demoqaLog - Clicked on Elements Card...
Title of this Page is: DEMOQA
You are Accessing: Elements
 
Elements: Please select an item from left to start practice.
2025-09-11 17:19:18 [main] INFO  demoqaBase - Elements: Please select an item from left to start practice.
2025-09-11 17:19:18 [main] INFO  demoqaBase - Accessing Check Box...
Check Box
2025-09-11 17:19:18 [main] INFO  demoqaBase - You are accessing: Check Box
2025-09-11 17:19:18 [main] INFO  demoqaBase - Clicking on Home Toggle Button...
2025-09-11 17:19:18 [main] INFO  demoqaBase - Clicking on Documents Toggle Button...
2025-09-11 17:19:18 [main] INFO  demoqaBase - Clicking WorkSpace Toggle Button...
2025-09-11 17:19:18 [main] INFO  demoqaBase - Clicked WorkSpace Toggle Button...
2025-09-11 17:19:18 [main] INFO  demoqaBase - Selecting WorkSpace | Veu Check Box...
2025-09-11 17:19:19 [main] INFO  demoqaBase - Selected WorkSpace | Veu Check Box...
Information Submitted is: You have selected :
veu
2025-09-11 17:19:19 [main] INFO  demoqaBase - You have Selected: You have selected :
veu
2025-09-11 17:19:19 [main] INFO  demoqaBase - ✅ Test Elements|Home|Documents| Selecting WorkSpace|Veu Check Box Completed...
]]></system-out>
  </testcase>
  <testcase name="SelectReactAnuglarVeu" classname="tests.ElementsTests" time="1.961">
    <system-out><![CDATA[2025-09-11 17:19:19 [main] INFO  demoqaBase - Closing browser for test: SelectVeu
2025-09-11 17:19:19 [main] INFO  DriverFactory - 🌐 Starting Chrome Web Browser...
2025-09-11 17:19:19 [main] INFO  DriverFactory - ✅ Created temporary Chrome profile at C:\Users\dell\AppData\Local\Temp\chrome-profile-8082024505014511703
2025-09-11 17:19:20 [main] INFO  DriverFactory - 🚀 WebDriver started successfully
2025-09-11 17:19:20 [main] INFO  RetryUrlAccess - Navigating to URL (attempt 1): https://demoqa.com
2025-09-11 17:19:32 [main] INFO  demoqaBase - 🧪 Starting Test Elements|Home|Selecting Documents|WorkSpace|React-Anuglar-Veu Check Box Test...
Instance Variables Declared are: nullnull
2025-09-11 17:19:32 [main] INFO  demoqaBase - Accessing Elements Card...
2025-09-11 17:19:32 [main] INFO  demoqaLog - Clicking on Elements Card...
2025-09-11 17:19:33 [main] INFO  demoqaLog - Clicked on Elements Card...
Title of this Page is: DEMOQA
You are Accessing: Elements
 
Elements: Please select an item from left to start practice.
2025-09-11 17:19:33 [main] INFO  demoqaBase - Elements: Please select an item from left to start practice.
2025-09-11 17:19:33 [main] INFO  demoqaBase - Accessing Check Box...
Check Box
2025-09-11 17:19:33 [main] INFO  demoqaBase - You are accessing: Check Box
2025-09-11 17:19:33 [main] INFO  demoqaBase - Clicking on Home Toggle Button...
2025-09-11 17:19:33 [main] INFO  demoqaBase - Clicking on Documents Toggle Button...
2025-09-11 17:19:33 [main] INFO  demoqaBase - Clicking WorkSpace Toggle Button...
2025-09-11 17:19:34 [main] INFO  demoqaBase - Clicked WorkSpace Toggle Button...
2025-09-11 17:19:34 [main] INFO  demoqaBase - Selecting WorkSpace | React Check Box...
2025-09-11 17:19:34 [main] INFO  demoqaBase - Selected WorkSpace | React Check Box...
2025-09-11 17:19:34 [main] INFO  demoqaBase - Selecting WorkSpace | Angular Check Box...
2025-09-11 17:19:34 [main] INFO  demoqaBase - Selected WorkSpace | Angular Check Box...
2025-09-11 17:19:34 [main] INFO  demoqaBase - Selecting WorkSpace | Veu Check Box...
2025-09-11 17:19:34 [main] INFO  demoqaBase - Selected WorkSpace | Veu Check Box...
Information Submitted is: You have selected :
workspace
react
angular
veu
2025-09-11 17:19:34 [main] INFO  demoqaBase - You have Selected: You have selected :
workspace
react
angular
veu
2025-09-11 17:19:34 [main] INFO  demoqaBase - ✅ Test Elements|Home|Documents| Selecting WorkSpace|React-Anuglar-Veu Check Box Completed...
]]></system-out>
  </testcase>
  <testcase name="SelectingOffice" classname="tests.ElementsTests" time="1.568">
    <system-out><![CDATA[2025-09-11 17:19:34 [main] INFO  demoqaBase - Closing browser for test: SelectReactAnuglarVeu
2025-09-11 17:19:35 [main] INFO  DriverFactory - 🌐 Starting Chrome Web Browser...
2025-09-11 17:19:35 [main] INFO  DriverFactory - ✅ Created temporary Chrome profile at C:\Users\dell\AppData\Local\Temp\chrome-profile-5348073312271667223
2025-09-11 17:19:36 [main] INFO  DriverFactory - 🚀 WebDriver started successfully
2025-09-11 17:19:36 [main] INFO  RetryUrlAccess - Navigating to URL (attempt 1): https://demoqa.com
2025-09-11 17:19:50 [main] INFO  demoqaBase - 🧪 Starting Test Elements|Home|Selecting Documents|Office Check Box Test...
Instance Variables Declared are: nullnull
2025-09-11 17:19:50 [main] INFO  demoqaBase - Accessing Elements Card...
2025-09-11 17:19:50 [main] INFO  demoqaLog - Clicking on Elements Card...
2025-09-11 17:19:50 [main] INFO  demoqaLog - Clicked on Elements Card...
Title of this Page is: DEMOQA
You are Accessing: Elements
 
Elements: Please select an item from left to start practice.
2025-09-11 17:19:51 [main] INFO  demoqaBase - Elements: Please select an item from left to start practice.
2025-09-11 17:19:51 [main] INFO  demoqaBase - Accessing Check Box...
Check Box
2025-09-11 17:19:51 [main] INFO  demoqaBase - You are accessing: Check Box
2025-09-11 17:19:51 [main] INFO  demoqaBase - Clicking on Home Toggle Button...
2025-09-11 17:19:51 [main] INFO  demoqaBase - Clicking on Documents Toggle Button...
2025-09-11 17:19:51 [main] INFO  demoqaBase - Selecting WorkSpace Check Box...
2025-09-11 17:19:51 [main] INFO  demoqaBase - Selected WorkSpace Check Box...
Information Submitted is: You have selected :
office
public
private
classified
general
2025-09-11 17:19:52 [main] INFO  demoqaBase - You have Selected: You have selected :
office
public
private
classified
general
2025-09-11 17:19:52 [main] INFO  demoqaBase - ✅ Test Elements|Home|Selecting Documents|Office Check Box Completed...
]]></system-out>
  </testcase>
  <testcase name="SelectPublic" classname="tests.ElementsTests" time="1.875">
    <system-out><![CDATA[2025-09-11 17:19:52 [main] INFO  demoqaBase - Closing browser for test: SelectingOffice
2025-09-11 17:19:52 [main] INFO  DriverFactory - 🌐 Starting Chrome Web Browser...
2025-09-11 17:19:52 [main] INFO  DriverFactory - ✅ Created temporary Chrome profile at C:\Users\dell\AppData\Local\Temp\chrome-profile-6814232581475963889
2025-09-11 17:19:53 [main] INFO  DriverFactory - 🚀 WebDriver started successfully
2025-09-11 17:19:53 [main] INFO  RetryUrlAccess - Navigating to URL (attempt 1): https://demoqa.com
2025-09-11 17:20:04 [main] INFO  demoqaBase - 🧪 Starting Test Elements|Home|Selecting Documents|Office|Public Check Box Test...
Instance Variables Declared are: nullnull
2025-09-11 17:20:04 [main] INFO  demoqaBase - Accessing Elements Card...
2025-09-11 17:20:04 [main] INFO  demoqaLog - Clicking on Elements Card...
2025-09-11 17:20:04 [main] INFO  demoqaLog - Clicked on Elements Card...
Title of this Page is: DEMOQA
You are Accessing: Elements
 
Elements: Please select an item from left to start practice.
2025-09-11 17:20:04 [main] INFO  demoqaBase - Elements: Please select an item from left to start practice.
2025-09-11 17:20:04 [main] INFO  demoqaBase - Accessing Check Box...
Check Box
2025-09-11 17:20:05 [main] INFO  demoqaBase - You are accessing: Check Box
2025-09-11 17:20:05 [main] INFO  demoqaBase - Clicking on Home Toggle Button...
2025-09-11 17:20:05 [main] INFO  demoqaBase - Clicking on Documents Toggle Button...
2025-09-11 17:20:05 [main] INFO  demoqaBase - Clicking Office Toggle Button...
2025-09-11 17:20:05 [main] INFO  demoqaBase - Clicked Office Toggle Button...
2025-09-11 17:20:05 [main] INFO  demoqaBase - Selecting Office | Public Check Box...
2025-09-11 17:20:05 [main] INFO  demoqaBase - Selected Office | Public Check Box...
Information Submitted is: You have selected :
public
2025-09-11 17:20:06 [main] INFO  demoqaBase - You have Selected: You have selected :
public
2025-09-11 17:20:06 [main] INFO  demoqaBase - ✅ Test Elements|Home|Documents|Office|Selecting Public Check Box Completed...
]]></system-out>
  </testcase>
  <testcase name="SelectPrivate" classname="tests.ElementsTests" time="1.689">
    <system-out><![CDATA[2025-09-11 17:20:06 [main] INFO  demoqaBase - Closing browser for test: SelectPublic
2025-09-11 17:20:06 [main] INFO  DriverFactory - 🌐 Starting Chrome Web Browser...
2025-09-11 17:20:06 [main] INFO  DriverFactory - ✅ Created temporary Chrome profile at C:\Users\dell\AppData\Local\Temp\chrome-profile-9980763411855704853
2025-09-11 17:20:07 [main] INFO  DriverFactory - 🚀 WebDriver started successfully
2025-09-11 17:20:07 [main] INFO  RetryUrlAccess - Navigating to URL (attempt 1): https://demoqa.com
2025-09-11 17:20:14 [main] INFO  demoqaBase - 🧪 Starting Test Elements|Home|Selecting Documents|Office|Private Check Box Test...
Instance Variables Declared are: nullnull
2025-09-11 17:20:14 [main] INFO  demoqaBase - Accessing Elements Card...
2025-09-11 17:20:14 [main] INFO  demoqaLog - Clicking on Elements Card...
2025-09-11 17:20:14 [main] INFO  demoqaLog - Clicked on Elements Card...
Title of this Page is: DEMOQA
You are Accessing: Elements
 
Elements: Please select an item from left to start practice.
2025-09-11 17:20:14 [main] INFO  demoqaBase - Elements: Please select an item from left to start practice.
2025-09-11 17:20:14 [main] INFO  demoqaBase - Accessing Check Box...
Check Box
2025-09-11 17:20:15 [main] INFO  demoqaBase - You are accessing: Check Box
2025-09-11 17:20:15 [main] INFO  demoqaBase - Clicking on Home Toggle Button...
2025-09-11 17:20:15 [main] INFO  demoqaBase - Clicking on Documents Toggle Button...
2025-09-11 17:20:15 [main] INFO  demoqaBase - Clicking Office Toggle Button...
2025-09-11 17:20:15 [main] INFO  demoqaBase - Clicked Office Toggle Button...
2025-09-11 17:20:15 [main] INFO  demoqaBase - Selecting Office | Private Check Box...
2025-09-11 17:20:15 [main] INFO  demoqaBase - Selected Office | Private Check Box...
Information Submitted is: You have selected :
private
2025-09-11 17:20:15 [main] INFO  demoqaBase - You have Selected: You have selected :
private
2025-09-11 17:20:15 [main] INFO  demoqaBase - ✅ Test Elements|Home|Documents|Office|Selecting Private Check Box Completed...
]]></system-out>
  </testcase>
  <testcase name="SelectClassified" classname="tests.ElementsTests" time="1.703">
    <system-out><![CDATA[2025-09-11 17:20:15 [main] INFO  demoqaBase - Closing browser for test: SelectPrivate
2025-09-11 17:20:16 [main] INFO  DriverFactory - 🌐 Starting Chrome Web Browser...
2025-09-11 17:20:16 [main] INFO  DriverFactory - ✅ Created temporary Chrome profile at C:\Users\dell\AppData\Local\Temp\chrome-profile-658028367898245317
2025-09-11 17:20:17 [main] INFO  DriverFactory - 🚀 WebDriver started successfully
2025-09-11 17:20:17 [main] INFO  RetryUrlAccess - Navigating to URL (attempt 1): https://demoqa.com
2025-09-11 17:20:29 [main] INFO  demoqaBase - 🧪 Starting Test Elements|Home|Selecting Documents|Office|Classified Check Box Test...
Instance Variables Declared are: nullnull
2025-09-11 17:20:29 [main] INFO  demoqaBase - Accessing Elements Card...
2025-09-11 17:20:29 [main] INFO  demoqaLog - Clicking on Elements Card...
2025-09-11 17:20:30 [main] INFO  demoqaLog - Clicked on Elements Card...
Title of this Page is: DEMOQA
You are Accessing: Elements
 
Elements: Please select an item from left to start practice.
2025-09-11 17:20:30 [main] INFO  demoqaBase - Elements: Please select an item from left to start practice.
2025-09-11 17:20:30 [main] INFO  demoqaBase - Accessing Check Box...
Check Box
2025-09-11 17:20:30 [main] INFO  demoqaBase - You are accessing: Check Box
2025-09-11 17:20:30 [main] INFO  demoqaBase - Clicking on Home Toggle Button...
2025-09-11 17:20:31 [main] INFO  demoqaBase - Clicking on Documents Toggle Button...
2025-09-11 17:20:31 [main] INFO  demoqaBase - Clicking Office Toggle Button...
2025-09-11 17:20:31 [main] INFO  demoqaBase - Clicked Office Toggle Button...
2025-09-11 17:20:31 [main] INFO  demoqaBase - Selecting Office | Classified Check Box...
2025-09-11 17:20:31 [main] INFO  demoqaBase - Selected Office | Classified Check Box...
Information Submitted is: You have selected :
classified
2025-09-11 17:20:31 [main] INFO  demoqaBase - You have Selected: You have selected :
classified
2025-09-11 17:20:31 [main] INFO  demoqaBase - ✅ Test Elements|Home|Documents|Office|Selecting Classified Check Box Completed...
]]></system-out>
  </testcase>
  <testcase name="SelectGeneral" classname="tests.ElementsTests" time="1.912">
    <system-out><![CDATA[2025-09-11 17:20:31 [main] INFO  demoqaBase - Closing browser for test: SelectClassified
2025-09-11 17:20:32 [main] INFO  DriverFactory - 🌐 Starting Chrome Web Browser...
2025-09-11 17:20:32 [main] INFO  DriverFactory - ✅ Created temporary Chrome profile at C:\Users\dell\AppData\Local\Temp\chrome-profile-11704989150252959101
2025-09-11 17:20:33 [main] INFO  DriverFactory - 🚀 WebDriver started successfully
2025-09-11 17:20:33 [main] INFO  RetryUrlAccess - Navigating to URL (attempt 1): https://demoqa.com
2025-09-11 17:20:59 [main] INFO  demoqaBase - 🧪 Starting Test Elements|Home|Selecting Documents|Office|General Check Box Test...
Instance Variables Declared are: nullnull
2025-09-11 17:20:59 [main] INFO  demoqaBase - Accessing Elements Card...
2025-09-11 17:20:59 [main] INFO  demoqaLog - Clicking on Elements Card...
2025-09-11 17:21:00 [main] INFO  demoqaLog - Clicked on Elements Card...
Title of this Page is: DEMOQA
You are Accessing: Elements
 
Elements: Please select an item from left to start practice.
2025-09-11 17:21:00 [main] INFO  demoqaBase - Elements: Please select an item from left to start practice.
2025-09-11 17:21:00 [main] INFO  demoqaBase - Accessing Check Box...
Check Box
2025-09-11 17:21:01 [main] INFO  demoqaBase - You are accessing: Check Box
2025-09-11 17:21:01 [main] INFO  demoqaBase - Clicking on Home Toggle Button...
2025-09-11 17:21:01 [main] INFO  demoqaBase - Clicking on Documents Toggle Button...
2025-09-11 17:21:01 [main] INFO  demoqaBase - Clicking Office Toggle Button...
2025-09-11 17:21:01 [main] INFO  demoqaBase - Clicked Office Toggle Button...
2025-09-11 17:21:01 [main] INFO  demoqaBase - Selecting Office | General Check Box...
2025-09-11 17:21:01 [main] INFO  demoqaBase - Selected Office | General Check Box...
Information Submitted is: You have selected :
general
2025-09-11 17:21:01 [main] INFO  demoqaBase - You have Selected: You have selected :
general
2025-09-11 17:21:01 [main] INFO  demoqaBase - ✅ Test Elements|Home|Documents|Office|Selecting General Check Box Completed...
]]></system-out>
  </testcase>
  <testcase name="SelectOfficeAll" classname="tests.ElementsTests" time="2.609">
    <system-out><![CDATA[2025-09-11 17:21:01 [main] INFO  demoqaBase - Closing browser for test: SelectGeneral
2025-09-11 17:21:02 [main] INFO  DriverFactory - 🌐 Starting Chrome Web Browser...
2025-09-11 17:21:02 [main] INFO  DriverFactory - ✅ Created temporary Chrome profile at C:\Users\dell\AppData\Local\Temp\chrome-profile-5747811803748837144
2025-09-11 17:21:03 [main] INFO  DriverFactory - 🚀 WebDriver started successfully
2025-09-11 17:21:03 [main] INFO  RetryUrlAccess - Navigating to URL (attempt 1): https://demoqa.com
2025-09-11 17:21:08 [main] INFO  demoqaBase - 🧪 Starting Test Elements|Home|Selecting Documents|Office|All Check Boxes Test...
Instance Variables Declared are: nullnull
2025-09-11 17:21:08 [main] INFO  demoqaBase - Accessing Elements Card...
2025-09-11 17:21:08 [main] INFO  demoqaLog - Clicking on Elements Card...
2025-09-11 17:21:08 [main] INFO  demoqaLog - Clicked on Elements Card...
Title of this Page is: DEMOQA
You are Accessing: Elements
 
Elements: Please select an item from left to start practice.
2025-09-11 17:21:08 [main] INFO  demoqaBase - Elements: Please select an item from left to start practice.
2025-09-11 17:21:08 [main] INFO  demoqaBase - Accessing Check Box...
Check Box
2025-09-11 17:21:09 [main] INFO  demoqaBase - You are accessing: Check Box
2025-09-11 17:21:09 [main] INFO  demoqaBase - Clicking on Home Toggle Button...
2025-09-11 17:21:09 [main] INFO  demoqaBase - Clicking on Documents Toggle Button...
2025-09-11 17:21:09 [main] INFO  demoqaBase - Clicking Office Toggle Button...
2025-09-11 17:21:10 [main] INFO  demoqaBase - Clicked Office Toggle Button...
2025-09-11 17:21:10 [main] INFO  demoqaBase - Selecting Office | Public Check Box...
2025-09-11 17:21:10 [main] INFO  demoqaBase - Selected Office | Public Check Box...
2025-09-11 17:21:10 [main] INFO  demoqaBase - Selecting Office | Private Check Box...
2025-09-11 17:21:10 [main] INFO  demoqaBase - Selected Office | Private Check Box...
2025-09-11 17:21:10 [main] INFO  demoqaBase - Selecting Office | Classified Check Box...
2025-09-11 17:21:10 [main] INFO  demoqaBase - Selected Office | Classified Check Box...
2025-09-11 17:21:10 [main] INFO  demoqaBase - Selecting Office | General Check Box...
2025-09-11 17:21:10 [main] INFO  demoqaBase - Selected Office | General Check Box...
Information Submitted is: You have selected :
office
public
private
classified
general
2025-09-11 17:21:10 [main] INFO  demoqaBase - You have Selected: You have selected :
office
public
private
classified
general
2025-09-11 17:21:10 [main] INFO  demoqaBase - ✅ Test Elements|Home|Documents|Office|Selecting All Check Boxes Completed...
]]></system-out>
  </testcase>
  <testcase name="SelectingDownloads" classname="tests.ElementsTests" time="1.347">
    <system-out><![CDATA[2025-09-11 17:21:10 [main] INFO  demoqaBase - Closing browser for test: SelectOfficeAll
2025-09-11 17:21:11 [main] WARN  PauseManager - ⏸ Pausing for 5 minutes after 40 tests...
2025-09-11 17:21:11 [main] INFO  PauseManager - ▶ Resuming in 5 minutes...
2025-09-11 17:22:11 [main] INFO  PauseManager - ▶ Resuming in 4 minutes...
2025-09-11 17:23:12 [main] INFO  PauseManager - ▶ Resuming in 3 minutes...
2025-09-11 17:24:12 [main] INFO  PauseManager - ▶ Resuming in 2 minutes...
2025-09-11 17:25:13 [main] INFO  PauseManager - ▶ Resuming in 1 minutes...
2025-09-11 17:27:57 [main] INFO  PauseManager - ▶ Resuming in 10 seconds...
2025-09-11 17:27:58 [main] INFO  PauseManager - ▶ Resuming in 9 seconds...
2025-09-11 17:27:59 [main] INFO  PauseManager - ▶ Resuming in 8 seconds...
2025-09-11 17:28:00 [main] INFO  PauseManager - ▶ Resuming in 7 seconds...
2025-09-11 17:28:01 [main] INFO  PauseManager - ▶ Resuming in 6 seconds...
2025-09-11 17:28:02 [main] INFO  PauseManager - ▶ Resuming in 5 seconds...
2025-09-11 17:28:03 [main] INFO  PauseManager - ▶ Resuming in 4 seconds...
2025-09-11 17:28:04 [main] INFO  PauseManager - ▶ Resuming in 3 seconds...
2025-09-11 17:28:05 [main] INFO  PauseManager - ▶ Resuming in 2 seconds...
2025-09-11 17:28:06 [main] INFO  PauseManager - ▶ Resuming in 1 seconds...
2025-09-11 17:28:07 [main] INFO  PauseManager - ✅ Pause complete. Resuming tests...
2025-09-11 17:28:07 [main] INFO  DriverFactory - 🌐 Starting Chrome Web Browser...
2025-09-11 17:28:07 [main] INFO  DriverFactory - ✅ Created temporary Chrome profile at C:\Users\dell\AppData\Local\Temp\chrome-profile-10029841436702861830
2025-09-11 17:28:08 [main] INFO  DriverFactory - 🚀 WebDriver started successfully
2025-09-11 17:28:08 [main] INFO  RetryUrlAccess - Navigating to URL (attempt 1): https://demoqa.com
2025-09-11 17:28:14 [main] INFO  demoqaBase - 🧪 Starting Test Elements|Home|Selecting Downloads Check Box Test...
Instance Variables Declared are: nullnull
2025-09-11 17:28:14 [main] INFO  demoqaBase - Accessing Elements Card...
2025-09-11 17:28:14 [main] INFO  demoqaLog - Clicking on Elements Card...
2025-09-11 17:28:14 [main] INFO  demoqaLog - Clicked on Elements Card...
Title of this Page is: DEMOQA
You are Accessing: Elements
 
Elements: Please select an item from left to start practice.
2025-09-11 17:28:14 [main] INFO  demoqaBase - Elements: Please select an item from left to start practice.
2025-09-11 17:28:14 [main] INFO  demoqaBase - Accessing Check Box...
Check Box
2025-09-11 17:28:14 [main] INFO  demoqaBase - You are accessing: Check Box
2025-09-11 17:28:14 [main] INFO  demoqaBase - Clicking on Home Toggle Button...
2025-09-11 17:28:15 [main] INFO  demoqaBase - Selecting Downloads Check Box...
2025-09-11 17:28:15 [main] INFO  demoqaBase - Selected Downloads Check Box...
Information Submitted is: You have selected :
downloads
wordFile
excelFile
2025-09-11 17:28:15 [main] INFO  demoqaBase - You have Selected: You have selected :
downloads
wordFile
excelFile
2025-09-11 17:28:15 [main] INFO  demoqaBase - ✅ Test Elements|Home|Selecting Downloads Check Box Completed...
]]></system-out>
  </testcase>
  <testcase name="SelectingWordFile" classname="tests.ElementsTests" time="1.493">
    <system-out><![CDATA[2025-09-11 17:28:15 [main] INFO  demoqaBase - Closing browser for test: SelectingDownloads
2025-09-11 17:28:15 [main] INFO  DriverFactory - 🌐 Starting Chrome Web Browser...
2025-09-11 17:28:15 [main] INFO  DriverFactory - ✅ Created temporary Chrome profile at C:\Users\dell\AppData\Local\Temp\chrome-profile-9846030232781582592
2025-09-11 17:28:17 [main] INFO  DriverFactory - 🚀 WebDriver started successfully
2025-09-11 17:28:17 [main] INFO  RetryUrlAccess - Navigating to URL (attempt 1): https://demoqa.com
2025-09-11 17:28:21 [main] INFO  demoqaBase - 🧪 Starting Test Elements|Home|Selecting Downloads|Word File Check Box Test...
Instance Variables Declared are: nullnull
2025-09-11 17:28:21 [main] INFO  demoqaBase - Accessing Elements Card...
2025-09-11 17:28:21 [main] INFO  demoqaLog - Clicking on Elements Card...
2025-09-11 17:28:22 [main] INFO  demoqaLog - Clicked on Elements Card...
Title of this Page is: DEMOQA
You are Accessing: Elements
 
Elements: Please select an item from left to start practice.
2025-09-11 17:28:22 [main] INFO  demoqaBase - Elements: Please select an item from left to start practice.
2025-09-11 17:28:22 [main] INFO  demoqaBase - Accessing Check Box...
Check Box
2025-09-11 17:28:22 [main] INFO  demoqaBase - You are accessing: Check Box
2025-09-11 17:28:22 [main] INFO  demoqaBase - Clicking on Home Toggle Button...
2025-09-11 17:28:22 [main] INFO  demoqaBase - Clicking Downloads Toggle Button...
2025-09-11 17:28:22 [main] INFO  demoqaBase - Clicked Downloads Toggle Button...
2025-09-11 17:28:22 [main] INFO  demoqaBase - Selecting Downloads | Word File Check Box...
2025-09-11 17:28:23 [main] INFO  demoqaBase - Selected Downloads | Word File Check Box...
Information Submitted is: You have selected :
wordFile
2025-09-11 17:28:23 [main] INFO  demoqaBase - You have Selected: You have selected :
wordFile
2025-09-11 17:28:23 [main] INFO  demoqaBase - ✅ Test Elements|Home|Selecting Downloads|Word File Check Box Completed...
]]></system-out>
  </testcase>
  <testcase name="SelectingExcelFile" classname="tests.ElementsTests" time="1.555">
    <system-out><![CDATA[2025-09-11 17:28:23 [main] INFO  demoqaBase - Closing browser for test: SelectingWordFile
2025-09-11 17:28:23 [main] INFO  DriverFactory - 🌐 Starting Chrome Web Browser...
2025-09-11 17:28:23 [main] INFO  DriverFactory - ✅ Created temporary Chrome profile at C:\Users\dell\AppData\Local\Temp\chrome-profile-13801199099825178283
2025-09-11 17:28:24 [main] INFO  DriverFactory - 🚀 WebDriver started successfully
2025-09-11 17:28:24 [main] INFO  RetryUrlAccess - Navigating to URL (attempt 1): https://demoqa.com
2025-09-11 17:28:40 [main] INFO  demoqaBase - 🧪 Starting Test Elements|Home|Selecting Downloads|Excel File Check Box Test...
Instance Variables Declared are: nullnull
2025-09-11 17:28:40 [main] INFO  demoqaBase - Accessing Elements Card...
2025-09-11 17:28:40 [main] INFO  demoqaLog - Clicking on Elements Card...
2025-09-11 17:28:41 [main] INFO  demoqaLog - Clicked on Elements Card...
Title of this Page is: DEMOQA
You are Accessing: Elements
 
Elements: Please select an item from left to start practice.
2025-09-11 17:28:41 [main] INFO  demoqaBase - Elements: Please select an item from left to start practice.
2025-09-11 17:28:41 [main] INFO  demoqaBase - Accessing Check Box...
Check Box
2025-09-11 17:28:41 [main] INFO  demoqaBase - You are accessing: Check Box
2025-09-11 17:28:41 [main] INFO  demoqaBase - Clicking on Home Toggle Button...
2025-09-11 17:28:41 [main] INFO  demoqaBase - Clicking Downloads Toggle Button...
2025-09-11 17:28:41 [main] INFO  demoqaBase - Clicked Downloads Toggle Button...
2025-09-11 17:28:41 [main] INFO  demoqaBase - Selecting Downloads | Excel File Check Box...
2025-09-11 17:28:41 [main] INFO  demoqaBase - Selected Downloads | Excel File Check Box...
Information Submitted is: You have selected :
excelFile
2025-09-11 17:28:41 [main] INFO  demoqaBase - You have Selected: You have selected :
excelFile
2025-09-11 17:28:41 [main] INFO  demoqaBase - ✅ Test Elements|Home|Selecting Downloads|Excel File Check Box Completed...
]]></system-out>
  </testcase>
  <testcase name="SelectingAllFiles" classname="tests.ElementsTests" time="1.87">
    <system-out><![CDATA[2025-09-11 17:28:41 [main] INFO  demoqaBase - Closing browser for test: SelectingExcelFile
2025-09-11 17:28:42 [main] INFO  DriverFactory - 🌐 Starting Chrome Web Browser...
2025-09-11 17:28:42 [main] INFO  DriverFactory - ✅ Created temporary Chrome profile at C:\Users\dell\AppData\Local\Temp\chrome-profile-17098662577224729192
2025-09-11 17:28:44 [main] INFO  DriverFactory - 🚀 WebDriver started successfully
2025-09-11 17:28:44 [main] INFO  RetryUrlAccess - Navigating to URL (attempt 1): https://demoqa.com
2025-09-11 17:28:50 [main] INFO  demoqaBase - 🧪 Starting Test Elements|Home|Selecting Downloads|Word & Excel File Check Boxes Test...
Instance Variables Declared are: nullnull
2025-09-11 17:28:50 [main] INFO  demoqaBase - Accessing Elements Card...
2025-09-11 17:28:50 [main] INFO  demoqaLog - Clicking on Elements Card...
2025-09-11 17:28:50 [main] INFO  demoqaLog - Clicked on Elements Card...
Title of this Page is: DEMOQA
You are Accessing: Elements
 
Elements: Please select an item from left to start practice.
2025-09-11 17:28:50 [main] INFO  demoqaBase - Elements: Please select an item from left to start practice.
2025-09-11 17:28:50 [main] INFO  demoqaBase - Accessing Check Box...
Check Box
2025-09-11 17:28:51 [main] INFO  demoqaBase - You are accessing: Check Box
2025-09-11 17:28:51 [main] INFO  demoqaBase - Clicking on Home Toggle Button...
2025-09-11 17:28:51 [main] INFO  demoqaBase - Clicking Downloads Toggle Button...
2025-09-11 17:28:51 [main] INFO  demoqaBase - Clicked Downloads Toggle Button...
2025-09-11 17:28:51 [main] INFO  demoqaBase - Selecting Downloads | Word File Check Box...
2025-09-11 17:28:51 [main] INFO  demoqaBase - Selected Downloads | Word File Check Box...
2025-09-11 17:28:51 [main] INFO  demoqaBase - Selecting Downloads | Excel File Check Box...
2025-09-11 17:28:51 [main] INFO  demoqaBase - Selected Downloads | Excel File Check Box...
Information Submitted is: You have selected :
downloads
wordFile
excelFile
2025-09-11 17:28:51 [main] INFO  demoqaBase - You have Selected: You have selected :
downloads
wordFile
excelFile
2025-09-11 17:28:51 [main] INFO  demoqaBase - ✅ Test Elements|Home|Selecting Downloads|Word & Excel File Check Boxes Completed...
]]></system-out>
  </testcase>
  <testcase name="clickRadioButton" classname="tests.ElementsTests" time="0.985">
    <system-out><![CDATA[2025-09-11 17:28:51 [main] INFO  demoqaBase - Closing browser for test: SelectingAllFiles
2025-09-11 17:28:52 [main] INFO  DriverFactory - 🌐 Starting Chrome Web Browser...
2025-09-11 17:28:52 [main] INFO  DriverFactory - ✅ Created temporary Chrome profile at C:\Users\dell\AppData\Local\Temp\chrome-profile-8131922200667050987
2025-09-11 17:28:53 [main] INFO  DriverFactory - 🚀 WebDriver started successfully
2025-09-11 17:28:53 [main] INFO  RetryUrlAccess - Navigating to URL (attempt 1): https://demoqa.com
2025-09-11 17:29:08 [main] INFO  demoqaBase - 🧪 Starting Test Elements|Radio Button Test...
Instance Variables Declared are: nullnull
2025-09-11 17:29:08 [main] INFO  demoqaBase - Accessing Elements Card...
2025-09-11 17:29:08 [main] INFO  demoqaLog - Clicking on Elements Card...
2025-09-11 17:29:08 [main] INFO  demoqaLog - Clicked on Elements Card...
Title of this Page is: DEMOQA
You are Accessing: Elements
 
Elements: Please select an item from left to start practice.
2025-09-11 17:29:09 [main] INFO  demoqaBase - Elements: Please select an item from left to start practice.
2025-09-11 17:29:09 [main] INFO  demoqaBase - Clicking on Radio Button...
2025-09-11 17:29:09 [main] INFO  demoqaBase - Clicked on Radio Button...
2025-09-11 17:29:09 [main] INFO  demoqaBase - Validating Radio Button Click...
Page Title is: Radio Button
2025-09-11 17:29:09 [main] INFO  demoqaBase - ✅ Test Elements|Radio Button Completed...
]]></system-out>
  </testcase>
  <testcase name="SelectYesRadioButton" classname="tests.ElementsTests" time="1.522">
    <system-out><![CDATA[2025-09-11 17:29:09 [main] INFO  demoqaBase - Closing browser for test: clickRadioButton
2025-09-11 17:29:09 [main] INFO  DriverFactory - 🌐 Starting Chrome Web Browser...
2025-09-11 17:29:09 [main] INFO  DriverFactory - ✅ Created temporary Chrome profile at C:\Users\dell\AppData\Local\Temp\chrome-profile-5003311666493155837
2025-09-11 17:29:11 [main] INFO  DriverFactory - 🚀 WebDriver started successfully
2025-09-11 17:29:11 [main] INFO  RetryUrlAccess - Navigating to URL (attempt 1): https://demoqa.com
2025-09-11 17:29:16 [main] INFO  demoqaBase - 🧪 Starting Test Elements|Yes Radio Button Test...
Instance Variables Declared are: nullnull
2025-09-11 17:29:16 [main] INFO  demoqaBase - Accessing Elements Card...
2025-09-11 17:29:16 [main] INFO  demoqaLog - Clicking on Elements Card...
2025-09-11 17:29:17 [main] INFO  demoqaLog - Clicked on Elements Card...
Title of this Page is: DEMOQA
You are Accessing: Elements
 
Elements: Please select an item from left to start practice.
2025-09-11 17:29:17 [main] INFO  demoqaBase - Elements: Please select an item from left to start practice.
2025-09-11 17:29:17 [main] INFO  demoqaBase - Clicking on Radio Button...
2025-09-11 17:29:17 [main] INFO  demoqaBase - Clicked on Radio Button...
2025-09-11 17:29:17 [main] INFO  demoqaBase - Selecting on Yes Radio Button...
Declared WebDriverWait: org.openqa.selenium.support.ui.WebDriverWait@69d2cffb
2025-09-11 17:29:18 [main] INFO  demoqaBase - Your Selection of Radio Button Name is: Yes
2025-09-11 17:29:18 [main] INFO  demoqaBase - Validating Radio Selection Test Result...
2025-09-11 17:29:18 [main] INFO  demoqaBase - You have selected: Yes
2025-09-11 17:29:18 [main] INFO  demoqaBase - Test Case of Radio Button Selection PASSED...
2025-09-11 17:29:18 [main] INFO  demoqaBase - ✅ Test Elements|Yes Radio Button Completed...
]]></system-out>
  </testcase>
  <testcase name="SelectImpressiveRadioButton" classname="tests.ElementsTests" time="1.603">
    <system-out><![CDATA[2025-09-11 17:29:18 [main] INFO  demoqaBase - Closing browser for test: SelectYesRadioButton
2025-09-11 17:29:18 [main] INFO  DriverFactory - 🌐 Starting Chrome Web Browser...
2025-09-11 17:29:18 [main] INFO  DriverFactory - ✅ Created temporary Chrome profile at C:\Users\dell\AppData\Local\Temp\chrome-profile-15536691521212661881
2025-09-11 17:29:19 [main] INFO  DriverFactory - 🚀 WebDriver started successfully
2025-09-11 17:29:19 [main] INFO  RetryUrlAccess - Navigating to URL (attempt 1): https://demoqa.com
2025-09-11 17:29:30 [main] INFO  demoqaBase - 🧪 Starting Test Elements|Yes Radio Button Test...
Instance Variables Declared are: nullnull
2025-09-11 17:29:30 [main] INFO  demoqaBase - Accessing Elements Card...
2025-09-11 17:29:30 [main] INFO  demoqaLog - Clicking on Elements Card...
2025-09-11 17:29:30 [main] INFO  demoqaLog - Clicked on Elements Card...
Title of this Page is: DEMOQA
You are Accessing: Elements
 
Elements: Please select an item from left to start practice.
2025-09-11 17:29:31 [main] INFO  demoqaBase - Elements: Please select an item from left to start practice.
2025-09-11 17:29:31 [main] INFO  demoqaBase - Clicking on Radio Button...
2025-09-11 17:29:31 [main] INFO  demoqaBase - Clicked on Radio Button...
2025-09-11 17:29:31 [main] INFO  demoqaBase - Selecting on Impressive Radio Button...
2025-09-11 17:29:31 [main] INFO  demoqaBase - Your Selection of Radio Button Name is: Impressive
2025-09-11 17:29:31 [main] INFO  demoqaBase - Validating Radio Selection Test Result...
2025-09-11 17:29:31 [main] INFO  demoqaBase - You have selected: Impressive
2025-09-11 17:29:31 [main] INFO  demoqaBase - Test Case of Radio Button Selection PASSED...
2025-09-11 17:29:31 [main] INFO  demoqaBase - ✅ Test Elements|Radio Button|Impressive Completed...
]]></system-out>
  </testcase>
  <testcase name="WebTablesClick" classname="tests.ElementsTests" time="1.014">
    <system-out><![CDATA[2025-09-11 17:29:31 [main] INFO  demoqaBase - Closing browser for test: SelectImpressiveRadioButton
2025-09-11 17:29:32 [main] INFO  DriverFactory - 🌐 Starting Chrome Web Browser...
2025-09-11 17:29:32 [main] INFO  DriverFactory - ✅ Created temporary Chrome profile at C:\Users\dell\AppData\Local\Temp\chrome-profile-12523265781338658158
2025-09-11 17:29:33 [main] INFO  DriverFactory - 🚀 WebDriver started successfully
2025-09-11 17:29:33 [main] INFO  RetryUrlAccess - Navigating to URL (attempt 1): https://demoqa.com
2025-09-11 17:29:38 [main] INFO  demoqaBase - 🧪 Starting Test Elements|Web Tables Test...
Instance Variables Declared are: nullnull
2025-09-11 17:29:38 [main] INFO  demoqaBase - Accessing Elements Card...
2025-09-11 17:29:38 [main] INFO  demoqaLog - Clicking on Elements Card...
2025-09-11 17:29:38 [main] INFO  demoqaLog - Clicked on Elements Card...
Title of this Page is: DEMOQA
You are Accessing: Elements
 
Elements: Please select an item from left to start practice.
2025-09-11 17:29:39 [main] INFO  demoqaBase - Elements: Please select an item from left to start practice.
2025-09-11 17:29:39 [main] INFO  demoqaBase - Click on Elements|Web Tables...
2025-09-11 17:29:39 [main] INFO  demoqaBase - ✅ Test Elements|Web Tables Completed...
]]></system-out>
  </testcase>
  <testcase name="webTableNewRegistration[WebTableUser{firstName=&apos;Johny&apos;, lastName=&apos;Bravo&apos;, email=&apos;Jbravo@demoqa.com&apos;, salary=280000, age=340, department=&apos;Information Technology&apos;}](1)" classname="tests.ElementsTests" time="3.397">
    <system-out><![CDATA[2025-09-11 17:29:39 [main] INFO  demoqaBase - Closing browser for test: WebTablesClick
🧾 Row 1: {Salary=28000.0, Email=Jbravo@demoqa.com, Address=511 Grant 481, Prattsville\n Arkansas 72129\n United States, First Name=Johny, Gender=Male, City=Delhi, Mobile=9.238343488E9, Hobbies=Sports,Music, Subject=Computer Science, Current Address=301 Town 481, Brookville\n kansas 42129\n United States, Department=Information Technology, DOB=15/08/2000, Picture=/TestData/Mphoto.jpg, State=NCR, Last Name=Bravo, Age=34.0}
🔍 Mapping field: firstName | Excel Column: First Name | Value: Johny
🔍 Mapping field: lastName | Excel Column: Last Name | Value: Bravo
🔍 Mapping field: email | Excel Column: Email | Value: Jbravo@demoqa.com
🔍 Mapping field: salary | Excel Column: Salary | Value: 28000.0
🔍 Mapping field: age | Excel Column: Age | Value: 34.0
🔍 Mapping field: department | Excel Column: Department | Value: Information Technology
🧾 Row 2: {Salary=18000.0, Email=GFemina@demoqa.com, Address=512 Grant 481, Prattsville\n Arkansas 72129\n United States, First Name=Gene, Gender=Female, City=Merrut, Mobile=1.888343432E9, Hobbies=Music,Reading, Subject=Accounting, Current Address=302 Town 481, Brookville\n kansas 42129\n United States, Department=Finance, DOB=22/05/2002, Picture=/TestData/Fphoto.png, State=Uttar Pradesh, Last Name=Femina, Age=30.0}
🔍 Mapping field: firstName | Excel Column: First Name | Value: Gene
🔍 Mapping field: lastName | Excel Column: Last Name | Value: Femina
🔍 Mapping field: email | Excel Column: Email | Value: GFemina@demoqa.com
🔍 Mapping field: salary | Excel Column: Salary | Value: 18000.0
🔍 Mapping field: age | Excel Column: Age | Value: 30.0
🔍 Mapping field: department | Excel Column: Department | Value: Finance
🧾 Row 3: {Salary=15000.0, Email=BWisem@demoqa.com, Address=513 Grant 481, Prattsville\n Arkansas 72129\n United States, First Name=Bud, Gender=Other, City=Panipat, Mobile=8.932465432E9, Hobbies=Reading, Subject=Biology, Current Address=303 Town 481, Brookville\n kansas 42129\n United States, Department=Medicine, DOB=31/12/1999, Picture=/TestData/Ophoto.jpg, State=Haryana, Last Name=Wisem, Age=40.0}
🔍 Mapping field: firstName | Excel Column: First Name | Value: Bud
🔍 Mapping field: lastName | Excel Column: Last Name | Value: Wisem
🔍 Mapping field: email | Excel Column: Email | Value: BWisem@demoqa.com
🔍 Mapping field: salary | Excel Column: Salary | Value: 15000.0
🔍 Mapping field: age | Excel Column: Age | Value: 40.0
🔍 Mapping field: department | Excel Column: Department | Value: Medicine
🧾 Row 4: {Salary=19000.0, Email=TBoss@demoqa.com, Address=514 Grant 481, Prattsville\n Arkansas 72129\n United States, First Name=Tom, Gender=Male, City=Jaiselmer, Mobile=7.839875281E9, Hobbies=Sports,Reading, Subject=Social Studies, Current Address=304 Town 481, Brookville\n kansas 42129\n United States, Department=Recreation, DOB=1/26/03, Picture=/TestData/M2photo.jpg, State=Rajasthan, Last Name=Boss, Age=42.0}
🔍 Mapping field: firstName | Excel Column: First Name | Value: Tom
🔍 Mapping field: lastName | Excel Column: Last Name | Value: Boss
🔍 Mapping field: email | Excel Column: Email | Value: TBoss@demoqa.com
🔍 Mapping field: salary | Excel Column: Salary | Value: 19000.0
🔍 Mapping field: age | Excel Column: Age | Value: 42.0
🔍 Mapping field: department | Excel Column: Department | Value: Recreation
2025-09-11 17:29:39 [main] INFO  DriverFactory - 🌐 Starting Chrome Web Browser...
2025-09-11 17:29:39 [main] INFO  DriverFactory - ✅ Created temporary Chrome profile at C:\Users\dell\AppData\Local\Temp\chrome-profile-5123513137522874079
2025-09-11 17:29:40 [main] INFO  DriverFactory - 🚀 WebDriver started successfully
2025-09-11 17:29:40 [main] INFO  RetryUrlAccess - Navigating to URL (attempt 1): https://demoqa.com
2025-09-11 17:29:53 [main] INFO  demoqaBase - 🧪 Starting Test Elements|Web Tables|Registration Form Create User...
Instance Variables Declared are: nullnull
2025-09-11 17:29:53 [main] INFO  demoqaBase - Accessing Elements Card...
2025-09-11 17:29:53 [main] INFO  demoqaLog - Clicking on Elements Card...
2025-09-11 17:29:53 [main] INFO  demoqaLog - Clicked on Elements Card...
Title of this Page is: DEMOQA
You are Accessing: Elements
 
Elements: Please select an item from left to start practice.
2025-09-11 17:29:54 [main] INFO  demoqaBase - Elements: Please select an item from left to start practice.
2025-09-11 17:29:54 [main] INFO  demoqaBase - Click on Elements|Web Tables...
2025-09-11 17:29:54 [main] INFO  demoqaBase - Click on Elements|Web Tables|Registration Form...
2025-09-11 17:29:54 [main] ERROR demoqaBase - Registering User: Johny
2025-09-11 17:29:54 [main] INFO  demoqaBase - Click on Elements|Web Tables|Registration Form|FirstName...
2025-09-11 17:29:55 [main] INFO  demoqaBase - First Name entered is: Johny
2025-09-11 17:29:55 [main] INFO  demoqaBase - Click on Elements|Web Tables|Registration Form|LastName...
Last Name is: Bravo
2025-09-11 17:29:55 [main] INFO  demoqaBase - Last Name entered is: Bravo
2025-09-11 17:29:55 [main] INFO  demoqaBase - Click on Elements|Web Tables|Registration Form|Email...
Email ID is: Jbravo@demoqa.com
2025-09-11 17:29:55 [main] INFO  demoqaBase - Email entered is: Jbravo@demoqa.com
2025-09-11 17:29:55 [main] INFO  demoqaBase - Click on Elements|Web Tables|Registration Form|Age...
2025-09-11 17:29:56 [main] INFO  demoqaBase - Age entered is: 34
2025-09-11 17:29:56 [main] INFO  demoqaBase - Click on Elements|Web Tables|Registration Form|Salary...
2025-09-11 17:29:56 [main] INFO  demoqaBase - Salary entered is: 280000
2025-09-11 17:29:56 [main] INFO  demoqaBase - Click on Elements|Web Tables|Registration Form|Department...
2025-09-11 17:29:56 [main] INFO  demoqaBase - Department entered is: Information Technology
2025-09-11 17:29:56 [main] INFO  demoqaBase - Submitting Registration Form...
2025-09-11 17:29:56 [main] INFO  demoqaBase - Registration Form Submitted...
2025-09-11 17:29:56 [main] ERROR demoqaBase - Submitted to register user: Johny
2025-09-11 17:29:56 [main] INFO  demoqaBase - ✅ Test Elements|Web Tables|Registration Form Create User Completed...
]]></system-out>
  </testcase>
  <testcase name="webTableNewRegistration[WebTableUser{firstName=&apos;Gene&apos;, lastName=&apos;Femina&apos;, email=&apos;GFemina@demoqa.com&apos;, salary=180000, age=300, department=&apos;Finance&apos;}](2)" classname="tests.ElementsTests" time="2.97">
    <system-out><![CDATA[2025-09-11 17:29:56 [main] INFO  demoqaBase - Closing browser for test: webTableNewRegistration
2025-09-11 17:29:57 [main] INFO  DriverFactory - 🌐 Starting Chrome Web Browser...
2025-09-11 17:29:57 [main] INFO  DriverFactory - ✅ Created temporary Chrome profile at C:\Users\dell\AppData\Local\Temp\chrome-profile-16843450564113639737
2025-09-11 17:29:59 [main] INFO  DriverFactory - 🚀 WebDriver started successfully
2025-09-11 17:29:59 [main] INFO  RetryUrlAccess - Navigating to URL (attempt 1): https://demoqa.com
2025-09-11 17:30:05 [main] INFO  demoqaBase - 🧪 Starting Test Elements|Web Tables|Registration Form Create User...
Instance Variables Declared are: nullnull
2025-09-11 17:30:05 [main] INFO  demoqaBase - Accessing Elements Card...
2025-09-11 17:30:05 [main] INFO  demoqaLog - Clicking on Elements Card...
2025-09-11 17:30:05 [main] INFO  demoqaLog - Clicked on Elements Card...
Title of this Page is: DEMOQA
You are Accessing: Elements
 
Elements: Please select an item from left to start practice.
2025-09-11 17:30:06 [main] INFO  demoqaBase - Elements: Please select an item from left to start practice.
2025-09-11 17:30:06 [main] INFO  demoqaBase - Click on Elements|Web Tables...
2025-09-11 17:30:06 [main] INFO  demoqaBase - Click on Elements|Web Tables|Registration Form...
2025-09-11 17:30:06 [main] ERROR demoqaBase - Registering User: Gene
2025-09-11 17:30:06 [main] INFO  demoqaBase - Click on Elements|Web Tables|Registration Form|FirstName...
2025-09-11 17:30:07 [main] INFO  demoqaBase - First Name entered is: Gene
2025-09-11 17:30:07 [main] INFO  demoqaBase - Click on Elements|Web Tables|Registration Form|LastName...
Last Name is: Femina
2025-09-11 17:30:07 [main] INFO  demoqaBase - Last Name entered is: Femina
2025-09-11 17:30:07 [main] INFO  demoqaBase - Click on Elements|Web Tables|Registration Form|Email...
Email ID is: GFemina@demoqa.com
2025-09-11 17:30:07 [main] INFO  demoqaBase - Email entered is: GFemina@demoqa.com
2025-09-11 17:30:07 [main] INFO  demoqaBase - Click on Elements|Web Tables|Registration Form|Age...
2025-09-11 17:30:07 [main] INFO  demoqaBase - Age entered is: 30
2025-09-11 17:30:07 [main] INFO  demoqaBase - Click on Elements|Web Tables|Registration Form|Salary...
2025-09-11 17:30:08 [main] INFO  demoqaBase - Salary entered is: 180000
2025-09-11 17:30:08 [main] INFO  demoqaBase - Click on Elements|Web Tables|Registration Form|Department...
2025-09-11 17:30:08 [main] INFO  demoqaBase - Department entered is: Finance
2025-09-11 17:30:08 [main] INFO  demoqaBase - Submitting Registration Form...
2025-09-11 17:30:08 [main] INFO  demoqaBase - Registration Form Submitted...
2025-09-11 17:30:08 [main] ERROR demoqaBase - Submitted to register user: Gene
2025-09-11 17:30:08 [main] INFO  demoqaBase - ✅ Test Elements|Web Tables|Registration Form Create User Completed...
]]></system-out>
  </testcase>
  <testcase name="webTableNewRegistration[WebTableUser{firstName=&apos;Bud&apos;, lastName=&apos;Wisem&apos;, email=&apos;BWisem@demoqa.com&apos;, salary=150000, age=400, department=&apos;Medicine&apos;}](3)" classname="tests.ElementsTests" time="3.185">
    <system-out><![CDATA[2025-09-11 17:30:08 [main] INFO  demoqaBase - Closing browser for test: webTableNewRegistration
2025-09-11 17:30:08 [main] INFO  DriverFactory - 🌐 Starting Chrome Web Browser...
2025-09-11 17:30:08 [main] INFO  DriverFactory - ✅ Created temporary Chrome profile at C:\Users\dell\AppData\Local\Temp\chrome-profile-8033590891663578842
2025-09-11 17:30:09 [main] INFO  DriverFactory - 🚀 WebDriver started successfully
2025-09-11 17:30:09 [main] INFO  RetryUrlAccess - Navigating to URL (attempt 1): https://demoqa.com
2025-09-11 17:30:26 [main] INFO  demoqaBase - 🧪 Starting Test Elements|Web Tables|Registration Form Create User...
Instance Variables Declared are: nullnull
2025-09-11 17:30:26 [main] INFO  demoqaBase - Accessing Elements Card...
2025-09-11 17:30:26 [main] INFO  demoqaLog - Clicking on Elements Card...
2025-09-11 17:30:27 [main] INFO  demoqaLog - Clicked on Elements Card...
Title of this Page is: DEMOQA
You are Accessing: Elements
 
Elements: Please select an item from left to start practice.
2025-09-11 17:30:27 [main] INFO  demoqaBase - Elements: Please select an item from left to start practice.
2025-09-11 17:30:27 [main] INFO  demoqaBase - Click on Elements|Web Tables...
2025-09-11 17:30:27 [main] INFO  demoqaBase - Click on Elements|Web Tables|Registration Form...
2025-09-11 17:30:27 [main] ERROR demoqaBase - Registering User: Bud
2025-09-11 17:30:27 [main] INFO  demoqaBase - Click on Elements|Web Tables|Registration Form|FirstName...
2025-09-11 17:30:28 [main] INFO  demoqaBase - First Name entered is: Bud
2025-09-11 17:30:28 [main] INFO  demoqaBase - Click on Elements|Web Tables|Registration Form|LastName...
Last Name is: Wisem
2025-09-11 17:30:28 [main] INFO  demoqaBase - Last Name entered is: Wisem
2025-09-11 17:30:28 [main] INFO  demoqaBase - Click on Elements|Web Tables|Registration Form|Email...
Email ID is: BWisem@demoqa.com
2025-09-11 17:30:28 [main] INFO  demoqaBase - Email entered is: BWisem@demoqa.com
2025-09-11 17:30:28 [main] INFO  demoqaBase - Click on Elements|Web Tables|Registration Form|Age...
2025-09-11 17:30:29 [main] INFO  demoqaBase - Age entered is: 40
2025-09-11 17:30:29 [main] INFO  demoqaBase - Click on Elements|Web Tables|Registration Form|Salary...
2025-09-11 17:30:29 [main] INFO  demoqaBase - Salary entered is: 150000
2025-09-11 17:30:29 [main] INFO  demoqaBase - Click on Elements|Web Tables|Registration Form|Department...
2025-09-11 17:30:29 [main] INFO  demoqaBase - Department entered is: Medicine
2025-09-11 17:30:29 [main] INFO  demoqaBase - Submitting Registration Form...
2025-09-11 17:30:29 [main] INFO  demoqaBase - Registration Form Submitted...
2025-09-11 17:30:29 [main] ERROR demoqaBase - Submitted to register user: Bud
2025-09-11 17:30:29 [main] INFO  demoqaBase - ✅ Test Elements|Web Tables|Registration Form Create User Completed...
]]></system-out>
  </testcase>
  <testcase name="webTableNewRegistration[WebTableUser{firstName=&apos;Tom&apos;, lastName=&apos;Boss&apos;, email=&apos;TBoss@demoqa.com&apos;, salary=190000, age=420, department=&apos;Recreation&apos;}](4)" classname="tests.ElementsTests" time="3.605">
    <system-out><![CDATA[2025-09-11 17:30:29 [main] INFO  demoqaBase - Closing browser for test: webTableNewRegistration
2025-09-11 17:30:30 [main] INFO  DriverFactory - 🌐 Starting Chrome Web Browser...
2025-09-11 17:30:30 [main] INFO  DriverFactory - ✅ Created temporary Chrome profile at C:\Users\dell\AppData\Local\Temp\chrome-profile-14110896240356036518
2025-09-11 17:30:32 [main] INFO  DriverFactory - 🚀 WebDriver started successfully
2025-09-11 17:30:32 [main] INFO  RetryUrlAccess - Navigating to URL (attempt 1): https://demoqa.com
2025-09-11 17:31:03 [main] INFO  demoqaBase - 🧪 Starting Test Elements|Web Tables|Registration Form Create User...
Instance Variables Declared are: nullnull
2025-09-11 17:31:03 [main] INFO  demoqaBase - Accessing Elements Card...
2025-09-11 17:31:03 [main] INFO  demoqaLog - Clicking on Elements Card...
2025-09-11 17:31:04 [main] INFO  demoqaLog - Clicked on Elements Card...
Title of this Page is: DEMOQA
You are Accessing: Elements
 
Elements: Please select an item from left to start practice.
2025-09-11 17:31:04 [main] INFO  demoqaBase - Elements: Please select an item from left to start practice.
2025-09-11 17:31:04 [main] INFO  demoqaBase - Click on Elements|Web Tables...
2025-09-11 17:31:04 [main] INFO  demoqaBase - Click on Elements|Web Tables|Registration Form...
2025-09-11 17:31:04 [main] ERROR demoqaBase - Registering User: Tom
2025-09-11 17:31:04 [main] INFO  demoqaBase - Click on Elements|Web Tables|Registration Form|FirstName...
2025-09-11 17:31:04 [main] INFO  demoqaBase - First Name entered is: Tom
2025-09-11 17:31:04 [main] INFO  demoqaBase - Click on Elements|Web Tables|Registration Form|LastName...
Last Name is: Boss
2025-09-11 17:31:05 [main] INFO  demoqaBase - Last Name entered is: Boss
2025-09-11 17:31:05 [main] INFO  demoqaBase - Click on Elements|Web Tables|Registration Form|Email...
Email ID is: TBoss@demoqa.com
2025-09-11 17:31:05 [main] INFO  demoqaBase - Email entered is: TBoss@demoqa.com
2025-09-11 17:31:05 [main] INFO  demoqaBase - Click on Elements|Web Tables|Registration Form|Age...
2025-09-11 17:31:06 [main] INFO  demoqaBase - Age entered is: 42
2025-09-11 17:31:06 [main] INFO  demoqaBase - Click on Elements|Web Tables|Registration Form|Salary...
2025-09-11 17:31:06 [main] INFO  demoqaBase - Salary entered is: 190000
2025-09-11 17:31:06 [main] INFO  demoqaBase - Click on Elements|Web Tables|Registration Form|Department...
2025-09-11 17:31:06 [main] INFO  demoqaBase - Department entered is: Recreation
2025-09-11 17:31:07 [main] INFO  demoqaBase - Submitting Registration Form...
2025-09-11 17:31:07 [main] INFO  demoqaBase - Registration Form Submitted...
2025-09-11 17:31:07 [main] ERROR demoqaBase - Submitted to register user: Tom
2025-09-11 17:31:07 [main] INFO  demoqaBase - ✅ Test Elements|Web Tables|Registration Form Create User Completed...
]]></system-out>
  </testcase>
  <testcase name="webTableAddSearch[WebTableUser{firstName=&apos;Johny&apos;, lastName=&apos;Bravo&apos;, email=&apos;Jbravo@demoqa.com&apos;, salary=280000, age=340, department=&apos;Information Technology&apos;}](1)" classname="tests.ElementsTests" time="3.873">
    <system-out><![CDATA[2025-09-11 17:31:07 [main] INFO  demoqaBase - Closing browser for test: webTableNewRegistration
🧾 Row 1: {Salary=28000.0, Email=Jbravo@demoqa.com, Address=511 Grant 481, Prattsville\n Arkansas 72129\n United States, First Name=Johny, Gender=Male, City=Delhi, Mobile=9.238343488E9, Hobbies=Sports,Music, Subject=Computer Science, Current Address=301 Town 481, Brookville\n kansas 42129\n United States, Department=Information Technology, DOB=15/08/2000, Picture=/TestData/Mphoto.jpg, State=NCR, Last Name=Bravo, Age=34.0}
🔍 Mapping field: firstName | Excel Column: First Name | Value: Johny
🔍 Mapping field: lastName | Excel Column: Last Name | Value: Bravo
🔍 Mapping field: email | Excel Column: Email | Value: Jbravo@demoqa.com
🔍 Mapping field: salary | Excel Column: Salary | Value: 28000.0
🔍 Mapping field: age | Excel Column: Age | Value: 34.0
🔍 Mapping field: department | Excel Column: Department | Value: Information Technology
🧾 Row 2: {Salary=18000.0, Email=GFemina@demoqa.com, Address=512 Grant 481, Prattsville\n Arkansas 72129\n United States, First Name=Gene, Gender=Female, City=Merrut, Mobile=1.888343432E9, Hobbies=Music,Reading, Subject=Accounting, Current Address=302 Town 481, Brookville\n kansas 42129\n United States, Department=Finance, DOB=22/05/2002, Picture=/TestData/Fphoto.png, State=Uttar Pradesh, Last Name=Femina, Age=30.0}
🔍 Mapping field: firstName | Excel Column: First Name | Value: Gene
🔍 Mapping field: lastName | Excel Column: Last Name | Value: Femina
🔍 Mapping field: email | Excel Column: Email | Value: GFemina@demoqa.com
🔍 Mapping field: salary | Excel Column: Salary | Value: 18000.0
🔍 Mapping field: age | Excel Column: Age | Value: 30.0
🔍 Mapping field: department | Excel Column: Department | Value: Finance
🧾 Row 3: {Salary=15000.0, Email=BWisem@demoqa.com, Address=513 Grant 481, Prattsville\n Arkansas 72129\n United States, First Name=Bud, Gender=Other, City=Panipat, Mobile=8.932465432E9, Hobbies=Reading, Subject=Biology, Current Address=303 Town 481, Brookville\n kansas 42129\n United States, Department=Medicine, DOB=31/12/1999, Picture=/TestData/Ophoto.jpg, State=Haryana, Last Name=Wisem, Age=40.0}
🔍 Mapping field: firstName | Excel Column: First Name | Value: Bud
🔍 Mapping field: lastName | Excel Column: Last Name | Value: Wisem
🔍 Mapping field: email | Excel Column: Email | Value: BWisem@demoqa.com
🔍 Mapping field: salary | Excel Column: Salary | Value: 15000.0
🔍 Mapping field: age | Excel Column: Age | Value: 40.0
🔍 Mapping field: department | Excel Column: Department | Value: Medicine
🧾 Row 4: {Salary=19000.0, Email=TBoss@demoqa.com, Address=514 Grant 481, Prattsville\n Arkansas 72129\n United States, First Name=Tom, Gender=Male, City=Jaiselmer, Mobile=7.839875281E9, Hobbies=Sports,Reading, Subject=Social Studies, Current Address=304 Town 481, Brookville\n kansas 42129\n United States, Department=Recreation, DOB=1/26/03, Picture=/TestData/M2photo.jpg, State=Rajasthan, Last Name=Boss, Age=42.0}
🔍 Mapping field: firstName | Excel Column: First Name | Value: Tom
🔍 Mapping field: lastName | Excel Column: Last Name | Value: Boss
🔍 Mapping field: email | Excel Column: Email | Value: TBoss@demoqa.com
🔍 Mapping field: salary | Excel Column: Salary | Value: 19000.0
🔍 Mapping field: age | Excel Column: Age | Value: 42.0
🔍 Mapping field: department | Excel Column: Department | Value: Recreation
2025-09-11 17:31:07 [main] INFO  DriverFactory - 🌐 Starting Chrome Web Browser...
2025-09-11 17:31:07 [main] INFO  DriverFactory - ✅ Created temporary Chrome profile at C:\Users\dell\AppData\Local\Temp\chrome-profile-14603482559523276644
2025-09-11 17:31:08 [main] INFO  DriverFactory - 🚀 WebDriver started successfully
2025-09-11 17:31:08 [main] INFO  RetryUrlAccess - Navigating to URL (attempt 1): https://demoqa.com
2025-09-11 17:31:13 [main] INFO  demoqaBase - 🧪 Starting Test Registration Form Add & Search...
Instance Variables Declared are: nullnull
2025-09-11 17:31:13 [main] INFO  demoqaBase - Accessing Elements Card...
2025-09-11 17:31:13 [main] INFO  demoqaLog - Clicking on Elements Card...
2025-09-11 17:31:14 [main] INFO  demoqaLog - Clicked on Elements Card...
Title of this Page is: DEMOQA
You are Accessing: Elements
 
Elements: Please select an item from left to start practice.
2025-09-11 17:31:14 [main] INFO  demoqaBase - Elements: Please select an item from left to start practice.
2025-09-11 17:31:14 [main] INFO  demoqaBase - Click on Elements|Web Tables...
2025-09-11 17:31:14 [main] INFO  demoqaBase - Click on Elements|Web Tables|Registration Form...
2025-09-11 17:31:14 [main] ERROR demoqaBase - Registering User: Johny
2025-09-11 17:31:14 [main] INFO  demoqaBase - Click on Elements|Web Tables|Registration Form|FirstName...
2025-09-11 17:31:15 [main] INFO  demoqaBase - First Name entered is: Johny
2025-09-11 17:31:15 [main] INFO  demoqaBase - Click on Elements|Web Tables|Registration Form|LastName...
Last Name is: Bravo
2025-09-11 17:31:15 [main] INFO  demoqaBase - Last Name entered is: Bravo
2025-09-11 17:31:15 [main] INFO  demoqaBase - Click on Elements|Web Tables|Registration Form|Email...
Email ID is: Jbravo@demoqa.com
2025-09-11 17:31:15 [main] INFO  demoqaBase - Email entered is: Jbravo@demoqa.com
2025-09-11 17:31:15 [main] INFO  demoqaBase - Click on Elements|Web Tables|Registration Form|Age...
2025-09-11 17:31:16 [main] INFO  demoqaBase - Age entered is: 34
2025-09-11 17:31:16 [main] INFO  demoqaBase - Click on Elements|Web Tables|Registration Form|Salary...
2025-09-11 17:31:16 [main] INFO  demoqaBase - Salary entered is: 280000
2025-09-11 17:31:16 [main] INFO  demoqaBase - Click on Elements|Web Tables|Registration Form|Department...
2025-09-11 17:31:16 [main] INFO  demoqaBase - Department entered is: Information Technology
2025-09-11 17:31:17 [main] INFO  demoqaBase - Submitting Registration Form...
2025-09-11 17:31:17 [main] INFO  demoqaBase - Registration Form Submitted...
2025-09-11 17:31:17 [main] ERROR demoqaBase - Submitted to register user: Johny
2025-09-11 17:31:17 [main] INFO  demoqaBase - Searching by First Name...
2025-09-11 17:31:17 [main] INFO  demoqaBase - ✅ Test for Registration Form Add & Search Completed...
]]></system-out>
  </testcase>
  <testcase name="webTableAddEditFirstName[WebTableUser{firstName=&apos;Tonny&apos;, lastName=&apos;Bravo&apos;, email=&apos;Jbravo@demoqa.com&apos;, salary=280000, age=340, department=&apos;Information Technology&apos;}](1)" classname="tests.ElementsTests" time="5.265">
    <system-out><![CDATA[2025-09-11 17:31:17 [main] INFO  demoqaBase - Closing browser for test: webTableAddSearch
🧾 Row 1: {Salary=28000.0, Email=Jbravo@demoqa.com, Address=511 Grant 481, Prattsville\n Arkansas 72129\n United States, First Name=Johny, Gender=Male, City=Delhi, Mobile=9.238343488E9, Hobbies=Sports,Music, Subject=Computer Science, Current Address=301 Town 481, Brookville\n kansas 42129\n United States, Department=Information Technology, DOB=15/08/2000, Picture=/TestData/Mphoto.jpg, State=NCR, Last Name=Bravo, Age=34.0}
🔍 Mapping field: firstName | Excel Column: First Name | Value: Johny
🔍 Mapping field: lastName | Excel Column: Last Name | Value: Bravo
🔍 Mapping field: email | Excel Column: Email | Value: Jbravo@demoqa.com
🔍 Mapping field: salary | Excel Column: Salary | Value: 28000.0
🔍 Mapping field: age | Excel Column: Age | Value: 34.0
🔍 Mapping field: department | Excel Column: Department | Value: Information Technology
🧾 Row 2: {Salary=18000.0, Email=GFemina@demoqa.com, Address=512 Grant 481, Prattsville\n Arkansas 72129\n United States, First Name=Gene, Gender=Female, City=Merrut, Mobile=1.888343432E9, Hobbies=Music,Reading, Subject=Accounting, Current Address=302 Town 481, Brookville\n kansas 42129\n United States, Department=Finance, DOB=22/05/2002, Picture=/TestData/Fphoto.png, State=Uttar Pradesh, Last Name=Femina, Age=30.0}
🔍 Mapping field: firstName | Excel Column: First Name | Value: Gene
🔍 Mapping field: lastName | Excel Column: Last Name | Value: Femina
🔍 Mapping field: email | Excel Column: Email | Value: GFemina@demoqa.com
🔍 Mapping field: salary | Excel Column: Salary | Value: 18000.0
🔍 Mapping field: age | Excel Column: Age | Value: 30.0
🔍 Mapping field: department | Excel Column: Department | Value: Finance
🧾 Row 3: {Salary=15000.0, Email=BWisem@demoqa.com, Address=513 Grant 481, Prattsville\n Arkansas 72129\n United States, First Name=Bud, Gender=Other, City=Panipat, Mobile=8.932465432E9, Hobbies=Reading, Subject=Biology, Current Address=303 Town 481, Brookville\n kansas 42129\n United States, Department=Medicine, DOB=31/12/1999, Picture=/TestData/Ophoto.jpg, State=Haryana, Last Name=Wisem, Age=40.0}
🔍 Mapping field: firstName | Excel Column: First Name | Value: Bud
🔍 Mapping field: lastName | Excel Column: Last Name | Value: Wisem
🔍 Mapping field: email | Excel Column: Email | Value: BWisem@demoqa.com
🔍 Mapping field: salary | Excel Column: Salary | Value: 15000.0
🔍 Mapping field: age | Excel Column: Age | Value: 40.0
🔍 Mapping field: department | Excel Column: Department | Value: Medicine
🧾 Row 4: {Salary=19000.0, Email=TBoss@demoqa.com, Address=514 Grant 481, Prattsville\n Arkansas 72129\n United States, First Name=Tom, Gender=Male, City=Jaiselmer, Mobile=7.839875281E9, Hobbies=Sports,Reading, Subject=Social Studies, Current Address=304 Town 481, Brookville\n kansas 42129\n United States, Department=Recreation, DOB=1/26/03, Picture=/TestData/M2photo.jpg, State=Rajasthan, Last Name=Boss, Age=42.0}
🔍 Mapping field: firstName | Excel Column: First Name | Value: Tom
🔍 Mapping field: lastName | Excel Column: Last Name | Value: Boss
🔍 Mapping field: email | Excel Column: Email | Value: TBoss@demoqa.com
🔍 Mapping field: salary | Excel Column: Salary | Value: 19000.0
🔍 Mapping field: age | Excel Column: Age | Value: 42.0
🔍 Mapping field: department | Excel Column: Department | Value: Recreation
2025-09-11 17:31:18 [main] INFO  DriverFactory - 🌐 Starting Chrome Web Browser...
2025-09-11 17:31:18 [main] INFO  DriverFactory - ✅ Created temporary Chrome profile at C:\Users\dell\AppData\Local\Temp\chrome-profile-14309937149602276194
2025-09-11 17:31:21 [main] INFO  DriverFactory - 🚀 WebDriver started successfully
2025-09-11 17:31:21 [main] INFO  RetryUrlAccess - Navigating to URL (attempt 1): https://demoqa.com
2025-09-11 17:31:27 [main] INFO  demoqaBase - 🧪 Starting Test Registration Form Modify First Name...
Instance Variables Declared are: nullnull
2025-09-11 17:31:27 [main] INFO  demoqaBase - Accessing Elements Card...
2025-09-11 17:31:27 [main] INFO  demoqaLog - Clicking on Elements Card...
2025-09-11 17:31:27 [main] INFO  demoqaLog - Clicked on Elements Card...
Title of this Page is: DEMOQA
You are Accessing: Elements
 
Elements: Please select an item from left to start practice.
2025-09-11 17:31:28 [main] INFO  demoqaBase - Elements: Please select an item from left to start practice.
2025-09-11 17:31:28 [main] INFO  demoqaBase - Click on Elements|Web Tables...
2025-09-11 17:31:28 [main] INFO  demoqaBase - Click on Elements|Web Tables|Registration Form...
2025-09-11 17:31:28 [main] ERROR demoqaBase - Registering User: Johny
2025-09-11 17:31:28 [main] INFO  demoqaBase - Click on Elements|Web Tables|Registration Form|FirstName...
2025-09-11 17:31:29 [main] INFO  demoqaBase - First Name entered is: Johny
2025-09-11 17:31:29 [main] INFO  demoqaBase - Click on Elements|Web Tables|Registration Form|LastName...
Last Name is: Bravo
2025-09-11 17:31:29 [main] INFO  demoqaBase - Last Name entered is: Bravo
2025-09-11 17:31:29 [main] INFO  demoqaBase - Click on Elements|Web Tables|Registration Form|Email...
Email ID is: Jbravo@demoqa.com
2025-09-11 17:31:29 [main] INFO  demoqaBase - Email entered is: Jbravo@demoqa.com
2025-09-11 17:31:29 [main] INFO  demoqaBase - Click on Elements|Web Tables|Registration Form|Age...
2025-09-11 17:31:29 [main] INFO  demoqaBase - Age entered is: 34
2025-09-11 17:31:29 [main] INFO  demoqaBase - Click on Elements|Web Tables|Registration Form|Salary...
2025-09-11 17:31:30 [main] INFO  demoqaBase - Salary entered is: 280000
2025-09-11 17:31:30 [main] INFO  demoqaBase - Click on Elements|Web Tables|Registration Form|Department...
2025-09-11 17:31:30 [main] INFO  demoqaBase - Department entered is: Information Technology
2025-09-11 17:31:30 [main] INFO  demoqaBase - Submitting Registration Form...
2025-09-11 17:31:31 [main] INFO  demoqaBase - Registration Form Submitted...
2025-09-11 17:31:31 [main] ERROR demoqaBase - Submitted to register user: Johny
2025-09-11 17:31:31 [main] INFO  demoqaBase - Modifying First Name of the user...
2025-09-11 17:31:32 [main] INFO  demoqaBase - ✅ Test Registration Form Modify First Name Completed Successfully...
]]></system-out>
  </testcase>
  <testcase name="webTableAddSearchEdit[WebTableUser{firstName=&apos;Tonny&apos;, lastName=&apos;Bravo&apos;, email=&apos;Jbravo@demoqa.com&apos;, salary=280000, age=340, department=&apos;Information Technology&apos;}](1)" classname="tests.ElementsTests" time="5.938">
    <system-out><![CDATA[2025-09-11 17:31:32 [main] INFO  demoqaBase - Closing browser for test: webTableAddEditFirstName
🧾 Row 1: {Salary=28000.0, Email=Jbravo@demoqa.com, Address=511 Grant 481, Prattsville\n Arkansas 72129\n United States, First Name=Johny, Gender=Male, City=Delhi, Mobile=9.238343488E9, Hobbies=Sports,Music, Subject=Computer Science, Current Address=301 Town 481, Brookville\n kansas 42129\n United States, Department=Information Technology, DOB=15/08/2000, Picture=/TestData/Mphoto.jpg, State=NCR, Last Name=Bravo, Age=34.0}
🔍 Mapping field: firstName | Excel Column: First Name | Value: Johny
🔍 Mapping field: lastName | Excel Column: Last Name | Value: Bravo
🔍 Mapping field: email | Excel Column: Email | Value: Jbravo@demoqa.com
🔍 Mapping field: salary | Excel Column: Salary | Value: 28000.0
🔍 Mapping field: age | Excel Column: Age | Value: 34.0
🔍 Mapping field: department | Excel Column: Department | Value: Information Technology
🧾 Row 2: {Salary=18000.0, Email=GFemina@demoqa.com, Address=512 Grant 481, Prattsville\n Arkansas 72129\n United States, First Name=Gene, Gender=Female, City=Merrut, Mobile=1.888343432E9, Hobbies=Music,Reading, Subject=Accounting, Current Address=302 Town 481, Brookville\n kansas 42129\n United States, Department=Finance, DOB=22/05/2002, Picture=/TestData/Fphoto.png, State=Uttar Pradesh, Last Name=Femina, Age=30.0}
🔍 Mapping field: firstName | Excel Column: First Name | Value: Gene
🔍 Mapping field: lastName | Excel Column: Last Name | Value: Femina
🔍 Mapping field: email | Excel Column: Email | Value: GFemina@demoqa.com
🔍 Mapping field: salary | Excel Column: Salary | Value: 18000.0
🔍 Mapping field: age | Excel Column: Age | Value: 30.0
🔍 Mapping field: department | Excel Column: Department | Value: Finance
🧾 Row 3: {Salary=15000.0, Email=BWisem@demoqa.com, Address=513 Grant 481, Prattsville\n Arkansas 72129\n United States, First Name=Bud, Gender=Other, City=Panipat, Mobile=8.932465432E9, Hobbies=Reading, Subject=Biology, Current Address=303 Town 481, Brookville\n kansas 42129\n United States, Department=Medicine, DOB=31/12/1999, Picture=/TestData/Ophoto.jpg, State=Haryana, Last Name=Wisem, Age=40.0}
🔍 Mapping field: firstName | Excel Column: First Name | Value: Bud
🔍 Mapping field: lastName | Excel Column: Last Name | Value: Wisem
🔍 Mapping field: email | Excel Column: Email | Value: BWisem@demoqa.com
🔍 Mapping field: salary | Excel Column: Salary | Value: 15000.0
🔍 Mapping field: age | Excel Column: Age | Value: 40.0
🔍 Mapping field: department | Excel Column: Department | Value: Medicine
🧾 Row 4: {Salary=19000.0, Email=TBoss@demoqa.com, Address=514 Grant 481, Prattsville\n Arkansas 72129\n United States, First Name=Tom, Gender=Male, City=Jaiselmer, Mobile=7.839875281E9, Hobbies=Sports,Reading, Subject=Social Studies, Current Address=304 Town 481, Brookville\n kansas 42129\n United States, Department=Recreation, DOB=1/26/03, Picture=/TestData/M2photo.jpg, State=Rajasthan, Last Name=Boss, Age=42.0}
🔍 Mapping field: firstName | Excel Column: First Name | Value: Tom
🔍 Mapping field: lastName | Excel Column: Last Name | Value: Boss
🔍 Mapping field: email | Excel Column: Email | Value: TBoss@demoqa.com
🔍 Mapping field: salary | Excel Column: Salary | Value: 19000.0
🔍 Mapping field: age | Excel Column: Age | Value: 42.0
🔍 Mapping field: department | Excel Column: Department | Value: Recreation
2025-09-11 17:31:33 [main] INFO  DriverFactory - 🌐 Starting Chrome Web Browser...
2025-09-11 17:31:33 [main] INFO  DriverFactory - ✅ Created temporary Chrome profile at C:\Users\dell\AppData\Local\Temp\chrome-profile-4014996015082906322
2025-09-11 17:31:34 [main] INFO  DriverFactory - 🚀 WebDriver started successfully
2025-09-11 17:31:34 [main] INFO  RetryUrlAccess - Navigating to URL (attempt 1): https://demoqa.com
2025-09-11 17:31:39 [main] INFO  demoqaBase - 🧪 Starting Test Registration Form Search & Modify First Name...
Instance Variables Declared are: nullnull
2025-09-11 17:31:39 [main] INFO  demoqaBase - Accessing Elements Card...
2025-09-11 17:31:39 [main] INFO  demoqaLog - Clicking on Elements Card...
2025-09-11 17:31:39 [main] INFO  demoqaLog - Clicked on Elements Card...
Title of this Page is: DEMOQA
You are Accessing: Elements
 
Elements: Please select an item from left to start practice.
2025-09-11 17:31:39 [main] INFO  demoqaBase - Elements: Please select an item from left to start practice.
2025-09-11 17:31:39 [main] INFO  demoqaBase - Click on Elements|Web Tables...
2025-09-11 17:31:39 [main] INFO  demoqaBase - Click on Elements|Web Tables|Registration Form...
2025-09-11 17:31:40 [main] ERROR demoqaBase - Registering User: Johny
2025-09-11 17:31:40 [main] INFO  demoqaBase - Click on Elements|Web Tables|Registration Form|FirstName...
2025-09-11 17:31:40 [main] INFO  demoqaBase - First Name entered is: Johny
2025-09-11 17:31:40 [main] INFO  demoqaBase - Click on Elements|Web Tables|Registration Form|LastName...
Last Name is: Bravo
2025-09-11 17:31:40 [main] INFO  demoqaBase - Last Name entered is: Bravo
2025-09-11 17:31:40 [main] INFO  demoqaBase - Click on Elements|Web Tables|Registration Form|Email...
Email ID is: Jbravo@demoqa.com
2025-09-11 17:31:41 [main] INFO  demoqaBase - Email entered is: Jbravo@demoqa.com
2025-09-11 17:31:41 [main] INFO  demoqaBase - Click on Elements|Web Tables|Registration Form|Age...
2025-09-11 17:31:41 [main] INFO  demoqaBase - Age entered is: 34
2025-09-11 17:31:41 [main] INFO  demoqaBase - Click on Elements|Web Tables|Registration Form|Salary...
2025-09-11 17:31:42 [main] INFO  demoqaBase - Salary entered is: 280000
2025-09-11 17:31:42 [main] INFO  demoqaBase - Click on Elements|Web Tables|Registration Form|Department...
2025-09-11 17:31:42 [main] INFO  demoqaBase - Department entered is: Information Technology
2025-09-11 17:31:42 [main] INFO  demoqaBase - Submitting Registration Form...
2025-09-11 17:31:42 [main] INFO  demoqaBase - Registration Form Submitted...
2025-09-11 17:31:42 [main] ERROR demoqaBase - Submitted to register user: Johny
2025-09-11 17:31:43 [main] INFO  demoqaBase - Modifying First Name of the user...
2025-09-11 17:31:45 [main] INFO  demoqaBase - Updated First Name is: Tonny
2025-09-11 17:31:45 [main] INFO  demoqaBase - ✅ Test Registration Form Search & Modify First Name Completed Successfully...
]]></system-out>
  </testcase>
  <testcase name="webTableDeleteUser[WebTableUser{firstName=&apos;Johny&apos;, lastName=&apos;Bravo&apos;, email=&apos;Jbravo@demoqa.com&apos;, salary=280000, age=340, department=&apos;Information Technology&apos;}](1)" classname="tests.ElementsTests" time="3.657">
    <system-out><![CDATA[2025-09-11 17:31:45 [main] INFO  demoqaBase - Closing browser for test: webTableAddSearchEdit
🧾 Row 1: {Salary=28000.0, Email=Jbravo@demoqa.com, Address=511 Grant 481, Prattsville\n Arkansas 72129\n United States, First Name=Johny, Gender=Male, City=Delhi, Mobile=9.238343488E9, Hobbies=Sports,Music, Subject=Computer Science, Current Address=301 Town 481, Brookville\n kansas 42129\n United States, Department=Information Technology, DOB=15/08/2000, Picture=/TestData/Mphoto.jpg, State=NCR, Last Name=Bravo, Age=34.0}
🔍 Mapping field: firstName | Excel Column: First Name | Value: Johny
🔍 Mapping field: lastName | Excel Column: Last Name | Value: Bravo
🔍 Mapping field: email | Excel Column: Email | Value: Jbravo@demoqa.com
🔍 Mapping field: salary | Excel Column: Salary | Value: 28000.0
🔍 Mapping field: age | Excel Column: Age | Value: 34.0
🔍 Mapping field: department | Excel Column: Department | Value: Information Technology
🧾 Row 2: {Salary=18000.0, Email=GFemina@demoqa.com, Address=512 Grant 481, Prattsville\n Arkansas 72129\n United States, First Name=Gene, Gender=Female, City=Merrut, Mobile=1.888343432E9, Hobbies=Music,Reading, Subject=Accounting, Current Address=302 Town 481, Brookville\n kansas 42129\n United States, Department=Finance, DOB=22/05/2002, Picture=/TestData/Fphoto.png, State=Uttar Pradesh, Last Name=Femina, Age=30.0}
🔍 Mapping field: firstName | Excel Column: First Name | Value: Gene
🔍 Mapping field: lastName | Excel Column: Last Name | Value: Femina
🔍 Mapping field: email | Excel Column: Email | Value: GFemina@demoqa.com
🔍 Mapping field: salary | Excel Column: Salary | Value: 18000.0
🔍 Mapping field: age | Excel Column: Age | Value: 30.0
🔍 Mapping field: department | Excel Column: Department | Value: Finance
🧾 Row 3: {Salary=15000.0, Email=BWisem@demoqa.com, Address=513 Grant 481, Prattsville\n Arkansas 72129\n United States, First Name=Bud, Gender=Other, City=Panipat, Mobile=8.932465432E9, Hobbies=Reading, Subject=Biology, Current Address=303 Town 481, Brookville\n kansas 42129\n United States, Department=Medicine, DOB=31/12/1999, Picture=/TestData/Ophoto.jpg, State=Haryana, Last Name=Wisem, Age=40.0}
🔍 Mapping field: firstName | Excel Column: First Name | Value: Bud
🔍 Mapping field: lastName | Excel Column: Last Name | Value: Wisem
🔍 Mapping field: email | Excel Column: Email | Value: BWisem@demoqa.com
🔍 Mapping field: salary | Excel Column: Salary | Value: 15000.0
🔍 Mapping field: age | Excel Column: Age | Value: 40.0
🔍 Mapping field: department | Excel Column: Department | Value: Medicine
🧾 Row 4: {Salary=19000.0, Email=TBoss@demoqa.com, Address=514 Grant 481, Prattsville\n Arkansas 72129\n United States, First Name=Tom, Gender=Male, City=Jaiselmer, Mobile=7.839875281E9, Hobbies=Sports,Reading, Subject=Social Studies, Current Address=304 Town 481, Brookville\n kansas 42129\n United States, Department=Recreation, DOB=1/26/03, Picture=/TestData/M2photo.jpg, State=Rajasthan, Last Name=Boss, Age=42.0}
🔍 Mapping field: firstName | Excel Column: First Name | Value: Tom
🔍 Mapping field: lastName | Excel Column: Last Name | Value: Boss
🔍 Mapping field: email | Excel Column: Email | Value: TBoss@demoqa.com
🔍 Mapping field: salary | Excel Column: Salary | Value: 19000.0
🔍 Mapping field: age | Excel Column: Age | Value: 42.0
🔍 Mapping field: department | Excel Column: Department | Value: Recreation
2025-09-11 17:31:45 [main] INFO  DriverFactory - 🌐 Starting Chrome Web Browser...
2025-09-11 17:31:45 [main] INFO  DriverFactory - ✅ Created temporary Chrome profile at C:\Users\dell\AppData\Local\Temp\chrome-profile-2888482889473192059
2025-09-11 17:31:47 [main] INFO  DriverFactory - 🚀 WebDriver started successfully
2025-09-11 17:31:47 [main] INFO  RetryUrlAccess - Navigating to URL (attempt 1): https://demoqa.com
2025-09-11 17:32:04 [main] INFO  demoqaBase - 🧪 Starting Test for Deleting User from Web Table...
Instance Variables Declared are: nullnull
2025-09-11 17:32:04 [main] INFO  demoqaBase - Accessing Elements Card...
2025-09-11 17:32:04 [main] INFO  demoqaLog - Clicking on Elements Card...
2025-09-11 17:32:04 [main] INFO  demoqaLog - Clicked on Elements Card...
Title of this Page is: DEMOQA
You are Accessing: Elements
 
Elements: Please select an item from left to start practice.
2025-09-11 17:32:04 [main] INFO  demoqaBase - Elements: Please select an item from left to start practice.
2025-09-11 17:32:04 [main] INFO  demoqaBase - Click on Elements|Web Tables...
2025-09-11 17:32:04 [main] INFO  demoqaBase - Click on Elements|Web Tables|Registration Form...
2025-09-11 17:32:04 [main] ERROR demoqaBase - Registering User: Johny
2025-09-11 17:32:04 [main] INFO  demoqaBase - Click on Elements|Web Tables|Registration Form|FirstName...
2025-09-11 17:32:05 [main] INFO  demoqaBase - First Name entered is: Johny
2025-09-11 17:32:05 [main] INFO  demoqaBase - Click on Elements|Web Tables|Registration Form|LastName...
Last Name is: Bravo
2025-09-11 17:32:05 [main] INFO  demoqaBase - Last Name entered is: Bravo
2025-09-11 17:32:05 [main] INFO  demoqaBase - Click on Elements|Web Tables|Registration Form|Email...
Email ID is: Jbravo@demoqa.com
2025-09-11 17:32:06 [main] INFO  demoqaBase - Email entered is: Jbravo@demoqa.com
2025-09-11 17:32:06 [main] INFO  demoqaBase - Click on Elements|Web Tables|Registration Form|Age...
2025-09-11 17:32:06 [main] INFO  demoqaBase - Age entered is: 34
2025-09-11 17:32:06 [main] INFO  demoqaBase - Click on Elements|Web Tables|Registration Form|Salary...
2025-09-11 17:32:06 [main] INFO  demoqaBase - Salary entered is: 280000
2025-09-11 17:32:06 [main] INFO  demoqaBase - Click on Elements|Web Tables|Registration Form|Department...
2025-09-11 17:32:07 [main] INFO  demoqaBase - Department entered is: Information Technology
2025-09-11 17:32:07 [main] INFO  demoqaBase - Submitting Registration Form...
2025-09-11 17:32:07 [main] INFO  demoqaBase - Registration Form Submitted...
2025-09-11 17:32:07 [main] ERROR demoqaBase - Submitted to register user: Johny
2025-09-11 17:32:07 [main] INFO  demoqaBase - Deleting User from Webtable: Johny
2025-09-11 17:32:07 [main] INFO  demoqaBase - ✅ Test for Deleting User from Web Table Completed Successfully...
]]></system-out>
  </testcase>
  <testcase name="testAddAllUsersFromExcel" classname="tests.ElementsTests" time="10.173">
    <system-out><![CDATA[2025-09-11 17:32:07 [main] INFO  demoqaBase - Closing browser for test: webTableDeleteUser
2025-09-11 17:32:08 [main] INFO  DriverFactory - 🌐 Starting Chrome Web Browser...
2025-09-11 17:32:08 [main] INFO  DriverFactory - ✅ Created temporary Chrome profile at C:\Users\dell\AppData\Local\Temp\chrome-profile-18443283487045221790
2025-09-11 17:32:09 [main] INFO  DriverFactory - 🚀 WebDriver started successfully
2025-09-11 17:32:09 [main] INFO  RetryUrlAccess - Navigating to URL (attempt 1): https://demoqa.com
Instance Variables Declared are: nullnull
2025-09-11 17:32:23 [main] INFO  demoqaBase - Accessing Elements Card...
2025-09-11 17:32:23 [main] INFO  demoqaLog - Clicking on Elements Card...
2025-09-11 17:32:23 [main] INFO  demoqaLog - Clicked on Elements Card...
Title of this Page is: DEMOQA
You are Accessing: Elements
 
Elements: Please select an item from left to start practice.
2025-09-11 17:32:23 [main] INFO  demoqaBase - Elements: Please select an item from left to start practice.
2025-09-11 17:32:23 [main] INFO  demoqaBase - Click on Elements|Web Tables...
🧾 Row 1: {Salary=28000.0, Email=Jbravo@demoqa.com, Address=511 Grant 481, Prattsville\n Arkansas 72129\n United States, First Name=Johny, Gender=Male, City=Delhi, Mobile=9.238343488E9, Hobbies=Sports,Music, Subject=Computer Science, Current Address=301 Town 481, Brookville\n kansas 42129\n United States, Department=Information Technology, DOB=15/08/2000, Picture=/TestData/Mphoto.jpg, State=NCR, Last Name=Bravo, Age=34.0}
🔍 Mapping field: firstName | Excel Column: First Name | Value: Johny
🔍 Mapping field: lastName | Excel Column: Last Name | Value: Bravo
🔍 Mapping field: email | Excel Column: Email | Value: Jbravo@demoqa.com
🔍 Mapping field: salary | Excel Column: Salary | Value: 28000.0
🔍 Mapping field: age | Excel Column: Age | Value: 34.0
🔍 Mapping field: department | Excel Column: Department | Value: Information Technology
🧾 Row 2: {Salary=18000.0, Email=GFemina@demoqa.com, Address=512 Grant 481, Prattsville\n Arkansas 72129\n United States, First Name=Gene, Gender=Female, City=Merrut, Mobile=1.888343432E9, Hobbies=Music,Reading, Subject=Accounting, Current Address=302 Town 481, Brookville\n kansas 42129\n United States, Department=Finance, DOB=22/05/2002, Picture=/TestData/Fphoto.png, State=Uttar Pradesh, Last Name=Femina, Age=30.0}
🔍 Mapping field: firstName | Excel Column: First Name | Value: Gene
🔍 Mapping field: lastName | Excel Column: Last Name | Value: Femina
🔍 Mapping field: email | Excel Column: Email | Value: GFemina@demoqa.com
🔍 Mapping field: salary | Excel Column: Salary | Value: 18000.0
🔍 Mapping field: age | Excel Column: Age | Value: 30.0
🔍 Mapping field: department | Excel Column: Department | Value: Finance
🧾 Row 3: {Salary=15000.0, Email=BWisem@demoqa.com, Address=513 Grant 481, Prattsville\n Arkansas 72129\n United States, First Name=Bud, Gender=Other, City=Panipat, Mobile=8.932465432E9, Hobbies=Reading, Subject=Biology, Current Address=303 Town 481, Brookville\n kansas 42129\n United States, Department=Medicine, DOB=31/12/1999, Picture=/TestData/Ophoto.jpg, State=Haryana, Last Name=Wisem, Age=40.0}
🔍 Mapping field: firstName | Excel Column: First Name | Value: Bud
🔍 Mapping field: lastName | Excel Column: Last Name | Value: Wisem
🔍 Mapping field: email | Excel Column: Email | Value: BWisem@demoqa.com
🔍 Mapping field: salary | Excel Column: Salary | Value: 15000.0
🔍 Mapping field: age | Excel Column: Age | Value: 40.0
🔍 Mapping field: department | Excel Column: Department | Value: Medicine
🧾 Row 4: {Salary=19000.0, Email=TBoss@demoqa.com, Address=514 Grant 481, Prattsville\n Arkansas 72129\n United States, First Name=Tom, Gender=Male, City=Jaiselmer, Mobile=7.839875281E9, Hobbies=Sports,Reading, Subject=Social Studies, Current Address=304 Town 481, Brookville\n kansas 42129\n United States, Department=Recreation, DOB=1/26/03, Picture=/TestData/M2photo.jpg, State=Rajasthan, Last Name=Boss, Age=42.0}
🔍 Mapping field: firstName | Excel Column: First Name | Value: Tom
🔍 Mapping field: lastName | Excel Column: Last Name | Value: Boss
🔍 Mapping field: email | Excel Column: Email | Value: TBoss@demoqa.com
🔍 Mapping field: salary | Excel Column: Salary | Value: 19000.0
🔍 Mapping field: age | Excel Column: Age | Value: 42.0
🔍 Mapping field: department | Excel Column: Department | Value: Recreation
Declared Object: [[Ljava.lang.Object;@84dd12d
2025-09-11 17:32:24 [main] INFO  demoqaBase - Click on Elements|Web Tables|Registration Form...
🧾 Row 1: {Salary=28000.0, Email=Jbravo@demoqa.com, Address=511 Grant 481, Prattsville\n Arkansas 72129\n United States, First Name=Johny, Gender=Male, City=Delhi, Mobile=9.238343488E9, Hobbies=Sports,Music, Subject=Computer Science, Current Address=301 Town 481, Brookville\n kansas 42129\n United States, Department=Information Technology, DOB=15/08/2000, Picture=/TestData/Mphoto.jpg, State=NCR, Last Name=Bravo, Age=34.0}
🔍 Mapping field: firstName | Excel Column: First Name | Value: Johny
🔍 Mapping field: lastName | Excel Column: Last Name | Value: Bravo
🔍 Mapping field: email | Excel Column: Email | Value: Jbravo@demoqa.com
🔍 Mapping field: salary | Excel Column: Salary | Value: 28000.0
🔍 Mapping field: age | Excel Column: Age | Value: 34.0
🔍 Mapping field: department | Excel Column: Department | Value: Information Technology
🧾 Row 2: {Salary=18000.0, Email=GFemina@demoqa.com, Address=512 Grant 481, Prattsville\n Arkansas 72129\n United States, First Name=Gene, Gender=Female, City=Merrut, Mobile=1.888343432E9, Hobbies=Music,Reading, Subject=Accounting, Current Address=302 Town 481, Brookville\n kansas 42129\n United States, Department=Finance, DOB=22/05/2002, Picture=/TestData/Fphoto.png, State=Uttar Pradesh, Last Name=Femina, Age=30.0}
🔍 Mapping field: firstName | Excel Column: First Name | Value: Gene
🔍 Mapping field: lastName | Excel Column: Last Name | Value: Femina
🔍 Mapping field: email | Excel Column: Email | Value: GFemina@demoqa.com
🔍 Mapping field: salary | Excel Column: Salary | Value: 18000.0
🔍 Mapping field: age | Excel Column: Age | Value: 30.0
🔍 Mapping field: department | Excel Column: Department | Value: Finance
🧾 Row 3: {Salary=15000.0, Email=BWisem@demoqa.com, Address=513 Grant 481, Prattsville\n Arkansas 72129\n United States, First Name=Bud, Gender=Other, City=Panipat, Mobile=8.932465432E9, Hobbies=Reading, Subject=Biology, Current Address=303 Town 481, Brookville\n kansas 42129\n United States, Department=Medicine, DOB=31/12/1999, Picture=/TestData/Ophoto.jpg, State=Haryana, Last Name=Wisem, Age=40.0}
🔍 Mapping field: firstName | Excel Column: First Name | Value: Bud
🔍 Mapping field: lastName | Excel Column: Last Name | Value: Wisem
🔍 Mapping field: email | Excel Column: Email | Value: BWisem@demoqa.com
🔍 Mapping field: salary | Excel Column: Salary | Value: 15000.0
🔍 Mapping field: age | Excel Column: Age | Value: 40.0
🔍 Mapping field: department | Excel Column: Department | Value: Medicine
🧾 Row 4: {Salary=19000.0, Email=TBoss@demoqa.com, Address=514 Grant 481, Prattsville\n Arkansas 72129\n United States, First Name=Tom, Gender=Male, City=Jaiselmer, Mobile=7.839875281E9, Hobbies=Sports,Reading, Subject=Social Studies, Current Address=304 Town 481, Brookville\n kansas 42129\n United States, Department=Recreation, DOB=1/26/03, Picture=/TestData/M2photo.jpg, State=Rajasthan, Last Name=Boss, Age=42.0}
🔍 Mapping field: firstName | Excel Column: First Name | Value: Tom
🔍 Mapping field: lastName | Excel Column: Last Name | Value: Boss
🔍 Mapping field: email | Excel Column: Email | Value: TBoss@demoqa.com
🔍 Mapping field: salary | Excel Column: Salary | Value: 19000.0
🔍 Mapping field: age | Excel Column: Age | Value: 42.0
🔍 Mapping field: department | Excel Column: Department | Value: Recreation
2025-09-11 17:32:24 [main] ERROR demoqaBase - Registering User: Johny
2025-09-11 17:32:24 [main] INFO  demoqaBase - Click on Elements|Web Tables|Registration Form|FirstName...
2025-09-11 17:32:24 [main] INFO  demoqaBase - First Name entered is: Johny
2025-09-11 17:32:24 [main] INFO  demoqaBase - Click on Elements|Web Tables|Registration Form|LastName...
Last Name is: Bravo
2025-09-11 17:32:24 [main] INFO  demoqaBase - Last Name entered is: Bravo
2025-09-11 17:32:24 [main] INFO  demoqaBase - Click on Elements|Web Tables|Registration Form|Email...
Email ID is: Jbravo@demoqa.com
2025-09-11 17:32:25 [main] INFO  demoqaBase - Email entered is: Jbravo@demoqa.com
2025-09-11 17:32:25 [main] INFO  demoqaBase - Click on Elements|Web Tables|Registration Form|Age...
2025-09-11 17:32:25 [main] INFO  demoqaBase - Age entered is: 34
2025-09-11 17:32:25 [main] INFO  demoqaBase - Click on Elements|Web Tables|Registration Form|Salary...
2025-09-11 17:32:25 [main] INFO  demoqaBase - Salary entered is: 280000
2025-09-11 17:32:25 [main] INFO  demoqaBase - Click on Elements|Web Tables|Registration Form|Department...
2025-09-11 17:32:26 [main] INFO  demoqaBase - Department entered is: Information Technology
2025-09-11 17:32:26 [main] INFO  demoqaBase - Submitting Registration Form...
2025-09-11 17:32:26 [main] INFO  demoqaBase - Registration Form Submitted...
2025-09-11 17:32:26 [main] ERROR demoqaBase - Submitted to register user: Johny
2025-09-11 17:32:26 [main] INFO  demoqaBase - Click on Elements|Web Tables|Registration Form...
2025-09-11 17:32:26 [main] ERROR demoqaBase - Registering User: Gene
2025-09-11 17:32:26 [main] INFO  demoqaBase - Click on Elements|Web Tables|Registration Form|FirstName...
2025-09-11 17:32:26 [main] INFO  demoqaBase - First Name entered is: Gene
2025-09-11 17:32:26 [main] INFO  demoqaBase - Click on Elements|Web Tables|Registration Form|LastName...
Last Name is: Femina
2025-09-11 17:32:27 [main] INFO  demoqaBase - Last Name entered is: Femina
2025-09-11 17:32:27 [main] INFO  demoqaBase - Click on Elements|Web Tables|Registration Form|Email...
Email ID is: GFemina@demoqa.com
2025-09-11 17:32:27 [main] INFO  demoqaBase - Email entered is: GFemina@demoqa.com
2025-09-11 17:32:27 [main] INFO  demoqaBase - Click on Elements|Web Tables|Registration Form|Age...
2025-09-11 17:32:27 [main] INFO  demoqaBase - Age entered is: 30
2025-09-11 17:32:27 [main] INFO  demoqaBase - Click on Elements|Web Tables|Registration Form|Salary...
2025-09-11 17:32:28 [main] INFO  demoqaBase - Salary entered is: 180000
2025-09-11 17:32:28 [main] INFO  demoqaBase - Click on Elements|Web Tables|Registration Form|Department...
2025-09-11 17:32:28 [main] INFO  demoqaBase - Department entered is: Finance
2025-09-11 17:32:28 [main] INFO  demoqaBase - Submitting Registration Form...
2025-09-11 17:32:28 [main] INFO  demoqaBase - Registration Form Submitted...
2025-09-11 17:32:28 [main] ERROR demoqaBase - Submitted to register user: Gene
2025-09-11 17:32:28 [main] INFO  demoqaBase - Click on Elements|Web Tables|Registration Form...
2025-09-11 17:32:28 [main] ERROR demoqaBase - Registering User: Bud
2025-09-11 17:32:28 [main] INFO  demoqaBase - Click on Elements|Web Tables|Registration Form|FirstName...
2025-09-11 17:32:29 [main] INFO  demoqaBase - First Name entered is: Bud
2025-09-11 17:32:29 [main] INFO  demoqaBase - Click on Elements|Web Tables|Registration Form|LastName...
Last Name is: Wisem
2025-09-11 17:32:29 [main] INFO  demoqaBase - Last Name entered is: Wisem
2025-09-11 17:32:29 [main] INFO  demoqaBase - Click on Elements|Web Tables|Registration Form|Email...
Email ID is: BWisem@demoqa.com
2025-09-11 17:32:29 [main] INFO  demoqaBase - Email entered is: BWisem@demoqa.com
2025-09-11 17:32:29 [main] INFO  demoqaBase - Click on Elements|Web Tables|Registration Form|Age...
2025-09-11 17:32:29 [main] INFO  demoqaBase - Age entered is: 40
2025-09-11 17:32:29 [main] INFO  demoqaBase - Click on Elements|Web Tables|Registration Form|Salary...
2025-09-11 17:32:30 [main] INFO  demoqaBase - Salary entered is: 150000
2025-09-11 17:32:30 [main] INFO  demoqaBase - Click on Elements|Web Tables|Registration Form|Department...
2025-09-11 17:32:30 [main] INFO  demoqaBase - Department entered is: Medicine
2025-09-11 17:32:30 [main] INFO  demoqaBase - Submitting Registration Form...
2025-09-11 17:32:30 [main] INFO  demoqaBase - Registration Form Submitted...
2025-09-11 17:32:30 [main] ERROR demoqaBase - Submitted to register user: Bud
2025-09-11 17:32:30 [main] INFO  demoqaBase - Click on Elements|Web Tables|Registration Form...
2025-09-11 17:32:30 [main] ERROR demoqaBase - Registering User: Tom
2025-09-11 17:32:30 [main] INFO  demoqaBase - Click on Elements|Web Tables|Registration Form|FirstName...
2025-09-11 17:32:31 [main] INFO  demoqaBase - First Name entered is: Tom
2025-09-11 17:32:31 [main] INFO  demoqaBase - Click on Elements|Web Tables|Registration Form|LastName...
Last Name is: Boss
2025-09-11 17:32:31 [main] INFO  demoqaBase - Last Name entered is: Boss
2025-09-11 17:32:31 [main] INFO  demoqaBase - Click on Elements|Web Tables|Registration Form|Email...
Email ID is: TBoss@demoqa.com
2025-09-11 17:32:31 [main] INFO  demoqaBase - Email entered is: TBoss@demoqa.com
2025-09-11 17:32:31 [main] INFO  demoqaBase - Click on Elements|Web Tables|Registration Form|Age...
2025-09-11 17:32:32 [main] INFO  demoqaBase - Age entered is: 42
2025-09-11 17:32:32 [main] INFO  demoqaBase - Click on Elements|Web Tables|Registration Form|Salary...
2025-09-11 17:32:32 [main] INFO  demoqaBase - Salary entered is: 190000
2025-09-11 17:32:32 [main] INFO  demoqaBase - Click on Elements|Web Tables|Registration Form|Department...
2025-09-11 17:32:32 [main] INFO  demoqaBase - Department entered is: Recreation
2025-09-11 17:32:33 [main] INFO  demoqaBase - Submitting Registration Form...
2025-09-11 17:32:33 [main] INFO  demoqaBase - Registration Form Submitted...
2025-09-11 17:32:33 [main] ERROR demoqaBase - Submitted to register user: Tom
2025-09-11 17:32:33 [main] INFO  demoqaBase - Click on Elements|Web Tables|Registration Form...
Initial user count: 10
Final user count: 10
2025-09-11 17:32:33 [main] INFO  demoqaBase - ✅ Test for Bulk User Creation in Web Table Completed Successfully...
]]></system-out>
  </testcase>
  <testcase name="testAddAllUsersSearchEdit" classname="tests.ElementsTests" time="10.295">
    <system-out><![CDATA[Path for Screenshot is: C:\ASN\eclipse_workspace\demoqa-automation/screenshots/testAddAllUsersFromExcel_Passed_20250911_173233+2025-09-11_17-32-33.png
2025-09-11 17:32:33 [main] INFO  demoqaBase - ✅ Test testAddAllUsersFromExcel passed. Screenshot captured.
2025-09-11 17:32:33 [main] INFO  demoqaBase - Closing browser for test: testAddAllUsersFromExcel
2025-09-11 17:32:34 [main] INFO  DriverFactory - 🌐 Starting Chrome Web Browser...
2025-09-11 17:32:34 [main] INFO  DriverFactory - ✅ Created temporary Chrome profile at C:\Users\dell\AppData\Local\Temp\chrome-profile-15806637956623686138
2025-09-11 17:32:35 [main] INFO  DriverFactory - 🚀 WebDriver started successfully
2025-09-11 17:32:35 [main] INFO  RetryUrlAccess - Navigating to URL (attempt 1): https://demoqa.com
Instance Variables Declared are: nullnull
2025-09-11 17:32:47 [main] INFO  demoqaBase - Accessing Elements Card...
2025-09-11 17:32:47 [main] INFO  demoqaLog - Clicking on Elements Card...
2025-09-11 17:32:48 [main] INFO  demoqaLog - Clicked on Elements Card...
Title of this Page is: DEMOQA
You are Accessing: Elements
 
Elements: Please select an item from left to start practice.
2025-09-11 17:32:48 [main] INFO  demoqaBase - Elements: Please select an item from left to start practice.
2025-09-11 17:32:48 [main] INFO  demoqaBase - Click on Elements|Web Tables...
🧾 Row 1: {Salary=28000.0, Email=Jbravo@demoqa.com, Address=511 Grant 481, Prattsville\n Arkansas 72129\n United States, First Name=Johny, Gender=Male, City=Delhi, Mobile=9.238343488E9, Hobbies=Sports,Music, Subject=Computer Science, Current Address=301 Town 481, Brookville\n kansas 42129\n United States, Department=Information Technology, DOB=15/08/2000, Picture=/TestData/Mphoto.jpg, State=NCR, Last Name=Bravo, Age=34.0}
🔍 Mapping field: firstName | Excel Column: First Name | Value: Johny
🔍 Mapping field: lastName | Excel Column: Last Name | Value: Bravo
🔍 Mapping field: email | Excel Column: Email | Value: Jbravo@demoqa.com
🔍 Mapping field: salary | Excel Column: Salary | Value: 28000.0
🔍 Mapping field: age | Excel Column: Age | Value: 34.0
🔍 Mapping field: department | Excel Column: Department | Value: Information Technology
🧾 Row 2: {Salary=18000.0, Email=GFemina@demoqa.com, Address=512 Grant 481, Prattsville\n Arkansas 72129\n United States, First Name=Gene, Gender=Female, City=Merrut, Mobile=1.888343432E9, Hobbies=Music,Reading, Subject=Accounting, Current Address=302 Town 481, Brookville\n kansas 42129\n United States, Department=Finance, DOB=22/05/2002, Picture=/TestData/Fphoto.png, State=Uttar Pradesh, Last Name=Femina, Age=30.0}
🔍 Mapping field: firstName | Excel Column: First Name | Value: Gene
🔍 Mapping field: lastName | Excel Column: Last Name | Value: Femina
🔍 Mapping field: email | Excel Column: Email | Value: GFemina@demoqa.com
🔍 Mapping field: salary | Excel Column: Salary | Value: 18000.0
🔍 Mapping field: age | Excel Column: Age | Value: 30.0
🔍 Mapping field: department | Excel Column: Department | Value: Finance
🧾 Row 3: {Salary=15000.0, Email=BWisem@demoqa.com, Address=513 Grant 481, Prattsville\n Arkansas 72129\n United States, First Name=Bud, Gender=Other, City=Panipat, Mobile=8.932465432E9, Hobbies=Reading, Subject=Biology, Current Address=303 Town 481, Brookville\n kansas 42129\n United States, Department=Medicine, DOB=31/12/1999, Picture=/TestData/Ophoto.jpg, State=Haryana, Last Name=Wisem, Age=40.0}
🔍 Mapping field: firstName | Excel Column: First Name | Value: Bud
🔍 Mapping field: lastName | Excel Column: Last Name | Value: Wisem
🔍 Mapping field: email | Excel Column: Email | Value: BWisem@demoqa.com
🔍 Mapping field: salary | Excel Column: Salary | Value: 15000.0
🔍 Mapping field: age | Excel Column: Age | Value: 40.0
🔍 Mapping field: department | Excel Column: Department | Value: Medicine
🧾 Row 4: {Salary=19000.0, Email=TBoss@demoqa.com, Address=514 Grant 481, Prattsville\n Arkansas 72129\n United States, First Name=Tom, Gender=Male, City=Jaiselmer, Mobile=7.839875281E9, Hobbies=Sports,Reading, Subject=Social Studies, Current Address=304 Town 481, Brookville\n kansas 42129\n United States, Department=Recreation, DOB=1/26/03, Picture=/TestData/M2photo.jpg, State=Rajasthan, Last Name=Boss, Age=42.0}
🔍 Mapping field: firstName | Excel Column: First Name | Value: Tom
🔍 Mapping field: lastName | Excel Column: Last Name | Value: Boss
🔍 Mapping field: email | Excel Column: Email | Value: TBoss@demoqa.com
🔍 Mapping field: salary | Excel Column: Salary | Value: 19000.0
🔍 Mapping field: age | Excel Column: Age | Value: 42.0
🔍 Mapping field: department | Excel Column: Department | Value: Recreation
2025-09-11 17:32:49 [main] INFO  demoqaBase - Click on Elements|Web Tables|Registration Form...
🧾 Row 1: {Salary=28000.0, Email=Jbravo@demoqa.com, Address=511 Grant 481, Prattsville\n Arkansas 72129\n United States, First Name=Johny, Gender=Male, City=Delhi, Mobile=9.238343488E9, Hobbies=Sports,Music, Subject=Computer Science, Current Address=301 Town 481, Brookville\n kansas 42129\n United States, Department=Information Technology, DOB=15/08/2000, Picture=/TestData/Mphoto.jpg, State=NCR, Last Name=Bravo, Age=34.0}
🔍 Mapping field: firstName | Excel Column: First Name | Value: Johny
🔍 Mapping field: lastName | Excel Column: Last Name | Value: Bravo
🔍 Mapping field: email | Excel Column: Email | Value: Jbravo@demoqa.com
🔍 Mapping field: salary | Excel Column: Salary | Value: 28000.0
🔍 Mapping field: age | Excel Column: Age | Value: 34.0
🔍 Mapping field: department | Excel Column: Department | Value: Information Technology
🧾 Row 2: {Salary=18000.0, Email=GFemina@demoqa.com, Address=512 Grant 481, Prattsville\n Arkansas 72129\n United States, First Name=Gene, Gender=Female, City=Merrut, Mobile=1.888343432E9, Hobbies=Music,Reading, Subject=Accounting, Current Address=302 Town 481, Brookville\n kansas 42129\n United States, Department=Finance, DOB=22/05/2002, Picture=/TestData/Fphoto.png, State=Uttar Pradesh, Last Name=Femina, Age=30.0}
🔍 Mapping field: firstName | Excel Column: First Name | Value: Gene
🔍 Mapping field: lastName | Excel Column: Last Name | Value: Femina
🔍 Mapping field: email | Excel Column: Email | Value: GFemina@demoqa.com
🔍 Mapping field: salary | Excel Column: Salary | Value: 18000.0
🔍 Mapping field: age | Excel Column: Age | Value: 30.0
🔍 Mapping field: department | Excel Column: Department | Value: Finance
🧾 Row 3: {Salary=15000.0, Email=BWisem@demoqa.com, Address=513 Grant 481, Prattsville\n Arkansas 72129\n United States, First Name=Bud, Gender=Other, City=Panipat, Mobile=8.932465432E9, Hobbies=Reading, Subject=Biology, Current Address=303 Town 481, Brookville\n kansas 42129\n United States, Department=Medicine, DOB=31/12/1999, Picture=/TestData/Ophoto.jpg, State=Haryana, Last Name=Wisem, Age=40.0}
🔍 Mapping field: firstName | Excel Column: First Name | Value: Bud
🔍 Mapping field: lastName | Excel Column: Last Name | Value: Wisem
🔍 Mapping field: email | Excel Column: Email | Value: BWisem@demoqa.com
🔍 Mapping field: salary | Excel Column: Salary | Value: 15000.0
🔍 Mapping field: age | Excel Column: Age | Value: 40.0
🔍 Mapping field: department | Excel Column: Department | Value: Medicine
🧾 Row 4: {Salary=19000.0, Email=TBoss@demoqa.com, Address=514 Grant 481, Prattsville\n Arkansas 72129\n United States, First Name=Tom, Gender=Male, City=Jaiselmer, Mobile=7.839875281E9, Hobbies=Sports,Reading, Subject=Social Studies, Current Address=304 Town 481, Brookville\n kansas 42129\n United States, Department=Recreation, DOB=1/26/03, Picture=/TestData/M2photo.jpg, State=Rajasthan, Last Name=Boss, Age=42.0}
🔍 Mapping field: firstName | Excel Column: First Name | Value: Tom
🔍 Mapping field: lastName | Excel Column: Last Name | Value: Boss
🔍 Mapping field: email | Excel Column: Email | Value: TBoss@demoqa.com
🔍 Mapping field: salary | Excel Column: Salary | Value: 19000.0
🔍 Mapping field: age | Excel Column: Age | Value: 42.0
🔍 Mapping field: department | Excel Column: Department | Value: Recreation
2025-09-11 17:32:49 [main] ERROR demoqaBase - Registering User: Johny
2025-09-11 17:32:49 [main] INFO  demoqaBase - Click on Elements|Web Tables|Registration Form|FirstName...
2025-09-11 17:32:49 [main] INFO  demoqaBase - First Name entered is: Johny
2025-09-11 17:32:49 [main] INFO  demoqaBase - Click on Elements|Web Tables|Registration Form|LastName...
Last Name is: Bravo
2025-09-11 17:32:50 [main] INFO  demoqaBase - Last Name entered is: Bravo
2025-09-11 17:32:50 [main] INFO  demoqaBase - Click on Elements|Web Tables|Registration Form|Email...
Email ID is: Jbravo@demoqa.com
2025-09-11 17:32:50 [main] INFO  demoqaBase - Email entered is: Jbravo@demoqa.com
2025-09-11 17:32:50 [main] INFO  demoqaBase - Click on Elements|Web Tables|Registration Form|Age...
2025-09-11 17:32:50 [main] INFO  demoqaBase - Age entered is: 34
2025-09-11 17:32:50 [main] INFO  demoqaBase - Click on Elements|Web Tables|Registration Form|Salary...
2025-09-11 17:32:50 [main] INFO  demoqaBase - Salary entered is: 280000
2025-09-11 17:32:50 [main] INFO  demoqaBase - Click on Elements|Web Tables|Registration Form|Department...
2025-09-11 17:32:51 [main] INFO  demoqaBase - Department entered is: Information Technology
2025-09-11 17:32:51 [main] INFO  demoqaBase - Submitting Registration Form...
2025-09-11 17:32:51 [main] INFO  demoqaBase - Registration Form Submitted...
2025-09-11 17:32:51 [main] ERROR demoqaBase - Submitted to register user: Johny
2025-09-11 17:32:51 [main] INFO  demoqaBase - Click on Elements|Web Tables|Registration Form...
2025-09-11 17:32:51 [main] ERROR demoqaBase - Registering User: Gene
2025-09-11 17:32:51 [main] INFO  demoqaBase - Click on Elements|Web Tables|Registration Form|FirstName...
2025-09-11 17:32:51 [main] INFO  demoqaBase - First Name entered is: Gene
2025-09-11 17:32:51 [main] INFO  demoqaBase - Click on Elements|Web Tables|Registration Form|LastName...
Last Name is: Femina
2025-09-11 17:32:52 [main] INFO  demoqaBase - Last Name entered is: Femina
2025-09-11 17:32:52 [main] INFO  demoqaBase - Click on Elements|Web Tables|Registration Form|Email...
Email ID is: GFemina@demoqa.com
2025-09-11 17:32:52 [main] INFO  demoqaBase - Email entered is: GFemina@demoqa.com
2025-09-11 17:32:52 [main] INFO  demoqaBase - Click on Elements|Web Tables|Registration Form|Age...
2025-09-11 17:32:52 [main] INFO  demoqaBase - Age entered is: 30
2025-09-11 17:32:52 [main] INFO  demoqaBase - Click on Elements|Web Tables|Registration Form|Salary...
2025-09-11 17:32:52 [main] INFO  demoqaBase - Salary entered is: 180000
2025-09-11 17:32:52 [main] INFO  demoqaBase - Click on Elements|Web Tables|Registration Form|Department...
2025-09-11 17:32:52 [main] INFO  demoqaBase - Department entered is: Finance
2025-09-11 17:32:52 [main] INFO  demoqaBase - Submitting Registration Form...
2025-09-11 17:32:52 [main] INFO  demoqaBase - Registration Form Submitted...
2025-09-11 17:32:52 [main] ERROR demoqaBase - Submitted to register user: Gene
2025-09-11 17:32:52 [main] INFO  demoqaBase - Click on Elements|Web Tables|Registration Form...
2025-09-11 17:32:53 [main] ERROR demoqaBase - Registering User: Bud
2025-09-11 17:32:53 [main] INFO  demoqaBase - Click on Elements|Web Tables|Registration Form|FirstName...
2025-09-11 17:32:53 [main] INFO  demoqaBase - First Name entered is: Bud
2025-09-11 17:32:53 [main] INFO  demoqaBase - Click on Elements|Web Tables|Registration Form|LastName...
Last Name is: Wisem
2025-09-11 17:32:53 [main] INFO  demoqaBase - Last Name entered is: Wisem
2025-09-11 17:32:53 [main] INFO  demoqaBase - Click on Elements|Web Tables|Registration Form|Email...
Email ID is: BWisem@demoqa.com
2025-09-11 17:32:53 [main] INFO  demoqaBase - Email entered is: BWisem@demoqa.com
2025-09-11 17:32:53 [main] INFO  demoqaBase - Click on Elements|Web Tables|Registration Form|Age...
2025-09-11 17:32:54 [main] INFO  demoqaBase - Age entered is: 40
2025-09-11 17:32:54 [main] INFO  demoqaBase - Click on Elements|Web Tables|Registration Form|Salary...
2025-09-11 17:32:54 [main] INFO  demoqaBase - Salary entered is: 150000
2025-09-11 17:32:54 [main] INFO  demoqaBase - Click on Elements|Web Tables|Registration Form|Department...
2025-09-11 17:32:54 [main] INFO  demoqaBase - Department entered is: Medicine
2025-09-11 17:32:54 [main] INFO  demoqaBase - Submitting Registration Form...
2025-09-11 17:32:54 [main] INFO  demoqaBase - Registration Form Submitted...
2025-09-11 17:32:54 [main] ERROR demoqaBase - Submitted to register user: Bud
2025-09-11 17:32:54 [main] INFO  demoqaBase - Click on Elements|Web Tables|Registration Form...
2025-09-11 17:32:54 [main] ERROR demoqaBase - Registering User: Tom
2025-09-11 17:32:54 [main] INFO  demoqaBase - Click on Elements|Web Tables|Registration Form|FirstName...
2025-09-11 17:32:54 [main] INFO  demoqaBase - First Name entered is: Tom
2025-09-11 17:32:54 [main] INFO  demoqaBase - Click on Elements|Web Tables|Registration Form|LastName...
Last Name is: Boss
2025-09-11 17:32:55 [main] INFO  demoqaBase - Last Name entered is: Boss
2025-09-11 17:32:55 [main] INFO  demoqaBase - Click on Elements|Web Tables|Registration Form|Email...
Email ID is: TBoss@demoqa.com
2025-09-11 17:32:55 [main] INFO  demoqaBase - Email entered is: TBoss@demoqa.com
2025-09-11 17:32:55 [main] INFO  demoqaBase - Click on Elements|Web Tables|Registration Form|Age...
2025-09-11 17:32:55 [main] INFO  demoqaBase - Age entered is: 42
2025-09-11 17:32:55 [main] INFO  demoqaBase - Click on Elements|Web Tables|Registration Form|Salary...
2025-09-11 17:32:55 [main] INFO  demoqaBase - Salary entered is: 190000
2025-09-11 17:32:55 [main] INFO  demoqaBase - Click on Elements|Web Tables|Registration Form|Department...
2025-09-11 17:32:55 [main] INFO  demoqaBase - Department entered is: Recreation
2025-09-11 17:32:55 [main] INFO  demoqaBase - Submitting Registration Form...
2025-09-11 17:32:55 [main] INFO  demoqaBase - Registration Form Submitted...
2025-09-11 17:32:55 [main] ERROR demoqaBase - Submitted to register user: Tom
2025-09-11 17:32:55 [main] INFO  demoqaBase - Click on Elements|Web Tables|Registration Form...
2025-09-11 17:32:56 [main] INFO  demoqaBase - Modifying First Name of the user...
2025-09-11 17:32:58 [main] INFO  demoqaBase - Updated First Name is: Genelia
Initial user count: 10
Final user count: 10
2025-09-11 17:32:58 [main] INFO  demoqaBase - ✅ Test for Bulk User Creation and Edit Completed Successfully...
]]></system-out>
  </testcase>
  <testcase name="EditSalaryDepartment" classname="tests.ElementsTests" time="17.34">
    <system-out><![CDATA[2025-09-11 17:32:58 [main] INFO  demoqaBase - Closing browser for test: testAddAllUsersSearchEdit
2025-09-11 17:32:58 [main] INFO  DriverFactory - 🌐 Starting Chrome Web Browser...
2025-09-11 17:32:58 [main] INFO  DriverFactory - ✅ Created temporary Chrome profile at C:\Users\dell\AppData\Local\Temp\chrome-profile-770585545701019845
2025-09-11 17:32:59 [main] INFO  DriverFactory - 🚀 WebDriver started successfully
2025-09-11 17:32:59 [main] INFO  RetryUrlAccess - Navigating to URL (attempt 1): https://demoqa.com
Instance Variables Declared are: nullnull
2025-09-11 17:33:05 [main] INFO  demoqaBase - Accessing Elements Card...
2025-09-11 17:33:05 [main] INFO  demoqaLog - Clicking on Elements Card...
2025-09-11 17:33:05 [main] INFO  demoqaLog - Clicked on Elements Card...
Title of this Page is: DEMOQA
You are Accessing: Elements
 
Elements: Please select an item from left to start practice.
2025-09-11 17:33:05 [main] INFO  demoqaBase - Elements: Please select an item from left to start practice.
2025-09-11 17:33:05 [main] INFO  demoqaBase - Click on Elements|Web Tables...
Total Number of user before adding new ones are: 10
🧾 Row 1: {Salary=28000.0, Email=Jbravo@demoqa.com, Address=511 Grant 481, Prattsville\n Arkansas 72129\n United States, First Name=Johny, Gender=Male, City=Delhi, Mobile=9.238343488E9, Hobbies=Sports,Music, Subject=Computer Science, Current Address=301 Town 481, Brookville\n kansas 42129\n United States, Department=Information Technology, DOB=15/08/2000, Picture=/TestData/Mphoto.jpg, State=NCR, Last Name=Bravo, Age=34.0}
🔍 Mapping field: firstName | Excel Column: First Name | Value: Johny
🔍 Mapping field: lastName | Excel Column: Last Name | Value: Bravo
🔍 Mapping field: email | Excel Column: Email | Value: Jbravo@demoqa.com
🔍 Mapping field: salary | Excel Column: Salary | Value: 28000.0
🔍 Mapping field: age | Excel Column: Age | Value: 34.0
🔍 Mapping field: department | Excel Column: Department | Value: Information Technology
🧾 Row 2: {Salary=18000.0, Email=GFemina@demoqa.com, Address=512 Grant 481, Prattsville\n Arkansas 72129\n United States, First Name=Gene, Gender=Female, City=Merrut, Mobile=1.888343432E9, Hobbies=Music,Reading, Subject=Accounting, Current Address=302 Town 481, Brookville\n kansas 42129\n United States, Department=Finance, DOB=22/05/2002, Picture=/TestData/Fphoto.png, State=Uttar Pradesh, Last Name=Femina, Age=30.0}
🔍 Mapping field: firstName | Excel Column: First Name | Value: Gene
🔍 Mapping field: lastName | Excel Column: Last Name | Value: Femina
🔍 Mapping field: email | Excel Column: Email | Value: GFemina@demoqa.com
🔍 Mapping field: salary | Excel Column: Salary | Value: 18000.0
🔍 Mapping field: age | Excel Column: Age | Value: 30.0
🔍 Mapping field: department | Excel Column: Department | Value: Finance
🧾 Row 3: {Salary=15000.0, Email=BWisem@demoqa.com, Address=513 Grant 481, Prattsville\n Arkansas 72129\n United States, First Name=Bud, Gender=Other, City=Panipat, Mobile=8.932465432E9, Hobbies=Reading, Subject=Biology, Current Address=303 Town 481, Brookville\n kansas 42129\n United States, Department=Medicine, DOB=31/12/1999, Picture=/TestData/Ophoto.jpg, State=Haryana, Last Name=Wisem, Age=40.0}
🔍 Mapping field: firstName | Excel Column: First Name | Value: Bud
🔍 Mapping field: lastName | Excel Column: Last Name | Value: Wisem
🔍 Mapping field: email | Excel Column: Email | Value: BWisem@demoqa.com
🔍 Mapping field: salary | Excel Column: Salary | Value: 15000.0
🔍 Mapping field: age | Excel Column: Age | Value: 40.0
🔍 Mapping field: department | Excel Column: Department | Value: Medicine
🧾 Row 4: {Salary=19000.0, Email=TBoss@demoqa.com, Address=514 Grant 481, Prattsville\n Arkansas 72129\n United States, First Name=Tom, Gender=Male, City=Jaiselmer, Mobile=7.839875281E9, Hobbies=Sports,Reading, Subject=Social Studies, Current Address=304 Town 481, Brookville\n kansas 42129\n United States, Department=Recreation, DOB=1/26/03, Picture=/TestData/M2photo.jpg, State=Rajasthan, Last Name=Boss, Age=42.0}
🔍 Mapping field: firstName | Excel Column: First Name | Value: Tom
🔍 Mapping field: lastName | Excel Column: Last Name | Value: Boss
🔍 Mapping field: email | Excel Column: Email | Value: TBoss@demoqa.com
🔍 Mapping field: salary | Excel Column: Salary | Value: 19000.0
🔍 Mapping field: age | Excel Column: Age | Value: 42.0
🔍 Mapping field: department | Excel Column: Department | Value: Recreation
2025-09-11 17:33:06 [main] INFO  demoqaBase - Click on Elements|Web Tables|Registration Form...
🧾 Row 1: {Salary=28000.0, Email=Jbravo@demoqa.com, Address=511 Grant 481, Prattsville\n Arkansas 72129\n United States, First Name=Johny, Gender=Male, City=Delhi, Mobile=9.238343488E9, Hobbies=Sports,Music, Subject=Computer Science, Current Address=301 Town 481, Brookville\n kansas 42129\n United States, Department=Information Technology, DOB=15/08/2000, Picture=/TestData/Mphoto.jpg, State=NCR, Last Name=Bravo, Age=34.0}
🔍 Mapping field: firstName | Excel Column: First Name | Value: Johny
🔍 Mapping field: lastName | Excel Column: Last Name | Value: Bravo
🔍 Mapping field: email | Excel Column: Email | Value: Jbravo@demoqa.com
🔍 Mapping field: salary | Excel Column: Salary | Value: 28000.0
🔍 Mapping field: age | Excel Column: Age | Value: 34.0
🔍 Mapping field: department | Excel Column: Department | Value: Information Technology
🧾 Row 2: {Salary=18000.0, Email=GFemina@demoqa.com, Address=512 Grant 481, Prattsville\n Arkansas 72129\n United States, First Name=Gene, Gender=Female, City=Merrut, Mobile=1.888343432E9, Hobbies=Music,Reading, Subject=Accounting, Current Address=302 Town 481, Brookville\n kansas 42129\n United States, Department=Finance, DOB=22/05/2002, Picture=/TestData/Fphoto.png, State=Uttar Pradesh, Last Name=Femina, Age=30.0}
🔍 Mapping field: firstName | Excel Column: First Name | Value: Gene
🔍 Mapping field: lastName | Excel Column: Last Name | Value: Femina
🔍 Mapping field: email | Excel Column: Email | Value: GFemina@demoqa.com
🔍 Mapping field: salary | Excel Column: Salary | Value: 18000.0
🔍 Mapping field: age | Excel Column: Age | Value: 30.0
🔍 Mapping field: department | Excel Column: Department | Value: Finance
🧾 Row 3: {Salary=15000.0, Email=BWisem@demoqa.com, Address=513 Grant 481, Prattsville\n Arkansas 72129\n United States, First Name=Bud, Gender=Other, City=Panipat, Mobile=8.932465432E9, Hobbies=Reading, Subject=Biology, Current Address=303 Town 481, Brookville\n kansas 42129\n United States, Department=Medicine, DOB=31/12/1999, Picture=/TestData/Ophoto.jpg, State=Haryana, Last Name=Wisem, Age=40.0}
🔍 Mapping field: firstName | Excel Column: First Name | Value: Bud
🔍 Mapping field: lastName | Excel Column: Last Name | Value: Wisem
🔍 Mapping field: email | Excel Column: Email | Value: BWisem@demoqa.com
🔍 Mapping field: salary | Excel Column: Salary | Value: 15000.0
🔍 Mapping field: age | Excel Column: Age | Value: 40.0
🔍 Mapping field: department | Excel Column: Department | Value: Medicine
🧾 Row 4: {Salary=19000.0, Email=TBoss@demoqa.com, Address=514 Grant 481, Prattsville\n Arkansas 72129\n United States, First Name=Tom, Gender=Male, City=Jaiselmer, Mobile=7.839875281E9, Hobbies=Sports,Reading, Subject=Social Studies, Current Address=304 Town 481, Brookville\n kansas 42129\n United States, Department=Recreation, DOB=1/26/03, Picture=/TestData/M2photo.jpg, State=Rajasthan, Last Name=Boss, Age=42.0}
🔍 Mapping field: firstName | Excel Column: First Name | Value: Tom
🔍 Mapping field: lastName | Excel Column: Last Name | Value: Boss
🔍 Mapping field: email | Excel Column: Email | Value: TBoss@demoqa.com
🔍 Mapping field: salary | Excel Column: Salary | Value: 19000.0
🔍 Mapping field: age | Excel Column: Age | Value: 42.0
🔍 Mapping field: department | Excel Column: Department | Value: Recreation
2025-09-11 17:33:06 [main] ERROR demoqaBase - Registering User: Johny
2025-09-11 17:33:06 [main] INFO  demoqaBase - Click on Elements|Web Tables|Registration Form|FirstName...
2025-09-11 17:33:06 [main] INFO  demoqaBase - First Name entered is: Johny
2025-09-11 17:33:06 [main] INFO  demoqaBase - Click on Elements|Web Tables|Registration Form|LastName...
Last Name is: Bravo
2025-09-11 17:33:07 [main] INFO  demoqaBase - Last Name entered is: Bravo
2025-09-11 17:33:07 [main] INFO  demoqaBase - Click on Elements|Web Tables|Registration Form|Email...
Email ID is: Jbravo@demoqa.com
2025-09-11 17:33:07 [main] INFO  demoqaBase - Email entered is: Jbravo@demoqa.com
2025-09-11 17:33:07 [main] INFO  demoqaBase - Click on Elements|Web Tables|Registration Form|Age...
2025-09-11 17:33:08 [main] INFO  demoqaBase - Age entered is: 34
2025-09-11 17:33:08 [main] INFO  demoqaBase - Click on Elements|Web Tables|Registration Form|Salary...
2025-09-11 17:33:08 [main] INFO  demoqaBase - Salary entered is: 280000
2025-09-11 17:33:08 [main] INFO  demoqaBase - Click on Elements|Web Tables|Registration Form|Department...
2025-09-11 17:33:08 [main] INFO  demoqaBase - Department entered is: Information Technology
2025-09-11 17:33:09 [main] INFO  demoqaBase - Submitting Registration Form...
2025-09-11 17:33:09 [main] INFO  demoqaBase - Registration Form Submitted...
2025-09-11 17:33:09 [main] ERROR demoqaBase - Submitted to register user: Johny
2025-09-11 17:33:09 [main] INFO  demoqaBase - Click on Elements|Web Tables|Registration Form...
2025-09-11 17:33:09 [main] ERROR demoqaBase - Registering User: Gene
2025-09-11 17:33:09 [main] INFO  demoqaBase - Click on Elements|Web Tables|Registration Form|FirstName...
2025-09-11 17:33:09 [main] INFO  demoqaBase - First Name entered is: Gene
2025-09-11 17:33:09 [main] INFO  demoqaBase - Click on Elements|Web Tables|Registration Form|LastName...
Last Name is: Femina
2025-09-11 17:33:09 [main] INFO  demoqaBase - Last Name entered is: Femina
2025-09-11 17:33:09 [main] INFO  demoqaBase - Click on Elements|Web Tables|Registration Form|Email...
Email ID is: GFemina@demoqa.com
2025-09-11 17:33:10 [main] INFO  demoqaBase - Email entered is: GFemina@demoqa.com
2025-09-11 17:33:10 [main] INFO  demoqaBase - Click on Elements|Web Tables|Registration Form|Age...
2025-09-11 17:33:10 [main] INFO  demoqaBase - Age entered is: 30
2025-09-11 17:33:10 [main] INFO  demoqaBase - Click on Elements|Web Tables|Registration Form|Salary...
2025-09-11 17:33:10 [main] INFO  demoqaBase - Salary entered is: 180000
2025-09-11 17:33:10 [main] INFO  demoqaBase - Click on Elements|Web Tables|Registration Form|Department...
2025-09-11 17:33:11 [main] INFO  demoqaBase - Department entered is: Finance
2025-09-11 17:33:11 [main] INFO  demoqaBase - Submitting Registration Form...
2025-09-11 17:33:11 [main] INFO  demoqaBase - Registration Form Submitted...
2025-09-11 17:33:11 [main] ERROR demoqaBase - Submitted to register user: Gene
2025-09-11 17:33:11 [main] INFO  demoqaBase - Click on Elements|Web Tables|Registration Form...
2025-09-11 17:33:11 [main] ERROR demoqaBase - Registering User: Bud
2025-09-11 17:33:11 [main] INFO  demoqaBase - Click on Elements|Web Tables|Registration Form|FirstName...
2025-09-11 17:33:11 [main] INFO  demoqaBase - First Name entered is: Bud
2025-09-11 17:33:11 [main] INFO  demoqaBase - Click on Elements|Web Tables|Registration Form|LastName...
Last Name is: Wisem
2025-09-11 17:33:11 [main] INFO  demoqaBase - Last Name entered is: Wisem
2025-09-11 17:33:11 [main] INFO  demoqaBase - Click on Elements|Web Tables|Registration Form|Email...
Email ID is: BWisem@demoqa.com
2025-09-11 17:33:12 [main] INFO  demoqaBase - Email entered is: BWisem@demoqa.com
2025-09-11 17:33:12 [main] INFO  demoqaBase - Click on Elements|Web Tables|Registration Form|Age...
2025-09-11 17:33:12 [main] INFO  demoqaBase - Age entered is: 40
2025-09-11 17:33:12 [main] INFO  demoqaBase - Click on Elements|Web Tables|Registration Form|Salary...
2025-09-11 17:33:12 [main] INFO  demoqaBase - Salary entered is: 150000
2025-09-11 17:33:12 [main] INFO  demoqaBase - Click on Elements|Web Tables|Registration Form|Department...
2025-09-11 17:33:12 [main] INFO  demoqaBase - Department entered is: Medicine
2025-09-11 17:33:12 [main] INFO  demoqaBase - Submitting Registration Form...
2025-09-11 17:33:13 [main] INFO  demoqaBase - Registration Form Submitted...
2025-09-11 17:33:13 [main] ERROR demoqaBase - Submitted to register user: Bud
2025-09-11 17:33:13 [main] INFO  demoqaBase - Click on Elements|Web Tables|Registration Form...
2025-09-11 17:33:13 [main] ERROR demoqaBase - Registering User: Tom
2025-09-11 17:33:13 [main] INFO  demoqaBase - Click on Elements|Web Tables|Registration Form|FirstName...
2025-09-11 17:33:13 [main] INFO  demoqaBase - First Name entered is: Tom
2025-09-11 17:33:13 [main] INFO  demoqaBase - Click on Elements|Web Tables|Registration Form|LastName...
Last Name is: Boss
2025-09-11 17:33:13 [main] INFO  demoqaBase - Last Name entered is: Boss
2025-09-11 17:33:13 [main] INFO  demoqaBase - Click on Elements|Web Tables|Registration Form|Email...
Email ID is: TBoss@demoqa.com
2025-09-11 17:33:14 [main] INFO  demoqaBase - Email entered is: TBoss@demoqa.com
2025-09-11 17:33:14 [main] INFO  demoqaBase - Click on Elements|Web Tables|Registration Form|Age...
2025-09-11 17:33:14 [main] INFO  demoqaBase - Age entered is: 42
2025-09-11 17:33:14 [main] INFO  demoqaBase - Click on Elements|Web Tables|Registration Form|Salary...
2025-09-11 17:33:14 [main] INFO  demoqaBase - Salary entered is: 190000
2025-09-11 17:33:14 [main] INFO  demoqaBase - Click on Elements|Web Tables|Registration Form|Department...
2025-09-11 17:33:14 [main] INFO  demoqaBase - Department entered is: Recreation
2025-09-11 17:33:15 [main] INFO  demoqaBase - Submitting Registration Form...
2025-09-11 17:33:15 [main] INFO  demoqaBase - Registration Form Submitted...
2025-09-11 17:33:15 [main] ERROR demoqaBase - Submitted to register user: Tom
2025-09-11 17:33:15 [main] INFO  demoqaBase - Click on Elements|Web Tables|Registration Form...
Current Salary is: 0
2025-09-11 17:33:16 [main] INFO  demoqaBase - Modifying First Name of the user...
2025-09-11 17:33:17 [main] INFO  demoqaBase - Updated First Name is: Tom
2025-09-11 17:33:17 [main] INFO  demoqaBase - Updating Users Salary...
New Salary is: 345000
2025-09-11 17:33:18 [main] INFO  demoqaBase - Updated Salarye is: 345000
2025-09-11 17:33:19 [main] INFO  demoqaBase - Modifying First Name of the user...
2025-09-11 17:33:20 [main] INFO  demoqaBase - Updated First Name is: Tom
2025-09-11 17:33:20 [main] INFO  demoqaBase - Updating Users Department...
New Salary is: Architecture
2025-09-11 17:33:22 [main] INFO  demoqaBase - Updated Department is: Architecture
2025-09-11 17:33:22 [main] INFO  demoqaBase - ✅ Test for Bulk User Creation and Edit Completed Successfully...
]]></system-out>
  </testcase>
  <testcase name="Buttons" classname="tests.ElementsTests" time="1.02">
    <system-out><![CDATA[2025-09-11 17:33:22 [main] INFO  demoqaBase - Closing browser for test: EditSalaryDepartment
2025-09-11 17:33:22 [main] INFO  DriverFactory - 🌐 Starting Chrome Web Browser...
2025-09-11 17:33:22 [main] INFO  DriverFactory - ✅ Created temporary Chrome profile at C:\Users\dell\AppData\Local\Temp\chrome-profile-15790013786667869654
2025-09-11 17:33:26 [main] INFO  DriverFactory - 🚀 WebDriver started successfully
2025-09-11 17:33:26 [main] INFO  RetryUrlAccess - Navigating to URL (attempt 1): https://demoqa.com
Instance Variables Declared are: nullnull
2025-09-11 17:33:30 [main] INFO  demoqaBase - Accessing Elements Card...
2025-09-11 17:33:30 [main] INFO  demoqaLog - Clicking on Elements Card...
2025-09-11 17:33:31 [main] INFO  demoqaLog - Clicked on Elements Card...
Title of this Page is: DEMOQA
You are Accessing: Elements
 
Elements: Please select an item from left to start practice.
2025-09-11 17:33:31 [main] INFO  demoqaBase - Elements: Please select an item from left to start practice.
2025-09-11 17:33:31 [main] INFO  demoqaBase - Clicking on Elements|Buttons...
2025-09-11 17:33:31 [main] INFO  demoqaBase - Clicked on Elements|Buttons...
2025-09-11 17:33:31 [main] INFO  demoqaBase - ✅ Test for Elements|Buttons Click Completed Successfully...
]]></system-out>
  </testcase>
  <testcase name="DoubleClickButtons" classname="tests.ElementsTests" time="2.435">
    <system-out><![CDATA[2025-09-11 17:33:31 [main] INFO  demoqaBase - Closing browser for test: Buttons
2025-09-11 17:33:32 [main] WARN  PauseManager - ⏸ Pausing for 5 minutes after 60 tests...
2025-09-11 17:33:32 [main] INFO  PauseManager - ▶ Resuming in 5 minutes...
2025-09-11 17:34:32 [main] INFO  PauseManager - ▶ Resuming in 4 minutes...
2025-09-11 17:35:33 [main] INFO  PauseManager - ▶ Resuming in 3 minutes...
2025-09-11 17:43:42 [main] INFO  PauseManager - ▶ Resuming in 2 minutes...
2025-09-11 17:44:42 [main] INFO  PauseManager - ▶ Resuming in 1 minutes...
2025-09-11 17:45:33 [main] INFO  PauseManager - ▶ Resuming in 10 seconds...
2025-09-11 17:45:34 [main] INFO  PauseManager - ▶ Resuming in 9 seconds...
2025-09-11 17:45:35 [main] INFO  PauseManager - ▶ Resuming in 8 seconds...
2025-09-11 17:45:36 [main] INFO  PauseManager - ▶ Resuming in 7 seconds...
2025-09-11 17:45:37 [main] INFO  PauseManager - ▶ Resuming in 6 seconds...
2025-09-11 17:45:38 [main] INFO  PauseManager - ▶ Resuming in 5 seconds...
2025-09-11 17:45:39 [main] INFO  PauseManager - ▶ Resuming in 4 seconds...
2025-09-11 17:45:40 [main] INFO  PauseManager - ▶ Resuming in 3 seconds...
2025-09-11 17:45:41 [main] INFO  PauseManager - ▶ Resuming in 2 seconds...
2025-09-11 17:45:42 [main] INFO  PauseManager - ▶ Resuming in 1 seconds...
2025-09-11 17:45:43 [main] INFO  PauseManager - ✅ Pause complete. Resuming tests...
2025-09-11 17:45:43 [main] INFO  DriverFactory - 🌐 Starting Chrome Web Browser...
2025-09-11 17:45:43 [main] INFO  DriverFactory - ✅ Created temporary Chrome profile at C:\Users\dell\AppData\Local\Temp\chrome-profile-4074777028940759568
2025-09-11 17:45:44 [main] INFO  DriverFactory - 🚀 WebDriver started successfully
2025-09-11 17:45:44 [main] INFO  RetryUrlAccess - Navigating to URL (attempt 1): https://demoqa.com
Instance Variables Declared are: nullnull
2025-09-11 17:45:49 [main] INFO  demoqaBase - Accessing Elements Card...
2025-09-11 17:45:49 [main] INFO  demoqaLog - Clicking on Elements Card...
2025-09-11 17:45:49 [main] INFO  demoqaLog - Clicked on Elements Card...
Title of this Page is: DEMOQA
You are Accessing: Elements
 
Elements: Please select an item from left to start practice.
2025-09-11 17:45:50 [main] INFO  demoqaBase - Elements: Please select an item from left to start practice.
2025-09-11 17:45:50 [main] INFO  demoqaBase - Clicking on Elements|Buttons...
2025-09-11 17:45:50 [main] INFO  demoqaBase - Clicked on Elements|Buttons...
2025-09-11 17:45:50 [main] INFO  demoqaBase - Clicking on Elements|Buttons|Double Click button...
Declared WebDriverWait: org.openqa.selenium.support.ui.WebDriverWait@1ee71a77
You have done a double click
2025-09-11 17:45:51 [main] INFO  demoqaBase - Clicked on Elements|Buttons|Double Click button...You have done a double click
2025-09-11 17:45:51 [main] INFO  demoqaBase - ✅ Test for Elements|Buttons|Double Click Completed Successfully...
]]></system-out>
  </testcase>
  <testcase name="RightClickButton" classname="tests.ElementsTests" time="2.453">
    <system-out><![CDATA[2025-09-11 17:45:51 [main] INFO  demoqaBase - Closing browser for test: DoubleClickButtons
2025-09-11 17:45:52 [main] INFO  DriverFactory - 🌐 Starting Chrome Web Browser...
2025-09-11 17:45:52 [main] INFO  DriverFactory - ✅ Created temporary Chrome profile at C:\Users\dell\AppData\Local\Temp\chrome-profile-8984580848869985122
2025-09-11 17:45:53 [main] INFO  DriverFactory - 🚀 WebDriver started successfully
2025-09-11 17:45:53 [main] INFO  RetryUrlAccess - Navigating to URL (attempt 1): https://demoqa.com
Instance Variables Declared are: nullnull
2025-09-11 17:46:11 [main] INFO  demoqaBase - Accessing Elements Card...
2025-09-11 17:46:11 [main] INFO  demoqaLog - Clicking on Elements Card...
2025-09-11 17:46:12 [main] INFO  demoqaLog - Clicked on Elements Card...
Title of this Page is: DEMOQA
You are Accessing: Elements
 
Elements: Please select an item from left to start practice.
2025-09-11 17:46:12 [main] INFO  demoqaBase - Elements: Please select an item from left to start practice.
2025-09-11 17:46:12 [main] INFO  demoqaBase - Clicking on Elements|Buttons...
2025-09-11 17:46:12 [main] INFO  demoqaBase - Clicked on Elements|Buttons...
2025-09-11 17:46:12 [main] INFO  demoqaBase - Clicking on Elements|Buttons|Right Click button...
Waiting for Element: [[ChromeDriver: chrome on windows (ac54780cbe2a2cc29e482ab0346ed29d)] -> xpath: //button[@id='rightClickBtn']]
Action: You have done a right click
2025-09-11 17:46:13 [main] INFO  demoqaBase - Clicked on Elements|Buttons|Right Click button... You have done a right click
2025-09-11 17:46:13 [main] INFO  demoqaBase - ✅ Test for Elements|Buttons|Right Click Completed Successfully...
]]></system-out>
  </testcase>
  <testcase name="ClickMeButton" classname="tests.ElementsTests" time="1.128">
    <system-out><![CDATA[2025-09-11 17:46:13 [main] INFO  demoqaBase - Closing browser for test: RightClickButton
2025-09-11 17:46:14 [main] INFO  DriverFactory - 🌐 Starting Chrome Web Browser...
2025-09-11 17:46:14 [main] INFO  DriverFactory - ✅ Created temporary Chrome profile at C:\Users\dell\AppData\Local\Temp\chrome-profile-3468479565683710497
2025-09-11 17:46:15 [main] INFO  DriverFactory - 🚀 WebDriver started successfully
2025-09-11 17:46:15 [main] INFO  RetryUrlAccess - Navigating to URL (attempt 1): https://demoqa.com
Instance Variables Declared are: nullnull
2025-09-11 17:46:20 [main] INFO  demoqaBase - Accessing Elements Card...
2025-09-11 17:46:20 [main] INFO  demoqaLog - Clicking on Elements Card...
2025-09-11 17:46:21 [main] INFO  demoqaLog - Clicked on Elements Card...
Title of this Page is: DEMOQA
You are Accessing: Elements
 
Elements: Please select an item from left to start practice.
2025-09-11 17:46:21 [main] INFO  demoqaBase - Elements: Please select an item from left to start practice.
2025-09-11 17:46:21 [main] INFO  demoqaBase - Clicking on Elements|Buttons...
2025-09-11 17:46:21 [main] INFO  demoqaBase - Clicked on Elements|Buttons...
2025-09-11 17:46:21 [main] INFO  demoqaBase - Clicking on Elements|Buttons|Click Me button...
2025-09-11 17:46:21 [main] INFO  demoqaBase - Clicked on Elements|Buttons|Click Me button...You have done a dynamic click
2025-09-11 17:46:21 [main] INFO  demoqaBase - ✅ Test for Elements|Buttons|Click Me Button Completed Successfully...
]]></system-out>
  </testcase>
  <testcase name="ClickAllButtons" classname="tests.ElementsTests" time="12.849">
    <system-out><![CDATA[2025-09-11 17:46:21 [main] INFO  demoqaBase - Closing browser for test: ClickMeButton
2025-09-11 17:46:22 [main] INFO  DriverFactory - 🌐 Starting Chrome Web Browser...
2025-09-11 17:46:22 [main] INFO  DriverFactory - ✅ Created temporary Chrome profile at C:\Users\dell\AppData\Local\Temp\chrome-profile-8424940782747427570
2025-09-11 17:46:23 [main] INFO  DriverFactory - 🚀 WebDriver started successfully
2025-09-11 17:46:23 [main] INFO  RetryUrlAccess - Navigating to URL (attempt 1): https://demoqa.com
Instance Variables Declared are: nullnull
2025-09-11 17:46:38 [main] INFO  demoqaBase - Accessing Elements Card...
2025-09-11 17:46:38 [main] INFO  demoqaLog - Clicking on Elements Card...
2025-09-11 17:46:39 [main] INFO  demoqaLog - Clicked on Elements Card...
Title of this Page is: DEMOQA
You are Accessing: Elements
 
Elements: Please select an item from left to start practice.
2025-09-11 17:46:39 [main] INFO  demoqaBase - Elements: Please select an item from left to start practice.
2025-09-11 17:46:39 [main] INFO  demoqaBase - Clicking on Elements|Buttons...
2025-09-11 17:46:39 [main] INFO  demoqaBase - Clicked on Elements|Buttons...
2025-09-11 17:46:42 [main] INFO  demoqaBase - Clicking on Elements|Buttons|Double Click button...
Declared WebDriverWait: org.openqa.selenium.support.ui.WebDriverWait@5ed400e6
You have done a double click
2025-09-11 17:46:44 [main] INFO  demoqaBase - Clicked on Elements|Buttons|Double Click button...You have done a double click
2025-09-11 17:46:47 [main] INFO  demoqaBase - Clicking on Elements|Buttons|Right Click button...
Waiting for Element: [[ChromeDriver: chrome on windows (90004b116552ccc9a65871207b113b4c)] -> xpath: //button[@id='rightClickBtn']]
Action: You have done a right click
2025-09-11 17:46:48 [main] INFO  demoqaBase - Clicked on Elements|Buttons|Right Click button... You have done a right click
2025-09-11 17:46:51 [main] INFO  demoqaBase - Clicking on Elements|Buttons|Click Me button...
2025-09-11 17:46:51 [main] INFO  demoqaBase - Clicked on Elements|Buttons|Click Me button...You have done a dynamic click
2025-09-11 17:46:51 [main] INFO  demoqaBase - ✅ Test for Elements|Buttons|Click All Buttons Completed Successfully...
]]></system-out>
  </testcase>
  <testcase name="ClickLinks" classname="tests.ElementsTests" time="1.149">
    <system-out><![CDATA[Path for Screenshot is: C:\ASN\eclipse_workspace\demoqa-automation/screenshots/ClickAllButtons_Passed_20250911_174651+2025-09-11_17-46-51.png
2025-09-11 17:46:51 [main] INFO  demoqaBase - ✅ Test ClickAllButtons passed. Screenshot captured.
2025-09-11 17:46:51 [main] INFO  demoqaBase - Closing browser for test: ClickAllButtons
2025-09-11 17:46:52 [main] INFO  DriverFactory - 🌐 Starting Chrome Web Browser...
2025-09-11 17:46:52 [main] INFO  DriverFactory - ✅ Created temporary Chrome profile at C:\Users\dell\AppData\Local\Temp\chrome-profile-17684916178616638965
2025-09-11 17:46:53 [main] INFO  DriverFactory - 🚀 WebDriver started successfully
2025-09-11 17:46:53 [main] INFO  RetryUrlAccess - Navigating to URL (attempt 1): https://demoqa.com
Instance Variables Declared are: nullnull
2025-09-11 17:47:05 [main] INFO  demoqaBase - Accessing Elements Card...
2025-09-11 17:47:05 [main] INFO  demoqaLog - Clicking on Elements Card...
2025-09-11 17:47:06 [main] INFO  demoqaLog - Clicked on Elements Card...
Title of this Page is: DEMOQA
You are Accessing: Elements
 
Elements: Please select an item from left to start practice.
2025-09-11 17:47:06 [main] INFO  demoqaBase - Elements: Please select an item from left to start practice.
2025-09-11 17:47:06 [main] INFO  demoqaBase - Clicking on Elements|Links|Home Link...
2025-09-11 17:47:06 [main] INFO  demoqaBase - Clicked on Elements|Links|Home Link...
2025-09-11 17:47:06 [main] INFO  demoqaBase - ✅ Test for Elements|Links Completed Successfully...
]]></system-out>
  </testcase>
  <testcase name="ClickHomeLink" classname="tests.ElementsTests" time="1.121">
    <system-out><![CDATA[2025-09-11 17:47:06 [main] INFO  demoqaBase - Closing browser for test: ClickLinks
2025-09-11 17:47:07 [main] INFO  DriverFactory - 🌐 Starting Chrome Web Browser...
2025-09-11 17:47:07 [main] INFO  DriverFactory - ✅ Created temporary Chrome profile at C:\Users\dell\AppData\Local\Temp\chrome-profile-16722396449388466908
2025-09-11 17:47:08 [main] INFO  DriverFactory - 🚀 WebDriver started successfully
2025-09-11 17:47:08 [main] INFO  RetryUrlAccess - Navigating to URL (attempt 1): https://demoqa.com
Instance Variables Declared are: nullnull
2025-09-11 17:47:13 [main] INFO  demoqaBase - Accessing Elements Card...
2025-09-11 17:47:13 [main] INFO  demoqaLog - Clicking on Elements Card...
2025-09-11 17:47:13 [main] INFO  demoqaLog - Clicked on Elements Card...
Title of this Page is: DEMOQA
You are Accessing: Elements
 
Elements: Please select an item from left to start practice.
2025-09-11 17:47:13 [main] INFO  demoqaBase - Elements: Please select an item from left to start practice.
2025-09-11 17:47:13 [main] INFO  demoqaBase - Clicking on Elements|Links|Home Link...
2025-09-11 17:47:14 [main] INFO  demoqaBase - Clicked on Elements|Links|Home Link...
2025-09-11 17:47:14 [main] INFO  demoqaBase - Clicking on Elements|Links|Home Link...
2025-09-11 17:47:14 [main] INFO  demoqaBase - Clicked on Elements|Links|Home Link...
2025-09-11 17:47:14 [main] INFO  demoqaBase - ✅ Test for Elements|Links|Home Completed Successfully...
]]></system-out>
  </testcase>
  <testcase name="ClickDynamicHomeLink" classname="tests.ElementsTests" time="1.216">
    <system-out><![CDATA[2025-09-11 17:47:14 [main] INFO  demoqaBase - Closing browser for test: ClickHomeLink
2025-09-11 17:47:15 [main] INFO  DriverFactory - 🌐 Starting Chrome Web Browser...
2025-09-11 17:47:15 [main] INFO  DriverFactory - ✅ Created temporary Chrome profile at C:\Users\dell\AppData\Local\Temp\chrome-profile-17739534251622988532
2025-09-11 17:47:16 [main] INFO  DriverFactory - 🚀 WebDriver started successfully
2025-09-11 17:47:16 [main] INFO  RetryUrlAccess - Navigating to URL (attempt 1): https://demoqa.com
Instance Variables Declared are: nullnull
2025-09-11 17:47:28 [main] INFO  demoqaBase - Accessing Elements Card...
2025-09-11 17:47:28 [main] INFO  demoqaLog - Clicking on Elements Card...
2025-09-11 17:47:29 [main] INFO  demoqaLog - Clicked on Elements Card...
Title of this Page is: DEMOQA
You are Accessing: Elements
 
Elements: Please select an item from left to start practice.
2025-09-11 17:47:29 [main] INFO  demoqaBase - Elements: Please select an item from left to start practice.
2025-09-11 17:47:29 [main] INFO  demoqaBase - Clicking on Elements|Links|Home Link...
2025-09-11 17:47:29 [main] INFO  demoqaBase - Clicked on Elements|Links|Home Link...
2025-09-11 17:47:29 [main] INFO  demoqaBase - Clicking on Elements|Links|DynamicHome Link...
2025-09-11 17:47:29 [main] INFO  demoqaBase - Clicked on Elements|Links|DynamicHome Link...
2025-09-11 17:47:29 [main] INFO  demoqaBase - ✅ Test for Elements|Links|Dynamic Home Completed Successfully...
]]></system-out>
  </testcase>
  <testcase name="ClickCreatedAPILink" classname="tests.ElementsTests" time="1.418">
    <system-out><![CDATA[2025-09-11 17:47:29 [main] INFO  demoqaBase - Closing browser for test: ClickDynamicHomeLink
2025-09-11 17:47:30 [main] INFO  DriverFactory - 🌐 Starting Chrome Web Browser...
2025-09-11 17:47:30 [main] INFO  DriverFactory - ✅ Created temporary Chrome profile at C:\Users\dell\AppData\Local\Temp\chrome-profile-4820019880020545449
2025-09-11 17:47:31 [main] INFO  DriverFactory - 🚀 WebDriver started successfully
2025-09-11 17:47:31 [main] INFO  RetryUrlAccess - Navigating to URL (attempt 1): https://demoqa.com
Instance Variables Declared are: nullnull
2025-09-11 17:47:36 [main] INFO  demoqaBase - Accessing Elements Card...
2025-09-11 17:47:36 [main] INFO  demoqaLog - Clicking on Elements Card...
2025-09-11 17:47:37 [main] INFO  demoqaLog - Clicked on Elements Card...
Title of this Page is: DEMOQA
You are Accessing: Elements
 
Elements: Please select an item from left to start practice.
2025-09-11 17:47:37 [main] INFO  demoqaBase - Elements: Please select an item from left to start practice.
2025-09-11 17:47:37 [main] INFO  demoqaBase - Clicking on Elements|Links|Home Link...
2025-09-11 17:47:37 [main] INFO  demoqaBase - Clicked on Elements|Links|Home Link...
2025-09-11 17:47:37 [main] INFO  demoqaBase - Clicking on Elements|Links|Created Link...
Waiting for the presence of Element: [[ChromeDriver: chrome on windows (bdea9aba3c98fe7441975e54a8b0bbdf)] -> xpath: //*[@id='created']]
2025-09-11 17:47:37 [main] INFO  demoqaBase - Clicked on Elements|Links|Created Link...
2025-09-11 17:47:37 [main] INFO  FetchLinkResponse - Fetching link response...
2025-09-11 17:47:37 [main] INFO  FetchLinkResponse - Response fetched: Created
Created
2025-09-11 17:47:37 [main] INFO  demoqaBase - Clicked on Elements|Links|Created Link response is: Created
2025-09-11 17:47:37 [main] INFO  demoqaBase - ✅ Test for Elements|Links|Created Link Completed Successfully...
]]></system-out>
  </testcase>
  <testcase name="ClickNoContentLink" classname="tests.ElementsTests" time="1.22">
    <system-out><![CDATA[2025-09-11 17:47:37 [main] INFO  demoqaBase - Closing browser for test: ClickCreatedAPILink
2025-09-11 17:47:38 [main] INFO  DriverFactory - 🌐 Starting Chrome Web Browser...
2025-09-11 17:47:38 [main] INFO  DriverFactory - ✅ Created temporary Chrome profile at C:\Users\dell\AppData\Local\Temp\chrome-profile-2626941237864797928
2025-09-11 17:47:39 [main] INFO  DriverFactory - 🚀 WebDriver started successfully
2025-09-11 17:47:39 [main] INFO  RetryUrlAccess - Navigating to URL (attempt 1): https://demoqa.com
Instance Variables Declared are: nullnull
2025-09-11 17:47:53 [main] INFO  demoqaBase - Accessing Elements Card...
2025-09-11 17:47:53 [main] INFO  demoqaLog - Clicking on Elements Card...
2025-09-11 17:47:53 [main] INFO  demoqaLog - Clicked on Elements Card...
Title of this Page is: DEMOQA
You are Accessing: Elements
 
Elements: Please select an item from left to start practice.
2025-09-11 17:47:53 [main] INFO  demoqaBase - Elements: Please select an item from left to start practice.
2025-09-11 17:47:53 [main] INFO  demoqaBase - Clicking on Elements|Links|Home Link...
2025-09-11 17:47:54 [main] INFO  demoqaBase - Clicked on Elements|Links|Home Link...
2025-09-11 17:47:54 [main] INFO  demoqaBase - Clicking on Elements|Links|No Content Link...
Waiting for the presence of Element: [[ChromeDriver: chrome on windows (1b09c0843743d33af72987a09c22c0b7)] -> xpath: //*[@id="no-content"]]
2025-09-11 17:47:54 [main] INFO  demoqaBase - Clicked on Elements|Links|No Content Link...
2025-09-11 17:47:54 [main] INFO  FetchLinkResponse - Fetching link response...
2025-09-11 17:47:54 [main] INFO  FetchLinkResponse - Response fetched: No Content
No Content
2025-09-11 17:47:54 [main] INFO  demoqaBase - Clicked on Elements|Links|No Content Link response is: No Content
2025-09-11 17:47:54 [main] INFO  demoqaBase - ✅ Test for Elements|Links|No Content Link Completed Successfully...
]]></system-out>
  </testcase>
  <testcase name="ClickMovedLink" classname="tests.ElementsTests" time="0.997">
    <system-out><![CDATA[2025-09-11 17:47:54 [main] INFO  demoqaBase - Closing browser for test: ClickNoContentLink
2025-09-11 17:47:55 [main] INFO  DriverFactory - 🌐 Starting Chrome Web Browser...
2025-09-11 17:47:55 [main] INFO  DriverFactory - ✅ Created temporary Chrome profile at C:\Users\dell\AppData\Local\Temp\chrome-profile-5870893595177984399
2025-09-11 17:47:56 [main] INFO  DriverFactory - 🚀 WebDriver started successfully
2025-09-11 17:47:56 [main] INFO  RetryUrlAccess - Navigating to URL (attempt 1): https://demoqa.com
Instance Variables Declared are: nullnull
2025-09-11 17:48:00 [main] INFO  demoqaBase - Accessing Elements Card...
2025-09-11 17:48:00 [main] INFO  demoqaLog - Clicking on Elements Card...
2025-09-11 17:48:01 [main] INFO  demoqaLog - Clicked on Elements Card...
Title of this Page is: DEMOQA
You are Accessing: Elements
 
Elements: Please select an item from left to start practice.
2025-09-11 17:48:01 [main] INFO  demoqaBase - Elements: Please select an item from left to start practice.
2025-09-11 17:48:01 [main] INFO  demoqaBase - Clicking on Elements|Links|Home Link...
2025-09-11 17:48:01 [main] INFO  demoqaBase - Clicked on Elements|Links|Home Link...
2025-09-11 17:48:01 [main] INFO  demoqaBase - Clicking on Elements|Links|Moved Link...
2025-09-11 17:48:01 [main] INFO  demoqaBase - Clicked on Elements|Links|Moved Link...
2025-09-11 17:48:01 [main] INFO  FetchLinkResponse - Fetching link response...
2025-09-11 17:48:01 [main] INFO  FetchLinkResponse - Response fetched: Moved
Moved
2025-09-11 17:48:01 [main] INFO  demoqaBase - Clicked on Elements|Links|Moved Link Link response is: Moved
2025-09-11 17:48:01 [main] INFO  demoqaBase - ✅ Test for Elements|Links|Moved Link Completed Successfully...
]]></system-out>
  </testcase>
  <testcase name="ClickBadRequestLink" classname="tests.ElementsTests" time="1.522">
    <system-out><![CDATA[2025-09-11 17:48:01 [main] INFO  demoqaBase - Closing browser for test: ClickMovedLink
2025-09-11 17:48:02 [main] INFO  DriverFactory - 🌐 Starting Chrome Web Browser...
2025-09-11 17:48:02 [main] INFO  DriverFactory - ✅ Created temporary Chrome profile at C:\Users\dell\AppData\Local\Temp\chrome-profile-16031550379468002195
2025-09-11 17:48:03 [main] INFO  DriverFactory - 🚀 WebDriver started successfully
2025-09-11 17:48:03 [main] INFO  RetryUrlAccess - Navigating to URL (attempt 1): https://demoqa.com
Instance Variables Declared are: nullnull
2025-09-11 17:48:10 [main] INFO  demoqaBase - Accessing Elements Card...
2025-09-11 17:48:10 [main] INFO  demoqaLog - Clicking on Elements Card...
2025-09-11 17:48:11 [main] INFO  demoqaLog - Clicked on Elements Card...
Title of this Page is: DEMOQA
You are Accessing: Elements
 
Elements: Please select an item from left to start practice.
2025-09-11 17:48:11 [main] INFO  demoqaBase - Elements: Please select an item from left to start practice.
2025-09-11 17:48:11 [main] INFO  demoqaBase - Clicking on Elements|Links|Home Link...
2025-09-11 17:48:11 [main] INFO  demoqaBase - Clicked on Elements|Links|Home Link...
2025-09-11 17:48:11 [main] INFO  demoqaBase - Clicking on Elements|Links|Bad Request Link...
2025-09-11 17:48:12 [main] INFO  demoqaBase - Clicked on Elements|Links|Bad Request Link...
2025-09-11 17:48:12 [main] INFO  FetchLinkResponse - Fetching link response...
2025-09-11 17:48:12 [main] INFO  FetchLinkResponse - Response fetched: Bad Request
Bad Request
2025-09-11 17:48:12 [main] INFO  demoqaBase - Clicked on Elements|Links|Bad Request Link response is: Bad Request
2025-09-11 17:48:12 [main] INFO  demoqaBase - ✅ Test for Elements|Links|Bad Request Link Completed Successfully...
]]></system-out>
  </testcase>
  <testcase name="ClickUnauthorizedLink" classname="tests.ElementsTests" time="1.486">
    <system-out><![CDATA[2025-09-11 17:48:12 [main] INFO  demoqaBase - Closing browser for test: ClickBadRequestLink
2025-09-11 17:48:12 [main] INFO  DriverFactory - 🌐 Starting Chrome Web Browser...
2025-09-11 17:48:12 [main] INFO  DriverFactory - ✅ Created temporary Chrome profile at C:\Users\dell\AppData\Local\Temp\chrome-profile-10767118438563502933
2025-09-11 17:48:13 [main] INFO  DriverFactory - 🚀 WebDriver started successfully
2025-09-11 17:48:13 [main] INFO  RetryUrlAccess - Navigating to URL (attempt 1): https://demoqa.com
Instance Variables Declared are: nullnull
2025-09-11 17:48:43 [main] INFO  demoqaBase - Accessing Elements Card...
2025-09-11 17:48:43 [main] INFO  demoqaLog - Clicking on Elements Card...
2025-09-11 17:48:44 [main] INFO  demoqaLog - Clicked on Elements Card...
Title of this Page is: DEMOQA
You are Accessing: Elements
 
Elements: Please select an item from left to start practice.
2025-09-11 17:48:44 [main] INFO  demoqaBase - Elements: Please select an item from left to start practice.
2025-09-11 17:48:44 [main] INFO  demoqaBase - Clicking on Elements|Links|Home Link...
2025-09-11 17:48:44 [main] INFO  demoqaBase - Clicked on Elements|Links|Home Link...
2025-09-11 17:48:44 [main] INFO  demoqaBase - Clicking on Elements|Links|Unauthorized Link...
Waiting for the presence of Element: [[ChromeDriver: chrome on windows (e96a3fe942ec20c8d5712bb57f9618d2)] -> xpath: //*[@id="unauthorized"]]
2025-09-11 17:48:45 [main] INFO  demoqaBase - Clicked on Elements|Links|Unauthorized Link...
2025-09-11 17:48:45 [main] INFO  FetchLinkResponse - Fetching link response...
2025-09-11 17:48:45 [main] INFO  FetchLinkResponse - Response fetched: Unauthorized
Unauthorized
2025-09-11 17:48:45 [main] INFO  demoqaBase - Clicked on Elements|Links|Unauthorized Link response is: Unauthorized
2025-09-11 17:48:45 [main] INFO  demoqaBase - ✅ Test for Elements|Links|Unauthorized Link Completed Successfully...
]]></system-out>
  </testcase>
  <testcase name="ClickForbiddenLink" classname="tests.ElementsTests" time="1.069">
    <system-out><![CDATA[2025-09-11 17:48:45 [main] INFO  demoqaBase - Closing browser for test: ClickUnauthorizedLink
2025-09-11 17:48:45 [main] INFO  DriverFactory - 🌐 Starting Chrome Web Browser...
2025-09-11 17:48:45 [main] INFO  DriverFactory - ✅ Created temporary Chrome profile at C:\Users\dell\AppData\Local\Temp\chrome-profile-236876087222991451
2025-09-11 17:48:46 [main] INFO  DriverFactory - 🚀 WebDriver started successfully
2025-09-11 17:48:46 [main] INFO  RetryUrlAccess - Navigating to URL (attempt 1): https://demoqa.com
Instance Variables Declared are: nullnull
2025-09-11 17:48:51 [main] INFO  demoqaBase - Accessing Elements Card...
2025-09-11 17:48:51 [main] INFO  demoqaLog - Clicking on Elements Card...
2025-09-11 17:48:52 [main] INFO  demoqaLog - Clicked on Elements Card...
Title of this Page is: DEMOQA
You are Accessing: Elements
 
Elements: Please select an item from left to start practice.
2025-09-11 17:48:52 [main] INFO  demoqaBase - Elements: Please select an item from left to start practice.
2025-09-11 17:48:52 [main] INFO  demoqaBase - Clicking on Elements|Links|Home Link...
2025-09-11 17:48:52 [main] INFO  demoqaBase - Clicked on Elements|Links|Home Link...
2025-09-11 17:48:52 [main] INFO  demoqaBase - Clicking on Elements|Links|Forbidden Link...
2025-09-11 17:48:53 [main] INFO  demoqaBase - Clicked on Elements|Links|Forbidden Link...
2025-09-11 17:48:53 [main] INFO  FetchLinkResponse - Fetching link response...
2025-09-11 17:48:53 [main] INFO  FetchLinkResponse - Response fetched: Forbidden
Forbidden
2025-09-11 17:48:53 [main] INFO  demoqaBase - Clicked on Elements|Links|Forbidden Link response is: Forbidden
2025-09-11 17:48:53 [main] INFO  demoqaBase - ✅ Test for Elements|Links|Forbidden Link Completed Successfully...
]]></system-out>
  </testcase>
  <testcase name="ClickNotFoundLink" classname="tests.ElementsTests" time="1.347">
    <system-out><![CDATA[2025-09-11 17:48:53 [main] INFO  demoqaBase - Closing browser for test: ClickForbiddenLink
2025-09-11 17:48:53 [main] INFO  DriverFactory - 🌐 Starting Chrome Web Browser...
2025-09-11 17:48:53 [main] INFO  DriverFactory - ✅ Created temporary Chrome profile at C:\Users\dell\AppData\Local\Temp\chrome-profile-17910113928701042065
2025-09-11 17:48:54 [main] INFO  DriverFactory - 🚀 WebDriver started successfully
2025-09-11 17:48:54 [main] INFO  RetryUrlAccess - Navigating to URL (attempt 1): https://demoqa.com
Instance Variables Declared are: nullnull
2025-09-11 17:48:59 [main] INFO  demoqaBase - Accessing Elements Card...
2025-09-11 17:48:59 [main] INFO  demoqaLog - Clicking on Elements Card...
2025-09-11 17:49:00 [main] INFO  demoqaLog - Clicked on Elements Card...
Title of this Page is: DEMOQA
You are Accessing: Elements
 
Elements: Please select an item from left to start practice.
2025-09-11 17:49:00 [main] INFO  demoqaBase - Elements: Please select an item from left to start practice.
2025-09-11 17:49:00 [main] INFO  demoqaBase - Clicking on Elements|Links|Home Link...
2025-09-11 17:49:00 [main] INFO  demoqaBase - Clicked on Elements|Links|Home Link...
2025-09-11 17:49:00 [main] INFO  demoqaBase - Clicking on Elements|Links|NotFound Link...
2025-09-11 17:49:00 [main] INFO  demoqaBase - Clicked on Elements|Links|NotFound Link...
2025-09-11 17:49:00 [main] INFO  FetchLinkResponse - Fetching link response...
2025-09-11 17:49:00 [main] INFO  FetchLinkResponse - Response fetched: Not Found
Not Found
2025-09-11 17:49:00 [main] INFO  demoqaBase - Clicked on Elements|Links|Not Found Link response is: Not Found
2025-09-11 17:49:00 [main] INFO  demoqaBase - ✅ Test for Elements|Links|NotFound Link Completed Successfully...
]]></system-out>
  </testcase>
  <testcase name="ClickAllLinks" classname="tests.ElementsTests" time="27.48">
    <system-out><![CDATA[2025-09-11 17:49:00 [main] INFO  demoqaBase - Closing browser for test: ClickNotFoundLink
2025-09-11 17:49:01 [main] INFO  DriverFactory - 🌐 Starting Chrome Web Browser...
2025-09-11 17:49:01 [main] INFO  DriverFactory - ✅ Created temporary Chrome profile at C:\Users\dell\AppData\Local\Temp\chrome-profile-2463982532484368161
2025-09-11 17:49:02 [main] INFO  DriverFactory - 🚀 WebDriver started successfully
2025-09-11 17:49:02 [main] INFO  RetryUrlAccess - Navigating to URL (attempt 1): https://demoqa.com
Instance Variables Declared are: nullnull
2025-09-11 17:49:06 [main] INFO  demoqaBase - Accessing Elements Card...
2025-09-11 17:49:06 [main] INFO  demoqaLog - Clicking on Elements Card...
2025-09-11 17:49:07 [main] INFO  demoqaLog - Clicked on Elements Card...
Title of this Page is: DEMOQA
You are Accessing: Elements
 
Elements: Please select an item from left to start practice.
2025-09-11 17:49:07 [main] INFO  demoqaBase - Elements: Please select an item from left to start practice.
2025-09-11 17:49:07 [main] INFO  demoqaBase - Clicking on Elements|Links|Home Link...
2025-09-11 17:49:07 [main] INFO  demoqaBase - Clicked on Elements|Links|Home Link...
2025-09-11 17:49:07 [main] INFO  demoqaBase - Clicking on Elements|Links|Home Link...
2025-09-11 17:49:07 [main] INFO  demoqaBase - Clicked on Elements|Links|Home Link...
2025-09-11 17:49:10 [main] INFO  demoqaBase - Clicking on Elements|Links|DynamicHome Link...
2025-09-11 17:49:11 [main] INFO  demoqaBase - Clicked on Elements|Links|DynamicHome Link...
2025-09-11 17:49:14 [main] INFO  demoqaBase - Clicking on Elements|Links|Created Link...
Waiting for the presence of Element: [[ChromeDriver: chrome on windows (85f430bdf313e0abf502721599bcaf63)] -> xpath: //*[@id='created']]
2025-09-11 17:49:14 [main] INFO  demoqaBase - Clicked on Elements|Links|Created Link...
2025-09-11 17:49:14 [main] INFO  FetchLinkResponse - Fetching link response...
2025-09-11 17:49:14 [main] INFO  FetchLinkResponse - Response fetched: Created
Created
2025-09-11 17:49:14 [main] INFO  demoqaBase - Clicked on Elements|Links|Created Link response is: Created
2025-09-11 17:49:17 [main] INFO  demoqaBase - Clicking on Elements|Links|No Content Link...
Waiting for the presence of Element: [[ChromeDriver: chrome on windows (85f430bdf313e0abf502721599bcaf63)] -> xpath: //*[@id="no-content"]]
2025-09-11 17:49:17 [main] INFO  demoqaBase - Clicked on Elements|Links|No Content Link...
2025-09-11 17:49:17 [main] INFO  FetchLinkResponse - Fetching link response...
2025-09-11 17:49:17 [main] INFO  FetchLinkResponse - Response fetched: No Content
No Content
2025-09-11 17:49:17 [main] INFO  demoqaBase - Clicked on Elements|Links|No Content Link response is: No Content
2025-09-11 17:49:20 [main] INFO  demoqaBase - Clicking on Elements|Links|Moved Link...
2025-09-11 17:49:21 [main] INFO  demoqaBase - Clicked on Elements|Links|Moved Link...
2025-09-11 17:49:21 [main] INFO  FetchLinkResponse - Fetching link response...
2025-09-11 17:49:21 [main] INFO  FetchLinkResponse - Response fetched: Moved
Moved
2025-09-11 17:49:21 [main] INFO  demoqaBase - Clicked on Elements|Links|Moved Link Link response is: Moved
2025-09-11 17:49:24 [main] INFO  demoqaBase - Clicking on Elements|Links|Bad Request Link...
2025-09-11 17:49:24 [main] INFO  demoqaBase - Clicked on Elements|Links|Bad Request Link...
2025-09-11 17:49:24 [main] INFO  FetchLinkResponse - Fetching link response...
2025-09-11 17:49:24 [main] INFO  FetchLinkResponse - Response fetched: Bad Request
Bad Request
2025-09-11 17:49:24 [main] INFO  demoqaBase - Clicked on Elements|Links|Bad Request Link response is: Bad Request
2025-09-11 17:49:27 [main] INFO  demoqaBase - Clicking on Elements|Links|Unauthorized Link...
Waiting for the presence of Element: [[ChromeDriver: chrome on windows (85f430bdf313e0abf502721599bcaf63)] -> xpath: //*[@id="unauthorized"]]
2025-09-11 17:49:27 [main] INFO  demoqaBase - Clicked on Elements|Links|Unauthorized Link...
2025-09-11 17:49:27 [main] INFO  FetchLinkResponse - Fetching link response...
2025-09-11 17:49:27 [main] INFO  FetchLinkResponse - Response fetched: Unauthorized
Unauthorized
2025-09-11 17:49:27 [main] INFO  demoqaBase - Clicked on Elements|Links|Unauthorized Link response is: Unauthorized
2025-09-11 17:49:30 [main] INFO  demoqaBase - Clicking on Elements|Links|Forbidden Link...
2025-09-11 17:49:30 [main] INFO  demoqaBase - Clicked on Elements|Links|Forbidden Link...
2025-09-11 17:49:30 [main] INFO  FetchLinkResponse - Fetching link response...
2025-09-11 17:49:30 [main] INFO  FetchLinkResponse - Response fetched: Forbidden
Forbidden
2025-09-11 17:49:30 [main] INFO  demoqaBase - Clicked on Elements|Links|Forbidden Link response is: Forbidden
2025-09-11 17:49:33 [main] INFO  demoqaBase - Clicking on Elements|Links|NotFound Link...
2025-09-11 17:49:34 [main] INFO  demoqaBase - Clicked on Elements|Links|NotFound Link...
2025-09-11 17:49:34 [main] INFO  FetchLinkResponse - Fetching link response...
2025-09-11 17:49:34 [main] INFO  FetchLinkResponse - Response fetched: Not Found
Not Found
2025-09-11 17:49:34 [main] INFO  demoqaBase - Clicked on Elements|Links|Not Found Link response is: Not Found
2025-09-11 17:49:34 [main] INFO  demoqaBase - ✅ Test for Elements|Links|All Links in One GO Completed Successfully...
]]></system-out>
  </testcase>
  <testcase name="ClickBrokenLinksImages" classname="tests.ElementsTests" time="1.053">
    <system-out><![CDATA[2025-09-11 17:49:34 [main] INFO  demoqaBase - Closing browser for test: ClickAllLinks
2025-09-11 17:49:34 [main] INFO  DriverFactory - 🌐 Starting Chrome Web Browser...
2025-09-11 17:49:34 [main] INFO  DriverFactory - ✅ Created temporary Chrome profile at C:\Users\dell\AppData\Local\Temp\chrome-profile-6805434953264026337
2025-09-11 17:49:35 [main] INFO  DriverFactory - 🚀 WebDriver started successfully
2025-09-11 17:49:35 [main] INFO  RetryUrlAccess - Navigating to URL (attempt 1): https://demoqa.com
Instance Variables Declared are: nullnull
2025-09-11 17:49:40 [main] INFO  demoqaBase - Accessing Elements Card...
2025-09-11 17:49:40 [main] INFO  demoqaLog - Clicking on Elements Card...
2025-09-11 17:49:41 [main] INFO  demoqaLog - Clicked on Elements Card...
Title of this Page is: DEMOQA
You are Accessing: Elements
 
Elements: Please select an item from left to start practice.
2025-09-11 17:49:41 [main] INFO  demoqaBase - Elements: Please select an item from left to start practice.
2025-09-11 17:49:41 [main] INFO  demoqaBase - Clicking on Elements|Broken Links - Images...
Waiting for the presence of Element: [[ChromeDriver: chrome on windows (a9033a6f6e58e91c0f2b124ac624e725)] -> xpath: //span[normalize-space()='Broken Links - Images']]
2025-09-11 17:49:41 [main] INFO  demoqaBase - Clicked on Elements|Broken Links - Images...
Page Title is: Broken Links - Images
2025-09-11 17:49:41 [main] INFO  demoqaBase - ✅ Test for Elements|Broken Links - Images Completed Successfully...
]]></system-out>
  </testcase>
  <testcase name="GetValidImage" classname="tests.ElementsTests" time="0.832">
    <system-out><![CDATA[2025-09-11 17:49:41 [main] INFO  demoqaBase - Closing browser for test: ClickBrokenLinksImages
2025-09-11 17:49:42 [main] INFO  DriverFactory - 🌐 Starting Chrome Web Browser...
2025-09-11 17:49:42 [main] INFO  DriverFactory - ✅ Created temporary Chrome profile at C:\Users\dell\AppData\Local\Temp\chrome-profile-18408459865543698703
2025-09-11 17:49:43 [main] INFO  DriverFactory - 🚀 WebDriver started successfully
2025-09-11 17:49:43 [main] INFO  RetryUrlAccess - Navigating to URL (attempt 1): https://demoqa.com
Instance Variables Declared are: nullnull
2025-09-11 17:49:48 [main] INFO  demoqaBase - Accessing Elements Card...
2025-09-11 17:49:48 [main] INFO  demoqaLog - Clicking on Elements Card...
2025-09-11 17:49:48 [main] INFO  demoqaLog - Clicked on Elements Card...
Title of this Page is: DEMOQA
You are Accessing: Elements
 
Elements: Please select an item from left to start practice.
2025-09-11 17:49:48 [main] INFO  demoqaBase - Elements: Please select an item from left to start practice.
2025-09-11 17:49:48 [main] INFO  demoqaBase - Clicking on Elements|Broken Links - Images...
Waiting for the presence of Element: [[ChromeDriver: chrome on windows (7b224a93f6085ba1f19c9e954f058bfa)] -> xpath: //span[normalize-space()='Broken Links - Images']]
2025-09-11 17:49:48 [main] INFO  demoqaBase - Clicked on Elements|Broken Links - Images...
Page Title is: Broken Links - Images
2025-09-11 17:49:48 [main] INFO  demoqaBase - Checking for Elements|Broken Links|Valid Image...
Found WebElement of: Valid image
2025-09-11 17:49:49 [main] INFO  demoqaBase - Checked Elements|Broken Links|Valid Image Valid image
2025-09-11 17:49:49 [main] INFO  demoqaBase - ✅ Test for Elements|Broken Links - Images|Valid Image Completed Successfully...
]]></system-out>
  </testcase>
  <testcase name="GetBrokenImage" classname="tests.ElementsTests" time="1.089">
    <system-out><![CDATA[2025-09-11 17:49:49 [main] INFO  demoqaBase - Closing browser for test: GetValidImage
2025-09-11 17:49:49 [main] INFO  DriverFactory - 🌐 Starting Chrome Web Browser...
2025-09-11 17:49:49 [main] INFO  DriverFactory - ✅ Created temporary Chrome profile at C:\Users\dell\AppData\Local\Temp\chrome-profile-11003348010908777130
2025-09-11 17:49:50 [main] INFO  DriverFactory - 🚀 WebDriver started successfully
2025-09-11 17:49:50 [main] INFO  RetryUrlAccess - Navigating to URL (attempt 1): https://demoqa.com
Instance Variables Declared are: nullnull
2025-09-11 17:49:54 [main] INFO  demoqaBase - Accessing Elements Card...
2025-09-11 17:49:54 [main] INFO  demoqaLog - Clicking on Elements Card...
2025-09-11 17:49:55 [main] INFO  demoqaLog - Clicked on Elements Card...
Title of this Page is: DEMOQA
You are Accessing: Elements
 
Elements: Please select an item from left to start practice.
2025-09-11 17:49:55 [main] INFO  demoqaBase - Elements: Please select an item from left to start practice.
2025-09-11 17:49:55 [main] INFO  demoqaBase - Clicking on Elements|Broken Links - Images...
Waiting for the presence of Element: [[ChromeDriver: chrome on windows (eca069f83fce4b67da6bf3cdc18f6527)] -> xpath: //span[normalize-space()='Broken Links - Images']]
2025-09-11 17:49:55 [main] INFO  demoqaBase - Clicked on Elements|Broken Links - Images...
Page Title is: Broken Links - Images
2025-09-11 17:49:55 [main] INFO  demoqaBase - Checking for Elements|Broken Links|Valid Image...
Found WebElement of: Broken image
2025-09-11 17:49:55 [main] INFO  demoqaBase - Checked Elements|Broken Links|Broken Image Broken image
2025-09-11 17:49:55 [main] INFO  demoqaBase - ✅ Test for Elements|Broken Links - Images|Broken Image Completed Successfully...
]]></system-out>
  </testcase>
  <testcase name="BrokenLinksBrokenlink" classname="tests.ElementsTests" time="4.647">
    <system-out><![CDATA[2025-09-11 17:49:55 [main] INFO  demoqaBase - Closing browser for test: GetBrokenImage
2025-09-11 17:49:56 [main] INFO  DriverFactory - 🌐 Starting Chrome Web Browser...
2025-09-11 17:49:56 [main] INFO  DriverFactory - ✅ Created temporary Chrome profile at C:\Users\dell\AppData\Local\Temp\chrome-profile-13832493668100051571
2025-09-11 17:49:57 [main] INFO  DriverFactory - 🚀 WebDriver started successfully
2025-09-11 17:49:57 [main] INFO  RetryUrlAccess - Navigating to URL (attempt 1): https://demoqa.com
Instance Variables Declared are: nullnull
2025-09-11 17:50:10 [main] INFO  demoqaBase - Accessing Elements Card...
2025-09-11 17:50:10 [main] INFO  demoqaLog - Clicking on Elements Card...
2025-09-11 17:50:11 [main] INFO  demoqaLog - Clicked on Elements Card...
Title of this Page is: DEMOQA
You are Accessing: Elements
 
Elements: Please select an item from left to start practice.
2025-09-11 17:50:11 [main] INFO  demoqaBase - Elements: Please select an item from left to start practice.
2025-09-11 17:50:11 [main] INFO  demoqaBase - Clicking on Elements|Broken Links - Images...
Waiting for the presence of Element: [[ChromeDriver: chrome on windows (3ad7f537f162bb29467aede5cfaad050)] -> xpath: //span[normalize-space()='Broken Links - Images']]
2025-09-11 17:50:11 [main] INFO  demoqaBase - Clicked on Elements|Broken Links - Images...
Page Title is: Broken Links - Images
2025-09-11 17:50:11 [main] INFO  demoqaBase - Checking for Elements|Broken Links|Broken Link...
Waiting for the presence of Element: [[ChromeDriver: chrome on windows (3ad7f537f162bb29467aede5cfaad050)] -> xpath: //a[normalize-space()='Click Here for Broken Link']]
2025-09-11 17:50:15 [main] INFO  demoqaBase - Clicked on Elements|Broken Links - Images|Broken Link...
Broken Link Response is: This page returned a 500 status code.

For a definition and common list of HTTP status codes, go here
2025-09-11 17:50:15 [main] INFO  demoqaBase - Broken Link Response is: This page returned a 500 status code.

For a definition and common list of HTTP status codes, go here
2025-09-11 17:50:15 [main] INFO  demoqaBase - ✅ Test for Elements|Broken Links - Images|Broken Link Completed Successfully...
]]></system-out>
  </testcase>
  <testcase name="BrokenLinksValidlink" classname="tests.ElementsTests" time="2.921">
    <system-out><![CDATA[2025-09-11 17:50:15 [main] INFO  demoqaBase - Closing browser for test: BrokenLinksBrokenlink
2025-09-11 17:50:16 [main] INFO  DriverFactory - 🌐 Starting Chrome Web Browser...
2025-09-11 17:50:16 [main] INFO  DriverFactory - ✅ Created temporary Chrome profile at C:\Users\dell\AppData\Local\Temp\chrome-profile-14829406317153935796
2025-09-11 17:50:17 [main] INFO  DriverFactory - 🚀 WebDriver started successfully
2025-09-11 17:50:17 [main] INFO  RetryUrlAccess - Navigating to URL (attempt 1): https://demoqa.com
Instance Variables Declared are: nullnull
2025-09-11 17:50:38 [main] INFO  demoqaBase - Accessing Elements Card...
2025-09-11 17:50:38 [main] INFO  demoqaLog - Clicking on Elements Card...
2025-09-11 17:50:39 [main] INFO  demoqaLog - Clicked on Elements Card...
Title of this Page is: DEMOQA
You are Accessing: Elements
 
Elements: Please select an item from left to start practice.
2025-09-11 17:50:39 [main] INFO  demoqaBase - Elements: Please select an item from left to start practice.
2025-09-11 17:50:39 [main] INFO  demoqaBase - Clicking on Elements|Broken Links - Images...
Waiting for the presence of Element: [[ChromeDriver: chrome on windows (6872b17352d23cf007c86b410004f946)] -> xpath: //span[normalize-space()='Broken Links - Images']]
2025-09-11 17:50:39 [main] INFO  demoqaBase - Clicked on Elements|Broken Links - Images...
Page Title is: Broken Links - Images
2025-09-11 17:50:39 [main] INFO  demoqaBase - Checking for Elements|Broken Links|Valid Link...
Waiting for the presence of Element: [[ChromeDriver: chrome on windows (6872b17352d23cf007c86b410004f946)] -> xpath: //a[normalize-space()='Click Here for Valid Link']]
2025-09-11 17:50:41 [main] INFO  demoqaBase - Clicked on Elements|Broken Links - Images|Valid Link...
Logo of Valid Link Clicked https://demoqa.com/images/Toolsqa.jpg
2025-09-11 17:50:41 [main] INFO  demoqaBase - Logo source: https://demoqa.com/images/Toolsqa.jpg
2025-09-11 17:50:41 [main] INFO  demoqaBase - ✅ Test for Elements|Broken Links - Images|Valid Link Completed Successfully...
]]></system-out>
  </testcase>
  <testcase name="UploadDownloadlink" classname="tests.ElementsTests" time="2.372">
    <system-out><![CDATA[2025-09-11 17:50:41 [main] INFO  demoqaBase - Closing browser for test: BrokenLinksValidlink
2025-09-11 17:50:42 [main] WARN  PauseManager - ⏸ Pausing for 5 minutes after 80 tests...
2025-09-11 17:50:42 [main] INFO  PauseManager - ▶ Resuming in 5 minutes...
2025-09-11 17:51:42 [main] INFO  PauseManager - ▶ Resuming in 4 minutes...
2025-09-11 17:52:42 [main] INFO  PauseManager - ▶ Resuming in 3 minutes...
2025-09-11 17:53:43 [main] INFO  PauseManager - ▶ Resuming in 2 minutes...
2025-09-11 17:54:43 [main] INFO  PauseManager - ▶ Resuming in 1 minutes...
2025-09-11 17:58:56 [main] INFO  PauseManager - ▶ Resuming in 10 seconds...
2025-09-11 17:58:57 [main] INFO  PauseManager - ▶ Resuming in 9 seconds...
2025-09-11 17:58:58 [main] INFO  PauseManager - ▶ Resuming in 8 seconds...
2025-09-11 17:58:59 [main] INFO  PauseManager - ▶ Resuming in 7 seconds...
2025-09-11 17:59:00 [main] INFO  PauseManager - ▶ Resuming in 6 seconds...
2025-09-11 17:59:01 [main] INFO  PauseManager - ▶ Resuming in 5 seconds...
2025-09-11 17:59:02 [main] INFO  PauseManager - ▶ Resuming in 4 seconds...
2025-09-11 17:59:03 [main] INFO  PauseManager - ▶ Resuming in 3 seconds...
2025-09-11 17:59:04 [main] INFO  PauseManager - ▶ Resuming in 2 seconds...
2025-09-11 17:59:05 [main] INFO  PauseManager - ▶ Resuming in 1 seconds...
2025-09-11 17:59:06 [main] INFO  PauseManager - ✅ Pause complete. Resuming tests...
2025-09-11 17:59:06 [main] INFO  DriverFactory - 🌐 Starting Chrome Web Browser...
2025-09-11 17:59:06 [main] INFO  DriverFactory - ✅ Created temporary Chrome profile at C:\Users\dell\AppData\Local\Temp\chrome-profile-7343835069627509861
2025-09-11 17:59:07 [main] INFO  DriverFactory - 🚀 WebDriver started successfully
2025-09-11 17:59:07 [main] INFO  RetryUrlAccess - Navigating to URL (attempt 1): https://demoqa.com
Instance Variables Declared are: nullnull
2025-09-11 17:59:20 [main] INFO  demoqaBase - Accessing Elements Card...
2025-09-11 17:59:20 [main] INFO  demoqaLog - Clicking on Elements Card...
2025-09-11 17:59:21 [main] INFO  demoqaLog - Clicked on Elements Card...
Title of this Page is: DEMOQA
You are Accessing: Elements
 
Elements: Please select an item from left to start practice.
2025-09-11 17:59:21 [main] INFO  demoqaBase - Elements: Please select an item from left to start practice.
2025-09-11 17:59:21 [main] INFO  demoqaBase - Checking for Elements|Upload and Download|Download Button...
Waiting for the Element to be Clickable: [[ChromeDriver: chrome on windows (af7362bfd1cf0a41c6af8a193e4c98b6)] -> xpath: //div[@class='element-list collapse show']//li[@id='item-7']]
2025-09-11 17:59:23 [main] INFO  demoqaBase - Clicked on Elements|Upload and Download...
2025-09-11 17:59:23 [main] INFO  demoqaBase - ✅ Test for Elements|Upload and Download Link Completed Successfully...
]]></system-out>
  </testcase>
  <testcase name="Downloadbtn" classname="tests.ElementsTests" time="8.414">
    <failure message="File was not downloaded successfully. expected [true] but found [false]" type="java.lang.AssertionError"><![CDATA[java.lang.AssertionError: File was not downloaded successfully. expected [true] but found [false]
	at org.testng.Assert.fail(Assert.java:111)
	at org.testng.Assert.failNotEquals(Assert.java:1590)
	at org.testng.Assert.assertTrue(Assert.java:57)
	at pages.elementsPage.DownloadFile(elementsPage.java:1211)
	at tests.ElementsTests.Downloadbtn(ElementsTests.java:1127)
	at java.base/jdk.internal.reflect.DirectMethodHandleAccessor.invoke(DirectMethodHandleAccessor.java:103)
	at java.base/java.lang.reflect.Method.invoke(Method.java:580)
	at org.testng.internal.invokers.MethodInvocationHelper.invokeMethod(MethodInvocationHelper.java:141)
	at org.testng.internal.invokers.TestInvoker.invokeMethod(TestInvoker.java:687)
	at org.testng.internal.invokers.TestInvoker.invokeTestMethod(TestInvoker.java:230)
	at org.testng.internal.invokers.MethodRunner.runInSequence(MethodRunner.java:63)
	at org.testng.internal.invokers.TestInvoker$MethodInvocationAgent.invoke(TestInvoker.java:995)
	at org.testng.internal.invokers.TestInvoker.invokeTestMethods(TestInvoker.java:203)
	at org.testng.internal.invokers.TestMethodWorker.invokeTestMethods(TestMethodWorker.java:154)
	at org.testng.internal.invokers.TestMethodWorker.run(TestMethodWorker.java:134)
	at java.base/java.util.ArrayList.forEach(ArrayList.java:1596)
	at org.testng.TestRunner.privateRun(TestRunner.java:741)
	at org.testng.TestRunner.run(TestRunner.java:616)
	at org.testng.SuiteRunner.runTest(SuiteRunner.java:421)
	at org.testng.SuiteRunner.runSequentially(SuiteRunner.java:413)
	at org.testng.SuiteRunner.privateRun(SuiteRunner.java:373)
	at org.testng.SuiteRunner.run(SuiteRunner.java:312)
	at org.testng.SuiteRunnerWorker.runSuite(SuiteRunnerWorker.java:52)
	at org.testng.SuiteRunnerWorker.run(SuiteRunnerWorker.java:95)
	at org.testng.TestNG.runSuitesSequentially(TestNG.java:1274)
	at org.testng.TestNG.runSuitesLocally(TestNG.java:1208)
	at org.testng.TestNG.runSuites(TestNG.java:1112)
	at org.testng.TestNG.run(TestNG.java:1079)
	at org.apache.maven.surefire.testng.TestNGExecutor.run(TestNGExecutor.java:155)
	at org.apache.maven.surefire.testng.TestNGDirectoryTestSuite.executeMulti(TestNGDirectoryTestSuite.java:169)
	at org.apache.maven.surefire.testng.TestNGDirectoryTestSuite.execute(TestNGDirectoryTestSuite.java:88)
	at org.apache.maven.surefire.testng.TestNGProvider.invoke(TestNGProvider.java:137)
	at org.apache.maven.surefire.booter.ForkedBooter.runSuitesInProcess(ForkedBooter.java:385)
	at org.apache.maven.surefire.booter.ForkedBooter.execute(ForkedBooter.java:162)
	at org.apache.maven.surefire.booter.ForkedBooter.run(ForkedBooter.java:507)
	at org.apache.maven.surefire.booter.ForkedBooter.main(ForkedBooter.java:495)
]]></failure>
    <system-out><![CDATA[2025-09-11 17:59:23 [main] INFO  demoqaBase - Closing browser for test: UploadDownloadlink
2025-09-11 17:59:23 [main] INFO  DriverFactory - 🌐 Starting Chrome Web Browser...
2025-09-11 17:59:23 [main] INFO  DriverFactory - ✅ Created temporary Chrome profile at C:\Users\dell\AppData\Local\Temp\chrome-profile-14034904072011873700
2025-09-11 17:59:24 [main] INFO  DriverFactory - 🚀 WebDriver started successfully
2025-09-11 17:59:24 [main] INFO  RetryUrlAccess - Navigating to URL (attempt 1): https://demoqa.com
Instance Variables Declared are: nullnull
2025-09-11 17:59:29 [main] INFO  demoqaBase - Accessing Elements Card...
2025-09-11 17:59:29 [main] INFO  demoqaLog - Clicking on Elements Card...
2025-09-11 17:59:30 [main] INFO  demoqaLog - Clicked on Elements Card...
Title of this Page is: DEMOQA
You are Accessing: Elements
 
Elements: Please select an item from left to start practice.
2025-09-11 17:59:30 [main] INFO  demoqaBase - Elements: Please select an item from left to start practice.
2025-09-11 17:59:30 [main] INFO  demoqaBase - Checking for Elements|Upload and Download|Download Button...
Waiting for the Element to be Clickable: [[ChromeDriver: chrome on windows (f298c2ed39eee2ed27b948e1bbf220ae)] -> xpath: //div[@class='element-list collapse show']//li[@id='item-7']]
2025-09-11 17:59:31 [main] INFO  demoqaBase - Clicked on Elements|Upload and Download...
2025-09-11 17:59:34 [main] INFO  demoqaBase - Clicking on Elements|Upload and Download|Download Button...
Waiting for Element to be clickable: [[ChromeDriver: chrome on windows (f298c2ed39eee2ed27b948e1bbf220ae)] -> xpath: //*[@id='downloadButton']]
2025-09-11 17:59:37 [main] INFO  demoqaBase - Clicked on Elements|Upload and Download|Download Button...
Downloaded file is: C:\Users\dell\Downloads\sampleFile.jpeg
]]></system-out>
  </testcase>
  <testcase name="Uploadbtn" classname="tests.ElementsTests" time="2.316">
    <system-out><![CDATA[Path for Screenshot is: C:\ASN\eclipse_workspace\demoqa-automation/screenshots/Downloadbtn_Failed_20250911_175937+2025-09-11_17-59-37.png
2025-09-11 17:59:38 [main] ERROR demoqaBase - ❌ Test Downloadbtn failed. Screenshot captured.
2025-09-11 17:59:38 [main] INFO  demoqaBase - Closing browser for test: Downloadbtn
2025-09-11 17:59:38 [main] INFO  DriverFactory - 🌐 Starting Chrome Web Browser...
2025-09-11 17:59:38 [main] INFO  DriverFactory - ✅ Created temporary Chrome profile at C:\Users\dell\AppData\Local\Temp\chrome-profile-15934182617636006013
2025-09-11 17:59:39 [main] INFO  DriverFactory - 🚀 WebDriver started successfully
2025-09-11 17:59:39 [main] INFO  RetryUrlAccess - Navigating to URL (attempt 1): https://demoqa.com
Instance Variables Declared are: nullnull
2025-09-11 17:59:44 [main] INFO  demoqaBase - Accessing Elements Card...
2025-09-11 17:59:44 [main] INFO  demoqaLog - Clicking on Elements Card...
2025-09-11 17:59:44 [main] INFO  demoqaLog - Clicked on Elements Card...
Title of this Page is: DEMOQA
You are Accessing: Elements
 
Elements: Please select an item from left to start practice.
2025-09-11 17:59:44 [main] INFO  demoqaBase - Elements: Please select an item from left to start practice.
2025-09-11 17:59:44 [main] INFO  demoqaBase - Checking for Elements|Upload and Download|Download Button...
Waiting for the Element to be Clickable: [[ChromeDriver: chrome on windows (6afbfc37af92e0c3d81ef222e9894969)] -> xpath: //div[@class='element-list collapse show']//li[@id='item-7']]
2025-09-11 17:59:46 [main] INFO  demoqaBase - Clicked on Elements|Upload and Download...
2025-09-11 17:59:46 [main] INFO  demoqaBase - Checking for Elements|Upload and Download|Upload Button...
File being Uploaded is: C:\ASN\eclipse_workspace\demoqa-automation\TestData
Uploading: C:\ASN\eclipse_workspace\demoqa-automation\TestData\Ophoto.jpg
Uploaded photo: [[ChromeDriver: chrome on windows (6afbfc37af92e0c3d81ef222e9894969)] -> id: uploadFile]
2025-09-11 17:59:46 [main] INFO  demoqaBase - Clicked on Elements|Upload and Download|Upload Button...
2025-09-11 17:59:46 [main] INFO  FetchLinkResponse - Fetching link response...
2025-09-11 17:59:46 [main] INFO  FetchLinkResponse - Response fetched: C:\fakepath\Ophoto.jpg
C:\fakepath\Ophoto.jpg
2025-09-11 17:59:46 [main] INFO  demoqaBase - Clicked on Elements|Upload and Download|Upload response is: C:\fakepath\Ophoto.jpg
2025-09-11 17:59:46 [main] INFO  demoqaBase - ✅ Test for Elements|Upload and Download|Upload Button Completed Successfully...
]]></system-out>
  </testcase>
  <testcase name="DynamicPropertiesbtn" classname="tests.ElementsTests" time="0.939">
    <system-out><![CDATA[2025-09-11 17:59:46 [main] INFO  demoqaBase - Closing browser for test: Uploadbtn
2025-09-11 17:59:46 [main] INFO  DriverFactory - 🌐 Starting Chrome Web Browser...
2025-09-11 17:59:46 [main] INFO  DriverFactory - ✅ Created temporary Chrome profile at C:\Users\dell\AppData\Local\Temp\chrome-profile-11226261683884489919
2025-09-11 17:59:48 [main] INFO  DriverFactory - 🚀 WebDriver started successfully
2025-09-11 17:59:48 [main] INFO  RetryUrlAccess - Navigating to URL (attempt 1): https://demoqa.com
Instance Variables Declared are: nullnull
2025-09-11 18:00:03 [main] INFO  demoqaBase - Accessing Elements Card...
2025-09-11 18:00:03 [main] INFO  demoqaLog - Clicking on Elements Card...
2025-09-11 18:00:03 [main] INFO  demoqaLog - Clicked on Elements Card...
Title of this Page is: DEMOQA
You are Accessing: Elements
 
Elements: Please select an item from left to start practice.
2025-09-11 18:00:03 [main] INFO  demoqaBase - Elements: Please select an item from left to start practice.
2025-09-11 18:00:03 [main] INFO  demoqaBase - Checking for Elements|Dynamic Properties Button...
Waiting for the Element to be Clickable: [[ChromeDriver: chrome on windows (9a58189acb1188a92eac0d178550e1c0)] -> xpath: //div[@class='element-list collapse show']//li[@id='item-8']]
2025-09-11 18:00:04 [main] INFO  demoqaBase - Clicked on Elements|Dynamic Properties...
Dynamic Properties Page Tile is: Dynamic Properties
2025-09-11 18:00:04 [main] INFO  demoqaBase - ✅ Test for Elements|Dynamic Properties Button Completed Successfully...
]]></system-out>
  </testcase>
  <testcase name="ColorChangebtn" classname="tests.ElementsTests" time="1.242">
    <system-out><![CDATA[2025-09-11 18:00:04 [main] INFO  demoqaBase - Closing browser for test: DynamicPropertiesbtn
2025-09-11 18:00:04 [main] INFO  DriverFactory - 🌐 Starting Chrome Web Browser...
2025-09-11 18:00:04 [main] INFO  DriverFactory - ✅ Created temporary Chrome profile at C:\Users\dell\AppData\Local\Temp\chrome-profile-4211477230205204461
2025-09-11 18:00:05 [main] INFO  DriverFactory - 🚀 WebDriver started successfully
2025-09-11 18:00:05 [main] INFO  RetryUrlAccess - Navigating to URL (attempt 1): https://demoqa.com
Instance Variables Declared are: nullnull
2025-09-11 18:00:10 [main] INFO  demoqaBase - Accessing Elements Card...
2025-09-11 18:00:10 [main] INFO  demoqaLog - Clicking on Elements Card...
2025-09-11 18:00:10 [main] INFO  demoqaLog - Clicked on Elements Card...
Title of this Page is: DEMOQA
You are Accessing: Elements
 
Elements: Please select an item from left to start practice.
2025-09-11 18:00:10 [main] INFO  demoqaBase - Elements: Please select an item from left to start practice.
2025-09-11 18:00:10 [main] INFO  demoqaBase - Checking for Elements|Dynamic Properties Button...
Waiting for the Element to be Clickable: [[ChromeDriver: chrome on windows (193a41ba3c24d1659f6cef321a985f40)] -> xpath: //div[@class='element-list collapse show']//li[@id='item-8']]
2025-09-11 18:00:11 [main] INFO  demoqaBase - Clicked on Elements|Dynamic Properties...
Dynamic Properties Page Tile is: Dynamic Properties
2025-09-11 18:00:11 [main] INFO  demoqaBase - Checking for Elements|Dynamic Properties|Color Change Button...
Waiting for the Element to be Clickable: [[ChromeDriver: chrome on windows (193a41ba3c24d1659f6cef321a985f40)] -> xpath: //button[@id='colorChange']]
2025-09-11 18:00:11 [main] INFO  demoqaBase - Clicked on Elements|Dynamic Properties|Color Change Button...
Clicked on: Color Change
2025-09-11 18:00:11 [main] INFO  demoqaBase - ✅ Test for Elements|Dynamic Properties|Color Change Button Completed Successfully...
]]></system-out>
  </testcase>
  <testcase name="WillEnablebtn" classname="tests.ElementsTests" time="6.112">
    <system-out><![CDATA[2025-09-11 18:00:11 [main] INFO  demoqaBase - Closing browser for test: ColorChangebtn
2025-09-11 18:00:12 [main] INFO  DriverFactory - 🌐 Starting Chrome Web Browser...
2025-09-11 18:00:12 [main] INFO  DriverFactory - ✅ Created temporary Chrome profile at C:\Users\dell\AppData\Local\Temp\chrome-profile-8557828120958668143
2025-09-11 18:00:13 [main] INFO  DriverFactory - 🚀 WebDriver started successfully
2025-09-11 18:00:13 [main] INFO  RetryUrlAccess - Navigating to URL (attempt 1): https://demoqa.com
Instance Variables Declared are: nullnull
2025-09-11 18:00:40 [main] INFO  demoqaBase - Accessing Elements Card...
2025-09-11 18:00:40 [main] INFO  demoqaLog - Clicking on Elements Card...
2025-09-11 18:00:40 [main] INFO  demoqaLog - Clicked on Elements Card...
Title of this Page is: DEMOQA
You are Accessing: Elements
 
Elements: Please select an item from left to start practice.
2025-09-11 18:00:40 [main] INFO  demoqaBase - Elements: Please select an item from left to start practice.
2025-09-11 18:00:40 [main] INFO  demoqaBase - Checking for Elements|Dynamic Properties Button...
Waiting for the Element to be Clickable: [[ChromeDriver: chrome on windows (520c871bd5685f72f80bc04368025586)] -> xpath: //div[@class='element-list collapse show']//li[@id='item-8']]
2025-09-11 18:00:40 [main] INFO  demoqaBase - Clicked on Elements|Dynamic Properties...
Dynamic Properties Page Tile is: Dynamic Properties
2025-09-11 18:00:41 [main] INFO  demoqaBase - Checking for Elements|Dynamic Properties|Will Enable 5 sec Button...
Waiting for the Element to be Clickable: [[ChromeDriver: chrome on windows (520c871bd5685f72f80bc04368025586)] -> xpath: //button[@id='enableAfter']]
2025-09-11 18:00:46 [main] INFO  demoqaBase - Clicked on Elements|Dynamic Properties|Will Enable 5 sec Button...
Clicked on: Will enable 5 seconds
2025-09-11 18:00:46 [main] INFO  demoqaBase - ✅ Test for Elements|Dynamic Properties|Will enable 5 sec Button Completed Successfully...
]]></system-out>
  </testcase>
  <testcase name="VisibleAfterbtn" classname="tests.ElementsTests" time="6.535">
    <system-out><![CDATA[2025-09-11 18:00:46 [main] INFO  demoqaBase - Closing browser for test: WillEnablebtn
2025-09-11 18:00:46 [main] INFO  DriverFactory - 🌐 Starting Chrome Web Browser...
2025-09-11 18:00:46 [main] INFO  DriverFactory - ✅ Created temporary Chrome profile at C:\Users\dell\AppData\Local\Temp\chrome-profile-7772923711724801046
2025-09-11 18:00:48 [main] INFO  DriverFactory - 🚀 WebDriver started successfully
2025-09-11 18:00:48 [main] INFO  RetryUrlAccess - Navigating to URL (attempt 1): https://demoqa.com
Instance Variables Declared are: nullnull
2025-09-11 18:00:53 [main] INFO  demoqaBase - Accessing Elements Card...
2025-09-11 18:00:53 [main] INFO  demoqaLog - Clicking on Elements Card...
2025-09-11 18:00:53 [main] INFO  demoqaLog - Clicked on Elements Card...
Title of this Page is: DEMOQA
You are Accessing: Elements
 
Elements: Please select an item from left to start practice.
2025-09-11 18:00:53 [main] INFO  demoqaBase - Elements: Please select an item from left to start practice.
2025-09-11 18:00:53 [main] INFO  demoqaBase - Checking for Elements|Dynamic Properties Button...
Waiting for the Element to be Clickable: [[ChromeDriver: chrome on windows (dafdf3ede84b3c041a18d4717ad1c72e)] -> xpath: //div[@class='element-list collapse show']//li[@id='item-8']]
2025-09-11 18:00:54 [main] INFO  demoqaBase - Clicked on Elements|Dynamic Properties...
Dynamic Properties Page Tile is: Dynamic Properties
2025-09-11 18:00:54 [main] INFO  demoqaBase - Checking for Elements|Dynamic Properties|Visble After 5 Seconds Button...
Waiting for the Element to be Clickable: [[ChromeDriver: chrome on windows (dafdf3ede84b3c041a18d4717ad1c72e)] -> xpath: //button[@id='visibleAfter']]
2025-09-11 18:00:59 [main] INFO  demoqaBase - Clicked on Elements|Dynamic Properties|Visble After 5 Seconds Button...
Clicked on: Visible After 5 Seconds
2025-09-11 18:00:59 [main] INFO  demoqaBase - ✅ Test for Elements|Dynamic Properties|Visible After 5 Seconds Button Completed Successfully...
]]></system-out>
  </testcase>
  <testcase name="FormsCard" classname="tests.FormTests" time="1.143">
    <system-out><![CDATA[2025-09-11 18:00:59 [main] INFO  demoqaBase - Closing browser for test: VisibleAfterbtn
2025-09-11 18:01:00 [main] INFO  DriverFactory - 🌐 Starting Chrome Web Browser...
2025-09-11 18:01:00 [main] INFO  DriverFactory - ✅ Created temporary Chrome profile at C:\Users\dell\AppData\Local\Temp\chrome-profile-8543369920717608981
2025-09-11 18:01:01 [main] INFO  DriverFactory - 🚀 WebDriver started successfully
2025-09-11 18:01:01 [main] INFO  RetryUrlAccess - Navigating to URL (attempt 1): https://demoqa.com
2025-09-11 18:01:14 [main] INFO  demoqaBase - 🧪 Starting Form Card Test...
2025-09-11 18:01:14 [main] INFO  demoqaBase - Accessing Form Card...
2025-09-11 18:01:14 [main] INFO  RetryUrlAccess - Navigating to URL (attempt 1): https://demoqa.com
2025-09-11 18:01:15 [main] INFO  demoqaLog - Clicking on Form Card...
2025-09-11 18:01:15 [main] INFO  demoqaLog - Clicked on Forms Card...
Page Text is: Please select an item from left to start practice.
Title of this Page is: DEMOQA
2025-09-11 18:01:15 [main] INFO  demoqaBase - ✅ Form Card Test Completed...
]]></system-out>
  </testcase>
  <testcase name="FormButton" classname="tests.FormTests" time="0.65">
    <system-out><![CDATA[2025-09-11 18:01:15 [main] INFO  demoqaBase - Closing browser for test: FormsCard
2025-09-11 18:01:16 [main] INFO  DriverFactory - 🌐 Starting Chrome Web Browser...
2025-09-11 18:01:16 [main] INFO  DriverFactory - ✅ Created temporary Chrome profile at C:\Users\dell\AppData\Local\Temp\chrome-profile-7107032313219226073
2025-09-11 18:01:18 [main] INFO  DriverFactory - 🚀 WebDriver started successfully
2025-09-11 18:01:18 [main] INFO  RetryUrlAccess - Navigating to URL (attempt 1): https://demoqa.com
2025-09-11 18:01:49 [main] INFO  demoqaBase - 🧪 Starting Form Card Test...
2025-09-11 18:01:49 [main] INFO  demoqaLog - Clicking on Form Card...
2025-09-11 18:01:50 [main] INFO  demoqaLog - Clicked on Forms Card...
2025-09-11 18:01:50 [main] INFO  demoqaBase - Clicking on Practice Form...
2025-09-11 18:01:50 [main] INFO  demoqaBase - Clicked on Practice Form...
Title of this Page is: DEMOQA
2025-09-11 18:01:50 [main] INFO  demoqaBase - ✅ Form Card|Practice Forms Test Completed...
]]></system-out>
  </testcase>
  <testcase name="fillForm[UserFormData{firstName=&apos;Johny&apos;, lastName=&apos;Bravo&apos;, userMail=&apos;Jbravo@demoqa.com&apos;, gender=&apos;Male&apos;, mobile=&apos;9.238343488E9&apos;, dob=&apos;15/08/2000&apos;, subject=&apos;Computer Science&apos;, hobbies=&apos;Sports,Music&apos;, picturePath=&apos;/TestData/Mphoto.jpg&apos;, address=&apos;511 Grant 481, Prattsville\n Arkansas 72129\n United States&apos;, state=&apos;NCR&apos;, city=&apos;Delhi&apos;}](1)" classname="tests.FormTests" time="9.292">
    <system-out><![CDATA[2025-09-11 18:01:50 [main] INFO  demoqaBase - Closing browser for test: FormButton
🧾 Row 1: {Salary=28000.0, Email=Jbravo@demoqa.com, Address=511 Grant 481, Prattsville\n Arkansas 72129\n United States, First Name=Johny, Gender=Male, City=Delhi, Mobile=9.238343488E9, Hobbies=Sports,Music, Subject=Computer Science, Current Address=301 Town 481, Brookville\n kansas 42129\n United States, Department=Information Technology, DOB=15/08/2000, Picture=/TestData/Mphoto.jpg, State=NCR, Last Name=Bravo, Age=34.0}
🔍 Mapping field: firstName | Excel Column: First Name | Value: Johny
🔍 Mapping field: lastName | Excel Column: Last Name | Value: Bravo
🔍 Mapping field: userMail | Excel Column: Email | Value: Jbravo@demoqa.com
🔍 Mapping field: gender | Excel Column: Gender | Value: Male
🔍 Mapping field: mobile | Excel Column: Mobile | Value: 9.238343488E9
🔍 Mapping field: dob | Excel Column: DOB | Value: 15/08/2000
🔍 Mapping field: subject | Excel Column: Subject | Value: Computer Science
🔍 Mapping field: hobbies | Excel Column: Hobbies | Value: Sports,Music
🔍 Mapping field: picturePath | Excel Column: Picture | Value: /TestData/Mphoto.jpg
🔍 Mapping field: address | Excel Column: Address | Value: 511 Grant 481, Prattsville\n Arkansas 72129\n United States
🔍 Mapping field: state | Excel Column: State | Value: NCR
🔍 Mapping field: city | Excel Column: City | Value: Delhi
🧾 Row 2: {Salary=18000.0, Email=GFemina@demoqa.com, Address=512 Grant 481, Prattsville\n Arkansas 72129\n United States, First Name=Gene, Gender=Female, City=Merrut, Mobile=1.888343432E9, Hobbies=Music,Reading, Subject=Accounting, Current Address=302 Town 481, Brookville\n kansas 42129\n United States, Department=Finance, DOB=22/05/2002, Picture=/TestData/Fphoto.png, State=Uttar Pradesh, Last Name=Femina, Age=30.0}
🔍 Mapping field: firstName | Excel Column: First Name | Value: Gene
🔍 Mapping field: lastName | Excel Column: Last Name | Value: Femina
🔍 Mapping field: userMail | Excel Column: Email | Value: GFemina@demoqa.com
🔍 Mapping field: gender | Excel Column: Gender | Value: Female
🔍 Mapping field: mobile | Excel Column: Mobile | Value: 1.888343432E9
🔍 Mapping field: dob | Excel Column: DOB | Value: 22/05/2002
🔍 Mapping field: subject | Excel Column: Subject | Value: Accounting
🔍 Mapping field: hobbies | Excel Column: Hobbies | Value: Music,Reading
🔍 Mapping field: picturePath | Excel Column: Picture | Value: /TestData/Fphoto.png
🔍 Mapping field: address | Excel Column: Address | Value: 512 Grant 481, Prattsville\n Arkansas 72129\n United States
🔍 Mapping field: state | Excel Column: State | Value: Uttar Pradesh
🔍 Mapping field: city | Excel Column: City | Value: Merrut
🧾 Row 3: {Salary=15000.0, Email=BWisem@demoqa.com, Address=513 Grant 481, Prattsville\n Arkansas 72129\n United States, First Name=Bud, Gender=Other, City=Panipat, Mobile=8.932465432E9, Hobbies=Reading, Subject=Biology, Current Address=303 Town 481, Brookville\n kansas 42129\n United States, Department=Medicine, DOB=31/12/1999, Picture=/TestData/Ophoto.jpg, State=Haryana, Last Name=Wisem, Age=40.0}
🔍 Mapping field: firstName | Excel Column: First Name | Value: Bud
🔍 Mapping field: lastName | Excel Column: Last Name | Value: Wisem
🔍 Mapping field: userMail | Excel Column: Email | Value: BWisem@demoqa.com
🔍 Mapping field: gender | Excel Column: Gender | Value: Other
🔍 Mapping field: mobile | Excel Column: Mobile | Value: 8.932465432E9
🔍 Mapping field: dob | Excel Column: DOB | Value: 31/12/1999
🔍 Mapping field: subject | Excel Column: Subject | Value: Biology
🔍 Mapping field: hobbies | Excel Column: Hobbies | Value: Reading
🔍 Mapping field: picturePath | Excel Column: Picture | Value: /TestData/Ophoto.jpg
🔍 Mapping field: address | Excel Column: Address | Value: 513 Grant 481, Prattsville\n Arkansas 72129\n United States
🔍 Mapping field: state | Excel Column: State | Value: Haryana
🔍 Mapping field: city | Excel Column: City | Value: Panipat
🧾 Row 4: {Salary=19000.0, Email=TBoss@demoqa.com, Address=514 Grant 481, Prattsville\n Arkansas 72129\n United States, First Name=Tom, Gender=Male, City=Jaiselmer, Mobile=7.839875281E9, Hobbies=Sports,Reading, Subject=Social Studies, Current Address=304 Town 481, Brookville\n kansas 42129\n United States, Department=Recreation, DOB=1/26/03, Picture=/TestData/M2photo.jpg, State=Rajasthan, Last Name=Boss, Age=42.0}
🔍 Mapping field: firstName | Excel Column: First Name | Value: Tom
🔍 Mapping field: lastName | Excel Column: Last Name | Value: Boss
🔍 Mapping field: userMail | Excel Column: Email | Value: TBoss@demoqa.com
🔍 Mapping field: gender | Excel Column: Gender | Value: Male
🔍 Mapping field: mobile | Excel Column: Mobile | Value: 7.839875281E9
🔍 Mapping field: dob | Excel Column: DOB | Value: 1/26/03
🔍 Mapping field: subject | Excel Column: Subject | Value: Social Studies
🔍 Mapping field: hobbies | Excel Column: Hobbies | Value: Sports,Reading
🔍 Mapping field: picturePath | Excel Column: Picture | Value: /TestData/M2photo.jpg
🔍 Mapping field: address | Excel Column: Address | Value: 514 Grant 481, Prattsville\n Arkansas 72129\n United States
🔍 Mapping field: state | Excel Column: State | Value: Rajasthan
🔍 Mapping field: city | Excel Column: City | Value: Jaiselmer
2025-09-11 18:01:50 [main] INFO  DriverFactory - 🌐 Starting Chrome Web Browser...
2025-09-11 18:01:50 [main] INFO  DriverFactory - ✅ Created temporary Chrome profile at C:\Users\dell\AppData\Local\Temp\chrome-profile-6998482594682077432
2025-09-11 18:01:53 [main] INFO  DriverFactory - 🚀 WebDriver started successfully
2025-09-11 18:01:53 [main] INFO  RetryUrlAccess - Navigating to URL (attempt 1): https://demoqa.com
2025-09-11 18:02:08 [main] INFO  demoqaBase - 🧪 Starting Form Filling Test...
2025-09-11 18:02:08 [main] INFO  RetryUrlAccess - Navigating to URL (attempt 1): https://demoqa.com
2025-09-11 18:02:09 [main] INFO  demoqaBase - Accessing Form Card...
2025-09-11 18:02:09 [main] INFO  RetryUrlAccess - Navigating to URL (attempt 1): https://demoqa.com
2025-09-11 18:02:11 [main] INFO  demoqaLog - Clicking on Form Card...
2025-09-11 18:02:11 [main] INFO  demoqaLog - Clicked on Forms Card...
Page Text is: Please select an item from left to start practice.
2025-09-11 18:02:11 [main] INFO  demoqaBase - Clicking on Practice Form...
2025-09-11 18:02:11 [main] INFO  demoqaBase - Clicked on Practice Form...
2025-09-11 18:02:11 [main] INFO  demoqaBase - Filling form for: Johny Bravo
2025-09-11 18:02:11 [main] INFO  demoqaBase - Entering First Name...
2025-09-11 18:02:11 [main] INFO  demoqaBase - Entered First Name: Johny
Selected gender: Male
2025-09-11 18:02:12 [main] INFO  demoqaBase - 📅 Parsed DOB for Johny Bravo: 2000-08-15
📥 Received DOB: 15-08-2000
📅 Normalized DOB: 15-08-2000
✅ Date selected: 15-08-2000
2025-09-11 18:02:13 [main] INFO  demoqaBase - Typed full subject: Computer Science
Typing subject: Computer Science
Dropdown Option: Computer Science
Selected: Computer Science
Selected hobby: sports
Selected hobby: music
Uploaded photo: C:\ASN\eclipse_workspace\demoqa-automation//TestData/Mphoto.jpg
511 Grant 481, Prattsville
 Arkansas 72129
 United States
2025-09-11 18:02:15 [main] INFO  demoqaBase - Entering Address...
2025-09-11 18:02:15 [main] INFO  demoqaBase - Entered Address...
2025-09-11 18:02:15 [main] INFO  demoqaBase - Selecting State: NCR
Available state option: NCR
2025-09-11 18:02:15 [main] INFO  demoqaBase - Selected State: NCR
2025-09-11 18:02:15 [main] INFO  demoqaBase - Selecting City: Delhi
Available city: Delhi
2025-09-11 18:02:16 [main] INFO  demoqaBase - Selected City: Delhi
2025-09-11 18:02:16 [main] INFO  demoqaBase - Submitting Form...
2025-09-11 18:02:16 [main] INFO  demoqaBase - Form Submitted via normal click...
2025-09-11 18:02:17 [main] INFO  ConfirmationTableParser - 📋 Parsed [First Name] = 'Johny', [Last Name] = 'Bravo'
2025-09-11 18:02:17 [main] INFO  ConfirmationTableParser - 📋 Parsed [Email] = 'Jbravo@demoqa.com'
2025-09-11 18:02:17 [main] INFO  ConfirmationTableParser - 📋 Parsed [Gender] = 'Male'
2025-09-11 18:02:17 [main] INFO  ConfirmationTableParser - 📋 Parsed [Mobile] = '9238343488'
2025-09-11 18:02:17 [main] INFO  ConfirmationTableParser - 📋 Parsed [DOB] = '15 August,2000'
2025-09-11 18:02:17 [main] INFO  ConfirmationTableParser - 📋 Parsed [Subject] = 'Computer Science'
2025-09-11 18:02:17 [main] INFO  ConfirmationTableParser - 📋 Parsed [Hobbies] = 'Sports, Music'
2025-09-11 18:02:17 [main] INFO  ConfirmationTableParser - 📋 Parsed [Picture] = 'Mphoto.jpg'
2025-09-11 18:02:17 [main] INFO  ConfirmationTableParser - 📋 Parsed [Address] = '511 Grant 481, Prattsville Arkansas 72129 United States'
2025-09-11 18:02:17 [main] INFO  ConfirmationTableParser - 📋 Parsed [State] = 'NCR', [City] = 'Delhi'
2025-09-11 18:02:17 [main] INFO  demoqaBase - 🧪 Starting confirmation assertion for user: Johny
2025-09-11 18:02:17 [main] INFO  AssertFormData - 🔍 [Email] Raw expected='Jbravo@demoqa.com', Raw actual='Jbravo@demoqa.com'
2025-09-11 18:02:17 [main] INFO  AssertFormData - 🔧 [Email] Normalized expected='Jbravo@demoqa.com', Normalized actual='Jbravo@demoqa.com'
2025-09-11 18:02:17 [main] INFO  AssertFormData - ✅ [Email] matched: 'Jbravo@demoqa.com'
2025-09-11 18:02:17 [main] INFO  AssertFormData - 🔍 [Address] Raw expected='511 Grant 481, Prattsville\n Arkansas 72129\n United States', Raw actual='511 Grant 481, Prattsville Arkansas 72129 United States'
2025-09-11 18:02:17 [main] INFO  AssertFormData - 🔧 [Address] Normalized expected='511 Grant 481, Prattsville Arkansas 72129 United States', Normalized actual='511 Grant 481, Prattsville Arkansas 72129 United States'
2025-09-11 18:02:17 [main] INFO  AssertFormData - ✅ [Address] matched: '511 Grant 481, Prattsville Arkansas 72129 United States'
2025-09-11 18:02:17 [main] INFO  AssertFormData - 🔍 [DOB] Raw expected='15-08-2000', Raw actual='15 August,2000'
2025-09-11 18:02:17 [main] INFO  AssertFormData - 🔧 [DOB] Normalized expected='15-08-2000', Normalized actual='15-08-2000'
2025-09-11 18:02:17 [main] INFO  AssertFormData - ✅ [DOB] matched: '15-08-2000'
2025-09-11 18:02:17 [main] INFO  AssertFormData - 🔍 [Picture] Raw expected='Mphoto.jpg', Raw actual='Mphoto.jpg'
2025-09-11 18:02:17 [main] INFO  AssertFormData - 🔧 [Picture] Normalized expected='Mphoto.jpg', Normalized actual='Mphoto.jpg'
2025-09-11 18:02:17 [main] INFO  AssertFormData - ✅ [Picture] matched: 'Mphoto.jpg'
2025-09-11 18:02:17 [main] INFO  AssertFormData - 🔍 [State] Raw expected='NCR', Raw actual='NCR'
2025-09-11 18:02:17 [main] INFO  AssertFormData - 🔧 [State] Normalized expected='NCR', Normalized actual='NCR'
2025-09-11 18:02:17 [main] INFO  AssertFormData - ✅ [State] matched: 'NCR'
2025-09-11 18:02:17 [main] INFO  AssertFormData - 🔍 [First Name] Raw expected='Johny', Raw actual='Johny'
2025-09-11 18:02:17 [main] INFO  AssertFormData - 🔧 [First Name] Normalized expected='Johny', Normalized actual='Johny'
2025-09-11 18:02:17 [main] INFO  AssertFormData - ✅ [First Name] matched: 'Johny'
2025-09-11 18:02:17 [main] INFO  AssertFormData - 🔍 [Gender] Raw expected='Male', Raw actual='Male'
2025-09-11 18:02:17 [main] INFO  AssertFormData - 🔧 [Gender] Normalized expected='Male', Normalized actual='Male'
2025-09-11 18:02:17 [main] INFO  AssertFormData - ✅ [Gender] matched: 'Male'
2025-09-11 18:02:17 [main] INFO  AssertFormData - 🔍 [City] Raw expected='Delhi', Raw actual='Delhi'
2025-09-11 18:02:17 [main] INFO  AssertFormData - 🔧 [City] Normalized expected='Delhi', Normalized actual='Delhi'
2025-09-11 18:02:17 [main] INFO  AssertFormData - ✅ [City] matched: 'Delhi'
2025-09-11 18:02:17 [main] INFO  AssertFormData - 🔍 [Last Name] Raw expected='Bravo', Raw actual='Bravo'
2025-09-11 18:02:17 [main] INFO  AssertFormData - 🔧 [Last Name] Normalized expected='Bravo', Normalized actual='Bravo'
2025-09-11 18:02:17 [main] INFO  AssertFormData - ✅ [Last Name] matched: 'Bravo'
2025-09-11 18:02:17 [main] INFO  AssertFormData - 🔍 [Mobile] Raw expected='9238343488', Raw actual='9238343488'
2025-09-11 18:02:17 [main] INFO  AssertFormData - 🔧 [Mobile] Normalized expected='9238343488', Normalized actual='9238343488'
2025-09-11 18:02:17 [main] INFO  AssertFormData - ✅ [Mobile] matched: '9238343488'
2025-09-11 18:02:17 [main] INFO  AssertFormData - 🔍 [Hobbies] Raw expected='Sports,Music', Raw actual='Sports, Music'
2025-09-11 18:02:17 [main] INFO  AssertFormData - 🔧 [Hobbies] Normalized expected='Sports,Music', Normalized actual='Sports,Music'
2025-09-11 18:02:17 [main] INFO  AssertFormData - ✅ [Hobbies] matched: 'Sports,Music'
2025-09-11 18:02:17 [main] INFO  AssertFormData - 🔍 [Subject] Raw expected='Computer Science', Raw actual='Computer Science'
2025-09-11 18:02:17 [main] INFO  AssertFormData - 🔧 [Subject] Normalized expected='Computer Science', Normalized actual='Computer Science'
2025-09-11 18:02:17 [main] INFO  AssertFormData - ✅ [Subject] matched: 'Computer Science'
2025-09-11 18:02:17 [main] INFO  demoqaBase - ✅ Form Filling Completed for: Johny Bravo
]]></system-out>
  </testcase>
  <testcase name="fillForm[UserFormData{firstName=&apos;Gene&apos;, lastName=&apos;Femina&apos;, userMail=&apos;GFemina@demoqa.com&apos;, gender=&apos;Female&apos;, mobile=&apos;1.888343432E9&apos;, dob=&apos;22/05/2002&apos;, subject=&apos;Accounting&apos;, hobbies=&apos;Music,Reading&apos;, picturePath=&apos;/TestData/Fphoto.png&apos;, address=&apos;512 Grant 481, Prattsville\n Arkansas 72129\n United States&apos;, state=&apos;Uttar Pradesh&apos;, city=&apos;Merrut&apos;}](2)" classname="tests.FormTests" time="8.569">
    <system-out><![CDATA[Path for Screenshot is: C:\ASN\eclipse_workspace\demoqa-automation/screenshots/fillForm_Passed_20250911_180217+2025-09-11_18-02-17.png
2025-09-11 18:02:17 [main] INFO  demoqaBase - ✅ Test fillForm passed. Screenshot captured.
2025-09-11 18:02:17 [main] INFO  demoqaBase - Closing browser for test: fillForm
2025-09-11 18:02:17 [main] INFO  DriverFactory - 🌐 Starting Chrome Web Browser...
2025-09-11 18:02:17 [main] INFO  DriverFactory - ✅ Created temporary Chrome profile at C:\Users\dell\AppData\Local\Temp\chrome-profile-3300620380808254149
2025-09-11 18:02:19 [main] INFO  DriverFactory - 🚀 WebDriver started successfully
2025-09-11 18:02:19 [main] INFO  RetryUrlAccess - Navigating to URL (attempt 1): https://demoqa.com
2025-09-11 18:02:24 [main] INFO  demoqaBase - 🧪 Starting Form Filling Test...
2025-09-11 18:02:24 [main] INFO  RetryUrlAccess - Navigating to URL (attempt 1): https://demoqa.com
2025-09-11 18:02:24 [main] INFO  demoqaBase - Accessing Form Card...
2025-09-11 18:02:24 [main] INFO  RetryUrlAccess - Navigating to URL (attempt 1): https://demoqa.com
2025-09-11 18:02:25 [main] INFO  demoqaLog - Clicking on Form Card...
2025-09-11 18:02:25 [main] INFO  demoqaLog - Clicked on Forms Card...
Page Text is: Please select an item from left to start practice.
2025-09-11 18:02:25 [main] INFO  demoqaBase - Clicking on Practice Form...
2025-09-11 18:02:26 [main] INFO  demoqaBase - Clicked on Practice Form...
2025-09-11 18:02:26 [main] INFO  demoqaBase - Filling form for: Gene Femina
2025-09-11 18:02:26 [main] INFO  demoqaBase - Entering First Name...
2025-09-11 18:02:26 [main] INFO  demoqaBase - Entered First Name: Gene
Selected gender: Female
2025-09-11 18:02:27 [main] INFO  demoqaBase - 📅 Parsed DOB for Gene Femina: 2002-05-22
📥 Received DOB: 22-05-2002
📅 Normalized DOB: 22-05-2002
✅ Date selected: 22-05-2002
2025-09-11 18:02:27 [main] INFO  demoqaBase - Typed full subject: Accounting
Typing subject: Accounting
Dropdown Option: Accounting
Selected: Accounting
Selected hobby: music
Selected hobby: reading
Uploaded photo: C:\ASN\eclipse_workspace\demoqa-automation//TestData/Fphoto.png
512 Grant 481, Prattsville
 Arkansas 72129
 United States
2025-09-11 18:02:29 [main] INFO  demoqaBase - Entering Address...
2025-09-11 18:02:30 [main] INFO  demoqaBase - Entered Address...
2025-09-11 18:02:30 [main] INFO  demoqaBase - Selecting State: Uttar Pradesh
Available state option: NCR
Available state option: Uttar Pradesh
2025-09-11 18:02:30 [main] INFO  demoqaBase - Selected State: Uttar Pradesh
2025-09-11 18:02:30 [main] INFO  demoqaBase - Selecting City: Merrut
Available city: Agra
Available city: Lucknow
Available city: Merrut
2025-09-11 18:02:30 [main] INFO  demoqaBase - Selected City: Merrut
2025-09-11 18:02:30 [main] INFO  demoqaBase - Submitting Form...
2025-09-11 18:02:31 [main] INFO  demoqaBase - Form Submitted via normal click...
2025-09-11 18:02:32 [main] INFO  ConfirmationTableParser - 📋 Parsed [First Name] = 'Gene', [Last Name] = 'Femina'
2025-09-11 18:02:32 [main] INFO  ConfirmationTableParser - 📋 Parsed [Email] = 'GFemina@demoqa.com'
2025-09-11 18:02:32 [main] INFO  ConfirmationTableParser - 📋 Parsed [Gender] = 'Female'
2025-09-11 18:02:32 [main] INFO  ConfirmationTableParser - 📋 Parsed [Mobile] = '1888343432'
2025-09-11 18:02:32 [main] INFO  ConfirmationTableParser - 📋 Parsed [DOB] = '22 May,2002'
2025-09-11 18:02:32 [main] INFO  ConfirmationTableParser - 📋 Parsed [Subject] = 'Accounting'
2025-09-11 18:02:32 [main] INFO  ConfirmationTableParser - 📋 Parsed [Hobbies] = 'Music, Reading'
2025-09-11 18:02:32 [main] INFO  ConfirmationTableParser - 📋 Parsed [Picture] = 'Fphoto.png'
2025-09-11 18:02:32 [main] INFO  ConfirmationTableParser - 📋 Parsed [Address] = '512 Grant 481, Prattsville Arkansas 72129 United States'
2025-09-11 18:02:32 [main] INFO  ConfirmationTableParser - 📋 Parsed [State] = 'Uttar Pradesh', [City] = 'Merrut'
2025-09-11 18:02:32 [main] INFO  demoqaBase - 🧪 Starting confirmation assertion for user: Gene
2025-09-11 18:02:32 [main] INFO  AssertFormData - 🔍 [Email] Raw expected='GFemina@demoqa.com', Raw actual='GFemina@demoqa.com'
2025-09-11 18:02:32 [main] INFO  AssertFormData - 🔧 [Email] Normalized expected='GFemina@demoqa.com', Normalized actual='GFemina@demoqa.com'
2025-09-11 18:02:32 [main] INFO  AssertFormData - ✅ [Email] matched: 'GFemina@demoqa.com'
2025-09-11 18:02:32 [main] INFO  AssertFormData - 🔍 [Address] Raw expected='512 Grant 481, Prattsville\n Arkansas 72129\n United States', Raw actual='512 Grant 481, Prattsville Arkansas 72129 United States'
2025-09-11 18:02:32 [main] INFO  AssertFormData - 🔧 [Address] Normalized expected='512 Grant 481, Prattsville Arkansas 72129 United States', Normalized actual='512 Grant 481, Prattsville Arkansas 72129 United States'
2025-09-11 18:02:32 [main] INFO  AssertFormData - ✅ [Address] matched: '512 Grant 481, Prattsville Arkansas 72129 United States'
2025-09-11 18:02:32 [main] INFO  AssertFormData - 🔍 [DOB] Raw expected='22-05-2002', Raw actual='22 May,2002'
2025-09-11 18:02:32 [main] INFO  AssertFormData - 🔧 [DOB] Normalized expected='22-05-2002', Normalized actual='22-05-2002'
2025-09-11 18:02:32 [main] INFO  AssertFormData - ✅ [DOB] matched: '22-05-2002'
2025-09-11 18:02:32 [main] INFO  AssertFormData - 🔍 [Picture] Raw expected='Fphoto.png', Raw actual='Fphoto.png'
2025-09-11 18:02:32 [main] INFO  AssertFormData - 🔧 [Picture] Normalized expected='Fphoto.png', Normalized actual='Fphoto.png'
2025-09-11 18:02:32 [main] INFO  AssertFormData - ✅ [Picture] matched: 'Fphoto.png'
2025-09-11 18:02:32 [main] INFO  AssertFormData - 🔍 [State] Raw expected='Uttar Pradesh', Raw actual='Uttar Pradesh'
2025-09-11 18:02:32 [main] INFO  AssertFormData - 🔧 [State] Normalized expected='Uttar Pradesh', Normalized actual='Uttar Pradesh'
2025-09-11 18:02:32 [main] INFO  AssertFormData - ✅ [State] matched: 'Uttar Pradesh'
2025-09-11 18:02:32 [main] INFO  AssertFormData - 🔍 [First Name] Raw expected='Gene', Raw actual='Gene'
2025-09-11 18:02:32 [main] INFO  AssertFormData - 🔧 [First Name] Normalized expected='Gene', Normalized actual='Gene'
2025-09-11 18:02:32 [main] INFO  AssertFormData - ✅ [First Name] matched: 'Gene'
2025-09-11 18:02:32 [main] INFO  AssertFormData - 🔍 [Gender] Raw expected='Female', Raw actual='Female'
2025-09-11 18:02:32 [main] INFO  AssertFormData - 🔧 [Gender] Normalized expected='Female', Normalized actual='Female'
2025-09-11 18:02:32 [main] INFO  AssertFormData - ✅ [Gender] matched: 'Female'
2025-09-11 18:02:32 [main] INFO  AssertFormData - 🔍 [City] Raw expected='Merrut', Raw actual='Merrut'
2025-09-11 18:02:32 [main] INFO  AssertFormData - 🔧 [City] Normalized expected='Merrut', Normalized actual='Merrut'
2025-09-11 18:02:32 [main] INFO  AssertFormData - ✅ [City] matched: 'Merrut'
2025-09-11 18:02:32 [main] INFO  AssertFormData - 🔍 [Last Name] Raw expected='Femina', Raw actual='Femina'
2025-09-11 18:02:32 [main] INFO  AssertFormData - 🔧 [Last Name] Normalized expected='Femina', Normalized actual='Femina'
2025-09-11 18:02:32 [main] INFO  AssertFormData - ✅ [Last Name] matched: 'Femina'
2025-09-11 18:02:32 [main] INFO  AssertFormData - 🔍 [Mobile] Raw expected='1888343432', Raw actual='1888343432'
2025-09-11 18:02:32 [main] INFO  AssertFormData - 🔧 [Mobile] Normalized expected='1888343432', Normalized actual='1888343432'
2025-09-11 18:02:32 [main] INFO  AssertFormData - ✅ [Mobile] matched: '1888343432'
2025-09-11 18:02:32 [main] INFO  AssertFormData - 🔍 [Hobbies] Raw expected='Music,Reading', Raw actual='Music, Reading'
2025-09-11 18:02:32 [main] INFO  AssertFormData - 🔧 [Hobbies] Normalized expected='Music,Reading', Normalized actual='Music,Reading'
2025-09-11 18:02:32 [main] INFO  AssertFormData - ✅ [Hobbies] matched: 'Music,Reading'
2025-09-11 18:02:32 [main] INFO  AssertFormData - 🔍 [Subject] Raw expected='Accounting', Raw actual='Accounting'
2025-09-11 18:02:32 [main] INFO  AssertFormData - 🔧 [Subject] Normalized expected='Accounting', Normalized actual='Accounting'
2025-09-11 18:02:32 [main] INFO  AssertFormData - ✅ [Subject] matched: 'Accounting'
2025-09-11 18:02:32 [main] INFO  demoqaBase - ✅ Form Filling Completed for: Gene Femina
]]></system-out>
  </testcase>
  <testcase name="fillForm[UserFormData{firstName=&apos;Bud&apos;, lastName=&apos;Wisem&apos;, userMail=&apos;BWisem@demoqa.com&apos;, gender=&apos;Other&apos;, mobile=&apos;8.932465432E9&apos;, dob=&apos;31/12/1999&apos;, subject=&apos;Biology&apos;, hobbies=&apos;Reading&apos;, picturePath=&apos;/TestData/Ophoto.jpg&apos;, address=&apos;513 Grant 481, Prattsville\n Arkansas 72129\n United States&apos;, state=&apos;Haryana&apos;, city=&apos;Panipat&apos;}](3)" classname="tests.FormTests" time="8.268">
    <failure message="Mismatch for field: DOB expected [31-12-1999] but found [11-09-2025]" type="java.lang.AssertionError"><![CDATA[java.lang.AssertionError: Mismatch for field: DOB expected [31-12-1999] but found [11-09-2025]
	at org.testng.Assert.fail(Assert.java:111)
	at org.testng.Assert.failNotEquals(Assert.java:1590)
	at org.testng.Assert.assertEqualsImpl(Assert.java:150)
	at org.testng.Assert.assertEquals(Assert.java:132)
	at org.testng.Assert.assertEquals(Assert.java:656)
	at utils.AssertFormData.assertFieldMatch(AssertFormData.java:73)
	at utils.AssertFormData.lambda$assertConfirmation$0(AssertFormData.java:28)
	at java.base/java.util.HashMap.forEach(HashMap.java:1429)
	at utils.AssertFormData.assertConfirmation(AssertFormData.java:24)
	at utils.AssertFormData.assertConfirmation(AssertFormData.java:40)
	at tests.FormTests.fillForm(FormTests.java:117)
	at java.base/jdk.internal.reflect.DirectMethodHandleAccessor.invoke(DirectMethodHandleAccessor.java:103)
	at java.base/java.lang.reflect.Method.invoke(Method.java:580)
	at org.testng.internal.invokers.MethodInvocationHelper.invokeMethod(MethodInvocationHelper.java:141)
	at org.testng.internal.invokers.TestInvoker.invokeMethod(TestInvoker.java:687)
	at org.testng.internal.invokers.TestInvoker.invokeTestMethod(TestInvoker.java:230)
	at org.testng.internal.invokers.MethodRunner.runInSequence(MethodRunner.java:63)
	at org.testng.internal.invokers.TestInvoker$MethodInvocationAgent.invoke(TestInvoker.java:995)
	at org.testng.internal.invokers.TestInvoker.invokeTestMethods(TestInvoker.java:203)
	at org.testng.internal.invokers.TestMethodWorker.invokeTestMethods(TestMethodWorker.java:154)
	at org.testng.internal.invokers.TestMethodWorker.run(TestMethodWorker.java:134)
	at java.base/java.util.ArrayList.forEach(ArrayList.java:1596)
	at org.testng.TestRunner.privateRun(TestRunner.java:741)
	at org.testng.TestRunner.run(TestRunner.java:616)
	at org.testng.SuiteRunner.runTest(SuiteRunner.java:421)
	at org.testng.SuiteRunner.runSequentially(SuiteRunner.java:413)
	at org.testng.SuiteRunner.privateRun(SuiteRunner.java:373)
	at org.testng.SuiteRunner.run(SuiteRunner.java:312)
	at org.testng.SuiteRunnerWorker.runSuite(SuiteRunnerWorker.java:52)
	at org.testng.SuiteRunnerWorker.run(SuiteRunnerWorker.java:95)
	at org.testng.TestNG.runSuitesSequentially(TestNG.java:1274)
	at org.testng.TestNG.runSuitesLocally(TestNG.java:1208)
	at org.testng.TestNG.runSuites(TestNG.java:1112)
	at org.testng.TestNG.run(TestNG.java:1079)
	at org.apache.maven.surefire.testng.TestNGExecutor.run(TestNGExecutor.java:155)
	at org.apache.maven.surefire.testng.TestNGDirectoryTestSuite.executeMulti(TestNGDirectoryTestSuite.java:169)
	at org.apache.maven.surefire.testng.TestNGDirectoryTestSuite.execute(TestNGDirectoryTestSuite.java:88)
	at org.apache.maven.surefire.testng.TestNGProvider.invoke(TestNGProvider.java:137)
	at org.apache.maven.surefire.booter.ForkedBooter.runSuitesInProcess(ForkedBooter.java:385)
	at org.apache.maven.surefire.booter.ForkedBooter.execute(ForkedBooter.java:162)
	at org.apache.maven.surefire.booter.ForkedBooter.run(ForkedBooter.java:507)
	at org.apache.maven.surefire.booter.ForkedBooter.main(ForkedBooter.java:495)
]]></failure>
    <system-out><![CDATA[Path for Screenshot is: C:\ASN\eclipse_workspace\demoqa-automation/screenshots/fillForm_Passed_20250911_180232+2025-09-11_18-02-32.png
2025-09-11 18:02:33 [main] INFO  demoqaBase - ✅ Test fillForm passed. Screenshot captured.
2025-09-11 18:02:33 [main] INFO  demoqaBase - Closing browser for test: fillForm
2025-09-11 18:02:33 [main] INFO  DriverFactory - 🌐 Starting Chrome Web Browser...
2025-09-11 18:02:33 [main] INFO  DriverFactory - ✅ Created temporary Chrome profile at C:\Users\dell\AppData\Local\Temp\chrome-profile-11197683819887169293
2025-09-11 18:02:34 [main] INFO  DriverFactory - 🚀 WebDriver started successfully
2025-09-11 18:02:34 [main] INFO  RetryUrlAccess - Navigating to URL (attempt 1): https://demoqa.com
2025-09-11 18:03:00 [main] INFO  demoqaBase - 🧪 Starting Form Filling Test...
2025-09-11 18:03:00 [main] INFO  RetryUrlAccess - Navigating to URL (attempt 1): https://demoqa.com
2025-09-11 18:03:01 [main] INFO  demoqaBase - Accessing Form Card...
2025-09-11 18:03:01 [main] INFO  RetryUrlAccess - Navigating to URL (attempt 1): https://demoqa.com
2025-09-11 18:03:02 [main] INFO  demoqaLog - Clicking on Form Card...
2025-09-11 18:03:02 [main] INFO  demoqaLog - Clicked on Forms Card...
Page Text is: Please select an item from left to start practice.
2025-09-11 18:03:02 [main] INFO  demoqaBase - Clicking on Practice Form...
2025-09-11 18:03:03 [main] INFO  demoqaBase - Clicked on Practice Form...
2025-09-11 18:03:03 [main] INFO  demoqaBase - Filling form for: Bud Wisem
2025-09-11 18:03:03 [main] INFO  demoqaBase - Entering First Name...
2025-09-11 18:03:03 [main] INFO  demoqaBase - Entered First Name: Bud
Selected gender: Other
2025-09-11 18:03:03 [main] INFO  demoqaBase - 📅 Parsed DOB for Bud Wisem: 1999-12-31
📥 Received DOB: 31-12-1999
📅 Normalized DOB: 31-12-1999
❌ Failed to select date: 31-12-1999
2025-09-11 18:03:05 [main] INFO  demoqaBase - Typed full subject: Biology
Typing subject: Biology
Dropdown Option: Biology
Selected: Biology
Selected hobby: reading
Uploaded photo: C:\ASN\eclipse_workspace\demoqa-automation//TestData/Ophoto.jpg
513 Grant 481, Prattsville
 Arkansas 72129
 United States
2025-09-11 18:03:06 [main] INFO  demoqaBase - Entering Address...
2025-09-11 18:03:06 [main] INFO  demoqaBase - Entered Address...
2025-09-11 18:03:06 [main] INFO  demoqaBase - Selecting State: Haryana
Available state option: NCR
Available state option: Uttar Pradesh
Available state option: Haryana
2025-09-11 18:03:07 [main] INFO  demoqaBase - Selected State: Haryana
2025-09-11 18:03:07 [main] INFO  demoqaBase - Selecting City: Panipat
Available city: Karnal
Available city: Panipat
2025-09-11 18:03:07 [main] INFO  demoqaBase - Selected City: Panipat
2025-09-11 18:03:07 [main] INFO  demoqaBase - Submitting Form...
2025-09-11 18:03:08 [main] INFO  demoqaBase - Form Submitted via normal click...
2025-09-11 18:03:08 [main] INFO  ConfirmationTableParser - 📋 Parsed [First Name] = 'Bud', [Last Name] = 'Wisem'
2025-09-11 18:03:08 [main] INFO  ConfirmationTableParser - 📋 Parsed [Email] = 'BWisem@demoqa.com'
2025-09-11 18:03:08 [main] INFO  ConfirmationTableParser - 📋 Parsed [Gender] = 'Other'
2025-09-11 18:03:08 [main] INFO  ConfirmationTableParser - 📋 Parsed [Mobile] = '8932465432'
2025-09-11 18:03:08 [main] INFO  ConfirmationTableParser - 📋 Parsed [DOB] = '11 September,2025'
2025-09-11 18:03:08 [main] INFO  ConfirmationTableParser - 📋 Parsed [Subject] = 'Biology'
2025-09-11 18:03:08 [main] INFO  ConfirmationTableParser - 📋 Parsed [Hobbies] = 'Reading'
2025-09-11 18:03:08 [main] INFO  ConfirmationTableParser - 📋 Parsed [Picture] = 'Ophoto.jpg'
2025-09-11 18:03:08 [main] INFO  ConfirmationTableParser - 📋 Parsed [Address] = '513 Grant 481, Prattsville Arkansas 72129 United States'
2025-09-11 18:03:08 [main] INFO  ConfirmationTableParser - 📋 Parsed [State] = 'Haryana', [City] = 'Panipat'
2025-09-11 18:03:08 [main] INFO  demoqaBase - 🧪 Starting confirmation assertion for user: Bud
2025-09-11 18:03:08 [main] INFO  AssertFormData - 🔍 [Email] Raw expected='BWisem@demoqa.com', Raw actual='BWisem@demoqa.com'
2025-09-11 18:03:08 [main] INFO  AssertFormData - 🔧 [Email] Normalized expected='BWisem@demoqa.com', Normalized actual='BWisem@demoqa.com'
2025-09-11 18:03:08 [main] INFO  AssertFormData - ✅ [Email] matched: 'BWisem@demoqa.com'
2025-09-11 18:03:08 [main] INFO  AssertFormData - 🔍 [Address] Raw expected='513 Grant 481, Prattsville\n Arkansas 72129\n United States', Raw actual='513 Grant 481, Prattsville Arkansas 72129 United States'
2025-09-11 18:03:08 [main] INFO  AssertFormData - 🔧 [Address] Normalized expected='513 Grant 481, Prattsville Arkansas 72129 United States', Normalized actual='513 Grant 481, Prattsville Arkansas 72129 United States'
2025-09-11 18:03:08 [main] INFO  AssertFormData - ✅ [Address] matched: '513 Grant 481, Prattsville Arkansas 72129 United States'
2025-09-11 18:03:08 [main] INFO  AssertFormData - 🔍 [DOB] Raw expected='31-12-1999', Raw actual='11 September,2025'
2025-09-11 18:03:08 [main] INFO  AssertFormData - 🔧 [DOB] Normalized expected='31-12-1999', Normalized actual='11-09-2025'
2025-09-11 18:03:08 [main] ERROR AssertFormData - ❌ [DOB] mismatch: expected='31-12-1999', actual='11-09-2025'
]]></system-out>
    <system-err><![CDATA[org.openqa.selenium.ElementClickInterceptedException: element click intercepted: Element <input type="text" id="dateOfBirthInput" class="form-control" value="11 Sep 2025"> is not clickable at point (692, 699). Other element would receive the click: <iframe frameborder="0" src="https://03111d2d82ec3f187118438555438e8c.safeframe.googlesyndication.com/safeframe/1-0-45/html/container.html" id="google_ads_iframe_/21849154601,22343295815/Ad.Plus-Anchor_0" title="3rd party ad content" name="" scrolling="no" marginwidth="0" marginheight="0" width="728" height="90" data-is-safeframe="true" sandbox="allow-forms allow-popups allow-popups-to-escape-sandbox allow-same-origin allow-scripts allow-top-navigation-by-user-activation" allow="private-state-token-redemption;attribution-reporting" aria-label="Advertisement" tabindex="0" data-google-container-id="1" style="border: 0px; vertical-align: bottom;" data-load-complete="true"></iframe>
  (Session info: chrome=137.0.7151.120)
Build info: version: '4.35.0', revision: '1c58e5028b'
System info: os.name: 'Windows 11', os.arch: 'amd64', os.version: '10.0', java.version: '21.0.7'
Driver info: org.openqa.selenium.chrome.ChromeDriver
Command: [5a81de299951ffb709f8106599944974, clickElement {id=f.261CBC117C9F17DB268441212BBDFA79.d.8CA56915C3E24EAB46C27423EC9C6CBF.e.74}]
Capabilities {acceptInsecureCerts: false, browserName: chrome, browserVersion: 137.0.7151.120, chrome: {chromedriverVersion: 137.0.7151.119 (e0ac9d12dff..., userDataDir: C:\Users\dell\AppData\Local...}, fedcm:accounts: true, goog:chromeOptions: {debuggerAddress: localhost:64444}, networkConnectionEnabled: false, pageLoadStrategy: normal, platformName: windows, proxy: Proxy(), se:cdp: ws://localhost:64444/devtoo..., se:cdpVersion: 137.0.7151.120, setWindowRect: true, strictFileInteractability: false, timeouts: {implicit: 0, pageLoad: 300000, script: 30000}, unhandledPromptBehavior: dismiss and notify, webauthn:extension:credBlob: true, webauthn:extension:largeBlob: true, webauthn:extension:minPinLength: true, webauthn:extension:prf: true, webauthn:virtualAuthenticators: true}
Element: [[ChromeDriver: chrome on windows (5a81de299951ffb709f8106599944974)] -> id: dateOfBirthInput]
Session ID: 5a81de299951ffb709f8106599944974
	at java.base/jdk.internal.reflect.DirectConstructorHandleAccessor.newInstance(DirectConstructorHandleAccessor.java:62)
	at java.base/java.lang.reflect.Constructor.newInstanceWithCaller(Constructor.java:502)
	at java.base/java.lang.reflect.Constructor.newInstance(Constructor.java:486)
	at org.openqa.selenium.remote.ErrorCodec.decode(ErrorCodec.java:167)
	at org.openqa.selenium.remote.codec.w3c.W3CHttpResponseCodec.decode(W3CHttpResponseCodec.java:138)
	at org.openqa.selenium.remote.codec.w3c.W3CHttpResponseCodec.decode(W3CHttpResponseCodec.java:50)
	at org.openqa.selenium.remote.HttpCommandExecutor.execute(HttpCommandExecutor.java:215)
	at org.openqa.selenium.remote.service.DriverCommandExecutor.invokeExecute(DriverCommandExecutor.java:216)
	at org.openqa.selenium.remote.service.DriverCommandExecutor.execute(DriverCommandExecutor.java:174)
	at org.openqa.selenium.remote.RemoteWebDriver.execute(RemoteWebDriver.java:557)
	at org.openqa.selenium.remote.RemoteWebElement.execute(RemoteWebElement.java:223)
	at org.openqa.selenium.remote.RemoteWebElement.click(RemoteWebElement.java:76)
	at utils.DatePickerUtils.selectDate(DatePickerUtils.java:22)
	at pages.formsPage.fillDob(formsPage.java:184)
	at pages.formsPage.fillDob(formsPage.java:203)
	at tests.FormTests.fillForm(FormTests.java:99)
	at java.base/jdk.internal.reflect.DirectMethodHandleAccessor.invoke(DirectMethodHandleAccessor.java:103)
	at java.base/java.lang.reflect.Method.invoke(Method.java:580)
	at org.testng.internal.invokers.MethodInvocationHelper.invokeMethod(MethodInvocationHelper.java:141)
	at org.testng.internal.invokers.TestInvoker.invokeMethod(TestInvoker.java:687)
	at org.testng.internal.invokers.TestInvoker.invokeTestMethod(TestInvoker.java:230)
	at org.testng.internal.invokers.MethodRunner.runInSequence(MethodRunner.java:63)
	at org.testng.internal.invokers.TestInvoker$MethodInvocationAgent.invoke(TestInvoker.java:995)
	at org.testng.internal.invokers.TestInvoker.invokeTestMethods(TestInvoker.java:203)
	at org.testng.internal.invokers.TestMethodWorker.invokeTestMethods(TestMethodWorker.java:154)
	at org.testng.internal.invokers.TestMethodWorker.run(TestMethodWorker.java:134)
	at java.base/java.util.ArrayList.forEach(ArrayList.java:1596)
	at org.testng.TestRunner.privateRun(TestRunner.java:741)
	at org.testng.TestRunner.run(TestRunner.java:616)
	at org.testng.SuiteRunner.runTest(SuiteRunner.java:421)
	at org.testng.SuiteRunner.runSequentially(SuiteRunner.java:413)
	at org.testng.SuiteRunner.privateRun(SuiteRunner.java:373)
	at org.testng.SuiteRunner.run(SuiteRunner.java:312)
	at org.testng.SuiteRunnerWorker.runSuite(SuiteRunnerWorker.java:52)
	at org.testng.SuiteRunnerWorker.run(SuiteRunnerWorker.java:95)
	at org.testng.TestNG.runSuitesSequentially(TestNG.java:1274)
	at org.testng.TestNG.runSuitesLocally(TestNG.java:1208)
	at org.testng.TestNG.runSuites(TestNG.java:1112)
	at org.testng.TestNG.run(TestNG.java:1079)
	at org.apache.maven.surefire.testng.TestNGExecutor.run(TestNGExecutor.java:155)
	at org.apache.maven.surefire.testng.TestNGDirectoryTestSuite.executeMulti(TestNGDirectoryTestSuite.java:169)
	at org.apache.maven.surefire.testng.TestNGDirectoryTestSuite.execute(TestNGDirectoryTestSuite.java:88)
	at org.apache.maven.surefire.testng.TestNGProvider.invoke(TestNGProvider.java:137)
	at org.apache.maven.surefire.booter.ForkedBooter.runSuitesInProcess(ForkedBooter.java:385)
	at org.apache.maven.surefire.booter.ForkedBooter.execute(ForkedBooter.java:162)
	at org.apache.maven.surefire.booter.ForkedBooter.run(ForkedBooter.java:507)
	at org.apache.maven.surefire.booter.ForkedBooter.main(ForkedBooter.java:495)
]]></system-err>
  </testcase>
  <testcase name="fillForm[UserFormData{firstName=&apos;Tom&apos;, lastName=&apos;Boss&apos;, userMail=&apos;TBoss@demoqa.com&apos;, gender=&apos;Male&apos;, mobile=&apos;7.839875281E9&apos;, dob=&apos;1/26/03&apos;, subject=&apos;Social Studies&apos;, hobbies=&apos;Sports,Reading&apos;, picturePath=&apos;/TestData/M2photo.jpg&apos;, address=&apos;514 Grant 481, Prattsville\n Arkansas 72129\n United States&apos;, state=&apos;Rajasthan&apos;, city=&apos;Jaiselmer&apos;}](4)" classname="tests.FormTests" time="8.238">
    <system-out><![CDATA[Path for Screenshot is: C:\ASN\eclipse_workspace\demoqa-automation/screenshots/fillForm_Failed_20250911_180308+2025-09-11_18-03-08.png
2025-09-11 18:03:08 [main] ERROR demoqaBase - ❌ Test fillForm failed. Screenshot captured.
2025-09-11 18:03:08 [main] INFO  demoqaBase - Closing browser for test: fillForm
2025-09-11 18:03:09 [main] INFO  DriverFactory - 🌐 Starting Chrome Web Browser...
2025-09-11 18:03:09 [main] INFO  DriverFactory - ✅ Created temporary Chrome profile at C:\Users\dell\AppData\Local\Temp\chrome-profile-6954537145584206124
2025-09-11 18:03:12 [main] INFO  DriverFactory - 🚀 WebDriver started successfully
2025-09-11 18:03:12 [main] INFO  RetryUrlAccess - Navigating to URL (attempt 1): https://demoqa.com
2025-09-11 18:03:40 [main] INFO  demoqaBase - 🧪 Starting Form Filling Test...
2025-09-11 18:03:40 [main] INFO  RetryUrlAccess - Navigating to URL (attempt 1): https://demoqa.com
2025-09-11 18:03:42 [main] INFO  demoqaBase - Accessing Form Card...
2025-09-11 18:03:42 [main] INFO  RetryUrlAccess - Navigating to URL (attempt 1): https://demoqa.com
2025-09-11 18:03:42 [main] INFO  demoqaLog - Clicking on Form Card...
2025-09-11 18:03:43 [main] INFO  demoqaLog - Clicked on Forms Card...
Page Text is: Please select an item from left to start practice.
2025-09-11 18:03:43 [main] INFO  demoqaBase - Clicking on Practice Form...
2025-09-11 18:03:43 [main] INFO  demoqaBase - Clicked on Practice Form...
2025-09-11 18:03:43 [main] INFO  demoqaBase - Filling form for: Tom Boss
2025-09-11 18:03:43 [main] INFO  demoqaBase - Entering First Name...
2025-09-11 18:03:43 [main] INFO  demoqaBase - Entered First Name: Tom
Selected gender: Male
2025-09-11 18:03:44 [main] INFO  demoqaBase - 📅 Parsed DOB for Tom Boss: 2003-01-26
📥 Received DOB: 26-01-2003
📅 Normalized DOB: 26-01-2003
✅ Date selected: 26-01-2003
2025-09-11 18:03:45 [main] INFO  demoqaBase - Typed full subject: Social Studies
Typing subject: Social Studies
Dropdown Option: Social Studies
Selected: Social Studies
Selected hobby: sports
Selected hobby: reading
Uploaded photo: C:\ASN\eclipse_workspace\demoqa-automation//TestData/M2photo.jpg
514 Grant 481, Prattsville
 Arkansas 72129
 United States
2025-09-11 18:03:46 [main] INFO  demoqaBase - Entering Address...
2025-09-11 18:03:47 [main] INFO  demoqaBase - Entered Address...
2025-09-11 18:03:47 [main] INFO  demoqaBase - Selecting State: Rajasthan
Available state option: NCR
Available state option: Uttar Pradesh
Available state option: Haryana
Available state option: Rajasthan
2025-09-11 18:03:47 [main] INFO  demoqaBase - Selected State: Rajasthan
2025-09-11 18:03:47 [main] INFO  demoqaBase - Selecting City: Jaiselmer
Available city: Jaipur
Available city: Jaiselmer
2025-09-11 18:03:47 [main] INFO  demoqaBase - Selected City: Jaiselmer
2025-09-11 18:03:47 [main] INFO  demoqaBase - Submitting Form...
2025-09-11 18:03:48 [main] INFO  demoqaBase - Form Submitted via normal click...
2025-09-11 18:03:48 [main] INFO  ConfirmationTableParser - 📋 Parsed [First Name] = 'Tom', [Last Name] = 'Boss'
2025-09-11 18:03:49 [main] INFO  ConfirmationTableParser - 📋 Parsed [Email] = 'TBoss@demoqa.com'
2025-09-11 18:03:49 [main] INFO  ConfirmationTableParser - 📋 Parsed [Gender] = 'Male'
2025-09-11 18:03:49 [main] INFO  ConfirmationTableParser - 📋 Parsed [Mobile] = '7839875281'
2025-09-11 18:03:49 [main] INFO  ConfirmationTableParser - 📋 Parsed [DOB] = '26 January,2003'
2025-09-11 18:03:49 [main] INFO  ConfirmationTableParser - 📋 Parsed [Subject] = 'Social Studies'
2025-09-11 18:03:49 [main] INFO  ConfirmationTableParser - 📋 Parsed [Hobbies] = 'Sports, Reading'
2025-09-11 18:03:49 [main] INFO  ConfirmationTableParser - 📋 Parsed [Picture] = 'M2photo.jpg'
2025-09-11 18:03:49 [main] INFO  ConfirmationTableParser - 📋 Parsed [Address] = '514 Grant 481, Prattsville Arkansas 72129 United States'
2025-09-11 18:03:49 [main] INFO  ConfirmationTableParser - 📋 Parsed [State] = 'Rajasthan', [City] = 'Jaiselmer'
2025-09-11 18:03:49 [main] INFO  demoqaBase - 🧪 Starting confirmation assertion for user: Tom
2025-09-11 18:03:49 [main] INFO  AssertFormData - 🔍 [Email] Raw expected='TBoss@demoqa.com', Raw actual='TBoss@demoqa.com'
2025-09-11 18:03:49 [main] INFO  AssertFormData - 🔧 [Email] Normalized expected='TBoss@demoqa.com', Normalized actual='TBoss@demoqa.com'
2025-09-11 18:03:49 [main] INFO  AssertFormData - ✅ [Email] matched: 'TBoss@demoqa.com'
2025-09-11 18:03:49 [main] INFO  AssertFormData - 🔍 [Address] Raw expected='514 Grant 481, Prattsville\n Arkansas 72129\n United States', Raw actual='514 Grant 481, Prattsville Arkansas 72129 United States'
2025-09-11 18:03:49 [main] INFO  AssertFormData - 🔧 [Address] Normalized expected='514 Grant 481, Prattsville Arkansas 72129 United States', Normalized actual='514 Grant 481, Prattsville Arkansas 72129 United States'
2025-09-11 18:03:49 [main] INFO  AssertFormData - ✅ [Address] matched: '514 Grant 481, Prattsville Arkansas 72129 United States'
2025-09-11 18:03:49 [main] INFO  AssertFormData - 🔍 [DOB] Raw expected='26-01-2003', Raw actual='26 January,2003'
2025-09-11 18:03:49 [main] INFO  AssertFormData - 🔧 [DOB] Normalized expected='26-01-2003', Normalized actual='26-01-2003'
2025-09-11 18:03:49 [main] INFO  AssertFormData - ✅ [DOB] matched: '26-01-2003'
2025-09-11 18:03:49 [main] INFO  AssertFormData - 🔍 [Picture] Raw expected='M2photo.jpg', Raw actual='M2photo.jpg'
2025-09-11 18:03:49 [main] INFO  AssertFormData - 🔧 [Picture] Normalized expected='M2photo.jpg', Normalized actual='M2photo.jpg'
2025-09-11 18:03:49 [main] INFO  AssertFormData - ✅ [Picture] matched: 'M2photo.jpg'
2025-09-11 18:03:49 [main] INFO  AssertFormData - 🔍 [State] Raw expected='Rajasthan', Raw actual='Rajasthan'
2025-09-11 18:03:49 [main] INFO  AssertFormData - 🔧 [State] Normalized expected='Rajasthan', Normalized actual='Rajasthan'
2025-09-11 18:03:49 [main] INFO  AssertFormData - ✅ [State] matched: 'Rajasthan'
2025-09-11 18:03:49 [main] INFO  AssertFormData - 🔍 [First Name] Raw expected='Tom', Raw actual='Tom'
2025-09-11 18:03:49 [main] INFO  AssertFormData - 🔧 [First Name] Normalized expected='Tom', Normalized actual='Tom'
2025-09-11 18:03:49 [main] INFO  AssertFormData - ✅ [First Name] matched: 'Tom'
2025-09-11 18:03:49 [main] INFO  AssertFormData - 🔍 [Gender] Raw expected='Male', Raw actual='Male'
2025-09-11 18:03:49 [main] INFO  AssertFormData - 🔧 [Gender] Normalized expected='Male', Normalized actual='Male'
2025-09-11 18:03:49 [main] INFO  AssertFormData - ✅ [Gender] matched: 'Male'
2025-09-11 18:03:49 [main] INFO  AssertFormData - 🔍 [City] Raw expected='Jaiselmer', Raw actual='Jaiselmer'
2025-09-11 18:03:49 [main] INFO  AssertFormData - 🔧 [City] Normalized expected='Jaiselmer', Normalized actual='Jaiselmer'
2025-09-11 18:03:49 [main] INFO  AssertFormData - ✅ [City] matched: 'Jaiselmer'
2025-09-11 18:03:49 [main] INFO  AssertFormData - 🔍 [Last Name] Raw expected='Boss', Raw actual='Boss'
2025-09-11 18:03:49 [main] INFO  AssertFormData - 🔧 [Last Name] Normalized expected='Boss', Normalized actual='Boss'
2025-09-11 18:03:49 [main] INFO  AssertFormData - ✅ [Last Name] matched: 'Boss'
2025-09-11 18:03:49 [main] INFO  AssertFormData - 🔍 [Mobile] Raw expected='7839875281', Raw actual='7839875281'
2025-09-11 18:03:49 [main] INFO  AssertFormData - 🔧 [Mobile] Normalized expected='7839875281', Normalized actual='7839875281'
2025-09-11 18:03:49 [main] INFO  AssertFormData - ✅ [Mobile] matched: '7839875281'
2025-09-11 18:03:49 [main] INFO  AssertFormData - 🔍 [Hobbies] Raw expected='Sports,Reading', Raw actual='Sports, Reading'
2025-09-11 18:03:49 [main] INFO  AssertFormData - 🔧 [Hobbies] Normalized expected='Sports,Reading', Normalized actual='Sports,Reading'
2025-09-11 18:03:49 [main] INFO  AssertFormData - ✅ [Hobbies] matched: 'Sports,Reading'
2025-09-11 18:03:49 [main] INFO  AssertFormData - 🔍 [Subject] Raw expected='Social Studies', Raw actual='Social Studies'
2025-09-11 18:03:49 [main] INFO  AssertFormData - 🔧 [Subject] Normalized expected='Social Studies', Normalized actual='Social Studies'
2025-09-11 18:03:49 [main] INFO  AssertFormData - ✅ [Subject] matched: 'Social Studies'
2025-09-11 18:03:49 [main] INFO  demoqaBase - ✅ Form Filling Completed for: Tom Boss
]]></system-out>
  </testcase>
  <testcase name="accessWidgets" classname="tests.WidgetsTests" time="0.317">
    <system-out><![CDATA[Path for Screenshot is: C:\ASN\eclipse_workspace\demoqa-automation/screenshots/fillForm_Passed_20250911_180349+2025-09-11_18-03-49.png
2025-09-11 18:03:49 [main] INFO  demoqaBase - ✅ Test fillForm passed. Screenshot captured.
2025-09-11 18:03:49 [main] INFO  demoqaBase - Closing browser for test: fillForm
2025-09-11 18:03:50 [main] INFO  DriverFactory - 🌐 Starting Chrome Web Browser...
2025-09-11 18:03:50 [main] INFO  DriverFactory - ✅ Created temporary Chrome profile at C:\Users\dell\AppData\Local\Temp\chrome-profile-1755717807376606967
2025-09-11 18:03:51 [main] INFO  DriverFactory - 🚀 WebDriver started successfully
2025-09-11 18:03:51 [main] INFO  RetryUrlAccess - Navigating to URL (attempt 1): https://demoqa.com
2025-09-11 18:03:55 [main] INFO  demoqaBase - 🧪 Starting Test Widgets...
2025-09-11 18:03:55 [main] INFO  demoqaBase - Accessing Widgets Card...
Declared Instance WebDriverWait: org.openqa.selenium.support.ui.WebDriverWait@3bdf2783
2025-09-11 18:03:55 [main] INFO  demoqaLog - Clicking on Widgets Card...
2025-09-11 18:03:55 [main] INFO  demoqaLog - Clicked on Widgets Card...
Title of this Page is: DEMOQA
You are Accessing: Widgets
 
2025-09-11 18:03:56 [main] INFO  demoqaBase - Widgets: Please select an item from left to start practice.
2025-09-11 18:03:56 [main] INFO  demoqaBase - ✅ Widgets Test Completed...
]]></system-out>
  </testcase>
  <testcase name="Accordian" classname="tests.WidgetsTests" time="0.844">
    <system-out><![CDATA[2025-09-11 18:03:56 [main] INFO  demoqaBase - Closing browser for test: accessWidgets
2025-09-11 18:03:56 [main] INFO  DriverFactory - 🌐 Starting Chrome Web Browser...
2025-09-11 18:03:56 [main] INFO  DriverFactory - ✅ Created temporary Chrome profile at C:\Users\dell\AppData\Local\Temp\chrome-profile-1045505770607200148
2025-09-11 18:03:57 [main] INFO  DriverFactory - 🚀 WebDriver started successfully
2025-09-11 18:03:57 [main] INFO  RetryUrlAccess - Navigating to URL (attempt 1): https://demoqa.com
2025-09-11 18:04:10 [main] INFO  demoqaBase - 🧪 Starting Test Widgets|Accordian...
2025-09-11 18:04:10 [main] INFO  demoqaBase - Accessing Widgets Card...
Declared Instance WebDriverWait: org.openqa.selenium.support.ui.WebDriverWait@6c38bc97
2025-09-11 18:04:10 [main] INFO  demoqaLog - Clicking on Widgets Card...
2025-09-11 18:04:11 [main] INFO  demoqaLog - Clicked on Widgets Card...
Title of this Page is: DEMOQA
You are Accessing: Widgets
 
2025-09-11 18:04:11 [main] INFO  demoqaBase - Widgets: Please select an item from left to start practice.
2025-09-11 18:04:11 [main] INFO  demoqaBase - Clicking on Widgets|Accordian...
You are now Accessing: Accordian
2025-09-11 18:04:11 [main] INFO  demoqaBase - You are now Accessing: Accordian
2025-09-11 18:04:11 [main] INFO  demoqaBase - ✅ Widgets|Accordian Test Completed...
]]></system-out>
  </testcase>
  <testcase name="AccessWhatis" classname="tests.WidgetsTests" time="0.778">
    <system-out><![CDATA[2025-09-11 18:04:11 [main] INFO  demoqaBase - Closing browser for test: Accordian
2025-09-11 18:04:11 [main] INFO  DriverFactory - 🌐 Starting Chrome Web Browser...
2025-09-11 18:04:11 [main] INFO  DriverFactory - ✅ Created temporary Chrome profile at C:\Users\dell\AppData\Local\Temp\chrome-profile-9065109232748578449
2025-09-11 18:04:12 [main] INFO  DriverFactory - 🚀 WebDriver started successfully
2025-09-11 18:04:12 [main] INFO  RetryUrlAccess - Navigating to URL (attempt 1): https://demoqa.com
2025-09-11 18:04:17 [main] INFO  demoqaBase - 🧪 Starting Test Widgets|Accordian|What is Lorem Ipsum?...
2025-09-11 18:04:17 [main] INFO  demoqaBase - Accessing Widgets Card...
Declared Instance WebDriverWait: org.openqa.selenium.support.ui.WebDriverWait@59d3495a
2025-09-11 18:04:17 [main] INFO  demoqaLog - Clicking on Widgets Card...
2025-09-11 18:04:18 [main] INFO  demoqaLog - Clicked on Widgets Card...
Title of this Page is: DEMOQA
You are Accessing: Widgets
 
2025-09-11 18:04:18 [main] INFO  demoqaBase - Widgets: Please select an item from left to start practice.
2025-09-11 18:04:18 [main] INFO  demoqaBase - Clicking on Widgets|Accordian...
You are now Accessing: Accordian
2025-09-11 18:04:18 [main] INFO  demoqaBase - You are now Accessing: Accordian
2025-09-11 18:04:18 [main] INFO  demoqaBase - Clicking on Widgets|Accordian|What is Lorem Ipsum?...
2025-09-11 18:04:18 [main] INFO  demoqaBase - Clicked on What is Lorem Ipsum...
What is Lorem Ipsum?: Lorem Ipsum is simply dummy text of the printing and typesetting industry. Lorem Ipsum has been the industry's standard dummy text ever since the 1500s, when an unknown printer took a galley of type and scrambled it to make a type specimen book. It has survived not only five centuries, but also the leap into electronic typesetting, remaining essentially unchanged. It was popularised in the 1960s with the release of Letraset sheets containing Lorem Ipsum passages, and more recently with desktop publishing software like Aldus PageMaker including versions of Lorem Ipsum.
2025-09-11 18:04:18 [main] INFO  demoqaBase - You are now Accessing: Lorem Ipsum is simply dummy text of the printing and typesetting industry. Lorem Ipsum has been the industry's standard dummy text ever since the 1500s, when an unknown printer took a galley of type and scrambled it to make a type specimen book. It has survived not only five centuries, but also the leap into electronic typesetting, remaining essentially unchanged. It was popularised in the 1960s with the release of Letraset sheets containing Lorem Ipsum passages, and more recently with desktop publishing software like Aldus PageMaker including versions of Lorem Ipsum.
2025-09-11 18:04:18 [main] INFO  demoqaBase - ✅ Widgets|Accordian|What is Lorem Ipsum? Test Completed...
]]></system-out>
  </testcase>
  <testcase name="AccessWhereDoes" classname="tests.WidgetsTests" time="1.787">
    <system-out><![CDATA[2025-09-11 18:04:18 [main] INFO  demoqaBase - Closing browser for test: AccessWhatis
2025-09-11 18:04:19 [main] INFO  DriverFactory - 🌐 Starting Chrome Web Browser...
2025-09-11 18:04:19 [main] INFO  DriverFactory - ✅ Created temporary Chrome profile at C:\Users\dell\AppData\Local\Temp\chrome-profile-1446283304986369200
2025-09-11 18:04:20 [main] INFO  DriverFactory - 🚀 WebDriver started successfully
2025-09-11 18:04:20 [main] INFO  RetryUrlAccess - Navigating to URL (attempt 1): https://demoqa.com
2025-09-11 18:05:17 [main] INFO  demoqaBase - 🧪 Starting Test Widgets|Accordian|Where does it come from?...
2025-09-11 18:05:17 [main] INFO  demoqaBase - Accessing Widgets Card...
Declared Instance WebDriverWait: org.openqa.selenium.support.ui.WebDriverWait@456f69ce
2025-09-11 18:05:17 [main] INFO  demoqaLog - Clicking on Widgets Card...
2025-09-11 18:05:18 [main] INFO  demoqaLog - Clicked on Widgets Card...
Title of this Page is: DEMOQA
You are Accessing: Widgets
 
2025-09-11 18:05:18 [main] INFO  demoqaBase - Widgets: Please select an item from left to start practice.
2025-09-11 18:05:18 [main] INFO  demoqaBase - Clicking on Widgets|Accordian...
You are now Accessing: Accordian
2025-09-11 18:05:18 [main] INFO  demoqaBase - You are now Accessing: Accordian
2025-09-11 18:05:18 [main] INFO  demoqaBase - Clicking on Widgets|Accordian|Where does it come from?...
2025-09-11 18:05:18 [main] INFO  demoqaBase - Clicked on Where does it come from?...
2025-09-11 18:05:19 [main] INFO  demoqaBase - You are now Accessing: Contrary to popular belief, Lorem Ipsum is not simply random text. It has roots in a piece of classical Latin literature from 45 BC, making it over 2000 years old. Richard McClintock, a Latin professor at Hampden-Sydney College in Virginia, looked up one of the more obscure Latin words, consectetur, from a Lorem Ipsum passage, and going through the cites of the word in classical literature, discovered the undoubtable source. Lorem Ipsum comes from sections 1.10.32 and 1.10.33 of "de Finibus Bonorum et Malorum" (The Extremes of Good and Evil) by Cicero, written in 45 BC. This book is a treatise on the theory of ethics, very popular during the Renaissance. The first line of Lorem Ipsum, "Lorem ipsum dolor sit amet..", comes from a line in section 1.10.32.
Where does it come from?: Contrary to popular belief, Lorem Ipsum is not simply random text. It has roots in a piece of classical Latin literature from 45 BC, making it over 2000 years old. Richard McClintock, a Latin professor at Hampden-Sydney College in Virginia, looked up one of the more obscure Latin words, consectetur, from a Lorem Ipsum passage, and going through the cites of the word in classical literature, discovered the undoubtable source. Lorem Ipsum comes from sections 1.10.32 and 1.10.33 of "de Finibus Bonorum et Malorum" (The Extremes of Good and Evil) by Cicero, written in 45 BC. This book is a treatise on the theory of ethics, very popular during the Renaissance. The first line of Lorem Ipsum, "Lorem ipsum dolor sit amet..", comes from a line in section 1.10.32.
2025-09-11 18:05:19 [main] INFO  demoqaBase - ✅ Widgets|Accordian|Where does it come from? Test Completed...
]]></system-out>
  </testcase>
  <testcase name="AccessWhyDoWe" classname="tests.WidgetsTests" time="1.585">
    <system-out><![CDATA[2025-09-11 18:05:19 [main] INFO  demoqaBase - Closing browser for test: AccessWhereDoes
2025-09-11 18:05:19 [main] INFO  DriverFactory - 🌐 Starting Chrome Web Browser...
2025-09-11 18:05:19 [main] INFO  DriverFactory - ✅ Created temporary Chrome profile at C:\Users\dell\AppData\Local\Temp\chrome-profile-2893522829415070074
2025-09-11 18:05:20 [main] INFO  DriverFactory - 🚀 WebDriver started successfully
2025-09-11 18:05:20 [main] INFO  RetryUrlAccess - Navigating to URL (attempt 1): https://demoqa.com
2025-09-11 18:05:40 [main] INFO  demoqaBase - 🧪 Starting Test Widgets|Accordian|Why do we use it?...
2025-09-11 18:05:40 [main] INFO  demoqaBase - Accessing Widgets Card...
Declared Instance WebDriverWait: org.openqa.selenium.support.ui.WebDriverWait@5ad12905
2025-09-11 18:05:40 [main] INFO  demoqaLog - Clicking on Widgets Card...
2025-09-11 18:05:40 [main] INFO  demoqaLog - Clicked on Widgets Card...
Title of this Page is: DEMOQA
You are Accessing: Widgets
 
2025-09-11 18:05:40 [main] INFO  demoqaBase - Widgets: Please select an item from left to start practice.
2025-09-11 18:05:40 [main] INFO  demoqaBase - Clicking on Widgets|Accordian...
You are now Accessing: Accordian
2025-09-11 18:05:41 [main] INFO  demoqaBase - You are now Accessing: Accordian
2025-09-11 18:05:41 [main] INFO  demoqaBase - Clicking on Widgets|Accordian|Why do we use it?...
2025-09-11 18:05:41 [main] INFO  demoqaBase - Clicked on Why do we use it?...
Why do we use it?: It is a long established fact that a reader will be distracted by the readable content of a page when looking at its layout. The point of using Lorem Ipsum is that it has a more-or-less normal distribution of letters, as opposed to using 'Content here, content here', making it look like readable English. Many desktop publishing packages and web page editors now use Lorem Ipsum as their default model text, and a search for 'lorem ipsum' will uncover many web sites still in their infancy. Various versions have evolved over the years, sometimes by accident, sometimes on purpose (injected humour and the like).
2025-09-11 18:05:41 [main] INFO  demoqaBase - You are now Accessing: It is a long established fact that a reader will be distracted by the readable content of a page when looking at its layout. The point of using Lorem Ipsum is that it has a more-or-less normal distribution of letters, as opposed to using 'Content here, content here', making it look like readable English. Many desktop publishing packages and web page editors now use Lorem Ipsum as their default model text, and a search for 'lorem ipsum' will uncover many web sites still in their infancy. Various versions have evolved over the years, sometimes by accident, sometimes on purpose (injected humour and the like).
2025-09-11 18:05:41 [main] INFO  demoqaBase - ✅ Widgets|Accordian|Why do we use it? Test Completed...
]]></system-out>
  </testcase>
  <testcase name="AutoComplete" classname="tests.WidgetsTests" time="0.616">
    <system-out><![CDATA[2025-09-11 18:05:41 [main] INFO  demoqaBase - Closing browser for test: AccessWhyDoWe
2025-09-11 18:05:42 [main] INFO  DriverFactory - 🌐 Starting Chrome Web Browser...
2025-09-11 18:05:42 [main] INFO  DriverFactory - ✅ Created temporary Chrome profile at C:\Users\dell\AppData\Local\Temp\chrome-profile-14575654434561875569
2025-09-11 18:05:43 [main] INFO  DriverFactory - 🚀 WebDriver started successfully
2025-09-11 18:05:43 [main] INFO  RetryUrlAccess - Navigating to URL (attempt 1): https://demoqa.com
2025-09-11 18:06:10 [main] INFO  demoqaBase - 🧪 Starting Test Widgets|Auto Complete...
2025-09-11 18:06:10 [main] INFO  demoqaBase - Accessing Widgets Card...
Declared Instance WebDriverWait: org.openqa.selenium.support.ui.WebDriverWait@59726657
2025-09-11 18:06:10 [main] INFO  demoqaLog - Clicking on Widgets Card...
2025-09-11 18:06:11 [main] INFO  demoqaLog - Clicked on Widgets Card...
Title of this Page is: DEMOQA
You are Accessing: Widgets
 
2025-09-11 18:06:11 [main] INFO  demoqaBase - Widgets: Please select an item from left to start practice.
2025-09-11 18:06:11 [main] INFO  demoqaBase - Clicking on Widgets|AutoComplete...
You are now Accessing: Auto Complete
2025-09-11 18:06:11 [main] INFO  demoqaBase - You are now Accessing: Auto Complete
2025-09-11 18:06:11 [main] INFO  demoqaBase - ✅ Widgets|Auto Complete Test Completed...
]]></system-out>
  </testcase>
  <testcase name="AutoCompleteSearch[ColorSelectionData{searchFor=&apos;A&apos;, expectedColors=[Black, Magenta, Aqua]}](1)" classname="tests.WidgetsTests" time="2.624">
    <system-out><![CDATA[2025-09-11 18:06:11 [main] INFO  demoqaBase - Closing browser for test: AutoComplete
🧾 Row 1: {SearchFor=A, ExpectedColors=Black,Magenta,Aqua}
🔍 Mapping field: searchFor | Excel Column: SearchFor | Value: A
🔍 Mapping field: expectedColorsRaw | Excel Column: ExpectedColors | Value: Black,Magenta,Aqua
🧾 Row 2: {SearchFor=B, ExpectedColors=Blue,Black}
🔍 Mapping field: searchFor | Excel Column: SearchFor | Value: B
🔍 Mapping field: expectedColorsRaw | Excel Column: ExpectedColors | Value: Blue,Black
🧾 Row 3: {SearchFor=C, ExpectedColors=Black}
🔍 Mapping field: searchFor | Excel Column: SearchFor | Value: C
🔍 Mapping field: expectedColorsRaw | Excel Column: ExpectedColors | Value: Black
🧾 Row 4: {SearchFor=D, ExpectedColors=Red,Indigo}
🔍 Mapping field: searchFor | Excel Column: SearchFor | Value: D
🔍 Mapping field: expectedColorsRaw | Excel Column: ExpectedColors | Value: Red,Indigo
🧾 Row 5: {SearchFor=E, ExpectedColors=Red,Blue,Green,Yellow,Purple,White,Voilet,Magenta}
🔍 Mapping field: searchFor | Excel Column: SearchFor | Value: E
🔍 Mapping field: expectedColorsRaw | Excel Column: ExpectedColors | Value: Red,Blue,Green,Yellow,Purple,White,Voilet,Magenta
🧾 Row 6: {SearchFor=G, ExpectedColors=Green,Indigo,Magenta}
🔍 Mapping field: searchFor | Excel Column: SearchFor | Value: G
🔍 Mapping field: expectedColorsRaw | Excel Column: ExpectedColors | Value: Green,Indigo,Magenta
🧾 Row 7: {SearchFor=H, ExpectedColors=White}
🔍 Mapping field: searchFor | Excel Column: SearchFor | Value: H
🔍 Mapping field: expectedColorsRaw | Excel Column: ExpectedColors | Value: White
🧾 Row 8: {SearchFor=I, ExpectedColors=White,Voilet,Indigo}
🔍 Mapping field: searchFor | Excel Column: SearchFor | Value: I
🔍 Mapping field: expectedColorsRaw | Excel Column: ExpectedColors | Value: White,Voilet,Indigo
🧾 Row 9: {SearchFor=K, ExpectedColors=Black}
🔍 Mapping field: searchFor | Excel Column: SearchFor | Value: K
🔍 Mapping field: expectedColorsRaw | Excel Column: ExpectedColors | Value: Black
🧾 Row 10: {SearchFor=L, ExpectedColors=Blue,Yellow,Purple,Black,Voilet}
🔍 Mapping field: searchFor | Excel Column: SearchFor | Value: L
🔍 Mapping field: expectedColorsRaw | Excel Column: ExpectedColors | Value: Blue,Yellow,Purple,Black,Voilet
🧾 Row 11: {SearchFor=M, ExpectedColors=Magenta}
🔍 Mapping field: searchFor | Excel Column: SearchFor | Value: M
🔍 Mapping field: expectedColorsRaw | Excel Column: ExpectedColors | Value: Magenta
🧾 Row 12: {SearchFor=N, ExpectedColors=Green,Indigo,Magenta}
🔍 Mapping field: searchFor | Excel Column: SearchFor | Value: N
🔍 Mapping field: expectedColorsRaw | Excel Column: ExpectedColors | Value: Green,Indigo,Magenta
🧾 Row 13: {SearchFor=O, ExpectedColors=Yellow,Voilet,Indigo}
🔍 Mapping field: searchFor | Excel Column: SearchFor | Value: O
🔍 Mapping field: expectedColorsRaw | Excel Column: ExpectedColors | Value: Yellow,Voilet,Indigo
🧾 Row 14: {SearchFor=P, ExpectedColors=Purple}
🔍 Mapping field: searchFor | Excel Column: SearchFor | Value: P
🔍 Mapping field: expectedColorsRaw | Excel Column: ExpectedColors | Value: Purple
🧾 Row 15: {SearchFor=Q, ExpectedColors=Aqua}
🔍 Mapping field: searchFor | Excel Column: SearchFor | Value: Q
🔍 Mapping field: expectedColorsRaw | Excel Column: ExpectedColors | Value: Aqua
🧾 Row 16: {SearchFor=R, ExpectedColors=Red,Green,Purple}
🔍 Mapping field: searchFor | Excel Column: SearchFor | Value: R
🔍 Mapping field: expectedColorsRaw | Excel Column: ExpectedColors | Value: Red,Green,Purple
🧾 Row 17: {SearchFor=T, ExpectedColors=White,Voilet,Magenta}
🔍 Mapping field: searchFor | Excel Column: SearchFor | Value: T
🔍 Mapping field: expectedColorsRaw | Excel Column: ExpectedColors | Value: White,Voilet,Magenta
🧾 Row 18: {SearchFor=U, ExpectedColors=Blue,Purple,Aqua}
🔍 Mapping field: searchFor | Excel Column: SearchFor | Value: U
🔍 Mapping field: expectedColorsRaw | Excel Column: ExpectedColors | Value: Blue,Purple,Aqua
🧾 Row 19: {SearchFor=V, ExpectedColors=Voilet}
🔍 Mapping field: searchFor | Excel Column: SearchFor | Value: V
🔍 Mapping field: expectedColorsRaw | Excel Column: ExpectedColors | Value: Voilet
🧾 Row 20: {SearchFor=W, ExpectedColors=Yellow,White}
🔍 Mapping field: searchFor | Excel Column: SearchFor | Value: W
🔍 Mapping field: expectedColorsRaw | Excel Column: ExpectedColors | Value: Yellow,White
🧾 Row 21: {SearchFor=Y, ExpectedColors=Yellow}
🔍 Mapping field: searchFor | Excel Column: SearchFor | Value: Y
🔍 Mapping field: expectedColorsRaw | Excel Column: ExpectedColors | Value: Yellow
2025-09-11 18:06:12 [main] INFO  DriverFactory - 🌐 Starting Chrome Web Browser...
2025-09-11 18:06:12 [main] INFO  DriverFactory - ✅ Created temporary Chrome profile at C:\Users\dell\AppData\Local\Temp\chrome-profile-9114178111401844011
2025-09-11 18:06:13 [main] INFO  DriverFactory - 🚀 WebDriver started successfully
2025-09-11 18:06:13 [main] INFO  RetryUrlAccess - Navigating to URL (attempt 1): https://demoqa.com
2025-09-11 18:06:25 [main] INFO  demoqaBase - 🧪 Starting Test Widgets|Auto Complete...
2025-09-11 18:06:25 [main] INFO  demoqaBase - Accessing Widgets Card...
Declared Instance WebDriverWait: org.openqa.selenium.support.ui.WebDriverWait@15e2877a
2025-09-11 18:06:25 [main] INFO  demoqaLog - Clicking on Widgets Card...
2025-09-11 18:06:25 [main] INFO  demoqaLog - Clicked on Widgets Card...
Title of this Page is: DEMOQA
You are Accessing: Widgets
 
2025-09-11 18:06:25 [main] INFO  demoqaBase - Widgets: Please select an item from left to start practice.
2025-09-11 18:06:25 [main] INFO  demoqaBase - Clicking on Widgets|AutoComplete...
You are now Accessing: Auto Complete
2025-09-11 18:06:25 [main] INFO  demoqaBase - You are now Accessing: Auto Complete
Searching Colors using: A
Expected Color to be selected is/are: [Black, Magenta, Aqua]
2025-09-11 18:06:25 [main] INFO  demoqaBase - 🔍 Running test for search character: A
2025-09-11 18:06:25 [main] INFO  demoqaBase - Clicking on Widgets | Auto Complete | Type multiple color names...
Searching Colors using: A
Expected Color to be selected is/are: [Black, Magenta, Aqua]
2025-09-11 18:06:25 [main] INFO  demoqaBase - You are now Accessing: Auto Complete
2025-09-11 18:06:26 [main] INFO  demoqaBase - Available Color: Black
2025-09-11 18:06:26 [main] INFO  demoqaBase - ✅ Selected Color: Black
2025-09-11 18:06:27 [main] INFO  demoqaBase - Available Color: Magenta
2025-09-11 18:06:27 [main] INFO  demoqaBase - ✅ Selected Color: Magenta
2025-09-11 18:06:27 [main] INFO  demoqaBase - Available Color: Aqua
2025-09-11 18:06:27 [main] INFO  demoqaBase - ✅ Selected Color: Aqua
2025-09-11 18:06:27 [main] INFO  demoqaBase - 🎯 Final selected colors: [Black, Magenta, Aqua]
2025-09-11 18:06:27 [main] INFO  demoqaBase - ✅ Widgets|Auto Complete Test Completed...
]]></system-out>
  </testcase>
  <testcase name="AutoCompleteSearch[ColorSelectionData{searchFor=&apos;B&apos;, expectedColors=[Blue, Black]}](2)" classname="tests.WidgetsTests" time="1.779">
    <system-out><![CDATA[2025-09-11 18:06:27 [main] INFO  demoqaBase - Closing browser for test: AutoCompleteSearch
2025-09-11 18:06:28 [main] WARN  PauseManager - ⏸ Pausing for 5 minutes after 100 tests...
2025-09-11 18:06:28 [main] INFO  PauseManager - ▶ Resuming in 5 minutes...
2025-09-11 18:07:28 [main] INFO  PauseManager - ▶ Resuming in 4 minutes...
2025-09-11 18:08:29 [main] INFO  PauseManager - ▶ Resuming in 3 minutes...
2025-09-11 18:09:29 [main] INFO  PauseManager - ▶ Resuming in 2 minutes...
2025-09-11 18:10:29 [main] INFO  PauseManager - ▶ Resuming in 1 minutes...
2025-09-11 18:11:20 [main] INFO  PauseManager - ▶ Resuming in 10 seconds...
2025-09-11 18:11:21 [main] INFO  PauseManager - ▶ Resuming in 9 seconds...
2025-09-11 18:11:22 [main] INFO  PauseManager - ▶ Resuming in 8 seconds...
2025-09-11 18:11:23 [main] INFO  PauseManager - ▶ Resuming in 7 seconds...
2025-09-11 18:11:24 [main] INFO  PauseManager - ▶ Resuming in 6 seconds...
2025-09-11 18:11:25 [main] INFO  PauseManager - ▶ Resuming in 5 seconds...
2025-09-11 18:11:26 [main] INFO  PauseManager - ▶ Resuming in 4 seconds...
2025-09-11 18:11:27 [main] INFO  PauseManager - ▶ Resuming in 3 seconds...
2025-09-11 18:11:28 [main] INFO  PauseManager - ▶ Resuming in 2 seconds...
2025-09-11 18:11:29 [main] INFO  PauseManager - ▶ Resuming in 1 seconds...
2025-09-11 18:11:30 [main] INFO  PauseManager - ✅ Pause complete. Resuming tests...
2025-09-11 18:11:30 [main] INFO  DriverFactory - 🌐 Starting Chrome Web Browser...
2025-09-11 18:11:30 [main] INFO  DriverFactory - ✅ Created temporary Chrome profile at C:\Users\dell\AppData\Local\Temp\chrome-profile-5881135087710171312
2025-09-11 18:11:31 [main] INFO  DriverFactory - 🚀 WebDriver started successfully
2025-09-11 18:11:31 [main] INFO  RetryUrlAccess - Navigating to URL (attempt 1): https://demoqa.com
2025-09-11 18:12:09 [main] INFO  demoqaBase - 🧪 Starting Test Widgets|Auto Complete...
2025-09-11 18:12:09 [main] INFO  demoqaBase - Accessing Widgets Card...
Declared Instance WebDriverWait: org.openqa.selenium.support.ui.WebDriverWait@506137fd
2025-09-11 18:12:09 [main] INFO  demoqaLog - Clicking on Widgets Card...
2025-09-11 18:12:09 [main] INFO  demoqaLog - Clicked on Widgets Card...
Title of this Page is: DEMOQA
You are Accessing: Widgets
 
2025-09-11 18:12:09 [main] INFO  demoqaBase - Widgets: Please select an item from left to start practice.
2025-09-11 18:12:09 [main] INFO  demoqaBase - Clicking on Widgets|AutoComplete...
You are now Accessing: Auto Complete
2025-09-11 18:12:10 [main] INFO  demoqaBase - You are now Accessing: Auto Complete
Searching Colors using: B
Expected Color to be selected is/are: [Blue, Black]
2025-09-11 18:12:10 [main] INFO  demoqaBase - 🔍 Running test for search character: B
2025-09-11 18:12:10 [main] INFO  demoqaBase - Clicking on Widgets | Auto Complete | Type multiple color names...
Searching Colors using: B
Expected Color to be selected is/are: [Blue, Black]
2025-09-11 18:12:10 [main] INFO  demoqaBase - You are now Accessing: Auto Complete
2025-09-11 18:12:10 [main] INFO  demoqaBase - Available Color: Blue
2025-09-11 18:12:10 [main] INFO  demoqaBase - ✅ Selected Color: Blue
2025-09-11 18:12:11 [main] INFO  demoqaBase - Available Color: Black
2025-09-11 18:12:11 [main] INFO  demoqaBase - ✅ Selected Color: Black
2025-09-11 18:12:11 [main] INFO  demoqaBase - 🎯 Final selected colors: [Blue, Black]
2025-09-11 18:12:11 [main] INFO  demoqaBase - ✅ Widgets|Auto Complete Test Completed...
]]></system-out>
  </testcase>
  <testcase name="AutoCompleteSearch[ColorSelectionData{searchFor=&apos;C&apos;, expectedColors=[Black]}](3)" classname="tests.WidgetsTests" time="1.457">
    <system-out><![CDATA[2025-09-11 18:12:11 [main] INFO  demoqaBase - Closing browser for test: AutoCompleteSearch
2025-09-11 18:12:11 [main] INFO  DriverFactory - 🌐 Starting Chrome Web Browser...
2025-09-11 18:12:11 [main] INFO  DriverFactory - ✅ Created temporary Chrome profile at C:\Users\dell\AppData\Local\Temp\chrome-profile-12939208868490480795
2025-09-11 18:12:12 [main] INFO  DriverFactory - 🚀 WebDriver started successfully
2025-09-11 18:12:12 [main] INFO  RetryUrlAccess - Navigating to URL (attempt 1): https://demoqa.com
2025-09-11 18:12:17 [main] INFO  demoqaBase - 🧪 Starting Test Widgets|Auto Complete...
2025-09-11 18:12:17 [main] INFO  demoqaBase - Accessing Widgets Card...
Declared Instance WebDriverWait: org.openqa.selenium.support.ui.WebDriverWait@7498aef3
2025-09-11 18:12:17 [main] INFO  demoqaLog - Clicking on Widgets Card...
2025-09-11 18:12:17 [main] INFO  demoqaLog - Clicked on Widgets Card...
Title of this Page is: DEMOQA
You are Accessing: Widgets
 
2025-09-11 18:12:17 [main] INFO  demoqaBase - Widgets: Please select an item from left to start practice.
2025-09-11 18:12:17 [main] INFO  demoqaBase - Clicking on Widgets|AutoComplete...
You are now Accessing: Auto Complete
2025-09-11 18:12:18 [main] INFO  demoqaBase - You are now Accessing: Auto Complete
Searching Colors using: C
Expected Color to be selected is/are: [Black]
2025-09-11 18:12:18 [main] INFO  demoqaBase - 🔍 Running test for search character: C
2025-09-11 18:12:18 [main] INFO  demoqaBase - Clicking on Widgets | Auto Complete | Type multiple color names...
Searching Colors using: C
Expected Color to be selected is/are: [Black]
2025-09-11 18:12:18 [main] INFO  demoqaBase - You are now Accessing: Auto Complete
2025-09-11 18:12:18 [main] INFO  demoqaBase - Available Color: Black
2025-09-11 18:12:18 [main] INFO  demoqaBase - ✅ Selected Color: Black
2025-09-11 18:12:18 [main] INFO  demoqaBase - 🎯 Final selected colors: [Black]
2025-09-11 18:12:18 [main] INFO  demoqaBase - ✅ Widgets|Auto Complete Test Completed...
]]></system-out>
  </testcase>
  <testcase name="AutoCompleteSearch[ColorSelectionData{searchFor=&apos;D&apos;, expectedColors=[Red, Indigo]}](4)" classname="tests.WidgetsTests" time="2.133">
    <system-out><![CDATA[2025-09-11 18:12:18 [main] INFO  demoqaBase - Closing browser for test: AutoCompleteSearch
2025-09-11 18:12:19 [main] INFO  DriverFactory - 🌐 Starting Chrome Web Browser...
2025-09-11 18:12:19 [main] INFO  DriverFactory - ✅ Created temporary Chrome profile at C:\Users\dell\AppData\Local\Temp\chrome-profile-16462141733954724758
2025-09-11 18:12:20 [main] INFO  DriverFactory - 🚀 WebDriver started successfully
2025-09-11 18:12:20 [main] INFO  RetryUrlAccess - Navigating to URL (attempt 1): https://demoqa.com
2025-09-11 18:12:25 [main] INFO  demoqaBase - 🧪 Starting Test Widgets|Auto Complete...
2025-09-11 18:12:25 [main] INFO  demoqaBase - Accessing Widgets Card...
Declared Instance WebDriverWait: org.openqa.selenium.support.ui.WebDriverWait@552c7a9b
2025-09-11 18:12:25 [main] INFO  demoqaLog - Clicking on Widgets Card...
2025-09-11 18:12:25 [main] INFO  demoqaLog - Clicked on Widgets Card...
Title of this Page is: DEMOQA
You are Accessing: Widgets
 
2025-09-11 18:12:25 [main] INFO  demoqaBase - Widgets: Please select an item from left to start practice.
2025-09-11 18:12:25 [main] INFO  demoqaBase - Clicking on Widgets|AutoComplete...
You are now Accessing: Auto Complete
2025-09-11 18:12:26 [main] INFO  demoqaBase - You are now Accessing: Auto Complete
Searching Colors using: D
Expected Color to be selected is/are: [Red, Indigo]
2025-09-11 18:12:26 [main] INFO  demoqaBase - 🔍 Running test for search character: D
2025-09-11 18:12:26 [main] INFO  demoqaBase - Clicking on Widgets | Auto Complete | Type multiple color names...
Searching Colors using: D
Expected Color to be selected is/are: [Red, Indigo]
2025-09-11 18:12:26 [main] INFO  demoqaBase - You are now Accessing: Auto Complete
2025-09-11 18:12:26 [main] INFO  demoqaBase - Available Color: Red
2025-09-11 18:12:26 [main] INFO  demoqaBase - ✅ Selected Color: Red
2025-09-11 18:12:27 [main] INFO  demoqaBase - Available Color: Indigo
2025-09-11 18:12:27 [main] INFO  demoqaBase - ✅ Selected Color: Indigo
2025-09-11 18:12:27 [main] INFO  demoqaBase - 🎯 Final selected colors: [Red, Indigo]
2025-09-11 18:12:27 [main] INFO  demoqaBase - ✅ Widgets|Auto Complete Test Completed...
]]></system-out>
  </testcase>
  <testcase name="AutoCompleteSearch[ColorSelectionData{searchFor=&apos;E&apos;, expectedColors=[Red, Blue, Green, Yellow, Purple, White, Voilet, Magenta]}](5)" classname="tests.WidgetsTests" time="4.367">
    <system-out><![CDATA[2025-09-11 18:12:27 [main] INFO  demoqaBase - Closing browser for test: AutoCompleteSearch
2025-09-11 18:12:27 [main] INFO  DriverFactory - 🌐 Starting Chrome Web Browser...
2025-09-11 18:12:27 [main] INFO  DriverFactory - ✅ Created temporary Chrome profile at C:\Users\dell\AppData\Local\Temp\chrome-profile-1295152444187899781
2025-09-11 18:12:29 [main] INFO  DriverFactory - 🚀 WebDriver started successfully
2025-09-11 18:12:29 [main] INFO  RetryUrlAccess - Navigating to URL (attempt 1): https://demoqa.com
2025-09-11 18:12:42 [main] INFO  demoqaBase - 🧪 Starting Test Widgets|Auto Complete...
2025-09-11 18:12:42 [main] INFO  demoqaBase - Accessing Widgets Card...
Declared Instance WebDriverWait: org.openqa.selenium.support.ui.WebDriverWait@1723ab82
2025-09-11 18:12:42 [main] INFO  demoqaLog - Clicking on Widgets Card...
2025-09-11 18:12:42 [main] INFO  demoqaLog - Clicked on Widgets Card...
Title of this Page is: DEMOQA
You are Accessing: Widgets
 
2025-09-11 18:12:42 [main] INFO  demoqaBase - Widgets: Please select an item from left to start practice.
2025-09-11 18:12:42 [main] INFO  demoqaBase - Clicking on Widgets|AutoComplete...
You are now Accessing: Auto Complete
2025-09-11 18:12:43 [main] INFO  demoqaBase - You are now Accessing: Auto Complete
Searching Colors using: E
Expected Color to be selected is/are: [Red, Blue, Green, Yellow, Purple, White, Voilet, Magenta]
2025-09-11 18:12:43 [main] INFO  demoqaBase - 🔍 Running test for search character: E
2025-09-11 18:12:43 [main] INFO  demoqaBase - Clicking on Widgets | Auto Complete | Type multiple color names...
Searching Colors using: E
Expected Color to be selected is/are: [Red, Blue, Green, Yellow, Purple, White, Voilet, Magenta]
2025-09-11 18:12:43 [main] INFO  demoqaBase - You are now Accessing: Auto Complete
2025-09-11 18:12:43 [main] INFO  demoqaBase - Available Color: Red
2025-09-11 18:12:43 [main] INFO  demoqaBase - ✅ Selected Color: Red
2025-09-11 18:12:44 [main] INFO  demoqaBase - Available Color: Blue
2025-09-11 18:12:44 [main] INFO  demoqaBase - ✅ Selected Color: Blue
2025-09-11 18:12:44 [main] INFO  demoqaBase - Available Color: Green
2025-09-11 18:12:44 [main] INFO  demoqaBase - ✅ Selected Color: Green
2025-09-11 18:12:44 [main] INFO  demoqaBase - Available Color: Yellow
2025-09-11 18:12:45 [main] INFO  demoqaBase - ✅ Selected Color: Yellow
2025-09-11 18:12:45 [main] INFO  demoqaBase - Available Color: Purple
2025-09-11 18:12:45 [main] INFO  demoqaBase - ✅ Selected Color: Purple
2025-09-11 18:12:46 [main] INFO  demoqaBase - Available Color: White
2025-09-11 18:12:46 [main] INFO  demoqaBase - ✅ Selected Color: White
2025-09-11 18:12:46 [main] INFO  demoqaBase - Available Color: Voilet
2025-09-11 18:12:46 [main] INFO  demoqaBase - ✅ Selected Color: Voilet
2025-09-11 18:12:46 [main] INFO  demoqaBase - Available Color: Magenta
2025-09-11 18:12:46 [main] INFO  demoqaBase - ✅ Selected Color: Magenta
2025-09-11 18:12:47 [main] INFO  demoqaBase - 🎯 Final selected colors: [Red, Blue, Green, Yellow, Purple, White, Voilet, Magenta]
2025-09-11 18:12:47 [main] INFO  demoqaBase - ✅ Widgets|Auto Complete Test Completed...
]]></system-out>
  </testcase>
  <testcase name="AutoCompleteSearch[ColorSelectionData{searchFor=&apos;G&apos;, expectedColors=[Green, Indigo, Magenta]}](6)" classname="tests.WidgetsTests" time="2.116">
    <system-out><![CDATA[2025-09-11 18:12:47 [main] INFO  demoqaBase - Closing browser for test: AutoCompleteSearch
2025-09-11 18:12:47 [main] INFO  DriverFactory - 🌐 Starting Chrome Web Browser...
2025-09-11 18:12:47 [main] INFO  DriverFactory - ✅ Created temporary Chrome profile at C:\Users\dell\AppData\Local\Temp\chrome-profile-14256336418591118336
2025-09-11 18:12:48 [main] INFO  DriverFactory - 🚀 WebDriver started successfully
2025-09-11 18:12:48 [main] INFO  RetryUrlAccess - Navigating to URL (attempt 1): https://demoqa.com
2025-09-11 18:12:53 [main] INFO  demoqaBase - 🧪 Starting Test Widgets|Auto Complete...
2025-09-11 18:12:53 [main] INFO  demoqaBase - Accessing Widgets Card...
Declared Instance WebDriverWait: org.openqa.selenium.support.ui.WebDriverWait@5fd1fb1b
2025-09-11 18:12:53 [main] INFO  demoqaLog - Clicking on Widgets Card...
2025-09-11 18:12:53 [main] INFO  demoqaLog - Clicked on Widgets Card...
Title of this Page is: DEMOQA
You are Accessing: Widgets
 
2025-09-11 18:12:53 [main] INFO  demoqaBase - Widgets: Please select an item from left to start practice.
2025-09-11 18:12:53 [main] INFO  demoqaBase - Clicking on Widgets|AutoComplete...
You are now Accessing: Auto Complete
2025-09-11 18:12:53 [main] INFO  demoqaBase - You are now Accessing: Auto Complete
Searching Colors using: G
Expected Color to be selected is/are: [Green, Indigo, Magenta]
2025-09-11 18:12:53 [main] INFO  demoqaBase - 🔍 Running test for search character: G
2025-09-11 18:12:53 [main] INFO  demoqaBase - Clicking on Widgets | Auto Complete | Type multiple color names...
Searching Colors using: G
Expected Color to be selected is/are: [Green, Indigo, Magenta]
2025-09-11 18:12:53 [main] INFO  demoqaBase - You are now Accessing: Auto Complete
2025-09-11 18:12:54 [main] INFO  demoqaBase - Available Color: Green
2025-09-11 18:12:54 [main] INFO  demoqaBase - ✅ Selected Color: Green
2025-09-11 18:12:54 [main] INFO  demoqaBase - Available Color: Indigo
2025-09-11 18:12:54 [main] INFO  demoqaBase - ✅ Selected Color: Indigo
2025-09-11 18:12:55 [main] INFO  demoqaBase - Available Color: Magenta
2025-09-11 18:12:55 [main] INFO  demoqaBase - ✅ Selected Color: Magenta
2025-09-11 18:12:55 [main] INFO  demoqaBase - 🎯 Final selected colors: [Green, Indigo, Magenta]
2025-09-11 18:12:55 [main] INFO  demoqaBase - ✅ Widgets|Auto Complete Test Completed...
]]></system-out>
  </testcase>
  <testcase name="AutoCompleteSearch[ColorSelectionData{searchFor=&apos;H&apos;, expectedColors=[White]}](7)" classname="tests.WidgetsTests" time="1.383">
    <system-out><![CDATA[2025-09-11 18:12:55 [main] INFO  demoqaBase - Closing browser for test: AutoCompleteSearch
2025-09-11 18:12:56 [main] INFO  DriverFactory - 🌐 Starting Chrome Web Browser...
2025-09-11 18:12:56 [main] INFO  DriverFactory - ✅ Created temporary Chrome profile at C:\Users\dell\AppData\Local\Temp\chrome-profile-13410613229616067166
2025-09-11 18:12:57 [main] INFO  DriverFactory - 🚀 WebDriver started successfully
2025-09-11 18:12:57 [main] INFO  RetryUrlAccess - Navigating to URL (attempt 1): https://demoqa.com
2025-09-11 18:13:22 [main] INFO  demoqaBase - 🧪 Starting Test Widgets|Auto Complete...
2025-09-11 18:13:22 [main] INFO  demoqaBase - Accessing Widgets Card...
Declared Instance WebDriverWait: org.openqa.selenium.support.ui.WebDriverWait@794433b5
2025-09-11 18:13:22 [main] INFO  demoqaLog - Clicking on Widgets Card...
2025-09-11 18:13:22 [main] INFO  demoqaLog - Clicked on Widgets Card...
Title of this Page is: DEMOQA
You are Accessing: Widgets
 
2025-09-11 18:13:22 [main] INFO  demoqaBase - Widgets: Please select an item from left to start practice.
2025-09-11 18:13:22 [main] INFO  demoqaBase - Clicking on Widgets|AutoComplete...
You are now Accessing: Auto Complete
2025-09-11 18:13:22 [main] INFO  demoqaBase - You are now Accessing: Auto Complete
Searching Colors using: H
Expected Color to be selected is/are: [White]
2025-09-11 18:13:22 [main] INFO  demoqaBase - 🔍 Running test for search character: H
2025-09-11 18:13:22 [main] INFO  demoqaBase - Clicking on Widgets | Auto Complete | Type multiple color names...
Searching Colors using: H
Expected Color to be selected is/are: [White]
2025-09-11 18:13:23 [main] INFO  demoqaBase - You are now Accessing: Auto Complete
2025-09-11 18:13:23 [main] INFO  demoqaBase - Available Color: White
2025-09-11 18:13:23 [main] INFO  demoqaBase - ✅ Selected Color: White
2025-09-11 18:13:23 [main] INFO  demoqaBase - 🎯 Final selected colors: [White]
2025-09-11 18:13:23 [main] INFO  demoqaBase - ✅ Widgets|Auto Complete Test Completed...
]]></system-out>
  </testcase>
  <testcase name="AutoCompleteSearch[ColorSelectionData{searchFor=&apos;I&apos;, expectedColors=[White, Voilet, Indigo]}](8)" classname="tests.WidgetsTests" time="2.411">
    <system-out><![CDATA[2025-09-11 18:13:23 [main] INFO  demoqaBase - Closing browser for test: AutoCompleteSearch
2025-09-11 18:13:24 [main] INFO  DriverFactory - 🌐 Starting Chrome Web Browser...
2025-09-11 18:13:24 [main] INFO  DriverFactory - ✅ Created temporary Chrome profile at C:\Users\dell\AppData\Local\Temp\chrome-profile-9022605133469094537
2025-09-11 18:13:25 [main] INFO  DriverFactory - 🚀 WebDriver started successfully
2025-09-11 18:13:25 [main] INFO  RetryUrlAccess - Navigating to URL (attempt 1): https://demoqa.com
2025-09-11 18:13:29 [main] INFO  demoqaBase - 🧪 Starting Test Widgets|Auto Complete...
2025-09-11 18:13:29 [main] INFO  demoqaBase - Accessing Widgets Card...
Declared Instance WebDriverWait: org.openqa.selenium.support.ui.WebDriverWait@61628a7
2025-09-11 18:13:29 [main] INFO  demoqaLog - Clicking on Widgets Card...
2025-09-11 18:13:30 [main] INFO  demoqaLog - Clicked on Widgets Card...
Title of this Page is: DEMOQA
You are Accessing: Widgets
 
2025-09-11 18:13:30 [main] INFO  demoqaBase - Widgets: Please select an item from left to start practice.
2025-09-11 18:13:30 [main] INFO  demoqaBase - Clicking on Widgets|AutoComplete...
You are now Accessing: Auto Complete
2025-09-11 18:13:30 [main] INFO  demoqaBase - You are now Accessing: Auto Complete
Searching Colors using: I
Expected Color to be selected is/are: [White, Voilet, Indigo]
2025-09-11 18:13:30 [main] INFO  demoqaBase - 🔍 Running test for search character: I
2025-09-11 18:13:30 [main] INFO  demoqaBase - Clicking on Widgets | Auto Complete | Type multiple color names...
Searching Colors using: I
Expected Color to be selected is/are: [White, Voilet, Indigo]
2025-09-11 18:13:30 [main] INFO  demoqaBase - You are now Accessing: Auto Complete
2025-09-11 18:13:31 [main] INFO  demoqaBase - Available Color: White
2025-09-11 18:13:31 [main] INFO  demoqaBase - ✅ Selected Color: White
2025-09-11 18:13:31 [main] INFO  demoqaBase - Available Color: Voilet
2025-09-11 18:13:31 [main] INFO  demoqaBase - ✅ Selected Color: Voilet
2025-09-11 18:13:32 [main] INFO  demoqaBase - Available Color: Indigo
2025-09-11 18:13:32 [main] INFO  demoqaBase - ✅ Selected Color: Indigo
2025-09-11 18:13:32 [main] INFO  demoqaBase - 🎯 Final selected colors: [White, Voilet, Indigo]
2025-09-11 18:13:32 [main] INFO  demoqaBase - ✅ Widgets|Auto Complete Test Completed...
]]></system-out>
  </testcase>
  <testcase name="AutoCompleteSearch[ColorSelectionData{searchFor=&apos;K&apos;, expectedColors=[Black]}](9)" classname="tests.WidgetsTests" time="1.437">
    <system-out><![CDATA[2025-09-11 18:13:32 [main] INFO  demoqaBase - Closing browser for test: AutoCompleteSearch
2025-09-11 18:13:32 [main] INFO  DriverFactory - 🌐 Starting Chrome Web Browser...
2025-09-11 18:13:32 [main] INFO  DriverFactory - ✅ Created temporary Chrome profile at C:\Users\dell\AppData\Local\Temp\chrome-profile-14866522910818368270
2025-09-11 18:13:34 [main] INFO  DriverFactory - 🚀 WebDriver started successfully
2025-09-11 18:13:34 [main] INFO  RetryUrlAccess - Navigating to URL (attempt 1): https://demoqa.com
2025-09-11 18:13:38 [main] INFO  demoqaBase - 🧪 Starting Test Widgets|Auto Complete...
2025-09-11 18:13:38 [main] INFO  demoqaBase - Accessing Widgets Card...
Declared Instance WebDriverWait: org.openqa.selenium.support.ui.WebDriverWait@6f36e7ca
2025-09-11 18:13:38 [main] INFO  demoqaLog - Clicking on Widgets Card...
2025-09-11 18:13:39 [main] INFO  demoqaLog - Clicked on Widgets Card...
Title of this Page is: DEMOQA
You are Accessing: Widgets
 
2025-09-11 18:13:39 [main] INFO  demoqaBase - Widgets: Please select an item from left to start practice.
2025-09-11 18:13:39 [main] INFO  demoqaBase - Clicking on Widgets|AutoComplete...
You are now Accessing: Auto Complete
2025-09-11 18:13:39 [main] INFO  demoqaBase - You are now Accessing: Auto Complete
Searching Colors using: K
Expected Color to be selected is/are: [Black]
2025-09-11 18:13:39 [main] INFO  demoqaBase - 🔍 Running test for search character: K
2025-09-11 18:13:39 [main] INFO  demoqaBase - Clicking on Widgets | Auto Complete | Type multiple color names...
Searching Colors using: K
Expected Color to be selected is/are: [Black]
2025-09-11 18:13:39 [main] INFO  demoqaBase - You are now Accessing: Auto Complete
2025-09-11 18:13:40 [main] INFO  demoqaBase - Available Color: Black
2025-09-11 18:13:40 [main] INFO  demoqaBase - ✅ Selected Color: Black
2025-09-11 18:13:40 [main] INFO  demoqaBase - 🎯 Final selected colors: [Black]
2025-09-11 18:13:40 [main] INFO  demoqaBase - ✅ Widgets|Auto Complete Test Completed...
]]></system-out>
  </testcase>
  <testcase name="AutoCompleteSearch[ColorSelectionData{searchFor=&apos;L&apos;, expectedColors=[Blue, Yellow, Purple, Black, Voilet]}](10)" classname="tests.WidgetsTests" time="2.665">
    <system-out><![CDATA[2025-09-11 18:13:40 [main] INFO  demoqaBase - Closing browser for test: AutoCompleteSearch
2025-09-11 18:13:40 [main] INFO  DriverFactory - 🌐 Starting Chrome Web Browser...
2025-09-11 18:13:40 [main] INFO  DriverFactory - ✅ Created temporary Chrome profile at C:\Users\dell\AppData\Local\Temp\chrome-profile-1822522352436119514
2025-09-11 18:13:41 [main] INFO  DriverFactory - 🚀 WebDriver started successfully
2025-09-11 18:13:41 [main] INFO  RetryUrlAccess - Navigating to URL (attempt 1): https://demoqa.com
2025-09-11 18:13:50 [main] INFO  demoqaBase - 🧪 Starting Test Widgets|Auto Complete...
2025-09-11 18:13:50 [main] INFO  demoqaBase - Accessing Widgets Card...
Declared Instance WebDriverWait: org.openqa.selenium.support.ui.WebDriverWait@119d8f4
2025-09-11 18:13:50 [main] INFO  demoqaLog - Clicking on Widgets Card...
2025-09-11 18:13:51 [main] INFO  demoqaLog - Clicked on Widgets Card...
Title of this Page is: DEMOQA
You are Accessing: Widgets
 
2025-09-11 18:13:51 [main] INFO  demoqaBase - Widgets: Please select an item from left to start practice.
2025-09-11 18:13:51 [main] INFO  demoqaBase - Clicking on Widgets|AutoComplete...
You are now Accessing: Auto Complete
2025-09-11 18:13:51 [main] INFO  demoqaBase - You are now Accessing: Auto Complete
Searching Colors using: L
Expected Color to be selected is/are: [Blue, Yellow, Purple, Black, Voilet]
2025-09-11 18:13:51 [main] INFO  demoqaBase - 🔍 Running test for search character: L
2025-09-11 18:13:51 [main] INFO  demoqaBase - Clicking on Widgets | Auto Complete | Type multiple color names...
Searching Colors using: L
Expected Color to be selected is/are: [Blue, Yellow, Purple, Black, Voilet]
2025-09-11 18:13:51 [main] INFO  demoqaBase - You are now Accessing: Auto Complete
2025-09-11 18:13:52 [main] INFO  demoqaBase - Available Color: Blue
2025-09-11 18:13:52 [main] INFO  demoqaBase - ✅ Selected Color: Blue
2025-09-11 18:13:52 [main] INFO  demoqaBase - Available Color: Yellow
2025-09-11 18:13:52 [main] INFO  demoqaBase - ✅ Selected Color: Yellow
2025-09-11 18:13:52 [main] INFO  demoqaBase - Available Color: Purple
2025-09-11 18:13:52 [main] INFO  demoqaBase - ✅ Selected Color: Purple
2025-09-11 18:13:52 [main] INFO  demoqaBase - Available Color: Black
2025-09-11 18:13:52 [main] INFO  demoqaBase - ✅ Selected Color: Black
2025-09-11 18:13:53 [main] INFO  demoqaBase - Available Color: Voilet
2025-09-11 18:13:53 [main] INFO  demoqaBase - ✅ Selected Color: Voilet
2025-09-11 18:13:53 [main] INFO  demoqaBase - 🎯 Final selected colors: [Blue, Yellow, Purple, Black, Voilet]
2025-09-11 18:13:53 [main] INFO  demoqaBase - ✅ Widgets|Auto Complete Test Completed...
]]></system-out>
  </testcase>
  <testcase name="AutoCompleteSearch[ColorSelectionData{searchFor=&apos;M&apos;, expectedColors=[Magenta]}](11)" classname="tests.WidgetsTests" time="1.655">
    <system-out><![CDATA[2025-09-11 18:13:53 [main] INFO  demoqaBase - Closing browser for test: AutoCompleteSearch
2025-09-11 18:13:54 [main] INFO  DriverFactory - 🌐 Starting Chrome Web Browser...
2025-09-11 18:13:54 [main] INFO  DriverFactory - ✅ Created temporary Chrome profile at C:\Users\dell\AppData\Local\Temp\chrome-profile-5242030442309093757
2025-09-11 18:13:55 [main] INFO  DriverFactory - 🚀 WebDriver started successfully
2025-09-11 18:13:55 [main] INFO  RetryUrlAccess - Navigating to URL (attempt 1): https://demoqa.com
2025-09-11 18:13:59 [main] INFO  demoqaBase - 🧪 Starting Test Widgets|Auto Complete...
2025-09-11 18:13:59 [main] INFO  demoqaBase - Accessing Widgets Card...
Declared Instance WebDriverWait: org.openqa.selenium.support.ui.WebDriverWait@5f2e6a1d
2025-09-11 18:13:59 [main] INFO  demoqaLog - Clicking on Widgets Card...
2025-09-11 18:13:59 [main] INFO  demoqaLog - Clicked on Widgets Card...
Title of this Page is: DEMOQA
You are Accessing: Widgets
 
2025-09-11 18:14:00 [main] INFO  demoqaBase - Widgets: Please select an item from left to start practice.
2025-09-11 18:14:00 [main] INFO  demoqaBase - Clicking on Widgets|AutoComplete...
You are now Accessing: Auto Complete
2025-09-11 18:14:00 [main] INFO  demoqaBase - You are now Accessing: Auto Complete
Searching Colors using: M
Expected Color to be selected is/are: [Magenta]
2025-09-11 18:14:00 [main] INFO  demoqaBase - 🔍 Running test for search character: M
2025-09-11 18:14:00 [main] INFO  demoqaBase - Clicking on Widgets | Auto Complete | Type multiple color names...
Searching Colors using: M
Expected Color to be selected is/are: [Magenta]
2025-09-11 18:14:00 [main] INFO  demoqaBase - You are now Accessing: Auto Complete
2025-09-11 18:14:01 [main] INFO  demoqaBase - Available Color: Magenta
2025-09-11 18:14:01 [main] INFO  demoqaBase - ✅ Selected Color: Magenta
2025-09-11 18:14:01 [main] INFO  demoqaBase - 🎯 Final selected colors: [Magenta]
2025-09-11 18:14:01 [main] INFO  demoqaBase - ✅ Widgets|Auto Complete Test Completed...
]]></system-out>
  </testcase>
  <testcase name="AutoCompleteSearch[ColorSelectionData{searchFor=&apos;N&apos;, expectedColors=[Green, Indigo, Magenta]}](12)" classname="tests.WidgetsTests" time="1.975">
    <system-out><![CDATA[2025-09-11 18:14:01 [main] INFO  demoqaBase - Closing browser for test: AutoCompleteSearch
2025-09-11 18:14:01 [main] INFO  DriverFactory - 🌐 Starting Chrome Web Browser...
2025-09-11 18:14:01 [main] INFO  DriverFactory - ✅ Created temporary Chrome profile at C:\Users\dell\AppData\Local\Temp\chrome-profile-396316887785582143
2025-09-11 18:14:02 [main] INFO  DriverFactory - 🚀 WebDriver started successfully
2025-09-11 18:14:02 [main] INFO  RetryUrlAccess - Navigating to URL (attempt 1): https://demoqa.com
2025-09-11 18:14:15 [main] INFO  demoqaBase - 🧪 Starting Test Widgets|Auto Complete...
2025-09-11 18:14:15 [main] INFO  demoqaBase - Accessing Widgets Card...
Declared Instance WebDriverWait: org.openqa.selenium.support.ui.WebDriverWait@145dfe02
2025-09-11 18:14:15 [main] INFO  demoqaLog - Clicking on Widgets Card...
2025-09-11 18:14:15 [main] INFO  demoqaLog - Clicked on Widgets Card...
Title of this Page is: DEMOQA
You are Accessing: Widgets
 
2025-09-11 18:14:16 [main] INFO  demoqaBase - Widgets: Please select an item from left to start practice.
2025-09-11 18:14:16 [main] INFO  demoqaBase - Clicking on Widgets|AutoComplete...
You are now Accessing: Auto Complete
2025-09-11 18:14:16 [main] INFO  demoqaBase - You are now Accessing: Auto Complete
Searching Colors using: N
Expected Color to be selected is/are: [Green, Indigo, Magenta]
2025-09-11 18:14:16 [main] INFO  demoqaBase - 🔍 Running test for search character: N
2025-09-11 18:14:16 [main] INFO  demoqaBase - Clicking on Widgets | Auto Complete | Type multiple color names...
Searching Colors using: N
Expected Color to be selected is/are: [Green, Indigo, Magenta]
2025-09-11 18:14:16 [main] INFO  demoqaBase - You are now Accessing: Auto Complete
2025-09-11 18:14:16 [main] INFO  demoqaBase - Available Color: Green
2025-09-11 18:14:16 [main] INFO  demoqaBase - ✅ Selected Color: Green
2025-09-11 18:14:17 [main] INFO  demoqaBase - Available Color: Indigo
2025-09-11 18:14:17 [main] INFO  demoqaBase - ✅ Selected Color: Indigo
2025-09-11 18:14:17 [main] INFO  demoqaBase - Available Color: Magenta
2025-09-11 18:14:17 [main] INFO  demoqaBase - ✅ Selected Color: Magenta
2025-09-11 18:14:17 [main] INFO  demoqaBase - 🎯 Final selected colors: [Green, Indigo, Magenta]
2025-09-11 18:14:17 [main] INFO  demoqaBase - ✅ Widgets|Auto Complete Test Completed...
]]></system-out>
  </testcase>
  <testcase name="AutoCompleteSearch[ColorSelectionData{searchFor=&apos;O&apos;, expectedColors=[Yellow, Voilet, Indigo]}](13)" classname="tests.WidgetsTests" time="2.643">
    <system-out><![CDATA[2025-09-11 18:14:17 [main] INFO  demoqaBase - Closing browser for test: AutoCompleteSearch
2025-09-11 18:14:17 [main] INFO  DriverFactory - 🌐 Starting Chrome Web Browser...
2025-09-11 18:14:17 [main] INFO  DriverFactory - ✅ Created temporary Chrome profile at C:\Users\dell\AppData\Local\Temp\chrome-profile-18194242240835799642
2025-09-11 18:14:19 [main] INFO  DriverFactory - 🚀 WebDriver started successfully
2025-09-11 18:14:19 [main] INFO  RetryUrlAccess - Navigating to URL (attempt 1): https://demoqa.com
2025-09-11 18:14:54 [main] INFO  demoqaBase - 🧪 Starting Test Widgets|Auto Complete...
2025-09-11 18:14:54 [main] INFO  demoqaBase - Accessing Widgets Card...
Declared Instance WebDriverWait: org.openqa.selenium.support.ui.WebDriverWait@1b6deaf5
2025-09-11 18:14:54 [main] INFO  demoqaLog - Clicking on Widgets Card...
2025-09-11 18:14:54 [main] INFO  demoqaLog - Clicked on Widgets Card...
Title of this Page is: DEMOQA
You are Accessing: Widgets
 
2025-09-11 18:14:54 [main] INFO  demoqaBase - Widgets: Please select an item from left to start practice.
2025-09-11 18:14:54 [main] INFO  demoqaBase - Clicking on Widgets|AutoComplete...
You are now Accessing: Auto Complete
2025-09-11 18:14:54 [main] INFO  demoqaBase - You are now Accessing: Auto Complete
Searching Colors using: O
Expected Color to be selected is/are: [Yellow, Voilet, Indigo]
2025-09-11 18:14:54 [main] INFO  demoqaBase - 🔍 Running test for search character: O
2025-09-11 18:14:54 [main] INFO  demoqaBase - Clicking on Widgets | Auto Complete | Type multiple color names...
Searching Colors using: O
Expected Color to be selected is/are: [Yellow, Voilet, Indigo]
2025-09-11 18:14:55 [main] INFO  demoqaBase - You are now Accessing: Auto Complete
2025-09-11 18:14:55 [main] INFO  demoqaBase - Available Color: Yellow
2025-09-11 18:14:55 [main] INFO  demoqaBase - ✅ Selected Color: Yellow
2025-09-11 18:14:56 [main] INFO  demoqaBase - Available Color: Voilet
2025-09-11 18:14:56 [main] INFO  demoqaBase - ✅ Selected Color: Voilet
2025-09-11 18:14:56 [main] INFO  demoqaBase - Available Color: Indigo
2025-09-11 18:14:56 [main] INFO  demoqaBase - ✅ Selected Color: Indigo
2025-09-11 18:14:56 [main] INFO  demoqaBase - 🎯 Final selected colors: [Yellow, Voilet, Indigo]
2025-09-11 18:14:56 [main] INFO  demoqaBase - ✅ Widgets|Auto Complete Test Completed...
]]></system-out>
  </testcase>
  <testcase name="AutoCompleteSearch[ColorSelectionData{searchFor=&apos;P&apos;, expectedColors=[Purple]}](14)" classname="tests.WidgetsTests" time="1.607">
    <system-out><![CDATA[2025-09-11 18:14:56 [main] INFO  demoqaBase - Closing browser for test: AutoCompleteSearch
2025-09-11 18:14:57 [main] INFO  DriverFactory - 🌐 Starting Chrome Web Browser...
2025-09-11 18:14:57 [main] INFO  DriverFactory - ✅ Created temporary Chrome profile at C:\Users\dell\AppData\Local\Temp\chrome-profile-16508754884205008383
2025-09-11 18:14:58 [main] INFO  DriverFactory - 🚀 WebDriver started successfully
2025-09-11 18:14:58 [main] INFO  RetryUrlAccess - Navigating to URL (attempt 1): https://demoqa.com
2025-09-11 18:15:10 [main] INFO  demoqaBase - 🧪 Starting Test Widgets|Auto Complete...
2025-09-11 18:15:10 [main] INFO  demoqaBase - Accessing Widgets Card...
Declared Instance WebDriverWait: org.openqa.selenium.support.ui.WebDriverWait@2969da2c
2025-09-11 18:15:10 [main] INFO  demoqaLog - Clicking on Widgets Card...
2025-09-11 18:15:11 [main] INFO  demoqaLog - Clicked on Widgets Card...
Title of this Page is: DEMOQA
You are Accessing: Widgets
 
2025-09-11 18:15:11 [main] INFO  demoqaBase - Widgets: Please select an item from left to start practice.
2025-09-11 18:15:11 [main] INFO  demoqaBase - Clicking on Widgets|AutoComplete...
You are now Accessing: Auto Complete
2025-09-11 18:15:11 [main] INFO  demoqaBase - You are now Accessing: Auto Complete
Searching Colors using: P
Expected Color to be selected is/are: [Purple]
2025-09-11 18:15:11 [main] INFO  demoqaBase - 🔍 Running test for search character: P
2025-09-11 18:15:11 [main] INFO  demoqaBase - Clicking on Widgets | Auto Complete | Type multiple color names...
Searching Colors using: P
Expected Color to be selected is/are: [Purple]
2025-09-11 18:15:11 [main] INFO  demoqaBase - You are now Accessing: Auto Complete
2025-09-11 18:15:12 [main] INFO  demoqaBase - Available Color: Purple
2025-09-11 18:15:12 [main] INFO  demoqaBase - ✅ Selected Color: Purple
2025-09-11 18:15:12 [main] INFO  demoqaBase - 🎯 Final selected colors: [Purple]
2025-09-11 18:15:12 [main] INFO  demoqaBase - ✅ Widgets|Auto Complete Test Completed...
]]></system-out>
  </testcase>
  <testcase name="AutoCompleteSearch[ColorSelectionData{searchFor=&apos;Q&apos;, expectedColors=[Aqua]}](15)" classname="tests.WidgetsTests" time="1.144">
    <system-out><![CDATA[2025-09-11 18:15:12 [main] INFO  demoqaBase - Closing browser for test: AutoCompleteSearch
2025-09-11 18:15:12 [main] INFO  DriverFactory - 🌐 Starting Chrome Web Browser...
2025-09-11 18:15:12 [main] INFO  DriverFactory - ✅ Created temporary Chrome profile at C:\Users\dell\AppData\Local\Temp\chrome-profile-1336149140604448526
2025-09-11 18:15:15 [main] INFO  DriverFactory - 🚀 WebDriver started successfully
2025-09-11 18:15:15 [main] INFO  RetryUrlAccess - Navigating to URL (attempt 1): https://demoqa.com
2025-09-11 18:15:20 [main] INFO  demoqaBase - 🧪 Starting Test Widgets|Auto Complete...
2025-09-11 18:15:20 [main] INFO  demoqaBase - Accessing Widgets Card...
Declared Instance WebDriverWait: org.openqa.selenium.support.ui.WebDriverWait@21ec413c
2025-09-11 18:15:20 [main] INFO  demoqaLog - Clicking on Widgets Card...
2025-09-11 18:15:20 [main] INFO  demoqaLog - Clicked on Widgets Card...
Title of this Page is: DEMOQA
You are Accessing: Widgets
 
2025-09-11 18:15:20 [main] INFO  demoqaBase - Widgets: Please select an item from left to start practice.
2025-09-11 18:15:20 [main] INFO  demoqaBase - Clicking on Widgets|AutoComplete...
You are now Accessing: Auto Complete
2025-09-11 18:15:20 [main] INFO  demoqaBase - You are now Accessing: Auto Complete
Searching Colors using: Q
Expected Color to be selected is/are: [Aqua]
2025-09-11 18:15:20 [main] INFO  demoqaBase - 🔍 Running test for search character: Q
2025-09-11 18:15:20 [main] INFO  demoqaBase - Clicking on Widgets | Auto Complete | Type multiple color names...
Searching Colors using: Q
Expected Color to be selected is/are: [Aqua]
2025-09-11 18:15:20 [main] INFO  demoqaBase - You are now Accessing: Auto Complete
2025-09-11 18:15:21 [main] INFO  demoqaBase - Available Color: Aqua
2025-09-11 18:15:21 [main] INFO  demoqaBase - ✅ Selected Color: Aqua
2025-09-11 18:15:21 [main] INFO  demoqaBase - 🎯 Final selected colors: [Aqua]
2025-09-11 18:15:21 [main] INFO  demoqaBase - ✅ Widgets|Auto Complete Test Completed...
]]></system-out>
  </testcase>
  <testcase name="AutoCompleteSearch[ColorSelectionData{searchFor=&apos;R&apos;, expectedColors=[Red, Green, Purple]}](16)" classname="tests.WidgetsTests" time="2.208">
    <system-out><![CDATA[2025-09-11 18:15:21 [main] INFO  demoqaBase - Closing browser for test: AutoCompleteSearch
2025-09-11 18:15:22 [main] INFO  DriverFactory - 🌐 Starting Chrome Web Browser...
2025-09-11 18:15:22 [main] INFO  DriverFactory - ✅ Created temporary Chrome profile at C:\Users\dell\AppData\Local\Temp\chrome-profile-14488453320224804906
2025-09-11 18:15:23 [main] INFO  DriverFactory - 🚀 WebDriver started successfully
2025-09-11 18:15:23 [main] INFO  RetryUrlAccess - Navigating to URL (attempt 1): https://demoqa.com
2025-09-11 18:15:36 [main] INFO  demoqaBase - 🧪 Starting Test Widgets|Auto Complete...
2025-09-11 18:15:36 [main] INFO  demoqaBase - Accessing Widgets Card...
Declared Instance WebDriverWait: org.openqa.selenium.support.ui.WebDriverWait@1df67558
2025-09-11 18:15:36 [main] INFO  demoqaLog - Clicking on Widgets Card...
2025-09-11 18:15:36 [main] INFO  demoqaLog - Clicked on Widgets Card...
Title of this Page is: DEMOQA
You are Accessing: Widgets
 
2025-09-11 18:15:36 [main] INFO  demoqaBase - Widgets: Please select an item from left to start practice.
2025-09-11 18:15:36 [main] INFO  demoqaBase - Clicking on Widgets|AutoComplete...
You are now Accessing: Auto Complete
2025-09-11 18:15:37 [main] INFO  demoqaBase - You are now Accessing: Auto Complete
Searching Colors using: R
Expected Color to be selected is/are: [Red, Green, Purple]
2025-09-11 18:15:37 [main] INFO  demoqaBase - 🔍 Running test for search character: R
2025-09-11 18:15:37 [main] INFO  demoqaBase - Clicking on Widgets | Auto Complete | Type multiple color names...
Searching Colors using: R
Expected Color to be selected is/are: [Red, Green, Purple]
2025-09-11 18:15:37 [main] INFO  demoqaBase - You are now Accessing: Auto Complete
2025-09-11 18:15:37 [main] INFO  demoqaBase - Available Color: Red
2025-09-11 18:15:37 [main] INFO  demoqaBase - ✅ Selected Color: Red
2025-09-11 18:15:37 [main] INFO  demoqaBase - Available Color: Green
2025-09-11 18:15:37 [main] INFO  demoqaBase - ✅ Selected Color: Green
2025-09-11 18:15:38 [main] INFO  demoqaBase - Available Color: Purple
2025-09-11 18:15:38 [main] INFO  demoqaBase - ✅ Selected Color: Purple
2025-09-11 18:15:38 [main] INFO  demoqaBase - 🎯 Final selected colors: [Red, Green, Purple]
2025-09-11 18:15:38 [main] INFO  demoqaBase - ✅ Widgets|Auto Complete Test Completed...
]]></system-out>
  </testcase>
  <testcase name="AutoCompleteSearch[ColorSelectionData{searchFor=&apos;T&apos;, expectedColors=[White, Voilet, Magenta]}](17)" classname="tests.WidgetsTests" time="2.048">
    <system-out><![CDATA[2025-09-11 18:15:38 [main] INFO  demoqaBase - Closing browser for test: AutoCompleteSearch
2025-09-11 18:15:39 [main] INFO  DriverFactory - 🌐 Starting Chrome Web Browser...
2025-09-11 18:15:39 [main] INFO  DriverFactory - ✅ Created temporary Chrome profile at C:\Users\dell\AppData\Local\Temp\chrome-profile-2246805998626464045
2025-09-11 18:15:40 [main] INFO  DriverFactory - 🚀 WebDriver started successfully
2025-09-11 18:15:40 [main] INFO  RetryUrlAccess - Navigating to URL (attempt 1): https://demoqa.com
2025-09-11 18:15:44 [main] INFO  demoqaBase - 🧪 Starting Test Widgets|Auto Complete...
2025-09-11 18:15:44 [main] INFO  demoqaBase - Accessing Widgets Card...
Declared Instance WebDriverWait: org.openqa.selenium.support.ui.WebDriverWait@6ae15bdc
2025-09-11 18:15:44 [main] INFO  demoqaLog - Clicking on Widgets Card...
2025-09-11 18:15:45 [main] INFO  demoqaLog - Clicked on Widgets Card...
Title of this Page is: DEMOQA
You are Accessing: Widgets
 
2025-09-11 18:15:45 [main] INFO  demoqaBase - Widgets: Please select an item from left to start practice.
2025-09-11 18:15:45 [main] INFO  demoqaBase - Clicking on Widgets|AutoComplete...
You are now Accessing: Auto Complete
2025-09-11 18:15:45 [main] INFO  demoqaBase - You are now Accessing: Auto Complete
Searching Colors using: T
Expected Color to be selected is/are: [White, Voilet, Magenta]
2025-09-11 18:15:45 [main] INFO  demoqaBase - 🔍 Running test for search character: T
2025-09-11 18:15:45 [main] INFO  demoqaBase - Clicking on Widgets | Auto Complete | Type multiple color names...
Searching Colors using: T
Expected Color to be selected is/are: [White, Voilet, Magenta]
2025-09-11 18:15:45 [main] INFO  demoqaBase - You are now Accessing: Auto Complete
2025-09-11 18:15:45 [main] INFO  demoqaBase - Available Color: White
2025-09-11 18:15:46 [main] INFO  demoqaBase - ✅ Selected Color: White
2025-09-11 18:15:46 [main] INFO  demoqaBase - Available Color: Voilet
2025-09-11 18:15:46 [main] INFO  demoqaBase - ✅ Selected Color: Voilet
2025-09-11 18:15:46 [main] INFO  demoqaBase - Available Color: Magenta
2025-09-11 18:15:46 [main] INFO  demoqaBase - ✅ Selected Color: Magenta
2025-09-11 18:15:46 [main] INFO  demoqaBase - 🎯 Final selected colors: [White, Voilet, Magenta]
2025-09-11 18:15:46 [main] INFO  demoqaBase - ✅ Widgets|Auto Complete Test Completed...
]]></system-out>
  </testcase>
  <testcase name="AutoCompleteSearch[ColorSelectionData{searchFor=&apos;U&apos;, expectedColors=[Blue, Purple, Aqua]}](18)" classname="tests.WidgetsTests" time="2.402">
    <system-out><![CDATA[2025-09-11 18:15:46 [main] INFO  demoqaBase - Closing browser for test: AutoCompleteSearch
2025-09-11 18:15:47 [main] INFO  DriverFactory - 🌐 Starting Chrome Web Browser...
2025-09-11 18:15:47 [main] INFO  DriverFactory - ✅ Created temporary Chrome profile at C:\Users\dell\AppData\Local\Temp\chrome-profile-14957048044288827207
2025-09-11 18:15:48 [main] INFO  DriverFactory - 🚀 WebDriver started successfully
2025-09-11 18:15:48 [main] INFO  RetryUrlAccess - Navigating to URL (attempt 1): https://demoqa.com
2025-09-11 18:15:53 [main] INFO  demoqaBase - 🧪 Starting Test Widgets|Auto Complete...
2025-09-11 18:15:53 [main] INFO  demoqaBase - Accessing Widgets Card...
Declared Instance WebDriverWait: org.openqa.selenium.support.ui.WebDriverWait@6b48b8a2
2025-09-11 18:15:53 [main] INFO  demoqaLog - Clicking on Widgets Card...
2025-09-11 18:15:53 [main] INFO  demoqaLog - Clicked on Widgets Card...
Title of this Page is: DEMOQA
You are Accessing: Widgets
 
2025-09-11 18:15:53 [main] INFO  demoqaBase - Widgets: Please select an item from left to start practice.
2025-09-11 18:15:53 [main] INFO  demoqaBase - Clicking on Widgets|AutoComplete...
You are now Accessing: Auto Complete
2025-09-11 18:15:53 [main] INFO  demoqaBase - You are now Accessing: Auto Complete
Searching Colors using: U
Expected Color to be selected is/are: [Blue, Purple, Aqua]
2025-09-11 18:15:53 [main] INFO  demoqaBase - 🔍 Running test for search character: U
2025-09-11 18:15:53 [main] INFO  demoqaBase - Clicking on Widgets | Auto Complete | Type multiple color names...
Searching Colors using: U
Expected Color to be selected is/are: [Blue, Purple, Aqua]
2025-09-11 18:15:53 [main] INFO  demoqaBase - You are now Accessing: Auto Complete
2025-09-11 18:15:54 [main] INFO  demoqaBase - Available Color: Blue
2025-09-11 18:15:54 [main] INFO  demoqaBase - ✅ Selected Color: Blue
2025-09-11 18:15:54 [main] INFO  demoqaBase - Available Color: Purple
2025-09-11 18:15:55 [main] INFO  demoqaBase - ✅ Selected Color: Purple
2025-09-11 18:15:55 [main] INFO  demoqaBase - Available Color: Aqua
2025-09-11 18:15:55 [main] INFO  demoqaBase - ✅ Selected Color: Aqua
2025-09-11 18:15:55 [main] INFO  demoqaBase - 🎯 Final selected colors: [Blue, Purple, Aqua]
2025-09-11 18:15:55 [main] INFO  demoqaBase - ✅ Widgets|Auto Complete Test Completed...
]]></system-out>
  </testcase>
  <testcase name="AutoCompleteSearch[ColorSelectionData{searchFor=&apos;V&apos;, expectedColors=[Voilet]}](19)" classname="tests.WidgetsTests" time="1.396">
    <system-out><![CDATA[2025-09-11 18:15:55 [main] INFO  demoqaBase - Closing browser for test: AutoCompleteSearch
2025-09-11 18:15:55 [main] INFO  DriverFactory - 🌐 Starting Chrome Web Browser...
2025-09-11 18:15:55 [main] INFO  DriverFactory - ✅ Created temporary Chrome profile at C:\Users\dell\AppData\Local\Temp\chrome-profile-3704855443799235727
2025-09-11 18:15:57 [main] INFO  DriverFactory - 🚀 WebDriver started successfully
2025-09-11 18:15:57 [main] INFO  RetryUrlAccess - Navigating to URL (attempt 1): https://demoqa.com
2025-09-11 18:16:08 [main] INFO  demoqaBase - 🧪 Starting Test Widgets|Auto Complete...
2025-09-11 18:16:08 [main] INFO  demoqaBase - Accessing Widgets Card...
Declared Instance WebDriverWait: org.openqa.selenium.support.ui.WebDriverWait@1b87f5c8
2025-09-11 18:16:08 [main] INFO  demoqaLog - Clicking on Widgets Card...
2025-09-11 18:16:08 [main] INFO  demoqaLog - Clicked on Widgets Card...
Title of this Page is: DEMOQA
You are Accessing: Widgets
 
2025-09-11 18:16:08 [main] INFO  demoqaBase - Widgets: Please select an item from left to start practice.
2025-09-11 18:16:08 [main] INFO  demoqaBase - Clicking on Widgets|AutoComplete...
You are now Accessing: Auto Complete
2025-09-11 18:16:08 [main] INFO  demoqaBase - You are now Accessing: Auto Complete
Searching Colors using: V
Expected Color to be selected is/are: [Voilet]
2025-09-11 18:16:08 [main] INFO  demoqaBase - 🔍 Running test for search character: V
2025-09-11 18:16:08 [main] INFO  demoqaBase - Clicking on Widgets | Auto Complete | Type multiple color names...
Searching Colors using: V
Expected Color to be selected is/are: [Voilet]
2025-09-11 18:16:09 [main] INFO  demoqaBase - You are now Accessing: Auto Complete
2025-09-11 18:16:09 [main] INFO  demoqaBase - Available Color: Voilet
2025-09-11 18:16:09 [main] INFO  demoqaBase - ✅ Selected Color: Voilet
2025-09-11 18:16:09 [main] INFO  demoqaBase - 🎯 Final selected colors: [Voilet]
2025-09-11 18:16:09 [main] INFO  demoqaBase - ✅ Widgets|Auto Complete Test Completed...
]]></system-out>
  </testcase>
  <testcase name="AutoCompleteSearch[ColorSelectionData{searchFor=&apos;W&apos;, expectedColors=[Yellow, White]}](20)" classname="tests.WidgetsTests" time="2.054">
    <system-out><![CDATA[2025-09-11 18:16:09 [main] INFO  demoqaBase - Closing browser for test: AutoCompleteSearch
2025-09-11 18:16:09 [main] INFO  DriverFactory - 🌐 Starting Chrome Web Browser...
2025-09-11 18:16:09 [main] INFO  DriverFactory - ✅ Created temporary Chrome profile at C:\Users\dell\AppData\Local\Temp\chrome-profile-17754513787697455041
2025-09-11 18:16:11 [main] INFO  DriverFactory - 🚀 WebDriver started successfully
2025-09-11 18:16:11 [main] INFO  RetryUrlAccess - Navigating to URL (attempt 1): https://demoqa.com
2025-09-11 18:16:17 [main] INFO  demoqaBase - 🧪 Starting Test Widgets|Auto Complete...
2025-09-11 18:16:17 [main] INFO  demoqaBase - Accessing Widgets Card...
Declared Instance WebDriverWait: org.openqa.selenium.support.ui.WebDriverWait@6c2b2e65
2025-09-11 18:16:17 [main] INFO  demoqaLog - Clicking on Widgets Card...
2025-09-11 18:16:17 [main] INFO  demoqaLog - Clicked on Widgets Card...
Title of this Page is: DEMOQA
You are Accessing: Widgets
 
2025-09-11 18:16:17 [main] INFO  demoqaBase - Widgets: Please select an item from left to start practice.
2025-09-11 18:16:17 [main] INFO  demoqaBase - Clicking on Widgets|AutoComplete...
You are now Accessing: Auto Complete
2025-09-11 18:16:18 [main] INFO  demoqaBase - You are now Accessing: Auto Complete
Searching Colors using: W
Expected Color to be selected is/are: [Yellow, White]
2025-09-11 18:16:18 [main] INFO  demoqaBase - 🔍 Running test for search character: W
2025-09-11 18:16:18 [main] INFO  demoqaBase - Clicking on Widgets | Auto Complete | Type multiple color names...
Searching Colors using: W
Expected Color to be selected is/are: [Yellow, White]
2025-09-11 18:16:18 [main] INFO  demoqaBase - You are now Accessing: Auto Complete
2025-09-11 18:16:18 [main] INFO  demoqaBase - Available Color: Yellow
2025-09-11 18:16:18 [main] INFO  demoqaBase - ✅ Selected Color: Yellow
2025-09-11 18:16:18 [main] INFO  demoqaBase - Available Color: White
2025-09-11 18:16:19 [main] INFO  demoqaBase - ✅ Selected Color: White
2025-09-11 18:16:19 [main] INFO  demoqaBase - 🎯 Final selected colors: [Yellow, White]
2025-09-11 18:16:19 [main] INFO  demoqaBase - ✅ Widgets|Auto Complete Test Completed...
]]></system-out>
  </testcase>
  <testcase name="AutoCompleteSearch[ColorSelectionData{searchFor=&apos;Y&apos;, expectedColors=[Yellow]}](21)" classname="tests.WidgetsTests" time="1.369">
    <system-out><![CDATA[2025-09-11 18:16:19 [main] INFO  demoqaBase - Closing browser for test: AutoCompleteSearch
2025-09-11 18:16:19 [main] INFO  DriverFactory - 🌐 Starting Chrome Web Browser...
2025-09-11 18:16:19 [main] INFO  DriverFactory - ✅ Created temporary Chrome profile at C:\Users\dell\AppData\Local\Temp\chrome-profile-269940685760042153
2025-09-11 18:16:20 [main] INFO  DriverFactory - 🚀 WebDriver started successfully
2025-09-11 18:16:20 [main] INFO  RetryUrlAccess - Navigating to URL (attempt 1): https://demoqa.com
2025-09-11 18:16:31 [main] INFO  demoqaBase - 🧪 Starting Test Widgets|Auto Complete...
2025-09-11 18:16:31 [main] INFO  demoqaBase - Accessing Widgets Card...
Declared Instance WebDriverWait: org.openqa.selenium.support.ui.WebDriverWait@76619aa2
2025-09-11 18:16:31 [main] INFO  demoqaLog - Clicking on Widgets Card...
2025-09-11 18:16:32 [main] INFO  demoqaLog - Clicked on Widgets Card...
Title of this Page is: DEMOQA
You are Accessing: Widgets
 
2025-09-11 18:16:32 [main] INFO  demoqaBase - Widgets: Please select an item from left to start practice.
2025-09-11 18:16:32 [main] INFO  demoqaBase - Clicking on Widgets|AutoComplete...
You are now Accessing: Auto Complete
2025-09-11 18:16:32 [main] INFO  demoqaBase - You are now Accessing: Auto Complete
Searching Colors using: Y
Expected Color to be selected is/are: [Yellow]
2025-09-11 18:16:32 [main] INFO  demoqaBase - 🔍 Running test for search character: Y
2025-09-11 18:16:32 [main] INFO  demoqaBase - Clicking on Widgets | Auto Complete | Type multiple color names...
Searching Colors using: Y
Expected Color to be selected is/are: [Yellow]
2025-09-11 18:16:32 [main] INFO  demoqaBase - You are now Accessing: Auto Complete
2025-09-11 18:16:33 [main] INFO  demoqaBase - Available Color: Yellow
2025-09-11 18:16:33 [main] INFO  demoqaBase - ✅ Selected Color: Yellow
2025-09-11 18:16:33 [main] INFO  demoqaBase - 🎯 Final selected colors: [Yellow]
2025-09-11 18:16:33 [main] INFO  demoqaBase - ✅ Widgets|Auto Complete Test Completed...
]]></system-out>
  </testcase>
  <testcase name="AutoCompleteSearchRemove[ColorSelectionData{searchFor=&apos;E&apos;, expectedColors=[Green, Yellow]}](1)" classname="tests.WidgetsTests" time="6.656">
    <system-out><![CDATA[2025-09-11 18:16:33 [main] INFO  demoqaBase - Closing browser for test: AutoCompleteSearch
2025-09-11 18:16:33 [main] WARN  PauseManager - ⏸ Pausing for 5 minutes after 120 tests...
2025-09-11 18:16:33 [main] INFO  PauseManager - ▶ Resuming in 5 minutes...
2025-09-11 18:17:34 [main] INFO  PauseManager - ▶ Resuming in 4 minutes...
2025-09-11 18:18:34 [main] INFO  PauseManager - ▶ Resuming in 3 minutes...
2025-09-11 18:19:34 [main] INFO  PauseManager - ▶ Resuming in 2 minutes...
2025-09-11 18:20:35 [main] INFO  PauseManager - ▶ Resuming in 1 minutes...
2025-09-11 18:21:25 [main] INFO  PauseManager - ▶ Resuming in 10 seconds...
2025-09-11 18:21:26 [main] INFO  PauseManager - ▶ Resuming in 9 seconds...
2025-09-11 18:21:27 [main] INFO  PauseManager - ▶ Resuming in 8 seconds...
2025-09-11 18:21:28 [main] INFO  PauseManager - ▶ Resuming in 7 seconds...
2025-09-11 18:21:29 [main] INFO  PauseManager - ▶ Resuming in 6 seconds...
2025-09-11 18:21:30 [main] INFO  PauseManager - ▶ Resuming in 5 seconds...
2025-09-11 18:21:31 [main] INFO  PauseManager - ▶ Resuming in 4 seconds...
2025-09-11 18:21:32 [main] INFO  PauseManager - ▶ Resuming in 3 seconds...
2025-09-11 18:21:33 [main] INFO  PauseManager - ▶ Resuming in 2 seconds...
2025-09-11 18:21:34 [main] INFO  PauseManager - ▶ Resuming in 1 seconds...
2025-09-11 18:21:35 [main] INFO  PauseManager - ✅ Pause complete. Resuming tests...
🧾 Row 1: {SearchFor=E, ExpectedColors=Green,Yellow}
🔍 Mapping field: searchFor | Excel Column: SearchFor | Value: E
🔍 Mapping field: expectedColorsRaw | Excel Column: ExpectedColors | Value: Green,Yellow
2025-09-11 18:21:35 [main] INFO  DriverFactory - 🌐 Starting Chrome Web Browser...
2025-09-11 18:21:35 [main] INFO  DriverFactory - ✅ Created temporary Chrome profile at C:\Users\dell\AppData\Local\Temp\chrome-profile-8080265223468257840
2025-09-11 18:21:36 [main] INFO  DriverFactory - 🚀 WebDriver started successfully
2025-09-11 18:21:36 [main] INFO  RetryUrlAccess - Navigating to URL (attempt 1): https://demoqa.com
2025-09-11 18:21:43 [main] INFO  demoqaBase - 🧪 Starting Test Widgets|Auto Complete - Select & Remove Flow
2025-09-11 18:21:43 [main] INFO  demoqaBase - Accessing Widgets Card...
Declared Instance WebDriverWait: org.openqa.selenium.support.ui.WebDriverWait@122b11ef
2025-09-11 18:21:43 [main] INFO  demoqaLog - Clicking on Widgets Card...
2025-09-11 18:21:44 [main] INFO  demoqaLog - Clicked on Widgets Card...
Title of this Page is: DEMOQA
You are Accessing: Widgets
 
2025-09-11 18:21:44 [main] INFO  demoqaBase - Widgets: Please select an item from left to start practice.
2025-09-11 18:21:44 [main] INFO  demoqaBase - Clicking on Widgets|AutoComplete...
You are now Accessing: Auto Complete
2025-09-11 18:21:44 [main] INFO  demoqaBase - You are now Accessing: Auto Complete
🧾 Row 1: {SearchFor=A, ExpectedColors=Black,Magenta,Aqua}
🔍 Mapping field: searchFor | Excel Column: SearchFor | Value: A
🔍 Mapping field: expectedColorsRaw | Excel Column: ExpectedColors | Value: Black,Magenta,Aqua
🧾 Row 2: {SearchFor=B, ExpectedColors=Blue,Black}
🔍 Mapping field: searchFor | Excel Column: SearchFor | Value: B
🔍 Mapping field: expectedColorsRaw | Excel Column: ExpectedColors | Value: Blue,Black
🧾 Row 3: {SearchFor=C, ExpectedColors=Black}
🔍 Mapping field: searchFor | Excel Column: SearchFor | Value: C
🔍 Mapping field: expectedColorsRaw | Excel Column: ExpectedColors | Value: Black
🧾 Row 4: {SearchFor=D, ExpectedColors=Red,Indigo}
🔍 Mapping field: searchFor | Excel Column: SearchFor | Value: D
🔍 Mapping field: expectedColorsRaw | Excel Column: ExpectedColors | Value: Red,Indigo
🧾 Row 5: {SearchFor=E, ExpectedColors=Red,Blue,Green,Yellow,Purple,White,Voilet,Magenta}
🔍 Mapping field: searchFor | Excel Column: SearchFor | Value: E
🔍 Mapping field: expectedColorsRaw | Excel Column: ExpectedColors | Value: Red,Blue,Green,Yellow,Purple,White,Voilet,Magenta
🧾 Row 6: {SearchFor=G, ExpectedColors=Green,Indigo,Magenta}
🔍 Mapping field: searchFor | Excel Column: SearchFor | Value: G
🔍 Mapping field: expectedColorsRaw | Excel Column: ExpectedColors | Value: Green,Indigo,Magenta
🧾 Row 7: {SearchFor=H, ExpectedColors=White}
🔍 Mapping field: searchFor | Excel Column: SearchFor | Value: H
🔍 Mapping field: expectedColorsRaw | Excel Column: ExpectedColors | Value: White
🧾 Row 8: {SearchFor=I, ExpectedColors=White,Voilet,Indigo}
🔍 Mapping field: searchFor | Excel Column: SearchFor | Value: I
🔍 Mapping field: expectedColorsRaw | Excel Column: ExpectedColors | Value: White,Voilet,Indigo
🧾 Row 9: {SearchFor=K, ExpectedColors=Black}
🔍 Mapping field: searchFor | Excel Column: SearchFor | Value: K
🔍 Mapping field: expectedColorsRaw | Excel Column: ExpectedColors | Value: Black
🧾 Row 10: {SearchFor=L, ExpectedColors=Blue,Yellow,Purple,Black,Voilet}
🔍 Mapping field: searchFor | Excel Column: SearchFor | Value: L
🔍 Mapping field: expectedColorsRaw | Excel Column: ExpectedColors | Value: Blue,Yellow,Purple,Black,Voilet
🧾 Row 11: {SearchFor=M, ExpectedColors=Magenta}
🔍 Mapping field: searchFor | Excel Column: SearchFor | Value: M
🔍 Mapping field: expectedColorsRaw | Excel Column: ExpectedColors | Value: Magenta
🧾 Row 12: {SearchFor=N, ExpectedColors=Green,Indigo,Magenta}
🔍 Mapping field: searchFor | Excel Column: SearchFor | Value: N
🔍 Mapping field: expectedColorsRaw | Excel Column: ExpectedColors | Value: Green,Indigo,Magenta
🧾 Row 13: {SearchFor=O, ExpectedColors=Yellow,Voilet,Indigo}
🔍 Mapping field: searchFor | Excel Column: SearchFor | Value: O
🔍 Mapping field: expectedColorsRaw | Excel Column: ExpectedColors | Value: Yellow,Voilet,Indigo
🧾 Row 14: {SearchFor=P, ExpectedColors=Purple}
🔍 Mapping field: searchFor | Excel Column: SearchFor | Value: P
🔍 Mapping field: expectedColorsRaw | Excel Column: ExpectedColors | Value: Purple
🧾 Row 15: {SearchFor=Q, ExpectedColors=Aqua}
🔍 Mapping field: searchFor | Excel Column: SearchFor | Value: Q
🔍 Mapping field: expectedColorsRaw | Excel Column: ExpectedColors | Value: Aqua
🧾 Row 16: {SearchFor=R, ExpectedColors=Red,Green,Purple}
🔍 Mapping field: searchFor | Excel Column: SearchFor | Value: R
🔍 Mapping field: expectedColorsRaw | Excel Column: ExpectedColors | Value: Red,Green,Purple
🧾 Row 17: {SearchFor=T, ExpectedColors=White,Voilet,Magenta}
🔍 Mapping field: searchFor | Excel Column: SearchFor | Value: T
🔍 Mapping field: expectedColorsRaw | Excel Column: ExpectedColors | Value: White,Voilet,Magenta
🧾 Row 18: {SearchFor=U, ExpectedColors=Blue,Purple,Aqua}
🔍 Mapping field: searchFor | Excel Column: SearchFor | Value: U
🔍 Mapping field: expectedColorsRaw | Excel Column: ExpectedColors | Value: Blue,Purple,Aqua
🧾 Row 19: {SearchFor=V, ExpectedColors=Voilet}
🔍 Mapping field: searchFor | Excel Column: SearchFor | Value: V
🔍 Mapping field: expectedColorsRaw | Excel Column: ExpectedColors | Value: Voilet
🧾 Row 20: {SearchFor=W, ExpectedColors=Yellow,White}
🔍 Mapping field: searchFor | Excel Column: SearchFor | Value: W
🔍 Mapping field: expectedColorsRaw | Excel Column: ExpectedColors | Value: Yellow,White
🧾 Row 21: {SearchFor=Y, ExpectedColors=Yellow}
🔍 Mapping field: searchFor | Excel Column: SearchFor | Value: Y
🔍 Mapping field: expectedColorsRaw | Excel Column: ExpectedColors | Value: Yellow
2025-09-11 18:21:44 [main] INFO  demoqaBase - 🎨 Selecting colors for 'E': [Red, Blue, Green, Yellow, Purple, White, Voilet, Magenta]
2025-09-11 18:21:45 [main] INFO  demoqaBase - ✅ Selected color 'Red' for 'E'
2025-09-11 18:21:46 [main] INFO  demoqaBase - ✅ Selected color 'Blue' for 'E'
2025-09-11 18:21:46 [main] INFO  demoqaBase - ✅ Selected color 'Green' for 'E'
2025-09-11 18:21:47 [main] INFO  demoqaBase - ✅ Selected color 'Yellow' for 'E'
2025-09-11 18:21:48 [main] INFO  demoqaBase - ✅ Selected color 'Purple' for 'E'
2025-09-11 18:21:48 [main] INFO  demoqaBase - ✅ Selected color 'White' for 'E'
2025-09-11 18:21:49 [main] INFO  demoqaBase - ✅ Selected color 'Voilet' for 'E'
2025-09-11 18:21:49 [main] INFO  demoqaBase - ✅ Selected color 'Magenta' for 'E'
🧾 Row 1: {SearchFor=E, ExpectedColors=Green,Yellow}
🔍 Mapping field: searchFor | Excel Column: SearchFor | Value: E
🔍 Mapping field: expectedColorsRaw | Excel Column: ExpectedColors | Value: Green,Yellow
2025-09-11 18:21:49 [main] INFO  demoqaBase - 🗑️ Attempting to remove colors for 'E': [Green, Yellow]
2025-09-11 18:21:50 [main] INFO  demoqaBase - 🗑️ Removed color: Green
2025-09-11 18:21:50 [main] INFO  demoqaBase - 🗑️ Removed color: Yellow
2025-09-11 18:21:50 [main] INFO  demoqaBase - ✅ Assertion passed: Color 'Green' successfully removed.
2025-09-11 18:21:50 [main] INFO  demoqaBase - ✅ Assertion passed: Color 'Yellow' successfully removed.
2025-09-11 18:21:50 [main] INFO  demoqaBase - ✅ Auto Complete Select & Remove Flow completed for 'E'
]]></system-out>
  </testcase>
  <testcase name="AutoCompleteSingle[E, Green](1)" classname="tests.WidgetsTests" time="2.002">
    <system-out><![CDATA[2025-09-11 18:21:50 [main] INFO  demoqaBase - Closing browser for test: AutoCompleteSearchRemove
2025-09-11 18:21:51 [main] INFO  DriverFactory - 🌐 Starting Chrome Web Browser...
2025-09-11 18:21:51 [main] INFO  DriverFactory - ✅ Created temporary Chrome profile at C:\Users\dell\AppData\Local\Temp\chrome-profile-16628001847941155157
2025-09-11 18:21:52 [main] INFO  DriverFactory - 🚀 WebDriver started successfully
2025-09-11 18:21:52 [main] INFO  RetryUrlAccess - Navigating to URL (attempt 1): https://demoqa.com
2025-09-11 18:21:57 [main] INFO  demoqaBase - 🧪 Starting Test Widgets|Auto Complete - Select & Remove Flow|Type single color name - Search & Select
2025-09-11 18:21:57 [main] INFO  demoqaBase - Accessing Widgets Card...
Declared Instance WebDriverWait: org.openqa.selenium.support.ui.WebDriverWait@2b31269d
2025-09-11 18:21:57 [main] INFO  demoqaLog - Clicking on Widgets Card...
2025-09-11 18:21:57 [main] INFO  demoqaLog - Clicked on Widgets Card...
Title of this Page is: DEMOQA
You are Accessing: Widgets
 
2025-09-11 18:21:57 [main] INFO  demoqaBase - Widgets: Please select an item from left to start practice.
2025-09-11 18:21:57 [main] INFO  demoqaBase - Clicking on Widgets|AutoComplete...
You are now Accessing: Auto Complete
2025-09-11 18:21:57 [main] INFO  demoqaBase - You are now Accessing: Auto Complete
2025-09-11 18:21:57 [main] INFO  demoqaBase - Clicking on Widgets | Auto Complete | Type single color name...
Searching Colors using: E
Expected Color to be selected is/are: Green
2025-09-11 18:21:57 [main] INFO  demoqaBase - You are now Accessing: Auto Complete
2025-09-11 18:21:58 [main] INFO  demoqaBase - Clicked on Search Box with Title: Type single color name
2025-09-11 18:21:59 [main] INFO  demoqaBase - ✅ Selected color 'Green'
2025-09-11 18:21:59 [main] INFO  demoqaBase - Asserted Selected Color is: Green
2025-09-11 18:21:59 [main] INFO  demoqaBase - ✅ Test Widgets|Auto Complete - Select & Remove Flow|Type single color name - Search & Select Completed
]]></system-out>
  </testcase>
  <testcase name="SingleAddRemove[E, Green](1)" classname="tests.WidgetsTests" time="2.482">
    <system-out><![CDATA[2025-09-11 18:21:59 [main] INFO  demoqaBase - Closing browser for test: AutoCompleteSingle
2025-09-11 18:21:59 [main] INFO  DriverFactory - 🌐 Starting Chrome Web Browser...
2025-09-11 18:21:59 [main] INFO  DriverFactory - ✅ Created temporary Chrome profile at C:\Users\dell\AppData\Local\Temp\chrome-profile-12679830470032775221
2025-09-11 18:22:00 [main] INFO  DriverFactory - 🚀 WebDriver started successfully
2025-09-11 18:22:00 [main] INFO  RetryUrlAccess - Navigating to URL (attempt 1): https://demoqa.com
2025-09-11 18:22:13 [main] INFO  demoqaBase - 🧪 Test Widgets|Auto Complete - Select & Remove Flow|Type single color name - Remove Selection
2025-09-11 18:22:13 [main] INFO  demoqaBase - Accessing Widgets Card...
Declared Instance WebDriverWait: org.openqa.selenium.support.ui.WebDriverWait@a5ee522
2025-09-11 18:22:13 [main] INFO  demoqaLog - Clicking on Widgets Card...
2025-09-11 18:22:14 [main] INFO  demoqaLog - Clicked on Widgets Card...
Title of this Page is: DEMOQA
You are Accessing: Widgets
 
2025-09-11 18:22:14 [main] INFO  demoqaBase - Widgets: Please select an item from left to start practice.
2025-09-11 18:22:14 [main] INFO  demoqaBase - Clicking on Widgets|AutoComplete...
You are now Accessing: Auto Complete
2025-09-11 18:22:14 [main] INFO  demoqaBase - You are now Accessing: Auto Complete
2025-09-11 18:22:14 [main] INFO  demoqaBase - Clicking on Widgets | Auto Complete | Type single color name...
Searching Colors using: E
Expected Color to be selected is/are: Green
2025-09-11 18:22:14 [main] INFO  demoqaBase - You are now Accessing: Auto Complete
2025-09-11 18:22:14 [main] INFO  demoqaBase - Clicked on Search Box with Title: Type single color name
2025-09-11 18:22:15 [main] INFO  demoqaBase - ✅ Selected color 'Green'
2025-09-11 18:22:15 [main] INFO  demoqaBase - Asserted Selected Color is: Green
2025-09-11 18:22:15 [main] INFO  demoqaBase - 🔍 Checking selected color. Current value: 'Green'
2025-09-11 18:22:16 [main] INFO  demoqaBase - ✅ Native click succeeded on 'AutoCompleteSingle'
2025-09-11 18:22:16 [main] INFO  demoqaBase - ✅ Cleared color input for 'Green'
2025-09-11 18:22:16 [main] INFO  demoqaBase - ✅ Test Widgets|Auto Complete - Select & Remove Flow|Type single color name - Remove Selection Completed
]]></system-out>
  </testcase>
</testsuite>