<?xml version="1.0" encoding="UTF-8"?>
<testsuite xmlns:xsi="http://www.w3.org/2001/XMLSchema-instance" xsi:noNamespaceSchemaLocation="https://maven.apache.org/surefire/maven-surefire-plugin/xsd/surefire-test-report-3.0.xsd" version="3.0" name="TestSuite" time="3889.565" tests="129" errors="0" skipped="2" failures="2">
  <properties>
    <property name="java.specification.version" value="21"/>
    <property name="sun.cpu.isalist" value="amd64"/>
    <property name="sun.jnu.encoding" value="Cp1252"/>
    <property name="java.class.path" value="C:\ASN\eclipse_workspace\demoqa-automation\target\test-classes;C:\ASN\eclipse_workspace\demoqa-automation\target\classes;C:\Users\dell\.m2\repository\org\seleniumhq\selenium\selenium-java\4.35.0\selenium-java-4.35.0.jar;C:\Users\dell\.m2\repository\org\seleniumhq\selenium\selenium-api\4.35.0\selenium-api-4.35.0.jar;C:\Users\dell\.m2\repository\org\jspecify\jspecify\1.0.0\jspecify-1.0.0.jar;C:\Users\dell\.m2\repository\org\seleniumhq\selenium\selenium-chrome-driver\4.35.0\selenium-chrome-driver-4.35.0.jar;C:\Users\dell\.m2\repository\com\google\auto\service\auto-service-annotations\1.1.1\auto-service-annotations-1.1.1.jar;C:\Users\dell\.m2\repository\org\seleniumhq\selenium\selenium-chromium-driver\4.35.0\selenium-chromium-driver-4.35.0.jar;C:\Users\dell\.m2\repository\org\seleniumhq\selenium\selenium-devtools-v137\4.35.0\selenium-devtools-v137-4.35.0.jar;C:\Users\dell\.m2\repository\org\seleniumhq\selenium\selenium-devtools-v138\4.35.0\selenium-devtools-v138-4.35.0.jar;C:\Users\dell\.m2\repository\org\seleniumhq\selenium\selenium-devtools-v139\4.35.0\selenium-devtools-v139-4.35.0.jar;C:\Users\dell\.m2\repository\org\seleniumhq\selenium\selenium-edge-driver\4.35.0\selenium-edge-driver-4.35.0.jar;C:\Users\dell\.m2\repository\org\seleniumhq\selenium\selenium-firefox-driver\4.35.0\selenium-firefox-driver-4.35.0.jar;C:\Users\dell\.m2\repository\org\seleniumhq\selenium\selenium-http\4.35.0\selenium-http-4.35.0.jar;C:\Users\dell\.m2\repository\org\seleniumhq\selenium\selenium-ie-driver\4.35.0\selenium-ie-driver-4.35.0.jar;C:\Users\dell\.m2\repository\org\seleniumhq\selenium\selenium-remote-driver\4.35.0\selenium-remote-driver-4.35.0.jar;C:\Users\dell\.m2\repository\com\google\guava\guava\33.4.8-jre\guava-33.4.8-jre.jar;C:\Users\dell\.m2\repository\com\google\guava\failureaccess\1.0.3\failureaccess-1.0.3.jar;C:\Users\dell\.m2\repository\com\google\guava\listenablefuture\9999.0-empty-to-avoid-conflict-with-guava\listenablefuture-9999.0-empty-to-avoid-conflict-with-guava.jar;C:\Users\dell\.m2\repository\com\google\errorprone\error_prone_annotations\2.36.0\error_prone_annotations-2.36.0.jar;C:\Users\dell\.m2\repository\com\google\j2objc\j2objc-annotations\3.0.0\j2objc-annotations-3.0.0.jar;C:\Users\dell\.m2\repository\io\opentelemetry\opentelemetry-api\1.53.0\opentelemetry-api-1.53.0.jar;C:\Users\dell\.m2\repository\io\opentelemetry\opentelemetry-context\1.53.0\opentelemetry-context-1.53.0.jar;C:\Users\dell\.m2\repository\io\opentelemetry\opentelemetry-common\1.53.0\opentelemetry-common-1.53.0.jar;C:\Users\dell\.m2\repository\io\opentelemetry\opentelemetry-exporter-logging\1.53.0\opentelemetry-exporter-logging-1.53.0.jar;C:\Users\dell\.m2\repository\io\opentelemetry\opentelemetry-sdk-common\1.53.0\opentelemetry-sdk-common-1.53.0.jar;C:\Users\dell\.m2\repository\io\opentelemetry\opentelemetry-sdk-extension-autoconfigure-spi\1.53.0\opentelemetry-sdk-extension-autoconfigure-spi-1.53.0.jar;C:\Users\dell\.m2\repository\io\opentelemetry\opentelemetry-sdk-extension-autoconfigure\1.53.0\opentelemetry-sdk-extension-autoconfigure-1.53.0.jar;C:\Users\dell\.m2\repository\io\opentelemetry\opentelemetry-sdk-trace\1.53.0\opentelemetry-sdk-trace-1.53.0.jar;C:\Users\dell\.m2\repository\io\opentelemetry\opentelemetry-sdk\1.53.0\opentelemetry-sdk-1.53.0.jar;C:\Users\dell\.m2\repository\io\opentelemetry\opentelemetry-sdk-metrics\1.53.0\opentelemetry-sdk-metrics-1.53.0.jar;C:\Users\dell\.m2\repository\io\opentelemetry\opentelemetry-sdk-logs\1.53.0\opentelemetry-sdk-logs-1.53.0.jar;C:\Users\dell\.m2\repository\net\bytebuddy\byte-buddy\1.17.6\byte-buddy-1.17.6.jar;C:\Users\dell\.m2\repository\org\seleniumhq\selenium\selenium-safari-driver\4.35.0\selenium-safari-driver-4.35.0.jar;C:\Users\dell\.m2\repository\org\seleniumhq\selenium\selenium-support\4.35.0\selenium-support-4.35.0.jar;C:\Users\dell\.m2\repository\org\seleniumhq\selenium\selenium-manager\4.35.0\selenium-manager-4.35.0.jar;C:\Users\dell\.m2\repository\org\seleniumhq\selenium\selenium-json\4.35.0\selenium-json-4.35.0.jar;C:\Users\dell\.m2\repository\org\seleniumhq\selenium\selenium-os\4.35.0\selenium-os-4.35.0.jar;C:\Users\dell\.m2\repository\org\apache\commons\commons-exec\1.5.0\commons-exec-1.5.0.jar;C:\Users\dell\.m2\repository\org\testng\testng\7.11.0\testng-7.11.0.jar;C:\Users\dell\.m2\repository\org\slf4j\slf4j-api\2.0.16\slf4j-api-2.0.16.jar;C:\Users\dell\.m2\repository\org\jcommander\jcommander\1.83\jcommander-1.83.jar;C:\Users\dell\.m2\repository\org\webjars\jquery\3.7.1\jquery-3.7.1.jar;C:\Users\dell\.m2\repository\org\apache\logging\log4j\log4j-core\2.24.3\log4j-core-2.24.3.jar;C:\Users\dell\.m2\repository\org\apache\logging\log4j\log4j-api\2.24.3\log4j-api-2.24.3.jar;C:\Users\dell\.m2\repository\com\aventstack\extentreports\5.0.9\extentreports-5.0.9.jar;C:\Users\dell\.m2\repository\io\reactivex\rxjava3\rxjava\3.0.4\rxjava-3.0.4.jar;C:\Users\dell\.m2\repository\org\reactivestreams\reactive-streams\1.0.3\reactive-streams-1.0.3.jar;C:\Users\dell\.m2\repository\org\freemarker\freemarker\2.3.30\freemarker-2.3.30.jar;C:\Users\dell\.m2\repository\com\google\code\gson\gson\2.8.6\gson-2.8.6.jar;C:\Users\dell\.m2\repository\commons-io\commons-io\2.19.0\commons-io-2.19.0.jar;C:\Users\dell\.m2\repository\org\apache\poi\poi-ooxml\5.4.1\poi-ooxml-5.4.1.jar;C:\Users\dell\.m2\repository\org\apache\poi\poi\5.4.1\poi-5.4.1.jar;C:\Users\dell\.m2\repository\commons-codec\commons-codec\1.18.0\commons-codec-1.18.0.jar;C:\Users\dell\.m2\repository\org\apache\commons\commons-math3\3.6.1\commons-math3-3.6.1.jar;C:\Users\dell\.m2\repository\com\zaxxer\SparseBitSet\1.3\SparseBitSet-1.3.jar;C:\Users\dell\.m2\repository\org\apache\poi\poi-ooxml-lite\5.4.1\poi-ooxml-lite-5.4.1.jar;C:\Users\dell\.m2\repository\org\apache\xmlbeans\xmlbeans\5.3.0\xmlbeans-5.3.0.jar;C:\Users\dell\.m2\repository\org\apache\commons\commons-compress\1.27.1\commons-compress-1.27.1.jar;C:\Users\dell\.m2\repository\org\apache\commons\commons-lang3\3.16.0\commons-lang3-3.16.0.jar;C:\Users\dell\.m2\repository\com\github\virtuald\curvesapi\1.08\curvesapi-1.08.jar;C:\Users\dell\.m2\repository\org\apache\commons\commons-collections4\4.4\commons-collections4-4.4.jar;C:\Users\dell\.m2\repository\com\sun\mail\jakarta.mail\2.0.1\jakarta.mail-2.0.1.jar;C:\Users\dell\.m2\repository\com\sun\activation\jakarta.activation\2.0.1\jakarta.activation-2.0.1.jar;C:\Users\dell\.m2\repository\org\projectlombok\lombok\1.18.30\lombok-1.18.30.jar;"/>
    <property name="java.vm.vendor" value="Oracle Corporation"/>
    <property name="sun.arch.data.model" value="64"/>
    <property name="user.variant" value=""/>
    <property name="java.vendor.url" value="https://java.oracle.com/"/>
    <property name="user.timezone" value="Asia/Calcutta"/>
    <property name="os.name" value="Windows 11"/>
    <property name="java.vm.specification.version" value="21"/>
    <property name="sun.java.launcher" value="SUN_STANDARD"/>
    <property name="user.country" value="IN"/>
    <property name="sun.boot.library.path" value="C:\Program Files\Java\jdk-21\bin"/>
    <property name="sun.java.command" value="C:\Users\dell\AppData\Local\Temp\surefire15953698881689469767\surefirebooter-20250919120011430_3.jar C:\Users\dell\AppData\Local\Temp\surefire15953698881689469767 2025-09-19T12-00-11_284-jvmRun1 surefire-20250919120011430_1tmp surefire_0-20250919120011430_2tmp"/>
    <property name="jdk.debug" value="release"/>
    <property name="surefire.test.class.path" value="C:\ASN\eclipse_workspace\demoqa-automation\target\test-classes;C:\ASN\eclipse_workspace\demoqa-automation\target\classes;C:\Users\dell\.m2\repository\org\seleniumhq\selenium\selenium-java\4.35.0\selenium-java-4.35.0.jar;C:\Users\dell\.m2\repository\org\seleniumhq\selenium\selenium-api\4.35.0\selenium-api-4.35.0.jar;C:\Users\dell\.m2\repository\org\jspecify\jspecify\1.0.0\jspecify-1.0.0.jar;C:\Users\dell\.m2\repository\org\seleniumhq\selenium\selenium-chrome-driver\4.35.0\selenium-chrome-driver-4.35.0.jar;C:\Users\dell\.m2\repository\com\google\auto\service\auto-service-annotations\1.1.1\auto-service-annotations-1.1.1.jar;C:\Users\dell\.m2\repository\org\seleniumhq\selenium\selenium-chromium-driver\4.35.0\selenium-chromium-driver-4.35.0.jar;C:\Users\dell\.m2\repository\org\seleniumhq\selenium\selenium-devtools-v137\4.35.0\selenium-devtools-v137-4.35.0.jar;C:\Users\dell\.m2\repository\org\seleniumhq\selenium\selenium-devtools-v138\4.35.0\selenium-devtools-v138-4.35.0.jar;C:\Users\dell\.m2\repository\org\seleniumhq\selenium\selenium-devtools-v139\4.35.0\selenium-devtools-v139-4.35.0.jar;C:\Users\dell\.m2\repository\org\seleniumhq\selenium\selenium-edge-driver\4.35.0\selenium-edge-driver-4.35.0.jar;C:\Users\dell\.m2\repository\org\seleniumhq\selenium\selenium-firefox-driver\4.35.0\selenium-firefox-driver-4.35.0.jar;C:\Users\dell\.m2\repository\org\seleniumhq\selenium\selenium-http\4.35.0\selenium-http-4.35.0.jar;C:\Users\dell\.m2\repository\org\seleniumhq\selenium\selenium-ie-driver\4.35.0\selenium-ie-driver-4.35.0.jar;C:\Users\dell\.m2\repository\org\seleniumhq\selenium\selenium-remote-driver\4.35.0\selenium-remote-driver-4.35.0.jar;C:\Users\dell\.m2\repository\com\google\guava\guava\33.4.8-jre\guava-33.4.8-jre.jar;C:\Users\dell\.m2\repository\com\google\guava\failureaccess\1.0.3\failureaccess-1.0.3.jar;C:\Users\dell\.m2\repository\com\google\guava\listenablefuture\9999.0-empty-to-avoid-conflict-with-guava\listenablefuture-9999.0-empty-to-avoid-conflict-with-guava.jar;C:\Users\dell\.m2\repository\com\google\errorprone\error_prone_annotations\2.36.0\error_prone_annotations-2.36.0.jar;C:\Users\dell\.m2\repository\com\google\j2objc\j2objc-annotations\3.0.0\j2objc-annotations-3.0.0.jar;C:\Users\dell\.m2\repository\io\opentelemetry\opentelemetry-api\1.53.0\opentelemetry-api-1.53.0.jar;C:\Users\dell\.m2\repository\io\opentelemetry\opentelemetry-context\1.53.0\opentelemetry-context-1.53.0.jar;C:\Users\dell\.m2\repository\io\opentelemetry\opentelemetry-common\1.53.0\opentelemetry-common-1.53.0.jar;C:\Users\dell\.m2\repository\io\opentelemetry\opentelemetry-exporter-logging\1.53.0\opentelemetry-exporter-logging-1.53.0.jar;C:\Users\dell\.m2\repository\io\opentelemetry\opentelemetry-sdk-common\1.53.0\opentelemetry-sdk-common-1.53.0.jar;C:\Users\dell\.m2\repository\io\opentelemetry\opentelemetry-sdk-extension-autoconfigure-spi\1.53.0\opentelemetry-sdk-extension-autoconfigure-spi-1.53.0.jar;C:\Users\dell\.m2\repository\io\opentelemetry\opentelemetry-sdk-extension-autoconfigure\1.53.0\opentelemetry-sdk-extension-autoconfigure-1.53.0.jar;C:\Users\dell\.m2\repository\io\opentelemetry\opentelemetry-sdk-trace\1.53.0\opentelemetry-sdk-trace-1.53.0.jar;C:\Users\dell\.m2\repository\io\opentelemetry\opentelemetry-sdk\1.53.0\opentelemetry-sdk-1.53.0.jar;C:\Users\dell\.m2\repository\io\opentelemetry\opentelemetry-sdk-metrics\1.53.0\opentelemetry-sdk-metrics-1.53.0.jar;C:\Users\dell\.m2\repository\io\opentelemetry\opentelemetry-sdk-logs\1.53.0\opentelemetry-sdk-logs-1.53.0.jar;C:\Users\dell\.m2\repository\net\bytebuddy\byte-buddy\1.17.6\byte-buddy-1.17.6.jar;C:\Users\dell\.m2\repository\org\seleniumhq\selenium\selenium-safari-driver\4.35.0\selenium-safari-driver-4.35.0.jar;C:\Users\dell\.m2\repository\org\seleniumhq\selenium\selenium-support\4.35.0\selenium-support-4.35.0.jar;C:\Users\dell\.m2\repository\org\seleniumhq\selenium\selenium-manager\4.35.0\selenium-manager-4.35.0.jar;C:\Users\dell\.m2\repository\org\seleniumhq\selenium\selenium-json\4.35.0\selenium-json-4.35.0.jar;C:\Users\dell\.m2\repository\org\seleniumhq\selenium\selenium-os\4.35.0\selenium-os-4.35.0.jar;C:\Users\dell\.m2\repository\org\apache\commons\commons-exec\1.5.0\commons-exec-1.5.0.jar;C:\Users\dell\.m2\repository\org\testng\testng\7.11.0\testng-7.11.0.jar;C:\Users\dell\.m2\repository\org\slf4j\slf4j-api\2.0.16\slf4j-api-2.0.16.jar;C:\Users\dell\.m2\repository\org\jcommander\jcommander\1.83\jcommander-1.83.jar;C:\Users\dell\.m2\repository\org\webjars\jquery\3.7.1\jquery-3.7.1.jar;C:\Users\dell\.m2\repository\org\apache\logging\log4j\log4j-core\2.24.3\log4j-core-2.24.3.jar;C:\Users\dell\.m2\repository\org\apache\logging\log4j\log4j-api\2.24.3\log4j-api-2.24.3.jar;C:\Users\dell\.m2\repository\com\aventstack\extentreports\5.0.9\extentreports-5.0.9.jar;C:\Users\dell\.m2\repository\io\reactivex\rxjava3\rxjava\3.0.4\rxjava-3.0.4.jar;C:\Users\dell\.m2\repository\org\reactivestreams\reactive-streams\1.0.3\reactive-streams-1.0.3.jar;C:\Users\dell\.m2\repository\org\freemarker\freemarker\2.3.30\freemarker-2.3.30.jar;C:\Users\dell\.m2\repository\com\google\code\gson\gson\2.8.6\gson-2.8.6.jar;C:\Users\dell\.m2\repository\commons-io\commons-io\2.19.0\commons-io-2.19.0.jar;C:\Users\dell\.m2\repository\org\apache\poi\poi-ooxml\5.4.1\poi-ooxml-5.4.1.jar;C:\Users\dell\.m2\repository\org\apache\poi\poi\5.4.1\poi-5.4.1.jar;C:\Users\dell\.m2\repository\commons-codec\commons-codec\1.18.0\commons-codec-1.18.0.jar;C:\Users\dell\.m2\repository\org\apache\commons\commons-math3\3.6.1\commons-math3-3.6.1.jar;C:\Users\dell\.m2\repository\com\zaxxer\SparseBitSet\1.3\SparseBitSet-1.3.jar;C:\Users\dell\.m2\repository\org\apache\poi\poi-ooxml-lite\5.4.1\poi-ooxml-lite-5.4.1.jar;C:\Users\dell\.m2\repository\org\apache\xmlbeans\xmlbeans\5.3.0\xmlbeans-5.3.0.jar;C:\Users\dell\.m2\repository\org\apache\commons\commons-compress\1.27.1\commons-compress-1.27.1.jar;C:\Users\dell\.m2\repository\org\apache\commons\commons-lang3\3.16.0\commons-lang3-3.16.0.jar;C:\Users\dell\.m2\repository\com\github\virtuald\curvesapi\1.08\curvesapi-1.08.jar;C:\Users\dell\.m2\repository\org\apache\commons\commons-collections4\4.4\commons-collections4-4.4.jar;C:\Users\dell\.m2\repository\com\sun\mail\jakarta.mail\2.0.1\jakarta.mail-2.0.1.jar;C:\Users\dell\.m2\repository\com\sun\activation\jakarta.activation\2.0.1\jakarta.activation-2.0.1.jar;C:\Users\dell\.m2\repository\org\projectlombok\lombok\1.18.30\lombok-1.18.30.jar;"/>
    <property name="sun.cpu.endian" value="little"/>
    <property name="user.home" value="C:\Users\dell"/>
    <property name="user.language" value="en"/>
    <property name="java.specification.vendor" value="Oracle Corporation"/>
    <property name="java.version.date" value="2025-04-15"/>
    <property name="java.home" value="C:\Program Files\Java\jdk-21"/>
    <property name="file.separator" value="\"/>
    <property name="basedir" value="C:\ASN\eclipse_workspace\demoqa-automation"/>
    <property name="java.vm.compressedOopsMode" value="32-bit"/>
    <property name="line.separator" value="&#10;"/>
    <property name="java.vm.specification.vendor" value="Oracle Corporation"/>
    <property name="java.specification.name" value="Java Platform API Specification"/>
    <property name="surefire.real.class.path" value="C:\Users\dell\AppData\Local\Temp\surefire15953698881689469767\surefirebooter-20250919120011430_3.jar"/>
    <property name="user.script" value=""/>
    <property name="sun.management.compiler" value="HotSpot 64-Bit Tiered Compilers"/>
    <property name="java.runtime.version" value="21.0.7+8-LTS-245"/>
    <property name="user.name" value="dell"/>
    <property name="stdout.encoding" value="Cp1252"/>
    <property name="path.separator" value=";"/>
    <property name="os.version" value="10.0"/>
    <property name="java.runtime.name" value="Java(TM) SE Runtime Environment"/>
    <property name="file.encoding" value="UTF-8"/>
    <property name="java.vm.name" value="Java HotSpot(TM) 64-Bit Server VM"/>
    <property name="localRepository" value="C:\Users\dell\.m2\repository"/>
    <property name="java.vendor.url.bug" value="https://bugreport.java.com/bugreport/"/>
    <property name="java.io.tmpdir" value="C:\Users\dell\AppData\Local\Temp\"/>
    <property name="java.version" value="21.0.7"/>
    <property name="user.dir" value="C:\ASN\eclipse_workspace\demoqa-automation"/>
    <property name="os.arch" value="amd64"/>
    <property name="java.vm.specification.name" value="Java Virtual Machine Specification"/>
    <property name="sun.os.patch.level" value=""/>
    <property name="native.encoding" value="Cp1252"/>
    <property name="java.library.path" value="C:\Program Files\Java\jdk-21\bin;C:\WINDOWS\Sun\Java\bin;C:\WINDOWS\system32;C:\WINDOWS;C:\Program Files\Python313\Scripts\;C:\Program Files\Python313\;C:\Program Files\Common Files\Oracle\Java\javapath;C:\WINDOWS\system32;C:\WINDOWS;C:\WINDOWS\System32\Wbem;C:\WINDOWS\System32\WindowsPowerShell\v1.0\;C:\WINDOWS\System32\OpenSSH\;C:\Program Files\dotnet\;C:\Program Files\Java\jdk-17\bin;C:\ProgramData\Oracle\Java\javapath;C:\Program Files\PowerShell\7\;C:\Program Files\Java\jdk-21\bin;C:\ASN\apache-maven-3.9.9\bin;C:\Program Files\Git\cmd;C:\Users\dell\AppData\Local\Programs\Python\Python313\Scripts\;C:\Users\dell\AppData\Local\Programs\Python\Python313\;C:\Users\dell\AppData\Local\Programs\Python\Python310\Scripts\;C:\Users\dell\AppData\Local\Programs\Python\Python310\;C:\Users\dell\AppData\Local\Microsoft\WindowsApps;C:\Program Files\JetBrains\PyCharm Community Edition 2022.1.1\bin;;C:\Users\dell\AppData\Local\GitHubDesktop\bin;C:\Users\dell\AppData\Local\Programs\Microsoft VS Code\bin;C:\Users\dell\.dotnet\tools;."/>
    <property name="java.vm.info" value="mixed mode, sharing"/>
    <property name="stderr.encoding" value="Cp1252"/>
    <property name="java.vendor" value="Oracle Corporation"/>
    <property name="java.vm.version" value="21.0.7+8-LTS-245"/>
    <property name="sun.io.unicode.encoding" value="UnicodeLittle"/>
    <property name="java.class.version" value="65.0"/>
  </properties>
  <testcase name="accessAlertsFrameWindows" classname="tests.AlertsFramesWindowsTests" time="0.307">
    <system-out><![CDATA[2025-09-19T06:30:12.448408100Z main INFO Starting configuration XmlConfiguration[location=C:\ASN\eclipse_workspace\demoqa-automation\target\classes\log4j2.xml, lastModified=2025-09-18T07:06:23.185Z]...
2025-09-19T06:30:12.449731800Z main INFO Start watching for changes to C:\ASN\eclipse_workspace\demoqa-automation\target\classes\log4j2.xml every 0 seconds
2025-09-19T06:30:12.450731800Z main INFO Configuration XmlConfiguration[location=C:\ASN\eclipse_workspace\demoqa-automation\target\classes\log4j2.xml, lastModified=2025-09-18T07:06:23.185Z] started.
2025-09-19T06:30:12.453474100Z main INFO Stopping configuration org.apache.logging.log4j.core.config.DefaultConfiguration@740cae06...
2025-09-19T06:30:12.454480200Z main INFO Configuration org.apache.logging.log4j.core.config.DefaultConfiguration@740cae06 stopped.
2025-09-19 12:00:12 [main] INFO  DriverFactory - 🌐 Starting Chrome Web Browser...
2025-09-19 12:00:12 [main] INFO  DriverFactory - ✅ Created temporary Chrome profile at C:\Users\dell\AppData\Local\Temp\chrome-profile-7452693447452530371
2025-09-19 12:00:14 [main] INFO  DriverFactory - 🚀 WebDriver started successfully
2025-09-19 12:00:14 [main] INFO  RetryUrlAccess - 🌐 Navigating to URL (attempt 1): https://demoqa.com
2025-09-19 12:00:49 [main] INFO  RetryUrlAccess - ✅ Navigation successful on attempt 1
2025-09-19 12:00:49 [main] INFO  demoqaBase - 🧪 Starting Test Alerts, Frames & Windows...
2025-09-19 12:00:49 [main] INFO  demoqaBase - Accessing Alerts, Frame & Windows Card...
Declared Instance WebDriverWait: org.openqa.selenium.support.ui.WebDriverWait@6c298dc
2025-09-19 12:00:49 [main] INFO  demoqaLog - Clicking on Alert Frame & Windows Card...
🔹 Trying JS click by locator (attempt 1)
2025-09-19 12:00:49 [main] INFO  demoqaLog - 🔹 Trying JS click by locator (attempt 1)
🔹 Attempting JS click...
2025-09-19 12:00:49 [main] INFO  demoqaLog - 🔹 Attempting JS click...
2025-09-19 12:00:49 [main] INFO  demoqaLog - Clicked on Alert Frame & Windows Card...
Title of this Page is: DEMOQA
You are Accessing: Alerts, Frame & Windows
2025-09-19 12:00:49 [main] INFO  demoqaBase - Alerts, Frame & Windows Card: Please select an item from left to start practice.
2025-09-19 12:00:49 [main] INFO  demoqaBase - ✅ Alerts, Frames & Windows Test Completed...
]]></system-out>
    <system-err><![CDATA[SLF4J(W): No SLF4J providers were found.
SLF4J(W): Defaulting to no-operation (NOP) logger implementation
SLF4J(W): See https://www.slf4j.org/codes.html#noProviders for further details.
]]></system-err>
  </testcase>
  <testcase name="browserWindows" classname="tests.AlertsFramesWindowsTests" time="0.424">
    <system-out><![CDATA[2025-09-19 12:00:49 [main] INFO  demoqaBase - Closing browser for test: accessAlertsFrameWindows
2025-09-19 12:00:49 [main] INFO  DriverFactory - 🌐 Starting Chrome Web Browser...
2025-09-19 12:00:49 [main] INFO  DriverFactory - ✅ Created temporary Chrome profile at C:\Users\dell\AppData\Local\Temp\chrome-profile-15507889326524642929
2025-09-19 12:00:50 [main] INFO  DriverFactory - 🚀 WebDriver started successfully
2025-09-19 12:00:50 [main] INFO  RetryUrlAccess - 🌐 Navigating to URL (attempt 1): https://demoqa.com
2025-09-19 12:01:21 [main] INFO  RetryUrlAccess - ✅ Navigation successful on attempt 1
2025-09-19 12:01:21 [main] INFO  demoqaBase - 🧪 Starting Test Alerts, Frames & Windows...
2025-09-19 12:01:21 [main] INFO  demoqaBase - Accessing Alerts, Frame & Windows Card...
Declared Instance WebDriverWait: org.openqa.selenium.support.ui.WebDriverWait@3e7545e8
2025-09-19 12:01:21 [main] INFO  demoqaLog - Clicking on Alert Frame & Windows Card...
🔹 Trying JS click by locator (attempt 1)
2025-09-19 12:01:21 [main] INFO  demoqaLog - 🔹 Trying JS click by locator (attempt 1)
🔹 Attempting JS click...
2025-09-19 12:01:21 [main] INFO  demoqaLog - 🔹 Attempting JS click...
2025-09-19 12:01:21 [main] INFO  demoqaLog - Clicked on Alert Frame & Windows Card...
Title of this Page is: DEMOQA
You are Accessing: Alerts, Frame & Windows
2025-09-19 12:01:21 [main] INFO  demoqaBase - Alerts, Frame & Windows Card: Please select an item from left to start practice.
2025-09-19 12:01:21 [main] INFO  demoqaBase - Clicking on Alerts, Frame & Windows Card|Browser Windows...
You are now Accessing: Browser Windows
2025-09-19 12:01:22 [main] INFO  demoqaBase - You are now Accessing: Browser Windows
2025-09-19 12:01:22 [main] INFO  demoqaBase - ✅ Alerts, Frames & Windows|Browser Windows Test Completed...
]]></system-out>
  </testcase>
  <testcase name="browserWindowsNewTab" classname="tests.AlertsFramesWindowsTests" time="1.056">
    <system-out><![CDATA[2025-09-19 12:01:22 [main] INFO  demoqaBase - Closing browser for test: browserWindows
2025-09-19 12:01:22 [main] INFO  DriverFactory - 🌐 Starting Chrome Web Browser...
2025-09-19 12:01:22 [main] INFO  DriverFactory - ✅ Created temporary Chrome profile at C:\Users\dell\AppData\Local\Temp\chrome-profile-2547151174167025624
2025-09-19 12:01:23 [main] INFO  DriverFactory - 🚀 WebDriver started successfully
2025-09-19 12:01:23 [main] INFO  RetryUrlAccess - 🌐 Navigating to URL (attempt 1): https://demoqa.com
2025-09-19 12:01:56 [main] INFO  RetryUrlAccess - ✅ Navigation successful on attempt 1
2025-09-19 12:01:56 [main] INFO  demoqaBase - 🧪 Starting Test Alerts, Frames & Windows|New Tab...
2025-09-19 12:01:56 [main] INFO  demoqaBase - Accessing Alerts, Frame & Windows Card...
Declared Instance WebDriverWait: org.openqa.selenium.support.ui.WebDriverWait@3bdb2c78
2025-09-19 12:01:56 [main] INFO  demoqaLog - Clicking on Alert Frame & Windows Card...
🔹 Trying JS click by locator (attempt 1)
2025-09-19 12:01:57 [main] INFO  demoqaLog - 🔹 Trying JS click by locator (attempt 1)
🔹 Attempting JS click...
2025-09-19 12:01:57 [main] INFO  demoqaLog - 🔹 Attempting JS click...
2025-09-19 12:01:57 [main] INFO  demoqaLog - Clicked on Alert Frame & Windows Card...
Title of this Page is: DEMOQA
You are Accessing: Alerts, Frame & Windows
2025-09-19 12:01:57 [main] INFO  demoqaBase - Alerts, Frame & Windows Card: Please select an item from left to start practice.
2025-09-19 12:01:57 [main] INFO  demoqaBase - Clicking on Alerts, Frame & Windows Card|Browser Windows...
You are now Accessing: Browser Windows
2025-09-19 12:01:57 [main] INFO  demoqaBase - You are now Accessing: Browser Windows
2025-09-19 12:01:57 [main] INFO  demoqaLog - ⏳ Waiting for page to fully load (timeout: 30s)
2025-09-19 12:01:57 [main] INFO  demoqaLog - ✅ Page load completed.
2025-09-19 12:01:57 [main] INFO  demoqaBase - Initiating New Tab click sequence...
2025-09-19 12:01:57 [main] INFO  demoqaBase - Clicked New Tab button
2025-09-19 12:01:57 [main] INFO  demoqaBase - Switched to new tab: 80EB341B8DDEF0611E6E7662594DEC8E
2025-09-19 12:01:57 [main] INFO  demoqaBase - New tab content: 'This is a sample page'
You are now accessing: This is a sample page
2025-09-19 12:01:58 [main] INFO  demoqaBase - ✅ Alerts, Frames & Windows|Browser Windows|New Tab Test Completed...
]]></system-out>
  </testcase>
  <testcase name="browserWindowsNewWindow" classname="tests.AlertsFramesWindowsTests" time="0.99">
    <system-out><![CDATA[2025-09-19 12:01:58 [main] INFO  demoqaBase - Closing browser for test: browserWindowsNewTab
2025-09-19 12:01:58 [main] INFO  DriverFactory - 🌐 Starting Chrome Web Browser...
2025-09-19 12:01:58 [main] INFO  DriverFactory - ✅ Created temporary Chrome profile at C:\Users\dell\AppData\Local\Temp\chrome-profile-14945446412475948755
2025-09-19 12:01:59 [main] INFO  DriverFactory - 🚀 WebDriver started successfully
2025-09-19 12:01:59 [main] INFO  RetryUrlAccess - 🌐 Navigating to URL (attempt 1): https://demoqa.com
2025-09-19 12:02:12 [main] INFO  RetryUrlAccess - ✅ Navigation successful on attempt 1
2025-09-19 12:02:12 [main] INFO  demoqaBase - 🧪 Starting Test Alerts, Frames & Windows|New Window...
2025-09-19 12:02:12 [main] INFO  demoqaBase - Accessing Alerts, Frame & Windows Card...
Declared Instance WebDriverWait: org.openqa.selenium.support.ui.WebDriverWait@5a2bd7c8
2025-09-19 12:02:12 [main] INFO  demoqaLog - Clicking on Alert Frame & Windows Card...
🔹 Trying JS click by locator (attempt 1)
2025-09-19 12:02:12 [main] INFO  demoqaLog - 🔹 Trying JS click by locator (attempt 1)
🔹 Attempting JS click...
2025-09-19 12:02:12 [main] INFO  demoqaLog - 🔹 Attempting JS click...
2025-09-19 12:02:12 [main] INFO  demoqaLog - Clicked on Alert Frame & Windows Card...
Title of this Page is: DEMOQA
You are Accessing: Alerts, Frame & Windows
2025-09-19 12:02:12 [main] INFO  demoqaBase - Alerts, Frame & Windows Card: Please select an item from left to start practice.
2025-09-19 12:02:12 [main] INFO  demoqaBase - Clicking on Alerts, Frame & Windows Card|Browser Windows...
You are now Accessing: Browser Windows
2025-09-19 12:02:12 [main] INFO  demoqaBase - You are now Accessing: Browser Windows
2025-09-19 12:02:12 [main] INFO  demoqaLog - ⏳ Waiting for page to fully load (timeout: 30s)
2025-09-19 12:02:12 [main] INFO  demoqaLog - ✅ Page load completed.
2025-09-19 12:02:12 [main] INFO  demoqaBase - Initiating New Window click sequence...
2025-09-19 12:02:13 [main] INFO  demoqaBase - Clicked New Window button
2025-09-19 12:02:13 [main] INFO  demoqaBase - Switched to new tab: 44CF478994C1292838BF5B44878A31DE
2025-09-19 12:02:13 [main] INFO  demoqaBase - New tab content: 'This is a sample page'
You are now accessing: This is a sample page
2025-09-19 12:02:13 [main] INFO  demoqaBase - ✅ Alerts, Frames & Windows|Browser Windows|New Window Test Completed...
]]></system-out>
  </testcase>
  <testcase name="browserWindowsNewWindowMsg" classname="tests.AlertsFramesWindowsTests" time="0.761">
    <system-out><![CDATA[2025-09-19 12:02:13 [main] INFO  demoqaBase - Closing browser for test: browserWindowsNewWindow
2025-09-19 12:02:13 [main] INFO  DriverFactory - 🌐 Starting Chrome Web Browser...
2025-09-19 12:02:13 [main] INFO  DriverFactory - ✅ Created temporary Chrome profile at C:\Users\dell\AppData\Local\Temp\chrome-profile-2036349760226784018
2025-09-19 12:02:14 [main] INFO  DriverFactory - 🚀 WebDriver started successfully
2025-09-19 12:02:14 [main] INFO  RetryUrlAccess - 🌐 Navigating to URL (attempt 1): https://demoqa.com
2025-09-19 12:02:25 [main] INFO  RetryUrlAccess - ✅ Navigation successful on attempt 1
2025-09-19 12:02:25 [main] INFO  demoqaBase - 🧪 Starting Test Alerts, Frames & Windows|New Window Message...
2025-09-19 12:02:25 [main] INFO  demoqaBase - Accessing Alerts, Frame & Windows Card...
Declared Instance WebDriverWait: org.openqa.selenium.support.ui.WebDriverWait@75ae4a1f
2025-09-19 12:02:25 [main] INFO  demoqaLog - Clicking on Alert Frame & Windows Card...
🔹 Trying JS click by locator (attempt 1)
2025-09-19 12:02:25 [main] INFO  demoqaLog - 🔹 Trying JS click by locator (attempt 1)
🔹 Attempting JS click...
2025-09-19 12:02:25 [main] INFO  demoqaLog - 🔹 Attempting JS click...
2025-09-19 12:02:26 [main] INFO  demoqaLog - Clicked on Alert Frame & Windows Card...
Title of this Page is: DEMOQA
You are Accessing: Alerts, Frame & Windows
2025-09-19 12:02:26 [main] INFO  demoqaBase - Alerts, Frame & Windows Card: Please select an item from left to start practice.
2025-09-19 12:02:26 [main] INFO  demoqaBase - Clicking on Alerts, Frame & Windows Card|Browser Windows...
You are now Accessing: Browser Windows
2025-09-19 12:02:26 [main] INFO  demoqaBase - You are now Accessing: Browser Windows
2025-09-19 12:02:26 [main] INFO  demoqaLog - ⏳ Waiting for page to fully load (timeout: 30s)
2025-09-19 12:02:26 [main] INFO  demoqaLog - ✅ Page load completed.
2025-09-19 12:02:26 [main] INFO  demoqaBase - 🔍 Starting 'New Window Message' click sequence...
🔹 Trying JS click on WebElement (attempt 1)
2025-09-19 12:02:26 [main] INFO  demoqaLog - 🔹 Trying JS click on WebElement (attempt 1)
🔹 Attempting JS click...
2025-09-19 12:02:26 [main] INFO  demoqaLog - 🔹 Attempting JS click...
2025-09-19 12:02:26 [main] INFO  demoqaBase - 🔀 Switched to new window: 2745E5C58982B0D0EF95F554F8F63DA6
2025-09-19 12:02:26 [main] INFO  demoqaBase - ✅ Verified new popup window opened successfully.
2025-09-19 12:02:26 [main] INFO  demoqaBase - ↩️ Switched back to original window: 877581762588FEB1271ECDFD38CA3651
2025-09-19 12:02:26 [main] INFO  demoqaBase - ✅ 'New Window Message' flow completed successfully.
2025-09-19 12:02:26 [main] INFO  demoqaBase - ✅ Alerts, Frames & Windows|Browser Windows|New Window Message Test Completed...
]]></system-out>
  </testcase>
  <testcase name="ClickAlerts" classname="tests.AlertsFramesWindowsTests" time="0.436">
    <system-out><![CDATA[2025-09-19 12:02:26 [main] INFO  demoqaBase - Closing browser for test: browserWindowsNewWindowMsg
2025-09-19 12:02:27 [main] INFO  DriverFactory - 🌐 Starting Chrome Web Browser...
2025-09-19 12:02:27 [main] INFO  DriverFactory - ✅ Created temporary Chrome profile at C:\Users\dell\AppData\Local\Temp\chrome-profile-9444729960766287727
2025-09-19 12:02:27 [main] INFO  DriverFactory - 🚀 WebDriver started successfully
2025-09-19 12:02:27 [main] INFO  RetryUrlAccess - 🌐 Navigating to URL (attempt 1): https://demoqa.com
2025-09-19 12:03:03 [main] INFO  RetryUrlAccess - ✅ Navigation successful on attempt 1
2025-09-19 12:03:03 [main] INFO  demoqaBase - 🧪 Starting Test Alerts, Frames & Windows|New Window Message...
2025-09-19 12:03:03 [main] INFO  demoqaBase - Accessing Alerts, Frame & Windows Card...
Declared Instance WebDriverWait: org.openqa.selenium.support.ui.WebDriverWait@7f1ef916
2025-09-19 12:03:03 [main] INFO  demoqaLog - Clicking on Alert Frame & Windows Card...
🔹 Trying JS click by locator (attempt 1)
2025-09-19 12:03:03 [main] INFO  demoqaLog - 🔹 Trying JS click by locator (attempt 1)
🔹 Attempting JS click...
2025-09-19 12:03:03 [main] INFO  demoqaLog - 🔹 Attempting JS click...
2025-09-19 12:03:03 [main] INFO  demoqaLog - Clicked on Alert Frame & Windows Card...
Title of this Page is: DEMOQA
You are Accessing: Alerts, Frame & Windows
2025-09-19 12:03:03 [main] INFO  demoqaBase - Alerts, Frame & Windows Card: Please select an item from left to start practice.
2025-09-19 12:03:03 [main] INFO  demoqaBase - 🔍 Starting test for Alerts click ..
🔹 Trying JS click on WebElement (attempt 1)
2025-09-19 12:03:03 [main] INFO  demoqaLog - 🔹 Trying JS click on WebElement (attempt 1)
🔹 Attempting JS click...
2025-09-19 12:03:03 [main] INFO  demoqaLog - 🔹 Attempting JS click...
2025-09-19 12:03:04 [main] INFO  demoqaBase - ✅ Clicked on Alerts...
2025-09-19 12:03:04 [main] INFO  demoqaBase - Page Title is: Alerts
2025-09-19 12:03:04 [main] INFO  demoqaBase - ✅ Alerts, Frames & Windows|Alerts Test Completed...
]]></system-out>
  </testcase>
  <testcase name="ClickToSeeAlerts" classname="tests.AlertsFramesWindowsTests" time="6.041">
    <system-out><![CDATA[2025-09-19 12:03:04 [main] INFO  demoqaBase - Closing browser for test: ClickAlerts
2025-09-19 12:03:04 [main] INFO  DriverFactory - 🌐 Starting Chrome Web Browser...
2025-09-19 12:03:04 [main] INFO  DriverFactory - ✅ Created temporary Chrome profile at C:\Users\dell\AppData\Local\Temp\chrome-profile-16914229746504080061
2025-09-19 12:03:05 [main] INFO  DriverFactory - 🚀 WebDriver started successfully
2025-09-19 12:03:05 [main] INFO  RetryUrlAccess - 🌐 Navigating to URL (attempt 1): https://demoqa.com
2025-09-19 12:03:36 [main] INFO  RetryUrlAccess - ✅ Navigation successful on attempt 1
2025-09-19 12:03:36 [main] INFO  demoqaBase - 🧪 Starting Test Alerts, Frames & Windows|Alerts|Click button to see Alert...
2025-09-19 12:03:36 [main] INFO  demoqaBase - Accessing Alerts, Frame & Windows Card...
Declared Instance WebDriverWait: org.openqa.selenium.support.ui.WebDriverWait@7301eebe
2025-09-19 12:03:36 [main] INFO  demoqaLog - Clicking on Alert Frame & Windows Card...
🔹 Trying JS click by locator (attempt 1)
2025-09-19 12:03:36 [main] INFO  demoqaLog - 🔹 Trying JS click by locator (attempt 1)
🔹 Attempting JS click...
2025-09-19 12:03:36 [main] INFO  demoqaLog - 🔹 Attempting JS click...
2025-09-19 12:03:36 [main] INFO  demoqaLog - Clicked on Alert Frame & Windows Card...
Title of this Page is: DEMOQA
You are Accessing: Alerts, Frame & Windows
2025-09-19 12:03:36 [main] INFO  demoqaBase - Alerts, Frame & Windows Card: Please select an item from left to start practice.
2025-09-19 12:03:36 [main] INFO  demoqaBase - 🔍 Starting test for Alerts click ..
🔹 Trying JS click on WebElement (attempt 1)
2025-09-19 12:03:36 [main] INFO  demoqaLog - 🔹 Trying JS click on WebElement (attempt 1)
🔹 Attempting JS click...
2025-09-19 12:03:36 [main] INFO  demoqaLog - 🔹 Attempting JS click...
2025-09-19 12:03:36 [main] INFO  demoqaBase - ✅ Clicked on Alerts...
2025-09-19 12:03:36 [main] INFO  demoqaBase - Page Title is: Alerts
2025-09-19 12:03:36 [main] INFO  demoqaLog - ⏳ Waiting for page to fully load (timeout: 30s)
2025-09-19 12:03:36 [main] INFO  demoqaLog - ✅ Page load completed.
2025-09-19 12:03:36 [main] INFO  demoqaBase - 🔍 Starting test for On button click, alert will appear after 5 seconds...
🔹 Trying JS click on WebElement (attempt 1)
2025-09-19 12:03:36 [main] INFO  demoqaLog - 🔹 Trying JS click on WebElement (attempt 1)
🔹 Attempting JS click...
2025-09-19 12:03:36 [main] INFO  demoqaLog - 🔹 Attempting JS click...
2025-09-19 12:03:36 [main] INFO  demoqaBase - ✅ Clicked on Click Button to see Alert after 5 seconds...
2025-09-19 12:03:42 [main] INFO  demoqaBase - ✅ On button click, alert will appear after 5 seconds, message is: This alert appeared after 5 seconds
2025-09-19 12:03:42 [main] INFO  demoqaBase - ✅ Alerts, Frames & Windows|Alerts|Click button to see Alert Test Completed...
]]></system-out>
  </testcase>
  <testcase name="ClickAcceptConfirmationBox" classname="tests.AlertsFramesWindowsTests" time="0.774">
    <system-out><![CDATA[2025-09-19 12:03:42 [main] INFO  demoqaBase - Closing browser for test: ClickToSeeAlerts
2025-09-19 12:03:42 [main] INFO  DriverFactory - 🌐 Starting Chrome Web Browser...
2025-09-19 12:03:42 [main] INFO  DriverFactory - ✅ Created temporary Chrome profile at C:\Users\dell\AppData\Local\Temp\chrome-profile-11021848148425020937
2025-09-19 12:03:43 [main] INFO  DriverFactory - 🚀 WebDriver started successfully
2025-09-19 12:03:43 [main] INFO  RetryUrlAccess - 🌐 Navigating to URL (attempt 1): https://demoqa.com
2025-09-19 12:03:57 [main] INFO  RetryUrlAccess - ✅ Navigation successful on attempt 1
2025-09-19 12:03:57 [main] INFO  demoqaBase - 🧪 Starting Test Alerts, Frames & Windows|AlertsOn button click, confirm box will appear, Accept...
2025-09-19 12:03:57 [main] INFO  demoqaBase - Accessing Alerts, Frame & Windows Card...
Declared Instance WebDriverWait: org.openqa.selenium.support.ui.WebDriverWait@1163a27
2025-09-19 12:03:57 [main] INFO  demoqaLog - Clicking on Alert Frame & Windows Card...
🔹 Trying JS click by locator (attempt 1)
2025-09-19 12:03:57 [main] INFO  demoqaLog - 🔹 Trying JS click by locator (attempt 1)
🔹 Attempting JS click...
2025-09-19 12:03:57 [main] INFO  demoqaLog - 🔹 Attempting JS click...
2025-09-19 12:03:57 [main] INFO  demoqaLog - Clicked on Alert Frame & Windows Card...
Title of this Page is: DEMOQA
You are Accessing: Alerts, Frame & Windows
2025-09-19 12:03:57 [main] INFO  demoqaBase - Alerts, Frame & Windows Card: Please select an item from left to start practice.
2025-09-19 12:03:57 [main] INFO  demoqaBase - 🔍 Starting test for Alerts click ..
🔹 Trying JS click on WebElement (attempt 1)
2025-09-19 12:03:57 [main] INFO  demoqaLog - 🔹 Trying JS click on WebElement (attempt 1)
🔹 Attempting JS click...
2025-09-19 12:03:57 [main] INFO  demoqaLog - 🔹 Attempting JS click...
2025-09-19 12:03:58 [main] INFO  demoqaBase - ✅ Clicked on Alerts...
2025-09-19 12:03:58 [main] INFO  demoqaBase - Page Title is: Alerts
2025-09-19 12:03:58 [main] INFO  demoqaLog - ⏳ Waiting for page to fully load (timeout: 30s)
2025-09-19 12:03:58 [main] INFO  demoqaLog - ✅ Page load completed.
2025-09-19 12:03:58 [main] INFO  demoqaBase - 🔍 Starting test for On button click, confirm box will appear, Accept...
🔹 Trying JS click on WebElement (attempt 1)
2025-09-19 12:03:58 [main] INFO  demoqaLog - 🔹 Trying JS click on WebElement (attempt 1)
🔹 Attempting JS click...
2025-09-19 12:03:58 [main] INFO  demoqaLog - 🔹 Attempting JS click...
2025-09-19 12:03:58 [main] INFO  demoqaBase - ✅ Clicked On button click, confirm box will appear, Accept...
2025-09-19 12:03:58 [main] INFO  demoqaBase - ✅ On button click, confirm box will appear, message is: Do you confirm action?
2025-09-19 12:03:58 [main] INFO  demoqaBase - ✅ Your Selection was: You selected Ok
2025-09-19 12:03:58 [main] INFO  demoqaBase - ✅ Alerts, Frames & Windows|Alerts|On button click, confirm box will appear, Accept Test Completed...
]]></system-out>
  </testcase>
  <testcase name="ClickDenyConfirmationBox" classname="tests.AlertsFramesWindowsTests" time="0.823">
    <system-out><![CDATA[2025-09-19 12:03:58 [main] INFO  demoqaBase - Closing browser for test: ClickAcceptConfirmationBox
2025-09-19 12:03:58 [main] INFO  DriverFactory - 🌐 Starting Chrome Web Browser...
2025-09-19 12:03:58 [main] INFO  DriverFactory - ✅ Created temporary Chrome profile at C:\Users\dell\AppData\Local\Temp\chrome-profile-13693020876007061571
2025-09-19 12:03:59 [main] INFO  DriverFactory - 🚀 WebDriver started successfully
2025-09-19 12:03:59 [main] INFO  RetryUrlAccess - 🌐 Navigating to URL (attempt 1): https://demoqa.com
2025-09-19 12:04:12 [main] INFO  RetryUrlAccess - ✅ Navigation successful on attempt 1
2025-09-19 12:04:12 [main] INFO  demoqaBase - 🧪 Starting Test Alerts, Frames & Windows|Alerts|On button click, confirm box will appear, Deny...
2025-09-19 12:04:12 [main] INFO  demoqaBase - Accessing Alerts, Frame & Windows Card...
Declared Instance WebDriverWait: org.openqa.selenium.support.ui.WebDriverWait@5eb5da12
2025-09-19 12:04:12 [main] INFO  demoqaLog - Clicking on Alert Frame & Windows Card...
🔹 Trying JS click by locator (attempt 1)
2025-09-19 12:04:12 [main] INFO  demoqaLog - 🔹 Trying JS click by locator (attempt 1)
🔹 Attempting JS click...
2025-09-19 12:04:12 [main] INFO  demoqaLog - 🔹 Attempting JS click...
2025-09-19 12:04:12 [main] INFO  demoqaLog - Clicked on Alert Frame & Windows Card...
Title of this Page is: DEMOQA
You are Accessing: Alerts, Frame & Windows
2025-09-19 12:04:12 [main] INFO  demoqaBase - Alerts, Frame & Windows Card: Please select an item from left to start practice.
2025-09-19 12:04:12 [main] INFO  demoqaBase - 🔍 Starting test for Alerts click ..
🔹 Trying JS click on WebElement (attempt 1)
2025-09-19 12:04:12 [main] INFO  demoqaLog - 🔹 Trying JS click on WebElement (attempt 1)
🔹 Attempting JS click...
2025-09-19 12:04:12 [main] INFO  demoqaLog - 🔹 Attempting JS click...
2025-09-19 12:04:12 [main] INFO  demoqaBase - ✅ Clicked on Alerts...
2025-09-19 12:04:13 [main] INFO  demoqaBase - Page Title is: Alerts
2025-09-19 12:04:13 [main] INFO  demoqaLog - ⏳ Waiting for page to fully load (timeout: 30s)
2025-09-19 12:04:13 [main] INFO  demoqaLog - ✅ Page load completed.
2025-09-19 12:04:13 [main] INFO  demoqaBase - 🔍 Starting test for On button click, confirm box will appear, Deny...
🔹 Trying JS click on WebElement (attempt 1)
2025-09-19 12:04:13 [main] INFO  demoqaLog - 🔹 Trying JS click on WebElement (attempt 1)
🔹 Attempting JS click...
2025-09-19 12:04:13 [main] INFO  demoqaLog - 🔹 Attempting JS click...
2025-09-19 12:04:13 [main] INFO  demoqaBase - ✅ Clicked On button click, confirm box will appear, Deny...
2025-09-19 12:04:13 [main] INFO  demoqaBase - ✅ On button click, confirm box will appear, message is: Do you confirm action?
2025-09-19 12:04:13 [main] INFO  demoqaBase - ✅ Your Selection was: You selected Cancel
2025-09-19 12:04:13 [main] INFO  demoqaBase - ✅ Alerts, Frames & Windows|Alerts|On button click, confirm box will appear, Deny Test Completed...
]]></system-out>
  </testcase>
  <testcase name="ClickPromptBoxFill" classname="tests.AlertsFramesWindowsTests" time="1.055">
    <system-out><![CDATA[2025-09-19 12:04:13 [main] INFO  demoqaBase - Closing browser for test: ClickDenyConfirmationBox
2025-09-19 12:04:13 [main] INFO  DriverFactory - 🌐 Starting Chrome Web Browser...
2025-09-19 12:04:13 [main] INFO  DriverFactory - ✅ Created temporary Chrome profile at C:\Users\dell\AppData\Local\Temp\chrome-profile-15399411824539242597
2025-09-19 12:04:14 [main] INFO  DriverFactory - 🚀 WebDriver started successfully
2025-09-19 12:04:14 [main] INFO  RetryUrlAccess - 🌐 Navigating to URL (attempt 1): https://demoqa.com
2025-09-19 12:04:18 [main] INFO  RetryUrlAccess - ✅ Navigation successful on attempt 1
2025-09-19 12:04:18 [main] INFO  demoqaBase - 🧪 Starting Test Alerts, Frames & Windows|Alerts|On button click, prompt box will appear, Fill data...
2025-09-19 12:04:18 [main] INFO  demoqaBase - Accessing Alerts, Frame & Windows Card...
Declared Instance WebDriverWait: org.openqa.selenium.support.ui.WebDriverWait@ab2e6d2
2025-09-19 12:04:18 [main] INFO  demoqaLog - Clicking on Alert Frame & Windows Card...
🔹 Trying JS click by locator (attempt 1)
2025-09-19 12:04:19 [main] INFO  demoqaLog - 🔹 Trying JS click by locator (attempt 1)
🔹 Attempting JS click...
2025-09-19 12:04:19 [main] INFO  demoqaLog - 🔹 Attempting JS click...
2025-09-19 12:04:19 [main] INFO  demoqaLog - Clicked on Alert Frame & Windows Card...
Title of this Page is: DEMOQA
You are Accessing: Alerts, Frame & Windows
2025-09-19 12:04:19 [main] INFO  demoqaBase - Alerts, Frame & Windows Card: Please select an item from left to start practice.
2025-09-19 12:04:19 [main] INFO  demoqaBase - 🔍 Starting test for Alerts click ..
🔹 Trying JS click on WebElement (attempt 1)
2025-09-19 12:04:19 [main] INFO  demoqaLog - 🔹 Trying JS click on WebElement (attempt 1)
🔹 Attempting JS click...
2025-09-19 12:04:19 [main] INFO  demoqaLog - 🔹 Attempting JS click...
2025-09-19 12:04:19 [main] INFO  demoqaBase - ✅ Clicked on Alerts...
2025-09-19 12:04:19 [main] INFO  demoqaBase - Page Title is: Alerts
2025-09-19 12:04:19 [main] INFO  demoqaLog - ⏳ Waiting for page to fully load (timeout: 30s)
2025-09-19 12:04:19 [main] INFO  demoqaLog - ✅ Page load completed.
2025-09-19 12:04:19 [main] INFO  demoqaBase - 🔍 Starting test for On button click, prompt box will appear, Fill data...
🔹 Trying JS click on WebElement (attempt 1)
2025-09-19 12:04:19 [main] INFO  demoqaLog - 🔹 Trying JS click on WebElement (attempt 1)
🔹 Attempting JS click...
2025-09-19 12:04:19 [main] INFO  demoqaLog - 🔹 Attempting JS click...
2025-09-19 12:04:19 [main] INFO  demoqaBase - ✅ Clicked On button click, prompt box will appear, Fill data...
2025-09-19 12:04:19 [main] INFO  demoqaBase - ✅ On button click, prompt box will appear, message is: Please enter your name
2025-09-19 12:04:20 [main] INFO  demoqaBase - ✅ Your Selection was: You entered Java Selenium
2025-09-19 12:04:20 [main] INFO  demoqaBase - ✅ Alerts, Frames & Windows|Alerts|On button click, prompt box will appear, Fill data Test Completed...
]]></system-out>
  </testcase>
  <testcase name="ClickFrames" classname="tests.AlertsFramesWindowsTests" time="0.531">
    <system-out><![CDATA[2025-09-19 12:04:20 [main] INFO  demoqaBase - Closing browser for test: ClickPromptBoxFill
2025-09-19 12:04:20 [main] INFO  DriverFactory - 🌐 Starting Chrome Web Browser...
2025-09-19 12:04:20 [main] INFO  DriverFactory - ✅ Created temporary Chrome profile at C:\Users\dell\AppData\Local\Temp\chrome-profile-7267319930095861181
2025-09-19 12:04:21 [main] INFO  DriverFactory - 🚀 WebDriver started successfully
2025-09-19 12:04:21 [main] INFO  RetryUrlAccess - 🌐 Navigating to URL (attempt 1): https://demoqa.com
2025-09-19 12:04:47 [main] INFO  RetryUrlAccess - ✅ Navigation successful on attempt 1
2025-09-19 12:04:47 [main] INFO  demoqaBase - 🧪 Starting Test Alerts, Frames & Windows|Frames...
2025-09-19 12:04:47 [main] INFO  demoqaBase - Accessing Alerts, Frame & Windows Card...
Declared Instance WebDriverWait: org.openqa.selenium.support.ui.WebDriverWait@58aa1d72
2025-09-19 12:04:47 [main] INFO  demoqaLog - Clicking on Alert Frame & Windows Card...
🔹 Trying JS click by locator (attempt 1)
2025-09-19 12:04:47 [main] INFO  demoqaLog - 🔹 Trying JS click by locator (attempt 1)
🔹 Attempting JS click...
2025-09-19 12:04:47 [main] INFO  demoqaLog - 🔹 Attempting JS click...
2025-09-19 12:04:48 [main] INFO  demoqaLog - Clicked on Alert Frame & Windows Card...
Title of this Page is: DEMOQA
You are Accessing: Alerts, Frame & Windows
2025-09-19 12:04:48 [main] INFO  demoqaBase - Alerts, Frame & Windows Card: Please select an item from left to start practice.
2025-09-19 12:04:48 [main] INFO  demoqaBase - 🔍 Starting test for Frames click ..
🔹 Trying JS click on WebElement (attempt 1)
2025-09-19 12:04:48 [main] INFO  demoqaLog - 🔹 Trying JS click on WebElement (attempt 1)
🔹 Attempting JS click...
2025-09-19 12:04:48 [main] INFO  demoqaLog - 🔹 Attempting JS click...
2025-09-19 12:04:48 [main] INFO  demoqaBase - ✅ Clicked on Frames...
2025-09-19 12:04:48 [main] INFO  demoqaBase - Page Title is: Frames
2025-09-19 12:04:48 [main] INFO  demoqaBase - ✅ Alerts, Frames & Windows|Frames Test Completed...
]]></system-out>
  </testcase>
  <testcase name="GetFrame1" classname="tests.AlertsFramesWindowsTests" time="0.739">
    <system-out><![CDATA[2025-09-19 12:04:48 [main] INFO  demoqaBase - Closing browser for test: ClickFrames
2025-09-19 12:04:48 [main] INFO  DriverFactory - 🌐 Starting Chrome Web Browser...
2025-09-19 12:04:48 [main] INFO  DriverFactory - ✅ Created temporary Chrome profile at C:\Users\dell\AppData\Local\Temp\chrome-profile-13336994336423871031
2025-09-19 12:04:49 [main] INFO  DriverFactory - 🚀 WebDriver started successfully
2025-09-19 12:04:49 [main] INFO  RetryUrlAccess - 🌐 Navigating to URL (attempt 1): https://demoqa.com
2025-09-19 12:05:03 [main] INFO  RetryUrlAccess - ✅ Navigation successful on attempt 1
2025-09-19 12:05:03 [main] INFO  demoqaBase - 🧪 Starting Test Alerts, Frames & Windows|Frames|Frame1 message...
2025-09-19 12:05:03 [main] INFO  demoqaBase - Accessing Alerts, Frame & Windows Card...
Declared Instance WebDriverWait: org.openqa.selenium.support.ui.WebDriverWait@7a64cb0c
2025-09-19 12:05:03 [main] INFO  demoqaLog - Clicking on Alert Frame & Windows Card...
🔹 Trying JS click by locator (attempt 1)
2025-09-19 12:05:03 [main] INFO  demoqaLog - 🔹 Trying JS click by locator (attempt 1)
🔹 Attempting JS click...
2025-09-19 12:05:03 [main] INFO  demoqaLog - 🔹 Attempting JS click...
2025-09-19 12:05:03 [main] INFO  demoqaLog - Clicked on Alert Frame & Windows Card...
Title of this Page is: DEMOQA
You are Accessing: Alerts, Frame & Windows
2025-09-19 12:05:03 [main] INFO  demoqaBase - Alerts, Frame & Windows Card: Please select an item from left to start practice.
2025-09-19 12:05:03 [main] INFO  demoqaBase - 🔍 Starting test for Frames click ..
🔹 Trying JS click on WebElement (attempt 1)
2025-09-19 12:05:03 [main] INFO  demoqaLog - 🔹 Trying JS click on WebElement (attempt 1)
🔹 Attempting JS click...
2025-09-19 12:05:03 [main] INFO  demoqaLog - 🔹 Attempting JS click...
2025-09-19 12:05:03 [main] INFO  demoqaBase - ✅ Clicked on Frames...
2025-09-19 12:05:03 [main] INFO  demoqaBase - Page Title is: Frames
2025-09-19 12:05:03 [main] INFO  demoqaLog - ⏳ Waiting for page to fully load (timeout: 30s)
2025-09-19 12:05:03 [main] INFO  demoqaLog - ✅ Page load completed.
2025-09-19 12:05:03 [main] INFO  demoqaBase - 🔍 Starting test for Frames|Frame1 Message...
2025-09-19 12:05:04 [main] INFO  demoqaBase - ✅ Switched to Frame1...
2025-09-19 12:05:04 [main] INFO  demoqaBase - Frame1 contains: This is a sample page
2025-09-19 12:05:04 [main] INFO  demoqaBase - ✅ Alerts, Frames & Windows|Frames|Frame1 message Test Completed...
]]></system-out>
  </testcase>
  <testcase name="GetFrame2" classname="tests.AlertsFramesWindowsTests" time="1.287">
    <system-out><![CDATA[2025-09-19 12:05:04 [main] INFO  demoqaBase - Closing browser for test: GetFrame1
2025-09-19 12:05:04 [main] INFO  DriverFactory - 🌐 Starting Chrome Web Browser...
2025-09-19 12:05:04 [main] INFO  DriverFactory - ✅ Created temporary Chrome profile at C:\Users\dell\AppData\Local\Temp\chrome-profile-805788843848932555
2025-09-19 12:05:05 [main] INFO  DriverFactory - 🚀 WebDriver started successfully
2025-09-19 12:05:05 [main] INFO  RetryUrlAccess - 🌐 Navigating to URL (attempt 1): https://demoqa.com
2025-09-19 12:05:21 [main] INFO  RetryUrlAccess - ✅ Navigation successful on attempt 1
2025-09-19 12:05:21 [main] INFO  demoqaBase - 🧪 Starting Test Alerts, Frames & Windows|Frames|Frame2 message...
2025-09-19 12:05:21 [main] INFO  demoqaBase - Accessing Alerts, Frame & Windows Card...
Declared Instance WebDriverWait: org.openqa.selenium.support.ui.WebDriverWait@7ae590f6
2025-09-19 12:05:21 [main] INFO  demoqaLog - Clicking on Alert Frame & Windows Card...
🔹 Trying JS click by locator (attempt 1)
2025-09-19 12:05:21 [main] INFO  demoqaLog - 🔹 Trying JS click by locator (attempt 1)
🔹 Attempting JS click...
2025-09-19 12:05:21 [main] INFO  demoqaLog - 🔹 Attempting JS click...
2025-09-19 12:05:21 [main] INFO  demoqaLog - Clicked on Alert Frame & Windows Card...
Title of this Page is: DEMOQA
You are Accessing: Alerts, Frame & Windows
2025-09-19 12:05:21 [main] INFO  demoqaBase - Alerts, Frame & Windows Card: Please select an item from left to start practice.
2025-09-19 12:05:21 [main] INFO  demoqaBase - 🔍 Starting test for Frames click ..
🔹 Trying JS click on WebElement (attempt 1)
2025-09-19 12:05:21 [main] INFO  demoqaLog - 🔹 Trying JS click on WebElement (attempt 1)
🔹 Attempting JS click...
2025-09-19 12:05:21 [main] INFO  demoqaLog - 🔹 Attempting JS click...
2025-09-19 12:05:21 [main] INFO  demoqaBase - ✅ Clicked on Frames...
2025-09-19 12:05:21 [main] INFO  demoqaBase - Page Title is: Frames
2025-09-19 12:05:21 [main] INFO  demoqaLog - ⏳ Waiting for page to fully load (timeout: 30s)
2025-09-19 12:05:21 [main] INFO  demoqaLog - ✅ Page load completed.
2025-09-19 12:05:21 [main] INFO  demoqaBase - 🔍 Starting test for Frames|Frame2 Message...
2025-09-19 12:05:21 [main] INFO  demoqaBase - ✅ Switched to Frame2...
2025-09-19 12:05:22 [main] INFO  demoqaBase - Frame2 contains: This is a sample page
2025-09-19 12:05:22 [main] INFO  demoqaBase - ✅ Alerts, Frames & Windows|Frames|Frame2 message Test Completed...
]]></system-out>
  </testcase>
  <testcase name="ClickModalDialogs" classname="tests.AlertsFramesWindowsTests" time="0.436">
    <system-out><![CDATA[2025-09-19 12:05:22 [main] INFO  demoqaBase - Closing browser for test: GetFrame2
2025-09-19 12:05:22 [main] INFO  DriverFactory - 🌐 Starting Chrome Web Browser...
2025-09-19 12:05:22 [main] INFO  DriverFactory - ✅ Created temporary Chrome profile at C:\Users\dell\AppData\Local\Temp\chrome-profile-16659028791422647466
2025-09-19 12:05:23 [main] INFO  DriverFactory - 🚀 WebDriver started successfully
2025-09-19 12:05:23 [main] INFO  RetryUrlAccess - 🌐 Navigating to URL (attempt 1): https://demoqa.com
2025-09-19 12:05:37 [main] INFO  RetryUrlAccess - ✅ Navigation successful on attempt 1
2025-09-19 12:05:37 [main] INFO  demoqaBase - 🧪 Starting Test Alerts, Frames & Windows|Modal Dialogs...
2025-09-19 12:05:37 [main] INFO  demoqaBase - Accessing Alerts, Frame & Windows Card...
Declared Instance WebDriverWait: org.openqa.selenium.support.ui.WebDriverWait@2ba9f986
2025-09-19 12:05:37 [main] INFO  demoqaLog - Clicking on Alert Frame & Windows Card...
🔹 Trying JS click by locator (attempt 1)
2025-09-19 12:05:37 [main] INFO  demoqaLog - 🔹 Trying JS click by locator (attempt 1)
🔹 Attempting JS click...
2025-09-19 12:05:37 [main] INFO  demoqaLog - 🔹 Attempting JS click...
2025-09-19 12:05:37 [main] INFO  demoqaLog - Clicked on Alert Frame & Windows Card...
Title of this Page is: DEMOQA
You are Accessing: Alerts, Frame & Windows
2025-09-19 12:05:37 [main] INFO  demoqaBase - Alerts, Frame & Windows Card: Please select an item from left to start practice.
2025-09-19 12:05:37 [main] INFO  demoqaBase - 🔍 Starting test for Frames|Modal Dialogs click ..
🔹 Trying JS click on WebElement (attempt 1)
2025-09-19 12:05:37 [main] INFO  demoqaLog - 🔹 Trying JS click on WebElement (attempt 1)
🔹 Attempting JS click...
2025-09-19 12:05:37 [main] INFO  demoqaLog - 🔹 Attempting JS click...
2025-09-19 12:05:38 [main] INFO  demoqaBase - ✅ Clicked on Modal Dialogs...
2025-09-19 12:05:38 [main] INFO  demoqaBase - Page Title is: Modal Dialogs
2025-09-19 12:05:38 [main] INFO  demoqaBase - ✅ Alerts, Frames & Windows|Modal Dialogs Test Completed...
]]></system-out>
  </testcase>
  <testcase name="ClickNestedFrames" classname="tests.AlertsFramesWindowsTests" time="0.462">
    <system-out><![CDATA[2025-09-19 12:05:38 [main] INFO  demoqaBase - Closing browser for test: ClickModalDialogs
2025-09-19 12:05:38 [main] INFO  DriverFactory - 🌐 Starting Chrome Web Browser...
2025-09-19 12:05:38 [main] INFO  DriverFactory - ✅ Created temporary Chrome profile at C:\Users\dell\AppData\Local\Temp\chrome-profile-3036554114867899012
2025-09-19 12:05:39 [main] INFO  DriverFactory - 🚀 WebDriver started successfully
2025-09-19 12:05:39 [main] INFO  RetryUrlAccess - 🌐 Navigating to URL (attempt 1): https://demoqa.com
2025-09-19 12:05:44 [main] INFO  RetryUrlAccess - ✅ Navigation successful on attempt 1
2025-09-19 12:05:44 [main] INFO  demoqaBase - 🧪 Starting Test Alerts, Frames & Windows|Nested Frames...
2025-09-19 12:05:44 [main] INFO  demoqaBase - Accessing Alerts, Frame & Windows Card...
Declared Instance WebDriverWait: org.openqa.selenium.support.ui.WebDriverWait@50ff7063
2025-09-19 12:05:44 [main] INFO  demoqaLog - Clicking on Alert Frame & Windows Card...
🔹 Trying JS click by locator (attempt 1)
2025-09-19 12:05:44 [main] INFO  demoqaLog - 🔹 Trying JS click by locator (attempt 1)
🔹 Attempting JS click...
2025-09-19 12:05:44 [main] INFO  demoqaLog - 🔹 Attempting JS click...
2025-09-19 12:05:44 [main] INFO  demoqaLog - Clicked on Alert Frame & Windows Card...
Title of this Page is: DEMOQA
You are Accessing: Alerts, Frame & Windows
2025-09-19 12:05:44 [main] INFO  demoqaBase - Alerts, Frame & Windows Card: Please select an item from left to start practice.
2025-09-19 12:05:44 [main] INFO  demoqaLog - ⏳ Waiting for page to fully load (timeout: 30s)
2025-09-19 12:05:44 [main] INFO  demoqaLog - ✅ Page load completed.
2025-09-19 12:05:44 [main] INFO  demoqaBase - 🔍 Starting test for Frames|Nested Frames click ..
🔹 Trying JS click on WebElement (attempt 1)
2025-09-19 12:05:44 [main] INFO  demoqaLog - 🔹 Trying JS click on WebElement (attempt 1)
🔹 Attempting JS click...
2025-09-19 12:05:44 [main] INFO  demoqaLog - 🔹 Attempting JS click...
2025-09-19 12:05:44 [main] INFO  demoqaBase - ✅ Clicked on Nested Frames...
2025-09-19 12:05:44 [main] INFO  demoqaBase - Page Title is: Nested Frames
2025-09-19 12:05:44 [main] INFO  demoqaBase - ✅ Alerts, Frames & Windows|Nested Frames Test Completed...
]]></system-out>
  </testcase>
  <testcase name="ClickLargeModal" classname="tests.AlertsFramesWindowsTests" time="0.92">
    <system-out><![CDATA[2025-09-19 12:05:44 [main] INFO  demoqaBase - Closing browser for test: ClickNestedFrames
2025-09-19 12:05:45 [main] INFO  DriverFactory - 🌐 Starting Chrome Web Browser...
2025-09-19 12:05:45 [main] INFO  DriverFactory - ✅ Created temporary Chrome profile at C:\Users\dell\AppData\Local\Temp\chrome-profile-16401147076668424424
2025-09-19 12:05:46 [main] INFO  DriverFactory - 🚀 WebDriver started successfully
2025-09-19 12:05:46 [main] INFO  RetryUrlAccess - 🌐 Navigating to URL (attempt 1): https://demoqa.com
2025-09-19 12:05:55 [main] INFO  RetryUrlAccess - ✅ Navigation successful on attempt 1
2025-09-19 12:05:55 [main] INFO  demoqaBase - 🧪 Starting Test Alerts, Frames & Windows|Modal Dialogs|Large Modal...
2025-09-19 12:05:55 [main] INFO  demoqaBase - Accessing Alerts, Frame & Windows Card...
Declared Instance WebDriverWait: org.openqa.selenium.support.ui.WebDriverWait@4a04ca74
2025-09-19 12:05:55 [main] INFO  demoqaLog - Clicking on Alert Frame & Windows Card...
🔹 Trying JS click by locator (attempt 1)
2025-09-19 12:05:55 [main] INFO  demoqaLog - 🔹 Trying JS click by locator (attempt 1)
🔹 Attempting JS click...
2025-09-19 12:05:55 [main] INFO  demoqaLog - 🔹 Attempting JS click...
2025-09-19 12:05:55 [main] INFO  demoqaLog - Clicked on Alert Frame & Windows Card...
Title of this Page is: DEMOQA
You are Accessing: Alerts, Frame & Windows
2025-09-19 12:05:55 [main] INFO  demoqaBase - Alerts, Frame & Windows Card: Please select an item from left to start practice.
2025-09-19 12:05:55 [main] INFO  demoqaBase - 🔍 Starting test for Frames|Modal Dialogs click ..
🔹 Trying JS click on WebElement (attempt 1)
2025-09-19 12:05:55 [main] INFO  demoqaLog - 🔹 Trying JS click on WebElement (attempt 1)
🔹 Attempting JS click...
2025-09-19 12:05:55 [main] INFO  demoqaLog - 🔹 Attempting JS click...
2025-09-19 12:05:55 [main] INFO  demoqaBase - ✅ Clicked on Modal Dialogs...
2025-09-19 12:05:55 [main] INFO  demoqaBase - Page Title is: Modal Dialogs
2025-09-19 12:05:55 [main] INFO  demoqaLog - ⏳ Waiting for page to fully load (timeout: 30s)
2025-09-19 12:05:55 [main] INFO  demoqaLog - ✅ Page load completed.
2025-09-19 12:05:55 [main] INFO  demoqaBase - 🔍 Starting test for Frames|Modal Dialogs|Large Modal click...
🔹 Trying JS click on WebElement (attempt 1)
2025-09-19 12:05:55 [main] INFO  demoqaLog - 🔹 Trying JS click on WebElement (attempt 1)
🔹 Attempting JS click...
2025-09-19 12:05:55 [main] INFO  demoqaLog - 🔹 Attempting JS click...
2025-09-19 12:05:55 [main] INFO  demoqaBase - ✅ Clicked on Modal Dialogs|Large Modal...
2025-09-19 12:05:56 [main] INFO  demoqaBase - Page Title is: Large Modal
2025-09-19 12:05:56 [main] INFO  demoqaBase - Large Modal Body Contains: Lorem Ipsum is simply dummy text of the printing and typesetting industry. Lorem Ipsum has been the industry's standard dummy text ever since the 1500s, when an unknown printer took a galley of type and scrambled it to make a type specimen book. It has survived not only five centuries, but also the leap into electronic typesetting, remaining essentially unchanged. It was popularised in the 1960s with the release of Letraset sheets containing Lorem Ipsum passages, and more recently with desktop publishing software like Aldus PageMaker including versions of Lorem Ipsum.
🔹 Trying JS click on WebElement (attempt 1)
2025-09-19 12:05:56 [main] INFO  demoqaLog - 🔹 Trying JS click on WebElement (attempt 1)
🔹 Attempting JS click...
2025-09-19 12:05:56 [main] INFO  demoqaLog - 🔹 Attempting JS click...
2025-09-19 12:05:56 [main] INFO  demoqaBase - ✅ Alerts, Frames & Windows|Modal Dialogs|Large Modal click Test Completed...
]]></system-out>
  </testcase>
  <testcase name="ClickSmallModal" classname="tests.AlertsFramesWindowsTests" time="9.041">
    <failure message="❌ smartClick failed after 3 attempts" type="java.lang.RuntimeException"><![CDATA[java.lang.RuntimeException: ❌ smartClick failed after 3 attempts
	at utils.ClickHandler.smartClick(ClickHandler.java:100)
	at pages.homePage.clickAlertsFrameWindowsCard(homePage.java:36)
	at pages.alertsframewindowsPage.accessAlertFramesWindows(alertsframewindowsPage.java:147)
	at tests.AlertsFramesWindowsTests.ClickSmallModal(AlertsFramesWindowsTests.java:272)
	at java.base/jdk.internal.reflect.DirectMethodHandleAccessor.invoke(DirectMethodHandleAccessor.java:103)
	at java.base/java.lang.reflect.Method.invoke(Method.java:580)
	at org.testng.internal.invokers.MethodInvocationHelper.invokeMethod(MethodInvocationHelper.java:141)
	at org.testng.internal.invokers.TestInvoker.invokeMethod(TestInvoker.java:687)
	at org.testng.internal.invokers.TestInvoker.invokeTestMethod(TestInvoker.java:230)
	at org.testng.internal.invokers.MethodRunner.runInSequence(MethodRunner.java:63)
	at org.testng.internal.invokers.TestInvoker$MethodInvocationAgent.invoke(TestInvoker.java:995)
	at org.testng.internal.invokers.TestInvoker.invokeTestMethods(TestInvoker.java:203)
	at org.testng.internal.invokers.TestMethodWorker.invokeTestMethods(TestMethodWorker.java:154)
	at org.testng.internal.invokers.TestMethodWorker.run(TestMethodWorker.java:134)
	at java.base/java.util.ArrayList.forEach(ArrayList.java:1596)
	at org.testng.TestRunner.privateRun(TestRunner.java:741)
	at org.testng.TestRunner.run(TestRunner.java:616)
	at org.testng.SuiteRunner.runTest(SuiteRunner.java:421)
	at org.testng.SuiteRunner.runSequentially(SuiteRunner.java:413)
	at org.testng.SuiteRunner.privateRun(SuiteRunner.java:373)
	at org.testng.SuiteRunner.run(SuiteRunner.java:312)
	at org.testng.SuiteRunnerWorker.runSuite(SuiteRunnerWorker.java:52)
	at org.testng.SuiteRunnerWorker.run(SuiteRunnerWorker.java:95)
	at org.testng.TestNG.runSuitesSequentially(TestNG.java:1274)
	at org.testng.TestNG.runSuitesLocally(TestNG.java:1208)
	at org.testng.TestNG.runSuites(TestNG.java:1112)
	at org.testng.TestNG.run(TestNG.java:1079)
	at org.apache.maven.surefire.testng.TestNGExecutor.run(TestNGExecutor.java:155)
	at org.apache.maven.surefire.testng.TestNGDirectoryTestSuite.executeMulti(TestNGDirectoryTestSuite.java:169)
	at org.apache.maven.surefire.testng.TestNGDirectoryTestSuite.execute(TestNGDirectoryTestSuite.java:88)
	at org.apache.maven.surefire.testng.TestNGProvider.invoke(TestNGProvider.java:137)
	at org.apache.maven.surefire.booter.ForkedBooter.runSuitesInProcess(ForkedBooter.java:385)
	at org.apache.maven.surefire.booter.ForkedBooter.execute(ForkedBooter.java:162)
	at org.apache.maven.surefire.booter.ForkedBooter.run(ForkedBooter.java:507)
	at org.apache.maven.surefire.booter.ForkedBooter.main(ForkedBooter.java:495)
Caused by: org.openqa.selenium.NoSuchSessionException: Session ID is null. Using WebDriver after calling quit()?
Build info: version: '4.35.0', revision: '1c58e5028b'
System info: os.name: 'Windows 11', os.arch: 'amd64', os.version: '10.0', java.version: '21.0.7'
Driver info: org.openqa.selenium.chrome.ChromeDriver
Command: [null, findElement {value=//body/div[@id='app']/div[@class='body-height']/div[@class='home-content']/div[@class='home-body']/div[@class='category-cards']/div[3]/div[1], using=xpath}]
Capabilities {acceptInsecureCerts: false, browserName: chrome, browserVersion: 137.0.7151.120, chrome: {chromedriverVersion: 137.0.7151.119 (e0ac9d12dff..., userDataDir: C:\Users\dell\AppData\Local...}, fedcm:accounts: true, goog:chromeOptions: {debuggerAddress: localhost:62242}, networkConnectionEnabled: false, pageLoadStrategy: normal, platformName: windows, proxy: Proxy(), se:cdp: ws://localhost:62242/devtoo..., se:cdpVersion: 137.0.7151.120, setWindowRect: true, strictFileInteractability: false, timeouts: {implicit: 0, pageLoad: 300000, script: 30000}, unhandledPromptBehavior: dismiss and notify, webauthn:extension:credBlob: true, webauthn:extension:largeBlob: true, webauthn:extension:minPinLength: true, webauthn:extension:prf: true, webauthn:virtualAuthenticators: true}
	at org.openqa.selenium.remote.HttpCommandExecutor.execute(HttpCommandExecutor.java:176)
	at org.openqa.selenium.remote.service.DriverCommandExecutor.invokeExecute(DriverCommandExecutor.java:216)
	at org.openqa.selenium.remote.service.DriverCommandExecutor.execute(DriverCommandExecutor.java:174)
	at org.openqa.selenium.remote.RemoteWebDriver.execute(RemoteWebDriver.java:557)
	at org.openqa.selenium.remote.ElementLocation$ElementFinder$2.findElement(ElementLocation.java:165)
	at org.openqa.selenium.remote.ElementLocation.findElement(ElementLocation.java:59)
	at org.openqa.selenium.remote.RemoteWebDriver.findElement(RemoteWebDriver.java:380)
	at org.openqa.selenium.remote.RemoteWebDriver.findElement(RemoteWebDriver.java:374)
	at utils.ClickHandler.smartClick(ClickHandler.java:78)
	... 34 more
]]></failure>
    <system-out><![CDATA[2025-09-19 12:05:56 [main] INFO  demoqaBase - Closing browser for test: ClickLargeModal
2025-09-19 12:05:56 [main] INFO  DriverFactory - 🌐 Starting Chrome Web Browser...
2025-09-19 12:05:56 [main] INFO  DriverFactory - ✅ Created temporary Chrome profile at C:\Users\dell\AppData\Local\Temp\chrome-profile-3514439682989238579
2025-09-19 12:05:57 [main] INFO  DriverFactory - 🚀 WebDriver started successfully
2025-09-19 12:05:57 [main] INFO  RetryUrlAccess - 🌐 Navigating to URL (attempt 1): https://demoqa.com
2025-09-19 12:05:58 [main] ERROR RetryUrlAccess - ❌ Server error detected on attempt 1 for https://demoqa.com
2025-09-19 12:05:58 [main] INFO  RetryUrlAccess - 🔄 Restarting browser (cleaning Chrome profile first)...
2025-09-19 12:06:00 [main] INFO  RetryUrlAccess - 🧹 Chrome profile cleaned successfully
2025-09-19 12:06:00 [main] INFO  DriverFactory - 🌐 Starting Chrome Web Browser...
2025-09-19 12:06:00 [main] INFO  DriverFactory - ✅ Created temporary Chrome profile at C:\Users\dell\AppData\Local\Temp\chrome-profile-10656946786888439496
2025-09-19 12:06:01 [main] INFO  DriverFactory - 🚀 WebDriver started successfully
2025-09-19 12:06:01 [main] INFO  RetryUrlAccess - 🚀 New WebDriver instance created
2025-09-19 12:06:01 [main] INFO  RetryUrlAccess - 🌐 Navigating to URL (attempt 2): https://demoqa.com
2025-09-19 12:06:16 [main] INFO  RetryUrlAccess - ✅ Navigation successful on attempt 2
2025-09-19 12:06:16 [main] INFO  demoqaBase - 🧪 Starting Test Alerts, Frames & Windows|Modal Dialogs|Small Modal...
2025-09-19 12:06:16 [main] INFO  demoqaBase - Accessing Alerts, Frame & Windows Card...
Declared Instance WebDriverWait: org.openqa.selenium.support.ui.WebDriverWait@1aaf46e6
2025-09-19 12:06:16 [main] INFO  demoqaLog - Clicking on Alert Frame & Windows Card...
⚡ Falling back to native click by locator (attempt 1)
2025-09-19 12:06:16 [main] INFO  demoqaLog - ⚡ Falling back to native click by locator (attempt 1)
🔄 Retrying via element ID (attempt 1)
2025-09-19 12:06:16 [main] INFO  demoqaLog - 🔄 Retrying via element ID (attempt 1)
🔄 Retrying via first CSS class (attempt 1)
2025-09-19 12:06:16 [main] INFO  demoqaLog - 🔄 Retrying via first CSS class (attempt 1)
⏳ Waiting 3s before retry...
2025-09-19 12:06:16 [main] INFO  demoqaLog - ⏳ Waiting 3s before retry...
⚡ Falling back to native click by locator (attempt 2)
2025-09-19 12:06:19 [main] INFO  demoqaLog - ⚡ Falling back to native click by locator (attempt 2)
🔄 Retrying via element ID (attempt 2)
2025-09-19 12:06:19 [main] INFO  demoqaLog - 🔄 Retrying via element ID (attempt 2)
🔄 Retrying via first CSS class (attempt 2)
2025-09-19 12:06:19 [main] INFO  demoqaLog - 🔄 Retrying via first CSS class (attempt 2)
⏳ Waiting 3s before retry...
2025-09-19 12:06:19 [main] INFO  demoqaLog - ⏳ Waiting 3s before retry...
⚡ Falling back to native click by locator (attempt 3)
2025-09-19 12:06:22 [main] INFO  demoqaLog - ⚡ Falling back to native click by locator (attempt 3)
🔄 Retrying via element ID (attempt 3)
2025-09-19 12:06:22 [main] INFO  demoqaLog - 🔄 Retrying via element ID (attempt 3)
🔄 Retrying via first CSS class (attempt 3)
2025-09-19 12:06:22 [main] INFO  demoqaLog - 🔄 Retrying via first CSS class (attempt 3)
⏳ Waiting 3s before retry...
2025-09-19 12:06:22 [main] INFO  demoqaLog - ⏳ Waiting 3s before retry...
]]></system-out>
  </testcase>
  <testcase name="tearDown[[TestResult name=ClickSmallModal status=FAILURE method=AlertsFramesWindowsTests.ClickSmallModal()[pri:14, instance:tests.AlertsFramesWindowsTests@6239aba6] output={null}]](0)" classname="tests.AlertsFramesWindowsTests" time="9.055">
    <failure message="ScreenCapture path must not be null or empty" type="java.lang.IllegalArgumentException"><![CDATA[java.lang.IllegalArgumentException: ScreenCapture path must not be null or empty
	at com.aventstack.extentreports.util.Assert.notEmpty(Assert.java:12)
	at com.aventstack.extentreports.MediaEntityBuilder.createScreenCaptureFromPath(MediaEntityBuilder.java:34)
	at com.aventstack.extentreports.MediaEntityBuilder.createScreenCaptureFromPath(MediaEntityBuilder.java:40)
	at base.demoqaBase.tearDown(demoqaBase.java:64)
	at java.base/jdk.internal.reflect.DirectMethodHandleAccessor.invoke(DirectMethodHandleAccessor.java:103)
	at java.base/java.lang.reflect.Method.invoke(Method.java:580)
	at org.testng.internal.invokers.MethodInvocationHelper.invokeMethod(MethodInvocationHelper.java:141)
	at org.testng.internal.invokers.MethodInvocationHelper.invokeMethodConsideringTimeout(MethodInvocationHelper.java:71)
	at org.testng.internal.invokers.ConfigInvoker.invokeConfigurationMethod(ConfigInvoker.java:400)
	at org.testng.internal.invokers.ConfigInvoker.invokeConfigurations(ConfigInvoker.java:333)
	at org.testng.internal.invokers.TestInvoker.runConfigMethods(TestInvoker.java:836)
	at org.testng.internal.invokers.TestInvoker.runAfterConfigurations(TestInvoker.java:805)
	at org.testng.internal.invokers.TestInvoker.invokeMethod(TestInvoker.java:781)
	at org.testng.internal.invokers.TestInvoker.invokeTestMethod(TestInvoker.java:230)
	at org.testng.internal.invokers.MethodRunner.runInSequence(MethodRunner.java:63)
	at org.testng.internal.invokers.TestInvoker$MethodInvocationAgent.invoke(TestInvoker.java:995)
	at org.testng.internal.invokers.TestInvoker.invokeTestMethods(TestInvoker.java:203)
	at org.testng.internal.invokers.TestMethodWorker.invokeTestMethods(TestMethodWorker.java:154)
	at org.testng.internal.invokers.TestMethodWorker.run(TestMethodWorker.java:134)
	at java.base/java.util.ArrayList.forEach(ArrayList.java:1596)
	at org.testng.TestRunner.privateRun(TestRunner.java:741)
	at org.testng.TestRunner.run(TestRunner.java:616)
	at org.testng.SuiteRunner.runTest(SuiteRunner.java:421)
	at org.testng.SuiteRunner.runSequentially(SuiteRunner.java:413)
	at org.testng.SuiteRunner.privateRun(SuiteRunner.java:373)
	at org.testng.SuiteRunner.run(SuiteRunner.java:312)
	at org.testng.SuiteRunnerWorker.runSuite(SuiteRunnerWorker.java:52)
	at org.testng.SuiteRunnerWorker.run(SuiteRunnerWorker.java:95)
	at org.testng.TestNG.runSuitesSequentially(TestNG.java:1274)
	at org.testng.TestNG.runSuitesLocally(TestNG.java:1208)
	at org.testng.TestNG.runSuites(TestNG.java:1112)
	at org.testng.TestNG.run(TestNG.java:1079)
	at org.apache.maven.surefire.testng.TestNGExecutor.run(TestNGExecutor.java:155)
	at org.apache.maven.surefire.testng.TestNGDirectoryTestSuite.executeMulti(TestNGDirectoryTestSuite.java:169)
	at org.apache.maven.surefire.testng.TestNGDirectoryTestSuite.execute(TestNGDirectoryTestSuite.java:88)
	at org.apache.maven.surefire.testng.TestNGProvider.invoke(TestNGProvider.java:137)
	at org.apache.maven.surefire.booter.ForkedBooter.runSuitesInProcess(ForkedBooter.java:385)
	at org.apache.maven.surefire.booter.ForkedBooter.execute(ForkedBooter.java:162)
	at org.apache.maven.surefire.booter.ForkedBooter.run(ForkedBooter.java:507)
	at org.apache.maven.surefire.booter.ForkedBooter.main(ForkedBooter.java:495)
]]></failure>
    <system-out><![CDATA[2025-09-19 12:06:25 [main] INFO  demoqaBase - Closing browser for test: ClickSmallModal
]]></system-out>
    <system-err><![CDATA[org.openqa.selenium.NoSuchSessionException: Session ID is null. Using WebDriver after calling quit()?
Build info: version: '4.35.0', revision: '1c58e5028b'
System info: os.name: 'Windows 11', os.arch: 'amd64', os.version: '10.0', java.version: '21.0.7'
Driver info: org.openqa.selenium.chrome.ChromeDriver
Command: [null, screenshot {}]
Capabilities {acceptInsecureCerts: false, browserName: chrome, browserVersion: 137.0.7151.120, chrome: {chromedriverVersion: 137.0.7151.119 (e0ac9d12dff..., userDataDir: C:\Users\dell\AppData\Local...}, fedcm:accounts: true, goog:chromeOptions: {debuggerAddress: localhost:62242}, networkConnectionEnabled: false, pageLoadStrategy: normal, platformName: windows, proxy: Proxy(), se:cdp: ws://localhost:62242/devtoo..., se:cdpVersion: 137.0.7151.120, setWindowRect: true, strictFileInteractability: false, timeouts: {implicit: 0, pageLoad: 300000, script: 30000}, unhandledPromptBehavior: dismiss and notify, webauthn:extension:credBlob: true, webauthn:extension:largeBlob: true, webauthn:extension:minPinLength: true, webauthn:extension:prf: true, webauthn:virtualAuthenticators: true}
	at org.openqa.selenium.remote.HttpCommandExecutor.execute(HttpCommandExecutor.java:176)
	at org.openqa.selenium.remote.service.DriverCommandExecutor.invokeExecute(DriverCommandExecutor.java:216)
	at org.openqa.selenium.remote.service.DriverCommandExecutor.execute(DriverCommandExecutor.java:174)
	at org.openqa.selenium.remote.RemoteWebDriver.execute(RemoteWebDriver.java:557)
	at org.openqa.selenium.remote.RemoteWebDriver.execute(RemoteWebDriver.java:630)
	at org.openqa.selenium.remote.RemoteWebDriver.execute(RemoteWebDriver.java:634)
	at org.openqa.selenium.remote.RemoteWebDriver.getScreenshotAs(RemoteWebDriver.java:346)
	at utils.extentReportManager.captureScreenShot(extentReportManager.java:53)
	at base.demoqaBase.tearDown(demoqaBase.java:61)
	at java.base/jdk.internal.reflect.DirectMethodHandleAccessor.invoke(DirectMethodHandleAccessor.java:103)
	at java.base/java.lang.reflect.Method.invoke(Method.java:580)
	at org.testng.internal.invokers.MethodInvocationHelper.invokeMethod(MethodInvocationHelper.java:141)
	at org.testng.internal.invokers.MethodInvocationHelper.invokeMethodConsideringTimeout(MethodInvocationHelper.java:71)
	at org.testng.internal.invokers.ConfigInvoker.invokeConfigurationMethod(ConfigInvoker.java:400)
	at org.testng.internal.invokers.ConfigInvoker.invokeConfigurations(ConfigInvoker.java:333)
	at org.testng.internal.invokers.TestInvoker.runConfigMethods(TestInvoker.java:836)
	at org.testng.internal.invokers.TestInvoker.runAfterConfigurations(TestInvoker.java:805)
	at org.testng.internal.invokers.TestInvoker.invokeMethod(TestInvoker.java:781)
	at org.testng.internal.invokers.TestInvoker.invokeTestMethod(TestInvoker.java:230)
	at org.testng.internal.invokers.MethodRunner.runInSequence(MethodRunner.java:63)
	at org.testng.internal.invokers.TestInvoker$MethodInvocationAgent.invoke(TestInvoker.java:995)
	at org.testng.internal.invokers.TestInvoker.invokeTestMethods(TestInvoker.java:203)
	at org.testng.internal.invokers.TestMethodWorker.invokeTestMethods(TestMethodWorker.java:154)
	at org.testng.internal.invokers.TestMethodWorker.run(TestMethodWorker.java:134)
	at java.base/java.util.ArrayList.forEach(ArrayList.java:1596)
	at org.testng.TestRunner.privateRun(TestRunner.java:741)
	at org.testng.TestRunner.run(TestRunner.java:616)
	at org.testng.SuiteRunner.runTest(SuiteRunner.java:421)
	at org.testng.SuiteRunner.runSequentially(SuiteRunner.java:413)
	at org.testng.SuiteRunner.privateRun(SuiteRunner.java:373)
	at org.testng.SuiteRunner.run(SuiteRunner.java:312)
	at org.testng.SuiteRunnerWorker.runSuite(SuiteRunnerWorker.java:52)
	at org.testng.SuiteRunnerWorker.run(SuiteRunnerWorker.java:95)
	at org.testng.TestNG.runSuitesSequentially(TestNG.java:1274)
	at org.testng.TestNG.runSuitesLocally(TestNG.java:1208)
	at org.testng.TestNG.runSuites(TestNG.java:1112)
	at org.testng.TestNG.run(TestNG.java:1079)
	at org.apache.maven.surefire.testng.TestNGExecutor.run(TestNGExecutor.java:155)
	at org.apache.maven.surefire.testng.TestNGDirectoryTestSuite.executeMulti(TestNGDirectoryTestSuite.java:169)
	at org.apache.maven.surefire.testng.TestNGDirectoryTestSuite.execute(TestNGDirectoryTestSuite.java:88)
	at org.apache.maven.surefire.testng.TestNGProvider.invoke(TestNGProvider.java:137)
	at org.apache.maven.surefire.booter.ForkedBooter.runSuitesInProcess(ForkedBooter.java:385)
	at org.apache.maven.surefire.booter.ForkedBooter.execute(ForkedBooter.java:162)
	at org.apache.maven.surefire.booter.ForkedBooter.run(ForkedBooter.java:507)
	at org.apache.maven.surefire.booter.ForkedBooter.main(ForkedBooter.java:495)
]]></system-err>
  </testcase>
  <testcase name="GetParentFrame" classname="tests.AlertsFramesWindowsTests" time="0.0">
    <skipped message="ScreenCapture path must not be null or empty"/>
    <system-out><![CDATA[2025-09-19 12:06:25 [main] INFO  DriverFactory - 🌐 Starting Chrome Web Browser...
2025-09-19 12:06:25 [main] INFO  DriverFactory - ✅ Created temporary Chrome profile at C:\Users\dell\AppData\Local\Temp\chrome-profile-8355601217172095747
2025-09-19 12:06:26 [main] INFO  DriverFactory - 🚀 WebDriver started successfully
2025-09-19 12:06:26 [main] INFO  RetryUrlAccess - 🌐 Navigating to URL (attempt 1): https://demoqa.com
2025-09-19 12:06:42 [main] INFO  RetryUrlAccess - ✅ Navigation successful on attempt 1
]]></system-out>
  </testcase>
  <testcase name="GetChildFrame" classname="tests.AlertsFramesWindowsTests" time="0.0">
    <skipped message="ScreenCapture path must not be null or empty"/>
    <system-out><![CDATA[2025-09-19 12:06:42 [main] INFO  demoqaBase - Closing browser for test: GetParentFrame
2025-09-19 12:06:42 [main] INFO  DriverFactory - 🌐 Starting Chrome Web Browser...
2025-09-19 12:06:42 [main] INFO  DriverFactory - ✅ Created temporary Chrome profile at C:\Users\dell\AppData\Local\Temp\chrome-profile-14039966323740772760
2025-09-19 12:06:44 [main] INFO  DriverFactory - 🚀 WebDriver started successfully
2025-09-19 12:06:44 [main] INFO  RetryUrlAccess - 🌐 Navigating to URL (attempt 1): https://demoqa.com
2025-09-19 12:07:18 [main] INFO  RetryUrlAccess - ✅ Navigation successful on attempt 1
]]></system-out>
  </testcase>
  <testcase name="ElementsCard" classname="tests.ElementsTests" time="0.476">
    <system-out><![CDATA[2025-09-19 12:07:18 [main] INFO  demoqaBase - Closing browser for test: GetChildFrame
2025-09-19 12:07:18 [main] INFO  DriverFactory - 🌐 Starting Chrome Web Browser...
2025-09-19 12:07:18 [main] INFO  DriverFactory - ✅ Created temporary Chrome profile at C:\Users\dell\AppData\Local\Temp\chrome-profile-16509333434229626814
2025-09-19 12:07:19 [main] INFO  DriverFactory - 🚀 WebDriver started successfully
2025-09-19 12:07:19 [main] INFO  RetryUrlAccess - 🌐 Navigating to URL (attempt 1): https://demoqa.com
2025-09-19 12:07:24 [main] INFO  RetryUrlAccess - ✅ Navigation successful on attempt 1
2025-09-19 12:07:24 [main] INFO  demoqaBase - 🧪 Starting Test Elements | Text Box Test...
Instance Variables Declared are: nullnull
2025-09-19 12:07:24 [main] INFO  demoqaBase - Accessing Elements Card...
2025-09-19 12:07:24 [main] INFO  demoqaLog - Clicking on Elements Card...
🔹 Trying JS click by locator (attempt 1)
2025-09-19 12:07:24 [main] INFO  demoqaLog - 🔹 Trying JS click by locator (attempt 1)
🔹 Attempting JS click...
2025-09-19 12:07:24 [main] INFO  demoqaLog - 🔹 Attempting JS click...
⚡ Falling back to native click by locator (attempt 1)
2025-09-19 12:07:24 [main] INFO  demoqaLog - ⚡ Falling back to native click by locator (attempt 1)
2025-09-19 12:07:24 [main] INFO  demoqaLog - Clicked on Elements Card...
Title of this Page is: DEMOQA
You are Accessing: Elements
 
Elements: Please select an item from left to start practice.
2025-09-19 12:07:24 [main] INFO  demoqaBase - Elements: Please select an item from left to start practice.
Title of this Page is: DEMOQA
2025-09-19 12:07:24 [main] INFO  demoqaBase - ✅ Element Card Test Completed...
]]></system-out>
  </testcase>
  <testcase name="TextBox[TextBoxUser{firstName=&apos;Johny&apos;, lastName=&apos;Bravo&apos;, email=&apos;Jbravo@demoqa.com&apos;, currentAddress=&apos;301 Town 481, Brookville\n kansas 42129\n United States&apos;, permanentAddress=&apos;511 Grant 481, Prattsville\n Arkansas 72129\n United States&apos;}](1)" classname="tests.ElementsTests" time="1.725">
    <system-out><![CDATA[2025-09-19 12:07:24 [main] INFO  demoqaBase - Closing browser for test: ElementsCard
🧾 Row 1: {Salary=28000.0, Email=Jbravo@demoqa.com, DOBTime=6:45:00 am, Address=511 Grant 481, Prattsville\n Arkansas 72129\n United States, First Name=Johny, Gender=Male, City=Delhi, Mobile=9.238343488E9, Hobbies=Sports,Music, Subject=Computer Science, Current Address=301 Town 481, Brookville\n kansas 42129\n United States, Department=Information Technology, DOB=15/08/2000, Picture=/TestData/Mphoto.jpg, State=NCR, Last Name=Bravo, Age=34.0}
🔍 Mapping field: firstName | Excel Column: First Name | Value: Johny
🔍 Mapping field: lastName | Excel Column: Last Name | Value: Bravo
🔍 Mapping field: email | Excel Column: Email | Value: Jbravo@demoqa.com
🔍 Mapping field: currentAddress | Excel Column: Current Address | Value: 301 Town 481, Brookville\n kansas 42129\n United States
🔍 Mapping field: permanentAddress | Excel Column: Address | Value: 511 Grant 481, Prattsville\n Arkansas 72129\n United States
🧾 Row 2: {Salary=18000.0, Email=GFemina@demoqa.com, DOBTime=4:30:00 pm, Address=512 Grant 481, Prattsville\n Arkansas 72129\n United States, First Name=Gene, Gender=Female, City=Merrut, Mobile=1.888343432E9, Hobbies=Music,Reading, Subject=Accounting, Current Address=302 Town 481, Brookville\n kansas 42129\n United States, Department=Finance, DOB=22/05/2002, Picture=/TestData/Fphoto.png, State=Uttar Pradesh, Last Name=Femina, Age=30.0}
🔍 Mapping field: firstName | Excel Column: First Name | Value: Gene
🔍 Mapping field: lastName | Excel Column: Last Name | Value: Femina
🔍 Mapping field: email | Excel Column: Email | Value: GFemina@demoqa.com
🔍 Mapping field: currentAddress | Excel Column: Current Address | Value: 302 Town 481, Brookville\n kansas 42129\n United States
🔍 Mapping field: permanentAddress | Excel Column: Address | Value: 512 Grant 481, Prattsville\n Arkansas 72129\n United States
🧾 Row 3: {Salary=15000.0, Email=BWisem@demoqa.com, DOBTime=8:45:00 pm, Address=513 Grant 481, Prattsville\n Arkansas 72129\n United States, First Name=Bud, Gender=Other, City=Panipat, Mobile=8.932465432E9, Hobbies=Reading, Subject=Biology, Current Address=303 Town 481, Brookville\n kansas 42129\n United States, Department=Medicine, DOB=31/12/1999, Picture=/TestData/Ophoto.jpg, State=Haryana, Last Name=Wisem, Age=40.0}
🔍 Mapping field: firstName | Excel Column: First Name | Value: Bud
🔍 Mapping field: lastName | Excel Column: Last Name | Value: Wisem
🔍 Mapping field: email | Excel Column: Email | Value: BWisem@demoqa.com
🔍 Mapping field: currentAddress | Excel Column: Current Address | Value: 303 Town 481, Brookville\n kansas 42129\n United States
🔍 Mapping field: permanentAddress | Excel Column: Address | Value: 513 Grant 481, Prattsville\n Arkansas 72129\n United States
🧾 Row 4: {Salary=19000.0, Email=TBoss@demoqa.com, DOBTime=5:45:00 am, Address=514 Grant 481, Prattsville\n Arkansas 72129\n United States, First Name=Tom, Gender=Male, City=Jaiselmer, Mobile=7.839875281E9, Hobbies=Sports,Reading, Subject=Social Studies, Current Address=304 Town 481, Brookville\n kansas 42129\n United States, Department=Recreation, DOB=1/26/03, Picture=/TestData/M2photo.jpg, State=Rajasthan, Last Name=Boss, Age=42.0}
🔍 Mapping field: firstName | Excel Column: First Name | Value: Tom
🔍 Mapping field: lastName | Excel Column: Last Name | Value: Boss
🔍 Mapping field: email | Excel Column: Email | Value: TBoss@demoqa.com
🔍 Mapping field: currentAddress | Excel Column: Current Address | Value: 304 Town 481, Brookville\n kansas 42129\n United States
🔍 Mapping field: permanentAddress | Excel Column: Address | Value: 514 Grant 481, Prattsville\n Arkansas 72129\n United States
2025-09-19 12:07:25 [main] INFO  DriverFactory - 🌐 Starting Chrome Web Browser...
2025-09-19 12:07:25 [main] INFO  DriverFactory - ✅ Created temporary Chrome profile at C:\Users\dell\AppData\Local\Temp\chrome-profile-9973419992821643673
2025-09-19 12:07:26 [main] INFO  DriverFactory - 🚀 WebDriver started successfully
2025-09-19 12:07:26 [main] INFO  RetryUrlAccess - 🌐 Navigating to URL (attempt 1): https://demoqa.com
2025-09-19 12:07:42 [main] INFO  RetryUrlAccess - ✅ Navigation successful on attempt 1
2025-09-19 12:07:42 [main] INFO  demoqaBase - 🧪 Starting Test Elements | Text Box Test...
Instance Variables Declared are: nullnull
2025-09-19 12:07:42 [main] INFO  demoqaBase - Accessing Elements Card...
2025-09-19 12:07:42 [main] INFO  demoqaLog - Clicking on Elements Card...
🔹 Trying JS click by locator (attempt 1)
2025-09-19 12:07:42 [main] INFO  demoqaLog - 🔹 Trying JS click by locator (attempt 1)
🔹 Attempting JS click...
2025-09-19 12:07:42 [main] INFO  demoqaLog - 🔹 Attempting JS click...
⚡ Falling back to native click by locator (attempt 1)
2025-09-19 12:07:42 [main] INFO  demoqaLog - ⚡ Falling back to native click by locator (attempt 1)
2025-09-19 12:07:42 [main] INFO  demoqaLog - Clicked on Elements Card...
Title of this Page is: DEMOQA
You are Accessing: Elements
 
Elements: Please select an item from left to start practice.
2025-09-19 12:07:42 [main] INFO  demoqaBase - Elements: Please select an item from left to start practice.
2025-09-19 12:07:42 [main] INFO  demoqaBase - Accessing Text Box...
🔹 Trying JS click on WebElement (attempt 1)
2025-09-19 12:07:42 [main] INFO  demoqaLog - 🔹 Trying JS click on WebElement (attempt 1)
🔹 Attempting JS click...
2025-09-19 12:07:42 [main] INFO  demoqaLog - 🔹 Attempting JS click...
Text Box
2025-09-19 12:07:43 [main] INFO  demoqaBase - You are accessing: Text Box
2025-09-19 12:07:43 [main] INFO  demoqaLog - ⏳ Waiting for page to fully load (timeout: 30s)
2025-09-19 12:07:43 [main] INFO  demoqaLog - ✅ Page load completed.
2025-09-19 12:07:43 [main] INFO  demoqaBase - 📝 Filling TextBox form for user: Johny Bravo
2025-09-19 12:07:43 [main] INFO  demoqaBase - ✅ Form filled successfully for: Johny Bravo
2025-09-19 12:07:43 [main] INFO  demoqaLog - ✅ JS click executed on element: {}
2025-09-19 12:07:43 [main] INFO  demoqaBase - 🔍 Validating submitted form for: Johny Bravo
2025-09-19 12:07:44 [main] INFO  demoqaBase - ✅ Validation passed for user: Johny Bravo
2025-09-19 12:07:44 [main] INFO  demoqaBase - ✅ Text Box Element Test Completed...
]]></system-out>
  </testcase>
  <testcase name="TextBox[TextBoxUser{firstName=&apos;Gene&apos;, lastName=&apos;Femina&apos;, email=&apos;GFemina@demoqa.com&apos;, currentAddress=&apos;302 Town 481, Brookville\n kansas 42129\n United States&apos;, permanentAddress=&apos;512 Grant 481, Prattsville\n Arkansas 72129\n United States&apos;}](2)" classname="tests.ElementsTests" time="1.776">
    <system-out><![CDATA[Path for Screenshot is: C:\ASN\eclipse_workspace\demoqa-automation/screenshots/TextBox_Passed_20250919_120744+2025-09-19_12-07-44.png
2025-09-19 12:07:44 [main] INFO  demoqaBase - ✅ Test TextBox passed. Screenshot captured.
2025-09-19 12:07:44 [main] INFO  demoqaBase - Closing browser for test: TextBox
2025-09-19 12:07:45 [main] WARN  PauseManager - ⏸ Pausing for 5 minutes after 20 tests...
2025-09-19 12:07:45 [main] INFO  PauseManager - ▶ Resuming in 5 minutes...
2025-09-19 12:08:46 [main] INFO  PauseManager - ▶ Resuming in 4 minutes...
2025-09-19 12:09:46 [main] INFO  PauseManager - ▶ Resuming in 3 minutes...
2025-09-19 12:10:47 [main] INFO  PauseManager - ▶ Resuming in 2 minutes...
2025-09-19 12:11:47 [main] INFO  PauseManager - ▶ Resuming in 1 minutes...
2025-09-19 12:12:38 [main] INFO  PauseManager - ▶ Resuming in 10 seconds...
2025-09-19 12:12:39 [main] INFO  PauseManager - ▶ Resuming in 9 seconds...
2025-09-19 12:12:40 [main] INFO  PauseManager - ▶ Resuming in 8 seconds...
2025-09-19 12:12:41 [main] INFO  PauseManager - ▶ Resuming in 7 seconds...
2025-09-19 12:12:42 [main] INFO  PauseManager - ▶ Resuming in 6 seconds...
2025-09-19 12:12:43 [main] INFO  PauseManager - ▶ Resuming in 5 seconds...
2025-09-19 12:12:44 [main] INFO  PauseManager - ▶ Resuming in 4 seconds...
2025-09-19 12:12:45 [main] INFO  PauseManager - ▶ Resuming in 3 seconds...
2025-09-19 12:12:46 [main] INFO  PauseManager - ▶ Resuming in 2 seconds...
2025-09-19 12:12:47 [main] INFO  PauseManager - ▶ Resuming in 1 seconds...
2025-09-19 12:12:48 [main] INFO  PauseManager - ✅ Pause complete. Resuming tests...
2025-09-19 12:12:48 [main] INFO  DriverFactory - 🌐 Starting Chrome Web Browser...
2025-09-19 12:12:48 [main] INFO  DriverFactory - ✅ Created temporary Chrome profile at C:\Users\dell\AppData\Local\Temp\chrome-profile-11462790983392061141
2025-09-19 12:12:49 [main] INFO  DriverFactory - 🚀 WebDriver started successfully
2025-09-19 12:12:49 [main] INFO  RetryUrlAccess - 🌐 Navigating to URL (attempt 1): https://demoqa.com
2025-09-19 12:12:54 [main] INFO  RetryUrlAccess - ✅ Navigation successful on attempt 1
2025-09-19 12:12:54 [main] INFO  demoqaBase - 🧪 Starting Test Elements | Text Box Test...
Instance Variables Declared are: nullnull
2025-09-19 12:12:54 [main] INFO  demoqaBase - Accessing Elements Card...
2025-09-19 12:12:54 [main] INFO  demoqaLog - Clicking on Elements Card...
🔹 Trying JS click by locator (attempt 1)
2025-09-19 12:12:54 [main] INFO  demoqaLog - 🔹 Trying JS click by locator (attempt 1)
🔹 Attempting JS click...
2025-09-19 12:12:54 [main] INFO  demoqaLog - 🔹 Attempting JS click...
⚡ Falling back to native click by locator (attempt 1)
2025-09-19 12:12:54 [main] INFO  demoqaLog - ⚡ Falling back to native click by locator (attempt 1)
2025-09-19 12:12:54 [main] INFO  demoqaLog - Clicked on Elements Card...
Title of this Page is: DEMOQA
You are Accessing: Elements
 
Elements: Please select an item from left to start practice.
2025-09-19 12:12:54 [main] INFO  demoqaBase - Elements: Please select an item from left to start practice.
2025-09-19 12:12:54 [main] INFO  demoqaBase - Accessing Text Box...
🔹 Trying JS click on WebElement (attempt 1)
2025-09-19 12:12:54 [main] INFO  demoqaLog - 🔹 Trying JS click on WebElement (attempt 1)
🔹 Attempting JS click...
2025-09-19 12:12:54 [main] INFO  demoqaLog - 🔹 Attempting JS click...
Text Box
2025-09-19 12:12:55 [main] INFO  demoqaBase - You are accessing: Text Box
2025-09-19 12:12:55 [main] INFO  demoqaLog - ⏳ Waiting for page to fully load (timeout: 30s)
2025-09-19 12:12:55 [main] INFO  demoqaLog - ✅ Page load completed.
2025-09-19 12:12:55 [main] INFO  demoqaBase - 📝 Filling TextBox form for user: Gene Femina
2025-09-19 12:12:56 [main] INFO  demoqaBase - ✅ Form filled successfully for: Gene Femina
2025-09-19 12:12:56 [main] INFO  demoqaLog - ✅ JS click executed on element: {}
2025-09-19 12:12:56 [main] INFO  demoqaBase - 🔍 Validating submitted form for: Gene Femina
2025-09-19 12:12:56 [main] INFO  demoqaBase - ✅ Validation passed for user: Gene Femina
2025-09-19 12:12:56 [main] INFO  demoqaBase - ✅ Text Box Element Test Completed...
]]></system-out>
  </testcase>
  <testcase name="TextBox[TextBoxUser{firstName=&apos;Bud&apos;, lastName=&apos;Wisem&apos;, email=&apos;BWisem@demoqa.com&apos;, currentAddress=&apos;303 Town 481, Brookville\n kansas 42129\n United States&apos;, permanentAddress=&apos;513 Grant 481, Prattsville\n Arkansas 72129\n United States&apos;}](3)" classname="tests.ElementsTests" time="1.952">
    <system-out><![CDATA[Path for Screenshot is: C:\ASN\eclipse_workspace\demoqa-automation/screenshots/TextBox_Passed_20250919_121256+2025-09-19_12-12-56.png
2025-09-19 12:12:56 [main] INFO  demoqaBase - ✅ Test TextBox passed. Screenshot captured.
2025-09-19 12:12:56 [main] INFO  demoqaBase - Closing browser for test: TextBox
2025-09-19 12:12:56 [main] INFO  DriverFactory - 🌐 Starting Chrome Web Browser...
2025-09-19 12:12:56 [main] INFO  DriverFactory - ✅ Created temporary Chrome profile at C:\Users\dell\AppData\Local\Temp\chrome-profile-12805405698285329627
2025-09-19 12:12:58 [main] INFO  DriverFactory - 🚀 WebDriver started successfully
2025-09-19 12:12:58 [main] INFO  RetryUrlAccess - 🌐 Navigating to URL (attempt 1): https://demoqa.com
2025-09-19 12:13:02 [main] INFO  RetryUrlAccess - ✅ Navigation successful on attempt 1
2025-09-19 12:13:02 [main] INFO  demoqaBase - 🧪 Starting Test Elements | Text Box Test...
Instance Variables Declared are: nullnull
2025-09-19 12:13:02 [main] INFO  demoqaBase - Accessing Elements Card...
2025-09-19 12:13:02 [main] INFO  demoqaLog - Clicking on Elements Card...
🔹 Trying JS click by locator (attempt 1)
2025-09-19 12:13:02 [main] INFO  demoqaLog - 🔹 Trying JS click by locator (attempt 1)
🔹 Attempting JS click...
2025-09-19 12:13:02 [main] INFO  demoqaLog - 🔹 Attempting JS click...
⚡ Falling back to native click by locator (attempt 1)
2025-09-19 12:13:02 [main] INFO  demoqaLog - ⚡ Falling back to native click by locator (attempt 1)
2025-09-19 12:13:03 [main] INFO  demoqaLog - Clicked on Elements Card...
Title of this Page is: DEMOQA
You are Accessing: Elements
 
Elements: Please select an item from left to start practice.
2025-09-19 12:13:03 [main] INFO  demoqaBase - Elements: Please select an item from left to start practice.
2025-09-19 12:13:03 [main] INFO  demoqaBase - Accessing Text Box...
🔹 Trying JS click on WebElement (attempt 1)
2025-09-19 12:13:03 [main] INFO  demoqaLog - 🔹 Trying JS click on WebElement (attempt 1)
🔹 Attempting JS click...
2025-09-19 12:13:03 [main] INFO  demoqaLog - 🔹 Attempting JS click...
Text Box
2025-09-19 12:13:03 [main] INFO  demoqaBase - You are accessing: Text Box
2025-09-19 12:13:03 [main] INFO  demoqaLog - ⏳ Waiting for page to fully load (timeout: 30s)
2025-09-19 12:13:03 [main] INFO  demoqaLog - ✅ Page load completed.
2025-09-19 12:13:03 [main] INFO  demoqaBase - 📝 Filling TextBox form for user: Bud Wisem
2025-09-19 12:13:04 [main] INFO  demoqaBase - ✅ Form filled successfully for: Bud Wisem
2025-09-19 12:13:04 [main] INFO  demoqaLog - ✅ JS click executed on element: {}
2025-09-19 12:13:04 [main] INFO  demoqaBase - 🔍 Validating submitted form for: Bud Wisem
2025-09-19 12:13:04 [main] INFO  demoqaBase - ✅ Validation passed for user: Bud Wisem
2025-09-19 12:13:04 [main] INFO  demoqaBase - ✅ Text Box Element Test Completed...
]]></system-out>
  </testcase>
  <testcase name="TextBox[TextBoxUser{firstName=&apos;Tom&apos;, lastName=&apos;Boss&apos;, email=&apos;TBoss@demoqa.com&apos;, currentAddress=&apos;304 Town 481, Brookville\n kansas 42129\n United States&apos;, permanentAddress=&apos;514 Grant 481, Prattsville\n Arkansas 72129\n United States&apos;}](4)" classname="tests.ElementsTests" time="1.815">
    <system-out><![CDATA[Path for Screenshot is: C:\ASN\eclipse_workspace\demoqa-automation/screenshots/TextBox_Passed_20250919_121304+2025-09-19_12-13-04.png
2025-09-19 12:13:05 [main] INFO  demoqaBase - ✅ Test TextBox passed. Screenshot captured.
2025-09-19 12:13:05 [main] INFO  demoqaBase - Closing browser for test: TextBox
2025-09-19 12:13:05 [main] INFO  DriverFactory - 🌐 Starting Chrome Web Browser...
2025-09-19 12:13:05 [main] INFO  DriverFactory - ✅ Created temporary Chrome profile at C:\Users\dell\AppData\Local\Temp\chrome-profile-13725355811843536910
2025-09-19 12:13:06 [main] INFO  DriverFactory - 🚀 WebDriver started successfully
2025-09-19 12:13:06 [main] INFO  RetryUrlAccess - 🌐 Navigating to URL (attempt 1): https://demoqa.com
2025-09-19 12:13:11 [main] INFO  RetryUrlAccess - ✅ Navigation successful on attempt 1
2025-09-19 12:13:11 [main] INFO  demoqaBase - 🧪 Starting Test Elements | Text Box Test...
Instance Variables Declared are: nullnull
2025-09-19 12:13:11 [main] INFO  demoqaBase - Accessing Elements Card...
2025-09-19 12:13:11 [main] INFO  demoqaLog - Clicking on Elements Card...
🔹 Trying JS click by locator (attempt 1)
2025-09-19 12:13:11 [main] INFO  demoqaLog - 🔹 Trying JS click by locator (attempt 1)
🔹 Attempting JS click...
2025-09-19 12:13:11 [main] INFO  demoqaLog - 🔹 Attempting JS click...
⚡ Falling back to native click by locator (attempt 1)
2025-09-19 12:13:12 [main] INFO  demoqaLog - ⚡ Falling back to native click by locator (attempt 1)
2025-09-19 12:13:12 [main] INFO  demoqaLog - Clicked on Elements Card...
Title of this Page is: DEMOQA
You are Accessing: Elements
 
Elements: Please select an item from left to start practice.
2025-09-19 12:13:12 [main] INFO  demoqaBase - Elements: Please select an item from left to start practice.
2025-09-19 12:13:12 [main] INFO  demoqaBase - Accessing Text Box...
🔹 Trying JS click on WebElement (attempt 1)
2025-09-19 12:13:12 [main] INFO  demoqaLog - 🔹 Trying JS click on WebElement (attempt 1)
🔹 Attempting JS click...
2025-09-19 12:13:12 [main] INFO  demoqaLog - 🔹 Attempting JS click...
Text Box
2025-09-19 12:13:12 [main] INFO  demoqaBase - You are accessing: Text Box
2025-09-19 12:13:12 [main] INFO  demoqaLog - ⏳ Waiting for page to fully load (timeout: 30s)
2025-09-19 12:13:12 [main] INFO  demoqaLog - ✅ Page load completed.
2025-09-19 12:13:12 [main] INFO  demoqaBase - 📝 Filling TextBox form for user: Tom Boss
2025-09-19 12:13:13 [main] INFO  demoqaBase - ✅ Form filled successfully for: Tom Boss
2025-09-19 12:13:13 [main] INFO  demoqaLog - ✅ JS click executed on element: {}
2025-09-19 12:13:13 [main] INFO  demoqaBase - 🔍 Validating submitted form for: Tom Boss
2025-09-19 12:13:13 [main] INFO  demoqaBase - ✅ Validation passed for user: Tom Boss
2025-09-19 12:13:13 [main] INFO  demoqaBase - ✅ Text Box Element Test Completed...
]]></system-out>
  </testcase>
  <testcase name="CheckBox" classname="tests.ElementsTests" time="0.785">
    <system-out><![CDATA[Path for Screenshot is: C:\ASN\eclipse_workspace\demoqa-automation/screenshots/TextBox_Passed_20250919_121313+2025-09-19_12-13-13.png
2025-09-19 12:13:13 [main] INFO  demoqaBase - ✅ Test TextBox passed. Screenshot captured.
2025-09-19 12:13:13 [main] INFO  demoqaBase - Closing browser for test: TextBox
2025-09-19 12:13:14 [main] INFO  DriverFactory - 🌐 Starting Chrome Web Browser...
2025-09-19 12:13:14 [main] INFO  DriverFactory - ✅ Created temporary Chrome profile at C:\Users\dell\AppData\Local\Temp\chrome-profile-10719179157813972040
2025-09-19 12:13:15 [main] INFO  DriverFactory - 🚀 WebDriver started successfully
2025-09-19 12:13:15 [main] INFO  RetryUrlAccess - 🌐 Navigating to URL (attempt 1): https://demoqa.com
2025-09-19 12:13:50 [main] INFO  RetryUrlAccess - ✅ Navigation successful on attempt 1
2025-09-19 12:13:50 [main] INFO  demoqaBase - 🧪 Starting Test Elements | Check Box Test...
Instance Variables Declared are: nullnull
2025-09-19 12:13:50 [main] INFO  demoqaBase - Accessing Elements Card...
2025-09-19 12:13:50 [main] INFO  demoqaLog - Clicking on Elements Card...
🔹 Trying JS click by locator (attempt 1)
2025-09-19 12:13:50 [main] INFO  demoqaLog - 🔹 Trying JS click by locator (attempt 1)
🔹 Attempting JS click...
2025-09-19 12:13:50 [main] INFO  demoqaLog - 🔹 Attempting JS click...
⚡ Falling back to native click by locator (attempt 1)
2025-09-19 12:13:50 [main] INFO  demoqaLog - ⚡ Falling back to native click by locator (attempt 1)
2025-09-19 12:13:51 [main] INFO  demoqaLog - Clicked on Elements Card...
Title of this Page is: DEMOQA
You are Accessing: Elements
 
Elements: Please select an item from left to start practice.
2025-09-19 12:13:51 [main] INFO  demoqaBase - Elements: Please select an item from left to start practice.
2025-09-19 12:13:51 [main] INFO  demoqaBase - Accessing Check Box...
🔹 Trying JS click on WebElement (attempt 1)
2025-09-19 12:13:51 [main] INFO  demoqaLog - 🔹 Trying JS click on WebElement (attempt 1)
🔹 Attempting JS click...
2025-09-19 12:13:51 [main] INFO  demoqaLog - 🔹 Attempting JS click...
Check Box
2025-09-19 12:13:51 [main] INFO  demoqaBase - You are accessing: Check Box
2025-09-19 12:13:51 [main] INFO  demoqaBase - ✅ Test Elements | Check Box Test Test Completed...
]]></system-out>
  </testcase>
  <testcase name="SelectingHomeCheckBox" classname="tests.ElementsTests" time="1.072">
    <system-out><![CDATA[2025-09-19 12:13:51 [main] INFO  demoqaBase - Closing browser for test: CheckBox
2025-09-19 12:13:51 [main] INFO  DriverFactory - 🌐 Starting Chrome Web Browser...
2025-09-19 12:13:51 [main] INFO  DriverFactory - ✅ Created temporary Chrome profile at C:\Users\dell\AppData\Local\Temp\chrome-profile-4647760729941475663
2025-09-19 12:13:53 [main] INFO  DriverFactory - 🚀 WebDriver started successfully
2025-09-19 12:13:53 [main] INFO  RetryUrlAccess - 🌐 Navigating to URL (attempt 1): https://demoqa.com
2025-09-19 12:13:58 [main] INFO  RetryUrlAccess - ✅ Navigation successful on attempt 1
2025-09-19 12:13:58 [main] INFO  demoqaBase - 🧪 Starting Test Elements | Selecting Home Check Box Test...
Instance Variables Declared are: nullnull
2025-09-19 12:13:58 [main] INFO  demoqaBase - Accessing Elements Card...
2025-09-19 12:13:58 [main] INFO  demoqaLog - Clicking on Elements Card...
🔹 Trying JS click by locator (attempt 1)
2025-09-19 12:13:58 [main] INFO  demoqaLog - 🔹 Trying JS click by locator (attempt 1)
🔹 Attempting JS click...
2025-09-19 12:13:58 [main] INFO  demoqaLog - 🔹 Attempting JS click...
⚡ Falling back to native click by locator (attempt 1)
2025-09-19 12:13:58 [main] INFO  demoqaLog - ⚡ Falling back to native click by locator (attempt 1)
2025-09-19 12:13:59 [main] INFO  demoqaLog - Clicked on Elements Card...
Title of this Page is: DEMOQA
You are Accessing: Elements
 
Elements: Please select an item from left to start practice.
2025-09-19 12:13:59 [main] INFO  demoqaBase - Elements: Please select an item from left to start practice.
2025-09-19 12:13:59 [main] INFO  demoqaBase - Accessing Check Box...
🔹 Trying JS click on WebElement (attempt 1)
2025-09-19 12:13:59 [main] INFO  demoqaLog - 🔹 Trying JS click on WebElement (attempt 1)
🔹 Attempting JS click...
2025-09-19 12:13:59 [main] INFO  demoqaLog - 🔹 Attempting JS click...
Check Box
2025-09-19 12:13:59 [main] INFO  demoqaBase - You are accessing: Check Box
2025-09-19 12:13:59 [main] INFO  demoqaLog - ⏳ Waiting for page to fully load (timeout: 30s)
2025-09-19 12:13:59 [main] INFO  demoqaLog - ✅ Page load completed.
2025-09-19 12:13:59 [main] INFO  demoqaBase - Selecting Home Check Box...
🔹 Trying JS click on WebElement (attempt 1)
2025-09-19 12:13:59 [main] INFO  demoqaLog - 🔹 Trying JS click on WebElement (attempt 1)
🔹 Attempting JS click...
2025-09-19 12:13:59 [main] INFO  demoqaLog - 🔹 Attempting JS click...
Information Submitted is: You have selected :
home
desktop
notes
commands
documents
workspace
react
angular
veu
office
public
private
classified
general
downloads
wordFile
excelFile
2025-09-19 12:13:59 [main] INFO  demoqaBase - You have Selected: You have selected :
home
desktop
notes
commands
documents
workspace
react
angular
veu
office
public
private
classified
general
downloads
wordFile
excelFile
2025-09-19 12:13:59 [main] INFO  demoqaBase - ✅ Elements | Selecting Home Test Completed...
]]></system-out>
  </testcase>
  <testcase name="SelectingDesktopCheckBox" classname="tests.ElementsTests" time="1.151">
    <system-out><![CDATA[2025-09-19 12:13:59 [main] INFO  demoqaBase - Closing browser for test: SelectingHomeCheckBox
2025-09-19 12:14:00 [main] INFO  DriverFactory - 🌐 Starting Chrome Web Browser...
2025-09-19 12:14:00 [main] INFO  DriverFactory - ✅ Created temporary Chrome profile at C:\Users\dell\AppData\Local\Temp\chrome-profile-12699240176927232022
2025-09-19 12:14:01 [main] INFO  DriverFactory - 🚀 WebDriver started successfully
2025-09-19 12:14:01 [main] INFO  RetryUrlAccess - 🌐 Navigating to URL (attempt 1): https://demoqa.com
2025-09-19 12:14:06 [main] INFO  RetryUrlAccess - ✅ Navigation successful on attempt 1
2025-09-19 12:14:06 [main] INFO  demoqaBase - 🧪 Starting Test Elements | Selecting Desktop Check Box Test...
Instance Variables Declared are: nullnull
2025-09-19 12:14:06 [main] INFO  demoqaBase - Accessing Elements Card...
2025-09-19 12:14:06 [main] INFO  demoqaLog - Clicking on Elements Card...
🔹 Trying JS click by locator (attempt 1)
2025-09-19 12:14:06 [main] INFO  demoqaLog - 🔹 Trying JS click by locator (attempt 1)
🔹 Attempting JS click...
2025-09-19 12:14:06 [main] INFO  demoqaLog - 🔹 Attempting JS click...
⚡ Falling back to native click by locator (attempt 1)
2025-09-19 12:14:06 [main] INFO  demoqaLog - ⚡ Falling back to native click by locator (attempt 1)
2025-09-19 12:14:06 [main] INFO  demoqaLog - Clicked on Elements Card...
Title of this Page is: DEMOQA
You are Accessing: Elements
 
Elements: Please select an item from left to start practice.
2025-09-19 12:14:06 [main] INFO  demoqaBase - Elements: Please select an item from left to start practice.
2025-09-19 12:14:06 [main] INFO  demoqaBase - Accessing Check Box...
🔹 Trying JS click on WebElement (attempt 1)
2025-09-19 12:14:06 [main] INFO  demoqaLog - 🔹 Trying JS click on WebElement (attempt 1)
🔹 Attempting JS click...
2025-09-19 12:14:06 [main] INFO  demoqaLog - 🔹 Attempting JS click...
Check Box
2025-09-19 12:14:06 [main] INFO  demoqaBase - You are accessing: Check Box
2025-09-19 12:14:06 [main] INFO  demoqaLog - ⏳ Waiting for page to fully load (timeout: 30s)
2025-09-19 12:14:06 [main] INFO  demoqaLog - ✅ Page load completed.
2025-09-19 12:14:06 [main] INFO  demoqaBase - Clicking on Home Toggle Button...
🔹 Trying JS click on WebElement (attempt 1)
2025-09-19 12:14:06 [main] INFO  demoqaLog - 🔹 Trying JS click on WebElement (attempt 1)
🔹 Attempting JS click...
2025-09-19 12:14:06 [main] INFO  demoqaLog - 🔹 Attempting JS click...
2025-09-19 12:14:07 [main] INFO  demoqaBase - Selecting Deskstop Check Box...
🔹 Trying JS click on WebElement (attempt 1)
2025-09-19 12:14:07 [main] INFO  demoqaLog - 🔹 Trying JS click on WebElement (attempt 1)
🔹 Attempting JS click...
2025-09-19 12:14:07 [main] INFO  demoqaLog - 🔹 Attempting JS click...
Information Submitted is: You have selected :
desktop
notes
commands
2025-09-19 12:14:07 [main] INFO  demoqaBase - You have Selected: You have selected :
desktop
notes
commands
2025-09-19 12:14:07 [main] INFO  demoqaBase - ✅ Elements | Home | Desktop Test Completed...
]]></system-out>
  </testcase>
  <testcase name="SelectingNotesCommandsClick" classname="tests.ElementsTests" time="1.584">
    <system-out><![CDATA[2025-09-19 12:14:07 [main] INFO  demoqaBase - Closing browser for test: SelectingDesktopCheckBox
2025-09-19 12:14:07 [main] INFO  DriverFactory - 🌐 Starting Chrome Web Browser...
2025-09-19 12:14:07 [main] INFO  DriverFactory - ✅ Created temporary Chrome profile at C:\Users\dell\AppData\Local\Temp\chrome-profile-9624450622399428058
2025-09-19 12:14:08 [main] INFO  DriverFactory - 🚀 WebDriver started successfully
2025-09-19 12:14:08 [main] INFO  RetryUrlAccess - 🌐 Navigating to URL (attempt 1): https://demoqa.com
2025-09-19 12:14:39 [main] INFO  RetryUrlAccess - ✅ Navigation successful on attempt 1
2025-09-19 12:14:39 [main] INFO  demoqaBase - 🧪 Starting Test Elements | Selecting Desktop| Notes & Commands Check Box Test...
Instance Variables Declared are: nullnull
2025-09-19 12:14:39 [main] INFO  demoqaBase - Accessing Elements Card...
2025-09-19 12:14:39 [main] INFO  demoqaLog - Clicking on Elements Card...
🔹 Trying JS click by locator (attempt 1)
2025-09-19 12:14:39 [main] INFO  demoqaLog - 🔹 Trying JS click by locator (attempt 1)
🔹 Attempting JS click...
2025-09-19 12:14:39 [main] INFO  demoqaLog - 🔹 Attempting JS click...
⚡ Falling back to native click by locator (attempt 1)
2025-09-19 12:14:39 [main] INFO  demoqaLog - ⚡ Falling back to native click by locator (attempt 1)
2025-09-19 12:14:39 [main] INFO  demoqaLog - Clicked on Elements Card...
Title of this Page is: DEMOQA
You are Accessing: Elements
 
Elements: Please select an item from left to start practice.
2025-09-19 12:14:39 [main] INFO  demoqaBase - Elements: Please select an item from left to start practice.
2025-09-19 12:14:39 [main] INFO  demoqaBase - Accessing Check Box...
🔹 Trying JS click on WebElement (attempt 1)
2025-09-19 12:14:39 [main] INFO  demoqaLog - 🔹 Trying JS click on WebElement (attempt 1)
🔹 Attempting JS click...
2025-09-19 12:14:39 [main] INFO  demoqaLog - 🔹 Attempting JS click...
Check Box
2025-09-19 12:14:40 [main] INFO  demoqaBase - You are accessing: Check Box
2025-09-19 12:14:40 [main] INFO  demoqaLog - ⏳ Waiting for page to fully load (timeout: 30s)
2025-09-19 12:14:40 [main] INFO  demoqaLog - ✅ Page load completed.
2025-09-19 12:14:40 [main] INFO  demoqaBase - Clicking on Home Toggle Button...
🔹 Trying JS click on WebElement (attempt 1)
2025-09-19 12:14:40 [main] INFO  demoqaLog - 🔹 Trying JS click on WebElement (attempt 1)
🔹 Attempting JS click...
2025-09-19 12:14:40 [main] INFO  demoqaLog - 🔹 Attempting JS click...
2025-09-19 12:14:40 [main] INFO  demoqaBase - Clicking on Desktop Toggle Button...
🔹 Trying JS click on WebElement (attempt 1)
2025-09-19 12:14:40 [main] INFO  demoqaLog - 🔹 Trying JS click on WebElement (attempt 1)
🔹 Attempting JS click...
2025-09-19 12:14:40 [main] INFO  demoqaLog - 🔹 Attempting JS click...
2025-09-19 12:14:40 [main] INFO  demoqaBase - Clicking on Notes Button...
🔹 Trying JS click on WebElement (attempt 1)
2025-09-19 12:14:40 [main] INFO  demoqaLog - 🔹 Trying JS click on WebElement (attempt 1)
🔹 Attempting JS click...
2025-09-19 12:14:40 [main] INFO  demoqaLog - 🔹 Attempting JS click...
2025-09-19 12:14:40 [main] INFO  demoqaBase - Clicking on Commands Button...
🔹 Trying JS click on WebElement (attempt 1)
2025-09-19 12:14:40 [main] INFO  demoqaLog - 🔹 Trying JS click on WebElement (attempt 1)
🔹 Attempting JS click...
2025-09-19 12:14:40 [main] INFO  demoqaLog - 🔹 Attempting JS click...
2025-09-19 12:14:41 [main] INFO  demoqaBase - Selected Notes & Commands...
Information Submitted is: You have selected :
desktop
notes
commands
2025-09-19 12:14:41 [main] INFO  demoqaBase - You have Selected: You have selected :
desktop
notes
commands
2025-09-19 12:14:41 [main] INFO  demoqaBase - ✅ Elements | Home | Desktop | Notes & Commands Completed...
]]></system-out>
  </testcase>
  <testcase name="SelectingDocumentsCheckBox" classname="tests.ElementsTests" time="0.927">
    <system-out><![CDATA[2025-09-19 12:14:41 [main] INFO  demoqaBase - Closing browser for test: SelectingNotesCommandsClick
2025-09-19 12:14:41 [main] INFO  DriverFactory - 🌐 Starting Chrome Web Browser...
2025-09-19 12:14:41 [main] INFO  DriverFactory - ✅ Created temporary Chrome profile at C:\Users\dell\AppData\Local\Temp\chrome-profile-3835846970689132698
2025-09-19 12:14:42 [main] INFO  DriverFactory - 🚀 WebDriver started successfully
2025-09-19 12:14:42 [main] INFO  RetryUrlAccess - 🌐 Navigating to URL (attempt 1): https://demoqa.com
2025-09-19 12:14:47 [main] INFO  RetryUrlAccess - ✅ Navigation successful on attempt 1
2025-09-19 12:14:47 [main] INFO  demoqaBase - 🧪 Starting Test Elements | Selecting Documents Check Box Test...
Instance Variables Declared are: nullnull
2025-09-19 12:14:47 [main] INFO  demoqaBase - Accessing Elements Card...
2025-09-19 12:14:47 [main] INFO  demoqaLog - Clicking on Elements Card...
🔹 Trying JS click by locator (attempt 1)
2025-09-19 12:14:47 [main] INFO  demoqaLog - 🔹 Trying JS click by locator (attempt 1)
🔹 Attempting JS click...
2025-09-19 12:14:47 [main] INFO  demoqaLog - 🔹 Attempting JS click...
⚡ Falling back to native click by locator (attempt 1)
2025-09-19 12:14:47 [main] INFO  demoqaLog - ⚡ Falling back to native click by locator (attempt 1)
2025-09-19 12:14:47 [main] INFO  demoqaLog - Clicked on Elements Card...
Title of this Page is: DEMOQA
You are Accessing: Elements
 
Elements: Please select an item from left to start practice.
2025-09-19 12:14:47 [main] INFO  demoqaBase - Elements: Please select an item from left to start practice.
2025-09-19 12:14:47 [main] INFO  demoqaBase - Accessing Check Box...
🔹 Trying JS click on WebElement (attempt 1)
2025-09-19 12:14:47 [main] INFO  demoqaLog - 🔹 Trying JS click on WebElement (attempt 1)
🔹 Attempting JS click...
2025-09-19 12:14:47 [main] INFO  demoqaLog - 🔹 Attempting JS click...
Check Box
2025-09-19 12:14:47 [main] INFO  demoqaBase - You are accessing: Check Box
2025-09-19 12:14:47 [main] INFO  demoqaLog - ⏳ Waiting for page to fully load (timeout: 30s)
2025-09-19 12:14:47 [main] INFO  demoqaLog - ✅ Page load completed.
2025-09-19 12:14:47 [main] INFO  demoqaBase - Clicking on Home Toggle Button...
🔹 Trying JS click on WebElement (attempt 1)
2025-09-19 12:14:47 [main] INFO  demoqaLog - 🔹 Trying JS click on WebElement (attempt 1)
🔹 Attempting JS click...
2025-09-19 12:14:47 [main] INFO  demoqaLog - 🔹 Attempting JS click...
2025-09-19 12:14:47 [main] INFO  demoqaBase - Selecting Documents Check Box...
🔹 Trying JS click on WebElement (attempt 1)
2025-09-19 12:14:47 [main] INFO  demoqaLog - 🔹 Trying JS click on WebElement (attempt 1)
🔹 Attempting JS click...
2025-09-19 12:14:47 [main] INFO  demoqaLog - 🔹 Attempting JS click...
2025-09-19 12:14:48 [main] INFO  demoqaBase - Selected Documents Check Box...
Information Submitted is: You have selected :
documents
workspace
react
angular
veu
office
public
private
classified
general
2025-09-19 12:14:48 [main] INFO  demoqaBase - You have Selected: You have selected :
documents
workspace
react
angular
veu
office
public
private
classified
general
2025-09-19 12:14:48 [main] INFO  demoqaBase - ✅ Test Elements | Selecting Documents Check Box Test Completed...
]]></system-out>
  </testcase>
  <testcase name="SelectingWorkSpace" classname="tests.ElementsTests" time="1.097">
    <system-out><![CDATA[2025-09-19 12:14:48 [main] INFO  demoqaBase - Closing browser for test: SelectingDocumentsCheckBox
2025-09-19 12:14:48 [main] INFO  DriverFactory - 🌐 Starting Chrome Web Browser...
2025-09-19 12:14:48 [main] INFO  DriverFactory - ✅ Created temporary Chrome profile at C:\Users\dell\AppData\Local\Temp\chrome-profile-13952661524725097866
2025-09-19 12:14:49 [main] INFO  DriverFactory - 🚀 WebDriver started successfully
2025-09-19 12:14:49 [main] INFO  RetryUrlAccess - 🌐 Navigating to URL (attempt 1): https://demoqa.com
2025-09-19 12:15:02 [main] INFO  RetryUrlAccess - ✅ Navigation successful on attempt 1
2025-09-19 12:15:02 [main] INFO  demoqaBase - 🧪 Starting Test Elements | Home | Selecting Documents | WorkSpace Check Box Test...
Instance Variables Declared are: nullnull
2025-09-19 12:15:02 [main] INFO  demoqaBase - Accessing Elements Card...
2025-09-19 12:15:02 [main] INFO  demoqaLog - Clicking on Elements Card...
🔹 Trying JS click by locator (attempt 1)
2025-09-19 12:15:02 [main] INFO  demoqaLog - 🔹 Trying JS click by locator (attempt 1)
🔹 Attempting JS click...
2025-09-19 12:15:02 [main] INFO  demoqaLog - 🔹 Attempting JS click...
⚡ Falling back to native click by locator (attempt 1)
2025-09-19 12:15:02 [main] INFO  demoqaLog - ⚡ Falling back to native click by locator (attempt 1)
2025-09-19 12:15:02 [main] INFO  demoqaLog - Clicked on Elements Card...
Title of this Page is: DEMOQA
You are Accessing: Elements
 
Elements: Please select an item from left to start practice.
2025-09-19 12:15:03 [main] INFO  demoqaBase - Elements: Please select an item from left to start practice.
2025-09-19 12:15:03 [main] INFO  demoqaBase - Accessing Check Box...
🔹 Trying JS click on WebElement (attempt 1)
2025-09-19 12:15:03 [main] INFO  demoqaLog - 🔹 Trying JS click on WebElement (attempt 1)
🔹 Attempting JS click...
2025-09-19 12:15:03 [main] INFO  demoqaLog - 🔹 Attempting JS click...
Check Box
2025-09-19 12:15:03 [main] INFO  demoqaBase - You are accessing: Check Box
2025-09-19 12:15:03 [main] INFO  demoqaLog - ⏳ Waiting for page to fully load (timeout: 30s)
2025-09-19 12:15:03 [main] INFO  demoqaLog - ✅ Page load completed.
2025-09-19 12:15:03 [main] INFO  demoqaBase - Clicking on Home Toggle Button...
🔹 Trying JS click on WebElement (attempt 1)
2025-09-19 12:15:03 [main] INFO  demoqaLog - 🔹 Trying JS click on WebElement (attempt 1)
🔹 Attempting JS click...
2025-09-19 12:15:03 [main] INFO  demoqaLog - 🔹 Attempting JS click...
2025-09-19 12:15:03 [main] INFO  demoqaBase - Clicking on Documents Toggle Button...
🔹 Trying JS click on WebElement (attempt 1)
2025-09-19 12:15:03 [main] INFO  demoqaLog - 🔹 Trying JS click on WebElement (attempt 1)
🔹 Attempting JS click...
2025-09-19 12:15:03 [main] INFO  demoqaLog - 🔹 Attempting JS click...
2025-09-19 12:15:03 [main] INFO  demoqaBase - Selecting WorkSpace Check Box...
🔹 Trying JS click on WebElement (attempt 1)
2025-09-19 12:15:03 [main] INFO  demoqaLog - 🔹 Trying JS click on WebElement (attempt 1)
🔹 Attempting JS click...
2025-09-19 12:15:03 [main] INFO  demoqaLog - 🔹 Attempting JS click...
2025-09-19 12:15:03 [main] INFO  demoqaBase - Selected WorkSpace Check Box...
Information Submitted is: You have selected :
workspace
react
angular
veu
2025-09-19 12:15:03 [main] INFO  demoqaBase - You have Selected: You have selected :
workspace
react
angular
veu
2025-09-19 12:15:03 [main] INFO  demoqaBase - ✅ Test Elements | Home | Selecting Documents | WorkSpace Check Box Completed...
]]></system-out>
  </testcase>
  <testcase name="SelectReact" classname="tests.ElementsTests" time="1.321">
    <system-out><![CDATA[2025-09-19 12:15:03 [main] INFO  demoqaBase - Closing browser for test: SelectingWorkSpace
2025-09-19 12:15:04 [main] INFO  DriverFactory - 🌐 Starting Chrome Web Browser...
2025-09-19 12:15:04 [main] INFO  DriverFactory - ✅ Created temporary Chrome profile at C:\Users\dell\AppData\Local\Temp\chrome-profile-18139344094464586115
2025-09-19 12:15:05 [main] INFO  DriverFactory - 🚀 WebDriver started successfully
2025-09-19 12:15:05 [main] INFO  RetryUrlAccess - 🌐 Navigating to URL (attempt 1): https://demoqa.com
2025-09-19 12:15:09 [main] INFO  RetryUrlAccess - ✅ Navigation successful on attempt 1
2025-09-19 12:15:09 [main] INFO  demoqaBase - 🧪 Starting Test Elements|Home|Selecting Documents|WorkSpace|React Check Box Test...
Instance Variables Declared are: nullnull
2025-09-19 12:15:09 [main] INFO  demoqaBase - Accessing Elements Card...
2025-09-19 12:15:09 [main] INFO  demoqaLog - Clicking on Elements Card...
🔹 Trying JS click by locator (attempt 1)
2025-09-19 12:15:09 [main] INFO  demoqaLog - 🔹 Trying JS click by locator (attempt 1)
🔹 Attempting JS click...
2025-09-19 12:15:09 [main] INFO  demoqaLog - 🔹 Attempting JS click...
⚡ Falling back to native click by locator (attempt 1)
2025-09-19 12:15:09 [main] INFO  demoqaLog - ⚡ Falling back to native click by locator (attempt 1)
2025-09-19 12:15:09 [main] INFO  demoqaLog - Clicked on Elements Card...
Title of this Page is: DEMOQA
You are Accessing: Elements
 
Elements: Please select an item from left to start practice.
2025-09-19 12:15:09 [main] INFO  demoqaBase - Elements: Please select an item from left to start practice.
2025-09-19 12:15:09 [main] INFO  demoqaBase - Accessing Check Box...
🔹 Trying JS click on WebElement (attempt 1)
2025-09-19 12:15:09 [main] INFO  demoqaLog - 🔹 Trying JS click on WebElement (attempt 1)
🔹 Attempting JS click...
2025-09-19 12:15:09 [main] INFO  demoqaLog - 🔹 Attempting JS click...
Check Box
2025-09-19 12:15:10 [main] INFO  demoqaBase - You are accessing: Check Box
2025-09-19 12:15:10 [main] INFO  demoqaLog - ⏳ Waiting for page to fully load (timeout: 30s)
2025-09-19 12:15:10 [main] INFO  demoqaLog - ✅ Page load completed.
2025-09-19 12:15:10 [main] INFO  demoqaBase - Clicking on Home Toggle Button...
🔹 Trying JS click on WebElement (attempt 1)
2025-09-19 12:15:10 [main] INFO  demoqaLog - 🔹 Trying JS click on WebElement (attempt 1)
🔹 Attempting JS click...
2025-09-19 12:15:10 [main] INFO  demoqaLog - 🔹 Attempting JS click...
2025-09-19 12:15:10 [main] INFO  demoqaBase - Clicking on Documents Toggle Button...
🔹 Trying JS click on WebElement (attempt 1)
2025-09-19 12:15:10 [main] INFO  demoqaLog - 🔹 Trying JS click on WebElement (attempt 1)
🔹 Attempting JS click...
2025-09-19 12:15:10 [main] INFO  demoqaLog - 🔹 Attempting JS click...
2025-09-19 12:15:10 [main] INFO  demoqaBase - Clicking WorkSpace Toggle Button...
🔹 Trying JS click on WebElement (attempt 1)
2025-09-19 12:15:10 [main] INFO  demoqaLog - 🔹 Trying JS click on WebElement (attempt 1)
🔹 Attempting JS click...
2025-09-19 12:15:10 [main] INFO  demoqaLog - 🔹 Attempting JS click...
2025-09-19 12:15:10 [main] INFO  demoqaBase - Clicked WorkSpace Toggle Button...
2025-09-19 12:15:10 [main] INFO  demoqaBase - Selecting WorkSpace | React Check Box...
🔹 Trying JS click on WebElement (attempt 1)
2025-09-19 12:15:10 [main] INFO  demoqaLog - 🔹 Trying JS click on WebElement (attempt 1)
🔹 Attempting JS click...
2025-09-19 12:15:10 [main] INFO  demoqaLog - 🔹 Attempting JS click...
2025-09-19 12:15:10 [main] INFO  demoqaBase - Selected WorkSpace | React Check Box...
Information Submitted is: You have selected :
react
2025-09-19 12:15:10 [main] INFO  demoqaBase - You have Selected: You have selected :
react
2025-09-19 12:15:10 [main] INFO  demoqaBase - ✅ Test Elements|Home|Documents| Selecting WorkSpace|React Check Box Completed...
]]></system-out>
  </testcase>
  <testcase name="SelectAngular" classname="tests.ElementsTests" time="1.323">
    <system-out><![CDATA[2025-09-19 12:15:10 [main] INFO  demoqaBase - Closing browser for test: SelectReact
2025-09-19 12:15:11 [main] INFO  DriverFactory - 🌐 Starting Chrome Web Browser...
2025-09-19 12:15:11 [main] INFO  DriverFactory - ✅ Created temporary Chrome profile at C:\Users\dell\AppData\Local\Temp\chrome-profile-7011555154290645595
2025-09-19 12:15:12 [main] INFO  DriverFactory - 🚀 WebDriver started successfully
2025-09-19 12:15:12 [main] INFO  RetryUrlAccess - 🌐 Navigating to URL (attempt 1): https://demoqa.com
2025-09-19 12:15:16 [main] INFO  RetryUrlAccess - ✅ Navigation successful on attempt 1
2025-09-19 12:15:16 [main] INFO  demoqaBase - 🧪 Starting Test Elements|Home|Selecting Documents|WorkSpace|Angular Check Box Test...
Instance Variables Declared are: nullnull
2025-09-19 12:15:16 [main] INFO  demoqaBase - Accessing Elements Card...
2025-09-19 12:15:16 [main] INFO  demoqaLog - Clicking on Elements Card...
🔹 Trying JS click by locator (attempt 1)
2025-09-19 12:15:16 [main] INFO  demoqaLog - 🔹 Trying JS click by locator (attempt 1)
🔹 Attempting JS click...
2025-09-19 12:15:16 [main] INFO  demoqaLog - 🔹 Attempting JS click...
⚡ Falling back to native click by locator (attempt 1)
2025-09-19 12:15:16 [main] INFO  demoqaLog - ⚡ Falling back to native click by locator (attempt 1)
2025-09-19 12:15:16 [main] INFO  demoqaLog - Clicked on Elements Card...
Title of this Page is: DEMOQA
You are Accessing: Elements
 
Elements: Please select an item from left to start practice.
2025-09-19 12:15:16 [main] INFO  demoqaBase - Elements: Please select an item from left to start practice.
2025-09-19 12:15:16 [main] INFO  demoqaBase - Accessing Check Box...
🔹 Trying JS click on WebElement (attempt 1)
2025-09-19 12:15:16 [main] INFO  demoqaLog - 🔹 Trying JS click on WebElement (attempt 1)
🔹 Attempting JS click...
2025-09-19 12:15:16 [main] INFO  demoqaLog - 🔹 Attempting JS click...
Check Box
2025-09-19 12:15:17 [main] INFO  demoqaBase - You are accessing: Check Box
2025-09-19 12:15:17 [main] INFO  demoqaLog - ⏳ Waiting for page to fully load (timeout: 30s)
2025-09-19 12:15:17 [main] INFO  demoqaLog - ✅ Page load completed.
2025-09-19 12:15:17 [main] INFO  demoqaBase - Clicking on Home Toggle Button...
🔹 Trying JS click on WebElement (attempt 1)
2025-09-19 12:15:17 [main] INFO  demoqaLog - 🔹 Trying JS click on WebElement (attempt 1)
🔹 Attempting JS click...
2025-09-19 12:15:17 [main] INFO  demoqaLog - 🔹 Attempting JS click...
2025-09-19 12:15:17 [main] INFO  demoqaBase - Clicking on Documents Toggle Button...
🔹 Trying JS click on WebElement (attempt 1)
2025-09-19 12:15:17 [main] INFO  demoqaLog - 🔹 Trying JS click on WebElement (attempt 1)
🔹 Attempting JS click...
2025-09-19 12:15:17 [main] INFO  demoqaLog - 🔹 Attempting JS click...
2025-09-19 12:15:17 [main] INFO  demoqaBase - Clicking WorkSpace Toggle Button...
🔹 Trying JS click on WebElement (attempt 1)
2025-09-19 12:15:17 [main] INFO  demoqaLog - 🔹 Trying JS click on WebElement (attempt 1)
🔹 Attempting JS click...
2025-09-19 12:15:17 [main] INFO  demoqaLog - 🔹 Attempting JS click...
2025-09-19 12:15:17 [main] INFO  demoqaBase - Clicked WorkSpace Toggle Button...
2025-09-19 12:15:17 [main] INFO  demoqaBase - Selecting WorkSpace | Angular Check Box...
🔹 Trying JS click on WebElement (attempt 1)
2025-09-19 12:15:17 [main] INFO  demoqaLog - 🔹 Trying JS click on WebElement (attempt 1)
🔹 Attempting JS click...
2025-09-19 12:15:17 [main] INFO  demoqaLog - 🔹 Attempting JS click...
2025-09-19 12:15:17 [main] INFO  demoqaBase - Selected WorkSpace | Angular Check Box...
Information Submitted is: You have selected :
angular
2025-09-19 12:15:17 [main] INFO  demoqaBase - You have Selected: You have selected :
angular
2025-09-19 12:15:17 [main] INFO  demoqaBase - ✅ Test Elements|Home|Documents| Selecting WorkSpace|Angular Check Box Completed...
]]></system-out>
  </testcase>
  <testcase name="SelectVeu" classname="tests.ElementsTests" time="1.255">
    <system-out><![CDATA[2025-09-19 12:15:17 [main] INFO  demoqaBase - Closing browser for test: SelectAngular
2025-09-19 12:15:18 [main] INFO  DriverFactory - 🌐 Starting Chrome Web Browser...
2025-09-19 12:15:18 [main] INFO  DriverFactory - ✅ Created temporary Chrome profile at C:\Users\dell\AppData\Local\Temp\chrome-profile-7816852634078314097
2025-09-19 12:15:19 [main] INFO  DriverFactory - 🚀 WebDriver started successfully
2025-09-19 12:15:19 [main] INFO  RetryUrlAccess - 🌐 Navigating to URL (attempt 1): https://demoqa.com
2025-09-19 12:15:35 [main] INFO  RetryUrlAccess - ✅ Navigation successful on attempt 1
2025-09-19 12:15:35 [main] INFO  demoqaBase - 🧪 Starting Test Elements|Home|Selecting Documents|WorkSpace|Veu Check Box Test...
Instance Variables Declared are: nullnull
2025-09-19 12:15:35 [main] INFO  demoqaBase - Accessing Elements Card...
2025-09-19 12:15:35 [main] INFO  demoqaLog - Clicking on Elements Card...
🔹 Trying JS click by locator (attempt 1)
2025-09-19 12:15:35 [main] INFO  demoqaLog - 🔹 Trying JS click by locator (attempt 1)
🔹 Attempting JS click...
2025-09-19 12:15:35 [main] INFO  demoqaLog - 🔹 Attempting JS click...
⚡ Falling back to native click by locator (attempt 1)
2025-09-19 12:15:35 [main] INFO  demoqaLog - ⚡ Falling back to native click by locator (attempt 1)
2025-09-19 12:15:35 [main] INFO  demoqaLog - Clicked on Elements Card...
Title of this Page is: DEMOQA
You are Accessing: Elements
 
Elements: Please select an item from left to start practice.
2025-09-19 12:15:35 [main] INFO  demoqaBase - Elements: Please select an item from left to start practice.
2025-09-19 12:15:35 [main] INFO  demoqaBase - Accessing Check Box...
🔹 Trying JS click on WebElement (attempt 1)
2025-09-19 12:15:35 [main] INFO  demoqaLog - 🔹 Trying JS click on WebElement (attempt 1)
🔹 Attempting JS click...
2025-09-19 12:15:35 [main] INFO  demoqaLog - 🔹 Attempting JS click...
Check Box
2025-09-19 12:15:35 [main] INFO  demoqaBase - You are accessing: Check Box
2025-09-19 12:15:35 [main] INFO  demoqaLog - ⏳ Waiting for page to fully load (timeout: 30s)
2025-09-19 12:15:36 [main] INFO  demoqaLog - ✅ Page load completed.
2025-09-19 12:15:36 [main] INFO  demoqaBase - Clicking on Home Toggle Button...
🔹 Trying JS click on WebElement (attempt 1)
2025-09-19 12:15:36 [main] INFO  demoqaLog - 🔹 Trying JS click on WebElement (attempt 1)
🔹 Attempting JS click...
2025-09-19 12:15:36 [main] INFO  demoqaLog - 🔹 Attempting JS click...
2025-09-19 12:15:36 [main] INFO  demoqaBase - Clicking on Documents Toggle Button...
🔹 Trying JS click on WebElement (attempt 1)
2025-09-19 12:15:36 [main] INFO  demoqaLog - 🔹 Trying JS click on WebElement (attempt 1)
🔹 Attempting JS click...
2025-09-19 12:15:36 [main] INFO  demoqaLog - 🔹 Attempting JS click...
2025-09-19 12:15:36 [main] INFO  demoqaBase - Clicking WorkSpace Toggle Button...
🔹 Trying JS click on WebElement (attempt 1)
2025-09-19 12:15:36 [main] INFO  demoqaLog - 🔹 Trying JS click on WebElement (attempt 1)
🔹 Attempting JS click...
2025-09-19 12:15:36 [main] INFO  demoqaLog - 🔹 Attempting JS click...
2025-09-19 12:15:36 [main] INFO  demoqaBase - Clicked WorkSpace Toggle Button...
2025-09-19 12:15:36 [main] INFO  demoqaBase - Selecting WorkSpace | Veu Check Box...
🔹 Trying JS click on WebElement (attempt 1)
2025-09-19 12:15:36 [main] INFO  demoqaLog - 🔹 Trying JS click on WebElement (attempt 1)
🔹 Attempting JS click...
2025-09-19 12:15:36 [main] INFO  demoqaLog - 🔹 Attempting JS click...
2025-09-19 12:15:36 [main] INFO  demoqaBase - Selected WorkSpace | Veu Check Box...
Information Submitted is: You have selected :
veu
2025-09-19 12:15:36 [main] INFO  demoqaBase - You have Selected: You have selected :
veu
2025-09-19 12:15:36 [main] INFO  demoqaBase - ✅ Test Elements|Home|Documents| Selecting WorkSpace|Veu Check Box Completed...
]]></system-out>
  </testcase>
  <testcase name="SelectReactAnuglarVeu" classname="tests.ElementsTests" time="1.795">
    <system-out><![CDATA[2025-09-19 12:15:36 [main] INFO  demoqaBase - Closing browser for test: SelectVeu
2025-09-19 12:15:37 [main] INFO  DriverFactory - 🌐 Starting Chrome Web Browser...
2025-09-19 12:15:37 [main] INFO  DriverFactory - ✅ Created temporary Chrome profile at C:\Users\dell\AppData\Local\Temp\chrome-profile-16286337563162855492
2025-09-19 12:15:39 [main] INFO  DriverFactory - 🚀 WebDriver started successfully
2025-09-19 12:15:39 [main] INFO  RetryUrlAccess - 🌐 Navigating to URL (attempt 1): https://demoqa.com
2025-09-19 12:15:43 [main] INFO  RetryUrlAccess - ✅ Navigation successful on attempt 1
2025-09-19 12:15:43 [main] INFO  demoqaBase - 🧪 Starting Test Elements|Home|Selecting Documents|WorkSpace|React-Anuglar-Veu Check Box Test...
Instance Variables Declared are: nullnull
2025-09-19 12:15:43 [main] INFO  demoqaBase - Accessing Elements Card...
2025-09-19 12:15:43 [main] INFO  demoqaLog - Clicking on Elements Card...
🔹 Trying JS click by locator (attempt 1)
2025-09-19 12:15:43 [main] INFO  demoqaLog - 🔹 Trying JS click by locator (attempt 1)
🔹 Attempting JS click...
2025-09-19 12:15:43 [main] INFO  demoqaLog - 🔹 Attempting JS click...
⚡ Falling back to native click by locator (attempt 1)
2025-09-19 12:15:43 [main] INFO  demoqaLog - ⚡ Falling back to native click by locator (attempt 1)
2025-09-19 12:15:43 [main] INFO  demoqaLog - Clicked on Elements Card...
Title of this Page is: DEMOQA
You are Accessing: Elements
 
Elements: Please select an item from left to start practice.
2025-09-19 12:15:43 [main] INFO  demoqaBase - Elements: Please select an item from left to start practice.
2025-09-19 12:15:43 [main] INFO  demoqaBase - Accessing Check Box...
🔹 Trying JS click on WebElement (attempt 1)
2025-09-19 12:15:43 [main] INFO  demoqaLog - 🔹 Trying JS click on WebElement (attempt 1)
🔹 Attempting JS click...
2025-09-19 12:15:43 [main] INFO  demoqaLog - 🔹 Attempting JS click...
Check Box
2025-09-19 12:15:44 [main] INFO  demoqaBase - You are accessing: Check Box
2025-09-19 12:15:44 [main] INFO  demoqaLog - ⏳ Waiting for page to fully load (timeout: 30s)
2025-09-19 12:15:44 [main] INFO  demoqaLog - ✅ Page load completed.
2025-09-19 12:15:44 [main] INFO  demoqaBase - Clicking on Home Toggle Button...
🔹 Trying JS click on WebElement (attempt 1)
2025-09-19 12:15:44 [main] INFO  demoqaLog - 🔹 Trying JS click on WebElement (attempt 1)
🔹 Attempting JS click...
2025-09-19 12:15:44 [main] INFO  demoqaLog - 🔹 Attempting JS click...
2025-09-19 12:15:44 [main] INFO  demoqaBase - Clicking on Documents Toggle Button...
🔹 Trying JS click on WebElement (attempt 1)
2025-09-19 12:15:44 [main] INFO  demoqaLog - 🔹 Trying JS click on WebElement (attempt 1)
🔹 Attempting JS click...
2025-09-19 12:15:44 [main] INFO  demoqaLog - 🔹 Attempting JS click...
2025-09-19 12:15:44 [main] INFO  demoqaBase - Clicking WorkSpace Toggle Button...
🔹 Trying JS click on WebElement (attempt 1)
2025-09-19 12:15:44 [main] INFO  demoqaLog - 🔹 Trying JS click on WebElement (attempt 1)
🔹 Attempting JS click...
2025-09-19 12:15:44 [main] INFO  demoqaLog - 🔹 Attempting JS click...
2025-09-19 12:15:44 [main] INFO  demoqaBase - Clicked WorkSpace Toggle Button...
2025-09-19 12:15:44 [main] INFO  demoqaBase - Selecting WorkSpace | React Check Box...
🔹 Trying JS click on WebElement (attempt 1)
2025-09-19 12:15:44 [main] INFO  demoqaLog - 🔹 Trying JS click on WebElement (attempt 1)
🔹 Attempting JS click...
2025-09-19 12:15:44 [main] INFO  demoqaLog - 🔹 Attempting JS click...
2025-09-19 12:15:44 [main] INFO  demoqaBase - Selected WorkSpace | React Check Box...
2025-09-19 12:15:44 [main] INFO  demoqaBase - Selecting WorkSpace | Angular Check Box...
🔹 Trying JS click on WebElement (attempt 1)
2025-09-19 12:15:44 [main] INFO  demoqaLog - 🔹 Trying JS click on WebElement (attempt 1)
🔹 Attempting JS click...
2025-09-19 12:15:44 [main] INFO  demoqaLog - 🔹 Attempting JS click...
2025-09-19 12:15:44 [main] INFO  demoqaBase - Selected WorkSpace | Angular Check Box...
2025-09-19 12:15:44 [main] INFO  demoqaBase - Selecting WorkSpace | Veu Check Box...
🔹 Trying JS click on WebElement (attempt 1)
2025-09-19 12:15:44 [main] INFO  demoqaLog - 🔹 Trying JS click on WebElement (attempt 1)
🔹 Attempting JS click...
2025-09-19 12:15:44 [main] INFO  demoqaLog - 🔹 Attempting JS click...
2025-09-19 12:15:45 [main] INFO  demoqaBase - Selected WorkSpace | Veu Check Box...
Information Submitted is: You have selected :
workspace
react
angular
veu
2025-09-19 12:15:45 [main] INFO  demoqaBase - You have Selected: You have selected :
workspace
react
angular
veu
2025-09-19 12:15:45 [main] INFO  demoqaBase - ✅ Test Elements|Home|Documents| Selecting WorkSpace|React-Anuglar-Veu Check Box Completed...
]]></system-out>
  </testcase>
  <testcase name="SelectingOffice" classname="tests.ElementsTests" time="0.971">
    <system-out><![CDATA[2025-09-19 12:15:45 [main] INFO  demoqaBase - Closing browser for test: SelectReactAnuglarVeu
2025-09-19 12:15:45 [main] INFO  DriverFactory - 🌐 Starting Chrome Web Browser...
2025-09-19 12:15:45 [main] INFO  DriverFactory - ✅ Created temporary Chrome profile at C:\Users\dell\AppData\Local\Temp\chrome-profile-11147420310155445234
2025-09-19 12:15:46 [main] INFO  DriverFactory - 🚀 WebDriver started successfully
2025-09-19 12:15:46 [main] INFO  RetryUrlAccess - 🌐 Navigating to URL (attempt 1): https://demoqa.com
2025-09-19 12:15:50 [main] INFO  RetryUrlAccess - ✅ Navigation successful on attempt 1
2025-09-19 12:15:50 [main] INFO  demoqaBase - 🧪 Starting Test Elements|Home|Selecting Documents|Office Check Box Test...
Instance Variables Declared are: nullnull
2025-09-19 12:15:50 [main] INFO  demoqaBase - Accessing Elements Card...
2025-09-19 12:15:50 [main] INFO  demoqaLog - Clicking on Elements Card...
🔹 Trying JS click by locator (attempt 1)
2025-09-19 12:15:50 [main] INFO  demoqaLog - 🔹 Trying JS click by locator (attempt 1)
🔹 Attempting JS click...
2025-09-19 12:15:50 [main] INFO  demoqaLog - 🔹 Attempting JS click...
⚡ Falling back to native click by locator (attempt 1)
2025-09-19 12:15:50 [main] INFO  demoqaLog - ⚡ Falling back to native click by locator (attempt 1)
2025-09-19 12:15:51 [main] INFO  demoqaLog - Clicked on Elements Card...
Title of this Page is: DEMOQA
You are Accessing: Elements
 
Elements: Please select an item from left to start practice.
2025-09-19 12:15:51 [main] INFO  demoqaBase - Elements: Please select an item from left to start practice.
2025-09-19 12:15:51 [main] INFO  demoqaBase - Accessing Check Box...
🔹 Trying JS click on WebElement (attempt 1)
2025-09-19 12:15:51 [main] INFO  demoqaLog - 🔹 Trying JS click on WebElement (attempt 1)
🔹 Attempting JS click...
2025-09-19 12:15:51 [main] INFO  demoqaLog - 🔹 Attempting JS click...
Check Box
2025-09-19 12:15:51 [main] INFO  demoqaBase - You are accessing: Check Box
2025-09-19 12:15:51 [main] INFO  demoqaLog - ⏳ Waiting for page to fully load (timeout: 30s)
2025-09-19 12:15:51 [main] INFO  demoqaLog - ✅ Page load completed.
2025-09-19 12:15:51 [main] INFO  demoqaBase - Clicking on Home Toggle Button...
🔹 Trying JS click on WebElement (attempt 1)
2025-09-19 12:15:51 [main] INFO  demoqaLog - 🔹 Trying JS click on WebElement (attempt 1)
🔹 Attempting JS click...
2025-09-19 12:15:51 [main] INFO  demoqaLog - 🔹 Attempting JS click...
2025-09-19 12:15:51 [main] INFO  demoqaBase - Clicking on Documents Toggle Button...
🔹 Trying JS click on WebElement (attempt 1)
2025-09-19 12:15:51 [main] INFO  demoqaLog - 🔹 Trying JS click on WebElement (attempt 1)
🔹 Attempting JS click...
2025-09-19 12:15:51 [main] INFO  demoqaLog - 🔹 Attempting JS click...
2025-09-19 12:15:51 [main] INFO  demoqaBase - Selecting WorkSpace Check Box...
🔹 Trying JS click on WebElement (attempt 1)
2025-09-19 12:15:51 [main] INFO  demoqaLog - 🔹 Trying JS click on WebElement (attempt 1)
🔹 Attempting JS click...
2025-09-19 12:15:51 [main] INFO  demoqaLog - 🔹 Attempting JS click...
2025-09-19 12:15:51 [main] INFO  demoqaBase - Selected WorkSpace Check Box...
Information Submitted is: You have selected :
office
public
private
classified
general
2025-09-19 12:15:51 [main] INFO  demoqaBase - You have Selected: You have selected :
office
public
private
classified
general
2025-09-19 12:15:51 [main] INFO  demoqaBase - ✅ Test Elements|Home|Selecting Documents|Office Check Box Completed...
]]></system-out>
  </testcase>
  <testcase name="SelectPublic" classname="tests.ElementsTests" time="1.14">
    <system-out><![CDATA[2025-09-19 12:15:51 [main] INFO  demoqaBase - Closing browser for test: SelectingOffice
2025-09-19 12:15:52 [main] INFO  DriverFactory - 🌐 Starting Chrome Web Browser...
2025-09-19 12:15:52 [main] INFO  DriverFactory - ✅ Created temporary Chrome profile at C:\Users\dell\AppData\Local\Temp\chrome-profile-17428911042760429021
2025-09-19 12:15:53 [main] INFO  DriverFactory - 🚀 WebDriver started successfully
2025-09-19 12:15:53 [main] INFO  RetryUrlAccess - 🌐 Navigating to URL (attempt 1): https://demoqa.com
2025-09-19 12:16:18 [main] INFO  RetryUrlAccess - ✅ Navigation successful on attempt 1
2025-09-19 12:16:18 [main] INFO  demoqaBase - 🧪 Starting Test Elements|Home|Selecting Documents|Office|Public Check Box Test...
Instance Variables Declared are: nullnull
2025-09-19 12:16:18 [main] INFO  demoqaBase - Accessing Elements Card...
2025-09-19 12:16:18 [main] INFO  demoqaLog - Clicking on Elements Card...
🔹 Trying JS click by locator (attempt 1)
2025-09-19 12:16:18 [main] INFO  demoqaLog - 🔹 Trying JS click by locator (attempt 1)
🔹 Attempting JS click...
2025-09-19 12:16:18 [main] INFO  demoqaLog - 🔹 Attempting JS click...
⚡ Falling back to native click by locator (attempt 1)
2025-09-19 12:16:18 [main] INFO  demoqaLog - ⚡ Falling back to native click by locator (attempt 1)
2025-09-19 12:16:19 [main] INFO  demoqaLog - Clicked on Elements Card...
Title of this Page is: DEMOQA
You are Accessing: Elements
 
Elements: Please select an item from left to start practice.
2025-09-19 12:16:19 [main] INFO  demoqaBase - Elements: Please select an item from left to start practice.
2025-09-19 12:16:19 [main] INFO  demoqaBase - Accessing Check Box...
🔹 Trying JS click on WebElement (attempt 1)
2025-09-19 12:16:19 [main] INFO  demoqaLog - 🔹 Trying JS click on WebElement (attempt 1)
🔹 Attempting JS click...
2025-09-19 12:16:19 [main] INFO  demoqaLog - 🔹 Attempting JS click...
Check Box
2025-09-19 12:16:19 [main] INFO  demoqaBase - You are accessing: Check Box
2025-09-19 12:16:19 [main] INFO  demoqaLog - ⏳ Waiting for page to fully load (timeout: 30s)
2025-09-19 12:16:19 [main] INFO  demoqaLog - ✅ Page load completed.
2025-09-19 12:16:19 [main] INFO  demoqaBase - Clicking on Home Toggle Button...
🔹 Trying JS click on WebElement (attempt 1)
2025-09-19 12:16:19 [main] INFO  demoqaLog - 🔹 Trying JS click on WebElement (attempt 1)
🔹 Attempting JS click...
2025-09-19 12:16:19 [main] INFO  demoqaLog - 🔹 Attempting JS click...
2025-09-19 12:16:19 [main] INFO  demoqaBase - Clicking on Documents Toggle Button...
🔹 Trying JS click on WebElement (attempt 1)
2025-09-19 12:16:19 [main] INFO  demoqaLog - 🔹 Trying JS click on WebElement (attempt 1)
🔹 Attempting JS click...
2025-09-19 12:16:19 [main] INFO  demoqaLog - 🔹 Attempting JS click...
2025-09-19 12:16:19 [main] INFO  demoqaBase - Clicking Office Toggle Button...
🔹 Trying JS click on WebElement (attempt 1)
2025-09-19 12:16:19 [main] INFO  demoqaLog - 🔹 Trying JS click on WebElement (attempt 1)
🔹 Attempting JS click...
2025-09-19 12:16:19 [main] INFO  demoqaLog - 🔹 Attempting JS click...
2025-09-19 12:16:19 [main] INFO  demoqaBase - Clicked Office Toggle Button...
2025-09-19 12:16:19 [main] INFO  demoqaBase - Selecting Office | Public Check Box...
🔹 Trying JS click on WebElement (attempt 1)
2025-09-19 12:16:19 [main] INFO  demoqaLog - 🔹 Trying JS click on WebElement (attempt 1)
🔹 Attempting JS click...
2025-09-19 12:16:19 [main] INFO  demoqaLog - 🔹 Attempting JS click...
2025-09-19 12:16:19 [main] INFO  demoqaBase - Selected Office | Public Check Box...
Information Submitted is: You have selected :
public
2025-09-19 12:16:20 [main] INFO  demoqaBase - You have Selected: You have selected :
public
2025-09-19 12:16:20 [main] INFO  demoqaBase - ✅ Test Elements|Home|Documents|Office|Selecting Public Check Box Completed...
]]></system-out>
  </testcase>
  <testcase name="SelectPrivate" classname="tests.ElementsTests" time="1.442">
    <system-out><![CDATA[2025-09-19 12:16:20 [main] INFO  demoqaBase - Closing browser for test: SelectPublic
2025-09-19 12:16:20 [main] INFO  DriverFactory - 🌐 Starting Chrome Web Browser...
2025-09-19 12:16:20 [main] INFO  DriverFactory - ✅ Created temporary Chrome profile at C:\Users\dell\AppData\Local\Temp\chrome-profile-2743923009696601371
2025-09-19 12:16:21 [main] INFO  DriverFactory - 🚀 WebDriver started successfully
2025-09-19 12:16:21 [main] INFO  RetryUrlAccess - 🌐 Navigating to URL (attempt 1): https://demoqa.com
2025-09-19 12:16:34 [main] INFO  RetryUrlAccess - ✅ Navigation successful on attempt 1
2025-09-19 12:16:34 [main] INFO  demoqaBase - 🧪 Starting Test Elements|Home|Selecting Documents|Office|Private Check Box Test...
Instance Variables Declared are: nullnull
2025-09-19 12:16:34 [main] INFO  demoqaBase - Accessing Elements Card...
2025-09-19 12:16:34 [main] INFO  demoqaLog - Clicking on Elements Card...
🔹 Trying JS click by locator (attempt 1)
2025-09-19 12:16:34 [main] INFO  demoqaLog - 🔹 Trying JS click by locator (attempt 1)
🔹 Attempting JS click...
2025-09-19 12:16:34 [main] INFO  demoqaLog - 🔹 Attempting JS click...
⚡ Falling back to native click by locator (attempt 1)
2025-09-19 12:16:34 [main] INFO  demoqaLog - ⚡ Falling back to native click by locator (attempt 1)
2025-09-19 12:16:34 [main] INFO  demoqaLog - Clicked on Elements Card...
Title of this Page is: DEMOQA
You are Accessing: Elements
 
Elements: Please select an item from left to start practice.
2025-09-19 12:16:34 [main] INFO  demoqaBase - Elements: Please select an item from left to start practice.
2025-09-19 12:16:34 [main] INFO  demoqaBase - Accessing Check Box...
🔹 Trying JS click on WebElement (attempt 1)
2025-09-19 12:16:34 [main] INFO  demoqaLog - 🔹 Trying JS click on WebElement (attempt 1)
🔹 Attempting JS click...
2025-09-19 12:16:34 [main] INFO  demoqaLog - 🔹 Attempting JS click...
Check Box
2025-09-19 12:16:35 [main] INFO  demoqaBase - You are accessing: Check Box
2025-09-19 12:16:35 [main] INFO  demoqaLog - ⏳ Waiting for page to fully load (timeout: 30s)
2025-09-19 12:16:35 [main] INFO  demoqaLog - ✅ Page load completed.
2025-09-19 12:16:35 [main] INFO  demoqaBase - Clicking on Home Toggle Button...
🔹 Trying JS click on WebElement (attempt 1)
2025-09-19 12:16:35 [main] INFO  demoqaLog - 🔹 Trying JS click on WebElement (attempt 1)
🔹 Attempting JS click...
2025-09-19 12:16:35 [main] INFO  demoqaLog - 🔹 Attempting JS click...
2025-09-19 12:16:35 [main] INFO  demoqaBase - Clicking on Documents Toggle Button...
🔹 Trying JS click on WebElement (attempt 1)
2025-09-19 12:16:35 [main] INFO  demoqaLog - 🔹 Trying JS click on WebElement (attempt 1)
🔹 Attempting JS click...
2025-09-19 12:16:35 [main] INFO  demoqaLog - 🔹 Attempting JS click...
2025-09-19 12:16:35 [main] INFO  demoqaBase - Clicking Office Toggle Button...
🔹 Trying JS click on WebElement (attempt 1)
2025-09-19 12:16:35 [main] INFO  demoqaLog - 🔹 Trying JS click on WebElement (attempt 1)
🔹 Attempting JS click...
2025-09-19 12:16:35 [main] INFO  demoqaLog - 🔹 Attempting JS click...
2025-09-19 12:16:35 [main] INFO  demoqaBase - Clicked Office Toggle Button...
2025-09-19 12:16:35 [main] INFO  demoqaBase - Selecting Office | Private Check Box...
🔹 Trying JS click on WebElement (attempt 1)
2025-09-19 12:16:35 [main] INFO  demoqaLog - 🔹 Trying JS click on WebElement (attempt 1)
🔹 Attempting JS click...
2025-09-19 12:16:35 [main] INFO  demoqaLog - 🔹 Attempting JS click...
2025-09-19 12:16:35 [main] INFO  demoqaBase - Selected Office | Private Check Box...
Information Submitted is: You have selected :
private
2025-09-19 12:16:35 [main] INFO  demoqaBase - You have Selected: You have selected :
private
2025-09-19 12:16:35 [main] INFO  demoqaBase - ✅ Test Elements|Home|Documents|Office|Selecting Private Check Box Completed...
]]></system-out>
  </testcase>
  <testcase name="SelectClassified" classname="tests.ElementsTests" time="1.182">
    <system-out><![CDATA[2025-09-19 12:16:35 [main] INFO  demoqaBase - Closing browser for test: SelectPrivate
2025-09-19 12:16:36 [main] INFO  DriverFactory - 🌐 Starting Chrome Web Browser...
2025-09-19 12:16:36 [main] INFO  DriverFactory - ✅ Created temporary Chrome profile at C:\Users\dell\AppData\Local\Temp\chrome-profile-8979960068959934703
2025-09-19 12:16:37 [main] INFO  DriverFactory - 🚀 WebDriver started successfully
2025-09-19 12:16:37 [main] INFO  RetryUrlAccess - 🌐 Navigating to URL (attempt 1): https://demoqa.com
2025-09-19 12:17:08 [main] INFO  RetryUrlAccess - ✅ Navigation successful on attempt 1
2025-09-19 12:17:08 [main] INFO  demoqaBase - 🧪 Starting Test Elements|Home|Selecting Documents|Office|Classified Check Box Test...
Instance Variables Declared are: nullnull
2025-09-19 12:17:08 [main] INFO  demoqaBase - Accessing Elements Card...
2025-09-19 12:17:08 [main] INFO  demoqaLog - Clicking on Elements Card...
🔹 Trying JS click by locator (attempt 1)
2025-09-19 12:17:08 [main] INFO  demoqaLog - 🔹 Trying JS click by locator (attempt 1)
🔹 Attempting JS click...
2025-09-19 12:17:08 [main] INFO  demoqaLog - 🔹 Attempting JS click...
⚡ Falling back to native click by locator (attempt 1)
2025-09-19 12:17:08 [main] INFO  demoqaLog - ⚡ Falling back to native click by locator (attempt 1)
2025-09-19 12:17:08 [main] INFO  demoqaLog - Clicked on Elements Card...
Title of this Page is: DEMOQA
You are Accessing: Elements
 
Elements: Please select an item from left to start practice.
2025-09-19 12:17:08 [main] INFO  demoqaBase - Elements: Please select an item from left to start practice.
2025-09-19 12:17:08 [main] INFO  demoqaBase - Accessing Check Box...
🔹 Trying JS click on WebElement (attempt 1)
2025-09-19 12:17:08 [main] INFO  demoqaLog - 🔹 Trying JS click on WebElement (attempt 1)
🔹 Attempting JS click...
2025-09-19 12:17:08 [main] INFO  demoqaLog - 🔹 Attempting JS click...
Check Box
2025-09-19 12:17:08 [main] INFO  demoqaBase - You are accessing: Check Box
2025-09-19 12:17:08 [main] INFO  demoqaLog - ⏳ Waiting for page to fully load (timeout: 30s)
2025-09-19 12:17:08 [main] INFO  demoqaLog - ✅ Page load completed.
2025-09-19 12:17:08 [main] INFO  demoqaBase - Clicking on Home Toggle Button...
🔹 Trying JS click on WebElement (attempt 1)
2025-09-19 12:17:08 [main] INFO  demoqaLog - 🔹 Trying JS click on WebElement (attempt 1)
🔹 Attempting JS click...
2025-09-19 12:17:08 [main] INFO  demoqaLog - 🔹 Attempting JS click...
2025-09-19 12:17:09 [main] INFO  demoqaBase - Clicking on Documents Toggle Button...
🔹 Trying JS click on WebElement (attempt 1)
2025-09-19 12:17:09 [main] INFO  demoqaLog - 🔹 Trying JS click on WebElement (attempt 1)
🔹 Attempting JS click...
2025-09-19 12:17:09 [main] INFO  demoqaLog - 🔹 Attempting JS click...
2025-09-19 12:17:09 [main] INFO  demoqaBase - Clicking Office Toggle Button...
🔹 Trying JS click on WebElement (attempt 1)
2025-09-19 12:17:09 [main] INFO  demoqaLog - 🔹 Trying JS click on WebElement (attempt 1)
🔹 Attempting JS click...
2025-09-19 12:17:09 [main] INFO  demoqaLog - 🔹 Attempting JS click...
2025-09-19 12:17:09 [main] INFO  demoqaBase - Clicked Office Toggle Button...
2025-09-19 12:17:09 [main] INFO  demoqaBase - Selecting Office | Classified Check Box...
🔹 Trying JS click on WebElement (attempt 1)
2025-09-19 12:17:09 [main] INFO  demoqaLog - 🔹 Trying JS click on WebElement (attempt 1)
🔹 Attempting JS click...
2025-09-19 12:17:09 [main] INFO  demoqaLog - 🔹 Attempting JS click...
2025-09-19 12:17:09 [main] INFO  demoqaBase - Selected Office | Classified Check Box...
Information Submitted is: You have selected :
classified
2025-09-19 12:17:09 [main] INFO  demoqaBase - You have Selected: You have selected :
classified
2025-09-19 12:17:09 [main] INFO  demoqaBase - ✅ Test Elements|Home|Documents|Office|Selecting Classified Check Box Completed...
]]></system-out>
  </testcase>
  <testcase name="SelectGeneral" classname="tests.ElementsTests" time="1.349">
    <system-out><![CDATA[2025-09-19 12:17:09 [main] INFO  demoqaBase - Closing browser for test: SelectClassified
2025-09-19 12:17:09 [main] INFO  DriverFactory - 🌐 Starting Chrome Web Browser...
2025-09-19 12:17:09 [main] INFO  DriverFactory - ✅ Created temporary Chrome profile at C:\Users\dell\AppData\Local\Temp\chrome-profile-2191682450492513752
2025-09-19 12:17:10 [main] INFO  DriverFactory - 🚀 WebDriver started successfully
2025-09-19 12:17:10 [main] INFO  RetryUrlAccess - 🌐 Navigating to URL (attempt 1): https://demoqa.com
2025-09-19 12:17:16 [main] INFO  RetryUrlAccess - ✅ Navigation successful on attempt 1
2025-09-19 12:17:16 [main] INFO  demoqaBase - 🧪 Starting Test Elements|Home|Selecting Documents|Office|General Check Box Test...
Instance Variables Declared are: nullnull
2025-09-19 12:17:16 [main] INFO  demoqaBase - Accessing Elements Card...
2025-09-19 12:17:16 [main] INFO  demoqaLog - Clicking on Elements Card...
🔹 Trying JS click by locator (attempt 1)
2025-09-19 12:17:16 [main] INFO  demoqaLog - 🔹 Trying JS click by locator (attempt 1)
🔹 Attempting JS click...
2025-09-19 12:17:16 [main] INFO  demoqaLog - 🔹 Attempting JS click...
⚡ Falling back to native click by locator (attempt 1)
2025-09-19 12:17:16 [main] INFO  demoqaLog - ⚡ Falling back to native click by locator (attempt 1)
2025-09-19 12:17:16 [main] INFO  demoqaLog - Clicked on Elements Card...
Title of this Page is: DEMOQA
You are Accessing: Elements
 
Elements: Please select an item from left to start practice.
2025-09-19 12:17:16 [main] INFO  demoqaBase - Elements: Please select an item from left to start practice.
2025-09-19 12:17:16 [main] INFO  demoqaBase - Accessing Check Box...
🔹 Trying JS click on WebElement (attempt 1)
2025-09-19 12:17:16 [main] INFO  demoqaLog - 🔹 Trying JS click on WebElement (attempt 1)
🔹 Attempting JS click...
2025-09-19 12:17:16 [main] INFO  demoqaLog - 🔹 Attempting JS click...
Check Box
2025-09-19 12:17:17 [main] INFO  demoqaBase - You are accessing: Check Box
2025-09-19 12:17:17 [main] INFO  demoqaLog - ⏳ Waiting for page to fully load (timeout: 30s)
2025-09-19 12:17:17 [main] INFO  demoqaLog - ✅ Page load completed.
2025-09-19 12:17:17 [main] INFO  demoqaBase - Clicking on Home Toggle Button...
🔹 Trying JS click on WebElement (attempt 1)
2025-09-19 12:17:17 [main] INFO  demoqaLog - 🔹 Trying JS click on WebElement (attempt 1)
🔹 Attempting JS click...
2025-09-19 12:17:17 [main] INFO  demoqaLog - 🔹 Attempting JS click...
2025-09-19 12:17:17 [main] INFO  demoqaBase - Clicking on Documents Toggle Button...
🔹 Trying JS click on WebElement (attempt 1)
2025-09-19 12:17:17 [main] INFO  demoqaLog - 🔹 Trying JS click on WebElement (attempt 1)
🔹 Attempting JS click...
2025-09-19 12:17:17 [main] INFO  demoqaLog - 🔹 Attempting JS click...
2025-09-19 12:17:17 [main] INFO  demoqaBase - Clicking Office Toggle Button...
🔹 Trying JS click on WebElement (attempt 1)
2025-09-19 12:17:17 [main] INFO  demoqaLog - 🔹 Trying JS click on WebElement (attempt 1)
🔹 Attempting JS click...
2025-09-19 12:17:17 [main] INFO  demoqaLog - 🔹 Attempting JS click...
2025-09-19 12:17:17 [main] INFO  demoqaBase - Clicked Office Toggle Button...
2025-09-19 12:17:17 [main] INFO  demoqaBase - Selecting Office | General Check Box...
🔹 Trying JS click on WebElement (attempt 1)
2025-09-19 12:17:17 [main] INFO  demoqaLog - 🔹 Trying JS click on WebElement (attempt 1)
🔹 Attempting JS click...
2025-09-19 12:17:17 [main] INFO  demoqaLog - 🔹 Attempting JS click...
2025-09-19 12:17:17 [main] INFO  demoqaBase - Selected Office | General Check Box...
Information Submitted is: You have selected :
general
2025-09-19 12:17:17 [main] INFO  demoqaBase - You have Selected: You have selected :
general
2025-09-19 12:17:17 [main] INFO  demoqaBase - ✅ Test Elements|Home|Documents|Office|Selecting General Check Box Completed...
]]></system-out>
  </testcase>
  <testcase name="SelectOfficeAll" classname="tests.ElementsTests" time="1.721">
    <system-out><![CDATA[2025-09-19 12:17:17 [main] INFO  demoqaBase - Closing browser for test: SelectGeneral
2025-09-19 12:17:18 [main] INFO  DriverFactory - 🌐 Starting Chrome Web Browser...
2025-09-19 12:17:18 [main] INFO  DriverFactory - ✅ Created temporary Chrome profile at C:\Users\dell\AppData\Local\Temp\chrome-profile-5317606565349555821
2025-09-19 12:17:19 [main] INFO  DriverFactory - 🚀 WebDriver started successfully
2025-09-19 12:17:19 [main] INFO  RetryUrlAccess - 🌐 Navigating to URL (attempt 1): https://demoqa.com
2025-09-19 12:17:24 [main] INFO  RetryUrlAccess - ✅ Navigation successful on attempt 1
2025-09-19 12:17:24 [main] INFO  demoqaBase - 🧪 Starting Test Elements|Home|Selecting Documents|Office|All Check Boxes Test...
Instance Variables Declared are: nullnull
2025-09-19 12:17:24 [main] INFO  demoqaBase - Accessing Elements Card...
2025-09-19 12:17:24 [main] INFO  demoqaLog - Clicking on Elements Card...
🔹 Trying JS click by locator (attempt 1)
2025-09-19 12:17:24 [main] INFO  demoqaLog - 🔹 Trying JS click by locator (attempt 1)
🔹 Attempting JS click...
2025-09-19 12:17:24 [main] INFO  demoqaLog - 🔹 Attempting JS click...
⚡ Falling back to native click by locator (attempt 1)
2025-09-19 12:17:24 [main] INFO  demoqaLog - ⚡ Falling back to native click by locator (attempt 1)
2025-09-19 12:17:24 [main] INFO  demoqaLog - Clicked on Elements Card...
Title of this Page is: DEMOQA
You are Accessing: Elements
 
Elements: Please select an item from left to start practice.
2025-09-19 12:17:25 [main] INFO  demoqaBase - Elements: Please select an item from left to start practice.
2025-09-19 12:17:25 [main] INFO  demoqaBase - Accessing Check Box...
🔹 Trying JS click on WebElement (attempt 1)
2025-09-19 12:17:25 [main] INFO  demoqaLog - 🔹 Trying JS click on WebElement (attempt 1)
🔹 Attempting JS click...
2025-09-19 12:17:25 [main] INFO  demoqaLog - 🔹 Attempting JS click...
Check Box
2025-09-19 12:17:25 [main] INFO  demoqaBase - You are accessing: Check Box
2025-09-19 12:17:25 [main] INFO  demoqaLog - ⏳ Waiting for page to fully load (timeout: 30s)
2025-09-19 12:17:25 [main] INFO  demoqaLog - ✅ Page load completed.
2025-09-19 12:17:25 [main] INFO  demoqaBase - Clicking on Home Toggle Button...
🔹 Trying JS click on WebElement (attempt 1)
2025-09-19 12:17:25 [main] INFO  demoqaLog - 🔹 Trying JS click on WebElement (attempt 1)
🔹 Attempting JS click...
2025-09-19 12:17:25 [main] INFO  demoqaLog - 🔹 Attempting JS click...
2025-09-19 12:17:25 [main] INFO  demoqaBase - Clicking on Documents Toggle Button...
🔹 Trying JS click on WebElement (attempt 1)
2025-09-19 12:17:25 [main] INFO  demoqaLog - 🔹 Trying JS click on WebElement (attempt 1)
🔹 Attempting JS click...
2025-09-19 12:17:25 [main] INFO  demoqaLog - 🔹 Attempting JS click...
2025-09-19 12:17:25 [main] INFO  demoqaBase - Clicking Office Toggle Button...
🔹 Trying JS click on WebElement (attempt 1)
2025-09-19 12:17:25 [main] INFO  demoqaLog - 🔹 Trying JS click on WebElement (attempt 1)
🔹 Attempting JS click...
2025-09-19 12:17:25 [main] INFO  demoqaLog - 🔹 Attempting JS click...
2025-09-19 12:17:25 [main] INFO  demoqaBase - Clicked Office Toggle Button...
2025-09-19 12:17:25 [main] INFO  demoqaBase - Selecting Office | Public Check Box...
🔹 Trying JS click on WebElement (attempt 1)
2025-09-19 12:17:25 [main] INFO  demoqaLog - 🔹 Trying JS click on WebElement (attempt 1)
🔹 Attempting JS click...
2025-09-19 12:17:25 [main] INFO  demoqaLog - 🔹 Attempting JS click...
2025-09-19 12:17:25 [main] INFO  demoqaBase - Selected Office | Public Check Box...
2025-09-19 12:17:25 [main] INFO  demoqaBase - Selecting Office | Private Check Box...
🔹 Trying JS click on WebElement (attempt 1)
2025-09-19 12:17:25 [main] INFO  demoqaLog - 🔹 Trying JS click on WebElement (attempt 1)
🔹 Attempting JS click...
2025-09-19 12:17:25 [main] INFO  demoqaLog - 🔹 Attempting JS click...
2025-09-19 12:17:26 [main] INFO  demoqaBase - Selected Office | Private Check Box...
2025-09-19 12:17:26 [main] INFO  demoqaBase - Selecting Office | Classified Check Box...
🔹 Trying JS click on WebElement (attempt 1)
2025-09-19 12:17:26 [main] INFO  demoqaLog - 🔹 Trying JS click on WebElement (attempt 1)
🔹 Attempting JS click...
2025-09-19 12:17:26 [main] INFO  demoqaLog - 🔹 Attempting JS click...
2025-09-19 12:17:26 [main] INFO  demoqaBase - Selected Office | Classified Check Box...
2025-09-19 12:17:26 [main] INFO  demoqaBase - Selecting Office | General Check Box...
🔹 Trying JS click on WebElement (attempt 1)
2025-09-19 12:17:26 [main] INFO  demoqaLog - 🔹 Trying JS click on WebElement (attempt 1)
🔹 Attempting JS click...
2025-09-19 12:17:26 [main] INFO  demoqaLog - 🔹 Attempting JS click...
2025-09-19 12:17:26 [main] INFO  demoqaBase - Selected Office | General Check Box...
Information Submitted is: You have selected :
office
public
private
classified
general
2025-09-19 12:17:26 [main] INFO  demoqaBase - You have Selected: You have selected :
office
public
private
classified
general
2025-09-19 12:17:26 [main] INFO  demoqaBase - ✅ Test Elements|Home|Documents|Office|Selecting All Check Boxes Completed...
]]></system-out>
  </testcase>
  <testcase name="SelectingDownloads" classname="tests.ElementsTests" time="0.943">
    <system-out><![CDATA[2025-09-19 12:17:26 [main] INFO  demoqaBase - Closing browser for test: SelectOfficeAll
2025-09-19 12:17:26 [main] INFO  DriverFactory - 🌐 Starting Chrome Web Browser...
2025-09-19 12:17:26 [main] INFO  DriverFactory - ✅ Created temporary Chrome profile at C:\Users\dell\AppData\Local\Temp\chrome-profile-16491699186788663541
2025-09-19 12:17:27 [main] INFO  DriverFactory - 🚀 WebDriver started successfully
2025-09-19 12:17:27 [main] INFO  RetryUrlAccess - 🌐 Navigating to URL (attempt 1): https://demoqa.com
2025-09-19 12:17:43 [main] INFO  RetryUrlAccess - ✅ Navigation successful on attempt 1
2025-09-19 12:17:43 [main] INFO  demoqaBase - 🧪 Starting Test Elements|Home|Selecting Downloads Check Box Test...
Instance Variables Declared are: nullnull
2025-09-19 12:17:43 [main] INFO  demoqaBase - Accessing Elements Card...
2025-09-19 12:17:43 [main] INFO  demoqaLog - Clicking on Elements Card...
🔹 Trying JS click by locator (attempt 1)
2025-09-19 12:17:43 [main] INFO  demoqaLog - 🔹 Trying JS click by locator (attempt 1)
🔹 Attempting JS click...
2025-09-19 12:17:43 [main] INFO  demoqaLog - 🔹 Attempting JS click...
⚡ Falling back to native click by locator (attempt 1)
2025-09-19 12:17:43 [main] INFO  demoqaLog - ⚡ Falling back to native click by locator (attempt 1)
2025-09-19 12:17:43 [main] INFO  demoqaLog - Clicked on Elements Card...
Title of this Page is: DEMOQA
You are Accessing: Elements
 
Elements: Please select an item from left to start practice.
2025-09-19 12:17:43 [main] INFO  demoqaBase - Elements: Please select an item from left to start practice.
2025-09-19 12:17:43 [main] INFO  demoqaBase - Accessing Check Box...
🔹 Trying JS click on WebElement (attempt 1)
2025-09-19 12:17:43 [main] INFO  demoqaLog - 🔹 Trying JS click on WebElement (attempt 1)
🔹 Attempting JS click...
2025-09-19 12:17:43 [main] INFO  demoqaLog - 🔹 Attempting JS click...
Check Box
2025-09-19 12:17:44 [main] INFO  demoqaBase - You are accessing: Check Box
2025-09-19 12:17:44 [main] INFO  demoqaLog - ⏳ Waiting for page to fully load (timeout: 30s)
2025-09-19 12:17:44 [main] INFO  demoqaLog - ✅ Page load completed.
2025-09-19 12:17:44 [main] INFO  demoqaBase - Clicking on Home Toggle Button...
🔹 Trying JS click on WebElement (attempt 1)
2025-09-19 12:17:44 [main] INFO  demoqaLog - 🔹 Trying JS click on WebElement (attempt 1)
🔹 Attempting JS click...
2025-09-19 12:17:44 [main] INFO  demoqaLog - 🔹 Attempting JS click...
2025-09-19 12:17:44 [main] INFO  demoqaBase - Selecting Downloads Check Box...
🔹 Trying JS click on WebElement (attempt 1)
2025-09-19 12:17:44 [main] INFO  demoqaLog - 🔹 Trying JS click on WebElement (attempt 1)
🔹 Attempting JS click...
2025-09-19 12:17:44 [main] INFO  demoqaLog - 🔹 Attempting JS click...
2025-09-19 12:17:44 [main] INFO  demoqaBase - Selected Downloads Check Box...
Information Submitted is: You have selected :
downloads
wordFile
excelFile
2025-09-19 12:17:44 [main] INFO  demoqaBase - You have Selected: You have selected :
downloads
wordFile
excelFile
2025-09-19 12:17:44 [main] INFO  demoqaBase - ✅ Test Elements|Home|Selecting Downloads Check Box Completed...
]]></system-out>
  </testcase>
  <testcase name="SelectingWordFile" classname="tests.ElementsTests" time="1.182">
    <system-out><![CDATA[2025-09-19 12:17:44 [main] INFO  demoqaBase - Closing browser for test: SelectingDownloads
2025-09-19 12:17:44 [main] WARN  PauseManager - ⏸ Pausing for 5 minutes after 40 tests...
2025-09-19 12:17:44 [main] INFO  PauseManager - ▶ Resuming in 5 minutes...
2025-09-19 12:18:45 [main] INFO  PauseManager - ▶ Resuming in 4 minutes...
2025-09-19 12:19:45 [main] INFO  PauseManager - ▶ Resuming in 3 minutes...
2025-09-19 12:20:46 [main] INFO  PauseManager - ▶ Resuming in 2 minutes...
2025-09-19 12:21:46 [main] INFO  PauseManager - ▶ Resuming in 1 minutes...
2025-09-19 12:22:37 [main] INFO  PauseManager - ▶ Resuming in 10 seconds...
2025-09-19 12:22:38 [main] INFO  PauseManager - ▶ Resuming in 9 seconds...
2025-09-19 12:22:39 [main] INFO  PauseManager - ▶ Resuming in 8 seconds...
2025-09-19 12:22:40 [main] INFO  PauseManager - ▶ Resuming in 7 seconds...
2025-09-19 12:22:41 [main] INFO  PauseManager - ▶ Resuming in 6 seconds...
2025-09-19 12:22:42 [main] INFO  PauseManager - ▶ Resuming in 5 seconds...
2025-09-19 12:22:43 [main] INFO  PauseManager - ▶ Resuming in 4 seconds...
2025-09-19 12:22:44 [main] INFO  PauseManager - ▶ Resuming in 3 seconds...
2025-09-19 12:22:45 [main] INFO  PauseManager - ▶ Resuming in 2 seconds...
2025-09-19 12:22:46 [main] INFO  PauseManager - ▶ Resuming in 1 seconds...
2025-09-19 12:22:47 [main] INFO  PauseManager - ✅ Pause complete. Resuming tests...
2025-09-19 12:22:47 [main] INFO  DriverFactory - 🌐 Starting Chrome Web Browser...
2025-09-19 12:22:47 [main] INFO  DriverFactory - ✅ Created temporary Chrome profile at C:\Users\dell\AppData\Local\Temp\chrome-profile-14540189377437821163
2025-09-19 12:22:48 [main] INFO  DriverFactory - 🚀 WebDriver started successfully
2025-09-19 12:22:48 [main] INFO  RetryUrlAccess - 🌐 Navigating to URL (attempt 1): https://demoqa.com
2025-09-19 12:22:52 [main] INFO  RetryUrlAccess - ✅ Navigation successful on attempt 1
2025-09-19 12:22:52 [main] INFO  demoqaBase - 🧪 Starting Test Elements|Home|Selecting Downloads|Word File Check Box Test...
Instance Variables Declared are: nullnull
2025-09-19 12:22:52 [main] INFO  demoqaBase - Accessing Elements Card...
2025-09-19 12:22:52 [main] INFO  demoqaLog - Clicking on Elements Card...
🔹 Trying JS click by locator (attempt 1)
2025-09-19 12:22:52 [main] INFO  demoqaLog - 🔹 Trying JS click by locator (attempt 1)
🔹 Attempting JS click...
2025-09-19 12:22:52 [main] INFO  demoqaLog - 🔹 Attempting JS click...
⚡ Falling back to native click by locator (attempt 1)
2025-09-19 12:22:53 [main] INFO  demoqaLog - ⚡ Falling back to native click by locator (attempt 1)
2025-09-19 12:22:53 [main] INFO  demoqaLog - Clicked on Elements Card...
Title of this Page is: DEMOQA
You are Accessing: Elements
 
Elements: Please select an item from left to start practice.
2025-09-19 12:22:53 [main] INFO  demoqaBase - Elements: Please select an item from left to start practice.
2025-09-19 12:22:53 [main] INFO  demoqaBase - Accessing Check Box...
🔹 Trying JS click on WebElement (attempt 1)
2025-09-19 12:22:53 [main] INFO  demoqaLog - 🔹 Trying JS click on WebElement (attempt 1)
🔹 Attempting JS click...
2025-09-19 12:22:53 [main] INFO  demoqaLog - 🔹 Attempting JS click...
Check Box
2025-09-19 12:22:53 [main] INFO  demoqaBase - You are accessing: Check Box
2025-09-19 12:22:53 [main] INFO  demoqaLog - ⏳ Waiting for page to fully load (timeout: 30s)
2025-09-19 12:22:53 [main] INFO  demoqaLog - ✅ Page load completed.
2025-09-19 12:22:53 [main] INFO  demoqaBase - Clicking on Home Toggle Button...
🔹 Trying JS click on WebElement (attempt 1)
2025-09-19 12:22:53 [main] INFO  demoqaLog - 🔹 Trying JS click on WebElement (attempt 1)
🔹 Attempting JS click...
2025-09-19 12:22:53 [main] INFO  demoqaLog - 🔹 Attempting JS click...
2025-09-19 12:22:53 [main] INFO  demoqaBase - Clicking Downloads Toggle Button...
🔹 Trying JS click on WebElement (attempt 1)
2025-09-19 12:22:53 [main] INFO  demoqaLog - 🔹 Trying JS click on WebElement (attempt 1)
🔹 Attempting JS click...
2025-09-19 12:22:53 [main] INFO  demoqaLog - 🔹 Attempting JS click...
2025-09-19 12:22:53 [main] INFO  demoqaBase - Clicked Downloads Toggle Button...
2025-09-19 12:22:53 [main] INFO  demoqaBase - Selecting Downloads | Word File Check Box...
🔹 Trying JS click on WebElement (attempt 1)
2025-09-19 12:22:53 [main] INFO  demoqaLog - 🔹 Trying JS click on WebElement (attempt 1)
🔹 Attempting JS click...
2025-09-19 12:22:53 [main] INFO  demoqaLog - 🔹 Attempting JS click...
2025-09-19 12:22:54 [main] INFO  demoqaBase - Selected Downloads | Word File Check Box...
Information Submitted is: You have selected :
wordFile
2025-09-19 12:22:54 [main] INFO  demoqaBase - You have Selected: You have selected :
wordFile
2025-09-19 12:22:54 [main] INFO  demoqaBase - ✅ Test Elements|Home|Selecting Downloads|Word File Check Box Completed...
]]></system-out>
  </testcase>
  <testcase name="SelectingExcelFile" classname="tests.ElementsTests" time="1.065">
    <system-out><![CDATA[2025-09-19 12:22:54 [main] INFO  demoqaBase - Closing browser for test: SelectingWordFile
2025-09-19 12:22:54 [main] INFO  DriverFactory - 🌐 Starting Chrome Web Browser...
2025-09-19 12:22:54 [main] INFO  DriverFactory - ✅ Created temporary Chrome profile at C:\Users\dell\AppData\Local\Temp\chrome-profile-2062219756066945091
2025-09-19 12:22:55 [main] INFO  DriverFactory - 🚀 WebDriver started successfully
2025-09-19 12:22:55 [main] INFO  RetryUrlAccess - 🌐 Navigating to URL (attempt 1): https://demoqa.com
2025-09-19 12:23:09 [main] INFO  RetryUrlAccess - ✅ Navigation successful on attempt 1
2025-09-19 12:23:09 [main] INFO  demoqaBase - 🧪 Starting Test Elements|Home|Selecting Downloads|Excel File Check Box Test...
Instance Variables Declared are: nullnull
2025-09-19 12:23:09 [main] INFO  demoqaBase - Accessing Elements Card...
2025-09-19 12:23:09 [main] INFO  demoqaLog - Clicking on Elements Card...
🔹 Trying JS click by locator (attempt 1)
2025-09-19 12:23:09 [main] INFO  demoqaLog - 🔹 Trying JS click by locator (attempt 1)
🔹 Attempting JS click...
2025-09-19 12:23:09 [main] INFO  demoqaLog - 🔹 Attempting JS click...
⚡ Falling back to native click by locator (attempt 1)
2025-09-19 12:23:10 [main] INFO  demoqaLog - ⚡ Falling back to native click by locator (attempt 1)
2025-09-19 12:23:10 [main] INFO  demoqaLog - Clicked on Elements Card...
Title of this Page is: DEMOQA
You are Accessing: Elements
 
Elements: Please select an item from left to start practice.
2025-09-19 12:23:10 [main] INFO  demoqaBase - Elements: Please select an item from left to start practice.
2025-09-19 12:23:10 [main] INFO  demoqaBase - Accessing Check Box...
🔹 Trying JS click on WebElement (attempt 1)
2025-09-19 12:23:10 [main] INFO  demoqaLog - 🔹 Trying JS click on WebElement (attempt 1)
🔹 Attempting JS click...
2025-09-19 12:23:10 [main] INFO  demoqaLog - 🔹 Attempting JS click...
Check Box
2025-09-19 12:23:10 [main] INFO  demoqaBase - You are accessing: Check Box
2025-09-19 12:23:10 [main] INFO  demoqaLog - ⏳ Waiting for page to fully load (timeout: 30s)
2025-09-19 12:23:10 [main] INFO  demoqaLog - ✅ Page load completed.
2025-09-19 12:23:10 [main] INFO  demoqaBase - Clicking on Home Toggle Button...
🔹 Trying JS click on WebElement (attempt 1)
2025-09-19 12:23:10 [main] INFO  demoqaLog - 🔹 Trying JS click on WebElement (attempt 1)
🔹 Attempting JS click...
2025-09-19 12:23:10 [main] INFO  demoqaLog - 🔹 Attempting JS click...
2025-09-19 12:23:10 [main] INFO  demoqaBase - Clicking Downloads Toggle Button...
🔹 Trying JS click on WebElement (attempt 1)
2025-09-19 12:23:10 [main] INFO  demoqaLog - 🔹 Trying JS click on WebElement (attempt 1)
🔹 Attempting JS click...
2025-09-19 12:23:10 [main] INFO  demoqaLog - 🔹 Attempting JS click...
2025-09-19 12:23:10 [main] INFO  demoqaBase - Clicked Downloads Toggle Button...
2025-09-19 12:23:10 [main] INFO  demoqaBase - Selecting Downloads | Excel File Check Box...
🔹 Trying JS click on WebElement (attempt 1)
2025-09-19 12:23:10 [main] INFO  demoqaLog - 🔹 Trying JS click on WebElement (attempt 1)
🔹 Attempting JS click...
2025-09-19 12:23:10 [main] INFO  demoqaLog - 🔹 Attempting JS click...
2025-09-19 12:23:10 [main] INFO  demoqaBase - Selected Downloads | Excel File Check Box...
Information Submitted is: You have selected :
excelFile
2025-09-19 12:23:11 [main] INFO  demoqaBase - You have Selected: You have selected :
excelFile
2025-09-19 12:23:11 [main] INFO  demoqaBase - ✅ Test Elements|Home|Selecting Downloads|Excel File Check Box Completed...
]]></system-out>
  </testcase>
  <testcase name="SelectingAllFiles" classname="tests.ElementsTests" time="1.351">
    <system-out><![CDATA[2025-09-19 12:23:11 [main] INFO  demoqaBase - Closing browser for test: SelectingExcelFile
2025-09-19 12:23:11 [main] INFO  DriverFactory - 🌐 Starting Chrome Web Browser...
2025-09-19 12:23:11 [main] INFO  DriverFactory - ✅ Created temporary Chrome profile at C:\Users\dell\AppData\Local\Temp\chrome-profile-8526237647420626348
2025-09-19 12:23:12 [main] INFO  DriverFactory - 🚀 WebDriver started successfully
2025-09-19 12:23:12 [main] INFO  RetryUrlAccess - 🌐 Navigating to URL (attempt 1): https://demoqa.com
2025-09-19 12:23:25 [main] INFO  RetryUrlAccess - ✅ Navigation successful on attempt 1
2025-09-19 12:23:25 [main] INFO  demoqaBase - 🧪 Starting Test Elements|Home|Selecting Downloads|Word & Excel File Check Boxes Test...
Instance Variables Declared are: nullnull
2025-09-19 12:23:25 [main] INFO  demoqaBase - Accessing Elements Card...
2025-09-19 12:23:25 [main] INFO  demoqaLog - Clicking on Elements Card...
🔹 Trying JS click by locator (attempt 1)
2025-09-19 12:23:25 [main] INFO  demoqaLog - 🔹 Trying JS click by locator (attempt 1)
🔹 Attempting JS click...
2025-09-19 12:23:25 [main] INFO  demoqaLog - 🔹 Attempting JS click...
⚡ Falling back to native click by locator (attempt 1)
2025-09-19 12:23:25 [main] INFO  demoqaLog - ⚡ Falling back to native click by locator (attempt 1)
2025-09-19 12:23:25 [main] INFO  demoqaLog - Clicked on Elements Card...
Title of this Page is: DEMOQA
You are Accessing: Elements
 
Elements: Please select an item from left to start practice.
2025-09-19 12:23:25 [main] INFO  demoqaBase - Elements: Please select an item from left to start practice.
2025-09-19 12:23:25 [main] INFO  demoqaBase - Accessing Check Box...
🔹 Trying JS click on WebElement (attempt 1)
2025-09-19 12:23:25 [main] INFO  demoqaLog - 🔹 Trying JS click on WebElement (attempt 1)
🔹 Attempting JS click...
2025-09-19 12:23:25 [main] INFO  demoqaLog - 🔹 Attempting JS click...
Check Box
2025-09-19 12:23:25 [main] INFO  demoqaBase - You are accessing: Check Box
2025-09-19 12:23:25 [main] INFO  demoqaLog - ⏳ Waiting for page to fully load (timeout: 30s)
2025-09-19 12:23:25 [main] INFO  demoqaLog - ✅ Page load completed.
2025-09-19 12:23:25 [main] INFO  demoqaBase - Clicking on Home Toggle Button...
🔹 Trying JS click on WebElement (attempt 1)
2025-09-19 12:23:25 [main] INFO  demoqaLog - 🔹 Trying JS click on WebElement (attempt 1)
🔹 Attempting JS click...
2025-09-19 12:23:25 [main] INFO  demoqaLog - 🔹 Attempting JS click...
2025-09-19 12:23:26 [main] INFO  demoqaBase - Clicking Downloads Toggle Button...
🔹 Trying JS click on WebElement (attempt 1)
2025-09-19 12:23:26 [main] INFO  demoqaLog - 🔹 Trying JS click on WebElement (attempt 1)
🔹 Attempting JS click...
2025-09-19 12:23:26 [main] INFO  demoqaLog - 🔹 Attempting JS click...
2025-09-19 12:23:26 [main] INFO  demoqaBase - Clicked Downloads Toggle Button...
2025-09-19 12:23:26 [main] INFO  demoqaBase - Selecting Downloads | Word File Check Box...
🔹 Trying JS click on WebElement (attempt 1)
2025-09-19 12:23:26 [main] INFO  demoqaLog - 🔹 Trying JS click on WebElement (attempt 1)
🔹 Attempting JS click...
2025-09-19 12:23:26 [main] INFO  demoqaLog - 🔹 Attempting JS click...
2025-09-19 12:23:26 [main] INFO  demoqaBase - Selected Downloads | Word File Check Box...
2025-09-19 12:23:26 [main] INFO  demoqaBase - Selecting Downloads | Excel File Check Box...
🔹 Trying JS click on WebElement (attempt 1)
2025-09-19 12:23:26 [main] INFO  demoqaLog - 🔹 Trying JS click on WebElement (attempt 1)
🔹 Attempting JS click...
2025-09-19 12:23:26 [main] INFO  demoqaLog - 🔹 Attempting JS click...
2025-09-19 12:23:26 [main] INFO  demoqaBase - Selected Downloads | Excel File Check Box...
Information Submitted is: You have selected :
downloads
wordFile
excelFile
2025-09-19 12:23:26 [main] INFO  demoqaBase - You have Selected: You have selected :
downloads
wordFile
excelFile
2025-09-19 12:23:26 [main] INFO  demoqaBase - ✅ Test Elements|Home|Selecting Downloads|Word & Excel File Check Boxes Completed...
]]></system-out>
  </testcase>
  <testcase name="clickRadioButton" classname="tests.ElementsTests" time="0.609">
    <system-out><![CDATA[2025-09-19 12:23:26 [main] INFO  demoqaBase - Closing browser for test: SelectingAllFiles
2025-09-19 12:23:27 [main] INFO  DriverFactory - 🌐 Starting Chrome Web Browser...
2025-09-19 12:23:27 [main] INFO  DriverFactory - ✅ Created temporary Chrome profile at C:\Users\dell\AppData\Local\Temp\chrome-profile-8550673005088775361
2025-09-19 12:23:27 [main] INFO  DriverFactory - 🚀 WebDriver started successfully
2025-09-19 12:23:27 [main] INFO  RetryUrlAccess - 🌐 Navigating to URL (attempt 1): https://demoqa.com
2025-09-19 12:23:52 [main] INFO  RetryUrlAccess - ✅ Navigation successful on attempt 1
2025-09-19 12:23:52 [main] INFO  demoqaBase - 🧪 Starting Test Elements|Radio Button Test...
Instance Variables Declared are: nullnull
2025-09-19 12:23:52 [main] INFO  demoqaBase - Accessing Elements Card...
2025-09-19 12:23:52 [main] INFO  demoqaLog - Clicking on Elements Card...
🔹 Trying JS click by locator (attempt 1)
2025-09-19 12:23:52 [main] INFO  demoqaLog - 🔹 Trying JS click by locator (attempt 1)
🔹 Attempting JS click...
2025-09-19 12:23:52 [main] INFO  demoqaLog - 🔹 Attempting JS click...
⚡ Falling back to native click by locator (attempt 1)
2025-09-19 12:23:52 [main] INFO  demoqaLog - ⚡ Falling back to native click by locator (attempt 1)
2025-09-19 12:23:52 [main] INFO  demoqaLog - Clicked on Elements Card...
Title of this Page is: DEMOQA
You are Accessing: Elements
 
Elements: Please select an item from left to start practice.
2025-09-19 12:23:52 [main] INFO  demoqaBase - Elements: Please select an item from left to start practice.
2025-09-19 12:23:52 [main] INFO  demoqaBase - Clicking on Radio Button...
🔹 Trying JS click on WebElement (attempt 1)
2025-09-19 12:23:52 [main] INFO  demoqaLog - 🔹 Trying JS click on WebElement (attempt 1)
🔹 Attempting JS click...
2025-09-19 12:23:52 [main] INFO  demoqaLog - 🔹 Attempting JS click...
2025-09-19 12:23:53 [main] INFO  demoqaBase - Clicked on Radio Button...
2025-09-19 12:23:53 [main] INFO  demoqaBase - Validating Radio Button Click...
Page Title is: Radio Button
2025-09-19 12:23:53 [main] INFO  demoqaBase - ✅ Test Elements|Radio Button Completed...
]]></system-out>
  </testcase>
  <testcase name="SelectYesRadioButton" classname="tests.ElementsTests" time="0.983">
    <system-out><![CDATA[2025-09-19 12:23:53 [main] INFO  demoqaBase - Closing browser for test: clickRadioButton
2025-09-19 12:23:53 [main] INFO  DriverFactory - 🌐 Starting Chrome Web Browser...
2025-09-19 12:23:53 [main] INFO  DriverFactory - ✅ Created temporary Chrome profile at C:\Users\dell\AppData\Local\Temp\chrome-profile-16874389043248696550
2025-09-19 12:23:54 [main] INFO  DriverFactory - 🚀 WebDriver started successfully
2025-09-19 12:23:54 [main] INFO  RetryUrlAccess - 🌐 Navigating to URL (attempt 1): https://demoqa.com
2025-09-19 12:24:13 [main] INFO  RetryUrlAccess - ✅ Navigation successful on attempt 1
2025-09-19 12:24:13 [main] INFO  demoqaBase - 🧪 Starting Test Elements|Yes Radio Button Test...
Instance Variables Declared are: nullnull
2025-09-19 12:24:13 [main] INFO  demoqaBase - Accessing Elements Card...
2025-09-19 12:24:13 [main] INFO  demoqaLog - Clicking on Elements Card...
🔹 Trying JS click by locator (attempt 1)
2025-09-19 12:24:13 [main] INFO  demoqaLog - 🔹 Trying JS click by locator (attempt 1)
🔹 Attempting JS click...
2025-09-19 12:24:13 [main] INFO  demoqaLog - 🔹 Attempting JS click...
⚡ Falling back to native click by locator (attempt 1)
2025-09-19 12:24:13 [main] INFO  demoqaLog - ⚡ Falling back to native click by locator (attempt 1)
2025-09-19 12:24:13 [main] INFO  demoqaLog - Clicked on Elements Card...
Title of this Page is: DEMOQA
You are Accessing: Elements
 
Elements: Please select an item from left to start practice.
2025-09-19 12:24:13 [main] INFO  demoqaBase - Elements: Please select an item from left to start practice.
2025-09-19 12:24:13 [main] INFO  demoqaBase - Clicking on Radio Button...
🔹 Trying JS click on WebElement (attempt 1)
2025-09-19 12:24:13 [main] INFO  demoqaLog - 🔹 Trying JS click on WebElement (attempt 1)
🔹 Attempting JS click...
2025-09-19 12:24:13 [main] INFO  demoqaLog - 🔹 Attempting JS click...
2025-09-19 12:24:14 [main] INFO  demoqaBase - Clicked on Radio Button...
2025-09-19 12:24:14 [main] INFO  demoqaBase - Selecting on Yes Radio Button...
Declared WebDriverWait: org.openqa.selenium.support.ui.WebDriverWait@1b3b650c
🔹 Trying JS click on WebElement (attempt 1)
2025-09-19 12:24:14 [main] INFO  demoqaLog - 🔹 Trying JS click on WebElement (attempt 1)
🔹 Attempting JS click...
2025-09-19 12:24:14 [main] INFO  demoqaLog - 🔹 Attempting JS click...
2025-09-19 12:24:14 [main] INFO  demoqaBase - Your Selection of Radio Button Name is: Yes
2025-09-19 12:24:14 [main] INFO  demoqaBase - Validating Radio Selection Test Result...
2025-09-19 12:24:14 [main] INFO  demoqaBase - You have selected: Yes
2025-09-19 12:24:14 [main] INFO  demoqaBase - Test Case of Radio Button Selection PASSED...
2025-09-19 12:24:14 [main] INFO  demoqaBase - ✅ Test Elements|Yes Radio Button Completed...
]]></system-out>
  </testcase>
  <testcase name="SelectImpressiveRadioButton" classname="tests.ElementsTests" time="0.922">
    <system-out><![CDATA[2025-09-19 12:24:14 [main] INFO  demoqaBase - Closing browser for test: SelectYesRadioButton
2025-09-19 12:24:15 [main] INFO  DriverFactory - 🌐 Starting Chrome Web Browser...
2025-09-19 12:24:15 [main] INFO  DriverFactory - ✅ Created temporary Chrome profile at C:\Users\dell\AppData\Local\Temp\chrome-profile-17616677639366565690
2025-09-19 12:24:16 [main] INFO  DriverFactory - 🚀 WebDriver started successfully
2025-09-19 12:24:16 [main] INFO  RetryUrlAccess - 🌐 Navigating to URL (attempt 1): https://demoqa.com
2025-09-19 12:24:51 [main] INFO  RetryUrlAccess - ✅ Navigation successful on attempt 1
2025-09-19 12:24:51 [main] INFO  demoqaBase - 🧪 Starting Test Elements|Yes Radio Button Test...
Instance Variables Declared are: nullnull
2025-09-19 12:24:51 [main] INFO  demoqaBase - Accessing Elements Card...
2025-09-19 12:24:51 [main] INFO  demoqaLog - Clicking on Elements Card...
🔹 Trying JS click by locator (attempt 1)
2025-09-19 12:24:51 [main] INFO  demoqaLog - 🔹 Trying JS click by locator (attempt 1)
🔹 Attempting JS click...
2025-09-19 12:24:51 [main] INFO  demoqaLog - 🔹 Attempting JS click...
⚡ Falling back to native click by locator (attempt 1)
2025-09-19 12:24:51 [main] INFO  demoqaLog - ⚡ Falling back to native click by locator (attempt 1)
2025-09-19 12:24:51 [main] INFO  demoqaLog - Clicked on Elements Card...
Title of this Page is: DEMOQA
You are Accessing: Elements
 
Elements: Please select an item from left to start practice.
2025-09-19 12:24:52 [main] INFO  demoqaBase - Elements: Please select an item from left to start practice.
2025-09-19 12:24:52 [main] INFO  demoqaBase - Clicking on Radio Button...
🔹 Trying JS click on WebElement (attempt 1)
2025-09-19 12:24:52 [main] INFO  demoqaLog - 🔹 Trying JS click on WebElement (attempt 1)
🔹 Attempting JS click...
2025-09-19 12:24:52 [main] INFO  demoqaLog - 🔹 Attempting JS click...
2025-09-19 12:24:52 [main] INFO  demoqaBase - Clicked on Radio Button...
2025-09-19 12:24:52 [main] INFO  demoqaBase - Selecting on Impressive Radio Button...
🔹 Trying JS click on WebElement (attempt 1)
2025-09-19 12:24:52 [main] INFO  demoqaLog - 🔹 Trying JS click on WebElement (attempt 1)
🔹 Attempting JS click...
2025-09-19 12:24:52 [main] INFO  demoqaLog - 🔹 Attempting JS click...
2025-09-19 12:24:52 [main] INFO  demoqaBase - Your Selection of Radio Button Name is: Impressive
2025-09-19 12:24:52 [main] INFO  demoqaBase - Validating Radio Selection Test Result...
2025-09-19 12:24:52 [main] INFO  demoqaBase - You have selected: Impressive
2025-09-19 12:24:52 [main] INFO  demoqaBase - Test Case of Radio Button Selection PASSED...
2025-09-19 12:24:52 [main] INFO  demoqaBase - ✅ Test Elements|Radio Button|Impressive Completed...
]]></system-out>
  </testcase>
  <testcase name="WebTablesClick" classname="tests.ElementsTests" time="0.569">
    <system-out><![CDATA[2025-09-19 12:24:52 [main] INFO  demoqaBase - Closing browser for test: SelectImpressiveRadioButton
2025-09-19 12:24:52 [main] INFO  DriverFactory - 🌐 Starting Chrome Web Browser...
2025-09-19 12:24:52 [main] INFO  DriverFactory - ✅ Created temporary Chrome profile at C:\Users\dell\AppData\Local\Temp\chrome-profile-7846349181252212552
2025-09-19 12:24:53 [main] INFO  DriverFactory - 🚀 WebDriver started successfully
2025-09-19 12:24:53 [main] INFO  RetryUrlAccess - 🌐 Navigating to URL (attempt 1): https://demoqa.com
2025-09-19 12:24:58 [main] INFO  RetryUrlAccess - ✅ Navigation successful on attempt 1
2025-09-19 12:24:58 [main] INFO  demoqaBase - 🧪 Starting Test Elements|Web Tables Test...
Instance Variables Declared are: nullnull
2025-09-19 12:24:58 [main] INFO  demoqaBase - Accessing Elements Card...
2025-09-19 12:24:58 [main] INFO  demoqaLog - Clicking on Elements Card...
🔹 Trying JS click by locator (attempt 1)
2025-09-19 12:24:59 [main] INFO  demoqaLog - 🔹 Trying JS click by locator (attempt 1)
🔹 Attempting JS click...
2025-09-19 12:24:59 [main] INFO  demoqaLog - 🔹 Attempting JS click...
⚡ Falling back to native click by locator (attempt 1)
2025-09-19 12:24:59 [main] INFO  demoqaLog - ⚡ Falling back to native click by locator (attempt 1)
2025-09-19 12:24:59 [main] INFO  demoqaLog - Clicked on Elements Card...
Title of this Page is: DEMOQA
You are Accessing: Elements
 
Elements: Please select an item from left to start practice.
2025-09-19 12:24:59 [main] INFO  demoqaBase - Elements: Please select an item from left to start practice.
2025-09-19 12:24:59 [main] INFO  demoqaBase - Click on Elements|Web Tables...
2025-09-19 12:24:59 [main] INFO  demoqaBase - ✅ Test Elements|Web Tables Completed...
]]></system-out>
  </testcase>
  <testcase name="webTableNewRegistration[WebTableUser{firstName=&apos;Johny&apos;, lastName=&apos;Bravo&apos;, email=&apos;Jbravo@demoqa.com&apos;, salary=280000, age=340, department=&apos;Information Technology&apos;}](1)" classname="tests.ElementsTests" time="2.475">
    <system-out><![CDATA[2025-09-19 12:24:59 [main] INFO  demoqaBase - Closing browser for test: WebTablesClick
🧾 Row 1: {Salary=28000.0, Email=Jbravo@demoqa.com, DOBTime=6:45:00 am, Address=511 Grant 481, Prattsville\n Arkansas 72129\n United States, First Name=Johny, Gender=Male, City=Delhi, Mobile=9.238343488E9, Hobbies=Sports,Music, Subject=Computer Science, Current Address=301 Town 481, Brookville\n kansas 42129\n United States, Department=Information Technology, DOB=15/08/2000, Picture=/TestData/Mphoto.jpg, State=NCR, Last Name=Bravo, Age=34.0}
🔍 Mapping field: firstName | Excel Column: First Name | Value: Johny
🔍 Mapping field: lastName | Excel Column: Last Name | Value: Bravo
🔍 Mapping field: email | Excel Column: Email | Value: Jbravo@demoqa.com
🔍 Mapping field: salary | Excel Column: Salary | Value: 28000.0
🔍 Mapping field: age | Excel Column: Age | Value: 34.0
🔍 Mapping field: department | Excel Column: Department | Value: Information Technology
🧾 Row 2: {Salary=18000.0, Email=GFemina@demoqa.com, DOBTime=4:30:00 pm, Address=512 Grant 481, Prattsville\n Arkansas 72129\n United States, First Name=Gene, Gender=Female, City=Merrut, Mobile=1.888343432E9, Hobbies=Music,Reading, Subject=Accounting, Current Address=302 Town 481, Brookville\n kansas 42129\n United States, Department=Finance, DOB=22/05/2002, Picture=/TestData/Fphoto.png, State=Uttar Pradesh, Last Name=Femina, Age=30.0}
🔍 Mapping field: firstName | Excel Column: First Name | Value: Gene
🔍 Mapping field: lastName | Excel Column: Last Name | Value: Femina
🔍 Mapping field: email | Excel Column: Email | Value: GFemina@demoqa.com
🔍 Mapping field: salary | Excel Column: Salary | Value: 18000.0
🔍 Mapping field: age | Excel Column: Age | Value: 30.0
🔍 Mapping field: department | Excel Column: Department | Value: Finance
🧾 Row 3: {Salary=15000.0, Email=BWisem@demoqa.com, DOBTime=8:45:00 pm, Address=513 Grant 481, Prattsville\n Arkansas 72129\n United States, First Name=Bud, Gender=Other, City=Panipat, Mobile=8.932465432E9, Hobbies=Reading, Subject=Biology, Current Address=303 Town 481, Brookville\n kansas 42129\n United States, Department=Medicine, DOB=31/12/1999, Picture=/TestData/Ophoto.jpg, State=Haryana, Last Name=Wisem, Age=40.0}
🔍 Mapping field: firstName | Excel Column: First Name | Value: Bud
🔍 Mapping field: lastName | Excel Column: Last Name | Value: Wisem
🔍 Mapping field: email | Excel Column: Email | Value: BWisem@demoqa.com
🔍 Mapping field: salary | Excel Column: Salary | Value: 15000.0
🔍 Mapping field: age | Excel Column: Age | Value: 40.0
🔍 Mapping field: department | Excel Column: Department | Value: Medicine
🧾 Row 4: {Salary=19000.0, Email=TBoss@demoqa.com, DOBTime=5:45:00 am, Address=514 Grant 481, Prattsville\n Arkansas 72129\n United States, First Name=Tom, Gender=Male, City=Jaiselmer, Mobile=7.839875281E9, Hobbies=Sports,Reading, Subject=Social Studies, Current Address=304 Town 481, Brookville\n kansas 42129\n United States, Department=Recreation, DOB=1/26/03, Picture=/TestData/M2photo.jpg, State=Rajasthan, Last Name=Boss, Age=42.0}
🔍 Mapping field: firstName | Excel Column: First Name | Value: Tom
🔍 Mapping field: lastName | Excel Column: Last Name | Value: Boss
🔍 Mapping field: email | Excel Column: Email | Value: TBoss@demoqa.com
🔍 Mapping field: salary | Excel Column: Salary | Value: 19000.0
🔍 Mapping field: age | Excel Column: Age | Value: 42.0
🔍 Mapping field: department | Excel Column: Department | Value: Recreation
2025-09-19 12:25:00 [main] INFO  DriverFactory - 🌐 Starting Chrome Web Browser...
2025-09-19 12:25:00 [main] INFO  DriverFactory - ✅ Created temporary Chrome profile at C:\Users\dell\AppData\Local\Temp\chrome-profile-5065461041364607351
2025-09-19 12:25:01 [main] INFO  DriverFactory - 🚀 WebDriver started successfully
2025-09-19 12:25:01 [main] INFO  RetryUrlAccess - 🌐 Navigating to URL (attempt 1): https://demoqa.com
2025-09-19 12:25:14 [main] INFO  RetryUrlAccess - ✅ Navigation successful on attempt 1
2025-09-19 12:25:14 [main] INFO  demoqaBase - 🧪 Starting Test Elements|Web Tables|Registration Form Create User...
Instance Variables Declared are: nullnull
2025-09-19 12:25:14 [main] INFO  demoqaBase - Accessing Elements Card...
2025-09-19 12:25:14 [main] INFO  demoqaLog - Clicking on Elements Card...
🔹 Trying JS click by locator (attempt 1)
2025-09-19 12:25:14 [main] INFO  demoqaLog - 🔹 Trying JS click by locator (attempt 1)
🔹 Attempting JS click...
2025-09-19 12:25:14 [main] INFO  demoqaLog - 🔹 Attempting JS click...
⚡ Falling back to native click by locator (attempt 1)
2025-09-19 12:25:14 [main] INFO  demoqaLog - ⚡ Falling back to native click by locator (attempt 1)
2025-09-19 12:25:14 [main] INFO  demoqaLog - Clicked on Elements Card...
Title of this Page is: DEMOQA
You are Accessing: Elements
 
Elements: Please select an item from left to start practice.
2025-09-19 12:25:14 [main] INFO  demoqaBase - Elements: Please select an item from left to start practice.
2025-09-19 12:25:14 [main] INFO  demoqaBase - Click on Elements|Web Tables...
2025-09-19 12:25:14 [main] INFO  demoqaLog - ⏳ Waiting for page to fully load (timeout: 30s)
2025-09-19 12:25:14 [main] INFO  demoqaLog - ✅ Page load completed.
2025-09-19 12:25:14 [main] INFO  demoqaBase - Click on Elements|Web Tables|Registration Form...
🔹 Trying JS click on WebElement (attempt 1)
2025-09-19 12:25:14 [main] INFO  demoqaLog - 🔹 Trying JS click on WebElement (attempt 1)
🔹 Attempting JS click...
2025-09-19 12:25:14 [main] INFO  demoqaLog - 🔹 Attempting JS click...
2025-09-19 12:25:14 [main] ERROR demoqaBase - Registering User: Johny
2025-09-19 12:25:14 [main] INFO  demoqaBase - Click on Elements|Web Tables|Registration Form|FirstName...
2025-09-19 12:25:15 [main] INFO  demoqaBase - First Name entered is: Johny
2025-09-19 12:25:15 [main] INFO  demoqaBase - Click on Elements|Web Tables|Registration Form|LastName...
Last Name is: Bravo
2025-09-19 12:25:15 [main] INFO  demoqaBase - Last Name entered is: Bravo
2025-09-19 12:25:15 [main] INFO  demoqaBase - Click on Elements|Web Tables|Registration Form|Email...
Email ID is: Jbravo@demoqa.com
2025-09-19 12:25:15 [main] INFO  demoqaBase - Email entered is: Jbravo@demoqa.com
2025-09-19 12:25:15 [main] INFO  demoqaBase - Click on Elements|Web Tables|Registration Form|Age...
2025-09-19 12:25:16 [main] INFO  demoqaBase - Age entered is: 34
2025-09-19 12:25:16 [main] INFO  demoqaBase - Click on Elements|Web Tables|Registration Form|Salary...
2025-09-19 12:25:16 [main] INFO  demoqaBase - Salary entered is: 280000
2025-09-19 12:25:16 [main] INFO  demoqaBase - Click on Elements|Web Tables|Registration Form|Department...
2025-09-19 12:25:16 [main] INFO  demoqaBase - Department entered is: Information Technology
2025-09-19 12:25:16 [main] INFO  demoqaBase - Submitting Registration Form...
2025-09-19 12:25:16 [main] INFO  demoqaBase - Registration Form Submitted...
2025-09-19 12:25:16 [main] ERROR demoqaBase - Submitted to register user: Johny
2025-09-19 12:25:16 [main] INFO  demoqaBase - ✅ Test Elements|Web Tables|Registration Form Create User Completed...
]]></system-out>
  </testcase>
  <testcase name="webTableNewRegistration[WebTableUser{firstName=&apos;Gene&apos;, lastName=&apos;Femina&apos;, email=&apos;GFemina@demoqa.com&apos;, salary=180000, age=300, department=&apos;Finance&apos;}](2)" classname="tests.ElementsTests" time="2.537">
    <system-out><![CDATA[2025-09-19 12:25:16 [main] INFO  demoqaBase - Closing browser for test: webTableNewRegistration
2025-09-19 12:25:16 [main] INFO  DriverFactory - 🌐 Starting Chrome Web Browser...
2025-09-19 12:25:16 [main] INFO  DriverFactory - ✅ Created temporary Chrome profile at C:\Users\dell\AppData\Local\Temp\chrome-profile-3302024041804003109
2025-09-19 12:25:17 [main] INFO  DriverFactory - 🚀 WebDriver started successfully
2025-09-19 12:25:17 [main] INFO  RetryUrlAccess - 🌐 Navigating to URL (attempt 1): https://demoqa.com
2025-09-19 12:25:23 [main] INFO  RetryUrlAccess - ✅ Navigation successful on attempt 1
2025-09-19 12:25:23 [main] INFO  demoqaBase - 🧪 Starting Test Elements|Web Tables|Registration Form Create User...
Instance Variables Declared are: nullnull
2025-09-19 12:25:23 [main] INFO  demoqaBase - Accessing Elements Card...
2025-09-19 12:25:23 [main] INFO  demoqaLog - Clicking on Elements Card...
🔹 Trying JS click by locator (attempt 1)
2025-09-19 12:25:23 [main] INFO  demoqaLog - 🔹 Trying JS click by locator (attempt 1)
🔹 Attempting JS click...
2025-09-19 12:25:23 [main] INFO  demoqaLog - 🔹 Attempting JS click...
⚡ Falling back to native click by locator (attempt 1)
2025-09-19 12:25:23 [main] INFO  demoqaLog - ⚡ Falling back to native click by locator (attempt 1)
2025-09-19 12:25:23 [main] INFO  demoqaLog - Clicked on Elements Card...
Title of this Page is: DEMOQA
You are Accessing: Elements
 
Elements: Please select an item from left to start practice.
2025-09-19 12:25:23 [main] INFO  demoqaBase - Elements: Please select an item from left to start practice.
2025-09-19 12:25:23 [main] INFO  demoqaBase - Click on Elements|Web Tables...
2025-09-19 12:25:23 [main] INFO  demoqaLog - ⏳ Waiting for page to fully load (timeout: 30s)
2025-09-19 12:25:23 [main] INFO  demoqaLog - ✅ Page load completed.
2025-09-19 12:25:23 [main] INFO  demoqaBase - Click on Elements|Web Tables|Registration Form...
🔹 Trying JS click on WebElement (attempt 1)
2025-09-19 12:25:23 [main] INFO  demoqaLog - 🔹 Trying JS click on WebElement (attempt 1)
🔹 Attempting JS click...
2025-09-19 12:25:23 [main] INFO  demoqaLog - 🔹 Attempting JS click...
2025-09-19 12:25:24 [main] ERROR demoqaBase - Registering User: Gene
2025-09-19 12:25:24 [main] INFO  demoqaBase - Click on Elements|Web Tables|Registration Form|FirstName...
2025-09-19 12:25:24 [main] INFO  demoqaBase - First Name entered is: Gene
2025-09-19 12:25:24 [main] INFO  demoqaBase - Click on Elements|Web Tables|Registration Form|LastName...
Last Name is: Femina
2025-09-19 12:25:24 [main] INFO  demoqaBase - Last Name entered is: Femina
2025-09-19 12:25:24 [main] INFO  demoqaBase - Click on Elements|Web Tables|Registration Form|Email...
Email ID is: GFemina@demoqa.com
2025-09-19 12:25:24 [main] INFO  demoqaBase - Email entered is: GFemina@demoqa.com
2025-09-19 12:25:24 [main] INFO  demoqaBase - Click on Elements|Web Tables|Registration Form|Age...
2025-09-19 12:25:25 [main] INFO  demoqaBase - Age entered is: 30
2025-09-19 12:25:25 [main] INFO  demoqaBase - Click on Elements|Web Tables|Registration Form|Salary...
2025-09-19 12:25:25 [main] INFO  demoqaBase - Salary entered is: 180000
2025-09-19 12:25:25 [main] INFO  demoqaBase - Click on Elements|Web Tables|Registration Form|Department...
2025-09-19 12:25:25 [main] INFO  demoqaBase - Department entered is: Finance
2025-09-19 12:25:25 [main] INFO  demoqaBase - Submitting Registration Form...
2025-09-19 12:25:25 [main] INFO  demoqaBase - Registration Form Submitted...
2025-09-19 12:25:25 [main] ERROR demoqaBase - Submitted to register user: Gene
2025-09-19 12:25:25 [main] INFO  demoqaBase - ✅ Test Elements|Web Tables|Registration Form Create User Completed...
]]></system-out>
  </testcase>
  <testcase name="webTableNewRegistration[WebTableUser{firstName=&apos;Bud&apos;, lastName=&apos;Wisem&apos;, email=&apos;BWisem@demoqa.com&apos;, salary=150000, age=400, department=&apos;Medicine&apos;}](3)" classname="tests.ElementsTests" time="2.969">
    <system-out><![CDATA[2025-09-19 12:25:25 [main] INFO  demoqaBase - Closing browser for test: webTableNewRegistration
2025-09-19 12:25:26 [main] INFO  DriverFactory - 🌐 Starting Chrome Web Browser...
2025-09-19 12:25:26 [main] INFO  DriverFactory - ✅ Created temporary Chrome profile at C:\Users\dell\AppData\Local\Temp\chrome-profile-2768951736329376628
2025-09-19 12:25:27 [main] INFO  DriverFactory - 🚀 WebDriver started successfully
2025-09-19 12:25:27 [main] INFO  RetryUrlAccess - 🌐 Navigating to URL (attempt 1): https://demoqa.com
2025-09-19 12:25:59 [main] INFO  RetryUrlAccess - ✅ Navigation successful on attempt 1
2025-09-19 12:25:59 [main] INFO  demoqaBase - 🧪 Starting Test Elements|Web Tables|Registration Form Create User...
Instance Variables Declared are: nullnull
2025-09-19 12:25:59 [main] INFO  demoqaBase - Accessing Elements Card...
2025-09-19 12:25:59 [main] INFO  demoqaLog - Clicking on Elements Card...
🔹 Trying JS click by locator (attempt 1)
2025-09-19 12:25:59 [main] INFO  demoqaLog - 🔹 Trying JS click by locator (attempt 1)
🔹 Attempting JS click...
2025-09-19 12:25:59 [main] INFO  demoqaLog - 🔹 Attempting JS click...
⚡ Falling back to native click by locator (attempt 1)
2025-09-19 12:25:59 [main] INFO  demoqaLog - ⚡ Falling back to native click by locator (attempt 1)
2025-09-19 12:25:59 [main] INFO  demoqaLog - Clicked on Elements Card...
Title of this Page is: DEMOQA
You are Accessing: Elements
 
Elements: Please select an item from left to start practice.
2025-09-19 12:25:59 [main] INFO  demoqaBase - Elements: Please select an item from left to start practice.
2025-09-19 12:25:59 [main] INFO  demoqaBase - Click on Elements|Web Tables...
2025-09-19 12:25:59 [main] INFO  demoqaLog - ⏳ Waiting for page to fully load (timeout: 30s)
2025-09-19 12:25:59 [main] INFO  demoqaLog - ✅ Page load completed.
2025-09-19 12:25:59 [main] INFO  demoqaBase - Click on Elements|Web Tables|Registration Form...
🔹 Trying JS click on WebElement (attempt 1)
2025-09-19 12:25:59 [main] INFO  demoqaLog - 🔹 Trying JS click on WebElement (attempt 1)
🔹 Attempting JS click...
2025-09-19 12:25:59 [main] INFO  demoqaLog - 🔹 Attempting JS click...
2025-09-19 12:26:00 [main] ERROR demoqaBase - Registering User: Bud
2025-09-19 12:26:00 [main] INFO  demoqaBase - Click on Elements|Web Tables|Registration Form|FirstName...
2025-09-19 12:26:00 [main] INFO  demoqaBase - First Name entered is: Bud
2025-09-19 12:26:00 [main] INFO  demoqaBase - Click on Elements|Web Tables|Registration Form|LastName...
Last Name is: Wisem
2025-09-19 12:26:00 [main] INFO  demoqaBase - Last Name entered is: Wisem
2025-09-19 12:26:00 [main] INFO  demoqaBase - Click on Elements|Web Tables|Registration Form|Email...
Email ID is: BWisem@demoqa.com
2025-09-19 12:26:00 [main] INFO  demoqaBase - Email entered is: BWisem@demoqa.com
2025-09-19 12:26:00 [main] INFO  demoqaBase - Click on Elements|Web Tables|Registration Form|Age...
2025-09-19 12:26:01 [main] INFO  demoqaBase - Age entered is: 40
2025-09-19 12:26:01 [main] INFO  demoqaBase - Click on Elements|Web Tables|Registration Form|Salary...
2025-09-19 12:26:01 [main] INFO  demoqaBase - Salary entered is: 150000
2025-09-19 12:26:01 [main] INFO  demoqaBase - Click on Elements|Web Tables|Registration Form|Department...
2025-09-19 12:26:01 [main] INFO  demoqaBase - Department entered is: Medicine
2025-09-19 12:26:01 [main] INFO  demoqaBase - Submitting Registration Form...
2025-09-19 12:26:01 [main] INFO  demoqaBase - Registration Form Submitted...
2025-09-19 12:26:01 [main] ERROR demoqaBase - Submitted to register user: Bud
2025-09-19 12:26:02 [main] INFO  demoqaBase - ✅ Test Elements|Web Tables|Registration Form Create User Completed...
]]></system-out>
  </testcase>
  <testcase name="webTableNewRegistration[WebTableUser{firstName=&apos;Tom&apos;, lastName=&apos;Boss&apos;, email=&apos;TBoss@demoqa.com&apos;, salary=190000, age=420, department=&apos;Recreation&apos;}](4)" classname="tests.ElementsTests" time="2.463">
    <system-out><![CDATA[2025-09-19 12:26:02 [main] INFO  demoqaBase - Closing browser for test: webTableNewRegistration
2025-09-19 12:26:02 [main] INFO  DriverFactory - 🌐 Starting Chrome Web Browser...
2025-09-19 12:26:02 [main] INFO  DriverFactory - ✅ Created temporary Chrome profile at C:\Users\dell\AppData\Local\Temp\chrome-profile-8543961846135411403
2025-09-19 12:26:03 [main] INFO  DriverFactory - 🚀 WebDriver started successfully
2025-09-19 12:26:03 [main] INFO  RetryUrlAccess - 🌐 Navigating to URL (attempt 1): https://demoqa.com
2025-09-19 12:26:09 [main] INFO  RetryUrlAccess - ✅ Navigation successful on attempt 1
2025-09-19 12:26:09 [main] INFO  demoqaBase - 🧪 Starting Test Elements|Web Tables|Registration Form Create User...
Instance Variables Declared are: nullnull
2025-09-19 12:26:09 [main] INFO  demoqaBase - Accessing Elements Card...
2025-09-19 12:26:09 [main] INFO  demoqaLog - Clicking on Elements Card...
🔹 Trying JS click by locator (attempt 1)
2025-09-19 12:26:09 [main] INFO  demoqaLog - 🔹 Trying JS click by locator (attempt 1)
🔹 Attempting JS click...
2025-09-19 12:26:09 [main] INFO  demoqaLog - 🔹 Attempting JS click...
⚡ Falling back to native click by locator (attempt 1)
2025-09-19 12:26:09 [main] INFO  demoqaLog - ⚡ Falling back to native click by locator (attempt 1)
2025-09-19 12:26:09 [main] INFO  demoqaLog - Clicked on Elements Card...
Title of this Page is: DEMOQA
You are Accessing: Elements
 
Elements: Please select an item from left to start practice.
2025-09-19 12:26:09 [main] INFO  demoqaBase - Elements: Please select an item from left to start practice.
2025-09-19 12:26:09 [main] INFO  demoqaBase - Click on Elements|Web Tables...
2025-09-19 12:26:10 [main] INFO  demoqaLog - ⏳ Waiting for page to fully load (timeout: 30s)
2025-09-19 12:26:10 [main] INFO  demoqaLog - ✅ Page load completed.
2025-09-19 12:26:10 [main] INFO  demoqaBase - Click on Elements|Web Tables|Registration Form...
🔹 Trying JS click on WebElement (attempt 1)
2025-09-19 12:26:10 [main] INFO  demoqaLog - 🔹 Trying JS click on WebElement (attempt 1)
🔹 Attempting JS click...
2025-09-19 12:26:10 [main] INFO  demoqaLog - 🔹 Attempting JS click...
2025-09-19 12:26:10 [main] ERROR demoqaBase - Registering User: Tom
2025-09-19 12:26:10 [main] INFO  demoqaBase - Click on Elements|Web Tables|Registration Form|FirstName...
2025-09-19 12:26:10 [main] INFO  demoqaBase - First Name entered is: Tom
2025-09-19 12:26:10 [main] INFO  demoqaBase - Click on Elements|Web Tables|Registration Form|LastName...
Last Name is: Boss
2025-09-19 12:26:10 [main] INFO  demoqaBase - Last Name entered is: Boss
2025-09-19 12:26:10 [main] INFO  demoqaBase - Click on Elements|Web Tables|Registration Form|Email...
Email ID is: TBoss@demoqa.com
2025-09-19 12:26:11 [main] INFO  demoqaBase - Email entered is: TBoss@demoqa.com
2025-09-19 12:26:11 [main] INFO  demoqaBase - Click on Elements|Web Tables|Registration Form|Age...
2025-09-19 12:26:11 [main] INFO  demoqaBase - Age entered is: 42
2025-09-19 12:26:11 [main] INFO  demoqaBase - Click on Elements|Web Tables|Registration Form|Salary...
2025-09-19 12:26:11 [main] INFO  demoqaBase - Salary entered is: 190000
2025-09-19 12:26:11 [main] INFO  demoqaBase - Click on Elements|Web Tables|Registration Form|Department...
2025-09-19 12:26:11 [main] INFO  demoqaBase - Department entered is: Recreation
2025-09-19 12:26:11 [main] INFO  demoqaBase - Submitting Registration Form...
2025-09-19 12:26:11 [main] INFO  demoqaBase - Registration Form Submitted...
2025-09-19 12:26:11 [main] ERROR demoqaBase - Submitted to register user: Tom
2025-09-19 12:26:11 [main] INFO  demoqaBase - ✅ Test Elements|Web Tables|Registration Form Create User Completed...
]]></system-out>
  </testcase>
  <testcase name="webTableAddSearch[WebTableUser{firstName=&apos;Johny&apos;, lastName=&apos;Bravo&apos;, email=&apos;Jbravo@demoqa.com&apos;, salary=280000, age=340, department=&apos;Information Technology&apos;}](1)" classname="tests.ElementsTests" time="2.667">
    <system-out><![CDATA[2025-09-19 12:26:11 [main] INFO  demoqaBase - Closing browser for test: webTableNewRegistration
🧾 Row 1: {Salary=28000.0, Email=Jbravo@demoqa.com, DOBTime=6:45:00 am, Address=511 Grant 481, Prattsville\n Arkansas 72129\n United States, First Name=Johny, Gender=Male, City=Delhi, Mobile=9.238343488E9, Hobbies=Sports,Music, Subject=Computer Science, Current Address=301 Town 481, Brookville\n kansas 42129\n United States, Department=Information Technology, DOB=15/08/2000, Picture=/TestData/Mphoto.jpg, State=NCR, Last Name=Bravo, Age=34.0}
🔍 Mapping field: firstName | Excel Column: First Name | Value: Johny
🔍 Mapping field: lastName | Excel Column: Last Name | Value: Bravo
🔍 Mapping field: email | Excel Column: Email | Value: Jbravo@demoqa.com
🔍 Mapping field: salary | Excel Column: Salary | Value: 28000.0
🔍 Mapping field: age | Excel Column: Age | Value: 34.0
🔍 Mapping field: department | Excel Column: Department | Value: Information Technology
🧾 Row 2: {Salary=18000.0, Email=GFemina@demoqa.com, DOBTime=4:30:00 pm, Address=512 Grant 481, Prattsville\n Arkansas 72129\n United States, First Name=Gene, Gender=Female, City=Merrut, Mobile=1.888343432E9, Hobbies=Music,Reading, Subject=Accounting, Current Address=302 Town 481, Brookville\n kansas 42129\n United States, Department=Finance, DOB=22/05/2002, Picture=/TestData/Fphoto.png, State=Uttar Pradesh, Last Name=Femina, Age=30.0}
🔍 Mapping field: firstName | Excel Column: First Name | Value: Gene
🔍 Mapping field: lastName | Excel Column: Last Name | Value: Femina
🔍 Mapping field: email | Excel Column: Email | Value: GFemina@demoqa.com
🔍 Mapping field: salary | Excel Column: Salary | Value: 18000.0
🔍 Mapping field: age | Excel Column: Age | Value: 30.0
🔍 Mapping field: department | Excel Column: Department | Value: Finance
🧾 Row 3: {Salary=15000.0, Email=BWisem@demoqa.com, DOBTime=8:45:00 pm, Address=513 Grant 481, Prattsville\n Arkansas 72129\n United States, First Name=Bud, Gender=Other, City=Panipat, Mobile=8.932465432E9, Hobbies=Reading, Subject=Biology, Current Address=303 Town 481, Brookville\n kansas 42129\n United States, Department=Medicine, DOB=31/12/1999, Picture=/TestData/Ophoto.jpg, State=Haryana, Last Name=Wisem, Age=40.0}
🔍 Mapping field: firstName | Excel Column: First Name | Value: Bud
🔍 Mapping field: lastName | Excel Column: Last Name | Value: Wisem
🔍 Mapping field: email | Excel Column: Email | Value: BWisem@demoqa.com
🔍 Mapping field: salary | Excel Column: Salary | Value: 15000.0
🔍 Mapping field: age | Excel Column: Age | Value: 40.0
🔍 Mapping field: department | Excel Column: Department | Value: Medicine
🧾 Row 4: {Salary=19000.0, Email=TBoss@demoqa.com, DOBTime=5:45:00 am, Address=514 Grant 481, Prattsville\n Arkansas 72129\n United States, First Name=Tom, Gender=Male, City=Jaiselmer, Mobile=7.839875281E9, Hobbies=Sports,Reading, Subject=Social Studies, Current Address=304 Town 481, Brookville\n kansas 42129\n United States, Department=Recreation, DOB=1/26/03, Picture=/TestData/M2photo.jpg, State=Rajasthan, Last Name=Boss, Age=42.0}
🔍 Mapping field: firstName | Excel Column: First Name | Value: Tom
🔍 Mapping field: lastName | Excel Column: Last Name | Value: Boss
🔍 Mapping field: email | Excel Column: Email | Value: TBoss@demoqa.com
🔍 Mapping field: salary | Excel Column: Salary | Value: 19000.0
🔍 Mapping field: age | Excel Column: Age | Value: 42.0
🔍 Mapping field: department | Excel Column: Department | Value: Recreation
2025-09-19 12:26:12 [main] INFO  DriverFactory - 🌐 Starting Chrome Web Browser...
2025-09-19 12:26:12 [main] INFO  DriverFactory - ✅ Created temporary Chrome profile at C:\Users\dell\AppData\Local\Temp\chrome-profile-2795607772814581827
2025-09-19 12:26:13 [main] INFO  DriverFactory - 🚀 WebDriver started successfully
2025-09-19 12:26:13 [main] INFO  RetryUrlAccess - 🌐 Navigating to URL (attempt 1): https://demoqa.com
2025-09-19 12:26:43 [main] INFO  RetryUrlAccess - ✅ Navigation successful on attempt 1
2025-09-19 12:26:43 [main] INFO  demoqaBase - 🧪 Starting Test Registration Form Add & Search...
Instance Variables Declared are: nullnull
2025-09-19 12:26:43 [main] INFO  demoqaBase - Accessing Elements Card...
2025-09-19 12:26:43 [main] INFO  demoqaLog - Clicking on Elements Card...
🔹 Trying JS click by locator (attempt 1)
2025-09-19 12:26:43 [main] INFO  demoqaLog - 🔹 Trying JS click by locator (attempt 1)
🔹 Attempting JS click...
2025-09-19 12:26:43 [main] INFO  demoqaLog - 🔹 Attempting JS click...
⚡ Falling back to native click by locator (attempt 1)
2025-09-19 12:26:43 [main] INFO  demoqaLog - ⚡ Falling back to native click by locator (attempt 1)
2025-09-19 12:26:43 [main] INFO  demoqaLog - Clicked on Elements Card...
Title of this Page is: DEMOQA
You are Accessing: Elements
 
Elements: Please select an item from left to start practice.
2025-09-19 12:26:43 [main] INFO  demoqaBase - Elements: Please select an item from left to start practice.
2025-09-19 12:26:43 [main] INFO  demoqaBase - Click on Elements|Web Tables...
2025-09-19 12:26:44 [main] INFO  demoqaLog - ⏳ Waiting for page to fully load (timeout: 30s)
2025-09-19 12:26:44 [main] INFO  demoqaLog - ✅ Page load completed.
2025-09-19 12:26:44 [main] INFO  demoqaBase - Click on Elements|Web Tables|Registration Form...
🔹 Trying JS click on WebElement (attempt 1)
2025-09-19 12:26:44 [main] INFO  demoqaLog - 🔹 Trying JS click on WebElement (attempt 1)
🔹 Attempting JS click...
2025-09-19 12:26:44 [main] INFO  demoqaLog - 🔹 Attempting JS click...
2025-09-19 12:26:44 [main] ERROR demoqaBase - Registering User: Johny
2025-09-19 12:26:44 [main] INFO  demoqaBase - Click on Elements|Web Tables|Registration Form|FirstName...
2025-09-19 12:26:44 [main] INFO  demoqaBase - First Name entered is: Johny
2025-09-19 12:26:44 [main] INFO  demoqaBase - Click on Elements|Web Tables|Registration Form|LastName...
Last Name is: Bravo
2025-09-19 12:26:44 [main] INFO  demoqaBase - Last Name entered is: Bravo
2025-09-19 12:26:44 [main] INFO  demoqaBase - Click on Elements|Web Tables|Registration Form|Email...
Email ID is: Jbravo@demoqa.com
2025-09-19 12:26:45 [main] INFO  demoqaBase - Email entered is: Jbravo@demoqa.com
2025-09-19 12:26:45 [main] INFO  demoqaBase - Click on Elements|Web Tables|Registration Form|Age...
2025-09-19 12:26:45 [main] INFO  demoqaBase - Age entered is: 34
2025-09-19 12:26:45 [main] INFO  demoqaBase - Click on Elements|Web Tables|Registration Form|Salary...
2025-09-19 12:26:45 [main] INFO  demoqaBase - Salary entered is: 280000
2025-09-19 12:26:45 [main] INFO  demoqaBase - Click on Elements|Web Tables|Registration Form|Department...
2025-09-19 12:26:45 [main] INFO  demoqaBase - Department entered is: Information Technology
2025-09-19 12:26:45 [main] INFO  demoqaBase - Submitting Registration Form...
2025-09-19 12:26:45 [main] INFO  demoqaBase - Registration Form Submitted...
2025-09-19 12:26:45 [main] ERROR demoqaBase - Submitted to register user: Johny
2025-09-19 12:26:45 [main] INFO  demoqaBase - Searching by First Name...
2025-09-19 12:26:46 [main] INFO  demoqaBase - ✅ Test for Registration Form Add & Search Completed...
]]></system-out>
  </testcase>
  <testcase name="webTableAddEditFirstName[WebTableUser{firstName=&apos;Tonny&apos;, lastName=&apos;Bravo&apos;, email=&apos;Jbravo@demoqa.com&apos;, salary=280000, age=340, department=&apos;Information Technology&apos;}](1)" classname="tests.ElementsTests" time="4.125">
    <system-out><![CDATA[2025-09-19 12:26:46 [main] INFO  demoqaBase - Closing browser for test: webTableAddSearch
🧾 Row 1: {Salary=28000.0, Email=Jbravo@demoqa.com, DOBTime=6:45:00 am, Address=511 Grant 481, Prattsville\n Arkansas 72129\n United States, First Name=Johny, Gender=Male, City=Delhi, Mobile=9.238343488E9, Hobbies=Sports,Music, Subject=Computer Science, Current Address=301 Town 481, Brookville\n kansas 42129\n United States, Department=Information Technology, DOB=15/08/2000, Picture=/TestData/Mphoto.jpg, State=NCR, Last Name=Bravo, Age=34.0}
🔍 Mapping field: firstName | Excel Column: First Name | Value: Johny
🔍 Mapping field: lastName | Excel Column: Last Name | Value: Bravo
🔍 Mapping field: email | Excel Column: Email | Value: Jbravo@demoqa.com
🔍 Mapping field: salary | Excel Column: Salary | Value: 28000.0
🔍 Mapping field: age | Excel Column: Age | Value: 34.0
🔍 Mapping field: department | Excel Column: Department | Value: Information Technology
🧾 Row 2: {Salary=18000.0, Email=GFemina@demoqa.com, DOBTime=4:30:00 pm, Address=512 Grant 481, Prattsville\n Arkansas 72129\n United States, First Name=Gene, Gender=Female, City=Merrut, Mobile=1.888343432E9, Hobbies=Music,Reading, Subject=Accounting, Current Address=302 Town 481, Brookville\n kansas 42129\n United States, Department=Finance, DOB=22/05/2002, Picture=/TestData/Fphoto.png, State=Uttar Pradesh, Last Name=Femina, Age=30.0}
🔍 Mapping field: firstName | Excel Column: First Name | Value: Gene
🔍 Mapping field: lastName | Excel Column: Last Name | Value: Femina
🔍 Mapping field: email | Excel Column: Email | Value: GFemina@demoqa.com
🔍 Mapping field: salary | Excel Column: Salary | Value: 18000.0
🔍 Mapping field: age | Excel Column: Age | Value: 30.0
🔍 Mapping field: department | Excel Column: Department | Value: Finance
🧾 Row 3: {Salary=15000.0, Email=BWisem@demoqa.com, DOBTime=8:45:00 pm, Address=513 Grant 481, Prattsville\n Arkansas 72129\n United States, First Name=Bud, Gender=Other, City=Panipat, Mobile=8.932465432E9, Hobbies=Reading, Subject=Biology, Current Address=303 Town 481, Brookville\n kansas 42129\n United States, Department=Medicine, DOB=31/12/1999, Picture=/TestData/Ophoto.jpg, State=Haryana, Last Name=Wisem, Age=40.0}
🔍 Mapping field: firstName | Excel Column: First Name | Value: Bud
🔍 Mapping field: lastName | Excel Column: Last Name | Value: Wisem
🔍 Mapping field: email | Excel Column: Email | Value: BWisem@demoqa.com
🔍 Mapping field: salary | Excel Column: Salary | Value: 15000.0
🔍 Mapping field: age | Excel Column: Age | Value: 40.0
🔍 Mapping field: department | Excel Column: Department | Value: Medicine
🧾 Row 4: {Salary=19000.0, Email=TBoss@demoqa.com, DOBTime=5:45:00 am, Address=514 Grant 481, Prattsville\n Arkansas 72129\n United States, First Name=Tom, Gender=Male, City=Jaiselmer, Mobile=7.839875281E9, Hobbies=Sports,Reading, Subject=Social Studies, Current Address=304 Town 481, Brookville\n kansas 42129\n United States, Department=Recreation, DOB=1/26/03, Picture=/TestData/M2photo.jpg, State=Rajasthan, Last Name=Boss, Age=42.0}
🔍 Mapping field: firstName | Excel Column: First Name | Value: Tom
🔍 Mapping field: lastName | Excel Column: Last Name | Value: Boss
🔍 Mapping field: email | Excel Column: Email | Value: TBoss@demoqa.com
🔍 Mapping field: salary | Excel Column: Salary | Value: 19000.0
🔍 Mapping field: age | Excel Column: Age | Value: 42.0
🔍 Mapping field: department | Excel Column: Department | Value: Recreation
2025-09-19 12:26:46 [main] INFO  DriverFactory - 🌐 Starting Chrome Web Browser...
2025-09-19 12:26:46 [main] INFO  DriverFactory - ✅ Created temporary Chrome profile at C:\Users\dell\AppData\Local\Temp\chrome-profile-11343477570000241482
2025-09-19 12:26:47 [main] INFO  DriverFactory - 🚀 WebDriver started successfully
2025-09-19 12:26:47 [main] INFO  RetryUrlAccess - 🌐 Navigating to URL (attempt 1): https://demoqa.com
2025-09-19 12:26:52 [main] INFO  RetryUrlAccess - ✅ Navigation successful on attempt 1
2025-09-19 12:26:52 [main] INFO  demoqaBase - 🧪 Starting Test Registration Form Modify First Name...
Instance Variables Declared are: nullnull
2025-09-19 12:26:52 [main] INFO  demoqaBase - Accessing Elements Card...
2025-09-19 12:26:52 [main] INFO  demoqaLog - Clicking on Elements Card...
🔹 Trying JS click by locator (attempt 1)
2025-09-19 12:26:52 [main] INFO  demoqaLog - 🔹 Trying JS click by locator (attempt 1)
🔹 Attempting JS click...
2025-09-19 12:26:52 [main] INFO  demoqaLog - 🔹 Attempting JS click...
⚡ Falling back to native click by locator (attempt 1)
2025-09-19 12:26:52 [main] INFO  demoqaLog - ⚡ Falling back to native click by locator (attempt 1)
2025-09-19 12:26:52 [main] INFO  demoqaLog - Clicked on Elements Card...
Title of this Page is: DEMOQA
You are Accessing: Elements
 
Elements: Please select an item from left to start practice.
2025-09-19 12:26:52 [main] INFO  demoqaBase - Elements: Please select an item from left to start practice.
2025-09-19 12:26:52 [main] INFO  demoqaBase - Click on Elements|Web Tables...
2025-09-19 12:26:52 [main] INFO  demoqaLog - ⏳ Waiting for page to fully load (timeout: 30s)
2025-09-19 12:26:52 [main] INFO  demoqaLog - ✅ Page load completed.
2025-09-19 12:26:52 [main] INFO  demoqaBase - Click on Elements|Web Tables|Registration Form...
🔹 Trying JS click on WebElement (attempt 1)
2025-09-19 12:26:52 [main] INFO  demoqaLog - 🔹 Trying JS click on WebElement (attempt 1)
🔹 Attempting JS click...
2025-09-19 12:26:52 [main] INFO  demoqaLog - 🔹 Attempting JS click...
2025-09-19 12:26:53 [main] ERROR demoqaBase - Registering User: Johny
2025-09-19 12:26:53 [main] INFO  demoqaBase - Click on Elements|Web Tables|Registration Form|FirstName...
2025-09-19 12:26:53 [main] INFO  demoqaBase - First Name entered is: Johny
2025-09-19 12:26:53 [main] INFO  demoqaBase - Click on Elements|Web Tables|Registration Form|LastName...
Last Name is: Bravo
2025-09-19 12:26:53 [main] INFO  demoqaBase - Last Name entered is: Bravo
2025-09-19 12:26:53 [main] INFO  demoqaBase - Click on Elements|Web Tables|Registration Form|Email...
Email ID is: Jbravo@demoqa.com
2025-09-19 12:26:54 [main] INFO  demoqaBase - Email entered is: Jbravo@demoqa.com
2025-09-19 12:26:54 [main] INFO  demoqaBase - Click on Elements|Web Tables|Registration Form|Age...
2025-09-19 12:26:54 [main] INFO  demoqaBase - Age entered is: 34
2025-09-19 12:26:54 [main] INFO  demoqaBase - Click on Elements|Web Tables|Registration Form|Salary...
2025-09-19 12:26:54 [main] INFO  demoqaBase - Salary entered is: 280000
2025-09-19 12:26:54 [main] INFO  demoqaBase - Click on Elements|Web Tables|Registration Form|Department...
2025-09-19 12:26:54 [main] INFO  demoqaBase - Department entered is: Information Technology
2025-09-19 12:26:54 [main] INFO  demoqaBase - Submitting Registration Form...
2025-09-19 12:26:54 [main] INFO  demoqaBase - Registration Form Submitted...
2025-09-19 12:26:54 [main] ERROR demoqaBase - Submitted to register user: Johny
2025-09-19 12:26:55 [main] INFO  demoqaBase - Modifying First Name of the user...
2025-09-19 12:26:56 [main] INFO  demoqaBase - ✅ Test Registration Form Modify First Name Completed Successfully...
]]></system-out>
  </testcase>
  <testcase name="webTableAddSearchEdit[WebTableUser{firstName=&apos;Tonny&apos;, lastName=&apos;Bravo&apos;, email=&apos;Jbravo@demoqa.com&apos;, salary=280000, age=340, department=&apos;Information Technology&apos;}](1)" classname="tests.ElementsTests" time="4.18">
    <system-out><![CDATA[2025-09-19 12:26:56 [main] INFO  demoqaBase - Closing browser for test: webTableAddEditFirstName
🧾 Row 1: {Salary=28000.0, Email=Jbravo@demoqa.com, DOBTime=6:45:00 am, Address=511 Grant 481, Prattsville\n Arkansas 72129\n United States, First Name=Johny, Gender=Male, City=Delhi, Mobile=9.238343488E9, Hobbies=Sports,Music, Subject=Computer Science, Current Address=301 Town 481, Brookville\n kansas 42129\n United States, Department=Information Technology, DOB=15/08/2000, Picture=/TestData/Mphoto.jpg, State=NCR, Last Name=Bravo, Age=34.0}
🔍 Mapping field: firstName | Excel Column: First Name | Value: Johny
🔍 Mapping field: lastName | Excel Column: Last Name | Value: Bravo
🔍 Mapping field: email | Excel Column: Email | Value: Jbravo@demoqa.com
🔍 Mapping field: salary | Excel Column: Salary | Value: 28000.0
🔍 Mapping field: age | Excel Column: Age | Value: 34.0
🔍 Mapping field: department | Excel Column: Department | Value: Information Technology
🧾 Row 2: {Salary=18000.0, Email=GFemina@demoqa.com, DOBTime=4:30:00 pm, Address=512 Grant 481, Prattsville\n Arkansas 72129\n United States, First Name=Gene, Gender=Female, City=Merrut, Mobile=1.888343432E9, Hobbies=Music,Reading, Subject=Accounting, Current Address=302 Town 481, Brookville\n kansas 42129\n United States, Department=Finance, DOB=22/05/2002, Picture=/TestData/Fphoto.png, State=Uttar Pradesh, Last Name=Femina, Age=30.0}
🔍 Mapping field: firstName | Excel Column: First Name | Value: Gene
🔍 Mapping field: lastName | Excel Column: Last Name | Value: Femina
🔍 Mapping field: email | Excel Column: Email | Value: GFemina@demoqa.com
🔍 Mapping field: salary | Excel Column: Salary | Value: 18000.0
🔍 Mapping field: age | Excel Column: Age | Value: 30.0
🔍 Mapping field: department | Excel Column: Department | Value: Finance
🧾 Row 3: {Salary=15000.0, Email=BWisem@demoqa.com, DOBTime=8:45:00 pm, Address=513 Grant 481, Prattsville\n Arkansas 72129\n United States, First Name=Bud, Gender=Other, City=Panipat, Mobile=8.932465432E9, Hobbies=Reading, Subject=Biology, Current Address=303 Town 481, Brookville\n kansas 42129\n United States, Department=Medicine, DOB=31/12/1999, Picture=/TestData/Ophoto.jpg, State=Haryana, Last Name=Wisem, Age=40.0}
🔍 Mapping field: firstName | Excel Column: First Name | Value: Bud
🔍 Mapping field: lastName | Excel Column: Last Name | Value: Wisem
🔍 Mapping field: email | Excel Column: Email | Value: BWisem@demoqa.com
🔍 Mapping field: salary | Excel Column: Salary | Value: 15000.0
🔍 Mapping field: age | Excel Column: Age | Value: 40.0
🔍 Mapping field: department | Excel Column: Department | Value: Medicine
🧾 Row 4: {Salary=19000.0, Email=TBoss@demoqa.com, DOBTime=5:45:00 am, Address=514 Grant 481, Prattsville\n Arkansas 72129\n United States, First Name=Tom, Gender=Male, City=Jaiselmer, Mobile=7.839875281E9, Hobbies=Sports,Reading, Subject=Social Studies, Current Address=304 Town 481, Brookville\n kansas 42129\n United States, Department=Recreation, DOB=1/26/03, Picture=/TestData/M2photo.jpg, State=Rajasthan, Last Name=Boss, Age=42.0}
🔍 Mapping field: firstName | Excel Column: First Name | Value: Tom
🔍 Mapping field: lastName | Excel Column: Last Name | Value: Boss
🔍 Mapping field: email | Excel Column: Email | Value: TBoss@demoqa.com
🔍 Mapping field: salary | Excel Column: Salary | Value: 19000.0
🔍 Mapping field: age | Excel Column: Age | Value: 42.0
🔍 Mapping field: department | Excel Column: Department | Value: Recreation
2025-09-19 12:26:56 [main] INFO  DriverFactory - 🌐 Starting Chrome Web Browser...
2025-09-19 12:26:56 [main] INFO  DriverFactory - ✅ Created temporary Chrome profile at C:\Users\dell\AppData\Local\Temp\chrome-profile-5239184679784488094
2025-09-19 12:26:57 [main] INFO  DriverFactory - 🚀 WebDriver started successfully
2025-09-19 12:26:57 [main] INFO  RetryUrlAccess - 🌐 Navigating to URL (attempt 1): https://demoqa.com
2025-09-19 12:27:28 [main] INFO  RetryUrlAccess - ✅ Navigation successful on attempt 1
2025-09-19 12:27:28 [main] INFO  demoqaBase - 🧪 Starting Test Registration Form Search & Modify First Name...
Instance Variables Declared are: nullnull
2025-09-19 12:27:28 [main] INFO  demoqaBase - Accessing Elements Card...
2025-09-19 12:27:28 [main] INFO  demoqaLog - Clicking on Elements Card...
🔹 Trying JS click by locator (attempt 1)
2025-09-19 12:27:28 [main] INFO  demoqaLog - 🔹 Trying JS click by locator (attempt 1)
🔹 Attempting JS click...
2025-09-19 12:27:28 [main] INFO  demoqaLog - 🔹 Attempting JS click...
⚡ Falling back to native click by locator (attempt 1)
2025-09-19 12:27:28 [main] INFO  demoqaLog - ⚡ Falling back to native click by locator (attempt 1)
2025-09-19 12:27:28 [main] INFO  demoqaLog - Clicked on Elements Card...
Title of this Page is: DEMOQA
You are Accessing: Elements
 
Elements: Please select an item from left to start practice.
2025-09-19 12:27:28 [main] INFO  demoqaBase - Elements: Please select an item from left to start practice.
2025-09-19 12:27:28 [main] INFO  demoqaBase - Click on Elements|Web Tables...
2025-09-19 12:27:29 [main] INFO  demoqaLog - ⏳ Waiting for page to fully load (timeout: 30s)
2025-09-19 12:27:29 [main] INFO  demoqaLog - ✅ Page load completed.
2025-09-19 12:27:29 [main] INFO  demoqaBase - Click on Elements|Web Tables|Registration Form...
🔹 Trying JS click on WebElement (attempt 1)
2025-09-19 12:27:29 [main] INFO  demoqaLog - 🔹 Trying JS click on WebElement (attempt 1)
🔹 Attempting JS click...
2025-09-19 12:27:29 [main] INFO  demoqaLog - 🔹 Attempting JS click...
2025-09-19 12:27:29 [main] ERROR demoqaBase - Registering User: Johny
2025-09-19 12:27:29 [main] INFO  demoqaBase - Click on Elements|Web Tables|Registration Form|FirstName...
2025-09-19 12:27:29 [main] INFO  demoqaBase - First Name entered is: Johny
2025-09-19 12:27:29 [main] INFO  demoqaBase - Click on Elements|Web Tables|Registration Form|LastName...
Last Name is: Bravo
2025-09-19 12:27:29 [main] INFO  demoqaBase - Last Name entered is: Bravo
2025-09-19 12:27:29 [main] INFO  demoqaBase - Click on Elements|Web Tables|Registration Form|Email...
Email ID is: Jbravo@demoqa.com
2025-09-19 12:27:30 [main] INFO  demoqaBase - Email entered is: Jbravo@demoqa.com
2025-09-19 12:27:30 [main] INFO  demoqaBase - Click on Elements|Web Tables|Registration Form|Age...
2025-09-19 12:27:30 [main] INFO  demoqaBase - Age entered is: 34
2025-09-19 12:27:30 [main] INFO  demoqaBase - Click on Elements|Web Tables|Registration Form|Salary...
2025-09-19 12:27:30 [main] INFO  demoqaBase - Salary entered is: 280000
2025-09-19 12:27:30 [main] INFO  demoqaBase - Click on Elements|Web Tables|Registration Form|Department...
2025-09-19 12:27:30 [main] INFO  demoqaBase - Department entered is: Information Technology
2025-09-19 12:27:30 [main] INFO  demoqaBase - Submitting Registration Form...
2025-09-19 12:27:30 [main] INFO  demoqaBase - Registration Form Submitted...
2025-09-19 12:27:30 [main] ERROR demoqaBase - Submitted to register user: Johny
2025-09-19 12:27:31 [main] INFO  demoqaBase - Modifying First Name of the user...
2025-09-19 12:27:32 [main] INFO  demoqaBase - Updated First Name is: Tonny
2025-09-19 12:27:32 [main] INFO  demoqaBase - ✅ Test Registration Form Search & Modify First Name Completed Successfully...
]]></system-out>
  </testcase>
  <testcase name="webTableDeleteUser[WebTableUser{firstName=&apos;Johny&apos;, lastName=&apos;Bravo&apos;, email=&apos;Jbravo@demoqa.com&apos;, salary=280000, age=340, department=&apos;Information Technology&apos;}](1)" classname="tests.ElementsTests" time="2.784">
    <system-out><![CDATA[2025-09-19 12:27:32 [main] INFO  demoqaBase - Closing browser for test: webTableAddSearchEdit
🧾 Row 1: {Salary=28000.0, Email=Jbravo@demoqa.com, DOBTime=6:45:00 am, Address=511 Grant 481, Prattsville\n Arkansas 72129\n United States, First Name=Johny, Gender=Male, City=Delhi, Mobile=9.238343488E9, Hobbies=Sports,Music, Subject=Computer Science, Current Address=301 Town 481, Brookville\n kansas 42129\n United States, Department=Information Technology, DOB=15/08/2000, Picture=/TestData/Mphoto.jpg, State=NCR, Last Name=Bravo, Age=34.0}
🔍 Mapping field: firstName | Excel Column: First Name | Value: Johny
🔍 Mapping field: lastName | Excel Column: Last Name | Value: Bravo
🔍 Mapping field: email | Excel Column: Email | Value: Jbravo@demoqa.com
🔍 Mapping field: salary | Excel Column: Salary | Value: 28000.0
🔍 Mapping field: age | Excel Column: Age | Value: 34.0
🔍 Mapping field: department | Excel Column: Department | Value: Information Technology
🧾 Row 2: {Salary=18000.0, Email=GFemina@demoqa.com, DOBTime=4:30:00 pm, Address=512 Grant 481, Prattsville\n Arkansas 72129\n United States, First Name=Gene, Gender=Female, City=Merrut, Mobile=1.888343432E9, Hobbies=Music,Reading, Subject=Accounting, Current Address=302 Town 481, Brookville\n kansas 42129\n United States, Department=Finance, DOB=22/05/2002, Picture=/TestData/Fphoto.png, State=Uttar Pradesh, Last Name=Femina, Age=30.0}
🔍 Mapping field: firstName | Excel Column: First Name | Value: Gene
🔍 Mapping field: lastName | Excel Column: Last Name | Value: Femina
🔍 Mapping field: email | Excel Column: Email | Value: GFemina@demoqa.com
🔍 Mapping field: salary | Excel Column: Salary | Value: 18000.0
🔍 Mapping field: age | Excel Column: Age | Value: 30.0
🔍 Mapping field: department | Excel Column: Department | Value: Finance
🧾 Row 3: {Salary=15000.0, Email=BWisem@demoqa.com, DOBTime=8:45:00 pm, Address=513 Grant 481, Prattsville\n Arkansas 72129\n United States, First Name=Bud, Gender=Other, City=Panipat, Mobile=8.932465432E9, Hobbies=Reading, Subject=Biology, Current Address=303 Town 481, Brookville\n kansas 42129\n United States, Department=Medicine, DOB=31/12/1999, Picture=/TestData/Ophoto.jpg, State=Haryana, Last Name=Wisem, Age=40.0}
🔍 Mapping field: firstName | Excel Column: First Name | Value: Bud
🔍 Mapping field: lastName | Excel Column: Last Name | Value: Wisem
🔍 Mapping field: email | Excel Column: Email | Value: BWisem@demoqa.com
🔍 Mapping field: salary | Excel Column: Salary | Value: 15000.0
🔍 Mapping field: age | Excel Column: Age | Value: 40.0
🔍 Mapping field: department | Excel Column: Department | Value: Medicine
🧾 Row 4: {Salary=19000.0, Email=TBoss@demoqa.com, DOBTime=5:45:00 am, Address=514 Grant 481, Prattsville\n Arkansas 72129\n United States, First Name=Tom, Gender=Male, City=Jaiselmer, Mobile=7.839875281E9, Hobbies=Sports,Reading, Subject=Social Studies, Current Address=304 Town 481, Brookville\n kansas 42129\n United States, Department=Recreation, DOB=1/26/03, Picture=/TestData/M2photo.jpg, State=Rajasthan, Last Name=Boss, Age=42.0}
🔍 Mapping field: firstName | Excel Column: First Name | Value: Tom
🔍 Mapping field: lastName | Excel Column: Last Name | Value: Boss
🔍 Mapping field: email | Excel Column: Email | Value: TBoss@demoqa.com
🔍 Mapping field: salary | Excel Column: Salary | Value: 19000.0
🔍 Mapping field: age | Excel Column: Age | Value: 42.0
🔍 Mapping field: department | Excel Column: Department | Value: Recreation
2025-09-19 12:27:32 [main] INFO  DriverFactory - 🌐 Starting Chrome Web Browser...
2025-09-19 12:27:32 [main] INFO  DriverFactory - ✅ Created temporary Chrome profile at C:\Users\dell\AppData\Local\Temp\chrome-profile-12553834436960676978
2025-09-19 12:27:33 [main] INFO  DriverFactory - 🚀 WebDriver started successfully
2025-09-19 12:27:33 [main] INFO  RetryUrlAccess - 🌐 Navigating to URL (attempt 1): https://demoqa.com
2025-09-19 12:27:47 [main] INFO  RetryUrlAccess - ✅ Navigation successful on attempt 1
2025-09-19 12:27:47 [main] INFO  demoqaBase - 🧪 Starting Test for Deleting User from Web Table...
Instance Variables Declared are: nullnull
2025-09-19 12:27:47 [main] INFO  demoqaBase - Accessing Elements Card...
2025-09-19 12:27:47 [main] INFO  demoqaLog - Clicking on Elements Card...
🔹 Trying JS click by locator (attempt 1)
2025-09-19 12:27:47 [main] INFO  demoqaLog - 🔹 Trying JS click by locator (attempt 1)
🔹 Attempting JS click...
2025-09-19 12:27:47 [main] INFO  demoqaLog - 🔹 Attempting JS click...
⚡ Falling back to native click by locator (attempt 1)
2025-09-19 12:27:47 [main] INFO  demoqaLog - ⚡ Falling back to native click by locator (attempt 1)
2025-09-19 12:27:47 [main] INFO  demoqaLog - Clicked on Elements Card...
Title of this Page is: DEMOQA
You are Accessing: Elements
 
Elements: Please select an item from left to start practice.
2025-09-19 12:27:47 [main] INFO  demoqaBase - Elements: Please select an item from left to start practice.
2025-09-19 12:27:47 [main] INFO  demoqaBase - Click on Elements|Web Tables...
2025-09-19 12:27:47 [main] INFO  demoqaLog - ⏳ Waiting for page to fully load (timeout: 30s)
2025-09-19 12:27:47 [main] INFO  demoqaLog - ✅ Page load completed.
2025-09-19 12:27:47 [main] INFO  demoqaBase - Click on Elements|Web Tables|Registration Form...
🔹 Trying JS click on WebElement (attempt 1)
2025-09-19 12:27:47 [main] INFO  demoqaLog - 🔹 Trying JS click on WebElement (attempt 1)
🔹 Attempting JS click...
2025-09-19 12:27:47 [main] INFO  demoqaLog - 🔹 Attempting JS click...
2025-09-19 12:27:48 [main] ERROR demoqaBase - Registering User: Johny
2025-09-19 12:27:48 [main] INFO  demoqaBase - Click on Elements|Web Tables|Registration Form|FirstName...
2025-09-19 12:27:48 [main] INFO  demoqaBase - First Name entered is: Johny
2025-09-19 12:27:48 [main] INFO  demoqaBase - Click on Elements|Web Tables|Registration Form|LastName...
Last Name is: Bravo
2025-09-19 12:27:48 [main] INFO  demoqaBase - Last Name entered is: Bravo
2025-09-19 12:27:48 [main] INFO  demoqaBase - Click on Elements|Web Tables|Registration Form|Email...
Email ID is: Jbravo@demoqa.com
2025-09-19 12:27:49 [main] INFO  demoqaBase - Email entered is: Jbravo@demoqa.com
2025-09-19 12:27:49 [main] INFO  demoqaBase - Click on Elements|Web Tables|Registration Form|Age...
2025-09-19 12:27:49 [main] INFO  demoqaBase - Age entered is: 34
2025-09-19 12:27:49 [main] INFO  demoqaBase - Click on Elements|Web Tables|Registration Form|Salary...
2025-09-19 12:27:49 [main] INFO  demoqaBase - Salary entered is: 280000
2025-09-19 12:27:49 [main] INFO  demoqaBase - Click on Elements|Web Tables|Registration Form|Department...
2025-09-19 12:27:49 [main] INFO  demoqaBase - Department entered is: Information Technology
2025-09-19 12:27:49 [main] INFO  demoqaBase - Submitting Registration Form...
2025-09-19 12:27:49 [main] INFO  demoqaBase - Registration Form Submitted...
2025-09-19 12:27:49 [main] ERROR demoqaBase - Submitted to register user: Johny
2025-09-19 12:27:49 [main] INFO  demoqaBase - Deleting User from Webtable: Johny
2025-09-19 12:27:50 [main] INFO  demoqaBase - ✅ Test for Deleting User from Web Table Completed Successfully...
]]></system-out>
  </testcase>
  <testcase name="testAddAllUsersFromExcel" classname="tests.ElementsTests" time="7.053">
    <system-out><![CDATA[2025-09-19 12:27:50 [main] INFO  demoqaBase - Closing browser for test: webTableDeleteUser
2025-09-19 12:27:50 [main] INFO  DriverFactory - 🌐 Starting Chrome Web Browser...
2025-09-19 12:27:50 [main] INFO  DriverFactory - ✅ Created temporary Chrome profile at C:\Users\dell\AppData\Local\Temp\chrome-profile-13501830518328406491
2025-09-19 12:27:51 [main] INFO  DriverFactory - 🚀 WebDriver started successfully
2025-09-19 12:27:51 [main] INFO  RetryUrlAccess - 🌐 Navigating to URL (attempt 1): https://demoqa.com
2025-09-19 12:27:55 [main] INFO  RetryUrlAccess - ✅ Navigation successful on attempt 1
Instance Variables Declared are: nullnull
2025-09-19 12:27:55 [main] INFO  demoqaBase - Accessing Elements Card...
2025-09-19 12:27:55 [main] INFO  demoqaLog - Clicking on Elements Card...
🔹 Trying JS click by locator (attempt 1)
2025-09-19 12:27:55 [main] INFO  demoqaLog - 🔹 Trying JS click by locator (attempt 1)
🔹 Attempting JS click...
2025-09-19 12:27:55 [main] INFO  demoqaLog - 🔹 Attempting JS click...
⚡ Falling back to native click by locator (attempt 1)
2025-09-19 12:27:55 [main] INFO  demoqaLog - ⚡ Falling back to native click by locator (attempt 1)
2025-09-19 12:27:55 [main] INFO  demoqaLog - Clicked on Elements Card...
Title of this Page is: DEMOQA
You are Accessing: Elements
 
Elements: Please select an item from left to start practice.
2025-09-19 12:27:55 [main] INFO  demoqaBase - Elements: Please select an item from left to start practice.
2025-09-19 12:27:55 [main] INFO  demoqaBase - Click on Elements|Web Tables...
2025-09-19 12:27:56 [main] INFO  demoqaLog - ⏳ Waiting for page to fully load (timeout: 30s)
2025-09-19 12:27:56 [main] INFO  demoqaLog - ✅ Page load completed.
🧾 Row 1: {Salary=28000.0, Email=Jbravo@demoqa.com, DOBTime=6:45:00 am, Address=511 Grant 481, Prattsville\n Arkansas 72129\n United States, First Name=Johny, Gender=Male, City=Delhi, Mobile=9.238343488E9, Hobbies=Sports,Music, Subject=Computer Science, Current Address=301 Town 481, Brookville\n kansas 42129\n United States, Department=Information Technology, DOB=15/08/2000, Picture=/TestData/Mphoto.jpg, State=NCR, Last Name=Bravo, Age=34.0}
🔍 Mapping field: firstName | Excel Column: First Name | Value: Johny
🔍 Mapping field: lastName | Excel Column: Last Name | Value: Bravo
🔍 Mapping field: email | Excel Column: Email | Value: Jbravo@demoqa.com
🔍 Mapping field: salary | Excel Column: Salary | Value: 28000.0
🔍 Mapping field: age | Excel Column: Age | Value: 34.0
🔍 Mapping field: department | Excel Column: Department | Value: Information Technology
🧾 Row 2: {Salary=18000.0, Email=GFemina@demoqa.com, DOBTime=4:30:00 pm, Address=512 Grant 481, Prattsville\n Arkansas 72129\n United States, First Name=Gene, Gender=Female, City=Merrut, Mobile=1.888343432E9, Hobbies=Music,Reading, Subject=Accounting, Current Address=302 Town 481, Brookville\n kansas 42129\n United States, Department=Finance, DOB=22/05/2002, Picture=/TestData/Fphoto.png, State=Uttar Pradesh, Last Name=Femina, Age=30.0}
🔍 Mapping field: firstName | Excel Column: First Name | Value: Gene
🔍 Mapping field: lastName | Excel Column: Last Name | Value: Femina
🔍 Mapping field: email | Excel Column: Email | Value: GFemina@demoqa.com
🔍 Mapping field: salary | Excel Column: Salary | Value: 18000.0
🔍 Mapping field: age | Excel Column: Age | Value: 30.0
🔍 Mapping field: department | Excel Column: Department | Value: Finance
🧾 Row 3: {Salary=15000.0, Email=BWisem@demoqa.com, DOBTime=8:45:00 pm, Address=513 Grant 481, Prattsville\n Arkansas 72129\n United States, First Name=Bud, Gender=Other, City=Panipat, Mobile=8.932465432E9, Hobbies=Reading, Subject=Biology, Current Address=303 Town 481, Brookville\n kansas 42129\n United States, Department=Medicine, DOB=31/12/1999, Picture=/TestData/Ophoto.jpg, State=Haryana, Last Name=Wisem, Age=40.0}
🔍 Mapping field: firstName | Excel Column: First Name | Value: Bud
🔍 Mapping field: lastName | Excel Column: Last Name | Value: Wisem
🔍 Mapping field: email | Excel Column: Email | Value: BWisem@demoqa.com
🔍 Mapping field: salary | Excel Column: Salary | Value: 15000.0
🔍 Mapping field: age | Excel Column: Age | Value: 40.0
🔍 Mapping field: department | Excel Column: Department | Value: Medicine
🧾 Row 4: {Salary=19000.0, Email=TBoss@demoqa.com, DOBTime=5:45:00 am, Address=514 Grant 481, Prattsville\n Arkansas 72129\n United States, First Name=Tom, Gender=Male, City=Jaiselmer, Mobile=7.839875281E9, Hobbies=Sports,Reading, Subject=Social Studies, Current Address=304 Town 481, Brookville\n kansas 42129\n United States, Department=Recreation, DOB=1/26/03, Picture=/TestData/M2photo.jpg, State=Rajasthan, Last Name=Boss, Age=42.0}
🔍 Mapping field: firstName | Excel Column: First Name | Value: Tom
🔍 Mapping field: lastName | Excel Column: Last Name | Value: Boss
🔍 Mapping field: email | Excel Column: Email | Value: TBoss@demoqa.com
🔍 Mapping field: salary | Excel Column: Salary | Value: 19000.0
🔍 Mapping field: age | Excel Column: Age | Value: 42.0
🔍 Mapping field: department | Excel Column: Department | Value: Recreation
Declared Object: [[Ljava.lang.Object;@3500af30
2025-09-19 12:27:56 [main] INFO  demoqaBase - Click on Elements|Web Tables|Registration Form...
🔹 Trying JS click on WebElement (attempt 1)
2025-09-19 12:27:56 [main] INFO  demoqaLog - 🔹 Trying JS click on WebElement (attempt 1)
🔹 Attempting JS click...
2025-09-19 12:27:56 [main] INFO  demoqaLog - 🔹 Attempting JS click...
🧾 Row 1: {Salary=28000.0, Email=Jbravo@demoqa.com, DOBTime=6:45:00 am, Address=511 Grant 481, Prattsville\n Arkansas 72129\n United States, First Name=Johny, Gender=Male, City=Delhi, Mobile=9.238343488E9, Hobbies=Sports,Music, Subject=Computer Science, Current Address=301 Town 481, Brookville\n kansas 42129\n United States, Department=Information Technology, DOB=15/08/2000, Picture=/TestData/Mphoto.jpg, State=NCR, Last Name=Bravo, Age=34.0}
🔍 Mapping field: firstName | Excel Column: First Name | Value: Johny
🔍 Mapping field: lastName | Excel Column: Last Name | Value: Bravo
🔍 Mapping field: email | Excel Column: Email | Value: Jbravo@demoqa.com
🔍 Mapping field: salary | Excel Column: Salary | Value: 28000.0
🔍 Mapping field: age | Excel Column: Age | Value: 34.0
🔍 Mapping field: department | Excel Column: Department | Value: Information Technology
🧾 Row 2: {Salary=18000.0, Email=GFemina@demoqa.com, DOBTime=4:30:00 pm, Address=512 Grant 481, Prattsville\n Arkansas 72129\n United States, First Name=Gene, Gender=Female, City=Merrut, Mobile=1.888343432E9, Hobbies=Music,Reading, Subject=Accounting, Current Address=302 Town 481, Brookville\n kansas 42129\n United States, Department=Finance, DOB=22/05/2002, Picture=/TestData/Fphoto.png, State=Uttar Pradesh, Last Name=Femina, Age=30.0}
🔍 Mapping field: firstName | Excel Column: First Name | Value: Gene
🔍 Mapping field: lastName | Excel Column: Last Name | Value: Femina
🔍 Mapping field: email | Excel Column: Email | Value: GFemina@demoqa.com
🔍 Mapping field: salary | Excel Column: Salary | Value: 18000.0
🔍 Mapping field: age | Excel Column: Age | Value: 30.0
🔍 Mapping field: department | Excel Column: Department | Value: Finance
🧾 Row 3: {Salary=15000.0, Email=BWisem@demoqa.com, DOBTime=8:45:00 pm, Address=513 Grant 481, Prattsville\n Arkansas 72129\n United States, First Name=Bud, Gender=Other, City=Panipat, Mobile=8.932465432E9, Hobbies=Reading, Subject=Biology, Current Address=303 Town 481, Brookville\n kansas 42129\n United States, Department=Medicine, DOB=31/12/1999, Picture=/TestData/Ophoto.jpg, State=Haryana, Last Name=Wisem, Age=40.0}
🔍 Mapping field: firstName | Excel Column: First Name | Value: Bud
🔍 Mapping field: lastName | Excel Column: Last Name | Value: Wisem
🔍 Mapping field: email | Excel Column: Email | Value: BWisem@demoqa.com
🔍 Mapping field: salary | Excel Column: Salary | Value: 15000.0
🔍 Mapping field: age | Excel Column: Age | Value: 40.0
🔍 Mapping field: department | Excel Column: Department | Value: Medicine
🧾 Row 4: {Salary=19000.0, Email=TBoss@demoqa.com, DOBTime=5:45:00 am, Address=514 Grant 481, Prattsville\n Arkansas 72129\n United States, First Name=Tom, Gender=Male, City=Jaiselmer, Mobile=7.839875281E9, Hobbies=Sports,Reading, Subject=Social Studies, Current Address=304 Town 481, Brookville\n kansas 42129\n United States, Department=Recreation, DOB=1/26/03, Picture=/TestData/M2photo.jpg, State=Rajasthan, Last Name=Boss, Age=42.0}
🔍 Mapping field: firstName | Excel Column: First Name | Value: Tom
🔍 Mapping field: lastName | Excel Column: Last Name | Value: Boss
🔍 Mapping field: email | Excel Column: Email | Value: TBoss@demoqa.com
🔍 Mapping field: salary | Excel Column: Salary | Value: 19000.0
🔍 Mapping field: age | Excel Column: Age | Value: 42.0
🔍 Mapping field: department | Excel Column: Department | Value: Recreation
2025-09-19 12:27:56 [main] ERROR demoqaBase - Registering User: Johny
2025-09-19 12:27:56 [main] INFO  demoqaBase - Click on Elements|Web Tables|Registration Form|FirstName...
2025-09-19 12:27:56 [main] INFO  demoqaBase - First Name entered is: Johny
2025-09-19 12:27:56 [main] INFO  demoqaBase - Click on Elements|Web Tables|Registration Form|LastName...
Last Name is: Bravo
2025-09-19 12:27:57 [main] INFO  demoqaBase - Last Name entered is: Bravo
2025-09-19 12:27:57 [main] INFO  demoqaBase - Click on Elements|Web Tables|Registration Form|Email...
Email ID is: Jbravo@demoqa.com
2025-09-19 12:27:57 [main] INFO  demoqaBase - Email entered is: Jbravo@demoqa.com
2025-09-19 12:27:57 [main] INFO  demoqaBase - Click on Elements|Web Tables|Registration Form|Age...
2025-09-19 12:27:57 [main] INFO  demoqaBase - Age entered is: 34
2025-09-19 12:27:57 [main] INFO  demoqaBase - Click on Elements|Web Tables|Registration Form|Salary...
2025-09-19 12:27:57 [main] INFO  demoqaBase - Salary entered is: 280000
2025-09-19 12:27:57 [main] INFO  demoqaBase - Click on Elements|Web Tables|Registration Form|Department...
2025-09-19 12:27:57 [main] INFO  demoqaBase - Department entered is: Information Technology
2025-09-19 12:27:58 [main] INFO  demoqaBase - Submitting Registration Form...
2025-09-19 12:27:58 [main] INFO  demoqaBase - Registration Form Submitted...
2025-09-19 12:27:58 [main] ERROR demoqaBase - Submitted to register user: Johny
2025-09-19 12:27:58 [main] INFO  demoqaBase - Click on Elements|Web Tables|Registration Form...
🔹 Trying JS click on WebElement (attempt 1)
2025-09-19 12:27:58 [main] INFO  demoqaLog - 🔹 Trying JS click on WebElement (attempt 1)
🔹 Attempting JS click...
2025-09-19 12:27:58 [main] INFO  demoqaLog - 🔹 Attempting JS click...
2025-09-19 12:27:58 [main] ERROR demoqaBase - Registering User: Gene
2025-09-19 12:27:58 [main] INFO  demoqaBase - Click on Elements|Web Tables|Registration Form|FirstName...
2025-09-19 12:27:58 [main] INFO  demoqaBase - First Name entered is: Gene
2025-09-19 12:27:58 [main] INFO  demoqaBase - Click on Elements|Web Tables|Registration Form|LastName...
Last Name is: Femina
2025-09-19 12:27:58 [main] INFO  demoqaBase - Last Name entered is: Femina
2025-09-19 12:27:58 [main] INFO  demoqaBase - Click on Elements|Web Tables|Registration Form|Email...
Email ID is: GFemina@demoqa.com
2025-09-19 12:27:58 [main] INFO  demoqaBase - Email entered is: GFemina@demoqa.com
2025-09-19 12:27:58 [main] INFO  demoqaBase - Click on Elements|Web Tables|Registration Form|Age...
2025-09-19 12:27:59 [main] INFO  demoqaBase - Age entered is: 30
2025-09-19 12:27:59 [main] INFO  demoqaBase - Click on Elements|Web Tables|Registration Form|Salary...
2025-09-19 12:27:59 [main] INFO  demoqaBase - Salary entered is: 180000
2025-09-19 12:27:59 [main] INFO  demoqaBase - Click on Elements|Web Tables|Registration Form|Department...
2025-09-19 12:27:59 [main] INFO  demoqaBase - Department entered is: Finance
2025-09-19 12:27:59 [main] INFO  demoqaBase - Submitting Registration Form...
2025-09-19 12:27:59 [main] INFO  demoqaBase - Registration Form Submitted...
2025-09-19 12:27:59 [main] ERROR demoqaBase - Submitted to register user: Gene
2025-09-19 12:27:59 [main] INFO  demoqaBase - Click on Elements|Web Tables|Registration Form...
🔹 Trying JS click on WebElement (attempt 1)
2025-09-19 12:27:59 [main] INFO  demoqaLog - 🔹 Trying JS click on WebElement (attempt 1)
🔹 Attempting JS click...
2025-09-19 12:27:59 [main] INFO  demoqaLog - 🔹 Attempting JS click...
2025-09-19 12:27:59 [main] ERROR demoqaBase - Registering User: Bud
2025-09-19 12:27:59 [main] INFO  demoqaBase - Click on Elements|Web Tables|Registration Form|FirstName...
2025-09-19 12:28:00 [main] INFO  demoqaBase - First Name entered is: Bud
2025-09-19 12:28:00 [main] INFO  demoqaBase - Click on Elements|Web Tables|Registration Form|LastName...
Last Name is: Wisem
2025-09-19 12:28:00 [main] INFO  demoqaBase - Last Name entered is: Wisem
2025-09-19 12:28:00 [main] INFO  demoqaBase - Click on Elements|Web Tables|Registration Form|Email...
Email ID is: BWisem@demoqa.com
2025-09-19 12:28:00 [main] INFO  demoqaBase - Email entered is: BWisem@demoqa.com
2025-09-19 12:28:00 [main] INFO  demoqaBase - Click on Elements|Web Tables|Registration Form|Age...
2025-09-19 12:28:00 [main] INFO  demoqaBase - Age entered is: 40
2025-09-19 12:28:00 [main] INFO  demoqaBase - Click on Elements|Web Tables|Registration Form|Salary...
2025-09-19 12:28:00 [main] INFO  demoqaBase - Salary entered is: 150000
2025-09-19 12:28:00 [main] INFO  demoqaBase - Click on Elements|Web Tables|Registration Form|Department...
2025-09-19 12:28:00 [main] INFO  demoqaBase - Department entered is: Medicine
2025-09-19 12:28:00 [main] INFO  demoqaBase - Submitting Registration Form...
2025-09-19 12:28:01 [main] INFO  demoqaBase - Registration Form Submitted...
2025-09-19 12:28:01 [main] ERROR demoqaBase - Submitted to register user: Bud
2025-09-19 12:28:01 [main] INFO  demoqaBase - Click on Elements|Web Tables|Registration Form...
🔹 Trying JS click on WebElement (attempt 1)
2025-09-19 12:28:01 [main] INFO  demoqaLog - 🔹 Trying JS click on WebElement (attempt 1)
🔹 Attempting JS click...
2025-09-19 12:28:01 [main] INFO  demoqaLog - 🔹 Attempting JS click...
2025-09-19 12:28:01 [main] ERROR demoqaBase - Registering User: Tom
2025-09-19 12:28:01 [main] INFO  demoqaBase - Click on Elements|Web Tables|Registration Form|FirstName...
2025-09-19 12:28:01 [main] INFO  demoqaBase - First Name entered is: Tom
2025-09-19 12:28:01 [main] INFO  demoqaBase - Click on Elements|Web Tables|Registration Form|LastName...
Last Name is: Boss
2025-09-19 12:28:01 [main] INFO  demoqaBase - Last Name entered is: Boss
2025-09-19 12:28:01 [main] INFO  demoqaBase - Click on Elements|Web Tables|Registration Form|Email...
Email ID is: TBoss@demoqa.com
2025-09-19 12:28:01 [main] INFO  demoqaBase - Email entered is: TBoss@demoqa.com
2025-09-19 12:28:01 [main] INFO  demoqaBase - Click on Elements|Web Tables|Registration Form|Age...
2025-09-19 12:28:01 [main] INFO  demoqaBase - Age entered is: 42
2025-09-19 12:28:01 [main] INFO  demoqaBase - Click on Elements|Web Tables|Registration Form|Salary...
2025-09-19 12:28:02 [main] INFO  demoqaBase - Salary entered is: 190000
2025-09-19 12:28:02 [main] INFO  demoqaBase - Click on Elements|Web Tables|Registration Form|Department...
2025-09-19 12:28:02 [main] INFO  demoqaBase - Department entered is: Recreation
2025-09-19 12:28:02 [main] INFO  demoqaBase - Submitting Registration Form...
2025-09-19 12:28:02 [main] INFO  demoqaBase - Registration Form Submitted...
2025-09-19 12:28:02 [main] ERROR demoqaBase - Submitted to register user: Tom
2025-09-19 12:28:02 [main] INFO  demoqaBase - Click on Elements|Web Tables|Registration Form...
🔹 Trying JS click on WebElement (attempt 1)
2025-09-19 12:28:02 [main] INFO  demoqaLog - 🔹 Trying JS click on WebElement (attempt 1)
🔹 Attempting JS click...
2025-09-19 12:28:02 [main] INFO  demoqaLog - 🔹 Attempting JS click...
Initial user count: 10
Final user count: 10
2025-09-19 12:28:02 [main] INFO  demoqaBase - ✅ Test for Bulk User Creation in Web Table Completed Successfully...
]]></system-out>
  </testcase>
  <testcase name="testAddAllUsersSearchEdit" classname="tests.ElementsTests" time="10.276">
    <system-out><![CDATA[Path for Screenshot is: C:\ASN\eclipse_workspace\demoqa-automation/screenshots/testAddAllUsersFromExcel_Passed_20250919_122802+2025-09-19_12-28-02.png
2025-09-19 12:28:02 [main] INFO  demoqaBase - ✅ Test testAddAllUsersFromExcel passed. Screenshot captured.
2025-09-19 12:28:02 [main] INFO  demoqaBase - Closing browser for test: testAddAllUsersFromExcel
2025-09-19 12:28:03 [main] INFO  DriverFactory - 🌐 Starting Chrome Web Browser...
2025-09-19 12:28:03 [main] INFO  DriverFactory - ✅ Created temporary Chrome profile at C:\Users\dell\AppData\Local\Temp\chrome-profile-14428151635179620373
2025-09-19 12:28:04 [main] INFO  DriverFactory - 🚀 WebDriver started successfully
2025-09-19 12:28:04 [main] INFO  RetryUrlAccess - 🌐 Navigating to URL (attempt 1): https://demoqa.com
2025-09-19 12:28:09 [main] INFO  RetryUrlAccess - ✅ Navigation successful on attempt 1
Instance Variables Declared are: nullnull
2025-09-19 12:28:09 [main] INFO  demoqaBase - Accessing Elements Card...
2025-09-19 12:28:09 [main] INFO  demoqaLog - Clicking on Elements Card...
🔹 Trying JS click by locator (attempt 1)
2025-09-19 12:28:09 [main] INFO  demoqaLog - 🔹 Trying JS click by locator (attempt 1)
🔹 Attempting JS click...
2025-09-19 12:28:09 [main] INFO  demoqaLog - 🔹 Attempting JS click...
⚡ Falling back to native click by locator (attempt 1)
2025-09-19 12:28:09 [main] INFO  demoqaLog - ⚡ Falling back to native click by locator (attempt 1)
2025-09-19 12:28:09 [main] INFO  demoqaLog - Clicked on Elements Card...
Title of this Page is: DEMOQA
You are Accessing: Elements
 
Elements: Please select an item from left to start practice.
2025-09-19 12:28:09 [main] INFO  demoqaBase - Elements: Please select an item from left to start practice.
2025-09-19 12:28:09 [main] INFO  demoqaBase - Click on Elements|Web Tables...
2025-09-19 12:28:09 [main] INFO  demoqaLog - ⏳ Waiting for page to fully load (timeout: 30s)
2025-09-19 12:28:09 [main] INFO  demoqaLog - ✅ Page load completed.
🧾 Row 1: {Salary=28000.0, Email=Jbravo@demoqa.com, DOBTime=6:45:00 am, Address=511 Grant 481, Prattsville\n Arkansas 72129\n United States, First Name=Johny, Gender=Male, City=Delhi, Mobile=9.238343488E9, Hobbies=Sports,Music, Subject=Computer Science, Current Address=301 Town 481, Brookville\n kansas 42129\n United States, Department=Information Technology, DOB=15/08/2000, Picture=/TestData/Mphoto.jpg, State=NCR, Last Name=Bravo, Age=34.0}
🔍 Mapping field: firstName | Excel Column: First Name | Value: Johny
🔍 Mapping field: lastName | Excel Column: Last Name | Value: Bravo
🔍 Mapping field: email | Excel Column: Email | Value: Jbravo@demoqa.com
🔍 Mapping field: salary | Excel Column: Salary | Value: 28000.0
🔍 Mapping field: age | Excel Column: Age | Value: 34.0
🔍 Mapping field: department | Excel Column: Department | Value: Information Technology
🧾 Row 2: {Salary=18000.0, Email=GFemina@demoqa.com, DOBTime=4:30:00 pm, Address=512 Grant 481, Prattsville\n Arkansas 72129\n United States, First Name=Gene, Gender=Female, City=Merrut, Mobile=1.888343432E9, Hobbies=Music,Reading, Subject=Accounting, Current Address=302 Town 481, Brookville\n kansas 42129\n United States, Department=Finance, DOB=22/05/2002, Picture=/TestData/Fphoto.png, State=Uttar Pradesh, Last Name=Femina, Age=30.0}
🔍 Mapping field: firstName | Excel Column: First Name | Value: Gene
🔍 Mapping field: lastName | Excel Column: Last Name | Value: Femina
🔍 Mapping field: email | Excel Column: Email | Value: GFemina@demoqa.com
🔍 Mapping field: salary | Excel Column: Salary | Value: 18000.0
🔍 Mapping field: age | Excel Column: Age | Value: 30.0
🔍 Mapping field: department | Excel Column: Department | Value: Finance
🧾 Row 3: {Salary=15000.0, Email=BWisem@demoqa.com, DOBTime=8:45:00 pm, Address=513 Grant 481, Prattsville\n Arkansas 72129\n United States, First Name=Bud, Gender=Other, City=Panipat, Mobile=8.932465432E9, Hobbies=Reading, Subject=Biology, Current Address=303 Town 481, Brookville\n kansas 42129\n United States, Department=Medicine, DOB=31/12/1999, Picture=/TestData/Ophoto.jpg, State=Haryana, Last Name=Wisem, Age=40.0}
🔍 Mapping field: firstName | Excel Column: First Name | Value: Bud
🔍 Mapping field: lastName | Excel Column: Last Name | Value: Wisem
🔍 Mapping field: email | Excel Column: Email | Value: BWisem@demoqa.com
🔍 Mapping field: salary | Excel Column: Salary | Value: 15000.0
🔍 Mapping field: age | Excel Column: Age | Value: 40.0
🔍 Mapping field: department | Excel Column: Department | Value: Medicine
🧾 Row 4: {Salary=19000.0, Email=TBoss@demoqa.com, DOBTime=5:45:00 am, Address=514 Grant 481, Prattsville\n Arkansas 72129\n United States, First Name=Tom, Gender=Male, City=Jaiselmer, Mobile=7.839875281E9, Hobbies=Sports,Reading, Subject=Social Studies, Current Address=304 Town 481, Brookville\n kansas 42129\n United States, Department=Recreation, DOB=1/26/03, Picture=/TestData/M2photo.jpg, State=Rajasthan, Last Name=Boss, Age=42.0}
🔍 Mapping field: firstName | Excel Column: First Name | Value: Tom
🔍 Mapping field: lastName | Excel Column: Last Name | Value: Boss
🔍 Mapping field: email | Excel Column: Email | Value: TBoss@demoqa.com
🔍 Mapping field: salary | Excel Column: Salary | Value: 19000.0
🔍 Mapping field: age | Excel Column: Age | Value: 42.0
🔍 Mapping field: department | Excel Column: Department | Value: Recreation
2025-09-19 12:28:09 [main] INFO  demoqaBase - Click on Elements|Web Tables|Registration Form...
🔹 Trying JS click on WebElement (attempt 1)
2025-09-19 12:28:09 [main] INFO  demoqaLog - 🔹 Trying JS click on WebElement (attempt 1)
🔹 Attempting JS click...
2025-09-19 12:28:09 [main] INFO  demoqaLog - 🔹 Attempting JS click...
🧾 Row 1: {Salary=28000.0, Email=Jbravo@demoqa.com, DOBTime=6:45:00 am, Address=511 Grant 481, Prattsville\n Arkansas 72129\n United States, First Name=Johny, Gender=Male, City=Delhi, Mobile=9.238343488E9, Hobbies=Sports,Music, Subject=Computer Science, Current Address=301 Town 481, Brookville\n kansas 42129\n United States, Department=Information Technology, DOB=15/08/2000, Picture=/TestData/Mphoto.jpg, State=NCR, Last Name=Bravo, Age=34.0}
🔍 Mapping field: firstName | Excel Column: First Name | Value: Johny
🔍 Mapping field: lastName | Excel Column: Last Name | Value: Bravo
🔍 Mapping field: email | Excel Column: Email | Value: Jbravo@demoqa.com
🔍 Mapping field: salary | Excel Column: Salary | Value: 28000.0
🔍 Mapping field: age | Excel Column: Age | Value: 34.0
🔍 Mapping field: department | Excel Column: Department | Value: Information Technology
🧾 Row 2: {Salary=18000.0, Email=GFemina@demoqa.com, DOBTime=4:30:00 pm, Address=512 Grant 481, Prattsville\n Arkansas 72129\n United States, First Name=Gene, Gender=Female, City=Merrut, Mobile=1.888343432E9, Hobbies=Music,Reading, Subject=Accounting, Current Address=302 Town 481, Brookville\n kansas 42129\n United States, Department=Finance, DOB=22/05/2002, Picture=/TestData/Fphoto.png, State=Uttar Pradesh, Last Name=Femina, Age=30.0}
🔍 Mapping field: firstName | Excel Column: First Name | Value: Gene
🔍 Mapping field: lastName | Excel Column: Last Name | Value: Femina
🔍 Mapping field: email | Excel Column: Email | Value: GFemina@demoqa.com
🔍 Mapping field: salary | Excel Column: Salary | Value: 18000.0
🔍 Mapping field: age | Excel Column: Age | Value: 30.0
🔍 Mapping field: department | Excel Column: Department | Value: Finance
🧾 Row 3: {Salary=15000.0, Email=BWisem@demoqa.com, DOBTime=8:45:00 pm, Address=513 Grant 481, Prattsville\n Arkansas 72129\n United States, First Name=Bud, Gender=Other, City=Panipat, Mobile=8.932465432E9, Hobbies=Reading, Subject=Biology, Current Address=303 Town 481, Brookville\n kansas 42129\n United States, Department=Medicine, DOB=31/12/1999, Picture=/TestData/Ophoto.jpg, State=Haryana, Last Name=Wisem, Age=40.0}
🔍 Mapping field: firstName | Excel Column: First Name | Value: Bud
🔍 Mapping field: lastName | Excel Column: Last Name | Value: Wisem
🔍 Mapping field: email | Excel Column: Email | Value: BWisem@demoqa.com
🔍 Mapping field: salary | Excel Column: Salary | Value: 15000.0
🔍 Mapping field: age | Excel Column: Age | Value: 40.0
🔍 Mapping field: department | Excel Column: Department | Value: Medicine
🧾 Row 4: {Salary=19000.0, Email=TBoss@demoqa.com, DOBTime=5:45:00 am, Address=514 Grant 481, Prattsville\n Arkansas 72129\n United States, First Name=Tom, Gender=Male, City=Jaiselmer, Mobile=7.839875281E9, Hobbies=Sports,Reading, Subject=Social Studies, Current Address=304 Town 481, Brookville\n kansas 42129\n United States, Department=Recreation, DOB=1/26/03, Picture=/TestData/M2photo.jpg, State=Rajasthan, Last Name=Boss, Age=42.0}
🔍 Mapping field: firstName | Excel Column: First Name | Value: Tom
🔍 Mapping field: lastName | Excel Column: Last Name | Value: Boss
🔍 Mapping field: email | Excel Column: Email | Value: TBoss@demoqa.com
🔍 Mapping field: salary | Excel Column: Salary | Value: 19000.0
🔍 Mapping field: age | Excel Column: Age | Value: 42.0
🔍 Mapping field: department | Excel Column: Department | Value: Recreation
2025-09-19 12:28:10 [main] ERROR demoqaBase - Registering User: Johny
2025-09-19 12:28:10 [main] INFO  demoqaBase - Click on Elements|Web Tables|Registration Form|FirstName...
2025-09-19 12:28:10 [main] INFO  demoqaBase - First Name entered is: Johny
2025-09-19 12:28:10 [main] INFO  demoqaBase - Click on Elements|Web Tables|Registration Form|LastName...
Last Name is: Bravo
2025-09-19 12:28:11 [main] INFO  demoqaBase - Last Name entered is: Bravo
2025-09-19 12:28:11 [main] INFO  demoqaBase - Click on Elements|Web Tables|Registration Form|Email...
Email ID is: Jbravo@demoqa.com
2025-09-19 12:28:11 [main] INFO  demoqaBase - Email entered is: Jbravo@demoqa.com
2025-09-19 12:28:11 [main] INFO  demoqaBase - Click on Elements|Web Tables|Registration Form|Age...
2025-09-19 12:28:11 [main] INFO  demoqaBase - Age entered is: 34
2025-09-19 12:28:11 [main] INFO  demoqaBase - Click on Elements|Web Tables|Registration Form|Salary...
2025-09-19 12:28:11 [main] INFO  demoqaBase - Salary entered is: 280000
2025-09-19 12:28:11 [main] INFO  demoqaBase - Click on Elements|Web Tables|Registration Form|Department...
2025-09-19 12:28:11 [main] INFO  demoqaBase - Department entered is: Information Technology
2025-09-19 12:28:11 [main] INFO  demoqaBase - Submitting Registration Form...
2025-09-19 12:28:11 [main] INFO  demoqaBase - Registration Form Submitted...
2025-09-19 12:28:11 [main] ERROR demoqaBase - Submitted to register user: Johny
2025-09-19 12:28:11 [main] INFO  demoqaBase - Click on Elements|Web Tables|Registration Form...
🔹 Trying JS click on WebElement (attempt 1)
2025-09-19 12:28:11 [main] INFO  demoqaLog - 🔹 Trying JS click on WebElement (attempt 1)
🔹 Attempting JS click...
2025-09-19 12:28:11 [main] INFO  demoqaLog - 🔹 Attempting JS click...
2025-09-19 12:28:12 [main] ERROR demoqaBase - Registering User: Gene
2025-09-19 12:28:12 [main] INFO  demoqaBase - Click on Elements|Web Tables|Registration Form|FirstName...
2025-09-19 12:28:12 [main] INFO  demoqaBase - First Name entered is: Gene
2025-09-19 12:28:12 [main] INFO  demoqaBase - Click on Elements|Web Tables|Registration Form|LastName...
Last Name is: Femina
2025-09-19 12:28:12 [main] INFO  demoqaBase - Last Name entered is: Femina
2025-09-19 12:28:12 [main] INFO  demoqaBase - Click on Elements|Web Tables|Registration Form|Email...
Email ID is: GFemina@demoqa.com
2025-09-19 12:28:12 [main] INFO  demoqaBase - Email entered is: GFemina@demoqa.com
2025-09-19 12:28:12 [main] INFO  demoqaBase - Click on Elements|Web Tables|Registration Form|Age...
2025-09-19 12:28:13 [main] INFO  demoqaBase - Age entered is: 30
2025-09-19 12:28:13 [main] INFO  demoqaBase - Click on Elements|Web Tables|Registration Form|Salary...
2025-09-19 12:28:13 [main] INFO  demoqaBase - Salary entered is: 180000
2025-09-19 12:28:13 [main] INFO  demoqaBase - Click on Elements|Web Tables|Registration Form|Department...
2025-09-19 12:28:13 [main] INFO  demoqaBase - Department entered is: Finance
2025-09-19 12:28:13 [main] INFO  demoqaBase - Submitting Registration Form...
2025-09-19 12:28:13 [main] INFO  demoqaBase - Registration Form Submitted...
2025-09-19 12:28:13 [main] ERROR demoqaBase - Submitted to register user: Gene
2025-09-19 12:28:13 [main] INFO  demoqaBase - Click on Elements|Web Tables|Registration Form...
🔹 Trying JS click on WebElement (attempt 1)
2025-09-19 12:28:13 [main] INFO  demoqaLog - 🔹 Trying JS click on WebElement (attempt 1)
🔹 Attempting JS click...
2025-09-19 12:28:13 [main] INFO  demoqaLog - 🔹 Attempting JS click...
2025-09-19 12:28:13 [main] ERROR demoqaBase - Registering User: Bud
2025-09-19 12:28:13 [main] INFO  demoqaBase - Click on Elements|Web Tables|Registration Form|FirstName...
2025-09-19 12:28:14 [main] INFO  demoqaBase - First Name entered is: Bud
2025-09-19 12:28:14 [main] INFO  demoqaBase - Click on Elements|Web Tables|Registration Form|LastName...
Last Name is: Wisem
2025-09-19 12:28:14 [main] INFO  demoqaBase - Last Name entered is: Wisem
2025-09-19 12:28:14 [main] INFO  demoqaBase - Click on Elements|Web Tables|Registration Form|Email...
Email ID is: BWisem@demoqa.com
2025-09-19 12:28:14 [main] INFO  demoqaBase - Email entered is: BWisem@demoqa.com
2025-09-19 12:28:14 [main] INFO  demoqaBase - Click on Elements|Web Tables|Registration Form|Age...
2025-09-19 12:28:14 [main] INFO  demoqaBase - Age entered is: 40
2025-09-19 12:28:14 [main] INFO  demoqaBase - Click on Elements|Web Tables|Registration Form|Salary...
2025-09-19 12:28:15 [main] INFO  demoqaBase - Salary entered is: 150000
2025-09-19 12:28:15 [main] INFO  demoqaBase - Click on Elements|Web Tables|Registration Form|Department...
2025-09-19 12:28:15 [main] INFO  demoqaBase - Department entered is: Medicine
2025-09-19 12:28:15 [main] INFO  demoqaBase - Submitting Registration Form...
2025-09-19 12:28:15 [main] INFO  demoqaBase - Registration Form Submitted...
2025-09-19 12:28:15 [main] ERROR demoqaBase - Submitted to register user: Bud
2025-09-19 12:28:15 [main] INFO  demoqaBase - Click on Elements|Web Tables|Registration Form...
🔹 Trying JS click on WebElement (attempt 1)
2025-09-19 12:28:15 [main] INFO  demoqaLog - 🔹 Trying JS click on WebElement (attempt 1)
🔹 Attempting JS click...
2025-09-19 12:28:15 [main] INFO  demoqaLog - 🔹 Attempting JS click...
2025-09-19 12:28:15 [main] ERROR demoqaBase - Registering User: Tom
2025-09-19 12:28:15 [main] INFO  demoqaBase - Click on Elements|Web Tables|Registration Form|FirstName...
2025-09-19 12:28:15 [main] INFO  demoqaBase - First Name entered is: Tom
2025-09-19 12:28:15 [main] INFO  demoqaBase - Click on Elements|Web Tables|Registration Form|LastName...
Last Name is: Boss
2025-09-19 12:28:16 [main] INFO  demoqaBase - Last Name entered is: Boss
2025-09-19 12:28:16 [main] INFO  demoqaBase - Click on Elements|Web Tables|Registration Form|Email...
Email ID is: TBoss@demoqa.com
2025-09-19 12:28:16 [main] INFO  demoqaBase - Email entered is: TBoss@demoqa.com
2025-09-19 12:28:16 [main] INFO  demoqaBase - Click on Elements|Web Tables|Registration Form|Age...
2025-09-19 12:28:16 [main] INFO  demoqaBase - Age entered is: 42
2025-09-19 12:28:16 [main] INFO  demoqaBase - Click on Elements|Web Tables|Registration Form|Salary...
2025-09-19 12:28:16 [main] INFO  demoqaBase - Salary entered is: 190000
2025-09-19 12:28:16 [main] INFO  demoqaBase - Click on Elements|Web Tables|Registration Form|Department...
2025-09-19 12:28:16 [main] INFO  demoqaBase - Department entered is: Recreation
2025-09-19 12:28:16 [main] INFO  demoqaBase - Submitting Registration Form...
2025-09-19 12:28:16 [main] INFO  demoqaBase - Registration Form Submitted...
2025-09-19 12:28:16 [main] ERROR demoqaBase - Submitted to register user: Tom
2025-09-19 12:28:16 [main] INFO  demoqaBase - Click on Elements|Web Tables|Registration Form...
🔹 Trying JS click on WebElement (attempt 1)
2025-09-19 12:28:16 [main] INFO  demoqaLog - 🔹 Trying JS click on WebElement (attempt 1)
🔹 Attempting JS click...
2025-09-19 12:28:16 [main] INFO  demoqaLog - 🔹 Attempting JS click...
2025-09-19 12:28:17 [main] INFO  demoqaBase - Modifying First Name of the user...
2025-09-19 12:28:19 [main] INFO  demoqaBase - Updated First Name is: Genelia
Initial user count: 10
Final user count: 10
2025-09-19 12:28:19 [main] INFO  demoqaBase - ✅ Test for Bulk User Creation and Edit Completed Successfully...
]]></system-out>
  </testcase>
  <testcase name="EditSalaryDepartment" classname="tests.ElementsTests" time="14.032">
    <system-out><![CDATA[2025-09-19 12:28:19 [main] INFO  demoqaBase - Closing browser for test: testAddAllUsersSearchEdit
2025-09-19 12:28:19 [main] INFO  DriverFactory - 🌐 Starting Chrome Web Browser...
2025-09-19 12:28:19 [main] INFO  DriverFactory - ✅ Created temporary Chrome profile at C:\Users\dell\AppData\Local\Temp\chrome-profile-5986820323430769939
2025-09-19 12:28:20 [main] INFO  DriverFactory - 🚀 WebDriver started successfully
2025-09-19 12:28:20 [main] INFO  RetryUrlAccess - 🌐 Navigating to URL (attempt 1): https://demoqa.com
2025-09-19 12:28:25 [main] INFO  RetryUrlAccess - ✅ Navigation successful on attempt 1
Instance Variables Declared are: nullnull
2025-09-19 12:28:25 [main] INFO  demoqaBase - Accessing Elements Card...
2025-09-19 12:28:25 [main] INFO  demoqaLog - Clicking on Elements Card...
🔹 Trying JS click by locator (attempt 1)
2025-09-19 12:28:25 [main] INFO  demoqaLog - 🔹 Trying JS click by locator (attempt 1)
🔹 Attempting JS click...
2025-09-19 12:28:25 [main] INFO  demoqaLog - 🔹 Attempting JS click...
⚡ Falling back to native click by locator (attempt 1)
2025-09-19 12:28:25 [main] INFO  demoqaLog - ⚡ Falling back to native click by locator (attempt 1)
2025-09-19 12:28:25 [main] INFO  demoqaLog - Clicked on Elements Card...
Title of this Page is: DEMOQA
You are Accessing: Elements
 
Elements: Please select an item from left to start practice.
2025-09-19 12:28:26 [main] INFO  demoqaBase - Elements: Please select an item from left to start practice.
2025-09-19 12:28:26 [main] INFO  demoqaBase - Click on Elements|Web Tables...
2025-09-19 12:28:26 [main] INFO  demoqaLog - ⏳ Waiting for page to fully load (timeout: 30s)
2025-09-19 12:28:26 [main] INFO  demoqaLog - ✅ Page load completed.
Total Number of user before adding new ones are: 10
🧾 Row 1: {Salary=28000.0, Email=Jbravo@demoqa.com, DOBTime=6:45:00 am, Address=511 Grant 481, Prattsville\n Arkansas 72129\n United States, First Name=Johny, Gender=Male, City=Delhi, Mobile=9.238343488E9, Hobbies=Sports,Music, Subject=Computer Science, Current Address=301 Town 481, Brookville\n kansas 42129\n United States, Department=Information Technology, DOB=15/08/2000, Picture=/TestData/Mphoto.jpg, State=NCR, Last Name=Bravo, Age=34.0}
🔍 Mapping field: firstName | Excel Column: First Name | Value: Johny
🔍 Mapping field: lastName | Excel Column: Last Name | Value: Bravo
🔍 Mapping field: email | Excel Column: Email | Value: Jbravo@demoqa.com
🔍 Mapping field: salary | Excel Column: Salary | Value: 28000.0
🔍 Mapping field: age | Excel Column: Age | Value: 34.0
🔍 Mapping field: department | Excel Column: Department | Value: Information Technology
🧾 Row 2: {Salary=18000.0, Email=GFemina@demoqa.com, DOBTime=4:30:00 pm, Address=512 Grant 481, Prattsville\n Arkansas 72129\n United States, First Name=Gene, Gender=Female, City=Merrut, Mobile=1.888343432E9, Hobbies=Music,Reading, Subject=Accounting, Current Address=302 Town 481, Brookville\n kansas 42129\n United States, Department=Finance, DOB=22/05/2002, Picture=/TestData/Fphoto.png, State=Uttar Pradesh, Last Name=Femina, Age=30.0}
🔍 Mapping field: firstName | Excel Column: First Name | Value: Gene
🔍 Mapping field: lastName | Excel Column: Last Name | Value: Femina
🔍 Mapping field: email | Excel Column: Email | Value: GFemina@demoqa.com
🔍 Mapping field: salary | Excel Column: Salary | Value: 18000.0
🔍 Mapping field: age | Excel Column: Age | Value: 30.0
🔍 Mapping field: department | Excel Column: Department | Value: Finance
🧾 Row 3: {Salary=15000.0, Email=BWisem@demoqa.com, DOBTime=8:45:00 pm, Address=513 Grant 481, Prattsville\n Arkansas 72129\n United States, First Name=Bud, Gender=Other, City=Panipat, Mobile=8.932465432E9, Hobbies=Reading, Subject=Biology, Current Address=303 Town 481, Brookville\n kansas 42129\n United States, Department=Medicine, DOB=31/12/1999, Picture=/TestData/Ophoto.jpg, State=Haryana, Last Name=Wisem, Age=40.0}
🔍 Mapping field: firstName | Excel Column: First Name | Value: Bud
🔍 Mapping field: lastName | Excel Column: Last Name | Value: Wisem
🔍 Mapping field: email | Excel Column: Email | Value: BWisem@demoqa.com
🔍 Mapping field: salary | Excel Column: Salary | Value: 15000.0
🔍 Mapping field: age | Excel Column: Age | Value: 40.0
🔍 Mapping field: department | Excel Column: Department | Value: Medicine
🧾 Row 4: {Salary=19000.0, Email=TBoss@demoqa.com, DOBTime=5:45:00 am, Address=514 Grant 481, Prattsville\n Arkansas 72129\n United States, First Name=Tom, Gender=Male, City=Jaiselmer, Mobile=7.839875281E9, Hobbies=Sports,Reading, Subject=Social Studies, Current Address=304 Town 481, Brookville\n kansas 42129\n United States, Department=Recreation, DOB=1/26/03, Picture=/TestData/M2photo.jpg, State=Rajasthan, Last Name=Boss, Age=42.0}
🔍 Mapping field: firstName | Excel Column: First Name | Value: Tom
🔍 Mapping field: lastName | Excel Column: Last Name | Value: Boss
🔍 Mapping field: email | Excel Column: Email | Value: TBoss@demoqa.com
🔍 Mapping field: salary | Excel Column: Salary | Value: 19000.0
🔍 Mapping field: age | Excel Column: Age | Value: 42.0
🔍 Mapping field: department | Excel Column: Department | Value: Recreation
2025-09-19 12:28:26 [main] INFO  demoqaBase - Click on Elements|Web Tables|Registration Form...
🔹 Trying JS click on WebElement (attempt 1)
2025-09-19 12:28:26 [main] INFO  demoqaLog - 🔹 Trying JS click on WebElement (attempt 1)
🔹 Attempting JS click...
2025-09-19 12:28:26 [main] INFO  demoqaLog - 🔹 Attempting JS click...
🧾 Row 1: {Salary=28000.0, Email=Jbravo@demoqa.com, DOBTime=6:45:00 am, Address=511 Grant 481, Prattsville\n Arkansas 72129\n United States, First Name=Johny, Gender=Male, City=Delhi, Mobile=9.238343488E9, Hobbies=Sports,Music, Subject=Computer Science, Current Address=301 Town 481, Brookville\n kansas 42129\n United States, Department=Information Technology, DOB=15/08/2000, Picture=/TestData/Mphoto.jpg, State=NCR, Last Name=Bravo, Age=34.0}
🔍 Mapping field: firstName | Excel Column: First Name | Value: Johny
🔍 Mapping field: lastName | Excel Column: Last Name | Value: Bravo
🔍 Mapping field: email | Excel Column: Email | Value: Jbravo@demoqa.com
🔍 Mapping field: salary | Excel Column: Salary | Value: 28000.0
🔍 Mapping field: age | Excel Column: Age | Value: 34.0
🔍 Mapping field: department | Excel Column: Department | Value: Information Technology
🧾 Row 2: {Salary=18000.0, Email=GFemina@demoqa.com, DOBTime=4:30:00 pm, Address=512 Grant 481, Prattsville\n Arkansas 72129\n United States, First Name=Gene, Gender=Female, City=Merrut, Mobile=1.888343432E9, Hobbies=Music,Reading, Subject=Accounting, Current Address=302 Town 481, Brookville\n kansas 42129\n United States, Department=Finance, DOB=22/05/2002, Picture=/TestData/Fphoto.png, State=Uttar Pradesh, Last Name=Femina, Age=30.0}
🔍 Mapping field: firstName | Excel Column: First Name | Value: Gene
🔍 Mapping field: lastName | Excel Column: Last Name | Value: Femina
🔍 Mapping field: email | Excel Column: Email | Value: GFemina@demoqa.com
🔍 Mapping field: salary | Excel Column: Salary | Value: 18000.0
🔍 Mapping field: age | Excel Column: Age | Value: 30.0
🔍 Mapping field: department | Excel Column: Department | Value: Finance
🧾 Row 3: {Salary=15000.0, Email=BWisem@demoqa.com, DOBTime=8:45:00 pm, Address=513 Grant 481, Prattsville\n Arkansas 72129\n United States, First Name=Bud, Gender=Other, City=Panipat, Mobile=8.932465432E9, Hobbies=Reading, Subject=Biology, Current Address=303 Town 481, Brookville\n kansas 42129\n United States, Department=Medicine, DOB=31/12/1999, Picture=/TestData/Ophoto.jpg, State=Haryana, Last Name=Wisem, Age=40.0}
🔍 Mapping field: firstName | Excel Column: First Name | Value: Bud
🔍 Mapping field: lastName | Excel Column: Last Name | Value: Wisem
🔍 Mapping field: email | Excel Column: Email | Value: BWisem@demoqa.com
🔍 Mapping field: salary | Excel Column: Salary | Value: 15000.0
🔍 Mapping field: age | Excel Column: Age | Value: 40.0
🔍 Mapping field: department | Excel Column: Department | Value: Medicine
🧾 Row 4: {Salary=19000.0, Email=TBoss@demoqa.com, DOBTime=5:45:00 am, Address=514 Grant 481, Prattsville\n Arkansas 72129\n United States, First Name=Tom, Gender=Male, City=Jaiselmer, Mobile=7.839875281E9, Hobbies=Sports,Reading, Subject=Social Studies, Current Address=304 Town 481, Brookville\n kansas 42129\n United States, Department=Recreation, DOB=1/26/03, Picture=/TestData/M2photo.jpg, State=Rajasthan, Last Name=Boss, Age=42.0}
🔍 Mapping field: firstName | Excel Column: First Name | Value: Tom
🔍 Mapping field: lastName | Excel Column: Last Name | Value: Boss
🔍 Mapping field: email | Excel Column: Email | Value: TBoss@demoqa.com
🔍 Mapping field: salary | Excel Column: Salary | Value: 19000.0
🔍 Mapping field: age | Excel Column: Age | Value: 42.0
🔍 Mapping field: department | Excel Column: Department | Value: Recreation
2025-09-19 12:28:26 [main] ERROR demoqaBase - Registering User: Johny
2025-09-19 12:28:26 [main] INFO  demoqaBase - Click on Elements|Web Tables|Registration Form|FirstName...
2025-09-19 12:28:27 [main] INFO  demoqaBase - First Name entered is: Johny
2025-09-19 12:28:27 [main] INFO  demoqaBase - Click on Elements|Web Tables|Registration Form|LastName...
Last Name is: Bravo
2025-09-19 12:28:27 [main] INFO  demoqaBase - Last Name entered is: Bravo
2025-09-19 12:28:27 [main] INFO  demoqaBase - Click on Elements|Web Tables|Registration Form|Email...
Email ID is: Jbravo@demoqa.com
2025-09-19 12:28:27 [main] INFO  demoqaBase - Email entered is: Jbravo@demoqa.com
2025-09-19 12:28:27 [main] INFO  demoqaBase - Click on Elements|Web Tables|Registration Form|Age...
2025-09-19 12:28:27 [main] INFO  demoqaBase - Age entered is: 34
2025-09-19 12:28:27 [main] INFO  demoqaBase - Click on Elements|Web Tables|Registration Form|Salary...
2025-09-19 12:28:28 [main] INFO  demoqaBase - Salary entered is: 280000
2025-09-19 12:28:28 [main] INFO  demoqaBase - Click on Elements|Web Tables|Registration Form|Department...
2025-09-19 12:28:28 [main] INFO  demoqaBase - Department entered is: Information Technology
2025-09-19 12:28:28 [main] INFO  demoqaBase - Submitting Registration Form...
2025-09-19 12:28:28 [main] INFO  demoqaBase - Registration Form Submitted...
2025-09-19 12:28:28 [main] ERROR demoqaBase - Submitted to register user: Johny
2025-09-19 12:28:28 [main] INFO  demoqaBase - Click on Elements|Web Tables|Registration Form...
🔹 Trying JS click on WebElement (attempt 1)
2025-09-19 12:28:28 [main] INFO  demoqaLog - 🔹 Trying JS click on WebElement (attempt 1)
🔹 Attempting JS click...
2025-09-19 12:28:28 [main] INFO  demoqaLog - 🔹 Attempting JS click...
2025-09-19 12:28:28 [main] ERROR demoqaBase - Registering User: Gene
2025-09-19 12:28:28 [main] INFO  demoqaBase - Click on Elements|Web Tables|Registration Form|FirstName...
2025-09-19 12:28:28 [main] INFO  demoqaBase - First Name entered is: Gene
2025-09-19 12:28:28 [main] INFO  demoqaBase - Click on Elements|Web Tables|Registration Form|LastName...
Last Name is: Femina
2025-09-19 12:28:28 [main] INFO  demoqaBase - Last Name entered is: Femina
2025-09-19 12:28:28 [main] INFO  demoqaBase - Click on Elements|Web Tables|Registration Form|Email...
Email ID is: GFemina@demoqa.com
2025-09-19 12:28:29 [main] INFO  demoqaBase - Email entered is: GFemina@demoqa.com
2025-09-19 12:28:29 [main] INFO  demoqaBase - Click on Elements|Web Tables|Registration Form|Age...
2025-09-19 12:28:29 [main] INFO  demoqaBase - Age entered is: 30
2025-09-19 12:28:29 [main] INFO  demoqaBase - Click on Elements|Web Tables|Registration Form|Salary...
2025-09-19 12:28:29 [main] INFO  demoqaBase - Salary entered is: 180000
2025-09-19 12:28:29 [main] INFO  demoqaBase - Click on Elements|Web Tables|Registration Form|Department...
2025-09-19 12:28:29 [main] INFO  demoqaBase - Department entered is: Finance
2025-09-19 12:28:29 [main] INFO  demoqaBase - Submitting Registration Form...
2025-09-19 12:28:29 [main] INFO  demoqaBase - Registration Form Submitted...
2025-09-19 12:28:29 [main] ERROR demoqaBase - Submitted to register user: Gene
2025-09-19 12:28:29 [main] INFO  demoqaBase - Click on Elements|Web Tables|Registration Form...
🔹 Trying JS click on WebElement (attempt 1)
2025-09-19 12:28:29 [main] INFO  demoqaLog - 🔹 Trying JS click on WebElement (attempt 1)
🔹 Attempting JS click...
2025-09-19 12:28:29 [main] INFO  demoqaLog - 🔹 Attempting JS click...
2025-09-19 12:28:30 [main] ERROR demoqaBase - Registering User: Bud
2025-09-19 12:28:30 [main] INFO  demoqaBase - Click on Elements|Web Tables|Registration Form|FirstName...
2025-09-19 12:28:30 [main] INFO  demoqaBase - First Name entered is: Bud
2025-09-19 12:28:30 [main] INFO  demoqaBase - Click on Elements|Web Tables|Registration Form|LastName...
Last Name is: Wisem
2025-09-19 12:28:30 [main] INFO  demoqaBase - Last Name entered is: Wisem
2025-09-19 12:28:30 [main] INFO  demoqaBase - Click on Elements|Web Tables|Registration Form|Email...
Email ID is: BWisem@demoqa.com
2025-09-19 12:28:30 [main] INFO  demoqaBase - Email entered is: BWisem@demoqa.com
2025-09-19 12:28:30 [main] INFO  demoqaBase - Click on Elements|Web Tables|Registration Form|Age...
2025-09-19 12:28:30 [main] INFO  demoqaBase - Age entered is: 40
2025-09-19 12:28:30 [main] INFO  demoqaBase - Click on Elements|Web Tables|Registration Form|Salary...
2025-09-19 12:28:31 [main] INFO  demoqaBase - Salary entered is: 150000
2025-09-19 12:28:31 [main] INFO  demoqaBase - Click on Elements|Web Tables|Registration Form|Department...
2025-09-19 12:28:31 [main] INFO  demoqaBase - Department entered is: Medicine
2025-09-19 12:28:31 [main] INFO  demoqaBase - Submitting Registration Form...
2025-09-19 12:28:31 [main] INFO  demoqaBase - Registration Form Submitted...
2025-09-19 12:28:31 [main] ERROR demoqaBase - Submitted to register user: Bud
2025-09-19 12:28:31 [main] INFO  demoqaBase - Click on Elements|Web Tables|Registration Form...
🔹 Trying JS click on WebElement (attempt 1)
2025-09-19 12:28:31 [main] INFO  demoqaLog - 🔹 Trying JS click on WebElement (attempt 1)
🔹 Attempting JS click...
2025-09-19 12:28:31 [main] INFO  demoqaLog - 🔹 Attempting JS click...
2025-09-19 12:28:31 [main] ERROR demoqaBase - Registering User: Tom
2025-09-19 12:28:31 [main] INFO  demoqaBase - Click on Elements|Web Tables|Registration Form|FirstName...
2025-09-19 12:28:31 [main] INFO  demoqaBase - First Name entered is: Tom
2025-09-19 12:28:31 [main] INFO  demoqaBase - Click on Elements|Web Tables|Registration Form|LastName...
Last Name is: Boss
2025-09-19 12:28:32 [main] INFO  demoqaBase - Last Name entered is: Boss
2025-09-19 12:28:32 [main] INFO  demoqaBase - Click on Elements|Web Tables|Registration Form|Email...
Email ID is: TBoss@demoqa.com
2025-09-19 12:28:32 [main] INFO  demoqaBase - Email entered is: TBoss@demoqa.com
2025-09-19 12:28:32 [main] INFO  demoqaBase - Click on Elements|Web Tables|Registration Form|Age...
2025-09-19 12:28:32 [main] INFO  demoqaBase - Age entered is: 42
2025-09-19 12:28:32 [main] INFO  demoqaBase - Click on Elements|Web Tables|Registration Form|Salary...
2025-09-19 12:28:32 [main] INFO  demoqaBase - Salary entered is: 190000
2025-09-19 12:28:32 [main] INFO  demoqaBase - Click on Elements|Web Tables|Registration Form|Department...
2025-09-19 12:28:32 [main] INFO  demoqaBase - Department entered is: Recreation
2025-09-19 12:28:32 [main] INFO  demoqaBase - Submitting Registration Form...
2025-09-19 12:28:32 [main] INFO  demoqaBase - Registration Form Submitted...
2025-09-19 12:28:32 [main] ERROR demoqaBase - Submitted to register user: Tom
2025-09-19 12:28:32 [main] INFO  demoqaBase - Click on Elements|Web Tables|Registration Form...
🔹 Trying JS click on WebElement (attempt 1)
2025-09-19 12:28:32 [main] INFO  demoqaLog - 🔹 Trying JS click on WebElement (attempt 1)
🔹 Attempting JS click...
2025-09-19 12:28:32 [main] INFO  demoqaLog - 🔹 Attempting JS click...
Current Salary is: 0
2025-09-19 12:28:33 [main] INFO  demoqaBase - Modifying First Name of the user...
2025-09-19 12:28:35 [main] INFO  demoqaBase - Updated First Name is: Tom
2025-09-19 12:28:35 [main] INFO  demoqaBase - Updating Users Salary...
New Salary is: 345000
2025-09-19 12:28:36 [main] INFO  demoqaBase - Updated Salarye is: 345000
2025-09-19 12:28:36 [main] INFO  demoqaBase - Modifying First Name of the user...
2025-09-19 12:28:38 [main] INFO  demoqaBase - Updated First Name is: Tom
2025-09-19 12:28:38 [main] INFO  demoqaBase - Updating Users Department...
New Salary is: Architecture
2025-09-19 12:28:39 [main] INFO  demoqaBase - Updated Department is: Architecture
2025-09-19 12:28:39 [main] INFO  demoqaBase - ✅ Test for Bulk User Creation and Edit Completed Successfully...
]]></system-out>
  </testcase>
  <testcase name="Buttons" classname="tests.ElementsTests" time="0.601">
    <system-out><![CDATA[2025-09-19 12:28:39 [main] INFO  demoqaBase - Closing browser for test: EditSalaryDepartment
2025-09-19 12:28:40 [main] INFO  DriverFactory - 🌐 Starting Chrome Web Browser...
2025-09-19 12:28:40 [main] INFO  DriverFactory - ✅ Created temporary Chrome profile at C:\Users\dell\AppData\Local\Temp\chrome-profile-2122629590313167945
2025-09-19 12:28:41 [main] INFO  DriverFactory - 🚀 WebDriver started successfully
2025-09-19 12:28:41 [main] INFO  RetryUrlAccess - 🌐 Navigating to URL (attempt 1): https://demoqa.com
2025-09-19 12:28:55 [main] INFO  RetryUrlAccess - ✅ Navigation successful on attempt 1
Instance Variables Declared are: nullnull
2025-09-19 12:28:55 [main] INFO  demoqaBase - Accessing Elements Card...
2025-09-19 12:28:55 [main] INFO  demoqaLog - Clicking on Elements Card...
🔹 Trying JS click by locator (attempt 1)
2025-09-19 12:28:56 [main] INFO  demoqaLog - 🔹 Trying JS click by locator (attempt 1)
🔹 Attempting JS click...
2025-09-19 12:28:56 [main] INFO  demoqaLog - 🔹 Attempting JS click...
⚡ Falling back to native click by locator (attempt 1)
2025-09-19 12:28:56 [main] INFO  demoqaLog - ⚡ Falling back to native click by locator (attempt 1)
2025-09-19 12:28:56 [main] INFO  demoqaLog - Clicked on Elements Card...
Title of this Page is: DEMOQA
You are Accessing: Elements
 
Elements: Please select an item from left to start practice.
2025-09-19 12:28:56 [main] INFO  demoqaBase - Elements: Please select an item from left to start practice.
2025-09-19 12:28:56 [main] INFO  demoqaBase - Clicking on Elements|Buttons...
2025-09-19 12:28:56 [main] INFO  demoqaBase - Clicked on Elements|Buttons...
2025-09-19 12:28:56 [main] INFO  demoqaBase - ✅ Test for Elements|Buttons Click Completed Successfully...
]]></system-out>
  </testcase>
  <testcase name="DoubleClickButtons" classname="tests.ElementsTests" time="1.852">
    <system-out><![CDATA[2025-09-19 12:28:56 [main] INFO  demoqaBase - Closing browser for test: Buttons
2025-09-19 12:28:56 [main] INFO  DriverFactory - 🌐 Starting Chrome Web Browser...
2025-09-19 12:28:56 [main] INFO  DriverFactory - ✅ Created temporary Chrome profile at C:\Users\dell\AppData\Local\Temp\chrome-profile-17322488965176017336
2025-09-19 12:28:57 [main] INFO  DriverFactory - 🚀 WebDriver started successfully
2025-09-19 12:28:57 [main] INFO  RetryUrlAccess - 🌐 Navigating to URL (attempt 1): https://demoqa.com
2025-09-19 12:29:05 [main] INFO  RetryUrlAccess - ✅ Navigation successful on attempt 1
Instance Variables Declared are: nullnull
2025-09-19 12:29:05 [main] INFO  demoqaBase - Accessing Elements Card...
2025-09-19 12:29:05 [main] INFO  demoqaLog - Clicking on Elements Card...
🔹 Trying JS click by locator (attempt 1)
2025-09-19 12:29:05 [main] INFO  demoqaLog - 🔹 Trying JS click by locator (attempt 1)
🔹 Attempting JS click...
2025-09-19 12:29:05 [main] INFO  demoqaLog - 🔹 Attempting JS click...
⚡ Falling back to native click by locator (attempt 1)
2025-09-19 12:29:05 [main] INFO  demoqaLog - ⚡ Falling back to native click by locator (attempt 1)
2025-09-19 12:29:05 [main] INFO  demoqaLog - Clicked on Elements Card...
Title of this Page is: DEMOQA
You are Accessing: Elements
 
Elements: Please select an item from left to start practice.
2025-09-19 12:29:05 [main] INFO  demoqaBase - Elements: Please select an item from left to start practice.
2025-09-19 12:29:05 [main] INFO  demoqaBase - Clicking on Elements|Buttons...
2025-09-19 12:29:05 [main] INFO  demoqaBase - Clicked on Elements|Buttons...
2025-09-19 12:29:05 [main] INFO  demoqaLog - ⏳ Waiting for page to fully load (timeout: 30s)
2025-09-19 12:29:05 [main] INFO  demoqaLog - ✅ Page load completed.
2025-09-19 12:29:05 [main] INFO  demoqaBase - Clicking on Elements|Buttons|Double Click button...
Declared WebDriverWait: org.openqa.selenium.support.ui.WebDriverWait@7587d787
You have done a double click
2025-09-19 12:29:07 [main] INFO  demoqaBase - Clicked on Elements|Buttons|Double Click button...You have done a double click
2025-09-19 12:29:07 [main] INFO  demoqaBase - ✅ Test for Elements|Buttons|Double Click Completed Successfully...
]]></system-out>
  </testcase>
  <testcase name="RightClickButton" classname="tests.ElementsTests" time="1.892">
    <system-out><![CDATA[2025-09-19 12:29:07 [main] INFO  demoqaBase - Closing browser for test: DoubleClickButtons
2025-09-19 12:29:07 [main] WARN  PauseManager - ⏸ Pausing for 5 minutes after 60 tests...
2025-09-19 12:29:07 [main] INFO  PauseManager - ▶ Resuming in 5 minutes...
2025-09-19 12:30:07 [main] INFO  PauseManager - ▶ Resuming in 4 minutes...
2025-09-19 12:31:08 [main] INFO  PauseManager - ▶ Resuming in 3 minutes...
2025-09-19 12:32:08 [main] INFO  PauseManager - ▶ Resuming in 2 minutes...
2025-09-19 12:33:09 [main] INFO  PauseManager - ▶ Resuming in 1 minutes...
2025-09-19 12:33:59 [main] INFO  PauseManager - ▶ Resuming in 10 seconds...
2025-09-19 12:34:00 [main] INFO  PauseManager - ▶ Resuming in 9 seconds...
2025-09-19 12:34:01 [main] INFO  PauseManager - ▶ Resuming in 8 seconds...
2025-09-19 12:34:02 [main] INFO  PauseManager - ▶ Resuming in 7 seconds...
2025-09-19 12:34:03 [main] INFO  PauseManager - ▶ Resuming in 6 seconds...
2025-09-19 12:34:04 [main] INFO  PauseManager - ▶ Resuming in 5 seconds...
2025-09-19 12:34:05 [main] INFO  PauseManager - ▶ Resuming in 4 seconds...
2025-09-19 12:34:06 [main] INFO  PauseManager - ▶ Resuming in 3 seconds...
2025-09-19 12:34:07 [main] INFO  PauseManager - ▶ Resuming in 2 seconds...
2025-09-19 12:34:08 [main] INFO  PauseManager - ▶ Resuming in 1 seconds...
2025-09-19 12:34:09 [main] INFO  PauseManager - ✅ Pause complete. Resuming tests...
2025-09-19 12:34:09 [main] INFO  DriverFactory - 🌐 Starting Chrome Web Browser...
2025-09-19 12:34:09 [main] INFO  DriverFactory - ✅ Created temporary Chrome profile at C:\Users\dell\AppData\Local\Temp\chrome-profile-2207334260677508577
2025-09-19 12:34:10 [main] INFO  DriverFactory - 🚀 WebDriver started successfully
2025-09-19 12:34:10 [main] INFO  RetryUrlAccess - 🌐 Navigating to URL (attempt 1): https://demoqa.com
2025-09-19 12:34:23 [main] INFO  RetryUrlAccess - ✅ Navigation successful on attempt 1
Instance Variables Declared are: nullnull
2025-09-19 12:34:23 [main] INFO  demoqaBase - Accessing Elements Card...
2025-09-19 12:34:23 [main] INFO  demoqaLog - Clicking on Elements Card...
🔹 Trying JS click by locator (attempt 1)
2025-09-19 12:34:23 [main] INFO  demoqaLog - 🔹 Trying JS click by locator (attempt 1)
🔹 Attempting JS click...
2025-09-19 12:34:23 [main] INFO  demoqaLog - 🔹 Attempting JS click...
⚡ Falling back to native click by locator (attempt 1)
2025-09-19 12:34:23 [main] INFO  demoqaLog - ⚡ Falling back to native click by locator (attempt 1)
2025-09-19 12:34:23 [main] INFO  demoqaLog - Clicked on Elements Card...
Title of this Page is: DEMOQA
You are Accessing: Elements
 
Elements: Please select an item from left to start practice.
2025-09-19 12:34:23 [main] INFO  demoqaBase - Elements: Please select an item from left to start practice.
2025-09-19 12:34:23 [main] INFO  demoqaBase - Clicking on Elements|Buttons...
2025-09-19 12:34:24 [main] INFO  demoqaBase - Clicked on Elements|Buttons...
2025-09-19 12:34:24 [main] INFO  demoqaLog - ⏳ Waiting for page to fully load (timeout: 30s)
2025-09-19 12:34:24 [main] INFO  demoqaLog - ✅ Page load completed.
2025-09-19 12:34:24 [main] INFO  demoqaBase - Clicking on Elements|Buttons|Right Click button...
Waiting for Element: [[ChromeDriver: chrome on windows (26659e20aa0cea618b498d0227ca946b)] -> xpath: //button[@id='rightClickBtn']]
Action: You have done a right click
2025-09-19 12:34:25 [main] INFO  demoqaBase - Clicked on Elements|Buttons|Right Click button... You have done a right click
2025-09-19 12:34:25 [main] INFO  demoqaBase - ✅ Test for Elements|Buttons|Right Click Completed Successfully...
]]></system-out>
  </testcase>
  <testcase name="ClickMeButton" classname="tests.ElementsTests" time="0.883">
    <system-out><![CDATA[2025-09-19 12:34:25 [main] INFO  demoqaBase - Closing browser for test: RightClickButton
2025-09-19 12:34:25 [main] INFO  DriverFactory - 🌐 Starting Chrome Web Browser...
2025-09-19 12:34:25 [main] INFO  DriverFactory - ✅ Created temporary Chrome profile at C:\Users\dell\AppData\Local\Temp\chrome-profile-11781737190860254604
2025-09-19 12:34:26 [main] INFO  DriverFactory - 🚀 WebDriver started successfully
2025-09-19 12:34:26 [main] INFO  RetryUrlAccess - 🌐 Navigating to URL (attempt 1): https://demoqa.com
2025-09-19 12:34:41 [main] INFO  RetryUrlAccess - ✅ Navigation successful on attempt 1
Instance Variables Declared are: nullnull
2025-09-19 12:34:41 [main] INFO  demoqaBase - Accessing Elements Card...
2025-09-19 12:34:41 [main] INFO  demoqaLog - Clicking on Elements Card...
🔹 Trying JS click by locator (attempt 1)
2025-09-19 12:34:42 [main] INFO  demoqaLog - 🔹 Trying JS click by locator (attempt 1)
🔹 Attempting JS click...
2025-09-19 12:34:42 [main] INFO  demoqaLog - 🔹 Attempting JS click...
⚡ Falling back to native click by locator (attempt 1)
2025-09-19 12:34:42 [main] INFO  demoqaLog - ⚡ Falling back to native click by locator (attempt 1)
2025-09-19 12:34:42 [main] INFO  demoqaLog - Clicked on Elements Card...
Title of this Page is: DEMOQA
You are Accessing: Elements
 
Elements: Please select an item from left to start practice.
2025-09-19 12:34:42 [main] INFO  demoqaBase - Elements: Please select an item from left to start practice.
2025-09-19 12:34:42 [main] INFO  demoqaBase - Clicking on Elements|Buttons...
2025-09-19 12:34:42 [main] INFO  demoqaBase - Clicked on Elements|Buttons...
2025-09-19 12:34:42 [main] INFO  demoqaLog - ⏳ Waiting for page to fully load (timeout: 30s)
2025-09-19 12:34:42 [main] INFO  demoqaLog - ✅ Page load completed.
2025-09-19 12:34:42 [main] INFO  demoqaBase - Clicking on Elements|Buttons|Click Me button...
🔹 Trying JS click on WebElement (attempt 1)
2025-09-19 12:34:42 [main] INFO  demoqaLog - 🔹 Trying JS click on WebElement (attempt 1)
🔹 Attempting JS click...
2025-09-19 12:34:42 [main] INFO  demoqaLog - 🔹 Attempting JS click...
2025-09-19 12:34:42 [main] INFO  demoqaBase - Clicked on Elements|Buttons|Click Me button...You have done a dynamic click
2025-09-19 12:34:42 [main] INFO  demoqaBase - ✅ Test for Elements|Buttons|Click Me Button Completed Successfully...
]]></system-out>
  </testcase>
  <testcase name="ClickAllButtons" classname="tests.ElementsTests" time="3.418">
    <system-out><![CDATA[2025-09-19 12:34:42 [main] INFO  demoqaBase - Closing browser for test: ClickMeButton
2025-09-19 12:34:43 [main] INFO  DriverFactory - 🌐 Starting Chrome Web Browser...
2025-09-19 12:34:43 [main] INFO  DriverFactory - ✅ Created temporary Chrome profile at C:\Users\dell\AppData\Local\Temp\chrome-profile-13485979630858218156
2025-09-19 12:34:44 [main] INFO  DriverFactory - 🚀 WebDriver started successfully
2025-09-19 12:34:44 [main] INFO  RetryUrlAccess - 🌐 Navigating to URL (attempt 1): https://demoqa.com
2025-09-19 12:34:48 [main] INFO  RetryUrlAccess - ✅ Navigation successful on attempt 1
Instance Variables Declared are: nullnull
2025-09-19 12:34:48 [main] INFO  demoqaBase - Accessing Elements Card...
2025-09-19 12:34:48 [main] INFO  demoqaLog - Clicking on Elements Card...
🔹 Trying JS click by locator (attempt 1)
2025-09-19 12:34:48 [main] INFO  demoqaLog - 🔹 Trying JS click by locator (attempt 1)
🔹 Attempting JS click...
2025-09-19 12:34:48 [main] INFO  demoqaLog - 🔹 Attempting JS click...
⚡ Falling back to native click by locator (attempt 1)
2025-09-19 12:34:48 [main] INFO  demoqaLog - ⚡ Falling back to native click by locator (attempt 1)
2025-09-19 12:34:49 [main] INFO  demoqaLog - Clicked on Elements Card...
Title of this Page is: DEMOQA
You are Accessing: Elements
 
Elements: Please select an item from left to start practice.
2025-09-19 12:34:49 [main] INFO  demoqaBase - Elements: Please select an item from left to start practice.
2025-09-19 12:34:49 [main] INFO  demoqaBase - Clicking on Elements|Buttons...
2025-09-19 12:34:49 [main] INFO  demoqaBase - Clicked on Elements|Buttons...
2025-09-19 12:34:49 [main] INFO  demoqaLog - ⏳ Waiting for page to fully load (timeout: 30s)
2025-09-19 12:34:49 [main] INFO  demoqaLog - ✅ Page load completed.
2025-09-19 12:34:49 [main] INFO  demoqaBase - Clicking on Elements|Buttons|Double Click button...
Declared WebDriverWait: org.openqa.selenium.support.ui.WebDriverWait@422cb504
You have done a double click
2025-09-19 12:34:50 [main] INFO  demoqaBase - Clicked on Elements|Buttons|Double Click button...You have done a double click
2025-09-19 12:34:50 [main] INFO  demoqaLog - ⏳ Waiting for page to fully load (timeout: 30s)
2025-09-19 12:34:50 [main] INFO  demoqaLog - ✅ Page load completed.
2025-09-19 12:34:50 [main] INFO  demoqaBase - Clicking on Elements|Buttons|Right Click button...
Waiting for Element: [[ChromeDriver: chrome on windows (51be70834cfdf931cbea86fcb4b9eced)] -> xpath: //button[@id='rightClickBtn']]
Action: You have done a right click
2025-09-19 12:34:52 [main] INFO  demoqaBase - Clicked on Elements|Buttons|Right Click button... You have done a right click
2025-09-19 12:34:52 [main] INFO  demoqaLog - ⏳ Waiting for page to fully load (timeout: 30s)
2025-09-19 12:34:52 [main] INFO  demoqaLog - ✅ Page load completed.
2025-09-19 12:34:52 [main] INFO  demoqaBase - Clicking on Elements|Buttons|Click Me button...
🔹 Trying JS click on WebElement (attempt 1)
2025-09-19 12:34:52 [main] INFO  demoqaLog - 🔹 Trying JS click on WebElement (attempt 1)
🔹 Attempting JS click...
2025-09-19 12:34:52 [main] INFO  demoqaLog - 🔹 Attempting JS click...
2025-09-19 12:34:52 [main] INFO  demoqaBase - Clicked on Elements|Buttons|Click Me button...You have done a dynamic click
2025-09-19 12:34:52 [main] INFO  demoqaBase - ✅ Test for Elements|Buttons|Click All Buttons Completed Successfully...
]]></system-out>
  </testcase>
  <testcase name="ClickLinks" classname="tests.ElementsTests" time="0.644">
    <system-out><![CDATA[Path for Screenshot is: C:\ASN\eclipse_workspace\demoqa-automation/screenshots/ClickAllButtons_Passed_20250919_123452+2025-09-19_12-34-52.png
2025-09-19 12:34:52 [main] INFO  demoqaBase - ✅ Test ClickAllButtons passed. Screenshot captured.
2025-09-19 12:34:52 [main] INFO  demoqaBase - Closing browser for test: ClickAllButtons
2025-09-19 12:34:52 [main] INFO  DriverFactory - 🌐 Starting Chrome Web Browser...
2025-09-19 12:34:52 [main] INFO  DriverFactory - ✅ Created temporary Chrome profile at C:\Users\dell\AppData\Local\Temp\chrome-profile-10979528983568075218
2025-09-19 12:34:53 [main] INFO  DriverFactory - 🚀 WebDriver started successfully
2025-09-19 12:34:53 [main] INFO  RetryUrlAccess - 🌐 Navigating to URL (attempt 1): https://demoqa.com
2025-09-19 12:34:58 [main] INFO  RetryUrlAccess - ✅ Navigation successful on attempt 1
Instance Variables Declared are: nullnull
2025-09-19 12:34:58 [main] INFO  demoqaBase - Accessing Elements Card...
2025-09-19 12:34:58 [main] INFO  demoqaLog - Clicking on Elements Card...
🔹 Trying JS click by locator (attempt 1)
2025-09-19 12:34:58 [main] INFO  demoqaLog - 🔹 Trying JS click by locator (attempt 1)
🔹 Attempting JS click...
2025-09-19 12:34:58 [main] INFO  demoqaLog - 🔹 Attempting JS click...
⚡ Falling back to native click by locator (attempt 1)
2025-09-19 12:34:58 [main] INFO  demoqaLog - ⚡ Falling back to native click by locator (attempt 1)
2025-09-19 12:34:58 [main] INFO  demoqaLog - Clicked on Elements Card...
Title of this Page is: DEMOQA
You are Accessing: Elements
 
Elements: Please select an item from left to start practice.
2025-09-19 12:34:58 [main] INFO  demoqaBase - Elements: Please select an item from left to start practice.
2025-09-19 12:34:58 [main] INFO  demoqaBase - Clicking on Elements|Links|Home Link...
2025-09-19 12:34:58 [main] INFO  demoqaBase - Clicked on Elements|Links|Home Link...
2025-09-19 12:34:58 [main] INFO  demoqaBase - ✅ Test for Elements|Links Completed Successfully...
]]></system-out>
  </testcase>
  <testcase name="ClickHomeLink" classname="tests.ElementsTests" time="0.718">
    <system-out><![CDATA[2025-09-19 12:34:58 [main] INFO  demoqaBase - Closing browser for test: ClickLinks
2025-09-19 12:34:59 [main] INFO  DriverFactory - 🌐 Starting Chrome Web Browser...
2025-09-19 12:34:59 [main] INFO  DriverFactory - ✅ Created temporary Chrome profile at C:\Users\dell\AppData\Local\Temp\chrome-profile-10293677516249652922
2025-09-19 12:35:00 [main] INFO  DriverFactory - 🚀 WebDriver started successfully
2025-09-19 12:35:00 [main] INFO  RetryUrlAccess - 🌐 Navigating to URL (attempt 1): https://demoqa.com
2025-09-19 12:35:06 [main] INFO  RetryUrlAccess - ✅ Navigation successful on attempt 1
Instance Variables Declared are: nullnull
2025-09-19 12:35:06 [main] INFO  demoqaBase - Accessing Elements Card...
2025-09-19 12:35:06 [main] INFO  demoqaLog - Clicking on Elements Card...
🔹 Trying JS click by locator (attempt 1)
2025-09-19 12:35:06 [main] INFO  demoqaLog - 🔹 Trying JS click by locator (attempt 1)
🔹 Attempting JS click...
2025-09-19 12:35:06 [main] INFO  demoqaLog - 🔹 Attempting JS click...
⚡ Falling back to native click by locator (attempt 1)
2025-09-19 12:35:06 [main] INFO  demoqaLog - ⚡ Falling back to native click by locator (attempt 1)
2025-09-19 12:35:06 [main] INFO  demoqaLog - Clicked on Elements Card...
Title of this Page is: DEMOQA
You are Accessing: Elements
 
Elements: Please select an item from left to start practice.
2025-09-19 12:35:07 [main] INFO  demoqaBase - Elements: Please select an item from left to start practice.
2025-09-19 12:35:07 [main] INFO  demoqaBase - Clicking on Elements|Links|Home Link...
2025-09-19 12:35:07 [main] INFO  demoqaBase - Clicked on Elements|Links|Home Link...
2025-09-19 12:35:07 [main] INFO  demoqaLog - ⏳ Waiting for page to fully load (timeout: 30s)
2025-09-19 12:35:07 [main] INFO  demoqaLog - ✅ Page load completed.
2025-09-19 12:35:07 [main] INFO  demoqaBase - Clicking on Elements|Links|Home Link...
🔹 Trying JS click on WebElement (attempt 1)
2025-09-19 12:35:07 [main] INFO  demoqaLog - 🔹 Trying JS click on WebElement (attempt 1)
🔹 Attempting JS click...
2025-09-19 12:35:07 [main] INFO  demoqaLog - 🔹 Attempting JS click...
2025-09-19 12:35:07 [main] INFO  demoqaBase - Clicked on Elements|Links|Home Link...
2025-09-19 12:35:07 [main] INFO  demoqaBase - ✅ Test for Elements|Links|Home Completed Successfully...
]]></system-out>
  </testcase>
  <testcase name="ClickDynamicHomeLink" classname="tests.ElementsTests" time="0.799">
    <system-out><![CDATA[2025-09-19 12:35:07 [main] INFO  demoqaBase - Closing browser for test: ClickHomeLink
2025-09-19 12:35:07 [main] INFO  DriverFactory - 🌐 Starting Chrome Web Browser...
2025-09-19 12:35:07 [main] INFO  DriverFactory - ✅ Created temporary Chrome profile at C:\Users\dell\AppData\Local\Temp\chrome-profile-12558486377149510365
2025-09-19 12:35:08 [main] INFO  DriverFactory - 🚀 WebDriver started successfully
2025-09-19 12:35:08 [main] INFO  RetryUrlAccess - 🌐 Navigating to URL (attempt 1): https://demoqa.com
2025-09-19 12:35:13 [main] INFO  RetryUrlAccess - ✅ Navigation successful on attempt 1
Instance Variables Declared are: nullnull
2025-09-19 12:35:13 [main] INFO  demoqaBase - Accessing Elements Card...
2025-09-19 12:35:13 [main] INFO  demoqaLog - Clicking on Elements Card...
🔹 Trying JS click by locator (attempt 1)
2025-09-19 12:35:13 [main] INFO  demoqaLog - 🔹 Trying JS click by locator (attempt 1)
🔹 Attempting JS click...
2025-09-19 12:35:13 [main] INFO  demoqaLog - 🔹 Attempting JS click...
⚡ Falling back to native click by locator (attempt 1)
2025-09-19 12:35:14 [main] INFO  demoqaLog - ⚡ Falling back to native click by locator (attempt 1)
2025-09-19 12:35:14 [main] INFO  demoqaLog - Clicked on Elements Card...
Title of this Page is: DEMOQA
You are Accessing: Elements
 
Elements: Please select an item from left to start practice.
2025-09-19 12:35:14 [main] INFO  demoqaBase - Elements: Please select an item from left to start practice.
2025-09-19 12:35:14 [main] INFO  demoqaBase - Clicking on Elements|Links|Home Link...
2025-09-19 12:35:14 [main] INFO  demoqaBase - Clicked on Elements|Links|Home Link...
2025-09-19 12:35:14 [main] INFO  demoqaLog - ⏳ Waiting for page to fully load (timeout: 30s)
2025-09-19 12:35:14 [main] INFO  demoqaLog - ✅ Page load completed.
2025-09-19 12:35:14 [main] INFO  demoqaBase - Clicking on Elements|Links|DynamicHome Link...
🔹 Trying JS click on WebElement (attempt 1)
2025-09-19 12:35:14 [main] INFO  demoqaLog - 🔹 Trying JS click on WebElement (attempt 1)
🔹 Attempting JS click...
2025-09-19 12:35:14 [main] INFO  demoqaLog - 🔹 Attempting JS click...
2025-09-19 12:35:14 [main] INFO  demoqaBase - Clicked on Elements|Links|DynamicHome Link...
2025-09-19 12:35:14 [main] INFO  demoqaBase - ✅ Test for Elements|Links|Dynamic Home Completed Successfully...
]]></system-out>
  </testcase>
  <testcase name="ClickCreatedAPILink" classname="tests.ElementsTests" time="0.897">
    <system-out><![CDATA[2025-09-19 12:35:14 [main] INFO  demoqaBase - Closing browser for test: ClickDynamicHomeLink
2025-09-19 12:35:15 [main] INFO  DriverFactory - 🌐 Starting Chrome Web Browser...
2025-09-19 12:35:15 [main] INFO  DriverFactory - ✅ Created temporary Chrome profile at C:\Users\dell\AppData\Local\Temp\chrome-profile-12967723130493253261
2025-09-19 12:35:16 [main] INFO  DriverFactory - 🚀 WebDriver started successfully
2025-09-19 12:35:16 [main] INFO  RetryUrlAccess - 🌐 Navigating to URL (attempt 1): https://demoqa.com
2025-09-19 12:35:42 [main] INFO  RetryUrlAccess - ✅ Navigation successful on attempt 1
Instance Variables Declared are: nullnull
2025-09-19 12:35:42 [main] INFO  demoqaBase - Accessing Elements Card...
2025-09-19 12:35:42 [main] INFO  demoqaLog - Clicking on Elements Card...
🔹 Trying JS click by locator (attempt 1)
2025-09-19 12:35:42 [main] INFO  demoqaLog - 🔹 Trying JS click by locator (attempt 1)
🔹 Attempting JS click...
2025-09-19 12:35:42 [main] INFO  demoqaLog - 🔹 Attempting JS click...
⚡ Falling back to native click by locator (attempt 1)
2025-09-19 12:35:42 [main] INFO  demoqaLog - ⚡ Falling back to native click by locator (attempt 1)
2025-09-19 12:35:42 [main] INFO  demoqaLog - Clicked on Elements Card...
Title of this Page is: DEMOQA
You are Accessing: Elements
 
Elements: Please select an item from left to start practice.
2025-09-19 12:35:42 [main] INFO  demoqaBase - Elements: Please select an item from left to start practice.
2025-09-19 12:35:42 [main] INFO  demoqaBase - Clicking on Elements|Links|Home Link...
2025-09-19 12:35:43 [main] INFO  demoqaBase - Clicked on Elements|Links|Home Link...
2025-09-19 12:35:43 [main] INFO  demoqaLog - ⏳ Waiting for page to fully load (timeout: 30s)
2025-09-19 12:35:43 [main] INFO  demoqaLog - ✅ Page load completed.
2025-09-19 12:35:43 [main] INFO  demoqaBase - Clicking on Elements|Links|Created Link...
Waiting for the presence of Element: [[ChromeDriver: chrome on windows (e0b6f50d924925fb7ae75441e5c3856c)] -> xpath: //*[@id='created']]
🔹 Trying JS click on WebElement (attempt 1)
2025-09-19 12:35:43 [main] INFO  demoqaLog - 🔹 Trying JS click on WebElement (attempt 1)
🔹 Attempting JS click...
2025-09-19 12:35:43 [main] INFO  demoqaLog - 🔹 Attempting JS click...
2025-09-19 12:35:43 [main] INFO  demoqaBase - Clicked on Elements|Links|Created Link...
2025-09-19 12:35:43 [main] INFO  FetchLinkResponse - Fetching link response...
2025-09-19 12:35:43 [main] INFO  FetchLinkResponse - Response fetched: Created
Created
2025-09-19 12:35:43 [main] INFO  demoqaBase - Clicked on Elements|Links|Created Link response is: Created
2025-09-19 12:35:43 [main] INFO  demoqaBase - ✅ Test for Elements|Links|Created Link Completed Successfully...
]]></system-out>
  </testcase>
  <testcase name="ClickNoContentLink" classname="tests.ElementsTests" time="1.072">
    <system-out><![CDATA[2025-09-19 12:35:43 [main] INFO  demoqaBase - Closing browser for test: ClickCreatedAPILink
2025-09-19 12:35:43 [main] INFO  DriverFactory - 🌐 Starting Chrome Web Browser...
2025-09-19 12:35:43 [main] INFO  DriverFactory - ✅ Created temporary Chrome profile at C:\Users\dell\AppData\Local\Temp\chrome-profile-14744035940632018461
2025-09-19 12:35:44 [main] INFO  DriverFactory - 🚀 WebDriver started successfully
2025-09-19 12:35:44 [main] INFO  RetryUrlAccess - 🌐 Navigating to URL (attempt 1): https://demoqa.com
2025-09-19 12:35:49 [main] INFO  RetryUrlAccess - ✅ Navigation successful on attempt 1
Instance Variables Declared are: nullnull
2025-09-19 12:35:49 [main] INFO  demoqaBase - Accessing Elements Card...
2025-09-19 12:35:49 [main] INFO  demoqaLog - Clicking on Elements Card...
🔹 Trying JS click by locator (attempt 1)
2025-09-19 12:35:49 [main] INFO  demoqaLog - 🔹 Trying JS click by locator (attempt 1)
🔹 Attempting JS click...
2025-09-19 12:35:49 [main] INFO  demoqaLog - 🔹 Attempting JS click...
⚡ Falling back to native click by locator (attempt 1)
2025-09-19 12:35:49 [main] INFO  demoqaLog - ⚡ Falling back to native click by locator (attempt 1)
2025-09-19 12:35:50 [main] INFO  demoqaLog - Clicked on Elements Card...
Title of this Page is: DEMOQA
You are Accessing: Elements
 
Elements: Please select an item from left to start practice.
2025-09-19 12:35:50 [main] INFO  demoqaBase - Elements: Please select an item from left to start practice.
2025-09-19 12:35:50 [main] INFO  demoqaBase - Clicking on Elements|Links|Home Link...
2025-09-19 12:35:50 [main] INFO  demoqaBase - Clicked on Elements|Links|Home Link...
2025-09-19 12:35:50 [main] INFO  demoqaLog - ⏳ Waiting for page to fully load (timeout: 30s)
2025-09-19 12:35:50 [main] INFO  demoqaLog - ✅ Page load completed.
2025-09-19 12:35:50 [main] INFO  demoqaBase - Clicking on Elements|Links|No Content Link...
Waiting for the presence of Element: [[ChromeDriver: chrome on windows (67725a80c018a8968b15533f1a519e14)] -> xpath: //*[@id="no-content"]]
🔹 Trying JS click on WebElement (attempt 1)
2025-09-19 12:35:50 [main] INFO  demoqaLog - 🔹 Trying JS click on WebElement (attempt 1)
🔹 Attempting JS click...
2025-09-19 12:35:50 [main] INFO  demoqaLog - 🔹 Attempting JS click...
2025-09-19 12:35:50 [main] INFO  demoqaBase - Clicked on Elements|Links|No Content Link...
2025-09-19 12:35:50 [main] INFO  FetchLinkResponse - Fetching link response...
2025-09-19 12:35:50 [main] INFO  FetchLinkResponse - Response fetched: No Content
No Content
2025-09-19 12:35:50 [main] INFO  demoqaBase - Clicked on Elements|Links|No Content Link response is: No Content
2025-09-19 12:35:50 [main] INFO  demoqaBase - ✅ Test for Elements|Links|No Content Link Completed Successfully...
]]></system-out>
  </testcase>
  <testcase name="ClickMovedLink" classname="tests.ElementsTests" time="0.826">
    <system-out><![CDATA[2025-09-19 12:35:50 [main] INFO  demoqaBase - Closing browser for test: ClickNoContentLink
2025-09-19 12:35:51 [main] INFO  DriverFactory - 🌐 Starting Chrome Web Browser...
2025-09-19 12:35:51 [main] INFO  DriverFactory - ✅ Created temporary Chrome profile at C:\Users\dell\AppData\Local\Temp\chrome-profile-5024433040696372654
2025-09-19 12:35:52 [main] INFO  DriverFactory - 🚀 WebDriver started successfully
2025-09-19 12:35:52 [main] INFO  RetryUrlAccess - 🌐 Navigating to URL (attempt 1): https://demoqa.com
2025-09-19 12:36:14 [main] INFO  RetryUrlAccess - ✅ Navigation successful on attempt 1
Instance Variables Declared are: nullnull
2025-09-19 12:36:14 [main] INFO  demoqaBase - Accessing Elements Card...
2025-09-19 12:36:14 [main] INFO  demoqaLog - Clicking on Elements Card...
🔹 Trying JS click by locator (attempt 1)
2025-09-19 12:36:14 [main] INFO  demoqaLog - 🔹 Trying JS click by locator (attempt 1)
🔹 Attempting JS click...
2025-09-19 12:36:14 [main] INFO  demoqaLog - 🔹 Attempting JS click...
⚡ Falling back to native click by locator (attempt 1)
2025-09-19 12:36:14 [main] INFO  demoqaLog - ⚡ Falling back to native click by locator (attempt 1)
2025-09-19 12:36:15 [main] INFO  demoqaLog - Clicked on Elements Card...
Title of this Page is: DEMOQA
You are Accessing: Elements
 
Elements: Please select an item from left to start practice.
2025-09-19 12:36:15 [main] INFO  demoqaBase - Elements: Please select an item from left to start practice.
2025-09-19 12:36:15 [main] INFO  demoqaBase - Clicking on Elements|Links|Home Link...
2025-09-19 12:36:15 [main] INFO  demoqaBase - Clicked on Elements|Links|Home Link...
2025-09-19 12:36:15 [main] INFO  demoqaLog - ⏳ Waiting for page to fully load (timeout: 30s)
2025-09-19 12:36:15 [main] INFO  demoqaLog - ✅ Page load completed.
2025-09-19 12:36:15 [main] INFO  demoqaBase - Clicking on Elements|Links|Moved Link...
🔹 Trying JS click on WebElement (attempt 1)
2025-09-19 12:36:15 [main] INFO  demoqaLog - 🔹 Trying JS click on WebElement (attempt 1)
🔹 Attempting JS click...
2025-09-19 12:36:15 [main] INFO  demoqaLog - 🔹 Attempting JS click...
2025-09-19 12:36:15 [main] INFO  demoqaBase - Clicked on Elements|Links|Moved Link...
2025-09-19 12:36:15 [main] INFO  FetchLinkResponse - Fetching link response...
2025-09-19 12:36:15 [main] INFO  FetchLinkResponse - Response fetched: Moved
Moved
2025-09-19 12:36:15 [main] INFO  demoqaBase - Clicked on Elements|Links|Moved Link Link response is: Moved
2025-09-19 12:36:15 [main] INFO  demoqaBase - ✅ Test for Elements|Links|Moved Link Completed Successfully...
]]></system-out>
  </testcase>
  <testcase name="ClickBadRequestLink" classname="tests.ElementsTests" time="0.839">
    <system-out><![CDATA[2025-09-19 12:36:15 [main] INFO  demoqaBase - Closing browser for test: ClickMovedLink
2025-09-19 12:36:15 [main] INFO  DriverFactory - 🌐 Starting Chrome Web Browser...
2025-09-19 12:36:15 [main] INFO  DriverFactory - ✅ Created temporary Chrome profile at C:\Users\dell\AppData\Local\Temp\chrome-profile-6980508656390741222
2025-09-19 12:36:17 [main] INFO  DriverFactory - 🚀 WebDriver started successfully
2025-09-19 12:36:17 [main] INFO  RetryUrlAccess - 🌐 Navigating to URL (attempt 1): https://demoqa.com
2025-09-19 12:36:22 [main] INFO  RetryUrlAccess - ✅ Navigation successful on attempt 1
Instance Variables Declared are: nullnull
2025-09-19 12:36:22 [main] INFO  demoqaBase - Accessing Elements Card...
2025-09-19 12:36:22 [main] INFO  demoqaLog - Clicking on Elements Card...
🔹 Trying JS click by locator (attempt 1)
2025-09-19 12:36:23 [main] INFO  demoqaLog - 🔹 Trying JS click by locator (attempt 1)
🔹 Attempting JS click...
2025-09-19 12:36:23 [main] INFO  demoqaLog - 🔹 Attempting JS click...
⚡ Falling back to native click by locator (attempt 1)
2025-09-19 12:36:23 [main] INFO  demoqaLog - ⚡ Falling back to native click by locator (attempt 1)
2025-09-19 12:36:23 [main] INFO  demoqaLog - Clicked on Elements Card...
Title of this Page is: DEMOQA
You are Accessing: Elements
 
Elements: Please select an item from left to start practice.
2025-09-19 12:36:23 [main] INFO  demoqaBase - Elements: Please select an item from left to start practice.
2025-09-19 12:36:23 [main] INFO  demoqaBase - Clicking on Elements|Links|Home Link...
2025-09-19 12:36:23 [main] INFO  demoqaBase - Clicked on Elements|Links|Home Link...
2025-09-19 12:36:23 [main] INFO  demoqaLog - ⏳ Waiting for page to fully load (timeout: 30s)
2025-09-19 12:36:23 [main] INFO  demoqaLog - ✅ Page load completed.
2025-09-19 12:36:23 [main] INFO  demoqaBase - Clicking on Elements|Links|Bad Request Link...
🔹 Trying JS click on WebElement (attempt 1)
2025-09-19 12:36:23 [main] INFO  demoqaLog - 🔹 Trying JS click on WebElement (attempt 1)
🔹 Attempting JS click...
2025-09-19 12:36:23 [main] INFO  demoqaLog - 🔹 Attempting JS click...
2025-09-19 12:36:23 [main] INFO  demoqaBase - Clicked on Elements|Links|Bad Request Link...
2025-09-19 12:36:23 [main] INFO  FetchLinkResponse - Fetching link response...
2025-09-19 12:36:23 [main] INFO  FetchLinkResponse - Response fetched: Bad Request
Bad Request
2025-09-19 12:36:23 [main] INFO  demoqaBase - Clicked on Elements|Links|Bad Request Link response is: Bad Request
2025-09-19 12:36:23 [main] INFO  demoqaBase - ✅ Test for Elements|Links|Bad Request Link Completed Successfully...
]]></system-out>
  </testcase>
  <testcase name="ClickUnauthorizedLink" classname="tests.ElementsTests" time="1.097">
    <system-out><![CDATA[2025-09-19 12:36:23 [main] INFO  demoqaBase - Closing browser for test: ClickBadRequestLink
2025-09-19 12:36:24 [main] INFO  DriverFactory - 🌐 Starting Chrome Web Browser...
2025-09-19 12:36:24 [main] INFO  DriverFactory - ✅ Created temporary Chrome profile at C:\Users\dell\AppData\Local\Temp\chrome-profile-15640939051993498184
2025-09-19 12:36:25 [main] INFO  DriverFactory - 🚀 WebDriver started successfully
2025-09-19 12:36:25 [main] INFO  RetryUrlAccess - 🌐 Navigating to URL (attempt 1): https://demoqa.com
2025-09-19 12:36:34 [main] INFO  RetryUrlAccess - ✅ Navigation successful on attempt 1
Instance Variables Declared are: nullnull
2025-09-19 12:36:34 [main] INFO  demoqaBase - Accessing Elements Card...
2025-09-19 12:36:34 [main] INFO  demoqaLog - Clicking on Elements Card...
🔹 Trying JS click by locator (attempt 1)
2025-09-19 12:36:34 [main] INFO  demoqaLog - 🔹 Trying JS click by locator (attempt 1)
🔹 Attempting JS click...
2025-09-19 12:36:34 [main] INFO  demoqaLog - 🔹 Attempting JS click...
⚡ Falling back to native click by locator (attempt 1)
2025-09-19 12:36:34 [main] INFO  demoqaLog - ⚡ Falling back to native click by locator (attempt 1)
2025-09-19 12:36:34 [main] INFO  demoqaLog - Clicked on Elements Card...
Title of this Page is: DEMOQA
You are Accessing: Elements
 
Elements: Please select an item from left to start practice.
2025-09-19 12:36:34 [main] INFO  demoqaBase - Elements: Please select an item from left to start practice.
2025-09-19 12:36:34 [main] INFO  demoqaBase - Clicking on Elements|Links|Home Link...
2025-09-19 12:36:34 [main] INFO  demoqaBase - Clicked on Elements|Links|Home Link...
2025-09-19 12:36:34 [main] INFO  demoqaLog - ⏳ Waiting for page to fully load (timeout: 30s)
2025-09-19 12:36:34 [main] INFO  demoqaLog - ✅ Page load completed.
2025-09-19 12:36:34 [main] INFO  demoqaBase - Clicking on Elements|Links|Unauthorized Link...
Waiting for the presence of Element: [[ChromeDriver: chrome on windows (af0ad087ac8377fe155ada76e99f37bc)] -> xpath: //*[@id="unauthorized"]]
🔹 Trying JS click on WebElement (attempt 1)
2025-09-19 12:36:34 [main] INFO  demoqaLog - 🔹 Trying JS click on WebElement (attempt 1)
🔹 Attempting JS click...
2025-09-19 12:36:34 [main] INFO  demoqaLog - 🔹 Attempting JS click...
2025-09-19 12:36:34 [main] INFO  demoqaBase - Clicked on Elements|Links|Unauthorized Link...
2025-09-19 12:36:34 [main] INFO  FetchLinkResponse - Fetching link response...
2025-09-19 12:36:35 [main] INFO  FetchLinkResponse - Response fetched: Unauthorized
Unauthorized
2025-09-19 12:36:35 [main] INFO  demoqaBase - Clicked on Elements|Links|Unauthorized Link response is: Unauthorized
2025-09-19 12:36:35 [main] INFO  demoqaBase - ✅ Test for Elements|Links|Unauthorized Link Completed Successfully...
]]></system-out>
  </testcase>
  <testcase name="ClickForbiddenLink" classname="tests.ElementsTests" time="0.83">
    <system-out><![CDATA[2025-09-19 12:36:35 [main] INFO  demoqaBase - Closing browser for test: ClickUnauthorizedLink
2025-09-19 12:36:35 [main] INFO  DriverFactory - 🌐 Starting Chrome Web Browser...
2025-09-19 12:36:35 [main] INFO  DriverFactory - ✅ Created temporary Chrome profile at C:\Users\dell\AppData\Local\Temp\chrome-profile-18347568828371325929
2025-09-19 12:36:36 [main] INFO  DriverFactory - 🚀 WebDriver started successfully
2025-09-19 12:36:36 [main] INFO  RetryUrlAccess - 🌐 Navigating to URL (attempt 1): https://demoqa.com
2025-09-19 12:36:40 [main] INFO  RetryUrlAccess - ✅ Navigation successful on attempt 1
Instance Variables Declared are: nullnull
2025-09-19 12:36:40 [main] INFO  demoqaBase - Accessing Elements Card...
2025-09-19 12:36:40 [main] INFO  demoqaLog - Clicking on Elements Card...
🔹 Trying JS click by locator (attempt 1)
2025-09-19 12:36:41 [main] INFO  demoqaLog - 🔹 Trying JS click by locator (attempt 1)
🔹 Attempting JS click...
2025-09-19 12:36:41 [main] INFO  demoqaLog - 🔹 Attempting JS click...
⚡ Falling back to native click by locator (attempt 1)
2025-09-19 12:36:41 [main] INFO  demoqaLog - ⚡ Falling back to native click by locator (attempt 1)
2025-09-19 12:36:41 [main] INFO  demoqaLog - Clicked on Elements Card...
Title of this Page is: DEMOQA
You are Accessing: Elements
 
Elements: Please select an item from left to start practice.
2025-09-19 12:36:41 [main] INFO  demoqaBase - Elements: Please select an item from left to start practice.
2025-09-19 12:36:41 [main] INFO  demoqaBase - Clicking on Elements|Links|Home Link...
2025-09-19 12:36:41 [main] INFO  demoqaBase - Clicked on Elements|Links|Home Link...
2025-09-19 12:36:41 [main] INFO  demoqaLog - ⏳ Waiting for page to fully load (timeout: 30s)
2025-09-19 12:36:41 [main] INFO  demoqaLog - ✅ Page load completed.
2025-09-19 12:36:41 [main] INFO  demoqaBase - Clicking on Elements|Links|Forbidden Link...
🔹 Trying JS click on WebElement (attempt 1)
2025-09-19 12:36:41 [main] INFO  demoqaLog - 🔹 Trying JS click on WebElement (attempt 1)
🔹 Attempting JS click...
2025-09-19 12:36:41 [main] INFO  demoqaLog - 🔹 Attempting JS click...
2025-09-19 12:36:41 [main] INFO  demoqaBase - Clicked on Elements|Links|Forbidden Link...
2025-09-19 12:36:41 [main] INFO  FetchLinkResponse - Fetching link response...
2025-09-19 12:36:41 [main] INFO  FetchLinkResponse - Response fetched: Forbidden
Forbidden
2025-09-19 12:36:41 [main] INFO  demoqaBase - Clicked on Elements|Links|Forbidden Link response is: Forbidden
2025-09-19 12:36:41 [main] INFO  demoqaBase - ✅ Test for Elements|Links|Forbidden Link Completed Successfully...
]]></system-out>
  </testcase>
  <testcase name="ClickNotFoundLink" classname="tests.ElementsTests" time="1.009">
    <system-out><![CDATA[2025-09-19 12:36:41 [main] INFO  demoqaBase - Closing browser for test: ClickForbiddenLink
2025-09-19 12:36:42 [main] INFO  DriverFactory - 🌐 Starting Chrome Web Browser...
2025-09-19 12:36:42 [main] INFO  DriverFactory - ✅ Created temporary Chrome profile at C:\Users\dell\AppData\Local\Temp\chrome-profile-3446191836663018614
2025-09-19 12:36:43 [main] INFO  DriverFactory - 🚀 WebDriver started successfully
2025-09-19 12:36:43 [main] INFO  RetryUrlAccess - 🌐 Navigating to URL (attempt 1): https://demoqa.com
2025-09-19 12:36:47 [main] INFO  RetryUrlAccess - ✅ Navigation successful on attempt 1
Instance Variables Declared are: nullnull
2025-09-19 12:36:47 [main] INFO  demoqaBase - Accessing Elements Card...
2025-09-19 12:36:47 [main] INFO  demoqaLog - Clicking on Elements Card...
🔹 Trying JS click by locator (attempt 1)
2025-09-19 12:36:47 [main] INFO  demoqaLog - 🔹 Trying JS click by locator (attempt 1)
🔹 Attempting JS click...
2025-09-19 12:36:47 [main] INFO  demoqaLog - 🔹 Attempting JS click...
⚡ Falling back to native click by locator (attempt 1)
2025-09-19 12:36:47 [main] INFO  demoqaLog - ⚡ Falling back to native click by locator (attempt 1)
2025-09-19 12:36:47 [main] INFO  demoqaLog - Clicked on Elements Card...
Title of this Page is: DEMOQA
You are Accessing: Elements
 
Elements: Please select an item from left to start practice.
2025-09-19 12:36:47 [main] INFO  demoqaBase - Elements: Please select an item from left to start practice.
2025-09-19 12:36:47 [main] INFO  demoqaBase - Clicking on Elements|Links|Home Link...
2025-09-19 12:36:48 [main] INFO  demoqaBase - Clicked on Elements|Links|Home Link...
2025-09-19 12:36:48 [main] INFO  demoqaLog - ⏳ Waiting for page to fully load (timeout: 30s)
2025-09-19 12:36:48 [main] INFO  demoqaLog - ✅ Page load completed.
2025-09-19 12:36:48 [main] INFO  demoqaBase - Clicking on Elements|Links|NotFound Link...
🔹 Trying JS click on WebElement (attempt 1)
2025-09-19 12:36:48 [main] INFO  demoqaLog - 🔹 Trying JS click on WebElement (attempt 1)
🔹 Attempting JS click...
2025-09-19 12:36:48 [main] INFO  demoqaLog - 🔹 Attempting JS click...
2025-09-19 12:36:48 [main] INFO  demoqaBase - Clicked on Elements|Links|NotFound Link...
2025-09-19 12:36:48 [main] INFO  FetchLinkResponse - Fetching link response...
2025-09-19 12:36:48 [main] INFO  FetchLinkResponse - Response fetched: Not Found
Not Found
2025-09-19 12:36:48 [main] INFO  demoqaBase - Clicked on Elements|Links|Not Found Link response is: Not Found
2025-09-19 12:36:48 [main] INFO  demoqaBase - ✅ Test for Elements|Links|NotFound Link Completed Successfully...
]]></system-out>
  </testcase>
  <testcase name="ClickAllLinks" classname="tests.ElementsTests" time="2.847">
    <system-out><![CDATA[2025-09-19 12:36:48 [main] INFO  demoqaBase - Closing browser for test: ClickNotFoundLink
2025-09-19 12:36:48 [main] INFO  DriverFactory - 🌐 Starting Chrome Web Browser...
2025-09-19 12:36:48 [main] INFO  DriverFactory - ✅ Created temporary Chrome profile at C:\Users\dell\AppData\Local\Temp\chrome-profile-2970359845264253698
2025-09-19 12:36:49 [main] INFO  DriverFactory - 🚀 WebDriver started successfully
2025-09-19 12:36:49 [main] INFO  RetryUrlAccess - 🌐 Navigating to URL (attempt 1): https://demoqa.com
2025-09-19 12:37:05 [main] INFO  RetryUrlAccess - ✅ Navigation successful on attempt 1
Instance Variables Declared are: nullnull
2025-09-19 12:37:05 [main] INFO  demoqaBase - Accessing Elements Card...
2025-09-19 12:37:05 [main] INFO  demoqaLog - Clicking on Elements Card...
🔹 Trying JS click by locator (attempt 1)
2025-09-19 12:37:05 [main] INFO  demoqaLog - 🔹 Trying JS click by locator (attempt 1)
🔹 Attempting JS click...
2025-09-19 12:37:05 [main] INFO  demoqaLog - 🔹 Attempting JS click...
⚡ Falling back to native click by locator (attempt 1)
2025-09-19 12:37:05 [main] INFO  demoqaLog - ⚡ Falling back to native click by locator (attempt 1)
2025-09-19 12:37:05 [main] INFO  demoqaLog - Clicked on Elements Card...
Title of this Page is: DEMOQA
You are Accessing: Elements
 
Elements: Please select an item from left to start practice.
2025-09-19 12:37:06 [main] INFO  demoqaBase - Elements: Please select an item from left to start practice.
2025-09-19 12:37:06 [main] INFO  demoqaBase - Clicking on Elements|Links|Home Link...
2025-09-19 12:37:06 [main] INFO  demoqaBase - Clicked on Elements|Links|Home Link...
2025-09-19 12:37:06 [main] INFO  demoqaBase - Clicking on Elements|Links|Home Link...
🔹 Trying JS click on WebElement (attempt 1)
2025-09-19 12:37:06 [main] INFO  demoqaLog - 🔹 Trying JS click on WebElement (attempt 1)
🔹 Attempting JS click...
2025-09-19 12:37:06 [main] INFO  demoqaLog - 🔹 Attempting JS click...
2025-09-19 12:37:06 [main] INFO  demoqaBase - Clicked on Elements|Links|Home Link...
2025-09-19 12:37:06 [main] INFO  demoqaLog - ⏳ Waiting for page to fully load (timeout: 30s)
2025-09-19 12:37:06 [main] INFO  demoqaLog - ✅ Page load completed.
2025-09-19 12:37:06 [main] INFO  demoqaBase - Clicking on Elements|Links|DynamicHome Link...
🔹 Trying JS click on WebElement (attempt 1)
2025-09-19 12:37:06 [main] INFO  demoqaLog - 🔹 Trying JS click on WebElement (attempt 1)
🔹 Attempting JS click...
2025-09-19 12:37:06 [main] INFO  demoqaLog - 🔹 Attempting JS click...
2025-09-19 12:37:06 [main] INFO  demoqaBase - Clicked on Elements|Links|DynamicHome Link...
2025-09-19 12:37:06 [main] INFO  demoqaLog - ⏳ Waiting for page to fully load (timeout: 30s)
2025-09-19 12:37:06 [main] INFO  demoqaLog - ✅ Page load completed.
2025-09-19 12:37:06 [main] INFO  demoqaBase - Clicking on Elements|Links|Created Link...
Waiting for the presence of Element: [[ChromeDriver: chrome on windows (b5272b198f61e84ccff05f66286de764)] -> xpath: //*[@id='created']]
🔹 Trying JS click on WebElement (attempt 1)
2025-09-19 12:37:06 [main] INFO  demoqaLog - 🔹 Trying JS click on WebElement (attempt 1)
🔹 Attempting JS click...
2025-09-19 12:37:06 [main] INFO  demoqaLog - 🔹 Attempting JS click...
2025-09-19 12:37:06 [main] INFO  demoqaBase - Clicked on Elements|Links|Created Link...
2025-09-19 12:37:06 [main] INFO  FetchLinkResponse - Fetching link response...
2025-09-19 12:37:06 [main] INFO  FetchLinkResponse - Response fetched: Created
Created
2025-09-19 12:37:06 [main] INFO  demoqaBase - Clicked on Elements|Links|Created Link response is: Created
2025-09-19 12:37:06 [main] INFO  demoqaLog - ⏳ Waiting for page to fully load (timeout: 30s)
2025-09-19 12:37:06 [main] INFO  demoqaLog - ✅ Page load completed.
2025-09-19 12:37:06 [main] INFO  demoqaBase - Clicking on Elements|Links|No Content Link...
Waiting for the presence of Element: [[ChromeDriver: chrome on windows (b5272b198f61e84ccff05f66286de764)] -> xpath: //*[@id="no-content"]]
🔹 Trying JS click on WebElement (attempt 1)
2025-09-19 12:37:07 [main] INFO  demoqaLog - 🔹 Trying JS click on WebElement (attempt 1)
🔹 Attempting JS click...
2025-09-19 12:37:07 [main] INFO  demoqaLog - 🔹 Attempting JS click...
2025-09-19 12:37:07 [main] INFO  demoqaBase - Clicked on Elements|Links|No Content Link...
2025-09-19 12:37:07 [main] INFO  FetchLinkResponse - Fetching link response...
2025-09-19 12:37:07 [main] INFO  FetchLinkResponse - Response fetched: No Content
No Content
2025-09-19 12:37:07 [main] INFO  demoqaBase - Clicked on Elements|Links|No Content Link response is: No Content
2025-09-19 12:37:07 [main] INFO  demoqaLog - ⏳ Waiting for page to fully load (timeout: 30s)
2025-09-19 12:37:07 [main] INFO  demoqaLog - ✅ Page load completed.
2025-09-19 12:37:07 [main] INFO  demoqaBase - Clicking on Elements|Links|Moved Link...
🔹 Trying JS click on WebElement (attempt 1)
2025-09-19 12:37:07 [main] INFO  demoqaLog - 🔹 Trying JS click on WebElement (attempt 1)
🔹 Attempting JS click...
2025-09-19 12:37:07 [main] INFO  demoqaLog - 🔹 Attempting JS click...
2025-09-19 12:37:07 [main] INFO  demoqaBase - Clicked on Elements|Links|Moved Link...
2025-09-19 12:37:07 [main] INFO  FetchLinkResponse - Fetching link response...
2025-09-19 12:37:07 [main] INFO  FetchLinkResponse - Response fetched: Moved
Moved
2025-09-19 12:37:07 [main] INFO  demoqaBase - Clicked on Elements|Links|Moved Link Link response is: Moved
2025-09-19 12:37:07 [main] INFO  demoqaLog - ⏳ Waiting for page to fully load (timeout: 30s)
2025-09-19 12:37:07 [main] INFO  demoqaLog - ✅ Page load completed.
2025-09-19 12:37:07 [main] INFO  demoqaBase - Clicking on Elements|Links|Bad Request Link...
🔹 Trying JS click on WebElement (attempt 1)
2025-09-19 12:37:07 [main] INFO  demoqaLog - 🔹 Trying JS click on WebElement (attempt 1)
🔹 Attempting JS click...
2025-09-19 12:37:07 [main] INFO  demoqaLog - 🔹 Attempting JS click...
2025-09-19 12:37:07 [main] INFO  demoqaBase - Clicked on Elements|Links|Bad Request Link...
2025-09-19 12:37:07 [main] INFO  FetchLinkResponse - Fetching link response...
2025-09-19 12:37:07 [main] INFO  FetchLinkResponse - Response fetched: Bad Request
Bad Request
2025-09-19 12:37:07 [main] INFO  demoqaBase - Clicked on Elements|Links|Bad Request Link response is: Bad Request
2025-09-19 12:37:07 [main] INFO  demoqaLog - ⏳ Waiting for page to fully load (timeout: 30s)
2025-09-19 12:37:07 [main] INFO  demoqaLog - ✅ Page load completed.
2025-09-19 12:37:07 [main] INFO  demoqaBase - Clicking on Elements|Links|Unauthorized Link...
Waiting for the presence of Element: [[ChromeDriver: chrome on windows (b5272b198f61e84ccff05f66286de764)] -> xpath: //*[@id="unauthorized"]]
🔹 Trying JS click on WebElement (attempt 1)
2025-09-19 12:37:07 [main] INFO  demoqaLog - 🔹 Trying JS click on WebElement (attempt 1)
🔹 Attempting JS click...
2025-09-19 12:37:07 [main] INFO  demoqaLog - 🔹 Attempting JS click...
2025-09-19 12:37:08 [main] INFO  demoqaBase - Clicked on Elements|Links|Unauthorized Link...
2025-09-19 12:37:08 [main] INFO  FetchLinkResponse - Fetching link response...
2025-09-19 12:37:08 [main] INFO  FetchLinkResponse - Response fetched: Unauthorized
Unauthorized
2025-09-19 12:37:08 [main] INFO  demoqaBase - Clicked on Elements|Links|Unauthorized Link response is: Unauthorized
2025-09-19 12:37:08 [main] INFO  demoqaLog - ⏳ Waiting for page to fully load (timeout: 30s)
2025-09-19 12:37:08 [main] INFO  demoqaLog - ✅ Page load completed.
2025-09-19 12:37:08 [main] INFO  demoqaBase - Clicking on Elements|Links|Forbidden Link...
🔹 Trying JS click on WebElement (attempt 1)
2025-09-19 12:37:08 [main] INFO  demoqaLog - 🔹 Trying JS click on WebElement (attempt 1)
🔹 Attempting JS click...
2025-09-19 12:37:08 [main] INFO  demoqaLog - 🔹 Attempting JS click...
2025-09-19 12:37:08 [main] INFO  demoqaBase - Clicked on Elements|Links|Forbidden Link...
2025-09-19 12:37:08 [main] INFO  FetchLinkResponse - Fetching link response...
2025-09-19 12:37:08 [main] INFO  FetchLinkResponse - Response fetched: Forbidden
Forbidden
2025-09-19 12:37:08 [main] INFO  demoqaBase - Clicked on Elements|Links|Forbidden Link response is: Forbidden
2025-09-19 12:37:08 [main] INFO  demoqaLog - ⏳ Waiting for page to fully load (timeout: 30s)
2025-09-19 12:37:08 [main] INFO  demoqaLog - ✅ Page load completed.
2025-09-19 12:37:08 [main] INFO  demoqaBase - Clicking on Elements|Links|NotFound Link...
🔹 Trying JS click on WebElement (attempt 1)
2025-09-19 12:37:08 [main] INFO  demoqaLog - 🔹 Trying JS click on WebElement (attempt 1)
🔹 Attempting JS click...
2025-09-19 12:37:08 [main] INFO  demoqaLog - 🔹 Attempting JS click...
2025-09-19 12:37:08 [main] INFO  demoqaBase - Clicked on Elements|Links|NotFound Link...
2025-09-19 12:37:08 [main] INFO  FetchLinkResponse - Fetching link response...
2025-09-19 12:37:08 [main] INFO  FetchLinkResponse - Response fetched: Not Found
Not Found
2025-09-19 12:37:08 [main] INFO  demoqaBase - Clicked on Elements|Links|Not Found Link response is: Not Found
2025-09-19 12:37:08 [main] INFO  demoqaBase - ✅ Test for Elements|Links|All Links in One GO Completed Successfully...
]]></system-out>
  </testcase>
  <testcase name="ClickBrokenLinksImages" classname="tests.ElementsTests" time="0.661">
    <system-out><![CDATA[2025-09-19 12:37:08 [main] INFO  demoqaBase - Closing browser for test: ClickAllLinks
2025-09-19 12:37:09 [main] INFO  DriverFactory - 🌐 Starting Chrome Web Browser...
2025-09-19 12:37:09 [main] INFO  DriverFactory - ✅ Created temporary Chrome profile at C:\Users\dell\AppData\Local\Temp\chrome-profile-4201270460435341643
2025-09-19 12:37:10 [main] INFO  DriverFactory - 🚀 WebDriver started successfully
2025-09-19 12:37:10 [main] INFO  RetryUrlAccess - 🌐 Navigating to URL (attempt 1): https://demoqa.com
2025-09-19 12:37:14 [main] INFO  RetryUrlAccess - ✅ Navigation successful on attempt 1
Instance Variables Declared are: nullnull
2025-09-19 12:37:14 [main] INFO  demoqaBase - Accessing Elements Card...
2025-09-19 12:37:14 [main] INFO  demoqaLog - Clicking on Elements Card...
🔹 Trying JS click by locator (attempt 1)
2025-09-19 12:37:14 [main] INFO  demoqaLog - 🔹 Trying JS click by locator (attempt 1)
🔹 Attempting JS click...
2025-09-19 12:37:14 [main] INFO  demoqaLog - 🔹 Attempting JS click...
⚡ Falling back to native click by locator (attempt 1)
2025-09-19 12:37:14 [main] INFO  demoqaLog - ⚡ Falling back to native click by locator (attempt 1)
2025-09-19 12:37:15 [main] INFO  demoqaLog - Clicked on Elements Card...
Title of this Page is: DEMOQA
You are Accessing: Elements
 
Elements: Please select an item from left to start practice.
2025-09-19 12:37:15 [main] INFO  demoqaBase - Elements: Please select an item from left to start practice.
2025-09-19 12:37:15 [main] INFO  demoqaBase - Clicking on Elements|Broken Links - Images...
Waiting for the presence of Element: [[ChromeDriver: chrome on windows (b3926e666ad827622eea71dac76232de)] -> xpath: //span[normalize-space()='Broken Links - Images']]
🔹 Trying JS click on WebElement (attempt 1)
2025-09-19 12:37:15 [main] INFO  demoqaLog - 🔹 Trying JS click on WebElement (attempt 1)
🔹 Attempting JS click...
2025-09-19 12:37:15 [main] INFO  demoqaLog - 🔹 Attempting JS click...
2025-09-19 12:37:15 [main] INFO  demoqaBase - Clicked on Elements|Broken Links - Images...
Page Title is: Broken Links - Images
2025-09-19 12:37:15 [main] INFO  demoqaBase - ✅ Test for Elements|Broken Links - Images Completed Successfully...
]]></system-out>
  </testcase>
  <testcase name="GetValidImage" classname="tests.ElementsTests" time="0.835">
    <system-out><![CDATA[2025-09-19 12:37:15 [main] INFO  demoqaBase - Closing browser for test: ClickBrokenLinksImages
2025-09-19 12:37:15 [main] INFO  DriverFactory - 🌐 Starting Chrome Web Browser...
2025-09-19 12:37:15 [main] INFO  DriverFactory - ✅ Created temporary Chrome profile at C:\Users\dell\AppData\Local\Temp\chrome-profile-7472509197632418882
2025-09-19 12:37:16 [main] INFO  DriverFactory - 🚀 WebDriver started successfully
2025-09-19 12:37:16 [main] INFO  RetryUrlAccess - 🌐 Navigating to URL (attempt 1): https://demoqa.com
2025-09-19 12:37:21 [main] INFO  RetryUrlAccess - ✅ Navigation successful on attempt 1
Instance Variables Declared are: nullnull
2025-09-19 12:37:21 [main] INFO  demoqaBase - Accessing Elements Card...
2025-09-19 12:37:21 [main] INFO  demoqaLog - Clicking on Elements Card...
🔹 Trying JS click by locator (attempt 1)
2025-09-19 12:37:21 [main] INFO  demoqaLog - 🔹 Trying JS click by locator (attempt 1)
🔹 Attempting JS click...
2025-09-19 12:37:21 [main] INFO  demoqaLog - 🔹 Attempting JS click...
⚡ Falling back to native click by locator (attempt 1)
2025-09-19 12:37:21 [main] INFO  demoqaLog - ⚡ Falling back to native click by locator (attempt 1)
2025-09-19 12:37:22 [main] INFO  demoqaLog - Clicked on Elements Card...
Title of this Page is: DEMOQA
You are Accessing: Elements
 
Elements: Please select an item from left to start practice.
2025-09-19 12:37:22 [main] INFO  demoqaBase - Elements: Please select an item from left to start practice.
2025-09-19 12:37:22 [main] INFO  demoqaBase - Clicking on Elements|Broken Links - Images...
Waiting for the presence of Element: [[ChromeDriver: chrome on windows (7dce9bc94a7e56001a3a148ee59d0d0f)] -> xpath: //span[normalize-space()='Broken Links - Images']]
🔹 Trying JS click on WebElement (attempt 1)
2025-09-19 12:37:22 [main] INFO  demoqaLog - 🔹 Trying JS click on WebElement (attempt 1)
🔹 Attempting JS click...
2025-09-19 12:37:22 [main] INFO  demoqaLog - 🔹 Attempting JS click...
2025-09-19 12:37:22 [main] INFO  demoqaBase - Clicked on Elements|Broken Links - Images...
Page Title is: Broken Links - Images
2025-09-19 12:37:22 [main] INFO  demoqaLog - ⏳ Waiting for page to fully load (timeout: 30s)
2025-09-19 12:37:22 [main] INFO  demoqaLog - ✅ Page load completed.
2025-09-19 12:37:22 [main] INFO  demoqaBase - Checking for Elements|Broken Links|Valid Image...
Found WebElement of: Valid image
2025-09-19 12:37:22 [main] INFO  demoqaBase - Checked Elements|Broken Links|Valid Image Valid image
2025-09-19 12:37:22 [main] INFO  demoqaBase - ✅ Test for Elements|Broken Links - Images|Valid Image Completed Successfully...
]]></system-out>
  </testcase>
  <testcase name="GetBrokenImage" classname="tests.ElementsTests" time="0.74">
    <system-out><![CDATA[2025-09-19 12:37:22 [main] INFO  demoqaBase - Closing browser for test: GetValidImage
2025-09-19 12:37:23 [main] INFO  DriverFactory - 🌐 Starting Chrome Web Browser...
2025-09-19 12:37:23 [main] INFO  DriverFactory - ✅ Created temporary Chrome profile at C:\Users\dell\AppData\Local\Temp\chrome-profile-9242368872913912365
2025-09-19 12:37:24 [main] INFO  DriverFactory - 🚀 WebDriver started successfully
2025-09-19 12:37:24 [main] INFO  RetryUrlAccess - 🌐 Navigating to URL (attempt 1): https://demoqa.com
2025-09-19 12:37:54 [main] INFO  RetryUrlAccess - ✅ Navigation successful on attempt 1
Instance Variables Declared are: nullnull
2025-09-19 12:37:54 [main] INFO  demoqaBase - Accessing Elements Card...
2025-09-19 12:37:54 [main] INFO  demoqaLog - Clicking on Elements Card...
🔹 Trying JS click by locator (attempt 1)
2025-09-19 12:37:54 [main] INFO  demoqaLog - 🔹 Trying JS click by locator (attempt 1)
🔹 Attempting JS click...
2025-09-19 12:37:54 [main] INFO  demoqaLog - 🔹 Attempting JS click...
⚡ Falling back to native click by locator (attempt 1)
2025-09-19 12:37:54 [main] INFO  demoqaLog - ⚡ Falling back to native click by locator (attempt 1)
2025-09-19 12:37:54 [main] INFO  demoqaLog - Clicked on Elements Card...
Title of this Page is: DEMOQA
You are Accessing: Elements
 
Elements: Please select an item from left to start practice.
2025-09-19 12:37:55 [main] INFO  demoqaBase - Elements: Please select an item from left to start practice.
2025-09-19 12:37:55 [main] INFO  demoqaBase - Clicking on Elements|Broken Links - Images...
Waiting for the presence of Element: [[ChromeDriver: chrome on windows (5c35d684d35ae7b78816c7c3002e7105)] -> xpath: //span[normalize-space()='Broken Links - Images']]
🔹 Trying JS click on WebElement (attempt 1)
2025-09-19 12:37:55 [main] INFO  demoqaLog - 🔹 Trying JS click on WebElement (attempt 1)
🔹 Attempting JS click...
2025-09-19 12:37:55 [main] INFO  demoqaLog - 🔹 Attempting JS click...
2025-09-19 12:37:55 [main] INFO  demoqaBase - Clicked on Elements|Broken Links - Images...
Page Title is: Broken Links - Images
2025-09-19 12:37:55 [main] INFO  demoqaLog - ⏳ Waiting for page to fully load (timeout: 30s)
2025-09-19 12:37:55 [main] INFO  demoqaLog - ✅ Page load completed.
2025-09-19 12:37:55 [main] INFO  demoqaBase - Checking for Elements|Broken Links|Valid Image...
Found WebElement of: Broken image
2025-09-19 12:37:55 [main] INFO  demoqaBase - Checked Elements|Broken Links|Broken Image Broken image
2025-09-19 12:37:55 [main] INFO  demoqaBase - ✅ Test for Elements|Broken Links - Images|Broken Image Completed Successfully...
]]></system-out>
  </testcase>
  <testcase name="BrokenLinksBrokenlink" classname="tests.ElementsTests" time="6.558">
    <system-out><![CDATA[2025-09-19 12:37:55 [main] INFO  demoqaBase - Closing browser for test: GetBrokenImage
2025-09-19 12:37:55 [main] INFO  DriverFactory - 🌐 Starting Chrome Web Browser...
2025-09-19 12:37:55 [main] INFO  DriverFactory - ✅ Created temporary Chrome profile at C:\Users\dell\AppData\Local\Temp\chrome-profile-7422580864414503286
2025-09-19 12:37:56 [main] INFO  DriverFactory - 🚀 WebDriver started successfully
2025-09-19 12:37:56 [main] INFO  RetryUrlAccess - 🌐 Navigating to URL (attempt 1): https://demoqa.com
2025-09-19 12:38:04 [main] INFO  RetryUrlAccess - ✅ Navigation successful on attempt 1
Instance Variables Declared are: nullnull
2025-09-19 12:38:04 [main] INFO  demoqaBase - Accessing Elements Card...
2025-09-19 12:38:04 [main] INFO  demoqaLog - Clicking on Elements Card...
🔹 Trying JS click by locator (attempt 1)
2025-09-19 12:38:04 [main] INFO  demoqaLog - 🔹 Trying JS click by locator (attempt 1)
🔹 Attempting JS click...
2025-09-19 12:38:04 [main] INFO  demoqaLog - 🔹 Attempting JS click...
⚡ Falling back to native click by locator (attempt 1)
2025-09-19 12:38:04 [main] INFO  demoqaLog - ⚡ Falling back to native click by locator (attempt 1)
2025-09-19 12:38:04 [main] INFO  demoqaLog - Clicked on Elements Card...
Title of this Page is: DEMOQA
You are Accessing: Elements
 
Elements: Please select an item from left to start practice.
2025-09-19 12:38:04 [main] INFO  demoqaBase - Elements: Please select an item from left to start practice.
2025-09-19 12:38:04 [main] INFO  demoqaBase - Clicking on Elements|Broken Links - Images...
Waiting for the presence of Element: [[ChromeDriver: chrome on windows (308863c10884fded908dba5ce4b4e5fd)] -> xpath: //span[normalize-space()='Broken Links - Images']]
🔹 Trying JS click on WebElement (attempt 1)
2025-09-19 12:38:04 [main] INFO  demoqaLog - 🔹 Trying JS click on WebElement (attempt 1)
🔹 Attempting JS click...
2025-09-19 12:38:04 [main] INFO  demoqaLog - 🔹 Attempting JS click...
2025-09-19 12:38:04 [main] INFO  demoqaBase - Clicked on Elements|Broken Links - Images...
Page Title is: Broken Links - Images
2025-09-19 12:38:04 [main] INFO  demoqaLog - ⏳ Waiting for page to fully load (timeout: 30s)
2025-09-19 12:38:04 [main] INFO  demoqaLog - ✅ Page load completed.
2025-09-19 12:38:04 [main] INFO  demoqaBase - Checking for Elements|Broken Links|Broken Link...
Waiting for the presence of Element: [[ChromeDriver: chrome on windows (308863c10884fded908dba5ce4b4e5fd)] -> xpath: //a[normalize-space()='Click Here for Broken Link']]
🔹 Trying JS click on WebElement (attempt 1)
2025-09-19 12:38:04 [main] INFO  demoqaLog - 🔹 Trying JS click on WebElement (attempt 1)
🔹 Attempting JS click...
2025-09-19 12:38:04 [main] INFO  demoqaLog - 🔹 Attempting JS click...
2025-09-19 12:38:10 [main] INFO  demoqaBase - Clicked on Elements|Broken Links - Images|Broken Link...
Broken Link Response is: This page returned a 500 status code.

For a definition and common list of HTTP status codes, go here
2025-09-19 12:38:10 [main] INFO  demoqaBase - Broken Link Response is: This page returned a 500 status code.

For a definition and common list of HTTP status codes, go here
2025-09-19 12:38:10 [main] INFO  demoqaBase - ✅ Test for Elements|Broken Links - Images|Broken Link Completed Successfully...
]]></system-out>
  </testcase>
  <testcase name="BrokenLinksValidlink" classname="tests.ElementsTests" time="1.572">
    <system-out><![CDATA[2025-09-19 12:38:10 [main] INFO  demoqaBase - Closing browser for test: BrokenLinksBrokenlink
2025-09-19 12:38:11 [main] INFO  DriverFactory - 🌐 Starting Chrome Web Browser...
2025-09-19 12:38:11 [main] INFO  DriverFactory - ✅ Created temporary Chrome profile at C:\Users\dell\AppData\Local\Temp\chrome-profile-10942247337146283545
2025-09-19 12:38:12 [main] INFO  DriverFactory - 🚀 WebDriver started successfully
2025-09-19 12:38:12 [main] INFO  RetryUrlAccess - 🌐 Navigating to URL (attempt 1): https://demoqa.com
2025-09-19 12:38:17 [main] INFO  RetryUrlAccess - ✅ Navigation successful on attempt 1
Instance Variables Declared are: nullnull
2025-09-19 12:38:17 [main] INFO  demoqaBase - Accessing Elements Card...
2025-09-19 12:38:17 [main] INFO  demoqaLog - Clicking on Elements Card...
🔹 Trying JS click by locator (attempt 1)
2025-09-19 12:38:17 [main] INFO  demoqaLog - 🔹 Trying JS click by locator (attempt 1)
🔹 Attempting JS click...
2025-09-19 12:38:17 [main] INFO  demoqaLog - 🔹 Attempting JS click...
⚡ Falling back to native click by locator (attempt 1)
2025-09-19 12:38:17 [main] INFO  demoqaLog - ⚡ Falling back to native click by locator (attempt 1)
2025-09-19 12:38:17 [main] INFO  demoqaLog - Clicked on Elements Card...
Title of this Page is: DEMOQA
You are Accessing: Elements
 
Elements: Please select an item from left to start practice.
2025-09-19 12:38:17 [main] INFO  demoqaBase - Elements: Please select an item from left to start practice.
2025-09-19 12:38:17 [main] INFO  demoqaBase - Clicking on Elements|Broken Links - Images...
Waiting for the presence of Element: [[ChromeDriver: chrome on windows (6f011625c57b735724140c4637433cec)] -> xpath: //span[normalize-space()='Broken Links - Images']]
🔹 Trying JS click on WebElement (attempt 1)
2025-09-19 12:38:17 [main] INFO  demoqaLog - 🔹 Trying JS click on WebElement (attempt 1)
🔹 Attempting JS click...
2025-09-19 12:38:17 [main] INFO  demoqaLog - 🔹 Attempting JS click...
2025-09-19 12:38:17 [main] INFO  demoqaBase - Clicked on Elements|Broken Links - Images...
Page Title is: Broken Links - Images
2025-09-19 12:38:17 [main] INFO  demoqaLog - ⏳ Waiting for page to fully load (timeout: 30s)
2025-09-19 12:38:17 [main] INFO  demoqaLog - ✅ Page load completed.
2025-09-19 12:38:17 [main] INFO  demoqaBase - Checking for Elements|Broken Links|Valid Link...
Waiting for the presence of Element: [[ChromeDriver: chrome on windows (6f011625c57b735724140c4637433cec)] -> xpath: //a[normalize-space()='Click Here for Valid Link']]
🔹 Trying JS click on WebElement (attempt 1)
2025-09-19 12:38:17 [main] INFO  demoqaLog - 🔹 Trying JS click on WebElement (attempt 1)
🔹 Attempting JS click...
2025-09-19 12:38:17 [main] INFO  demoqaLog - 🔹 Attempting JS click...
2025-09-19 12:38:18 [main] INFO  demoqaBase - Clicked on Elements|Broken Links - Images|Valid Link...
Logo of Valid Link Clicked https://demoqa.com/images/Toolsqa.jpg
2025-09-19 12:38:18 [main] INFO  demoqaBase - Logo source: https://demoqa.com/images/Toolsqa.jpg
2025-09-19 12:38:18 [main] INFO  demoqaBase - ✅ Test for Elements|Broken Links - Images|Valid Link Completed Successfully...
]]></system-out>
  </testcase>
  <testcase name="UploadDownloadlink" classname="tests.ElementsTests" time="1.644">
    <system-out><![CDATA[2025-09-19 12:38:18 [main] INFO  demoqaBase - Closing browser for test: BrokenLinksValidlink
2025-09-19 12:38:19 [main] INFO  DriverFactory - 🌐 Starting Chrome Web Browser...
2025-09-19 12:38:19 [main] INFO  DriverFactory - ✅ Created temporary Chrome profile at C:\Users\dell\AppData\Local\Temp\chrome-profile-3351624404003368892
2025-09-19 12:38:20 [main] INFO  DriverFactory - 🚀 WebDriver started successfully
2025-09-19 12:38:20 [main] INFO  RetryUrlAccess - 🌐 Navigating to URL (attempt 1): https://demoqa.com
2025-09-19 12:38:51 [main] INFO  RetryUrlAccess - ✅ Navigation successful on attempt 1
Instance Variables Declared are: nullnull
2025-09-19 12:38:51 [main] INFO  demoqaBase - Accessing Elements Card...
2025-09-19 12:38:51 [main] INFO  demoqaLog - Clicking on Elements Card...
🔹 Trying JS click by locator (attempt 1)
2025-09-19 12:38:51 [main] INFO  demoqaLog - 🔹 Trying JS click by locator (attempt 1)
🔹 Attempting JS click...
2025-09-19 12:38:51 [main] INFO  demoqaLog - 🔹 Attempting JS click...
⚡ Falling back to native click by locator (attempt 1)
2025-09-19 12:38:51 [main] INFO  demoqaLog - ⚡ Falling back to native click by locator (attempt 1)
2025-09-19 12:38:51 [main] INFO  demoqaLog - Clicked on Elements Card...
Title of this Page is: DEMOQA
You are Accessing: Elements
 
Elements: Please select an item from left to start practice.
2025-09-19 12:38:51 [main] INFO  demoqaBase - Elements: Please select an item from left to start practice.
2025-09-19 12:38:51 [main] INFO  demoqaBase - Checking for Elements|Upload and Download|Download Button...
Waiting for the Element to be Clickable: [[ChromeDriver: chrome on windows (8b9b553e99d885e1c25bcc0417d6ef91)] -> xpath: //div[@class='element-list collapse show']//li[@id='item-7']]
🔹 Trying JS click on WebElement (attempt 1)
2025-09-19 12:38:53 [main] INFO  demoqaLog - 🔹 Trying JS click on WebElement (attempt 1)
🔹 Attempting JS click...
2025-09-19 12:38:53 [main] INFO  demoqaLog - 🔹 Attempting JS click...
2025-09-19 12:38:53 [main] INFO  demoqaBase - Clicked on Elements|Upload and Download...
2025-09-19 12:38:53 [main] INFO  demoqaBase - ✅ Test for Elements|Upload and Download Link Completed Successfully...
]]></system-out>
  </testcase>
  <testcase name="Downloadbtn" classname="tests.ElementsTests" time="5.03">
    <system-out><![CDATA[2025-09-19 12:38:53 [main] INFO  demoqaBase - Closing browser for test: UploadDownloadlink
2025-09-19 12:38:53 [main] WARN  PauseManager - ⏸ Pausing for 5 minutes after 80 tests...
2025-09-19 12:38:53 [main] INFO  PauseManager - ▶ Resuming in 5 minutes...
2025-09-19 12:39:53 [main] INFO  PauseManager - ▶ Resuming in 4 minutes...
2025-09-19 12:40:54 [main] INFO  PauseManager - ▶ Resuming in 3 minutes...
2025-09-19 12:41:54 [main] INFO  PauseManager - ▶ Resuming in 2 minutes...
2025-09-19 12:42:55 [main] INFO  PauseManager - ▶ Resuming in 1 minutes...
2025-09-19 12:43:45 [main] INFO  PauseManager - ▶ Resuming in 10 seconds...
2025-09-19 12:43:46 [main] INFO  PauseManager - ▶ Resuming in 9 seconds...
2025-09-19 12:43:47 [main] INFO  PauseManager - ▶ Resuming in 8 seconds...
2025-09-19 12:43:48 [main] INFO  PauseManager - ▶ Resuming in 7 seconds...
2025-09-19 12:43:49 [main] INFO  PauseManager - ▶ Resuming in 6 seconds...
2025-09-19 12:43:50 [main] INFO  PauseManager - ▶ Resuming in 5 seconds...
2025-09-19 12:43:51 [main] INFO  PauseManager - ▶ Resuming in 4 seconds...
2025-09-19 12:43:52 [main] INFO  PauseManager - ▶ Resuming in 3 seconds...
2025-09-19 12:43:53 [main] INFO  PauseManager - ▶ Resuming in 2 seconds...
2025-09-19 12:43:54 [main] INFO  PauseManager - ▶ Resuming in 1 seconds...
2025-09-19 12:43:55 [main] INFO  PauseManager - ✅ Pause complete. Resuming tests...
2025-09-19 12:43:55 [main] INFO  DriverFactory - 🌐 Starting Chrome Web Browser...
2025-09-19 12:43:55 [main] INFO  DriverFactory - ✅ Created temporary Chrome profile at C:\Users\dell\AppData\Local\Temp\chrome-profile-4046007440539075175
2025-09-19 12:43:57 [main] INFO  DriverFactory - 🚀 WebDriver started successfully
2025-09-19 12:43:57 [main] INFO  RetryUrlAccess - 🌐 Navigating to URL (attempt 1): https://demoqa.com
2025-09-19 12:44:10 [main] INFO  RetryUrlAccess - ✅ Navigation successful on attempt 1
Instance Variables Declared are: nullnull
2025-09-19 12:44:10 [main] INFO  demoqaBase - Accessing Elements Card...
2025-09-19 12:44:10 [main] INFO  demoqaLog - Clicking on Elements Card...
🔹 Trying JS click by locator (attempt 1)
2025-09-19 12:44:10 [main] INFO  demoqaLog - 🔹 Trying JS click by locator (attempt 1)
🔹 Attempting JS click...
2025-09-19 12:44:10 [main] INFO  demoqaLog - 🔹 Attempting JS click...
⚡ Falling back to native click by locator (attempt 1)
2025-09-19 12:44:10 [main] INFO  demoqaLog - ⚡ Falling back to native click by locator (attempt 1)
2025-09-19 12:44:10 [main] INFO  demoqaLog - Clicked on Elements Card...
Title of this Page is: DEMOQA
You are Accessing: Elements
 
Elements: Please select an item from left to start practice.
2025-09-19 12:44:10 [main] INFO  demoqaBase - Elements: Please select an item from left to start practice.
2025-09-19 12:44:10 [main] INFO  demoqaBase - Checking for Elements|Upload and Download|Download Button...
Waiting for the Element to be Clickable: [[ChromeDriver: chrome on windows (61b28c6e4ee176e34b3d7a01263e1c51)] -> xpath: //div[@class='element-list collapse show']//li[@id='item-7']]
🔹 Trying JS click on WebElement (attempt 1)
2025-09-19 12:44:11 [main] INFO  demoqaLog - 🔹 Trying JS click on WebElement (attempt 1)
🔹 Attempting JS click...
2025-09-19 12:44:11 [main] INFO  demoqaLog - 🔹 Attempting JS click...
2025-09-19 12:44:12 [main] INFO  demoqaBase - Clicked on Elements|Upload and Download...
2025-09-19 12:44:12 [main] INFO  demoqaLog - ⏳ Waiting for page to fully load (timeout: 30s)
2025-09-19 12:44:12 [main] INFO  demoqaLog - ✅ Page load completed.
2025-09-19 12:44:12 [main] INFO  demoqaBase - Clicking on Elements | Upload and Download | Download Button...
2025-09-19 12:44:12 [main] INFO  demoqaBase - 🧹 Deleted leftover: sampleFile.jpeg
2025-09-19 12:44:12 [main] INFO  demoqaBase - ✅ Native click succeeded.
2025-09-19 12:44:12 [main] INFO  demoqaBase - ✅ Clicked Download button, waiting for file...
2025-09-19 12:44:12 [main] INFO  demoqaBase - 🔄 Attempt 1: Checking for downloaded file...
2025-09-19 12:44:15 [main] INFO  demoqaBase - 🔄 Attempt 2: Checking for downloaded file...
2025-09-19 12:44:15 [main] INFO  demoqaBase - ✅ File downloaded successfully: C:\Users\dell\Downloads\sampleFile.jpeg
2025-09-19 12:44:15 [main] INFO  demoqaBase - ✅ Test for Elements|Upload and Download|Download Button Completed Successfully...
]]></system-out>
  </testcase>
  <testcase name="Uploadbtn" classname="tests.ElementsTests" time="1.941">
    <system-out><![CDATA[2025-09-19 12:44:15 [main] INFO  demoqaBase - Closing browser for test: Downloadbtn
2025-09-19 12:44:15 [main] INFO  DriverFactory - 🌐 Starting Chrome Web Browser...
2025-09-19 12:44:15 [main] INFO  DriverFactory - ✅ Created temporary Chrome profile at C:\Users\dell\AppData\Local\Temp\chrome-profile-15281301067652289964
2025-09-19 12:44:16 [main] INFO  DriverFactory - 🚀 WebDriver started successfully
2025-09-19 12:44:16 [main] INFO  RetryUrlAccess - 🌐 Navigating to URL (attempt 1): https://demoqa.com
2025-09-19 12:44:28 [main] INFO  RetryUrlAccess - ✅ Navigation successful on attempt 1
Instance Variables Declared are: nullnull
2025-09-19 12:44:28 [main] INFO  demoqaBase - Accessing Elements Card...
2025-09-19 12:44:28 [main] INFO  demoqaLog - Clicking on Elements Card...
🔹 Trying JS click by locator (attempt 1)
2025-09-19 12:44:28 [main] INFO  demoqaLog - 🔹 Trying JS click by locator (attempt 1)
🔹 Attempting JS click...
2025-09-19 12:44:28 [main] INFO  demoqaLog - 🔹 Attempting JS click...
⚡ Falling back to native click by locator (attempt 1)
2025-09-19 12:44:28 [main] INFO  demoqaLog - ⚡ Falling back to native click by locator (attempt 1)
2025-09-19 12:44:28 [main] INFO  demoqaLog - Clicked on Elements Card...
Title of this Page is: DEMOQA
You are Accessing: Elements
 
Elements: Please select an item from left to start practice.
2025-09-19 12:44:28 [main] INFO  demoqaBase - Elements: Please select an item from left to start practice.
2025-09-19 12:44:28 [main] INFO  demoqaBase - Checking for Elements|Upload and Download|Download Button...
Waiting for the Element to be Clickable: [[ChromeDriver: chrome on windows (9615f37f760e9d22a9eb214c6001563c)] -> xpath: //div[@class='element-list collapse show']//li[@id='item-7']]
🔹 Trying JS click on WebElement (attempt 1)
2025-09-19 12:44:30 [main] INFO  demoqaLog - 🔹 Trying JS click on WebElement (attempt 1)
🔹 Attempting JS click...
2025-09-19 12:44:30 [main] INFO  demoqaLog - 🔹 Attempting JS click...
2025-09-19 12:44:30 [main] INFO  demoqaBase - Clicked on Elements|Upload and Download...
2025-09-19 12:44:30 [main] INFO  demoqaLog - ⏳ Waiting for page to fully load (timeout: 30s)
2025-09-19 12:44:30 [main] INFO  demoqaLog - ✅ Page load completed.
2025-09-19 12:44:30 [main] INFO  demoqaBase - Checking for Elements|Upload and Download|Upload Button...
File being Uploaded is: C:\ASN\eclipse_workspace\demoqa-automation\TestData
Uploading: C:\ASN\eclipse_workspace\demoqa-automation\TestData\Ophoto.jpg
Uploaded photo: [[ChromeDriver: chrome on windows (9615f37f760e9d22a9eb214c6001563c)] -> id: uploadFile]
2025-09-19 12:44:30 [main] INFO  demoqaBase - Clicked on Elements|Upload and Download|Upload Button...
2025-09-19 12:44:30 [main] INFO  FetchLinkResponse - Fetching link response...
2025-09-19 12:44:30 [main] INFO  FetchLinkResponse - Response fetched: C:\fakepath\Ophoto.jpg
C:\fakepath\Ophoto.jpg
2025-09-19 12:44:30 [main] INFO  demoqaBase - Clicked on Elements|Upload and Download|Upload response is: C:\fakepath\Ophoto.jpg
2025-09-19 12:44:30 [main] INFO  demoqaBase - ✅ Test for Elements|Upload and Download|Upload Button Completed Successfully...
]]></system-out>
  </testcase>
  <testcase name="DynamicPropertiesbtn" classname="tests.ElementsTests" time="0.708">
    <system-out><![CDATA[2025-09-19 12:44:30 [main] INFO  demoqaBase - Closing browser for test: Uploadbtn
2025-09-19 12:44:32 [main] INFO  DriverFactory - 🌐 Starting Chrome Web Browser...
2025-09-19 12:44:32 [main] INFO  DriverFactory - ✅ Created temporary Chrome profile at C:\Users\dell\AppData\Local\Temp\chrome-profile-5024175180057400416
2025-09-19 12:44:33 [main] INFO  DriverFactory - 🚀 WebDriver started successfully
2025-09-19 12:44:33 [main] INFO  RetryUrlAccess - 🌐 Navigating to URL (attempt 1): https://demoqa.com
2025-09-19 12:44:52 [main] INFO  RetryUrlAccess - ✅ Navigation successful on attempt 1
Instance Variables Declared are: nullnull
2025-09-19 12:44:52 [main] INFO  demoqaBase - Accessing Elements Card...
2025-09-19 12:44:52 [main] INFO  demoqaLog - Clicking on Elements Card...
🔹 Trying JS click by locator (attempt 1)
2025-09-19 12:44:52 [main] INFO  demoqaLog - 🔹 Trying JS click by locator (attempt 1)
🔹 Attempting JS click...
2025-09-19 12:44:52 [main] INFO  demoqaLog - 🔹 Attempting JS click...
⚡ Falling back to native click by locator (attempt 1)
2025-09-19 12:44:52 [main] INFO  demoqaLog - ⚡ Falling back to native click by locator (attempt 1)
2025-09-19 12:44:52 [main] INFO  demoqaLog - Clicked on Elements Card...
Title of this Page is: DEMOQA
You are Accessing: Elements
 
Elements: Please select an item from left to start practice.
2025-09-19 12:44:52 [main] INFO  demoqaBase - Elements: Please select an item from left to start practice.
2025-09-19 12:44:52 [main] INFO  demoqaBase - Checking for Elements|Dynamic Properties Button...
Waiting for the Element to be Clickable: [[ChromeDriver: chrome on windows (5d55bdcb782573269bad02913aee262a)] -> xpath: //div[@class='element-list collapse show']//li[@id='item-8']]
🔹 Trying JS click on WebElement (attempt 1)
2025-09-19 12:44:52 [main] INFO  demoqaLog - 🔹 Trying JS click on WebElement (attempt 1)
🔹 Attempting JS click...
2025-09-19 12:44:52 [main] INFO  demoqaLog - 🔹 Attempting JS click...
2025-09-19 12:44:53 [main] INFO  demoqaBase - Clicked on Elements|Dynamic Properties...
Dynamic Properties Page Tile is: Dynamic Properties
2025-09-19 12:44:53 [main] INFO  demoqaBase - ✅ Test for Elements|Dynamic Properties Button Completed Successfully...
]]></system-out>
  </testcase>
  <testcase name="ColorChangebtn" classname="tests.ElementsTests" time="1.079">
    <system-out><![CDATA[2025-09-19 12:44:53 [main] INFO  demoqaBase - Closing browser for test: DynamicPropertiesbtn
2025-09-19 12:44:54 [main] INFO  DriverFactory - 🌐 Starting Chrome Web Browser...
2025-09-19 12:44:54 [main] INFO  DriverFactory - ✅ Created temporary Chrome profile at C:\Users\dell\AppData\Local\Temp\chrome-profile-5306311084944464180
2025-09-19 12:44:54 [main] INFO  DriverFactory - 🚀 WebDriver started successfully
2025-09-19 12:44:54 [main] INFO  RetryUrlAccess - 🌐 Navigating to URL (attempt 1): https://demoqa.com
2025-09-19 12:45:05 [main] INFO  RetryUrlAccess - ✅ Navigation successful on attempt 1
Instance Variables Declared are: nullnull
2025-09-19 12:45:05 [main] INFO  demoqaBase - Accessing Elements Card...
2025-09-19 12:45:05 [main] INFO  demoqaLog - Clicking on Elements Card...
🔹 Trying JS click by locator (attempt 1)
2025-09-19 12:45:05 [main] INFO  demoqaLog - 🔹 Trying JS click by locator (attempt 1)
🔹 Attempting JS click...
2025-09-19 12:45:05 [main] INFO  demoqaLog - 🔹 Attempting JS click...
⚡ Falling back to native click by locator (attempt 1)
2025-09-19 12:45:05 [main] INFO  demoqaLog - ⚡ Falling back to native click by locator (attempt 1)
2025-09-19 12:45:05 [main] INFO  demoqaLog - Clicked on Elements Card...
Title of this Page is: DEMOQA
You are Accessing: Elements
 
Elements: Please select an item from left to start practice.
2025-09-19 12:45:05 [main] INFO  demoqaBase - Elements: Please select an item from left to start practice.
2025-09-19 12:45:05 [main] INFO  demoqaBase - Checking for Elements|Dynamic Properties Button...
Waiting for the Element to be Clickable: [[ChromeDriver: chrome on windows (bb33863b327a5e96bf2512323c820e6d)] -> xpath: //div[@class='element-list collapse show']//li[@id='item-8']]
🔹 Trying JS click on WebElement (attempt 1)
2025-09-19 12:45:05 [main] INFO  demoqaLog - 🔹 Trying JS click on WebElement (attempt 1)
🔹 Attempting JS click...
2025-09-19 12:45:05 [main] INFO  demoqaLog - 🔹 Attempting JS click...
2025-09-19 12:45:06 [main] INFO  demoqaBase - Clicked on Elements|Dynamic Properties...
Dynamic Properties Page Tile is: Dynamic Properties
2025-09-19 12:45:06 [main] INFO  demoqaLog - ⏳ Waiting for page to fully load (timeout: 30s)
2025-09-19 12:45:06 [main] INFO  demoqaLog - ✅ Page load completed.
2025-09-19 12:45:06 [main] INFO  demoqaBase - Checking for Elements|Dynamic Properties|Color Change Button...
Waiting for the Element to be Clickable: [[ChromeDriver: chrome on windows (bb33863b327a5e96bf2512323c820e6d)] -> xpath: //button[@id='colorChange']]
🔹 Trying JS click on WebElement (attempt 1)
2025-09-19 12:45:06 [main] INFO  demoqaLog - 🔹 Trying JS click on WebElement (attempt 1)
🔹 Attempting JS click...
2025-09-19 12:45:06 [main] INFO  demoqaLog - 🔹 Attempting JS click...
2025-09-19 12:45:06 [main] INFO  demoqaBase - Clicked on Elements|Dynamic Properties|Color Change Button...
Clicked on: Color Change
2025-09-19 12:45:06 [main] INFO  demoqaBase - ✅ Test for Elements|Dynamic Properties|Color Change Button Completed Successfully...
]]></system-out>
  </testcase>
  <testcase name="WillEnablebtn" classname="tests.ElementsTests" time="5.779">
    <system-out><![CDATA[2025-09-19 12:45:06 [main] INFO  demoqaBase - Closing browser for test: ColorChangebtn
2025-09-19 12:45:06 [main] INFO  DriverFactory - 🌐 Starting Chrome Web Browser...
2025-09-19 12:45:06 [main] INFO  DriverFactory - ✅ Created temporary Chrome profile at C:\Users\dell\AppData\Local\Temp\chrome-profile-5264600128044140797
2025-09-19 12:45:07 [main] INFO  DriverFactory - 🚀 WebDriver started successfully
2025-09-19 12:45:07 [main] INFO  RetryUrlAccess - 🌐 Navigating to URL (attempt 1): https://demoqa.com
2025-09-19 12:45:12 [main] INFO  RetryUrlAccess - ✅ Navigation successful on attempt 1
Instance Variables Declared are: nullnull
2025-09-19 12:45:12 [main] INFO  demoqaBase - Accessing Elements Card...
2025-09-19 12:45:12 [main] INFO  demoqaLog - Clicking on Elements Card...
🔹 Trying JS click by locator (attempt 1)
2025-09-19 12:45:12 [main] INFO  demoqaLog - 🔹 Trying JS click by locator (attempt 1)
🔹 Attempting JS click...
2025-09-19 12:45:12 [main] INFO  demoqaLog - 🔹 Attempting JS click...
⚡ Falling back to native click by locator (attempt 1)
2025-09-19 12:45:12 [main] INFO  demoqaLog - ⚡ Falling back to native click by locator (attempt 1)
2025-09-19 12:45:12 [main] INFO  demoqaLog - Clicked on Elements Card...
Title of this Page is: DEMOQA
You are Accessing: Elements
 
Elements: Please select an item from left to start practice.
2025-09-19 12:45:12 [main] INFO  demoqaBase - Elements: Please select an item from left to start practice.
2025-09-19 12:45:12 [main] INFO  demoqaBase - Checking for Elements|Dynamic Properties Button...
Waiting for the Element to be Clickable: [[ChromeDriver: chrome on windows (480cdae10bda12ef75d41055e467e949)] -> xpath: //div[@class='element-list collapse show']//li[@id='item-8']]
🔹 Trying JS click on WebElement (attempt 1)
2025-09-19 12:45:12 [main] INFO  demoqaLog - 🔹 Trying JS click on WebElement (attempt 1)
🔹 Attempting JS click...
2025-09-19 12:45:12 [main] INFO  demoqaLog - 🔹 Attempting JS click...
2025-09-19 12:45:12 [main] INFO  demoqaBase - Clicked on Elements|Dynamic Properties...
Dynamic Properties Page Tile is: Dynamic Properties
2025-09-19 12:45:13 [main] INFO  demoqaLog - ⏳ Waiting for page to fully load (timeout: 30s)
2025-09-19 12:45:13 [main] INFO  demoqaLog - ✅ Page load completed.
2025-09-19 12:45:13 [main] INFO  demoqaBase - Checking for Elements|Dynamic Properties|Will Enable 5 sec Button...
Waiting for the Element to be Clickable: [[ChromeDriver: chrome on windows (480cdae10bda12ef75d41055e467e949)] -> xpath: //button[@id='enableAfter']]
🔹 Trying JS click on WebElement (attempt 1)
2025-09-19 12:45:18 [main] INFO  demoqaLog - 🔹 Trying JS click on WebElement (attempt 1)
🔹 Attempting JS click...
2025-09-19 12:45:18 [main] INFO  demoqaLog - 🔹 Attempting JS click...
2025-09-19 12:45:18 [main] INFO  demoqaBase - Clicked on Elements|Dynamic Properties|Will Enable 5 sec Button...
Clicked on: Will enable 5 seconds
2025-09-19 12:45:18 [main] INFO  demoqaBase - ✅ Test for Elements|Dynamic Properties|Will enable 5 sec Button Completed Successfully...
]]></system-out>
  </testcase>
  <testcase name="VisibleAfterbtn" classname="tests.ElementsTests" time="6.093">
    <system-out><![CDATA[2025-09-19 12:45:18 [main] INFO  demoqaBase - Closing browser for test: WillEnablebtn
2025-09-19 12:45:18 [main] INFO  DriverFactory - 🌐 Starting Chrome Web Browser...
2025-09-19 12:45:18 [main] INFO  DriverFactory - ✅ Created temporary Chrome profile at C:\Users\dell\AppData\Local\Temp\chrome-profile-5889597660612374824
2025-09-19 12:45:19 [main] INFO  DriverFactory - 🚀 WebDriver started successfully
2025-09-19 12:45:19 [main] INFO  RetryUrlAccess - 🌐 Navigating to URL (attempt 1): https://demoqa.com
2025-09-19 12:45:35 [main] INFO  RetryUrlAccess - ✅ Navigation successful on attempt 1
Instance Variables Declared are: nullnull
2025-09-19 12:45:35 [main] INFO  demoqaBase - Accessing Elements Card...
2025-09-19 12:45:35 [main] INFO  demoqaLog - Clicking on Elements Card...
🔹 Trying JS click by locator (attempt 1)
2025-09-19 12:45:35 [main] INFO  demoqaLog - 🔹 Trying JS click by locator (attempt 1)
🔹 Attempting JS click...
2025-09-19 12:45:35 [main] INFO  demoqaLog - 🔹 Attempting JS click...
⚡ Falling back to native click by locator (attempt 1)
2025-09-19 12:45:35 [main] INFO  demoqaLog - ⚡ Falling back to native click by locator (attempt 1)
2025-09-19 12:45:35 [main] INFO  demoqaLog - Clicked on Elements Card...
Title of this Page is: DEMOQA
You are Accessing: Elements
 
Elements: Please select an item from left to start practice.
2025-09-19 12:45:35 [main] INFO  demoqaBase - Elements: Please select an item from left to start practice.
2025-09-19 12:45:35 [main] INFO  demoqaBase - Checking for Elements|Dynamic Properties Button...
Waiting for the Element to be Clickable: [[ChromeDriver: chrome on windows (e4bf97aab5bcd08475f49c40c1ef7cd4)] -> xpath: //div[@class='element-list collapse show']//li[@id='item-8']]
🔹 Trying JS click on WebElement (attempt 1)
2025-09-19 12:45:35 [main] INFO  demoqaLog - 🔹 Trying JS click on WebElement (attempt 1)
🔹 Attempting JS click...
2025-09-19 12:45:35 [main] INFO  demoqaLog - 🔹 Attempting JS click...
2025-09-19 12:45:36 [main] INFO  demoqaBase - Clicked on Elements|Dynamic Properties...
Dynamic Properties Page Tile is: Dynamic Properties
2025-09-19 12:45:36 [main] INFO  demoqaLog - ⏳ Waiting for page to fully load (timeout: 30s)
2025-09-19 12:45:36 [main] INFO  demoqaLog - ✅ Page load completed.
2025-09-19 12:45:36 [main] INFO  demoqaBase - Checking for Elements|Dynamic Properties|Visble After 5 Seconds Button...
Waiting for the Element to be Clickable: [[ChromeDriver: chrome on windows (e4bf97aab5bcd08475f49c40c1ef7cd4)] -> xpath: //button[@id='visibleAfter']]
🔹 Trying JS click on WebElement (attempt 1)
2025-09-19 12:45:41 [main] INFO  demoqaLog - 🔹 Trying JS click on WebElement (attempt 1)
🔹 Attempting JS click...
2025-09-19 12:45:41 [main] INFO  demoqaLog - 🔹 Attempting JS click...
2025-09-19 12:45:41 [main] INFO  demoqaBase - Clicked on Elements|Dynamic Properties|Visble After 5 Seconds Button...
Clicked on: Visible After 5 Seconds
2025-09-19 12:45:41 [main] INFO  demoqaBase - ✅ Test for Elements|Dynamic Properties|Visible After 5 Seconds Button Completed Successfully...
]]></system-out>
  </testcase>
  <testcase name="FormsCard" classname="tests.FormTests" time="0.975">
    <system-out><![CDATA[2025-09-19 12:45:41 [main] INFO  demoqaBase - Closing browser for test: VisibleAfterbtn
2025-09-19 12:45:41 [main] INFO  DriverFactory - 🌐 Starting Chrome Web Browser...
2025-09-19 12:45:41 [main] INFO  DriverFactory - ✅ Created temporary Chrome profile at C:\Users\dell\AppData\Local\Temp\chrome-profile-17516098728483779549
2025-09-19 12:45:42 [main] INFO  DriverFactory - 🚀 WebDriver started successfully
2025-09-19 12:45:42 [main] INFO  RetryUrlAccess - 🌐 Navigating to URL (attempt 1): https://demoqa.com
2025-09-19 12:45:57 [main] INFO  RetryUrlAccess - ✅ Navigation successful on attempt 1
2025-09-19 12:45:57 [main] INFO  demoqaBase - 🧪 Starting Form Card Test...
2025-09-19 12:45:57 [main] INFO  demoqaBase - Accessing Form Card...
2025-09-19 12:45:57 [main] INFO  RetryUrlAccess - 🌐 Navigating to URL (attempt 1): https://demoqa.com
2025-09-19 12:45:57 [main] INFO  RetryUrlAccess - ✅ Navigation successful on attempt 1
2025-09-19 12:45:57 [main] INFO  demoqaLog - Clicking on Form Card...
🔹 Trying JS click by locator (attempt 1)
2025-09-19 12:45:58 [main] INFO  demoqaLog - 🔹 Trying JS click by locator (attempt 1)
🔹 Attempting JS click...
2025-09-19 12:45:58 [main] INFO  demoqaLog - 🔹 Attempting JS click...
2025-09-19 12:45:58 [main] INFO  demoqaLog - Clicked on Forms Card...
Page Text is: Please select an item from left to start practice.
Title of this Page is: DEMOQA
2025-09-19 12:45:58 [main] INFO  demoqaBase - ✅ Form Card Test Completed...
]]></system-out>
  </testcase>
  <testcase name="FormButton" classname="tests.FormTests" time="0.348">
    <system-out><![CDATA[2025-09-19 12:45:58 [main] INFO  demoqaBase - Closing browser for test: FormsCard
2025-09-19 12:45:58 [main] INFO  DriverFactory - 🌐 Starting Chrome Web Browser...
2025-09-19 12:45:58 [main] INFO  DriverFactory - ✅ Created temporary Chrome profile at C:\Users\dell\AppData\Local\Temp\chrome-profile-16520280929367029923
2025-09-19 12:45:59 [main] INFO  DriverFactory - 🚀 WebDriver started successfully
2025-09-19 12:45:59 [main] INFO  RetryUrlAccess - 🌐 Navigating to URL (attempt 1): https://demoqa.com
2025-09-19 12:46:33 [main] INFO  RetryUrlAccess - ✅ Navigation successful on attempt 1
2025-09-19 12:46:33 [main] INFO  demoqaBase - 🧪 Starting Form Card Test...
2025-09-19 12:46:33 [main] INFO  demoqaLog - Clicking on Form Card...
🔹 Trying JS click by locator (attempt 1)
2025-09-19 12:46:33 [main] INFO  demoqaLog - 🔹 Trying JS click by locator (attempt 1)
🔹 Attempting JS click...
2025-09-19 12:46:33 [main] INFO  demoqaLog - 🔹 Attempting JS click...
2025-09-19 12:46:33 [main] INFO  demoqaLog - Clicked on Forms Card...
2025-09-19 12:46:33 [main] INFO  demoqaBase - Clicking on Practice Form...
🔹 Trying JS click by locator (attempt 1)
2025-09-19 12:46:33 [main] INFO  demoqaLog - 🔹 Trying JS click by locator (attempt 1)
🔹 Attempting JS click...
2025-09-19 12:46:33 [main] INFO  demoqaLog - 🔹 Attempting JS click...
2025-09-19 12:46:34 [main] INFO  demoqaBase - Clicked on Practice Form...
Title of this Page is: DEMOQA
2025-09-19 12:46:34 [main] INFO  demoqaBase - ✅ Form Card|Practice Forms Test Completed...
]]></system-out>
  </testcase>
  <testcase name="fillForm[UserFormData{firstName=&apos;Johny&apos;, lastName=&apos;Bravo&apos;, userMail=&apos;Jbravo@demoqa.com&apos;, gender=&apos;Male&apos;, mobile=&apos;9.238343488E9&apos;, dob=&apos;15/08/2000&apos;, dobTime=&apos;6:45:00 am&apos;, subject=&apos;Computer Science&apos;, hobbies=&apos;Sports,Music&apos;, picturePath=&apos;/TestData/Mphoto.jpg&apos;, address=&apos;511 Grant 481, Prattsville\n Arkansas 72129\n United States&apos;, state=&apos;NCR&apos;, city=&apos;Delhi&apos;}](1)" classname="tests.FormTests" time="5.995">
    <system-out><![CDATA[2025-09-19 12:46:34 [main] INFO  demoqaBase - Closing browser for test: FormButton
🧾 Row 1: {Salary=28000.0, Email=Jbravo@demoqa.com, DOBTime=6:45:00 am, Address=511 Grant 481, Prattsville\n Arkansas 72129\n United States, First Name=Johny, Gender=Male, City=Delhi, Mobile=9.238343488E9, Hobbies=Sports,Music, Subject=Computer Science, Current Address=301 Town 481, Brookville\n kansas 42129\n United States, Department=Information Technology, DOB=15/08/2000, Picture=/TestData/Mphoto.jpg, State=NCR, Last Name=Bravo, Age=34.0}
🔍 Mapping field: firstName | Excel Column: First Name | Value: Johny
🔍 Mapping field: lastName | Excel Column: Last Name | Value: Bravo
🔍 Mapping field: userMail | Excel Column: Email | Value: Jbravo@demoqa.com
🔍 Mapping field: gender | Excel Column: Gender | Value: Male
🔍 Mapping field: mobile | Excel Column: Mobile | Value: 9.238343488E9
🔍 Mapping field: dob | Excel Column: DOB | Value: 15/08/2000
🔍 Mapping field: dobTime | Excel Column: DOBTime | Value: 6:45:00 am
🔍 Mapping field: subject | Excel Column: Subject | Value: Computer Science
🔍 Mapping field: hobbies | Excel Column: Hobbies | Value: Sports,Music
🔍 Mapping field: picturePath | Excel Column: Picture | Value: /TestData/Mphoto.jpg
🔍 Mapping field: address | Excel Column: Address | Value: 511 Grant 481, Prattsville\n Arkansas 72129\n United States
🔍 Mapping field: state | Excel Column: State | Value: NCR
🔍 Mapping field: city | Excel Column: City | Value: Delhi
🧾 Row 2: {Salary=18000.0, Email=GFemina@demoqa.com, DOBTime=4:30:00 pm, Address=512 Grant 481, Prattsville\n Arkansas 72129\n United States, First Name=Gene, Gender=Female, City=Merrut, Mobile=1.888343432E9, Hobbies=Music,Reading, Subject=Accounting, Current Address=302 Town 481, Brookville\n kansas 42129\n United States, Department=Finance, DOB=22/05/2002, Picture=/TestData/Fphoto.png, State=Uttar Pradesh, Last Name=Femina, Age=30.0}
🔍 Mapping field: firstName | Excel Column: First Name | Value: Gene
🔍 Mapping field: lastName | Excel Column: Last Name | Value: Femina
🔍 Mapping field: userMail | Excel Column: Email | Value: GFemina@demoqa.com
🔍 Mapping field: gender | Excel Column: Gender | Value: Female
🔍 Mapping field: mobile | Excel Column: Mobile | Value: 1.888343432E9
🔍 Mapping field: dob | Excel Column: DOB | Value: 22/05/2002
🔍 Mapping field: dobTime | Excel Column: DOBTime | Value: 4:30:00 pm
🔍 Mapping field: subject | Excel Column: Subject | Value: Accounting
🔍 Mapping field: hobbies | Excel Column: Hobbies | Value: Music,Reading
🔍 Mapping field: picturePath | Excel Column: Picture | Value: /TestData/Fphoto.png
🔍 Mapping field: address | Excel Column: Address | Value: 512 Grant 481, Prattsville\n Arkansas 72129\n United States
🔍 Mapping field: state | Excel Column: State | Value: Uttar Pradesh
🔍 Mapping field: city | Excel Column: City | Value: Merrut
🧾 Row 3: {Salary=15000.0, Email=BWisem@demoqa.com, DOBTime=8:45:00 pm, Address=513 Grant 481, Prattsville\n Arkansas 72129\n United States, First Name=Bud, Gender=Other, City=Panipat, Mobile=8.932465432E9, Hobbies=Reading, Subject=Biology, Current Address=303 Town 481, Brookville\n kansas 42129\n United States, Department=Medicine, DOB=31/12/1999, Picture=/TestData/Ophoto.jpg, State=Haryana, Last Name=Wisem, Age=40.0}
🔍 Mapping field: firstName | Excel Column: First Name | Value: Bud
🔍 Mapping field: lastName | Excel Column: Last Name | Value: Wisem
🔍 Mapping field: userMail | Excel Column: Email | Value: BWisem@demoqa.com
🔍 Mapping field: gender | Excel Column: Gender | Value: Other
🔍 Mapping field: mobile | Excel Column: Mobile | Value: 8.932465432E9
🔍 Mapping field: dob | Excel Column: DOB | Value: 31/12/1999
🔍 Mapping field: dobTime | Excel Column: DOBTime | Value: 8:45:00 pm
🔍 Mapping field: subject | Excel Column: Subject | Value: Biology
🔍 Mapping field: hobbies | Excel Column: Hobbies | Value: Reading
🔍 Mapping field: picturePath | Excel Column: Picture | Value: /TestData/Ophoto.jpg
🔍 Mapping field: address | Excel Column: Address | Value: 513 Grant 481, Prattsville\n Arkansas 72129\n United States
🔍 Mapping field: state | Excel Column: State | Value: Haryana
🔍 Mapping field: city | Excel Column: City | Value: Panipat
🧾 Row 4: {Salary=19000.0, Email=TBoss@demoqa.com, DOBTime=5:45:00 am, Address=514 Grant 481, Prattsville\n Arkansas 72129\n United States, First Name=Tom, Gender=Male, City=Jaiselmer, Mobile=7.839875281E9, Hobbies=Sports,Reading, Subject=Social Studies, Current Address=304 Town 481, Brookville\n kansas 42129\n United States, Department=Recreation, DOB=1/26/03, Picture=/TestData/M2photo.jpg, State=Rajasthan, Last Name=Boss, Age=42.0}
🔍 Mapping field: firstName | Excel Column: First Name | Value: Tom
🔍 Mapping field: lastName | Excel Column: Last Name | Value: Boss
🔍 Mapping field: userMail | Excel Column: Email | Value: TBoss@demoqa.com
🔍 Mapping field: gender | Excel Column: Gender | Value: Male
🔍 Mapping field: mobile | Excel Column: Mobile | Value: 7.839875281E9
🔍 Mapping field: dob | Excel Column: DOB | Value: 1/26/03
🔍 Mapping field: dobTime | Excel Column: DOBTime | Value: 5:45:00 am
🔍 Mapping field: subject | Excel Column: Subject | Value: Social Studies
🔍 Mapping field: hobbies | Excel Column: Hobbies | Value: Sports,Reading
🔍 Mapping field: picturePath | Excel Column: Picture | Value: /TestData/M2photo.jpg
🔍 Mapping field: address | Excel Column: Address | Value: 514 Grant 481, Prattsville\n Arkansas 72129\n United States
🔍 Mapping field: state | Excel Column: State | Value: Rajasthan
🔍 Mapping field: city | Excel Column: City | Value: Jaiselmer
2025-09-19 12:46:34 [main] INFO  DriverFactory - 🌐 Starting Chrome Web Browser...
2025-09-19 12:46:34 [main] INFO  DriverFactory - ✅ Created temporary Chrome profile at C:\Users\dell\AppData\Local\Temp\chrome-profile-11608843224428150302
2025-09-19 12:46:35 [main] INFO  DriverFactory - 🚀 WebDriver started successfully
2025-09-19 12:46:35 [main] INFO  RetryUrlAccess - 🌐 Navigating to URL (attempt 1): https://demoqa.com
2025-09-19 12:46:47 [main] INFO  RetryUrlAccess - ✅ Navigation successful on attempt 1
2025-09-19 12:46:47 [main] INFO  demoqaBase - 🧪 Starting Form Filling Test...
2025-09-19 12:46:47 [main] INFO  RetryUrlAccess - 🌐 Navigating to URL (attempt 1): https://demoqa.com
2025-09-19 12:46:48 [main] INFO  RetryUrlAccess - ✅ Navigation successful on attempt 1
2025-09-19 12:46:48 [main] INFO  demoqaBase - Accessing Form Card...
2025-09-19 12:46:48 [main] INFO  RetryUrlAccess - 🌐 Navigating to URL (attempt 1): https://demoqa.com
2025-09-19 12:46:49 [main] INFO  RetryUrlAccess - ✅ Navigation successful on attempt 1
2025-09-19 12:46:49 [main] INFO  demoqaLog - Clicking on Form Card...
🔹 Trying JS click by locator (attempt 1)
2025-09-19 12:46:49 [main] INFO  demoqaLog - 🔹 Trying JS click by locator (attempt 1)
🔹 Attempting JS click...
2025-09-19 12:46:49 [main] INFO  demoqaLog - 🔹 Attempting JS click...
2025-09-19 12:46:49 [main] INFO  demoqaLog - Clicked on Forms Card...
Page Text is: Please select an item from left to start practice.
2025-09-19 12:46:49 [main] INFO  demoqaBase - Clicking on Practice Form...
🔹 Trying JS click by locator (attempt 1)
2025-09-19 12:46:49 [main] INFO  demoqaLog - 🔹 Trying JS click by locator (attempt 1)
🔹 Attempting JS click...
2025-09-19 12:46:49 [main] INFO  demoqaLog - 🔹 Attempting JS click...
2025-09-19 12:46:49 [main] INFO  demoqaBase - Clicked on Practice Form...
2025-09-19 12:46:49 [main] INFO  demoqaLog - ⏳ Waiting for page to fully load (timeout: 30s)
2025-09-19 12:46:49 [main] INFO  demoqaLog - ✅ Page load completed.
2025-09-19 12:46:49 [main] INFO  demoqaBase - Filling form for: Johny Bravo
2025-09-19 12:46:49 [main] INFO  demoqaBase - Entering First Name...
2025-09-19 12:46:50 [main] INFO  demoqaBase - Entered First Name: Johny
🔹 Trying JS click on WebElement (attempt 1)
2025-09-19 12:46:50 [main] INFO  demoqaLog - 🔹 Trying JS click on WebElement (attempt 1)
🔹 Attempting JS click...
2025-09-19 12:46:50 [main] INFO  demoqaLog - 🔹 Attempting JS click...
Selected gender: Male
2025-09-19 12:46:50 [main] INFO  demoqaBase - 📅 Parsed DOB for Johny Bravo: 2000-08-15
2025-09-19 12:46:50 [main] INFO  demoqaLog - ✅ JS click executed on element: {}
✅ Date selected: 15-08-2000
Selected Date is: '15 Aug 2000'
Expected Date is: '15 Aug 2000'
2025-09-19 12:46:51 [main] INFO  demoqaBase - Typed full subject: Computer Science
Typing subject: Computer Science
Dropdown Option: Computer Science
Selected: Computer Science
Selected hobby: sports
Selected hobby: music
Uploaded photo: C:\ASN\eclipse_workspace\demoqa-automation//TestData/Mphoto.jpg
511 Grant 481, Prattsville
 Arkansas 72129
 United States
2025-09-19 12:46:52 [main] INFO  demoqaBase - Entering Address...
2025-09-19 12:46:52 [main] INFO  demoqaBase - Entered Address...
2025-09-19 12:46:52 [main] INFO  demoqaBase - Selecting State: NCR
Available state option: NCR
2025-09-19 12:46:52 [main] INFO  demoqaBase - Selected State: NCR
2025-09-19 12:46:52 [main] INFO  demoqaBase - Selecting City: Delhi
Available city: Delhi
2025-09-19 12:46:52 [main] INFO  demoqaBase - Selected City: Delhi
2025-09-19 12:46:52 [main] INFO  demoqaBase - Submitting Form...
2025-09-19 12:46:53 [main] INFO  demoqaBase - Form Submitted via normal click...
2025-09-19 12:46:53 [main] INFO  ConfirmationTableParser - 📋 Parsed [First Name] = 'Johny', [Last Name] = 'Bravo'
2025-09-19 12:46:53 [main] INFO  ConfirmationTableParser - 📋 Parsed [Email] = 'Jbravo@demoqa.com'
2025-09-19 12:46:53 [main] INFO  ConfirmationTableParser - 📋 Parsed [Gender] = 'Male'
2025-09-19 12:46:53 [main] INFO  ConfirmationTableParser - 📋 Parsed [Mobile] = '9238343488'
2025-09-19 12:46:53 [main] INFO  ConfirmationTableParser - 📋 Parsed [DOB] = '15 August,2000'
2025-09-19 12:46:53 [main] INFO  ConfirmationTableParser - 📋 Parsed [Subject] = 'Computer Science'
2025-09-19 12:46:53 [main] INFO  ConfirmationTableParser - 📋 Parsed [Hobbies] = 'Sports, Music'
2025-09-19 12:46:53 [main] INFO  ConfirmationTableParser - 📋 Parsed [Picture] = 'Mphoto.jpg'
2025-09-19 12:46:53 [main] INFO  ConfirmationTableParser - 📋 Parsed [Address] = '511 Grant 481, Prattsville Arkansas 72129 United States'
2025-09-19 12:46:53 [main] INFO  ConfirmationTableParser - 📋 Parsed [State] = 'NCR', [City] = 'Delhi'
2025-09-19 12:46:53 [main] INFO  AssertFormData - 🔍 [Email] Raw expected='Jbravo@demoqa.com', Raw actual='Jbravo@demoqa.com'
2025-09-19 12:46:53 [main] INFO  AssertFormData - 🔧 [Email] Normalized expected='Jbravo@demoqa.com', Normalized actual='Jbravo@demoqa.com'
2025-09-19 12:46:53 [main] INFO  AssertFormData - ✅ [Email] matched: 'Jbravo@demoqa.com'
2025-09-19 12:46:53 [main] INFO  AssertFormData - ⏩ Skipping optional field 'DOBTime' for context 'FORMS'
2025-09-19 12:46:53 [main] INFO  AssertFormData - 🔍 [Address] Raw expected='511 Grant 481, Prattsville\n Arkansas 72129\n United States', Raw actual='511 Grant 481, Prattsville Arkansas 72129 United States'
2025-09-19 12:46:53 [main] INFO  AssertFormData - 🔧 [Address] Normalized expected='511 Grant 481, Prattsville Arkansas 72129 United States', Normalized actual='511 Grant 481, Prattsville Arkansas 72129 United States'
2025-09-19 12:46:53 [main] INFO  AssertFormData - ✅ [Address] matched: '511 Grant 481, Prattsville Arkansas 72129 United States'
2025-09-19 12:46:53 [main] INFO  AssertFormData - 🔍 [First Name] Raw expected='Johny', Raw actual='Johny'
2025-09-19 12:46:53 [main] INFO  AssertFormData - 🔧 [First Name] Normalized expected='Johny', Normalized actual='Johny'
2025-09-19 12:46:53 [main] INFO  AssertFormData - ✅ [First Name] matched: 'Johny'
2025-09-19 12:46:53 [main] INFO  AssertFormData - 🔍 [Gender] Raw expected='Male', Raw actual='Male'
2025-09-19 12:46:53 [main] INFO  AssertFormData - 🔧 [Gender] Normalized expected='Male', Normalized actual='Male'
2025-09-19 12:46:53 [main] INFO  AssertFormData - ✅ [Gender] matched: 'Male'
2025-09-19 12:46:53 [main] INFO  AssertFormData - 🔍 [City] Raw expected='Delhi', Raw actual='Delhi'
2025-09-19 12:46:53 [main] INFO  AssertFormData - 🔧 [City] Normalized expected='Delhi', Normalized actual='Delhi'
2025-09-19 12:46:53 [main] INFO  AssertFormData - ✅ [City] matched: 'Delhi'
2025-09-19 12:46:53 [main] INFO  AssertFormData - 🔍 [Mobile] Raw expected='9238343488', Raw actual='9238343488'
2025-09-19 12:46:53 [main] INFO  AssertFormData - 🔧 [Mobile] Normalized expected='9238343488', Normalized actual='9238343488'
2025-09-19 12:46:53 [main] INFO  AssertFormData - ✅ [Mobile] matched: '9238343488'
2025-09-19 12:46:53 [main] INFO  AssertFormData - 🔍 [Hobbies] Raw expected='Sports,Music', Raw actual='Sports, Music'
2025-09-19 12:46:53 [main] INFO  AssertFormData - 🔧 [Hobbies] Normalized expected='Sports,Music', Normalized actual='Sports,Music'
2025-09-19 12:46:53 [main] INFO  AssertFormData - ✅ [Hobbies] matched: 'Sports,Music'
2025-09-19 12:46:53 [main] INFO  AssertFormData - 🔍 [Subject] Raw expected='Computer Science', Raw actual='Computer Science'
2025-09-19 12:46:53 [main] INFO  AssertFormData - 🔧 [Subject] Normalized expected='Computer Science', Normalized actual='Computer Science'
2025-09-19 12:46:53 [main] INFO  AssertFormData - ✅ [Subject] matched: 'Computer Science'
2025-09-19 12:46:53 [main] INFO  AssertFormData - 🔍 [DOB] Raw expected='15-08-2000', Raw actual='15 August,2000'
2025-09-19 12:46:53 [main] INFO  AssertFormData - 🔧 [DOB] Normalized expected='15-08-2000', Normalized actual='15-08-2000'
2025-09-19 12:46:53 [main] INFO  AssertFormData - ✅ [DOB] matched: '15-08-2000'
2025-09-19 12:46:53 [main] INFO  AssertFormData - 🔍 [Picture] Raw expected='Mphoto.jpg', Raw actual='Mphoto.jpg'
2025-09-19 12:46:53 [main] INFO  AssertFormData - 🔧 [Picture] Normalized expected='Mphoto.jpg', Normalized actual='Mphoto.jpg'
2025-09-19 12:46:53 [main] INFO  AssertFormData - ✅ [Picture] matched: 'Mphoto.jpg'
2025-09-19 12:46:53 [main] INFO  AssertFormData - 🔍 [State] Raw expected='NCR', Raw actual='NCR'
2025-09-19 12:46:53 [main] INFO  AssertFormData - 🔧 [State] Normalized expected='NCR', Normalized actual='NCR'
2025-09-19 12:46:53 [main] INFO  AssertFormData - ✅ [State] matched: 'NCR'
2025-09-19 12:46:53 [main] INFO  AssertFormData - 🔍 [Last Name] Raw expected='Bravo', Raw actual='Bravo'
2025-09-19 12:46:53 [main] INFO  AssertFormData - 🔧 [Last Name] Normalized expected='Bravo', Normalized actual='Bravo'
2025-09-19 12:46:53 [main] INFO  AssertFormData - ✅ [Last Name] matched: 'Bravo'
2025-09-19 12:46:53 [main] INFO  demoqaBase - ✅ Form Filling Completed for: Johny Bravo
]]></system-out>
  </testcase>
  <testcase name="fillForm[UserFormData{firstName=&apos;Gene&apos;, lastName=&apos;Femina&apos;, userMail=&apos;GFemina@demoqa.com&apos;, gender=&apos;Female&apos;, mobile=&apos;1.888343432E9&apos;, dob=&apos;22/05/2002&apos;, dobTime=&apos;4:30:00 pm&apos;, subject=&apos;Accounting&apos;, hobbies=&apos;Music,Reading&apos;, picturePath=&apos;/TestData/Fphoto.png&apos;, address=&apos;512 Grant 481, Prattsville\n Arkansas 72129\n United States&apos;, state=&apos;Uttar Pradesh&apos;, city=&apos;Merrut&apos;}](2)" classname="tests.FormTests" time="5.949">
    <system-out><![CDATA[Path for Screenshot is: C:\ASN\eclipse_workspace\demoqa-automation/screenshots/fillForm_Passed_20250919_124653+2025-09-19_12-46-53.png
2025-09-19 12:46:54 [main] INFO  demoqaBase - ✅ Test fillForm passed. Screenshot captured.
2025-09-19 12:46:54 [main] INFO  demoqaBase - Closing browser for test: fillForm
2025-09-19 12:46:54 [main] INFO  DriverFactory - 🌐 Starting Chrome Web Browser...
2025-09-19 12:46:54 [main] INFO  DriverFactory - ✅ Created temporary Chrome profile at C:\Users\dell\AppData\Local\Temp\chrome-profile-15226005003932691584
2025-09-19 12:46:55 [main] INFO  DriverFactory - 🚀 WebDriver started successfully
2025-09-19 12:46:55 [main] INFO  RetryUrlAccess - 🌐 Navigating to URL (attempt 1): https://demoqa.com
2025-09-19 12:47:01 [main] INFO  RetryUrlAccess - ✅ Navigation successful on attempt 1
2025-09-19 12:47:01 [main] INFO  demoqaBase - 🧪 Starting Form Filling Test...
2025-09-19 12:47:01 [main] INFO  RetryUrlAccess - 🌐 Navigating to URL (attempt 1): https://demoqa.com
2025-09-19 12:47:01 [main] INFO  RetryUrlAccess - ✅ Navigation successful on attempt 1
2025-09-19 12:47:01 [main] INFO  demoqaBase - Accessing Form Card...
2025-09-19 12:47:01 [main] INFO  RetryUrlAccess - 🌐 Navigating to URL (attempt 1): https://demoqa.com
2025-09-19 12:47:02 [main] INFO  RetryUrlAccess - ✅ Navigation successful on attempt 1
2025-09-19 12:47:02 [main] INFO  demoqaLog - Clicking on Form Card...
🔹 Trying JS click by locator (attempt 1)
2025-09-19 12:47:02 [main] INFO  demoqaLog - 🔹 Trying JS click by locator (attempt 1)
🔹 Attempting JS click...
2025-09-19 12:47:02 [main] INFO  demoqaLog - 🔹 Attempting JS click...
2025-09-19 12:47:02 [main] INFO  demoqaLog - Clicked on Forms Card...
Page Text is: Please select an item from left to start practice.
2025-09-19 12:47:02 [main] INFO  demoqaBase - Clicking on Practice Form...
🔹 Trying JS click by locator (attempt 1)
2025-09-19 12:47:02 [main] INFO  demoqaLog - 🔹 Trying JS click by locator (attempt 1)
🔹 Attempting JS click...
2025-09-19 12:47:02 [main] INFO  demoqaLog - 🔹 Attempting JS click...
2025-09-19 12:47:03 [main] INFO  demoqaBase - Clicked on Practice Form...
2025-09-19 12:47:03 [main] INFO  demoqaLog - ⏳ Waiting for page to fully load (timeout: 30s)
2025-09-19 12:47:03 [main] INFO  demoqaLog - ✅ Page load completed.
2025-09-19 12:47:03 [main] INFO  demoqaBase - Filling form for: Gene Femina
2025-09-19 12:47:03 [main] INFO  demoqaBase - Entering First Name...
2025-09-19 12:47:03 [main] INFO  demoqaBase - Entered First Name: Gene
🔹 Trying JS click on WebElement (attempt 1)
2025-09-19 12:47:03 [main] INFO  demoqaLog - 🔹 Trying JS click on WebElement (attempt 1)
🔹 Attempting JS click...
2025-09-19 12:47:03 [main] INFO  demoqaLog - 🔹 Attempting JS click...
Selected gender: Female
2025-09-19 12:47:03 [main] INFO  demoqaBase - 📅 Parsed DOB for Gene Femina: 2002-05-22
2025-09-19 12:47:03 [main] INFO  demoqaLog - ✅ JS click executed on element: {}
✅ Date selected: 22-05-2002
Selected Date is: '22 May 2002'
Expected Date is: '22 May 2002'
2025-09-19 12:47:04 [main] INFO  demoqaBase - Typed full subject: Accounting
Typing subject: Accounting
Dropdown Option: Accounting
Selected: Accounting
Selected hobby: music
Selected hobby: reading
Uploaded photo: C:\ASN\eclipse_workspace\demoqa-automation//TestData/Fphoto.png
512 Grant 481, Prattsville
 Arkansas 72129
 United States
2025-09-19 12:47:05 [main] INFO  demoqaBase - Entering Address...
2025-09-19 12:47:05 [main] INFO  demoqaBase - Entered Address...
2025-09-19 12:47:05 [main] INFO  demoqaBase - Selecting State: Uttar Pradesh
Available state option: NCR
Available state option: Uttar Pradesh
2025-09-19 12:47:05 [main] INFO  demoqaBase - Selected State: Uttar Pradesh
2025-09-19 12:47:05 [main] INFO  demoqaBase - Selecting City: Merrut
Available city: Agra
Available city: Lucknow
Available city: Merrut
2025-09-19 12:47:06 [main] INFO  demoqaBase - Selected City: Merrut
2025-09-19 12:47:06 [main] INFO  demoqaBase - Submitting Form...
2025-09-19 12:47:06 [main] INFO  demoqaBase - Form Submitted via normal click...
2025-09-19 12:47:06 [main] INFO  ConfirmationTableParser - 📋 Parsed [First Name] = 'Gene', [Last Name] = 'Femina'
2025-09-19 12:47:06 [main] INFO  ConfirmationTableParser - 📋 Parsed [Email] = 'GFemina@demoqa.com'
2025-09-19 12:47:06 [main] INFO  ConfirmationTableParser - 📋 Parsed [Gender] = 'Female'
2025-09-19 12:47:06 [main] INFO  ConfirmationTableParser - 📋 Parsed [Mobile] = '1888343432'
2025-09-19 12:47:06 [main] INFO  ConfirmationTableParser - 📋 Parsed [DOB] = '22 May,2002'
2025-09-19 12:47:07 [main] INFO  ConfirmationTableParser - 📋 Parsed [Subject] = 'Accounting'
2025-09-19 12:47:07 [main] INFO  ConfirmationTableParser - 📋 Parsed [Hobbies] = 'Music, Reading'
2025-09-19 12:47:07 [main] INFO  ConfirmationTableParser - 📋 Parsed [Picture] = 'Fphoto.png'
2025-09-19 12:47:07 [main] INFO  ConfirmationTableParser - 📋 Parsed [Address] = '512 Grant 481, Prattsville Arkansas 72129 United States'
2025-09-19 12:47:07 [main] INFO  ConfirmationTableParser - 📋 Parsed [State] = 'Uttar Pradesh', [City] = 'Merrut'
2025-09-19 12:47:07 [main] INFO  AssertFormData - 🔍 [Email] Raw expected='GFemina@demoqa.com', Raw actual='GFemina@demoqa.com'
2025-09-19 12:47:07 [main] INFO  AssertFormData - 🔧 [Email] Normalized expected='GFemina@demoqa.com', Normalized actual='GFemina@demoqa.com'
2025-09-19 12:47:07 [main] INFO  AssertFormData - ✅ [Email] matched: 'GFemina@demoqa.com'
2025-09-19 12:47:07 [main] INFO  AssertFormData - ⏩ Skipping optional field 'DOBTime' for context 'FORMS'
2025-09-19 12:47:07 [main] INFO  AssertFormData - 🔍 [Address] Raw expected='512 Grant 481, Prattsville\n Arkansas 72129\n United States', Raw actual='512 Grant 481, Prattsville Arkansas 72129 United States'
2025-09-19 12:47:07 [main] INFO  AssertFormData - 🔧 [Address] Normalized expected='512 Grant 481, Prattsville Arkansas 72129 United States', Normalized actual='512 Grant 481, Prattsville Arkansas 72129 United States'
2025-09-19 12:47:07 [main] INFO  AssertFormData - ✅ [Address] matched: '512 Grant 481, Prattsville Arkansas 72129 United States'
2025-09-19 12:47:07 [main] INFO  AssertFormData - 🔍 [First Name] Raw expected='Gene', Raw actual='Gene'
2025-09-19 12:47:07 [main] INFO  AssertFormData - 🔧 [First Name] Normalized expected='Gene', Normalized actual='Gene'
2025-09-19 12:47:07 [main] INFO  AssertFormData - ✅ [First Name] matched: 'Gene'
2025-09-19 12:47:07 [main] INFO  AssertFormData - 🔍 [Gender] Raw expected='Female', Raw actual='Female'
2025-09-19 12:47:07 [main] INFO  AssertFormData - 🔧 [Gender] Normalized expected='Female', Normalized actual='Female'
2025-09-19 12:47:07 [main] INFO  AssertFormData - ✅ [Gender] matched: 'Female'
2025-09-19 12:47:07 [main] INFO  AssertFormData - 🔍 [City] Raw expected='Merrut', Raw actual='Merrut'
2025-09-19 12:47:07 [main] INFO  AssertFormData - 🔧 [City] Normalized expected='Merrut', Normalized actual='Merrut'
2025-09-19 12:47:07 [main] INFO  AssertFormData - ✅ [City] matched: 'Merrut'
2025-09-19 12:47:07 [main] INFO  AssertFormData - 🔍 [Mobile] Raw expected='1888343432', Raw actual='1888343432'
2025-09-19 12:47:07 [main] INFO  AssertFormData - 🔧 [Mobile] Normalized expected='1888343432', Normalized actual='1888343432'
2025-09-19 12:47:07 [main] INFO  AssertFormData - ✅ [Mobile] matched: '1888343432'
2025-09-19 12:47:07 [main] INFO  AssertFormData - 🔍 [Hobbies] Raw expected='Music,Reading', Raw actual='Music, Reading'
2025-09-19 12:47:07 [main] INFO  AssertFormData - 🔧 [Hobbies] Normalized expected='Music,Reading', Normalized actual='Music,Reading'
2025-09-19 12:47:07 [main] INFO  AssertFormData - ✅ [Hobbies] matched: 'Music,Reading'
2025-09-19 12:47:07 [main] INFO  AssertFormData - 🔍 [Subject] Raw expected='Accounting', Raw actual='Accounting'
2025-09-19 12:47:07 [main] INFO  AssertFormData - 🔧 [Subject] Normalized expected='Accounting', Normalized actual='Accounting'
2025-09-19 12:47:07 [main] INFO  AssertFormData - ✅ [Subject] matched: 'Accounting'
2025-09-19 12:47:07 [main] INFO  AssertFormData - 🔍 [DOB] Raw expected='22-05-2002', Raw actual='22 May,2002'
2025-09-19 12:47:07 [main] INFO  AssertFormData - 🔧 [DOB] Normalized expected='22-05-2002', Normalized actual='22-05-2002'
2025-09-19 12:47:07 [main] INFO  AssertFormData - ✅ [DOB] matched: '22-05-2002'
2025-09-19 12:47:07 [main] INFO  AssertFormData - 🔍 [Picture] Raw expected='Fphoto.png', Raw actual='Fphoto.png'
2025-09-19 12:47:07 [main] INFO  AssertFormData - 🔧 [Picture] Normalized expected='Fphoto.png', Normalized actual='Fphoto.png'
2025-09-19 12:47:07 [main] INFO  AssertFormData - ✅ [Picture] matched: 'Fphoto.png'
2025-09-19 12:47:07 [main] INFO  AssertFormData - 🔍 [State] Raw expected='Uttar Pradesh', Raw actual='Uttar Pradesh'
2025-09-19 12:47:07 [main] INFO  AssertFormData - 🔧 [State] Normalized expected='Uttar Pradesh', Normalized actual='Uttar Pradesh'
2025-09-19 12:47:07 [main] INFO  AssertFormData - ✅ [State] matched: 'Uttar Pradesh'
2025-09-19 12:47:07 [main] INFO  AssertFormData - 🔍 [Last Name] Raw expected='Femina', Raw actual='Femina'
2025-09-19 12:47:07 [main] INFO  AssertFormData - 🔧 [Last Name] Normalized expected='Femina', Normalized actual='Femina'
2025-09-19 12:47:07 [main] INFO  AssertFormData - ✅ [Last Name] matched: 'Femina'
2025-09-19 12:47:07 [main] INFO  demoqaBase - ✅ Form Filling Completed for: Gene Femina
]]></system-out>
  </testcase>
  <testcase name="fillForm[UserFormData{firstName=&apos;Bud&apos;, lastName=&apos;Wisem&apos;, userMail=&apos;BWisem@demoqa.com&apos;, gender=&apos;Other&apos;, mobile=&apos;8.932465432E9&apos;, dob=&apos;31/12/1999&apos;, dobTime=&apos;8:45:00 pm&apos;, subject=&apos;Biology&apos;, hobbies=&apos;Reading&apos;, picturePath=&apos;/TestData/Ophoto.jpg&apos;, address=&apos;513 Grant 481, Prattsville\n Arkansas 72129\n United States&apos;, state=&apos;Haryana&apos;, city=&apos;Panipat&apos;}](3)" classname="tests.FormTests" time="6.797">
    <system-out><![CDATA[Path for Screenshot is: C:\ASN\eclipse_workspace\demoqa-automation/screenshots/fillForm_Passed_20250919_124707+2025-09-19_12-47-07.png
2025-09-19 12:47:07 [main] INFO  demoqaBase - ✅ Test fillForm passed. Screenshot captured.
2025-09-19 12:47:07 [main] INFO  demoqaBase - Closing browser for test: fillForm
2025-09-19 12:47:08 [main] INFO  DriverFactory - 🌐 Starting Chrome Web Browser...
2025-09-19 12:47:08 [main] INFO  DriverFactory - ✅ Created temporary Chrome profile at C:\Users\dell\AppData\Local\Temp\chrome-profile-11683202543123821923
2025-09-19 12:47:09 [main] INFO  DriverFactory - 🚀 WebDriver started successfully
2025-09-19 12:47:09 [main] INFO  RetryUrlAccess - 🌐 Navigating to URL (attempt 1): https://demoqa.com
2025-09-19 12:47:14 [main] INFO  RetryUrlAccess - ✅ Navigation successful on attempt 1
2025-09-19 12:47:14 [main] INFO  demoqaBase - 🧪 Starting Form Filling Test...
2025-09-19 12:47:14 [main] INFO  RetryUrlAccess - 🌐 Navigating to URL (attempt 1): https://demoqa.com
2025-09-19 12:47:14 [main] INFO  RetryUrlAccess - ✅ Navigation successful on attempt 1
2025-09-19 12:47:14 [main] INFO  demoqaBase - Accessing Form Card...
2025-09-19 12:47:14 [main] INFO  RetryUrlAccess - 🌐 Navigating to URL (attempt 1): https://demoqa.com
2025-09-19 12:47:15 [main] INFO  RetryUrlAccess - ✅ Navigation successful on attempt 1
2025-09-19 12:47:15 [main] INFO  demoqaLog - Clicking on Form Card...
🔹 Trying JS click by locator (attempt 1)
2025-09-19 12:47:15 [main] INFO  demoqaLog - 🔹 Trying JS click by locator (attempt 1)
🔹 Attempting JS click...
2025-09-19 12:47:15 [main] INFO  demoqaLog - 🔹 Attempting JS click...
2025-09-19 12:47:15 [main] INFO  demoqaLog - Clicked on Forms Card...
Page Text is: Please select an item from left to start practice.
2025-09-19 12:47:15 [main] INFO  demoqaBase - Clicking on Practice Form...
🔹 Trying JS click by locator (attempt 1)
2025-09-19 12:47:15 [main] INFO  demoqaLog - 🔹 Trying JS click by locator (attempt 1)
🔹 Attempting JS click...
2025-09-19 12:47:15 [main] INFO  demoqaLog - 🔹 Attempting JS click...
2025-09-19 12:47:15 [main] INFO  demoqaBase - Clicked on Practice Form...
2025-09-19 12:47:15 [main] INFO  demoqaLog - ⏳ Waiting for page to fully load (timeout: 30s)
2025-09-19 12:47:16 [main] INFO  demoqaLog - ✅ Page load completed.
2025-09-19 12:47:16 [main] INFO  demoqaBase - Filling form for: Bud Wisem
2025-09-19 12:47:16 [main] INFO  demoqaBase - Entering First Name...
2025-09-19 12:47:16 [main] INFO  demoqaBase - Entered First Name: Bud
🔹 Trying JS click on WebElement (attempt 1)
2025-09-19 12:47:16 [main] INFO  demoqaLog - 🔹 Trying JS click on WebElement (attempt 1)
🔹 Attempting JS click...
2025-09-19 12:47:16 [main] INFO  demoqaLog - 🔹 Attempting JS click...
Selected gender: Other
2025-09-19 12:47:17 [main] INFO  demoqaBase - 📅 Parsed DOB for Bud Wisem: 1999-12-31
2025-09-19 12:47:17 [main] INFO  demoqaLog - ✅ JS click executed on element: {}
✅ Date selected: 31-12-1999
Selected Date is: '31 Dec 1999'
Expected Date is: '31 Dec 1999'
2025-09-19 12:47:18 [main] INFO  demoqaBase - Typed full subject: Biology
Typing subject: Biology
Dropdown Option: Biology
Selected: Biology
Selected hobby: reading
Uploaded photo: C:\ASN\eclipse_workspace\demoqa-automation//TestData/Ophoto.jpg
513 Grant 481, Prattsville
 Arkansas 72129
 United States
2025-09-19 12:47:18 [main] INFO  demoqaBase - Entering Address...
2025-09-19 12:47:18 [main] INFO  demoqaBase - Entered Address...
2025-09-19 12:47:18 [main] INFO  demoqaBase - Selecting State: Haryana
Available state option: NCR
Available state option: Uttar Pradesh
Available state option: Haryana
2025-09-19 12:47:19 [main] INFO  demoqaBase - Selected State: Haryana
2025-09-19 12:47:19 [main] INFO  demoqaBase - Selecting City: Panipat
Available city: Karnal
Available city: Panipat
2025-09-19 12:47:19 [main] INFO  demoqaBase - Selected City: Panipat
2025-09-19 12:47:19 [main] INFO  demoqaBase - Submitting Form...
2025-09-19 12:47:20 [main] INFO  demoqaBase - Form Submitted via normal click...
2025-09-19 12:47:20 [main] INFO  ConfirmationTableParser - 📋 Parsed [First Name] = 'Bud', [Last Name] = 'Wisem'
2025-09-19 12:47:20 [main] INFO  ConfirmationTableParser - 📋 Parsed [Email] = 'BWisem@demoqa.com'
2025-09-19 12:47:20 [main] INFO  ConfirmationTableParser - 📋 Parsed [Gender] = 'Other'
2025-09-19 12:47:20 [main] INFO  ConfirmationTableParser - 📋 Parsed [Mobile] = '8932465432'
2025-09-19 12:47:20 [main] INFO  ConfirmationTableParser - 📋 Parsed [DOB] = '31 December,1999'
2025-09-19 12:47:20 [main] INFO  ConfirmationTableParser - 📋 Parsed [Subject] = 'Biology'
2025-09-19 12:47:20 [main] INFO  ConfirmationTableParser - 📋 Parsed [Hobbies] = 'Reading'
2025-09-19 12:47:20 [main] INFO  ConfirmationTableParser - 📋 Parsed [Picture] = 'Ophoto.jpg'
2025-09-19 12:47:20 [main] INFO  ConfirmationTableParser - 📋 Parsed [Address] = '513 Grant 481, Prattsville Arkansas 72129 United States'
2025-09-19 12:47:20 [main] INFO  ConfirmationTableParser - 📋 Parsed [State] = 'Haryana', [City] = 'Panipat'
2025-09-19 12:47:20 [main] INFO  AssertFormData - 🔍 [Email] Raw expected='BWisem@demoqa.com', Raw actual='BWisem@demoqa.com'
2025-09-19 12:47:20 [main] INFO  AssertFormData - 🔧 [Email] Normalized expected='BWisem@demoqa.com', Normalized actual='BWisem@demoqa.com'
2025-09-19 12:47:20 [main] INFO  AssertFormData - ✅ [Email] matched: 'BWisem@demoqa.com'
2025-09-19 12:47:20 [main] INFO  AssertFormData - ⏩ Skipping optional field 'DOBTime' for context 'FORMS'
2025-09-19 12:47:20 [main] INFO  AssertFormData - 🔍 [Address] Raw expected='513 Grant 481, Prattsville\n Arkansas 72129\n United States', Raw actual='513 Grant 481, Prattsville Arkansas 72129 United States'
2025-09-19 12:47:20 [main] INFO  AssertFormData - 🔧 [Address] Normalized expected='513 Grant 481, Prattsville Arkansas 72129 United States', Normalized actual='513 Grant 481, Prattsville Arkansas 72129 United States'
2025-09-19 12:47:20 [main] INFO  AssertFormData - ✅ [Address] matched: '513 Grant 481, Prattsville Arkansas 72129 United States'
2025-09-19 12:47:20 [main] INFO  AssertFormData - 🔍 [First Name] Raw expected='Bud', Raw actual='Bud'
2025-09-19 12:47:20 [main] INFO  AssertFormData - 🔧 [First Name] Normalized expected='Bud', Normalized actual='Bud'
2025-09-19 12:47:20 [main] INFO  AssertFormData - ✅ [First Name] matched: 'Bud'
2025-09-19 12:47:20 [main] INFO  AssertFormData - 🔍 [Gender] Raw expected='Other', Raw actual='Other'
2025-09-19 12:47:20 [main] INFO  AssertFormData - 🔧 [Gender] Normalized expected='Other', Normalized actual='Other'
2025-09-19 12:47:20 [main] INFO  AssertFormData - ✅ [Gender] matched: 'Other'
2025-09-19 12:47:20 [main] INFO  AssertFormData - 🔍 [City] Raw expected='Panipat', Raw actual='Panipat'
2025-09-19 12:47:20 [main] INFO  AssertFormData - 🔧 [City] Normalized expected='Panipat', Normalized actual='Panipat'
2025-09-19 12:47:20 [main] INFO  AssertFormData - ✅ [City] matched: 'Panipat'
2025-09-19 12:47:20 [main] INFO  AssertFormData - 🔍 [Mobile] Raw expected='8932465432', Raw actual='8932465432'
2025-09-19 12:47:20 [main] INFO  AssertFormData - 🔧 [Mobile] Normalized expected='8932465432', Normalized actual='8932465432'
2025-09-19 12:47:20 [main] INFO  AssertFormData - ✅ [Mobile] matched: '8932465432'
2025-09-19 12:47:20 [main] INFO  AssertFormData - 🔍 [Hobbies] Raw expected='Reading', Raw actual='Reading'
2025-09-19 12:47:20 [main] INFO  AssertFormData - 🔧 [Hobbies] Normalized expected='Reading', Normalized actual='Reading'
2025-09-19 12:47:20 [main] INFO  AssertFormData - ✅ [Hobbies] matched: 'Reading'
2025-09-19 12:47:20 [main] INFO  AssertFormData - 🔍 [Subject] Raw expected='Biology', Raw actual='Biology'
2025-09-19 12:47:20 [main] INFO  AssertFormData - 🔧 [Subject] Normalized expected='Biology', Normalized actual='Biology'
2025-09-19 12:47:20 [main] INFO  AssertFormData - ✅ [Subject] matched: 'Biology'
2025-09-19 12:47:20 [main] INFO  AssertFormData - 🔍 [DOB] Raw expected='31-12-1999', Raw actual='31 December,1999'
2025-09-19 12:47:20 [main] INFO  AssertFormData - 🔧 [DOB] Normalized expected='31-12-1999', Normalized actual='31-12-1999'
2025-09-19 12:47:20 [main] INFO  AssertFormData - ✅ [DOB] matched: '31-12-1999'
2025-09-19 12:47:20 [main] INFO  AssertFormData - 🔍 [Picture] Raw expected='Ophoto.jpg', Raw actual='Ophoto.jpg'
2025-09-19 12:47:20 [main] INFO  AssertFormData - 🔧 [Picture] Normalized expected='Ophoto.jpg', Normalized actual='Ophoto.jpg'
2025-09-19 12:47:20 [main] INFO  AssertFormData - ✅ [Picture] matched: 'Ophoto.jpg'
2025-09-19 12:47:20 [main] INFO  AssertFormData - 🔍 [State] Raw expected='Haryana', Raw actual='Haryana'
2025-09-19 12:47:20 [main] INFO  AssertFormData - 🔧 [State] Normalized expected='Haryana', Normalized actual='Haryana'
2025-09-19 12:47:20 [main] INFO  AssertFormData - ✅ [State] matched: 'Haryana'
2025-09-19 12:47:20 [main] INFO  AssertFormData - 🔍 [Last Name] Raw expected='Wisem', Raw actual='Wisem'
2025-09-19 12:47:20 [main] INFO  AssertFormData - 🔧 [Last Name] Normalized expected='Wisem', Normalized actual='Wisem'
2025-09-19 12:47:20 [main] INFO  AssertFormData - ✅ [Last Name] matched: 'Wisem'
2025-09-19 12:47:20 [main] INFO  demoqaBase - ✅ Form Filling Completed for: Bud Wisem
]]></system-out>
  </testcase>
  <testcase name="fillForm[UserFormData{firstName=&apos;Tom&apos;, lastName=&apos;Boss&apos;, userMail=&apos;TBoss@demoqa.com&apos;, gender=&apos;Male&apos;, mobile=&apos;7.839875281E9&apos;, dob=&apos;1/26/03&apos;, dobTime=&apos;5:45:00 am&apos;, subject=&apos;Social Studies&apos;, hobbies=&apos;Sports,Reading&apos;, picturePath=&apos;/TestData/M2photo.jpg&apos;, address=&apos;514 Grant 481, Prattsville\n Arkansas 72129\n United States&apos;, state=&apos;Rajasthan&apos;, city=&apos;Jaiselmer&apos;}](4)" classname="tests.FormTests" time="5.851">
    <system-out><![CDATA[Path for Screenshot is: C:\ASN\eclipse_workspace\demoqa-automation/screenshots/fillForm_Passed_20250919_124720+2025-09-19_12-47-20.png
2025-09-19 12:47:21 [main] INFO  demoqaBase - ✅ Test fillForm passed. Screenshot captured.
2025-09-19 12:47:21 [main] INFO  demoqaBase - Closing browser for test: fillForm
2025-09-19 12:47:21 [main] INFO  DriverFactory - 🌐 Starting Chrome Web Browser...
2025-09-19 12:47:21 [main] INFO  DriverFactory - ✅ Created temporary Chrome profile at C:\Users\dell\AppData\Local\Temp\chrome-profile-615343203257177825
2025-09-19 12:47:22 [main] INFO  DriverFactory - 🚀 WebDriver started successfully
2025-09-19 12:47:22 [main] INFO  RetryUrlAccess - 🌐 Navigating to URL (attempt 1): https://demoqa.com
2025-09-19 12:47:35 [main] INFO  RetryUrlAccess - ✅ Navigation successful on attempt 1
2025-09-19 12:47:35 [main] INFO  demoqaBase - 🧪 Starting Form Filling Test...
2025-09-19 12:47:35 [main] INFO  RetryUrlAccess - 🌐 Navigating to URL (attempt 1): https://demoqa.com
2025-09-19 12:47:36 [main] INFO  RetryUrlAccess - ✅ Navigation successful on attempt 1
2025-09-19 12:47:36 [main] INFO  demoqaBase - Accessing Form Card...
2025-09-19 12:47:36 [main] INFO  RetryUrlAccess - 🌐 Navigating to URL (attempt 1): https://demoqa.com
2025-09-19 12:47:37 [main] INFO  RetryUrlAccess - ✅ Navigation successful on attempt 1
2025-09-19 12:47:37 [main] INFO  demoqaLog - Clicking on Form Card...
🔹 Trying JS click by locator (attempt 1)
2025-09-19 12:47:37 [main] INFO  demoqaLog - 🔹 Trying JS click by locator (attempt 1)
🔹 Attempting JS click...
2025-09-19 12:47:37 [main] INFO  demoqaLog - 🔹 Attempting JS click...
2025-09-19 12:47:37 [main] INFO  demoqaLog - Clicked on Forms Card...
Page Text is: Please select an item from left to start practice.
2025-09-19 12:47:37 [main] INFO  demoqaBase - Clicking on Practice Form...
🔹 Trying JS click by locator (attempt 1)
2025-09-19 12:47:37 [main] INFO  demoqaLog - 🔹 Trying JS click by locator (attempt 1)
🔹 Attempting JS click...
2025-09-19 12:47:37 [main] INFO  demoqaLog - 🔹 Attempting JS click...
2025-09-19 12:47:37 [main] INFO  demoqaBase - Clicked on Practice Form...
2025-09-19 12:47:37 [main] INFO  demoqaLog - ⏳ Waiting for page to fully load (timeout: 30s)
2025-09-19 12:47:37 [main] INFO  demoqaLog - ✅ Page load completed.
2025-09-19 12:47:37 [main] INFO  demoqaBase - Filling form for: Tom Boss
2025-09-19 12:47:37 [main] INFO  demoqaBase - Entering First Name...
2025-09-19 12:47:37 [main] INFO  demoqaBase - Entered First Name: Tom
🔹 Trying JS click on WebElement (attempt 1)
2025-09-19 12:47:38 [main] INFO  demoqaLog - 🔹 Trying JS click on WebElement (attempt 1)
🔹 Attempting JS click...
2025-09-19 12:47:38 [main] INFO  demoqaLog - 🔹 Attempting JS click...
Selected gender: Male
2025-09-19 12:47:38 [main] INFO  demoqaBase - 📅 Parsed DOB for Tom Boss: 2003-01-26
2025-09-19 12:47:38 [main] INFO  demoqaLog - ✅ JS click executed on element: {}
✅ Date selected: 26-01-2003
Selected Date is: '26 Jan 2003'
Expected Date is: '26 Jan 2003'
2025-09-19 12:47:39 [main] INFO  demoqaBase - Typed full subject: Social Studies
Typing subject: Social Studies
Dropdown Option: Social Studies
Selected: Social Studies
Selected hobby: sports
Selected hobby: reading
Uploaded photo: C:\ASN\eclipse_workspace\demoqa-automation//TestData/M2photo.jpg
514 Grant 481, Prattsville
 Arkansas 72129
 United States
2025-09-19 12:47:40 [main] INFO  demoqaBase - Entering Address...
2025-09-19 12:47:40 [main] INFO  demoqaBase - Entered Address...
2025-09-19 12:47:40 [main] INFO  demoqaBase - Selecting State: Rajasthan
Available state option: NCR
Available state option: Uttar Pradesh
Available state option: Haryana
Available state option: Rajasthan
2025-09-19 12:47:40 [main] INFO  demoqaBase - Selected State: Rajasthan
2025-09-19 12:47:40 [main] INFO  demoqaBase - Selecting City: Jaiselmer
Available city: Jaipur
Available city: Jaiselmer
2025-09-19 12:47:40 [main] INFO  demoqaBase - Selected City: Jaiselmer
2025-09-19 12:47:40 [main] INFO  demoqaBase - Submitting Form...
2025-09-19 12:47:41 [main] INFO  demoqaBase - Form Submitted via normal click...
2025-09-19 12:47:41 [main] INFO  ConfirmationTableParser - 📋 Parsed [First Name] = 'Tom', [Last Name] = 'Boss'
2025-09-19 12:47:41 [main] INFO  ConfirmationTableParser - 📋 Parsed [Email] = 'TBoss@demoqa.com'
2025-09-19 12:47:41 [main] INFO  ConfirmationTableParser - 📋 Parsed [Gender] = 'Male'
2025-09-19 12:47:41 [main] INFO  ConfirmationTableParser - 📋 Parsed [Mobile] = '7839875281'
2025-09-19 12:47:41 [main] INFO  ConfirmationTableParser - 📋 Parsed [DOB] = '26 January,2003'
2025-09-19 12:47:41 [main] INFO  ConfirmationTableParser - 📋 Parsed [Subject] = 'Social Studies'
2025-09-19 12:47:41 [main] INFO  ConfirmationTableParser - 📋 Parsed [Hobbies] = 'Sports, Reading'
2025-09-19 12:47:41 [main] INFO  ConfirmationTableParser - 📋 Parsed [Picture] = 'M2photo.jpg'
2025-09-19 12:47:41 [main] INFO  ConfirmationTableParser - 📋 Parsed [Address] = '514 Grant 481, Prattsville Arkansas 72129 United States'
2025-09-19 12:47:41 [main] INFO  ConfirmationTableParser - 📋 Parsed [State] = 'Rajasthan', [City] = 'Jaiselmer'
2025-09-19 12:47:41 [main] INFO  AssertFormData - 🔍 [Email] Raw expected='TBoss@demoqa.com', Raw actual='TBoss@demoqa.com'
2025-09-19 12:47:41 [main] INFO  AssertFormData - 🔧 [Email] Normalized expected='TBoss@demoqa.com', Normalized actual='TBoss@demoqa.com'
2025-09-19 12:47:41 [main] INFO  AssertFormData - ✅ [Email] matched: 'TBoss@demoqa.com'
2025-09-19 12:47:41 [main] INFO  AssertFormData - ⏩ Skipping optional field 'DOBTime' for context 'FORMS'
2025-09-19 12:47:41 [main] INFO  AssertFormData - 🔍 [Address] Raw expected='514 Grant 481, Prattsville\n Arkansas 72129\n United States', Raw actual='514 Grant 481, Prattsville Arkansas 72129 United States'
2025-09-19 12:47:41 [main] INFO  AssertFormData - 🔧 [Address] Normalized expected='514 Grant 481, Prattsville Arkansas 72129 United States', Normalized actual='514 Grant 481, Prattsville Arkansas 72129 United States'
2025-09-19 12:47:41 [main] INFO  AssertFormData - ✅ [Address] matched: '514 Grant 481, Prattsville Arkansas 72129 United States'
2025-09-19 12:47:41 [main] INFO  AssertFormData - 🔍 [First Name] Raw expected='Tom', Raw actual='Tom'
2025-09-19 12:47:41 [main] INFO  AssertFormData - 🔧 [First Name] Normalized expected='Tom', Normalized actual='Tom'
2025-09-19 12:47:41 [main] INFO  AssertFormData - ✅ [First Name] matched: 'Tom'
2025-09-19 12:47:41 [main] INFO  AssertFormData - 🔍 [Gender] Raw expected='Male', Raw actual='Male'
2025-09-19 12:47:41 [main] INFO  AssertFormData - 🔧 [Gender] Normalized expected='Male', Normalized actual='Male'
2025-09-19 12:47:41 [main] INFO  AssertFormData - ✅ [Gender] matched: 'Male'
2025-09-19 12:47:41 [main] INFO  AssertFormData - 🔍 [City] Raw expected='Jaiselmer', Raw actual='Jaiselmer'
2025-09-19 12:47:41 [main] INFO  AssertFormData - 🔧 [City] Normalized expected='Jaiselmer', Normalized actual='Jaiselmer'
2025-09-19 12:47:41 [main] INFO  AssertFormData - ✅ [City] matched: 'Jaiselmer'
2025-09-19 12:47:41 [main] INFO  AssertFormData - 🔍 [Mobile] Raw expected='7839875281', Raw actual='7839875281'
2025-09-19 12:47:41 [main] INFO  AssertFormData - 🔧 [Mobile] Normalized expected='7839875281', Normalized actual='7839875281'
2025-09-19 12:47:41 [main] INFO  AssertFormData - ✅ [Mobile] matched: '7839875281'
2025-09-19 12:47:41 [main] INFO  AssertFormData - 🔍 [Hobbies] Raw expected='Sports,Reading', Raw actual='Sports, Reading'
2025-09-19 12:47:41 [main] INFO  AssertFormData - 🔧 [Hobbies] Normalized expected='Sports,Reading', Normalized actual='Sports,Reading'
2025-09-19 12:47:41 [main] INFO  AssertFormData - ✅ [Hobbies] matched: 'Sports,Reading'
2025-09-19 12:47:41 [main] INFO  AssertFormData - 🔍 [Subject] Raw expected='Social Studies', Raw actual='Social Studies'
2025-09-19 12:47:41 [main] INFO  AssertFormData - 🔧 [Subject] Normalized expected='Social Studies', Normalized actual='Social Studies'
2025-09-19 12:47:41 [main] INFO  AssertFormData - ✅ [Subject] matched: 'Social Studies'
2025-09-19 12:47:41 [main] INFO  AssertFormData - 🔍 [DOB] Raw expected='26-01-2003', Raw actual='26 January,2003'
2025-09-19 12:47:41 [main] INFO  AssertFormData - 🔧 [DOB] Normalized expected='26-01-2003', Normalized actual='26-01-2003'
2025-09-19 12:47:41 [main] INFO  AssertFormData - ✅ [DOB] matched: '26-01-2003'
2025-09-19 12:47:41 [main] INFO  AssertFormData - 🔍 [Picture] Raw expected='M2photo.jpg', Raw actual='M2photo.jpg'
2025-09-19 12:47:41 [main] INFO  AssertFormData - 🔧 [Picture] Normalized expected='M2photo.jpg', Normalized actual='M2photo.jpg'
2025-09-19 12:47:41 [main] INFO  AssertFormData - ✅ [Picture] matched: 'M2photo.jpg'
2025-09-19 12:47:41 [main] INFO  AssertFormData - 🔍 [State] Raw expected='Rajasthan', Raw actual='Rajasthan'
2025-09-19 12:47:41 [main] INFO  AssertFormData - 🔧 [State] Normalized expected='Rajasthan', Normalized actual='Rajasthan'
2025-09-19 12:47:41 [main] INFO  AssertFormData - ✅ [State] matched: 'Rajasthan'
2025-09-19 12:47:41 [main] INFO  AssertFormData - 🔍 [Last Name] Raw expected='Boss', Raw actual='Boss'
2025-09-19 12:47:41 [main] INFO  AssertFormData - 🔧 [Last Name] Normalized expected='Boss', Normalized actual='Boss'
2025-09-19 12:47:41 [main] INFO  AssertFormData - ✅ [Last Name] matched: 'Boss'
2025-09-19 12:47:41 [main] INFO  demoqaBase - ✅ Form Filling Completed for: Tom Boss
]]></system-out>
  </testcase>
  <testcase name="accessWidgets" classname="tests.WidgetsTests" time="0.285">
    <system-out><![CDATA[Path for Screenshot is: C:\ASN\eclipse_workspace\demoqa-automation/screenshots/fillForm_Passed_20250919_124741+2025-09-19_12-47-41.png
2025-09-19 12:47:41 [main] INFO  demoqaBase - ✅ Test fillForm passed. Screenshot captured.
2025-09-19 12:47:41 [main] INFO  demoqaBase - Closing browser for test: fillForm
2025-09-19 12:47:42 [main] INFO  DriverFactory - 🌐 Starting Chrome Web Browser...
2025-09-19 12:47:42 [main] INFO  DriverFactory - ✅ Created temporary Chrome profile at C:\Users\dell\AppData\Local\Temp\chrome-profile-2746723542815342326
2025-09-19 12:47:43 [main] INFO  DriverFactory - 🚀 WebDriver started successfully
2025-09-19 12:47:43 [main] INFO  RetryUrlAccess - 🌐 Navigating to URL (attempt 1): https://demoqa.com
2025-09-19 12:47:48 [main] INFO  RetryUrlAccess - ✅ Navigation successful on attempt 1
2025-09-19 12:47:48 [main] INFO  demoqaBase - 🧪 Starting Test Widgets...
2025-09-19 12:47:48 [main] INFO  demoqaBase - Accessing Widgets Card...
Declared Instance WebDriverWait: org.openqa.selenium.support.ui.WebDriverWait@55ee1c88
2025-09-19 12:47:48 [main] INFO  demoqaLog - Clicking on Widgets Card...
🔹 Trying JS click by locator (attempt 1)
2025-09-19 12:47:48 [main] INFO  demoqaLog - 🔹 Trying JS click by locator (attempt 1)
🔹 Attempting JS click...
2025-09-19 12:47:48 [main] INFO  demoqaLog - 🔹 Attempting JS click...
2025-09-19 12:47:48 [main] INFO  demoqaLog - Clicked on Widgets Card...
Title of this Page is: DEMOQA
You are Accessing: Widgets
 
2025-09-19 12:47:48 [main] INFO  demoqaBase - Widgets: Please select an item from left to start practice.
2025-09-19 12:47:48 [main] INFO  demoqaBase - ✅ Widgets Test Completed...
]]></system-out>
  </testcase>
  <testcase name="Accordian" classname="tests.WidgetsTests" time="0.442">
    <system-out><![CDATA[2025-09-19 12:47:48 [main] INFO  demoqaBase - Closing browser for test: accessWidgets
2025-09-19 12:47:49 [main] INFO  DriverFactory - 🌐 Starting Chrome Web Browser...
2025-09-19 12:47:49 [main] INFO  DriverFactory - ✅ Created temporary Chrome profile at C:\Users\dell\AppData\Local\Temp\chrome-profile-17152105137589195547
2025-09-19 12:47:50 [main] INFO  DriverFactory - 🚀 WebDriver started successfully
2025-09-19 12:47:50 [main] INFO  RetryUrlAccess - 🌐 Navigating to URL (attempt 1): https://demoqa.com
2025-09-19 12:47:54 [main] INFO  RetryUrlAccess - ✅ Navigation successful on attempt 1
2025-09-19 12:47:54 [main] INFO  demoqaBase - 🧪 Starting Test Widgets|Accordian...
2025-09-19 12:47:54 [main] INFO  demoqaBase - Accessing Widgets Card...
Declared Instance WebDriverWait: org.openqa.selenium.support.ui.WebDriverWait@4cd54017
2025-09-19 12:47:54 [main] INFO  demoqaLog - Clicking on Widgets Card...
🔹 Trying JS click by locator (attempt 1)
2025-09-19 12:47:54 [main] INFO  demoqaLog - 🔹 Trying JS click by locator (attempt 1)
🔹 Attempting JS click...
2025-09-19 12:47:54 [main] INFO  demoqaLog - 🔹 Attempting JS click...
2025-09-19 12:47:54 [main] INFO  demoqaLog - Clicked on Widgets Card...
Title of this Page is: DEMOQA
You are Accessing: Widgets
 
2025-09-19 12:47:55 [main] INFO  demoqaBase - Widgets: Please select an item from left to start practice.
2025-09-19 12:47:55 [main] INFO  demoqaLog - ⏳ Waiting for page to fully load (timeout: 15s)
2025-09-19 12:47:55 [main] INFO  demoqaLog - ✅ Page load completed.
2025-09-19 12:47:55 [main] INFO  demoqaBase - Clicking on Widgets|Accordian...
You are now Accessing: Accordian
2025-09-19 12:47:55 [main] INFO  demoqaBase - You are now Accessing: Accordian
2025-09-19 12:47:55 [main] INFO  demoqaBase - ✅ Widgets|Accordian Test Completed...
]]></system-out>
  </testcase>
  <testcase name="AccessWhatis" classname="tests.WidgetsTests" time="0.83">
    <system-out><![CDATA[2025-09-19 12:47:55 [main] INFO  demoqaBase - Closing browser for test: Accordian
2025-09-19 12:47:55 [main] INFO  DriverFactory - 🌐 Starting Chrome Web Browser...
2025-09-19 12:47:55 [main] INFO  DriverFactory - ✅ Created temporary Chrome profile at C:\Users\dell\AppData\Local\Temp\chrome-profile-477207826367085799
2025-09-19 12:47:56 [main] INFO  DriverFactory - 🚀 WebDriver started successfully
2025-09-19 12:47:56 [main] INFO  RetryUrlAccess - 🌐 Navigating to URL (attempt 1): https://demoqa.com
2025-09-19 12:48:09 [main] INFO  RetryUrlAccess - ✅ Navigation successful on attempt 1
2025-09-19 12:48:09 [main] INFO  demoqaBase - 🧪 Starting Test Widgets|Accordian|What is Lorem Ipsum?...
2025-09-19 12:48:09 [main] INFO  demoqaBase - Accessing Widgets Card...
Declared Instance WebDriverWait: org.openqa.selenium.support.ui.WebDriverWait@67364d9c
2025-09-19 12:48:09 [main] INFO  demoqaLog - Clicking on Widgets Card...
🔹 Trying JS click by locator (attempt 1)
2025-09-19 12:48:09 [main] INFO  demoqaLog - 🔹 Trying JS click by locator (attempt 1)
🔹 Attempting JS click...
2025-09-19 12:48:09 [main] INFO  demoqaLog - 🔹 Attempting JS click...
2025-09-19 12:48:09 [main] INFO  demoqaLog - Clicked on Widgets Card...
Title of this Page is: DEMOQA
You are Accessing: Widgets
 
2025-09-19 12:48:09 [main] INFO  demoqaBase - Widgets: Please select an item from left to start practice.
2025-09-19 12:48:09 [main] INFO  demoqaBase - Clicking on Widgets|Accordian...
You are now Accessing: Accordian
2025-09-19 12:48:10 [main] INFO  demoqaBase - You are now Accessing: Accordian
2025-09-19 12:48:10 [main] INFO  demoqaLog - ⏳ Waiting for page to fully load (timeout: 15s)
2025-09-19 12:48:10 [main] INFO  demoqaLog - ✅ Page load completed.
2025-09-19 12:48:10 [main] INFO  demoqaBase - Clicking on Widgets|Accordian|What is Lorem Ipsum?...
🔹 Trying JS click on WebElement (attempt 1)
2025-09-19 12:48:10 [main] INFO  demoqaLog - 🔹 Trying JS click on WebElement (attempt 1)
🔹 Attempting JS click...
2025-09-19 12:48:10 [main] INFO  demoqaLog - 🔹 Attempting JS click...
2025-09-19 12:48:10 [main] INFO  demoqaBase - Clicked on What is Lorem Ipsum...
What is Lorem Ipsum?: Lorem Ipsum is simply dummy text of the printing and typesetting industry. Lorem Ipsum has been the industry's standard dummy text ever since the 1500s, when an unknown printer took a galley of type and scrambled it to make a type specimen book. It has survived not only five centuries, but also the leap into electronic typesetting, remaining essentially unchanged. It was popularised in the 1960s with the release of Letraset sheets containing Lorem Ipsum passages, and more recently with desktop publishing software like Aldus PageMaker including versions of Lorem Ipsum.
2025-09-19 12:48:10 [main] INFO  demoqaBase - You are now Accessing: Lorem Ipsum is simply dummy text of the printing and typesetting industry. Lorem Ipsum has been the industry's standard dummy text ever since the 1500s, when an unknown printer took a galley of type and scrambled it to make a type specimen book. It has survived not only five centuries, but also the leap into electronic typesetting, remaining essentially unchanged. It was popularised in the 1960s with the release of Letraset sheets containing Lorem Ipsum passages, and more recently with desktop publishing software like Aldus PageMaker including versions of Lorem Ipsum.
2025-09-19 12:48:10 [main] INFO  demoqaBase - ✅ Widgets|Accordian|What is Lorem Ipsum? Test Completed...
]]></system-out>
  </testcase>
  <testcase name="AccessWhereDoes" classname="tests.WidgetsTests" time="1.235">
    <system-out><![CDATA[2025-09-19 12:48:10 [main] INFO  demoqaBase - Closing browser for test: AccessWhatis
2025-09-19 12:48:10 [main] INFO  DriverFactory - 🌐 Starting Chrome Web Browser...
2025-09-19 12:48:10 [main] INFO  DriverFactory - ✅ Created temporary Chrome profile at C:\Users\dell\AppData\Local\Temp\chrome-profile-8982573402639337277
2025-09-19 12:48:11 [main] INFO  DriverFactory - 🚀 WebDriver started successfully
2025-09-19 12:48:11 [main] INFO  RetryUrlAccess - 🌐 Navigating to URL (attempt 1): https://demoqa.com
2025-09-19 12:48:21 [main] INFO  RetryUrlAccess - ✅ Navigation successful on attempt 1
2025-09-19 12:48:21 [main] INFO  demoqaBase - 🧪 Starting Test Widgets|Accordian|Where does it come from?...
2025-09-19 12:48:21 [main] INFO  demoqaBase - Accessing Widgets Card...
Declared Instance WebDriverWait: org.openqa.selenium.support.ui.WebDriverWait@2c334b86
2025-09-19 12:48:21 [main] INFO  demoqaLog - Clicking on Widgets Card...
🔹 Trying JS click by locator (attempt 1)
2025-09-19 12:48:21 [main] INFO  demoqaLog - 🔹 Trying JS click by locator (attempt 1)
🔹 Attempting JS click...
2025-09-19 12:48:21 [main] INFO  demoqaLog - 🔹 Attempting JS click...
2025-09-19 12:48:21 [main] INFO  demoqaLog - Clicked on Widgets Card...
Title of this Page is: DEMOQA
You are Accessing: Widgets
 
2025-09-19 12:48:21 [main] INFO  demoqaBase - Widgets: Please select an item from left to start practice.
2025-09-19 12:48:21 [main] INFO  demoqaBase - Clicking on Widgets|Accordian...
You are now Accessing: Accordian
2025-09-19 12:48:21 [main] INFO  demoqaBase - You are now Accessing: Accordian
2025-09-19 12:48:21 [main] INFO  demoqaLog - ⏳ Waiting for page to fully load (timeout: 15s)
2025-09-19 12:48:21 [main] INFO  demoqaLog - ✅ Page load completed.
2025-09-19 12:48:21 [main] INFO  demoqaBase - Clicking on Widgets|Accordian|Where does it come from?...
🔹 Trying JS click on WebElement (attempt 1)
2025-09-19 12:48:21 [main] INFO  demoqaLog - 🔹 Trying JS click on WebElement (attempt 1)
🔹 Attempting JS click...
2025-09-19 12:48:21 [main] INFO  demoqaLog - 🔹 Attempting JS click...
2025-09-19 12:48:21 [main] INFO  demoqaBase - Clicked on Where does it come from?...
2025-09-19 12:48:22 [main] INFO  demoqaBase - You are now Accessing: Contrary to popular belief, Lorem Ipsum is not simply random text. It has roots in a piece of classical Latin literature from 45 BC, making it over 2000 years old. Richard McClintock, a Latin professor at Hampden-Sydney College in Virginia, looked up one of the more obscure Latin words, consectetur, from a Lorem Ipsum passage, and going through the cites of the word in classical literature, discovered the undoubtable source. Lorem Ipsum comes from sections 1.10.32 and 1.10.33 of "de Finibus Bonorum et Malorum" (The Extremes of Good and Evil) by Cicero, written in 45 BC. This book is a treatise on the theory of ethics, very popular during the Renaissance. The first line of Lorem Ipsum, "Lorem ipsum dolor sit amet..", comes from a line in section 1.10.32.
Where does it come from?: Contrary to popular belief, Lorem Ipsum is not simply random text. It has roots in a piece of classical Latin literature from 45 BC, making it over 2000 years old. Richard McClintock, a Latin professor at Hampden-Sydney College in Virginia, looked up one of the more obscure Latin words, consectetur, from a Lorem Ipsum passage, and going through the cites of the word in classical literature, discovered the undoubtable source. Lorem Ipsum comes from sections 1.10.32 and 1.10.33 of "de Finibus Bonorum et Malorum" (The Extremes of Good and Evil) by Cicero, written in 45 BC. This book is a treatise on the theory of ethics, very popular during the Renaissance. The first line of Lorem Ipsum, "Lorem ipsum dolor sit amet..", comes from a line in section 1.10.32.
2025-09-19 12:48:22 [main] INFO  demoqaBase - ✅ Widgets|Accordian|Where does it come from? Test Completed...
]]></system-out>
  </testcase>
  <testcase name="AccessWhyDoWe" classname="tests.WidgetsTests" time="1.316">
    <system-out><![CDATA[2025-09-19 12:48:22 [main] INFO  demoqaBase - Closing browser for test: AccessWhereDoes
2025-09-19 12:48:22 [main] INFO  DriverFactory - 🌐 Starting Chrome Web Browser...
2025-09-19 12:48:22 [main] INFO  DriverFactory - ✅ Created temporary Chrome profile at C:\Users\dell\AppData\Local\Temp\chrome-profile-10559833008368781020
2025-09-19 12:48:23 [main] INFO  DriverFactory - 🚀 WebDriver started successfully
2025-09-19 12:48:23 [main] INFO  RetryUrlAccess - 🌐 Navigating to URL (attempt 1): https://demoqa.com
2025-09-19 12:48:36 [main] INFO  RetryUrlAccess - ✅ Navigation successful on attempt 1
2025-09-19 12:48:36 [main] INFO  demoqaBase - 🧪 Starting Test Widgets|Accordian|Why do we use it?...
2025-09-19 12:48:36 [main] INFO  demoqaBase - Accessing Widgets Card...
Declared Instance WebDriverWait: org.openqa.selenium.support.ui.WebDriverWait@27a5cd31
2025-09-19 12:48:36 [main] INFO  demoqaLog - Clicking on Widgets Card...
🔹 Trying JS click by locator (attempt 1)
2025-09-19 12:48:36 [main] INFO  demoqaLog - 🔹 Trying JS click by locator (attempt 1)
🔹 Attempting JS click...
2025-09-19 12:48:36 [main] INFO  demoqaLog - 🔹 Attempting JS click...
2025-09-19 12:48:36 [main] INFO  demoqaLog - Clicked on Widgets Card...
Title of this Page is: DEMOQA
You are Accessing: Widgets
 
2025-09-19 12:48:36 [main] INFO  demoqaBase - Widgets: Please select an item from left to start practice.
2025-09-19 12:48:36 [main] INFO  demoqaBase - Clicking on Widgets|Accordian...
You are now Accessing: Accordian
2025-09-19 12:48:36 [main] INFO  demoqaBase - You are now Accessing: Accordian
2025-09-19 12:48:36 [main] INFO  demoqaLog - ⏳ Waiting for page to fully load (timeout: 15s)
2025-09-19 12:48:36 [main] INFO  demoqaLog - ✅ Page load completed.
2025-09-19 12:48:36 [main] INFO  demoqaBase - Clicking on Widgets|Accordian|Why do we use it?...
🔹 Trying JS click on WebElement (attempt 1)
2025-09-19 12:48:36 [main] INFO  demoqaLog - 🔹 Trying JS click on WebElement (attempt 1)
🔹 Attempting JS click...
2025-09-19 12:48:36 [main] INFO  demoqaLog - 🔹 Attempting JS click...
2025-09-19 12:48:36 [main] INFO  demoqaBase - Clicked on Why do we use it?...
Why do we use it?: It is a long established fact that a reader will be distracted by the readable content of a page when looking at its layout. The point of using Lorem Ipsum is that it has a more-or-less normal distribution of letters, as opposed to using 'Content here, content here', making it look like readable English. Many desktop publishing packages and web page editors now use Lorem Ipsum as their default model text, and a search for 'lorem ipsum' will uncover many web sites still in their infancy. Various versions have evolved over the years, sometimes by accident, sometimes on purpose (injected humour and the like).
2025-09-19 12:48:37 [main] INFO  demoqaBase - You are now Accessing: It is a long established fact that a reader will be distracted by the readable content of a page when looking at its layout. The point of using Lorem Ipsum is that it has a more-or-less normal distribution of letters, as opposed to using 'Content here, content here', making it look like readable English. Many desktop publishing packages and web page editors now use Lorem Ipsum as their default model text, and a search for 'lorem ipsum' will uncover many web sites still in their infancy. Various versions have evolved over the years, sometimes by accident, sometimes on purpose (injected humour and the like).
2025-09-19 12:48:37 [main] INFO  demoqaBase - ✅ Widgets|Accordian|Why do we use it? Test Completed...
]]></system-out>
  </testcase>
  <testcase name="AutoComplete" classname="tests.WidgetsTests" time="0.385">
    <system-out><![CDATA[2025-09-19 12:48:37 [main] INFO  demoqaBase - Closing browser for test: AccessWhyDoWe
2025-09-19 12:48:37 [main] INFO  DriverFactory - 🌐 Starting Chrome Web Browser...
2025-09-19 12:48:37 [main] INFO  DriverFactory - ✅ Created temporary Chrome profile at C:\Users\dell\AppData\Local\Temp\chrome-profile-16621054865865035122
2025-09-19 12:48:38 [main] INFO  DriverFactory - 🚀 WebDriver started successfully
2025-09-19 12:48:38 [main] INFO  RetryUrlAccess - 🌐 Navigating to URL (attempt 1): https://demoqa.com
2025-09-19 12:48:43 [main] INFO  RetryUrlAccess - ✅ Navigation successful on attempt 1
2025-09-19 12:48:43 [main] INFO  demoqaBase - 🧪 Starting Test Widgets|Auto Complete...
2025-09-19 12:48:43 [main] INFO  demoqaBase - Accessing Widgets Card...
Declared Instance WebDriverWait: org.openqa.selenium.support.ui.WebDriverWait@6e0214de
2025-09-19 12:48:43 [main] INFO  demoqaLog - Clicking on Widgets Card...
🔹 Trying JS click by locator (attempt 1)
2025-09-19 12:48:43 [main] INFO  demoqaLog - 🔹 Trying JS click by locator (attempt 1)
🔹 Attempting JS click...
2025-09-19 12:48:43 [main] INFO  demoqaLog - 🔹 Attempting JS click...
2025-09-19 12:48:43 [main] INFO  demoqaLog - Clicked on Widgets Card...
Title of this Page is: DEMOQA
You are Accessing: Widgets
 
2025-09-19 12:48:43 [main] INFO  demoqaBase - Widgets: Please select an item from left to start practice.
2025-09-19 12:48:43 [main] INFO  demoqaBase - Clicking on Widgets|AutoComplete...
You are now Accessing: Auto Complete
2025-09-19 12:48:43 [main] INFO  demoqaBase - You are now Accessing: Auto Complete
2025-09-19 12:48:43 [main] INFO  demoqaBase - ✅ Widgets|Auto Complete Test Completed...
]]></system-out>
  </testcase>
  <testcase name="AutoCompleteSearch[ColorSelectionData{searchFor=&apos;A&apos;, expectedColors=[Black, Magenta, Aqua]}](1)" classname="tests.WidgetsTests" time="1.556">
    <system-out><![CDATA[2025-09-19 12:48:43 [main] INFO  demoqaBase - Closing browser for test: AutoComplete
🧾 Row 1: {SearchFor=A, ExpectedColors=Black,Magenta,Aqua}
🔍 Mapping field: searchFor | Excel Column: SearchFor | Value: A
🔍 Mapping field: expectedColorsRaw | Excel Column: ExpectedColors | Value: Black,Magenta,Aqua
🧾 Row 2: {SearchFor=B, ExpectedColors=Blue,Black}
🔍 Mapping field: searchFor | Excel Column: SearchFor | Value: B
🔍 Mapping field: expectedColorsRaw | Excel Column: ExpectedColors | Value: Blue,Black
🧾 Row 3: {SearchFor=C, ExpectedColors=Black}
🔍 Mapping field: searchFor | Excel Column: SearchFor | Value: C
🔍 Mapping field: expectedColorsRaw | Excel Column: ExpectedColors | Value: Black
🧾 Row 4: {SearchFor=D, ExpectedColors=Red,Indigo}
🔍 Mapping field: searchFor | Excel Column: SearchFor | Value: D
🔍 Mapping field: expectedColorsRaw | Excel Column: ExpectedColors | Value: Red,Indigo
🧾 Row 5: {SearchFor=E, ExpectedColors=Red,Blue,Green,Yellow,Purple,White,Voilet,Magenta}
🔍 Mapping field: searchFor | Excel Column: SearchFor | Value: E
🔍 Mapping field: expectedColorsRaw | Excel Column: ExpectedColors | Value: Red,Blue,Green,Yellow,Purple,White,Voilet,Magenta
🧾 Row 6: {SearchFor=G, ExpectedColors=Green,Indigo,Magenta}
🔍 Mapping field: searchFor | Excel Column: SearchFor | Value: G
🔍 Mapping field: expectedColorsRaw | Excel Column: ExpectedColors | Value: Green,Indigo,Magenta
🧾 Row 7: {SearchFor=H, ExpectedColors=White}
🔍 Mapping field: searchFor | Excel Column: SearchFor | Value: H
🔍 Mapping field: expectedColorsRaw | Excel Column: ExpectedColors | Value: White
🧾 Row 8: {SearchFor=I, ExpectedColors=White,Voilet,Indigo}
🔍 Mapping field: searchFor | Excel Column: SearchFor | Value: I
🔍 Mapping field: expectedColorsRaw | Excel Column: ExpectedColors | Value: White,Voilet,Indigo
🧾 Row 9: {SearchFor=K, ExpectedColors=Black}
🔍 Mapping field: searchFor | Excel Column: SearchFor | Value: K
🔍 Mapping field: expectedColorsRaw | Excel Column: ExpectedColors | Value: Black
🧾 Row 10: {SearchFor=L, ExpectedColors=Blue,Yellow,Purple,Black,Voilet}
🔍 Mapping field: searchFor | Excel Column: SearchFor | Value: L
🔍 Mapping field: expectedColorsRaw | Excel Column: ExpectedColors | Value: Blue,Yellow,Purple,Black,Voilet
🧾 Row 11: {SearchFor=M, ExpectedColors=Magenta}
🔍 Mapping field: searchFor | Excel Column: SearchFor | Value: M
🔍 Mapping field: expectedColorsRaw | Excel Column: ExpectedColors | Value: Magenta
🧾 Row 12: {SearchFor=N, ExpectedColors=Green,Indigo,Magenta}
🔍 Mapping field: searchFor | Excel Column: SearchFor | Value: N
🔍 Mapping field: expectedColorsRaw | Excel Column: ExpectedColors | Value: Green,Indigo,Magenta
🧾 Row 13: {SearchFor=O, ExpectedColors=Yellow,Voilet,Indigo}
🔍 Mapping field: searchFor | Excel Column: SearchFor | Value: O
🔍 Mapping field: expectedColorsRaw | Excel Column: ExpectedColors | Value: Yellow,Voilet,Indigo
🧾 Row 14: {SearchFor=P, ExpectedColors=Purple}
🔍 Mapping field: searchFor | Excel Column: SearchFor | Value: P
🔍 Mapping field: expectedColorsRaw | Excel Column: ExpectedColors | Value: Purple
🧾 Row 15: {SearchFor=Q, ExpectedColors=Aqua}
🔍 Mapping field: searchFor | Excel Column: SearchFor | Value: Q
🔍 Mapping field: expectedColorsRaw | Excel Column: ExpectedColors | Value: Aqua
🧾 Row 16: {SearchFor=R, ExpectedColors=Red,Green,Purple}
🔍 Mapping field: searchFor | Excel Column: SearchFor | Value: R
🔍 Mapping field: expectedColorsRaw | Excel Column: ExpectedColors | Value: Red,Green,Purple
🧾 Row 17: {SearchFor=T, ExpectedColors=White,Voilet,Magenta}
🔍 Mapping field: searchFor | Excel Column: SearchFor | Value: T
🔍 Mapping field: expectedColorsRaw | Excel Column: ExpectedColors | Value: White,Voilet,Magenta
🧾 Row 18: {SearchFor=U, ExpectedColors=Blue,Purple,Aqua}
🔍 Mapping field: searchFor | Excel Column: SearchFor | Value: U
🔍 Mapping field: expectedColorsRaw | Excel Column: ExpectedColors | Value: Blue,Purple,Aqua
🧾 Row 19: {SearchFor=V, ExpectedColors=Voilet}
🔍 Mapping field: searchFor | Excel Column: SearchFor | Value: V
🔍 Mapping field: expectedColorsRaw | Excel Column: ExpectedColors | Value: Voilet
🧾 Row 20: {SearchFor=W, ExpectedColors=Yellow,White}
🔍 Mapping field: searchFor | Excel Column: SearchFor | Value: W
🔍 Mapping field: expectedColorsRaw | Excel Column: ExpectedColors | Value: Yellow,White
🧾 Row 21: {SearchFor=Y, ExpectedColors=Yellow}
🔍 Mapping field: searchFor | Excel Column: SearchFor | Value: Y
🔍 Mapping field: expectedColorsRaw | Excel Column: ExpectedColors | Value: Yellow
2025-09-19 12:48:43 [main] INFO  DriverFactory - 🌐 Starting Chrome Web Browser...
2025-09-19 12:48:43 [main] INFO  DriverFactory - ✅ Created temporary Chrome profile at C:\Users\dell\AppData\Local\Temp\chrome-profile-4362975212680707300
2025-09-19 12:48:44 [main] INFO  DriverFactory - 🚀 WebDriver started successfully
2025-09-19 12:48:44 [main] INFO  RetryUrlAccess - 🌐 Navigating to URL (attempt 1): https://demoqa.com
2025-09-19 12:48:51 [main] INFO  RetryUrlAccess - ✅ Navigation successful on attempt 1
2025-09-19 12:48:51 [main] INFO  demoqaBase - 🧪 Starting Test Widgets|Auto Complete...
2025-09-19 12:48:51 [main] INFO  demoqaBase - Accessing Widgets Card...
Declared Instance WebDriverWait: org.openqa.selenium.support.ui.WebDriverWait@6c66f8f9
2025-09-19 12:48:51 [main] INFO  demoqaLog - Clicking on Widgets Card...
🔹 Trying JS click by locator (attempt 1)
2025-09-19 12:48:51 [main] INFO  demoqaLog - 🔹 Trying JS click by locator (attempt 1)
🔹 Attempting JS click...
2025-09-19 12:48:51 [main] INFO  demoqaLog - 🔹 Attempting JS click...
2025-09-19 12:48:51 [main] INFO  demoqaLog - Clicked on Widgets Card...
Title of this Page is: DEMOQA
You are Accessing: Widgets
 
2025-09-19 12:48:51 [main] INFO  demoqaBase - Widgets: Please select an item from left to start practice.
2025-09-19 12:48:51 [main] INFO  demoqaBase - Clicking on Widgets|AutoComplete...
You are now Accessing: Auto Complete
2025-09-19 12:48:52 [main] INFO  demoqaBase - You are now Accessing: Auto Complete
Searching Colors using: A
Expected Color to be selected is/are: [Black, Magenta, Aqua]
2025-09-19 12:48:52 [main] INFO  demoqaBase - 🔍 Running test for search character: A
2025-09-19 12:48:52 [main] INFO  demoqaLog - ⏳ Waiting for page to fully load (timeout: 30s)
2025-09-19 12:48:52 [main] INFO  demoqaLog - ✅ Page load completed.
2025-09-19 12:48:52 [main] INFO  demoqaBase - Clicking on Widgets | Auto Complete | Type multiple color names...
Searching Colors using: A
Expected Color to be selected is/are: [Black, Magenta, Aqua]
2025-09-19 12:48:52 [main] INFO  demoqaBase - You are now Accessing: Auto Complete
2025-09-19 12:48:52 [main] INFO  demoqaBase - Available Color: Black
🔹 Trying JS click on WebElement (attempt 1)
2025-09-19 12:48:52 [main] INFO  demoqaLog - 🔹 Trying JS click on WebElement (attempt 1)
🔹 Attempting JS click...
2025-09-19 12:48:52 [main] INFO  demoqaLog - 🔹 Attempting JS click...
2025-09-19 12:48:52 [main] INFO  demoqaBase - ✅ Selected Color: Black
2025-09-19 12:48:52 [main] INFO  demoqaBase - Available Color: Magenta
🔹 Trying JS click on WebElement (attempt 1)
2025-09-19 12:48:52 [main] INFO  demoqaLog - 🔹 Trying JS click on WebElement (attempt 1)
🔹 Attempting JS click...
2025-09-19 12:48:52 [main] INFO  demoqaLog - 🔹 Attempting JS click...
2025-09-19 12:48:52 [main] INFO  demoqaBase - ✅ Selected Color: Magenta
2025-09-19 12:48:53 [main] INFO  demoqaBase - Available Color: Aqua
🔹 Trying JS click on WebElement (attempt 1)
2025-09-19 12:48:53 [main] INFO  demoqaLog - 🔹 Trying JS click on WebElement (attempt 1)
🔹 Attempting JS click...
2025-09-19 12:48:53 [main] INFO  demoqaLog - 🔹 Attempting JS click...
2025-09-19 12:48:53 [main] INFO  demoqaBase - ✅ Selected Color: Aqua
2025-09-19 12:48:53 [main] INFO  demoqaBase - 🎯 Final selected colors: [Black, Magenta, Aqua]
2025-09-19 12:48:53 [main] INFO  demoqaBase - ✅ Widgets|Auto Complete Test Completed...
]]></system-out>
  </testcase>
  <testcase name="AutoCompleteSearch[ColorSelectionData{searchFor=&apos;B&apos;, expectedColors=[Blue, Black]}](2)" classname="tests.WidgetsTests" time="1.606">
    <system-out><![CDATA[2025-09-19 12:48:53 [main] INFO  demoqaBase - Closing browser for test: AutoCompleteSearch
2025-09-19 12:48:53 [main] INFO  DriverFactory - 🌐 Starting Chrome Web Browser...
2025-09-19 12:48:53 [main] INFO  DriverFactory - ✅ Created temporary Chrome profile at C:\Users\dell\AppData\Local\Temp\chrome-profile-6583009733229706407
2025-09-19 12:48:54 [main] INFO  DriverFactory - 🚀 WebDriver started successfully
2025-09-19 12:48:54 [main] INFO  RetryUrlAccess - 🌐 Navigating to URL (attempt 1): https://demoqa.com
2025-09-19 12:49:05 [main] INFO  RetryUrlAccess - ✅ Navigation successful on attempt 1
2025-09-19 12:49:05 [main] INFO  demoqaBase - 🧪 Starting Test Widgets|Auto Complete...
2025-09-19 12:49:05 [main] INFO  demoqaBase - Accessing Widgets Card...
Declared Instance WebDriverWait: org.openqa.selenium.support.ui.WebDriverWait@673fed2f
2025-09-19 12:49:05 [main] INFO  demoqaLog - Clicking on Widgets Card...
🔹 Trying JS click by locator (attempt 1)
2025-09-19 12:49:05 [main] INFO  demoqaLog - 🔹 Trying JS click by locator (attempt 1)
🔹 Attempting JS click...
2025-09-19 12:49:05 [main] INFO  demoqaLog - 🔹 Attempting JS click...
2025-09-19 12:49:05 [main] INFO  demoqaLog - Clicked on Widgets Card...
Title of this Page is: DEMOQA
You are Accessing: Widgets
 
2025-09-19 12:49:06 [main] INFO  demoqaBase - Widgets: Please select an item from left to start practice.
2025-09-19 12:49:06 [main] INFO  demoqaBase - Clicking on Widgets|AutoComplete...
You are now Accessing: Auto Complete
2025-09-19 12:49:06 [main] INFO  demoqaBase - You are now Accessing: Auto Complete
Searching Colors using: B
Expected Color to be selected is/are: [Blue, Black]
2025-09-19 12:49:06 [main] INFO  demoqaBase - 🔍 Running test for search character: B
2025-09-19 12:49:06 [main] INFO  demoqaLog - ⏳ Waiting for page to fully load (timeout: 30s)
2025-09-19 12:49:06 [main] INFO  demoqaLog - ✅ Page load completed.
2025-09-19 12:49:06 [main] INFO  demoqaBase - Clicking on Widgets | Auto Complete | Type multiple color names...
Searching Colors using: B
Expected Color to be selected is/are: [Blue, Black]
2025-09-19 12:49:06 [main] INFO  demoqaBase - You are now Accessing: Auto Complete
2025-09-19 12:49:06 [main] INFO  demoqaBase - Available Color: Blue
🔹 Trying JS click on WebElement (attempt 1)
2025-09-19 12:49:06 [main] INFO  demoqaLog - 🔹 Trying JS click on WebElement (attempt 1)
🔹 Attempting JS click...
2025-09-19 12:49:06 [main] INFO  demoqaLog - 🔹 Attempting JS click...
2025-09-19 12:49:06 [main] INFO  demoqaBase - ✅ Selected Color: Blue
2025-09-19 12:49:07 [main] INFO  demoqaBase - Available Color: Black
🔹 Trying JS click on WebElement (attempt 1)
2025-09-19 12:49:07 [main] INFO  demoqaLog - 🔹 Trying JS click on WebElement (attempt 1)
🔹 Attempting JS click...
2025-09-19 12:49:07 [main] INFO  demoqaLog - 🔹 Attempting JS click...
2025-09-19 12:49:07 [main] INFO  demoqaBase - ✅ Selected Color: Black
2025-09-19 12:49:07 [main] INFO  demoqaBase - 🎯 Final selected colors: [Blue, Black]
2025-09-19 12:49:07 [main] INFO  demoqaBase - ✅ Widgets|Auto Complete Test Completed...
]]></system-out>
  </testcase>
  <testcase name="AutoCompleteSearch[ColorSelectionData{searchFor=&apos;C&apos;, expectedColors=[Black]}](3)" classname="tests.WidgetsTests" time="1.081">
    <system-out><![CDATA[2025-09-19 12:49:07 [main] INFO  demoqaBase - Closing browser for test: AutoCompleteSearch
2025-09-19 12:49:07 [main] WARN  PauseManager - ⏸ Pausing for 5 minutes after 100 tests...
2025-09-19 12:49:07 [main] INFO  PauseManager - ▶ Resuming in 5 minutes...
2025-09-19 12:50:08 [main] INFO  PauseManager - ▶ Resuming in 4 minutes...
2025-09-19 12:51:08 [main] INFO  PauseManager - ▶ Resuming in 3 minutes...
2025-09-19 12:52:09 [main] INFO  PauseManager - ▶ Resuming in 2 minutes...
2025-09-19 12:53:09 [main] INFO  PauseManager - ▶ Resuming in 1 minutes...
2025-09-19 12:54:00 [main] INFO  PauseManager - ▶ Resuming in 10 seconds...
2025-09-19 12:54:01 [main] INFO  PauseManager - ▶ Resuming in 9 seconds...
2025-09-19 12:54:02 [main] INFO  PauseManager - ▶ Resuming in 8 seconds...
2025-09-19 12:54:03 [main] INFO  PauseManager - ▶ Resuming in 7 seconds...
2025-09-19 12:54:04 [main] INFO  PauseManager - ▶ Resuming in 6 seconds...
2025-09-19 12:54:05 [main] INFO  PauseManager - ▶ Resuming in 5 seconds...
2025-09-19 12:54:06 [main] INFO  PauseManager - ▶ Resuming in 4 seconds...
2025-09-19 12:54:07 [main] INFO  PauseManager - ▶ Resuming in 3 seconds...
2025-09-19 12:54:08 [main] INFO  PauseManager - ▶ Resuming in 2 seconds...
2025-09-19 12:54:09 [main] INFO  PauseManager - ▶ Resuming in 1 seconds...
2025-09-19 12:54:10 [main] INFO  PauseManager - ✅ Pause complete. Resuming tests...
2025-09-19 12:54:10 [main] INFO  DriverFactory - 🌐 Starting Chrome Web Browser...
2025-09-19 12:54:10 [main] INFO  DriverFactory - ✅ Created temporary Chrome profile at C:\Users\dell\AppData\Local\Temp\chrome-profile-2848904648904129231
2025-09-19 12:54:11 [main] INFO  DriverFactory - 🚀 WebDriver started successfully
2025-09-19 12:54:11 [main] INFO  RetryUrlAccess - 🌐 Navigating to URL (attempt 1): https://demoqa.com
2025-09-19 12:54:16 [main] INFO  RetryUrlAccess - ✅ Navigation successful on attempt 1
2025-09-19 12:54:16 [main] INFO  demoqaBase - 🧪 Starting Test Widgets|Auto Complete...
2025-09-19 12:54:16 [main] INFO  demoqaBase - Accessing Widgets Card...
Declared Instance WebDriverWait: org.openqa.selenium.support.ui.WebDriverWait@5608e2b5
2025-09-19 12:54:16 [main] INFO  demoqaLog - Clicking on Widgets Card...
🔹 Trying JS click by locator (attempt 1)
2025-09-19 12:54:16 [main] INFO  demoqaLog - 🔹 Trying JS click by locator (attempt 1)
🔹 Attempting JS click...
2025-09-19 12:54:16 [main] INFO  demoqaLog - 🔹 Attempting JS click...
2025-09-19 12:54:16 [main] INFO  demoqaLog - Clicked on Widgets Card...
Title of this Page is: DEMOQA
You are Accessing: Widgets
 
2025-09-19 12:54:16 [main] INFO  demoqaBase - Widgets: Please select an item from left to start practice.
2025-09-19 12:54:16 [main] INFO  demoqaBase - Clicking on Widgets|AutoComplete...
You are now Accessing: Auto Complete
2025-09-19 12:54:17 [main] INFO  demoqaBase - You are now Accessing: Auto Complete
Searching Colors using: C
Expected Color to be selected is/are: [Black]
2025-09-19 12:54:17 [main] INFO  demoqaBase - 🔍 Running test for search character: C
2025-09-19 12:54:17 [main] INFO  demoqaLog - ⏳ Waiting for page to fully load (timeout: 30s)
2025-09-19 12:54:17 [main] INFO  demoqaLog - ✅ Page load completed.
2025-09-19 12:54:17 [main] INFO  demoqaBase - Clicking on Widgets | Auto Complete | Type multiple color names...
Searching Colors using: C
Expected Color to be selected is/are: [Black]
2025-09-19 12:54:17 [main] INFO  demoqaBase - You are now Accessing: Auto Complete
2025-09-19 12:54:17 [main] INFO  demoqaBase - Available Color: Black
🔹 Trying JS click on WebElement (attempt 1)
2025-09-19 12:54:17 [main] INFO  demoqaLog - 🔹 Trying JS click on WebElement (attempt 1)
🔹 Attempting JS click...
2025-09-19 12:54:17 [main] INFO  demoqaLog - 🔹 Attempting JS click...
2025-09-19 12:54:17 [main] INFO  demoqaBase - ✅ Selected Color: Black
2025-09-19 12:54:17 [main] INFO  demoqaBase - 🎯 Final selected colors: [Black]
2025-09-19 12:54:17 [main] INFO  demoqaBase - ✅ Widgets|Auto Complete Test Completed...
]]></system-out>
  </testcase>
  <testcase name="AutoCompleteSearch[ColorSelectionData{searchFor=&apos;D&apos;, expectedColors=[Red, Indigo]}](4)" classname="tests.WidgetsTests" time="1.578">
    <system-out><![CDATA[2025-09-19 12:54:17 [main] INFO  demoqaBase - Closing browser for test: AutoCompleteSearch
2025-09-19 12:54:18 [main] INFO  DriverFactory - 🌐 Starting Chrome Web Browser...
2025-09-19 12:54:18 [main] INFO  DriverFactory - ✅ Created temporary Chrome profile at C:\Users\dell\AppData\Local\Temp\chrome-profile-16586270405639777065
2025-09-19 12:54:19 [main] INFO  DriverFactory - 🚀 WebDriver started successfully
2025-09-19 12:54:19 [main] INFO  RetryUrlAccess - 🌐 Navigating to URL (attempt 1): https://demoqa.com
2025-09-19 12:54:23 [main] INFO  RetryUrlAccess - ✅ Navigation successful on attempt 1
2025-09-19 12:54:23 [main] INFO  demoqaBase - 🧪 Starting Test Widgets|Auto Complete...
2025-09-19 12:54:23 [main] INFO  demoqaBase - Accessing Widgets Card...
Declared Instance WebDriverWait: org.openqa.selenium.support.ui.WebDriverWait@3623193e
2025-09-19 12:54:23 [main] INFO  demoqaLog - Clicking on Widgets Card...
🔹 Trying JS click by locator (attempt 1)
2025-09-19 12:54:23 [main] INFO  demoqaLog - 🔹 Trying JS click by locator (attempt 1)
🔹 Attempting JS click...
2025-09-19 12:54:23 [main] INFO  demoqaLog - 🔹 Attempting JS click...
2025-09-19 12:54:24 [main] INFO  demoqaLog - Clicked on Widgets Card...
Title of this Page is: DEMOQA
You are Accessing: Widgets
 
2025-09-19 12:54:24 [main] INFO  demoqaBase - Widgets: Please select an item from left to start practice.
2025-09-19 12:54:24 [main] INFO  demoqaBase - Clicking on Widgets|AutoComplete...
You are now Accessing: Auto Complete
2025-09-19 12:54:24 [main] INFO  demoqaBase - You are now Accessing: Auto Complete
Searching Colors using: D
Expected Color to be selected is/are: [Red, Indigo]
2025-09-19 12:54:24 [main] INFO  demoqaBase - 🔍 Running test for search character: D
2025-09-19 12:54:24 [main] INFO  demoqaLog - ⏳ Waiting for page to fully load (timeout: 30s)
2025-09-19 12:54:24 [main] INFO  demoqaLog - ✅ Page load completed.
2025-09-19 12:54:24 [main] INFO  demoqaBase - Clicking on Widgets | Auto Complete | Type multiple color names...
Searching Colors using: D
Expected Color to be selected is/are: [Red, Indigo]
2025-09-19 12:54:24 [main] INFO  demoqaBase - You are now Accessing: Auto Complete
2025-09-19 12:54:24 [main] INFO  demoqaBase - Available Color: Red
🔹 Trying JS click on WebElement (attempt 1)
2025-09-19 12:54:24 [main] INFO  demoqaLog - 🔹 Trying JS click on WebElement (attempt 1)
🔹 Attempting JS click...
2025-09-19 12:54:24 [main] INFO  demoqaLog - 🔹 Attempting JS click...
2025-09-19 12:54:25 [main] INFO  demoqaBase - ✅ Selected Color: Red
2025-09-19 12:54:25 [main] INFO  demoqaBase - Available Color: Indigo
🔹 Trying JS click on WebElement (attempt 1)
2025-09-19 12:54:25 [main] INFO  demoqaLog - 🔹 Trying JS click on WebElement (attempt 1)
🔹 Attempting JS click...
2025-09-19 12:54:25 [main] INFO  demoqaLog - 🔹 Attempting JS click...
2025-09-19 12:54:25 [main] INFO  demoqaBase - ✅ Selected Color: Indigo
2025-09-19 12:54:25 [main] INFO  demoqaBase - 🎯 Final selected colors: [Red, Indigo]
2025-09-19 12:54:25 [main] INFO  demoqaBase - ✅ Widgets|Auto Complete Test Completed...
]]></system-out>
  </testcase>
  <testcase name="AutoCompleteSearch[ColorSelectionData{searchFor=&apos;E&apos;, expectedColors=[Red, Blue, Green, Yellow, Purple, White, Voilet, Magenta]}](5)" classname="tests.WidgetsTests" time="3.162">
    <system-out><![CDATA[2025-09-19 12:54:25 [main] INFO  demoqaBase - Closing browser for test: AutoCompleteSearch
2025-09-19 12:54:25 [main] INFO  DriverFactory - 🌐 Starting Chrome Web Browser...
2025-09-19 12:54:25 [main] INFO  DriverFactory - ✅ Created temporary Chrome profile at C:\Users\dell\AppData\Local\Temp\chrome-profile-8754863671973862907
2025-09-19 12:54:26 [main] INFO  DriverFactory - 🚀 WebDriver started successfully
2025-09-19 12:54:26 [main] INFO  RetryUrlAccess - 🌐 Navigating to URL (attempt 1): https://demoqa.com
2025-09-19 12:54:31 [main] INFO  RetryUrlAccess - ✅ Navigation successful on attempt 1
2025-09-19 12:54:31 [main] INFO  demoqaBase - 🧪 Starting Test Widgets|Auto Complete...
2025-09-19 12:54:31 [main] INFO  demoqaBase - Accessing Widgets Card...
Declared Instance WebDriverWait: org.openqa.selenium.support.ui.WebDriverWait@57feaab3
2025-09-19 12:54:31 [main] INFO  demoqaLog - Clicking on Widgets Card...
🔹 Trying JS click by locator (attempt 1)
2025-09-19 12:54:31 [main] INFO  demoqaLog - 🔹 Trying JS click by locator (attempt 1)
🔹 Attempting JS click...
2025-09-19 12:54:31 [main] INFO  demoqaLog - 🔹 Attempting JS click...
2025-09-19 12:54:31 [main] INFO  demoqaLog - Clicked on Widgets Card...
Title of this Page is: DEMOQA
You are Accessing: Widgets
 
2025-09-19 12:54:31 [main] INFO  demoqaBase - Widgets: Please select an item from left to start practice.
2025-09-19 12:54:31 [main] INFO  demoqaBase - Clicking on Widgets|AutoComplete...
You are now Accessing: Auto Complete
2025-09-19 12:54:32 [main] INFO  demoqaBase - You are now Accessing: Auto Complete
Searching Colors using: E
Expected Color to be selected is/are: [Red, Blue, Green, Yellow, Purple, White, Voilet, Magenta]
2025-09-19 12:54:32 [main] INFO  demoqaBase - 🔍 Running test for search character: E
2025-09-19 12:54:32 [main] INFO  demoqaLog - ⏳ Waiting for page to fully load (timeout: 30s)
2025-09-19 12:54:32 [main] INFO  demoqaLog - ✅ Page load completed.
2025-09-19 12:54:32 [main] INFO  demoqaBase - Clicking on Widgets | Auto Complete | Type multiple color names...
Searching Colors using: E
Expected Color to be selected is/are: [Red, Blue, Green, Yellow, Purple, White, Voilet, Magenta]
2025-09-19 12:54:32 [main] INFO  demoqaBase - You are now Accessing: Auto Complete
2025-09-19 12:54:32 [main] INFO  demoqaBase - Available Color: Red
🔹 Trying JS click on WebElement (attempt 1)
2025-09-19 12:54:32 [main] INFO  demoqaLog - 🔹 Trying JS click on WebElement (attempt 1)
🔹 Attempting JS click...
2025-09-19 12:54:32 [main] INFO  demoqaLog - 🔹 Attempting JS click...
2025-09-19 12:54:32 [main] INFO  demoqaBase - ✅ Selected Color: Red
2025-09-19 12:54:33 [main] INFO  demoqaBase - Available Color: Blue
🔹 Trying JS click on WebElement (attempt 1)
2025-09-19 12:54:33 [main] INFO  demoqaLog - 🔹 Trying JS click on WebElement (attempt 1)
🔹 Attempting JS click...
2025-09-19 12:54:33 [main] INFO  demoqaLog - 🔹 Attempting JS click...
2025-09-19 12:54:33 [main] INFO  demoqaBase - ✅ Selected Color: Blue
2025-09-19 12:54:33 [main] INFO  demoqaBase - Available Color: Green
🔹 Trying JS click on WebElement (attempt 1)
2025-09-19 12:54:33 [main] INFO  demoqaLog - 🔹 Trying JS click on WebElement (attempt 1)
🔹 Attempting JS click...
2025-09-19 12:54:33 [main] INFO  demoqaLog - 🔹 Attempting JS click...
2025-09-19 12:54:33 [main] INFO  demoqaBase - ✅ Selected Color: Green
2025-09-19 12:54:33 [main] INFO  demoqaBase - Available Color: Yellow
🔹 Trying JS click on WebElement (attempt 1)
2025-09-19 12:54:33 [main] INFO  demoqaLog - 🔹 Trying JS click on WebElement (attempt 1)
🔹 Attempting JS click...
2025-09-19 12:54:33 [main] INFO  demoqaLog - 🔹 Attempting JS click...
2025-09-19 12:54:33 [main] INFO  demoqaBase - ✅ Selected Color: Yellow
2025-09-19 12:54:33 [main] INFO  demoqaBase - Available Color: Purple
🔹 Trying JS click on WebElement (attempt 1)
2025-09-19 12:54:33 [main] INFO  demoqaLog - 🔹 Trying JS click on WebElement (attempt 1)
🔹 Attempting JS click...
2025-09-19 12:54:33 [main] INFO  demoqaLog - 🔹 Attempting JS click...
2025-09-19 12:54:33 [main] INFO  demoqaBase - ✅ Selected Color: Purple
2025-09-19 12:54:34 [main] INFO  demoqaBase - Available Color: White
🔹 Trying JS click on WebElement (attempt 1)
2025-09-19 12:54:34 [main] INFO  demoqaLog - 🔹 Trying JS click on WebElement (attempt 1)
🔹 Attempting JS click...
2025-09-19 12:54:34 [main] INFO  demoqaLog - 🔹 Attempting JS click...
2025-09-19 12:54:34 [main] INFO  demoqaBase - ✅ Selected Color: White
2025-09-19 12:54:34 [main] INFO  demoqaBase - Available Color: Voilet
🔹 Trying JS click on WebElement (attempt 1)
2025-09-19 12:54:34 [main] INFO  demoqaLog - 🔹 Trying JS click on WebElement (attempt 1)
🔹 Attempting JS click...
2025-09-19 12:54:34 [main] INFO  demoqaLog - 🔹 Attempting JS click...
2025-09-19 12:54:34 [main] INFO  demoqaBase - ✅ Selected Color: Voilet
2025-09-19 12:54:34 [main] INFO  demoqaBase - Available Color: Magenta
🔹 Trying JS click on WebElement (attempt 1)
2025-09-19 12:54:34 [main] INFO  demoqaLog - 🔹 Trying JS click on WebElement (attempt 1)
🔹 Attempting JS click...
2025-09-19 12:54:34 [main] INFO  demoqaLog - 🔹 Attempting JS click...
2025-09-19 12:54:34 [main] INFO  demoqaBase - ✅ Selected Color: Magenta
2025-09-19 12:54:34 [main] INFO  demoqaBase - 🎯 Final selected colors: [Red, Blue, Green, Yellow, Purple, White, Voilet, Magenta]
2025-09-19 12:54:34 [main] INFO  demoqaBase - ✅ Widgets|Auto Complete Test Completed...
]]></system-out>
  </testcase>
  <testcase name="AutoCompleteSearch[ColorSelectionData{searchFor=&apos;G&apos;, expectedColors=[Green, Indigo, Magenta]}](6)" classname="tests.WidgetsTests" time="1.876">
    <system-out><![CDATA[2025-09-19 12:54:34 [main] INFO  demoqaBase - Closing browser for test: AutoCompleteSearch
2025-09-19 12:54:35 [main] INFO  DriverFactory - 🌐 Starting Chrome Web Browser...
2025-09-19 12:54:35 [main] INFO  DriverFactory - ✅ Created temporary Chrome profile at C:\Users\dell\AppData\Local\Temp\chrome-profile-4533401464991629723
2025-09-19 12:54:36 [main] INFO  DriverFactory - 🚀 WebDriver started successfully
2025-09-19 12:54:36 [main] INFO  RetryUrlAccess - 🌐 Navigating to URL (attempt 1): https://demoqa.com
2025-09-19 12:54:40 [main] INFO  RetryUrlAccess - ✅ Navigation successful on attempt 1
2025-09-19 12:54:40 [main] INFO  demoqaBase - 🧪 Starting Test Widgets|Auto Complete...
2025-09-19 12:54:40 [main] INFO  demoqaBase - Accessing Widgets Card...
Declared Instance WebDriverWait: org.openqa.selenium.support.ui.WebDriverWait@eb8f47c
2025-09-19 12:54:40 [main] INFO  demoqaLog - Clicking on Widgets Card...
🔹 Trying JS click by locator (attempt 1)
2025-09-19 12:54:41 [main] INFO  demoqaLog - 🔹 Trying JS click by locator (attempt 1)
🔹 Attempting JS click...
2025-09-19 12:54:41 [main] INFO  demoqaLog - 🔹 Attempting JS click...
2025-09-19 12:54:41 [main] INFO  demoqaLog - Clicked on Widgets Card...
Title of this Page is: DEMOQA
You are Accessing: Widgets
 
2025-09-19 12:54:41 [main] INFO  demoqaBase - Widgets: Please select an item from left to start practice.
2025-09-19 12:54:41 [main] INFO  demoqaBase - Clicking on Widgets|AutoComplete...
You are now Accessing: Auto Complete
2025-09-19 12:54:41 [main] INFO  demoqaBase - You are now Accessing: Auto Complete
Searching Colors using: G
Expected Color to be selected is/are: [Green, Indigo, Magenta]
2025-09-19 12:54:41 [main] INFO  demoqaBase - 🔍 Running test for search character: G
2025-09-19 12:54:41 [main] INFO  demoqaLog - ⏳ Waiting for page to fully load (timeout: 30s)
2025-09-19 12:54:41 [main] INFO  demoqaLog - ✅ Page load completed.
2025-09-19 12:54:41 [main] INFO  demoqaBase - Clicking on Widgets | Auto Complete | Type multiple color names...
Searching Colors using: G
Expected Color to be selected is/are: [Green, Indigo, Magenta]
2025-09-19 12:54:41 [main] INFO  demoqaBase - You are now Accessing: Auto Complete
2025-09-19 12:54:41 [main] INFO  demoqaBase - Available Color: Green
🔹 Trying JS click on WebElement (attempt 1)
2025-09-19 12:54:41 [main] INFO  demoqaLog - 🔹 Trying JS click on WebElement (attempt 1)
🔹 Attempting JS click...
2025-09-19 12:54:41 [main] INFO  demoqaLog - 🔹 Attempting JS click...
2025-09-19 12:54:42 [main] INFO  demoqaBase - ✅ Selected Color: Green
2025-09-19 12:54:42 [main] INFO  demoqaBase - Available Color: Indigo
🔹 Trying JS click on WebElement (attempt 1)
2025-09-19 12:54:42 [main] INFO  demoqaLog - 🔹 Trying JS click on WebElement (attempt 1)
🔹 Attempting JS click...
2025-09-19 12:54:42 [main] INFO  demoqaLog - 🔹 Attempting JS click...
2025-09-19 12:54:42 [main] INFO  demoqaBase - ✅ Selected Color: Indigo
2025-09-19 12:54:42 [main] INFO  demoqaBase - Available Color: Magenta
🔹 Trying JS click on WebElement (attempt 1)
2025-09-19 12:54:42 [main] INFO  demoqaLog - 🔹 Trying JS click on WebElement (attempt 1)
🔹 Attempting JS click...
2025-09-19 12:54:42 [main] INFO  demoqaLog - 🔹 Attempting JS click...
2025-09-19 12:54:42 [main] INFO  demoqaBase - ✅ Selected Color: Magenta
2025-09-19 12:54:42 [main] INFO  demoqaBase - 🎯 Final selected colors: [Green, Indigo, Magenta]
2025-09-19 12:54:42 [main] INFO  demoqaBase - ✅ Widgets|Auto Complete Test Completed...
]]></system-out>
  </testcase>
  <testcase name="AutoCompleteSearch[ColorSelectionData{searchFor=&apos;H&apos;, expectedColors=[White]}](7)" classname="tests.WidgetsTests" time="1.297">
    <system-out><![CDATA[2025-09-19 12:54:42 [main] INFO  demoqaBase - Closing browser for test: AutoCompleteSearch
2025-09-19 12:54:43 [main] INFO  DriverFactory - 🌐 Starting Chrome Web Browser...
2025-09-19 12:54:43 [main] INFO  DriverFactory - ✅ Created temporary Chrome profile at C:\Users\dell\AppData\Local\Temp\chrome-profile-10464554162281133100
2025-09-19 12:54:44 [main] INFO  DriverFactory - 🚀 WebDriver started successfully
2025-09-19 12:54:44 [main] INFO  RetryUrlAccess - 🌐 Navigating to URL (attempt 1): https://demoqa.com
2025-09-19 12:55:00 [main] INFO  RetryUrlAccess - ✅ Navigation successful on attempt 1
2025-09-19 12:55:00 [main] INFO  demoqaBase - 🧪 Starting Test Widgets|Auto Complete...
2025-09-19 12:55:00 [main] INFO  demoqaBase - Accessing Widgets Card...
Declared Instance WebDriverWait: org.openqa.selenium.support.ui.WebDriverWait@63189a83
2025-09-19 12:55:00 [main] INFO  demoqaLog - Clicking on Widgets Card...
🔹 Trying JS click by locator (attempt 1)
2025-09-19 12:55:00 [main] INFO  demoqaLog - 🔹 Trying JS click by locator (attempt 1)
🔹 Attempting JS click...
2025-09-19 12:55:00 [main] INFO  demoqaLog - 🔹 Attempting JS click...
2025-09-19 12:55:00 [main] INFO  demoqaLog - Clicked on Widgets Card...
Title of this Page is: DEMOQA
You are Accessing: Widgets
 
2025-09-19 12:55:00 [main] INFO  demoqaBase - Widgets: Please select an item from left to start practice.
2025-09-19 12:55:00 [main] INFO  demoqaBase - Clicking on Widgets|AutoComplete...
You are now Accessing: Auto Complete
2025-09-19 12:55:00 [main] INFO  demoqaBase - You are now Accessing: Auto Complete
Searching Colors using: H
Expected Color to be selected is/are: [White]
2025-09-19 12:55:00 [main] INFO  demoqaBase - 🔍 Running test for search character: H
2025-09-19 12:55:00 [main] INFO  demoqaLog - ⏳ Waiting for page to fully load (timeout: 30s)
2025-09-19 12:55:00 [main] INFO  demoqaLog - ✅ Page load completed.
2025-09-19 12:55:00 [main] INFO  demoqaBase - Clicking on Widgets | Auto Complete | Type multiple color names...
Searching Colors using: H
Expected Color to be selected is/are: [White]
2025-09-19 12:55:00 [main] INFO  demoqaBase - You are now Accessing: Auto Complete
2025-09-19 12:55:01 [main] INFO  demoqaBase - Available Color: White
🔹 Trying JS click on WebElement (attempt 1)
2025-09-19 12:55:01 [main] INFO  demoqaLog - 🔹 Trying JS click on WebElement (attempt 1)
🔹 Attempting JS click...
2025-09-19 12:55:01 [main] INFO  demoqaLog - 🔹 Attempting JS click...
2025-09-19 12:55:01 [main] INFO  demoqaBase - ✅ Selected Color: White
2025-09-19 12:55:01 [main] INFO  demoqaBase - 🎯 Final selected colors: [White]
2025-09-19 12:55:01 [main] INFO  demoqaBase - ✅ Widgets|Auto Complete Test Completed...
]]></system-out>
  </testcase>
  <testcase name="AutoCompleteSearch[ColorSelectionData{searchFor=&apos;I&apos;, expectedColors=[White, Voilet, Indigo]}](8)" classname="tests.WidgetsTests" time="1.504">
    <system-out><![CDATA[2025-09-19 12:55:01 [main] INFO  demoqaBase - Closing browser for test: AutoCompleteSearch
2025-09-19 12:55:01 [main] INFO  DriverFactory - 🌐 Starting Chrome Web Browser...
2025-09-19 12:55:01 [main] INFO  DriverFactory - ✅ Created temporary Chrome profile at C:\Users\dell\AppData\Local\Temp\chrome-profile-15940789968412556350
2025-09-19 12:55:02 [main] INFO  DriverFactory - 🚀 WebDriver started successfully
2025-09-19 12:55:02 [main] INFO  RetryUrlAccess - 🌐 Navigating to URL (attempt 1): https://demoqa.com
2025-09-19 12:55:12 [main] INFO  RetryUrlAccess - ✅ Navigation successful on attempt 1
2025-09-19 12:55:12 [main] INFO  demoqaBase - 🧪 Starting Test Widgets|Auto Complete...
2025-09-19 12:55:12 [main] INFO  demoqaBase - Accessing Widgets Card...
Declared Instance WebDriverWait: org.openqa.selenium.support.ui.WebDriverWait@1879b63f
2025-09-19 12:55:12 [main] INFO  demoqaLog - Clicking on Widgets Card...
🔹 Trying JS click by locator (attempt 1)
2025-09-19 12:55:12 [main] INFO  demoqaLog - 🔹 Trying JS click by locator (attempt 1)
🔹 Attempting JS click...
2025-09-19 12:55:12 [main] INFO  demoqaLog - 🔹 Attempting JS click...
2025-09-19 12:55:12 [main] INFO  demoqaLog - Clicked on Widgets Card...
Title of this Page is: DEMOQA
You are Accessing: Widgets
 
2025-09-19 12:55:12 [main] INFO  demoqaBase - Widgets: Please select an item from left to start practice.
2025-09-19 12:55:12 [main] INFO  demoqaBase - Clicking on Widgets|AutoComplete...
You are now Accessing: Auto Complete
2025-09-19 12:55:12 [main] INFO  demoqaBase - You are now Accessing: Auto Complete
Searching Colors using: I
Expected Color to be selected is/are: [White, Voilet, Indigo]
2025-09-19 12:55:12 [main] INFO  demoqaBase - 🔍 Running test for search character: I
2025-09-19 12:55:12 [main] INFO  demoqaLog - ⏳ Waiting for page to fully load (timeout: 30s)
2025-09-19 12:55:12 [main] INFO  demoqaLog - ✅ Page load completed.
2025-09-19 12:55:12 [main] INFO  demoqaBase - Clicking on Widgets | Auto Complete | Type multiple color names...
Searching Colors using: I
Expected Color to be selected is/are: [White, Voilet, Indigo]
2025-09-19 12:55:12 [main] INFO  demoqaBase - You are now Accessing: Auto Complete
2025-09-19 12:55:13 [main] INFO  demoqaBase - Available Color: White
🔹 Trying JS click on WebElement (attempt 1)
2025-09-19 12:55:13 [main] INFO  demoqaLog - 🔹 Trying JS click on WebElement (attempt 1)
🔹 Attempting JS click...
2025-09-19 12:55:13 [main] INFO  demoqaLog - 🔹 Attempting JS click...
2025-09-19 12:55:13 [main] INFO  demoqaBase - ✅ Selected Color: White
2025-09-19 12:55:13 [main] INFO  demoqaBase - Available Color: Voilet
🔹 Trying JS click on WebElement (attempt 1)
2025-09-19 12:55:13 [main] INFO  demoqaLog - 🔹 Trying JS click on WebElement (attempt 1)
🔹 Attempting JS click...
2025-09-19 12:55:13 [main] INFO  demoqaLog - 🔹 Attempting JS click...
2025-09-19 12:55:13 [main] INFO  demoqaBase - ✅ Selected Color: Voilet
2025-09-19 12:55:13 [main] INFO  demoqaBase - Available Color: Indigo
🔹 Trying JS click on WebElement (attempt 1)
2025-09-19 12:55:13 [main] INFO  demoqaLog - 🔹 Trying JS click on WebElement (attempt 1)
🔹 Attempting JS click...
2025-09-19 12:55:13 [main] INFO  demoqaLog - 🔹 Attempting JS click...
2025-09-19 12:55:13 [main] INFO  demoqaBase - ✅ Selected Color: Indigo
2025-09-19 12:55:13 [main] INFO  demoqaBase - 🎯 Final selected colors: [White, Voilet, Indigo]
2025-09-19 12:55:13 [main] INFO  demoqaBase - ✅ Widgets|Auto Complete Test Completed...
]]></system-out>
  </testcase>
  <testcase name="AutoCompleteSearch[ColorSelectionData{searchFor=&apos;K&apos;, expectedColors=[Black]}](9)" classname="tests.WidgetsTests" time="1.125">
    <system-out><![CDATA[2025-09-19 12:55:13 [main] INFO  demoqaBase - Closing browser for test: AutoCompleteSearch
2025-09-19 12:55:14 [main] INFO  DriverFactory - 🌐 Starting Chrome Web Browser...
2025-09-19 12:55:14 [main] INFO  DriverFactory - ✅ Created temporary Chrome profile at C:\Users\dell\AppData\Local\Temp\chrome-profile-17577753914604573636
2025-09-19 12:55:15 [main] INFO  DriverFactory - 🚀 WebDriver started successfully
2025-09-19 12:55:15 [main] INFO  RetryUrlAccess - 🌐 Navigating to URL (attempt 1): https://demoqa.com
2025-09-19 12:55:20 [main] INFO  RetryUrlAccess - ✅ Navigation successful on attempt 1
2025-09-19 12:55:20 [main] INFO  demoqaBase - 🧪 Starting Test Widgets|Auto Complete...
2025-09-19 12:55:20 [main] INFO  demoqaBase - Accessing Widgets Card...
Declared Instance WebDriverWait: org.openqa.selenium.support.ui.WebDriverWait@5ca11721
2025-09-19 12:55:20 [main] INFO  demoqaLog - Clicking on Widgets Card...
🔹 Trying JS click by locator (attempt 1)
2025-09-19 12:55:20 [main] INFO  demoqaLog - 🔹 Trying JS click by locator (attempt 1)
🔹 Attempting JS click...
2025-09-19 12:55:20 [main] INFO  demoqaLog - 🔹 Attempting JS click...
2025-09-19 12:55:20 [main] INFO  demoqaLog - Clicked on Widgets Card...
Title of this Page is: DEMOQA
You are Accessing: Widgets
 
2025-09-19 12:55:20 [main] INFO  demoqaBase - Widgets: Please select an item from left to start practice.
2025-09-19 12:55:20 [main] INFO  demoqaBase - Clicking on Widgets|AutoComplete...
You are now Accessing: Auto Complete
2025-09-19 12:55:20 [main] INFO  demoqaBase - You are now Accessing: Auto Complete
Searching Colors using: K
Expected Color to be selected is/are: [Black]
2025-09-19 12:55:20 [main] INFO  demoqaBase - 🔍 Running test for search character: K
2025-09-19 12:55:20 [main] INFO  demoqaLog - ⏳ Waiting for page to fully load (timeout: 30s)
2025-09-19 12:55:20 [main] INFO  demoqaLog - ✅ Page load completed.
2025-09-19 12:55:20 [main] INFO  demoqaBase - Clicking on Widgets | Auto Complete | Type multiple color names...
Searching Colors using: K
Expected Color to be selected is/are: [Black]
2025-09-19 12:55:20 [main] INFO  demoqaBase - You are now Accessing: Auto Complete
2025-09-19 12:55:21 [main] INFO  demoqaBase - Available Color: Black
🔹 Trying JS click on WebElement (attempt 1)
2025-09-19 12:55:21 [main] INFO  demoqaLog - 🔹 Trying JS click on WebElement (attempt 1)
🔹 Attempting JS click...
2025-09-19 12:55:21 [main] INFO  demoqaLog - 🔹 Attempting JS click...
2025-09-19 12:55:21 [main] INFO  demoqaBase - ✅ Selected Color: Black
2025-09-19 12:55:21 [main] INFO  demoqaBase - 🎯 Final selected colors: [Black]
2025-09-19 12:55:21 [main] INFO  demoqaBase - ✅ Widgets|Auto Complete Test Completed...
]]></system-out>
  </testcase>
  <testcase name="AutoCompleteSearch[ColorSelectionData{searchFor=&apos;L&apos;, expectedColors=[Blue, Yellow, Purple, Black, Voilet]}](10)" classname="tests.WidgetsTests" time="2.301">
    <system-out><![CDATA[2025-09-19 12:55:21 [main] INFO  demoqaBase - Closing browser for test: AutoCompleteSearch
2025-09-19 12:55:21 [main] INFO  DriverFactory - 🌐 Starting Chrome Web Browser...
2025-09-19 12:55:21 [main] INFO  DriverFactory - ✅ Created temporary Chrome profile at C:\Users\dell\AppData\Local\Temp\chrome-profile-8007462276781229016
2025-09-19 12:55:22 [main] INFO  DriverFactory - 🚀 WebDriver started successfully
2025-09-19 12:55:22 [main] INFO  RetryUrlAccess - 🌐 Navigating to URL (attempt 1): https://demoqa.com
2025-09-19 12:55:27 [main] INFO  RetryUrlAccess - ✅ Navigation successful on attempt 1
2025-09-19 12:55:27 [main] INFO  demoqaBase - 🧪 Starting Test Widgets|Auto Complete...
2025-09-19 12:55:27 [main] INFO  demoqaBase - Accessing Widgets Card...
Declared Instance WebDriverWait: org.openqa.selenium.support.ui.WebDriverWait@e2833b3
2025-09-19 12:55:27 [main] INFO  demoqaLog - Clicking on Widgets Card...
🔹 Trying JS click by locator (attempt 1)
2025-09-19 12:55:27 [main] INFO  demoqaLog - 🔹 Trying JS click by locator (attempt 1)
🔹 Attempting JS click...
2025-09-19 12:55:27 [main] INFO  demoqaLog - 🔹 Attempting JS click...
2025-09-19 12:55:27 [main] INFO  demoqaLog - Clicked on Widgets Card...
Title of this Page is: DEMOQA
You are Accessing: Widgets
 
2025-09-19 12:55:27 [main] INFO  demoqaBase - Widgets: Please select an item from left to start practice.
2025-09-19 12:55:27 [main] INFO  demoqaBase - Clicking on Widgets|AutoComplete...
You are now Accessing: Auto Complete
2025-09-19 12:55:27 [main] INFO  demoqaBase - You are now Accessing: Auto Complete
Searching Colors using: L
Expected Color to be selected is/are: [Blue, Yellow, Purple, Black, Voilet]
2025-09-19 12:55:27 [main] INFO  demoqaBase - 🔍 Running test for search character: L
2025-09-19 12:55:27 [main] INFO  demoqaLog - ⏳ Waiting for page to fully load (timeout: 30s)
2025-09-19 12:55:27 [main] INFO  demoqaLog - ✅ Page load completed.
2025-09-19 12:55:27 [main] INFO  demoqaBase - Clicking on Widgets | Auto Complete | Type multiple color names...
Searching Colors using: L
Expected Color to be selected is/are: [Blue, Yellow, Purple, Black, Voilet]
2025-09-19 12:55:27 [main] INFO  demoqaBase - You are now Accessing: Auto Complete
2025-09-19 12:55:28 [main] INFO  demoqaBase - Available Color: Blue
🔹 Trying JS click on WebElement (attempt 1)
2025-09-19 12:55:28 [main] INFO  demoqaLog - 🔹 Trying JS click on WebElement (attempt 1)
🔹 Attempting JS click...
2025-09-19 12:55:28 [main] INFO  demoqaLog - 🔹 Attempting JS click...
2025-09-19 12:55:28 [main] INFO  demoqaBase - ✅ Selected Color: Blue
2025-09-19 12:55:28 [main] INFO  demoqaBase - Available Color: Yellow
🔹 Trying JS click on WebElement (attempt 1)
2025-09-19 12:55:28 [main] INFO  demoqaLog - 🔹 Trying JS click on WebElement (attempt 1)
🔹 Attempting JS click...
2025-09-19 12:55:28 [main] INFO  demoqaLog - 🔹 Attempting JS click...
2025-09-19 12:55:28 [main] INFO  demoqaBase - ✅ Selected Color: Yellow
2025-09-19 12:55:28 [main] INFO  demoqaBase - Available Color: Purple
🔹 Trying JS click on WebElement (attempt 1)
2025-09-19 12:55:28 [main] INFO  demoqaLog - 🔹 Trying JS click on WebElement (attempt 1)
🔹 Attempting JS click...
2025-09-19 12:55:28 [main] INFO  demoqaLog - 🔹 Attempting JS click...
2025-09-19 12:55:29 [main] INFO  demoqaBase - ✅ Selected Color: Purple
2025-09-19 12:55:29 [main] INFO  demoqaBase - Available Color: Black
🔹 Trying JS click on WebElement (attempt 1)
2025-09-19 12:55:29 [main] INFO  demoqaLog - 🔹 Trying JS click on WebElement (attempt 1)
🔹 Attempting JS click...
2025-09-19 12:55:29 [main] INFO  demoqaLog - 🔹 Attempting JS click...
2025-09-19 12:55:29 [main] INFO  demoqaBase - ✅ Selected Color: Black
2025-09-19 12:55:29 [main] INFO  demoqaBase - Available Color: Voilet
🔹 Trying JS click on WebElement (attempt 1)
2025-09-19 12:55:29 [main] INFO  demoqaLog - 🔹 Trying JS click on WebElement (attempt 1)
🔹 Attempting JS click...
2025-09-19 12:55:29 [main] INFO  demoqaLog - 🔹 Attempting JS click...
2025-09-19 12:55:29 [main] INFO  demoqaBase - ✅ Selected Color: Voilet
2025-09-19 12:55:29 [main] INFO  demoqaBase - 🎯 Final selected colors: [Blue, Yellow, Purple, Black, Voilet]
2025-09-19 12:55:29 [main] INFO  demoqaBase - ✅ Widgets|Auto Complete Test Completed...
]]></system-out>
  </testcase>
  <testcase name="AutoCompleteSearch[ColorSelectionData{searchFor=&apos;M&apos;, expectedColors=[Magenta]}](11)" classname="tests.WidgetsTests" time="0.993">
    <system-out><![CDATA[2025-09-19 12:55:29 [main] INFO  demoqaBase - Closing browser for test: AutoCompleteSearch
2025-09-19 12:55:29 [main] INFO  DriverFactory - 🌐 Starting Chrome Web Browser...
2025-09-19 12:55:29 [main] INFO  DriverFactory - ✅ Created temporary Chrome profile at C:\Users\dell\AppData\Local\Temp\chrome-profile-15486271007795076303
2025-09-19 12:55:30 [main] INFO  DriverFactory - 🚀 WebDriver started successfully
2025-09-19 12:55:30 [main] INFO  RetryUrlAccess - 🌐 Navigating to URL (attempt 1): https://demoqa.com
2025-09-19 12:55:36 [main] INFO  RetryUrlAccess - ✅ Navigation successful on attempt 1
2025-09-19 12:55:36 [main] INFO  demoqaBase - 🧪 Starting Test Widgets|Auto Complete...
2025-09-19 12:55:36 [main] INFO  demoqaBase - Accessing Widgets Card...
Declared Instance WebDriverWait: org.openqa.selenium.support.ui.WebDriverWait@153f859a
2025-09-19 12:55:36 [main] INFO  demoqaLog - Clicking on Widgets Card...
🔹 Trying JS click by locator (attempt 1)
2025-09-19 12:55:36 [main] INFO  demoqaLog - 🔹 Trying JS click by locator (attempt 1)
🔹 Attempting JS click...
2025-09-19 12:55:36 [main] INFO  demoqaLog - 🔹 Attempting JS click...
2025-09-19 12:55:36 [main] INFO  demoqaLog - Clicked on Widgets Card...
Title of this Page is: DEMOQA
You are Accessing: Widgets
 
2025-09-19 12:55:36 [main] INFO  demoqaBase - Widgets: Please select an item from left to start practice.
2025-09-19 12:55:36 [main] INFO  demoqaBase - Clicking on Widgets|AutoComplete...
You are now Accessing: Auto Complete
2025-09-19 12:55:36 [main] INFO  demoqaBase - You are now Accessing: Auto Complete
Searching Colors using: M
Expected Color to be selected is/are: [Magenta]
2025-09-19 12:55:36 [main] INFO  demoqaBase - 🔍 Running test for search character: M
2025-09-19 12:55:36 [main] INFO  demoqaLog - ⏳ Waiting for page to fully load (timeout: 30s)
2025-09-19 12:55:36 [main] INFO  demoqaLog - ✅ Page load completed.
2025-09-19 12:55:36 [main] INFO  demoqaBase - Clicking on Widgets | Auto Complete | Type multiple color names...
Searching Colors using: M
Expected Color to be selected is/are: [Magenta]
2025-09-19 12:55:36 [main] INFO  demoqaBase - You are now Accessing: Auto Complete
2025-09-19 12:55:37 [main] INFO  demoqaBase - Available Color: Magenta
🔹 Trying JS click on WebElement (attempt 1)
2025-09-19 12:55:37 [main] INFO  demoqaLog - 🔹 Trying JS click on WebElement (attempt 1)
🔹 Attempting JS click...
2025-09-19 12:55:37 [main] INFO  demoqaLog - 🔹 Attempting JS click...
2025-09-19 12:55:37 [main] INFO  demoqaBase - ✅ Selected Color: Magenta
2025-09-19 12:55:37 [main] INFO  demoqaBase - 🎯 Final selected colors: [Magenta]
2025-09-19 12:55:37 [main] INFO  demoqaBase - ✅ Widgets|Auto Complete Test Completed...
]]></system-out>
  </testcase>
  <testcase name="AutoCompleteSearch[ColorSelectionData{searchFor=&apos;N&apos;, expectedColors=[Green, Indigo, Magenta]}](12)" classname="tests.WidgetsTests" time="1.779">
    <system-out><![CDATA[2025-09-19 12:55:37 [main] INFO  demoqaBase - Closing browser for test: AutoCompleteSearch
2025-09-19 12:55:37 [main] INFO  DriverFactory - 🌐 Starting Chrome Web Browser...
2025-09-19 12:55:37 [main] INFO  DriverFactory - ✅ Created temporary Chrome profile at C:\Users\dell\AppData\Local\Temp\chrome-profile-3230130299673790435
2025-09-19 12:55:38 [main] INFO  DriverFactory - 🚀 WebDriver started successfully
2025-09-19 12:55:38 [main] INFO  RetryUrlAccess - 🌐 Navigating to URL (attempt 1): https://demoqa.com
2025-09-19 12:55:51 [main] INFO  RetryUrlAccess - ✅ Navigation successful on attempt 1
2025-09-19 12:55:51 [main] INFO  demoqaBase - 🧪 Starting Test Widgets|Auto Complete...
2025-09-19 12:55:51 [main] INFO  demoqaBase - Accessing Widgets Card...
Declared Instance WebDriverWait: org.openqa.selenium.support.ui.WebDriverWait@4561e688
2025-09-19 12:55:51 [main] INFO  demoqaLog - Clicking on Widgets Card...
🔹 Trying JS click by locator (attempt 1)
2025-09-19 12:55:51 [main] INFO  demoqaLog - 🔹 Trying JS click by locator (attempt 1)
🔹 Attempting JS click...
2025-09-19 12:55:51 [main] INFO  demoqaLog - 🔹 Attempting JS click...
2025-09-19 12:55:51 [main] INFO  demoqaLog - Clicked on Widgets Card...
Title of this Page is: DEMOQA
You are Accessing: Widgets
 
2025-09-19 12:55:51 [main] INFO  demoqaBase - Widgets: Please select an item from left to start practice.
2025-09-19 12:55:51 [main] INFO  demoqaBase - Clicking on Widgets|AutoComplete...
You are now Accessing: Auto Complete
2025-09-19 12:55:51 [main] INFO  demoqaBase - You are now Accessing: Auto Complete
Searching Colors using: N
Expected Color to be selected is/are: [Green, Indigo, Magenta]
2025-09-19 12:55:51 [main] INFO  demoqaBase - 🔍 Running test for search character: N
2025-09-19 12:55:51 [main] INFO  demoqaLog - ⏳ Waiting for page to fully load (timeout: 30s)
2025-09-19 12:55:51 [main] INFO  demoqaLog - ✅ Page load completed.
2025-09-19 12:55:51 [main] INFO  demoqaBase - Clicking on Widgets | Auto Complete | Type multiple color names...
Searching Colors using: N
Expected Color to be selected is/are: [Green, Indigo, Magenta]
2025-09-19 12:55:51 [main] INFO  demoqaBase - You are now Accessing: Auto Complete
2025-09-19 12:55:52 [main] INFO  demoqaBase - Available Color: Green
🔹 Trying JS click on WebElement (attempt 1)
2025-09-19 12:55:52 [main] INFO  demoqaLog - 🔹 Trying JS click on WebElement (attempt 1)
🔹 Attempting JS click...
2025-09-19 12:55:52 [main] INFO  demoqaLog - 🔹 Attempting JS click...
2025-09-19 12:55:52 [main] INFO  demoqaBase - ✅ Selected Color: Green
2025-09-19 12:55:52 [main] INFO  demoqaBase - Available Color: Indigo
🔹 Trying JS click on WebElement (attempt 1)
2025-09-19 12:55:52 [main] INFO  demoqaLog - 🔹 Trying JS click on WebElement (attempt 1)
🔹 Attempting JS click...
2025-09-19 12:55:52 [main] INFO  demoqaLog - 🔹 Attempting JS click...
2025-09-19 12:55:52 [main] INFO  demoqaBase - ✅ Selected Color: Indigo
2025-09-19 12:55:53 [main] INFO  demoqaBase - Available Color: Magenta
🔹 Trying JS click on WebElement (attempt 1)
2025-09-19 12:55:53 [main] INFO  demoqaLog - 🔹 Trying JS click on WebElement (attempt 1)
🔹 Attempting JS click...
2025-09-19 12:55:53 [main] INFO  demoqaLog - 🔹 Attempting JS click...
2025-09-19 12:55:53 [main] INFO  demoqaBase - ✅ Selected Color: Magenta
2025-09-19 12:55:53 [main] INFO  demoqaBase - 🎯 Final selected colors: [Green, Indigo, Magenta]
2025-09-19 12:55:53 [main] INFO  demoqaBase - ✅ Widgets|Auto Complete Test Completed...
]]></system-out>
  </testcase>
  <testcase name="AutoCompleteSearch[ColorSelectionData{searchFor=&apos;O&apos;, expectedColors=[Yellow, Voilet, Indigo]}](13)" classname="tests.WidgetsTests" time="2.026">
    <system-out><![CDATA[2025-09-19 12:55:53 [main] INFO  demoqaBase - Closing browser for test: AutoCompleteSearch
2025-09-19 12:55:53 [main] INFO  DriverFactory - 🌐 Starting Chrome Web Browser...
2025-09-19 12:55:53 [main] INFO  DriverFactory - ✅ Created temporary Chrome profile at C:\Users\dell\AppData\Local\Temp\chrome-profile-11356213396544823494
2025-09-19 12:55:54 [main] INFO  DriverFactory - 🚀 WebDriver started successfully
2025-09-19 12:55:54 [main] INFO  RetryUrlAccess - 🌐 Navigating to URL (attempt 1): https://demoqa.com
2025-09-19 12:56:04 [main] INFO  RetryUrlAccess - ✅ Navigation successful on attempt 1
2025-09-19 12:56:04 [main] INFO  demoqaBase - 🧪 Starting Test Widgets|Auto Complete...
2025-09-19 12:56:04 [main] INFO  demoqaBase - Accessing Widgets Card...
Declared Instance WebDriverWait: org.openqa.selenium.support.ui.WebDriverWait@78fd580b
2025-09-19 12:56:04 [main] INFO  demoqaLog - Clicking on Widgets Card...
🔹 Trying JS click by locator (attempt 1)
2025-09-19 12:56:04 [main] INFO  demoqaLog - 🔹 Trying JS click by locator (attempt 1)
🔹 Attempting JS click...
2025-09-19 12:56:04 [main] INFO  demoqaLog - 🔹 Attempting JS click...
2025-09-19 12:56:04 [main] INFO  demoqaLog - Clicked on Widgets Card...
Title of this Page is: DEMOQA
You are Accessing: Widgets
 
2025-09-19 12:56:04 [main] INFO  demoqaBase - Widgets: Please select an item from left to start practice.
2025-09-19 12:56:04 [main] INFO  demoqaBase - Clicking on Widgets|AutoComplete...
You are now Accessing: Auto Complete
2025-09-19 12:56:04 [main] INFO  demoqaBase - You are now Accessing: Auto Complete
Searching Colors using: O
Expected Color to be selected is/are: [Yellow, Voilet, Indigo]
2025-09-19 12:56:04 [main] INFO  demoqaBase - 🔍 Running test for search character: O
2025-09-19 12:56:04 [main] INFO  demoqaLog - ⏳ Waiting for page to fully load (timeout: 30s)
2025-09-19 12:56:04 [main] INFO  demoqaLog - ✅ Page load completed.
2025-09-19 12:56:04 [main] INFO  demoqaBase - Clicking on Widgets | Auto Complete | Type multiple color names...
Searching Colors using: O
Expected Color to be selected is/are: [Yellow, Voilet, Indigo]
2025-09-19 12:56:04 [main] INFO  demoqaBase - You are now Accessing: Auto Complete
2025-09-19 12:56:05 [main] INFO  demoqaBase - Available Color: Yellow
🔹 Trying JS click on WebElement (attempt 1)
2025-09-19 12:56:05 [main] INFO  demoqaLog - 🔹 Trying JS click on WebElement (attempt 1)
🔹 Attempting JS click...
2025-09-19 12:56:05 [main] INFO  demoqaLog - 🔹 Attempting JS click...
2025-09-19 12:56:05 [main] INFO  demoqaBase - ✅ Selected Color: Yellow
2025-09-19 12:56:05 [main] INFO  demoqaBase - Available Color: Voilet
🔹 Trying JS click on WebElement (attempt 1)
2025-09-19 12:56:05 [main] INFO  demoqaLog - 🔹 Trying JS click on WebElement (attempt 1)
🔹 Attempting JS click...
2025-09-19 12:56:05 [main] INFO  demoqaLog - 🔹 Attempting JS click...
2025-09-19 12:56:05 [main] INFO  demoqaBase - ✅ Selected Color: Voilet
2025-09-19 12:56:06 [main] INFO  demoqaBase - Available Color: Indigo
🔹 Trying JS click on WebElement (attempt 1)
2025-09-19 12:56:06 [main] INFO  demoqaLog - 🔹 Trying JS click on WebElement (attempt 1)
🔹 Attempting JS click...
2025-09-19 12:56:06 [main] INFO  demoqaLog - 🔹 Attempting JS click...
2025-09-19 12:56:06 [main] INFO  demoqaBase - ✅ Selected Color: Indigo
2025-09-19 12:56:06 [main] INFO  demoqaBase - 🎯 Final selected colors: [Yellow, Voilet, Indigo]
2025-09-19 12:56:06 [main] INFO  demoqaBase - ✅ Widgets|Auto Complete Test Completed...
]]></system-out>
  </testcase>
  <testcase name="AutoCompleteSearch[ColorSelectionData{searchFor=&apos;P&apos;, expectedColors=[Purple]}](14)" classname="tests.WidgetsTests" time="1.138">
    <system-out><![CDATA[2025-09-19 12:56:06 [main] INFO  demoqaBase - Closing browser for test: AutoCompleteSearch
2025-09-19 12:56:06 [main] INFO  DriverFactory - 🌐 Starting Chrome Web Browser...
2025-09-19 12:56:06 [main] INFO  DriverFactory - ✅ Created temporary Chrome profile at C:\Users\dell\AppData\Local\Temp\chrome-profile-15042457426105376232
2025-09-19 12:56:07 [main] INFO  DriverFactory - 🚀 WebDriver started successfully
2025-09-19 12:56:07 [main] INFO  RetryUrlAccess - 🌐 Navigating to URL (attempt 1): https://demoqa.com
2025-09-19 12:56:13 [main] INFO  RetryUrlAccess - ✅ Navigation successful on attempt 1
2025-09-19 12:56:13 [main] INFO  demoqaBase - 🧪 Starting Test Widgets|Auto Complete...
2025-09-19 12:56:13 [main] INFO  demoqaBase - Accessing Widgets Card...
Declared Instance WebDriverWait: org.openqa.selenium.support.ui.WebDriverWait@240a6d23
2025-09-19 12:56:13 [main] INFO  demoqaLog - Clicking on Widgets Card...
🔹 Trying JS click by locator (attempt 1)
2025-09-19 12:56:13 [main] INFO  demoqaLog - 🔹 Trying JS click by locator (attempt 1)
🔹 Attempting JS click...
2025-09-19 12:56:13 [main] INFO  demoqaLog - 🔹 Attempting JS click...
2025-09-19 12:56:14 [main] INFO  demoqaLog - Clicked on Widgets Card...
Title of this Page is: DEMOQA
You are Accessing: Widgets
 
2025-09-19 12:56:14 [main] INFO  demoqaBase - Widgets: Please select an item from left to start practice.
2025-09-19 12:56:14 [main] INFO  demoqaBase - Clicking on Widgets|AutoComplete...
You are now Accessing: Auto Complete
2025-09-19 12:56:14 [main] INFO  demoqaBase - You are now Accessing: Auto Complete
Searching Colors using: P
Expected Color to be selected is/are: [Purple]
2025-09-19 12:56:14 [main] INFO  demoqaBase - 🔍 Running test for search character: P
2025-09-19 12:56:14 [main] INFO  demoqaLog - ⏳ Waiting for page to fully load (timeout: 30s)
2025-09-19 12:56:14 [main] INFO  demoqaLog - ✅ Page load completed.
2025-09-19 12:56:14 [main] INFO  demoqaBase - Clicking on Widgets | Auto Complete | Type multiple color names...
Searching Colors using: P
Expected Color to be selected is/are: [Purple]
2025-09-19 12:56:14 [main] INFO  demoqaBase - You are now Accessing: Auto Complete
2025-09-19 12:56:14 [main] INFO  demoqaBase - Available Color: Purple
🔹 Trying JS click on WebElement (attempt 1)
2025-09-19 12:56:14 [main] INFO  demoqaLog - 🔹 Trying JS click on WebElement (attempt 1)
🔹 Attempting JS click...
2025-09-19 12:56:14 [main] INFO  demoqaLog - 🔹 Attempting JS click...
2025-09-19 12:56:14 [main] INFO  demoqaBase - ✅ Selected Color: Purple
2025-09-19 12:56:14 [main] INFO  demoqaBase - 🎯 Final selected colors: [Purple]
2025-09-19 12:56:14 [main] INFO  demoqaBase - ✅ Widgets|Auto Complete Test Completed...
]]></system-out>
  </testcase>
  <testcase name="AutoCompleteSearch[ColorSelectionData{searchFor=&apos;Q&apos;, expectedColors=[Aqua]}](15)" classname="tests.WidgetsTests" time="1.012">
    <system-out><![CDATA[2025-09-19 12:56:14 [main] INFO  demoqaBase - Closing browser for test: AutoCompleteSearch
2025-09-19 12:56:15 [main] INFO  DriverFactory - 🌐 Starting Chrome Web Browser...
2025-09-19 12:56:15 [main] INFO  DriverFactory - ✅ Created temporary Chrome profile at C:\Users\dell\AppData\Local\Temp\chrome-profile-6186318713675132930
2025-09-19 12:56:16 [main] INFO  DriverFactory - 🚀 WebDriver started successfully
2025-09-19 12:56:16 [main] INFO  RetryUrlAccess - 🌐 Navigating to URL (attempt 1): https://demoqa.com
2025-09-19 12:56:21 [main] INFO  RetryUrlAccess - ✅ Navigation successful on attempt 1
2025-09-19 12:56:21 [main] INFO  demoqaBase - 🧪 Starting Test Widgets|Auto Complete...
2025-09-19 12:56:21 [main] INFO  demoqaBase - Accessing Widgets Card...
Declared Instance WebDriverWait: org.openqa.selenium.support.ui.WebDriverWait@72c65b88
2025-09-19 12:56:21 [main] INFO  demoqaLog - Clicking on Widgets Card...
🔹 Trying JS click by locator (attempt 1)
2025-09-19 12:56:21 [main] INFO  demoqaLog - 🔹 Trying JS click by locator (attempt 1)
🔹 Attempting JS click...
2025-09-19 12:56:21 [main] INFO  demoqaLog - 🔹 Attempting JS click...
2025-09-19 12:56:21 [main] INFO  demoqaLog - Clicked on Widgets Card...
Title of this Page is: DEMOQA
You are Accessing: Widgets
 
2025-09-19 12:56:21 [main] INFO  demoqaBase - Widgets: Please select an item from left to start practice.
2025-09-19 12:56:21 [main] INFO  demoqaBase - Clicking on Widgets|AutoComplete...
You are now Accessing: Auto Complete
2025-09-19 12:56:21 [main] INFO  demoqaBase - You are now Accessing: Auto Complete
Searching Colors using: Q
Expected Color to be selected is/are: [Aqua]
2025-09-19 12:56:21 [main] INFO  demoqaBase - 🔍 Running test for search character: Q
2025-09-19 12:56:21 [main] INFO  demoqaLog - ⏳ Waiting for page to fully load (timeout: 30s)
2025-09-19 12:56:21 [main] INFO  demoqaLog - ✅ Page load completed.
2025-09-19 12:56:21 [main] INFO  demoqaBase - Clicking on Widgets | Auto Complete | Type multiple color names...
Searching Colors using: Q
Expected Color to be selected is/are: [Aqua]
2025-09-19 12:56:21 [main] INFO  demoqaBase - You are now Accessing: Auto Complete
2025-09-19 12:56:22 [main] INFO  demoqaBase - Available Color: Aqua
🔹 Trying JS click on WebElement (attempt 1)
2025-09-19 12:56:22 [main] INFO  demoqaLog - 🔹 Trying JS click on WebElement (attempt 1)
🔹 Attempting JS click...
2025-09-19 12:56:22 [main] INFO  demoqaLog - 🔹 Attempting JS click...
2025-09-19 12:56:22 [main] INFO  demoqaBase - ✅ Selected Color: Aqua
2025-09-19 12:56:22 [main] INFO  demoqaBase - 🎯 Final selected colors: [Aqua]
2025-09-19 12:56:22 [main] INFO  demoqaBase - ✅ Widgets|Auto Complete Test Completed...
]]></system-out>
  </testcase>
  <testcase name="AutoCompleteSearch[ColorSelectionData{searchFor=&apos;R&apos;, expectedColors=[Red, Green, Purple]}](16)" classname="tests.WidgetsTests" time="1.76">
    <system-out><![CDATA[2025-09-19 12:56:22 [main] INFO  demoqaBase - Closing browser for test: AutoCompleteSearch
2025-09-19 12:56:22 [main] INFO  DriverFactory - 🌐 Starting Chrome Web Browser...
2025-09-19 12:56:22 [main] INFO  DriverFactory - ✅ Created temporary Chrome profile at C:\Users\dell\AppData\Local\Temp\chrome-profile-16518006012604598315
2025-09-19 12:56:23 [main] INFO  DriverFactory - 🚀 WebDriver started successfully
2025-09-19 12:56:23 [main] INFO  RetryUrlAccess - 🌐 Navigating to URL (attempt 1): https://demoqa.com
2025-09-19 12:56:35 [main] INFO  RetryUrlAccess - ✅ Navigation successful on attempt 1
2025-09-19 12:56:35 [main] INFO  demoqaBase - 🧪 Starting Test Widgets|Auto Complete...
2025-09-19 12:56:35 [main] INFO  demoqaBase - Accessing Widgets Card...
Declared Instance WebDriverWait: org.openqa.selenium.support.ui.WebDriverWait@2f066a1e
2025-09-19 12:56:35 [main] INFO  demoqaLog - Clicking on Widgets Card...
🔹 Trying JS click by locator (attempt 1)
2025-09-19 12:56:35 [main] INFO  demoqaLog - 🔹 Trying JS click by locator (attempt 1)
🔹 Attempting JS click...
2025-09-19 12:56:35 [main] INFO  demoqaLog - 🔹 Attempting JS click...
2025-09-19 12:56:35 [main] INFO  demoqaLog - Clicked on Widgets Card...
Title of this Page is: DEMOQA
You are Accessing: Widgets
 
2025-09-19 12:56:35 [main] INFO  demoqaBase - Widgets: Please select an item from left to start practice.
2025-09-19 12:56:35 [main] INFO  demoqaBase - Clicking on Widgets|AutoComplete...
You are now Accessing: Auto Complete
2025-09-19 12:56:36 [main] INFO  demoqaBase - You are now Accessing: Auto Complete
Searching Colors using: R
Expected Color to be selected is/are: [Red, Green, Purple]
2025-09-19 12:56:36 [main] INFO  demoqaBase - 🔍 Running test for search character: R
2025-09-19 12:56:36 [main] INFO  demoqaLog - ⏳ Waiting for page to fully load (timeout: 30s)
2025-09-19 12:56:36 [main] INFO  demoqaLog - ✅ Page load completed.
2025-09-19 12:56:36 [main] INFO  demoqaBase - Clicking on Widgets | Auto Complete | Type multiple color names...
Searching Colors using: R
Expected Color to be selected is/are: [Red, Green, Purple]
2025-09-19 12:56:36 [main] INFO  demoqaBase - You are now Accessing: Auto Complete
2025-09-19 12:56:36 [main] INFO  demoqaBase - Available Color: Red
🔹 Trying JS click on WebElement (attempt 1)
2025-09-19 12:56:36 [main] INFO  demoqaLog - 🔹 Trying JS click on WebElement (attempt 1)
🔹 Attempting JS click...
2025-09-19 12:56:36 [main] INFO  demoqaLog - 🔹 Attempting JS click...
2025-09-19 12:56:36 [main] INFO  demoqaBase - ✅ Selected Color: Red
2025-09-19 12:56:36 [main] INFO  demoqaBase - Available Color: Green
🔹 Trying JS click on WebElement (attempt 1)
2025-09-19 12:56:36 [main] INFO  demoqaLog - 🔹 Trying JS click on WebElement (attempt 1)
🔹 Attempting JS click...
2025-09-19 12:56:36 [main] INFO  demoqaLog - 🔹 Attempting JS click...
2025-09-19 12:56:36 [main] INFO  demoqaBase - ✅ Selected Color: Green
2025-09-19 12:56:37 [main] INFO  demoqaBase - Available Color: Purple
🔹 Trying JS click on WebElement (attempt 1)
2025-09-19 12:56:37 [main] INFO  demoqaLog - 🔹 Trying JS click on WebElement (attempt 1)
🔹 Attempting JS click...
2025-09-19 12:56:37 [main] INFO  demoqaLog - 🔹 Attempting JS click...
2025-09-19 12:56:37 [main] INFO  demoqaBase - ✅ Selected Color: Purple
2025-09-19 12:56:37 [main] INFO  demoqaBase - 🎯 Final selected colors: [Red, Green, Purple]
2025-09-19 12:56:37 [main] INFO  demoqaBase - ✅ Widgets|Auto Complete Test Completed...
]]></system-out>
  </testcase>
  <testcase name="AutoCompleteSearch[ColorSelectionData{searchFor=&apos;T&apos;, expectedColors=[White, Voilet, Magenta]}](17)" classname="tests.WidgetsTests" time="1.594">
    <system-out><![CDATA[2025-09-19 12:56:37 [main] INFO  demoqaBase - Closing browser for test: AutoCompleteSearch
2025-09-19 12:56:37 [main] INFO  DriverFactory - 🌐 Starting Chrome Web Browser...
2025-09-19 12:56:37 [main] INFO  DriverFactory - ✅ Created temporary Chrome profile at C:\Users\dell\AppData\Local\Temp\chrome-profile-14443162550190055935
2025-09-19 12:56:38 [main] INFO  DriverFactory - 🚀 WebDriver started successfully
2025-09-19 12:56:38 [main] INFO  RetryUrlAccess - 🌐 Navigating to URL (attempt 1): https://demoqa.com
2025-09-19 12:56:43 [main] INFO  RetryUrlAccess - ✅ Navigation successful on attempt 1
2025-09-19 12:56:43 [main] INFO  demoqaBase - 🧪 Starting Test Widgets|Auto Complete...
2025-09-19 12:56:43 [main] INFO  demoqaBase - Accessing Widgets Card...
Declared Instance WebDriverWait: org.openqa.selenium.support.ui.WebDriverWait@3ff29102
2025-09-19 12:56:43 [main] INFO  demoqaLog - Clicking on Widgets Card...
🔹 Trying JS click by locator (attempt 1)
2025-09-19 12:56:43 [main] INFO  demoqaLog - 🔹 Trying JS click by locator (attempt 1)
🔹 Attempting JS click...
2025-09-19 12:56:43 [main] INFO  demoqaLog - 🔹 Attempting JS click...
2025-09-19 12:56:43 [main] INFO  demoqaLog - Clicked on Widgets Card...
Title of this Page is: DEMOQA
You are Accessing: Widgets
 
2025-09-19 12:56:43 [main] INFO  demoqaBase - Widgets: Please select an item from left to start practice.
2025-09-19 12:56:43 [main] INFO  demoqaBase - Clicking on Widgets|AutoComplete...
You are now Accessing: Auto Complete
2025-09-19 12:56:43 [main] INFO  demoqaBase - You are now Accessing: Auto Complete
Searching Colors using: T
Expected Color to be selected is/are: [White, Voilet, Magenta]
2025-09-19 12:56:43 [main] INFO  demoqaBase - 🔍 Running test for search character: T
2025-09-19 12:56:43 [main] INFO  demoqaLog - ⏳ Waiting for page to fully load (timeout: 30s)
2025-09-19 12:56:43 [main] INFO  demoqaLog - ✅ Page load completed.
2025-09-19 12:56:43 [main] INFO  demoqaBase - Clicking on Widgets | Auto Complete | Type multiple color names...
Searching Colors using: T
Expected Color to be selected is/are: [White, Voilet, Magenta]
2025-09-19 12:56:43 [main] INFO  demoqaBase - You are now Accessing: Auto Complete
2025-09-19 12:56:44 [main] INFO  demoqaBase - Available Color: White
🔹 Trying JS click on WebElement (attempt 1)
2025-09-19 12:56:44 [main] INFO  demoqaLog - 🔹 Trying JS click on WebElement (attempt 1)
🔹 Attempting JS click...
2025-09-19 12:56:44 [main] INFO  demoqaLog - 🔹 Attempting JS click...
2025-09-19 12:56:44 [main] INFO  demoqaBase - ✅ Selected Color: White
2025-09-19 12:56:44 [main] INFO  demoqaBase - Available Color: Voilet
🔹 Trying JS click on WebElement (attempt 1)
2025-09-19 12:56:44 [main] INFO  demoqaLog - 🔹 Trying JS click on WebElement (attempt 1)
🔹 Attempting JS click...
2025-09-19 12:56:44 [main] INFO  demoqaLog - 🔹 Attempting JS click...
2025-09-19 12:56:44 [main] INFO  demoqaBase - ✅ Selected Color: Voilet
2025-09-19 12:56:44 [main] INFO  demoqaBase - Available Color: Magenta
🔹 Trying JS click on WebElement (attempt 1)
2025-09-19 12:56:44 [main] INFO  demoqaLog - 🔹 Trying JS click on WebElement (attempt 1)
🔹 Attempting JS click...
2025-09-19 12:56:44 [main] INFO  demoqaLog - 🔹 Attempting JS click...
2025-09-19 12:56:44 [main] INFO  demoqaBase - ✅ Selected Color: Magenta
2025-09-19 12:56:44 [main] INFO  demoqaBase - 🎯 Final selected colors: [White, Voilet, Magenta]
2025-09-19 12:56:44 [main] INFO  demoqaBase - ✅ Widgets|Auto Complete Test Completed...
]]></system-out>
  </testcase>
  <testcase name="AutoCompleteSearch[ColorSelectionData{searchFor=&apos;U&apos;, expectedColors=[Blue, Purple, Aqua]}](18)" classname="tests.WidgetsTests" time="1.528">
    <system-out><![CDATA[2025-09-19 12:56:44 [main] INFO  demoqaBase - Closing browser for test: AutoCompleteSearch
2025-09-19 12:56:45 [main] INFO  DriverFactory - 🌐 Starting Chrome Web Browser...
2025-09-19 12:56:45 [main] INFO  DriverFactory - ✅ Created temporary Chrome profile at C:\Users\dell\AppData\Local\Temp\chrome-profile-2687444353747052767
2025-09-19 12:56:46 [main] INFO  DriverFactory - 🚀 WebDriver started successfully
2025-09-19 12:56:46 [main] INFO  RetryUrlAccess - 🌐 Navigating to URL (attempt 1): https://demoqa.com
2025-09-19 12:56:57 [main] INFO  RetryUrlAccess - ✅ Navigation successful on attempt 1
2025-09-19 12:56:57 [main] INFO  demoqaBase - 🧪 Starting Test Widgets|Auto Complete...
2025-09-19 12:56:57 [main] INFO  demoqaBase - Accessing Widgets Card...
Declared Instance WebDriverWait: org.openqa.selenium.support.ui.WebDriverWait@34342367
2025-09-19 12:56:57 [main] INFO  demoqaLog - Clicking on Widgets Card...
🔹 Trying JS click by locator (attempt 1)
2025-09-19 12:56:57 [main] INFO  demoqaLog - 🔹 Trying JS click by locator (attempt 1)
🔹 Attempting JS click...
2025-09-19 12:56:57 [main] INFO  demoqaLog - 🔹 Attempting JS click...
2025-09-19 12:56:57 [main] INFO  demoqaLog - Clicked on Widgets Card...
Title of this Page is: DEMOQA
You are Accessing: Widgets
 
2025-09-19 12:56:57 [main] INFO  demoqaBase - Widgets: Please select an item from left to start practice.
2025-09-19 12:56:57 [main] INFO  demoqaBase - Clicking on Widgets|AutoComplete...
You are now Accessing: Auto Complete
2025-09-19 12:56:57 [main] INFO  demoqaBase - You are now Accessing: Auto Complete
Searching Colors using: U
Expected Color to be selected is/are: [Blue, Purple, Aqua]
2025-09-19 12:56:57 [main] INFO  demoqaBase - 🔍 Running test for search character: U
2025-09-19 12:56:57 [main] INFO  demoqaLog - ⏳ Waiting for page to fully load (timeout: 30s)
2025-09-19 12:56:57 [main] INFO  demoqaLog - ✅ Page load completed.
2025-09-19 12:56:57 [main] INFO  demoqaBase - Clicking on Widgets | Auto Complete | Type multiple color names...
Searching Colors using: U
Expected Color to be selected is/are: [Blue, Purple, Aqua]
2025-09-19 12:56:58 [main] INFO  demoqaBase - You are now Accessing: Auto Complete
2025-09-19 12:56:58 [main] INFO  demoqaBase - Available Color: Blue
🔹 Trying JS click on WebElement (attempt 1)
2025-09-19 12:56:58 [main] INFO  demoqaLog - 🔹 Trying JS click on WebElement (attempt 1)
🔹 Attempting JS click...
2025-09-19 12:56:58 [main] INFO  demoqaLog - 🔹 Attempting JS click...
2025-09-19 12:56:58 [main] INFO  demoqaBase - ✅ Selected Color: Blue
2025-09-19 12:56:58 [main] INFO  demoqaBase - Available Color: Purple
🔹 Trying JS click on WebElement (attempt 1)
2025-09-19 12:56:58 [main] INFO  demoqaLog - 🔹 Trying JS click on WebElement (attempt 1)
🔹 Attempting JS click...
2025-09-19 12:56:58 [main] INFO  demoqaLog - 🔹 Attempting JS click...
2025-09-19 12:56:58 [main] INFO  demoqaBase - ✅ Selected Color: Purple
2025-09-19 12:56:58 [main] INFO  demoqaBase - Available Color: Aqua
🔹 Trying JS click on WebElement (attempt 1)
2025-09-19 12:56:58 [main] INFO  demoqaLog - 🔹 Trying JS click on WebElement (attempt 1)
🔹 Attempting JS click...
2025-09-19 12:56:58 [main] INFO  demoqaLog - 🔹 Attempting JS click...
2025-09-19 12:56:58 [main] INFO  demoqaBase - ✅ Selected Color: Aqua
2025-09-19 12:56:58 [main] INFO  demoqaBase - 🎯 Final selected colors: [Blue, Purple, Aqua]
2025-09-19 12:56:58 [main] INFO  demoqaBase - ✅ Widgets|Auto Complete Test Completed...
]]></system-out>
  </testcase>
  <testcase name="AutoCompleteSearch[ColorSelectionData{searchFor=&apos;V&apos;, expectedColors=[Voilet]}](19)" classname="tests.WidgetsTests" time="0.962">
    <system-out><![CDATA[2025-09-19 12:56:58 [main] INFO  demoqaBase - Closing browser for test: AutoCompleteSearch
2025-09-19 12:56:59 [main] INFO  DriverFactory - 🌐 Starting Chrome Web Browser...
2025-09-19 12:56:59 [main] INFO  DriverFactory - ✅ Created temporary Chrome profile at C:\Users\dell\AppData\Local\Temp\chrome-profile-8705823701581907084
2025-09-19 12:57:00 [main] INFO  DriverFactory - 🚀 WebDriver started successfully
2025-09-19 12:57:00 [main] INFO  RetryUrlAccess - 🌐 Navigating to URL (attempt 1): https://demoqa.com
2025-09-19 12:57:14 [main] INFO  RetryUrlAccess - ✅ Navigation successful on attempt 1
2025-09-19 12:57:14 [main] INFO  demoqaBase - 🧪 Starting Test Widgets|Auto Complete...
2025-09-19 12:57:14 [main] INFO  demoqaBase - Accessing Widgets Card...
Declared Instance WebDriverWait: org.openqa.selenium.support.ui.WebDriverWait@1da64863
2025-09-19 12:57:14 [main] INFO  demoqaLog - Clicking on Widgets Card...
🔹 Trying JS click by locator (attempt 1)
2025-09-19 12:57:14 [main] INFO  demoqaLog - 🔹 Trying JS click by locator (attempt 1)
🔹 Attempting JS click...
2025-09-19 12:57:14 [main] INFO  demoqaLog - 🔹 Attempting JS click...
2025-09-19 12:57:14 [main] INFO  demoqaLog - Clicked on Widgets Card...
Title of this Page is: DEMOQA
You are Accessing: Widgets
 
2025-09-19 12:57:14 [main] INFO  demoqaBase - Widgets: Please select an item from left to start practice.
2025-09-19 12:57:14 [main] INFO  demoqaBase - Clicking on Widgets|AutoComplete...
You are now Accessing: Auto Complete
2025-09-19 12:57:14 [main] INFO  demoqaBase - You are now Accessing: Auto Complete
Searching Colors using: V
Expected Color to be selected is/are: [Voilet]
2025-09-19 12:57:14 [main] INFO  demoqaBase - 🔍 Running test for search character: V
2025-09-19 12:57:14 [main] INFO  demoqaLog - ⏳ Waiting for page to fully load (timeout: 30s)
2025-09-19 12:57:14 [main] INFO  demoqaLog - ✅ Page load completed.
2025-09-19 12:57:14 [main] INFO  demoqaBase - Clicking on Widgets | Auto Complete | Type multiple color names...
Searching Colors using: V
Expected Color to be selected is/are: [Voilet]
2025-09-19 12:57:14 [main] INFO  demoqaBase - You are now Accessing: Auto Complete
2025-09-19 12:57:15 [main] INFO  demoqaBase - Available Color: Voilet
🔹 Trying JS click on WebElement (attempt 1)
2025-09-19 12:57:15 [main] INFO  demoqaLog - 🔹 Trying JS click on WebElement (attempt 1)
🔹 Attempting JS click...
2025-09-19 12:57:15 [main] INFO  demoqaLog - 🔹 Attempting JS click...
2025-09-19 12:57:15 [main] INFO  demoqaBase - ✅ Selected Color: Voilet
2025-09-19 12:57:15 [main] INFO  demoqaBase - 🎯 Final selected colors: [Voilet]
2025-09-19 12:57:15 [main] INFO  demoqaBase - ✅ Widgets|Auto Complete Test Completed...
]]></system-out>
  </testcase>
  <testcase name="AutoCompleteSearch[ColorSelectionData{searchFor=&apos;W&apos;, expectedColors=[Yellow, White]}](20)" classname="tests.WidgetsTests" time="1.324">
    <system-out><![CDATA[2025-09-19 12:57:15 [main] INFO  demoqaBase - Closing browser for test: AutoCompleteSearch
2025-09-19 12:57:15 [main] INFO  DriverFactory - 🌐 Starting Chrome Web Browser...
2025-09-19 12:57:15 [main] INFO  DriverFactory - ✅ Created temporary Chrome profile at C:\Users\dell\AppData\Local\Temp\chrome-profile-12185029808000065537
2025-09-19 12:57:16 [main] INFO  DriverFactory - 🚀 WebDriver started successfully
2025-09-19 12:57:16 [main] INFO  RetryUrlAccess - 🌐 Navigating to URL (attempt 1): https://demoqa.com
2025-09-19 12:57:21 [main] INFO  RetryUrlAccess - ✅ Navigation successful on attempt 1
2025-09-19 12:57:21 [main] INFO  demoqaBase - 🧪 Starting Test Widgets|Auto Complete...
2025-09-19 12:57:21 [main] INFO  demoqaBase - Accessing Widgets Card...
Declared Instance WebDriverWait: org.openqa.selenium.support.ui.WebDriverWait@45f746ad
2025-09-19 12:57:21 [main] INFO  demoqaLog - Clicking on Widgets Card...
🔹 Trying JS click by locator (attempt 1)
2025-09-19 12:57:21 [main] INFO  demoqaLog - 🔹 Trying JS click by locator (attempt 1)
🔹 Attempting JS click...
2025-09-19 12:57:21 [main] INFO  demoqaLog - 🔹 Attempting JS click...
2025-09-19 12:57:21 [main] INFO  demoqaLog - Clicked on Widgets Card...
Title of this Page is: DEMOQA
You are Accessing: Widgets
 
2025-09-19 12:57:21 [main] INFO  demoqaBase - Widgets: Please select an item from left to start practice.
2025-09-19 12:57:21 [main] INFO  demoqaBase - Clicking on Widgets|AutoComplete...
You are now Accessing: Auto Complete
2025-09-19 12:57:21 [main] INFO  demoqaBase - You are now Accessing: Auto Complete
Searching Colors using: W
Expected Color to be selected is/are: [Yellow, White]
2025-09-19 12:57:21 [main] INFO  demoqaBase - 🔍 Running test for search character: W
2025-09-19 12:57:21 [main] INFO  demoqaLog - ⏳ Waiting for page to fully load (timeout: 30s)
2025-09-19 12:57:21 [main] INFO  demoqaLog - ✅ Page load completed.
2025-09-19 12:57:21 [main] INFO  demoqaBase - Clicking on Widgets | Auto Complete | Type multiple color names...
Searching Colors using: W
Expected Color to be selected is/are: [Yellow, White]
2025-09-19 12:57:21 [main] INFO  demoqaBase - You are now Accessing: Auto Complete
2025-09-19 12:57:22 [main] INFO  demoqaBase - Available Color: Yellow
🔹 Trying JS click on WebElement (attempt 1)
2025-09-19 12:57:22 [main] INFO  demoqaLog - 🔹 Trying JS click on WebElement (attempt 1)
🔹 Attempting JS click...
2025-09-19 12:57:22 [main] INFO  demoqaLog - 🔹 Attempting JS click...
2025-09-19 12:57:22 [main] INFO  demoqaBase - ✅ Selected Color: Yellow
2025-09-19 12:57:22 [main] INFO  demoqaBase - Available Color: White
🔹 Trying JS click on WebElement (attempt 1)
2025-09-19 12:57:22 [main] INFO  demoqaLog - 🔹 Trying JS click on WebElement (attempt 1)
🔹 Attempting JS click...
2025-09-19 12:57:22 [main] INFO  demoqaLog - 🔹 Attempting JS click...
2025-09-19 12:57:22 [main] INFO  demoqaBase - ✅ Selected Color: White
2025-09-19 12:57:22 [main] INFO  demoqaBase - 🎯 Final selected colors: [Yellow, White]
2025-09-19 12:57:22 [main] INFO  demoqaBase - ✅ Widgets|Auto Complete Test Completed...
]]></system-out>
  </testcase>
  <testcase name="AutoCompleteSearch[ColorSelectionData{searchFor=&apos;Y&apos;, expectedColors=[Yellow]}](21)" classname="tests.WidgetsTests" time="0.995">
    <system-out><![CDATA[2025-09-19 12:57:22 [main] INFO  demoqaBase - Closing browser for test: AutoCompleteSearch
2025-09-19 12:57:23 [main] INFO  DriverFactory - 🌐 Starting Chrome Web Browser...
2025-09-19 12:57:23 [main] INFO  DriverFactory - ✅ Created temporary Chrome profile at C:\Users\dell\AppData\Local\Temp\chrome-profile-15432833077538709663
2025-09-19 12:57:24 [main] INFO  DriverFactory - 🚀 WebDriver started successfully
2025-09-19 12:57:24 [main] INFO  RetryUrlAccess - 🌐 Navigating to URL (attempt 1): https://demoqa.com
2025-09-19 12:57:56 [main] INFO  RetryUrlAccess - ✅ Navigation successful on attempt 1
2025-09-19 12:57:56 [main] INFO  demoqaBase - 🧪 Starting Test Widgets|Auto Complete...
2025-09-19 12:57:56 [main] INFO  demoqaBase - Accessing Widgets Card...
Declared Instance WebDriverWait: org.openqa.selenium.support.ui.WebDriverWait@1f78dbe0
2025-09-19 12:57:56 [main] INFO  demoqaLog - Clicking on Widgets Card...
🔹 Trying JS click by locator (attempt 1)
2025-09-19 12:57:56 [main] INFO  demoqaLog - 🔹 Trying JS click by locator (attempt 1)
🔹 Attempting JS click...
2025-09-19 12:57:56 [main] INFO  demoqaLog - 🔹 Attempting JS click...
2025-09-19 12:57:56 [main] INFO  demoqaLog - Clicked on Widgets Card...
Title of this Page is: DEMOQA
You are Accessing: Widgets
 
2025-09-19 12:57:56 [main] INFO  demoqaBase - Widgets: Please select an item from left to start practice.
2025-09-19 12:57:56 [main] INFO  demoqaBase - Clicking on Widgets|AutoComplete...
You are now Accessing: Auto Complete
2025-09-19 12:57:56 [main] INFO  demoqaBase - You are now Accessing: Auto Complete
Searching Colors using: Y
Expected Color to be selected is/are: [Yellow]
2025-09-19 12:57:56 [main] INFO  demoqaBase - 🔍 Running test for search character: Y
2025-09-19 12:57:56 [main] INFO  demoqaLog - ⏳ Waiting for page to fully load (timeout: 30s)
2025-09-19 12:57:56 [main] INFO  demoqaLog - ✅ Page load completed.
2025-09-19 12:57:56 [main] INFO  demoqaBase - Clicking on Widgets | Auto Complete | Type multiple color names...
Searching Colors using: Y
Expected Color to be selected is/are: [Yellow]
2025-09-19 12:57:56 [main] INFO  demoqaBase - You are now Accessing: Auto Complete
2025-09-19 12:57:57 [main] INFO  demoqaBase - Available Color: Yellow
🔹 Trying JS click on WebElement (attempt 1)
2025-09-19 12:57:57 [main] INFO  demoqaLog - 🔹 Trying JS click on WebElement (attempt 1)
🔹 Attempting JS click...
2025-09-19 12:57:57 [main] INFO  demoqaLog - 🔹 Attempting JS click...
2025-09-19 12:57:57 [main] INFO  demoqaBase - ✅ Selected Color: Yellow
2025-09-19 12:57:57 [main] INFO  demoqaBase - 🎯 Final selected colors: [Yellow]
2025-09-19 12:57:57 [main] INFO  demoqaBase - ✅ Widgets|Auto Complete Test Completed...
]]></system-out>
  </testcase>
  <testcase name="AutoCompleteSearchRemove[ColorSelectionData{searchFor=&apos;E&apos;, expectedColors=[Green, Yellow]}](1)" classname="tests.WidgetsTests" time="5.905">
    <system-out><![CDATA[2025-09-19 12:57:57 [main] INFO  demoqaBase - Closing browser for test: AutoCompleteSearch
🧾 Row 1: {SearchFor=E, ExpectedColors=Green,Yellow}
🔍 Mapping field: searchFor | Excel Column: SearchFor | Value: E
🔍 Mapping field: expectedColorsRaw | Excel Column: ExpectedColors | Value: Green,Yellow
2025-09-19 12:57:57 [main] INFO  DriverFactory - 🌐 Starting Chrome Web Browser...
2025-09-19 12:57:57 [main] INFO  DriverFactory - ✅ Created temporary Chrome profile at C:\Users\dell\AppData\Local\Temp\chrome-profile-4442891056399119031
2025-09-19 12:57:58 [main] INFO  DriverFactory - 🚀 WebDriver started successfully
2025-09-19 12:57:58 [main] INFO  RetryUrlAccess - 🌐 Navigating to URL (attempt 1): https://demoqa.com
2025-09-19 12:58:03 [main] INFO  RetryUrlAccess - ✅ Navigation successful on attempt 1
2025-09-19 12:58:03 [main] INFO  demoqaBase - 🧪 Starting Test Widgets|Auto Complete - Select & Remove Flow
2025-09-19 12:58:03 [main] INFO  demoqaBase - Accessing Widgets Card...
Declared Instance WebDriverWait: org.openqa.selenium.support.ui.WebDriverWait@7cc03f9e
2025-09-19 12:58:03 [main] INFO  demoqaLog - Clicking on Widgets Card...
🔹 Trying JS click by locator (attempt 1)
2025-09-19 12:58:03 [main] INFO  demoqaLog - 🔹 Trying JS click by locator (attempt 1)
🔹 Attempting JS click...
2025-09-19 12:58:03 [main] INFO  demoqaLog - 🔹 Attempting JS click...
2025-09-19 12:58:03 [main] INFO  demoqaLog - Clicked on Widgets Card...
Title of this Page is: DEMOQA
You are Accessing: Widgets
 
2025-09-19 12:58:03 [main] INFO  demoqaBase - Widgets: Please select an item from left to start practice.
2025-09-19 12:58:03 [main] INFO  demoqaBase - Clicking on Widgets|AutoComplete...
You are now Accessing: Auto Complete
2025-09-19 12:58:04 [main] INFO  demoqaBase - You are now Accessing: Auto Complete
2025-09-19 12:58:04 [main] INFO  demoqaLog - ⏳ Waiting for page to fully load (timeout: 30s)
2025-09-19 12:58:04 [main] INFO  demoqaLog - ✅ Page load completed.
🧾 Row 1: {SearchFor=A, ExpectedColors=Black,Magenta,Aqua}
🔍 Mapping field: searchFor | Excel Column: SearchFor | Value: A
🔍 Mapping field: expectedColorsRaw | Excel Column: ExpectedColors | Value: Black,Magenta,Aqua
🧾 Row 2: {SearchFor=B, ExpectedColors=Blue,Black}
🔍 Mapping field: searchFor | Excel Column: SearchFor | Value: B
🔍 Mapping field: expectedColorsRaw | Excel Column: ExpectedColors | Value: Blue,Black
🧾 Row 3: {SearchFor=C, ExpectedColors=Black}
🔍 Mapping field: searchFor | Excel Column: SearchFor | Value: C
🔍 Mapping field: expectedColorsRaw | Excel Column: ExpectedColors | Value: Black
🧾 Row 4: {SearchFor=D, ExpectedColors=Red,Indigo}
🔍 Mapping field: searchFor | Excel Column: SearchFor | Value: D
🔍 Mapping field: expectedColorsRaw | Excel Column: ExpectedColors | Value: Red,Indigo
🧾 Row 5: {SearchFor=E, ExpectedColors=Red,Blue,Green,Yellow,Purple,White,Voilet,Magenta}
🔍 Mapping field: searchFor | Excel Column: SearchFor | Value: E
🔍 Mapping field: expectedColorsRaw | Excel Column: ExpectedColors | Value: Red,Blue,Green,Yellow,Purple,White,Voilet,Magenta
🧾 Row 6: {SearchFor=G, ExpectedColors=Green,Indigo,Magenta}
🔍 Mapping field: searchFor | Excel Column: SearchFor | Value: G
🔍 Mapping field: expectedColorsRaw | Excel Column: ExpectedColors | Value: Green,Indigo,Magenta
🧾 Row 7: {SearchFor=H, ExpectedColors=White}
🔍 Mapping field: searchFor | Excel Column: SearchFor | Value: H
🔍 Mapping field: expectedColorsRaw | Excel Column: ExpectedColors | Value: White
🧾 Row 8: {SearchFor=I, ExpectedColors=White,Voilet,Indigo}
🔍 Mapping field: searchFor | Excel Column: SearchFor | Value: I
🔍 Mapping field: expectedColorsRaw | Excel Column: ExpectedColors | Value: White,Voilet,Indigo
🧾 Row 9: {SearchFor=K, ExpectedColors=Black}
🔍 Mapping field: searchFor | Excel Column: SearchFor | Value: K
🔍 Mapping field: expectedColorsRaw | Excel Column: ExpectedColors | Value: Black
🧾 Row 10: {SearchFor=L, ExpectedColors=Blue,Yellow,Purple,Black,Voilet}
🔍 Mapping field: searchFor | Excel Column: SearchFor | Value: L
🔍 Mapping field: expectedColorsRaw | Excel Column: ExpectedColors | Value: Blue,Yellow,Purple,Black,Voilet
🧾 Row 11: {SearchFor=M, ExpectedColors=Magenta}
🔍 Mapping field: searchFor | Excel Column: SearchFor | Value: M
🔍 Mapping field: expectedColorsRaw | Excel Column: ExpectedColors | Value: Magenta
🧾 Row 12: {SearchFor=N, ExpectedColors=Green,Indigo,Magenta}
🔍 Mapping field: searchFor | Excel Column: SearchFor | Value: N
🔍 Mapping field: expectedColorsRaw | Excel Column: ExpectedColors | Value: Green,Indigo,Magenta
🧾 Row 13: {SearchFor=O, ExpectedColors=Yellow,Voilet,Indigo}
🔍 Mapping field: searchFor | Excel Column: SearchFor | Value: O
🔍 Mapping field: expectedColorsRaw | Excel Column: ExpectedColors | Value: Yellow,Voilet,Indigo
🧾 Row 14: {SearchFor=P, ExpectedColors=Purple}
🔍 Mapping field: searchFor | Excel Column: SearchFor | Value: P
🔍 Mapping field: expectedColorsRaw | Excel Column: ExpectedColors | Value: Purple
🧾 Row 15: {SearchFor=Q, ExpectedColors=Aqua}
🔍 Mapping field: searchFor | Excel Column: SearchFor | Value: Q
🔍 Mapping field: expectedColorsRaw | Excel Column: ExpectedColors | Value: Aqua
🧾 Row 16: {SearchFor=R, ExpectedColors=Red,Green,Purple}
🔍 Mapping field: searchFor | Excel Column: SearchFor | Value: R
🔍 Mapping field: expectedColorsRaw | Excel Column: ExpectedColors | Value: Red,Green,Purple
🧾 Row 17: {SearchFor=T, ExpectedColors=White,Voilet,Magenta}
🔍 Mapping field: searchFor | Excel Column: SearchFor | Value: T
🔍 Mapping field: expectedColorsRaw | Excel Column: ExpectedColors | Value: White,Voilet,Magenta
🧾 Row 18: {SearchFor=U, ExpectedColors=Blue,Purple,Aqua}
🔍 Mapping field: searchFor | Excel Column: SearchFor | Value: U
🔍 Mapping field: expectedColorsRaw | Excel Column: ExpectedColors | Value: Blue,Purple,Aqua
🧾 Row 19: {SearchFor=V, ExpectedColors=Voilet}
🔍 Mapping field: searchFor | Excel Column: SearchFor | Value: V
🔍 Mapping field: expectedColorsRaw | Excel Column: ExpectedColors | Value: Voilet
🧾 Row 20: {SearchFor=W, ExpectedColors=Yellow,White}
🔍 Mapping field: searchFor | Excel Column: SearchFor | Value: W
🔍 Mapping field: expectedColorsRaw | Excel Column: ExpectedColors | Value: Yellow,White
🧾 Row 21: {SearchFor=Y, ExpectedColors=Yellow}
🔍 Mapping field: searchFor | Excel Column: SearchFor | Value: Y
🔍 Mapping field: expectedColorsRaw | Excel Column: ExpectedColors | Value: Yellow
2025-09-19 12:58:04 [main] INFO  demoqaBase - 🎨 Selecting colors for 'E': [Red, Blue, Green, Yellow, Purple, White, Voilet, Magenta]
🔹 Trying JS click on WebElement (attempt 1)
2025-09-19 12:58:04 [main] INFO  demoqaLog - 🔹 Trying JS click on WebElement (attempt 1)
🔹 Attempting JS click...
2025-09-19 12:58:04 [main] INFO  demoqaLog - 🔹 Attempting JS click...
2025-09-19 12:58:04 [main] INFO  demoqaBase - ✅ Selected color 'Red' for 'E'
🔹 Trying JS click on WebElement (attempt 1)
2025-09-19 12:58:05 [main] INFO  demoqaLog - 🔹 Trying JS click on WebElement (attempt 1)
🔹 Attempting JS click...
2025-09-19 12:58:05 [main] INFO  demoqaLog - 🔹 Attempting JS click...
2025-09-19 12:58:05 [main] INFO  demoqaBase - ✅ Selected color 'Blue' for 'E'
🔹 Trying JS click on WebElement (attempt 1)
2025-09-19 12:58:05 [main] INFO  demoqaLog - 🔹 Trying JS click on WebElement (attempt 1)
🔹 Attempting JS click...
2025-09-19 12:58:05 [main] INFO  demoqaLog - 🔹 Attempting JS click...
2025-09-19 12:58:05 [main] INFO  demoqaBase - ✅ Selected color 'Green' for 'E'
🔹 Trying JS click on WebElement (attempt 1)
2025-09-19 12:58:06 [main] INFO  demoqaLog - 🔹 Trying JS click on WebElement (attempt 1)
🔹 Attempting JS click...
2025-09-19 12:58:06 [main] INFO  demoqaLog - 🔹 Attempting JS click...
2025-09-19 12:58:06 [main] INFO  demoqaBase - ✅ Selected color 'Yellow' for 'E'
🔹 Trying JS click on WebElement (attempt 1)
2025-09-19 12:58:06 [main] INFO  demoqaLog - 🔹 Trying JS click on WebElement (attempt 1)
🔹 Attempting JS click...
2025-09-19 12:58:06 [main] INFO  demoqaLog - 🔹 Attempting JS click...
2025-09-19 12:58:06 [main] INFO  demoqaBase - ✅ Selected color 'Purple' for 'E'
🔹 Trying JS click on WebElement (attempt 1)
2025-09-19 12:58:07 [main] INFO  demoqaLog - 🔹 Trying JS click on WebElement (attempt 1)
🔹 Attempting JS click...
2025-09-19 12:58:07 [main] INFO  demoqaLog - 🔹 Attempting JS click...
2025-09-19 12:58:07 [main] INFO  demoqaBase - ✅ Selected color 'White' for 'E'
🔹 Trying JS click on WebElement (attempt 1)
2025-09-19 12:58:08 [main] INFO  demoqaLog - 🔹 Trying JS click on WebElement (attempt 1)
🔹 Attempting JS click...
2025-09-19 12:58:08 [main] INFO  demoqaLog - 🔹 Attempting JS click...
2025-09-19 12:58:08 [main] INFO  demoqaBase - ✅ Selected color 'Voilet' for 'E'
🔹 Trying JS click on WebElement (attempt 1)
2025-09-19 12:58:09 [main] INFO  demoqaLog - 🔹 Trying JS click on WebElement (attempt 1)
🔹 Attempting JS click...
2025-09-19 12:58:09 [main] INFO  demoqaLog - 🔹 Attempting JS click...
2025-09-19 12:58:09 [main] INFO  demoqaBase - ✅ Selected color 'Magenta' for 'E'
🧾 Row 1: {SearchFor=E, ExpectedColors=Green,Yellow}
🔍 Mapping field: searchFor | Excel Column: SearchFor | Value: E
🔍 Mapping field: expectedColorsRaw | Excel Column: ExpectedColors | Value: Green,Yellow
2025-09-19 12:58:09 [main] INFO  demoqaBase - 🗑️ Attempting to remove colors for 'E': [Green, Yellow]
2025-09-19 12:58:09 [main] INFO  demoqaBase - 🗑️ Removed color: Green
2025-09-19 12:58:09 [main] INFO  demoqaBase - 🗑️ Removed color: Yellow
2025-09-19 12:58:09 [main] INFO  demoqaBase - ✅ Assertion passed: Color 'Green' successfully removed.
2025-09-19 12:58:09 [main] INFO  demoqaBase - ✅ Assertion passed: Color 'Yellow' successfully removed.
2025-09-19 12:58:09 [main] INFO  demoqaBase - ✅ Auto Complete Select & Remove Flow completed for 'E'
]]></system-out>
  </testcase>
  <testcase name="AutoCompleteSingle[E, Green](1)" classname="tests.WidgetsTests" time="4.23">
    <system-out><![CDATA[2025-09-19 12:58:09 [main] INFO  demoqaBase - Closing browser for test: AutoCompleteSearchRemove
2025-09-19 12:58:09 [main] WARN  PauseManager - ⏸ Pausing for 5 minutes after 120 tests...
2025-09-19 12:58:09 [main] INFO  PauseManager - ▶ Resuming in 5 minutes...
2025-09-19 12:59:10 [main] INFO  PauseManager - ▶ Resuming in 4 minutes...
2025-09-19 13:00:10 [main] INFO  PauseManager - ▶ Resuming in 3 minutes...
2025-09-19 13:01:11 [main] INFO  PauseManager - ▶ Resuming in 2 minutes...
2025-09-19 13:02:11 [main] INFO  PauseManager - ▶ Resuming in 1 minutes...
2025-09-19 13:03:02 [main] INFO  PauseManager - ▶ Resuming in 10 seconds...
2025-09-19 13:03:03 [main] INFO  PauseManager - ▶ Resuming in 9 seconds...
2025-09-19 13:03:04 [main] INFO  PauseManager - ▶ Resuming in 8 seconds...
2025-09-19 13:03:05 [main] INFO  PauseManager - ▶ Resuming in 7 seconds...
2025-09-19 13:03:06 [main] INFO  PauseManager - ▶ Resuming in 6 seconds...
2025-09-19 13:03:07 [main] INFO  PauseManager - ▶ Resuming in 5 seconds...
2025-09-19 13:03:08 [main] INFO  PauseManager - ▶ Resuming in 4 seconds...
2025-09-19 13:03:09 [main] INFO  PauseManager - ▶ Resuming in 3 seconds...
2025-09-19 13:03:10 [main] INFO  PauseManager - ▶ Resuming in 2 seconds...
2025-09-19 13:03:11 [main] INFO  PauseManager - ▶ Resuming in 1 seconds...
2025-09-19 13:03:12 [main] INFO  PauseManager - ✅ Pause complete. Resuming tests...
2025-09-19 13:03:12 [main] INFO  DriverFactory - 🌐 Starting Chrome Web Browser...
2025-09-19 13:03:12 [main] INFO  DriverFactory - ✅ Created temporary Chrome profile at C:\Users\dell\AppData\Local\Temp\chrome-profile-16852239831025706515
2025-09-19 13:03:13 [main] INFO  DriverFactory - 🚀 WebDriver started successfully
2025-09-19 13:03:13 [main] INFO  RetryUrlAccess - 🌐 Navigating to URL (attempt 1): https://demoqa.com
2025-09-19 13:03:26 [main] INFO  RetryUrlAccess - ✅ Navigation successful on attempt 1
2025-09-19 13:03:26 [main] INFO  demoqaBase - 🧪 Starting Test Widgets|Auto Complete - Select & Remove Flow|Type single color name - Search & Select
2025-09-19 13:03:26 [main] INFO  demoqaBase - Accessing Widgets Card...
Declared Instance WebDriverWait: org.openqa.selenium.support.ui.WebDriverWait@526be3f6
2025-09-19 13:03:26 [main] INFO  demoqaLog - Clicking on Widgets Card...
🔹 Trying JS click by locator (attempt 1)
2025-09-19 13:03:26 [main] INFO  demoqaLog - 🔹 Trying JS click by locator (attempt 1)
🔹 Attempting JS click...
2025-09-19 13:03:26 [main] INFO  demoqaLog - 🔹 Attempting JS click...
2025-09-19 13:03:26 [main] INFO  demoqaLog - Clicked on Widgets Card...
Title of this Page is: DEMOQA
You are Accessing: Widgets
 
2025-09-19 13:03:27 [main] INFO  demoqaBase - Widgets: Please select an item from left to start practice.
2025-09-19 13:03:27 [main] INFO  demoqaBase - Clicking on Widgets|AutoComplete...
You are now Accessing: Auto Complete
2025-09-19 13:03:27 [main] INFO  demoqaBase - You are now Accessing: Auto Complete
2025-09-19 13:03:27 [main] INFO  demoqaLog - ⏳ Waiting for page to fully load (timeout: 30s)
2025-09-19 13:03:27 [main] INFO  demoqaLog - ✅ Page load completed.
2025-09-19 13:03:27 [main] INFO  demoqaBase - Clicking on Widgets | Auto Complete | Type single color name...
Searching Colors using: E
Expected Color to be selected is/are: Green
2025-09-19 13:03:27 [main] INFO  demoqaBase - You are now Accessing: Auto Complete
2025-09-19 13:03:27 [main] INFO  demoqaLog - ⏳ Waiting for page to fully load (timeout: 30s)
2025-09-19 13:03:27 [main] INFO  demoqaLog - ✅ Page load completed.
🔹 Trying JS click on WebElement (attempt 1)
2025-09-19 13:03:27 [main] INFO  demoqaLog - 🔹 Trying JS click on WebElement (attempt 1)
🔹 Attempting JS click...
2025-09-19 13:03:27 [main] INFO  demoqaLog - 🔹 Attempting JS click...
2025-09-19 13:03:27 [main] INFO  demoqaBase - Clicked on Search Box with Title: Type single color name
2025-09-19 13:03:30 [main] INFO  demoqaBase - ✅ Selected color 'Green'
2025-09-19 13:03:30 [main] INFO  demoqaBase - Asserted Selected Color is: Green
2025-09-19 13:03:30 [main] INFO  demoqaBase - ✅ Test Widgets|Auto Complete - Select & Remove Flow|Type single color name - Search & Select Completed
]]></system-out>
  </testcase>
  <testcase name="SingleAddRemove[E, Green](1)" classname="tests.WidgetsTests" time="4.186">
    <system-out><![CDATA[2025-09-19 13:03:30 [main] INFO  demoqaBase - Closing browser for test: AutoCompleteSingle
2025-09-19 13:03:31 [main] INFO  DriverFactory - 🌐 Starting Chrome Web Browser...
2025-09-19 13:03:31 [main] INFO  DriverFactory - ✅ Created temporary Chrome profile at C:\Users\dell\AppData\Local\Temp\chrome-profile-11851036519074607809
2025-09-19 13:03:32 [main] INFO  DriverFactory - 🚀 WebDriver started successfully
2025-09-19 13:03:32 [main] INFO  RetryUrlAccess - 🌐 Navigating to URL (attempt 1): https://demoqa.com
2025-09-19 13:03:37 [main] INFO  RetryUrlAccess - ✅ Navigation successful on attempt 1
2025-09-19 13:03:37 [main] INFO  demoqaBase - 🧪 Test Widgets|Auto Complete - Select & Remove Flow|Type single color name - Remove Selection
2025-09-19 13:03:37 [main] INFO  demoqaBase - Accessing Widgets Card...
Declared Instance WebDriverWait: org.openqa.selenium.support.ui.WebDriverWait@57532225
2025-09-19 13:03:37 [main] INFO  demoqaLog - Clicking on Widgets Card...
🔹 Trying JS click by locator (attempt 1)
2025-09-19 13:03:37 [main] INFO  demoqaLog - 🔹 Trying JS click by locator (attempt 1)
🔹 Attempting JS click...
2025-09-19 13:03:37 [main] INFO  demoqaLog - 🔹 Attempting JS click...
2025-09-19 13:03:38 [main] INFO  demoqaLog - Clicked on Widgets Card...
Title of this Page is: DEMOQA
You are Accessing: Widgets
 
2025-09-19 13:03:38 [main] INFO  demoqaBase - Widgets: Please select an item from left to start practice.
2025-09-19 13:03:38 [main] INFO  demoqaBase - Clicking on Widgets|AutoComplete...
You are now Accessing: Auto Complete
2025-09-19 13:03:38 [main] INFO  demoqaBase - You are now Accessing: Auto Complete
2025-09-19 13:03:38 [main] INFO  demoqaLog - ⏳ Waiting for page to fully load (timeout: 30s)
2025-09-19 13:03:38 [main] INFO  demoqaLog - ✅ Page load completed.
2025-09-19 13:03:38 [main] INFO  demoqaBase - Clicking on Widgets | Auto Complete | Type single color name...
Searching Colors using: E
Expected Color to be selected is/are: Green
2025-09-19 13:03:38 [main] INFO  demoqaBase - You are now Accessing: Auto Complete
2025-09-19 13:03:38 [main] INFO  demoqaLog - ⏳ Waiting for page to fully load (timeout: 30s)
2025-09-19 13:03:38 [main] INFO  demoqaLog - ✅ Page load completed.
🔹 Trying JS click on WebElement (attempt 1)
2025-09-19 13:03:38 [main] INFO  demoqaLog - 🔹 Trying JS click on WebElement (attempt 1)
🔹 Attempting JS click...
2025-09-19 13:03:38 [main] INFO  demoqaLog - 🔹 Attempting JS click...
2025-09-19 13:03:38 [main] INFO  demoqaBase - Clicked on Search Box with Title: Type single color name
2025-09-19 13:03:41 [main] INFO  demoqaBase - ✅ Selected color 'Green'
2025-09-19 13:03:41 [main] INFO  demoqaBase - Asserted Selected Color is: Green
2025-09-19 13:03:41 [main] INFO  demoqaBase - 🔍 Checking selected color. Current value: 'Green'
2025-09-19 13:03:42 [main] INFO  demoqaBase - ✅ Native click succeeded on 'AutoCompleteSingle'
2025-09-19 13:03:42 [main] INFO  demoqaBase - ✅ Cleared color input for 'Green'
2025-09-19 13:03:42 [main] INFO  demoqaBase - ✅ Test Widgets|Auto Complete - Select & Remove Flow|Type single color name - Remove Selection Completed
]]></system-out>
  </testcase>
  <testcase name="ClickDatePicker" classname="tests.WidgetsTests" time="0.403">
    <system-out><![CDATA[2025-09-19 13:03:42 [main] INFO  demoqaBase - Closing browser for test: SingleAddRemove
2025-09-19 13:03:42 [main] INFO  DriverFactory - 🌐 Starting Chrome Web Browser...
2025-09-19 13:03:42 [main] INFO  DriverFactory - ✅ Created temporary Chrome profile at C:\Users\dell\AppData\Local\Temp\chrome-profile-9864005781332825584
2025-09-19 13:03:44 [main] INFO  DriverFactory - 🚀 WebDriver started successfully
2025-09-19 13:03:44 [main] INFO  RetryUrlAccess - 🌐 Navigating to URL (attempt 1): https://demoqa.com
2025-09-19 13:04:06 [main] INFO  RetryUrlAccess - ✅ Navigation successful on attempt 1
2025-09-19 13:04:06 [main] INFO  demoqaBase - 🧪 Starting Test Widgets|Date Picker...
2025-09-19 13:04:06 [main] INFO  demoqaBase - Accessing Widgets Card...
Declared Instance WebDriverWait: org.openqa.selenium.support.ui.WebDriverWait@11e65e28
2025-09-19 13:04:06 [main] INFO  demoqaLog - Clicking on Widgets Card...
🔹 Trying JS click by locator (attempt 1)
2025-09-19 13:04:06 [main] INFO  demoqaLog - 🔹 Trying JS click by locator (attempt 1)
🔹 Attempting JS click...
2025-09-19 13:04:06 [main] INFO  demoqaLog - 🔹 Attempting JS click...
2025-09-19 13:04:06 [main] INFO  demoqaLog - Clicked on Widgets Card...
Title of this Page is: DEMOQA
You are Accessing: Widgets
 
2025-09-19 13:04:06 [main] INFO  demoqaBase - Widgets: Please select an item from left to start practice.
2025-09-19 13:04:06 [main] INFO  demoqaBase - Clicking on Widgets|Date Picker...
🔹 Trying JS click on WebElement (attempt 1)
2025-09-19 13:04:06 [main] INFO  demoqaLog - 🔹 Trying JS click on WebElement (attempt 1)
🔹 Attempting JS click...
2025-09-19 13:04:06 [main] INFO  demoqaLog - 🔹 Attempting JS click...
You are now Accessing: Date Picker
2025-09-19 13:04:07 [main] INFO  demoqaBase - You are now Accessing: Date Picker
2025-09-19 13:04:07 [main] INFO  demoqaBase - ✅ Widgets|Date Picker Test Completed...
]]></system-out>
  </testcase>
  <testcase name="SelectDate[UserFormData{firstName=&apos;Johny&apos;, lastName=&apos;Bravo&apos;, userMail=&apos;Jbravo@demoqa.com&apos;, gender=&apos;Male&apos;, mobile=&apos;9.238343488E9&apos;, dob=&apos;15/08/2000&apos;, dobTime=&apos;6:45:00 am&apos;, subject=&apos;Computer Science&apos;, hobbies=&apos;Sports,Music&apos;, picturePath=&apos;/TestData/Mphoto.jpg&apos;, address=&apos;511 Grant 481, Prattsville\n Arkansas 72129\n United States&apos;, state=&apos;NCR&apos;, city=&apos;Delhi&apos;}](1)" classname="tests.WidgetsTests" time="0.876">
    <system-out><![CDATA[2025-09-19 13:04:07 [main] INFO  demoqaBase - Closing browser for test: ClickDatePicker
🧾 Row 1: {Salary=28000.0, Email=Jbravo@demoqa.com, DOBTime=6:45:00 am, Address=511 Grant 481, Prattsville\n Arkansas 72129\n United States, First Name=Johny, Gender=Male, City=Delhi, Mobile=9.238343488E9, Hobbies=Sports,Music, Subject=Computer Science, Current Address=301 Town 481, Brookville\n kansas 42129\n United States, Department=Information Technology, DOB=15/08/2000, Picture=/TestData/Mphoto.jpg, State=NCR, Last Name=Bravo, Age=34.0}
🔍 Mapping field: firstName | Excel Column: First Name | Value: Johny
🔍 Mapping field: lastName | Excel Column: Last Name | Value: Bravo
🔍 Mapping field: userMail | Excel Column: Email | Value: Jbravo@demoqa.com
🔍 Mapping field: gender | Excel Column: Gender | Value: Male
🔍 Mapping field: mobile | Excel Column: Mobile | Value: 9.238343488E9
🔍 Mapping field: dob | Excel Column: DOB | Value: 15/08/2000
🔍 Mapping field: dobTime | Excel Column: DOBTime | Value: 6:45:00 am
🔍 Mapping field: subject | Excel Column: Subject | Value: Computer Science
🔍 Mapping field: hobbies | Excel Column: Hobbies | Value: Sports,Music
🔍 Mapping field: picturePath | Excel Column: Picture | Value: /TestData/Mphoto.jpg
🔍 Mapping field: address | Excel Column: Address | Value: 511 Grant 481, Prattsville\n Arkansas 72129\n United States
🔍 Mapping field: state | Excel Column: State | Value: NCR
🔍 Mapping field: city | Excel Column: City | Value: Delhi
🧾 Row 2: {Salary=18000.0, Email=GFemina@demoqa.com, DOBTime=4:30:00 pm, Address=512 Grant 481, Prattsville\n Arkansas 72129\n United States, First Name=Gene, Gender=Female, City=Merrut, Mobile=1.888343432E9, Hobbies=Music,Reading, Subject=Accounting, Current Address=302 Town 481, Brookville\n kansas 42129\n United States, Department=Finance, DOB=22/05/2002, Picture=/TestData/Fphoto.png, State=Uttar Pradesh, Last Name=Femina, Age=30.0}
🔍 Mapping field: firstName | Excel Column: First Name | Value: Gene
🔍 Mapping field: lastName | Excel Column: Last Name | Value: Femina
🔍 Mapping field: userMail | Excel Column: Email | Value: GFemina@demoqa.com
🔍 Mapping field: gender | Excel Column: Gender | Value: Female
🔍 Mapping field: mobile | Excel Column: Mobile | Value: 1.888343432E9
🔍 Mapping field: dob | Excel Column: DOB | Value: 22/05/2002
🔍 Mapping field: dobTime | Excel Column: DOBTime | Value: 4:30:00 pm
🔍 Mapping field: subject | Excel Column: Subject | Value: Accounting
🔍 Mapping field: hobbies | Excel Column: Hobbies | Value: Music,Reading
🔍 Mapping field: picturePath | Excel Column: Picture | Value: /TestData/Fphoto.png
🔍 Mapping field: address | Excel Column: Address | Value: 512 Grant 481, Prattsville\n Arkansas 72129\n United States
🔍 Mapping field: state | Excel Column: State | Value: Uttar Pradesh
🔍 Mapping field: city | Excel Column: City | Value: Merrut
🧾 Row 3: {Salary=15000.0, Email=BWisem@demoqa.com, DOBTime=8:45:00 pm, Address=513 Grant 481, Prattsville\n Arkansas 72129\n United States, First Name=Bud, Gender=Other, City=Panipat, Mobile=8.932465432E9, Hobbies=Reading, Subject=Biology, Current Address=303 Town 481, Brookville\n kansas 42129\n United States, Department=Medicine, DOB=31/12/1999, Picture=/TestData/Ophoto.jpg, State=Haryana, Last Name=Wisem, Age=40.0}
🔍 Mapping field: firstName | Excel Column: First Name | Value: Bud
🔍 Mapping field: lastName | Excel Column: Last Name | Value: Wisem
🔍 Mapping field: userMail | Excel Column: Email | Value: BWisem@demoqa.com
🔍 Mapping field: gender | Excel Column: Gender | Value: Other
🔍 Mapping field: mobile | Excel Column: Mobile | Value: 8.932465432E9
🔍 Mapping field: dob | Excel Column: DOB | Value: 31/12/1999
🔍 Mapping field: dobTime | Excel Column: DOBTime | Value: 8:45:00 pm
🔍 Mapping field: subject | Excel Column: Subject | Value: Biology
🔍 Mapping field: hobbies | Excel Column: Hobbies | Value: Reading
🔍 Mapping field: picturePath | Excel Column: Picture | Value: /TestData/Ophoto.jpg
🔍 Mapping field: address | Excel Column: Address | Value: 513 Grant 481, Prattsville\n Arkansas 72129\n United States
🔍 Mapping field: state | Excel Column: State | Value: Haryana
🔍 Mapping field: city | Excel Column: City | Value: Panipat
🧾 Row 4: {Salary=19000.0, Email=TBoss@demoqa.com, DOBTime=5:45:00 am, Address=514 Grant 481, Prattsville\n Arkansas 72129\n United States, First Name=Tom, Gender=Male, City=Jaiselmer, Mobile=7.839875281E9, Hobbies=Sports,Reading, Subject=Social Studies, Current Address=304 Town 481, Brookville\n kansas 42129\n United States, Department=Recreation, DOB=1/26/03, Picture=/TestData/M2photo.jpg, State=Rajasthan, Last Name=Boss, Age=42.0}
🔍 Mapping field: firstName | Excel Column: First Name | Value: Tom
🔍 Mapping field: lastName | Excel Column: Last Name | Value: Boss
🔍 Mapping field: userMail | Excel Column: Email | Value: TBoss@demoqa.com
🔍 Mapping field: gender | Excel Column: Gender | Value: Male
🔍 Mapping field: mobile | Excel Column: Mobile | Value: 7.839875281E9
🔍 Mapping field: dob | Excel Column: DOB | Value: 1/26/03
🔍 Mapping field: dobTime | Excel Column: DOBTime | Value: 5:45:00 am
🔍 Mapping field: subject | Excel Column: Subject | Value: Social Studies
🔍 Mapping field: hobbies | Excel Column: Hobbies | Value: Sports,Reading
🔍 Mapping field: picturePath | Excel Column: Picture | Value: /TestData/M2photo.jpg
🔍 Mapping field: address | Excel Column: Address | Value: 514 Grant 481, Prattsville\n Arkansas 72129\n United States
🔍 Mapping field: state | Excel Column: State | Value: Rajasthan
🔍 Mapping field: city | Excel Column: City | Value: Jaiselmer
2025-09-19 13:04:07 [main] INFO  DriverFactory - 🌐 Starting Chrome Web Browser...
2025-09-19 13:04:07 [main] INFO  DriverFactory - ✅ Created temporary Chrome profile at C:\Users\dell\AppData\Local\Temp\chrome-profile-9446249312614384922
2025-09-19 13:04:08 [main] INFO  DriverFactory - 🚀 WebDriver started successfully
2025-09-19 13:04:08 [main] INFO  RetryUrlAccess - 🌐 Navigating to URL (attempt 1): https://demoqa.com
2025-09-19 13:04:14 [main] INFO  RetryUrlAccess - ✅ Navigation successful on attempt 1
2025-09-19 13:04:14 [main] INFO  demoqaBase - 🧪 Navigating to Widgets section...
2025-09-19 13:04:14 [main] INFO  demoqaBase - Accessing Widgets Card...
Declared Instance WebDriverWait: org.openqa.selenium.support.ui.WebDriverWait@6f341079
2025-09-19 13:04:14 [main] INFO  demoqaLog - Clicking on Widgets Card...
🔹 Trying JS click by locator (attempt 1)
2025-09-19 13:04:14 [main] INFO  demoqaLog - 🔹 Trying JS click by locator (attempt 1)
🔹 Attempting JS click...
2025-09-19 13:04:14 [main] INFO  demoqaLog - 🔹 Attempting JS click...
2025-09-19 13:04:14 [main] INFO  demoqaLog - Clicked on Widgets Card...
Title of this Page is: DEMOQA
You are Accessing: Widgets
 
2025-09-19 13:04:15 [main] INFO  demoqaBase - Widgets: Please select an item from left to start practice.
2025-09-19 13:04:15 [main] INFO  demoqaBase - 📅 Parsed DOB: 2000-08-15
2025-09-19 13:04:15 [main] INFO  demoqaBase - Clicking on Widgets|Date Picker...
🔹 Trying JS click on WebElement (attempt 1)
2025-09-19 13:04:15 [main] INFO  demoqaLog - 🔹 Trying JS click on WebElement (attempt 1)
🔹 Attempting JS click...
2025-09-19 13:04:15 [main] INFO  demoqaLog - 🔹 Attempting JS click...
You are now Accessing: Date Picker
2025-09-19 13:04:15 [main] INFO  demoqaBase - You are now Accessing: Date Picker
2025-09-19 13:04:15 [main] INFO  demoqaLog - ⏳ Waiting for page to fully load (timeout: 30s)
2025-09-19 13:04:15 [main] INFO  demoqaLog - ✅ Page load completed.
2025-09-19 13:04:15 [main] INFO  demoqaLog - ✅ JS click executed on element: {}
✅ Date selected: 15-08-2000
Selected Date is: '08/15/2000'
Expected Date is: '08/15/2000'
]]></system-out>
  </testcase>
  <testcase name="SelectDate[UserFormData{firstName=&apos;Gene&apos;, lastName=&apos;Femina&apos;, userMail=&apos;GFemina@demoqa.com&apos;, gender=&apos;Female&apos;, mobile=&apos;1.888343432E9&apos;, dob=&apos;22/05/2002&apos;, dobTime=&apos;4:30:00 pm&apos;, subject=&apos;Accounting&apos;, hobbies=&apos;Music,Reading&apos;, picturePath=&apos;/TestData/Fphoto.png&apos;, address=&apos;512 Grant 481, Prattsville\n Arkansas 72129\n United States&apos;, state=&apos;Uttar Pradesh&apos;, city=&apos;Merrut&apos;}](2)" classname="tests.WidgetsTests" time="0.933">
    <system-out><![CDATA[2025-09-19 13:04:15 [main] INFO  demoqaBase - Closing browser for test: SelectDate
2025-09-19 13:04:15 [main] INFO  DriverFactory - 🌐 Starting Chrome Web Browser...
2025-09-19 13:04:15 [main] INFO  DriverFactory - ✅ Created temporary Chrome profile at C:\Users\dell\AppData\Local\Temp\chrome-profile-7169555362194433601
2025-09-19 13:04:16 [main] INFO  DriverFactory - 🚀 WebDriver started successfully
2025-09-19 13:04:16 [main] INFO  RetryUrlAccess - 🌐 Navigating to URL (attempt 1): https://demoqa.com
2025-09-19 13:04:23 [main] INFO  RetryUrlAccess - ✅ Navigation successful on attempt 1
2025-09-19 13:04:23 [main] INFO  demoqaBase - 🧪 Navigating to Widgets section...
2025-09-19 13:04:23 [main] INFO  demoqaBase - Accessing Widgets Card...
Declared Instance WebDriverWait: org.openqa.selenium.support.ui.WebDriverWait@997bd86
2025-09-19 13:04:23 [main] INFO  demoqaLog - Clicking on Widgets Card...
🔹 Trying JS click by locator (attempt 1)
2025-09-19 13:04:23 [main] INFO  demoqaLog - 🔹 Trying JS click by locator (attempt 1)
🔹 Attempting JS click...
2025-09-19 13:04:23 [main] INFO  demoqaLog - 🔹 Attempting JS click...
2025-09-19 13:04:23 [main] INFO  demoqaLog - Clicked on Widgets Card...
Title of this Page is: DEMOQA
You are Accessing: Widgets
 
2025-09-19 13:04:23 [main] INFO  demoqaBase - Widgets: Please select an item from left to start practice.
2025-09-19 13:04:23 [main] INFO  demoqaBase - 📅 Parsed DOB: 2002-05-22
2025-09-19 13:04:23 [main] INFO  demoqaBase - Clicking on Widgets|Date Picker...
🔹 Trying JS click on WebElement (attempt 1)
2025-09-19 13:04:23 [main] INFO  demoqaLog - 🔹 Trying JS click on WebElement (attempt 1)
🔹 Attempting JS click...
2025-09-19 13:04:23 [main] INFO  demoqaLog - 🔹 Attempting JS click...
You are now Accessing: Date Picker
2025-09-19 13:04:24 [main] INFO  demoqaBase - You are now Accessing: Date Picker
2025-09-19 13:04:24 [main] INFO  demoqaLog - ⏳ Waiting for page to fully load (timeout: 30s)
2025-09-19 13:04:24 [main] INFO  demoqaLog - ✅ Page load completed.
2025-09-19 13:04:24 [main] INFO  demoqaLog - ✅ JS click executed on element: {}
✅ Date selected: 22-05-2002
Selected Date is: '05/22/2002'
Expected Date is: '05/22/2002'
]]></system-out>
  </testcase>
  <testcase name="SelectDate[UserFormData{firstName=&apos;Bud&apos;, lastName=&apos;Wisem&apos;, userMail=&apos;BWisem@demoqa.com&apos;, gender=&apos;Other&apos;, mobile=&apos;8.932465432E9&apos;, dob=&apos;31/12/1999&apos;, dobTime=&apos;8:45:00 pm&apos;, subject=&apos;Biology&apos;, hobbies=&apos;Reading&apos;, picturePath=&apos;/TestData/Ophoto.jpg&apos;, address=&apos;513 Grant 481, Prattsville\n Arkansas 72129\n United States&apos;, state=&apos;Haryana&apos;, city=&apos;Panipat&apos;}](3)" classname="tests.WidgetsTests" time="1.025">
    <system-out><![CDATA[2025-09-19 13:04:24 [main] INFO  demoqaBase - Closing browser for test: SelectDate
2025-09-19 13:04:24 [main] INFO  DriverFactory - 🌐 Starting Chrome Web Browser...
2025-09-19 13:04:24 [main] INFO  DriverFactory - ✅ Created temporary Chrome profile at C:\Users\dell\AppData\Local\Temp\chrome-profile-13583451073889623788
2025-09-19 13:04:25 [main] INFO  DriverFactory - 🚀 WebDriver started successfully
2025-09-19 13:04:25 [main] INFO  RetryUrlAccess - 🌐 Navigating to URL (attempt 1): https://demoqa.com
2025-09-19 13:04:31 [main] INFO  RetryUrlAccess - ✅ Navigation successful on attempt 1
2025-09-19 13:04:31 [main] INFO  demoqaBase - 🧪 Navigating to Widgets section...
2025-09-19 13:04:31 [main] INFO  demoqaBase - Accessing Widgets Card...
Declared Instance WebDriverWait: org.openqa.selenium.support.ui.WebDriverWait@648ed558
2025-09-19 13:04:31 [main] INFO  demoqaLog - Clicking on Widgets Card...
🔹 Trying JS click by locator (attempt 1)
2025-09-19 13:04:31 [main] INFO  demoqaLog - 🔹 Trying JS click by locator (attempt 1)
🔹 Attempting JS click...
2025-09-19 13:04:31 [main] INFO  demoqaLog - 🔹 Attempting JS click...
2025-09-19 13:04:31 [main] INFO  demoqaLog - Clicked on Widgets Card...
Title of this Page is: DEMOQA
You are Accessing: Widgets
 
2025-09-19 13:04:31 [main] INFO  demoqaBase - Widgets: Please select an item from left to start practice.
2025-09-19 13:04:31 [main] INFO  demoqaBase - 📅 Parsed DOB: 1999-12-31
2025-09-19 13:04:31 [main] INFO  demoqaBase - Clicking on Widgets|Date Picker...
🔹 Trying JS click on WebElement (attempt 1)
2025-09-19 13:04:31 [main] INFO  demoqaLog - 🔹 Trying JS click on WebElement (attempt 1)
🔹 Attempting JS click...
2025-09-19 13:04:31 [main] INFO  demoqaLog - 🔹 Attempting JS click...
You are now Accessing: Date Picker
2025-09-19 13:04:31 [main] INFO  demoqaBase - You are now Accessing: Date Picker
2025-09-19 13:04:31 [main] INFO  demoqaLog - ⏳ Waiting for page to fully load (timeout: 30s)
2025-09-19 13:04:31 [main] INFO  demoqaLog - ✅ Page load completed.
2025-09-19 13:04:31 [main] INFO  demoqaLog - ✅ JS click executed on element: {}
✅ Date selected: 31-12-1999
Selected Date is: '12/31/1999'
Expected Date is: '12/31/1999'
]]></system-out>
  </testcase>
  <testcase name="SelectDate[UserFormData{firstName=&apos;Tom&apos;, lastName=&apos;Boss&apos;, userMail=&apos;TBoss@demoqa.com&apos;, gender=&apos;Male&apos;, mobile=&apos;7.839875281E9&apos;, dob=&apos;1/26/03&apos;, dobTime=&apos;5:45:00 am&apos;, subject=&apos;Social Studies&apos;, hobbies=&apos;Sports,Reading&apos;, picturePath=&apos;/TestData/M2photo.jpg&apos;, address=&apos;514 Grant 481, Prattsville\n Arkansas 72129\n United States&apos;, state=&apos;Rajasthan&apos;, city=&apos;Jaiselmer&apos;}](4)" classname="tests.WidgetsTests" time="1.245">
    <system-out><![CDATA[2025-09-19 13:04:32 [main] INFO  demoqaBase - Closing browser for test: SelectDate
2025-09-19 13:04:32 [main] INFO  DriverFactory - 🌐 Starting Chrome Web Browser...
2025-09-19 13:04:32 [main] INFO  DriverFactory - ✅ Created temporary Chrome profile at C:\Users\dell\AppData\Local\Temp\chrome-profile-11280681777628544934
2025-09-19 13:04:33 [main] INFO  DriverFactory - 🚀 WebDriver started successfully
2025-09-19 13:04:33 [main] INFO  RetryUrlAccess - 🌐 Navigating to URL (attempt 1): https://demoqa.com
2025-09-19 13:04:37 [main] INFO  RetryUrlAccess - ✅ Navigation successful on attempt 1
2025-09-19 13:04:37 [main] INFO  demoqaBase - 🧪 Navigating to Widgets section...
2025-09-19 13:04:37 [main] INFO  demoqaBase - Accessing Widgets Card...
Declared Instance WebDriverWait: org.openqa.selenium.support.ui.WebDriverWait@5e049b25
2025-09-19 13:04:37 [main] INFO  demoqaLog - Clicking on Widgets Card...
🔹 Trying JS click by locator (attempt 1)
2025-09-19 13:04:37 [main] INFO  demoqaLog - 🔹 Trying JS click by locator (attempt 1)
🔹 Attempting JS click...
2025-09-19 13:04:37 [main] INFO  demoqaLog - 🔹 Attempting JS click...
2025-09-19 13:04:38 [main] INFO  demoqaLog - Clicked on Widgets Card...
Title of this Page is: DEMOQA
You are Accessing: Widgets
 
2025-09-19 13:04:38 [main] INFO  demoqaBase - Widgets: Please select an item from left to start practice.
2025-09-19 13:04:38 [main] INFO  demoqaBase - 📅 Parsed DOB: 2003-01-26
2025-09-19 13:04:38 [main] INFO  demoqaBase - Clicking on Widgets|Date Picker...
🔹 Trying JS click on WebElement (attempt 1)
2025-09-19 13:04:38 [main] INFO  demoqaLog - 🔹 Trying JS click on WebElement (attempt 1)
🔹 Attempting JS click...
2025-09-19 13:04:38 [main] INFO  demoqaLog - 🔹 Attempting JS click...
You are now Accessing: Date Picker
2025-09-19 13:04:38 [main] INFO  demoqaBase - You are now Accessing: Date Picker
2025-09-19 13:04:38 [main] INFO  demoqaLog - ⏳ Waiting for page to fully load (timeout: 30s)
2025-09-19 13:04:38 [main] INFO  demoqaLog - ✅ Page load completed.
2025-09-19 13:04:38 [main] INFO  demoqaLog - ✅ JS click executed on element: {}
✅ Date selected: 26-01-2003
Selected Date is: '01/26/2003'
Expected Date is: '01/26/2003'
]]></system-out>
  </testcase>
</testsuite>