<?xml version="1.0" encoding="UTF-8"?>
<testsuite xmlns:xsi="http://www.w3.org/2001/XMLSchema-instance" xsi:noNamespaceSchemaLocation="https://maven.apache.org/surefire/maven-surefire-plugin/xsd/surefire-test-report-3.0.xsd" version="3.0" name="TestSuite" time="888.733" tests="64" errors="0" skipped="0" failures="1">
  <properties>
    <property name="java.specification.version" value="21"/>
    <property name="sun.cpu.isalist" value="amd64"/>
    <property name="sun.jnu.encoding" value="Cp1252"/>
    <property name="java.class.path" value="C:\ASN\eclipse_workspace\demoqa-automation\target\test-classes;C:\ASN\eclipse_workspace\demoqa-automation\target\classes;C:\Users\dell\.m2\repository\org\seleniumhq\selenium\selenium-java\4.34.0\selenium-java-4.34.0.jar;C:\Users\dell\.m2\repository\org\seleniumhq\selenium\selenium-api\4.34.0\selenium-api-4.34.0.jar;C:\Users\dell\.m2\repository\org\jspecify\jspecify\1.0.0\jspecify-1.0.0.jar;C:\Users\dell\.m2\repository\org\seleniumhq\selenium\selenium-chrome-driver\4.34.0\selenium-chrome-driver-4.34.0.jar;C:\Users\dell\.m2\repository\com\google\auto\service\auto-service-annotations\1.1.1\auto-service-annotations-1.1.1.jar;C:\Users\dell\.m2\repository\org\seleniumhq\selenium\selenium-chromium-driver\4.34.0\selenium-chromium-driver-4.34.0.jar;C:\Users\dell\.m2\repository\org\seleniumhq\selenium\selenium-devtools-v136\4.34.0\selenium-devtools-v136-4.34.0.jar;C:\Users\dell\.m2\repository\org\seleniumhq\selenium\selenium-devtools-v137\4.34.0\selenium-devtools-v137-4.34.0.jar;C:\Users\dell\.m2\repository\org\seleniumhq\selenium\selenium-devtools-v138\4.34.0\selenium-devtools-v138-4.34.0.jar;C:\Users\dell\.m2\repository\org\seleniumhq\selenium\selenium-edge-driver\4.34.0\selenium-edge-driver-4.34.0.jar;C:\Users\dell\.m2\repository\org\seleniumhq\selenium\selenium-firefox-driver\4.34.0\selenium-firefox-driver-4.34.0.jar;C:\Users\dell\.m2\repository\org\seleniumhq\selenium\selenium-http\4.34.0\selenium-http-4.34.0.jar;C:\Users\dell\.m2\repository\org\seleniumhq\selenium\selenium-ie-driver\4.34.0\selenium-ie-driver-4.34.0.jar;C:\Users\dell\.m2\repository\org\seleniumhq\selenium\selenium-remote-driver\4.34.0\selenium-remote-driver-4.34.0.jar;C:\Users\dell\.m2\repository\com\google\guava\guava\33.4.8-jre\guava-33.4.8-jre.jar;C:\Users\dell\.m2\repository\com\google\guava\failureaccess\1.0.3\failureaccess-1.0.3.jar;C:\Users\dell\.m2\repository\com\google\guava\listenablefuture\9999.0-empty-to-avoid-conflict-with-guava\listenablefuture-9999.0-empty-to-avoid-conflict-with-guava.jar;C:\Users\dell\.m2\repository\com\google\errorprone\error_prone_annotations\2.36.0\error_prone_annotations-2.36.0.jar;C:\Users\dell\.m2\repository\com\google\j2objc\j2objc-annotations\3.0.0\j2objc-annotations-3.0.0.jar;C:\Users\dell\.m2\repository\io\opentelemetry\opentelemetry-api\1.51.0\opentelemetry-api-1.51.0.jar;C:\Users\dell\.m2\repository\io\opentelemetry\opentelemetry-context\1.51.0\opentelemetry-context-1.51.0.jar;C:\Users\dell\.m2\repository\io\opentelemetry\opentelemetry-exporter-logging\1.51.0\opentelemetry-exporter-logging-1.51.0.jar;C:\Users\dell\.m2\repository\io\opentelemetry\opentelemetry-sdk-common\1.51.0\opentelemetry-sdk-common-1.51.0.jar;C:\Users\dell\.m2\repository\io\opentelemetry\opentelemetry-sdk-extension-autoconfigure-spi\1.51.0\opentelemetry-sdk-extension-autoconfigure-spi-1.51.0.jar;C:\Users\dell\.m2\repository\io\opentelemetry\opentelemetry-sdk-extension-autoconfigure\1.51.0\opentelemetry-sdk-extension-autoconfigure-1.51.0.jar;C:\Users\dell\.m2\repository\io\opentelemetry\opentelemetry-sdk-trace\1.51.0\opentelemetry-sdk-trace-1.51.0.jar;C:\Users\dell\.m2\repository\io\opentelemetry\opentelemetry-sdk\1.51.0\opentelemetry-sdk-1.51.0.jar;C:\Users\dell\.m2\repository\io\opentelemetry\opentelemetry-sdk-metrics\1.51.0\opentelemetry-sdk-metrics-1.51.0.jar;C:\Users\dell\.m2\repository\io\opentelemetry\opentelemetry-sdk-logs\1.51.0\opentelemetry-sdk-logs-1.51.0.jar;C:\Users\dell\.m2\repository\net\bytebuddy\byte-buddy\1.17.6\byte-buddy-1.17.6.jar;C:\Users\dell\.m2\repository\org\seleniumhq\selenium\selenium-safari-driver\4.34.0\selenium-safari-driver-4.34.0.jar;C:\Users\dell\.m2\repository\org\seleniumhq\selenium\selenium-support\4.34.0\selenium-support-4.34.0.jar;C:\Users\dell\.m2\repository\org\seleniumhq\selenium\selenium-manager\4.34.0\selenium-manager-4.34.0.jar;C:\Users\dell\.m2\repository\org\seleniumhq\selenium\selenium-json\4.34.0\selenium-json-4.34.0.jar;C:\Users\dell\.m2\repository\org\seleniumhq\selenium\selenium-os\4.34.0\selenium-os-4.34.0.jar;C:\Users\dell\.m2\repository\org\apache\commons\commons-exec\1.5.0\commons-exec-1.5.0.jar;C:\Users\dell\.m2\repository\org\testng\testng\7.11.0\testng-7.11.0.jar;C:\Users\dell\.m2\repository\org\slf4j\slf4j-api\2.0.16\slf4j-api-2.0.16.jar;C:\Users\dell\.m2\repository\org\jcommander\jcommander\1.83\jcommander-1.83.jar;C:\Users\dell\.m2\repository\org\webjars\jquery\3.7.1\jquery-3.7.1.jar;C:\Users\dell\.m2\repository\org\apache\logging\log4j\log4j-core\2.24.3\log4j-core-2.24.3.jar;C:\Users\dell\.m2\repository\org\apache\logging\log4j\log4j-api\2.24.3\log4j-api-2.24.3.jar;C:\Users\dell\.m2\repository\com\aventstack\extentreports\5.0.9\extentreports-5.0.9.jar;C:\Users\dell\.m2\repository\io\reactivex\rxjava3\rxjava\3.0.4\rxjava-3.0.4.jar;C:\Users\dell\.m2\repository\org\reactivestreams\reactive-streams\1.0.3\reactive-streams-1.0.3.jar;C:\Users\dell\.m2\repository\org\freemarker\freemarker\2.3.30\freemarker-2.3.30.jar;C:\Users\dell\.m2\repository\com\google\code\gson\gson\2.8.6\gson-2.8.6.jar;C:\Users\dell\.m2\repository\commons-io\commons-io\2.19.0\commons-io-2.19.0.jar;C:\Users\dell\.m2\repository\org\apache\poi\poi-ooxml\5.4.1\poi-ooxml-5.4.1.jar;C:\Users\dell\.m2\repository\org\apache\poi\poi\5.4.1\poi-5.4.1.jar;C:\Users\dell\.m2\repository\commons-codec\commons-codec\1.18.0\commons-codec-1.18.0.jar;C:\Users\dell\.m2\repository\org\apache\commons\commons-math3\3.6.1\commons-math3-3.6.1.jar;C:\Users\dell\.m2\repository\com\zaxxer\SparseBitSet\1.3\SparseBitSet-1.3.jar;C:\Users\dell\.m2\repository\org\apache\poi\poi-ooxml-lite\5.4.1\poi-ooxml-lite-5.4.1.jar;C:\Users\dell\.m2\repository\org\apache\xmlbeans\xmlbeans\5.3.0\xmlbeans-5.3.0.jar;C:\Users\dell\.m2\repository\org\apache\commons\commons-compress\1.27.1\commons-compress-1.27.1.jar;C:\Users\dell\.m2\repository\org\apache\commons\commons-lang3\3.16.0\commons-lang3-3.16.0.jar;C:\Users\dell\.m2\repository\com\github\virtuald\curvesapi\1.08\curvesapi-1.08.jar;C:\Users\dell\.m2\repository\org\apache\commons\commons-collections4\4.4\commons-collections4-4.4.jar;C:\Users\dell\.m2\repository\com\sun\mail\jakarta.mail\2.0.1\jakarta.mail-2.0.1.jar;C:\Users\dell\.m2\repository\com\sun\activation\jakarta.activation\2.0.1\jakarta.activation-2.0.1.jar;C:\Users\dell\.m2\repository\org\projectlombok\lombok\1.18.30\lombok-1.18.30.jar;"/>
    <property name="java.vm.vendor" value="Oracle Corporation"/>
    <property name="sun.arch.data.model" value="64"/>
    <property name="user.variant" value=""/>
    <property name="java.vendor.url" value="https://java.oracle.com/"/>
    <property name="user.timezone" value="Asia/Calcutta"/>
    <property name="os.name" value="Windows 11"/>
    <property name="java.vm.specification.version" value="21"/>
    <property name="sun.java.launcher" value="SUN_STANDARD"/>
    <property name="user.country" value="IN"/>
    <property name="sun.boot.library.path" value="C:\Program Files\Java\jdk-21\bin"/>
    <property name="sun.java.command" value="C:\Users\dell\AppData\Local\Temp\surefire11235881301382357228\surefirebooter-20250818193928754_3.jar C:\Users\dell\AppData\Local\Temp\surefire11235881301382357228 2025-08-18T19-39-28_496-jvmRun1 surefire-20250818193928754_1tmp surefire_0-20250818193928754_2tmp"/>
    <property name="jdk.debug" value="release"/>
    <property name="surefire.test.class.path" value="C:\ASN\eclipse_workspace\demoqa-automation\target\test-classes;C:\ASN\eclipse_workspace\demoqa-automation\target\classes;C:\Users\dell\.m2\repository\org\seleniumhq\selenium\selenium-java\4.34.0\selenium-java-4.34.0.jar;C:\Users\dell\.m2\repository\org\seleniumhq\selenium\selenium-api\4.34.0\selenium-api-4.34.0.jar;C:\Users\dell\.m2\repository\org\jspecify\jspecify\1.0.0\jspecify-1.0.0.jar;C:\Users\dell\.m2\repository\org\seleniumhq\selenium\selenium-chrome-driver\4.34.0\selenium-chrome-driver-4.34.0.jar;C:\Users\dell\.m2\repository\com\google\auto\service\auto-service-annotations\1.1.1\auto-service-annotations-1.1.1.jar;C:\Users\dell\.m2\repository\org\seleniumhq\selenium\selenium-chromium-driver\4.34.0\selenium-chromium-driver-4.34.0.jar;C:\Users\dell\.m2\repository\org\seleniumhq\selenium\selenium-devtools-v136\4.34.0\selenium-devtools-v136-4.34.0.jar;C:\Users\dell\.m2\repository\org\seleniumhq\selenium\selenium-devtools-v137\4.34.0\selenium-devtools-v137-4.34.0.jar;C:\Users\dell\.m2\repository\org\seleniumhq\selenium\selenium-devtools-v138\4.34.0\selenium-devtools-v138-4.34.0.jar;C:\Users\dell\.m2\repository\org\seleniumhq\selenium\selenium-edge-driver\4.34.0\selenium-edge-driver-4.34.0.jar;C:\Users\dell\.m2\repository\org\seleniumhq\selenium\selenium-firefox-driver\4.34.0\selenium-firefox-driver-4.34.0.jar;C:\Users\dell\.m2\repository\org\seleniumhq\selenium\selenium-http\4.34.0\selenium-http-4.34.0.jar;C:\Users\dell\.m2\repository\org\seleniumhq\selenium\selenium-ie-driver\4.34.0\selenium-ie-driver-4.34.0.jar;C:\Users\dell\.m2\repository\org\seleniumhq\selenium\selenium-remote-driver\4.34.0\selenium-remote-driver-4.34.0.jar;C:\Users\dell\.m2\repository\com\google\guava\guava\33.4.8-jre\guava-33.4.8-jre.jar;C:\Users\dell\.m2\repository\com\google\guava\failureaccess\1.0.3\failureaccess-1.0.3.jar;C:\Users\dell\.m2\repository\com\google\guava\listenablefuture\9999.0-empty-to-avoid-conflict-with-guava\listenablefuture-9999.0-empty-to-avoid-conflict-with-guava.jar;C:\Users\dell\.m2\repository\com\google\errorprone\error_prone_annotations\2.36.0\error_prone_annotations-2.36.0.jar;C:\Users\dell\.m2\repository\com\google\j2objc\j2objc-annotations\3.0.0\j2objc-annotations-3.0.0.jar;C:\Users\dell\.m2\repository\io\opentelemetry\opentelemetry-api\1.51.0\opentelemetry-api-1.51.0.jar;C:\Users\dell\.m2\repository\io\opentelemetry\opentelemetry-context\1.51.0\opentelemetry-context-1.51.0.jar;C:\Users\dell\.m2\repository\io\opentelemetry\opentelemetry-exporter-logging\1.51.0\opentelemetry-exporter-logging-1.51.0.jar;C:\Users\dell\.m2\repository\io\opentelemetry\opentelemetry-sdk-common\1.51.0\opentelemetry-sdk-common-1.51.0.jar;C:\Users\dell\.m2\repository\io\opentelemetry\opentelemetry-sdk-extension-autoconfigure-spi\1.51.0\opentelemetry-sdk-extension-autoconfigure-spi-1.51.0.jar;C:\Users\dell\.m2\repository\io\opentelemetry\opentelemetry-sdk-extension-autoconfigure\1.51.0\opentelemetry-sdk-extension-autoconfigure-1.51.0.jar;C:\Users\dell\.m2\repository\io\opentelemetry\opentelemetry-sdk-trace\1.51.0\opentelemetry-sdk-trace-1.51.0.jar;C:\Users\dell\.m2\repository\io\opentelemetry\opentelemetry-sdk\1.51.0\opentelemetry-sdk-1.51.0.jar;C:\Users\dell\.m2\repository\io\opentelemetry\opentelemetry-sdk-metrics\1.51.0\opentelemetry-sdk-metrics-1.51.0.jar;C:\Users\dell\.m2\repository\io\opentelemetry\opentelemetry-sdk-logs\1.51.0\opentelemetry-sdk-logs-1.51.0.jar;C:\Users\dell\.m2\repository\net\bytebuddy\byte-buddy\1.17.6\byte-buddy-1.17.6.jar;C:\Users\dell\.m2\repository\org\seleniumhq\selenium\selenium-safari-driver\4.34.0\selenium-safari-driver-4.34.0.jar;C:\Users\dell\.m2\repository\org\seleniumhq\selenium\selenium-support\4.34.0\selenium-support-4.34.0.jar;C:\Users\dell\.m2\repository\org\seleniumhq\selenium\selenium-manager\4.34.0\selenium-manager-4.34.0.jar;C:\Users\dell\.m2\repository\org\seleniumhq\selenium\selenium-json\4.34.0\selenium-json-4.34.0.jar;C:\Users\dell\.m2\repository\org\seleniumhq\selenium\selenium-os\4.34.0\selenium-os-4.34.0.jar;C:\Users\dell\.m2\repository\org\apache\commons\commons-exec\1.5.0\commons-exec-1.5.0.jar;C:\Users\dell\.m2\repository\org\testng\testng\7.11.0\testng-7.11.0.jar;C:\Users\dell\.m2\repository\org\slf4j\slf4j-api\2.0.16\slf4j-api-2.0.16.jar;C:\Users\dell\.m2\repository\org\jcommander\jcommander\1.83\jcommander-1.83.jar;C:\Users\dell\.m2\repository\org\webjars\jquery\3.7.1\jquery-3.7.1.jar;C:\Users\dell\.m2\repository\org\apache\logging\log4j\log4j-core\2.24.3\log4j-core-2.24.3.jar;C:\Users\dell\.m2\repository\org\apache\logging\log4j\log4j-api\2.24.3\log4j-api-2.24.3.jar;C:\Users\dell\.m2\repository\com\aventstack\extentreports\5.0.9\extentreports-5.0.9.jar;C:\Users\dell\.m2\repository\io\reactivex\rxjava3\rxjava\3.0.4\rxjava-3.0.4.jar;C:\Users\dell\.m2\repository\org\reactivestreams\reactive-streams\1.0.3\reactive-streams-1.0.3.jar;C:\Users\dell\.m2\repository\org\freemarker\freemarker\2.3.30\freemarker-2.3.30.jar;C:\Users\dell\.m2\repository\com\google\code\gson\gson\2.8.6\gson-2.8.6.jar;C:\Users\dell\.m2\repository\commons-io\commons-io\2.19.0\commons-io-2.19.0.jar;C:\Users\dell\.m2\repository\org\apache\poi\poi-ooxml\5.4.1\poi-ooxml-5.4.1.jar;C:\Users\dell\.m2\repository\org\apache\poi\poi\5.4.1\poi-5.4.1.jar;C:\Users\dell\.m2\repository\commons-codec\commons-codec\1.18.0\commons-codec-1.18.0.jar;C:\Users\dell\.m2\repository\org\apache\commons\commons-math3\3.6.1\commons-math3-3.6.1.jar;C:\Users\dell\.m2\repository\com\zaxxer\SparseBitSet\1.3\SparseBitSet-1.3.jar;C:\Users\dell\.m2\repository\org\apache\poi\poi-ooxml-lite\5.4.1\poi-ooxml-lite-5.4.1.jar;C:\Users\dell\.m2\repository\org\apache\xmlbeans\xmlbeans\5.3.0\xmlbeans-5.3.0.jar;C:\Users\dell\.m2\repository\org\apache\commons\commons-compress\1.27.1\commons-compress-1.27.1.jar;C:\Users\dell\.m2\repository\org\apache\commons\commons-lang3\3.16.0\commons-lang3-3.16.0.jar;C:\Users\dell\.m2\repository\com\github\virtuald\curvesapi\1.08\curvesapi-1.08.jar;C:\Users\dell\.m2\repository\org\apache\commons\commons-collections4\4.4\commons-collections4-4.4.jar;C:\Users\dell\.m2\repository\com\sun\mail\jakarta.mail\2.0.1\jakarta.mail-2.0.1.jar;C:\Users\dell\.m2\repository\com\sun\activation\jakarta.activation\2.0.1\jakarta.activation-2.0.1.jar;C:\Users\dell\.m2\repository\org\projectlombok\lombok\1.18.30\lombok-1.18.30.jar;"/>
    <property name="sun.cpu.endian" value="little"/>
    <property name="user.home" value="C:\Users\dell"/>
    <property name="user.language" value="en"/>
    <property name="java.specification.vendor" value="Oracle Corporation"/>
    <property name="java.version.date" value="2025-04-15"/>
    <property name="java.home" value="C:\Program Files\Java\jdk-21"/>
    <property name="file.separator" value="\"/>
    <property name="basedir" value="C:\ASN\eclipse_workspace\demoqa-automation"/>
    <property name="java.vm.compressedOopsMode" value="32-bit"/>
    <property name="line.separator" value="&#10;"/>
    <property name="java.vm.specification.vendor" value="Oracle Corporation"/>
    <property name="java.specification.name" value="Java Platform API Specification"/>
    <property name="surefire.real.class.path" value="C:\Users\dell\AppData\Local\Temp\surefire11235881301382357228\surefirebooter-20250818193928754_3.jar"/>
    <property name="user.script" value=""/>
    <property name="sun.management.compiler" value="HotSpot 64-Bit Tiered Compilers"/>
    <property name="java.runtime.version" value="21.0.7+8-LTS-245"/>
    <property name="user.name" value="dell"/>
    <property name="stdout.encoding" value="Cp1252"/>
    <property name="path.separator" value=";"/>
    <property name="os.version" value="10.0"/>
    <property name="java.runtime.name" value="Java(TM) SE Runtime Environment"/>
    <property name="file.encoding" value="UTF-8"/>
    <property name="java.vm.name" value="Java HotSpot(TM) 64-Bit Server VM"/>
    <property name="localRepository" value="C:\Users\dell\.m2\repository"/>
    <property name="java.vendor.url.bug" value="https://bugreport.java.com/bugreport/"/>
    <property name="java.io.tmpdir" value="C:\Users\dell\AppData\Local\Temp\"/>
    <property name="java.version" value="21.0.7"/>
    <property name="user.dir" value="C:\ASN\eclipse_workspace\demoqa-automation"/>
    <property name="os.arch" value="amd64"/>
    <property name="java.vm.specification.name" value="Java Virtual Machine Specification"/>
    <property name="sun.os.patch.level" value=""/>
    <property name="native.encoding" value="Cp1252"/>
    <property name="java.library.path" value="C:\Program Files\Java\jdk-21\bin;C:\WINDOWS\Sun\Java\bin;C:\WINDOWS\system32;C:\WINDOWS;C:\Program Files\Python313\Scripts\;C:\Program Files\Python313\;C:\Program Files\Common Files\Oracle\Java\javapath;C:\WINDOWS\system32;C:\WINDOWS;C:\WINDOWS\System32\Wbem;C:\WINDOWS\System32\WindowsPowerShell\v1.0\;C:\WINDOWS\System32\OpenSSH\;C:\Program Files\dotnet\;C:\Program Files\Java\jdk-17\bin;C:\ProgramData\Oracle\Java\javapath;C:\Program Files\PowerShell\7\;C:\Program Files\Java\jdk-21\bin;C:\ASN\apache-maven-3.9.9\bin;C:\Program Files\Git\cmd;C:\Users\dell\AppData\Local\Programs\Python\Python313\Scripts\;C:\Users\dell\AppData\Local\Programs\Python\Python313\;C:\Users\dell\AppData\Local\Programs\Python\Python310\Scripts\;C:\Users\dell\AppData\Local\Programs\Python\Python310\;C:\Users\dell\AppData\Local\Microsoft\WindowsApps;C:\Program Files\JetBrains\PyCharm Community Edition 2022.1.1\bin;;C:\Users\dell\AppData\Local\GitHubDesktop\bin;C:\Users\dell\AppData\Local\Programs\Microsoft VS Code\bin;C:\Users\dell\.dotnet\tools;."/>
    <property name="java.vm.info" value="mixed mode, sharing"/>
    <property name="stderr.encoding" value="Cp1252"/>
    <property name="java.vendor" value="Oracle Corporation"/>
    <property name="java.vm.version" value="21.0.7+8-LTS-245"/>
    <property name="sun.io.unicode.encoding" value="UnicodeLittle"/>
    <property name="java.class.version" value="65.0"/>
  </properties>
  <testcase name="accessAlertsFrameWindows" classname="tests.AlertsFramesWindowsTests" time="0.713">
    <system-out><![CDATA[2025-08-18T14:09:30.676060700Z main INFO Starting configuration XmlConfiguration[location=C:\ASN\eclipse_workspace\demoqa-automation\target\classes\log4j2.xml, lastModified=2025-08-05T03:16:47.250Z]...
2025-08-18T14:09:30.679051900Z main INFO Start watching for changes to C:\ASN\eclipse_workspace\demoqa-automation\target\classes\log4j2.xml every 0 seconds
2025-08-18T14:09:30.679051900Z main INFO Configuration XmlConfiguration[location=C:\ASN\eclipse_workspace\demoqa-automation\target\classes\log4j2.xml, lastModified=2025-08-05T03:16:47.250Z] started.
2025-08-18T14:09:30.683318500Z main INFO Stopping configuration org.apache.logging.log4j.core.config.DefaultConfiguration@4d154ccd...
2025-08-18T14:09:30.684318700Z main INFO Configuration org.apache.logging.log4j.core.config.DefaultConfiguration@4d154ccd stopped.
2025-08-18 19:39:31 [main] INFO  demoqaBase - Starting Web Browser...
2025-08-18 19:39:34 [main] INFO  demoqaBase - Navigating to demoqa.com Website
2025-08-18 19:39:51 [main] INFO  demoqaLog - Successfully navigated to: https://demoqa.com
2025-08-18 19:39:51 [main] INFO  demoqaLog - Starting Test Alerts, Frames & Windows...
2025-08-18 19:39:52 [main] INFO  demoqaLog - Accessing Alerts, Frame & Windows Card...
Declared Instance WebDriverWait: org.openqa.selenium.support.ui.WebDriverWait@4ae263bf
2025-08-18 19:39:52 [main] INFO  demoqaLog - Clicking on Alert Frame & Windows Card...
2025-08-18 19:39:52 [main] INFO  demoqaLog - Clicked on on Alert Frame & Windows Card...
Title of this Page is: DEMOQA
You can now access: Alerts, Frame & Windows
2025-08-18 19:39:52 [main] INFO  demoqaLog - Page: Alerts, Frame & Windows Card...
2025-08-18 19:39:52 [main] INFO  demoqaLog -  Alerts, Frames & Windows Test Completed...
]]></system-out>
    <system-err><![CDATA[SLF4J(W): No SLF4J providers were found.
SLF4J(W): Defaulting to no-operation (NOP) logger implementation
SLF4J(W): See https://www.slf4j.org/codes.html#noProviders for further details.
]]></system-err>
  </testcase>
  <testcase name="ElementsCard" classname="tests.ElementsTests" time="2.573">
    <system-out><![CDATA[2025-08-18 19:39:52 [main] INFO  demoqaBase - Closing the Browser...
2025-08-18 19:39:53 [main] INFO  demoqaBase - Starting Web Browser...
2025-08-18 19:39:55 [main] INFO  demoqaBase - Navigating to demoqa.com Website
2025-08-18 19:40:10 [main] INFO  demoqaLog - Successfully navigated to: https://demoqa.com
2025-08-18 19:40:10 [main] INFO  demoqaLog - Starting Test Elements | Text Box Test...
Instance Variables Declared are: nullnull
2025-08-18 19:40:10 [main] INFO  demoqaLog - Accessing Elements Card...
2025-08-18 19:40:11 [main] INFO  demoqaLog - Successfully navigated to: https://demoqa.com
2025-08-18 19:40:11 [main] INFO  demoqaLog - Clicking on Elements Card...
Title of this Page is: DEMOQA
You can now Access: Elements
 
Title of this Page is: DEMOQA
2025-08-18 19:40:13 [main] INFO  demoqaLog - Element Card Test Completed...
]]></system-out>
  </testcase>
  <testcase name="TextBox" classname="tests.ElementsTests" time="4.689">
    <system-out><![CDATA[2025-08-18 19:40:13 [main] INFO  demoqaBase - Closing the Browser...
2025-08-18 19:40:13 [main] INFO  demoqaBase - Starting Web Browser...
2025-08-18 19:40:15 [main] INFO  demoqaBase - Navigating to demoqa.com Website
2025-08-18 19:40:26 [main] INFO  demoqaLog - Successfully navigated to: https://demoqa.com
2025-08-18 19:40:26 [main] INFO  demoqaLog - Starting Test Elements | Text Box Test...
Instance Variables Declared are: nullnull
2025-08-18 19:40:26 [main] INFO  demoqaLog - Accessing Elements Card...
2025-08-18 19:40:27 [main] INFO  demoqaLog - Successfully navigated to: https://demoqa.com
2025-08-18 19:40:27 [main] INFO  demoqaLog - Clicking on Elements Card...
Title of this Page is: DEMOQA
You can now Access: Elements
 
2025-08-18 19:40:28 [main] INFO  demoqaLog - Accessing Text Box...
Text Box
2025-08-18 19:40:29 [main] INFO  demoqaLog - You are accessing: Text Box
2025-08-18 19:40:29 [main] INFO  demoqaLog - Title of this Page is: DEMOQA
2025-08-18 19:40:29 [main] INFO  demoqaLog - Entering Full Name...
2025-08-18 19:40:29 [main] INFO  demoqaLog - Full Name is: John Rambo
2025-08-18 19:40:29 [main] INFO  demoqaLog - Entering Email Address...
2025-08-18 19:40:30 [main] INFO  demoqaLog - Email Address is: JRambo@demoqa.com
2025-08-18 19:40:30 [main] INFO  demoqaLog - Entering Current Address...
2025-08-18 19:40:30 [main] INFO  demoqaLog - Current Address is: 511 Grant 481, Prattsville
 Arkansas 72129
 United States
2025-08-18 19:40:30 [main] INFO  demoqaLog - Entering Permanent Address...
2025-08-18 19:40:31 [main] INFO  demoqaLog - Parmenant Address is: 579 Grant 3381, Prattsville
 Arkansas 72100
 United States
2025-08-18 19:40:31 [main] INFO  demoqaLog - Clicking on Submit Button...
2025-08-18 19:40:31 [main] INFO  demoqaLog - Clicked Submit Button...
Information Submitted is: Name:John Rambo
Email:JRambo@demoqa.com
Current Address :511 Grant 481, Prattsville Arkansas 72129 United States
Permananet Address :579 Grant 3381, Prattsville Arkansas 72100 United States
2025-08-18 19:40:31 [main] INFO  demoqaLog - Text Box Element Test Completed...
]]></system-out>
  </testcase>
  <testcase name="CheckBox" classname="tests.ElementsTests" time="2.768">
    <system-out><![CDATA[Path for Screenshot is: C:\ASN\eclipse_workspace\demoqa-automation/screenshots/TextBox Passed+2025-08-18_19-40-31.png
2025-08-18 19:40:31 [main] INFO  demoqaBase - Closing the Browser...
2025-08-18 19:40:32 [main] INFO  demoqaBase - Starting Web Browser...
2025-08-18 19:40:34 [main] INFO  demoqaBase - Navigating to demoqa.com Website
2025-08-18 19:40:52 [main] INFO  demoqaLog - Successfully navigated to: https://demoqa.com
2025-08-18 19:40:52 [main] INFO  demoqaLog - Starting Test Elements | Check Box Test...
Instance Variables Declared are: nullnull
2025-08-18 19:40:52 [main] INFO  demoqaLog - Accessing Elements Card...
2025-08-18 19:40:54 [main] INFO  demoqaLog - Successfully navigated to: https://demoqa.com
2025-08-18 19:40:54 [main] INFO  demoqaLog - Clicking on Elements Card...
Title of this Page is: DEMOQA
You can now Access: Elements
 
2025-08-18 19:40:54 [main] INFO  demoqaLog - Accessing Check Box...
Check Box
2025-08-18 19:40:55 [main] INFO  demoqaLog - You are accessing: Check Box
2025-08-18 19:40:55 [main] INFO  demoqaLog - Test Elements | Check Box Test Test Completed...
]]></system-out>
  </testcase>
  <testcase name="SelectingHomeCheckBox" classname="tests.ElementsTests" time="3.255">
    <system-out><![CDATA[2025-08-18 19:40:55 [main] INFO  demoqaBase - Closing the Browser...
2025-08-18 19:40:56 [main] INFO  demoqaBase - Starting Web Browser...
2025-08-18 19:40:58 [main] INFO  demoqaBase - Navigating to demoqa.com Website
2025-08-18 19:41:07 [main] INFO  demoqaLog - Successfully navigated to: https://demoqa.com
2025-08-18 19:41:07 [main] INFO  demoqaLog - Starting Test Elements | Selecting Home Check Box Test...
Instance Variables Declared are: nullnull
2025-08-18 19:41:07 [main] INFO  demoqaLog - Accessing Elements Card...
2025-08-18 19:41:09 [main] INFO  demoqaLog - Successfully navigated to: https://demoqa.com
2025-08-18 19:41:09 [main] INFO  demoqaLog - Clicking on Elements Card...
Title of this Page is: DEMOQA
You can now Access: Elements
 
2025-08-18 19:41:09 [main] INFO  demoqaLog - Accessing Check Box...
Check Box
2025-08-18 19:41:10 [main] INFO  demoqaLog - You are accessing: Check Box
2025-08-18 19:41:10 [main] INFO  demoqaLog - Selecting Home Check Box...
Information Submitted is: You have selected :
home
desktop
notes
commands
documents
workspace
react
angular
veu
office
public
private
classified
general
downloads
wordFile
excelFile
2025-08-18 19:41:10 [main] INFO  demoqaLog - You have Selected: You have selected :
home
desktop
notes
commands
documents
workspace
react
angular
veu
office
public
private
classified
general
downloads
wordFile
excelFile
2025-08-18 19:41:10 [main] INFO  demoqaLog - Elements | Selecting Home Test Completed...
]]></system-out>
  </testcase>
  <testcase name="SelectingDesktopCheckBox" classname="tests.ElementsTests" time="2.819">
    <system-out><![CDATA[2025-08-18 19:41:10 [main] INFO  demoqaBase - Closing the Browser...
2025-08-18 19:41:11 [main] INFO  demoqaBase - Starting Web Browser...
2025-08-18 19:41:13 [main] INFO  demoqaBase - Navigating to demoqa.com Website
2025-08-18 19:41:25 [main] INFO  demoqaLog - Successfully navigated to: https://demoqa.com
2025-08-18 19:41:25 [main] INFO  demoqaLog - Starting Test Elements | Selecting Desktop Check Box Test...
Instance Variables Declared are: nullnull
2025-08-18 19:41:25 [main] INFO  demoqaLog - Accessing Elements Card...
2025-08-18 19:41:26 [main] INFO  demoqaLog - Successfully navigated to: https://demoqa.com
2025-08-18 19:41:26 [main] INFO  demoqaLog - Clicking on Elements Card...
Title of this Page is: DEMOQA
You can now Access: Elements
 
2025-08-18 19:41:27 [main] INFO  demoqaLog - Accessing Check Box...
Check Box
2025-08-18 19:41:27 [main] INFO  demoqaLog - You are accessing: Check Box
2025-08-18 19:41:27 [main] INFO  demoqaLog - Clicking on Home Toggle Button...
2025-08-18 19:41:27 [main] INFO  demoqaLog - Selecting Deskstop Check Box...
Information Submitted is: You have selected :
desktop
notes
commands
2025-08-18 19:41:27 [main] INFO  demoqaLog - You have Selected: You have selected :
desktop
notes
commands
2025-08-18 19:41:27 [main] INFO  demoqaLog - Elements | Home | Desktop Test Completed...
]]></system-out>
  </testcase>
  <testcase name="SelectingNotesCommandsClick" classname="tests.ElementsTests" time="3.548">
    <system-out><![CDATA[2025-08-18 19:41:27 [main] INFO  demoqaBase - Closing the Browser...
2025-08-18 19:41:28 [main] INFO  demoqaBase - Starting Web Browser...
2025-08-18 19:41:30 [main] INFO  demoqaBase - Navigating to demoqa.com Website
2025-08-18 19:41:38 [main] INFO  demoqaLog - Successfully navigated to: https://demoqa.com
2025-08-18 19:41:38 [main] INFO  demoqaLog - Starting Test Elements | Selecting Desktop| Notes & Commands Check Box Test...
Instance Variables Declared are: nullnull
2025-08-18 19:41:38 [main] INFO  demoqaLog - Accessing Elements Card...
2025-08-18 19:41:38 [main] INFO  demoqaLog - Successfully navigated to: https://demoqa.com
2025-08-18 19:41:38 [main] INFO  demoqaLog - Clicking on Elements Card...
Title of this Page is: DEMOQA
You can now Access: Elements
 
2025-08-18 19:41:39 [main] INFO  demoqaLog - Accessing Check Box...
Check Box
2025-08-18 19:41:40 [main] INFO  demoqaLog - You are accessing: Check Box
2025-08-18 19:41:40 [main] INFO  demoqaLog - Clicking on Home Toggle Button...
2025-08-18 19:41:40 [main] INFO  demoqaLog - Clicking on Desktop Toggle Button...
2025-08-18 19:41:40 [main] INFO  demoqaLog - Clicking on Notes Button...
2025-08-18 19:41:41 [main] INFO  demoqaLog - Clicking on Commands Button...
2025-08-18 19:41:41 [main] INFO  demoqaLog - Selected Notes & Commands...
Information Submitted is: You have selected :
desktop
notes
commands
2025-08-18 19:41:41 [main] INFO  demoqaLog - You have Selected: You have selected :
desktop
notes
commands
2025-08-18 19:41:41 [main] INFO  demoqaLog - Elements | Home | Desktop | Notes & Commands Completed...
]]></system-out>
  </testcase>
  <testcase name="SelectingDocumentsCheckBox" classname="tests.ElementsTests" time="3.049">
    <system-out><![CDATA[2025-08-18 19:41:41 [main] INFO  demoqaBase - Closing the Browser...
2025-08-18 19:41:42 [main] INFO  demoqaBase - Starting Web Browser...
2025-08-18 19:41:44 [main] INFO  demoqaBase - Navigating to demoqa.com Website
2025-08-18 19:41:53 [main] INFO  demoqaLog - Successfully navigated to: https://demoqa.com
2025-08-18 19:41:53 [main] INFO  demoqaLog - Starting Test Elements | Selecting Documents Check Box Test...
Instance Variables Declared are: nullnull
2025-08-18 19:41:53 [main] INFO  demoqaLog - Accessing Elements Card...
2025-08-18 19:41:54 [main] INFO  demoqaLog - Successfully navigated to: https://demoqa.com
2025-08-18 19:41:54 [main] INFO  demoqaLog - Clicking on Elements Card...
Title of this Page is: DEMOQA
You can now Access: Elements
 
2025-08-18 19:41:55 [main] INFO  demoqaLog - Accessing Check Box...
Check Box
2025-08-18 19:41:56 [main] INFO  demoqaLog - You are accessing: Check Box
2025-08-18 19:41:56 [main] INFO  demoqaLog - Clicking on Home Toggle Button...
2025-08-18 19:41:56 [main] INFO  demoqaLog - Selecting Documents Check Box...
2025-08-18 19:41:56 [main] INFO  demoqaLog - Selected Documents Check Box...
Information Submitted is: You have selected :
documents
workspace
react
angular
veu
office
public
private
classified
general
2025-08-18 19:41:56 [main] INFO  demoqaLog - You have Selected: You have selected :
documents
workspace
react
angular
veu
office
public
private
classified
general
2025-08-18 19:41:56 [main] INFO  demoqaLog - Test Elements | Selecting Documents Check Box Test Completed...
]]></system-out>
  </testcase>
  <testcase name="SelectingWorkSpace" classname="tests.ElementsTests" time="3.301">
    <system-out><![CDATA[2025-08-18 19:41:56 [main] INFO  demoqaBase - Closing the Browser...
2025-08-18 19:41:57 [main] INFO  demoqaBase - Starting Web Browser...
2025-08-18 19:41:59 [main] INFO  demoqaBase - Navigating to demoqa.com Website
2025-08-18 19:42:05 [main] INFO  demoqaLog - Successfully navigated to: https://demoqa.com
2025-08-18 19:42:05 [main] INFO  demoqaLog - Starting Test Elements | Home | Selecting Documents | WorkSpace Check Box Test...
Instance Variables Declared are: nullnull
2025-08-18 19:42:05 [main] INFO  demoqaLog - Accessing Elements Card...
2025-08-18 19:42:06 [main] INFO  demoqaLog - Successfully navigated to: https://demoqa.com
2025-08-18 19:42:06 [main] INFO  demoqaLog - Clicking on Elements Card...
Title of this Page is: DEMOQA
You can now Access: Elements
 
2025-08-18 19:42:07 [main] INFO  demoqaLog - Accessing Check Box...
Check Box
2025-08-18 19:42:08 [main] INFO  demoqaLog - You are accessing: Check Box
2025-08-18 19:42:08 [main] INFO  demoqaLog - Clicking on Home Toggle Button...
2025-08-18 19:42:08 [main] INFO  demoqaLog - Clicking on Documents Toggle Button...
2025-08-18 19:42:08 [main] INFO  demoqaLog - Selecting WorkSpace Check Box...
2025-08-18 19:42:08 [main] INFO  demoqaLog - Selected WorkSpace Check Box...
Information Submitted is: You have selected :
workspace
react
angular
veu
2025-08-18 19:42:09 [main] INFO  demoqaLog - You have Selected: You have selected :
workspace
react
angular
veu
2025-08-18 19:42:09 [main] INFO  demoqaLog - Test Elements | Home | Selecting Documents | WorkSpace Check Box Completed...
]]></system-out>
  </testcase>
  <testcase name="SelectReact" classname="tests.ElementsTests" time="3.217">
    <system-out><![CDATA[2025-08-18 19:42:09 [main] INFO  demoqaBase - Closing the Browser...
2025-08-18 19:42:09 [main] INFO  demoqaBase - Starting Web Browser...
2025-08-18 19:42:11 [main] INFO  demoqaBase - Navigating to demoqa.com Website
2025-08-18 19:42:17 [main] INFO  demoqaLog - Successfully navigated to: https://demoqa.com
2025-08-18 19:42:17 [main] INFO  demoqaLog - Starting Test Elements|Home|Selecting Documents|WorkSpace|React Check Box Test...
Instance Variables Declared are: nullnull
2025-08-18 19:42:17 [main] INFO  demoqaLog - Accessing Elements Card...
2025-08-18 19:42:18 [main] INFO  demoqaLog - Successfully navigated to: https://demoqa.com
2025-08-18 19:42:18 [main] INFO  demoqaLog - Clicking on Elements Card...
Title of this Page is: DEMOQA
You can now Access: Elements
 
2025-08-18 19:42:18 [main] INFO  demoqaLog - Accessing Check Box...
Check Box
2025-08-18 19:42:19 [main] INFO  demoqaLog - You are accessing: Check Box
2025-08-18 19:42:19 [main] INFO  demoqaLog - Clicking on Home Toggle Button...
2025-08-18 19:42:19 [main] INFO  demoqaLog - Clicking on Documents Toggle Button...
2025-08-18 19:42:19 [main] INFO  demoqaLog - Clicking WorkSpace Toggle Button...
2025-08-18 19:42:19 [main] INFO  demoqaLog - Clicked WorkSpace Toggle Button...
2025-08-18 19:42:19 [main] INFO  demoqaLog - Selecting WorkSpace | React Check Box...
2025-08-18 19:42:20 [main] INFO  demoqaLog - Selected WorkSpace | React Check Box...
Information Submitted is: You have selected :
react
2025-08-18 19:42:20 [main] INFO  demoqaLog - You have Selected: You have selected :
react
2025-08-18 19:42:20 [main] INFO  demoqaLog - Test Elements|Home|Documents| Selecting WorkSpace|React Check Box Completed...
]]></system-out>
  </testcase>
  <testcase name="SelectAngular" classname="tests.ElementsTests" time="3.286">
    <system-out><![CDATA[2025-08-18 19:42:20 [main] INFO  demoqaBase - Closing the Browser...
2025-08-18 19:42:21 [main] INFO  demoqaBase - Starting Web Browser...
2025-08-18 19:42:23 [main] INFO  demoqaBase - Navigating to demoqa.com Website
2025-08-18 19:42:29 [main] INFO  demoqaLog - Successfully navigated to: https://demoqa.com
2025-08-18 19:42:29 [main] INFO  demoqaLog - Starting Test Elements|Home|Selecting Documents|WorkSpace|Angular Check Box Test...
Instance Variables Declared are: nullnull
2025-08-18 19:42:29 [main] INFO  demoqaLog - Accessing Elements Card...
2025-08-18 19:42:30 [main] INFO  demoqaLog - Successfully navigated to: https://demoqa.com
2025-08-18 19:42:30 [main] INFO  demoqaLog - Clicking on Elements Card...
Title of this Page is: DEMOQA
You can now Access: Elements
 
2025-08-18 19:42:31 [main] INFO  demoqaLog - Accessing Check Box...
Check Box
2025-08-18 19:42:31 [main] INFO  demoqaLog - You are accessing: Check Box
2025-08-18 19:42:31 [main] INFO  demoqaLog - Clicking on Home Toggle Button...
2025-08-18 19:42:31 [main] INFO  demoqaLog - Clicking on Documents Toggle Button...
2025-08-18 19:42:32 [main] INFO  demoqaLog - Clicking WorkSpace Toggle Button...
2025-08-18 19:42:32 [main] INFO  demoqaLog - Clicked WorkSpace Toggle Button...
2025-08-18 19:42:32 [main] INFO  demoqaLog - Selecting WorkSpace | Angular Check Box...
2025-08-18 19:42:32 [main] INFO  demoqaLog - Selected WorkSpace | Angular Check Box...
Information Submitted is: You have selected :
angular
2025-08-18 19:42:32 [main] INFO  demoqaLog - You have Selected: You have selected :
angular
2025-08-18 19:42:32 [main] INFO  demoqaLog - Test Elements|Home|Documents| Selecting WorkSpace|Angular Check Box Completed...
]]></system-out>
  </testcase>
  <testcase name="SelectVeu" classname="tests.ElementsTests" time="2.623">
    <system-out><![CDATA[2025-08-18 19:42:32 [main] INFO  demoqaBase - Closing the Browser...
2025-08-18 19:42:33 [main] INFO  demoqaBase - Starting Web Browser...
2025-08-18 19:42:35 [main] INFO  demoqaBase - Navigating to demoqa.com Website
2025-08-18 19:42:41 [main] INFO  demoqaLog - Successfully navigated to: https://demoqa.com
2025-08-18 19:42:41 [main] INFO  demoqaLog - Starting Test Elements|Home|Selecting Documents|WorkSpace|Veu Check Box Test...
Instance Variables Declared are: nullnull
2025-08-18 19:42:41 [main] INFO  demoqaLog - Accessing Elements Card...
2025-08-18 19:42:42 [main] INFO  demoqaLog - Successfully navigated to: https://demoqa.com
2025-08-18 19:42:42 [main] INFO  demoqaLog - Clicking on Elements Card...
Title of this Page is: DEMOQA
You can now Access: Elements
 
2025-08-18 19:42:43 [main] INFO  demoqaLog - Accessing Check Box...
Check Box
2025-08-18 19:42:43 [main] INFO  demoqaLog - You are accessing: Check Box
2025-08-18 19:42:43 [main] INFO  demoqaLog - Clicking on Home Toggle Button...
2025-08-18 19:42:43 [main] INFO  demoqaLog - Clicking on Documents Toggle Button...
2025-08-18 19:42:44 [main] INFO  demoqaLog - Clicking WorkSpace Toggle Button...
2025-08-18 19:42:44 [main] INFO  demoqaLog - Clicked WorkSpace Toggle Button...
2025-08-18 19:42:44 [main] INFO  demoqaLog - Selecting WorkSpace | Veu Check Box...
2025-08-18 19:42:44 [main] INFO  demoqaLog - Selected WorkSpace | Veu Check Box...
Information Submitted is: You have selected :
veu
2025-08-18 19:42:44 [main] INFO  demoqaLog - You have Selected: You have selected :
veu
2025-08-18 19:42:44 [main] INFO  demoqaLog - Test Elements|Home|Documents| Selecting WorkSpace|Veu Check Box Completed...
]]></system-out>
  </testcase>
  <testcase name="SelectReactAnuglarVeu" classname="tests.ElementsTests" time="3.362">
    <system-out><![CDATA[2025-08-18 19:42:44 [main] INFO  demoqaBase - Closing the Browser...
2025-08-18 19:42:45 [main] INFO  demoqaBase - Starting Web Browser...
2025-08-18 19:42:46 [main] INFO  demoqaBase - Navigating to demoqa.com Website
2025-08-18 19:42:52 [main] INFO  demoqaLog - Successfully navigated to: https://demoqa.com
2025-08-18 19:42:52 [main] INFO  demoqaLog - Starting Test Elements|Home|Selecting Documents|WorkSpace|React-Anuglar-Veu Check Box Test...
Instance Variables Declared are: nullnull
2025-08-18 19:42:52 [main] INFO  demoqaLog - Accessing Elements Card...
2025-08-18 19:42:53 [main] INFO  demoqaLog - Successfully navigated to: https://demoqa.com
2025-08-18 19:42:53 [main] INFO  demoqaLog - Clicking on Elements Card...
Title of this Page is: DEMOQA
You can now Access: Elements
 
2025-08-18 19:42:53 [main] INFO  demoqaLog - Accessing Check Box...
Check Box
2025-08-18 19:42:54 [main] INFO  demoqaLog - You are accessing: Check Box
2025-08-18 19:42:54 [main] INFO  demoqaLog - Clicking on Home Toggle Button...
2025-08-18 19:42:54 [main] INFO  demoqaLog - Clicking on Documents Toggle Button...
2025-08-18 19:42:54 [main] INFO  demoqaLog - Clicking WorkSpace Toggle Button...
2025-08-18 19:42:54 [main] INFO  demoqaLog - Clicked WorkSpace Toggle Button...
2025-08-18 19:42:54 [main] INFO  demoqaLog - Selecting WorkSpace | React Check Box...
2025-08-18 19:42:54 [main] INFO  demoqaLog - Selected WorkSpace | React Check Box...
2025-08-18 19:42:54 [main] INFO  demoqaLog - Selecting WorkSpace | Angular Check Box...
2025-08-18 19:42:55 [main] INFO  demoqaLog - Selected WorkSpace | Angular Check Box...
2025-08-18 19:42:55 [main] INFO  demoqaLog - Selecting WorkSpace | Veu Check Box...
2025-08-18 19:42:55 [main] INFO  demoqaLog - Selected WorkSpace | Veu Check Box...
Information Submitted is: You have selected :
workspace
react
angular
veu
2025-08-18 19:42:55 [main] INFO  demoqaLog - You have Selected: You have selected :
workspace
react
angular
veu
2025-08-18 19:42:55 [main] INFO  demoqaLog - Test Elements|Home|Documents| Selecting WorkSpace|React-Anuglar-Veu Check Box Completed...
]]></system-out>
  </testcase>
  <testcase name="SelectingOffice" classname="tests.ElementsTests" time="2.714">
    <system-out><![CDATA[2025-08-18 19:42:55 [main] INFO  demoqaBase - Closing the Browser...
2025-08-18 19:42:55 [main] INFO  demoqaBase - Starting Web Browser...
2025-08-18 19:42:58 [main] INFO  demoqaBase - Navigating to demoqa.com Website
2025-08-18 19:43:07 [main] INFO  demoqaLog - Successfully navigated to: https://demoqa.com
2025-08-18 19:43:07 [main] INFO  demoqaLog - Starting Test Elements|Home|Selecting Documents|Office Check Box Test...
Instance Variables Declared are: nullnull
2025-08-18 19:43:07 [main] INFO  demoqaLog - Accessing Elements Card...
2025-08-18 19:43:08 [main] INFO  demoqaLog - Successfully navigated to: https://demoqa.com
2025-08-18 19:43:08 [main] INFO  demoqaLog - Clicking on Elements Card...
Title of this Page is: DEMOQA
You can now Access: Elements
 
2025-08-18 19:43:09 [main] INFO  demoqaLog - Accessing Check Box...
Check Box
2025-08-18 19:43:09 [main] INFO  demoqaLog - You are accessing: Check Box
2025-08-18 19:43:09 [main] INFO  demoqaLog - Clicking on Home Toggle Button...
2025-08-18 19:43:09 [main] INFO  demoqaLog - Clicking on Documents Toggle Button...
2025-08-18 19:43:09 [main] INFO  demoqaLog - Selecting WorkSpace Check Box...
2025-08-18 19:43:10 [main] INFO  demoqaLog - Selected WorkSpace Check Box...
Information Submitted is: You have selected :
office
public
private
classified
general
2025-08-18 19:43:10 [main] INFO  demoqaLog - You have Selected: You have selected :
office
public
private
classified
general
2025-08-18 19:43:10 [main] INFO  demoqaLog - Test Elements|Home|Selecting Documents|Office Check Box Completed...
]]></system-out>
  </testcase>
  <testcase name="SelectPublic" classname="tests.ElementsTests" time="3.418">
    <system-out><![CDATA[2025-08-18 19:43:10 [main] INFO  demoqaBase - Closing the Browser...
2025-08-18 19:43:10 [main] INFO  demoqaBase - Starting Web Browser...
2025-08-18 19:43:12 [main] INFO  demoqaBase - Navigating to demoqa.com Website
2025-08-18 19:43:20 [main] INFO  demoqaLog - Successfully navigated to: https://demoqa.com
2025-08-18 19:43:20 [main] INFO  demoqaLog - Starting Test Elements|Home|Selecting Documents|Office|Public Check Box Test...
Instance Variables Declared are: nullnull
2025-08-18 19:43:20 [main] INFO  demoqaLog - Accessing Elements Card...
2025-08-18 19:43:21 [main] INFO  demoqaLog - Successfully navigated to: https://demoqa.com
2025-08-18 19:43:21 [main] INFO  demoqaLog - Clicking on Elements Card...
Title of this Page is: DEMOQA
You can now Access: Elements
 
2025-08-18 19:43:22 [main] INFO  demoqaLog - Accessing Check Box...
Check Box
2025-08-18 19:43:23 [main] INFO  demoqaLog - You are accessing: Check Box
2025-08-18 19:43:23 [main] INFO  demoqaLog - Clicking on Home Toggle Button...
2025-08-18 19:43:23 [main] INFO  demoqaLog - Clicking on Documents Toggle Button...
2025-08-18 19:43:23 [main] INFO  demoqaLog - Clicking Office Toggle Button...
2025-08-18 19:43:23 [main] INFO  demoqaLog - Clicked Office Toggle Button...
2025-08-18 19:43:23 [main] INFO  demoqaLog - Selecting Office | Public Check Box...
2025-08-18 19:43:23 [main] INFO  demoqaLog - Selected Office | Public Check Box...
Information Submitted is: You have selected :
public
2025-08-18 19:43:23 [main] INFO  demoqaLog - You have Selected: You have selected :
public
2025-08-18 19:43:23 [main] INFO  demoqaLog - Test Elements|Home|Documents|Office|Selecting Public Check Box Completed...
]]></system-out>
  </testcase>
  <testcase name="SelectPrivate" classname="tests.ElementsTests" time="3.441">
    <system-out><![CDATA[2025-08-18 19:43:23 [main] INFO  demoqaBase - Closing the Browser...
2025-08-18 19:43:24 [main] INFO  demoqaBase - Starting Web Browser...
2025-08-18 19:43:26 [main] INFO  demoqaBase - Navigating to demoqa.com Website
2025-08-18 19:43:31 [main] INFO  demoqaLog - Successfully navigated to: https://demoqa.com
2025-08-18 19:43:31 [main] INFO  demoqaLog - Starting Test Elements|Home|Selecting Documents|Office|Private Check Box Test...
Instance Variables Declared are: nullnull
2025-08-18 19:43:31 [main] INFO  demoqaLog - Accessing Elements Card...
2025-08-18 19:43:32 [main] INFO  demoqaLog - Successfully navigated to: https://demoqa.com
2025-08-18 19:43:32 [main] INFO  demoqaLog - Clicking on Elements Card...
Title of this Page is: DEMOQA
You can now Access: Elements
 
2025-08-18 19:43:33 [main] INFO  demoqaLog - Accessing Check Box...
Check Box
2025-08-18 19:43:33 [main] INFO  demoqaLog - You are accessing: Check Box
2025-08-18 19:43:33 [main] INFO  demoqaLog - Clicking on Home Toggle Button...
2025-08-18 19:43:33 [main] INFO  demoqaLog - Clicking on Documents Toggle Button...
2025-08-18 19:43:34 [main] INFO  demoqaLog - Clicking Office Toggle Button...
2025-08-18 19:43:34 [main] INFO  demoqaLog - Clicked Office Toggle Button...
2025-08-18 19:43:34 [main] INFO  demoqaLog - Selecting Office | Private Check Box...
2025-08-18 19:43:34 [main] INFO  demoqaLog - Selected Office | Private Check Box...
Information Submitted is: You have selected :
private
2025-08-18 19:43:34 [main] INFO  demoqaLog - You have Selected: You have selected :
private
2025-08-18 19:43:34 [main] INFO  demoqaLog - Test Elements|Home|Documents|Office|Selecting Private Check Box Completed...
]]></system-out>
  </testcase>
  <testcase name="SelectClassified" classname="tests.ElementsTests" time="3.107">
    <system-out><![CDATA[2025-08-18 19:43:34 [main] INFO  demoqaBase - Closing the Browser...
2025-08-18 19:43:35 [main] INFO  demoqaBase - Starting Web Browser...
2025-08-18 19:43:37 [main] INFO  demoqaBase - Navigating to demoqa.com Website
2025-08-18 19:43:41 [main] INFO  demoqaLog - Successfully navigated to: https://demoqa.com
2025-08-18 19:43:41 [main] INFO  demoqaLog - Starting Test Elements|Home|Selecting Documents|Office|Classified Check Box Test...
Instance Variables Declared are: nullnull
2025-08-18 19:43:41 [main] INFO  demoqaLog - Accessing Elements Card...
2025-08-18 19:43:42 [main] INFO  demoqaLog - Successfully navigated to: https://demoqa.com
2025-08-18 19:43:42 [main] INFO  demoqaLog - Clicking on Elements Card...
Title of this Page is: DEMOQA
You can now Access: Elements
 
2025-08-18 19:43:43 [main] INFO  demoqaLog - Accessing Check Box...
Check Box
2025-08-18 19:43:43 [main] INFO  demoqaLog - You are accessing: Check Box
2025-08-18 19:43:43 [main] INFO  demoqaLog - Clicking on Home Toggle Button...
2025-08-18 19:43:44 [main] INFO  demoqaLog - Clicking on Documents Toggle Button...
2025-08-18 19:43:44 [main] INFO  demoqaLog - Clicking Office Toggle Button...
2025-08-18 19:43:44 [main] INFO  demoqaLog - Clicked Office Toggle Button...
2025-08-18 19:43:44 [main] INFO  demoqaLog - Selecting Office | Classified Check Box...
Declared WebDriverWait: org.openqa.selenium.support.ui.WebDriverWait@2fac80a8
2025-08-18 19:43:44 [main] INFO  demoqaLog - Selected Office | Classified Check Box...
Information Submitted is: You have selected :
classified
2025-08-18 19:43:44 [main] INFO  demoqaLog - You have Selected: You have selected :
classified
2025-08-18 19:43:44 [main] INFO  demoqaLog - Test Elements|Home|Documents|Office|Selecting Classified Check Box Completed...
]]></system-out>
  </testcase>
  <testcase name="SelectGeneral" classname="tests.ElementsTests" time="2.867">
    <system-out><![CDATA[2025-08-18 19:43:44 [main] INFO  demoqaBase - Closing the Browser...
2025-08-18 19:43:45 [main] INFO  demoqaBase - Starting Web Browser...
2025-08-18 19:43:47 [main] INFO  demoqaBase - Navigating to demoqa.com Website
2025-08-18 19:43:52 [main] INFO  demoqaLog - Successfully navigated to: https://demoqa.com
2025-08-18 19:43:52 [main] INFO  demoqaLog - Starting Test Elements|Home|Selecting Documents|Office|General Check Box Test...
Instance Variables Declared are: nullnull
2025-08-18 19:43:52 [main] INFO  demoqaLog - Accessing Elements Card...
2025-08-18 19:43:53 [main] INFO  demoqaLog - Successfully navigated to: https://demoqa.com
2025-08-18 19:43:53 [main] INFO  demoqaLog - Clicking on Elements Card...
Title of this Page is: DEMOQA
You can now Access: Elements
 
2025-08-18 19:43:54 [main] INFO  demoqaLog - Accessing Check Box...
Check Box
2025-08-18 19:43:54 [main] INFO  demoqaLog - You are accessing: Check Box
2025-08-18 19:43:54 [main] INFO  demoqaLog - Clicking on Home Toggle Button...
2025-08-18 19:43:54 [main] INFO  demoqaLog - Clicking on Documents Toggle Button...
2025-08-18 19:43:55 [main] INFO  demoqaLog - Clicking Office Toggle Button...
2025-08-18 19:43:55 [main] INFO  demoqaLog - Clicked Office Toggle Button...
2025-08-18 19:43:55 [main] INFO  demoqaLog - Selecting Office | General Check Box...
2025-08-18 19:43:55 [main] INFO  demoqaLog - Selected Office | General Check Box...
Information Submitted is: You have selected :
general
2025-08-18 19:43:55 [main] INFO  demoqaLog - You have Selected: You have selected :
general
2025-08-18 19:43:55 [main] INFO  demoqaLog - Test Elements|Home|Documents|Office|Selecting General Check Box Completed...
]]></system-out>
  </testcase>
  <testcase name="SelectOfficeAll" classname="tests.ElementsTests" time="3.931">
    <system-out><![CDATA[2025-08-18 19:43:55 [main] INFO  demoqaBase - Closing the Browser...
2025-08-18 19:43:56 [main] INFO  demoqaBase - Starting Web Browser...
2025-08-18 19:43:58 [main] INFO  demoqaBase - Navigating to demoqa.com Website
2025-08-18 19:44:03 [main] INFO  demoqaLog - Successfully navigated to: https://demoqa.com
2025-08-18 19:44:03 [main] INFO  demoqaLog - Starting Test Elements|Home|Selecting Documents|Office|All Check Boxes Test...
Instance Variables Declared are: nullnull
2025-08-18 19:44:03 [main] INFO  demoqaLog - Accessing Elements Card...
2025-08-18 19:44:04 [main] INFO  demoqaLog - Successfully navigated to: https://demoqa.com
2025-08-18 19:44:04 [main] INFO  demoqaLog - Clicking on Elements Card...
Title of this Page is: DEMOQA
You can now Access: Elements
 
2025-08-18 19:44:05 [main] INFO  demoqaLog - Accessing Check Box...
Check Box
2025-08-18 19:44:05 [main] INFO  demoqaLog - You are accessing: Check Box
2025-08-18 19:44:05 [main] INFO  demoqaLog - Clicking on Home Toggle Button...
2025-08-18 19:44:06 [main] INFO  demoqaLog - Clicking on Documents Toggle Button...
2025-08-18 19:44:06 [main] INFO  demoqaLog - Clicking Office Toggle Button...
2025-08-18 19:44:06 [main] INFO  demoqaLog - Clicked Office Toggle Button...
2025-08-18 19:44:06 [main] INFO  demoqaLog - Selecting Office | Public Check Box...
2025-08-18 19:44:06 [main] INFO  demoqaLog - Selected Office | Public Check Box...
2025-08-18 19:44:06 [main] INFO  demoqaLog - Selecting Office | Private Check Box...
2025-08-18 19:44:06 [main] INFO  demoqaLog - Selected Office | Private Check Box...
2025-08-18 19:44:06 [main] INFO  demoqaLog - Selecting Office | Classified Check Box...
Declared WebDriverWait: org.openqa.selenium.support.ui.WebDriverWait@30af23fd
2025-08-18 19:44:06 [main] INFO  demoqaLog - Selected Office | Classified Check Box...
2025-08-18 19:44:06 [main] INFO  demoqaLog - Selecting Office | General Check Box...
2025-08-18 19:44:07 [main] INFO  demoqaLog - Selected Office | General Check Box...
Information Submitted is: You have selected :
office
public
private
classified
general
2025-08-18 19:44:07 [main] INFO  demoqaLog - You have Selected: You have selected :
office
public
private
classified
general
2025-08-18 19:44:07 [main] INFO  demoqaLog - Test Elements|Home|Documents|Office|Selecting All Check Boxes Completed...
]]></system-out>
  </testcase>
  <testcase name="SelectingDownloads" classname="tests.ElementsTests" time="3.188">
    <system-out><![CDATA[2025-08-18 19:44:07 [main] INFO  demoqaBase - Closing the Browser...
2025-08-18 19:44:07 [main] INFO  demoqaBase - Starting Web Browser...
2025-08-18 19:44:09 [main] INFO  demoqaBase - Navigating to demoqa.com Website
2025-08-18 19:44:14 [main] INFO  demoqaLog - Successfully navigated to: https://demoqa.com
2025-08-18 19:44:14 [main] INFO  demoqaLog - Starting Test Elements|Home|Selecting Downloads Check Box Test...
Instance Variables Declared are: nullnull
2025-08-18 19:44:14 [main] INFO  demoqaLog - Accessing Elements Card...
2025-08-18 19:44:16 [main] INFO  demoqaLog - Successfully navigated to: https://demoqa.com
2025-08-18 19:44:16 [main] INFO  demoqaLog - Clicking on Elements Card...
Title of this Page is: DEMOQA
You can now Access: Elements
 
2025-08-18 19:44:16 [main] INFO  demoqaLog - Accessing Check Box...
Check Box
2025-08-18 19:44:17 [main] INFO  demoqaLog - You are accessing: Check Box
2025-08-18 19:44:17 [main] INFO  demoqaLog - Clicking on Home Toggle Button...
2025-08-18 19:44:17 [main] INFO  demoqaLog - Selecting Downloads Check Box...
2025-08-18 19:44:17 [main] INFO  demoqaLog - Selected Downloads Check Box...
Information Submitted is: You have selected :
downloads
wordFile
excelFile
2025-08-18 19:44:17 [main] INFO  demoqaLog - You have Selected: You have selected :
downloads
wordFile
excelFile
2025-08-18 19:44:17 [main] INFO  demoqaLog - Test Elements|Home|Selecting Downloads Check Box Completed...
]]></system-out>
  </testcase>
  <testcase name="SelectingWordFile" classname="tests.ElementsTests" time="3.558">
    <system-out><![CDATA[2025-08-18 19:44:17 [main] INFO  demoqaBase - Closing the Browser...
2025-08-18 19:44:18 [main] INFO  demoqaBase - Starting Web Browser...
2025-08-18 19:44:20 [main] INFO  demoqaBase - Navigating to demoqa.com Website
2025-08-18 19:44:28 [main] INFO  demoqaLog - Successfully navigated to: https://demoqa.com
2025-08-18 19:44:28 [main] INFO  demoqaLog - Starting Test Elements|Home|Selecting Downloads|Word File Check Box Test...
Instance Variables Declared are: nullnull
2025-08-18 19:44:28 [main] INFO  demoqaLog - Accessing Elements Card...
2025-08-18 19:44:29 [main] INFO  demoqaLog - Successfully navigated to: https://demoqa.com
2025-08-18 19:44:29 [main] INFO  demoqaLog - Clicking on Elements Card...
Title of this Page is: DEMOQA
You can now Access: Elements
 
2025-08-18 19:44:30 [main] INFO  demoqaLog - Accessing Check Box...
Check Box
2025-08-18 19:44:30 [main] INFO  demoqaLog - You are accessing: Check Box
2025-08-18 19:44:30 [main] INFO  demoqaLog - Clicking on Home Toggle Button...
2025-08-18 19:44:31 [main] INFO  demoqaLog - Clicking Downloads Toggle Button...
2025-08-18 19:44:31 [main] INFO  demoqaLog - Clicked Downloads Toggle Button...
2025-08-18 19:44:31 [main] INFO  demoqaLog - Selecting Downloads | Word File Check Box...
2025-08-18 19:44:31 [main] INFO  demoqaLog - Selected Downloads | Word File Check Box...
Information Submitted is: You have selected :
wordFile
2025-08-18 19:44:31 [main] INFO  demoqaLog - You have Selected: You have selected :
wordFile
2025-08-18 19:44:31 [main] INFO  demoqaLog - Test Elements|Home|Selecting Downloads|Word File Check Box Completed...
]]></system-out>
  </testcase>
  <testcase name="SelectingExcelFile" classname="tests.ElementsTests" time="3.224">
    <system-out><![CDATA[2025-08-18 19:44:31 [main] INFO  demoqaBase - Closing the Browser...
2025-08-18 19:44:32 [main] INFO  demoqaBase - Starting Web Browser...
2025-08-18 19:44:34 [main] INFO  demoqaBase - Navigating to demoqa.com Website
2025-08-18 19:44:44 [main] INFO  demoqaLog - Successfully navigated to: https://demoqa.com
2025-08-18 19:44:44 [main] INFO  demoqaLog - Starting Test Elements|Home|Selecting Downloads|Excel File Check Box Test...
Instance Variables Declared are: nullnull
2025-08-18 19:44:44 [main] INFO  demoqaLog - Accessing Elements Card...
2025-08-18 19:44:45 [main] INFO  demoqaLog - Successfully navigated to: https://demoqa.com
2025-08-18 19:44:45 [main] INFO  demoqaLog - Clicking on Elements Card...
Title of this Page is: DEMOQA
You can now Access: Elements
 
2025-08-18 19:44:46 [main] INFO  demoqaLog - Accessing Check Box...
Check Box
2025-08-18 19:44:46 [main] INFO  demoqaLog - You are accessing: Check Box
2025-08-18 19:44:46 [main] INFO  demoqaLog - Clicking on Home Toggle Button...
2025-08-18 19:44:47 [main] INFO  demoqaLog - Clicking Downloads Toggle Button...
2025-08-18 19:44:47 [main] INFO  demoqaLog - Clicked Downloads Toggle Button...
2025-08-18 19:44:47 [main] INFO  demoqaLog - Selecting Downloads | Excel File Check Box...
2025-08-18 19:44:47 [main] INFO  demoqaLog - Selected Downloads | Excel File Check Box...
Information Submitted is: You have selected :
excelFile
2025-08-18 19:44:47 [main] INFO  demoqaLog - You have Selected: You have selected :
excelFile
2025-08-18 19:44:47 [main] INFO  demoqaLog - Test Elements|Home|Selecting Downloads|Excel File Check Box Completed...
]]></system-out>
  </testcase>
  <testcase name="SelectingAllFiles" classname="tests.ElementsTests" time="3.464">
    <system-out><![CDATA[2025-08-18 19:44:47 [main] INFO  demoqaBase - Closing the Browser...
2025-08-18 19:44:48 [main] INFO  demoqaBase - Starting Web Browser...
2025-08-18 19:44:50 [main] INFO  demoqaBase - Navigating to demoqa.com Website
2025-08-18 19:44:59 [main] INFO  demoqaLog - Successfully navigated to: https://demoqa.com
2025-08-18 19:44:59 [main] INFO  demoqaLog - Starting Test Elements|Home|Selecting Downloads|Word & Excel File Check Boxes Test...
Instance Variables Declared are: nullnull
2025-08-18 19:44:59 [main] INFO  demoqaLog - Accessing Elements Card...
2025-08-18 19:45:00 [main] INFO  demoqaLog - Successfully navigated to: https://demoqa.com
2025-08-18 19:45:00 [main] INFO  demoqaLog - Clicking on Elements Card...
Title of this Page is: DEMOQA
You can now Access: Elements
 
2025-08-18 19:45:00 [main] INFO  demoqaLog - Accessing Check Box...
Check Box
2025-08-18 19:45:01 [main] INFO  demoqaLog - You are accessing: Check Box
2025-08-18 19:45:01 [main] INFO  demoqaLog - Clicking on Home Toggle Button...
2025-08-18 19:45:01 [main] INFO  demoqaLog - Clicking Downloads Toggle Button...
2025-08-18 19:45:02 [main] INFO  demoqaLog - Clicked Downloads Toggle Button...
2025-08-18 19:45:02 [main] INFO  demoqaLog - Selecting Downloads | Word File Check Box...
2025-08-18 19:45:02 [main] INFO  demoqaLog - Selected Downloads | Word File Check Box...
2025-08-18 19:45:02 [main] INFO  demoqaLog - Selecting Downloads | Excel File Check Box...
2025-08-18 19:45:02 [main] INFO  demoqaLog - Selected Downloads | Excel File Check Box...
Information Submitted is: You have selected :
downloads
wordFile
excelFile
2025-08-18 19:45:02 [main] INFO  demoqaLog - You have Selected: You have selected :
downloads
wordFile
excelFile
2025-08-18 19:45:02 [main] INFO  demoqaLog - Test Elements|Home|Selecting Downloads|Word & Excel File Check Boxes Completed...
]]></system-out>
  </testcase>
  <testcase name="clickRadioButton" classname="tests.ElementsTests" time="2.484">
    <system-out><![CDATA[2025-08-18 19:45:02 [main] INFO  demoqaBase - Closing the Browser...
2025-08-18 19:45:03 [main] INFO  demoqaBase - Starting Web Browser...
2025-08-18 19:45:04 [main] INFO  demoqaBase - Navigating to demoqa.com Website
2025-08-18 19:45:11 [main] INFO  demoqaLog - Successfully navigated to: https://demoqa.com
2025-08-18 19:45:11 [main] INFO  demoqaLog - Starting Test Elements|Radio Button Test...
Instance Variables Declared are: nullnull
2025-08-18 19:45:11 [main] INFO  demoqaLog - Accessing Elements Card...
2025-08-18 19:45:12 [main] INFO  demoqaLog - Successfully navigated to: https://demoqa.com
2025-08-18 19:45:12 [main] INFO  demoqaLog - Clicking on Elements Card...
Title of this Page is: DEMOQA
You can now Access: Elements
 
2025-08-18 19:45:13 [main] INFO  demoqaLog - Clicking on Radio Button...
2025-08-18 19:45:13 [main] INFO  demoqaLog - Validating Radio Button Click...
Page Title is: Radio Button
2025-08-18 19:45:13 [main] INFO  demoqaLog - Test Elements|Radio Button Completed...
]]></system-out>
  </testcase>
  <testcase name="SelectYesRadioButton" classname="tests.ElementsTests" time="3.062">
    <system-out><![CDATA[2025-08-18 19:45:13 [main] INFO  demoqaBase - Closing the Browser...
2025-08-18 19:45:14 [main] INFO  demoqaBase - Starting Web Browser...
2025-08-18 19:45:16 [main] INFO  demoqaBase - Navigating to demoqa.com Website
2025-08-18 19:45:21 [main] INFO  demoqaLog - Successfully navigated to: https://demoqa.com
2025-08-18 19:45:21 [main] INFO  demoqaLog - Starting Test Elements|Yes Radio Button Test...
Instance Variables Declared are: nullnull
2025-08-18 19:45:21 [main] INFO  demoqaLog - Accessing Elements Card...
2025-08-18 19:45:23 [main] INFO  demoqaLog - Successfully navigated to: https://demoqa.com
2025-08-18 19:45:23 [main] INFO  demoqaLog - Clicking on Elements Card...
Title of this Page is: DEMOQA
You can now Access: Elements
 
2025-08-18 19:45:23 [main] INFO  demoqaLog - Clicking on Radio Button...
2025-08-18 19:45:24 [main] INFO  demoqaLog - Selecting on Yes Radio Button...
Declared WebDriverWait: org.openqa.selenium.support.ui.WebDriverWait@1191029d
2025-08-18 19:45:24 [main] INFO  demoqaLog - Validating Radio Selection Test Result...
2025-08-18 19:45:25 [main] INFO  demoqaLog - You have selected: Yes
2025-08-18 19:45:25 [main] INFO  demoqaLog - Test Case of Radio Button Selection PASSED...
2025-08-18 19:45:25 [main] INFO  demoqaLog - Test Elements|Yes Radio Button Completed...
]]></system-out>
  </testcase>
  <testcase name="SelectImpressiveRadioButton" classname="tests.ElementsTests" time="2.551">
    <system-out><![CDATA[2025-08-18 19:45:25 [main] INFO  demoqaBase - Closing the Browser...
2025-08-18 19:45:25 [main] INFO  demoqaBase - Starting Web Browser...
2025-08-18 19:45:27 [main] INFO  demoqaBase - Navigating to demoqa.com Website
2025-08-18 19:45:33 [main] INFO  demoqaLog - Successfully navigated to: https://demoqa.com
2025-08-18 19:45:33 [main] INFO  demoqaLog - Starting Test Elements|Yes Radio Button Test...
Instance Variables Declared are: nullnull
2025-08-18 19:45:33 [main] INFO  demoqaLog - Accessing Elements Card...
2025-08-18 19:45:34 [main] INFO  demoqaLog - Successfully navigated to: https://demoqa.com
2025-08-18 19:45:34 [main] INFO  demoqaLog - Clicking on Elements Card...
Title of this Page is: DEMOQA
You can now Access: Elements
 
2025-08-18 19:45:35 [main] INFO  demoqaLog - Clicking on Radio Button...
2025-08-18 19:45:35 [main] INFO  demoqaLog - Selecting on Impressive Radio Button...
Declared WebDriverWait: org.openqa.selenium.support.ui.WebDriverWait@190bf8e4
2025-08-18 19:45:35 [main] INFO  demoqaLog - Validating Radio Selection Test Result...
2025-08-18 19:45:36 [main] INFO  demoqaLog - You have selected: Impressive
2025-08-18 19:45:36 [main] INFO  demoqaLog - Test Case of Radio Button Selection PASSED...
2025-08-18 19:45:36 [main] INFO  demoqaLog - Test Elements|Radio Button|Impressive Completed...
]]></system-out>
  </testcase>
  <testcase name="WebTablesClick" classname="tests.ElementsTests" time="2.21">
    <system-out><![CDATA[2025-08-18 19:45:36 [main] INFO  demoqaBase - Closing the Browser...
2025-08-18 19:45:36 [main] INFO  demoqaBase - Starting Web Browser...
2025-08-18 19:45:38 [main] INFO  demoqaBase - Navigating to demoqa.com Website
2025-08-18 19:45:46 [main] INFO  demoqaLog - Successfully navigated to: https://demoqa.com
2025-08-18 19:45:46 [main] INFO  demoqaLog - Starting Test Elements|Web Tables Test...
Instance Variables Declared are: nullnull
2025-08-18 19:45:46 [main] INFO  demoqaLog - Accessing Elements Card...
2025-08-18 19:45:48 [main] INFO  demoqaLog - Successfully navigated to: https://demoqa.com
2025-08-18 19:45:48 [main] INFO  demoqaLog - Clicking on Elements Card...
Title of this Page is: DEMOQA
You can now Access: Elements
 
2025-08-18 19:45:48 [main] INFO  demoqaLog - Click on Elements|Web Tables...
2025-08-18 19:45:49 [main] INFO  demoqaLog - Test Elements|Web Tables Completed...
]]></system-out>
  </testcase>
  <testcase name="webTableNewRegistration[WebTableUser{firstName=&apos;Johny&apos;, lastName=&apos;Bravo&apos;, email=&apos;Jbravo@demoqa.com&apos;, salary=280000, age=340, department=&apos;Information Technology&apos;}](1)" classname="tests.ElementsTests" time="5.846">
    <system-out><![CDATA[2025-08-18 19:45:49 [main] INFO  demoqaBase - Closing the Browser...
2025-08-18 19:45:51 [main] INFO  demoqaBase - Starting Web Browser...
2025-08-18 19:45:53 [main] INFO  demoqaBase - Navigating to demoqa.com Website
2025-08-18 19:46:01 [main] INFO  demoqaLog - Successfully navigated to: https://demoqa.com
2025-08-18 19:46:01 [main] INFO  demoqaLog - Starting Test Elements|Web Tables|Registration Form Create User...
Instance Variables Declared are: nullnull
2025-08-18 19:46:01 [main] INFO  demoqaLog - Accessing Elements Card...
2025-08-18 19:46:02 [main] INFO  demoqaLog - Successfully navigated to: https://demoqa.com
2025-08-18 19:46:02 [main] INFO  demoqaLog - Clicking on Elements Card...
Title of this Page is: DEMOQA
You can now Access: Elements
 
2025-08-18 19:46:03 [main] INFO  demoqaLog - Click on Elements|Web Tables...
2025-08-18 19:46:03 [main] INFO  demoqaLog - Click on Elements|Web Tables|Registration Form...
2025-08-18 19:46:03 [main] ERROR demoqaLog - Registering User: Johny
2025-08-18 19:46:03 [main] INFO  demoqaLog - Click on Elements|Web Tables|Registration Form|FirstName...
2025-08-18 19:46:04 [main] INFO  demoqaLog - First Name entered is: Johny
2025-08-18 19:46:04 [main] INFO  demoqaLog - Click on Elements|Web Tables|Registration Form|LastName...
Last Name is: Bravo
2025-08-18 19:46:04 [main] INFO  demoqaLog - Last Name entered is: Bravo
2025-08-18 19:46:04 [main] INFO  demoqaLog - Click on Elements|Web Tables|Registration Form|Email...
Email ID is: Jbravo@demoqa.com
2025-08-18 19:46:05 [main] INFO  demoqaLog - Email entered is: Jbravo@demoqa.com
2025-08-18 19:46:05 [main] INFO  demoqaLog - Click on Elements|Web Tables|Registration Form|Age...
2025-08-18 19:46:05 [main] INFO  demoqaLog - Age entered is: 34
2025-08-18 19:46:05 [main] INFO  demoqaLog - Click on Elements|Web Tables|Registration Form|Salary...
2025-08-18 19:46:06 [main] INFO  demoqaLog - Salary entered is: 280000
2025-08-18 19:46:06 [main] INFO  demoqaLog - Click on Elements|Web Tables|Registration Form|Department...
2025-08-18 19:46:06 [main] INFO  demoqaLog - Department entered is: Information Technology
2025-08-18 19:46:06 [main] INFO  demoqaLog - Submitting Registration Form...
2025-08-18 19:46:07 [main] INFO  demoqaLog - Registration Form Submitted...
2025-08-18 19:46:07 [main] ERROR demoqaLog - Submitted to register user: Johny
2025-08-18 19:46:07 [main] INFO  demoqaLog - Test Elements|Web Tables|Registration Form Create User Completed...
]]></system-out>
  </testcase>
  <testcase name="webTableNewRegistration[WebTableUser{firstName=&apos;Gene&apos;, lastName=&apos;Femina&apos;, email=&apos;GFemina@demoqa.com&apos;, salary=180000, age=300, department=&apos;Finance&apos;}](2)" classname="tests.ElementsTests" time="5.773">
    <system-out><![CDATA[2025-08-18 19:46:07 [main] INFO  demoqaBase - Closing the Browser...
2025-08-18 19:46:07 [main] INFO  demoqaBase - Starting Web Browser...
2025-08-18 19:46:09 [main] INFO  demoqaBase - Navigating to demoqa.com Website
2025-08-18 19:46:14 [main] INFO  demoqaLog - Successfully navigated to: https://demoqa.com
2025-08-18 19:46:14 [main] INFO  demoqaLog - Starting Test Elements|Web Tables|Registration Form Create User...
Instance Variables Declared are: nullnull
2025-08-18 19:46:14 [main] INFO  demoqaLog - Accessing Elements Card...
2025-08-18 19:46:15 [main] INFO  demoqaLog - Successfully navigated to: https://demoqa.com
2025-08-18 19:46:15 [main] INFO  demoqaLog - Clicking on Elements Card...
Title of this Page is: DEMOQA
You can now Access: Elements
 
2025-08-18 19:46:16 [main] INFO  demoqaLog - Click on Elements|Web Tables...
2025-08-18 19:46:16 [main] INFO  demoqaLog - Click on Elements|Web Tables|Registration Form...
2025-08-18 19:46:17 [main] ERROR demoqaLog - Registering User: Gene
2025-08-18 19:46:17 [main] INFO  demoqaLog - Click on Elements|Web Tables|Registration Form|FirstName...
2025-08-18 19:46:17 [main] INFO  demoqaLog - First Name entered is: Gene
2025-08-18 19:46:17 [main] INFO  demoqaLog - Click on Elements|Web Tables|Registration Form|LastName...
Last Name is: Femina
2025-08-18 19:46:18 [main] INFO  demoqaLog - Last Name entered is: Femina
2025-08-18 19:46:18 [main] INFO  demoqaLog - Click on Elements|Web Tables|Registration Form|Email...
Email ID is: GFemina@demoqa.com
2025-08-18 19:46:18 [main] INFO  demoqaLog - Email entered is: GFemina@demoqa.com
2025-08-18 19:46:18 [main] INFO  demoqaLog - Click on Elements|Web Tables|Registration Form|Age...
2025-08-18 19:46:19 [main] INFO  demoqaLog - Age entered is: 30
2025-08-18 19:46:19 [main] INFO  demoqaLog - Click on Elements|Web Tables|Registration Form|Salary...
2025-08-18 19:46:19 [main] INFO  demoqaLog - Salary entered is: 180000
2025-08-18 19:46:19 [main] INFO  demoqaLog - Click on Elements|Web Tables|Registration Form|Department...
2025-08-18 19:46:19 [main] INFO  demoqaLog - Department entered is: Finance
2025-08-18 19:46:20 [main] INFO  demoqaLog - Submitting Registration Form...
2025-08-18 19:46:20 [main] INFO  demoqaLog - Registration Form Submitted...
2025-08-18 19:46:20 [main] ERROR demoqaLog - Submitted to register user: Gene
2025-08-18 19:46:20 [main] INFO  demoqaLog - Test Elements|Web Tables|Registration Form Create User Completed...
]]></system-out>
  </testcase>
  <testcase name="webTableNewRegistration[WebTableUser{firstName=&apos;Bud&apos;, lastName=&apos;Wisem&apos;, email=&apos;BWisem@demoqa.com&apos;, salary=150000, age=400, department=&apos;Medicine&apos;}](3)" classname="tests.ElementsTests" time="5.602">
    <system-out><![CDATA[2025-08-18 19:46:20 [main] INFO  demoqaBase - Closing the Browser...
2025-08-18 19:46:21 [main] INFO  demoqaBase - Starting Web Browser...
2025-08-18 19:46:23 [main] INFO  demoqaBase - Navigating to demoqa.com Website
2025-08-18 19:46:28 [main] INFO  demoqaLog - Successfully navigated to: https://demoqa.com
2025-08-18 19:46:28 [main] INFO  demoqaLog - Starting Test Elements|Web Tables|Registration Form Create User...
Instance Variables Declared are: nullnull
2025-08-18 19:46:28 [main] INFO  demoqaLog - Accessing Elements Card...
2025-08-18 19:46:29 [main] INFO  demoqaLog - Successfully navigated to: https://demoqa.com
2025-08-18 19:46:29 [main] INFO  demoqaLog - Clicking on Elements Card...
Title of this Page is: DEMOQA
You can now Access: Elements
 
2025-08-18 19:46:29 [main] INFO  demoqaLog - Click on Elements|Web Tables...
2025-08-18 19:46:30 [main] INFO  demoqaLog - Click on Elements|Web Tables|Registration Form...
2025-08-18 19:46:30 [main] ERROR demoqaLog - Registering User: Bud
2025-08-18 19:46:30 [main] INFO  demoqaLog - Click on Elements|Web Tables|Registration Form|FirstName...
2025-08-18 19:46:30 [main] INFO  demoqaLog - First Name entered is: Bud
2025-08-18 19:46:30 [main] INFO  demoqaLog - Click on Elements|Web Tables|Registration Form|LastName...
Last Name is: Wisem
2025-08-18 19:46:31 [main] INFO  demoqaLog - Last Name entered is: Wisem
2025-08-18 19:46:31 [main] INFO  demoqaLog - Click on Elements|Web Tables|Registration Form|Email...
Email ID is: BWisem@demoqa.com
2025-08-18 19:46:32 [main] INFO  demoqaLog - Email entered is: BWisem@demoqa.com
2025-08-18 19:46:32 [main] INFO  demoqaLog - Click on Elements|Web Tables|Registration Form|Age...
2025-08-18 19:46:32 [main] INFO  demoqaLog - Age entered is: 40
2025-08-18 19:46:32 [main] INFO  demoqaLog - Click on Elements|Web Tables|Registration Form|Salary...
2025-08-18 19:46:32 [main] INFO  demoqaLog - Salary entered is: 150000
2025-08-18 19:46:32 [main] INFO  demoqaLog - Click on Elements|Web Tables|Registration Form|Department...
2025-08-18 19:46:33 [main] INFO  demoqaLog - Department entered is: Medicine
2025-08-18 19:46:33 [main] INFO  demoqaLog - Submitting Registration Form...
2025-08-18 19:46:33 [main] INFO  demoqaLog - Registration Form Submitted...
2025-08-18 19:46:33 [main] ERROR demoqaLog - Submitted to register user: Bud
2025-08-18 19:46:33 [main] INFO  demoqaLog - Test Elements|Web Tables|Registration Form Create User Completed...
]]></system-out>
  </testcase>
  <testcase name="webTableNewRegistration[WebTableUser{firstName=&apos;Tom&apos;, lastName=&apos;Boss&apos;, email=&apos;TBoss@demoqa.com&apos;, salary=190000, age=420, department=&apos;Recreation&apos;}](4)" classname="tests.ElementsTests" time="5.619">
    <system-out><![CDATA[2025-08-18 19:46:33 [main] INFO  demoqaBase - Closing the Browser...
2025-08-18 19:46:34 [main] INFO  demoqaBase - Starting Web Browser...
2025-08-18 19:46:36 [main] INFO  demoqaBase - Navigating to demoqa.com Website
2025-08-18 19:46:43 [main] INFO  demoqaLog - Successfully navigated to: https://demoqa.com
2025-08-18 19:46:43 [main] INFO  demoqaLog - Starting Test Elements|Web Tables|Registration Form Create User...
Instance Variables Declared are: nullnull
2025-08-18 19:46:43 [main] INFO  demoqaLog - Accessing Elements Card...
2025-08-18 19:46:44 [main] INFO  demoqaLog - Successfully navigated to: https://demoqa.com
2025-08-18 19:46:44 [main] INFO  demoqaLog - Clicking on Elements Card...
Title of this Page is: DEMOQA
You can now Access: Elements
 
2025-08-18 19:46:45 [main] INFO  demoqaLog - Click on Elements|Web Tables...
2025-08-18 19:46:45 [main] INFO  demoqaLog - Click on Elements|Web Tables|Registration Form...
2025-08-18 19:46:45 [main] ERROR demoqaLog - Registering User: Tom
2025-08-18 19:46:45 [main] INFO  demoqaLog - Click on Elements|Web Tables|Registration Form|FirstName...
2025-08-18 19:46:46 [main] INFO  demoqaLog - First Name entered is: Tom
2025-08-18 19:46:46 [main] INFO  demoqaLog - Click on Elements|Web Tables|Registration Form|LastName...
Last Name is: Boss
2025-08-18 19:46:47 [main] INFO  demoqaLog - Last Name entered is: Boss
2025-08-18 19:46:47 [main] INFO  demoqaLog - Click on Elements|Web Tables|Registration Form|Email...
Email ID is: TBoss@demoqa.com
2025-08-18 19:46:47 [main] INFO  demoqaLog - Email entered is: TBoss@demoqa.com
2025-08-18 19:46:47 [main] INFO  demoqaLog - Click on Elements|Web Tables|Registration Form|Age...
2025-08-18 19:46:48 [main] INFO  demoqaLog - Age entered is: 42
2025-08-18 19:46:48 [main] INFO  demoqaLog - Click on Elements|Web Tables|Registration Form|Salary...
2025-08-18 19:46:48 [main] INFO  demoqaLog - Salary entered is: 190000
2025-08-18 19:46:48 [main] INFO  demoqaLog - Click on Elements|Web Tables|Registration Form|Department...
2025-08-18 19:46:49 [main] INFO  demoqaLog - Department entered is: Recreation
2025-08-18 19:46:49 [main] INFO  demoqaLog - Submitting Registration Form...
2025-08-18 19:46:49 [main] INFO  demoqaLog - Registration Form Submitted...
2025-08-18 19:46:49 [main] ERROR demoqaLog - Submitted to register user: Tom
2025-08-18 19:46:49 [main] INFO  demoqaLog - Test Elements|Web Tables|Registration Form Create User Completed...
]]></system-out>
  </testcase>
  <testcase name="webTableAddSearch[WebTableUser{firstName=&apos;Johny&apos;, lastName=&apos;Bravo&apos;, email=&apos;Jbravo@demoqa.com&apos;, salary=280000, age=340, department=&apos;Information Technology&apos;}](1)" classname="tests.ElementsTests" time="6.556">
    <system-out><![CDATA[2025-08-18 19:46:49 [main] INFO  demoqaBase - Closing the Browser...
2025-08-18 19:46:50 [main] INFO  demoqaBase - Starting Web Browser...
2025-08-18 19:46:52 [main] INFO  demoqaBase - Navigating to demoqa.com Website
2025-08-18 19:46:57 [main] INFO  demoqaLog - Successfully navigated to: https://demoqa.com
2025-08-18 19:46:57 [main] INFO  demoqaLog - Starting Test Registration Form Add & Search...
Instance Variables Declared are: nullnull
2025-08-18 19:46:57 [main] INFO  demoqaLog - Accessing Elements Card...
2025-08-18 19:46:58 [main] INFO  demoqaLog - Successfully navigated to: https://demoqa.com
2025-08-18 19:46:58 [main] INFO  demoqaLog - Clicking on Elements Card...
Title of this Page is: DEMOQA
You can now Access: Elements
 
2025-08-18 19:46:58 [main] INFO  demoqaLog - Click on Elements|Web Tables...
2025-08-18 19:46:59 [main] INFO  demoqaLog - Click on Elements|Web Tables|Registration Form...
2025-08-18 19:46:59 [main] ERROR demoqaLog - Registering User: Johny
2025-08-18 19:46:59 [main] INFO  demoqaLog - Click on Elements|Web Tables|Registration Form|FirstName...
2025-08-18 19:47:00 [main] INFO  demoqaLog - First Name entered is: Johny
2025-08-18 19:47:00 [main] INFO  demoqaLog - Click on Elements|Web Tables|Registration Form|LastName...
Last Name is: Bravo
2025-08-18 19:47:00 [main] INFO  demoqaLog - Last Name entered is: Bravo
2025-08-18 19:47:00 [main] INFO  demoqaLog - Click on Elements|Web Tables|Registration Form|Email...
Email ID is: Jbravo@demoqa.com
2025-08-18 19:47:01 [main] INFO  demoqaLog - Email entered is: Jbravo@demoqa.com
2025-08-18 19:47:01 [main] INFO  demoqaLog - Click on Elements|Web Tables|Registration Form|Age...
2025-08-18 19:47:01 [main] INFO  demoqaLog - Age entered is: 34
2025-08-18 19:47:01 [main] INFO  demoqaLog - Click on Elements|Web Tables|Registration Form|Salary...
2025-08-18 19:47:02 [main] INFO  demoqaLog - Salary entered is: 280000
2025-08-18 19:47:02 [main] INFO  demoqaLog - Click on Elements|Web Tables|Registration Form|Department...
2025-08-18 19:47:02 [main] INFO  demoqaLog - Department entered is: Information Technology
2025-08-18 19:47:02 [main] INFO  demoqaLog - Submitting Registration Form...
2025-08-18 19:47:03 [main] INFO  demoqaLog - Registration Form Submitted...
2025-08-18 19:47:03 [main] ERROR demoqaLog - Submitted to register user: Johny
2025-08-18 19:47:03 [main] INFO  demoqaLog - Searching by First Name...
2025-08-18 19:47:03 [main] INFO  demoqaLog - Test for Registration Form Add & Search Completed...
]]></system-out>
  </testcase>
  <testcase name="webTableAddEditFirstName[WebTableUser{firstName=&apos;Tonny&apos;, lastName=&apos;Bravo&apos;, email=&apos;Jbravo@demoqa.com&apos;, salary=280000, age=340, department=&apos;Information Technology&apos;}](1)" classname="tests.ElementsTests" time="8.267">
    <system-out><![CDATA[2025-08-18 19:47:03 [main] INFO  demoqaBase - Closing the Browser...
2025-08-18 19:47:04 [main] INFO  demoqaBase - Starting Web Browser...
2025-08-18 19:47:06 [main] INFO  demoqaBase - Navigating to demoqa.com Website
2025-08-18 19:47:16 [main] INFO  demoqaLog - Successfully navigated to: https://demoqa.com
2025-08-18 19:47:16 [main] INFO  demoqaLog - Starting Test Registration Form Modify First Name...
Instance Variables Declared are: nullnull
2025-08-18 19:47:16 [main] INFO  demoqaLog - Accessing Elements Card...
2025-08-18 19:47:17 [main] INFO  demoqaLog - Successfully navigated to: https://demoqa.com
2025-08-18 19:47:17 [main] INFO  demoqaLog - Clicking on Elements Card...
Title of this Page is: DEMOQA
You can now Access: Elements
 
2025-08-18 19:47:18 [main] INFO  demoqaLog - Click on Elements|Web Tables...
2025-08-18 19:47:18 [main] INFO  demoqaLog - Click on Elements|Web Tables|Registration Form...
2025-08-18 19:47:18 [main] ERROR demoqaLog - Registering User: Johny
2025-08-18 19:47:18 [main] INFO  demoqaLog - Click on Elements|Web Tables|Registration Form|FirstName...
2025-08-18 19:47:19 [main] INFO  demoqaLog - First Name entered is: Johny
2025-08-18 19:47:19 [main] INFO  demoqaLog - Click on Elements|Web Tables|Registration Form|LastName...
Last Name is: Bravo
2025-08-18 19:47:20 [main] INFO  demoqaLog - Last Name entered is: Bravo
2025-08-18 19:47:20 [main] INFO  demoqaLog - Click on Elements|Web Tables|Registration Form|Email...
Email ID is: Jbravo@demoqa.com
2025-08-18 19:47:20 [main] INFO  demoqaLog - Email entered is: Jbravo@demoqa.com
2025-08-18 19:47:20 [main] INFO  demoqaLog - Click on Elements|Web Tables|Registration Form|Age...
2025-08-18 19:47:21 [main] INFO  demoqaLog - Age entered is: 34
2025-08-18 19:47:21 [main] INFO  demoqaLog - Click on Elements|Web Tables|Registration Form|Salary...
2025-08-18 19:47:21 [main] INFO  demoqaLog - Salary entered is: 280000
2025-08-18 19:47:21 [main] INFO  demoqaLog - Click on Elements|Web Tables|Registration Form|Department...
2025-08-18 19:47:22 [main] INFO  demoqaLog - Department entered is: Information Technology
2025-08-18 19:47:22 [main] INFO  demoqaLog - Submitting Registration Form...
2025-08-18 19:47:22 [main] INFO  demoqaLog - Registration Form Submitted...
2025-08-18 19:47:22 [main] ERROR demoqaLog - Submitted to register user: Johny
2025-08-18 19:47:22 [main] INFO  demoqaLog - Modifying First Name of the user...
2025-08-18 19:47:24 [main] INFO  demoqaLog - Test Registration Form Modify First Name Completed Successfully...
]]></system-out>
  </testcase>
  <testcase name="webTableAddSearchEdit[WebTableUser{firstName=&apos;Tonny&apos;, lastName=&apos;Bravo&apos;, email=&apos;Jbravo@demoqa.com&apos;, salary=280000, age=340, department=&apos;Information Technology&apos;}](1)" classname="tests.ElementsTests" time="8.522">
    <system-out><![CDATA[2025-08-18 19:47:24 [main] INFO  demoqaBase - Closing the Browser...
2025-08-18 19:47:25 [main] INFO  demoqaBase - Starting Web Browser...
2025-08-18 19:47:27 [main] INFO  demoqaBase - Navigating to demoqa.com Website
2025-08-18 19:47:32 [main] INFO  demoqaLog - Successfully navigated to: https://demoqa.com
2025-08-18 19:47:32 [main] INFO  demoqaLog - Starting Test Registration Form Search & Modify First Name...
Instance Variables Declared are: nullnull
2025-08-18 19:47:32 [main] INFO  demoqaLog - Accessing Elements Card...
2025-08-18 19:47:34 [main] INFO  demoqaLog - Successfully navigated to: https://demoqa.com
2025-08-18 19:47:34 [main] INFO  demoqaLog - Clicking on Elements Card...
Title of this Page is: DEMOQA
You can now Access: Elements
 
2025-08-18 19:47:34 [main] INFO  demoqaLog - Click on Elements|Web Tables...
2025-08-18 19:47:35 [main] INFO  demoqaLog - Click on Elements|Web Tables|Registration Form...
2025-08-18 19:47:35 [main] ERROR demoqaLog - Registering User: Johny
2025-08-18 19:47:35 [main] INFO  demoqaLog - Click on Elements|Web Tables|Registration Form|FirstName...
2025-08-18 19:47:36 [main] INFO  demoqaLog - First Name entered is: Johny
2025-08-18 19:47:36 [main] INFO  demoqaLog - Click on Elements|Web Tables|Registration Form|LastName...
Last Name is: Bravo
2025-08-18 19:47:36 [main] INFO  demoqaLog - Last Name entered is: Bravo
2025-08-18 19:47:36 [main] INFO  demoqaLog - Click on Elements|Web Tables|Registration Form|Email...
Email ID is: Jbravo@demoqa.com
2025-08-18 19:47:37 [main] INFO  demoqaLog - Email entered is: Jbravo@demoqa.com
2025-08-18 19:47:37 [main] INFO  demoqaLog - Click on Elements|Web Tables|Registration Form|Age...
2025-08-18 19:47:38 [main] INFO  demoqaLog - Age entered is: 34
2025-08-18 19:47:38 [main] INFO  demoqaLog - Click on Elements|Web Tables|Registration Form|Salary...
2025-08-18 19:47:38 [main] INFO  demoqaLog - Salary entered is: 280000
2025-08-18 19:47:38 [main] INFO  demoqaLog - Click on Elements|Web Tables|Registration Form|Department...
2025-08-18 19:47:38 [main] INFO  demoqaLog - Department entered is: Information Technology
2025-08-18 19:47:38 [main] INFO  demoqaLog - Submitting Registration Form...
2025-08-18 19:47:39 [main] INFO  demoqaLog - Registration Form Submitted...
2025-08-18 19:47:39 [main] ERROR demoqaLog - Submitted to register user: Johny
2025-08-18 19:47:39 [main] INFO  demoqaLog - Modifying First Name of the user...
2025-08-18 19:47:41 [main] INFO  demoqaLog - Updated First Name is: Tonny
2025-08-18 19:47:41 [main] INFO  demoqaLog - Test Registration Form Search & Modify First Name Completed Successfully...
]]></system-out>
  </testcase>
  <testcase name="webTableDeleteUser[WebTableUser{firstName=&apos;Johny&apos;, lastName=&apos;Bravo&apos;, email=&apos;Jbravo@demoqa.com&apos;, salary=280000, age=340, department=&apos;Information Technology&apos;}](1)" classname="tests.ElementsTests" time="2.989">
    <system-out><![CDATA[2025-08-18 19:47:41 [main] INFO  demoqaBase - Closing the Browser...
2025-08-18 19:47:41 [main] INFO  demoqaBase - Starting Web Browser...
2025-08-18 19:47:42 [main] INFO  demoqaBase - Navigating to demoqa.com Website
2025-08-18 19:47:47 [main] INFO  demoqaLog - Successfully navigated to: https://demoqa.com
2025-08-18 19:47:47 [main] INFO  demoqaLog - Starting Test for Deleting User from Web Table...
Instance Variables Declared are: nullnull
2025-08-18 19:47:47 [main] INFO  demoqaLog - Accessing Elements Card...
2025-08-18 19:47:48 [main] INFO  demoqaLog - Successfully navigated to: https://demoqa.com
2025-08-18 19:47:48 [main] INFO  demoqaLog - Clicking on Elements Card...
Title of this Page is: DEMOQA
You can now Access: Elements
 
2025-08-18 19:47:48 [main] INFO  demoqaLog - Click on Elements|Web Tables...
2025-08-18 19:47:48 [main] INFO  demoqaLog - Click on Elements|Web Tables|Registration Form...
2025-08-18 19:47:48 [main] ERROR demoqaLog - Registering User: Johny
2025-08-18 19:47:48 [main] INFO  demoqaLog - Click on Elements|Web Tables|Registration Form|FirstName...
2025-08-18 19:47:48 [main] INFO  demoqaLog - First Name entered is: Johny
2025-08-18 19:47:48 [main] INFO  demoqaLog - Click on Elements|Web Tables|Registration Form|LastName...
Last Name is: Bravo
2025-08-18 19:47:49 [main] INFO  demoqaLog - Last Name entered is: Bravo
2025-08-18 19:47:49 [main] INFO  demoqaLog - Click on Elements|Web Tables|Registration Form|Email...
Email ID is: Jbravo@demoqa.com
2025-08-18 19:47:49 [main] INFO  demoqaLog - Email entered is: Jbravo@demoqa.com
2025-08-18 19:47:49 [main] INFO  demoqaLog - Click on Elements|Web Tables|Registration Form|Age...
2025-08-18 19:47:49 [main] INFO  demoqaLog - Age entered is: 34
2025-08-18 19:47:49 [main] INFO  demoqaLog - Click on Elements|Web Tables|Registration Form|Salary...
2025-08-18 19:47:49 [main] INFO  demoqaLog - Salary entered is: 280000
2025-08-18 19:47:49 [main] INFO  demoqaLog - Click on Elements|Web Tables|Registration Form|Department...
2025-08-18 19:47:50 [main] INFO  demoqaLog - Department entered is: Information Technology
2025-08-18 19:47:50 [main] INFO  demoqaLog - Submitting Registration Form...
2025-08-18 19:47:50 [main] INFO  demoqaLog - Registration Form Submitted...
2025-08-18 19:47:50 [main] ERROR demoqaLog - Submitted to register user: Johny
2025-08-18 19:47:50 [main] INFO  demoqaLog - Deleting User from Webtable: Johny
2025-08-18 19:47:50 [main] INFO  demoqaLog - Test for Deleting User from Web Table Completed Successfully...
]]></system-out>
  </testcase>
  <testcase name="testAddAllUsersFromExcel" classname="tests.ElementsTests" time="6.878">
    <system-out><![CDATA[2025-08-18 19:47:50 [main] INFO  demoqaBase - Closing the Browser...
2025-08-18 19:47:50 [main] INFO  demoqaBase - Starting Web Browser...
2025-08-18 19:47:51 [main] INFO  demoqaBase - Navigating to demoqa.com Website
2025-08-18 19:47:58 [main] INFO  demoqaLog - Successfully navigated to: https://demoqa.com
Instance Variables Declared are: nullnull
2025-08-18 19:47:58 [main] INFO  demoqaLog - Accessing Elements Card...
2025-08-18 19:47:58 [main] INFO  demoqaLog - Successfully navigated to: https://demoqa.com
2025-08-18 19:47:58 [main] INFO  demoqaLog - Clicking on Elements Card...
Title of this Page is: DEMOQA
You can now Access: Elements
 
2025-08-18 19:47:59 [main] INFO  demoqaLog - Click on Elements|Web Tables...
Declared Object: [[Ljava.lang.Object;@6f8c6694
2025-08-18 19:47:59 [main] INFO  demoqaLog - Click on Elements|Web Tables|Registration Form...
2025-08-18 19:47:59 [main] ERROR demoqaLog - Registering User: Johny
2025-08-18 19:47:59 [main] INFO  demoqaLog - Click on Elements|Web Tables|Registration Form|FirstName...
2025-08-18 19:47:59 [main] INFO  demoqaLog - First Name entered is: Johny
2025-08-18 19:47:59 [main] INFO  demoqaLog - Click on Elements|Web Tables|Registration Form|LastName...
Last Name is: Bravo
2025-08-18 19:47:59 [main] INFO  demoqaLog - Last Name entered is: Bravo
2025-08-18 19:47:59 [main] INFO  demoqaLog - Click on Elements|Web Tables|Registration Form|Email...
Email ID is: Jbravo@demoqa.com
2025-08-18 19:48:00 [main] INFO  demoqaLog - Email entered is: Jbravo@demoqa.com
2025-08-18 19:48:00 [main] INFO  demoqaLog - Click on Elements|Web Tables|Registration Form|Age...
2025-08-18 19:48:00 [main] INFO  demoqaLog - Age entered is: 34
2025-08-18 19:48:00 [main] INFO  demoqaLog - Click on Elements|Web Tables|Registration Form|Salary...
2025-08-18 19:48:00 [main] INFO  demoqaLog - Salary entered is: 280000
2025-08-18 19:48:00 [main] INFO  demoqaLog - Click on Elements|Web Tables|Registration Form|Department...
2025-08-18 19:48:00 [main] INFO  demoqaLog - Department entered is: Information Technology
2025-08-18 19:48:00 [main] INFO  demoqaLog - Submitting Registration Form...
2025-08-18 19:48:01 [main] INFO  demoqaLog - Registration Form Submitted...
2025-08-18 19:48:01 [main] ERROR demoqaLog - Submitted to register user: Johny
2025-08-18 19:48:01 [main] INFO  demoqaLog - Click on Elements|Web Tables|Registration Form...
2025-08-18 19:48:01 [main] ERROR demoqaLog - Registering User: Gene
2025-08-18 19:48:01 [main] INFO  demoqaLog - Click on Elements|Web Tables|Registration Form|FirstName...
2025-08-18 19:48:01 [main] INFO  demoqaLog - First Name entered is: Gene
2025-08-18 19:48:01 [main] INFO  demoqaLog - Click on Elements|Web Tables|Registration Form|LastName...
Last Name is: Femina
2025-08-18 19:48:01 [main] INFO  demoqaLog - Last Name entered is: Femina
2025-08-18 19:48:01 [main] INFO  demoqaLog - Click on Elements|Web Tables|Registration Form|Email...
Email ID is: GFemina@demoqa.com
2025-08-18 19:48:01 [main] INFO  demoqaLog - Email entered is: GFemina@demoqa.com
2025-08-18 19:48:01 [main] INFO  demoqaLog - Click on Elements|Web Tables|Registration Form|Age...
2025-08-18 19:48:02 [main] INFO  demoqaLog - Age entered is: 30
2025-08-18 19:48:02 [main] INFO  demoqaLog - Click on Elements|Web Tables|Registration Form|Salary...
2025-08-18 19:48:02 [main] INFO  demoqaLog - Salary entered is: 180000
2025-08-18 19:48:02 [main] INFO  demoqaLog - Click on Elements|Web Tables|Registration Form|Department...
2025-08-18 19:48:02 [main] INFO  demoqaLog - Department entered is: Finance
2025-08-18 19:48:02 [main] INFO  demoqaLog - Submitting Registration Form...
2025-08-18 19:48:02 [main] INFO  demoqaLog - Registration Form Submitted...
2025-08-18 19:48:02 [main] ERROR demoqaLog - Submitted to register user: Gene
2025-08-18 19:48:02 [main] INFO  demoqaLog - Click on Elements|Web Tables|Registration Form...
2025-08-18 19:48:02 [main] ERROR demoqaLog - Registering User: Bud
2025-08-18 19:48:02 [main] INFO  demoqaLog - Click on Elements|Web Tables|Registration Form|FirstName...
2025-08-18 19:48:02 [main] INFO  demoqaLog - First Name entered is: Bud
2025-08-18 19:48:02 [main] INFO  demoqaLog - Click on Elements|Web Tables|Registration Form|LastName...
Last Name is: Wisem
2025-08-18 19:48:03 [main] INFO  demoqaLog - Last Name entered is: Wisem
2025-08-18 19:48:03 [main] INFO  demoqaLog - Click on Elements|Web Tables|Registration Form|Email...
Email ID is: BWisem@demoqa.com
2025-08-18 19:48:03 [main] INFO  demoqaLog - Email entered is: BWisem@demoqa.com
2025-08-18 19:48:03 [main] INFO  demoqaLog - Click on Elements|Web Tables|Registration Form|Age...
2025-08-18 19:48:03 [main] INFO  demoqaLog - Age entered is: 40
2025-08-18 19:48:03 [main] INFO  demoqaLog - Click on Elements|Web Tables|Registration Form|Salary...
2025-08-18 19:48:03 [main] INFO  demoqaLog - Salary entered is: 150000
2025-08-18 19:48:03 [main] INFO  demoqaLog - Click on Elements|Web Tables|Registration Form|Department...
2025-08-18 19:48:03 [main] INFO  demoqaLog - Department entered is: Medicine
2025-08-18 19:48:03 [main] INFO  demoqaLog - Submitting Registration Form...
2025-08-18 19:48:03 [main] INFO  demoqaLog - Registration Form Submitted...
2025-08-18 19:48:03 [main] ERROR demoqaLog - Submitted to register user: Bud
2025-08-18 19:48:03 [main] INFO  demoqaLog - Click on Elements|Web Tables|Registration Form...
2025-08-18 19:48:03 [main] ERROR demoqaLog - Registering User: Tom
2025-08-18 19:48:03 [main] INFO  demoqaLog - Click on Elements|Web Tables|Registration Form|FirstName...
2025-08-18 19:48:04 [main] INFO  demoqaLog - First Name entered is: Tom
2025-08-18 19:48:04 [main] INFO  demoqaLog - Click on Elements|Web Tables|Registration Form|LastName...
Last Name is: Boss
2025-08-18 19:48:04 [main] INFO  demoqaLog - Last Name entered is: Boss
2025-08-18 19:48:04 [main] INFO  demoqaLog - Click on Elements|Web Tables|Registration Form|Email...
Email ID is: TBoss@demoqa.com
2025-08-18 19:48:04 [main] INFO  demoqaLog - Email entered is: TBoss@demoqa.com
2025-08-18 19:48:04 [main] INFO  demoqaLog - Click on Elements|Web Tables|Registration Form|Age...
2025-08-18 19:48:04 [main] INFO  demoqaLog - Age entered is: 42
2025-08-18 19:48:04 [main] INFO  demoqaLog - Click on Elements|Web Tables|Registration Form|Salary...
2025-08-18 19:48:04 [main] INFO  demoqaLog - Salary entered is: 190000
2025-08-18 19:48:04 [main] INFO  demoqaLog - Click on Elements|Web Tables|Registration Form|Department...
2025-08-18 19:48:04 [main] INFO  demoqaLog - Department entered is: Recreation
2025-08-18 19:48:04 [main] INFO  demoqaLog - Submitting Registration Form...
2025-08-18 19:48:04 [main] INFO  demoqaLog - Registration Form Submitted...
2025-08-18 19:48:04 [main] ERROR demoqaLog - Submitted to register user: Tom
2025-08-18 19:48:04 [main] INFO  demoqaLog - Click on Elements|Web Tables|Registration Form...
Initial user count: 10
Final user count: 10
2025-08-18 19:48:05 [main] INFO  demoqaLog - Test for Bulk User Creation in Web Table Completed Successfully...
]]></system-out>
  </testcase>
  <testcase name="testAddAllUsersSearchEdit" classname="tests.ElementsTests" time="8.731">
    <system-out><![CDATA[Path for Screenshot is: C:\ASN\eclipse_workspace\demoqa-automation/screenshots/testAddAllUsersFromExcel Passed+2025-08-18_19-48-05.png
2025-08-18 19:48:05 [main] INFO  demoqaBase - Closing the Browser...
2025-08-18 19:48:05 [main] INFO  demoqaBase - Starting Web Browser...
2025-08-18 19:48:06 [main] INFO  demoqaBase - Navigating to demoqa.com Website
2025-08-18 19:48:11 [main] INFO  demoqaLog - Successfully navigated to: https://demoqa.com
Instance Variables Declared are: nullnull
2025-08-18 19:48:11 [main] INFO  demoqaLog - Accessing Elements Card...
2025-08-18 19:48:12 [main] INFO  demoqaLog - Successfully navigated to: https://demoqa.com
2025-08-18 19:48:12 [main] INFO  demoqaLog - Clicking on Elements Card...
Title of this Page is: DEMOQA
You can now Access: Elements
 
2025-08-18 19:48:12 [main] INFO  demoqaLog - Click on Elements|Web Tables...
2025-08-18 19:48:12 [main] INFO  demoqaLog - Click on Elements|Web Tables|Registration Form...
2025-08-18 19:48:13 [main] ERROR demoqaLog - Registering User: Johny
2025-08-18 19:48:13 [main] INFO  demoqaLog - Click on Elements|Web Tables|Registration Form|FirstName...
2025-08-18 19:48:13 [main] INFO  demoqaLog - First Name entered is: Johny
2025-08-18 19:48:13 [main] INFO  demoqaLog - Click on Elements|Web Tables|Registration Form|LastName...
Last Name is: Bravo
2025-08-18 19:48:13 [main] INFO  demoqaLog - Last Name entered is: Bravo
2025-08-18 19:48:13 [main] INFO  demoqaLog - Click on Elements|Web Tables|Registration Form|Email...
Email ID is: Jbravo@demoqa.com
2025-08-18 19:48:14 [main] INFO  demoqaLog - Email entered is: Jbravo@demoqa.com
2025-08-18 19:48:14 [main] INFO  demoqaLog - Click on Elements|Web Tables|Registration Form|Age...
2025-08-18 19:48:14 [main] INFO  demoqaLog - Age entered is: 34
2025-08-18 19:48:14 [main] INFO  demoqaLog - Click on Elements|Web Tables|Registration Form|Salary...
2025-08-18 19:48:14 [main] INFO  demoqaLog - Salary entered is: 280000
2025-08-18 19:48:14 [main] INFO  demoqaLog - Click on Elements|Web Tables|Registration Form|Department...
2025-08-18 19:48:14 [main] INFO  demoqaLog - Department entered is: Information Technology
2025-08-18 19:48:14 [main] INFO  demoqaLog - Submitting Registration Form...
2025-08-18 19:48:14 [main] INFO  demoqaLog - Registration Form Submitted...
2025-08-18 19:48:14 [main] ERROR demoqaLog - Submitted to register user: Johny
2025-08-18 19:48:14 [main] INFO  demoqaLog - Click on Elements|Web Tables|Registration Form...
2025-08-18 19:48:14 [main] ERROR demoqaLog - Registering User: Gene
2025-08-18 19:48:14 [main] INFO  demoqaLog - Click on Elements|Web Tables|Registration Form|FirstName...
2025-08-18 19:48:15 [main] INFO  demoqaLog - First Name entered is: Gene
2025-08-18 19:48:15 [main] INFO  demoqaLog - Click on Elements|Web Tables|Registration Form|LastName...
Last Name is: Femina
2025-08-18 19:48:15 [main] INFO  demoqaLog - Last Name entered is: Femina
2025-08-18 19:48:15 [main] INFO  demoqaLog - Click on Elements|Web Tables|Registration Form|Email...
Email ID is: GFemina@demoqa.com
2025-08-18 19:48:15 [main] INFO  demoqaLog - Email entered is: GFemina@demoqa.com
2025-08-18 19:48:15 [main] INFO  demoqaLog - Click on Elements|Web Tables|Registration Form|Age...
2025-08-18 19:48:15 [main] INFO  demoqaLog - Age entered is: 30
2025-08-18 19:48:15 [main] INFO  demoqaLog - Click on Elements|Web Tables|Registration Form|Salary...
2025-08-18 19:48:16 [main] INFO  demoqaLog - Salary entered is: 180000
2025-08-18 19:48:16 [main] INFO  demoqaLog - Click on Elements|Web Tables|Registration Form|Department...
2025-08-18 19:48:16 [main] INFO  demoqaLog - Department entered is: Finance
2025-08-18 19:48:16 [main] INFO  demoqaLog - Submitting Registration Form...
2025-08-18 19:48:16 [main] INFO  demoqaLog - Registration Form Submitted...
2025-08-18 19:48:16 [main] ERROR demoqaLog - Submitted to register user: Gene
2025-08-18 19:48:16 [main] INFO  demoqaLog - Click on Elements|Web Tables|Registration Form...
2025-08-18 19:48:16 [main] ERROR demoqaLog - Registering User: Bud
2025-08-18 19:48:16 [main] INFO  demoqaLog - Click on Elements|Web Tables|Registration Form|FirstName...
2025-08-18 19:48:16 [main] INFO  demoqaLog - First Name entered is: Bud
2025-08-18 19:48:16 [main] INFO  demoqaLog - Click on Elements|Web Tables|Registration Form|LastName...
Last Name is: Wisem
2025-08-18 19:48:16 [main] INFO  demoqaLog - Last Name entered is: Wisem
2025-08-18 19:48:16 [main] INFO  demoqaLog - Click on Elements|Web Tables|Registration Form|Email...
Email ID is: BWisem@demoqa.com
2025-08-18 19:48:16 [main] INFO  demoqaLog - Email entered is: BWisem@demoqa.com
2025-08-18 19:48:16 [main] INFO  demoqaLog - Click on Elements|Web Tables|Registration Form|Age...
2025-08-18 19:48:17 [main] INFO  demoqaLog - Age entered is: 40
2025-08-18 19:48:17 [main] INFO  demoqaLog - Click on Elements|Web Tables|Registration Form|Salary...
2025-08-18 19:48:17 [main] INFO  demoqaLog - Salary entered is: 150000
2025-08-18 19:48:17 [main] INFO  demoqaLog - Click on Elements|Web Tables|Registration Form|Department...
2025-08-18 19:48:17 [main] INFO  demoqaLog - Department entered is: Medicine
2025-08-18 19:48:17 [main] INFO  demoqaLog - Submitting Registration Form...
2025-08-18 19:48:17 [main] INFO  demoqaLog - Registration Form Submitted...
2025-08-18 19:48:17 [main] ERROR demoqaLog - Submitted to register user: Bud
2025-08-18 19:48:17 [main] INFO  demoqaLog - Click on Elements|Web Tables|Registration Form...
2025-08-18 19:48:17 [main] ERROR demoqaLog - Registering User: Tom
2025-08-18 19:48:17 [main] INFO  demoqaLog - Click on Elements|Web Tables|Registration Form|FirstName...
2025-08-18 19:48:17 [main] INFO  demoqaLog - First Name entered is: Tom
2025-08-18 19:48:17 [main] INFO  demoqaLog - Click on Elements|Web Tables|Registration Form|LastName...
Last Name is: Boss
2025-08-18 19:48:17 [main] INFO  demoqaLog - Last Name entered is: Boss
2025-08-18 19:48:17 [main] INFO  demoqaLog - Click on Elements|Web Tables|Registration Form|Email...
Email ID is: TBoss@demoqa.com
2025-08-18 19:48:18 [main] INFO  demoqaLog - Email entered is: TBoss@demoqa.com
2025-08-18 19:48:18 [main] INFO  demoqaLog - Click on Elements|Web Tables|Registration Form|Age...
2025-08-18 19:48:18 [main] INFO  demoqaLog - Age entered is: 42
2025-08-18 19:48:18 [main] INFO  demoqaLog - Click on Elements|Web Tables|Registration Form|Salary...
2025-08-18 19:48:18 [main] INFO  demoqaLog - Salary entered is: 190000
2025-08-18 19:48:18 [main] INFO  demoqaLog - Click on Elements|Web Tables|Registration Form|Department...
2025-08-18 19:48:18 [main] INFO  demoqaLog - Department entered is: Recreation
2025-08-18 19:48:18 [main] INFO  demoqaLog - Submitting Registration Form...
2025-08-18 19:48:18 [main] INFO  demoqaLog - Registration Form Submitted...
2025-08-18 19:48:18 [main] ERROR demoqaLog - Submitted to register user: Tom
2025-08-18 19:48:18 [main] INFO  demoqaLog - Click on Elements|Web Tables|Registration Form...
2025-08-18 19:48:19 [main] INFO  demoqaLog - Modifying First Name of the user...
2025-08-18 19:48:20 [main] INFO  demoqaLog - Updated First Name is: Genelia
Initial user count: 10
Final user count: 10
2025-08-18 19:48:20 [main] INFO  demoqaLog - Test for Bulk User Creation and Edit Completed Successfully...
]]></system-out>
  </testcase>
  <testcase name="EditSalaryDepartment" classname="tests.ElementsTests" time="13.935">
    <system-out><![CDATA[2025-08-18 19:48:20 [main] INFO  demoqaBase - Closing the Browser...
2025-08-18 19:48:20 [main] INFO  demoqaBase - Starting Web Browser...
2025-08-18 19:48:21 [main] INFO  demoqaBase - Navigating to demoqa.com Website
2025-08-18 19:48:26 [main] INFO  demoqaLog - Successfully navigated to: https://demoqa.com
Instance Variables Declared are: nullnull
2025-08-18 19:48:26 [main] INFO  demoqaLog - Accessing Elements Card...
2025-08-18 19:48:27 [main] INFO  demoqaLog - Successfully navigated to: https://demoqa.com
2025-08-18 19:48:27 [main] INFO  demoqaLog - Clicking on Elements Card...
Title of this Page is: DEMOQA
You can now Access: Elements
 
2025-08-18 19:48:27 [main] INFO  demoqaLog - Click on Elements|Web Tables...
Total Number of user before adding new ones are: 10
2025-08-18 19:48:27 [main] INFO  demoqaLog - Click on Elements|Web Tables|Registration Form...
2025-08-18 19:48:27 [main] ERROR demoqaLog - Registering User: Johny
2025-08-18 19:48:27 [main] INFO  demoqaLog - Click on Elements|Web Tables|Registration Form|FirstName...
2025-08-18 19:48:28 [main] INFO  demoqaLog - First Name entered is: Johny
2025-08-18 19:48:28 [main] INFO  demoqaLog - Click on Elements|Web Tables|Registration Form|LastName...
Last Name is: Bravo
2025-08-18 19:48:28 [main] INFO  demoqaLog - Last Name entered is: Bravo
2025-08-18 19:48:28 [main] INFO  demoqaLog - Click on Elements|Web Tables|Registration Form|Email...
Email ID is: Jbravo@demoqa.com
2025-08-18 19:48:29 [main] INFO  demoqaLog - Email entered is: Jbravo@demoqa.com
2025-08-18 19:48:29 [main] INFO  demoqaLog - Click on Elements|Web Tables|Registration Form|Age...
2025-08-18 19:48:29 [main] INFO  demoqaLog - Age entered is: 34
2025-08-18 19:48:29 [main] INFO  demoqaLog - Click on Elements|Web Tables|Registration Form|Salary...
2025-08-18 19:48:29 [main] INFO  demoqaLog - Salary entered is: 280000
2025-08-18 19:48:29 [main] INFO  demoqaLog - Click on Elements|Web Tables|Registration Form|Department...
2025-08-18 19:48:29 [main] INFO  demoqaLog - Department entered is: Information Technology
2025-08-18 19:48:29 [main] INFO  demoqaLog - Submitting Registration Form...
2025-08-18 19:48:30 [main] INFO  demoqaLog - Registration Form Submitted...
2025-08-18 19:48:30 [main] ERROR demoqaLog - Submitted to register user: Johny
2025-08-18 19:48:30 [main] INFO  demoqaLog - Click on Elements|Web Tables|Registration Form...
2025-08-18 19:48:30 [main] ERROR demoqaLog - Registering User: Gene
2025-08-18 19:48:30 [main] INFO  demoqaLog - Click on Elements|Web Tables|Registration Form|FirstName...
2025-08-18 19:48:30 [main] INFO  demoqaLog - First Name entered is: Gene
2025-08-18 19:48:30 [main] INFO  demoqaLog - Click on Elements|Web Tables|Registration Form|LastName...
Last Name is: Femina
2025-08-18 19:48:30 [main] INFO  demoqaLog - Last Name entered is: Femina
2025-08-18 19:48:30 [main] INFO  demoqaLog - Click on Elements|Web Tables|Registration Form|Email...
Email ID is: GFemina@demoqa.com
2025-08-18 19:48:31 [main] INFO  demoqaLog - Email entered is: GFemina@demoqa.com
2025-08-18 19:48:31 [main] INFO  demoqaLog - Click on Elements|Web Tables|Registration Form|Age...
2025-08-18 19:48:31 [main] INFO  demoqaLog - Age entered is: 30
2025-08-18 19:48:31 [main] INFO  demoqaLog - Click on Elements|Web Tables|Registration Form|Salary...
2025-08-18 19:48:31 [main] INFO  demoqaLog - Salary entered is: 180000
2025-08-18 19:48:31 [main] INFO  demoqaLog - Click on Elements|Web Tables|Registration Form|Department...
2025-08-18 19:48:31 [main] INFO  demoqaLog - Department entered is: Finance
2025-08-18 19:48:31 [main] INFO  demoqaLog - Submitting Registration Form...
2025-08-18 19:48:31 [main] INFO  demoqaLog - Registration Form Submitted...
2025-08-18 19:48:31 [main] ERROR demoqaLog - Submitted to register user: Gene
2025-08-18 19:48:31 [main] INFO  demoqaLog - Click on Elements|Web Tables|Registration Form...
2025-08-18 19:48:31 [main] ERROR demoqaLog - Registering User: Bud
2025-08-18 19:48:31 [main] INFO  demoqaLog - Click on Elements|Web Tables|Registration Form|FirstName...
2025-08-18 19:48:32 [main] INFO  demoqaLog - First Name entered is: Bud
2025-08-18 19:48:32 [main] INFO  demoqaLog - Click on Elements|Web Tables|Registration Form|LastName...
Last Name is: Wisem
2025-08-18 19:48:32 [main] INFO  demoqaLog - Last Name entered is: Wisem
2025-08-18 19:48:32 [main] INFO  demoqaLog - Click on Elements|Web Tables|Registration Form|Email...
Email ID is: BWisem@demoqa.com
2025-08-18 19:48:32 [main] INFO  demoqaLog - Email entered is: BWisem@demoqa.com
2025-08-18 19:48:32 [main] INFO  demoqaLog - Click on Elements|Web Tables|Registration Form|Age...
2025-08-18 19:48:32 [main] INFO  demoqaLog - Age entered is: 40
2025-08-18 19:48:32 [main] INFO  demoqaLog - Click on Elements|Web Tables|Registration Form|Salary...
2025-08-18 19:48:32 [main] INFO  demoqaLog - Salary entered is: 150000
2025-08-18 19:48:32 [main] INFO  demoqaLog - Click on Elements|Web Tables|Registration Form|Department...
2025-08-18 19:48:32 [main] INFO  demoqaLog - Department entered is: Medicine
2025-08-18 19:48:33 [main] INFO  demoqaLog - Submitting Registration Form...
2025-08-18 19:48:33 [main] INFO  demoqaLog - Registration Form Submitted...
2025-08-18 19:48:33 [main] ERROR demoqaLog - Submitted to register user: Bud
2025-08-18 19:48:33 [main] INFO  demoqaLog - Click on Elements|Web Tables|Registration Form...
2025-08-18 19:48:33 [main] ERROR demoqaLog - Registering User: Tom
2025-08-18 19:48:33 [main] INFO  demoqaLog - Click on Elements|Web Tables|Registration Form|FirstName...
2025-08-18 19:48:33 [main] INFO  demoqaLog - First Name entered is: Tom
2025-08-18 19:48:33 [main] INFO  demoqaLog - Click on Elements|Web Tables|Registration Form|LastName...
Last Name is: Boss
2025-08-18 19:48:33 [main] INFO  demoqaLog - Last Name entered is: Boss
2025-08-18 19:48:33 [main] INFO  demoqaLog - Click on Elements|Web Tables|Registration Form|Email...
Email ID is: TBoss@demoqa.com
2025-08-18 19:48:33 [main] INFO  demoqaLog - Email entered is: TBoss@demoqa.com
2025-08-18 19:48:33 [main] INFO  demoqaLog - Click on Elements|Web Tables|Registration Form|Age...
2025-08-18 19:48:33 [main] INFO  demoqaLog - Age entered is: 42
2025-08-18 19:48:33 [main] INFO  demoqaLog - Click on Elements|Web Tables|Registration Form|Salary...
2025-08-18 19:48:33 [main] INFO  demoqaLog - Salary entered is: 190000
2025-08-18 19:48:33 [main] INFO  demoqaLog - Click on Elements|Web Tables|Registration Form|Department...
2025-08-18 19:48:34 [main] INFO  demoqaLog - Department entered is: Recreation
2025-08-18 19:48:34 [main] INFO  demoqaLog - Submitting Registration Form...
2025-08-18 19:48:34 [main] INFO  demoqaLog - Registration Form Submitted...
2025-08-18 19:48:34 [main] ERROR demoqaLog - Submitted to register user: Tom
2025-08-18 19:48:34 [main] INFO  demoqaLog - Click on Elements|Web Tables|Registration Form...
Current Salary is: 0
2025-08-18 19:48:34 [main] INFO  demoqaLog - Modifying First Name of the user...
2025-08-18 19:48:36 [main] INFO  demoqaLog - Updated First Name is: Tom
2025-08-18 19:48:36 [main] INFO  demoqaLog - Updating Users Salary...
New Salary is: 345000
2025-08-18 19:48:37 [main] INFO  demoqaLog - Updated Salarye is: 345000
2025-08-18 19:48:37 [main] INFO  demoqaLog - Modifying First Name of the user...
2025-08-18 19:48:39 [main] INFO  demoqaLog - Updated First Name is: Tom
2025-08-18 19:48:39 [main] INFO  demoqaLog - Updating Users Department...
New Salary is: Architecture
2025-08-18 19:48:40 [main] INFO  demoqaLog - Updated Salarye is: Architecture
2025-08-18 19:48:40 [main] INFO  demoqaLog - Test for Bulk User Creation and Edit Completed Successfully...
]]></system-out>
  </testcase>
  <testcase name="Buttons" classname="tests.ElementsTests" time="0.966">
    <system-out><![CDATA[2025-08-18 19:48:40 [main] INFO  demoqaBase - Closing the Browser...
2025-08-18 19:48:41 [main] INFO  demoqaBase - Starting Web Browser...
2025-08-18 19:48:42 [main] INFO  demoqaBase - Navigating to demoqa.com Website
2025-08-18 19:48:48 [main] INFO  demoqaLog - Successfully navigated to: https://demoqa.com
Instance Variables Declared are: nullnull
2025-08-18 19:48:48 [main] INFO  demoqaLog - Accessing Elements Card...
2025-08-18 19:48:48 [main] INFO  demoqaLog - Successfully navigated to: https://demoqa.com
2025-08-18 19:48:48 [main] INFO  demoqaLog - Clicking on Elements Card...
Title of this Page is: DEMOQA
You can now Access: Elements
 
2025-08-18 19:48:49 [main] INFO  demoqaLog - Clicking on Elements|Buttons...
2025-08-18 19:48:49 [main] INFO  demoqaLog - Clicked on Elements|Buttons...
2025-08-18 19:48:49 [main] INFO  demoqaLog - Test for Elements|Buttons Click Completed Successfully...
]]></system-out>
  </testcase>
  <testcase name="DoubleClickButtons" classname="tests.ElementsTests" time="1.577">
    <system-out><![CDATA[2025-08-18 19:48:49 [main] INFO  demoqaBase - Closing the Browser...
2025-08-18 19:48:49 [main] INFO  demoqaBase - Starting Web Browser...
2025-08-18 19:48:50 [main] INFO  demoqaBase - Navigating to demoqa.com Website
2025-08-18 19:48:54 [main] INFO  demoqaLog - Successfully navigated to: https://demoqa.com
Instance Variables Declared are: nullnull
2025-08-18 19:48:54 [main] INFO  demoqaLog - Accessing Elements Card...
2025-08-18 19:48:55 [main] INFO  demoqaLog - Successfully navigated to: https://demoqa.com
2025-08-18 19:48:55 [main] INFO  demoqaLog - Clicking on Elements Card...
Title of this Page is: DEMOQA
You can now Access: Elements
 
2025-08-18 19:48:55 [main] INFO  demoqaLog - Clicking on Elements|Buttons...
2025-08-18 19:48:56 [main] INFO  demoqaLog - Clicked on Elements|Buttons...
2025-08-18 19:48:56 [main] INFO  demoqaLog - Clicking on Elements|Buttons|Double Click button...
Declared WebDriverWait: org.openqa.selenium.support.ui.WebDriverWait@7540aa55
You have done a double click
2025-08-18 19:48:56 [main] INFO  demoqaLog - Clicked on Elements|Buttons|Double Click button...You have done a double click
2025-08-18 19:48:56 [main] INFO  demoqaLog - Test for Elements|Buttons|Double Click Completed Successfully...
]]></system-out>
  </testcase>
  <testcase name="RightClickButton" classname="tests.ElementsTests" time="1.23">
    <system-out><![CDATA[2025-08-18 19:48:56 [main] INFO  demoqaBase - Closing the Browser...
2025-08-18 19:48:56 [main] INFO  demoqaBase - Starting Web Browser...
2025-08-18 19:48:57 [main] INFO  demoqaBase - Navigating to demoqa.com Website
2025-08-18 19:49:02 [main] INFO  demoqaLog - Successfully navigated to: https://demoqa.com
Instance Variables Declared are: nullnull
2025-08-18 19:49:02 [main] INFO  demoqaLog - Accessing Elements Card...
2025-08-18 19:49:02 [main] INFO  demoqaLog - Successfully navigated to: https://demoqa.com
2025-08-18 19:49:02 [main] INFO  demoqaLog - Clicking on Elements Card...
Title of this Page is: DEMOQA
You can now Access: Elements
 
2025-08-18 19:49:02 [main] INFO  demoqaLog - Clicking on Elements|Buttons...
2025-08-18 19:49:02 [main] INFO  demoqaLog - Clicked on Elements|Buttons...
2025-08-18 19:49:02 [main] INFO  demoqaLog - Clicking on Elements|Buttons|Right Click button...
Wating for Element: [[ChromeDriver: chrome on windows (68654b2790b026b2f2d777f944cf6766)] -> xpath: //button[@id='rightClickBtn']]
2025-08-18 19:49:03 [main] INFO  demoqaLog - Clicked on Elements|Buttons|Right Click button...You have done a right click
2025-08-18 19:49:03 [main] INFO  demoqaLog - Test for Elements|Buttons|Right Click Completed Successfully...
]]></system-out>
  </testcase>
  <testcase name="ClickMeButton" classname="tests.ElementsTests" time="0.901">
    <system-out><![CDATA[2025-08-18 19:49:03 [main] INFO  demoqaBase - Closing the Browser...
2025-08-18 19:49:03 [main] INFO  demoqaBase - Starting Web Browser...
2025-08-18 19:49:04 [main] INFO  demoqaBase - Navigating to demoqa.com Website
2025-08-18 19:49:10 [main] INFO  demoqaLog - Successfully navigated to: https://demoqa.com
Instance Variables Declared are: nullnull
2025-08-18 19:49:10 [main] INFO  demoqaLog - Accessing Elements Card...
2025-08-18 19:49:11 [main] INFO  demoqaLog - Successfully navigated to: https://demoqa.com
2025-08-18 19:49:11 [main] INFO  demoqaLog - Clicking on Elements Card...
Title of this Page is: DEMOQA
You can now Access: Elements
 
2025-08-18 19:49:11 [main] INFO  demoqaLog - Clicking on Elements|Buttons...
2025-08-18 19:49:11 [main] INFO  demoqaLog - Clicked on Elements|Buttons...
2025-08-18 19:49:11 [main] INFO  demoqaLog - Clicking on Elements|Buttons|Click Me button...
2025-08-18 19:49:11 [main] INFO  demoqaLog - Clicked on Elements|Buttons|Click Me button...You have done a dynamic click
2025-08-18 19:49:11 [main] INFO  demoqaLog - Test for Elements|Buttons|Click Me Button Completed Successfully...
]]></system-out>
  </testcase>
  <testcase name="ClickAllButtons" classname="tests.ElementsTests" time="10.536">
    <system-out><![CDATA[2025-08-18 19:49:11 [main] INFO  demoqaBase - Closing the Browser...
2025-08-18 19:49:12 [main] INFO  demoqaBase - Starting Web Browser...
2025-08-18 19:49:12 [main] INFO  demoqaBase - Navigating to demoqa.com Website
2025-08-18 19:49:18 [main] INFO  demoqaLog - Successfully navigated to: https://demoqa.com
Instance Variables Declared are: nullnull
2025-08-18 19:49:18 [main] INFO  demoqaLog - Accessing Elements Card...
2025-08-18 19:49:19 [main] INFO  demoqaLog - Successfully navigated to: https://demoqa.com
2025-08-18 19:49:19 [main] INFO  demoqaLog - Clicking on Elements Card...
Title of this Page is: DEMOQA
You can now Access: Elements
 
2025-08-18 19:49:19 [main] INFO  demoqaLog - Clicking on Elements|Buttons...
2025-08-18 19:49:19 [main] INFO  demoqaLog - Clicked on Elements|Buttons...
2025-08-18 19:49:22 [main] INFO  demoqaLog - Clicking on Elements|Buttons|Double Click button...
Declared WebDriverWait: org.openqa.selenium.support.ui.WebDriverWait@1f44c6b6
You have done a double click
2025-08-18 19:49:22 [main] INFO  demoqaLog - Clicked on Elements|Buttons|Double Click button...You have done a double click
2025-08-18 19:49:25 [main] INFO  demoqaLog - Clicking on Elements|Buttons|Right Click button...
Wating for Element: [[ChromeDriver: chrome on windows (6af2f10a9c10a8f944ae0d480d82a5f8)] -> xpath: //button[@id='rightClickBtn']]
2025-08-18 19:49:26 [main] INFO  demoqaLog - Clicked on Elements|Buttons|Right Click button...You have done a right click
2025-08-18 19:49:29 [main] INFO  demoqaLog - Clicking on Elements|Buttons|Click Me button...
2025-08-18 19:49:29 [main] INFO  demoqaLog - Clicked on Elements|Buttons|Click Me button...You have done a dynamic click
2025-08-18 19:49:29 [main] INFO  demoqaLog - Test for Elements|Buttons|Click All Buttons Completed Successfully...
]]></system-out>
  </testcase>
  <testcase name="ClickLinks" classname="tests.ElementsTests" time="0.832">
    <system-out><![CDATA[Path for Screenshot is: C:\ASN\eclipse_workspace\demoqa-automation/screenshots/ClickAllButtons Passed+2025-08-18_19-49-29.png
2025-08-18 19:49:29 [main] INFO  demoqaBase - Closing the Browser...
2025-08-18 19:49:29 [main] INFO  demoqaBase - Starting Web Browser...
2025-08-18 19:49:30 [main] INFO  demoqaBase - Navigating to demoqa.com Website
2025-08-18 19:49:36 [main] INFO  demoqaLog - Successfully navigated to: https://demoqa.com
Instance Variables Declared are: nullnull
2025-08-18 19:49:36 [main] INFO  demoqaLog - Accessing Elements Card...
2025-08-18 19:49:37 [main] INFO  demoqaLog - Successfully navigated to: https://demoqa.com
2025-08-18 19:49:37 [main] INFO  demoqaLog - Clicking on Elements Card...
Title of this Page is: DEMOQA
You can now Access: Elements
 
2025-08-18 19:49:37 [main] INFO  demoqaLog - Clicking on Elements|Links|Home Link...
2025-08-18 19:49:37 [main] INFO  demoqaLog - Clicked on Elements|Links|Home Link...
2025-08-18 19:49:37 [main] INFO  demoqaLog - Test for Elements|Links Completed Successfully...
]]></system-out>
  </testcase>
  <testcase name="ClickHomeLink" classname="tests.ElementsTests" time="1.193">
    <system-out><![CDATA[2025-08-18 19:49:37 [main] INFO  demoqaBase - Closing the Browser...
2025-08-18 19:49:37 [main] INFO  demoqaBase - Starting Web Browser...
2025-08-18 19:49:39 [main] INFO  demoqaBase - Navigating to demoqa.com Website
2025-08-18 19:49:47 [main] INFO  demoqaLog - Successfully navigated to: https://demoqa.com
Instance Variables Declared are: nullnull
2025-08-18 19:49:47 [main] INFO  demoqaLog - Accessing Elements Card...
2025-08-18 19:49:48 [main] INFO  demoqaLog - Successfully navigated to: https://demoqa.com
2025-08-18 19:49:48 [main] INFO  demoqaLog - Clicking on Elements Card...
Title of this Page is: DEMOQA
You can now Access: Elements
 
2025-08-18 19:49:48 [main] INFO  demoqaLog - Clicking on Elements|Links|Home Link...
2025-08-18 19:49:48 [main] INFO  demoqaLog - Clicked on Elements|Links|Home Link...
2025-08-18 19:49:48 [main] INFO  demoqaLog - Clicking on Elements|Links|Home Link...
2025-08-18 19:49:49 [main] INFO  demoqaLog - Clicked on Elements|Links|Home Link...
2025-08-18 19:49:49 [main] INFO  demoqaLog - Test for Elements|Links|Home Completed Successfully...
]]></system-out>
  </testcase>
  <testcase name="ClickDynamicHomeLink" classname="tests.ElementsTests" time="0.988">
    <system-out><![CDATA[2025-08-18 19:49:49 [main] INFO  demoqaBase - Closing the Browser...
2025-08-18 19:49:49 [main] INFO  demoqaBase - Starting Web Browser...
2025-08-18 19:49:50 [main] INFO  demoqaBase - Navigating to demoqa.com Website
2025-08-18 19:50:01 [main] INFO  demoqaLog - Successfully navigated to: https://demoqa.com
Instance Variables Declared are: nullnull
2025-08-18 19:50:01 [main] INFO  demoqaLog - Accessing Elements Card...
2025-08-18 19:50:01 [main] INFO  demoqaLog - Successfully navigated to: https://demoqa.com
2025-08-18 19:50:01 [main] INFO  demoqaLog - Clicking on Elements Card...
Title of this Page is: DEMOQA
You can now Access: Elements
 
2025-08-18 19:50:01 [main] INFO  demoqaLog - Clicking on Elements|Links|Home Link...
2025-08-18 19:50:01 [main] INFO  demoqaLog - Clicked on Elements|Links|Home Link...
2025-08-18 19:50:01 [main] INFO  demoqaLog - Clicking on Elements|Links|DynamicHome Link...
2025-08-18 19:50:02 [main] INFO  demoqaLog - Clicked on Elements|Links|DynamicHome Link...
2025-08-18 19:50:02 [main] INFO  demoqaLog - Test for Elements|Links|Dynamic Home Completed Successfully...
]]></system-out>
  </testcase>
  <testcase name="ClickCreatedAPILink" classname="tests.ElementsTests" time="1.077">
    <system-out><![CDATA[2025-08-18 19:50:02 [main] INFO  demoqaBase - Closing the Browser...
2025-08-18 19:50:02 [main] INFO  demoqaBase - Starting Web Browser...
2025-08-18 19:50:03 [main] INFO  demoqaBase - Navigating to demoqa.com Website
2025-08-18 19:50:08 [main] INFO  demoqaLog - Successfully navigated to: https://demoqa.com
Instance Variables Declared are: nullnull
2025-08-18 19:50:08 [main] INFO  demoqaLog - Accessing Elements Card...
2025-08-18 19:50:08 [main] INFO  demoqaLog - Successfully navigated to: https://demoqa.com
2025-08-18 19:50:08 [main] INFO  demoqaLog - Clicking on Elements Card...
Title of this Page is: DEMOQA
You can now Access: Elements
 
2025-08-18 19:50:09 [main] INFO  demoqaLog - Clicking on Elements|Links|Home Link...
2025-08-18 19:50:09 [main] INFO  demoqaLog - Clicked on Elements|Links|Home Link...
2025-08-18 19:50:09 [main] INFO  demoqaLog - Clicking on Elements|Links|Created Link...
2025-08-18 19:50:09 [main] INFO  demoqaLog - Clicked on Elements|Links|Created Link...
2025-08-18 19:50:09 [main] INFO  FetchLinkResponse - Fetching link response...
2025-08-18 19:50:09 [main] INFO  FetchLinkResponse - Response fetched: Created
Created
2025-08-18 19:50:09 [main] INFO  demoqaLog - Clicked on Elements|Links|Created Link response is: Created
2025-08-18 19:50:09 [main] INFO  demoqaLog - Test for Elements|Links|Created Link Completed Successfully...
]]></system-out>
  </testcase>
  <testcase name="ClickNoContentLink" classname="tests.ElementsTests" time="1.313">
    <system-out><![CDATA[2025-08-18 19:50:09 [main] INFO  demoqaBase - Closing the Browser...
2025-08-18 19:50:09 [main] INFO  demoqaBase - Starting Web Browser...
2025-08-18 19:50:10 [main] INFO  demoqaBase - Navigating to demoqa.com Website
2025-08-18 19:50:17 [main] INFO  demoqaLog - Successfully navigated to: https://demoqa.com
Instance Variables Declared are: nullnull
2025-08-18 19:50:17 [main] INFO  demoqaLog - Accessing Elements Card...
2025-08-18 19:50:18 [main] INFO  demoqaLog - Successfully navigated to: https://demoqa.com
2025-08-18 19:50:18 [main] INFO  demoqaLog - Clicking on Elements Card...
Title of this Page is: DEMOQA
You can now Access: Elements
 
2025-08-18 19:50:18 [main] INFO  demoqaLog - Clicking on Elements|Links|Home Link...
2025-08-18 19:50:18 [main] INFO  demoqaLog - Clicked on Elements|Links|Home Link...
2025-08-18 19:50:18 [main] INFO  demoqaLog - Clicking on Elements|Links|No Content Link...
2025-08-18 19:50:18 [main] INFO  demoqaLog - Clicked on Elements|Links|No Content Link...
2025-08-18 19:50:18 [main] INFO  FetchLinkResponse - Fetching link response...
2025-08-18 19:50:18 [main] INFO  FetchLinkResponse - Response fetched: No Content
No Content
2025-08-18 19:50:18 [main] INFO  demoqaLog - Clicked on Elements|Links|No Content Link response is: No Content
2025-08-18 19:50:18 [main] INFO  demoqaLog - Test for Elements|Links|No Content Link Completed Successfully...
]]></system-out>
  </testcase>
  <testcase name="ClickMovedLink" classname="tests.ElementsTests" time="1.049">
    <system-out><![CDATA[2025-08-18 19:50:18 [main] INFO  demoqaBase - Closing the Browser...
2025-08-18 19:50:19 [main] INFO  demoqaBase - Starting Web Browser...
2025-08-18 19:50:20 [main] INFO  demoqaBase - Navigating to demoqa.com Website
2025-08-18 19:50:25 [main] INFO  demoqaLog - Successfully navigated to: https://demoqa.com
Instance Variables Declared are: nullnull
2025-08-18 19:50:25 [main] INFO  demoqaLog - Accessing Elements Card...
2025-08-18 19:50:26 [main] INFO  demoqaLog - Successfully navigated to: https://demoqa.com
2025-08-18 19:50:26 [main] INFO  demoqaLog - Clicking on Elements Card...
Title of this Page is: DEMOQA
You can now Access: Elements
 
2025-08-18 19:50:26 [main] INFO  demoqaLog - Clicking on Elements|Links|Home Link...
2025-08-18 19:50:26 [main] INFO  demoqaLog - Clicked on Elements|Links|Home Link...
2025-08-18 19:50:26 [main] INFO  demoqaLog - Clicking on Elements|Links|Moved Link...
2025-08-18 19:50:26 [main] INFO  demoqaLog - Clicked on Elements|Links|Moved Link...
2025-08-18 19:50:26 [main] INFO  FetchLinkResponse - Fetching link response...
2025-08-18 19:50:26 [main] INFO  FetchLinkResponse - Response fetched: Moved
Moved
2025-08-18 19:50:26 [main] INFO  demoqaLog - Clicked on Elements|Links|Moved Link Link response is: Moved
2025-08-18 19:50:26 [main] INFO  demoqaLog - Test for Elements|Links|Moved Link Completed Successfully...
]]></system-out>
  </testcase>
  <testcase name="ClickBadRequestLink" classname="tests.ElementsTests" time="1.222">
    <system-out><![CDATA[2025-08-18 19:50:26 [main] INFO  demoqaBase - Closing the Browser...
2025-08-18 19:50:26 [main] INFO  demoqaBase - Starting Web Browser...
2025-08-18 19:50:27 [main] INFO  demoqaBase - Navigating to demoqa.com Website
2025-08-18 19:50:34 [main] INFO  demoqaLog - Successfully navigated to: https://demoqa.com
Instance Variables Declared are: nullnull
2025-08-18 19:50:34 [main] INFO  demoqaLog - Accessing Elements Card...
2025-08-18 19:50:34 [main] INFO  demoqaLog - Successfully navigated to: https://demoqa.com
2025-08-18 19:50:34 [main] INFO  demoqaLog - Clicking on Elements Card...
Title of this Page is: DEMOQA
You can now Access: Elements
 
2025-08-18 19:50:34 [main] INFO  demoqaLog - Clicking on Elements|Links|Home Link...
2025-08-18 19:50:35 [main] INFO  demoqaLog - Clicked on Elements|Links|Home Link...
2025-08-18 19:50:35 [main] INFO  demoqaLog - Clicking on Elements|Links|Bad Request Link...
2025-08-18 19:50:35 [main] INFO  demoqaLog - Clicked on Elements|Links|Bad Request Link...
2025-08-18 19:50:35 [main] INFO  FetchLinkResponse - Fetching link response...
2025-08-18 19:50:35 [main] INFO  FetchLinkResponse - Response fetched: Bad Request
Bad Request
2025-08-18 19:50:35 [main] INFO  demoqaLog - Clicked on Elements|Links|Bad Request Link response is: Bad Request
2025-08-18 19:50:35 [main] INFO  demoqaLog - Test for Elements|Links|Bad Request Link Completed Successfully...
]]></system-out>
  </testcase>
  <testcase name="ClickUnauthorizedLink" classname="tests.ElementsTests" time="2.755">
    <system-out><![CDATA[2025-08-18 19:50:35 [main] INFO  demoqaBase - Closing the Browser...
2025-08-18 19:50:35 [main] INFO  demoqaBase - Starting Web Browser...
2025-08-18 19:50:36 [main] INFO  demoqaBase - Navigating to demoqa.com Website
2025-08-18 19:50:42 [main] INFO  demoqaLog - Successfully navigated to: https://demoqa.com
Instance Variables Declared are: nullnull
2025-08-18 19:50:42 [main] INFO  demoqaLog - Accessing Elements Card...
2025-08-18 19:50:45 [main] INFO  demoqaLog - Successfully navigated to: https://demoqa.com
2025-08-18 19:50:45 [main] INFO  demoqaLog - Clicking on Elements Card...
Title of this Page is: DEMOQA
You can now Access: Elements
 
2025-08-18 19:50:45 [main] INFO  demoqaLog - Clicking on Elements|Links|Home Link...
2025-08-18 19:50:45 [main] INFO  demoqaLog - Clicked on Elements|Links|Home Link...
2025-08-18 19:50:45 [main] INFO  demoqaLog - Clicking on Elements|Links|Unauthorized Link...
2025-08-18 19:50:45 [main] INFO  demoqaLog - Clicked on Elements|Links|Unauthorized Link...
2025-08-18 19:50:45 [main] INFO  FetchLinkResponse - Fetching link response...
2025-08-18 19:50:45 [main] INFO  FetchLinkResponse - Response fetched: Unauthorized
Unauthorized
2025-08-18 19:50:45 [main] INFO  demoqaLog - Clicked on Elements|Links|Unauthorized Link response is: Unauthorized
2025-08-18 19:50:45 [main] INFO  demoqaLog - Test for Elements|Links|Unauthorized Link Completed Successfully...
]]></system-out>
  </testcase>
  <testcase name="ClickForbiddenLink" classname="tests.ElementsTests" time="0.962">
    <system-out><![CDATA[2025-08-18 19:50:45 [main] INFO  demoqaBase - Closing the Browser...
2025-08-18 19:50:45 [main] INFO  demoqaBase - Starting Web Browser...
2025-08-18 19:50:46 [main] INFO  demoqaBase - Navigating to demoqa.com Website
2025-08-18 19:50:54 [main] INFO  demoqaLog - Successfully navigated to: https://demoqa.com
Instance Variables Declared are: nullnull
2025-08-18 19:50:54 [main] INFO  demoqaLog - Accessing Elements Card...
2025-08-18 19:50:55 [main] INFO  demoqaLog - Successfully navigated to: https://demoqa.com
2025-08-18 19:50:55 [main] INFO  demoqaLog - Clicking on Elements Card...
Title of this Page is: DEMOQA
You can now Access: Elements
 
2025-08-18 19:50:55 [main] INFO  demoqaLog - Clicking on Elements|Links|Home Link...
2025-08-18 19:50:55 [main] INFO  demoqaLog - Clicked on Elements|Links|Home Link...
2025-08-18 19:50:55 [main] INFO  demoqaLog - Clicking on Elements|Links|Forbidden Link...
2025-08-18 19:50:55 [main] INFO  demoqaLog - Clicked on Elements|Links|Forbidden Link...
2025-08-18 19:50:55 [main] INFO  FetchLinkResponse - Fetching link response...
2025-08-18 19:50:55 [main] INFO  FetchLinkResponse - Response fetched: Forbidden
Forbidden
2025-08-18 19:50:55 [main] INFO  demoqaLog - Clicked on Elements|Links|Forbidden Link response is: Forbidden
2025-08-18 19:50:55 [main] INFO  demoqaLog - Test for Elements|Links|Forbidden Link Completed Successfully...
]]></system-out>
  </testcase>
  <testcase name="ClickNotFoundLink" classname="tests.ElementsTests" time="1.428">
    <system-out><![CDATA[2025-08-18 19:50:55 [main] INFO  demoqaBase - Closing the Browser...
2025-08-18 19:50:55 [main] INFO  demoqaBase - Starting Web Browser...
2025-08-18 19:50:56 [main] INFO  demoqaBase - Navigating to demoqa.com Website
2025-08-18 19:51:07 [main] INFO  demoqaLog - Successfully navigated to: https://demoqa.com
Instance Variables Declared are: nullnull
2025-08-18 19:51:07 [main] INFO  demoqaLog - Accessing Elements Card...
2025-08-18 19:51:08 [main] INFO  demoqaLog - Successfully navigated to: https://demoqa.com
2025-08-18 19:51:08 [main] INFO  demoqaLog - Clicking on Elements Card...
Title of this Page is: DEMOQA
You can now Access: Elements
 
2025-08-18 19:51:08 [main] INFO  demoqaLog - Clicking on Elements|Links|Home Link...
2025-08-18 19:51:08 [main] INFO  demoqaLog - Clicked on Elements|Links|Home Link...
2025-08-18 19:51:08 [main] INFO  demoqaLog - Clicking on Elements|Links|NotFound Link...
2025-08-18 19:51:08 [main] INFO  demoqaLog - Clicked on Elements|Links|NotFound Link...
2025-08-18 19:51:08 [main] INFO  FetchLinkResponse - Fetching link response...
2025-08-18 19:51:08 [main] INFO  FetchLinkResponse - Response fetched: Not Found
Not Found
2025-08-18 19:51:08 [main] INFO  demoqaLog - Clicked on Elements|Links|Not Found Link response is: Not Found
2025-08-18 19:51:08 [main] INFO  demoqaLog - Test for Elements|Links|NotFound Link Completed Successfully...
]]></system-out>
  </testcase>
  <testcase name="ClickAllLinks" classname="tests.ElementsTests" time="5.249">
    <failure message="element click intercepted: Element &lt;a id=&quot;dynamicLink&quot; href=&quot;https://demoqa.com&quot; target=&quot;_blank&quot;&gt;...&lt;/a&gt; is not clickable at point (424, 606). Other element would receive the click: &lt;div&gt;...&lt;/div&gt;&#10;  (Session info: chrome=137.0.7151.120)&#10;Build info: version: &apos;4.34.0&apos;, revision: &apos;707dcb4246*&apos;&#10;System info: os.name: &apos;Windows 11&apos;, os.arch: &apos;amd64&apos;, os.version: &apos;10.0&apos;, java.version: &apos;21.0.7&apos;&#10;Driver info: org.openqa.selenium.chrome.ChromeDriver&#10;Command: [31b61f550a376dc2aa1ec5ae53e7739c, clickElement {id=f.56E3E66B555546A70A3570671342A510.d.DF76DA236848B98D8FF460FDD2353070.e.46}]&#10;Capabilities {acceptInsecureCerts: false, browserName: chrome, browserVersion: 137.0.7151.120, chrome: {chromedriverVersion: 137.0.7151.119 (e0ac9d12dff..., userDataDir: /tmp/chrome-profile-01f5474...}, fedcm:accounts: true, goog:chromeOptions: {debuggerAddress: localhost:50743}, networkConnectionEnabled: false, pageLoadStrategy: normal, platformName: windows, proxy: Proxy(), se:cdp: ws://localhost:50743/devtoo..., se:cdpVersion: 137.0.7151.120, setWindowRect: true, strictFileInteractability: false, timeouts: {implicit: 0, pageLoad: 300000, script: 30000}, unhandledPromptBehavior: dismiss and notify, webauthn:extension:credBlob: true, webauthn:extension:largeBlob: true, webauthn:extension:minPinLength: true, webauthn:extension:prf: true, webauthn:virtualAuthenticators: true}&#10;Element: [[ChromeDriver: chrome on windows (31b61f550a376dc2aa1ec5ae53e7739c)] -&gt; xpath: //a[@id=&apos;dynamicLink&apos;]]&#10;Session ID: 31b61f550a376dc2aa1ec5ae53e7739c" type="org.openqa.selenium.ElementClickInterceptedException"><![CDATA[org.openqa.selenium.ElementClickInterceptedException: 
element click intercepted: Element <a id="dynamicLink" href="https://demoqa.com" target="_blank">...</a> is not clickable at point (424, 606). Other element would receive the click: <div>...</div>
  (Session info: chrome=137.0.7151.120)
Build info: version: '4.34.0', revision: '707dcb4246*'
System info: os.name: 'Windows 11', os.arch: 'amd64', os.version: '10.0', java.version: '21.0.7'
Driver info: org.openqa.selenium.chrome.ChromeDriver
Command: [31b61f550a376dc2aa1ec5ae53e7739c, clickElement {id=f.56E3E66B555546A70A3570671342A510.d.DF76DA236848B98D8FF460FDD2353070.e.46}]
Capabilities {acceptInsecureCerts: false, browserName: chrome, browserVersion: 137.0.7151.120, chrome: {chromedriverVersion: 137.0.7151.119 (e0ac9d12dff..., userDataDir: /tmp/chrome-profile-01f5474...}, fedcm:accounts: true, goog:chromeOptions: {debuggerAddress: localhost:50743}, networkConnectionEnabled: false, pageLoadStrategy: normal, platformName: windows, proxy: Proxy(), se:cdp: ws://localhost:50743/devtoo..., se:cdpVersion: 137.0.7151.120, setWindowRect: true, strictFileInteractability: false, timeouts: {implicit: 0, pageLoad: 300000, script: 30000}, unhandledPromptBehavior: dismiss and notify, webauthn:extension:credBlob: true, webauthn:extension:largeBlob: true, webauthn:extension:minPinLength: true, webauthn:extension:prf: true, webauthn:virtualAuthenticators: true}
Element: [[ChromeDriver: chrome on windows (31b61f550a376dc2aa1ec5ae53e7739c)] -> xpath: //a[@id='dynamicLink']]
Session ID: 31b61f550a376dc2aa1ec5ae53e7739c
	at java.base/jdk.internal.reflect.DirectConstructorHandleAccessor.newInstance(DirectConstructorHandleAccessor.java:62)
	at java.base/java.lang.reflect.Constructor.newInstanceWithCaller(Constructor.java:502)
	at java.base/java.lang.reflect.Constructor.newInstance(Constructor.java:486)
	at org.openqa.selenium.remote.ErrorCodec.decode(ErrorCodec.java:167)
	at org.openqa.selenium.remote.codec.w3c.W3CHttpResponseCodec.decode(W3CHttpResponseCodec.java:138)
	at org.openqa.selenium.remote.codec.w3c.W3CHttpResponseCodec.decode(W3CHttpResponseCodec.java:50)
	at org.openqa.selenium.remote.HttpCommandExecutor.execute(HttpCommandExecutor.java:215)
	at org.openqa.selenium.remote.service.DriverCommandExecutor.invokeExecute(DriverCommandExecutor.java:216)
	at org.openqa.selenium.remote.service.DriverCommandExecutor.execute(DriverCommandExecutor.java:174)
	at org.openqa.selenium.remote.RemoteWebDriver.execute(RemoteWebDriver.java:544)
	at org.openqa.selenium.remote.RemoteWebElement.execute(RemoteWebElement.java:223)
	at org.openqa.selenium.remote.RemoteWebElement.click(RemoteWebElement.java:76)
	at java.base/jdk.internal.reflect.DirectMethodHandleAccessor.invoke(DirectMethodHandleAccessor.java:103)
	at java.base/java.lang.reflect.Method.invoke(Method.java:580)
	at org.openqa.selenium.support.pagefactory.internal.LocatingElementHandler.invoke(LocatingElementHandler.java:51)
	at jdk.proxy2/jdk.proxy2.$Proxy29.click(Unknown Source)
	at pages.elementsPage.ClickDynamicHomeLink(elementsPage.java:912)
	at tests.ElementsTests.ClickAllLinks(ElementsTests.java:982)
	at java.base/jdk.internal.reflect.DirectMethodHandleAccessor.invoke(DirectMethodHandleAccessor.java:103)
	at java.base/java.lang.reflect.Method.invoke(Method.java:580)
	at org.testng.internal.invokers.MethodInvocationHelper.invokeMethod(MethodInvocationHelper.java:141)
	at org.testng.internal.invokers.TestInvoker.invokeMethod(TestInvoker.java:687)
	at org.testng.internal.invokers.TestInvoker.invokeTestMethod(TestInvoker.java:230)
	at org.testng.internal.invokers.MethodRunner.runInSequence(MethodRunner.java:63)
	at org.testng.internal.invokers.TestInvoker$MethodInvocationAgent.invoke(TestInvoker.java:995)
	at org.testng.internal.invokers.TestInvoker.invokeTestMethods(TestInvoker.java:203)
	at org.testng.internal.invokers.TestMethodWorker.invokeTestMethods(TestMethodWorker.java:154)
	at org.testng.internal.invokers.TestMethodWorker.run(TestMethodWorker.java:134)
	at java.base/java.util.ArrayList.forEach(ArrayList.java:1596)
	at org.testng.TestRunner.privateRun(TestRunner.java:741)
	at org.testng.TestRunner.run(TestRunner.java:616)
	at org.testng.SuiteRunner.runTest(SuiteRunner.java:421)
	at org.testng.SuiteRunner.runSequentially(SuiteRunner.java:413)
	at org.testng.SuiteRunner.privateRun(SuiteRunner.java:373)
	at org.testng.SuiteRunner.run(SuiteRunner.java:312)
	at org.testng.SuiteRunnerWorker.runSuite(SuiteRunnerWorker.java:52)
	at org.testng.SuiteRunnerWorker.run(SuiteRunnerWorker.java:95)
	at org.testng.TestNG.runSuitesSequentially(TestNG.java:1274)
	at org.testng.TestNG.runSuitesLocally(TestNG.java:1208)
	at org.testng.TestNG.runSuites(TestNG.java:1112)
	at org.testng.TestNG.run(TestNG.java:1079)
	at org.apache.maven.surefire.testng.TestNGExecutor.run(TestNGExecutor.java:155)
	at org.apache.maven.surefire.testng.TestNGDirectoryTestSuite.executeMulti(TestNGDirectoryTestSuite.java:169)
	at org.apache.maven.surefire.testng.TestNGDirectoryTestSuite.execute(TestNGDirectoryTestSuite.java:88)
	at org.apache.maven.surefire.testng.TestNGProvider.invoke(TestNGProvider.java:137)
	at org.apache.maven.surefire.booter.ForkedBooter.runSuitesInProcess(ForkedBooter.java:385)
	at org.apache.maven.surefire.booter.ForkedBooter.execute(ForkedBooter.java:162)
	at org.apache.maven.surefire.booter.ForkedBooter.run(ForkedBooter.java:507)
	at org.apache.maven.surefire.booter.ForkedBooter.main(ForkedBooter.java:495)
]]></failure>
    <system-out><![CDATA[2025-08-18 19:51:08 [main] INFO  demoqaBase - Closing the Browser...
2025-08-18 19:51:09 [main] INFO  demoqaBase - Starting Web Browser...
2025-08-18 19:51:09 [main] INFO  demoqaBase - Navigating to demoqa.com Website
2025-08-18 19:51:18 [main] INFO  demoqaLog - Successfully navigated to: https://demoqa.com
Instance Variables Declared are: nullnull
2025-08-18 19:51:18 [main] INFO  demoqaLog - Accessing Elements Card...
2025-08-18 19:51:18 [main] INFO  demoqaLog - Successfully navigated to: https://demoqa.com
2025-08-18 19:51:18 [main] INFO  demoqaLog - Clicking on Elements Card...
Title of this Page is: DEMOQA
You can now Access: Elements
 
2025-08-18 19:51:19 [main] INFO  demoqaLog - Clicking on Elements|Links|Home Link...
2025-08-18 19:51:19 [main] INFO  demoqaLog - Clicked on Elements|Links|Home Link...
2025-08-18 19:51:19 [main] INFO  demoqaLog - Clicking on Elements|Links|Home Link...
2025-08-18 19:51:19 [main] INFO  demoqaLog - Clicked on Elements|Links|Home Link...
2025-08-18 19:51:22 [main] INFO  demoqaLog - Clicking on Elements|Links|DynamicHome Link...
]]></system-out>
  </testcase>
  <testcase name="ClickBrokenLinksImages" classname="tests.ElementsTests" time="0.927">
    <system-out><![CDATA[Path for Screenshot is: C:\ASN\eclipse_workspace\demoqa-automation/screenshots/com.aventstack.extentreports.ExtentTest@27df0864Test Failed+2025-08-18_19-51-23.png
2025-08-18 19:51:23 [main] INFO  demoqaBase - Closing the Browser...
2025-08-18 19:51:24 [main] INFO  demoqaBase - Starting Web Browser...
2025-08-18 19:51:25 [main] INFO  demoqaBase - Navigating to demoqa.com Website
2025-08-18 19:51:37 [main] INFO  demoqaLog - Successfully navigated to: https://demoqa.com
Instance Variables Declared are: nullnull
2025-08-18 19:51:37 [main] INFO  demoqaLog - Accessing Elements Card...
2025-08-18 19:51:37 [main] INFO  demoqaLog - Successfully navigated to: https://demoqa.com
2025-08-18 19:51:37 [main] INFO  demoqaLog - Clicking on Elements Card...
Title of this Page is: DEMOQA
You can now Access: Elements
 
2025-08-18 19:51:37 [main] INFO  demoqaLog - Clicking on Elements|Broken Links - Images...
2025-08-18 19:51:37 [main] INFO  demoqaLog - Clicked on Elements|Broken Links - Images...
Page Title is: Broken Links - Images
2025-08-18 19:51:38 [main] INFO  demoqaLog - Test for Elements|Broken Links - Images Completed Successfully...
]]></system-out>
  </testcase>
  <testcase name="GetValidImage" classname="tests.ElementsTests" time="1.27">
    <system-out><![CDATA[2025-08-18 19:51:38 [main] INFO  demoqaBase - Closing the Browser...
2025-08-18 19:51:38 [main] INFO  demoqaBase - Starting Web Browser...
2025-08-18 19:51:39 [main] INFO  demoqaBase - Navigating to demoqa.com Website
2025-08-18 19:51:51 [main] INFO  demoqaLog - Successfully navigated to: https://demoqa.com
Instance Variables Declared are: nullnull
2025-08-18 19:51:51 [main] INFO  demoqaLog - Accessing Elements Card...
2025-08-18 19:51:52 [main] INFO  demoqaLog - Successfully navigated to: https://demoqa.com
2025-08-18 19:51:52 [main] INFO  demoqaLog - Clicking on Elements Card...
Title of this Page is: DEMOQA
You can now Access: Elements
 
2025-08-18 19:51:52 [main] INFO  demoqaLog - Clicking on Elements|Broken Links - Images...
2025-08-18 19:51:52 [main] INFO  demoqaLog - Clicked on Elements|Broken Links - Images...
Page Title is: Broken Links - Images
2025-08-18 19:51:53 [main] INFO  demoqaLog - Checking for Elements|Broken Links|Valid Image...
Found WebElement of: Valid image
2025-08-18 19:51:53 [main] INFO  demoqaLog - Checked Elements|Broken Links|Valid Image Valid image
2025-08-18 19:51:53 [main] INFO  demoqaLog - Test for Elements|Broken Links - Images|Valid Image Completed Successfully...
]]></system-out>
  </testcase>
  <testcase name="GetBrokenImage" classname="tests.ElementsTests" time="1.266">
    <system-out><![CDATA[2025-08-18 19:51:53 [main] INFO  demoqaBase - Closing the Browser...
2025-08-18 19:51:53 [main] INFO  demoqaBase - Starting Web Browser...
2025-08-18 19:51:54 [main] INFO  demoqaBase - Navigating to demoqa.com Website
2025-08-18 19:52:04 [main] INFO  demoqaLog - Successfully navigated to: https://demoqa.com
Instance Variables Declared are: nullnull
2025-08-18 19:52:04 [main] INFO  demoqaLog - Accessing Elements Card...
2025-08-18 19:52:04 [main] INFO  demoqaLog - Successfully navigated to: https://demoqa.com
2025-08-18 19:52:04 [main] INFO  demoqaLog - Clicking on Elements Card...
Title of this Page is: DEMOQA
You can now Access: Elements
 
2025-08-18 19:52:04 [main] INFO  demoqaLog - Clicking on Elements|Broken Links - Images...
2025-08-18 19:52:05 [main] INFO  demoqaLog - Clicked on Elements|Broken Links - Images...
Page Title is: Broken Links - Images
2025-08-18 19:52:05 [main] INFO  demoqaLog - Checking for Elements|Broken Links|Valid Image...
Found WebElement of: Broken image
2025-08-18 19:52:05 [main] INFO  demoqaLog - Checked Elements|Broken Links|Broken Image Broken image
2025-08-18 19:52:05 [main] INFO  demoqaLog - Test for Elements|Broken Links - Images|Broken Image Completed Successfully...
]]></system-out>
  </testcase>
  <testcase name="BrokenLinksBrokenlink" classname="tests.ElementsTests" time="4.726">
    <system-out><![CDATA[2025-08-18 19:52:05 [main] INFO  demoqaBase - Closing the Browser...
2025-08-18 19:52:05 [main] INFO  demoqaBase - Starting Web Browser...
2025-08-18 19:52:06 [main] INFO  demoqaBase - Navigating to demoqa.com Website
2025-08-18 19:52:15 [main] INFO  demoqaLog - Successfully navigated to: https://demoqa.com
Instance Variables Declared are: nullnull
2025-08-18 19:52:15 [main] INFO  demoqaLog - Accessing Elements Card...
2025-08-18 19:52:16 [main] INFO  demoqaLog - Successfully navigated to: https://demoqa.com
2025-08-18 19:52:16 [main] INFO  demoqaLog - Clicking on Elements Card...
Title of this Page is: DEMOQA
You can now Access: Elements
 
2025-08-18 19:52:16 [main] INFO  demoqaLog - Clicking on Elements|Broken Links - Images...
2025-08-18 19:52:16 [main] INFO  demoqaLog - Clicked on Elements|Broken Links - Images...
Page Title is: Broken Links - Images
2025-08-18 19:52:16 [main] INFO  demoqaLog - Checking for Elements|Broken Links|Broken Link...
2025-08-18 19:52:20 [main] INFO  demoqaLog - Clicked on Elements|Broken Links - Images|Broken Link...
Broken Link Response is: This page returned a 500 status code.

For a definition and common list of HTTP status codes, go here
2025-08-18 19:52:20 [main] INFO  demoqaLog - Broken Link Response is: This page returned a 500 status code.

For a definition and common list of HTTP status codes, go here
2025-08-18 19:52:20 [main] INFO  demoqaLog - Test for Elements|Broken Links - Images|Broken Link Completed Successfully...
]]></system-out>
  </testcase>
  <testcase name="BrokenLinksValidlink" classname="tests.ElementsTests" time="1.907">
    <system-out><![CDATA[2025-08-18 19:52:20 [main] INFO  demoqaBase - Closing the Browser...
2025-08-18 19:52:20 [main] INFO  demoqaBase - Starting Web Browser...
2025-08-18 19:52:21 [main] INFO  demoqaBase - Navigating to demoqa.com Website
2025-08-18 19:52:34 [main] INFO  demoqaLog - Successfully navigated to: https://demoqa.com
Instance Variables Declared are: nullnull
2025-08-18 19:52:34 [main] INFO  demoqaLog - Accessing Elements Card...
2025-08-18 19:52:35 [main] INFO  demoqaLog - Successfully navigated to: https://demoqa.com
2025-08-18 19:52:35 [main] INFO  demoqaLog - Clicking on Elements Card...
Title of this Page is: DEMOQA
You can now Access: Elements
 
2025-08-18 19:52:35 [main] INFO  demoqaLog - Clicking on Elements|Broken Links - Images...
2025-08-18 19:52:35 [main] INFO  demoqaLog - Clicked on Elements|Broken Links - Images...
Page Title is: Broken Links - Images
2025-08-18 19:52:35 [main] INFO  demoqaLog - Checking for Elements|Broken Links|Valid Link...
2025-08-18 19:52:36 [main] INFO  demoqaLog - Clicked on Elements|Broken Links - Images|Valid Link...
Logo of Valid Link Clicked https://demoqa.com/images/Toolsqa.jpg
2025-08-18 19:52:36 [main] INFO  demoqaLog - Logo source: https://demoqa.com/images/Toolsqa.jpg
2025-08-18 19:52:36 [main] INFO  demoqaLog - Test for Elements|Broken Links - Images|Valid Link Completed Successfully...
]]></system-out>
  </testcase>
  <testcase name="FormCard" classname="tests.FormTests" time="0.272">
    <system-out><![CDATA[2025-08-18 19:52:36 [main] INFO  demoqaBase - Closing the Browser...
2025-08-18 19:52:36 [main] INFO  demoqaBase - Starting Web Browser...
2025-08-18 19:52:37 [main] INFO  demoqaBase - Navigating to demoqa.com Website
2025-08-18 19:53:04 [main] INFO  demoqaLog - Successfully navigated to: https://demoqa.com
2025-08-18 19:53:04 [main] INFO  demoqaLog - Starting Form Card Test...
2025-08-18 19:53:04 [main] INFO  demoqaLog - Clicking on Form Card...
2025-08-18 19:53:04 [main] INFO  demoqaLog - Clicked on Form Card...
2025-08-18 19:53:04 [main] INFO  demoqaLog - Clicking on Practice Form...
2025-08-18 19:53:04 [main] INFO  demoqaLog - Clicked on Practice Form...
Title of this Page is: DEMOQA
2025-08-18 19:53:04 [main] INFO  demoqaLog - Form Card Test Completed...
]]></system-out>
  </testcase>
  <testcase name="fillForm[UserFormData{firstName=&apos;Johny&apos;, lastName=&apos;Bravo&apos;, userMail=&apos;Jbravo@demoqa.com&apos;, gender=&apos;Male&apos;, mobile=&apos;9.238343488E9&apos;, dob=&apos;15-08-2000&apos;, subject=&apos;Computer Science&apos;, hobbies=&apos;Sports,Music&apos;, picturePath=&apos;/TestData/Mphoto.jpg&apos;, address=&apos;511 Grant 481, Prattsville\n Arkansas 72129\n United States&apos;, state=&apos;NCR&apos;, city=&apos;Delhi&apos;}](1)" classname="tests.FormTests" time="5.791">
    <system-out><![CDATA[2025-08-18 19:53:04 [main] INFO  demoqaBase - Closing the Browser...
2025-08-18 19:53:05 [main] INFO  demoqaBase - Starting Web Browser...
2025-08-18 19:53:06 [main] INFO  demoqaBase - Navigating to demoqa.com Website
2025-08-18 19:53:18 [main] INFO  demoqaLog - Successfully navigated to: https://demoqa.com
2025-08-18 19:53:18 [main] INFO  demoqaLog - Starting Form Filling Test...
2025-08-18 19:53:19 [main] INFO  demoqaLog - Successfully navigated to: https://demoqa.com
2025-08-18 19:53:19 [main] INFO  demoqaLog - Accessing Form Card...
2025-08-18 19:53:19 [main] INFO  demoqaLog - Successfully navigated to: https://demoqa.com
2025-08-18 19:53:19 [main] INFO  demoqaLog - Clicking on Form Card...
2025-08-18 19:53:20 [main] INFO  demoqaLog - Clicked on Form Card...
2025-08-18 19:53:20 [main] INFO  demoqaLog - Clicking on Practice Form...
2025-08-18 19:53:20 [main] INFO  demoqaLog - Clicked on Practice Form...
2025-08-18 19:53:20 [main] INFO  demoqaLog - Filling form for: Johny Bravo
2025-08-18 19:53:20 [main] INFO  demoqaLog - Entering First Name...
2025-08-18 19:53:20 [main] INFO  demoqaLog - Entered First Name: Johny
Selected gender: Male
📅 Parsed DOB: 2000-08-15
📅 Parsed DOB: 2000-08-15
📥 Received DOB: 15-08-2000
📅 Normalized DOB: 15-08-2000
✅ Date selected: 15-08-2000
2025-08-18 19:53:21 [main] INFO  demoqaLog - Typed full subject: Computer Science
Typing subject: Computer Science
Dropdown Option: Computer Science
Selected: Computer Science
Selected hobby: sports
Selected hobby: music
Uploaded photo: C:\ASN\eclipse_workspace\demoqa-automation//TestData/Mphoto.jpg
511 Grant 481, Prattsville
 Arkansas 72129
 United States
2025-08-18 19:53:23 [main] INFO  demoqaLog - Entering Address...
2025-08-18 19:53:23 [main] INFO  demoqaLog - Entered Address...
2025-08-18 19:53:23 [main] INFO  demoqaLog - Selecting State: NCR
Available state option: NCR
2025-08-18 19:53:23 [main] INFO  demoqaLog - Selected State: NCR
2025-08-18 19:53:23 [main] INFO  demoqaLog - Selecting City: Delhi
Available city: Delhi
2025-08-18 19:53:23 [main] INFO  demoqaLog - Selected City: Delhi
2025-08-18 19:53:23 [main] INFO  demoqaLog - Submitting Form...
2025-08-18 19:53:24 [main] INFO  demoqaLog - Form Submitted via normal click...
2025-08-18 19:53:24 [main] INFO  demoqaLog - Test Form Filling Completed for: Johny Bravo
]]></system-out>
  </testcase>
  <testcase name="fillForm[UserFormData{firstName=&apos;Gene&apos;, lastName=&apos;Femina&apos;, userMail=&apos;GFemina@demoqa.com&apos;, gender=&apos;Female&apos;, mobile=&apos;1.888343432E9&apos;, dob=&apos;22-05-2002&apos;, subject=&apos;Accounting&apos;, hobbies=&apos;Music,Reading&apos;, picturePath=&apos;/TestData/Fphoto.png&apos;, address=&apos;512 Grant 481, Prattsville\n Arkansas 72129\n United States&apos;, state=&apos;Uttar Pradesh&apos;, city=&apos;Merrut&apos;}](2)" classname="tests.FormTests" time="5.735">
    <system-out><![CDATA[Path for Screenshot is: C:\ASN\eclipse_workspace\demoqa-automation/screenshots/fillForm Passed+2025-08-18_19-53-24.png
2025-08-18 19:53:24 [main] INFO  demoqaBase - Closing the Browser...
2025-08-18 19:53:25 [main] INFO  demoqaBase - Starting Web Browser...
2025-08-18 19:53:26 [main] INFO  demoqaBase - Navigating to demoqa.com Website
2025-08-18 19:53:37 [main] INFO  demoqaLog - Successfully navigated to: https://demoqa.com
2025-08-18 19:53:37 [main] INFO  demoqaLog - Starting Form Filling Test...
2025-08-18 19:53:38 [main] INFO  demoqaLog - Successfully navigated to: https://demoqa.com
2025-08-18 19:53:38 [main] INFO  demoqaLog - Accessing Form Card...
2025-08-18 19:53:38 [main] INFO  demoqaLog - Successfully navigated to: https://demoqa.com
2025-08-18 19:53:38 [main] INFO  demoqaLog - Clicking on Form Card...
2025-08-18 19:53:39 [main] INFO  demoqaLog - Clicked on Form Card...
2025-08-18 19:53:39 [main] INFO  demoqaLog - Clicking on Practice Form...
2025-08-18 19:53:39 [main] INFO  demoqaLog - Clicked on Practice Form...
2025-08-18 19:53:39 [main] INFO  demoqaLog - Filling form for: Gene Femina
2025-08-18 19:53:39 [main] INFO  demoqaLog - Entering First Name...
2025-08-18 19:53:39 [main] INFO  demoqaLog - Entered First Name: Gene
Selected gender: Female
📅 Parsed DOB: 2002-05-22
📅 Parsed DOB: 2002-05-22
📥 Received DOB: 22-05-2002
📅 Normalized DOB: 22-05-2002
✅ Date selected: 22-05-2002
2025-08-18 19:53:40 [main] INFO  demoqaLog - Typed full subject: Accounting
Typing subject: Accounting
Dropdown Option: Accounting
Selected: Accounting
Selected hobby: music
Selected hobby: reading
Uploaded photo: C:\ASN\eclipse_workspace\demoqa-automation//TestData/Fphoto.png
512 Grant 481, Prattsville
 Arkansas 72129
 United States
2025-08-18 19:53:42 [main] INFO  demoqaLog - Entering Address...
2025-08-18 19:53:42 [main] INFO  demoqaLog - Entered Address...
2025-08-18 19:53:42 [main] INFO  demoqaLog - Selecting State: Uttar Pradesh
Available state option: NCR
Available state option: Uttar Pradesh
2025-08-18 19:53:42 [main] INFO  demoqaLog - Selected State: Uttar Pradesh
2025-08-18 19:53:42 [main] INFO  demoqaLog - Selecting City: Merrut
Available city: Agra
Available city: Lucknow
Available city: Merrut
2025-08-18 19:53:42 [main] INFO  demoqaLog - Selected City: Merrut
2025-08-18 19:53:42 [main] INFO  demoqaLog - Submitting Form...
2025-08-18 19:53:43 [main] INFO  demoqaLog - Form Submitted via normal click...
2025-08-18 19:53:43 [main] INFO  demoqaLog - Test Form Filling Completed for: Gene Femina
]]></system-out>
  </testcase>
  <testcase name="fillForm[UserFormData{firstName=&apos;Bud&apos;, lastName=&apos;Wisem&apos;, userMail=&apos;BWisem@demoqa.com&apos;, gender=&apos;Other&apos;, mobile=&apos;8.932465432E9&apos;, dob=&apos;31-12-1999&apos;, subject=&apos;Biology&apos;, hobbies=&apos;Reading&apos;, picturePath=&apos;/TestData/Ophoto.jpg&apos;, address=&apos;513 Grant 481, Prattsville\n Arkansas 72129\n United States&apos;, state=&apos;Haryana&apos;, city=&apos;Panipat&apos;}](3)" classname="tests.FormTests" time="4.965">
    <system-out><![CDATA[Path for Screenshot is: C:\ASN\eclipse_workspace\demoqa-automation/screenshots/fillForm Passed+2025-08-18_19-53-43.png
2025-08-18 19:53:43 [main] INFO  demoqaBase - Closing the Browser...
2025-08-18 19:53:44 [main] INFO  demoqaBase - Starting Web Browser...
2025-08-18 19:53:45 [main] INFO  demoqaBase - Navigating to demoqa.com Website
2025-08-18 19:53:56 [main] INFO  demoqaLog - Successfully navigated to: https://demoqa.com
2025-08-18 19:53:56 [main] INFO  demoqaLog - Starting Form Filling Test...
2025-08-18 19:53:56 [main] INFO  demoqaLog - Successfully navigated to: https://demoqa.com
2025-08-18 19:53:56 [main] INFO  demoqaLog - Accessing Form Card...
2025-08-18 19:53:57 [main] INFO  demoqaLog - Successfully navigated to: https://demoqa.com
2025-08-18 19:53:57 [main] INFO  demoqaLog - Clicking on Form Card...
2025-08-18 19:53:57 [main] INFO  demoqaLog - Clicked on Form Card...
2025-08-18 19:53:57 [main] INFO  demoqaLog - Clicking on Practice Form...
2025-08-18 19:53:57 [main] INFO  demoqaLog - Clicked on Practice Form...
2025-08-18 19:53:57 [main] INFO  demoqaLog - Filling form for: Bud Wisem
2025-08-18 19:53:57 [main] INFO  demoqaLog - Entering First Name...
2025-08-18 19:53:57 [main] INFO  demoqaLog - Entered First Name: Bud
Selected gender: Other
📅 Parsed DOB: 1999-12-31
📅 Parsed DOB: 1999-12-31
📥 Received DOB: 31-12-1999
📅 Normalized DOB: 31-12-1999
✅ Date selected: 31-12-1999
2025-08-18 19:53:59 [main] INFO  demoqaLog - Typed full subject: Biology
Typing subject: Biology
Dropdown Option: Biology
Selected: Biology
Selected hobby: reading
Uploaded photo: C:\ASN\eclipse_workspace\demoqa-automation//TestData/Ophoto.jpg
513 Grant 481, Prattsville
 Arkansas 72129
 United States
2025-08-18 19:53:59 [main] INFO  demoqaLog - Entering Address...
2025-08-18 19:53:59 [main] INFO  demoqaLog - Entered Address...
2025-08-18 19:53:59 [main] INFO  demoqaLog - Selecting State: Haryana
Available state option: NCR
Available state option: Uttar Pradesh
Available state option: Haryana
2025-08-18 19:54:00 [main] INFO  demoqaLog - Selected State: Haryana
2025-08-18 19:54:00 [main] INFO  demoqaLog - Selecting City: Panipat
Available city: Karnal
Available city: Panipat
2025-08-18 19:54:00 [main] INFO  demoqaLog - Selected City: Panipat
2025-08-18 19:54:00 [main] INFO  demoqaLog - Submitting Form...
2025-08-18 19:54:01 [main] INFO  demoqaLog - Form Submitted via normal click...
2025-08-18 19:54:01 [main] INFO  demoqaLog - Test Form Filling Completed for: Bud Wisem
]]></system-out>
  </testcase>
  <testcase name="fillForm[UserFormData{firstName=&apos;Tom&apos;, lastName=&apos;Boss&apos;, userMail=&apos;TBoss@demoqa.com&apos;, gender=&apos;Male&apos;, mobile=&apos;7.839875281E9&apos;, dob=&apos;26-01-2003&apos;, subject=&apos;Social Studies&apos;, hobbies=&apos;Sports,Reading&apos;, picturePath=&apos;/TestData/M2photo.jpg&apos;, address=&apos;514 Grant 481, Prattsville\n Arkansas 72129\n United States&apos;, state=&apos;Rajasthan&apos;, city=&apos;Jaiselmer&apos;}](4)" classname="tests.FormTests" time="5.494">
    <system-out><![CDATA[Path for Screenshot is: C:\ASN\eclipse_workspace\demoqa-automation/screenshots/fillForm Passed+2025-08-18_19-54-01.png
2025-08-18 19:54:01 [main] INFO  demoqaBase - Closing the Browser...
2025-08-18 19:54:01 [main] INFO  demoqaBase - Starting Web Browser...
2025-08-18 19:54:02 [main] INFO  demoqaBase - Navigating to demoqa.com Website
2025-08-18 19:54:11 [main] INFO  demoqaLog - Successfully navigated to: https://demoqa.com
2025-08-18 19:54:11 [main] INFO  demoqaLog - Starting Form Filling Test...
2025-08-18 19:54:12 [main] INFO  demoqaLog - Successfully navigated to: https://demoqa.com
2025-08-18 19:54:12 [main] INFO  demoqaLog - Accessing Form Card...
2025-08-18 19:54:13 [main] INFO  demoqaLog - Successfully navigated to: https://demoqa.com
2025-08-18 19:54:13 [main] INFO  demoqaLog - Clicking on Form Card...
2025-08-18 19:54:13 [main] INFO  demoqaLog - Clicked on Form Card...
2025-08-18 19:54:13 [main] INFO  demoqaLog - Clicking on Practice Form...
2025-08-18 19:54:13 [main] INFO  demoqaLog - Clicked on Practice Form...
2025-08-18 19:54:13 [main] INFO  demoqaLog - Filling form for: Tom Boss
2025-08-18 19:54:13 [main] INFO  demoqaLog - Entering First Name...
2025-08-18 19:54:13 [main] INFO  demoqaLog - Entered First Name: Tom
Selected gender: Male
📅 Parsed DOB: 2003-01-26
📅 Parsed DOB: 2003-01-26
📥 Received DOB: 26-01-2003
📅 Normalized DOB: 26-01-2003
✅ Date selected: 26-01-2003
2025-08-18 19:54:14 [main] INFO  demoqaLog - Typed full subject: Social Studies
Typing subject: Social Studies
Dropdown Option: Social Studies
Selected: Social Studies
Selected hobby: sports
Selected hobby: reading
Uploaded photo: C:\ASN\eclipse_workspace\demoqa-automation//TestData/M2photo.jpg
514 Grant 481, Prattsville
 Arkansas 72129
 United States
2025-08-18 19:54:15 [main] INFO  demoqaLog - Entering Address...
2025-08-18 19:54:15 [main] INFO  demoqaLog - Entered Address...
2025-08-18 19:54:15 [main] INFO  demoqaLog - Selecting State: Rajasthan
Available state option: NCR
Available state option: Uttar Pradesh
Available state option: Haryana
Available state option: Rajasthan
2025-08-18 19:54:16 [main] INFO  demoqaLog - Selected State: Rajasthan
2025-08-18 19:54:16 [main] INFO  demoqaLog - Selecting City: Jaiselmer
Available city: Jaipur
Available city: Jaiselmer
2025-08-18 19:54:16 [main] INFO  demoqaLog - Selected City: Jaiselmer
2025-08-18 19:54:16 [main] INFO  demoqaLog - Submitting Form...
2025-08-18 19:54:16 [main] INFO  demoqaLog - Form Submitted via normal click...
2025-08-18 19:54:16 [main] INFO  demoqaLog - Test Form Filling Completed for: Tom Boss
]]></system-out>
  </testcase>
</testsuite>