<?xml version="1.0" encoding="UTF-8"?>
<testsuite xmlns:xsi="http://www.w3.org/2001/XMLSchema-instance" xsi:noNamespaceSchemaLocation="https://maven.apache.org/surefire/maven-surefire-plugin/xsd/surefire-test-report-3.0.xsd" version="3.0" name="TestSuite" time="3369.388" tests="217" errors="0" skipped="139" failures="5">
  <properties>
    <property name="java.specification.version" value="21"/>
    <property name="sun.cpu.isalist" value="amd64"/>
    <property name="sun.jnu.encoding" value="Cp1252"/>
    <property name="java.class.path" value="C:\ASN\eclipse_workspace\demoqa-automation\target\test-classes;C:\ASN\eclipse_workspace\demoqa-automation\target\classes;C:\Users\dell\.m2\repository\org\seleniumhq\selenium\selenium-java\4.35.0\selenium-java-4.35.0.jar;C:\Users\dell\.m2\repository\org\seleniumhq\selenium\selenium-api\4.35.0\selenium-api-4.35.0.jar;C:\Users\dell\.m2\repository\org\jspecify\jspecify\1.0.0\jspecify-1.0.0.jar;C:\Users\dell\.m2\repository\org\seleniumhq\selenium\selenium-chrome-driver\4.35.0\selenium-chrome-driver-4.35.0.jar;C:\Users\dell\.m2\repository\com\google\auto\service\auto-service-annotations\1.1.1\auto-service-annotations-1.1.1.jar;C:\Users\dell\.m2\repository\org\seleniumhq\selenium\selenium-chromium-driver\4.35.0\selenium-chromium-driver-4.35.0.jar;C:\Users\dell\.m2\repository\org\seleniumhq\selenium\selenium-devtools-v137\4.35.0\selenium-devtools-v137-4.35.0.jar;C:\Users\dell\.m2\repository\org\seleniumhq\selenium\selenium-devtools-v138\4.35.0\selenium-devtools-v138-4.35.0.jar;C:\Users\dell\.m2\repository\org\seleniumhq\selenium\selenium-devtools-v139\4.35.0\selenium-devtools-v139-4.35.0.jar;C:\Users\dell\.m2\repository\org\seleniumhq\selenium\selenium-edge-driver\4.35.0\selenium-edge-driver-4.35.0.jar;C:\Users\dell\.m2\repository\org\seleniumhq\selenium\selenium-firefox-driver\4.35.0\selenium-firefox-driver-4.35.0.jar;C:\Users\dell\.m2\repository\org\seleniumhq\selenium\selenium-http\4.35.0\selenium-http-4.35.0.jar;C:\Users\dell\.m2\repository\org\seleniumhq\selenium\selenium-ie-driver\4.35.0\selenium-ie-driver-4.35.0.jar;C:\Users\dell\.m2\repository\org\seleniumhq\selenium\selenium-remote-driver\4.35.0\selenium-remote-driver-4.35.0.jar;C:\Users\dell\.m2\repository\com\google\guava\guava\33.4.8-jre\guava-33.4.8-jre.jar;C:\Users\dell\.m2\repository\com\google\guava\failureaccess\1.0.3\failureaccess-1.0.3.jar;C:\Users\dell\.m2\repository\com\google\guava\listenablefuture\9999.0-empty-to-avoid-conflict-with-guava\listenablefuture-9999.0-empty-to-avoid-conflict-with-guava.jar;C:\Users\dell\.m2\repository\com\google\errorprone\error_prone_annotations\2.36.0\error_prone_annotations-2.36.0.jar;C:\Users\dell\.m2\repository\com\google\j2objc\j2objc-annotations\3.0.0\j2objc-annotations-3.0.0.jar;C:\Users\dell\.m2\repository\io\opentelemetry\opentelemetry-api\1.53.0\opentelemetry-api-1.53.0.jar;C:\Users\dell\.m2\repository\io\opentelemetry\opentelemetry-context\1.53.0\opentelemetry-context-1.53.0.jar;C:\Users\dell\.m2\repository\io\opentelemetry\opentelemetry-common\1.53.0\opentelemetry-common-1.53.0.jar;C:\Users\dell\.m2\repository\io\opentelemetry\opentelemetry-exporter-logging\1.53.0\opentelemetry-exporter-logging-1.53.0.jar;C:\Users\dell\.m2\repository\io\opentelemetry\opentelemetry-sdk-common\1.53.0\opentelemetry-sdk-common-1.53.0.jar;C:\Users\dell\.m2\repository\io\opentelemetry\opentelemetry-sdk-extension-autoconfigure-spi\1.53.0\opentelemetry-sdk-extension-autoconfigure-spi-1.53.0.jar;C:\Users\dell\.m2\repository\io\opentelemetry\opentelemetry-sdk-extension-autoconfigure\1.53.0\opentelemetry-sdk-extension-autoconfigure-1.53.0.jar;C:\Users\dell\.m2\repository\io\opentelemetry\opentelemetry-sdk-trace\1.53.0\opentelemetry-sdk-trace-1.53.0.jar;C:\Users\dell\.m2\repository\io\opentelemetry\opentelemetry-sdk\1.53.0\opentelemetry-sdk-1.53.0.jar;C:\Users\dell\.m2\repository\io\opentelemetry\opentelemetry-sdk-metrics\1.53.0\opentelemetry-sdk-metrics-1.53.0.jar;C:\Users\dell\.m2\repository\io\opentelemetry\opentelemetry-sdk-logs\1.53.0\opentelemetry-sdk-logs-1.53.0.jar;C:\Users\dell\.m2\repository\net\bytebuddy\byte-buddy\1.17.6\byte-buddy-1.17.6.jar;C:\Users\dell\.m2\repository\org\seleniumhq\selenium\selenium-safari-driver\4.35.0\selenium-safari-driver-4.35.0.jar;C:\Users\dell\.m2\repository\org\seleniumhq\selenium\selenium-support\4.35.0\selenium-support-4.35.0.jar;C:\Users\dell\.m2\repository\org\seleniumhq\selenium\selenium-manager\4.35.0\selenium-manager-4.35.0.jar;C:\Users\dell\.m2\repository\org\seleniumhq\selenium\selenium-json\4.35.0\selenium-json-4.35.0.jar;C:\Users\dell\.m2\repository\org\seleniumhq\selenium\selenium-os\4.35.0\selenium-os-4.35.0.jar;C:\Users\dell\.m2\repository\org\apache\commons\commons-exec\1.5.0\commons-exec-1.5.0.jar;C:\Users\dell\.m2\repository\org\testng\testng\7.11.0\testng-7.11.0.jar;C:\Users\dell\.m2\repository\org\slf4j\slf4j-api\2.0.16\slf4j-api-2.0.16.jar;C:\Users\dell\.m2\repository\org\jcommander\jcommander\1.83\jcommander-1.83.jar;C:\Users\dell\.m2\repository\org\webjars\jquery\3.7.1\jquery-3.7.1.jar;C:\Users\dell\.m2\repository\org\apache\logging\log4j\log4j-core\2.24.3\log4j-core-2.24.3.jar;C:\Users\dell\.m2\repository\org\apache\logging\log4j\log4j-api\2.24.3\log4j-api-2.24.3.jar;C:\Users\dell\.m2\repository\com\aventstack\extentreports\5.0.9\extentreports-5.0.9.jar;C:\Users\dell\.m2\repository\io\reactivex\rxjava3\rxjava\3.0.4\rxjava-3.0.4.jar;C:\Users\dell\.m2\repository\org\reactivestreams\reactive-streams\1.0.3\reactive-streams-1.0.3.jar;C:\Users\dell\.m2\repository\org\freemarker\freemarker\2.3.30\freemarker-2.3.30.jar;C:\Users\dell\.m2\repository\com\google\code\gson\gson\2.8.6\gson-2.8.6.jar;C:\Users\dell\.m2\repository\commons-io\commons-io\2.19.0\commons-io-2.19.0.jar;C:\Users\dell\.m2\repository\org\apache\poi\poi-ooxml\5.4.1\poi-ooxml-5.4.1.jar;C:\Users\dell\.m2\repository\org\apache\poi\poi\5.4.1\poi-5.4.1.jar;C:\Users\dell\.m2\repository\commons-codec\commons-codec\1.18.0\commons-codec-1.18.0.jar;C:\Users\dell\.m2\repository\org\apache\commons\commons-math3\3.6.1\commons-math3-3.6.1.jar;C:\Users\dell\.m2\repository\com\zaxxer\SparseBitSet\1.3\SparseBitSet-1.3.jar;C:\Users\dell\.m2\repository\org\apache\poi\poi-ooxml-lite\5.4.1\poi-ooxml-lite-5.4.1.jar;C:\Users\dell\.m2\repository\org\apache\xmlbeans\xmlbeans\5.3.0\xmlbeans-5.3.0.jar;C:\Users\dell\.m2\repository\org\apache\commons\commons-compress\1.27.1\commons-compress-1.27.1.jar;C:\Users\dell\.m2\repository\org\apache\commons\commons-lang3\3.16.0\commons-lang3-3.16.0.jar;C:\Users\dell\.m2\repository\com\github\virtuald\curvesapi\1.08\curvesapi-1.08.jar;C:\Users\dell\.m2\repository\org\apache\commons\commons-collections4\4.4\commons-collections4-4.4.jar;C:\Users\dell\.m2\repository\com\sun\mail\jakarta.mail\2.0.1\jakarta.mail-2.0.1.jar;C:\Users\dell\.m2\repository\com\sun\activation\jakarta.activation\2.0.1\jakarta.activation-2.0.1.jar;C:\Users\dell\.m2\repository\org\projectlombok\lombok\1.18.30\lombok-1.18.30.jar;"/>
    <property name="java.vm.vendor" value="Oracle Corporation"/>
    <property name="sun.arch.data.model" value="64"/>
    <property name="user.variant" value=""/>
    <property name="java.vendor.url" value="https://java.oracle.com/"/>
    <property name="user.timezone" value="Asia/Calcutta"/>
    <property name="os.name" value="Windows 11"/>
    <property name="java.vm.specification.version" value="21"/>
    <property name="sun.java.launcher" value="SUN_STANDARD"/>
    <property name="user.country" value="IN"/>
    <property name="sun.boot.library.path" value="C:\Program Files\Java\jdk-21\bin"/>
    <property name="sun.java.command" value="C:\Users\dell\AppData\Local\Temp\surefire8775576914197584587\surefirebooter-20250907140116530_3.jar C:\Users\dell\AppData\Local\Temp\surefire8775576914197584587 2025-09-07T14-01-16_359-jvmRun1 surefire-20250907140116530_1tmp surefire_0-20250907140116530_2tmp"/>
    <property name="jdk.debug" value="release"/>
    <property name="surefire.test.class.path" value="C:\ASN\eclipse_workspace\demoqa-automation\target\test-classes;C:\ASN\eclipse_workspace\demoqa-automation\target\classes;C:\Users\dell\.m2\repository\org\seleniumhq\selenium\selenium-java\4.35.0\selenium-java-4.35.0.jar;C:\Users\dell\.m2\repository\org\seleniumhq\selenium\selenium-api\4.35.0\selenium-api-4.35.0.jar;C:\Users\dell\.m2\repository\org\jspecify\jspecify\1.0.0\jspecify-1.0.0.jar;C:\Users\dell\.m2\repository\org\seleniumhq\selenium\selenium-chrome-driver\4.35.0\selenium-chrome-driver-4.35.0.jar;C:\Users\dell\.m2\repository\com\google\auto\service\auto-service-annotations\1.1.1\auto-service-annotations-1.1.1.jar;C:\Users\dell\.m2\repository\org\seleniumhq\selenium\selenium-chromium-driver\4.35.0\selenium-chromium-driver-4.35.0.jar;C:\Users\dell\.m2\repository\org\seleniumhq\selenium\selenium-devtools-v137\4.35.0\selenium-devtools-v137-4.35.0.jar;C:\Users\dell\.m2\repository\org\seleniumhq\selenium\selenium-devtools-v138\4.35.0\selenium-devtools-v138-4.35.0.jar;C:\Users\dell\.m2\repository\org\seleniumhq\selenium\selenium-devtools-v139\4.35.0\selenium-devtools-v139-4.35.0.jar;C:\Users\dell\.m2\repository\org\seleniumhq\selenium\selenium-edge-driver\4.35.0\selenium-edge-driver-4.35.0.jar;C:\Users\dell\.m2\repository\org\seleniumhq\selenium\selenium-firefox-driver\4.35.0\selenium-firefox-driver-4.35.0.jar;C:\Users\dell\.m2\repository\org\seleniumhq\selenium\selenium-http\4.35.0\selenium-http-4.35.0.jar;C:\Users\dell\.m2\repository\org\seleniumhq\selenium\selenium-ie-driver\4.35.0\selenium-ie-driver-4.35.0.jar;C:\Users\dell\.m2\repository\org\seleniumhq\selenium\selenium-remote-driver\4.35.0\selenium-remote-driver-4.35.0.jar;C:\Users\dell\.m2\repository\com\google\guava\guava\33.4.8-jre\guava-33.4.8-jre.jar;C:\Users\dell\.m2\repository\com\google\guava\failureaccess\1.0.3\failureaccess-1.0.3.jar;C:\Users\dell\.m2\repository\com\google\guava\listenablefuture\9999.0-empty-to-avoid-conflict-with-guava\listenablefuture-9999.0-empty-to-avoid-conflict-with-guava.jar;C:\Users\dell\.m2\repository\com\google\errorprone\error_prone_annotations\2.36.0\error_prone_annotations-2.36.0.jar;C:\Users\dell\.m2\repository\com\google\j2objc\j2objc-annotations\3.0.0\j2objc-annotations-3.0.0.jar;C:\Users\dell\.m2\repository\io\opentelemetry\opentelemetry-api\1.53.0\opentelemetry-api-1.53.0.jar;C:\Users\dell\.m2\repository\io\opentelemetry\opentelemetry-context\1.53.0\opentelemetry-context-1.53.0.jar;C:\Users\dell\.m2\repository\io\opentelemetry\opentelemetry-common\1.53.0\opentelemetry-common-1.53.0.jar;C:\Users\dell\.m2\repository\io\opentelemetry\opentelemetry-exporter-logging\1.53.0\opentelemetry-exporter-logging-1.53.0.jar;C:\Users\dell\.m2\repository\io\opentelemetry\opentelemetry-sdk-common\1.53.0\opentelemetry-sdk-common-1.53.0.jar;C:\Users\dell\.m2\repository\io\opentelemetry\opentelemetry-sdk-extension-autoconfigure-spi\1.53.0\opentelemetry-sdk-extension-autoconfigure-spi-1.53.0.jar;C:\Users\dell\.m2\repository\io\opentelemetry\opentelemetry-sdk-extension-autoconfigure\1.53.0\opentelemetry-sdk-extension-autoconfigure-1.53.0.jar;C:\Users\dell\.m2\repository\io\opentelemetry\opentelemetry-sdk-trace\1.53.0\opentelemetry-sdk-trace-1.53.0.jar;C:\Users\dell\.m2\repository\io\opentelemetry\opentelemetry-sdk\1.53.0\opentelemetry-sdk-1.53.0.jar;C:\Users\dell\.m2\repository\io\opentelemetry\opentelemetry-sdk-metrics\1.53.0\opentelemetry-sdk-metrics-1.53.0.jar;C:\Users\dell\.m2\repository\io\opentelemetry\opentelemetry-sdk-logs\1.53.0\opentelemetry-sdk-logs-1.53.0.jar;C:\Users\dell\.m2\repository\net\bytebuddy\byte-buddy\1.17.6\byte-buddy-1.17.6.jar;C:\Users\dell\.m2\repository\org\seleniumhq\selenium\selenium-safari-driver\4.35.0\selenium-safari-driver-4.35.0.jar;C:\Users\dell\.m2\repository\org\seleniumhq\selenium\selenium-support\4.35.0\selenium-support-4.35.0.jar;C:\Users\dell\.m2\repository\org\seleniumhq\selenium\selenium-manager\4.35.0\selenium-manager-4.35.0.jar;C:\Users\dell\.m2\repository\org\seleniumhq\selenium\selenium-json\4.35.0\selenium-json-4.35.0.jar;C:\Users\dell\.m2\repository\org\seleniumhq\selenium\selenium-os\4.35.0\selenium-os-4.35.0.jar;C:\Users\dell\.m2\repository\org\apache\commons\commons-exec\1.5.0\commons-exec-1.5.0.jar;C:\Users\dell\.m2\repository\org\testng\testng\7.11.0\testng-7.11.0.jar;C:\Users\dell\.m2\repository\org\slf4j\slf4j-api\2.0.16\slf4j-api-2.0.16.jar;C:\Users\dell\.m2\repository\org\jcommander\jcommander\1.83\jcommander-1.83.jar;C:\Users\dell\.m2\repository\org\webjars\jquery\3.7.1\jquery-3.7.1.jar;C:\Users\dell\.m2\repository\org\apache\logging\log4j\log4j-core\2.24.3\log4j-core-2.24.3.jar;C:\Users\dell\.m2\repository\org\apache\logging\log4j\log4j-api\2.24.3\log4j-api-2.24.3.jar;C:\Users\dell\.m2\repository\com\aventstack\extentreports\5.0.9\extentreports-5.0.9.jar;C:\Users\dell\.m2\repository\io\reactivex\rxjava3\rxjava\3.0.4\rxjava-3.0.4.jar;C:\Users\dell\.m2\repository\org\reactivestreams\reactive-streams\1.0.3\reactive-streams-1.0.3.jar;C:\Users\dell\.m2\repository\org\freemarker\freemarker\2.3.30\freemarker-2.3.30.jar;C:\Users\dell\.m2\repository\com\google\code\gson\gson\2.8.6\gson-2.8.6.jar;C:\Users\dell\.m2\repository\commons-io\commons-io\2.19.0\commons-io-2.19.0.jar;C:\Users\dell\.m2\repository\org\apache\poi\poi-ooxml\5.4.1\poi-ooxml-5.4.1.jar;C:\Users\dell\.m2\repository\org\apache\poi\poi\5.4.1\poi-5.4.1.jar;C:\Users\dell\.m2\repository\commons-codec\commons-codec\1.18.0\commons-codec-1.18.0.jar;C:\Users\dell\.m2\repository\org\apache\commons\commons-math3\3.6.1\commons-math3-3.6.1.jar;C:\Users\dell\.m2\repository\com\zaxxer\SparseBitSet\1.3\SparseBitSet-1.3.jar;C:\Users\dell\.m2\repository\org\apache\poi\poi-ooxml-lite\5.4.1\poi-ooxml-lite-5.4.1.jar;C:\Users\dell\.m2\repository\org\apache\xmlbeans\xmlbeans\5.3.0\xmlbeans-5.3.0.jar;C:\Users\dell\.m2\repository\org\apache\commons\commons-compress\1.27.1\commons-compress-1.27.1.jar;C:\Users\dell\.m2\repository\org\apache\commons\commons-lang3\3.16.0\commons-lang3-3.16.0.jar;C:\Users\dell\.m2\repository\com\github\virtuald\curvesapi\1.08\curvesapi-1.08.jar;C:\Users\dell\.m2\repository\org\apache\commons\commons-collections4\4.4\commons-collections4-4.4.jar;C:\Users\dell\.m2\repository\com\sun\mail\jakarta.mail\2.0.1\jakarta.mail-2.0.1.jar;C:\Users\dell\.m2\repository\com\sun\activation\jakarta.activation\2.0.1\jakarta.activation-2.0.1.jar;C:\Users\dell\.m2\repository\org\projectlombok\lombok\1.18.30\lombok-1.18.30.jar;"/>
    <property name="sun.cpu.endian" value="little"/>
    <property name="user.home" value="C:\Users\dell"/>
    <property name="user.language" value="en"/>
    <property name="java.specification.vendor" value="Oracle Corporation"/>
    <property name="java.version.date" value="2025-04-15"/>
    <property name="java.home" value="C:\Program Files\Java\jdk-21"/>
    <property name="file.separator" value="\"/>
    <property name="basedir" value="C:\ASN\eclipse_workspace\demoqa-automation"/>
    <property name="java.vm.compressedOopsMode" value="32-bit"/>
    <property name="line.separator" value="&#10;"/>
    <property name="java.vm.specification.vendor" value="Oracle Corporation"/>
    <property name="java.specification.name" value="Java Platform API Specification"/>
    <property name="surefire.real.class.path" value="C:\Users\dell\AppData\Local\Temp\surefire8775576914197584587\surefirebooter-20250907140116530_3.jar"/>
    <property name="user.script" value=""/>
    <property name="sun.management.compiler" value="HotSpot 64-Bit Tiered Compilers"/>
    <property name="java.runtime.version" value="21.0.7+8-LTS-245"/>
    <property name="user.name" value="dell"/>
    <property name="stdout.encoding" value="Cp1252"/>
    <property name="path.separator" value=";"/>
    <property name="os.version" value="10.0"/>
    <property name="java.runtime.name" value="Java(TM) SE Runtime Environment"/>
    <property name="file.encoding" value="UTF-8"/>
    <property name="java.vm.name" value="Java HotSpot(TM) 64-Bit Server VM"/>
    <property name="localRepository" value="C:\Users\dell\.m2\repository"/>
    <property name="java.vendor.url.bug" value="https://bugreport.java.com/bugreport/"/>
    <property name="java.io.tmpdir" value="C:\Users\dell\AppData\Local\Temp\"/>
    <property name="java.version" value="21.0.7"/>
    <property name="user.dir" value="C:\ASN\eclipse_workspace\demoqa-automation"/>
    <property name="os.arch" value="amd64"/>
    <property name="java.vm.specification.name" value="Java Virtual Machine Specification"/>
    <property name="sun.os.patch.level" value=""/>
    <property name="native.encoding" value="Cp1252"/>
    <property name="java.library.path" value="C:\Program Files\Java\jdk-21\bin;C:\WINDOWS\Sun\Java\bin;C:\WINDOWS\system32;C:\WINDOWS;C:\Program Files\Python313\Scripts\;C:\Program Files\Python313\;C:\Program Files\Common Files\Oracle\Java\javapath;C:\WINDOWS\system32;C:\WINDOWS;C:\WINDOWS\System32\Wbem;C:\WINDOWS\System32\WindowsPowerShell\v1.0\;C:\WINDOWS\System32\OpenSSH\;C:\Program Files\dotnet\;C:\Program Files\Java\jdk-17\bin;C:\ProgramData\Oracle\Java\javapath;C:\Program Files\PowerShell\7\;C:\Program Files\Java\jdk-21\bin;C:\ASN\apache-maven-3.9.9\bin;C:\Program Files\Git\cmd;C:\Users\dell\AppData\Local\Programs\Python\Python313\Scripts\;C:\Users\dell\AppData\Local\Programs\Python\Python313\;C:\Users\dell\AppData\Local\Programs\Python\Python310\Scripts\;C:\Users\dell\AppData\Local\Programs\Python\Python310\;C:\Users\dell\AppData\Local\Microsoft\WindowsApps;C:\Program Files\JetBrains\PyCharm Community Edition 2022.1.1\bin;;C:\Users\dell\AppData\Local\GitHubDesktop\bin;C:\Users\dell\AppData\Local\Programs\Microsoft VS Code\bin;C:\Users\dell\.dotnet\tools;."/>
    <property name="java.vm.info" value="mixed mode, sharing"/>
    <property name="stderr.encoding" value="Cp1252"/>
    <property name="java.vendor" value="Oracle Corporation"/>
    <property name="java.vm.version" value="21.0.7+8-LTS-245"/>
    <property name="sun.io.unicode.encoding" value="UnicodeLittle"/>
    <property name="java.class.version" value="65.0"/>
  </properties>
  <testcase name="accessAlertsFrameWindows" classname="tests.AlertsFramesWindowsTests" time="0.431">
    <system-out><![CDATA[2025-09-07T08:31:17.864228600Z main INFO Starting configuration XmlConfiguration[location=C:\ASN\eclipse_workspace\demoqa-automation\target\classes\log4j2.xml, lastModified=2025-08-05T03:16:47.250Z]...
2025-09-07T08:31:17.866771100Z main INFO Start watching for changes to C:\ASN\eclipse_workspace\demoqa-automation\target\classes\log4j2.xml every 0 seconds
2025-09-07T08:31:17.866771100Z main INFO Configuration XmlConfiguration[location=C:\ASN\eclipse_workspace\demoqa-automation\target\classes\log4j2.xml, lastModified=2025-08-05T03:16:47.250Z] started.
2025-09-07T08:31:17.872127200Z main INFO Stopping configuration org.apache.logging.log4j.core.config.DefaultConfiguration@7526515b...
2025-09-07T08:31:17.872127200Z main INFO Configuration org.apache.logging.log4j.core.config.DefaultConfiguration@7526515b stopped.
2025-09-07 14:01:18 [main] INFO  demoqaBase - Starting Web Browser...
2025-09-07 14:01:20 [main] INFO  demoqaBase - Navigating to demoqa.com Website
2025-09-07 14:01:44 [main] INFO  RetryUrlAccess - Successfully navigated to: https://demoqa.com
2025-09-07 14:01:44 [main] INFO  demoqaBase - 🧪 Starting Test Alerts, Frames & Windows...
2025-09-07 14:01:44 [main] INFO  demoqaBase - Accessing Alerts, Frame & Windows Card...
Declared Instance WebDriverWait: org.openqa.selenium.support.ui.WebDriverWait@2d746ce4
2025-09-07 14:01:44 [main] INFO  demoqaLog - Clicking on Alert Frame & Windows Card...
2025-09-07 14:01:44 [main] INFO  demoqaLog - ✅ JS click executed on element: {}
2025-09-07 14:01:44 [main] INFO  demoqaLog - Clicked on on Alert Frame & Windows Card...
Title of this Page is: DEMOQA
You are Accessing: Alerts, Frame & Windows
2025-09-07 14:01:44 [main] INFO  demoqaBase - Alerts, Frame & Windows Card: Please select an item from left to start practice.
2025-09-07 14:01:44 [main] INFO  demoqaBase - ✅ Alerts, Frames & Windows Test Completed...
]]></system-out>
    <system-err><![CDATA[SLF4J(W): No SLF4J providers were found.
SLF4J(W): Defaulting to no-operation (NOP) logger implementation
SLF4J(W): See https://www.slf4j.org/codes.html#noProviders for further details.
]]></system-err>
  </testcase>
  <testcase name="browserWindows" classname="tests.AlertsFramesWindowsTests" time="0.942">
    <system-out><![CDATA[2025-09-07 14:01:44 [main] INFO  demoqaBase - Closing the Browser...
2025-09-07 14:01:45 [main] INFO  demoqaBase - Starting Web Browser...
2025-09-07 14:01:47 [main] INFO  demoqaBase - Navigating to demoqa.com Website
2025-09-07 14:02:17 [main] WARN  RetryUrlAccess - Attempt 1 failed due to retryable error: timeout: timed out receiving message from renderer: 29.123
  (session info: chrome=137.0.7151.120)
build info: version: '4.35.0', revision: '1c58e5028b'
system info: os.name: 'windows 11', os.arch: 'amd64', os.version: '10.0', java.version: '21.0.7'
driver info: org.openqa.selenium.chrome.chromedriver
command: [adbe2b665f93e9ac9c8f68c229bfc2a0, get {url=https://demoqa.com}]
capabilities {acceptinsecurecerts: false, browsername: chrome, browserversion: 137.0.7151.120, chrome: {chromedriverversion: 137.0.7151.119 (e0ac9d12dff..., userdatadir: c:\users\dell\appdata\local...}, fedcm:accounts: true, goog:chromeoptions: {debuggeraddress: localhost:54543}, networkconnectionenabled: false, pageloadstrategy: normal, platformname: windows, proxy: proxy(), se:cdp: ws://localhost:54543/devtoo..., se:cdpversion: 137.0.7151.120, setwindowrect: true, strictfileinteractability: false, timeouts: {implicit: 0, pageload: 300000, script: 30000}, unhandledpromptbehavior: dismiss and notify, webauthn:extension:credblob: true, webauthn:extension:largeblob: true, webauthn:extension:minpinlength: true, webauthn:extension:prf: true, webauthn:virtualauthenticators: true}
session id: adbe2b665f93e9ac9c8f68c229bfc2a0. Retrying after 3000ms...
2025-09-07 14:02:35 [main] INFO  RetryUrlAccess - Successfully navigated to: https://demoqa.com
2025-09-07 14:02:35 [main] INFO  demoqaBase - 🧪 Starting Test Alerts, Frames & Windows...
2025-09-07 14:02:35 [main] INFO  demoqaBase - Accessing Alerts, Frame & Windows Card...
Declared Instance WebDriverWait: org.openqa.selenium.support.ui.WebDriverWait@6c03fb16
2025-09-07 14:02:35 [main] INFO  demoqaLog - Clicking on Alert Frame & Windows Card...
2025-09-07 14:02:35 [main] INFO  demoqaLog - ✅ JS click executed on element: {}
2025-09-07 14:02:35 [main] INFO  demoqaLog - Clicked on on Alert Frame & Windows Card...
Title of this Page is: DEMOQA
You are Accessing: Alerts, Frame & Windows
2025-09-07 14:02:35 [main] INFO  demoqaBase - Alerts, Frame & Windows Card: Please select an item from left to start practice.
2025-09-07 14:02:35 [main] INFO  demoqaBase - Clicking on Alerts, Frame & Windows Card|Browser Windows...
You are now Accessing: Browser Windows
2025-09-07 14:02:36 [main] INFO  demoqaBase - You are now Accessing: Browser Windows
2025-09-07 14:02:36 [main] INFO  demoqaBase - ✅ Alerts, Frames & Windows|Browser Windows Test Completed...
]]></system-out>
  </testcase>
  <testcase name="browserWindowsNewTab" classname="tests.AlertsFramesWindowsTests" time="1.034">
    <system-out><![CDATA[2025-09-07 14:02:36 [main] INFO  demoqaBase - Closing the Browser...
2025-09-07 14:02:36 [main] INFO  demoqaBase - Starting Web Browser...
2025-09-07 14:02:38 [main] INFO  demoqaBase - Navigating to demoqa.com Website
2025-09-07 14:03:08 [main] WARN  RetryUrlAccess - Attempt 1 failed due to retryable error: timeout: timed out receiving message from renderer: 29.001
  (session info: chrome=137.0.7151.120)
build info: version: '4.35.0', revision: '1c58e5028b'
system info: os.name: 'windows 11', os.arch: 'amd64', os.version: '10.0', java.version: '21.0.7'
driver info: org.openqa.selenium.chrome.chromedriver
command: [030208acd4b25233caddfcac86e2d732, get {url=https://demoqa.com}]
capabilities {acceptinsecurecerts: false, browsername: chrome, browserversion: 137.0.7151.120, chrome: {chromedriverversion: 137.0.7151.119 (e0ac9d12dff..., userdatadir: c:\users\dell\appdata\local...}, fedcm:accounts: true, goog:chromeoptions: {debuggeraddress: localhost:54871}, networkconnectionenabled: false, pageloadstrategy: normal, platformname: windows, proxy: proxy(), se:cdp: ws://localhost:54871/devtoo..., se:cdpversion: 137.0.7151.120, setwindowrect: true, strictfileinteractability: false, timeouts: {implicit: 0, pageload: 300000, script: 30000}, unhandledpromptbehavior: dismiss and notify, webauthn:extension:credblob: true, webauthn:extension:largeblob: true, webauthn:extension:minpinlength: true, webauthn:extension:prf: true, webauthn:virtualauthenticators: true}
session id: 030208acd4b25233caddfcac86e2d732. Retrying after 3000ms...
2025-09-07 14:03:13 [main] INFO  RetryUrlAccess - Successfully navigated to: https://demoqa.com
2025-09-07 14:03:13 [main] INFO  demoqaBase - 🧪 Starting Test Alerts, Frames & Windows|New Tab...
2025-09-07 14:03:13 [main] INFO  demoqaBase - Accessing Alerts, Frame & Windows Card...
Declared Instance WebDriverWait: org.openqa.selenium.support.ui.WebDriverWait@49c8f6e8
2025-09-07 14:03:13 [main] INFO  demoqaLog - Clicking on Alert Frame & Windows Card...
2025-09-07 14:03:14 [main] INFO  demoqaLog - ✅ JS click executed on element: {}
2025-09-07 14:03:14 [main] INFO  demoqaLog - Clicked on on Alert Frame & Windows Card...
Title of this Page is: DEMOQA
You are Accessing: Alerts, Frame & Windows
2025-09-07 14:03:14 [main] INFO  demoqaBase - Alerts, Frame & Windows Card: Please select an item from left to start practice.
2025-09-07 14:03:14 [main] INFO  demoqaBase - Clicking on Alerts, Frame & Windows Card|Browser Windows...
You are now Accessing: Browser Windows
2025-09-07 14:03:14 [main] INFO  demoqaBase - You are now Accessing: Browser Windows
2025-09-07 14:03:14 [main] INFO  demoqaBase - Initiating New Tab click sequence...
2025-09-07 14:03:14 [main] INFO  demoqaBase - Clicked New Tab button
2025-09-07 14:03:14 [main] INFO  demoqaBase - Switched to new tab: 54D8FECC5696FCB53D3B033D5852FC21
2025-09-07 14:03:14 [main] INFO  demoqaBase - New tab content: 'This is a sample page'
You are now accessing: This is a sample page
2025-09-07 14:03:14 [main] INFO  demoqaBase - ✅ Alerts, Frames & Windows|Browser Windows|New Tab Test Completed...
]]></system-out>
  </testcase>
  <testcase name="browserWindowsNewWindow" classname="tests.AlertsFramesWindowsTests" time="1.894">
    <system-out><![CDATA[2025-09-07 14:03:14 [main] INFO  demoqaBase - Closing the Browser...
2025-09-07 14:03:15 [main] INFO  demoqaBase - Starting Web Browser...
2025-09-07 14:03:18 [main] INFO  demoqaBase - Navigating to demoqa.com Website
2025-09-07 14:03:48 [main] WARN  RetryUrlAccess - Attempt 1 failed due to retryable error: timeout: timed out receiving message from renderer: 29.084
  (session info: chrome=137.0.7151.120)
build info: version: '4.35.0', revision: '1c58e5028b'
system info: os.name: 'windows 11', os.arch: 'amd64', os.version: '10.0', java.version: '21.0.7'
driver info: org.openqa.selenium.chrome.chromedriver
command: [a4e4e0da1be142779364bca30a261def, get {url=https://demoqa.com}]
capabilities {acceptinsecurecerts: false, browsername: chrome, browserversion: 137.0.7151.120, chrome: {chromedriverversion: 137.0.7151.119 (e0ac9d12dff..., userdatadir: c:\users\dell\appdata\local...}, fedcm:accounts: true, goog:chromeoptions: {debuggeraddress: localhost:55097}, networkconnectionenabled: false, pageloadstrategy: normal, platformname: windows, proxy: proxy(), se:cdp: ws://localhost:55097/devtoo..., se:cdpversion: 137.0.7151.120, setwindowrect: true, strictfileinteractability: false, timeouts: {implicit: 0, pageload: 300000, script: 30000}, unhandledpromptbehavior: dismiss and notify, webauthn:extension:credblob: true, webauthn:extension:largeblob: true, webauthn:extension:minpinlength: true, webauthn:extension:prf: true, webauthn:virtualauthenticators: true}
session id: a4e4e0da1be142779364bca30a261def. Retrying after 3000ms...
2025-09-07 14:04:04 [main] INFO  RetryUrlAccess - Successfully navigated to: https://demoqa.com
2025-09-07 14:04:04 [main] INFO  demoqaBase - 🧪 Starting Test Alerts, Frames & Windows|New Window...
2025-09-07 14:04:04 [main] INFO  demoqaBase - Accessing Alerts, Frame & Windows Card...
Declared Instance WebDriverWait: org.openqa.selenium.support.ui.WebDriverWait@59d77850
2025-09-07 14:04:04 [main] INFO  demoqaLog - Clicking on Alert Frame & Windows Card...
2025-09-07 14:04:05 [main] INFO  demoqaLog - ✅ JS click executed on element: {}
2025-09-07 14:04:05 [main] INFO  demoqaLog - Clicked on on Alert Frame & Windows Card...
Title of this Page is: DEMOQA
You are Accessing: Alerts, Frame & Windows
2025-09-07 14:04:05 [main] INFO  demoqaBase - Alerts, Frame & Windows Card: Please select an item from left to start practice.
2025-09-07 14:04:05 [main] INFO  demoqaBase - Clicking on Alerts, Frame & Windows Card|Browser Windows...
You are now Accessing: Browser Windows
2025-09-07 14:04:05 [main] INFO  demoqaBase - You are now Accessing: Browser Windows
2025-09-07 14:04:05 [main] INFO  demoqaBase - Initiating New Window click sequence...
2025-09-07 14:04:06 [main] INFO  demoqaBase - Clicked New Window button
2025-09-07 14:04:06 [main] INFO  demoqaBase - Switched to new tab: 3E4854E0D16E5091064D6983CC751113
2025-09-07 14:04:06 [main] INFO  demoqaBase - New tab content: 'This is a sample page'
You are now accessing: This is a sample page
2025-09-07 14:04:06 [main] INFO  demoqaBase - ✅ Alerts, Frames & Windows|Browser Windows|New Window Test Completed...
]]></system-out>
  </testcase>
  <testcase name="browserWindowsNewWindowMsg" classname="tests.AlertsFramesWindowsTests" time="1.434">
    <system-out><![CDATA[2025-09-07 14:04:06 [main] INFO  demoqaBase - Closing the Browser...
2025-09-07 14:04:07 [main] INFO  demoqaBase - Starting Web Browser...
2025-09-07 14:04:08 [main] INFO  demoqaBase - Navigating to demoqa.com Website
2025-09-07 14:04:32 [main] INFO  RetryUrlAccess - Successfully navigated to: https://demoqa.com
2025-09-07 14:04:32 [main] INFO  demoqaBase - 🧪 Starting Test Alerts, Frames & Windows|New Window Message...
2025-09-07 14:04:32 [main] INFO  demoqaBase - Accessing Alerts, Frame & Windows Card...
Declared Instance WebDriverWait: org.openqa.selenium.support.ui.WebDriverWait@34d52ecd
2025-09-07 14:04:32 [main] INFO  demoqaLog - Clicking on Alert Frame & Windows Card...
2025-09-07 14:04:32 [main] INFO  demoqaLog - ✅ JS click executed on element: {}
2025-09-07 14:04:32 [main] INFO  demoqaLog - Clicked on on Alert Frame & Windows Card...
Title of this Page is: DEMOQA
You are Accessing: Alerts, Frame & Windows
2025-09-07 14:04:32 [main] INFO  demoqaBase - Alerts, Frame & Windows Card: Please select an item from left to start practice.
2025-09-07 14:04:32 [main] INFO  demoqaBase - Clicking on Alerts, Frame & Windows Card|Browser Windows...
You are now Accessing: Browser Windows
2025-09-07 14:04:33 [main] INFO  demoqaBase - You are now Accessing: Browser Windows
2025-09-07 14:04:33 [main] INFO  demoqaBase - 🔍 Starting 'New Window Message' click sequence...
2025-09-07 14:04:33 [main] INFO  demoqaLog - ✅ JS click executed on element: {}
2025-09-07 14:04:33 [main] INFO  demoqaBase - 🔀 Switched to new window: E6F0CC2472AED421D668E13199CC327D
2025-09-07 14:04:33 [main] INFO  demoqaBase - ✅ Verified new popup window opened successfully.
2025-09-07 14:04:33 [main] INFO  demoqaBase - ↩️ Switched back to original window: 134731C2CA01E1F5B8E77263592BD77E
2025-09-07 14:04:33 [main] INFO  demoqaBase - ✅ 'New Window Message' flow completed successfully.
2025-09-07 14:04:33 [main] INFO  demoqaBase - ✅ Alerts, Frames & Windows|Browser Windows|New Window Message Test Completed...
]]></system-out>
  </testcase>
  <testcase name="ClickAlerts" classname="tests.AlertsFramesWindowsTests" time="0.762">
    <system-out><![CDATA[2025-09-07 14:04:33 [main] INFO  demoqaBase - Closing the Browser...
2025-09-07 14:04:34 [main] INFO  demoqaBase - Starting Web Browser...
2025-09-07 14:04:35 [main] INFO  demoqaBase - Navigating to demoqa.com Website
2025-09-07 14:05:05 [main] WARN  RetryUrlAccess - Attempt 1 failed due to retryable error: timeout: timed out receiving message from renderer: 29.066
  (session info: chrome=137.0.7151.120)
build info: version: '4.35.0', revision: '1c58e5028b'
system info: os.name: 'windows 11', os.arch: 'amd64', os.version: '10.0', java.version: '21.0.7'
driver info: org.openqa.selenium.chrome.chromedriver
command: [0d2204f697dbb88b454786fe0cbd877e, get {url=https://demoqa.com}]
capabilities {acceptinsecurecerts: false, browsername: chrome, browserversion: 137.0.7151.120, chrome: {chromedriverversion: 137.0.7151.119 (e0ac9d12dff..., userdatadir: c:\users\dell\appdata\local...}, fedcm:accounts: true, goog:chromeoptions: {debuggeraddress: localhost:55540}, networkconnectionenabled: false, pageloadstrategy: normal, platformname: windows, proxy: proxy(), se:cdp: ws://localhost:55540/devtoo..., se:cdpversion: 137.0.7151.120, setwindowrect: true, strictfileinteractability: false, timeouts: {implicit: 0, pageload: 300000, script: 30000}, unhandledpromptbehavior: dismiss and notify, webauthn:extension:credblob: true, webauthn:extension:largeblob: true, webauthn:extension:minpinlength: true, webauthn:extension:prf: true, webauthn:virtualauthenticators: true}
session id: 0d2204f697dbb88b454786fe0cbd877e. Retrying after 3000ms...
2025-09-07 14:05:09 [main] INFO  RetryUrlAccess - Successfully navigated to: https://demoqa.com
2025-09-07 14:05:09 [main] INFO  demoqaBase - 🧪 Starting Test Alerts, Frames & Windows|New Window Message...
2025-09-07 14:05:09 [main] INFO  demoqaBase - Accessing Alerts, Frame & Windows Card...
Declared Instance WebDriverWait: org.openqa.selenium.support.ui.WebDriverWait@4d18b73a
2025-09-07 14:05:09 [main] INFO  demoqaLog - Clicking on Alert Frame & Windows Card...
2025-09-07 14:05:09 [main] INFO  demoqaLog - ✅ JS click executed on element: {}
2025-09-07 14:05:09 [main] INFO  demoqaLog - Clicked on on Alert Frame & Windows Card...
Title of this Page is: DEMOQA
You are Accessing: Alerts, Frame & Windows
2025-09-07 14:05:10 [main] INFO  demoqaBase - Alerts, Frame & Windows Card: Please select an item from left to start practice.
2025-09-07 14:05:10 [main] INFO  demoqaBase - 🔍 Starting test for Alerts click ..
2025-09-07 14:05:10 [main] INFO  demoqaLog - ✅ JS click executed on element: {}
2025-09-07 14:05:10 [main] INFO  demoqaBase - ✅ Clicked on Alerts...
2025-09-07 14:05:10 [main] INFO  demoqaBase - Page Title is: Alerts
2025-09-07 14:05:10 [main] INFO  demoqaBase - ✅ Alerts, Frames & Windows|Alerts Test Completed...
]]></system-out>
  </testcase>
  <testcase name="ClickToSeeAlerts" classname="tests.AlertsFramesWindowsTests" time="6.343">
    <system-out><![CDATA[2025-09-07 14:05:10 [main] INFO  demoqaBase - Closing the Browser...
2025-09-07 14:05:10 [main] INFO  demoqaBase - Starting Web Browser...
2025-09-07 14:05:12 [main] INFO  demoqaBase - Navigating to demoqa.com Website
2025-09-07 14:05:42 [main] WARN  RetryUrlAccess - Attempt 1 failed due to retryable error: timeout: timed out receiving message from renderer: 29.087
  (session info: chrome=137.0.7151.120)
build info: version: '4.35.0', revision: '1c58e5028b'
system info: os.name: 'windows 11', os.arch: 'amd64', os.version: '10.0', java.version: '21.0.7'
driver info: org.openqa.selenium.chrome.chromedriver
command: [d32eac398b7f14573e3b697e7dea35e6, get {url=https://demoqa.com}]
capabilities {acceptinsecurecerts: false, browsername: chrome, browserversion: 137.0.7151.120, chrome: {chromedriverversion: 137.0.7151.119 (e0ac9d12dff..., userdatadir: c:\users\dell\appdata\local...}, fedcm:accounts: true, goog:chromeoptions: {debuggeraddress: localhost:55717}, networkconnectionenabled: false, pageloadstrategy: normal, platformname: windows, proxy: proxy(), se:cdp: ws://localhost:55717/devtoo..., se:cdpversion: 137.0.7151.120, setwindowrect: true, strictfileinteractability: false, timeouts: {implicit: 0, pageload: 300000, script: 30000}, unhandledpromptbehavior: dismiss and notify, webauthn:extension:credblob: true, webauthn:extension:largeblob: true, webauthn:extension:minpinlength: true, webauthn:extension:prf: true, webauthn:virtualauthenticators: true}
session id: d32eac398b7f14573e3b697e7dea35e6. Retrying after 3000ms...
2025-09-07 14:05:57 [main] INFO  RetryUrlAccess - Successfully navigated to: https://demoqa.com
2025-09-07 14:05:57 [main] INFO  demoqaBase - 🧪 Starting Test Alerts, Frames & Windows|Alerts|Click button to see Alert...
2025-09-07 14:05:57 [main] INFO  demoqaBase - Accessing Alerts, Frame & Windows Card...
Declared Instance WebDriverWait: org.openqa.selenium.support.ui.WebDriverWait@6fbb4061
2025-09-07 14:05:57 [main] INFO  demoqaLog - Clicking on Alert Frame & Windows Card...
2025-09-07 14:05:57 [main] INFO  demoqaLog - ✅ JS click executed on element: {}
2025-09-07 14:05:57 [main] INFO  demoqaLog - Clicked on on Alert Frame & Windows Card...
Title of this Page is: DEMOQA
You are Accessing: Alerts, Frame & Windows
2025-09-07 14:05:57 [main] INFO  demoqaBase - Alerts, Frame & Windows Card: Please select an item from left to start practice.
2025-09-07 14:05:57 [main] INFO  demoqaBase - 🔍 Starting test for Alerts click ..
2025-09-07 14:05:57 [main] INFO  demoqaLog - ✅ JS click executed on element: {}
2025-09-07 14:05:57 [main] INFO  demoqaBase - ✅ Clicked on Alerts...
2025-09-07 14:05:58 [main] INFO  demoqaBase - Page Title is: Alerts
2025-09-07 14:05:58 [main] INFO  demoqaBase - 🔍 Starting test for On button click, alert will appear after 5 seconds...
2025-09-07 14:05:58 [main] INFO  demoqaLog - ✅ JS click executed on element: {}
2025-09-07 14:05:58 [main] INFO  demoqaBase - ✅ Clicked on Click Button to see Alert after 5 seconds...
2025-09-07 14:06:03 [main] INFO  demoqaBase - ✅ On button click, alert will appear after 5 seconds, message is: This alert appeared after 5 seconds
2025-09-07 14:06:03 [main] INFO  demoqaBase - ✅ Alerts, Frames & Windows|Alerts|Click button to see Alert Test Completed...
]]></system-out>
  </testcase>
  <testcase name="ClickAcceptConfirmationBox" classname="tests.AlertsFramesWindowsTests" time="1.109">
    <system-out><![CDATA[2025-09-07 14:06:03 [main] INFO  demoqaBase - Closing the Browser...
2025-09-07 14:06:04 [main] INFO  demoqaBase - Starting Web Browser...
2025-09-07 14:06:05 [main] INFO  demoqaBase - Navigating to demoqa.com Website
2025-09-07 14:06:35 [main] WARN  RetryUrlAccess - Attempt 1 failed due to retryable error: timeout: timed out receiving message from renderer: 29.056
  (session info: chrome=137.0.7151.120)
build info: version: '4.35.0', revision: '1c58e5028b'
system info: os.name: 'windows 11', os.arch: 'amd64', os.version: '10.0', java.version: '21.0.7'
driver info: org.openqa.selenium.chrome.chromedriver
command: [0fcf80b6a6df8306a24a0bba1e3153b9, get {url=https://demoqa.com}]
capabilities {acceptinsecurecerts: false, browsername: chrome, browserversion: 137.0.7151.120, chrome: {chromedriverversion: 137.0.7151.119 (e0ac9d12dff..., userdatadir: c:\users\dell\appdata\local...}, fedcm:accounts: true, goog:chromeoptions: {debuggeraddress: localhost:55926}, networkconnectionenabled: false, pageloadstrategy: normal, platformname: windows, proxy: proxy(), se:cdp: ws://localhost:55926/devtoo..., se:cdpversion: 137.0.7151.120, setwindowrect: true, strictfileinteractability: false, timeouts: {implicit: 0, pageload: 300000, script: 30000}, unhandledpromptbehavior: dismiss and notify, webauthn:extension:credblob: true, webauthn:extension:largeblob: true, webauthn:extension:minpinlength: true, webauthn:extension:prf: true, webauthn:virtualauthenticators: true}
session id: 0fcf80b6a6df8306a24a0bba1e3153b9. Retrying after 3000ms...
2025-09-07 14:06:39 [main] INFO  RetryUrlAccess - Successfully navigated to: https://demoqa.com
2025-09-07 14:06:39 [main] INFO  demoqaBase - 🧪 Starting Test Alerts, Frames & Windows|AlertsOn button click, confirm box will appear, Accept...
2025-09-07 14:06:39 [main] INFO  demoqaBase - Accessing Alerts, Frame & Windows Card...
Declared Instance WebDriverWait: org.openqa.selenium.support.ui.WebDriverWait@3127cb44
2025-09-07 14:06:39 [main] INFO  demoqaLog - Clicking on Alert Frame & Windows Card...
2025-09-07 14:06:39 [main] INFO  demoqaLog - ✅ JS click executed on element: {}
2025-09-07 14:06:39 [main] INFO  demoqaLog - Clicked on on Alert Frame & Windows Card...
Title of this Page is: DEMOQA
You are Accessing: Alerts, Frame & Windows
2025-09-07 14:06:39 [main] INFO  demoqaBase - Alerts, Frame & Windows Card: Please select an item from left to start practice.
2025-09-07 14:06:39 [main] INFO  demoqaBase - 🔍 Starting test for Alerts click ..
2025-09-07 14:06:39 [main] INFO  demoqaLog - ✅ JS click executed on element: {}
2025-09-07 14:06:39 [main] INFO  demoqaBase - ✅ Clicked on Alerts...
2025-09-07 14:06:40 [main] INFO  demoqaBase - Page Title is: Alerts
2025-09-07 14:06:40 [main] INFO  demoqaBase - 🔍 Starting test for On button click, confirm box will appear, Accept...
2025-09-07 14:06:40 [main] INFO  demoqaLog - ✅ JS click executed on element: {}
2025-09-07 14:06:40 [main] INFO  demoqaBase - ✅ Clicked On button click, confirm box will appear, Accept...
2025-09-07 14:06:40 [main] INFO  demoqaBase - ✅ On button click, confirm box will appear, message is: Do you confirm action?
2025-09-07 14:06:40 [main] INFO  demoqaBase - ✅ Your Selection was: You selected Ok
2025-09-07 14:06:40 [main] INFO  demoqaBase - ✅ Alerts, Frames & Windows|Alerts|On button click, confirm box will appear, Accept Test Completed...
]]></system-out>
  </testcase>
  <testcase name="ClickDenyConfirmationBox" classname="tests.AlertsFramesWindowsTests" time="1.289">
    <system-out><![CDATA[2025-09-07 14:06:40 [main] INFO  demoqaBase - Closing the Browser...
2025-09-07 14:06:41 [main] INFO  demoqaBase - Starting Web Browser...
2025-09-07 14:06:42 [main] INFO  demoqaBase - Navigating to demoqa.com Website
2025-09-07 14:07:12 [main] WARN  RetryUrlAccess - Attempt 1 failed due to retryable error: timeout: timed out receiving message from renderer: 29.033
  (session info: chrome=137.0.7151.120)
build info: version: '4.35.0', revision: '1c58e5028b'
system info: os.name: 'windows 11', os.arch: 'amd64', os.version: '10.0', java.version: '21.0.7'
driver info: org.openqa.selenium.chrome.chromedriver
command: [554b8e8445057c07bb646d24d5e65adf, get {url=https://demoqa.com}]
capabilities {acceptinsecurecerts: false, browsername: chrome, browserversion: 137.0.7151.120, chrome: {chromedriverversion: 137.0.7151.119 (e0ac9d12dff..., userdatadir: c:\users\dell\appdata\local...}, fedcm:accounts: true, goog:chromeoptions: {debuggeraddress: localhost:56104}, networkconnectionenabled: false, pageloadstrategy: normal, platformname: windows, proxy: proxy(), se:cdp: ws://localhost:56104/devtoo..., se:cdpversion: 137.0.7151.120, setwindowrect: true, strictfileinteractability: false, timeouts: {implicit: 0, pageload: 300000, script: 30000}, unhandledpromptbehavior: dismiss and notify, webauthn:extension:credblob: true, webauthn:extension:largeblob: true, webauthn:extension:minpinlength: true, webauthn:extension:prf: true, webauthn:virtualauthenticators: true}
session id: 554b8e8445057c07bb646d24d5e65adf. Retrying after 3000ms...
2025-09-07 14:07:16 [main] INFO  RetryUrlAccess - Successfully navigated to: https://demoqa.com
2025-09-07 14:07:16 [main] INFO  demoqaBase - 🧪 Starting Test Alerts, Frames & Windows|Alerts|On button click, confirm box will appear, Deny...
2025-09-07 14:07:16 [main] INFO  demoqaBase - Accessing Alerts, Frame & Windows Card...
Declared Instance WebDriverWait: org.openqa.selenium.support.ui.WebDriverWait@b9d018b
2025-09-07 14:07:16 [main] INFO  demoqaLog - Clicking on Alert Frame & Windows Card...
2025-09-07 14:07:16 [main] INFO  demoqaLog - ✅ JS click executed on element: {}
2025-09-07 14:07:16 [main] INFO  demoqaLog - Clicked on on Alert Frame & Windows Card...
Title of this Page is: DEMOQA
You are Accessing: Alerts, Frame & Windows
2025-09-07 14:07:16 [main] INFO  demoqaBase - Alerts, Frame & Windows Card: Please select an item from left to start practice.
2025-09-07 14:07:16 [main] INFO  demoqaBase - 🔍 Starting test for Alerts click ..
2025-09-07 14:07:17 [main] INFO  demoqaLog - ✅ JS click executed on element: {}
2025-09-07 14:07:17 [main] INFO  demoqaBase - ✅ Clicked on Alerts...
2025-09-07 14:07:17 [main] INFO  demoqaBase - Page Title is: Alerts
2025-09-07 14:07:17 [main] INFO  demoqaBase - 🔍 Starting test for On button click, confirm box will appear, Deny...
2025-09-07 14:07:17 [main] INFO  demoqaLog - ✅ JS click executed on element: {}
2025-09-07 14:07:17 [main] INFO  demoqaBase - ✅ Clicked On button click, confirm box will appear, Deny...
2025-09-07 14:07:17 [main] INFO  demoqaBase - ✅ On button click, confirm box will appear, message is: Do you confirm action?
2025-09-07 14:07:17 [main] INFO  demoqaBase - ✅ Your Selection was: You selected Cancel
2025-09-07 14:07:17 [main] INFO  demoqaBase - ✅ Alerts, Frames & Windows|Alerts|On button click, confirm box will appear, Deny Test Completed...
]]></system-out>
  </testcase>
  <testcase name="ClickPromptBoxFill" classname="tests.AlertsFramesWindowsTests" time="1.575">
    <system-out><![CDATA[2025-09-07 14:07:17 [main] INFO  demoqaBase - Closing the Browser...
2025-09-07 14:07:18 [main] INFO  demoqaBase - Starting Web Browser...
2025-09-07 14:07:19 [main] INFO  demoqaBase - Navigating to demoqa.com Website
2025-09-07 14:07:49 [main] WARN  RetryUrlAccess - Attempt 1 failed due to retryable error: timeout: timed out receiving message from renderer: 28.946
  (session info: chrome=137.0.7151.120)
build info: version: '4.35.0', revision: '1c58e5028b'
system info: os.name: 'windows 11', os.arch: 'amd64', os.version: '10.0', java.version: '21.0.7'
driver info: org.openqa.selenium.chrome.chromedriver
command: [3ed0835eab3176dcde38177c365595d3, get {url=https://demoqa.com}]
capabilities {acceptinsecurecerts: false, browsername: chrome, browserversion: 137.0.7151.120, chrome: {chromedriverversion: 137.0.7151.119 (e0ac9d12dff..., userdatadir: c:\users\dell\appdata\local...}, fedcm:accounts: true, goog:chromeoptions: {debuggeraddress: localhost:56301}, networkconnectionenabled: false, pageloadstrategy: normal, platformname: windows, proxy: proxy(), se:cdp: ws://localhost:56301/devtoo..., se:cdpversion: 137.0.7151.120, setwindowrect: true, strictfileinteractability: false, timeouts: {implicit: 0, pageload: 300000, script: 30000}, unhandledpromptbehavior: dismiss and notify, webauthn:extension:credblob: true, webauthn:extension:largeblob: true, webauthn:extension:minpinlength: true, webauthn:extension:prf: true, webauthn:virtualauthenticators: true}
session id: 3ed0835eab3176dcde38177c365595d3. Retrying after 3000ms...
2025-09-07 14:08:22 [main] WARN  RetryUrlAccess - Attempt 2 failed due to retryable error: timeout: timed out receiving message from renderer: 29.817
  (session info: chrome=137.0.7151.120)
build info: version: '4.35.0', revision: '1c58e5028b'
system info: os.name: 'windows 11', os.arch: 'amd64', os.version: '10.0', java.version: '21.0.7'
driver info: org.openqa.selenium.chrome.chromedriver
command: [3ed0835eab3176dcde38177c365595d3, get {url=https://demoqa.com}]
capabilities {acceptinsecurecerts: false, browsername: chrome, browserversion: 137.0.7151.120, chrome: {chromedriverversion: 137.0.7151.119 (e0ac9d12dff..., userdatadir: c:\users\dell\appdata\local...}, fedcm:accounts: true, goog:chromeoptions: {debuggeraddress: localhost:56301}, networkconnectionenabled: false, pageloadstrategy: normal, platformname: windows, proxy: proxy(), se:cdp: ws://localhost:56301/devtoo..., se:cdpversion: 137.0.7151.120, setwindowrect: true, strictfileinteractability: false, timeouts: {implicit: 0, pageload: 300000, script: 30000}, unhandledpromptbehavior: dismiss and notify, webauthn:extension:credblob: true, webauthn:extension:largeblob: true, webauthn:extension:minpinlength: true, webauthn:extension:prf: true, webauthn:virtualauthenticators: true}
session id: 3ed0835eab3176dcde38177c365595d3. Retrying after 3000ms...
2025-09-07 14:08:49 [main] INFO  RetryUrlAccess - Successfully navigated to: https://demoqa.com
2025-09-07 14:08:49 [main] INFO  demoqaBase - 🧪 Starting Test Alerts, Frames & Windows|Alerts|On button click, prompt box will appear, Fill data...
2025-09-07 14:08:49 [main] INFO  demoqaBase - Accessing Alerts, Frame & Windows Card...
Declared Instance WebDriverWait: org.openqa.selenium.support.ui.WebDriverWait@4ea17147
2025-09-07 14:08:49 [main] INFO  demoqaLog - Clicking on Alert Frame & Windows Card...
2025-09-07 14:08:49 [main] INFO  demoqaLog - ✅ JS click executed on element: {}
2025-09-07 14:08:49 [main] INFO  demoqaLog - Clicked on on Alert Frame & Windows Card...
Title of this Page is: DEMOQA
You are Accessing: Alerts, Frame & Windows
2025-09-07 14:08:49 [main] INFO  demoqaBase - Alerts, Frame & Windows Card: Please select an item from left to start practice.
2025-09-07 14:08:49 [main] INFO  demoqaBase - 🔍 Starting test for Alerts click ..
2025-09-07 14:08:49 [main] INFO  demoqaLog - ✅ JS click executed on element: {}
2025-09-07 14:08:49 [main] INFO  demoqaBase - ✅ Clicked on Alerts...
2025-09-07 14:08:49 [main] INFO  demoqaBase - Page Title is: Alerts
2025-09-07 14:08:49 [main] INFO  demoqaBase - 🔍 Starting test for On button click, prompt box will appear, Fill data...
2025-09-07 14:08:50 [main] INFO  demoqaLog - ✅ JS click executed on element: {}
2025-09-07 14:08:50 [main] INFO  demoqaBase - ✅ Clicked On button click, prompt box will appear, Fill data...
2025-09-07 14:08:50 [main] INFO  demoqaBase - ✅ On button click, prompt box will appear, message is: Please enter your name
2025-09-07 14:08:50 [main] INFO  demoqaBase - ✅ Your Selection was: You entered Java Selenium
2025-09-07 14:08:50 [main] INFO  demoqaBase - ✅ Alerts, Frames & Windows|Alerts|On button click, prompt box will appear, Fill data Test Completed...
]]></system-out>
  </testcase>
  <testcase name="ClickFrames" classname="tests.AlertsFramesWindowsTests" time="1.054">
    <system-out><![CDATA[2025-09-07 14:08:50 [main] INFO  demoqaBase - Closing the Browser...
2025-09-07 14:08:51 [main] INFO  demoqaBase - Starting Web Browser...
2025-09-07 14:08:53 [main] INFO  demoqaBase - Navigating to demoqa.com Website
2025-09-07 14:09:23 [main] WARN  RetryUrlAccess - Attempt 1 failed due to retryable error: timeout: timed out receiving message from renderer: 28.918
  (session info: chrome=137.0.7151.120)
build info: version: '4.35.0', revision: '1c58e5028b'
system info: os.name: 'windows 11', os.arch: 'amd64', os.version: '10.0', java.version: '21.0.7'
driver info: org.openqa.selenium.chrome.chromedriver
command: [49e8c38a08f4c0a01233f033e635356a, get {url=https://demoqa.com}]
capabilities {acceptinsecurecerts: false, browsername: chrome, browserversion: 137.0.7151.120, chrome: {chromedriverversion: 137.0.7151.119 (e0ac9d12dff..., userdatadir: c:\users\dell\appdata\local...}, fedcm:accounts: true, goog:chromeoptions: {debuggeraddress: localhost:56572}, networkconnectionenabled: false, pageloadstrategy: normal, platformname: windows, proxy: proxy(), se:cdp: ws://localhost:56572/devtoo..., se:cdpversion: 137.0.7151.120, setwindowrect: true, strictfileinteractability: false, timeouts: {implicit: 0, pageload: 300000, script: 30000}, unhandledpromptbehavior: dismiss and notify, webauthn:extension:credblob: true, webauthn:extension:largeblob: true, webauthn:extension:minpinlength: true, webauthn:extension:prf: true, webauthn:virtualauthenticators: true}
session id: 49e8c38a08f4c0a01233f033e635356a. Retrying after 3000ms...
2025-09-07 14:09:28 [main] INFO  RetryUrlAccess - Successfully navigated to: https://demoqa.com
2025-09-07 14:09:28 [main] INFO  demoqaBase - 🧪 Starting Test Alerts, Frames & Windows|Frames...
2025-09-07 14:09:28 [main] INFO  demoqaBase - Accessing Alerts, Frame & Windows Card...
Declared Instance WebDriverWait: org.openqa.selenium.support.ui.WebDriverWait@118acf70
2025-09-07 14:09:28 [main] INFO  demoqaLog - Clicking on Alert Frame & Windows Card...
2025-09-07 14:09:28 [main] INFO  demoqaLog - ✅ JS click executed on element: {}
2025-09-07 14:09:28 [main] INFO  demoqaLog - Clicked on on Alert Frame & Windows Card...
Title of this Page is: DEMOQA
You are Accessing: Alerts, Frame & Windows
2025-09-07 14:09:29 [main] INFO  demoqaBase - Alerts, Frame & Windows Card: Please select an item from left to start practice.
2025-09-07 14:09:29 [main] INFO  demoqaBase - 🔍 Starting test for Frames click ..
2025-09-07 14:09:29 [main] INFO  demoqaLog - ✅ JS click executed on element: {}
2025-09-07 14:09:29 [main] INFO  demoqaBase - ✅ Clicked on Frames...
2025-09-07 14:09:29 [main] INFO  demoqaBase - Page Title is: Frames
2025-09-07 14:09:29 [main] INFO  demoqaBase - ✅ Alerts, Frames & Windows|Frames Test Completed...
]]></system-out>
  </testcase>
  <testcase name="GetFrame1" classname="tests.AlertsFramesWindowsTests" time="1.663">
    <system-out><![CDATA[2025-09-07 14:09:29 [main] INFO  demoqaBase - Closing the Browser...
2025-09-07 14:09:30 [main] INFO  demoqaBase - Starting Web Browser...
2025-09-07 14:09:36 [main] INFO  demoqaBase - Navigating to demoqa.com Website
2025-09-07 14:10:06 [main] WARN  RetryUrlAccess - Attempt 1 failed due to retryable error: timeout: timed out receiving message from renderer: 29.032
  (session info: chrome=137.0.7151.120)
build info: version: '4.35.0', revision: '1c58e5028b'
system info: os.name: 'windows 11', os.arch: 'amd64', os.version: '10.0', java.version: '21.0.7'
driver info: org.openqa.selenium.chrome.chromedriver
command: [68be00947948cfe9a5658fc32d4a1a60, get {url=https://demoqa.com}]
capabilities {acceptinsecurecerts: false, browsername: chrome, browserversion: 137.0.7151.120, chrome: {chromedriverversion: 137.0.7151.119 (e0ac9d12dff..., userdatadir: c:\users\dell\appdata\local...}, fedcm:accounts: true, goog:chromeoptions: {debuggeraddress: localhost:56755}, networkconnectionenabled: false, pageloadstrategy: normal, platformname: windows, proxy: proxy(), se:cdp: ws://localhost:56755/devtoo..., se:cdpversion: 137.0.7151.120, setwindowrect: true, strictfileinteractability: false, timeouts: {implicit: 0, pageload: 300000, script: 30000}, unhandledpromptbehavior: dismiss and notify, webauthn:extension:credblob: true, webauthn:extension:largeblob: true, webauthn:extension:minpinlength: true, webauthn:extension:prf: true, webauthn:virtualauthenticators: true}
session id: 68be00947948cfe9a5658fc32d4a1a60. Retrying after 3000ms...
2025-09-07 14:10:10 [main] INFO  RetryUrlAccess - Successfully navigated to: https://demoqa.com
2025-09-07 14:10:10 [main] INFO  demoqaBase - 🧪 Starting Test Alerts, Frames & Windows|Frames|Frame1 message...
2025-09-07 14:10:10 [main] INFO  demoqaBase - Accessing Alerts, Frame & Windows Card...
Declared Instance WebDriverWait: org.openqa.selenium.support.ui.WebDriverWait@11e9ac24
2025-09-07 14:10:10 [main] INFO  demoqaLog - Clicking on Alert Frame & Windows Card...
2025-09-07 14:10:10 [main] INFO  demoqaLog - ✅ JS click executed on element: {}
2025-09-07 14:10:10 [main] INFO  demoqaLog - Clicked on on Alert Frame & Windows Card...
Title of this Page is: DEMOQA
You are Accessing: Alerts, Frame & Windows
2025-09-07 14:10:11 [main] INFO  demoqaBase - Alerts, Frame & Windows Card: Please select an item from left to start practice.
2025-09-07 14:10:11 [main] INFO  demoqaBase - 🔍 Starting test for Frames click ..
2025-09-07 14:10:11 [main] INFO  demoqaLog - ✅ JS click executed on element: {}
2025-09-07 14:10:11 [main] INFO  demoqaBase - ✅ Clicked on Frames...
2025-09-07 14:10:11 [main] INFO  demoqaBase - Page Title is: Frames
2025-09-07 14:10:11 [main] INFO  demoqaBase - 🔍 Starting test for Frames|Frame1 Message...
2025-09-07 14:10:11 [main] INFO  demoqaBase - ✅ Switched to Frame1...
2025-09-07 14:10:11 [main] INFO  demoqaBase - Frame1 contains: This is a sample page
2025-09-07 14:10:11 [main] INFO  demoqaBase - ✅ Alerts, Frames & Windows|Frames|Frame1 message Test Completed...
]]></system-out>
  </testcase>
  <testcase name="GetFrame2" classname="tests.AlertsFramesWindowsTests" time="1.842">
    <system-out><![CDATA[2025-09-07 14:10:11 [main] INFO  demoqaBase - Closing the Browser...
2025-09-07 14:10:12 [main] INFO  demoqaBase - Starting Web Browser...
2025-09-07 14:10:14 [main] INFO  demoqaBase - Navigating to demoqa.com Website
2025-09-07 14:10:44 [main] WARN  RetryUrlAccess - Attempt 1 failed due to retryable error: timeout: timed out receiving message from renderer: 28.998
  (session info: chrome=137.0.7151.120)
build info: version: '4.35.0', revision: '1c58e5028b'
system info: os.name: 'windows 11', os.arch: 'amd64', os.version: '10.0', java.version: '21.0.7'
driver info: org.openqa.selenium.chrome.chromedriver
command: [54b6180be82efc0b4f65bab024e128da, get {url=https://demoqa.com}]
capabilities {acceptinsecurecerts: false, browsername: chrome, browserversion: 137.0.7151.120, chrome: {chromedriverversion: 137.0.7151.119 (e0ac9d12dff..., userdatadir: c:\users\dell\appdata\local...}, fedcm:accounts: true, goog:chromeoptions: {debuggeraddress: localhost:56840}, networkconnectionenabled: false, pageloadstrategy: normal, platformname: windows, proxy: proxy(), se:cdp: ws://localhost:56840/devtoo..., se:cdpversion: 137.0.7151.120, setwindowrect: true, strictfileinteractability: false, timeouts: {implicit: 0, pageload: 300000, script: 30000}, unhandledpromptbehavior: dismiss and notify, webauthn:extension:credblob: true, webauthn:extension:largeblob: true, webauthn:extension:minpinlength: true, webauthn:extension:prf: true, webauthn:virtualauthenticators: true}
session id: 54b6180be82efc0b4f65bab024e128da. Retrying after 3000ms...
2025-09-07 14:10:48 [main] INFO  RetryUrlAccess - Successfully navigated to: https://demoqa.com
2025-09-07 14:10:48 [main] INFO  demoqaBase - 🧪 Starting Test Alerts, Frames & Windows|Frames|Frame2 message...
2025-09-07 14:10:48 [main] INFO  demoqaBase - Accessing Alerts, Frame & Windows Card...
Declared Instance WebDriverWait: org.openqa.selenium.support.ui.WebDriverWait@9d3d54e
2025-09-07 14:10:48 [main] INFO  demoqaLog - Clicking on Alert Frame & Windows Card...
2025-09-07 14:10:49 [main] INFO  demoqaLog - ✅ JS click executed on element: {}
2025-09-07 14:10:49 [main] INFO  demoqaLog - Clicked on on Alert Frame & Windows Card...
Title of this Page is: DEMOQA
You are Accessing: Alerts, Frame & Windows
2025-09-07 14:10:49 [main] INFO  demoqaBase - Alerts, Frame & Windows Card: Please select an item from left to start practice.
2025-09-07 14:10:49 [main] INFO  demoqaBase - 🔍 Starting test for Frames click ..
2025-09-07 14:10:49 [main] INFO  demoqaLog - ✅ JS click executed on element: {}
2025-09-07 14:10:49 [main] INFO  demoqaBase - ✅ Clicked on Frames...
2025-09-07 14:10:49 [main] INFO  demoqaBase - Page Title is: Frames
2025-09-07 14:10:49 [main] INFO  demoqaBase - 🔍 Starting test for Frames|Frame2 Message...
2025-09-07 14:10:50 [main] INFO  demoqaBase - ✅ Switched to Frame2...
2025-09-07 14:10:50 [main] INFO  demoqaBase - Frame2 contains: This is a sample page
2025-09-07 14:10:50 [main] INFO  demoqaBase - ✅ Alerts, Frames & Windows|Frames|Frame2 message Test Completed...
]]></system-out>
  </testcase>
  <testcase name="ClickModalDialogs" classname="tests.AlertsFramesWindowsTests" time="1.439">
    <system-out><![CDATA[2025-09-07 14:10:50 [main] INFO  demoqaBase - Closing the Browser...
2025-09-07 14:10:51 [main] INFO  demoqaBase - Starting Web Browser...
2025-09-07 14:10:53 [main] INFO  demoqaBase - Navigating to demoqa.com Website
2025-09-07 14:11:23 [main] WARN  RetryUrlAccess - Attempt 1 failed due to retryable error: timeout: timed out receiving message from renderer: 29.009
  (session info: chrome=137.0.7151.120)
build info: version: '4.35.0', revision: '1c58e5028b'
system info: os.name: 'windows 11', os.arch: 'amd64', os.version: '10.0', java.version: '21.0.7'
driver info: org.openqa.selenium.chrome.chromedriver
command: [39ab66c912653281275f191efc7a92b8, get {url=https://demoqa.com}]
capabilities {acceptinsecurecerts: false, browsername: chrome, browserversion: 137.0.7151.120, chrome: {chromedriverversion: 137.0.7151.119 (e0ac9d12dff..., userdatadir: c:\users\dell\appdata\local...}, fedcm:accounts: true, goog:chromeoptions: {debuggeraddress: localhost:57045}, networkconnectionenabled: false, pageloadstrategy: normal, platformname: windows, proxy: proxy(), se:cdp: ws://localhost:57045/devtoo..., se:cdpversion: 137.0.7151.120, setwindowrect: true, strictfileinteractability: false, timeouts: {implicit: 0, pageload: 300000, script: 30000}, unhandledpromptbehavior: dismiss and notify, webauthn:extension:credblob: true, webauthn:extension:largeblob: true, webauthn:extension:minpinlength: true, webauthn:extension:prf: true, webauthn:virtualauthenticators: true}
session id: 39ab66c912653281275f191efc7a92b8. Retrying after 3000ms...
2025-09-07 14:11:27 [main] INFO  RetryUrlAccess - Successfully navigated to: https://demoqa.com
2025-09-07 14:11:27 [main] INFO  demoqaBase - 🧪 Starting Test Alerts, Frames & Windows|Modal Dialogs...
2025-09-07 14:11:27 [main] INFO  demoqaBase - Accessing Alerts, Frame & Windows Card...
Declared Instance WebDriverWait: org.openqa.selenium.support.ui.WebDriverWait@4e4894d
2025-09-07 14:11:27 [main] INFO  demoqaLog - Clicking on Alert Frame & Windows Card...
2025-09-07 14:11:28 [main] INFO  demoqaLog - ✅ JS click executed on element: {}
2025-09-07 14:11:28 [main] INFO  demoqaLog - Clicked on on Alert Frame & Windows Card...
Title of this Page is: DEMOQA
You are Accessing: Alerts, Frame & Windows
2025-09-07 14:11:28 [main] INFO  demoqaBase - Alerts, Frame & Windows Card: Please select an item from left to start practice.
2025-09-07 14:11:28 [main] INFO  demoqaBase - 🔍 Starting test for Frames|Modal Dialogs click ..
2025-09-07 14:11:29 [main] INFO  demoqaLog - ✅ JS click executed on element: {}
2025-09-07 14:11:29 [main] INFO  demoqaBase - ✅ Clicked on Modal Dialogs...
2025-09-07 14:11:29 [main] INFO  demoqaBase - Page Title is: Modal Dialogs
2025-09-07 14:11:29 [main] INFO  demoqaBase - ✅ Alerts, Frames & Windows|Modal Dialogs Test Completed...
]]></system-out>
  </testcase>
  <testcase name="ClickNestedFrames" classname="tests.AlertsFramesWindowsTests" time="1.417">
    <system-out><![CDATA[2025-09-07 14:11:29 [main] INFO  demoqaBase - Closing the Browser...
2025-09-07 14:11:30 [main] INFO  demoqaBase - Starting Web Browser...
2025-09-07 14:11:32 [main] INFO  demoqaBase - Navigating to demoqa.com Website
2025-09-07 14:12:02 [main] WARN  RetryUrlAccess - Attempt 1 failed due to retryable error: timeout: timed out receiving message from renderer: 29.006
  (session info: chrome=137.0.7151.120)
build info: version: '4.35.0', revision: '1c58e5028b'
system info: os.name: 'windows 11', os.arch: 'amd64', os.version: '10.0', java.version: '21.0.7'
driver info: org.openqa.selenium.chrome.chromedriver
command: [578d68c0e4a86e4d50d8b1146e40a7f5, get {url=https://demoqa.com}]
capabilities {acceptinsecurecerts: false, browsername: chrome, browserversion: 137.0.7151.120, chrome: {chromedriverversion: 137.0.7151.119 (e0ac9d12dff..., userdatadir: c:\users\dell\appdata\local...}, fedcm:accounts: true, goog:chromeoptions: {debuggeraddress: localhost:57275}, networkconnectionenabled: false, pageloadstrategy: normal, platformname: windows, proxy: proxy(), se:cdp: ws://localhost:57275/devtoo..., se:cdpversion: 137.0.7151.120, setwindowrect: true, strictfileinteractability: false, timeouts: {implicit: 0, pageload: 300000, script: 30000}, unhandledpromptbehavior: dismiss and notify, webauthn:extension:credblob: true, webauthn:extension:largeblob: true, webauthn:extension:minpinlength: true, webauthn:extension:prf: true, webauthn:virtualauthenticators: true}
session id: 578d68c0e4a86e4d50d8b1146e40a7f5. Retrying after 3000ms...
2025-09-07 14:12:09 [main] INFO  RetryUrlAccess - Successfully navigated to: https://demoqa.com
2025-09-07 14:12:09 [main] INFO  demoqaBase - 🧪 Starting Test Alerts, Frames & Windows|Nested Frames...
2025-09-07 14:12:09 [main] INFO  demoqaBase - Accessing Alerts, Frame & Windows Card...
Declared Instance WebDriverWait: org.openqa.selenium.support.ui.WebDriverWait@fabef2e
2025-09-07 14:12:09 [main] INFO  demoqaLog - Clicking on Alert Frame & Windows Card...
2025-09-07 14:12:09 [main] INFO  demoqaLog - ✅ JS click executed on element: {}
2025-09-07 14:12:09 [main] INFO  demoqaLog - Clicked on on Alert Frame & Windows Card...
Title of this Page is: DEMOQA
You are Accessing: Alerts, Frame & Windows
2025-09-07 14:12:09 [main] INFO  demoqaBase - Alerts, Frame & Windows Card: Please select an item from left to start practice.
2025-09-07 14:12:09 [main] INFO  demoqaBase - 🔍 Starting test for Frames|Nested Frames click ..
2025-09-07 14:12:10 [main] INFO  demoqaLog - ✅ JS click executed on element: {}
2025-09-07 14:12:10 [main] INFO  demoqaBase - ✅ Clicked on Nested Frames...
2025-09-07 14:12:10 [main] INFO  demoqaBase - Page Title is: Nested Frames
2025-09-07 14:12:10 [main] INFO  demoqaBase - ✅ Alerts, Frames & Windows|Nested Frames Test Completed...
]]></system-out>
  </testcase>
  <testcase name="ClickLargeModal" classname="tests.AlertsFramesWindowsTests" time="2.061">
    <failure message="expected [] but found [Large Modal]" type="java.lang.AssertionError"><![CDATA[java.lang.AssertionError: expected [] but found [Large Modal]
	at org.testng.Assert.fail(Assert.java:111)
	at org.testng.Assert.failNotEquals(Assert.java:1590)
	at org.testng.Assert.assertEqualsImpl(Assert.java:150)
	at org.testng.Assert.assertEquals(Assert.java:132)
	at org.testng.Assert.assertEquals(Assert.java:656)
	at org.testng.Assert.assertEquals(Assert.java:666)
	at pages.alertsframewindowsPage.clickLargeModal(alertsframewindowsPage.java:462)
	at tests.AlertsFramesWindowsTests.ClickLargeModal(AlertsFramesWindowsTests.java:264)
	at java.base/jdk.internal.reflect.DirectMethodHandleAccessor.invoke(DirectMethodHandleAccessor.java:103)
	at java.base/java.lang.reflect.Method.invoke(Method.java:580)
	at org.testng.internal.invokers.MethodInvocationHelper.invokeMethod(MethodInvocationHelper.java:141)
	at org.testng.internal.invokers.TestInvoker.invokeMethod(TestInvoker.java:687)
	at org.testng.internal.invokers.TestInvoker.invokeTestMethod(TestInvoker.java:230)
	at org.testng.internal.invokers.MethodRunner.runInSequence(MethodRunner.java:63)
	at org.testng.internal.invokers.TestInvoker$MethodInvocationAgent.invoke(TestInvoker.java:995)
	at org.testng.internal.invokers.TestInvoker.invokeTestMethods(TestInvoker.java:203)
	at org.testng.internal.invokers.TestMethodWorker.invokeTestMethods(TestMethodWorker.java:154)
	at org.testng.internal.invokers.TestMethodWorker.run(TestMethodWorker.java:134)
	at java.base/java.util.ArrayList.forEach(ArrayList.java:1596)
	at org.testng.TestRunner.privateRun(TestRunner.java:741)
	at org.testng.TestRunner.run(TestRunner.java:616)
	at org.testng.SuiteRunner.runTest(SuiteRunner.java:421)
	at org.testng.SuiteRunner.runSequentially(SuiteRunner.java:413)
	at org.testng.SuiteRunner.privateRun(SuiteRunner.java:373)
	at org.testng.SuiteRunner.run(SuiteRunner.java:312)
	at org.testng.SuiteRunnerWorker.runSuite(SuiteRunnerWorker.java:52)
	at org.testng.SuiteRunnerWorker.run(SuiteRunnerWorker.java:95)
	at org.testng.TestNG.runSuitesSequentially(TestNG.java:1274)
	at org.testng.TestNG.runSuitesLocally(TestNG.java:1208)
	at org.testng.TestNG.runSuites(TestNG.java:1112)
	at org.testng.TestNG.run(TestNG.java:1079)
	at org.apache.maven.surefire.testng.TestNGExecutor.run(TestNGExecutor.java:155)
	at org.apache.maven.surefire.testng.TestNGDirectoryTestSuite.executeMulti(TestNGDirectoryTestSuite.java:169)
	at org.apache.maven.surefire.testng.TestNGDirectoryTestSuite.execute(TestNGDirectoryTestSuite.java:88)
	at org.apache.maven.surefire.testng.TestNGProvider.invoke(TestNGProvider.java:137)
	at org.apache.maven.surefire.booter.ForkedBooter.runSuitesInProcess(ForkedBooter.java:385)
	at org.apache.maven.surefire.booter.ForkedBooter.execute(ForkedBooter.java:162)
	at org.apache.maven.surefire.booter.ForkedBooter.run(ForkedBooter.java:507)
	at org.apache.maven.surefire.booter.ForkedBooter.main(ForkedBooter.java:495)
]]></failure>
    <system-out><![CDATA[2025-09-07 14:12:10 [main] INFO  demoqaBase - Closing the Browser...
2025-09-07 14:12:11 [main] INFO  demoqaBase - Starting Web Browser...
2025-09-07 14:12:14 [main] INFO  demoqaBase - Navigating to demoqa.com Website
2025-09-07 14:12:44 [main] WARN  RetryUrlAccess - Attempt 1 failed due to retryable error: timeout: timed out receiving message from renderer: 29.019
  (session info: chrome=137.0.7151.120)
build info: version: '4.35.0', revision: '1c58e5028b'
system info: os.name: 'windows 11', os.arch: 'amd64', os.version: '10.0', java.version: '21.0.7'
driver info: org.openqa.selenium.chrome.chromedriver
command: [5f4c77eef5c060f124f371cc4d4e87eb, get {url=https://demoqa.com}]
capabilities {acceptinsecurecerts: false, browsername: chrome, browserversion: 137.0.7151.120, chrome: {chromedriverversion: 137.0.7151.119 (e0ac9d12dff..., userdatadir: c:\users\dell\appdata\local...}, fedcm:accounts: true, goog:chromeoptions: {debuggeraddress: localhost:57480}, networkconnectionenabled: false, pageloadstrategy: normal, platformname: windows, proxy: proxy(), se:cdp: ws://localhost:57480/devtoo..., se:cdpversion: 137.0.7151.120, setwindowrect: true, strictfileinteractability: false, timeouts: {implicit: 0, pageload: 300000, script: 30000}, unhandledpromptbehavior: dismiss and notify, webauthn:extension:credblob: true, webauthn:extension:largeblob: true, webauthn:extension:minpinlength: true, webauthn:extension:prf: true, webauthn:virtualauthenticators: true}
session id: 5f4c77eef5c060f124f371cc4d4e87eb. Retrying after 3000ms...
2025-09-07 14:12:48 [main] INFO  RetryUrlAccess - Successfully navigated to: https://demoqa.com
2025-09-07 14:12:48 [main] INFO  demoqaBase - 🧪 Starting Test Alerts, Frames & Windows|Modal Dialogs|Large Modal...
2025-09-07 14:12:48 [main] INFO  demoqaBase - Accessing Alerts, Frame & Windows Card...
Declared Instance WebDriverWait: org.openqa.selenium.support.ui.WebDriverWait@4e4d0a0b
2025-09-07 14:12:48 [main] INFO  demoqaLog - Clicking on Alert Frame & Windows Card...
2025-09-07 14:12:48 [main] INFO  demoqaLog - ✅ JS click executed on element: {}
2025-09-07 14:12:48 [main] INFO  demoqaLog - Clicked on on Alert Frame & Windows Card...
Title of this Page is: DEMOQA
You are Accessing: Alerts, Frame & Windows
2025-09-07 14:12:49 [main] INFO  demoqaBase - Alerts, Frame & Windows Card: Please select an item from left to start practice.
2025-09-07 14:12:49 [main] INFO  demoqaBase - 🔍 Starting test for Frames|Modal Dialogs click ..
2025-09-07 14:12:49 [main] INFO  demoqaLog - ✅ JS click executed on element: {}
2025-09-07 14:12:49 [main] INFO  demoqaBase - ✅ Clicked on Modal Dialogs...
2025-09-07 14:12:49 [main] INFO  demoqaBase - Page Title is: Modal Dialogs
2025-09-07 14:12:49 [main] INFO  demoqaBase - 🔍 Starting test for Frames|Modal Dialogs|Large Modal click...
2025-09-07 14:12:50 [main] INFO  demoqaLog - ✅ JS click executed on element: {}
2025-09-07 14:12:50 [main] INFO  demoqaBase - ✅ Clicked on Modal Dialogs|Large Modal...
2025-09-07 14:12:50 [main] INFO  demoqaBase - Page Title is: 
]]></system-out>
  </testcase>
  <testcase name="ClickSmallModal" classname="tests.AlertsFramesWindowsTests" time="2.693">
    <system-out><![CDATA[Path for Screenshot is: C:\ASN\eclipse_workspace\demoqa-automation/screenshots/com.aventstack.extentreports.ExtentTest@63262071Test Failed+2025-09-07_14-12-50.png
2025-09-07 14:12:51 [main] INFO  demoqaBase - Closing the Browser...
2025-09-07 14:12:52 [main] INFO  demoqaBase - Starting Web Browser...
2025-09-07 14:12:54 [main] INFO  demoqaBase - Navigating to demoqa.com Website
2025-09-07 14:13:15 [main] INFO  RetryUrlAccess - Successfully navigated to: https://demoqa.com
2025-09-07 14:13:15 [main] INFO  demoqaBase - 🧪 Starting Test Alerts, Frames & Windows|Modal Dialogs|Small Modal...
2025-09-07 14:13:15 [main] INFO  demoqaBase - Accessing Alerts, Frame & Windows Card...
Declared Instance WebDriverWait: org.openqa.selenium.support.ui.WebDriverWait@498a4d62
2025-09-07 14:13:15 [main] INFO  demoqaLog - Clicking on Alert Frame & Windows Card...
2025-09-07 14:13:15 [main] INFO  demoqaLog - ✅ JS click executed on element: {}
2025-09-07 14:13:15 [main] INFO  demoqaLog - Clicked on on Alert Frame & Windows Card...
Title of this Page is: DEMOQA
You are Accessing: Alerts, Frame & Windows
2025-09-07 14:13:16 [main] INFO  demoqaBase - Alerts, Frame & Windows Card: Please select an item from left to start practice.
2025-09-07 14:13:16 [main] INFO  demoqaBase - 🔍 Starting test for Frames|Modal Dialogs click ..
2025-09-07 14:13:16 [main] INFO  demoqaLog - ✅ JS click executed on element: {}
2025-09-07 14:13:16 [main] INFO  demoqaBase - ✅ Clicked on Modal Dialogs...
2025-09-07 14:13:16 [main] INFO  demoqaBase - Page Title is: Modal Dialogs
2025-09-07 14:13:16 [main] INFO  demoqaBase - 🔍 Starting test for Frames|Modal Dialogs|Small Modal click...
2025-09-07 14:13:17 [main] INFO  demoqaLog - ✅ JS click executed on element: {}
2025-09-07 14:13:17 [main] INFO  demoqaBase - ✅ Clicked on Modal Dialogs|Small Modal...
2025-09-07 14:13:17 [main] INFO  demoqaBase - Page Title is: Small Modal
2025-09-07 14:13:17 [main] INFO  demoqaBase - Small Modal Body Contains: This is a small modal. It has very less content
2025-09-07 14:13:18 [main] INFO  demoqaLog - ✅ JS click executed on element: {}
2025-09-07 14:13:18 [main] INFO  demoqaBase - ✅ Alerts, Frames & Windows|Modal Dialogs|Small Modal click Test Completed...
]]></system-out>
  </testcase>
  <testcase name="GetParentFrame" classname="tests.AlertsFramesWindowsTests" time="4.55">
    <system-out><![CDATA[2025-09-07 14:13:18 [main] INFO  demoqaBase - Closing the Browser...
2025-09-07 14:13:18 [main] INFO  demoqaBase - Starting Web Browser...
2025-09-07 14:13:21 [main] INFO  demoqaBase - Navigating to demoqa.com Website
2025-09-07 14:13:51 [main] WARN  RetryUrlAccess - Attempt 1 failed due to retryable error: timeout: timed out receiving message from renderer: 29.080
  (session info: chrome=137.0.7151.120)
build info: version: '4.35.0', revision: '1c58e5028b'
system info: os.name: 'windows 11', os.arch: 'amd64', os.version: '10.0', java.version: '21.0.7'
driver info: org.openqa.selenium.chrome.chromedriver
command: [155d485f0d1d9ce0967df146a4589dca, get {url=https://demoqa.com}]
capabilities {acceptinsecurecerts: false, browsername: chrome, browserversion: 137.0.7151.120, chrome: {chromedriverversion: 137.0.7151.119 (e0ac9d12dff..., userdatadir: c:\users\dell\appdata\local...}, fedcm:accounts: true, goog:chromeoptions: {debuggeraddress: localhost:57958}, networkconnectionenabled: false, pageloadstrategy: normal, platformname: windows, proxy: proxy(), se:cdp: ws://localhost:57958/devtoo..., se:cdpversion: 137.0.7151.120, setwindowrect: true, strictfileinteractability: false, timeouts: {implicit: 0, pageload: 300000, script: 30000}, unhandledpromptbehavior: dismiss and notify, webauthn:extension:credblob: true, webauthn:extension:largeblob: true, webauthn:extension:minpinlength: true, webauthn:extension:prf: true, webauthn:virtualauthenticators: true}
session id: 155d485f0d1d9ce0967df146a4589dca. Retrying after 3000ms...
2025-09-07 14:13:55 [main] INFO  RetryUrlAccess - Successfully navigated to: https://demoqa.com
2025-09-07 14:13:55 [main] INFO  demoqaBase - 🧪 Starting Test Alerts, Frames & Windows|Frames|Parent Frame message...
2025-09-07 14:13:55 [main] INFO  demoqaBase - Accessing Alerts, Frame & Windows Card...
Declared Instance WebDriverWait: org.openqa.selenium.support.ui.WebDriverWait@35b3c1f6
2025-09-07 14:13:55 [main] INFO  demoqaLog - Clicking on Alert Frame & Windows Card...
2025-09-07 14:13:55 [main] INFO  demoqaLog - ✅ JS click executed on element: {}
2025-09-07 14:13:55 [main] INFO  demoqaLog - Clicked on on Alert Frame & Windows Card...
Title of this Page is: DEMOQA
You are Accessing: Alerts, Frame & Windows
2025-09-07 14:13:56 [main] INFO  demoqaBase - Alerts, Frame & Windows Card: Please select an item from left to start practice.
2025-09-07 14:13:56 [main] INFO  demoqaBase - 🔍 Starting test for Frames|Nested Frames click ..
2025-09-07 14:13:56 [main] INFO  demoqaLog - ✅ JS click executed on element: {}
2025-09-07 14:13:56 [main] INFO  demoqaBase - ✅ Clicked on Nested Frames...
2025-09-07 14:13:56 [main] INFO  demoqaBase - Page Title is: Nested Frames
2025-09-07 14:13:56 [main] INFO  demoqaBase - 🔍 Starting test for Frames|Parent Frame Message...
2025-09-07 14:13:59 [main] INFO  demoqaBase - After switching, frame body contains: [Parent frame]
2025-09-07 14:13:59 [main] INFO  demoqaBase - ✅ Alerts, Frames & Windows|Frames|Parent Frame message Test Completed...
]]></system-out>
  </testcase>
  <testcase name="GetChildFrame" classname="tests.AlertsFramesWindowsTests" time="1.551">
    <system-out><![CDATA[2025-09-07 14:13:59 [main] INFO  demoqaBase - Closing the Browser...
2025-09-07 14:14:00 [main] INFO  demoqaBase - Starting Web Browser...
2025-09-07 14:14:03 [main] INFO  demoqaBase - Navigating to demoqa.com Website
2025-09-07 14:14:33 [main] WARN  RetryUrlAccess - Attempt 1 failed due to retryable error: timeout: timed out receiving message from renderer: 28.987
  (session info: chrome=137.0.7151.120)
build info: version: '4.35.0', revision: '1c58e5028b'
system info: os.name: 'windows 11', os.arch: 'amd64', os.version: '10.0', java.version: '21.0.7'
driver info: org.openqa.selenium.chrome.chromedriver
command: [08eb51560e7f854660bb095145331edf, get {url=https://demoqa.com}]
capabilities {acceptinsecurecerts: false, browsername: chrome, browserversion: 137.0.7151.120, chrome: {chromedriverversion: 137.0.7151.119 (e0ac9d12dff..., userdatadir: c:\users\dell\appdata\local...}, fedcm:accounts: true, goog:chromeoptions: {debuggeraddress: localhost:58204}, networkconnectionenabled: false, pageloadstrategy: normal, platformname: windows, proxy: proxy(), se:cdp: ws://localhost:58204/devtoo..., se:cdpversion: 137.0.7151.120, setwindowrect: true, strictfileinteractability: false, timeouts: {implicit: 0, pageload: 300000, script: 30000}, unhandledpromptbehavior: dismiss and notify, webauthn:extension:credblob: true, webauthn:extension:largeblob: true, webauthn:extension:minpinlength: true, webauthn:extension:prf: true, webauthn:virtualauthenticators: true}
session id: 08eb51560e7f854660bb095145331edf. Retrying after 3000ms...
2025-09-07 14:14:37 [main] INFO  RetryUrlAccess - Successfully navigated to: https://demoqa.com
2025-09-07 14:14:37 [main] INFO  demoqaBase - 🧪 Starting Test Alerts, Frames & Windows|Frames|Child Frame message...
2025-09-07 14:14:37 [main] INFO  demoqaBase - Accessing Alerts, Frame & Windows Card...
Declared Instance WebDriverWait: org.openqa.selenium.support.ui.WebDriverWait@76b05c0
2025-09-07 14:14:37 [main] INFO  demoqaLog - Clicking on Alert Frame & Windows Card...
2025-09-07 14:14:37 [main] INFO  demoqaLog - ✅ JS click executed on element: {}
2025-09-07 14:14:37 [main] INFO  demoqaLog - Clicked on on Alert Frame & Windows Card...
Title of this Page is: DEMOQA
You are Accessing: Alerts, Frame & Windows
2025-09-07 14:14:37 [main] INFO  demoqaBase - Alerts, Frame & Windows Card: Please select an item from left to start practice.
2025-09-07 14:14:37 [main] INFO  demoqaBase - 🔍 Starting test for Frames|Nested Frames click ..
2025-09-07 14:14:38 [main] INFO  demoqaLog - ✅ JS click executed on element: {}
2025-09-07 14:14:38 [main] INFO  demoqaBase - ✅ Clicked on Nested Frames...
2025-09-07 14:14:38 [main] INFO  demoqaBase - Page Title is: Nested Frames
2025-09-07 14:14:38 [main] INFO  demoqaBase - 🔍 Starting test for Frames|Child Frame Message...
2025-09-07 14:14:38 [main] INFO  demoqaBase - After switching, frame body contains: [Child Iframe]
2025-09-07 14:14:38 [main] INFO  demoqaBase - ✅ Alerts, Frames & Windows|Frames|Child Frame message Test Completed...
]]></system-out>
  </testcase>
  <testcase name="ElementsCard" classname="tests.ElementsTests" time="0.945">
    <system-out><![CDATA[2025-09-07 14:14:38 [main] INFO  demoqaBase - Closing the Browser...
2025-09-07 14:14:39 [main] INFO  demoqaBase - Starting Web Browser...
2025-09-07 14:14:42 [main] INFO  demoqaBase - Navigating to demoqa.com Website
2025-09-07 14:15:12 [main] WARN  RetryUrlAccess - Attempt 1 failed due to retryable error: timeout: timed out receiving message from renderer: 28.964
  (session info: chrome=137.0.7151.120)
build info: version: '4.35.0', revision: '1c58e5028b'
system info: os.name: 'windows 11', os.arch: 'amd64', os.version: '10.0', java.version: '21.0.7'
driver info: org.openqa.selenium.chrome.chromedriver
command: [28d58096f1e5f8a8ed7d5a1372f7b0f0, get {url=https://demoqa.com}]
capabilities {acceptinsecurecerts: false, browsername: chrome, browserversion: 137.0.7151.120, chrome: {chromedriverversion: 137.0.7151.119 (e0ac9d12dff..., userdatadir: c:\users\dell\appdata\local...}, fedcm:accounts: true, goog:chromeoptions: {debuggeraddress: localhost:58393}, networkconnectionenabled: false, pageloadstrategy: normal, platformname: windows, proxy: proxy(), se:cdp: ws://localhost:58393/devtoo..., se:cdpversion: 137.0.7151.120, setwindowrect: true, strictfileinteractability: false, timeouts: {implicit: 0, pageload: 300000, script: 30000}, unhandledpromptbehavior: dismiss and notify, webauthn:extension:credblob: true, webauthn:extension:largeblob: true, webauthn:extension:minpinlength: true, webauthn:extension:prf: true, webauthn:virtualauthenticators: true}
session id: 28d58096f1e5f8a8ed7d5a1372f7b0f0. Retrying after 3000ms...
2025-09-07 14:15:16 [main] INFO  RetryUrlAccess - Successfully navigated to: https://demoqa.com
2025-09-07 14:15:16 [main] INFO  demoqaBase - 🧪 Starting Test Elements | Text Box Test...
Instance Variables Declared are: nullnull
2025-09-07 14:15:16 [main] INFO  demoqaBase - Accessing Elements Card...
2025-09-07 14:15:16 [main] INFO  demoqaLog - Clicking on Elements Card...
2025-09-07 14:15:16 [main] WARN  demoqaLog - ⚠️ JS click failed, falling back to native click. Reason: {}
2025-09-07 14:15:17 [main] INFO  demoqaLog - ✅ Native click succeeded on element: {}
2025-09-07 14:15:17 [main] INFO  demoqaLog - Clicked on Elements Card...
Title of this Page is: DEMOQA
You are Accessing: Elements
 
Elements: Please select an item from left to start practice.
2025-09-07 14:15:17 [main] INFO  demoqaBase - Elements: Please select an item from left to start practice.
Title of this Page is: DEMOQA
2025-09-07 14:15:17 [main] INFO  demoqaBase - ✅ Element Card Test Completed...
]]></system-out>
  </testcase>
  <testcase name="TextBox[TextBoxUser{firstName=&apos;Johny&apos;, lastName=&apos;Bravo&apos;, email=&apos;Jbravo@demoqa.com&apos;, currentAddress=&apos;301 Town 481, Brookville\n kansas 42129\n United States&apos;, permanentAddress=&apos;511 Grant 481, Prattsville\n Arkansas 72129\n United States&apos;}](1)" classname="tests.ElementsTests" time="4.622">
    <system-out><![CDATA[2025-09-07 14:15:17 [main] INFO  demoqaBase - Closing the Browser...
🧾 Row 1: {Salary=28000.0, Email=Jbravo@demoqa.com, Address=511 Grant 481, Prattsville\n Arkansas 72129\n United States, First Name=Johny, Gender=Male, City=Delhi, Mobile=9.238343488E9, Hobbies=Sports,Music, Subject=Computer Science, Current Address=301 Town 481, Brookville\n kansas 42129\n United States, Department=Information Technology, DOB=15/08/2000, Picture=/TestData/Mphoto.jpg, State=NCR, Last Name=Bravo, Age=34.0}
🔍 Mapping field: firstName | Excel Column: First Name | Value: Johny
🔍 Mapping field: lastName | Excel Column: Last Name | Value: Bravo
🔍 Mapping field: email | Excel Column: Email | Value: Jbravo@demoqa.com
🔍 Mapping field: currentAddress | Excel Column: Current Address | Value: 301 Town 481, Brookville\n kansas 42129\n United States
🔍 Mapping field: permanentAddress | Excel Column: Address | Value: 511 Grant 481, Prattsville\n Arkansas 72129\n United States
🧾 Row 2: {Salary=18000.0, Email=GFemina@demoqa.com, Address=512 Grant 481, Prattsville\n Arkansas 72129\n United States, First Name=Gene, Gender=Female, City=Merrut, Mobile=1.888343432E9, Hobbies=Music,Reading, Subject=Accounting, Current Address=302 Town 481, Brookville\n kansas 42129\n United States, Department=Finance, DOB=22/05/2002, Picture=/TestData/Fphoto.png, State=Uttar Pradesh, Last Name=Femina, Age=30.0}
🔍 Mapping field: firstName | Excel Column: First Name | Value: Gene
🔍 Mapping field: lastName | Excel Column: Last Name | Value: Femina
🔍 Mapping field: email | Excel Column: Email | Value: GFemina@demoqa.com
🔍 Mapping field: currentAddress | Excel Column: Current Address | Value: 302 Town 481, Brookville\n kansas 42129\n United States
🔍 Mapping field: permanentAddress | Excel Column: Address | Value: 512 Grant 481, Prattsville\n Arkansas 72129\n United States
🧾 Row 3: {Salary=15000.0, Email=BWisem@demoqa.com, Address=513 Grant 481, Prattsville\n Arkansas 72129\n United States, First Name=Bud, Gender=Other, City=Panipat, Mobile=8.932465432E9, Hobbies=Reading, Subject=Biology, Current Address=303 Town 481, Brookville\n kansas 42129\n United States, Department=Medicine, DOB=31/12/1999, Picture=/TestData/Ophoto.jpg, State=Haryana, Last Name=Wisem, Age=40.0}
🔍 Mapping field: firstName | Excel Column: First Name | Value: Bud
🔍 Mapping field: lastName | Excel Column: Last Name | Value: Wisem
🔍 Mapping field: email | Excel Column: Email | Value: BWisem@demoqa.com
🔍 Mapping field: currentAddress | Excel Column: Current Address | Value: 303 Town 481, Brookville\n kansas 42129\n United States
🔍 Mapping field: permanentAddress | Excel Column: Address | Value: 513 Grant 481, Prattsville\n Arkansas 72129\n United States
🧾 Row 4: {Salary=19000.0, Email=TBoss@demoqa.com, Address=514 Grant 481, Prattsville\n Arkansas 72129\n United States, First Name=Tom, Gender=Male, City=Jaiselmer, Mobile=7.839875281E9, Hobbies=Sports,Reading, Subject=Social Studies, Current Address=304 Town 481, Brookville\n kansas 42129\n United States, Department=Recreation, DOB=1/26/03, Picture=/TestData/M2photo.jpg, State=Rajasthan, Last Name=Boss, Age=42.0}
🔍 Mapping field: firstName | Excel Column: First Name | Value: Tom
🔍 Mapping field: lastName | Excel Column: Last Name | Value: Boss
🔍 Mapping field: email | Excel Column: Email | Value: TBoss@demoqa.com
🔍 Mapping field: currentAddress | Excel Column: Current Address | Value: 304 Town 481, Brookville\n kansas 42129\n United States
🔍 Mapping field: permanentAddress | Excel Column: Address | Value: 514 Grant 481, Prattsville\n Arkansas 72129\n United States
2025-09-07 14:15:19 [main] INFO  demoqaBase - Starting Web Browser...
2025-09-07 14:15:22 [main] INFO  demoqaBase - Navigating to demoqa.com Website
2025-09-07 14:15:52 [main] WARN  RetryUrlAccess - Attempt 1 failed due to retryable error: timeout: timed out receiving message from renderer: 28.988
  (session info: chrome=137.0.7151.120)
build info: version: '4.35.0', revision: '1c58e5028b'
system info: os.name: 'windows 11', os.arch: 'amd64', os.version: '10.0', java.version: '21.0.7'
driver info: org.openqa.selenium.chrome.chromedriver
command: [cc0512458944d01f071fcb1525c1d781, get {url=https://demoqa.com}]
capabilities {acceptinsecurecerts: false, browsername: chrome, browserversion: 137.0.7151.120, chrome: {chromedriverversion: 137.0.7151.119 (e0ac9d12dff..., userdatadir: c:\users\dell\appdata\local...}, fedcm:accounts: true, goog:chromeoptions: {debuggeraddress: localhost:58520}, networkconnectionenabled: false, pageloadstrategy: normal, platformname: windows, proxy: proxy(), se:cdp: ws://localhost:58520/devtoo..., se:cdpversion: 137.0.7151.120, setwindowrect: true, strictfileinteractability: false, timeouts: {implicit: 0, pageload: 300000, script: 30000}, unhandledpromptbehavior: dismiss and notify, webauthn:extension:credblob: true, webauthn:extension:largeblob: true, webauthn:extension:minpinlength: true, webauthn:extension:prf: true, webauthn:virtualauthenticators: true}
session id: cc0512458944d01f071fcb1525c1d781. Retrying after 3000ms...
2025-09-07 14:15:56 [main] INFO  RetryUrlAccess - Successfully navigated to: https://demoqa.com
2025-09-07 14:15:56 [main] INFO  demoqaBase - 🧪 Starting Test Elements | Text Box Test...
Instance Variables Declared are: nullnull
2025-09-07 14:15:56 [main] INFO  demoqaBase - Accessing Elements Card...
2025-09-07 14:15:56 [main] INFO  demoqaLog - Clicking on Elements Card...
2025-09-07 14:15:56 [main] WARN  demoqaLog - ⚠️ JS click failed, falling back to native click. Reason: {}
2025-09-07 14:15:56 [main] INFO  demoqaLog - ✅ Native click succeeded on element: {}
2025-09-07 14:15:56 [main] INFO  demoqaLog - Clicked on Elements Card...
Title of this Page is: DEMOQA
You are Accessing: Elements
 
Elements: Please select an item from left to start practice.
2025-09-07 14:15:57 [main] INFO  demoqaBase - Elements: Please select an item from left to start practice.
2025-09-07 14:15:57 [main] INFO  demoqaBase - Accessing Text Box...
Text Box
2025-09-07 14:15:58 [main] INFO  demoqaBase - You are accessing: Text Box
2025-09-07 14:15:58 [main] INFO  demoqaBase - 📝 Filling TextBox form for user: Johny Bravo
2025-09-07 14:16:00 [main] INFO  demoqaBase - ✅ Form filled successfully for: Johny Bravo
2025-09-07 14:16:00 [main] INFO  demoqaLog - ✅ JS click executed on element: {}
2025-09-07 14:16:00 [main] INFO  demoqaBase - 🔍 Validating submitted form for: Johny Bravo
2025-09-07 14:16:00 [main] INFO  demoqaBase - ✅ Validation passed for user: Johny Bravo
2025-09-07 14:16:00 [main] INFO  demoqaBase - ✅ Text Box Element Test Completed...
]]></system-out>
  </testcase>
  <testcase name="TextBox[TextBoxUser{firstName=&apos;Gene&apos;, lastName=&apos;Femina&apos;, email=&apos;GFemina@demoqa.com&apos;, currentAddress=&apos;302 Town 481, Brookville\n kansas 42129\n United States&apos;, permanentAddress=&apos;512 Grant 481, Prattsville\n Arkansas 72129\n United States&apos;}](2)" classname="tests.ElementsTests" time="2.538">
    <system-out><![CDATA[Path for Screenshot is: C:\ASN\eclipse_workspace\demoqa-automation/screenshots/TextBox Passed+2025-09-07_14-16-00.png
2025-09-07 14:16:01 [main] INFO  demoqaBase - Closing the Browser...
2025-09-07 14:16:01 [main] INFO  demoqaBase - Starting Web Browser...
2025-09-07 14:16:04 [main] INFO  demoqaBase - Navigating to demoqa.com Website
2025-09-07 14:16:34 [main] WARN  RetryUrlAccess - Attempt 1 failed due to retryable error: timeout: timed out receiving message from renderer: 29.009
  (session info: chrome=137.0.7151.120)
build info: version: '4.35.0', revision: '1c58e5028b'
system info: os.name: 'windows 11', os.arch: 'amd64', os.version: '10.0', java.version: '21.0.7'
driver info: org.openqa.selenium.chrome.chromedriver
command: [f53d73fe59b9c6959056304f205e1d19, get {url=https://demoqa.com}]
capabilities {acceptinsecurecerts: false, browsername: chrome, browserversion: 137.0.7151.120, chrome: {chromedriverversion: 137.0.7151.119 (e0ac9d12dff..., userdatadir: c:\users\dell\appdata\local...}, fedcm:accounts: true, goog:chromeoptions: {debuggeraddress: localhost:58797}, networkconnectionenabled: false, pageloadstrategy: normal, platformname: windows, proxy: proxy(), se:cdp: ws://localhost:58797/devtoo..., se:cdpversion: 137.0.7151.120, setwindowrect: true, strictfileinteractability: false, timeouts: {implicit: 0, pageload: 300000, script: 30000}, unhandledpromptbehavior: dismiss and notify, webauthn:extension:credblob: true, webauthn:extension:largeblob: true, webauthn:extension:minpinlength: true, webauthn:extension:prf: true, webauthn:virtualauthenticators: true}
session id: f53d73fe59b9c6959056304f205e1d19. Retrying after 3000ms...
2025-09-07 14:16:38 [main] INFO  RetryUrlAccess - Successfully navigated to: https://demoqa.com
2025-09-07 14:16:38 [main] INFO  demoqaBase - 🧪 Starting Test Elements | Text Box Test...
Instance Variables Declared are: nullnull
2025-09-07 14:16:38 [main] INFO  demoqaBase - Accessing Elements Card...
2025-09-07 14:16:38 [main] INFO  demoqaLog - Clicking on Elements Card...
2025-09-07 14:16:38 [main] WARN  demoqaLog - ⚠️ JS click failed, falling back to native click. Reason: {}
2025-09-07 14:16:38 [main] INFO  demoqaLog - ✅ Native click succeeded on element: {}
2025-09-07 14:16:38 [main] INFO  demoqaLog - Clicked on Elements Card...
Title of this Page is: DEMOQA
You are Accessing: Elements
 
Elements: Please select an item from left to start practice.
2025-09-07 14:16:38 [main] INFO  demoqaBase - Elements: Please select an item from left to start practice.
2025-09-07 14:16:38 [main] INFO  demoqaBase - Accessing Text Box...
Text Box
2025-09-07 14:16:39 [main] INFO  demoqaBase - You are accessing: Text Box
2025-09-07 14:16:39 [main] INFO  demoqaBase - 📝 Filling TextBox form for user: Gene Femina
2025-09-07 14:16:40 [main] INFO  demoqaBase - ✅ Form filled successfully for: Gene Femina
2025-09-07 14:16:40 [main] INFO  demoqaLog - ✅ JS click executed on element: {}
2025-09-07 14:16:40 [main] INFO  demoqaBase - 🔍 Validating submitted form for: Gene Femina
2025-09-07 14:16:40 [main] INFO  demoqaBase - ✅ Validation passed for user: Gene Femina
2025-09-07 14:16:40 [main] INFO  demoqaBase - ✅ Text Box Element Test Completed...
]]></system-out>
  </testcase>
  <testcase name="TextBox[TextBoxUser{firstName=&apos;Bud&apos;, lastName=&apos;Wisem&apos;, email=&apos;BWisem@demoqa.com&apos;, currentAddress=&apos;303 Town 481, Brookville\n kansas 42129\n United States&apos;, permanentAddress=&apos;513 Grant 481, Prattsville\n Arkansas 72129\n United States&apos;}](3)" classname="tests.ElementsTests" time="1.965">
    <system-out><![CDATA[Path for Screenshot is: C:\ASN\eclipse_workspace\demoqa-automation/screenshots/TextBox Passed+2025-09-07_14-16-40.png
2025-09-07 14:16:40 [main] INFO  demoqaBase - Closing the Browser...
2025-09-07 14:16:41 [main] INFO  demoqaBase - Starting Web Browser...
2025-09-07 14:16:42 [main] INFO  demoqaBase - Navigating to demoqa.com Website
2025-09-07 14:17:12 [main] WARN  RetryUrlAccess - Attempt 1 failed due to retryable error: timeout: timed out receiving message from renderer: 29.033
  (session info: chrome=137.0.7151.120)
build info: version: '4.35.0', revision: '1c58e5028b'
system info: os.name: 'windows 11', os.arch: 'amd64', os.version: '10.0', java.version: '21.0.7'
driver info: org.openqa.selenium.chrome.chromedriver
command: [a5023f895dfa387ae8d5c9c248f13755, get {url=https://demoqa.com}]
capabilities {acceptinsecurecerts: false, browsername: chrome, browserversion: 137.0.7151.120, chrome: {chromedriverversion: 137.0.7151.119 (e0ac9d12dff..., userdatadir: c:\users\dell\appdata\local...}, fedcm:accounts: true, goog:chromeoptions: {debuggeraddress: localhost:59099}, networkconnectionenabled: false, pageloadstrategy: normal, platformname: windows, proxy: proxy(), se:cdp: ws://localhost:59099/devtoo..., se:cdpversion: 137.0.7151.120, setwindowrect: true, strictfileinteractability: false, timeouts: {implicit: 0, pageload: 300000, script: 30000}, unhandledpromptbehavior: dismiss and notify, webauthn:extension:credblob: true, webauthn:extension:largeblob: true, webauthn:extension:minpinlength: true, webauthn:extension:prf: true, webauthn:virtualauthenticators: true}
session id: a5023f895dfa387ae8d5c9c248f13755. Retrying after 3000ms...
2025-09-07 14:17:45 [main] WARN  RetryUrlAccess - Attempt 2 failed due to retryable error: timeout: timed out receiving message from renderer: 29.814
  (session info: chrome=137.0.7151.120)
build info: version: '4.35.0', revision: '1c58e5028b'
system info: os.name: 'windows 11', os.arch: 'amd64', os.version: '10.0', java.version: '21.0.7'
driver info: org.openqa.selenium.chrome.chromedriver
command: [a5023f895dfa387ae8d5c9c248f13755, get {url=https://demoqa.com}]
capabilities {acceptinsecurecerts: false, browsername: chrome, browserversion: 137.0.7151.120, chrome: {chromedriverversion: 137.0.7151.119 (e0ac9d12dff..., userdatadir: c:\users\dell\appdata\local...}, fedcm:accounts: true, goog:chromeoptions: {debuggeraddress: localhost:59099}, networkconnectionenabled: false, pageloadstrategy: normal, platformname: windows, proxy: proxy(), se:cdp: ws://localhost:59099/devtoo..., se:cdpversion: 137.0.7151.120, setwindowrect: true, strictfileinteractability: false, timeouts: {implicit: 0, pageload: 300000, script: 30000}, unhandledpromptbehavior: dismiss and notify, webauthn:extension:credblob: true, webauthn:extension:largeblob: true, webauthn:extension:minpinlength: true, webauthn:extension:prf: true, webauthn:virtualauthenticators: true}
session id: a5023f895dfa387ae8d5c9c248f13755. Retrying after 3000ms...
2025-09-07 14:17:49 [main] INFO  RetryUrlAccess - Successfully navigated to: https://demoqa.com
2025-09-07 14:17:49 [main] INFO  demoqaBase - 🧪 Starting Test Elements | Text Box Test...
Instance Variables Declared are: nullnull
2025-09-07 14:17:49 [main] INFO  demoqaBase - Accessing Elements Card...
2025-09-07 14:17:49 [main] INFO  demoqaLog - Clicking on Elements Card...
2025-09-07 14:17:49 [main] WARN  demoqaLog - ⚠️ JS click failed, falling back to native click. Reason: {}
2025-09-07 14:17:49 [main] INFO  demoqaLog - ✅ Native click succeeded on element: {}
2025-09-07 14:17:49 [main] INFO  demoqaLog - Clicked on Elements Card...
Title of this Page is: DEMOQA
You are Accessing: Elements
 
Elements: Please select an item from left to start practice.
2025-09-07 14:17:49 [main] INFO  demoqaBase - Elements: Please select an item from left to start practice.
2025-09-07 14:17:49 [main] INFO  demoqaBase - Accessing Text Box...
Text Box
2025-09-07 14:17:50 [main] INFO  demoqaBase - You are accessing: Text Box
2025-09-07 14:17:50 [main] INFO  demoqaBase - 📝 Filling TextBox form for user: Bud Wisem
2025-09-07 14:17:51 [main] INFO  demoqaBase - ✅ Form filled successfully for: Bud Wisem
2025-09-07 14:17:51 [main] INFO  demoqaLog - ✅ JS click executed on element: {}
2025-09-07 14:17:51 [main] INFO  demoqaBase - 🔍 Validating submitted form for: Bud Wisem
2025-09-07 14:17:51 [main] INFO  demoqaBase - ✅ Validation passed for user: Bud Wisem
2025-09-07 14:17:51 [main] INFO  demoqaBase - ✅ Text Box Element Test Completed...
]]></system-out>
  </testcase>
  <testcase name="TextBox[TextBoxUser{firstName=&apos;Tom&apos;, lastName=&apos;Boss&apos;, email=&apos;TBoss@demoqa.com&apos;, currentAddress=&apos;304 Town 481, Brookville\n kansas 42129\n United States&apos;, permanentAddress=&apos;514 Grant 481, Prattsville\n Arkansas 72129\n United States&apos;}](4)" classname="tests.ElementsTests" time="1.816">
    <system-out><![CDATA[Path for Screenshot is: C:\ASN\eclipse_workspace\demoqa-automation/screenshots/TextBox Passed+2025-09-07_14-17-51.png
2025-09-07 14:17:51 [main] INFO  demoqaBase - Closing the Browser...
2025-09-07 14:17:52 [main] INFO  demoqaBase - Starting Web Browser...
2025-09-07 14:17:53 [main] INFO  demoqaBase - Navigating to demoqa.com Website
2025-09-07 14:18:23 [main] WARN  RetryUrlAccess - Attempt 1 failed due to retryable error: timeout: timed out receiving message from renderer: 29.115
  (session info: chrome=137.0.7151.120)
build info: version: '4.35.0', revision: '1c58e5028b'
system info: os.name: 'windows 11', os.arch: 'amd64', os.version: '10.0', java.version: '21.0.7'
driver info: org.openqa.selenium.chrome.chromedriver
command: [5ace9f6740b798af91e5e18b1ff737d4, get {url=https://demoqa.com}]
capabilities {acceptinsecurecerts: false, browsername: chrome, browserversion: 137.0.7151.120, chrome: {chromedriverversion: 137.0.7151.119 (e0ac9d12dff..., userdatadir: c:\users\dell\appdata\local...}, fedcm:accounts: true, goog:chromeoptions: {debuggeraddress: localhost:59316}, networkconnectionenabled: false, pageloadstrategy: normal, platformname: windows, proxy: proxy(), se:cdp: ws://localhost:59316/devtoo..., se:cdpversion: 137.0.7151.120, setwindowrect: true, strictfileinteractability: false, timeouts: {implicit: 0, pageload: 300000, script: 30000}, unhandledpromptbehavior: dismiss and notify, webauthn:extension:credblob: true, webauthn:extension:largeblob: true, webauthn:extension:minpinlength: true, webauthn:extension:prf: true, webauthn:virtualauthenticators: true}
session id: 5ace9f6740b798af91e5e18b1ff737d4. Retrying after 3000ms...
2025-09-07 14:18:27 [main] INFO  RetryUrlAccess - Successfully navigated to: https://demoqa.com
2025-09-07 14:18:27 [main] INFO  demoqaBase - 🧪 Starting Test Elements | Text Box Test...
Instance Variables Declared are: nullnull
2025-09-07 14:18:27 [main] INFO  demoqaBase - Accessing Elements Card...
2025-09-07 14:18:27 [main] INFO  demoqaLog - Clicking on Elements Card...
2025-09-07 14:18:27 [main] WARN  demoqaLog - ⚠️ JS click failed, falling back to native click. Reason: {}
2025-09-07 14:18:27 [main] INFO  demoqaLog - ✅ Native click succeeded on element: {}
2025-09-07 14:18:27 [main] INFO  demoqaLog - Clicked on Elements Card...
Title of this Page is: DEMOQA
You are Accessing: Elements
 
Elements: Please select an item from left to start practice.
2025-09-07 14:18:27 [main] INFO  demoqaBase - Elements: Please select an item from left to start practice.
2025-09-07 14:18:27 [main] INFO  demoqaBase - Accessing Text Box...
Text Box
2025-09-07 14:18:27 [main] INFO  demoqaBase - You are accessing: Text Box
2025-09-07 14:18:27 [main] INFO  demoqaBase - 📝 Filling TextBox form for user: Tom Boss
2025-09-07 14:18:28 [main] INFO  demoqaBase - ✅ Form filled successfully for: Tom Boss
2025-09-07 14:18:28 [main] INFO  demoqaLog - ✅ JS click executed on element: {}
2025-09-07 14:18:28 [main] INFO  demoqaBase - 🔍 Validating submitted form for: Tom Boss
2025-09-07 14:18:28 [main] INFO  demoqaBase - ✅ Validation passed for user: Tom Boss
2025-09-07 14:18:28 [main] INFO  demoqaBase - ✅ Text Box Element Test Completed...
]]></system-out>
  </testcase>
  <testcase name="CheckBox" classname="tests.ElementsTests" time="0.549">
    <system-out><![CDATA[Path for Screenshot is: C:\ASN\eclipse_workspace\demoqa-automation/screenshots/TextBox Passed+2025-09-07_14-18-28.png
2025-09-07 14:18:29 [main] INFO  demoqaBase - Closing the Browser...
2025-09-07 14:18:29 [main] INFO  demoqaBase - Starting Web Browser...
2025-09-07 14:18:30 [main] INFO  demoqaBase - Navigating to demoqa.com Website
2025-09-07 14:18:56 [main] INFO  RetryUrlAccess - Successfully navigated to: https://demoqa.com
2025-09-07 14:18:56 [main] INFO  demoqaBase - 🧪 Starting Test Elements | Check Box Test...
Instance Variables Declared are: nullnull
2025-09-07 14:18:56 [main] INFO  demoqaBase - Accessing Elements Card...
2025-09-07 14:18:56 [main] INFO  demoqaLog - Clicking on Elements Card...
2025-09-07 14:18:56 [main] WARN  demoqaLog - ⚠️ JS click failed, falling back to native click. Reason: {}
2025-09-07 14:18:56 [main] INFO  demoqaLog - ✅ Native click succeeded on element: {}
2025-09-07 14:18:56 [main] INFO  demoqaLog - Clicked on Elements Card...
Title of this Page is: DEMOQA
You are Accessing: Elements
 
Elements: Please select an item from left to start practice.
2025-09-07 14:18:56 [main] INFO  demoqaBase - Elements: Please select an item from left to start practice.
2025-09-07 14:18:56 [main] INFO  demoqaBase - Accessing Check Box...
Check Box
2025-09-07 14:18:56 [main] INFO  demoqaBase - You are accessing: Check Box
2025-09-07 14:18:56 [main] INFO  demoqaBase - ✅ Test Elements | Check Box Test Test Completed...
]]></system-out>
  </testcase>
  <testcase name="SelectingHomeCheckBox" classname="tests.ElementsTests" time="1.123">
    <system-out><![CDATA[2025-09-07 14:18:56 [main] INFO  demoqaBase - Closing the Browser...
2025-09-07 14:18:57 [main] INFO  demoqaBase - Starting Web Browser...
2025-09-07 14:18:58 [main] INFO  demoqaBase - Navigating to demoqa.com Website
2025-09-07 14:19:28 [main] WARN  RetryUrlAccess - Attempt 1 failed due to retryable error: timeout: timed out receiving message from renderer: 29.088
  (session info: chrome=137.0.7151.120)
build info: version: '4.35.0', revision: '1c58e5028b'
system info: os.name: 'windows 11', os.arch: 'amd64', os.version: '10.0', java.version: '21.0.7'
driver info: org.openqa.selenium.chrome.chromedriver
command: [79f9fdc8a207a22a966c17c0646451d7, get {url=https://demoqa.com}]
capabilities {acceptinsecurecerts: false, browsername: chrome, browserversion: 137.0.7151.120, chrome: {chromedriverversion: 137.0.7151.119 (e0ac9d12dff..., userdatadir: c:\users\dell\appdata\local...}, fedcm:accounts: true, goog:chromeoptions: {debuggeraddress: localhost:59662}, networkconnectionenabled: false, pageloadstrategy: normal, platformname: windows, proxy: proxy(), se:cdp: ws://localhost:59662/devtoo..., se:cdpversion: 137.0.7151.120, setwindowrect: true, strictfileinteractability: false, timeouts: {implicit: 0, pageload: 300000, script: 30000}, unhandledpromptbehavior: dismiss and notify, webauthn:extension:credblob: true, webauthn:extension:largeblob: true, webauthn:extension:minpinlength: true, webauthn:extension:prf: true, webauthn:virtualauthenticators: true}
session id: 79f9fdc8a207a22a966c17c0646451d7. Retrying after 3000ms...
2025-09-07 14:20:01 [main] WARN  RetryUrlAccess - Attempt 2 failed due to retryable error: timeout: timed out receiving message from renderer: 29.759
  (session info: chrome=137.0.7151.120)
build info: version: '4.35.0', revision: '1c58e5028b'
system info: os.name: 'windows 11', os.arch: 'amd64', os.version: '10.0', java.version: '21.0.7'
driver info: org.openqa.selenium.chrome.chromedriver
command: [79f9fdc8a207a22a966c17c0646451d7, get {url=https://demoqa.com}]
capabilities {acceptinsecurecerts: false, browsername: chrome, browserversion: 137.0.7151.120, chrome: {chromedriverversion: 137.0.7151.119 (e0ac9d12dff..., userdatadir: c:\users\dell\appdata\local...}, fedcm:accounts: true, goog:chromeoptions: {debuggeraddress: localhost:59662}, networkconnectionenabled: false, pageloadstrategy: normal, platformname: windows, proxy: proxy(), se:cdp: ws://localhost:59662/devtoo..., se:cdpversion: 137.0.7151.120, setwindowrect: true, strictfileinteractability: false, timeouts: {implicit: 0, pageload: 300000, script: 30000}, unhandledpromptbehavior: dismiss and notify, webauthn:extension:credblob: true, webauthn:extension:largeblob: true, webauthn:extension:minpinlength: true, webauthn:extension:prf: true, webauthn:virtualauthenticators: true}
session id: 79f9fdc8a207a22a966c17c0646451d7. Retrying after 3000ms...
2025-09-07 14:20:04 [main] INFO  RetryUrlAccess - Successfully navigated to: https://demoqa.com
2025-09-07 14:20:04 [main] INFO  demoqaBase - 🧪 Starting Test Elements | Selecting Home Check Box Test...
Instance Variables Declared are: nullnull
2025-09-07 14:20:04 [main] INFO  demoqaBase - Accessing Elements Card...
2025-09-07 14:20:04 [main] INFO  demoqaLog - Clicking on Elements Card...
2025-09-07 14:20:04 [main] WARN  demoqaLog - ⚠️ JS click failed, falling back to native click. Reason: {}
2025-09-07 14:20:05 [main] INFO  demoqaLog - ✅ Native click succeeded on element: {}
2025-09-07 14:20:05 [main] INFO  demoqaLog - Clicked on Elements Card...
Title of this Page is: DEMOQA
You are Accessing: Elements
 
Elements: Please select an item from left to start practice.
2025-09-07 14:20:05 [main] INFO  demoqaBase - Elements: Please select an item from left to start practice.
2025-09-07 14:20:05 [main] INFO  demoqaBase - Accessing Check Box...
Check Box
2025-09-07 14:20:05 [main] INFO  demoqaBase - You are accessing: Check Box
2025-09-07 14:20:05 [main] INFO  demoqaBase - Selecting Home Check Box...
Information Submitted is: You have selected :
home
desktop
notes
commands
documents
workspace
react
angular
veu
office
public
private
classified
general
downloads
wordFile
excelFile
2025-09-07 14:20:06 [main] INFO  demoqaBase - You have Selected: You have selected :
home
desktop
notes
commands
documents
workspace
react
angular
veu
office
public
private
classified
general
downloads
wordFile
excelFile
2025-09-07 14:20:06 [main] INFO  demoqaBase - ✅ Elements | Selecting Home Test Completed...
]]></system-out>
  </testcase>
  <testcase name="SelectingDesktopCheckBox" classname="tests.ElementsTests" time="0.743">
    <system-out><![CDATA[2025-09-07 14:20:06 [main] INFO  demoqaBase - Closing the Browser...
2025-09-07 14:20:06 [main] INFO  demoqaBase - Starting Web Browser...
2025-09-07 14:20:07 [main] INFO  demoqaBase - Navigating to demoqa.com Website
2025-09-07 14:20:37 [main] WARN  RetryUrlAccess - Attempt 1 failed due to retryable error: timeout: timed out receiving message from renderer: 29.094
  (session info: chrome=137.0.7151.120)
build info: version: '4.35.0', revision: '1c58e5028b'
system info: os.name: 'windows 11', os.arch: 'amd64', os.version: '10.0', java.version: '21.0.7'
driver info: org.openqa.selenium.chrome.chromedriver
command: [b737a12e8f378923a8c75f7b67c1239d, get {url=https://demoqa.com}]
capabilities {acceptinsecurecerts: false, browsername: chrome, browserversion: 137.0.7151.120, chrome: {chromedriverversion: 137.0.7151.119 (e0ac9d12dff..., userdatadir: c:\users\dell\appdata\local...}, fedcm:accounts: true, goog:chromeoptions: {debuggeraddress: localhost:59946}, networkconnectionenabled: false, pageloadstrategy: normal, platformname: windows, proxy: proxy(), se:cdp: ws://localhost:59946/devtoo..., se:cdpversion: 137.0.7151.120, setwindowrect: true, strictfileinteractability: false, timeouts: {implicit: 0, pageload: 300000, script: 30000}, unhandledpromptbehavior: dismiss and notify, webauthn:extension:credblob: true, webauthn:extension:largeblob: true, webauthn:extension:minpinlength: true, webauthn:extension:prf: true, webauthn:virtualauthenticators: true}
session id: b737a12e8f378923a8c75f7b67c1239d. Retrying after 3000ms...
2025-09-07 14:20:53 [main] INFO  RetryUrlAccess - Successfully navigated to: https://demoqa.com
2025-09-07 14:20:53 [main] INFO  demoqaBase - 🧪 Starting Test Elements | Selecting Desktop Check Box Test...
Instance Variables Declared are: nullnull
2025-09-07 14:20:53 [main] INFO  demoqaBase - Accessing Elements Card...
2025-09-07 14:20:53 [main] INFO  demoqaLog - Clicking on Elements Card...
2025-09-07 14:20:54 [main] WARN  demoqaLog - ⚠️ JS click failed, falling back to native click. Reason: {}
2025-09-07 14:20:54 [main] INFO  demoqaLog - ✅ Native click succeeded on element: {}
2025-09-07 14:20:54 [main] INFO  demoqaLog - Clicked on Elements Card...
Title of this Page is: DEMOQA
You are Accessing: Elements
 
Elements: Please select an item from left to start practice.
2025-09-07 14:20:54 [main] INFO  demoqaBase - Elements: Please select an item from left to start practice.
2025-09-07 14:20:54 [main] INFO  demoqaBase - Accessing Check Box...
Check Box
2025-09-07 14:20:54 [main] INFO  demoqaBase - You are accessing: Check Box
2025-09-07 14:20:54 [main] INFO  demoqaBase - Clicking on Home Toggle Button...
2025-09-07 14:20:54 [main] INFO  demoqaBase - Selecting Deskstop Check Box...
Information Submitted is: You have selected :
desktop
notes
commands
2025-09-07 14:20:54 [main] INFO  demoqaBase - You have Selected: You have selected :
desktop
notes
commands
2025-09-07 14:20:54 [main] INFO  demoqaBase - ✅ Elements | Home | Desktop Test Completed...
]]></system-out>
  </testcase>
  <testcase name="SelectingNotesCommandsClick" classname="tests.ElementsTests" time="1.241">
    <system-out><![CDATA[2025-09-07 14:20:54 [main] INFO  demoqaBase - Closing the Browser...
2025-09-07 14:20:55 [main] INFO  demoqaBase - Starting Web Browser...
2025-09-07 14:20:56 [main] INFO  demoqaBase - Navigating to demoqa.com Website
2025-09-07 14:21:25 [main] INFO  RetryUrlAccess - Successfully navigated to: https://demoqa.com
2025-09-07 14:21:25 [main] INFO  demoqaBase - 🧪 Starting Test Elements | Selecting Desktop| Notes & Commands Check Box Test...
Instance Variables Declared are: nullnull
2025-09-07 14:21:25 [main] INFO  demoqaBase - Accessing Elements Card...
2025-09-07 14:21:25 [main] INFO  demoqaLog - Clicking on Elements Card...
2025-09-07 14:21:25 [main] WARN  demoqaLog - ⚠️ JS click failed, falling back to native click. Reason: {}
2025-09-07 14:21:25 [main] INFO  demoqaLog - ✅ Native click succeeded on element: {}
2025-09-07 14:21:25 [main] INFO  demoqaLog - Clicked on Elements Card...
Title of this Page is: DEMOQA
You are Accessing: Elements
 
Elements: Please select an item from left to start practice.
2025-09-07 14:21:25 [main] INFO  demoqaBase - Elements: Please select an item from left to start practice.
2025-09-07 14:21:25 [main] INFO  demoqaBase - Accessing Check Box...
Check Box
2025-09-07 14:21:26 [main] INFO  demoqaBase - You are accessing: Check Box
2025-09-07 14:21:26 [main] INFO  demoqaBase - Clicking on Home Toggle Button...
2025-09-07 14:21:26 [main] INFO  demoqaLog - ✅ JS click executed on element: {}
2025-09-07 14:21:26 [main] INFO  demoqaBase - Clicking on Desktop Toggle Button...
2025-09-07 14:21:26 [main] INFO  demoqaBase - Clicking on Notes Button...
2025-09-07 14:21:26 [main] INFO  demoqaBase - Clicking on Commands Button...
2025-09-07 14:21:26 [main] INFO  demoqaBase - Selected Notes & Commands...
Information Submitted is: You have selected :
desktop
notes
commands
2025-09-07 14:21:26 [main] INFO  demoqaBase - You have Selected: You have selected :
desktop
notes
commands
2025-09-07 14:21:26 [main] INFO  demoqaBase - ✅ Elements | Home | Desktop | Notes & Commands Completed...
]]></system-out>
  </testcase>
  <testcase name="SelectingDocumentsCheckBox" classname="tests.ElementsTests" time="1.301">
    <system-out><![CDATA[2025-09-07 14:21:26 [main] INFO  demoqaBase - Closing the Browser...
2025-09-07 14:21:27 [main] INFO  demoqaBase - Starting Web Browser...
2025-09-07 14:21:28 [main] INFO  demoqaBase - Navigating to demoqa.com Website
2025-09-07 14:21:58 [main] WARN  RetryUrlAccess - Attempt 1 failed due to retryable error: timeout: timed out receiving message from renderer: 29.108
  (session info: chrome=137.0.7151.120)
build info: version: '4.35.0', revision: '1c58e5028b'
system info: os.name: 'windows 11', os.arch: 'amd64', os.version: '10.0', java.version: '21.0.7'
driver info: org.openqa.selenium.chrome.chromedriver
command: [540a59574b0e8f541c6ac41adf59adbd, get {url=https://demoqa.com}]
capabilities {acceptinsecurecerts: false, browsername: chrome, browserversion: 137.0.7151.120, chrome: {chromedriverversion: 137.0.7151.119 (e0ac9d12dff..., userdatadir: c:\users\dell\appdata\local...}, fedcm:accounts: true, goog:chromeoptions: {debuggeraddress: localhost:60521}, networkconnectionenabled: false, pageloadstrategy: normal, platformname: windows, proxy: proxy(), se:cdp: ws://localhost:60521/devtoo..., se:cdpversion: 137.0.7151.120, setwindowrect: true, strictfileinteractability: false, timeouts: {implicit: 0, pageload: 300000, script: 30000}, unhandledpromptbehavior: dismiss and notify, webauthn:extension:credblob: true, webauthn:extension:largeblob: true, webauthn:extension:minpinlength: true, webauthn:extension:prf: true, webauthn:virtualauthenticators: true}
session id: 540a59574b0e8f541c6ac41adf59adbd. Retrying after 3000ms...
2025-09-07 14:22:02 [main] INFO  RetryUrlAccess - Successfully navigated to: https://demoqa.com
2025-09-07 14:22:02 [main] INFO  demoqaBase - 🧪 Starting Test Elements | Selecting Documents Check Box Test...
Instance Variables Declared are: nullnull
2025-09-07 14:22:02 [main] INFO  demoqaBase - Accessing Elements Card...
2025-09-07 14:22:02 [main] INFO  demoqaLog - Clicking on Elements Card...
2025-09-07 14:22:02 [main] WARN  demoqaLog - ⚠️ JS click failed, falling back to native click. Reason: {}
2025-09-07 14:22:02 [main] INFO  demoqaLog - ✅ Native click succeeded on element: {}
2025-09-07 14:22:02 [main] INFO  demoqaLog - Clicked on Elements Card...
Title of this Page is: DEMOQA
You are Accessing: Elements
 
Elements: Please select an item from left to start practice.
2025-09-07 14:22:02 [main] INFO  demoqaBase - Elements: Please select an item from left to start practice.
2025-09-07 14:22:02 [main] INFO  demoqaBase - Accessing Check Box...
Check Box
2025-09-07 14:22:03 [main] INFO  demoqaBase - You are accessing: Check Box
2025-09-07 14:22:03 [main] INFO  demoqaBase - Clicking on Home Toggle Button...
2025-09-07 14:22:03 [main] INFO  demoqaBase - Selecting Documents Check Box...
2025-09-07 14:22:03 [main] INFO  demoqaBase - Selected Documents Check Box...
Information Submitted is: You have selected :
documents
workspace
react
angular
veu
office
public
private
classified
general
2025-09-07 14:22:03 [main] INFO  demoqaBase - You have Selected: You have selected :
documents
workspace
react
angular
veu
office
public
private
classified
general
2025-09-07 14:22:03 [main] INFO  demoqaBase - ✅ Test Elements | Selecting Documents Check Box Test Completed...
]]></system-out>
  </testcase>
  <testcase name="SelectingWorkSpace" classname="tests.ElementsTests" time="1.674">
    <failure message="element click intercepted: Element &lt;button aria-label=&quot;Toggle&quot; title=&quot;Toggle&quot; type=&quot;button&quot; class=&quot;rct-collapse rct-collapse-btn&quot;&gt;...&lt;/button&gt; is not clickable at point (419, 268). Other element would receive the click: &lt;iframe frameborder=&quot;0&quot; src=&quot;https://4b07796a74fdb0a2bd7cae4c8a851bd7.safeframe.googlesyndication.com/safeframe/1-0-45/html/container.html&quot; id=&quot;google_ads_iframe_/21849154601,22343295815/Ad.Plus-970x250-1_0&quot; title=&quot;3rd party ad content&quot; name=&quot;&quot; scrolling=&quot;no&quot; marginwidth=&quot;0&quot; marginheight=&quot;0&quot; width=&quot;970&quot; height=&quot;250&quot; data-is-safeframe=&quot;true&quot; sandbox=&quot;allow-forms allow-popups allow-popups-to-escape-sandbox allow-same-origin allow-scripts allow-top-navigation-by-user-activation&quot; allow=&quot;private-state-token-redemption;attribution-reporting&quot; aria-label=&quot;Advertisement&quot; tabindex=&quot;0&quot; data-google-container-id=&quot;2&quot; style=&quot;border: 0px; vertical-align: bottom;&quot; data-load-complete=&quot;true&quot;&gt;&lt;/iframe&gt;&#10;  (Session info: chrome=137.0.7151.120)&#10;Build info: version: &apos;4.35.0&apos;, revision: &apos;1c58e5028b&apos;&#10;System info: os.name: &apos;Windows 11&apos;, os.arch: &apos;amd64&apos;, os.version: &apos;10.0&apos;, java.version: &apos;21.0.7&apos;&#10;Driver info: org.openqa.selenium.chrome.ChromeDriver&#10;Command: [f4b65e0bf7d09fc2131af664457fbd69, clickElement {id=f.87D70559221ED35D3A53E292CE9E5AE9.d.1BB1CA0F385BE9A6503CD154BA46B17B.e.67}]&#10;Capabilities {acceptInsecureCerts: false, browserName: chrome, browserVersion: 137.0.7151.120, chrome: {chromedriverVersion: 137.0.7151.119 (e0ac9d12dff..., userDataDir: C:\Users\dell\AppData\Local...}, fedcm:accounts: true, goog:chromeOptions: {debuggerAddress: localhost:60767}, networkConnectionEnabled: false, pageLoadStrategy: normal, platformName: windows, proxy: Proxy(), se:cdp: ws://localhost:60767/devtoo..., se:cdpVersion: 137.0.7151.120, setWindowRect: true, strictFileInteractability: false, timeouts: {implicit: 0, pageLoad: 300000, script: 30000}, unhandledPromptBehavior: dismiss and notify, webauthn:extension:credBlob: true, webauthn:extension:largeBlob: true, webauthn:extension:minPinLength: true, webauthn:extension:prf: true, webauthn:virtualAuthenticators: true}&#10;Element: [[ChromeDriver: chrome on windows (f4b65e0bf7d09fc2131af664457fbd69)] -&gt; xpath: //*[@id=&quot;tree-node&quot;]/ol/li/span/button]&#10;Session ID: f4b65e0bf7d09fc2131af664457fbd69" type="org.openqa.selenium.ElementClickInterceptedException"><![CDATA[org.openqa.selenium.ElementClickInterceptedException: 
element click intercepted: Element <button aria-label="Toggle" title="Toggle" type="button" class="rct-collapse rct-collapse-btn">...</button> is not clickable at point (419, 268). Other element would receive the click: <iframe frameborder="0" src="https://4b07796a74fdb0a2bd7cae4c8a851bd7.safeframe.googlesyndication.com/safeframe/1-0-45/html/container.html" id="google_ads_iframe_/21849154601,22343295815/Ad.Plus-970x250-1_0" title="3rd party ad content" name="" scrolling="no" marginwidth="0" marginheight="0" width="970" height="250" data-is-safeframe="true" sandbox="allow-forms allow-popups allow-popups-to-escape-sandbox allow-same-origin allow-scripts allow-top-navigation-by-user-activation" allow="private-state-token-redemption;attribution-reporting" aria-label="Advertisement" tabindex="0" data-google-container-id="2" style="border: 0px; vertical-align: bottom;" data-load-complete="true"></iframe>
  (Session info: chrome=137.0.7151.120)
Build info: version: '4.35.0', revision: '1c58e5028b'
System info: os.name: 'Windows 11', os.arch: 'amd64', os.version: '10.0', java.version: '21.0.7'
Driver info: org.openqa.selenium.chrome.ChromeDriver
Command: [f4b65e0bf7d09fc2131af664457fbd69, clickElement {id=f.87D70559221ED35D3A53E292CE9E5AE9.d.1BB1CA0F385BE9A6503CD154BA46B17B.e.67}]
Capabilities {acceptInsecureCerts: false, browserName: chrome, browserVersion: 137.0.7151.120, chrome: {chromedriverVersion: 137.0.7151.119 (e0ac9d12dff..., userDataDir: C:\Users\dell\AppData\Local...}, fedcm:accounts: true, goog:chromeOptions: {debuggerAddress: localhost:60767}, networkConnectionEnabled: false, pageLoadStrategy: normal, platformName: windows, proxy: Proxy(), se:cdp: ws://localhost:60767/devtoo..., se:cdpVersion: 137.0.7151.120, setWindowRect: true, strictFileInteractability: false, timeouts: {implicit: 0, pageLoad: 300000, script: 30000}, unhandledPromptBehavior: dismiss and notify, webauthn:extension:credBlob: true, webauthn:extension:largeBlob: true, webauthn:extension:minPinLength: true, webauthn:extension:prf: true, webauthn:virtualAuthenticators: true}
Element: [[ChromeDriver: chrome on windows (f4b65e0bf7d09fc2131af664457fbd69)] -> xpath: //*[@id="tree-node"]/ol/li/span/button]
Session ID: f4b65e0bf7d09fc2131af664457fbd69
	at java.base/jdk.internal.reflect.DirectConstructorHandleAccessor.newInstance(DirectConstructorHandleAccessor.java:62)
	at java.base/java.lang.reflect.Constructor.newInstanceWithCaller(Constructor.java:502)
	at java.base/java.lang.reflect.Constructor.newInstance(Constructor.java:486)
	at org.openqa.selenium.remote.ErrorCodec.decode(ErrorCodec.java:167)
	at org.openqa.selenium.remote.codec.w3c.W3CHttpResponseCodec.decode(W3CHttpResponseCodec.java:138)
	at org.openqa.selenium.remote.codec.w3c.W3CHttpResponseCodec.decode(W3CHttpResponseCodec.java:50)
	at org.openqa.selenium.remote.HttpCommandExecutor.execute(HttpCommandExecutor.java:215)
	at org.openqa.selenium.remote.service.DriverCommandExecutor.invokeExecute(DriverCommandExecutor.java:216)
	at org.openqa.selenium.remote.service.DriverCommandExecutor.execute(DriverCommandExecutor.java:174)
	at org.openqa.selenium.remote.RemoteWebDriver.execute(RemoteWebDriver.java:557)
	at org.openqa.selenium.remote.RemoteWebElement.execute(RemoteWebElement.java:223)
	at org.openqa.selenium.remote.RemoteWebElement.click(RemoteWebElement.java:76)
	at java.base/jdk.internal.reflect.DirectMethodHandleAccessor.invoke(DirectMethodHandleAccessor.java:103)
	at java.base/java.lang.reflect.Method.invoke(Method.java:580)
	at org.openqa.selenium.support.pagefactory.internal.LocatingElementHandler.invoke(LocatingElementHandler.java:51)
	at jdk.proxy2/jdk.proxy2.$Proxy29.click(Unknown Source)
	at pages.elementsPage.ToggleHome(elementsPage.java:423)
	at tests.ElementsTests.SelectingWorkSpace(ElementsTests.java:181)
	at java.base/jdk.internal.reflect.DirectMethodHandleAccessor.invoke(DirectMethodHandleAccessor.java:103)
	at java.base/java.lang.reflect.Method.invoke(Method.java:580)
	at org.testng.internal.invokers.MethodInvocationHelper.invokeMethod(MethodInvocationHelper.java:141)
	at org.testng.internal.invokers.TestInvoker.invokeMethod(TestInvoker.java:687)
	at org.testng.internal.invokers.TestInvoker.invokeTestMethod(TestInvoker.java:230)
	at org.testng.internal.invokers.MethodRunner.runInSequence(MethodRunner.java:63)
	at org.testng.internal.invokers.TestInvoker$MethodInvocationAgent.invoke(TestInvoker.java:995)
	at org.testng.internal.invokers.TestInvoker.invokeTestMethods(TestInvoker.java:203)
	at org.testng.internal.invokers.TestMethodWorker.invokeTestMethods(TestMethodWorker.java:154)
	at org.testng.internal.invokers.TestMethodWorker.run(TestMethodWorker.java:134)
	at java.base/java.util.ArrayList.forEach(ArrayList.java:1596)
	at org.testng.TestRunner.privateRun(TestRunner.java:741)
	at org.testng.TestRunner.run(TestRunner.java:616)
	at org.testng.SuiteRunner.runTest(SuiteRunner.java:421)
	at org.testng.SuiteRunner.runSequentially(SuiteRunner.java:413)
	at org.testng.SuiteRunner.privateRun(SuiteRunner.java:373)
	at org.testng.SuiteRunner.run(SuiteRunner.java:312)
	at org.testng.SuiteRunnerWorker.runSuite(SuiteRunnerWorker.java:52)
	at org.testng.SuiteRunnerWorker.run(SuiteRunnerWorker.java:95)
	at org.testng.TestNG.runSuitesSequentially(TestNG.java:1274)
	at org.testng.TestNG.runSuitesLocally(TestNG.java:1208)
	at org.testng.TestNG.runSuites(TestNG.java:1112)
	at org.testng.TestNG.run(TestNG.java:1079)
	at org.apache.maven.surefire.testng.TestNGExecutor.run(TestNGExecutor.java:155)
	at org.apache.maven.surefire.testng.TestNGDirectoryTestSuite.executeMulti(TestNGDirectoryTestSuite.java:169)
	at org.apache.maven.surefire.testng.TestNGDirectoryTestSuite.execute(TestNGDirectoryTestSuite.java:88)
	at org.apache.maven.surefire.testng.TestNGProvider.invoke(TestNGProvider.java:137)
	at org.apache.maven.surefire.booter.ForkedBooter.runSuitesInProcess(ForkedBooter.java:385)
	at org.apache.maven.surefire.booter.ForkedBooter.execute(ForkedBooter.java:162)
	at org.apache.maven.surefire.booter.ForkedBooter.run(ForkedBooter.java:507)
	at org.apache.maven.surefire.booter.ForkedBooter.main(ForkedBooter.java:495)
]]></failure>
    <system-out><![CDATA[2025-09-07 14:22:03 [main] INFO  demoqaBase - Closing the Browser...
2025-09-07 14:22:05 [main] INFO  demoqaBase - Starting Web Browser...
2025-09-07 14:22:06 [main] INFO  demoqaBase - Navigating to demoqa.com Website
2025-09-07 14:22:36 [main] WARN  RetryUrlAccess - Attempt 1 failed due to retryable error: timeout: timed out receiving message from renderer: 29.058
  (session info: chrome=137.0.7151.120)
build info: version: '4.35.0', revision: '1c58e5028b'
system info: os.name: 'windows 11', os.arch: 'amd64', os.version: '10.0', java.version: '21.0.7'
driver info: org.openqa.selenium.chrome.chromedriver
command: [f4b65e0bf7d09fc2131af664457fbd69, get {url=https://demoqa.com}]
capabilities {acceptinsecurecerts: false, browsername: chrome, browserversion: 137.0.7151.120, chrome: {chromedriverversion: 137.0.7151.119 (e0ac9d12dff..., userdatadir: c:\users\dell\appdata\local...}, fedcm:accounts: true, goog:chromeoptions: {debuggeraddress: localhost:60767}, networkconnectionenabled: false, pageloadstrategy: normal, platformname: windows, proxy: proxy(), se:cdp: ws://localhost:60767/devtoo..., se:cdpversion: 137.0.7151.120, setwindowrect: true, strictfileinteractability: false, timeouts: {implicit: 0, pageload: 300000, script: 30000}, unhandledpromptbehavior: dismiss and notify, webauthn:extension:credblob: true, webauthn:extension:largeblob: true, webauthn:extension:minpinlength: true, webauthn:extension:prf: true, webauthn:virtualauthenticators: true}
session id: f4b65e0bf7d09fc2131af664457fbd69. Retrying after 3000ms...
2025-09-07 14:23:09 [main] WARN  RetryUrlAccess - Attempt 2 failed due to retryable error: timeout: timed out receiving message from renderer: 29.829
  (session info: chrome=137.0.7151.120)
build info: version: '4.35.0', revision: '1c58e5028b'
system info: os.name: 'windows 11', os.arch: 'amd64', os.version: '10.0', java.version: '21.0.7'
driver info: org.openqa.selenium.chrome.chromedriver
command: [f4b65e0bf7d09fc2131af664457fbd69, get {url=https://demoqa.com}]
capabilities {acceptinsecurecerts: false, browsername: chrome, browserversion: 137.0.7151.120, chrome: {chromedriverversion: 137.0.7151.119 (e0ac9d12dff..., userdatadir: c:\users\dell\appdata\local...}, fedcm:accounts: true, goog:chromeoptions: {debuggeraddress: localhost:60767}, networkconnectionenabled: false, pageloadstrategy: normal, platformname: windows, proxy: proxy(), se:cdp: ws://localhost:60767/devtoo..., se:cdpversion: 137.0.7151.120, setwindowrect: true, strictfileinteractability: false, timeouts: {implicit: 0, pageload: 300000, script: 30000}, unhandledpromptbehavior: dismiss and notify, webauthn:extension:credblob: true, webauthn:extension:largeblob: true, webauthn:extension:minpinlength: true, webauthn:extension:prf: true, webauthn:virtualauthenticators: true}
session id: f4b65e0bf7d09fc2131af664457fbd69. Retrying after 3000ms...
2025-09-07 14:23:13 [main] INFO  RetryUrlAccess - Successfully navigated to: https://demoqa.com
2025-09-07 14:23:13 [main] INFO  demoqaBase - 🧪 Starting Test Elements | Home | Selecting Documents | WorkSpace Check Box Test...
Instance Variables Declared are: nullnull
2025-09-07 14:23:13 [main] INFO  demoqaBase - Accessing Elements Card...
2025-09-07 14:23:13 [main] INFO  demoqaLog - Clicking on Elements Card...
2025-09-07 14:23:13 [main] WARN  demoqaLog - ⚠️ JS click failed, falling back to native click. Reason: {}
2025-09-07 14:23:13 [main] INFO  demoqaLog - ✅ Native click succeeded on element: {}
2025-09-07 14:23:13 [main] INFO  demoqaLog - Clicked on Elements Card...
Title of this Page is: DEMOQA
You are Accessing: Elements
 
Elements: Please select an item from left to start practice.
2025-09-07 14:23:13 [main] INFO  demoqaBase - Elements: Please select an item from left to start practice.
2025-09-07 14:23:13 [main] INFO  demoqaBase - Accessing Check Box...
Check Box
2025-09-07 14:23:13 [main] INFO  demoqaBase - You are accessing: Check Box
2025-09-07 14:23:13 [main] INFO  demoqaBase - Clicking on Home Toggle Button...
]]></system-out>
  </testcase>
  <testcase name="SelectReact" classname="tests.ElementsTests" time="1.63">
    <system-out><![CDATA[Path for Screenshot is: C:\ASN\eclipse_workspace\demoqa-automation/screenshots/com.aventstack.extentreports.ExtentTest@4d86f330Test Failed+2025-09-07_14-23-15.png
2025-09-07 14:23:15 [main] INFO  demoqaBase - Closing the Browser...
2025-09-07 14:23:15 [main] INFO  demoqaBase - Starting Web Browser...
2025-09-07 14:23:17 [main] INFO  demoqaBase - Navigating to demoqa.com Website
2025-09-07 14:23:47 [main] WARN  RetryUrlAccess - Attempt 1 failed due to retryable error: timeout: timed out receiving message from renderer: 29.112
  (session info: chrome=137.0.7151.120)
build info: version: '4.35.0', revision: '1c58e5028b'
system info: os.name: 'windows 11', os.arch: 'amd64', os.version: '10.0', java.version: '21.0.7'
driver info: org.openqa.selenium.chrome.chromedriver
command: [0025156efb7477f106164e31ad4dfcb0, get {url=https://demoqa.com}]
capabilities {acceptinsecurecerts: false, browsername: chrome, browserversion: 137.0.7151.120, chrome: {chromedriverversion: 137.0.7151.119 (e0ac9d12dff..., userdatadir: c:\users\dell\appdata\local...}, fedcm:accounts: true, goog:chromeoptions: {debuggeraddress: localhost:60985}, networkconnectionenabled: false, pageloadstrategy: normal, platformname: windows, proxy: proxy(), se:cdp: ws://localhost:60985/devtoo..., se:cdpversion: 137.0.7151.120, setwindowrect: true, strictfileinteractability: false, timeouts: {implicit: 0, pageload: 300000, script: 30000}, unhandledpromptbehavior: dismiss and notify, webauthn:extension:credblob: true, webauthn:extension:largeblob: true, webauthn:extension:minpinlength: true, webauthn:extension:prf: true, webauthn:virtualauthenticators: true}
session id: 0025156efb7477f106164e31ad4dfcb0. Retrying after 3000ms...
2025-09-07 14:23:50 [main] INFO  RetryUrlAccess - Successfully navigated to: https://demoqa.com
2025-09-07 14:23:50 [main] INFO  demoqaBase - 🧪 Starting Test Elements|Home|Selecting Documents|WorkSpace|React Check Box Test...
Instance Variables Declared are: nullnull
2025-09-07 14:23:50 [main] INFO  demoqaBase - Accessing Elements Card...
2025-09-07 14:23:50 [main] INFO  demoqaLog - Clicking on Elements Card...
2025-09-07 14:23:50 [main] WARN  demoqaLog - ⚠️ JS click failed, falling back to native click. Reason: {}
2025-09-07 14:23:51 [main] INFO  demoqaLog - ✅ Native click succeeded on element: {}
2025-09-07 14:23:51 [main] INFO  demoqaLog - Clicked on Elements Card...
Title of this Page is: DEMOQA
You are Accessing: Elements
 
Elements: Please select an item from left to start practice.
2025-09-07 14:23:51 [main] INFO  demoqaBase - Elements: Please select an item from left to start practice.
2025-09-07 14:23:51 [main] INFO  demoqaBase - Accessing Check Box...
Check Box
2025-09-07 14:23:51 [main] INFO  demoqaBase - You are accessing: Check Box
2025-09-07 14:23:51 [main] INFO  demoqaBase - Clicking on Home Toggle Button...
2025-09-07 14:23:51 [main] INFO  demoqaBase - Clicking on Documents Toggle Button...
2025-09-07 14:23:51 [main] INFO  demoqaBase - Clicking WorkSpace Toggle Button...
2025-09-07 14:23:52 [main] INFO  demoqaLog - ✅ JS click executed on element: {}
2025-09-07 14:23:52 [main] INFO  demoqaBase - Clicked WorkSpace Toggle Button...
2025-09-07 14:23:52 [main] INFO  demoqaBase - Selecting WorkSpace | React Check Box...
2025-09-07 14:23:52 [main] INFO  demoqaLog - ✅ JS click executed on element: {}
2025-09-07 14:23:52 [main] INFO  demoqaBase - Selected WorkSpace | React Check Box...
Information Submitted is: You have selected :
react
2025-09-07 14:23:52 [main] INFO  demoqaBase - You have Selected: You have selected :
react
2025-09-07 14:23:52 [main] INFO  demoqaBase - ✅ Test Elements|Home|Documents| Selecting WorkSpace|React Check Box Completed...
]]></system-out>
  </testcase>
  <testcase name="SelectAngular" classname="tests.ElementsTests" time="1.394">
    <system-out><![CDATA[2025-09-07 14:23:52 [main] INFO  demoqaBase - Closing the Browser...
2025-09-07 14:23:52 [main] INFO  demoqaBase - Starting Web Browser...
2025-09-07 14:23:54 [main] INFO  demoqaBase - Navigating to demoqa.com Website
2025-09-07 14:24:24 [main] WARN  RetryUrlAccess - Attempt 1 failed due to retryable error: timeout: timed out receiving message from renderer: 29.099
  (session info: chrome=137.0.7151.120)
build info: version: '4.35.0', revision: '1c58e5028b'
system info: os.name: 'windows 11', os.arch: 'amd64', os.version: '10.0', java.version: '21.0.7'
driver info: org.openqa.selenium.chrome.chromedriver
command: [15fc8eaa3089b427c407174b35c09760, get {url=https://demoqa.com}]
capabilities {acceptinsecurecerts: false, browsername: chrome, browserversion: 137.0.7151.120, chrome: {chromedriverversion: 137.0.7151.119 (e0ac9d12dff..., userdatadir: c:\users\dell\appdata\local...}, fedcm:accounts: true, goog:chromeoptions: {debuggeraddress: localhost:61176}, networkconnectionenabled: false, pageloadstrategy: normal, platformname: windows, proxy: proxy(), se:cdp: ws://localhost:61176/devtoo..., se:cdpversion: 137.0.7151.120, setwindowrect: true, strictfileinteractability: false, timeouts: {implicit: 0, pageload: 300000, script: 30000}, unhandledpromptbehavior: dismiss and notify, webauthn:extension:credblob: true, webauthn:extension:largeblob: true, webauthn:extension:minpinlength: true, webauthn:extension:prf: true, webauthn:virtualauthenticators: true}
session id: 15fc8eaa3089b427c407174b35c09760. Retrying after 3000ms...
2025-09-07 14:24:57 [main] WARN  RetryUrlAccess - Attempt 2 failed due to retryable error: timeout: timed out receiving message from renderer: 29.814
  (session info: chrome=137.0.7151.120)
build info: version: '4.35.0', revision: '1c58e5028b'
system info: os.name: 'windows 11', os.arch: 'amd64', os.version: '10.0', java.version: '21.0.7'
driver info: org.openqa.selenium.chrome.chromedriver
command: [15fc8eaa3089b427c407174b35c09760, get {url=https://demoqa.com}]
capabilities {acceptinsecurecerts: false, browsername: chrome, browserversion: 137.0.7151.120, chrome: {chromedriverversion: 137.0.7151.119 (e0ac9d12dff..., userdatadir: c:\users\dell\appdata\local...}, fedcm:accounts: true, goog:chromeoptions: {debuggeraddress: localhost:61176}, networkconnectionenabled: false, pageloadstrategy: normal, platformname: windows, proxy: proxy(), se:cdp: ws://localhost:61176/devtoo..., se:cdpversion: 137.0.7151.120, setwindowrect: true, strictfileinteractability: false, timeouts: {implicit: 0, pageload: 300000, script: 30000}, unhandledpromptbehavior: dismiss and notify, webauthn:extension:credblob: true, webauthn:extension:largeblob: true, webauthn:extension:minpinlength: true, webauthn:extension:prf: true, webauthn:virtualauthenticators: true}
session id: 15fc8eaa3089b427c407174b35c09760. Retrying after 3000ms...
2025-09-07 14:25:00 [main] INFO  RetryUrlAccess - Successfully navigated to: https://demoqa.com
2025-09-07 14:25:00 [main] INFO  demoqaBase - 🧪 Starting Test Elements|Home|Selecting Documents|WorkSpace|Angular Check Box Test...
Instance Variables Declared are: nullnull
2025-09-07 14:25:00 [main] INFO  demoqaBase - Accessing Elements Card...
2025-09-07 14:25:00 [main] INFO  demoqaLog - Clicking on Elements Card...
2025-09-07 14:25:00 [main] WARN  demoqaLog - ⚠️ JS click failed, falling back to native click. Reason: {}
2025-09-07 14:25:01 [main] INFO  demoqaLog - ✅ Native click succeeded on element: {}
2025-09-07 14:25:01 [main] INFO  demoqaLog - Clicked on Elements Card...
Title of this Page is: DEMOQA
You are Accessing: Elements
 
Elements: Please select an item from left to start practice.
2025-09-07 14:25:01 [main] INFO  demoqaBase - Elements: Please select an item from left to start practice.
2025-09-07 14:25:01 [main] INFO  demoqaBase - Accessing Check Box...
Check Box
2025-09-07 14:25:01 [main] INFO  demoqaBase - You are accessing: Check Box
2025-09-07 14:25:01 [main] INFO  demoqaBase - Clicking on Home Toggle Button...
2025-09-07 14:25:01 [main] INFO  demoqaBase - Clicking on Documents Toggle Button...
2025-09-07 14:25:01 [main] INFO  demoqaBase - Clicking WorkSpace Toggle Button...
2025-09-07 14:25:01 [main] INFO  demoqaLog - ✅ JS click executed on element: {}
2025-09-07 14:25:01 [main] INFO  demoqaBase - Clicked WorkSpace Toggle Button...
2025-09-07 14:25:01 [main] INFO  demoqaBase - Selecting WorkSpace | Angular Check Box...
2025-09-07 14:25:02 [main] INFO  demoqaLog - ✅ JS click executed on element: {}
2025-09-07 14:25:02 [main] INFO  demoqaBase - Selected WorkSpace | Angular Check Box...
Information Submitted is: You have selected :
angular
2025-09-07 14:25:02 [main] INFO  demoqaBase - You have Selected: You have selected :
angular
2025-09-07 14:25:02 [main] INFO  demoqaBase - ✅ Test Elements|Home|Documents| Selecting WorkSpace|Angular Check Box Completed...
]]></system-out>
  </testcase>
  <testcase name="SelectVeu" classname="tests.ElementsTests" time="1.121">
    <system-out><![CDATA[2025-09-07 14:25:02 [main] INFO  demoqaBase - Closing the Browser...
2025-09-07 14:25:02 [main] INFO  demoqaBase - Starting Web Browser...
2025-09-07 14:25:06 [main] INFO  demoqaBase - Navigating to demoqa.com Website
2025-09-07 14:25:36 [main] WARN  RetryUrlAccess - Attempt 1 failed due to retryable error: timeout: timed out receiving message from renderer: 29.053
  (session info: chrome=137.0.7151.120)
build info: version: '4.35.0', revision: '1c58e5028b'
system info: os.name: 'windows 11', os.arch: 'amd64', os.version: '10.0', java.version: '21.0.7'
driver info: org.openqa.selenium.chrome.chromedriver
command: [3fa665ac872acda3ed1096d891331376, get {url=https://demoqa.com}]
capabilities {acceptinsecurecerts: false, browsername: chrome, browserversion: 137.0.7151.120, chrome: {chromedriverversion: 137.0.7151.119 (e0ac9d12dff..., userdatadir: c:\users\dell\appdata\local...}, fedcm:accounts: true, goog:chromeoptions: {debuggeraddress: localhost:61392}, networkconnectionenabled: false, pageloadstrategy: normal, platformname: windows, proxy: proxy(), se:cdp: ws://localhost:61392/devtoo..., se:cdpversion: 137.0.7151.120, setwindowrect: true, strictfileinteractability: false, timeouts: {implicit: 0, pageload: 300000, script: 30000}, unhandledpromptbehavior: dismiss and notify, webauthn:extension:credblob: true, webauthn:extension:largeblob: true, webauthn:extension:minpinlength: true, webauthn:extension:prf: true, webauthn:virtualauthenticators: true}
session id: 3fa665ac872acda3ed1096d891331376. Retrying after 3000ms...
2025-09-07 14:25:40 [main] INFO  RetryUrlAccess - Successfully navigated to: https://demoqa.com
2025-09-07 14:25:40 [main] INFO  demoqaBase - 🧪 Starting Test Elements|Home|Selecting Documents|WorkSpace|Veu Check Box Test...
Instance Variables Declared are: nullnull
2025-09-07 14:25:40 [main] INFO  demoqaBase - Accessing Elements Card...
2025-09-07 14:25:40 [main] INFO  demoqaLog - Clicking on Elements Card...
2025-09-07 14:25:40 [main] WARN  demoqaLog - ⚠️ JS click failed, falling back to native click. Reason: {}
2025-09-07 14:25:40 [main] INFO  demoqaLog - ✅ Native click succeeded on element: {}
2025-09-07 14:25:40 [main] INFO  demoqaLog - Clicked on Elements Card...
Title of this Page is: DEMOQA
You are Accessing: Elements
 
Elements: Please select an item from left to start practice.
2025-09-07 14:25:40 [main] INFO  demoqaBase - Elements: Please select an item from left to start practice.
2025-09-07 14:25:40 [main] INFO  demoqaBase - Accessing Check Box...
Check Box
2025-09-07 14:25:40 [main] INFO  demoqaBase - You are accessing: Check Box
2025-09-07 14:25:40 [main] INFO  demoqaBase - Clicking on Home Toggle Button...
2025-09-07 14:25:40 [main] INFO  demoqaBase - Clicking on Documents Toggle Button...
2025-09-07 14:25:40 [main] INFO  demoqaBase - Clicking WorkSpace Toggle Button...
2025-09-07 14:25:40 [main] INFO  demoqaLog - ✅ JS click executed on element: {}
2025-09-07 14:25:40 [main] INFO  demoqaBase - Clicked WorkSpace Toggle Button...
2025-09-07 14:25:40 [main] INFO  demoqaBase - Selecting WorkSpace | Veu Check Box...
2025-09-07 14:25:41 [main] INFO  demoqaLog - ✅ JS click executed on element: {}
2025-09-07 14:25:41 [main] INFO  demoqaBase - Selected WorkSpace | Veu Check Box...
Information Submitted is: You have selected :
veu
2025-09-07 14:25:41 [main] INFO  demoqaBase - You have Selected: You have selected :
veu
2025-09-07 14:25:41 [main] INFO  demoqaBase - ✅ Test Elements|Home|Documents| Selecting WorkSpace|Veu Check Box Completed...
]]></system-out>
  </testcase>
  <testcase name="SelectReactAnuglarVeu" classname="tests.ElementsTests" time="0.643">
    <failure message="no such element: Unable to locate element: {&quot;method&quot;:&quot;xpath&quot;,&quot;selector&quot;:&quot;//*[@id=&quot;tree-node&quot;]/ol/li/ol/li[2]/span/button&quot;}&#10;  (Session info: chrome=137.0.7151.120)&#10;For documentation on this error, please visit: https://www.selenium.dev/documentation/webdriver/troubleshooting/errors#no-such-element-exception&#10;Build info: version: &apos;4.35.0&apos;, revision: &apos;1c58e5028b&apos;&#10;System info: os.name: &apos;Windows 11&apos;, os.arch: &apos;amd64&apos;, os.version: &apos;10.0&apos;, java.version: &apos;21.0.7&apos;&#10;Driver info: org.openqa.selenium.chrome.ChromeDriver&#10;Command: [1147220c82ed12253a0a4484a20f62cd, findElement {value=//*[@id=&quot;tree-node&quot;]/ol/li/ol/li[2]/span/button, using=xpath}]&#10;Capabilities {acceptInsecureCerts: false, browserName: chrome, browserVersion: 137.0.7151.120, chrome: {chromedriverVersion: 137.0.7151.119 (e0ac9d12dff..., userDataDir: C:\Users\dell\AppData\Local...}, fedcm:accounts: true, goog:chromeOptions: {debuggerAddress: localhost:61564}, networkConnectionEnabled: false, pageLoadStrategy: normal, platformName: windows, proxy: Proxy(), se:cdp: ws://localhost:61564/devtoo..., se:cdpVersion: 137.0.7151.120, setWindowRect: true, strictFileInteractability: false, timeouts: {implicit: 0, pageLoad: 300000, script: 30000}, unhandledPromptBehavior: dismiss and notify, webauthn:extension:credBlob: true, webauthn:extension:largeBlob: true, webauthn:extension:minPinLength: true, webauthn:extension:prf: true, webauthn:virtualAuthenticators: true}&#10;Session ID: 1147220c82ed12253a0a4484a20f62cd" type="org.openqa.selenium.NoSuchElementException"><![CDATA[org.openqa.selenium.NoSuchElementException: 
no such element: Unable to locate element: {"method":"xpath","selector":"//*[@id="tree-node"]/ol/li/ol/li[2]/span/button"}
  (Session info: chrome=137.0.7151.120)
For documentation on this error, please visit: https://www.selenium.dev/documentation/webdriver/troubleshooting/errors#no-such-element-exception
Build info: version: '4.35.0', revision: '1c58e5028b'
System info: os.name: 'Windows 11', os.arch: 'amd64', os.version: '10.0', java.version: '21.0.7'
Driver info: org.openqa.selenium.chrome.ChromeDriver
Command: [1147220c82ed12253a0a4484a20f62cd, findElement {value=//*[@id="tree-node"]/ol/li/ol/li[2]/span/button, using=xpath}]
Capabilities {acceptInsecureCerts: false, browserName: chrome, browserVersion: 137.0.7151.120, chrome: {chromedriverVersion: 137.0.7151.119 (e0ac9d12dff..., userDataDir: C:\Users\dell\AppData\Local...}, fedcm:accounts: true, goog:chromeOptions: {debuggerAddress: localhost:61564}, networkConnectionEnabled: false, pageLoadStrategy: normal, platformName: windows, proxy: Proxy(), se:cdp: ws://localhost:61564/devtoo..., se:cdpVersion: 137.0.7151.120, setWindowRect: true, strictFileInteractability: false, timeouts: {implicit: 0, pageLoad: 300000, script: 30000}, unhandledPromptBehavior: dismiss and notify, webauthn:extension:credBlob: true, webauthn:extension:largeBlob: true, webauthn:extension:minPinLength: true, webauthn:extension:prf: true, webauthn:virtualAuthenticators: true}
Session ID: 1147220c82ed12253a0a4484a20f62cd
	at java.base/jdk.internal.reflect.DirectConstructorHandleAccessor.newInstance(DirectConstructorHandleAccessor.java:62)
	at java.base/java.lang.reflect.Constructor.newInstanceWithCaller(Constructor.java:502)
	at java.base/java.lang.reflect.Constructor.newInstance(Constructor.java:486)
	at org.openqa.selenium.remote.ErrorCodec.decode(ErrorCodec.java:167)
	at org.openqa.selenium.remote.codec.w3c.W3CHttpResponseCodec.decode(W3CHttpResponseCodec.java:138)
	at org.openqa.selenium.remote.codec.w3c.W3CHttpResponseCodec.decode(W3CHttpResponseCodec.java:50)
	at org.openqa.selenium.remote.HttpCommandExecutor.execute(HttpCommandExecutor.java:215)
	at org.openqa.selenium.remote.service.DriverCommandExecutor.invokeExecute(DriverCommandExecutor.java:216)
	at org.openqa.selenium.remote.service.DriverCommandExecutor.execute(DriverCommandExecutor.java:174)
	at org.openqa.selenium.remote.RemoteWebDriver.execute(RemoteWebDriver.java:557)
	at org.openqa.selenium.remote.ElementLocation$ElementFinder$2.findElement(ElementLocation.java:165)
	at org.openqa.selenium.remote.ElementLocation.findElement(ElementLocation.java:59)
	at org.openqa.selenium.remote.RemoteWebDriver.findElement(RemoteWebDriver.java:380)
	at org.openqa.selenium.remote.RemoteWebDriver.findElement(RemoteWebDriver.java:374)
	at org.openqa.selenium.support.pagefactory.DefaultElementLocator.findElement(DefaultElementLocator.java:68)
	at org.openqa.selenium.support.pagefactory.internal.LocatingElementHandler.invoke(LocatingElementHandler.java:38)
	at jdk.proxy2/jdk.proxy2.$Proxy29.click(Unknown Source)
	at pages.elementsPage.ToggleDocuments(elementsPage.java:474)
	at tests.ElementsTests.SelectReactAnuglarVeu(ElementsTests.java:249)
	at java.base/jdk.internal.reflect.DirectMethodHandleAccessor.invoke(DirectMethodHandleAccessor.java:103)
	at java.base/java.lang.reflect.Method.invoke(Method.java:580)
	at org.testng.internal.invokers.MethodInvocationHelper.invokeMethod(MethodInvocationHelper.java:141)
	at org.testng.internal.invokers.TestInvoker.invokeMethod(TestInvoker.java:687)
	at org.testng.internal.invokers.TestInvoker.invokeTestMethod(TestInvoker.java:230)
	at org.testng.internal.invokers.MethodRunner.runInSequence(MethodRunner.java:63)
	at org.testng.internal.invokers.TestInvoker$MethodInvocationAgent.invoke(TestInvoker.java:995)
	at org.testng.internal.invokers.TestInvoker.invokeTestMethods(TestInvoker.java:203)
	at org.testng.internal.invokers.TestMethodWorker.invokeTestMethods(TestMethodWorker.java:154)
	at org.testng.internal.invokers.TestMethodWorker.run(TestMethodWorker.java:134)
	at java.base/java.util.ArrayList.forEach(ArrayList.java:1596)
	at org.testng.TestRunner.privateRun(TestRunner.java:741)
	at org.testng.TestRunner.run(TestRunner.java:616)
	at org.testng.SuiteRunner.runTest(SuiteRunner.java:421)
	at org.testng.SuiteRunner.runSequentially(SuiteRunner.java:413)
	at org.testng.SuiteRunner.privateRun(SuiteRunner.java:373)
	at org.testng.SuiteRunner.run(SuiteRunner.java:312)
	at org.testng.SuiteRunnerWorker.runSuite(SuiteRunnerWorker.java:52)
	at org.testng.SuiteRunnerWorker.run(SuiteRunnerWorker.java:95)
	at org.testng.TestNG.runSuitesSequentially(TestNG.java:1274)
	at org.testng.TestNG.runSuitesLocally(TestNG.java:1208)
	at org.testng.TestNG.runSuites(TestNG.java:1112)
	at org.testng.TestNG.run(TestNG.java:1079)
	at org.apache.maven.surefire.testng.TestNGExecutor.run(TestNGExecutor.java:155)
	at org.apache.maven.surefire.testng.TestNGDirectoryTestSuite.executeMulti(TestNGDirectoryTestSuite.java:169)
	at org.apache.maven.surefire.testng.TestNGDirectoryTestSuite.execute(TestNGDirectoryTestSuite.java:88)
	at org.apache.maven.surefire.testng.TestNGProvider.invoke(TestNGProvider.java:137)
	at org.apache.maven.surefire.booter.ForkedBooter.runSuitesInProcess(ForkedBooter.java:385)
	at org.apache.maven.surefire.booter.ForkedBooter.execute(ForkedBooter.java:162)
	at org.apache.maven.surefire.booter.ForkedBooter.run(ForkedBooter.java:507)
	at org.apache.maven.surefire.booter.ForkedBooter.main(ForkedBooter.java:495)
]]></failure>
    <system-out><![CDATA[2025-09-07 14:25:41 [main] INFO  demoqaBase - Closing the Browser...
2025-09-07 14:25:41 [main] INFO  demoqaBase - Starting Web Browser...
2025-09-07 14:25:42 [main] INFO  demoqaBase - Navigating to demoqa.com Website
2025-09-07 14:26:07 [main] INFO  RetryUrlAccess - Successfully navigated to: https://demoqa.com
2025-09-07 14:26:07 [main] INFO  demoqaBase - 🧪 Starting Test Elements|Home|Selecting Documents|WorkSpace|React-Anuglar-Veu Check Box Test...
Instance Variables Declared are: nullnull
2025-09-07 14:26:07 [main] INFO  demoqaBase - Accessing Elements Card...
2025-09-07 14:26:07 [main] INFO  demoqaLog - Clicking on Elements Card...
2025-09-07 14:26:07 [main] WARN  demoqaLog - ⚠️ JS click failed, falling back to native click. Reason: {}
2025-09-07 14:26:07 [main] INFO  demoqaLog - ✅ Native click succeeded on element: {}
2025-09-07 14:26:07 [main] INFO  demoqaLog - Clicked on Elements Card...
Title of this Page is: DEMOQA
You are Accessing: Elements
 
Elements: Please select an item from left to start practice.
2025-09-07 14:26:07 [main] INFO  demoqaBase - Elements: Please select an item from left to start practice.
2025-09-07 14:26:07 [main] INFO  demoqaBase - Accessing Check Box...
Check Box
2025-09-07 14:26:07 [main] INFO  demoqaBase - You are accessing: Check Box
2025-09-07 14:26:07 [main] INFO  demoqaBase - Clicking on Home Toggle Button...
2025-09-07 14:26:08 [main] INFO  demoqaBase - Clicking on Documents Toggle Button...
]]></system-out>
  </testcase>
  <testcase name="SelectingOffice" classname="tests.ElementsTests" time="1.145">
    <system-out><![CDATA[Path for Screenshot is: C:\ASN\eclipse_workspace\demoqa-automation/screenshots/com.aventstack.extentreports.ExtentTest@7a174e4bTest Failed+2025-09-07_14-26-08.png
2025-09-07 14:26:08 [main] INFO  demoqaBase - Closing the Browser...
2025-09-07 14:26:08 [main] INFO  demoqaBase - Starting Web Browser...
2025-09-07 14:26:12 [main] INFO  demoqaBase - Navigating to demoqa.com Website
2025-09-07 14:26:42 [main] WARN  RetryUrlAccess - Attempt 1 failed due to retryable error: timeout: timed out receiving message from renderer: 29.017
  (session info: chrome=137.0.7151.120)
build info: version: '4.35.0', revision: '1c58e5028b'
system info: os.name: 'windows 11', os.arch: 'amd64', os.version: '10.0', java.version: '21.0.7'
driver info: org.openqa.selenium.chrome.chromedriver
command: [b764943d917c657b475068ba66285f1d, get {url=https://demoqa.com}]
capabilities {acceptinsecurecerts: false, browsername: chrome, browserversion: 137.0.7151.120, chrome: {chromedriverversion: 137.0.7151.119 (e0ac9d12dff..., userdatadir: c:\users\dell\appdata\local...}, fedcm:accounts: true, goog:chromeoptions: {debuggeraddress: localhost:61722}, networkconnectionenabled: false, pageloadstrategy: normal, platformname: windows, proxy: proxy(), se:cdp: ws://localhost:61722/devtoo..., se:cdpversion: 137.0.7151.120, setwindowrect: true, strictfileinteractability: false, timeouts: {implicit: 0, pageload: 300000, script: 30000}, unhandledpromptbehavior: dismiss and notify, webauthn:extension:credblob: true, webauthn:extension:largeblob: true, webauthn:extension:minpinlength: true, webauthn:extension:prf: true, webauthn:virtualauthenticators: true}
session id: b764943d917c657b475068ba66285f1d. Retrying after 3000ms...
2025-09-07 14:26:45 [main] INFO  RetryUrlAccess - Successfully navigated to: https://demoqa.com
2025-09-07 14:26:45 [main] INFO  demoqaBase - 🧪 Starting Test Elements|Home|Selecting Documents|Office Check Box Test...
Instance Variables Declared are: nullnull
2025-09-07 14:26:45 [main] INFO  demoqaBase - Accessing Elements Card...
2025-09-07 14:26:45 [main] INFO  demoqaLog - Clicking on Elements Card...
2025-09-07 14:26:45 [main] WARN  demoqaLog - ⚠️ JS click failed, falling back to native click. Reason: {}
2025-09-07 14:26:46 [main] INFO  demoqaLog - ✅ Native click succeeded on element: {}
2025-09-07 14:26:46 [main] INFO  demoqaLog - Clicked on Elements Card...
Title of this Page is: DEMOQA
You are Accessing: Elements
 
Elements: Please select an item from left to start practice.
2025-09-07 14:26:46 [main] INFO  demoqaBase - Elements: Please select an item from left to start practice.
2025-09-07 14:26:46 [main] INFO  demoqaBase - Accessing Check Box...
Check Box
2025-09-07 14:26:46 [main] INFO  demoqaBase - You are accessing: Check Box
2025-09-07 14:26:46 [main] INFO  demoqaBase - Clicking on Home Toggle Button...
2025-09-07 14:26:46 [main] INFO  demoqaBase - Clicking on Documents Toggle Button...
2025-09-07 14:26:46 [main] INFO  demoqaBase - Selecting WorkSpace Check Box...
2025-09-07 14:26:46 [main] INFO  demoqaLog - ✅ JS click executed on element: {}
2025-09-07 14:26:46 [main] INFO  demoqaBase - Selected WorkSpace Check Box...
Information Submitted is: You have selected :
office
public
private
classified
general
2025-09-07 14:26:47 [main] INFO  demoqaBase - You have Selected: You have selected :
office
public
private
classified
general
2025-09-07 14:26:47 [main] INFO  demoqaBase - ✅ Test Elements|Home|Selecting Documents|Office Check Box Completed...
]]></system-out>
  </testcase>
  <testcase name="SelectPublic" classname="tests.ElementsTests" time="1.56">
    <system-out><![CDATA[2025-09-07 14:26:47 [main] INFO  demoqaBase - Closing the Browser...
2025-09-07 14:26:47 [main] INFO  demoqaBase - Starting Web Browser...
2025-09-07 14:26:48 [main] INFO  demoqaBase - Navigating to demoqa.com Website
2025-09-07 14:27:18 [main] WARN  RetryUrlAccess - Attempt 1 failed due to retryable error: timeout: timed out receiving message from renderer: 29.143
  (session info: chrome=137.0.7151.120)
build info: version: '4.35.0', revision: '1c58e5028b'
system info: os.name: 'windows 11', os.arch: 'amd64', os.version: '10.0', java.version: '21.0.7'
driver info: org.openqa.selenium.chrome.chromedriver
command: [d8947174533b53bcc2eacb0e59c5fc76, get {url=https://demoqa.com}]
capabilities {acceptinsecurecerts: false, browsername: chrome, browserversion: 137.0.7151.120, chrome: {chromedriverversion: 137.0.7151.119 (e0ac9d12dff..., userdatadir: c:\users\dell\appdata\local...}, fedcm:accounts: true, goog:chromeoptions: {debuggeraddress: localhost:61833}, networkconnectionenabled: false, pageloadstrategy: normal, platformname: windows, proxy: proxy(), se:cdp: ws://localhost:61833/devtoo..., se:cdpversion: 137.0.7151.120, setwindowrect: true, strictfileinteractability: false, timeouts: {implicit: 0, pageload: 300000, script: 30000}, unhandledpromptbehavior: dismiss and notify, webauthn:extension:credblob: true, webauthn:extension:largeblob: true, webauthn:extension:minpinlength: true, webauthn:extension:prf: true, webauthn:virtualauthenticators: true}
session id: d8947174533b53bcc2eacb0e59c5fc76. Retrying after 3000ms...
2025-09-07 14:27:22 [main] INFO  RetryUrlAccess - Successfully navigated to: https://demoqa.com
2025-09-07 14:27:22 [main] INFO  demoqaBase - 🧪 Starting Test Elements|Home|Selecting Documents|Office|Public Check Box Test...
Instance Variables Declared are: nullnull
2025-09-07 14:27:22 [main] INFO  demoqaBase - Accessing Elements Card...
2025-09-07 14:27:22 [main] INFO  demoqaLog - Clicking on Elements Card...
2025-09-07 14:27:22 [main] WARN  demoqaLog - ⚠️ JS click failed, falling back to native click. Reason: {}
2025-09-07 14:27:22 [main] INFO  demoqaLog - ✅ Native click succeeded on element: {}
2025-09-07 14:27:22 [main] INFO  demoqaLog - Clicked on Elements Card...
Title of this Page is: DEMOQA
You are Accessing: Elements
 
Elements: Please select an item from left to start practice.
2025-09-07 14:27:22 [main] INFO  demoqaBase - Elements: Please select an item from left to start practice.
2025-09-07 14:27:22 [main] INFO  demoqaBase - Accessing Check Box...
Check Box
2025-09-07 14:27:22 [main] INFO  demoqaBase - You are accessing: Check Box
2025-09-07 14:27:22 [main] INFO  demoqaBase - Clicking on Home Toggle Button...
2025-09-07 14:27:23 [main] INFO  demoqaBase - Clicking on Documents Toggle Button...
2025-09-07 14:27:23 [main] INFO  demoqaBase - Clicking Office Toggle Button...
2025-09-07 14:27:23 [main] INFO  demoqaLog - ✅ JS click executed on element: {}
2025-09-07 14:27:23 [main] INFO  demoqaBase - Clicked Office Toggle Button...
2025-09-07 14:27:23 [main] INFO  demoqaBase - Selecting Office | Public Check Box...
2025-09-07 14:27:23 [main] INFO  demoqaLog - ✅ JS click executed on element: {}
2025-09-07 14:27:23 [main] INFO  demoqaBase - Selected Office | Public Check Box...
Information Submitted is: You have selected :
public
2025-09-07 14:27:23 [main] INFO  demoqaBase - You have Selected: You have selected :
public
2025-09-07 14:27:23 [main] INFO  demoqaBase - ✅ Test Elements|Home|Documents|Office|Selecting Public Check Box Completed...
]]></system-out>
  </testcase>
  <testcase name="SelectPrivate" classname="tests.ElementsTests" time="1.18">
    <system-out><![CDATA[2025-09-07 14:27:23 [main] INFO  demoqaBase - Closing the Browser...
2025-09-07 14:27:24 [main] INFO  demoqaBase - Starting Web Browser...
2025-09-07 14:27:25 [main] INFO  demoqaBase - Navigating to demoqa.com Website
2025-09-07 14:27:55 [main] WARN  RetryUrlAccess - Attempt 1 failed due to retryable error: timeout: timed out receiving message from renderer: 29.084
  (session info: chrome=137.0.7151.120)
build info: version: '4.35.0', revision: '1c58e5028b'
system info: os.name: 'windows 11', os.arch: 'amd64', os.version: '10.0', java.version: '21.0.7'
driver info: org.openqa.selenium.chrome.chromedriver
command: [9214d0308769314052c7e6eceb582a2f, get {url=https://demoqa.com}]
capabilities {acceptinsecurecerts: false, browsername: chrome, browserversion: 137.0.7151.120, chrome: {chromedriverversion: 137.0.7151.119 (e0ac9d12dff..., userdatadir: c:\users\dell\appdata\local...}, fedcm:accounts: true, goog:chromeoptions: {debuggeraddress: localhost:62035}, networkconnectionenabled: false, pageloadstrategy: normal, platformname: windows, proxy: proxy(), se:cdp: ws://localhost:62035/devtoo..., se:cdpversion: 137.0.7151.120, setwindowrect: true, strictfileinteractability: false, timeouts: {implicit: 0, pageload: 300000, script: 30000}, unhandledpromptbehavior: dismiss and notify, webauthn:extension:credblob: true, webauthn:extension:largeblob: true, webauthn:extension:minpinlength: true, webauthn:extension:prf: true, webauthn:virtualauthenticators: true}
session id: 9214d0308769314052c7e6eceb582a2f. Retrying after 3000ms...
2025-09-07 14:28:10 [main] INFO  RetryUrlAccess - Successfully navigated to: https://demoqa.com
2025-09-07 14:28:10 [main] INFO  demoqaBase - 🧪 Starting Test Elements|Home|Selecting Documents|Office|Private Check Box Test...
Instance Variables Declared are: nullnull
2025-09-07 14:28:10 [main] INFO  demoqaBase - Accessing Elements Card...
2025-09-07 14:28:10 [main] INFO  demoqaLog - Clicking on Elements Card...
2025-09-07 14:28:10 [main] WARN  demoqaLog - ⚠️ JS click failed, falling back to native click. Reason: {}
2025-09-07 14:28:10 [main] INFO  demoqaLog - ✅ Native click succeeded on element: {}
2025-09-07 14:28:10 [main] INFO  demoqaLog - Clicked on Elements Card...
Title of this Page is: DEMOQA
You are Accessing: Elements
 
Elements: Please select an item from left to start practice.
2025-09-07 14:28:10 [main] INFO  demoqaBase - Elements: Please select an item from left to start practice.
2025-09-07 14:28:10 [main] INFO  demoqaBase - Accessing Check Box...
Check Box
2025-09-07 14:28:10 [main] INFO  demoqaBase - You are accessing: Check Box
2025-09-07 14:28:10 [main] INFO  demoqaBase - Clicking on Home Toggle Button...
2025-09-07 14:28:10 [main] INFO  demoqaBase - Clicking on Documents Toggle Button...
2025-09-07 14:28:10 [main] INFO  demoqaBase - Clicking Office Toggle Button...
2025-09-07 14:28:11 [main] INFO  demoqaLog - ✅ JS click executed on element: {}
2025-09-07 14:28:11 [main] INFO  demoqaBase - Clicked Office Toggle Button...
2025-09-07 14:28:11 [main] INFO  demoqaBase - Selecting Office | Private Check Box...
2025-09-07 14:28:11 [main] INFO  demoqaLog - ✅ JS click executed on element: {}
2025-09-07 14:28:11 [main] INFO  demoqaBase - Selected Office | Private Check Box...
Information Submitted is: You have selected :
private
2025-09-07 14:28:11 [main] INFO  demoqaBase - You have Selected: You have selected :
private
2025-09-07 14:28:11 [main] INFO  demoqaBase - ✅ Test Elements|Home|Documents|Office|Selecting Private Check Box Completed...
]]></system-out>
  </testcase>
  <testcase name="SelectClassified" classname="tests.ElementsTests" time="1.42">
    <system-out><![CDATA[2025-09-07 14:28:11 [main] INFO  demoqaBase - Closing the Browser...
2025-09-07 14:28:11 [main] INFO  demoqaBase - Starting Web Browser...
2025-09-07 14:28:12 [main] INFO  demoqaBase - Navigating to demoqa.com Website
2025-09-07 14:28:32 [main] INFO  RetryUrlAccess - Successfully navigated to: https://demoqa.com
2025-09-07 14:28:32 [main] INFO  demoqaBase - 🧪 Starting Test Elements|Home|Selecting Documents|Office|Classified Check Box Test...
Instance Variables Declared are: nullnull
2025-09-07 14:28:32 [main] INFO  demoqaBase - Accessing Elements Card...
2025-09-07 14:28:32 [main] INFO  demoqaLog - Clicking on Elements Card...
2025-09-07 14:28:32 [main] WARN  demoqaLog - ⚠️ JS click failed, falling back to native click. Reason: {}
2025-09-07 14:28:32 [main] INFO  demoqaLog - ✅ Native click succeeded on element: {}
2025-09-07 14:28:32 [main] INFO  demoqaLog - Clicked on Elements Card...
Title of this Page is: DEMOQA
You are Accessing: Elements
 
Elements: Please select an item from left to start practice.
2025-09-07 14:28:32 [main] INFO  demoqaBase - Elements: Please select an item from left to start practice.
2025-09-07 14:28:32 [main] INFO  demoqaBase - Accessing Check Box...
Check Box
2025-09-07 14:28:33 [main] INFO  demoqaBase - You are accessing: Check Box
2025-09-07 14:28:33 [main] INFO  demoqaBase - Clicking on Home Toggle Button...
2025-09-07 14:28:33 [main] INFO  demoqaBase - Clicking on Documents Toggle Button...
2025-09-07 14:28:33 [main] INFO  demoqaBase - Clicking Office Toggle Button...
2025-09-07 14:28:33 [main] INFO  demoqaLog - ✅ JS click executed on element: {}
2025-09-07 14:28:33 [main] INFO  demoqaBase - Clicked Office Toggle Button...
2025-09-07 14:28:33 [main] INFO  demoqaBase - Selecting Office | Classified Check Box...
2025-09-07 14:28:33 [main] INFO  demoqaLog - ✅ JS click executed on element: {}
2025-09-07 14:28:33 [main] INFO  demoqaBase - Selected Office | Classified Check Box...
Information Submitted is: You have selected :
classified
2025-09-07 14:28:33 [main] INFO  demoqaBase - You have Selected: You have selected :
classified
2025-09-07 14:28:33 [main] INFO  demoqaBase - ✅ Test Elements|Home|Documents|Office|Selecting Classified Check Box Completed...
]]></system-out>
  </testcase>
  <testcase name="SelectGeneral" classname="tests.ElementsTests" time="1.187">
    <system-out><![CDATA[2025-09-07 14:28:33 [main] INFO  demoqaBase - Closing the Browser...
2025-09-07 14:28:34 [main] INFO  demoqaBase - Starting Web Browser...
2025-09-07 14:28:35 [main] INFO  demoqaBase - Navigating to demoqa.com Website
2025-09-07 14:28:50 [main] INFO  RetryUrlAccess - Successfully navigated to: https://demoqa.com
2025-09-07 14:28:50 [main] INFO  demoqaBase - 🧪 Starting Test Elements|Home|Selecting Documents|Office|General Check Box Test...
Instance Variables Declared are: nullnull
2025-09-07 14:28:50 [main] INFO  demoqaBase - Accessing Elements Card...
2025-09-07 14:28:50 [main] INFO  demoqaLog - Clicking on Elements Card...
2025-09-07 14:28:50 [main] WARN  demoqaLog - ⚠️ JS click failed, falling back to native click. Reason: {}
2025-09-07 14:28:50 [main] INFO  demoqaLog - ✅ Native click succeeded on element: {}
2025-09-07 14:28:50 [main] INFO  demoqaLog - Clicked on Elements Card...
Title of this Page is: DEMOQA
You are Accessing: Elements
 
Elements: Please select an item from left to start practice.
2025-09-07 14:28:50 [main] INFO  demoqaBase - Elements: Please select an item from left to start practice.
2025-09-07 14:28:50 [main] INFO  demoqaBase - Accessing Check Box...
Check Box
2025-09-07 14:28:50 [main] INFO  demoqaBase - You are accessing: Check Box
2025-09-07 14:28:50 [main] INFO  demoqaBase - Clicking on Home Toggle Button...
2025-09-07 14:28:50 [main] INFO  demoqaBase - Clicking on Documents Toggle Button...
2025-09-07 14:28:50 [main] INFO  demoqaBase - Clicking Office Toggle Button...
2025-09-07 14:28:50 [main] INFO  demoqaLog - ✅ JS click executed on element: {}
2025-09-07 14:28:50 [main] INFO  demoqaBase - Clicked Office Toggle Button...
2025-09-07 14:28:50 [main] INFO  demoqaBase - Selecting Office | General Check Box...
2025-09-07 14:28:51 [main] INFO  demoqaLog - ✅ JS click executed on element: {}
2025-09-07 14:28:51 [main] INFO  demoqaBase - Selected Office | General Check Box...
Information Submitted is: You have selected :
general
2025-09-07 14:28:51 [main] INFO  demoqaBase - You have Selected: You have selected :
general
2025-09-07 14:28:51 [main] INFO  demoqaBase - ✅ Test Elements|Home|Documents|Office|Selecting General Check Box Completed...
]]></system-out>
  </testcase>
  <testcase name="SelectOfficeAll" classname="tests.ElementsTests" time="2.05">
    <system-out><![CDATA[2025-09-07 14:28:51 [main] INFO  demoqaBase - Closing the Browser...
2025-09-07 14:28:51 [main] INFO  demoqaBase - Starting Web Browser...
2025-09-07 14:28:52 [main] INFO  demoqaBase - Navigating to demoqa.com Website
2025-09-07 14:29:22 [main] WARN  RetryUrlAccess - Attempt 1 failed due to retryable error: timeout: timed out receiving message from renderer: 29.097
  (session info: chrome=137.0.7151.120)
build info: version: '4.35.0', revision: '1c58e5028b'
system info: os.name: 'windows 11', os.arch: 'amd64', os.version: '10.0', java.version: '21.0.7'
driver info: org.openqa.selenium.chrome.chromedriver
command: [75090fc24c5969d6d125124fcd09f774, get {url=https://demoqa.com}]
capabilities {acceptinsecurecerts: false, browsername: chrome, browserversion: 137.0.7151.120, chrome: {chromedriverversion: 137.0.7151.119 (e0ac9d12dff..., userdatadir: c:\users\dell\appdata\local...}, fedcm:accounts: true, goog:chromeoptions: {debuggeraddress: localhost:62609}, networkconnectionenabled: false, pageloadstrategy: normal, platformname: windows, proxy: proxy(), se:cdp: ws://localhost:62609/devtoo..., se:cdpversion: 137.0.7151.120, setwindowrect: true, strictfileinteractability: false, timeouts: {implicit: 0, pageload: 300000, script: 30000}, unhandledpromptbehavior: dismiss and notify, webauthn:extension:credblob: true, webauthn:extension:largeblob: true, webauthn:extension:minpinlength: true, webauthn:extension:prf: true, webauthn:virtualauthenticators: true}
session id: 75090fc24c5969d6d125124fcd09f774. Retrying after 3000ms...
2025-09-07 14:29:26 [main] INFO  RetryUrlAccess - Successfully navigated to: https://demoqa.com
2025-09-07 14:29:26 [main] INFO  demoqaBase - 🧪 Starting Test Elements|Home|Selecting Documents|Office|All Check Boxes Test...
Instance Variables Declared are: nullnull
2025-09-07 14:29:26 [main] INFO  demoqaBase - Accessing Elements Card...
2025-09-07 14:29:26 [main] INFO  demoqaLog - Clicking on Elements Card...
2025-09-07 14:29:26 [main] WARN  demoqaLog - ⚠️ JS click failed, falling back to native click. Reason: {}
2025-09-07 14:29:26 [main] INFO  demoqaLog - ✅ Native click succeeded on element: {}
2025-09-07 14:29:26 [main] INFO  demoqaLog - Clicked on Elements Card...
Title of this Page is: DEMOQA
You are Accessing: Elements
 
Elements: Please select an item from left to start practice.
2025-09-07 14:29:26 [main] INFO  demoqaBase - Elements: Please select an item from left to start practice.
2025-09-07 14:29:26 [main] INFO  demoqaBase - Accessing Check Box...
Check Box
2025-09-07 14:29:26 [main] INFO  demoqaBase - You are accessing: Check Box
2025-09-07 14:29:26 [main] INFO  demoqaBase - Clicking on Home Toggle Button...
2025-09-07 14:29:27 [main] INFO  demoqaBase - Clicking on Documents Toggle Button...
2025-09-07 14:29:27 [main] INFO  demoqaBase - Clicking Office Toggle Button...
2025-09-07 14:29:27 [main] INFO  demoqaLog - ✅ JS click executed on element: {}
2025-09-07 14:29:27 [main] INFO  demoqaBase - Clicked Office Toggle Button...
2025-09-07 14:29:27 [main] INFO  demoqaBase - Selecting Office | Public Check Box...
2025-09-07 14:29:27 [main] INFO  demoqaLog - ✅ JS click executed on element: {}
2025-09-07 14:29:27 [main] INFO  demoqaBase - Selected Office | Public Check Box...
2025-09-07 14:29:27 [main] INFO  demoqaBase - Selecting Office | Private Check Box...
2025-09-07 14:29:28 [main] INFO  demoqaLog - ✅ JS click executed on element: {}
2025-09-07 14:29:28 [main] INFO  demoqaBase - Selected Office | Private Check Box...
2025-09-07 14:29:28 [main] INFO  demoqaBase - Selecting Office | Classified Check Box...
2025-09-07 14:29:28 [main] INFO  demoqaLog - ✅ JS click executed on element: {}
2025-09-07 14:29:28 [main] INFO  demoqaBase - Selected Office | Classified Check Box...
2025-09-07 14:29:28 [main] INFO  demoqaBase - Selecting Office | General Check Box...
2025-09-07 14:29:28 [main] INFO  demoqaLog - ✅ JS click executed on element: {}
2025-09-07 14:29:28 [main] INFO  demoqaBase - Selected Office | General Check Box...
Information Submitted is: You have selected :
office
public
private
classified
general
2025-09-07 14:29:28 [main] INFO  demoqaBase - You have Selected: You have selected :
office
public
private
classified
general
2025-09-07 14:29:28 [main] INFO  demoqaBase - ✅ Test Elements|Home|Documents|Office|Selecting All Check Boxes Completed...
]]></system-out>
  </testcase>
  <testcase name="SelectingDownloads" classname="tests.ElementsTests" time="1.01">
    <system-out><![CDATA[2025-09-07 14:29:28 [main] INFO  demoqaBase - Closing the Browser...
2025-09-07 14:29:28 [main] INFO  demoqaBase - Starting Web Browser...
2025-09-07 14:29:30 [main] INFO  demoqaBase - Navigating to demoqa.com Website
2025-09-07 14:30:00 [main] WARN  RetryUrlAccess - Attempt 1 failed due to retryable error: timeout: timed out receiving message from renderer: 29.105
  (session info: chrome=137.0.7151.120)
build info: version: '4.35.0', revision: '1c58e5028b'
system info: os.name: 'windows 11', os.arch: 'amd64', os.version: '10.0', java.version: '21.0.7'
driver info: org.openqa.selenium.chrome.chromedriver
command: [bad7b1e13dd2a14c23ac64cda3cc0aa0, get {url=https://demoqa.com}]
capabilities {acceptinsecurecerts: false, browsername: chrome, browserversion: 137.0.7151.120, chrome: {chromedriverversion: 137.0.7151.119 (e0ac9d12dff..., userdatadir: c:\users\dell\appdata\local...}, fedcm:accounts: true, goog:chromeoptions: {debuggeraddress: localhost:62866}, networkconnectionenabled: false, pageloadstrategy: normal, platformname: windows, proxy: proxy(), se:cdp: ws://localhost:62866/devtoo..., se:cdpversion: 137.0.7151.120, setwindowrect: true, strictfileinteractability: false, timeouts: {implicit: 0, pageload: 300000, script: 30000}, unhandledpromptbehavior: dismiss and notify, webauthn:extension:credblob: true, webauthn:extension:largeblob: true, webauthn:extension:minpinlength: true, webauthn:extension:prf: true, webauthn:virtualauthenticators: true}
session id: bad7b1e13dd2a14c23ac64cda3cc0aa0. Retrying after 3000ms...
2025-09-07 14:30:03 [main] INFO  RetryUrlAccess - Successfully navigated to: https://demoqa.com
2025-09-07 14:30:03 [main] INFO  demoqaBase - 🧪 Starting Test Elements|Home|Selecting Downloads Check Box Test...
Instance Variables Declared are: nullnull
2025-09-07 14:30:03 [main] INFO  demoqaBase - Accessing Elements Card...
2025-09-07 14:30:03 [main] INFO  demoqaLog - Clicking on Elements Card...
2025-09-07 14:30:03 [main] WARN  demoqaLog - ⚠️ JS click failed, falling back to native click. Reason: {}
2025-09-07 14:30:04 [main] INFO  demoqaLog - ✅ Native click succeeded on element: {}
2025-09-07 14:30:04 [main] INFO  demoqaLog - Clicked on Elements Card...
Title of this Page is: DEMOQA
You are Accessing: Elements
 
Elements: Please select an item from left to start practice.
2025-09-07 14:30:04 [main] INFO  demoqaBase - Elements: Please select an item from left to start practice.
2025-09-07 14:30:04 [main] INFO  demoqaBase - Accessing Check Box...
Check Box
2025-09-07 14:30:04 [main] INFO  demoqaBase - You are accessing: Check Box
2025-09-07 14:30:04 [main] INFO  demoqaBase - Clicking on Home Toggle Button...
2025-09-07 14:30:04 [main] INFO  demoqaBase - Selecting Downloads Check Box...
2025-09-07 14:30:04 [main] INFO  demoqaLog - ✅ JS click executed on element: {}
2025-09-07 14:30:04 [main] INFO  demoqaBase - Selected Downloads Check Box...
Information Submitted is: You have selected :
downloads
wordFile
excelFile
2025-09-07 14:30:04 [main] INFO  demoqaBase - You have Selected: You have selected :
downloads
wordFile
excelFile
2025-09-07 14:30:04 [main] INFO  demoqaBase - ✅ Test Elements|Home|Selecting Downloads Check Box Completed...
]]></system-out>
  </testcase>
  <testcase name="setUP" classname="tests.ElementsTests" time="101.67">
    <failure message="Failed to navigate to https://demoqa.com after 3 attempts" type="java.lang.RuntimeException"><![CDATA[java.lang.RuntimeException: Failed to navigate to https://demoqa.com after 3 attempts
	at utils.RetryUrlAccess.navigateWithRetry(RetryUrlAccess.java:32)
	at base.demoqaBase.setUP(demoqaBase.java:106)
	at java.base/jdk.internal.reflect.DirectMethodHandleAccessor.invoke(DirectMethodHandleAccessor.java:103)
	at java.base/java.lang.reflect.Method.invoke(Method.java:580)
	at org.testng.internal.invokers.MethodInvocationHelper.invokeMethod(MethodInvocationHelper.java:141)
	at org.testng.internal.invokers.MethodInvocationHelper.invokeMethodConsideringTimeout(MethodInvocationHelper.java:71)
	at org.testng.internal.invokers.ConfigInvoker.invokeConfigurationMethod(ConfigInvoker.java:400)
	at org.testng.internal.invokers.ConfigInvoker.invokeConfigurations(ConfigInvoker.java:333)
	at org.testng.internal.invokers.TestInvoker.runConfigMethods(TestInvoker.java:836)
	at org.testng.internal.invokers.TestInvoker.invokeMethod(TestInvoker.java:601)
	at org.testng.internal.invokers.TestInvoker.invokeTestMethod(TestInvoker.java:230)
	at org.testng.internal.invokers.MethodRunner.runInSequence(MethodRunner.java:63)
	at org.testng.internal.invokers.TestInvoker$MethodInvocationAgent.invoke(TestInvoker.java:995)
	at org.testng.internal.invokers.TestInvoker.invokeTestMethods(TestInvoker.java:203)
	at org.testng.internal.invokers.TestMethodWorker.invokeTestMethods(TestMethodWorker.java:154)
	at org.testng.internal.invokers.TestMethodWorker.run(TestMethodWorker.java:134)
	at java.base/java.util.ArrayList.forEach(ArrayList.java:1596)
	at org.testng.TestRunner.privateRun(TestRunner.java:741)
	at org.testng.TestRunner.run(TestRunner.java:616)
	at org.testng.SuiteRunner.runTest(SuiteRunner.java:421)
	at org.testng.SuiteRunner.runSequentially(SuiteRunner.java:413)
	at org.testng.SuiteRunner.privateRun(SuiteRunner.java:373)
	at org.testng.SuiteRunner.run(SuiteRunner.java:312)
	at org.testng.SuiteRunnerWorker.runSuite(SuiteRunnerWorker.java:52)
	at org.testng.SuiteRunnerWorker.run(SuiteRunnerWorker.java:95)
	at org.testng.TestNG.runSuitesSequentially(TestNG.java:1274)
	at org.testng.TestNG.runSuitesLocally(TestNG.java:1208)
	at org.testng.TestNG.runSuites(TestNG.java:1112)
	at org.testng.TestNG.run(TestNG.java:1079)
	at org.apache.maven.surefire.testng.TestNGExecutor.run(TestNGExecutor.java:155)
	at org.apache.maven.surefire.testng.TestNGDirectoryTestSuite.executeMulti(TestNGDirectoryTestSuite.java:169)
	at org.apache.maven.surefire.testng.TestNGDirectoryTestSuite.execute(TestNGDirectoryTestSuite.java:88)
	at org.apache.maven.surefire.testng.TestNGProvider.invoke(TestNGProvider.java:137)
	at org.apache.maven.surefire.booter.ForkedBooter.runSuitesInProcess(ForkedBooter.java:385)
	at org.apache.maven.surefire.booter.ForkedBooter.execute(ForkedBooter.java:162)
	at org.apache.maven.surefire.booter.ForkedBooter.run(ForkedBooter.java:507)
	at org.apache.maven.surefire.booter.ForkedBooter.main(ForkedBooter.java:495)
]]></failure>
    <system-out><![CDATA[2025-09-07 14:30:04 [main] INFO  demoqaBase - Closing the Browser...
2025-09-07 14:30:05 [main] INFO  demoqaBase - Starting Web Browser...
2025-09-07 14:30:06 [main] INFO  demoqaBase - Navigating to demoqa.com Website
2025-09-07 14:30:36 [main] WARN  RetryUrlAccess - Attempt 1 failed due to retryable error: timeout: timed out receiving message from renderer: 29.105
  (session info: chrome=137.0.7151.120)
build info: version: '4.35.0', revision: '1c58e5028b'
system info: os.name: 'windows 11', os.arch: 'amd64', os.version: '10.0', java.version: '21.0.7'
driver info: org.openqa.selenium.chrome.chromedriver
command: [7ba41b14550ed421d203b81d4fce63fd, get {url=https://demoqa.com}]
capabilities {acceptinsecurecerts: false, browsername: chrome, browserversion: 137.0.7151.120, chrome: {chromedriverversion: 137.0.7151.119 (e0ac9d12dff..., userdatadir: c:\users\dell\appdata\local...}, fedcm:accounts: true, goog:chromeoptions: {debuggeraddress: localhost:63026}, networkconnectionenabled: false, pageloadstrategy: normal, platformname: windows, proxy: proxy(), se:cdp: ws://localhost:63026/devtoo..., se:cdpversion: 137.0.7151.120, setwindowrect: true, strictfileinteractability: false, timeouts: {implicit: 0, pageload: 300000, script: 30000}, unhandledpromptbehavior: dismiss and notify, webauthn:extension:credblob: true, webauthn:extension:largeblob: true, webauthn:extension:minpinlength: true, webauthn:extension:prf: true, webauthn:virtualauthenticators: true}
session id: 7ba41b14550ed421d203b81d4fce63fd. Retrying after 3000ms...
2025-09-07 14:31:09 [main] WARN  RetryUrlAccess - Attempt 2 failed due to retryable error: timeout: timed out receiving message from renderer: 29.829
  (session info: chrome=137.0.7151.120)
build info: version: '4.35.0', revision: '1c58e5028b'
system info: os.name: 'windows 11', os.arch: 'amd64', os.version: '10.0', java.version: '21.0.7'
driver info: org.openqa.selenium.chrome.chromedriver
command: [7ba41b14550ed421d203b81d4fce63fd, get {url=https://demoqa.com}]
capabilities {acceptinsecurecerts: false, browsername: chrome, browserversion: 137.0.7151.120, chrome: {chromedriverversion: 137.0.7151.119 (e0ac9d12dff..., userdatadir: c:\users\dell\appdata\local...}, fedcm:accounts: true, goog:chromeoptions: {debuggeraddress: localhost:63026}, networkconnectionenabled: false, pageloadstrategy: normal, platformname: windows, proxy: proxy(), se:cdp: ws://localhost:63026/devtoo..., se:cdpversion: 137.0.7151.120, setwindowrect: true, strictfileinteractability: false, timeouts: {implicit: 0, pageload: 300000, script: 30000}, unhandledpromptbehavior: dismiss and notify, webauthn:extension:credblob: true, webauthn:extension:largeblob: true, webauthn:extension:minpinlength: true, webauthn:extension:prf: true, webauthn:virtualauthenticators: true}
session id: 7ba41b14550ed421d203b81d4fce63fd. Retrying after 3000ms...
2025-09-07 14:31:42 [main] WARN  RetryUrlAccess - Attempt 3 failed due to retryable error: timeout: timed out receiving message from renderer: 29.838
  (session info: chrome=137.0.7151.120)
build info: version: '4.35.0', revision: '1c58e5028b'
system info: os.name: 'windows 11', os.arch: 'amd64', os.version: '10.0', java.version: '21.0.7'
driver info: org.openqa.selenium.chrome.chromedriver
command: [7ba41b14550ed421d203b81d4fce63fd, get {url=https://demoqa.com}]
capabilities {acceptinsecurecerts: false, browsername: chrome, browserversion: 137.0.7151.120, chrome: {chromedriverversion: 137.0.7151.119 (e0ac9d12dff..., userdatadir: c:\users\dell\appdata\local...}, fedcm:accounts: true, goog:chromeoptions: {debuggeraddress: localhost:63026}, networkconnectionenabled: false, pageloadstrategy: normal, platformname: windows, proxy: proxy(), se:cdp: ws://localhost:63026/devtoo..., se:cdpversion: 137.0.7151.120, setwindowrect: true, strictfileinteractability: false, timeouts: {implicit: 0, pageload: 300000, script: 30000}, unhandledpromptbehavior: dismiss and notify, webauthn:extension:credblob: true, webauthn:extension:largeblob: true, webauthn:extension:minpinlength: true, webauthn:extension:prf: true, webauthn:virtualauthenticators: true}
session id: 7ba41b14550ed421d203b81d4fce63fd. Retrying after 3000ms...
]]></system-out>
  </testcase>
  <testcase name="setUP" classname="tests.ElementsTests" time="0.0">
    <skipped/>
  </testcase>
  <testcase name="setUP" classname="tests.ElementsTests" time="0.0">
    <skipped/>
  </testcase>
  <testcase name="setUP" classname="tests.ElementsTests" time="0.0">
    <skipped/>
  </testcase>
  <testcase name="setUP" classname="tests.ElementsTests" time="0.0">
    <skipped/>
  </testcase>
  <testcase name="setUP" classname="tests.ElementsTests" time="0.0">
    <skipped/>
  </testcase>
  <testcase name="setUP" classname="tests.ElementsTests" time="0.0">
    <skipped/>
  </testcase>
  <testcase name="setUP" classname="tests.ElementsTests" time="0.0">
    <skipped/>
    <system-out><![CDATA[🧾 Row 1: {Salary=28000.0, Email=Jbravo@demoqa.com, Address=511 Grant 481, Prattsville\n Arkansas 72129\n United States, First Name=Johny, Gender=Male, City=Delhi, Mobile=9.238343488E9, Hobbies=Sports,Music, Subject=Computer Science, Current Address=301 Town 481, Brookville\n kansas 42129\n United States, Department=Information Technology, DOB=15/08/2000, Picture=/TestData/Mphoto.jpg, State=NCR, Last Name=Bravo, Age=34.0}
🔍 Mapping field: firstName | Excel Column: First Name | Value: Johny
🔍 Mapping field: lastName | Excel Column: Last Name | Value: Bravo
🔍 Mapping field: email | Excel Column: Email | Value: Jbravo@demoqa.com
🔍 Mapping field: salary | Excel Column: Salary | Value: 28000.0
🔍 Mapping field: age | Excel Column: Age | Value: 34.0
🔍 Mapping field: department | Excel Column: Department | Value: Information Technology
🧾 Row 2: {Salary=18000.0, Email=GFemina@demoqa.com, Address=512 Grant 481, Prattsville\n Arkansas 72129\n United States, First Name=Gene, Gender=Female, City=Merrut, Mobile=1.888343432E9, Hobbies=Music,Reading, Subject=Accounting, Current Address=302 Town 481, Brookville\n kansas 42129\n United States, Department=Finance, DOB=22/05/2002, Picture=/TestData/Fphoto.png, State=Uttar Pradesh, Last Name=Femina, Age=30.0}
🔍 Mapping field: firstName | Excel Column: First Name | Value: Gene
🔍 Mapping field: lastName | Excel Column: Last Name | Value: Femina
🔍 Mapping field: email | Excel Column: Email | Value: GFemina@demoqa.com
🔍 Mapping field: salary | Excel Column: Salary | Value: 18000.0
🔍 Mapping field: age | Excel Column: Age | Value: 30.0
🔍 Mapping field: department | Excel Column: Department | Value: Finance
🧾 Row 3: {Salary=15000.0, Email=BWisem@demoqa.com, Address=513 Grant 481, Prattsville\n Arkansas 72129\n United States, First Name=Bud, Gender=Other, City=Panipat, Mobile=8.932465432E9, Hobbies=Reading, Subject=Biology, Current Address=303 Town 481, Brookville\n kansas 42129\n United States, Department=Medicine, DOB=31/12/1999, Picture=/TestData/Ophoto.jpg, State=Haryana, Last Name=Wisem, Age=40.0}
🔍 Mapping field: firstName | Excel Column: First Name | Value: Bud
🔍 Mapping field: lastName | Excel Column: Last Name | Value: Wisem
🔍 Mapping field: email | Excel Column: Email | Value: BWisem@demoqa.com
🔍 Mapping field: salary | Excel Column: Salary | Value: 15000.0
🔍 Mapping field: age | Excel Column: Age | Value: 40.0
🔍 Mapping field: department | Excel Column: Department | Value: Medicine
🧾 Row 4: {Salary=19000.0, Email=TBoss@demoqa.com, Address=514 Grant 481, Prattsville\n Arkansas 72129\n United States, First Name=Tom, Gender=Male, City=Jaiselmer, Mobile=7.839875281E9, Hobbies=Sports,Reading, Subject=Social Studies, Current Address=304 Town 481, Brookville\n kansas 42129\n United States, Department=Recreation, DOB=1/26/03, Picture=/TestData/M2photo.jpg, State=Rajasthan, Last Name=Boss, Age=42.0}
🔍 Mapping field: firstName | Excel Column: First Name | Value: Tom
🔍 Mapping field: lastName | Excel Column: Last Name | Value: Boss
🔍 Mapping field: email | Excel Column: Email | Value: TBoss@demoqa.com
🔍 Mapping field: salary | Excel Column: Salary | Value: 19000.0
🔍 Mapping field: age | Excel Column: Age | Value: 42.0
🔍 Mapping field: department | Excel Column: Department | Value: Recreation
]]></system-out>
  </testcase>
  <testcase name="setUP" classname="tests.ElementsTests" time="0.0">
    <skipped/>
  </testcase>
  <testcase name="setUP" classname="tests.ElementsTests" time="0.0">
    <skipped/>
  </testcase>
  <testcase name="setUP" classname="tests.ElementsTests" time="0.0">
    <skipped/>
  </testcase>
  <testcase name="setUP" classname="tests.ElementsTests" time="0.0">
    <skipped/>
    <system-out><![CDATA[🧾 Row 1: {Salary=28000.0, Email=Jbravo@demoqa.com, Address=511 Grant 481, Prattsville\n Arkansas 72129\n United States, First Name=Johny, Gender=Male, City=Delhi, Mobile=9.238343488E9, Hobbies=Sports,Music, Subject=Computer Science, Current Address=301 Town 481, Brookville\n kansas 42129\n United States, Department=Information Technology, DOB=15/08/2000, Picture=/TestData/Mphoto.jpg, State=NCR, Last Name=Bravo, Age=34.0}
🔍 Mapping field: firstName | Excel Column: First Name | Value: Johny
🔍 Mapping field: lastName | Excel Column: Last Name | Value: Bravo
🔍 Mapping field: email | Excel Column: Email | Value: Jbravo@demoqa.com
🔍 Mapping field: salary | Excel Column: Salary | Value: 28000.0
🔍 Mapping field: age | Excel Column: Age | Value: 34.0
🔍 Mapping field: department | Excel Column: Department | Value: Information Technology
🧾 Row 2: {Salary=18000.0, Email=GFemina@demoqa.com, Address=512 Grant 481, Prattsville\n Arkansas 72129\n United States, First Name=Gene, Gender=Female, City=Merrut, Mobile=1.888343432E9, Hobbies=Music,Reading, Subject=Accounting, Current Address=302 Town 481, Brookville\n kansas 42129\n United States, Department=Finance, DOB=22/05/2002, Picture=/TestData/Fphoto.png, State=Uttar Pradesh, Last Name=Femina, Age=30.0}
🔍 Mapping field: firstName | Excel Column: First Name | Value: Gene
🔍 Mapping field: lastName | Excel Column: Last Name | Value: Femina
🔍 Mapping field: email | Excel Column: Email | Value: GFemina@demoqa.com
🔍 Mapping field: salary | Excel Column: Salary | Value: 18000.0
🔍 Mapping field: age | Excel Column: Age | Value: 30.0
🔍 Mapping field: department | Excel Column: Department | Value: Finance
🧾 Row 3: {Salary=15000.0, Email=BWisem@demoqa.com, Address=513 Grant 481, Prattsville\n Arkansas 72129\n United States, First Name=Bud, Gender=Other, City=Panipat, Mobile=8.932465432E9, Hobbies=Reading, Subject=Biology, Current Address=303 Town 481, Brookville\n kansas 42129\n United States, Department=Medicine, DOB=31/12/1999, Picture=/TestData/Ophoto.jpg, State=Haryana, Last Name=Wisem, Age=40.0}
🔍 Mapping field: firstName | Excel Column: First Name | Value: Bud
🔍 Mapping field: lastName | Excel Column: Last Name | Value: Wisem
🔍 Mapping field: email | Excel Column: Email | Value: BWisem@demoqa.com
🔍 Mapping field: salary | Excel Column: Salary | Value: 15000.0
🔍 Mapping field: age | Excel Column: Age | Value: 40.0
🔍 Mapping field: department | Excel Column: Department | Value: Medicine
🧾 Row 4: {Salary=19000.0, Email=TBoss@demoqa.com, Address=514 Grant 481, Prattsville\n Arkansas 72129\n United States, First Name=Tom, Gender=Male, City=Jaiselmer, Mobile=7.839875281E9, Hobbies=Sports,Reading, Subject=Social Studies, Current Address=304 Town 481, Brookville\n kansas 42129\n United States, Department=Recreation, DOB=1/26/03, Picture=/TestData/M2photo.jpg, State=Rajasthan, Last Name=Boss, Age=42.0}
🔍 Mapping field: firstName | Excel Column: First Name | Value: Tom
🔍 Mapping field: lastName | Excel Column: Last Name | Value: Boss
🔍 Mapping field: email | Excel Column: Email | Value: TBoss@demoqa.com
🔍 Mapping field: salary | Excel Column: Salary | Value: 19000.0
🔍 Mapping field: age | Excel Column: Age | Value: 42.0
🔍 Mapping field: department | Excel Column: Department | Value: Recreation
]]></system-out>
  </testcase>
  <testcase name="setUP" classname="tests.ElementsTests" time="0.0">
    <skipped/>
    <system-out><![CDATA[🧾 Row 1: {Salary=28000.0, Email=Jbravo@demoqa.com, Address=511 Grant 481, Prattsville\n Arkansas 72129\n United States, First Name=Johny, Gender=Male, City=Delhi, Mobile=9.238343488E9, Hobbies=Sports,Music, Subject=Computer Science, Current Address=301 Town 481, Brookville\n kansas 42129\n United States, Department=Information Technology, DOB=15/08/2000, Picture=/TestData/Mphoto.jpg, State=NCR, Last Name=Bravo, Age=34.0}
🔍 Mapping field: firstName | Excel Column: First Name | Value: Johny
🔍 Mapping field: lastName | Excel Column: Last Name | Value: Bravo
🔍 Mapping field: email | Excel Column: Email | Value: Jbravo@demoqa.com
🔍 Mapping field: salary | Excel Column: Salary | Value: 28000.0
🔍 Mapping field: age | Excel Column: Age | Value: 34.0
🔍 Mapping field: department | Excel Column: Department | Value: Information Technology
🧾 Row 2: {Salary=18000.0, Email=GFemina@demoqa.com, Address=512 Grant 481, Prattsville\n Arkansas 72129\n United States, First Name=Gene, Gender=Female, City=Merrut, Mobile=1.888343432E9, Hobbies=Music,Reading, Subject=Accounting, Current Address=302 Town 481, Brookville\n kansas 42129\n United States, Department=Finance, DOB=22/05/2002, Picture=/TestData/Fphoto.png, State=Uttar Pradesh, Last Name=Femina, Age=30.0}
🔍 Mapping field: firstName | Excel Column: First Name | Value: Gene
🔍 Mapping field: lastName | Excel Column: Last Name | Value: Femina
🔍 Mapping field: email | Excel Column: Email | Value: GFemina@demoqa.com
🔍 Mapping field: salary | Excel Column: Salary | Value: 18000.0
🔍 Mapping field: age | Excel Column: Age | Value: 30.0
🔍 Mapping field: department | Excel Column: Department | Value: Finance
🧾 Row 3: {Salary=15000.0, Email=BWisem@demoqa.com, Address=513 Grant 481, Prattsville\n Arkansas 72129\n United States, First Name=Bud, Gender=Other, City=Panipat, Mobile=8.932465432E9, Hobbies=Reading, Subject=Biology, Current Address=303 Town 481, Brookville\n kansas 42129\n United States, Department=Medicine, DOB=31/12/1999, Picture=/TestData/Ophoto.jpg, State=Haryana, Last Name=Wisem, Age=40.0}
🔍 Mapping field: firstName | Excel Column: First Name | Value: Bud
🔍 Mapping field: lastName | Excel Column: Last Name | Value: Wisem
🔍 Mapping field: email | Excel Column: Email | Value: BWisem@demoqa.com
🔍 Mapping field: salary | Excel Column: Salary | Value: 15000.0
🔍 Mapping field: age | Excel Column: Age | Value: 40.0
🔍 Mapping field: department | Excel Column: Department | Value: Medicine
🧾 Row 4: {Salary=19000.0, Email=TBoss@demoqa.com, Address=514 Grant 481, Prattsville\n Arkansas 72129\n United States, First Name=Tom, Gender=Male, City=Jaiselmer, Mobile=7.839875281E9, Hobbies=Sports,Reading, Subject=Social Studies, Current Address=304 Town 481, Brookville\n kansas 42129\n United States, Department=Recreation, DOB=1/26/03, Picture=/TestData/M2photo.jpg, State=Rajasthan, Last Name=Boss, Age=42.0}
🔍 Mapping field: firstName | Excel Column: First Name | Value: Tom
🔍 Mapping field: lastName | Excel Column: Last Name | Value: Boss
🔍 Mapping field: email | Excel Column: Email | Value: TBoss@demoqa.com
🔍 Mapping field: salary | Excel Column: Salary | Value: 19000.0
🔍 Mapping field: age | Excel Column: Age | Value: 42.0
🔍 Mapping field: department | Excel Column: Department | Value: Recreation
]]></system-out>
  </testcase>
  <testcase name="setUP" classname="tests.ElementsTests" time="0.0">
    <skipped/>
    <system-out><![CDATA[🧾 Row 1: {Salary=28000.0, Email=Jbravo@demoqa.com, Address=511 Grant 481, Prattsville\n Arkansas 72129\n United States, First Name=Johny, Gender=Male, City=Delhi, Mobile=9.238343488E9, Hobbies=Sports,Music, Subject=Computer Science, Current Address=301 Town 481, Brookville\n kansas 42129\n United States, Department=Information Technology, DOB=15/08/2000, Picture=/TestData/Mphoto.jpg, State=NCR, Last Name=Bravo, Age=34.0}
🔍 Mapping field: firstName | Excel Column: First Name | Value: Johny
🔍 Mapping field: lastName | Excel Column: Last Name | Value: Bravo
🔍 Mapping field: email | Excel Column: Email | Value: Jbravo@demoqa.com
🔍 Mapping field: salary | Excel Column: Salary | Value: 28000.0
🔍 Mapping field: age | Excel Column: Age | Value: 34.0
🔍 Mapping field: department | Excel Column: Department | Value: Information Technology
🧾 Row 2: {Salary=18000.0, Email=GFemina@demoqa.com, Address=512 Grant 481, Prattsville\n Arkansas 72129\n United States, First Name=Gene, Gender=Female, City=Merrut, Mobile=1.888343432E9, Hobbies=Music,Reading, Subject=Accounting, Current Address=302 Town 481, Brookville\n kansas 42129\n United States, Department=Finance, DOB=22/05/2002, Picture=/TestData/Fphoto.png, State=Uttar Pradesh, Last Name=Femina, Age=30.0}
🔍 Mapping field: firstName | Excel Column: First Name | Value: Gene
🔍 Mapping field: lastName | Excel Column: Last Name | Value: Femina
🔍 Mapping field: email | Excel Column: Email | Value: GFemina@demoqa.com
🔍 Mapping field: salary | Excel Column: Salary | Value: 18000.0
🔍 Mapping field: age | Excel Column: Age | Value: 30.0
🔍 Mapping field: department | Excel Column: Department | Value: Finance
🧾 Row 3: {Salary=15000.0, Email=BWisem@demoqa.com, Address=513 Grant 481, Prattsville\n Arkansas 72129\n United States, First Name=Bud, Gender=Other, City=Panipat, Mobile=8.932465432E9, Hobbies=Reading, Subject=Biology, Current Address=303 Town 481, Brookville\n kansas 42129\n United States, Department=Medicine, DOB=31/12/1999, Picture=/TestData/Ophoto.jpg, State=Haryana, Last Name=Wisem, Age=40.0}
🔍 Mapping field: firstName | Excel Column: First Name | Value: Bud
🔍 Mapping field: lastName | Excel Column: Last Name | Value: Wisem
🔍 Mapping field: email | Excel Column: Email | Value: BWisem@demoqa.com
🔍 Mapping field: salary | Excel Column: Salary | Value: 15000.0
🔍 Mapping field: age | Excel Column: Age | Value: 40.0
🔍 Mapping field: department | Excel Column: Department | Value: Medicine
🧾 Row 4: {Salary=19000.0, Email=TBoss@demoqa.com, Address=514 Grant 481, Prattsville\n Arkansas 72129\n United States, First Name=Tom, Gender=Male, City=Jaiselmer, Mobile=7.839875281E9, Hobbies=Sports,Reading, Subject=Social Studies, Current Address=304 Town 481, Brookville\n kansas 42129\n United States, Department=Recreation, DOB=1/26/03, Picture=/TestData/M2photo.jpg, State=Rajasthan, Last Name=Boss, Age=42.0}
🔍 Mapping field: firstName | Excel Column: First Name | Value: Tom
🔍 Mapping field: lastName | Excel Column: Last Name | Value: Boss
🔍 Mapping field: email | Excel Column: Email | Value: TBoss@demoqa.com
🔍 Mapping field: salary | Excel Column: Salary | Value: 19000.0
🔍 Mapping field: age | Excel Column: Age | Value: 42.0
🔍 Mapping field: department | Excel Column: Department | Value: Recreation
]]></system-out>
  </testcase>
  <testcase name="setUP" classname="tests.ElementsTests" time="0.0">
    <skipped/>
    <system-out><![CDATA[🧾 Row 1: {Salary=28000.0, Email=Jbravo@demoqa.com, Address=511 Grant 481, Prattsville\n Arkansas 72129\n United States, First Name=Johny, Gender=Male, City=Delhi, Mobile=9.238343488E9, Hobbies=Sports,Music, Subject=Computer Science, Current Address=301 Town 481, Brookville\n kansas 42129\n United States, Department=Information Technology, DOB=15/08/2000, Picture=/TestData/Mphoto.jpg, State=NCR, Last Name=Bravo, Age=34.0}
🔍 Mapping field: firstName | Excel Column: First Name | Value: Johny
🔍 Mapping field: lastName | Excel Column: Last Name | Value: Bravo
🔍 Mapping field: email | Excel Column: Email | Value: Jbravo@demoqa.com
🔍 Mapping field: salary | Excel Column: Salary | Value: 28000.0
🔍 Mapping field: age | Excel Column: Age | Value: 34.0
🔍 Mapping field: department | Excel Column: Department | Value: Information Technology
🧾 Row 2: {Salary=18000.0, Email=GFemina@demoqa.com, Address=512 Grant 481, Prattsville\n Arkansas 72129\n United States, First Name=Gene, Gender=Female, City=Merrut, Mobile=1.888343432E9, Hobbies=Music,Reading, Subject=Accounting, Current Address=302 Town 481, Brookville\n kansas 42129\n United States, Department=Finance, DOB=22/05/2002, Picture=/TestData/Fphoto.png, State=Uttar Pradesh, Last Name=Femina, Age=30.0}
🔍 Mapping field: firstName | Excel Column: First Name | Value: Gene
🔍 Mapping field: lastName | Excel Column: Last Name | Value: Femina
🔍 Mapping field: email | Excel Column: Email | Value: GFemina@demoqa.com
🔍 Mapping field: salary | Excel Column: Salary | Value: 18000.0
🔍 Mapping field: age | Excel Column: Age | Value: 30.0
🔍 Mapping field: department | Excel Column: Department | Value: Finance
🧾 Row 3: {Salary=15000.0, Email=BWisem@demoqa.com, Address=513 Grant 481, Prattsville\n Arkansas 72129\n United States, First Name=Bud, Gender=Other, City=Panipat, Mobile=8.932465432E9, Hobbies=Reading, Subject=Biology, Current Address=303 Town 481, Brookville\n kansas 42129\n United States, Department=Medicine, DOB=31/12/1999, Picture=/TestData/Ophoto.jpg, State=Haryana, Last Name=Wisem, Age=40.0}
🔍 Mapping field: firstName | Excel Column: First Name | Value: Bud
🔍 Mapping field: lastName | Excel Column: Last Name | Value: Wisem
🔍 Mapping field: email | Excel Column: Email | Value: BWisem@demoqa.com
🔍 Mapping field: salary | Excel Column: Salary | Value: 15000.0
🔍 Mapping field: age | Excel Column: Age | Value: 40.0
🔍 Mapping field: department | Excel Column: Department | Value: Medicine
🧾 Row 4: {Salary=19000.0, Email=TBoss@demoqa.com, Address=514 Grant 481, Prattsville\n Arkansas 72129\n United States, First Name=Tom, Gender=Male, City=Jaiselmer, Mobile=7.839875281E9, Hobbies=Sports,Reading, Subject=Social Studies, Current Address=304 Town 481, Brookville\n kansas 42129\n United States, Department=Recreation, DOB=1/26/03, Picture=/TestData/M2photo.jpg, State=Rajasthan, Last Name=Boss, Age=42.0}
🔍 Mapping field: firstName | Excel Column: First Name | Value: Tom
🔍 Mapping field: lastName | Excel Column: Last Name | Value: Boss
🔍 Mapping field: email | Excel Column: Email | Value: TBoss@demoqa.com
🔍 Mapping field: salary | Excel Column: Salary | Value: 19000.0
🔍 Mapping field: age | Excel Column: Age | Value: 42.0
🔍 Mapping field: department | Excel Column: Department | Value: Recreation
]]></system-out>
  </testcase>
  <testcase name="setUP" classname="tests.ElementsTests" time="0.0">
    <skipped/>
  </testcase>
  <testcase name="setUP" classname="tests.ElementsTests" time="0.0">
    <skipped/>
  </testcase>
  <testcase name="setUP" classname="tests.ElementsTests" time="0.0">
    <skipped/>
  </testcase>
  <testcase name="setUP" classname="tests.ElementsTests" time="0.0">
    <skipped/>
  </testcase>
  <testcase name="setUP" classname="tests.ElementsTests" time="0.0">
    <skipped/>
  </testcase>
  <testcase name="setUP" classname="tests.ElementsTests" time="0.0">
    <skipped/>
  </testcase>
  <testcase name="setUP" classname="tests.ElementsTests" time="0.0">
    <skipped/>
  </testcase>
  <testcase name="setUP" classname="tests.ElementsTests" time="0.0">
    <skipped/>
  </testcase>
  <testcase name="setUP" classname="tests.ElementsTests" time="0.0">
    <skipped/>
  </testcase>
  <testcase name="setUP" classname="tests.ElementsTests" time="0.0">
    <skipped/>
  </testcase>
  <testcase name="setUP" classname="tests.ElementsTests" time="0.0">
    <skipped/>
  </testcase>
  <testcase name="setUP" classname="tests.ElementsTests" time="0.0">
    <skipped/>
  </testcase>
  <testcase name="setUP" classname="tests.ElementsTests" time="0.0">
    <skipped/>
  </testcase>
  <testcase name="setUP" classname="tests.ElementsTests" time="0.0">
    <skipped/>
  </testcase>
  <testcase name="setUP" classname="tests.ElementsTests" time="0.0">
    <skipped/>
  </testcase>
  <testcase name="setUP" classname="tests.ElementsTests" time="0.0">
    <skipped/>
  </testcase>
  <testcase name="setUP" classname="tests.ElementsTests" time="0.0">
    <skipped/>
  </testcase>
  <testcase name="setUP" classname="tests.ElementsTests" time="0.0">
    <skipped/>
  </testcase>
  <testcase name="setUP" classname="tests.ElementsTests" time="0.0">
    <skipped/>
  </testcase>
  <testcase name="setUP" classname="tests.ElementsTests" time="0.0">
    <skipped/>
  </testcase>
  <testcase name="setUP" classname="tests.ElementsTests" time="0.0">
    <skipped/>
  </testcase>
  <testcase name="setUP" classname="tests.ElementsTests" time="0.0">
    <skipped/>
  </testcase>
  <testcase name="setUP" classname="tests.ElementsTests" time="0.0">
    <skipped/>
  </testcase>
  <testcase name="setUP" classname="tests.ElementsTests" time="0.0">
    <skipped/>
  </testcase>
  <testcase name="setUP" classname="tests.ElementsTests" time="0.0">
    <skipped/>
  </testcase>
  <testcase name="setUP" classname="tests.ElementsTests" time="0.0">
    <skipped/>
  </testcase>
  <testcase name="setUP" classname="tests.ElementsTests" time="0.0">
    <skipped/>
  </testcase>
  <testcase name="setUP" classname="tests.ElementsTests" time="0.0">
    <skipped/>
  </testcase>
  <testcase name="setUP" classname="tests.ElementsTests" time="0.0">
    <skipped/>
  </testcase>
  <testcase name="setUP" classname="tests.ElementsTests" time="0.0">
    <skipped/>
  </testcase>
  <testcase name="setUP" classname="tests.ElementsTests" time="0.0">
    <skipped/>
  </testcase>
  <testcase name="SelectingWordFile" classname="tests.ElementsTests" time="0.0">
    <skipped message="Failed to navigate to https://demoqa.com after 3 attempts"/>
  </testcase>
  <testcase name="tearDown" classname="tests.ElementsTests" time="0.0">
    <skipped/>
  </testcase>
  <testcase name="tearDown" classname="tests.ElementsTests" time="0.0">
    <skipped/>
  </testcase>
  <testcase name="tearDown" classname="tests.ElementsTests" time="0.0">
    <skipped/>
  </testcase>
  <testcase name="tearDown" classname="tests.ElementsTests" time="0.0">
    <skipped/>
  </testcase>
  <testcase name="tearDown" classname="tests.ElementsTests" time="0.0">
    <skipped/>
  </testcase>
  <testcase name="tearDown" classname="tests.ElementsTests" time="0.0">
    <skipped/>
  </testcase>
  <testcase name="tearDown" classname="tests.ElementsTests" time="0.0">
    <skipped/>
  </testcase>
  <testcase name="tearDown" classname="tests.ElementsTests" time="0.0">
    <skipped/>
  </testcase>
  <testcase name="tearDown" classname="tests.ElementsTests" time="0.0">
    <skipped/>
  </testcase>
  <testcase name="tearDown" classname="tests.ElementsTests" time="0.0">
    <skipped/>
  </testcase>
  <testcase name="tearDown" classname="tests.ElementsTests" time="0.0">
    <skipped/>
  </testcase>
  <testcase name="tearDown" classname="tests.ElementsTests" time="0.0">
    <skipped/>
  </testcase>
  <testcase name="tearDown" classname="tests.ElementsTests" time="0.0">
    <skipped/>
  </testcase>
  <testcase name="tearDown" classname="tests.ElementsTests" time="0.0">
    <skipped/>
  </testcase>
  <testcase name="tearDown" classname="tests.ElementsTests" time="0.0">
    <skipped/>
  </testcase>
  <testcase name="tearDown" classname="tests.ElementsTests" time="0.0">
    <skipped/>
  </testcase>
  <testcase name="tearDown" classname="tests.ElementsTests" time="0.0">
    <skipped/>
  </testcase>
  <testcase name="tearDown" classname="tests.ElementsTests" time="0.0">
    <skipped/>
  </testcase>
  <testcase name="tearDown" classname="tests.ElementsTests" time="0.0">
    <skipped/>
  </testcase>
  <testcase name="tearDown" classname="tests.ElementsTests" time="0.0">
    <skipped/>
  </testcase>
  <testcase name="tearDown" classname="tests.ElementsTests" time="0.0">
    <skipped/>
  </testcase>
  <testcase name="tearDown" classname="tests.ElementsTests" time="0.0">
    <skipped/>
  </testcase>
  <testcase name="tearDown" classname="tests.ElementsTests" time="0.0">
    <skipped/>
  </testcase>
  <testcase name="tearDown" classname="tests.ElementsTests" time="0.0">
    <skipped/>
  </testcase>
  <testcase name="tearDown" classname="tests.ElementsTests" time="0.0">
    <skipped/>
  </testcase>
  <testcase name="tearDown" classname="tests.ElementsTests" time="0.0">
    <skipped/>
  </testcase>
  <testcase name="tearDown" classname="tests.ElementsTests" time="0.0">
    <skipped/>
  </testcase>
  <testcase name="tearDown" classname="tests.ElementsTests" time="0.0">
    <skipped/>
  </testcase>
  <testcase name="tearDown" classname="tests.ElementsTests" time="0.0">
    <skipped/>
  </testcase>
  <testcase name="tearDown" classname="tests.ElementsTests" time="0.0">
    <skipped/>
  </testcase>
  <testcase name="tearDown" classname="tests.ElementsTests" time="0.0">
    <skipped/>
  </testcase>
  <testcase name="tearDown" classname="tests.ElementsTests" time="0.0">
    <skipped/>
  </testcase>
  <testcase name="tearDown" classname="tests.ElementsTests" time="0.0">
    <skipped/>
  </testcase>
  <testcase name="tearDown" classname="tests.ElementsTests" time="0.0">
    <skipped/>
  </testcase>
  <testcase name="tearDown" classname="tests.ElementsTests" time="0.0">
    <skipped/>
  </testcase>
  <testcase name="tearDown" classname="tests.ElementsTests" time="0.0">
    <skipped/>
  </testcase>
  <testcase name="tearDown" classname="tests.ElementsTests" time="0.0">
    <skipped/>
  </testcase>
  <testcase name="tearDown" classname="tests.ElementsTests" time="0.0">
    <skipped/>
  </testcase>
  <testcase name="tearDown" classname="tests.ElementsTests" time="0.0">
    <skipped/>
  </testcase>
  <testcase name="tearDown" classname="tests.ElementsTests" time="0.0">
    <skipped/>
  </testcase>
  <testcase name="tearDown" classname="tests.ElementsTests" time="0.0">
    <skipped/>
  </testcase>
  <testcase name="tearDown" classname="tests.ElementsTests" time="0.0">
    <skipped/>
  </testcase>
  <testcase name="tearDown" classname="tests.ElementsTests" time="0.0">
    <skipped/>
  </testcase>
  <testcase name="tearDown" classname="tests.ElementsTests" time="0.0">
    <skipped/>
  </testcase>
  <testcase name="tearDown" classname="tests.ElementsTests" time="0.0">
    <skipped/>
  </testcase>
  <testcase name="tearDown" classname="tests.ElementsTests" time="0.0">
    <skipped/>
  </testcase>
  <testcase name="SelectingExcelFile" classname="tests.ElementsTests" time="0.0">
    <skipped message="Failed to navigate to https://demoqa.com after 3 attempts"/>
  </testcase>
  <testcase name="SelectingAllFiles" classname="tests.ElementsTests" time="0.0">
    <skipped message="Failed to navigate to https://demoqa.com after 3 attempts"/>
  </testcase>
  <testcase name="clickRadioButton" classname="tests.ElementsTests" time="0.0">
    <skipped message="Failed to navigate to https://demoqa.com after 3 attempts"/>
  </testcase>
  <testcase name="SelectYesRadioButton" classname="tests.ElementsTests" time="0.0">
    <skipped message="Failed to navigate to https://demoqa.com after 3 attempts"/>
  </testcase>
  <testcase name="SelectImpressiveRadioButton" classname="tests.ElementsTests" time="0.0">
    <skipped message="Failed to navigate to https://demoqa.com after 3 attempts"/>
  </testcase>
  <testcase name="WebTablesClick" classname="tests.ElementsTests" time="0.0">
    <skipped message="Failed to navigate to https://demoqa.com after 3 attempts"/>
  </testcase>
  <testcase name="webTableNewRegistration[WebTableUser{firstName=&apos;Johny&apos;, lastName=&apos;Bravo&apos;, email=&apos;Jbravo@demoqa.com&apos;, salary=280000, age=340, department=&apos;Information Technology&apos;}](1)" classname="tests.ElementsTests" time="0.0">
    <skipped message="Failed to navigate to https://demoqa.com after 3 attempts"/>
  </testcase>
  <testcase name="webTableNewRegistration[WebTableUser{firstName=&apos;Gene&apos;, lastName=&apos;Femina&apos;, email=&apos;GFemina@demoqa.com&apos;, salary=180000, age=300, department=&apos;Finance&apos;}](2)" classname="tests.ElementsTests" time="0.0">
    <skipped message="Failed to navigate to https://demoqa.com after 3 attempts"/>
  </testcase>
  <testcase name="webTableNewRegistration[WebTableUser{firstName=&apos;Bud&apos;, lastName=&apos;Wisem&apos;, email=&apos;BWisem@demoqa.com&apos;, salary=150000, age=400, department=&apos;Medicine&apos;}](3)" classname="tests.ElementsTests" time="0.0">
    <skipped message="Failed to navigate to https://demoqa.com after 3 attempts"/>
  </testcase>
  <testcase name="webTableNewRegistration[WebTableUser{firstName=&apos;Tom&apos;, lastName=&apos;Boss&apos;, email=&apos;TBoss@demoqa.com&apos;, salary=190000, age=420, department=&apos;Recreation&apos;}](4)" classname="tests.ElementsTests" time="0.0">
    <skipped message="Failed to navigate to https://demoqa.com after 3 attempts"/>
  </testcase>
  <testcase name="webTableAddSearch[WebTableUser{firstName=&apos;Johny&apos;, lastName=&apos;Bravo&apos;, email=&apos;Jbravo@demoqa.com&apos;, salary=280000, age=340, department=&apos;Information Technology&apos;}](1)" classname="tests.ElementsTests" time="0.0">
    <skipped message="Failed to navigate to https://demoqa.com after 3 attempts"/>
  </testcase>
  <testcase name="webTableAddEditFirstName[WebTableUser{firstName=&apos;Johny&apos;, lastName=&apos;Bravo&apos;, email=&apos;Jbravo@demoqa.com&apos;, salary=280000, age=340, department=&apos;Information Technology&apos;}](1)" classname="tests.ElementsTests" time="0.0">
    <skipped message="Failed to navigate to https://demoqa.com after 3 attempts"/>
  </testcase>
  <testcase name="webTableAddSearchEdit[WebTableUser{firstName=&apos;Johny&apos;, lastName=&apos;Bravo&apos;, email=&apos;Jbravo@demoqa.com&apos;, salary=280000, age=340, department=&apos;Information Technology&apos;}](1)" classname="tests.ElementsTests" time="0.0">
    <skipped message="Failed to navigate to https://demoqa.com after 3 attempts"/>
  </testcase>
  <testcase name="webTableDeleteUser[WebTableUser{firstName=&apos;Johny&apos;, lastName=&apos;Bravo&apos;, email=&apos;Jbravo@demoqa.com&apos;, salary=280000, age=340, department=&apos;Information Technology&apos;}](1)" classname="tests.ElementsTests" time="0.0">
    <skipped message="Failed to navigate to https://demoqa.com after 3 attempts"/>
  </testcase>
  <testcase name="testAddAllUsersFromExcel" classname="tests.ElementsTests" time="0.0">
    <skipped message="Failed to navigate to https://demoqa.com after 3 attempts"/>
  </testcase>
  <testcase name="testAddAllUsersSearchEdit" classname="tests.ElementsTests" time="0.0">
    <skipped message="Failed to navigate to https://demoqa.com after 3 attempts"/>
  </testcase>
  <testcase name="EditSalaryDepartment" classname="tests.ElementsTests" time="0.0">
    <skipped message="Failed to navigate to https://demoqa.com after 3 attempts"/>
  </testcase>
  <testcase name="Buttons" classname="tests.ElementsTests" time="0.0">
    <skipped message="Failed to navigate to https://demoqa.com after 3 attempts"/>
  </testcase>
  <testcase name="DoubleClickButtons" classname="tests.ElementsTests" time="0.0">
    <skipped message="Failed to navigate to https://demoqa.com after 3 attempts"/>
  </testcase>
  <testcase name="RightClickButton" classname="tests.ElementsTests" time="0.0">
    <skipped message="Failed to navigate to https://demoqa.com after 3 attempts"/>
  </testcase>
  <testcase name="ClickMeButton" classname="tests.ElementsTests" time="0.0">
    <skipped message="Failed to navigate to https://demoqa.com after 3 attempts"/>
  </testcase>
  <testcase name="ClickAllButtons" classname="tests.ElementsTests" time="0.0">
    <skipped message="Failed to navigate to https://demoqa.com after 3 attempts"/>
  </testcase>
  <testcase name="ClickLinks" classname="tests.ElementsTests" time="0.0">
    <skipped message="Failed to navigate to https://demoqa.com after 3 attempts"/>
  </testcase>
  <testcase name="ClickHomeLink" classname="tests.ElementsTests" time="0.0">
    <skipped message="Failed to navigate to https://demoqa.com after 3 attempts"/>
  </testcase>
  <testcase name="ClickDynamicHomeLink" classname="tests.ElementsTests" time="0.0">
    <skipped message="Failed to navigate to https://demoqa.com after 3 attempts"/>
  </testcase>
  <testcase name="ClickCreatedAPILink" classname="tests.ElementsTests" time="0.0">
    <skipped message="Failed to navigate to https://demoqa.com after 3 attempts"/>
  </testcase>
  <testcase name="ClickNoContentLink" classname="tests.ElementsTests" time="0.0">
    <skipped message="Failed to navigate to https://demoqa.com after 3 attempts"/>
  </testcase>
  <testcase name="ClickMovedLink" classname="tests.ElementsTests" time="0.0">
    <skipped message="Failed to navigate to https://demoqa.com after 3 attempts"/>
  </testcase>
  <testcase name="ClickBadRequestLink" classname="tests.ElementsTests" time="0.0">
    <skipped message="Failed to navigate to https://demoqa.com after 3 attempts"/>
  </testcase>
  <testcase name="ClickUnauthorizedLink" classname="tests.ElementsTests" time="0.0">
    <skipped message="Failed to navigate to https://demoqa.com after 3 attempts"/>
  </testcase>
  <testcase name="ClickForbiddenLink" classname="tests.ElementsTests" time="0.0">
    <skipped message="Failed to navigate to https://demoqa.com after 3 attempts"/>
  </testcase>
  <testcase name="ClickNotFoundLink" classname="tests.ElementsTests" time="0.0">
    <skipped message="Failed to navigate to https://demoqa.com after 3 attempts"/>
  </testcase>
  <testcase name="ClickAllLinks" classname="tests.ElementsTests" time="0.0">
    <skipped message="Failed to navigate to https://demoqa.com after 3 attempts"/>
  </testcase>
  <testcase name="ClickBrokenLinksImages" classname="tests.ElementsTests" time="0.0">
    <skipped message="Failed to navigate to https://demoqa.com after 3 attempts"/>
  </testcase>
  <testcase name="GetValidImage" classname="tests.ElementsTests" time="0.0">
    <skipped message="Failed to navigate to https://demoqa.com after 3 attempts"/>
  </testcase>
  <testcase name="GetBrokenImage" classname="tests.ElementsTests" time="0.0">
    <skipped message="Failed to navigate to https://demoqa.com after 3 attempts"/>
  </testcase>
  <testcase name="BrokenLinksBrokenlink" classname="tests.ElementsTests" time="0.0">
    <skipped message="Failed to navigate to https://demoqa.com after 3 attempts"/>
  </testcase>
  <testcase name="BrokenLinksValidlink" classname="tests.ElementsTests" time="0.0">
    <skipped message="Failed to navigate to https://demoqa.com after 3 attempts"/>
  </testcase>
  <testcase name="UploadDownloadlink" classname="tests.ElementsTests" time="0.0">
    <skipped message="Failed to navigate to https://demoqa.com after 3 attempts"/>
  </testcase>
  <testcase name="Downloadbtn" classname="tests.ElementsTests" time="0.0">
    <skipped message="Failed to navigate to https://demoqa.com after 3 attempts"/>
  </testcase>
  <testcase name="Uploadbtn" classname="tests.ElementsTests" time="0.0">
    <skipped message="Failed to navigate to https://demoqa.com after 3 attempts"/>
  </testcase>
  <testcase name="DynamicPropertiesbtn" classname="tests.ElementsTests" time="0.0">
    <skipped message="Failed to navigate to https://demoqa.com after 3 attempts"/>
  </testcase>
  <testcase name="ColorChangebtn" classname="tests.ElementsTests" time="0.0">
    <skipped message="Failed to navigate to https://demoqa.com after 3 attempts"/>
  </testcase>
  <testcase name="WillEnablebtn" classname="tests.ElementsTests" time="0.0">
    <skipped message="Failed to navigate to https://demoqa.com after 3 attempts"/>
  </testcase>
  <testcase name="VisibleAfterbtn" classname="tests.ElementsTests" time="0.0">
    <skipped message="Failed to navigate to https://demoqa.com after 3 attempts"/>
  </testcase>
  <testcase name="FormsCard" classname="tests.FormTests" time="1.109">
    <system-out><![CDATA[2025-09-07 14:31:45 [main] INFO  demoqaBase - Starting Web Browser...
2025-09-07 14:31:47 [main] INFO  demoqaBase - Navigating to demoqa.com Website
2025-09-07 14:32:17 [main] WARN  RetryUrlAccess - Attempt 1 failed due to retryable error: timeout: timed out receiving message from renderer: 29.153
  (session info: chrome=137.0.7151.120)
build info: version: '4.35.0', revision: '1c58e5028b'
system info: os.name: 'windows 11', os.arch: 'amd64', os.version: '10.0', java.version: '21.0.7'
driver info: org.openqa.selenium.chrome.chromedriver
command: [16c87f5d19205c7463aeeb10f763f03c, get {url=https://demoqa.com}]
capabilities {acceptinsecurecerts: false, browsername: chrome, browserversion: 137.0.7151.120, chrome: {chromedriverversion: 137.0.7151.119 (e0ac9d12dff..., userdatadir: c:\users\dell\appdata\local...}, fedcm:accounts: true, goog:chromeoptions: {debuggeraddress: localhost:63302}, networkconnectionenabled: false, pageloadstrategy: normal, platformname: windows, proxy: proxy(), se:cdp: ws://localhost:63302/devtoo..., se:cdpversion: 137.0.7151.120, setwindowrect: true, strictfileinteractability: false, timeouts: {implicit: 0, pageload: 300000, script: 30000}, unhandledpromptbehavior: dismiss and notify, webauthn:extension:credblob: true, webauthn:extension:largeblob: true, webauthn:extension:minpinlength: true, webauthn:extension:prf: true, webauthn:virtualauthenticators: true}
session id: 16c87f5d19205c7463aeeb10f763f03c. Retrying after 3000ms...
2025-09-07 14:32:50 [main] WARN  RetryUrlAccess - Attempt 2 failed due to retryable error: timeout: timed out receiving message from renderer: 29.839
  (session info: chrome=137.0.7151.120)
build info: version: '4.35.0', revision: '1c58e5028b'
system info: os.name: 'windows 11', os.arch: 'amd64', os.version: '10.0', java.version: '21.0.7'
driver info: org.openqa.selenium.chrome.chromedriver
command: [16c87f5d19205c7463aeeb10f763f03c, get {url=https://demoqa.com}]
capabilities {acceptinsecurecerts: false, browsername: chrome, browserversion: 137.0.7151.120, chrome: {chromedriverversion: 137.0.7151.119 (e0ac9d12dff..., userdatadir: c:\users\dell\appdata\local...}, fedcm:accounts: true, goog:chromeoptions: {debuggeraddress: localhost:63302}, networkconnectionenabled: false, pageloadstrategy: normal, platformname: windows, proxy: proxy(), se:cdp: ws://localhost:63302/devtoo..., se:cdpversion: 137.0.7151.120, setwindowrect: true, strictfileinteractability: false, timeouts: {implicit: 0, pageload: 300000, script: 30000}, unhandledpromptbehavior: dismiss and notify, webauthn:extension:credblob: true, webauthn:extension:largeblob: true, webauthn:extension:minpinlength: true, webauthn:extension:prf: true, webauthn:virtualauthenticators: true}
session id: 16c87f5d19205c7463aeeb10f763f03c. Retrying after 3000ms...
2025-09-07 14:32:53 [main] INFO  RetryUrlAccess - Successfully navigated to: https://demoqa.com
2025-09-07 14:32:53 [main] INFO  demoqaBase - 🧪 Starting Form Card Test...
2025-09-07 14:32:53 [main] INFO  demoqaBase - Accessing Form Card...
2025-09-07 14:32:54 [main] INFO  RetryUrlAccess - Successfully navigated to: https://demoqa.com
2025-09-07 14:32:54 [main] INFO  demoqaLog - Clicking on Form Card...
2025-09-07 14:32:54 [main] INFO  demoqaLog - ✅ JS click executed on element: {}
2025-09-07 14:32:54 [main] INFO  demoqaLog - Clicked on Forms Card...
Page Text is: Please select an item from left to start practice.
Title of this Page is: DEMOQA
2025-09-07 14:32:54 [main] INFO  demoqaBase - ✅ Form Card Test Completed...
]]></system-out>
  </testcase>
  <testcase name="FormButton" classname="tests.FormTests" time="0.493">
    <system-out><![CDATA[2025-09-07 14:32:54 [main] INFO  demoqaBase - Closing the Browser...
2025-09-07 14:32:55 [main] INFO  demoqaBase - Starting Web Browser...
2025-09-07 14:32:59 [main] INFO  demoqaBase - Navigating to demoqa.com Website
2025-09-07 14:33:29 [main] WARN  RetryUrlAccess - Attempt 1 failed due to retryable error: timeout: timed out receiving message from renderer: 29.160
  (session info: chrome=137.0.7151.120)
build info: version: '4.35.0', revision: '1c58e5028b'
system info: os.name: 'windows 11', os.arch: 'amd64', os.version: '10.0', java.version: '21.0.7'
driver info: org.openqa.selenium.chrome.chromedriver
command: [2c0bd54f50e0d9acaef2dec6603a4071, get {url=https://demoqa.com}]
capabilities {acceptinsecurecerts: false, browsername: chrome, browserversion: 137.0.7151.120, chrome: {chromedriverversion: 137.0.7151.119 (e0ac9d12dff..., userdatadir: c:\users\dell\appdata\local...}, fedcm:accounts: true, goog:chromeoptions: {debuggeraddress: localhost:63503}, networkconnectionenabled: false, pageloadstrategy: normal, platformname: windows, proxy: proxy(), se:cdp: ws://localhost:63503/devtoo..., se:cdpversion: 137.0.7151.120, setwindowrect: true, strictfileinteractability: false, timeouts: {implicit: 0, pageload: 300000, script: 30000}, unhandledpromptbehavior: dismiss and notify, webauthn:extension:credblob: true, webauthn:extension:largeblob: true, webauthn:extension:minpinlength: true, webauthn:extension:prf: true, webauthn:virtualauthenticators: true}
session id: 2c0bd54f50e0d9acaef2dec6603a4071. Retrying after 3000ms...
2025-09-07 14:33:33 [main] INFO  RetryUrlAccess - Successfully navigated to: https://demoqa.com
2025-09-07 14:33:33 [main] INFO  demoqaBase - 🧪 Starting Form Card Test...
2025-09-07 14:33:33 [main] INFO  demoqaLog - Clicking on Form Card...
2025-09-07 14:33:33 [main] INFO  demoqaLog - ✅ JS click executed on element: {}
2025-09-07 14:33:33 [main] INFO  demoqaLog - Clicked on Forms Card...
2025-09-07 14:33:33 [main] INFO  demoqaBase - Clicking on Practice Form...
2025-09-07 14:33:33 [main] INFO  demoqaBase - Clicked on Practice Form...
Title of this Page is: DEMOQA
2025-09-07 14:33:33 [main] INFO  demoqaBase - ✅ Form Card|Practice Forms Test Completed...
]]></system-out>
  </testcase>
  <testcase name="fillForm[UserFormData{firstName=&apos;Johny&apos;, lastName=&apos;Bravo&apos;, userMail=&apos;Jbravo@demoqa.com&apos;, gender=&apos;Male&apos;, mobile=&apos;9.238343488E9&apos;, dob=&apos;15/08/2000&apos;, subject=&apos;Computer Science&apos;, hobbies=&apos;Sports,Music&apos;, picturePath=&apos;/TestData/Mphoto.jpg&apos;, address=&apos;511 Grant 481, Prattsville\n Arkansas 72129\n United States&apos;, state=&apos;NCR&apos;, city=&apos;Delhi&apos;}](1)" classname="tests.FormTests" time="6.456">
    <system-out><![CDATA[2025-09-07 14:33:33 [main] INFO  demoqaBase - Closing the Browser...
🧾 Row 1: {Salary=28000.0, Email=Jbravo@demoqa.com, Address=511 Grant 481, Prattsville\n Arkansas 72129\n United States, First Name=Johny, Gender=Male, City=Delhi, Mobile=9.238343488E9, Hobbies=Sports,Music, Subject=Computer Science, Current Address=301 Town 481, Brookville\n kansas 42129\n United States, Department=Information Technology, DOB=15/08/2000, Picture=/TestData/Mphoto.jpg, State=NCR, Last Name=Bravo, Age=34.0}
🔍 Mapping field: firstName | Excel Column: First Name | Value: Johny
🔍 Mapping field: lastName | Excel Column: Last Name | Value: Bravo
🔍 Mapping field: userMail | Excel Column: Email | Value: Jbravo@demoqa.com
🔍 Mapping field: gender | Excel Column: Gender | Value: Male
🔍 Mapping field: mobile | Excel Column: Mobile | Value: 9.238343488E9
🔍 Mapping field: dob | Excel Column: DOB | Value: 15/08/2000
🔍 Mapping field: subject | Excel Column: Subject | Value: Computer Science
🔍 Mapping field: hobbies | Excel Column: Hobbies | Value: Sports,Music
🔍 Mapping field: picturePath | Excel Column: Picture | Value: /TestData/Mphoto.jpg
🔍 Mapping field: address | Excel Column: Address | Value: 511 Grant 481, Prattsville\n Arkansas 72129\n United States
🔍 Mapping field: state | Excel Column: State | Value: NCR
🔍 Mapping field: city | Excel Column: City | Value: Delhi
🧾 Row 2: {Salary=18000.0, Email=GFemina@demoqa.com, Address=512 Grant 481, Prattsville\n Arkansas 72129\n United States, First Name=Gene, Gender=Female, City=Merrut, Mobile=1.888343432E9, Hobbies=Music,Reading, Subject=Accounting, Current Address=302 Town 481, Brookville\n kansas 42129\n United States, Department=Finance, DOB=22/05/2002, Picture=/TestData/Fphoto.png, State=Uttar Pradesh, Last Name=Femina, Age=30.0}
🔍 Mapping field: firstName | Excel Column: First Name | Value: Gene
🔍 Mapping field: lastName | Excel Column: Last Name | Value: Femina
🔍 Mapping field: userMail | Excel Column: Email | Value: GFemina@demoqa.com
🔍 Mapping field: gender | Excel Column: Gender | Value: Female
🔍 Mapping field: mobile | Excel Column: Mobile | Value: 1.888343432E9
🔍 Mapping field: dob | Excel Column: DOB | Value: 22/05/2002
🔍 Mapping field: subject | Excel Column: Subject | Value: Accounting
🔍 Mapping field: hobbies | Excel Column: Hobbies | Value: Music,Reading
🔍 Mapping field: picturePath | Excel Column: Picture | Value: /TestData/Fphoto.png
🔍 Mapping field: address | Excel Column: Address | Value: 512 Grant 481, Prattsville\n Arkansas 72129\n United States
🔍 Mapping field: state | Excel Column: State | Value: Uttar Pradesh
🔍 Mapping field: city | Excel Column: City | Value: Merrut
🧾 Row 3: {Salary=15000.0, Email=BWisem@demoqa.com, Address=513 Grant 481, Prattsville\n Arkansas 72129\n United States, First Name=Bud, Gender=Other, City=Panipat, Mobile=8.932465432E9, Hobbies=Reading, Subject=Biology, Current Address=303 Town 481, Brookville\n kansas 42129\n United States, Department=Medicine, DOB=31/12/1999, Picture=/TestData/Ophoto.jpg, State=Haryana, Last Name=Wisem, Age=40.0}
🔍 Mapping field: firstName | Excel Column: First Name | Value: Bud
🔍 Mapping field: lastName | Excel Column: Last Name | Value: Wisem
🔍 Mapping field: userMail | Excel Column: Email | Value: BWisem@demoqa.com
🔍 Mapping field: gender | Excel Column: Gender | Value: Other
🔍 Mapping field: mobile | Excel Column: Mobile | Value: 8.932465432E9
🔍 Mapping field: dob | Excel Column: DOB | Value: 31/12/1999
🔍 Mapping field: subject | Excel Column: Subject | Value: Biology
🔍 Mapping field: hobbies | Excel Column: Hobbies | Value: Reading
🔍 Mapping field: picturePath | Excel Column: Picture | Value: /TestData/Ophoto.jpg
🔍 Mapping field: address | Excel Column: Address | Value: 513 Grant 481, Prattsville\n Arkansas 72129\n United States
🔍 Mapping field: state | Excel Column: State | Value: Haryana
🔍 Mapping field: city | Excel Column: City | Value: Panipat
🧾 Row 4: {Salary=19000.0, Email=TBoss@demoqa.com, Address=514 Grant 481, Prattsville\n Arkansas 72129\n United States, First Name=Tom, Gender=Male, City=Jaiselmer, Mobile=7.839875281E9, Hobbies=Sports,Reading, Subject=Social Studies, Current Address=304 Town 481, Brookville\n kansas 42129\n United States, Department=Recreation, DOB=1/26/03, Picture=/TestData/M2photo.jpg, State=Rajasthan, Last Name=Boss, Age=42.0}
🔍 Mapping field: firstName | Excel Column: First Name | Value: Tom
🔍 Mapping field: lastName | Excel Column: Last Name | Value: Boss
🔍 Mapping field: userMail | Excel Column: Email | Value: TBoss@demoqa.com
🔍 Mapping field: gender | Excel Column: Gender | Value: Male
🔍 Mapping field: mobile | Excel Column: Mobile | Value: 7.839875281E9
🔍 Mapping field: dob | Excel Column: DOB | Value: 1/26/03
🔍 Mapping field: subject | Excel Column: Subject | Value: Social Studies
🔍 Mapping field: hobbies | Excel Column: Hobbies | Value: Sports,Reading
🔍 Mapping field: picturePath | Excel Column: Picture | Value: /TestData/M2photo.jpg
🔍 Mapping field: address | Excel Column: Address | Value: 514 Grant 481, Prattsville\n Arkansas 72129\n United States
🔍 Mapping field: state | Excel Column: State | Value: Rajasthan
🔍 Mapping field: city | Excel Column: City | Value: Jaiselmer
2025-09-07 14:33:34 [main] INFO  demoqaBase - Starting Web Browser...
2025-09-07 14:33:35 [main] INFO  demoqaBase - Navigating to demoqa.com Website
2025-09-07 14:34:05 [main] WARN  RetryUrlAccess - Attempt 1 failed due to retryable error: timeout: timed out receiving message from renderer: 29.148
  (session info: chrome=137.0.7151.120)
build info: version: '4.35.0', revision: '1c58e5028b'
system info: os.name: 'windows 11', os.arch: 'amd64', os.version: '10.0', java.version: '21.0.7'
driver info: org.openqa.selenium.chrome.chromedriver
command: [7f5abddcf7574291de64ad6545a7f4f1, get {url=https://demoqa.com}]
capabilities {acceptinsecurecerts: false, browsername: chrome, browserversion: 137.0.7151.120, chrome: {chromedriverversion: 137.0.7151.119 (e0ac9d12dff..., userdatadir: c:\users\dell\appdata\local...}, fedcm:accounts: true, goog:chromeoptions: {debuggeraddress: localhost:63686}, networkconnectionenabled: false, pageloadstrategy: normal, platformname: windows, proxy: proxy(), se:cdp: ws://localhost:63686/devtoo..., se:cdpversion: 137.0.7151.120, setwindowrect: true, strictfileinteractability: false, timeouts: {implicit: 0, pageload: 300000, script: 30000}, unhandledpromptbehavior: dismiss and notify, webauthn:extension:credblob: true, webauthn:extension:largeblob: true, webauthn:extension:minpinlength: true, webauthn:extension:prf: true, webauthn:virtualauthenticators: true}
session id: 7f5abddcf7574291de64ad6545a7f4f1. Retrying after 3000ms...
2025-09-07 14:34:11 [main] INFO  RetryUrlAccess - Successfully navigated to: https://demoqa.com
2025-09-07 14:34:11 [main] INFO  demoqaBase - 🧪 Starting Form Filling Test...
2025-09-07 14:34:11 [main] INFO  RetryUrlAccess - Successfully navigated to: https://demoqa.com
2025-09-07 14:34:11 [main] INFO  demoqaBase - Accessing Form Card...
2025-09-07 14:34:12 [main] INFO  RetryUrlAccess - Successfully navigated to: https://demoqa.com
2025-09-07 14:34:12 [main] INFO  demoqaLog - Clicking on Form Card...
2025-09-07 14:34:12 [main] INFO  demoqaLog - ✅ JS click executed on element: {}
2025-09-07 14:34:12 [main] INFO  demoqaLog - Clicked on Forms Card...
Page Text is: Please select an item from left to start practice.
2025-09-07 14:34:12 [main] INFO  demoqaBase - Clicking on Practice Form...
2025-09-07 14:34:12 [main] INFO  demoqaBase - Clicked on Practice Form...
2025-09-07 14:34:12 [main] INFO  demoqaBase - Filling form for: Johny Bravo
2025-09-07 14:34:12 [main] INFO  demoqaBase - Entering First Name...
2025-09-07 14:34:13 [main] INFO  demoqaBase - Entered First Name: Johny
2025-09-07 14:34:13 [main] INFO  demoqaLog - ✅ JS click executed on element: {}
Selected gender: Male
2025-09-07 14:34:14 [main] INFO  demoqaBase - 📅 Parsed DOB for Johny Bravo: 2000-08-15
📥 Received DOB: 15-08-2000
📅 Normalized DOB: 15-08-2000
✅ Date selected: 15-08-2000
2025-09-07 14:34:14 [main] INFO  demoqaBase - Typed full subject: Computer Science
Typing subject: Computer Science
Dropdown Option: Computer Science
Selected: Computer Science
Selected hobby: sports
Selected hobby: music
Uploaded photo: C:\ASN\eclipse_workspace\demoqa-automation//TestData/Mphoto.jpg
511 Grant 481, Prattsville
 Arkansas 72129
 United States
2025-09-07 14:34:15 [main] INFO  demoqaBase - Entering Address...
2025-09-07 14:34:15 [main] INFO  demoqaBase - Entered Address...
2025-09-07 14:34:15 [main] INFO  demoqaBase - Selecting State: NCR
Available state option: NCR
2025-09-07 14:34:16 [main] INFO  demoqaBase - Selected State: NCR
2025-09-07 14:34:16 [main] INFO  demoqaBase - Selecting City: Delhi
Available city: Delhi
2025-09-07 14:34:16 [main] INFO  demoqaBase - Selected City: Delhi
2025-09-07 14:34:16 [main] INFO  demoqaBase - Submitting Form...
2025-09-07 14:34:17 [main] INFO  demoqaBase - Form Submitted via normal click...
2025-09-07 14:34:17 [main] INFO  ConfirmationTableParser - 📋 Parsed [First Name] = 'Johny', [Last Name] = 'Bravo'
2025-09-07 14:34:17 [main] INFO  ConfirmationTableParser - 📋 Parsed [Email] = 'Jbravo@demoqa.com'
2025-09-07 14:34:17 [main] INFO  ConfirmationTableParser - 📋 Parsed [Gender] = 'Male'
2025-09-07 14:34:17 [main] INFO  ConfirmationTableParser - 📋 Parsed [Mobile] = '9238343488'
2025-09-07 14:34:17 [main] INFO  ConfirmationTableParser - 📋 Parsed [DOB] = '15 August,2000'
2025-09-07 14:34:17 [main] INFO  ConfirmationTableParser - 📋 Parsed [Subject] = 'Computer Science'
2025-09-07 14:34:17 [main] INFO  ConfirmationTableParser - 📋 Parsed [Hobbies] = 'Sports, Music'
2025-09-07 14:34:17 [main] INFO  ConfirmationTableParser - 📋 Parsed [Picture] = 'Mphoto.jpg'
2025-09-07 14:34:17 [main] INFO  ConfirmationTableParser - 📋 Parsed [Address] = '511 Grant 481, Prattsville Arkansas 72129 United States'
2025-09-07 14:34:17 [main] INFO  ConfirmationTableParser - 📋 Parsed [State] = 'NCR', [City] = 'Delhi'
2025-09-07 14:34:17 [main] INFO  demoqaBase - 🧪 Starting confirmation assertion for user: Johny
2025-09-07 14:34:17 [main] INFO  AssertFormData - 🔍 [Email] Raw expected='Jbravo@demoqa.com', Raw actual='Jbravo@demoqa.com'
2025-09-07 14:34:17 [main] INFO  AssertFormData - 🔧 [Email] Normalized expected='Jbravo@demoqa.com', Normalized actual='Jbravo@demoqa.com'
2025-09-07 14:34:17 [main] INFO  AssertFormData - ✅ [Email] matched: 'Jbravo@demoqa.com'
2025-09-07 14:34:17 [main] INFO  AssertFormData - 🔍 [Address] Raw expected='511 Grant 481, Prattsville\n Arkansas 72129\n United States', Raw actual='511 Grant 481, Prattsville Arkansas 72129 United States'
2025-09-07 14:34:17 [main] INFO  AssertFormData - 🔧 [Address] Normalized expected='511 Grant 481, Prattsville Arkansas 72129 United States', Normalized actual='511 Grant 481, Prattsville Arkansas 72129 United States'
2025-09-07 14:34:17 [main] INFO  AssertFormData - ✅ [Address] matched: '511 Grant 481, Prattsville Arkansas 72129 United States'
2025-09-07 14:34:17 [main] INFO  AssertFormData - 🔍 [DOB] Raw expected='15-08-2000', Raw actual='15 August,2000'
2025-09-07 14:34:17 [main] INFO  AssertFormData - 🔧 [DOB] Normalized expected='15-08-2000', Normalized actual='15-08-2000'
2025-09-07 14:34:17 [main] INFO  AssertFormData - ✅ [DOB] matched: '15-08-2000'
2025-09-07 14:34:17 [main] INFO  AssertFormData - 🔍 [Picture] Raw expected='Mphoto.jpg', Raw actual='Mphoto.jpg'
2025-09-07 14:34:17 [main] INFO  AssertFormData - 🔧 [Picture] Normalized expected='Mphoto.jpg', Normalized actual='Mphoto.jpg'
2025-09-07 14:34:17 [main] INFO  AssertFormData - ✅ [Picture] matched: 'Mphoto.jpg'
2025-09-07 14:34:17 [main] INFO  AssertFormData - 🔍 [State] Raw expected='NCR', Raw actual='NCR'
2025-09-07 14:34:17 [main] INFO  AssertFormData - 🔧 [State] Normalized expected='NCR', Normalized actual='NCR'
2025-09-07 14:34:17 [main] INFO  AssertFormData - ✅ [State] matched: 'NCR'
2025-09-07 14:34:17 [main] INFO  AssertFormData - 🔍 [First Name] Raw expected='Johny', Raw actual='Johny'
2025-09-07 14:34:17 [main] INFO  AssertFormData - 🔧 [First Name] Normalized expected='Johny', Normalized actual='Johny'
2025-09-07 14:34:17 [main] INFO  AssertFormData - ✅ [First Name] matched: 'Johny'
2025-09-07 14:34:17 [main] INFO  AssertFormData - 🔍 [Gender] Raw expected='Male', Raw actual='Male'
2025-09-07 14:34:17 [main] INFO  AssertFormData - 🔧 [Gender] Normalized expected='Male', Normalized actual='Male'
2025-09-07 14:34:17 [main] INFO  AssertFormData - ✅ [Gender] matched: 'Male'
2025-09-07 14:34:17 [main] INFO  AssertFormData - 🔍 [City] Raw expected='Delhi', Raw actual='Delhi'
2025-09-07 14:34:17 [main] INFO  AssertFormData - 🔧 [City] Normalized expected='Delhi', Normalized actual='Delhi'
2025-09-07 14:34:17 [main] INFO  AssertFormData - ✅ [City] matched: 'Delhi'
2025-09-07 14:34:17 [main] INFO  AssertFormData - 🔍 [Last Name] Raw expected='Bravo', Raw actual='Bravo'
2025-09-07 14:34:17 [main] INFO  AssertFormData - 🔧 [Last Name] Normalized expected='Bravo', Normalized actual='Bravo'
2025-09-07 14:34:17 [main] INFO  AssertFormData - ✅ [Last Name] matched: 'Bravo'
2025-09-07 14:34:17 [main] INFO  AssertFormData - 🔍 [Mobile] Raw expected='9238343488', Raw actual='9238343488'
2025-09-07 14:34:17 [main] INFO  AssertFormData - 🔧 [Mobile] Normalized expected='9238343488', Normalized actual='9238343488'
2025-09-07 14:34:17 [main] INFO  AssertFormData - ✅ [Mobile] matched: '9238343488'
2025-09-07 14:34:17 [main] INFO  AssertFormData - 🔍 [Hobbies] Raw expected='Sports,Music', Raw actual='Sports, Music'
2025-09-07 14:34:17 [main] INFO  AssertFormData - 🔧 [Hobbies] Normalized expected='Sports,Music', Normalized actual='Sports,Music'
2025-09-07 14:34:17 [main] INFO  AssertFormData - ✅ [Hobbies] matched: 'Sports,Music'
2025-09-07 14:34:17 [main] INFO  AssertFormData - 🔍 [Subject] Raw expected='Computer Science', Raw actual='Computer Science'
2025-09-07 14:34:17 [main] INFO  AssertFormData - 🔧 [Subject] Normalized expected='Computer Science', Normalized actual='Computer Science'
2025-09-07 14:34:17 [main] INFO  AssertFormData - ✅ [Subject] matched: 'Computer Science'
2025-09-07 14:34:17 [main] INFO  demoqaBase - ✅ Form Filling Completed for: Johny Bravo
]]></system-out>
  </testcase>
  <testcase name="fillForm[UserFormData{firstName=&apos;Gene&apos;, lastName=&apos;Femina&apos;, userMail=&apos;GFemina@demoqa.com&apos;, gender=&apos;Female&apos;, mobile=&apos;1.888343432E9&apos;, dob=&apos;22/05/2002&apos;, subject=&apos;Accounting&apos;, hobbies=&apos;Music,Reading&apos;, picturePath=&apos;/TestData/Fphoto.png&apos;, address=&apos;512 Grant 481, Prattsville\n Arkansas 72129\n United States&apos;, state=&apos;Uttar Pradesh&apos;, city=&apos;Merrut&apos;}](2)" classname="tests.FormTests" time="6.22">
    <system-out><![CDATA[Path for Screenshot is: C:\ASN\eclipse_workspace\demoqa-automation/screenshots/fillForm Passed+2025-09-07_14-34-17.png
2025-09-07 14:34:17 [main] INFO  demoqaBase - Closing the Browser...
2025-09-07 14:34:18 [main] INFO  demoqaBase - Starting Web Browser...
2025-09-07 14:34:19 [main] INFO  demoqaBase - Navigating to demoqa.com Website
2025-09-07 14:34:49 [main] WARN  RetryUrlAccess - Attempt 1 failed due to retryable error: timeout: timed out receiving message from renderer: 29.123
  (session info: chrome=137.0.7151.120)
build info: version: '4.35.0', revision: '1c58e5028b'
system info: os.name: 'windows 11', os.arch: 'amd64', os.version: '10.0', java.version: '21.0.7'
driver info: org.openqa.selenium.chrome.chromedriver
command: [b52e432dfcaa89cb003edc1897311a87, get {url=https://demoqa.com}]
capabilities {acceptinsecurecerts: false, browsername: chrome, browserversion: 137.0.7151.120, chrome: {chromedriverversion: 137.0.7151.119 (e0ac9d12dff..., userdatadir: c:\users\dell\appdata\local...}, fedcm:accounts: true, goog:chromeoptions: {debuggeraddress: localhost:63889}, networkconnectionenabled: false, pageloadstrategy: normal, platformname: windows, proxy: proxy(), se:cdp: ws://localhost:63889/devtoo..., se:cdpversion: 137.0.7151.120, setwindowrect: true, strictfileinteractability: false, timeouts: {implicit: 0, pageload: 300000, script: 30000}, unhandledpromptbehavior: dismiss and notify, webauthn:extension:credblob: true, webauthn:extension:largeblob: true, webauthn:extension:minpinlength: true, webauthn:extension:prf: true, webauthn:virtualauthenticators: true}
session id: b52e432dfcaa89cb003edc1897311a87. Retrying after 3000ms...
2025-09-07 14:34:53 [main] INFO  RetryUrlAccess - Successfully navigated to: https://demoqa.com
2025-09-07 14:34:53 [main] INFO  demoqaBase - 🧪 Starting Form Filling Test...
2025-09-07 14:34:53 [main] INFO  RetryUrlAccess - Successfully navigated to: https://demoqa.com
2025-09-07 14:34:53 [main] INFO  demoqaBase - Accessing Form Card...
2025-09-07 14:34:54 [main] INFO  RetryUrlAccess - Successfully navigated to: https://demoqa.com
2025-09-07 14:34:54 [main] INFO  demoqaLog - Clicking on Form Card...
2025-09-07 14:34:54 [main] INFO  demoqaLog - ✅ JS click executed on element: {}
2025-09-07 14:34:54 [main] INFO  demoqaLog - Clicked on Forms Card...
Page Text is: Please select an item from left to start practice.
2025-09-07 14:34:54 [main] INFO  demoqaBase - Clicking on Practice Form...
2025-09-07 14:34:54 [main] INFO  demoqaBase - Clicked on Practice Form...
2025-09-07 14:34:54 [main] INFO  demoqaBase - Filling form for: Gene Femina
2025-09-07 14:34:54 [main] INFO  demoqaBase - Entering First Name...
2025-09-07 14:34:55 [main] INFO  demoqaBase - Entered First Name: Gene
2025-09-07 14:34:55 [main] INFO  demoqaLog - ✅ JS click executed on element: {}
Selected gender: Female
2025-09-07 14:34:55 [main] INFO  demoqaBase - 📅 Parsed DOB for Gene Femina: 2002-05-22
📥 Received DOB: 22-05-2002
📅 Normalized DOB: 22-05-2002
✅ Date selected: 22-05-2002
2025-09-07 14:34:56 [main] INFO  demoqaBase - Typed full subject: Accounting
Typing subject: Accounting
Dropdown Option: Accounting
Selected: Accounting
Selected hobby: music
Selected hobby: reading
Uploaded photo: C:\ASN\eclipse_workspace\demoqa-automation//TestData/Fphoto.png
512 Grant 481, Prattsville
 Arkansas 72129
 United States
2025-09-07 14:34:57 [main] INFO  demoqaBase - Entering Address...
2025-09-07 14:34:57 [main] INFO  demoqaBase - Entered Address...
2025-09-07 14:34:57 [main] INFO  demoqaBase - Selecting State: Uttar Pradesh
Available state option: NCR
Available state option: Uttar Pradesh
2025-09-07 14:34:58 [main] INFO  demoqaBase - Selected State: Uttar Pradesh
2025-09-07 14:34:58 [main] INFO  demoqaBase - Selecting City: Merrut
Available city: Agra
Available city: Lucknow
Available city: Merrut
2025-09-07 14:34:58 [main] INFO  demoqaBase - Selected City: Merrut
2025-09-07 14:34:58 [main] INFO  demoqaBase - Submitting Form...
2025-09-07 14:34:59 [main] INFO  demoqaBase - Form Submitted via normal click...
2025-09-07 14:34:59 [main] INFO  ConfirmationTableParser - 📋 Parsed [First Name] = 'Gene', [Last Name] = 'Femina'
2025-09-07 14:34:59 [main] INFO  ConfirmationTableParser - 📋 Parsed [Email] = 'GFemina@demoqa.com'
2025-09-07 14:34:59 [main] INFO  ConfirmationTableParser - 📋 Parsed [Gender] = 'Female'
2025-09-07 14:34:59 [main] INFO  ConfirmationTableParser - 📋 Parsed [Mobile] = '1888343432'
2025-09-07 14:34:59 [main] INFO  ConfirmationTableParser - 📋 Parsed [DOB] = '22 May,2002'
2025-09-07 14:34:59 [main] INFO  ConfirmationTableParser - 📋 Parsed [Subject] = 'Accounting'
2025-09-07 14:34:59 [main] INFO  ConfirmationTableParser - 📋 Parsed [Hobbies] = 'Music, Reading'
2025-09-07 14:34:59 [main] INFO  ConfirmationTableParser - 📋 Parsed [Picture] = 'Fphoto.png'
2025-09-07 14:34:59 [main] INFO  ConfirmationTableParser - 📋 Parsed [Address] = '512 Grant 481, Prattsville Arkansas 72129 United States'
2025-09-07 14:34:59 [main] INFO  ConfirmationTableParser - 📋 Parsed [State] = 'Uttar Pradesh', [City] = 'Merrut'
2025-09-07 14:34:59 [main] INFO  demoqaBase - 🧪 Starting confirmation assertion for user: Gene
2025-09-07 14:34:59 [main] INFO  AssertFormData - 🔍 [Email] Raw expected='GFemina@demoqa.com', Raw actual='GFemina@demoqa.com'
2025-09-07 14:34:59 [main] INFO  AssertFormData - 🔧 [Email] Normalized expected='GFemina@demoqa.com', Normalized actual='GFemina@demoqa.com'
2025-09-07 14:34:59 [main] INFO  AssertFormData - ✅ [Email] matched: 'GFemina@demoqa.com'
2025-09-07 14:34:59 [main] INFO  AssertFormData - 🔍 [Address] Raw expected='512 Grant 481, Prattsville\n Arkansas 72129\n United States', Raw actual='512 Grant 481, Prattsville Arkansas 72129 United States'
2025-09-07 14:34:59 [main] INFO  AssertFormData - 🔧 [Address] Normalized expected='512 Grant 481, Prattsville Arkansas 72129 United States', Normalized actual='512 Grant 481, Prattsville Arkansas 72129 United States'
2025-09-07 14:34:59 [main] INFO  AssertFormData - ✅ [Address] matched: '512 Grant 481, Prattsville Arkansas 72129 United States'
2025-09-07 14:34:59 [main] INFO  AssertFormData - 🔍 [DOB] Raw expected='22-05-2002', Raw actual='22 May,2002'
2025-09-07 14:34:59 [main] INFO  AssertFormData - 🔧 [DOB] Normalized expected='22-05-2002', Normalized actual='22-05-2002'
2025-09-07 14:34:59 [main] INFO  AssertFormData - ✅ [DOB] matched: '22-05-2002'
2025-09-07 14:34:59 [main] INFO  AssertFormData - 🔍 [Picture] Raw expected='Fphoto.png', Raw actual='Fphoto.png'
2025-09-07 14:34:59 [main] INFO  AssertFormData - 🔧 [Picture] Normalized expected='Fphoto.png', Normalized actual='Fphoto.png'
2025-09-07 14:34:59 [main] INFO  AssertFormData - ✅ [Picture] matched: 'Fphoto.png'
2025-09-07 14:34:59 [main] INFO  AssertFormData - 🔍 [State] Raw expected='Uttar Pradesh', Raw actual='Uttar Pradesh'
2025-09-07 14:34:59 [main] INFO  AssertFormData - 🔧 [State] Normalized expected='Uttar Pradesh', Normalized actual='Uttar Pradesh'
2025-09-07 14:34:59 [main] INFO  AssertFormData - ✅ [State] matched: 'Uttar Pradesh'
2025-09-07 14:34:59 [main] INFO  AssertFormData - 🔍 [First Name] Raw expected='Gene', Raw actual='Gene'
2025-09-07 14:34:59 [main] INFO  AssertFormData - 🔧 [First Name] Normalized expected='Gene', Normalized actual='Gene'
2025-09-07 14:34:59 [main] INFO  AssertFormData - ✅ [First Name] matched: 'Gene'
2025-09-07 14:34:59 [main] INFO  AssertFormData - 🔍 [Gender] Raw expected='Female', Raw actual='Female'
2025-09-07 14:34:59 [main] INFO  AssertFormData - 🔧 [Gender] Normalized expected='Female', Normalized actual='Female'
2025-09-07 14:34:59 [main] INFO  AssertFormData - ✅ [Gender] matched: 'Female'
2025-09-07 14:34:59 [main] INFO  AssertFormData - 🔍 [City] Raw expected='Merrut', Raw actual='Merrut'
2025-09-07 14:34:59 [main] INFO  AssertFormData - 🔧 [City] Normalized expected='Merrut', Normalized actual='Merrut'
2025-09-07 14:34:59 [main] INFO  AssertFormData - ✅ [City] matched: 'Merrut'
2025-09-07 14:34:59 [main] INFO  AssertFormData - 🔍 [Last Name] Raw expected='Femina', Raw actual='Femina'
2025-09-07 14:34:59 [main] INFO  AssertFormData - 🔧 [Last Name] Normalized expected='Femina', Normalized actual='Femina'
2025-09-07 14:34:59 [main] INFO  AssertFormData - ✅ [Last Name] matched: 'Femina'
2025-09-07 14:34:59 [main] INFO  AssertFormData - 🔍 [Mobile] Raw expected='1888343432', Raw actual='1888343432'
2025-09-07 14:34:59 [main] INFO  AssertFormData - 🔧 [Mobile] Normalized expected='1888343432', Normalized actual='1888343432'
2025-09-07 14:34:59 [main] INFO  AssertFormData - ✅ [Mobile] matched: '1888343432'
2025-09-07 14:34:59 [main] INFO  AssertFormData - 🔍 [Hobbies] Raw expected='Music,Reading', Raw actual='Music, Reading'
2025-09-07 14:34:59 [main] INFO  AssertFormData - 🔧 [Hobbies] Normalized expected='Music,Reading', Normalized actual='Music,Reading'
2025-09-07 14:34:59 [main] INFO  AssertFormData - ✅ [Hobbies] matched: 'Music,Reading'
2025-09-07 14:34:59 [main] INFO  AssertFormData - 🔍 [Subject] Raw expected='Accounting', Raw actual='Accounting'
2025-09-07 14:34:59 [main] INFO  AssertFormData - 🔧 [Subject] Normalized expected='Accounting', Normalized actual='Accounting'
2025-09-07 14:34:59 [main] INFO  AssertFormData - ✅ [Subject] matched: 'Accounting'
2025-09-07 14:34:59 [main] INFO  demoqaBase - ✅ Form Filling Completed for: Gene Femina
]]></system-out>
  </testcase>
  <testcase name="fillForm[UserFormData{firstName=&apos;Bud&apos;, lastName=&apos;Wisem&apos;, userMail=&apos;BWisem@demoqa.com&apos;, gender=&apos;Other&apos;, mobile=&apos;8.932465432E9&apos;, dob=&apos;31/12/1999&apos;, subject=&apos;Biology&apos;, hobbies=&apos;Reading&apos;, picturePath=&apos;/TestData/Ophoto.jpg&apos;, address=&apos;513 Grant 481, Prattsville\n Arkansas 72129\n United States&apos;, state=&apos;Haryana&apos;, city=&apos;Panipat&apos;}](3)" classname="tests.FormTests" time="6.452">
    <system-out><![CDATA[Path for Screenshot is: C:\ASN\eclipse_workspace\demoqa-automation/screenshots/fillForm Passed+2025-09-07_14-34-59.png
2025-09-07 14:34:59 [main] INFO  demoqaBase - Closing the Browser...
2025-09-07 14:35:00 [main] INFO  demoqaBase - Starting Web Browser...
2025-09-07 14:35:01 [main] INFO  demoqaBase - Navigating to demoqa.com Website
2025-09-07 14:35:31 [main] WARN  RetryUrlAccess - Attempt 1 failed due to retryable error: timeout: timed out receiving message from renderer: 29.114
  (session info: chrome=137.0.7151.120)
build info: version: '4.35.0', revision: '1c58e5028b'
system info: os.name: 'windows 11', os.arch: 'amd64', os.version: '10.0', java.version: '21.0.7'
driver info: org.openqa.selenium.chrome.chromedriver
command: [eb949d75f9e0c022493cdfe75c15cd85, get {url=https://demoqa.com}]
capabilities {acceptinsecurecerts: false, browsername: chrome, browserversion: 137.0.7151.120, chrome: {chromedriverversion: 137.0.7151.119 (e0ac9d12dff..., userdatadir: c:\users\dell\appdata\local...}, fedcm:accounts: true, goog:chromeoptions: {debuggeraddress: localhost:64096}, networkconnectionenabled: false, pageloadstrategy: normal, platformname: windows, proxy: proxy(), se:cdp: ws://localhost:64096/devtoo..., se:cdpversion: 137.0.7151.120, setwindowrect: true, strictfileinteractability: false, timeouts: {implicit: 0, pageload: 300000, script: 30000}, unhandledpromptbehavior: dismiss and notify, webauthn:extension:credblob: true, webauthn:extension:largeblob: true, webauthn:extension:minpinlength: true, webauthn:extension:prf: true, webauthn:virtualauthenticators: true}
session id: eb949d75f9e0c022493cdfe75c15cd85. Retrying after 3000ms...
2025-09-07 14:35:35 [main] INFO  RetryUrlAccess - Successfully navigated to: https://demoqa.com
2025-09-07 14:35:35 [main] INFO  demoqaBase - 🧪 Starting Form Filling Test...
2025-09-07 14:35:35 [main] INFO  RetryUrlAccess - Successfully navigated to: https://demoqa.com
2025-09-07 14:35:35 [main] INFO  demoqaBase - Accessing Form Card...
2025-09-07 14:35:36 [main] INFO  RetryUrlAccess - Successfully navigated to: https://demoqa.com
2025-09-07 14:35:36 [main] INFO  demoqaLog - Clicking on Form Card...
2025-09-07 14:35:36 [main] INFO  demoqaLog - ✅ JS click executed on element: {}
2025-09-07 14:35:36 [main] INFO  demoqaLog - Clicked on Forms Card...
Page Text is: Please select an item from left to start practice.
2025-09-07 14:35:36 [main] INFO  demoqaBase - Clicking on Practice Form...
2025-09-07 14:35:36 [main] INFO  demoqaBase - Clicked on Practice Form...
2025-09-07 14:35:36 [main] INFO  demoqaBase - Filling form for: Bud Wisem
2025-09-07 14:35:36 [main] INFO  demoqaBase - Entering First Name...
2025-09-07 14:35:37 [main] INFO  demoqaBase - Entered First Name: Bud
2025-09-07 14:35:38 [main] INFO  demoqaLog - ✅ JS click executed on element: {}
Selected gender: Other
2025-09-07 14:35:38 [main] INFO  demoqaBase - 📅 Parsed DOB for Bud Wisem: 1999-12-31
📥 Received DOB: 31-12-1999
📅 Normalized DOB: 31-12-1999
✅ Date selected: 31-12-1999
2025-09-07 14:35:38 [main] INFO  demoqaBase - Typed full subject: Biology
Typing subject: Biology
Dropdown Option: Biology
Selected: Biology
Selected hobby: reading
Uploaded photo: C:\ASN\eclipse_workspace\demoqa-automation//TestData/Ophoto.jpg
513 Grant 481, Prattsville
 Arkansas 72129
 United States
2025-09-07 14:35:39 [main] INFO  demoqaBase - Entering Address...
2025-09-07 14:35:39 [main] INFO  demoqaBase - Entered Address...
2025-09-07 14:35:39 [main] INFO  demoqaBase - Selecting State: Haryana
Available state option: NCR
Available state option: Uttar Pradesh
Available state option: Haryana
2025-09-07 14:35:40 [main] INFO  demoqaBase - Selected State: Haryana
2025-09-07 14:35:40 [main] INFO  demoqaBase - Selecting City: Panipat
Available city: Karnal
Available city: Panipat
2025-09-07 14:35:40 [main] INFO  demoqaBase - Selected City: Panipat
2025-09-07 14:35:40 [main] INFO  demoqaBase - Submitting Form...
2025-09-07 14:35:41 [main] INFO  demoqaBase - Form Submitted via normal click...
2025-09-07 14:35:41 [main] INFO  ConfirmationTableParser - 📋 Parsed [First Name] = 'Bud', [Last Name] = 'Wisem'
2025-09-07 14:35:41 [main] INFO  ConfirmationTableParser - 📋 Parsed [Email] = 'BWisem@demoqa.com'
2025-09-07 14:35:41 [main] INFO  ConfirmationTableParser - 📋 Parsed [Gender] = 'Other'
2025-09-07 14:35:41 [main] INFO  ConfirmationTableParser - 📋 Parsed [Mobile] = '8932465432'
2025-09-07 14:35:41 [main] INFO  ConfirmationTableParser - 📋 Parsed [DOB] = '31 December,1999'
2025-09-07 14:35:41 [main] INFO  ConfirmationTableParser - 📋 Parsed [Subject] = 'Biology'
2025-09-07 14:35:41 [main] INFO  ConfirmationTableParser - 📋 Parsed [Hobbies] = 'Reading'
2025-09-07 14:35:41 [main] INFO  ConfirmationTableParser - 📋 Parsed [Picture] = 'Ophoto.jpg'
2025-09-07 14:35:41 [main] INFO  ConfirmationTableParser - 📋 Parsed [Address] = '513 Grant 481, Prattsville Arkansas 72129 United States'
2025-09-07 14:35:41 [main] INFO  ConfirmationTableParser - 📋 Parsed [State] = 'Haryana', [City] = 'Panipat'
2025-09-07 14:35:41 [main] INFO  demoqaBase - 🧪 Starting confirmation assertion for user: Bud
2025-09-07 14:35:41 [main] INFO  AssertFormData - 🔍 [Email] Raw expected='BWisem@demoqa.com', Raw actual='BWisem@demoqa.com'
2025-09-07 14:35:41 [main] INFO  AssertFormData - 🔧 [Email] Normalized expected='BWisem@demoqa.com', Normalized actual='BWisem@demoqa.com'
2025-09-07 14:35:41 [main] INFO  AssertFormData - ✅ [Email] matched: 'BWisem@demoqa.com'
2025-09-07 14:35:41 [main] INFO  AssertFormData - 🔍 [Address] Raw expected='513 Grant 481, Prattsville\n Arkansas 72129\n United States', Raw actual='513 Grant 481, Prattsville Arkansas 72129 United States'
2025-09-07 14:35:41 [main] INFO  AssertFormData - 🔧 [Address] Normalized expected='513 Grant 481, Prattsville Arkansas 72129 United States', Normalized actual='513 Grant 481, Prattsville Arkansas 72129 United States'
2025-09-07 14:35:41 [main] INFO  AssertFormData - ✅ [Address] matched: '513 Grant 481, Prattsville Arkansas 72129 United States'
2025-09-07 14:35:41 [main] INFO  AssertFormData - 🔍 [DOB] Raw expected='31-12-1999', Raw actual='31 December,1999'
2025-09-07 14:35:41 [main] INFO  AssertFormData - 🔧 [DOB] Normalized expected='31-12-1999', Normalized actual='31-12-1999'
2025-09-07 14:35:41 [main] INFO  AssertFormData - ✅ [DOB] matched: '31-12-1999'
2025-09-07 14:35:41 [main] INFO  AssertFormData - 🔍 [Picture] Raw expected='Ophoto.jpg', Raw actual='Ophoto.jpg'
2025-09-07 14:35:41 [main] INFO  AssertFormData - 🔧 [Picture] Normalized expected='Ophoto.jpg', Normalized actual='Ophoto.jpg'
2025-09-07 14:35:41 [main] INFO  AssertFormData - ✅ [Picture] matched: 'Ophoto.jpg'
2025-09-07 14:35:41 [main] INFO  AssertFormData - 🔍 [State] Raw expected='Haryana', Raw actual='Haryana'
2025-09-07 14:35:41 [main] INFO  AssertFormData - 🔧 [State] Normalized expected='Haryana', Normalized actual='Haryana'
2025-09-07 14:35:41 [main] INFO  AssertFormData - ✅ [State] matched: 'Haryana'
2025-09-07 14:35:41 [main] INFO  AssertFormData - 🔍 [First Name] Raw expected='Bud', Raw actual='Bud'
2025-09-07 14:35:41 [main] INFO  AssertFormData - 🔧 [First Name] Normalized expected='Bud', Normalized actual='Bud'
2025-09-07 14:35:41 [main] INFO  AssertFormData - ✅ [First Name] matched: 'Bud'
2025-09-07 14:35:41 [main] INFO  AssertFormData - 🔍 [Gender] Raw expected='Other', Raw actual='Other'
2025-09-07 14:35:41 [main] INFO  AssertFormData - 🔧 [Gender] Normalized expected='Other', Normalized actual='Other'
2025-09-07 14:35:41 [main] INFO  AssertFormData - ✅ [Gender] matched: 'Other'
2025-09-07 14:35:41 [main] INFO  AssertFormData - 🔍 [City] Raw expected='Panipat', Raw actual='Panipat'
2025-09-07 14:35:41 [main] INFO  AssertFormData - 🔧 [City] Normalized expected='Panipat', Normalized actual='Panipat'
2025-09-07 14:35:41 [main] INFO  AssertFormData - ✅ [City] matched: 'Panipat'
2025-09-07 14:35:41 [main] INFO  AssertFormData - 🔍 [Last Name] Raw expected='Wisem', Raw actual='Wisem'
2025-09-07 14:35:41 [main] INFO  AssertFormData - 🔧 [Last Name] Normalized expected='Wisem', Normalized actual='Wisem'
2025-09-07 14:35:41 [main] INFO  AssertFormData - ✅ [Last Name] matched: 'Wisem'
2025-09-07 14:35:41 [main] INFO  AssertFormData - 🔍 [Mobile] Raw expected='8932465432', Raw actual='8932465432'
2025-09-07 14:35:41 [main] INFO  AssertFormData - 🔧 [Mobile] Normalized expected='8932465432', Normalized actual='8932465432'
2025-09-07 14:35:41 [main] INFO  AssertFormData - ✅ [Mobile] matched: '8932465432'
2025-09-07 14:35:41 [main] INFO  AssertFormData - 🔍 [Hobbies] Raw expected='Reading', Raw actual='Reading'
2025-09-07 14:35:41 [main] INFO  AssertFormData - 🔧 [Hobbies] Normalized expected='Reading', Normalized actual='Reading'
2025-09-07 14:35:41 [main] INFO  AssertFormData - ✅ [Hobbies] matched: 'Reading'
2025-09-07 14:35:41 [main] INFO  AssertFormData - 🔍 [Subject] Raw expected='Biology', Raw actual='Biology'
2025-09-07 14:35:41 [main] INFO  AssertFormData - 🔧 [Subject] Normalized expected='Biology', Normalized actual='Biology'
2025-09-07 14:35:41 [main] INFO  AssertFormData - ✅ [Subject] matched: 'Biology'
2025-09-07 14:35:41 [main] INFO  demoqaBase - ✅ Form Filling Completed for: Bud Wisem
]]></system-out>
  </testcase>
  <testcase name="setUP" classname="tests.FormTests" time="107.592">
    <failure message="Failed to navigate to https://demoqa.com after 3 attempts" type="java.lang.RuntimeException"><![CDATA[java.lang.RuntimeException: Failed to navigate to https://demoqa.com after 3 attempts
	at utils.RetryUrlAccess.navigateWithRetry(RetryUrlAccess.java:32)
	at base.demoqaBase.setUP(demoqaBase.java:106)
	at java.base/jdk.internal.reflect.DirectMethodHandleAccessor.invoke(DirectMethodHandleAccessor.java:103)
	at java.base/java.lang.reflect.Method.invoke(Method.java:580)
	at org.testng.internal.invokers.MethodInvocationHelper.invokeMethod(MethodInvocationHelper.java:141)
	at org.testng.internal.invokers.MethodInvocationHelper.invokeMethodConsideringTimeout(MethodInvocationHelper.java:71)
	at org.testng.internal.invokers.ConfigInvoker.invokeConfigurationMethod(ConfigInvoker.java:400)
	at org.testng.internal.invokers.ConfigInvoker.invokeConfigurations(ConfigInvoker.java:333)
	at org.testng.internal.invokers.TestInvoker.runConfigMethods(TestInvoker.java:836)
	at org.testng.internal.invokers.TestInvoker.invokeMethod(TestInvoker.java:601)
	at org.testng.internal.invokers.TestInvoker.invokeTestMethod(TestInvoker.java:230)
	at org.testng.internal.invokers.MethodRunner.runInSequence(MethodRunner.java:63)
	at org.testng.internal.invokers.TestInvoker$MethodInvocationAgent.invoke(TestInvoker.java:995)
	at org.testng.internal.invokers.TestInvoker.invokeTestMethods(TestInvoker.java:203)
	at org.testng.internal.invokers.TestMethodWorker.invokeTestMethods(TestMethodWorker.java:154)
	at org.testng.internal.invokers.TestMethodWorker.run(TestMethodWorker.java:134)
	at java.base/java.util.ArrayList.forEach(ArrayList.java:1596)
	at org.testng.TestRunner.privateRun(TestRunner.java:741)
	at org.testng.TestRunner.run(TestRunner.java:616)
	at org.testng.SuiteRunner.runTest(SuiteRunner.java:421)
	at org.testng.SuiteRunner.runSequentially(SuiteRunner.java:413)
	at org.testng.SuiteRunner.privateRun(SuiteRunner.java:373)
	at org.testng.SuiteRunner.run(SuiteRunner.java:312)
	at org.testng.SuiteRunnerWorker.runSuite(SuiteRunnerWorker.java:52)
	at org.testng.SuiteRunnerWorker.run(SuiteRunnerWorker.java:95)
	at org.testng.TestNG.runSuitesSequentially(TestNG.java:1274)
	at org.testng.TestNG.runSuitesLocally(TestNG.java:1208)
	at org.testng.TestNG.runSuites(TestNG.java:1112)
	at org.testng.TestNG.run(TestNG.java:1079)
	at org.apache.maven.surefire.testng.TestNGExecutor.run(TestNGExecutor.java:155)
	at org.apache.maven.surefire.testng.TestNGDirectoryTestSuite.executeMulti(TestNGDirectoryTestSuite.java:169)
	at org.apache.maven.surefire.testng.TestNGDirectoryTestSuite.execute(TestNGDirectoryTestSuite.java:88)
	at org.apache.maven.surefire.testng.TestNGProvider.invoke(TestNGProvider.java:137)
	at org.apache.maven.surefire.booter.ForkedBooter.runSuitesInProcess(ForkedBooter.java:385)
	at org.apache.maven.surefire.booter.ForkedBooter.execute(ForkedBooter.java:162)
	at org.apache.maven.surefire.booter.ForkedBooter.run(ForkedBooter.java:507)
	at org.apache.maven.surefire.booter.ForkedBooter.main(ForkedBooter.java:495)
]]></failure>
    <system-out><![CDATA[Path for Screenshot is: C:\ASN\eclipse_workspace\demoqa-automation/screenshots/fillForm Passed+2025-09-07_14-35-41.png
2025-09-07 14:35:41 [main] INFO  demoqaBase - Closing the Browser...
2025-09-07 14:35:42 [main] INFO  demoqaBase - Starting Web Browser...
2025-09-07 14:35:43 [main] INFO  demoqaBase - Navigating to demoqa.com Website
2025-09-07 14:36:13 [main] WARN  RetryUrlAccess - Attempt 1 failed due to retryable error: timeout: timed out receiving message from renderer: 29.129
  (session info: chrome=137.0.7151.120)
build info: version: '4.35.0', revision: '1c58e5028b'
system info: os.name: 'windows 11', os.arch: 'amd64', os.version: '10.0', java.version: '21.0.7'
driver info: org.openqa.selenium.chrome.chromedriver
command: [c4eb058e73541a0aaa3b5f3a89390b0a, get {url=https://demoqa.com}]
capabilities {acceptinsecurecerts: false, browsername: chrome, browserversion: 137.0.7151.120, chrome: {chromedriverversion: 137.0.7151.119 (e0ac9d12dff..., userdatadir: c:\users\dell\appdata\local...}, fedcm:accounts: true, goog:chromeoptions: {debuggeraddress: localhost:64332}, networkconnectionenabled: false, pageloadstrategy: normal, platformname: windows, proxy: proxy(), se:cdp: ws://localhost:64332/devtoo..., se:cdpversion: 137.0.7151.120, setwindowrect: true, strictfileinteractability: false, timeouts: {implicit: 0, pageload: 300000, script: 30000}, unhandledpromptbehavior: dismiss and notify, webauthn:extension:credblob: true, webauthn:extension:largeblob: true, webauthn:extension:minpinlength: true, webauthn:extension:prf: true, webauthn:virtualauthenticators: true}
session id: c4eb058e73541a0aaa3b5f3a89390b0a. Retrying after 3000ms...
2025-09-07 14:36:46 [main] WARN  RetryUrlAccess - Attempt 2 failed due to retryable error: timeout: timed out receiving message from renderer: 29.830
  (session info: chrome=137.0.7151.120)
build info: version: '4.35.0', revision: '1c58e5028b'
system info: os.name: 'windows 11', os.arch: 'amd64', os.version: '10.0', java.version: '21.0.7'
driver info: org.openqa.selenium.chrome.chromedriver
command: [c4eb058e73541a0aaa3b5f3a89390b0a, get {url=https://demoqa.com}]
capabilities {acceptinsecurecerts: false, browsername: chrome, browserversion: 137.0.7151.120, chrome: {chromedriverversion: 137.0.7151.119 (e0ac9d12dff..., userdatadir: c:\users\dell\appdata\local...}, fedcm:accounts: true, goog:chromeoptions: {debuggeraddress: localhost:64332}, networkconnectionenabled: false, pageloadstrategy: normal, platformname: windows, proxy: proxy(), se:cdp: ws://localhost:64332/devtoo..., se:cdpversion: 137.0.7151.120, setwindowrect: true, strictfileinteractability: false, timeouts: {implicit: 0, pageload: 300000, script: 30000}, unhandledpromptbehavior: dismiss and notify, webauthn:extension:credblob: true, webauthn:extension:largeblob: true, webauthn:extension:minpinlength: true, webauthn:extension:prf: true, webauthn:virtualauthenticators: true}
session id: c4eb058e73541a0aaa3b5f3a89390b0a. Retrying after 3000ms...
2025-09-07 14:37:19 [main] WARN  RetryUrlAccess - Attempt 3 failed due to retryable error: timeout: timed out receiving message from renderer: 29.831
  (session info: chrome=137.0.7151.120)
build info: version: '4.35.0', revision: '1c58e5028b'
system info: os.name: 'windows 11', os.arch: 'amd64', os.version: '10.0', java.version: '21.0.7'
driver info: org.openqa.selenium.chrome.chromedriver
command: [c4eb058e73541a0aaa3b5f3a89390b0a, get {url=https://demoqa.com}]
capabilities {acceptinsecurecerts: false, browsername: chrome, browserversion: 137.0.7151.120, chrome: {chromedriverversion: 137.0.7151.119 (e0ac9d12dff..., userdatadir: c:\users\dell\appdata\local...}, fedcm:accounts: true, goog:chromeoptions: {debuggeraddress: localhost:64332}, networkconnectionenabled: false, pageloadstrategy: normal, platformname: windows, proxy: proxy(), se:cdp: ws://localhost:64332/devtoo..., se:cdpversion: 137.0.7151.120, setwindowrect: true, strictfileinteractability: false, timeouts: {implicit: 0, pageload: 300000, script: 30000}, unhandledpromptbehavior: dismiss and notify, webauthn:extension:credblob: true, webauthn:extension:largeblob: true, webauthn:extension:minpinlength: true, webauthn:extension:prf: true, webauthn:virtualauthenticators: true}
session id: c4eb058e73541a0aaa3b5f3a89390b0a. Retrying after 3000ms...
]]></system-out>
  </testcase>
  <testcase name="fillForm[UserFormData{firstName=&apos;Tom&apos;, lastName=&apos;Boss&apos;, userMail=&apos;TBoss@demoqa.com&apos;, gender=&apos;Male&apos;, mobile=&apos;7.839875281E9&apos;, dob=&apos;1/26/03&apos;, subject=&apos;Social Studies&apos;, hobbies=&apos;Sports,Reading&apos;, picturePath=&apos;/TestData/M2photo.jpg&apos;, address=&apos;514 Grant 481, Prattsville\n Arkansas 72129\n United States&apos;, state=&apos;Rajasthan&apos;, city=&apos;Jaiselmer&apos;}](4)" classname="tests.FormTests" time="0.0">
    <skipped message="Failed to navigate to https://demoqa.com after 3 attempts"/>
  </testcase>
  <testcase name="tearDown" classname="tests.FormTests" time="0.0">
    <skipped/>
  </testcase>
  <testcase name="accessWidgets" classname="tests.WidgetsTests" time="0.548">
    <system-out><![CDATA[2025-09-07 14:37:22 [main] INFO  demoqaBase - Starting Web Browser...
2025-09-07 14:37:24 [main] INFO  demoqaBase - Navigating to demoqa.com Website
2025-09-07 14:37:54 [main] WARN  RetryUrlAccess - Attempt 1 failed due to retryable error: timeout: timed out receiving message from renderer: 29.087
  (session info: chrome=137.0.7151.120)
build info: version: '4.35.0', revision: '1c58e5028b'
system info: os.name: 'windows 11', os.arch: 'amd64', os.version: '10.0', java.version: '21.0.7'
driver info: org.openqa.selenium.chrome.chromedriver
command: [21aeeb8d46b243c337363f75b24b873d, get {url=https://demoqa.com}]
capabilities {acceptinsecurecerts: false, browsername: chrome, browserversion: 137.0.7151.120, chrome: {chromedriverversion: 137.0.7151.119 (e0ac9d12dff..., userdatadir: c:\users\dell\appdata\local...}, fedcm:accounts: true, goog:chromeoptions: {debuggeraddress: localhost:64535}, networkconnectionenabled: false, pageloadstrategy: normal, platformname: windows, proxy: proxy(), se:cdp: ws://localhost:64535/devtoo..., se:cdpversion: 137.0.7151.120, setwindowrect: true, strictfileinteractability: false, timeouts: {implicit: 0, pageload: 300000, script: 30000}, unhandledpromptbehavior: dismiss and notify, webauthn:extension:credblob: true, webauthn:extension:largeblob: true, webauthn:extension:minpinlength: true, webauthn:extension:prf: true, webauthn:virtualauthenticators: true}
session id: 21aeeb8d46b243c337363f75b24b873d. Retrying after 3000ms...
2025-09-07 14:38:27 [main] WARN  RetryUrlAccess - Attempt 2 failed due to retryable error: timeout: timed out receiving message from renderer: 29.109
  (session info: chrome=137.0.7151.120)
build info: version: '4.35.0', revision: '1c58e5028b'
system info: os.name: 'windows 11', os.arch: 'amd64', os.version: '10.0', java.version: '21.0.7'
driver info: org.openqa.selenium.chrome.chromedriver
command: [21aeeb8d46b243c337363f75b24b873d, get {url=https://demoqa.com}]
capabilities {acceptinsecurecerts: false, browsername: chrome, browserversion: 137.0.7151.120, chrome: {chromedriverversion: 137.0.7151.119 (e0ac9d12dff..., userdatadir: c:\users\dell\appdata\local...}, fedcm:accounts: true, goog:chromeoptions: {debuggeraddress: localhost:64535}, networkconnectionenabled: false, pageloadstrategy: normal, platformname: windows, proxy: proxy(), se:cdp: ws://localhost:64535/devtoo..., se:cdpversion: 137.0.7151.120, setwindowrect: true, strictfileinteractability: false, timeouts: {implicit: 0, pageload: 300000, script: 30000}, unhandledpromptbehavior: dismiss and notify, webauthn:extension:credblob: true, webauthn:extension:largeblob: true, webauthn:extension:minpinlength: true, webauthn:extension:prf: true, webauthn:virtualauthenticators: true}
session id: 21aeeb8d46b243c337363f75b24b873d. Retrying after 3000ms...
2025-09-07 14:38:31 [main] INFO  RetryUrlAccess - Successfully navigated to: https://demoqa.com
2025-09-07 14:38:31 [main] INFO  demoqaBase - 🧪 Starting Test Widgets...
2025-09-07 14:38:31 [main] INFO  demoqaBase - Accessing Widgets Card...
Declared Instance WebDriverWait: org.openqa.selenium.support.ui.WebDriverWait@417a5aab
2025-09-07 14:38:31 [main] INFO  demoqaLog - Clicking on Widgets Card...
2025-09-07 14:38:32 [main] INFO  demoqaLog - ✅ JS click executed on element: {}
2025-09-07 14:38:32 [main] INFO  demoqaLog - Clicked on on Widgets Card...
Title of this Page is: DEMOQA
You are Accessing: Widgets
 
2025-09-07 14:38:32 [main] INFO  demoqaBase - Widgets: Please select an item from left to start practice.
2025-09-07 14:38:32 [main] INFO  demoqaBase - ✅ Widgets Test Completed...
]]></system-out>
  </testcase>
  <testcase name="Accordian" classname="tests.WidgetsTests" time="1.084">
    <system-out><![CDATA[2025-09-07 14:38:32 [main] INFO  demoqaBase - Closing the Browser...
2025-09-07 14:38:32 [main] INFO  demoqaBase - Starting Web Browser...
2025-09-07 14:38:34 [main] INFO  demoqaBase - Navigating to demoqa.com Website
2025-09-07 14:39:04 [main] WARN  RetryUrlAccess - Attempt 1 failed due to retryable error: timeout: timed out receiving message from renderer: 27.457
  (session info: chrome=137.0.7151.120)
build info: version: '4.35.0', revision: '1c58e5028b'
system info: os.name: 'windows 11', os.arch: 'amd64', os.version: '10.0', java.version: '21.0.7'
driver info: org.openqa.selenium.chrome.chromedriver
command: [d2bee0c5d6148e29648c8030fbb5da4b, get {url=https://demoqa.com}]
capabilities {acceptinsecurecerts: false, browsername: chrome, browserversion: 137.0.7151.120, chrome: {chromedriverversion: 137.0.7151.119 (e0ac9d12dff..., userdatadir: c:\users\dell\appdata\local...}, fedcm:accounts: true, goog:chromeoptions: {debuggeraddress: localhost:64712}, networkconnectionenabled: false, pageloadstrategy: normal, platformname: windows, proxy: proxy(), se:cdp: ws://localhost:64712/devtoo..., se:cdpversion: 137.0.7151.120, setwindowrect: true, strictfileinteractability: false, timeouts: {implicit: 0, pageload: 300000, script: 30000}, unhandledpromptbehavior: dismiss and notify, webauthn:extension:credblob: true, webauthn:extension:largeblob: true, webauthn:extension:minpinlength: true, webauthn:extension:prf: true, webauthn:virtualauthenticators: true}
session id: d2bee0c5d6148e29648c8030fbb5da4b. Retrying after 3000ms...
2025-09-07 14:39:08 [main] INFO  RetryUrlAccess - Successfully navigated to: https://demoqa.com
2025-09-07 14:39:08 [main] INFO  demoqaBase - 🧪 Starting Test Widgets|Accordian...
2025-09-07 14:39:08 [main] INFO  demoqaBase - Accessing Widgets Card...
Declared Instance WebDriverWait: org.openqa.selenium.support.ui.WebDriverWait@4c829699
2025-09-07 14:39:08 [main] INFO  demoqaLog - Clicking on Widgets Card...
2025-09-07 14:39:08 [main] INFO  demoqaLog - ✅ JS click executed on element: {}
2025-09-07 14:39:08 [main] INFO  demoqaLog - Clicked on on Widgets Card...
Title of this Page is: DEMOQA
You are Accessing: Widgets
 
2025-09-07 14:39:09 [main] INFO  demoqaBase - Widgets: Please select an item from left to start practice.
2025-09-07 14:39:09 [main] INFO  demoqaBase - Clicking on Widgets|Accordian...
You are now Accessing: Accordian
2025-09-07 14:39:09 [main] INFO  demoqaBase - You are now Accessing: Accordian
2025-09-07 14:39:09 [main] INFO  demoqaBase - ✅ Widgets|Accordian Test Completed...
]]></system-out>
  </testcase>
  <testcase name="AccessWhatis" classname="tests.WidgetsTests" time="1.866">
    <system-out><![CDATA[2025-09-07 14:39:09 [main] INFO  demoqaBase - Closing the Browser...
2025-09-07 14:39:09 [main] INFO  demoqaBase - Starting Web Browser...
2025-09-07 14:39:11 [main] INFO  demoqaBase - Navigating to demoqa.com Website
2025-09-07 14:39:41 [main] WARN  RetryUrlAccess - Attempt 1 failed due to retryable error: timeout: timed out receiving message from renderer: 29.125
  (session info: chrome=137.0.7151.120)
build info: version: '4.35.0', revision: '1c58e5028b'
system info: os.name: 'windows 11', os.arch: 'amd64', os.version: '10.0', java.version: '21.0.7'
driver info: org.openqa.selenium.chrome.chromedriver
command: [53f674280ef8e1fe3c6887158aaffe88, get {url=https://demoqa.com}]
capabilities {acceptinsecurecerts: false, browsername: chrome, browserversion: 137.0.7151.120, chrome: {chromedriverversion: 137.0.7151.119 (e0ac9d12dff..., userdatadir: c:\users\dell\appdata\local...}, fedcm:accounts: true, goog:chromeoptions: {debuggeraddress: localhost:64849}, networkconnectionenabled: false, pageloadstrategy: normal, platformname: windows, proxy: proxy(), se:cdp: ws://localhost:64849/devtoo..., se:cdpversion: 137.0.7151.120, setwindowrect: true, strictfileinteractability: false, timeouts: {implicit: 0, pageload: 300000, script: 30000}, unhandledpromptbehavior: dismiss and notify, webauthn:extension:credblob: true, webauthn:extension:largeblob: true, webauthn:extension:minpinlength: true, webauthn:extension:prf: true, webauthn:virtualauthenticators: true}
session id: 53f674280ef8e1fe3c6887158aaffe88. Retrying after 3000ms...
2025-09-07 14:39:44 [main] INFO  RetryUrlAccess - Successfully navigated to: https://demoqa.com
2025-09-07 14:39:44 [main] INFO  demoqaBase - 🧪 Starting Test Widgets|Accordian|What is Lorem Ipsum?...
2025-09-07 14:39:44 [main] INFO  demoqaBase - Accessing Widgets Card...
Declared Instance WebDriverWait: org.openqa.selenium.support.ui.WebDriverWait@674502f9
2025-09-07 14:39:44 [main] INFO  demoqaLog - Clicking on Widgets Card...
2025-09-07 14:39:45 [main] INFO  demoqaLog - ✅ JS click executed on element: {}
2025-09-07 14:39:45 [main] INFO  demoqaLog - Clicked on on Widgets Card...
Title of this Page is: DEMOQA
You are Accessing: Widgets
 
2025-09-07 14:39:45 [main] INFO  demoqaBase - Widgets: Please select an item from left to start practice.
2025-09-07 14:39:45 [main] INFO  demoqaBase - Clicking on Widgets|Accordian...
You are now Accessing: Accordian
2025-09-07 14:39:46 [main] INFO  demoqaBase - You are now Accessing: Accordian
2025-09-07 14:39:46 [main] INFO  demoqaBase - Clicking on Widgets|Accordian|What is Lorem Ipsum?...
2025-09-07 14:39:46 [main] INFO  demoqaLog - ✅ JS click executed on element: {}
2025-09-07 14:39:46 [main] INFO  demoqaBase - Clicked on What is Lorem Ipsum...
What is Lorem Ipsum?: Lorem Ipsum is simply dummy text of the printing and typesetting industry. Lorem Ipsum has been the industry's standard dummy text ever since the 1500s, when an unknown printer took a galley of type and scrambled it to make a type specimen book. It has survived not only five centuries, but also the leap into electronic typesetting, remaining essentially unchanged. It was popularised in the 1960s with the release of Letraset sheets containing Lorem Ipsum passages, and more recently with desktop publishing software like Aldus PageMaker including versions of Lorem Ipsum.
2025-09-07 14:39:46 [main] INFO  demoqaBase - You are now Accessing: Lorem Ipsum is simply dummy text of the printing and typesetting industry. Lorem Ipsum has been the industry's standard dummy text ever since the 1500s, when an unknown printer took a galley of type and scrambled it to make a type specimen book. It has survived not only five centuries, but also the leap into electronic typesetting, remaining essentially unchanged. It was popularised in the 1960s with the release of Letraset sheets containing Lorem Ipsum passages, and more recently with desktop publishing software like Aldus PageMaker including versions of Lorem Ipsum.
2025-09-07 14:39:46 [main] INFO  demoqaBase - ✅ Widgets|Accordian|What is Lorem Ipsum? Test Completed...
]]></system-out>
  </testcase>
  <testcase name="AccessWhereDoes" classname="tests.WidgetsTests" time="2.356">
    <system-out><![CDATA[2025-09-07 14:39:46 [main] INFO  demoqaBase - Closing the Browser...
2025-09-07 14:39:47 [main] INFO  demoqaBase - Starting Web Browser...
2025-09-07 14:39:48 [main] INFO  demoqaBase - Navigating to demoqa.com Website
2025-09-07 14:40:18 [main] WARN  RetryUrlAccess - Attempt 1 failed due to retryable error: timeout: timed out receiving message from renderer: 29.117
  (session info: chrome=137.0.7151.120)
build info: version: '4.35.0', revision: '1c58e5028b'
system info: os.name: 'windows 11', os.arch: 'amd64', os.version: '10.0', java.version: '21.0.7'
driver info: org.openqa.selenium.chrome.chromedriver
command: [4ccaad9320c2250c91fc1edc4133b656, get {url=https://demoqa.com}]
capabilities {acceptinsecurecerts: false, browsername: chrome, browserversion: 137.0.7151.120, chrome: {chromedriverversion: 137.0.7151.119 (e0ac9d12dff..., userdatadir: c:\users\dell\appdata\local...}, fedcm:accounts: true, goog:chromeoptions: {debuggeraddress: localhost:65029}, networkconnectionenabled: false, pageloadstrategy: normal, platformname: windows, proxy: proxy(), se:cdp: ws://localhost:65029/devtoo..., se:cdpversion: 137.0.7151.120, setwindowrect: true, strictfileinteractability: false, timeouts: {implicit: 0, pageload: 300000, script: 30000}, unhandledpromptbehavior: dismiss and notify, webauthn:extension:credblob: true, webauthn:extension:largeblob: true, webauthn:extension:minpinlength: true, webauthn:extension:prf: true, webauthn:virtualauthenticators: true}
session id: 4ccaad9320c2250c91fc1edc4133b656. Retrying after 3000ms...
2025-09-07 14:40:22 [main] INFO  RetryUrlAccess - Successfully navigated to: https://demoqa.com
2025-09-07 14:40:22 [main] INFO  demoqaBase - 🧪 Starting Test Widgets|Accordian|Where does it come from?...
2025-09-07 14:40:22 [main] INFO  demoqaBase - Accessing Widgets Card...
Declared Instance WebDriverWait: org.openqa.selenium.support.ui.WebDriverWait@2d7157b0
2025-09-07 14:40:22 [main] INFO  demoqaLog - Clicking on Widgets Card...
2025-09-07 14:40:22 [main] INFO  demoqaLog - ✅ JS click executed on element: {}
2025-09-07 14:40:22 [main] INFO  demoqaLog - Clicked on on Widgets Card...
Title of this Page is: DEMOQA
You are Accessing: Widgets
 
2025-09-07 14:40:22 [main] INFO  demoqaBase - Widgets: Please select an item from left to start practice.
2025-09-07 14:40:22 [main] INFO  demoqaBase - Clicking on Widgets|Accordian...
You are now Accessing: Accordian
2025-09-07 14:40:24 [main] INFO  demoqaBase - You are now Accessing: Accordian
2025-09-07 14:40:24 [main] INFO  demoqaBase - Clicking on Widgets|Accordian|Where does it come from?...
2025-09-07 14:40:24 [main] INFO  demoqaLog - ✅ JS click executed on element: {}
2025-09-07 14:40:24 [main] INFO  demoqaBase - Clicked on Where does it come from?...
2025-09-07 14:40:24 [main] INFO  demoqaBase - You are now Accessing: Contrary to popular belief, Lorem Ipsum is not simply random text. It has roots in a piece of classical Latin literature from 45 BC, making it over 2000 years old. Richard McClintock, a Latin professor at Hampden-Sydney College in Virginia, looked up one of the more obscure Latin words, consectetur, from a Lorem Ipsum passage, and going through the cites of the word in classical literature, discovered the undoubtable source. Lorem Ipsum comes from sections 1.10.32 and 1.10.33 of "de Finibus Bonorum et Malorum" (The Extremes of Good and Evil) by Cicero, written in 45 BC. This book is a treatise on the theory of ethics, very popular during the Renaissance. The first line of Lorem Ipsum, "Lorem ipsum dolor sit amet..", comes from a line in section 1.10.32.
Where does it come from?: Contrary to popular belief, Lorem Ipsum is not simply random text. It has roots in a piece of classical Latin literature from 45 BC, making it over 2000 years old. Richard McClintock, a Latin professor at Hampden-Sydney College in Virginia, looked up one of the more obscure Latin words, consectetur, from a Lorem Ipsum passage, and going through the cites of the word in classical literature, discovered the undoubtable source. Lorem Ipsum comes from sections 1.10.32 and 1.10.33 of "de Finibus Bonorum et Malorum" (The Extremes of Good and Evil) by Cicero, written in 45 BC. This book is a treatise on the theory of ethics, very popular during the Renaissance. The first line of Lorem Ipsum, "Lorem ipsum dolor sit amet..", comes from a line in section 1.10.32.
2025-09-07 14:40:24 [main] INFO  demoqaBase - ✅ Widgets|Accordian|Where does it come from? Test Completed...
]]></system-out>
  </testcase>
  <testcase name="AccessWhyDoWe" classname="tests.WidgetsTests" time="1.316">
    <system-out><![CDATA[2025-09-07 14:40:24 [main] INFO  demoqaBase - Closing the Browser...
2025-09-07 14:40:25 [main] INFO  demoqaBase - Starting Web Browser...
2025-09-07 14:40:26 [main] INFO  demoqaBase - Navigating to demoqa.com Website
2025-09-07 14:40:56 [main] WARN  RetryUrlAccess - Attempt 1 failed due to retryable error: timeout: timed out receiving message from renderer: 29.073
  (session info: chrome=137.0.7151.120)
build info: version: '4.35.0', revision: '1c58e5028b'
system info: os.name: 'windows 11', os.arch: 'amd64', os.version: '10.0', java.version: '21.0.7'
driver info: org.openqa.selenium.chrome.chromedriver
command: [68a522d84882fe9520305b04c26d1497, get {url=https://demoqa.com}]
capabilities {acceptinsecurecerts: false, browsername: chrome, browserversion: 137.0.7151.120, chrome: {chromedriverversion: 137.0.7151.119 (e0ac9d12dff..., userdatadir: c:\users\dell\appdata\local...}, fedcm:accounts: true, goog:chromeoptions: {debuggeraddress: localhost:65277}, networkconnectionenabled: false, pageloadstrategy: normal, platformname: windows, proxy: proxy(), se:cdp: ws://localhost:65277/devtoo..., se:cdpversion: 137.0.7151.120, setwindowrect: true, strictfileinteractability: false, timeouts: {implicit: 0, pageload: 300000, script: 30000}, unhandledpromptbehavior: dismiss and notify, webauthn:extension:credblob: true, webauthn:extension:largeblob: true, webauthn:extension:minpinlength: true, webauthn:extension:prf: true, webauthn:virtualauthenticators: true}
session id: 68a522d84882fe9520305b04c26d1497. Retrying after 3000ms...
2025-09-07 14:41:00 [main] INFO  RetryUrlAccess - Successfully navigated to: https://demoqa.com
2025-09-07 14:41:00 [main] INFO  demoqaBase - 🧪 Starting Test Widgets|Accordian|Why do we use it?...
2025-09-07 14:41:00 [main] INFO  demoqaBase - Accessing Widgets Card...
Declared Instance WebDriverWait: org.openqa.selenium.support.ui.WebDriverWait@38511687
2025-09-07 14:41:00 [main] INFO  demoqaLog - Clicking on Widgets Card...
2025-09-07 14:41:00 [main] INFO  demoqaLog - ✅ JS click executed on element: {}
2025-09-07 14:41:00 [main] INFO  demoqaLog - Clicked on on Widgets Card...
Title of this Page is: DEMOQA
You are Accessing: Widgets
 
2025-09-07 14:41:00 [main] INFO  demoqaBase - Widgets: Please select an item from left to start practice.
2025-09-07 14:41:00 [main] INFO  demoqaBase - Clicking on Widgets|Accordian...
You are now Accessing: Accordian
2025-09-07 14:41:01 [main] INFO  demoqaBase - You are now Accessing: Accordian
2025-09-07 14:41:01 [main] INFO  demoqaBase - Clicking on Widgets|Accordian|Why do we use it?...
2025-09-07 14:41:01 [main] INFO  demoqaLog - ✅ JS click executed on element: {}
2025-09-07 14:41:01 [main] INFO  demoqaBase - Clicked on Why do we use it?...
Why do we use it?: It is a long established fact that a reader will be distracted by the readable content of a page when looking at its layout. The point of using Lorem Ipsum is that it has a more-or-less normal distribution of letters, as opposed to using 'Content here, content here', making it look like readable English. Many desktop publishing packages and web page editors now use Lorem Ipsum as their default model text, and a search for 'lorem ipsum' will uncover many web sites still in their infancy. Various versions have evolved over the years, sometimes by accident, sometimes on purpose (injected humour and the like).
2025-09-07 14:41:01 [main] INFO  demoqaBase - You are now Accessing: It is a long established fact that a reader will be distracted by the readable content of a page when looking at its layout. The point of using Lorem Ipsum is that it has a more-or-less normal distribution of letters, as opposed to using 'Content here, content here', making it look like readable English. Many desktop publishing packages and web page editors now use Lorem Ipsum as their default model text, and a search for 'lorem ipsum' will uncover many web sites still in their infancy. Various versions have evolved over the years, sometimes by accident, sometimes on purpose (injected humour and the like).
2025-09-07 14:41:01 [main] INFO  demoqaBase - ✅ Widgets|Accordian|Why do we use it? Test Completed...
]]></system-out>
  </testcase>
  <testcase name="AutoComplete" classname="tests.WidgetsTests" time="0.811">
    <system-out><![CDATA[2025-09-07 14:41:01 [main] INFO  demoqaBase - Closing the Browser...
2025-09-07 14:41:02 [main] INFO  demoqaBase - Starting Web Browser...
2025-09-07 14:41:03 [main] INFO  demoqaBase - Navigating to demoqa.com Website
2025-09-07 14:41:33 [main] WARN  RetryUrlAccess - Attempt 1 failed due to retryable error: timeout: timed out receiving message from renderer: 29.133
  (session info: chrome=137.0.7151.120)
build info: version: '4.35.0', revision: '1c58e5028b'
system info: os.name: 'windows 11', os.arch: 'amd64', os.version: '10.0', java.version: '21.0.7'
driver info: org.openqa.selenium.chrome.chromedriver
command: [2191dcc72804cb7bc092e3f91bbedfb2, get {url=https://demoqa.com}]
capabilities {acceptinsecurecerts: false, browsername: chrome, browserversion: 137.0.7151.120, chrome: {chromedriverversion: 137.0.7151.119 (e0ac9d12dff..., userdatadir: c:\users\dell\appdata\local...}, fedcm:accounts: true, goog:chromeoptions: {debuggeraddress: localhost:65506}, networkconnectionenabled: false, pageloadstrategy: normal, platformname: windows, proxy: proxy(), se:cdp: ws://localhost:65506/devtoo..., se:cdpversion: 137.0.7151.120, setwindowrect: true, strictfileinteractability: false, timeouts: {implicit: 0, pageload: 300000, script: 30000}, unhandledpromptbehavior: dismiss and notify, webauthn:extension:credblob: true, webauthn:extension:largeblob: true, webauthn:extension:minpinlength: true, webauthn:extension:prf: true, webauthn:virtualauthenticators: true}
session id: 2191dcc72804cb7bc092e3f91bbedfb2. Retrying after 3000ms...
2025-09-07 14:41:37 [main] INFO  RetryUrlAccess - Successfully navigated to: https://demoqa.com
2025-09-07 14:41:37 [main] INFO  demoqaBase - 🧪 Starting Test Widgets|Auto Complete...
2025-09-07 14:41:37 [main] INFO  demoqaBase - Accessing Widgets Card...
Declared Instance WebDriverWait: org.openqa.selenium.support.ui.WebDriverWait@2ea6687b
2025-09-07 14:41:37 [main] INFO  demoqaLog - Clicking on Widgets Card...
2025-09-07 14:41:37 [main] INFO  demoqaLog - ✅ JS click executed on element: {}
2025-09-07 14:41:37 [main] INFO  demoqaLog - Clicked on on Widgets Card...
Title of this Page is: DEMOQA
You are Accessing: Widgets
 
2025-09-07 14:41:37 [main] INFO  demoqaBase - Widgets: Please select an item from left to start practice.
2025-09-07 14:41:37 [main] INFO  demoqaBase - Clicking on Widgets|AutoComplete...
You are now Accessing: Auto Complete
2025-09-07 14:41:38 [main] INFO  demoqaBase - You are now Accessing: Auto Complete
2025-09-07 14:41:38 [main] INFO  demoqaBase - ✅ Widgets|Auto Complete Test Completed...
]]></system-out>
  </testcase>
  <testcase name="AutoCompleteSearch[ColorSelectionData{searchFor=&apos;A&apos;, expectedColors=[Black, Magenta, Aqua]}](1)" classname="tests.WidgetsTests" time="2.552">
    <system-out><![CDATA[2025-09-07 14:41:38 [main] INFO  demoqaBase - Closing the Browser...
🧾 Row 1: {SearchFor=A, ExpectedColors=Black,Magenta,Aqua}
🔍 Mapping field: searchFor | Excel Column: SearchFor | Value: A
🔍 Mapping field: expectedColorsRaw | Excel Column: ExpectedColors | Value: Black,Magenta,Aqua
🧾 Row 2: {SearchFor=B, ExpectedColors=Blue,Black}
🔍 Mapping field: searchFor | Excel Column: SearchFor | Value: B
🔍 Mapping field: expectedColorsRaw | Excel Column: ExpectedColors | Value: Blue,Black
🧾 Row 3: {SearchFor=C, ExpectedColors=Black}
🔍 Mapping field: searchFor | Excel Column: SearchFor | Value: C
🔍 Mapping field: expectedColorsRaw | Excel Column: ExpectedColors | Value: Black
🧾 Row 4: {SearchFor=D, ExpectedColors=Red,Indigo}
🔍 Mapping field: searchFor | Excel Column: SearchFor | Value: D
🔍 Mapping field: expectedColorsRaw | Excel Column: ExpectedColors | Value: Red,Indigo
🧾 Row 5: {SearchFor=E, ExpectedColors=Red,Blue,Green,Yellow,Purple,White,Voilet,Magenta}
🔍 Mapping field: searchFor | Excel Column: SearchFor | Value: E
🔍 Mapping field: expectedColorsRaw | Excel Column: ExpectedColors | Value: Red,Blue,Green,Yellow,Purple,White,Voilet,Magenta
🧾 Row 6: {SearchFor=G, ExpectedColors=Green,Indigo,Magenta}
🔍 Mapping field: searchFor | Excel Column: SearchFor | Value: G
🔍 Mapping field: expectedColorsRaw | Excel Column: ExpectedColors | Value: Green,Indigo,Magenta
🧾 Row 7: {SearchFor=H, ExpectedColors=White}
🔍 Mapping field: searchFor | Excel Column: SearchFor | Value: H
🔍 Mapping field: expectedColorsRaw | Excel Column: ExpectedColors | Value: White
🧾 Row 8: {SearchFor=I, ExpectedColors=White,Voilet,Indigo}
🔍 Mapping field: searchFor | Excel Column: SearchFor | Value: I
🔍 Mapping field: expectedColorsRaw | Excel Column: ExpectedColors | Value: White,Voilet,Indigo
🧾 Row 9: {SearchFor=K, ExpectedColors=Black}
🔍 Mapping field: searchFor | Excel Column: SearchFor | Value: K
🔍 Mapping field: expectedColorsRaw | Excel Column: ExpectedColors | Value: Black
🧾 Row 10: {SearchFor=L, ExpectedColors=Blue,Yellow,Purple,Black,Voilet}
🔍 Mapping field: searchFor | Excel Column: SearchFor | Value: L
🔍 Mapping field: expectedColorsRaw | Excel Column: ExpectedColors | Value: Blue,Yellow,Purple,Black,Voilet
🧾 Row 11: {SearchFor=M, ExpectedColors=Magenta}
🔍 Mapping field: searchFor | Excel Column: SearchFor | Value: M
🔍 Mapping field: expectedColorsRaw | Excel Column: ExpectedColors | Value: Magenta
🧾 Row 12: {SearchFor=N, ExpectedColors=Green,Indigo,Magenta}
🔍 Mapping field: searchFor | Excel Column: SearchFor | Value: N
🔍 Mapping field: expectedColorsRaw | Excel Column: ExpectedColors | Value: Green,Indigo,Magenta
🧾 Row 13: {SearchFor=O, ExpectedColors=Yellow,Voilet,Indigo}
🔍 Mapping field: searchFor | Excel Column: SearchFor | Value: O
🔍 Mapping field: expectedColorsRaw | Excel Column: ExpectedColors | Value: Yellow,Voilet,Indigo
🧾 Row 14: {SearchFor=P, ExpectedColors=Purple}
🔍 Mapping field: searchFor | Excel Column: SearchFor | Value: P
🔍 Mapping field: expectedColorsRaw | Excel Column: ExpectedColors | Value: Purple
🧾 Row 15: {SearchFor=Q, ExpectedColors=Aqua}
🔍 Mapping field: searchFor | Excel Column: SearchFor | Value: Q
🔍 Mapping field: expectedColorsRaw | Excel Column: ExpectedColors | Value: Aqua
🧾 Row 16: {SearchFor=R, ExpectedColors=Red,Green,Purple}
🔍 Mapping field: searchFor | Excel Column: SearchFor | Value: R
🔍 Mapping field: expectedColorsRaw | Excel Column: ExpectedColors | Value: Red,Green,Purple
🧾 Row 17: {SearchFor=T, ExpectedColors=White,Voilet,Magenta}
🔍 Mapping field: searchFor | Excel Column: SearchFor | Value: T
🔍 Mapping field: expectedColorsRaw | Excel Column: ExpectedColors | Value: White,Voilet,Magenta
🧾 Row 18: {SearchFor=U, ExpectedColors=Blue,Purple,Aqua}
🔍 Mapping field: searchFor | Excel Column: SearchFor | Value: U
🔍 Mapping field: expectedColorsRaw | Excel Column: ExpectedColors | Value: Blue,Purple,Aqua
🧾 Row 19: {SearchFor=V, ExpectedColors=Voilet}
🔍 Mapping field: searchFor | Excel Column: SearchFor | Value: V
🔍 Mapping field: expectedColorsRaw | Excel Column: ExpectedColors | Value: Voilet
🧾 Row 20: {SearchFor=W, ExpectedColors=Yellow,White}
🔍 Mapping field: searchFor | Excel Column: SearchFor | Value: W
🔍 Mapping field: expectedColorsRaw | Excel Column: ExpectedColors | Value: Yellow,White
🧾 Row 21: {SearchFor=Y, ExpectedColors=Yellow}
🔍 Mapping field: searchFor | Excel Column: SearchFor | Value: Y
🔍 Mapping field: expectedColorsRaw | Excel Column: ExpectedColors | Value: Yellow
2025-09-07 14:41:38 [main] INFO  demoqaBase - Starting Web Browser...
2025-09-07 14:41:40 [main] INFO  demoqaBase - Navigating to demoqa.com Website
2025-09-07 14:42:10 [main] WARN  RetryUrlAccess - Attempt 1 failed due to retryable error: timeout: timed out receiving message from renderer: 29.130
  (session info: chrome=137.0.7151.120)
build info: version: '4.35.0', revision: '1c58e5028b'
system info: os.name: 'windows 11', os.arch: 'amd64', os.version: '10.0', java.version: '21.0.7'
driver info: org.openqa.selenium.chrome.chromedriver
command: [7f525c341c3f7b544a1fee2ac5ade3fb, get {url=https://demoqa.com}]
capabilities {acceptinsecurecerts: false, browsername: chrome, browserversion: 137.0.7151.120, chrome: {chromedriverversion: 137.0.7151.119 (e0ac9d12dff..., userdatadir: c:\users\dell\appdata\local...}, fedcm:accounts: true, goog:chromeoptions: {debuggeraddress: localhost:49306}, networkconnectionenabled: false, pageloadstrategy: normal, platformname: windows, proxy: proxy(), se:cdp: ws://localhost:49306/devtoo..., se:cdpversion: 137.0.7151.120, setwindowrect: true, strictfileinteractability: false, timeouts: {implicit: 0, pageload: 300000, script: 30000}, unhandledpromptbehavior: dismiss and notify, webauthn:extension:credblob: true, webauthn:extension:largeblob: true, webauthn:extension:minpinlength: true, webauthn:extension:prf: true, webauthn:virtualauthenticators: true}
session id: 7f525c341c3f7b544a1fee2ac5ade3fb. Retrying after 3000ms...
2025-09-07 14:42:13 [main] INFO  RetryUrlAccess - Successfully navigated to: https://demoqa.com
2025-09-07 14:42:13 [main] INFO  demoqaBase - 🧪 Starting Test Widgets|Auto Complete...
2025-09-07 14:42:13 [main] INFO  demoqaBase - Accessing Widgets Card...
Declared Instance WebDriverWait: org.openqa.selenium.support.ui.WebDriverWait@6902e2bf
2025-09-07 14:42:13 [main] INFO  demoqaLog - Clicking on Widgets Card...
2025-09-07 14:42:14 [main] INFO  demoqaLog - ✅ JS click executed on element: {}
2025-09-07 14:42:14 [main] INFO  demoqaLog - Clicked on on Widgets Card...
Title of this Page is: DEMOQA
You are Accessing: Widgets
 
2025-09-07 14:42:14 [main] INFO  demoqaBase - Widgets: Please select an item from left to start practice.
2025-09-07 14:42:14 [main] INFO  demoqaBase - Clicking on Widgets|AutoComplete...
You are now Accessing: Auto Complete
2025-09-07 14:42:14 [main] INFO  demoqaBase - You are now Accessing: Auto Complete
Searching Colors using: A
Expected Color to be selected is/are: [Black, Magenta, Aqua]
2025-09-07 14:42:14 [main] INFO  demoqaBase - 🔍 Running test for search character: A
2025-09-07 14:42:14 [main] INFO  demoqaBase - Clicking on Widgets | Auto Complete | Type multiple color names...
Searching Colors using: A
Expected Color to be selected is/are: [Black, Magenta, Aqua]
2025-09-07 14:42:14 [main] INFO  demoqaBase - You are now Accessing: Auto Complete
2025-09-07 14:42:15 [main] INFO  demoqaBase - Available Color: Black
2025-09-07 14:42:15 [main] INFO  demoqaLog - ✅ JS click executed on element: {}
2025-09-07 14:42:15 [main] INFO  demoqaBase - ✅ Selected Color: Black
2025-09-07 14:42:15 [main] INFO  demoqaBase - Available Color: Magenta
2025-09-07 14:42:15 [main] INFO  demoqaLog - ✅ JS click executed on element: {}
2025-09-07 14:42:15 [main] INFO  demoqaBase - ✅ Selected Color: Magenta
2025-09-07 14:42:16 [main] INFO  demoqaBase - Available Color: Aqua
2025-09-07 14:42:16 [main] INFO  demoqaLog - ✅ JS click executed on element: {}
2025-09-07 14:42:16 [main] INFO  demoqaBase - ✅ Selected Color: Aqua
2025-09-07 14:42:16 [main] INFO  demoqaBase - 🎯 Final selected colors: [Black, Magenta, Aqua]
2025-09-07 14:42:16 [main] INFO  demoqaBase - ✅ Widgets|Auto Complete Test Completed...
]]></system-out>
  </testcase>
  <testcase name="AutoCompleteSearch[ColorSelectionData{searchFor=&apos;B&apos;, expectedColors=[Blue, Black]}](2)" classname="tests.WidgetsTests" time="2.825">
    <system-out><![CDATA[2025-09-07 14:42:16 [main] INFO  demoqaBase - Closing the Browser...
2025-09-07 14:42:17 [main] INFO  demoqaBase - Starting Web Browser...
2025-09-07 14:42:18 [main] INFO  demoqaBase - Navigating to demoqa.com Website
2025-09-07 14:42:48 [main] WARN  RetryUrlAccess - Attempt 1 failed due to retryable error: timeout: timed out receiving message from renderer: 29.075
  (session info: chrome=137.0.7151.120)
build info: version: '4.35.0', revision: '1c58e5028b'
system info: os.name: 'windows 11', os.arch: 'amd64', os.version: '10.0', java.version: '21.0.7'
driver info: org.openqa.selenium.chrome.chromedriver
command: [dda01a933413b8556be7bd0f18fe5b90, get {url=https://demoqa.com}]
capabilities {acceptinsecurecerts: false, browsername: chrome, browserversion: 137.0.7151.120, chrome: {chromedriverversion: 137.0.7151.119 (e0ac9d12dff..., userdatadir: c:\users\dell\appdata\local...}, fedcm:accounts: true, goog:chromeoptions: {debuggeraddress: localhost:49766}, networkconnectionenabled: false, pageloadstrategy: normal, platformname: windows, proxy: proxy(), se:cdp: ws://localhost:49766/devtoo..., se:cdpversion: 137.0.7151.120, setwindowrect: true, strictfileinteractability: false, timeouts: {implicit: 0, pageload: 300000, script: 30000}, unhandledpromptbehavior: dismiss and notify, webauthn:extension:credblob: true, webauthn:extension:largeblob: true, webauthn:extension:minpinlength: true, webauthn:extension:prf: true, webauthn:virtualauthenticators: true}
session id: dda01a933413b8556be7bd0f18fe5b90. Retrying after 3000ms...
2025-09-07 14:43:21 [main] WARN  RetryUrlAccess - Attempt 2 failed due to retryable error: timeout: timed out receiving message from renderer: 29.828
  (session info: chrome=137.0.7151.120)
build info: version: '4.35.0', revision: '1c58e5028b'
system info: os.name: 'windows 11', os.arch: 'amd64', os.version: '10.0', java.version: '21.0.7'
driver info: org.openqa.selenium.chrome.chromedriver
command: [dda01a933413b8556be7bd0f18fe5b90, get {url=https://demoqa.com}]
capabilities {acceptinsecurecerts: false, browsername: chrome, browserversion: 137.0.7151.120, chrome: {chromedriverversion: 137.0.7151.119 (e0ac9d12dff..., userdatadir: c:\users\dell\appdata\local...}, fedcm:accounts: true, goog:chromeoptions: {debuggeraddress: localhost:49766}, networkconnectionenabled: false, pageloadstrategy: normal, platformname: windows, proxy: proxy(), se:cdp: ws://localhost:49766/devtoo..., se:cdpversion: 137.0.7151.120, setwindowrect: true, strictfileinteractability: false, timeouts: {implicit: 0, pageload: 300000, script: 30000}, unhandledpromptbehavior: dismiss and notify, webauthn:extension:credblob: true, webauthn:extension:largeblob: true, webauthn:extension:minpinlength: true, webauthn:extension:prf: true, webauthn:virtualauthenticators: true}
session id: dda01a933413b8556be7bd0f18fe5b90. Retrying after 3000ms...
2025-09-07 14:43:25 [main] INFO  RetryUrlAccess - Successfully navigated to: https://demoqa.com
2025-09-07 14:43:25 [main] INFO  demoqaBase - 🧪 Starting Test Widgets|Auto Complete...
2025-09-07 14:43:25 [main] INFO  demoqaBase - Accessing Widgets Card...
Declared Instance WebDriverWait: org.openqa.selenium.support.ui.WebDriverWait@7271ee48
2025-09-07 14:43:25 [main] INFO  demoqaLog - Clicking on Widgets Card...
2025-09-07 14:43:25 [main] INFO  demoqaLog - ✅ JS click executed on element: {}
2025-09-07 14:43:25 [main] INFO  demoqaLog - Clicked on on Widgets Card...
Title of this Page is: DEMOQA
You are Accessing: Widgets
 
2025-09-07 14:43:26 [main] INFO  demoqaBase - Widgets: Please select an item from left to start practice.
2025-09-07 14:43:26 [main] INFO  demoqaBase - Clicking on Widgets|AutoComplete...
You are now Accessing: Auto Complete
2025-09-07 14:43:27 [main] INFO  demoqaBase - You are now Accessing: Auto Complete
Searching Colors using: B
Expected Color to be selected is/are: [Blue, Black]
2025-09-07 14:43:27 [main] INFO  demoqaBase - 🔍 Running test for search character: B
2025-09-07 14:43:27 [main] INFO  demoqaBase - Clicking on Widgets | Auto Complete | Type multiple color names...
Searching Colors using: B
Expected Color to be selected is/are: [Blue, Black]
2025-09-07 14:43:27 [main] INFO  demoqaBase - You are now Accessing: Auto Complete
2025-09-07 14:43:27 [main] INFO  demoqaBase - Available Color: Blue
2025-09-07 14:43:27 [main] INFO  demoqaLog - ✅ JS click executed on element: {}
2025-09-07 14:43:27 [main] INFO  demoqaBase - ✅ Selected Color: Blue
2025-09-07 14:43:28 [main] INFO  demoqaBase - Available Color: Black
2025-09-07 14:43:28 [main] INFO  demoqaLog - ✅ JS click executed on element: {}
2025-09-07 14:43:28 [main] INFO  demoqaBase - ✅ Selected Color: Black
2025-09-07 14:43:28 [main] INFO  demoqaBase - 🎯 Final selected colors: [Blue, Black]
2025-09-07 14:43:28 [main] INFO  demoqaBase - ✅ Widgets|Auto Complete Test Completed...
]]></system-out>
  </testcase>
  <testcase name="AutoCompleteSearch[ColorSelectionData{searchFor=&apos;C&apos;, expectedColors=[Black]}](3)" classname="tests.WidgetsTests" time="2.594">
    <system-out><![CDATA[2025-09-07 14:43:28 [main] INFO  demoqaBase - Closing the Browser...
2025-09-07 14:43:29 [main] INFO  demoqaBase - Starting Web Browser...
2025-09-07 14:43:30 [main] INFO  demoqaBase - Navigating to demoqa.com Website
2025-09-07 14:44:00 [main] WARN  RetryUrlAccess - Attempt 1 failed due to retryable error: timeout: timed out receiving message from renderer: 29.146
  (session info: chrome=137.0.7151.120)
build info: version: '4.35.0', revision: '1c58e5028b'
system info: os.name: 'windows 11', os.arch: 'amd64', os.version: '10.0', java.version: '21.0.7'
driver info: org.openqa.selenium.chrome.chromedriver
command: [5bf23734b3d293e3b369e121a3160347, get {url=https://demoqa.com}]
capabilities {acceptinsecurecerts: false, browsername: chrome, browserversion: 137.0.7151.120, chrome: {chromedriverversion: 137.0.7151.119 (e0ac9d12dff..., userdatadir: c:\users\dell\appdata\local...}, fedcm:accounts: true, goog:chromeoptions: {debuggeraddress: localhost:50008}, networkconnectionenabled: false, pageloadstrategy: normal, platformname: windows, proxy: proxy(), se:cdp: ws://localhost:50008/devtoo..., se:cdpversion: 137.0.7151.120, setwindowrect: true, strictfileinteractability: false, timeouts: {implicit: 0, pageload: 300000, script: 30000}, unhandledpromptbehavior: dismiss and notify, webauthn:extension:credblob: true, webauthn:extension:largeblob: true, webauthn:extension:minpinlength: true, webauthn:extension:prf: true, webauthn:virtualauthenticators: true}
session id: 5bf23734b3d293e3b369e121a3160347. Retrying after 3000ms...
2025-09-07 14:44:04 [main] INFO  RetryUrlAccess - Successfully navigated to: https://demoqa.com
2025-09-07 14:44:04 [main] INFO  demoqaBase - 🧪 Starting Test Widgets|Auto Complete...
2025-09-07 14:44:04 [main] INFO  demoqaBase - Accessing Widgets Card...
Declared Instance WebDriverWait: org.openqa.selenium.support.ui.WebDriverWait@6cee59d6
2025-09-07 14:44:04 [main] INFO  demoqaLog - Clicking on Widgets Card...
2025-09-07 14:44:04 [main] INFO  demoqaLog - ✅ JS click executed on element: {}
2025-09-07 14:44:04 [main] INFO  demoqaLog - Clicked on on Widgets Card...
Title of this Page is: DEMOQA
You are Accessing: Widgets
 
2025-09-07 14:44:04 [main] INFO  demoqaBase - Widgets: Please select an item from left to start practice.
2025-09-07 14:44:04 [main] INFO  demoqaBase - Clicking on Widgets|AutoComplete...
You are now Accessing: Auto Complete
2025-09-07 14:44:05 [main] INFO  demoqaBase - You are now Accessing: Auto Complete
Searching Colors using: C
Expected Color to be selected is/are: [Black]
2025-09-07 14:44:05 [main] INFO  demoqaBase - 🔍 Running test for search character: C
2025-09-07 14:44:05 [main] INFO  demoqaBase - Clicking on Widgets | Auto Complete | Type multiple color names...
Searching Colors using: C
Expected Color to be selected is/are: [Black]
2025-09-07 14:44:05 [main] INFO  demoqaBase - You are now Accessing: Auto Complete
2025-09-07 14:44:06 [main] INFO  demoqaBase - Available Color: Black
2025-09-07 14:44:06 [main] INFO  demoqaLog - ✅ JS click executed on element: {}
2025-09-07 14:44:06 [main] INFO  demoqaBase - ✅ Selected Color: Black
2025-09-07 14:44:06 [main] INFO  demoqaBase - 🎯 Final selected colors: [Black]
2025-09-07 14:44:06 [main] INFO  demoqaBase - ✅ Widgets|Auto Complete Test Completed...
]]></system-out>
  </testcase>
  <testcase name="AutoCompleteSearch[ColorSelectionData{searchFor=&apos;D&apos;, expectedColors=[Red, Indigo]}](4)" classname="tests.WidgetsTests" time="3.503">
    <system-out><![CDATA[2025-09-07 14:44:06 [main] INFO  demoqaBase - Closing the Browser...
2025-09-07 14:44:07 [main] INFO  demoqaBase - Starting Web Browser...
2025-09-07 14:44:08 [main] INFO  demoqaBase - Navigating to demoqa.com Website
2025-09-07 14:44:38 [main] WARN  RetryUrlAccess - Attempt 1 failed due to retryable error: timeout: timed out receiving message from renderer: 29.100
  (session info: chrome=137.0.7151.120)
build info: version: '4.35.0', revision: '1c58e5028b'
system info: os.name: 'windows 11', os.arch: 'amd64', os.version: '10.0', java.version: '21.0.7'
driver info: org.openqa.selenium.chrome.chromedriver
command: [00b725da24fb16f589061ec5aa9eae6b, get {url=https://demoqa.com}]
capabilities {acceptinsecurecerts: false, browsername: chrome, browserversion: 137.0.7151.120, chrome: {chromedriverversion: 137.0.7151.119 (e0ac9d12dff..., userdatadir: c:\users\dell\appdata\local...}, fedcm:accounts: true, goog:chromeoptions: {debuggeraddress: localhost:50199}, networkconnectionenabled: false, pageloadstrategy: normal, platformname: windows, proxy: proxy(), se:cdp: ws://localhost:50199/devtoo..., se:cdpversion: 137.0.7151.120, setwindowrect: true, strictfileinteractability: false, timeouts: {implicit: 0, pageload: 300000, script: 30000}, unhandledpromptbehavior: dismiss and notify, webauthn:extension:credblob: true, webauthn:extension:largeblob: true, webauthn:extension:minpinlength: true, webauthn:extension:prf: true, webauthn:virtualauthenticators: true}
session id: 00b725da24fb16f589061ec5aa9eae6b. Retrying after 3000ms...
2025-09-07 14:44:42 [main] INFO  RetryUrlAccess - Successfully navigated to: https://demoqa.com
2025-09-07 14:44:42 [main] INFO  demoqaBase - 🧪 Starting Test Widgets|Auto Complete...
2025-09-07 14:44:42 [main] INFO  demoqaBase - Accessing Widgets Card...
Declared Instance WebDriverWait: org.openqa.selenium.support.ui.WebDriverWait@7d0f755c
2025-09-07 14:44:42 [main] INFO  demoqaLog - Clicking on Widgets Card...
2025-09-07 14:44:42 [main] INFO  demoqaLog - ✅ JS click executed on element: {}
2025-09-07 14:44:42 [main] INFO  demoqaLog - Clicked on on Widgets Card...
Title of this Page is: DEMOQA
You are Accessing: Widgets
 
2025-09-07 14:44:42 [main] INFO  demoqaBase - Widgets: Please select an item from left to start practice.
2025-09-07 14:44:42 [main] INFO  demoqaBase - Clicking on Widgets|AutoComplete...
You are now Accessing: Auto Complete
2025-09-07 14:44:43 [main] INFO  demoqaBase - You are now Accessing: Auto Complete
Searching Colors using: D
Expected Color to be selected is/are: [Red, Indigo]
2025-09-07 14:44:43 [main] INFO  demoqaBase - 🔍 Running test for search character: D
2025-09-07 14:44:43 [main] INFO  demoqaBase - Clicking on Widgets | Auto Complete | Type multiple color names...
Searching Colors using: D
Expected Color to be selected is/are: [Red, Indigo]
2025-09-07 14:44:43 [main] INFO  demoqaBase - You are now Accessing: Auto Complete
2025-09-07 14:44:44 [main] INFO  demoqaBase - Available Color: Red
2025-09-07 14:44:44 [main] INFO  demoqaLog - ✅ JS click executed on element: {}
2025-09-07 14:44:44 [main] INFO  demoqaBase - ✅ Selected Color: Red
2025-09-07 14:44:45 [main] INFO  demoqaBase - Available Color: Indigo
2025-09-07 14:44:45 [main] INFO  demoqaLog - ✅ JS click executed on element: {}
2025-09-07 14:44:45 [main] INFO  demoqaBase - ✅ Selected Color: Indigo
2025-09-07 14:44:45 [main] INFO  demoqaBase - 🎯 Final selected colors: [Red, Indigo]
2025-09-07 14:44:45 [main] INFO  demoqaBase - ✅ Widgets|Auto Complete Test Completed...
]]></system-out>
  </testcase>
  <testcase name="AutoCompleteSearch[ColorSelectionData{searchFor=&apos;E&apos;, expectedColors=[Red, Blue, Green, Yellow, Purple, White, Voilet, Magenta]}](5)" classname="tests.WidgetsTests" time="4.435">
    <system-out><![CDATA[2025-09-07 14:44:45 [main] INFO  demoqaBase - Closing the Browser...
2025-09-07 14:44:46 [main] INFO  demoqaBase - Starting Web Browser...
2025-09-07 14:44:47 [main] INFO  demoqaBase - Navigating to demoqa.com Website
2025-09-07 14:45:17 [main] WARN  RetryUrlAccess - Attempt 1 failed due to retryable error: timeout: timed out receiving message from renderer: 29.125
  (session info: chrome=137.0.7151.120)
build info: version: '4.35.0', revision: '1c58e5028b'
system info: os.name: 'windows 11', os.arch: 'amd64', os.version: '10.0', java.version: '21.0.7'
driver info: org.openqa.selenium.chrome.chromedriver
command: [c456707af2caaaf45e4ba62221fd3bf3, get {url=https://demoqa.com}]
capabilities {acceptinsecurecerts: false, browsername: chrome, browserversion: 137.0.7151.120, chrome: {chromedriverversion: 137.0.7151.119 (e0ac9d12dff..., userdatadir: c:\users\dell\appdata\local...}, fedcm:accounts: true, goog:chromeoptions: {debuggeraddress: localhost:50358}, networkconnectionenabled: false, pageloadstrategy: normal, platformname: windows, proxy: proxy(), se:cdp: ws://localhost:50358/devtoo..., se:cdpversion: 137.0.7151.120, setwindowrect: true, strictfileinteractability: false, timeouts: {implicit: 0, pageload: 300000, script: 30000}, unhandledpromptbehavior: dismiss and notify, webauthn:extension:credblob: true, webauthn:extension:largeblob: true, webauthn:extension:minpinlength: true, webauthn:extension:prf: true, webauthn:virtualauthenticators: true}
session id: c456707af2caaaf45e4ba62221fd3bf3. Retrying after 3000ms...
2025-09-07 14:45:50 [main] WARN  RetryUrlAccess - Attempt 2 failed due to retryable error: timeout: timed out receiving message from renderer: 29.829
  (session info: chrome=137.0.7151.120)
build info: version: '4.35.0', revision: '1c58e5028b'
system info: os.name: 'windows 11', os.arch: 'amd64', os.version: '10.0', java.version: '21.0.7'
driver info: org.openqa.selenium.chrome.chromedriver
command: [c456707af2caaaf45e4ba62221fd3bf3, get {url=https://demoqa.com}]
capabilities {acceptinsecurecerts: false, browsername: chrome, browserversion: 137.0.7151.120, chrome: {chromedriverversion: 137.0.7151.119 (e0ac9d12dff..., userdatadir: c:\users\dell\appdata\local...}, fedcm:accounts: true, goog:chromeoptions: {debuggeraddress: localhost:50358}, networkconnectionenabled: false, pageloadstrategy: normal, platformname: windows, proxy: proxy(), se:cdp: ws://localhost:50358/devtoo..., se:cdpversion: 137.0.7151.120, setwindowrect: true, strictfileinteractability: false, timeouts: {implicit: 0, pageload: 300000, script: 30000}, unhandledpromptbehavior: dismiss and notify, webauthn:extension:credblob: true, webauthn:extension:largeblob: true, webauthn:extension:minpinlength: true, webauthn:extension:prf: true, webauthn:virtualauthenticators: true}
session id: c456707af2caaaf45e4ba62221fd3bf3. Retrying after 3000ms...
2025-09-07 14:45:54 [main] INFO  RetryUrlAccess - Successfully navigated to: https://demoqa.com
2025-09-07 14:45:54 [main] INFO  demoqaBase - 🧪 Starting Test Widgets|Auto Complete...
2025-09-07 14:45:54 [main] INFO  demoqaBase - Accessing Widgets Card...
Declared Instance WebDriverWait: org.openqa.selenium.support.ui.WebDriverWait@34fb5c3f
2025-09-07 14:45:54 [main] INFO  demoqaLog - Clicking on Widgets Card...
2025-09-07 14:45:54 [main] INFO  demoqaLog - ✅ JS click executed on element: {}
2025-09-07 14:45:54 [main] INFO  demoqaLog - Clicked on on Widgets Card...
Title of this Page is: DEMOQA
You are Accessing: Widgets
 
2025-09-07 14:45:54 [main] INFO  demoqaBase - Widgets: Please select an item from left to start practice.
2025-09-07 14:45:54 [main] INFO  demoqaBase - Clicking on Widgets|AutoComplete...
You are now Accessing: Auto Complete
2025-09-07 14:45:55 [main] INFO  demoqaBase - You are now Accessing: Auto Complete
Searching Colors using: E
Expected Color to be selected is/are: [Red, Blue, Green, Yellow, Purple, White, Voilet, Magenta]
2025-09-07 14:45:55 [main] INFO  demoqaBase - 🔍 Running test for search character: E
2025-09-07 14:45:55 [main] INFO  demoqaBase - Clicking on Widgets | Auto Complete | Type multiple color names...
Searching Colors using: E
Expected Color to be selected is/are: [Red, Blue, Green, Yellow, Purple, White, Voilet, Magenta]
2025-09-07 14:45:55 [main] INFO  demoqaBase - You are now Accessing: Auto Complete
2025-09-07 14:45:56 [main] INFO  demoqaBase - Available Color: Red
2025-09-07 14:45:56 [main] INFO  demoqaLog - ✅ JS click executed on element: {}
2025-09-07 14:45:56 [main] INFO  demoqaBase - ✅ Selected Color: Red
2025-09-07 14:45:56 [main] INFO  demoqaBase - Available Color: Blue
2025-09-07 14:45:56 [main] INFO  demoqaLog - ✅ JS click executed on element: {}
2025-09-07 14:45:56 [main] INFO  demoqaBase - ✅ Selected Color: Blue
2025-09-07 14:45:57 [main] INFO  demoqaBase - Available Color: Green
2025-09-07 14:45:57 [main] INFO  demoqaLog - ✅ JS click executed on element: {}
2025-09-07 14:45:57 [main] INFO  demoqaBase - ✅ Selected Color: Green
2025-09-07 14:45:57 [main] INFO  demoqaBase - Available Color: Yellow
2025-09-07 14:45:57 [main] INFO  demoqaLog - ✅ JS click executed on element: {}
2025-09-07 14:45:57 [main] INFO  demoqaBase - ✅ Selected Color: Yellow
2025-09-07 14:45:57 [main] INFO  demoqaBase - Available Color: Purple
2025-09-07 14:45:57 [main] INFO  demoqaLog - ✅ JS click executed on element: {}
2025-09-07 14:45:57 [main] INFO  demoqaBase - ✅ Selected Color: Purple
2025-09-07 14:45:58 [main] INFO  demoqaBase - Available Color: White
2025-09-07 14:45:58 [main] INFO  demoqaLog - ✅ JS click executed on element: {}
2025-09-07 14:45:58 [main] INFO  demoqaBase - ✅ Selected Color: White
2025-09-07 14:45:58 [main] INFO  demoqaBase - Available Color: Voilet
2025-09-07 14:45:58 [main] INFO  demoqaLog - ✅ JS click executed on element: {}
2025-09-07 14:45:58 [main] INFO  demoqaBase - ✅ Selected Color: Voilet
2025-09-07 14:45:58 [main] INFO  demoqaBase - Available Color: Magenta
2025-09-07 14:45:58 [main] INFO  demoqaLog - ✅ JS click executed on element: {}
2025-09-07 14:45:58 [main] INFO  demoqaBase - ✅ Selected Color: Magenta
2025-09-07 14:45:58 [main] INFO  demoqaBase - 🎯 Final selected colors: [Red, Blue, Green, Yellow, Purple, White, Voilet, Magenta]
2025-09-07 14:45:58 [main] INFO  demoqaBase - ✅ Widgets|Auto Complete Test Completed...
]]></system-out>
  </testcase>
  <testcase name="AutoCompleteSearch[ColorSelectionData{searchFor=&apos;G&apos;, expectedColors=[Green, Indigo, Magenta]}](6)" classname="tests.WidgetsTests" time="2.082">
    <system-out><![CDATA[2025-09-07 14:45:58 [main] INFO  demoqaBase - Closing the Browser...
2025-09-07 14:45:59 [main] INFO  demoqaBase - Starting Web Browser...
2025-09-07 14:46:00 [main] INFO  demoqaBase - Navigating to demoqa.com Website
2025-09-07 14:46:28 [main] INFO  RetryUrlAccess - Successfully navigated to: https://demoqa.com
2025-09-07 14:46:28 [main] INFO  demoqaBase - 🧪 Starting Test Widgets|Auto Complete...
2025-09-07 14:46:28 [main] INFO  demoqaBase - Accessing Widgets Card...
Declared Instance WebDriverWait: org.openqa.selenium.support.ui.WebDriverWait@793b6fb9
2025-09-07 14:46:28 [main] INFO  demoqaLog - Clicking on Widgets Card...
2025-09-07 14:46:29 [main] INFO  demoqaLog - ✅ JS click executed on element: {}
2025-09-07 14:46:29 [main] INFO  demoqaLog - Clicked on on Widgets Card...
Title of this Page is: DEMOQA
You are Accessing: Widgets
 
2025-09-07 14:46:29 [main] INFO  demoqaBase - Widgets: Please select an item from left to start practice.
2025-09-07 14:46:29 [main] INFO  demoqaBase - Clicking on Widgets|AutoComplete...
You are now Accessing: Auto Complete
2025-09-07 14:46:29 [main] INFO  demoqaBase - You are now Accessing: Auto Complete
Searching Colors using: G
Expected Color to be selected is/are: [Green, Indigo, Magenta]
2025-09-07 14:46:29 [main] INFO  demoqaBase - 🔍 Running test for search character: G
2025-09-07 14:46:29 [main] INFO  demoqaBase - Clicking on Widgets | Auto Complete | Type multiple color names...
Searching Colors using: G
Expected Color to be selected is/are: [Green, Indigo, Magenta]
2025-09-07 14:46:29 [main] INFO  demoqaBase - You are now Accessing: Auto Complete
2025-09-07 14:46:30 [main] INFO  demoqaBase - Available Color: Green
2025-09-07 14:46:30 [main] INFO  demoqaLog - ✅ JS click executed on element: {}
2025-09-07 14:46:30 [main] INFO  demoqaBase - ✅ Selected Color: Green
2025-09-07 14:46:30 [main] INFO  demoqaBase - Available Color: Indigo
2025-09-07 14:46:30 [main] INFO  demoqaLog - ✅ JS click executed on element: {}
2025-09-07 14:46:30 [main] INFO  demoqaBase - ✅ Selected Color: Indigo
2025-09-07 14:46:30 [main] INFO  demoqaBase - Available Color: Magenta
2025-09-07 14:46:31 [main] INFO  demoqaLog - ✅ JS click executed on element: {}
2025-09-07 14:46:31 [main] INFO  demoqaBase - ✅ Selected Color: Magenta
2025-09-07 14:46:31 [main] INFO  demoqaBase - 🎯 Final selected colors: [Green, Indigo, Magenta]
2025-09-07 14:46:31 [main] INFO  demoqaBase - ✅ Widgets|Auto Complete Test Completed...
]]></system-out>
  </testcase>
  <testcase name="AutoCompleteSearch[ColorSelectionData{searchFor=&apos;H&apos;, expectedColors=[White]}](7)" classname="tests.WidgetsTests" time="2.051">
    <system-out><![CDATA[2025-09-07 14:46:31 [main] INFO  demoqaBase - Closing the Browser...
2025-09-07 14:46:31 [main] INFO  demoqaBase - Starting Web Browser...
2025-09-07 14:46:32 [main] INFO  demoqaBase - Navigating to demoqa.com Website
2025-09-07 14:47:02 [main] WARN  RetryUrlAccess - Attempt 1 failed due to retryable error: timeout: timed out receiving message from renderer: 29.130
  (session info: chrome=137.0.7151.120)
build info: version: '4.35.0', revision: '1c58e5028b'
system info: os.name: 'windows 11', os.arch: 'amd64', os.version: '10.0', java.version: '21.0.7'
driver info: org.openqa.selenium.chrome.chromedriver
command: [32244209c5c77b6685b9eb6c7a663c4f, get {url=https://demoqa.com}]
capabilities {acceptinsecurecerts: false, browsername: chrome, browserversion: 137.0.7151.120, chrome: {chromedriverversion: 137.0.7151.119 (e0ac9d12dff..., userdatadir: c:\users\dell\appdata\local...}, fedcm:accounts: true, goog:chromeoptions: {debuggeraddress: localhost:50813}, networkconnectionenabled: false, pageloadstrategy: normal, platformname: windows, proxy: proxy(), se:cdp: ws://localhost:50813/devtoo..., se:cdpversion: 137.0.7151.120, setwindowrect: true, strictfileinteractability: false, timeouts: {implicit: 0, pageload: 300000, script: 30000}, unhandledpromptbehavior: dismiss and notify, webauthn:extension:credblob: true, webauthn:extension:largeblob: true, webauthn:extension:minpinlength: true, webauthn:extension:prf: true, webauthn:virtualauthenticators: true}
session id: 32244209c5c77b6685b9eb6c7a663c4f. Retrying after 3000ms...
2025-09-07 14:47:06 [main] INFO  RetryUrlAccess - Successfully navigated to: https://demoqa.com
2025-09-07 14:47:06 [main] INFO  demoqaBase - 🧪 Starting Test Widgets|Auto Complete...
2025-09-07 14:47:06 [main] INFO  demoqaBase - Accessing Widgets Card...
Declared Instance WebDriverWait: org.openqa.selenium.support.ui.WebDriverWait@3948f7b9
2025-09-07 14:47:06 [main] INFO  demoqaLog - Clicking on Widgets Card...
2025-09-07 14:47:06 [main] INFO  demoqaLog - ✅ JS click executed on element: {}
2025-09-07 14:47:06 [main] INFO  demoqaLog - Clicked on on Widgets Card...
Title of this Page is: DEMOQA
You are Accessing: Widgets
 
2025-09-07 14:47:06 [main] INFO  demoqaBase - Widgets: Please select an item from left to start practice.
2025-09-07 14:47:06 [main] INFO  demoqaBase - Clicking on Widgets|AutoComplete...
You are now Accessing: Auto Complete
2025-09-07 14:47:07 [main] INFO  demoqaBase - You are now Accessing: Auto Complete
Searching Colors using: H
Expected Color to be selected is/are: [White]
2025-09-07 14:47:07 [main] INFO  demoqaBase - 🔍 Running test for search character: H
2025-09-07 14:47:07 [main] INFO  demoqaBase - Clicking on Widgets | Auto Complete | Type multiple color names...
Searching Colors using: H
Expected Color to be selected is/are: [White]
2025-09-07 14:47:07 [main] INFO  demoqaBase - You are now Accessing: Auto Complete
2025-09-07 14:47:08 [main] INFO  demoqaBase - Available Color: White
2025-09-07 14:47:08 [main] INFO  demoqaLog - ✅ JS click executed on element: {}
2025-09-07 14:47:08 [main] INFO  demoqaBase - ✅ Selected Color: White
2025-09-07 14:47:08 [main] INFO  demoqaBase - 🎯 Final selected colors: [White]
2025-09-07 14:47:08 [main] INFO  demoqaBase - ✅ Widgets|Auto Complete Test Completed...
]]></system-out>
  </testcase>
  <testcase name="AutoCompleteSearch[ColorSelectionData{searchFor=&apos;I&apos;, expectedColors=[White, Voilet, Indigo]}](8)" classname="tests.WidgetsTests" time="3.73">
    <system-out><![CDATA[2025-09-07 14:47:08 [main] INFO  demoqaBase - Closing the Browser...
2025-09-07 14:47:09 [main] INFO  demoqaBase - Starting Web Browser...
2025-09-07 14:47:10 [main] INFO  demoqaBase - Navigating to demoqa.com Website
2025-09-07 14:47:40 [main] WARN  RetryUrlAccess - Attempt 1 failed due to retryable error: timeout: timed out receiving message from renderer: 29.136
  (session info: chrome=137.0.7151.120)
build info: version: '4.35.0', revision: '1c58e5028b'
system info: os.name: 'windows 11', os.arch: 'amd64', os.version: '10.0', java.version: '21.0.7'
driver info: org.openqa.selenium.chrome.chromedriver
command: [ff643d6ed37fa7f57e5aa48cff8fd01b, get {url=https://demoqa.com}]
capabilities {acceptinsecurecerts: false, browsername: chrome, browserversion: 137.0.7151.120, chrome: {chromedriverversion: 137.0.7151.119 (e0ac9d12dff..., userdatadir: c:\users\dell\appdata\local...}, fedcm:accounts: true, goog:chromeoptions: {debuggeraddress: localhost:51004}, networkconnectionenabled: false, pageloadstrategy: normal, platformname: windows, proxy: proxy(), se:cdp: ws://localhost:51004/devtoo..., se:cdpversion: 137.0.7151.120, setwindowrect: true, strictfileinteractability: false, timeouts: {implicit: 0, pageload: 300000, script: 30000}, unhandledpromptbehavior: dismiss and notify, webauthn:extension:credblob: true, webauthn:extension:largeblob: true, webauthn:extension:minpinlength: true, webauthn:extension:prf: true, webauthn:virtualauthenticators: true}
session id: ff643d6ed37fa7f57e5aa48cff8fd01b. Retrying after 3000ms...
2025-09-07 14:47:44 [main] INFO  RetryUrlAccess - Successfully navigated to: https://demoqa.com
2025-09-07 14:47:44 [main] INFO  demoqaBase - 🧪 Starting Test Widgets|Auto Complete...
2025-09-07 14:47:44 [main] INFO  demoqaBase - Accessing Widgets Card...
Declared Instance WebDriverWait: org.openqa.selenium.support.ui.WebDriverWait@521ad0e6
2025-09-07 14:47:44 [main] INFO  demoqaLog - Clicking on Widgets Card...
2025-09-07 14:47:44 [main] INFO  demoqaLog - ✅ JS click executed on element: {}
2025-09-07 14:47:44 [main] INFO  demoqaLog - Clicked on on Widgets Card...
Title of this Page is: DEMOQA
You are Accessing: Widgets
 
2025-09-07 14:47:46 [main] INFO  demoqaBase - Widgets: Please select an item from left to start practice.
2025-09-07 14:47:46 [main] INFO  demoqaBase - Clicking on Widgets|AutoComplete...
You are now Accessing: Auto Complete
2025-09-07 14:47:46 [main] INFO  demoqaBase - You are now Accessing: Auto Complete
Searching Colors using: I
Expected Color to be selected is/are: [White, Voilet, Indigo]
2025-09-07 14:47:46 [main] INFO  demoqaBase - 🔍 Running test for search character: I
2025-09-07 14:47:46 [main] INFO  demoqaBase - Clicking on Widgets | Auto Complete | Type multiple color names...
Searching Colors using: I
Expected Color to be selected is/are: [White, Voilet, Indigo]
2025-09-07 14:47:46 [main] INFO  demoqaBase - You are now Accessing: Auto Complete
2025-09-07 14:47:47 [main] INFO  demoqaBase - Available Color: White
2025-09-07 14:47:47 [main] INFO  demoqaLog - ✅ JS click executed on element: {}
2025-09-07 14:47:47 [main] INFO  demoqaBase - ✅ Selected Color: White
2025-09-07 14:47:47 [main] INFO  demoqaBase - Available Color: Voilet
2025-09-07 14:47:47 [main] INFO  demoqaLog - ✅ JS click executed on element: {}
2025-09-07 14:47:47 [main] INFO  demoqaBase - ✅ Selected Color: Voilet
2025-09-07 14:47:48 [main] INFO  demoqaBase - Available Color: Indigo
2025-09-07 14:47:48 [main] INFO  demoqaLog - ✅ JS click executed on element: {}
2025-09-07 14:47:48 [main] INFO  demoqaBase - ✅ Selected Color: Indigo
2025-09-07 14:47:48 [main] INFO  demoqaBase - 🎯 Final selected colors: [White, Voilet, Indigo]
2025-09-07 14:47:48 [main] INFO  demoqaBase - ✅ Widgets|Auto Complete Test Completed...
]]></system-out>
  </testcase>
  <testcase name="AutoCompleteSearch[ColorSelectionData{searchFor=&apos;K&apos;, expectedColors=[Black]}](9)" classname="tests.WidgetsTests" time="1.594">
    <system-out><![CDATA[2025-09-07 14:47:48 [main] INFO  demoqaBase - Closing the Browser...
2025-09-07 14:47:48 [main] INFO  demoqaBase - Starting Web Browser...
2025-09-07 14:47:50 [main] INFO  demoqaBase - Navigating to demoqa.com Website
2025-09-07 14:48:20 [main] WARN  RetryUrlAccess - Attempt 1 failed due to retryable error: timeout: timed out receiving message from renderer: 29.128
  (session info: chrome=137.0.7151.120)
build info: version: '4.35.0', revision: '1c58e5028b'
system info: os.name: 'windows 11', os.arch: 'amd64', os.version: '10.0', java.version: '21.0.7'
driver info: org.openqa.selenium.chrome.chromedriver
command: [2a699e0f343666d8f0ce762e9edd8e55, get {url=https://demoqa.com}]
capabilities {acceptinsecurecerts: false, browsername: chrome, browserversion: 137.0.7151.120, chrome: {chromedriverversion: 137.0.7151.119 (e0ac9d12dff..., userdatadir: c:\users\dell\appdata\local...}, fedcm:accounts: true, goog:chromeoptions: {debuggeraddress: localhost:51217}, networkconnectionenabled: false, pageloadstrategy: normal, platformname: windows, proxy: proxy(), se:cdp: ws://localhost:51217/devtoo..., se:cdpversion: 137.0.7151.120, setwindowrect: true, strictfileinteractability: false, timeouts: {implicit: 0, pageload: 300000, script: 30000}, unhandledpromptbehavior: dismiss and notify, webauthn:extension:credblob: true, webauthn:extension:largeblob: true, webauthn:extension:minpinlength: true, webauthn:extension:prf: true, webauthn:virtualauthenticators: true}
session id: 2a699e0f343666d8f0ce762e9edd8e55. Retrying after 3000ms...
2025-09-07 14:48:29 [main] INFO  RetryUrlAccess - Successfully navigated to: https://demoqa.com
2025-09-07 14:48:29 [main] INFO  demoqaBase - 🧪 Starting Test Widgets|Auto Complete...
2025-09-07 14:48:29 [main] INFO  demoqaBase - Accessing Widgets Card...
Declared Instance WebDriverWait: org.openqa.selenium.support.ui.WebDriverWait@6376534c
2025-09-07 14:48:29 [main] INFO  demoqaLog - Clicking on Widgets Card...
2025-09-07 14:48:30 [main] INFO  demoqaLog - ✅ JS click executed on element: {}
2025-09-07 14:48:30 [main] INFO  demoqaLog - Clicked on on Widgets Card...
Title of this Page is: DEMOQA
You are Accessing: Widgets
 
2025-09-07 14:48:30 [main] INFO  demoqaBase - Widgets: Please select an item from left to start practice.
2025-09-07 14:48:30 [main] INFO  demoqaBase - Clicking on Widgets|AutoComplete...
You are now Accessing: Auto Complete
2025-09-07 14:48:30 [main] INFO  demoqaBase - You are now Accessing: Auto Complete
Searching Colors using: K
Expected Color to be selected is/are: [Black]
2025-09-07 14:48:30 [main] INFO  demoqaBase - 🔍 Running test for search character: K
2025-09-07 14:48:30 [main] INFO  demoqaBase - Clicking on Widgets | Auto Complete | Type multiple color names...
Searching Colors using: K
Expected Color to be selected is/are: [Black]
2025-09-07 14:48:30 [main] INFO  demoqaBase - You are now Accessing: Auto Complete
2025-09-07 14:48:31 [main] INFO  demoqaBase - Available Color: Black
2025-09-07 14:48:31 [main] INFO  demoqaLog - ✅ JS click executed on element: {}
2025-09-07 14:48:31 [main] INFO  demoqaBase - ✅ Selected Color: Black
2025-09-07 14:48:31 [main] INFO  demoqaBase - 🎯 Final selected colors: [Black]
2025-09-07 14:48:31 [main] INFO  demoqaBase - ✅ Widgets|Auto Complete Test Completed...
]]></system-out>
  </testcase>
  <testcase name="AutoCompleteSearch[ColorSelectionData{searchFor=&apos;L&apos;, expectedColors=[Blue, Yellow, Purple, Black, Voilet]}](10)" classname="tests.WidgetsTests" time="3.978">
    <system-out><![CDATA[2025-09-07 14:48:31 [main] INFO  demoqaBase - Closing the Browser...
2025-09-07 14:48:32 [main] INFO  demoqaBase - Starting Web Browser...
2025-09-07 14:48:33 [main] INFO  demoqaBase - Navigating to demoqa.com Website
2025-09-07 14:49:03 [main] WARN  RetryUrlAccess - Attempt 1 failed due to retryable error: timeout: timed out receiving message from renderer: 29.103
  (session info: chrome=137.0.7151.120)
build info: version: '4.35.0', revision: '1c58e5028b'
system info: os.name: 'windows 11', os.arch: 'amd64', os.version: '10.0', java.version: '21.0.7'
driver info: org.openqa.selenium.chrome.chromedriver
command: [65dd30e8a15141d8d9c37679c4334aa0, get {url=https://demoqa.com}]
capabilities {acceptinsecurecerts: false, browsername: chrome, browserversion: 137.0.7151.120, chrome: {chromedriverversion: 137.0.7151.119 (e0ac9d12dff..., userdatadir: c:\users\dell\appdata\local...}, fedcm:accounts: true, goog:chromeoptions: {debuggeraddress: localhost:51421}, networkconnectionenabled: false, pageloadstrategy: normal, platformname: windows, proxy: proxy(), se:cdp: ws://localhost:51421/devtoo..., se:cdpversion: 137.0.7151.120, setwindowrect: true, strictfileinteractability: false, timeouts: {implicit: 0, pageload: 300000, script: 30000}, unhandledpromptbehavior: dismiss and notify, webauthn:extension:credblob: true, webauthn:extension:largeblob: true, webauthn:extension:minpinlength: true, webauthn:extension:prf: true, webauthn:virtualauthenticators: true}
session id: 65dd30e8a15141d8d9c37679c4334aa0. Retrying after 3000ms...
2025-09-07 14:49:06 [main] INFO  RetryUrlAccess - Successfully navigated to: https://demoqa.com
2025-09-07 14:49:06 [main] INFO  demoqaBase - 🧪 Starting Test Widgets|Auto Complete...
2025-09-07 14:49:06 [main] INFO  demoqaBase - Accessing Widgets Card...
Declared Instance WebDriverWait: org.openqa.selenium.support.ui.WebDriverWait@3631bac6
2025-09-07 14:49:06 [main] INFO  demoqaLog - Clicking on Widgets Card...
2025-09-07 14:49:07 [main] INFO  demoqaLog - ✅ JS click executed on element: {}
2025-09-07 14:49:07 [main] INFO  demoqaLog - Clicked on on Widgets Card...
Title of this Page is: DEMOQA
You are Accessing: Widgets
 
2025-09-07 14:49:07 [main] INFO  demoqaBase - Widgets: Please select an item from left to start practice.
2025-09-07 14:49:07 [main] INFO  demoqaBase - Clicking on Widgets|AutoComplete...
You are now Accessing: Auto Complete
2025-09-07 14:49:07 [main] INFO  demoqaBase - You are now Accessing: Auto Complete
Searching Colors using: L
Expected Color to be selected is/are: [Blue, Yellow, Purple, Black, Voilet]
2025-09-07 14:49:07 [main] INFO  demoqaBase - 🔍 Running test for search character: L
2025-09-07 14:49:07 [main] INFO  demoqaBase - Clicking on Widgets | Auto Complete | Type multiple color names...
Searching Colors using: L
Expected Color to be selected is/are: [Blue, Yellow, Purple, Black, Voilet]
2025-09-07 14:49:07 [main] INFO  demoqaBase - You are now Accessing: Auto Complete
2025-09-07 14:49:08 [main] INFO  demoqaBase - Available Color: Blue
2025-09-07 14:49:08 [main] INFO  demoqaLog - ✅ JS click executed on element: {}
2025-09-07 14:49:08 [main] INFO  demoqaBase - ✅ Selected Color: Blue
2025-09-07 14:49:08 [main] INFO  demoqaBase - Available Color: Yellow
2025-09-07 14:49:08 [main] INFO  demoqaLog - ✅ JS click executed on element: {}
2025-09-07 14:49:08 [main] INFO  demoqaBase - ✅ Selected Color: Yellow
2025-09-07 14:49:09 [main] INFO  demoqaBase - Available Color: Purple
2025-09-07 14:49:09 [main] INFO  demoqaLog - ✅ JS click executed on element: {}
2025-09-07 14:49:09 [main] INFO  demoqaBase - ✅ Selected Color: Purple
2025-09-07 14:49:10 [main] INFO  demoqaBase - Available Color: Black
2025-09-07 14:49:10 [main] INFO  demoqaLog - ✅ JS click executed on element: {}
2025-09-07 14:49:10 [main] INFO  demoqaBase - ✅ Selected Color: Black
2025-09-07 14:49:10 [main] INFO  demoqaBase - Available Color: Voilet
2025-09-07 14:49:10 [main] INFO  demoqaLog - ✅ JS click executed on element: {}
2025-09-07 14:49:10 [main] INFO  demoqaBase - ✅ Selected Color: Voilet
2025-09-07 14:49:10 [main] INFO  demoqaBase - 🎯 Final selected colors: [Blue, Yellow, Purple, Black, Voilet]
2025-09-07 14:49:10 [main] INFO  demoqaBase - ✅ Widgets|Auto Complete Test Completed...
]]></system-out>
  </testcase>
  <testcase name="AutoCompleteSearch[ColorSelectionData{searchFor=&apos;M&apos;, expectedColors=[Magenta]}](11)" classname="tests.WidgetsTests" time="1.678">
    <system-out><![CDATA[2025-09-07 14:49:10 [main] INFO  demoqaBase - Closing the Browser...
2025-09-07 14:49:11 [main] INFO  demoqaBase - Starting Web Browser...
2025-09-07 14:49:13 [main] INFO  demoqaBase - Navigating to demoqa.com Website
2025-09-07 14:49:43 [main] WARN  RetryUrlAccess - Attempt 1 failed due to retryable error: timeout: timed out receiving message from renderer: 29.111
  (session info: chrome=137.0.7151.120)
build info: version: '4.35.0', revision: '1c58e5028b'
system info: os.name: 'windows 11', os.arch: 'amd64', os.version: '10.0', java.version: '21.0.7'
driver info: org.openqa.selenium.chrome.chromedriver
command: [8d8dd98748cf78f235497108bcb514ec, get {url=https://demoqa.com}]
capabilities {acceptinsecurecerts: false, browsername: chrome, browserversion: 137.0.7151.120, chrome: {chromedriverversion: 137.0.7151.119 (e0ac9d12dff..., userdatadir: c:\users\dell\appdata\local...}, fedcm:accounts: true, goog:chromeoptions: {debuggeraddress: localhost:51659}, networkconnectionenabled: false, pageloadstrategy: normal, platformname: windows, proxy: proxy(), se:cdp: ws://localhost:51659/devtoo..., se:cdpversion: 137.0.7151.120, setwindowrect: true, strictfileinteractability: false, timeouts: {implicit: 0, pageload: 300000, script: 30000}, unhandledpromptbehavior: dismiss and notify, webauthn:extension:credblob: true, webauthn:extension:largeblob: true, webauthn:extension:minpinlength: true, webauthn:extension:prf: true, webauthn:virtualauthenticators: true}
session id: 8d8dd98748cf78f235497108bcb514ec. Retrying after 3000ms...
2025-09-07 14:49:46 [main] INFO  RetryUrlAccess - Successfully navigated to: https://demoqa.com
2025-09-07 14:49:46 [main] INFO  demoqaBase - 🧪 Starting Test Widgets|Auto Complete...
2025-09-07 14:49:46 [main] INFO  demoqaBase - Accessing Widgets Card...
Declared Instance WebDriverWait: org.openqa.selenium.support.ui.WebDriverWait@1bd5242a
2025-09-07 14:49:46 [main] INFO  demoqaLog - Clicking on Widgets Card...
2025-09-07 14:49:46 [main] INFO  demoqaLog - ✅ JS click executed on element: {}
2025-09-07 14:49:46 [main] INFO  demoqaLog - Clicked on on Widgets Card...
Title of this Page is: DEMOQA
You are Accessing: Widgets
 
2025-09-07 14:49:47 [main] INFO  demoqaBase - Widgets: Please select an item from left to start practice.
2025-09-07 14:49:47 [main] INFO  demoqaBase - Clicking on Widgets|AutoComplete...
You are now Accessing: Auto Complete
2025-09-07 14:49:47 [main] INFO  demoqaBase - You are now Accessing: Auto Complete
Searching Colors using: M
Expected Color to be selected is/are: [Magenta]
2025-09-07 14:49:47 [main] INFO  demoqaBase - 🔍 Running test for search character: M
2025-09-07 14:49:47 [main] INFO  demoqaBase - Clicking on Widgets | Auto Complete | Type multiple color names...
Searching Colors using: M
Expected Color to be selected is/are: [Magenta]
2025-09-07 14:49:47 [main] INFO  demoqaBase - You are now Accessing: Auto Complete
2025-09-07 14:49:48 [main] INFO  demoqaBase - Available Color: Magenta
2025-09-07 14:49:48 [main] INFO  demoqaLog - ✅ JS click executed on element: {}
2025-09-07 14:49:48 [main] INFO  demoqaBase - ✅ Selected Color: Magenta
2025-09-07 14:49:48 [main] INFO  demoqaBase - 🎯 Final selected colors: [Magenta]
2025-09-07 14:49:48 [main] INFO  demoqaBase - ✅ Widgets|Auto Complete Test Completed...
]]></system-out>
  </testcase>
  <testcase name="AutoCompleteSearch[ColorSelectionData{searchFor=&apos;N&apos;, expectedColors=[Green, Indigo, Magenta]}](12)" classname="tests.WidgetsTests" time="3.665">
    <system-out><![CDATA[2025-09-07 14:49:48 [main] INFO  demoqaBase - Closing the Browser...
2025-09-07 14:49:48 [main] INFO  demoqaBase - Starting Web Browser...
2025-09-07 14:49:50 [main] INFO  demoqaBase - Navigating to demoqa.com Website
2025-09-07 14:50:20 [main] WARN  RetryUrlAccess - Attempt 1 failed due to retryable error: timeout: timed out receiving message from renderer: 29.119
  (session info: chrome=137.0.7151.120)
build info: version: '4.35.0', revision: '1c58e5028b'
system info: os.name: 'windows 11', os.arch: 'amd64', os.version: '10.0', java.version: '21.0.7'
driver info: org.openqa.selenium.chrome.chromedriver
command: [9aa348c415e4dea766b84afe521ca694, get {url=https://demoqa.com}]
capabilities {acceptinsecurecerts: false, browsername: chrome, browserversion: 137.0.7151.120, chrome: {chromedriverversion: 137.0.7151.119 (e0ac9d12dff..., userdatadir: c:\users\dell\appdata\local...}, fedcm:accounts: true, goog:chromeoptions: {debuggeraddress: localhost:51815}, networkconnectionenabled: false, pageloadstrategy: normal, platformname: windows, proxy: proxy(), se:cdp: ws://localhost:51815/devtoo..., se:cdpversion: 137.0.7151.120, setwindowrect: true, strictfileinteractability: false, timeouts: {implicit: 0, pageload: 300000, script: 30000}, unhandledpromptbehavior: dismiss and notify, webauthn:extension:credblob: true, webauthn:extension:largeblob: true, webauthn:extension:minpinlength: true, webauthn:extension:prf: true, webauthn:virtualauthenticators: true}
session id: 9aa348c415e4dea766b84afe521ca694. Retrying after 3000ms...
2025-09-07 14:50:23 [main] INFO  RetryUrlAccess - Successfully navigated to: https://demoqa.com
2025-09-07 14:50:23 [main] INFO  demoqaBase - 🧪 Starting Test Widgets|Auto Complete...
2025-09-07 14:50:23 [main] INFO  demoqaBase - Accessing Widgets Card...
Declared Instance WebDriverWait: org.openqa.selenium.support.ui.WebDriverWait@39cb865d
2025-09-07 14:50:23 [main] INFO  demoqaLog - Clicking on Widgets Card...
2025-09-07 14:50:24 [main] INFO  demoqaLog - ✅ JS click executed on element: {}
2025-09-07 14:50:24 [main] INFO  demoqaLog - Clicked on on Widgets Card...
Title of this Page is: DEMOQA
You are Accessing: Widgets
 
2025-09-07 14:50:25 [main] INFO  demoqaBase - Widgets: Please select an item from left to start practice.
2025-09-07 14:50:25 [main] INFO  demoqaBase - Clicking on Widgets|AutoComplete...
You are now Accessing: Auto Complete
2025-09-07 14:50:25 [main] INFO  demoqaBase - You are now Accessing: Auto Complete
Searching Colors using: N
Expected Color to be selected is/are: [Green, Indigo, Magenta]
2025-09-07 14:50:25 [main] INFO  demoqaBase - 🔍 Running test for search character: N
2025-09-07 14:50:25 [main] INFO  demoqaBase - Clicking on Widgets | Auto Complete | Type multiple color names...
Searching Colors using: N
Expected Color to be selected is/are: [Green, Indigo, Magenta]
2025-09-07 14:50:26 [main] INFO  demoqaBase - You are now Accessing: Auto Complete
2025-09-07 14:50:26 [main] INFO  demoqaBase - Available Color: Green
2025-09-07 14:50:26 [main] INFO  demoqaLog - ✅ JS click executed on element: {}
2025-09-07 14:50:26 [main] INFO  demoqaBase - ✅ Selected Color: Green
2025-09-07 14:50:27 [main] INFO  demoqaBase - Available Color: Indigo
2025-09-07 14:50:27 [main] INFO  demoqaLog - ✅ JS click executed on element: {}
2025-09-07 14:50:27 [main] INFO  demoqaBase - ✅ Selected Color: Indigo
2025-09-07 14:50:27 [main] INFO  demoqaBase - Available Color: Magenta
2025-09-07 14:50:27 [main] INFO  demoqaLog - ✅ JS click executed on element: {}
2025-09-07 14:50:27 [main] INFO  demoqaBase - ✅ Selected Color: Magenta
2025-09-07 14:50:27 [main] INFO  demoqaBase - 🎯 Final selected colors: [Green, Indigo, Magenta]
2025-09-07 14:50:27 [main] INFO  demoqaBase - ✅ Widgets|Auto Complete Test Completed...
]]></system-out>
  </testcase>
  <testcase name="AutoCompleteSearch[ColorSelectionData{searchFor=&apos;O&apos;, expectedColors=[Yellow, Voilet, Indigo]}](13)" classname="tests.WidgetsTests" time="1.962">
    <system-out><![CDATA[2025-09-07 14:50:27 [main] INFO  demoqaBase - Closing the Browser...
2025-09-07 14:50:28 [main] INFO  demoqaBase - Starting Web Browser...
2025-09-07 14:50:29 [main] INFO  demoqaBase - Navigating to demoqa.com Website
2025-09-07 14:50:57 [main] INFO  RetryUrlAccess - Successfully navigated to: https://demoqa.com
2025-09-07 14:50:57 [main] INFO  demoqaBase - 🧪 Starting Test Widgets|Auto Complete...
2025-09-07 14:50:57 [main] INFO  demoqaBase - Accessing Widgets Card...
Declared Instance WebDriverWait: org.openqa.selenium.support.ui.WebDriverWait@34545f5f
2025-09-07 14:50:57 [main] INFO  demoqaLog - Clicking on Widgets Card...
2025-09-07 14:50:57 [main] INFO  demoqaLog - ✅ JS click executed on element: {}
2025-09-07 14:50:57 [main] INFO  demoqaLog - Clicked on on Widgets Card...
Title of this Page is: DEMOQA
You are Accessing: Widgets
 
2025-09-07 14:50:57 [main] INFO  demoqaBase - Widgets: Please select an item from left to start practice.
2025-09-07 14:50:57 [main] INFO  demoqaBase - Clicking on Widgets|AutoComplete...
You are now Accessing: Auto Complete
2025-09-07 14:50:57 [main] INFO  demoqaBase - You are now Accessing: Auto Complete
Searching Colors using: O
Expected Color to be selected is/are: [Yellow, Voilet, Indigo]
2025-09-07 14:50:57 [main] INFO  demoqaBase - 🔍 Running test for search character: O
2025-09-07 14:50:57 [main] INFO  demoqaBase - Clicking on Widgets | Auto Complete | Type multiple color names...
Searching Colors using: O
Expected Color to be selected is/are: [Yellow, Voilet, Indigo]
2025-09-07 14:50:57 [main] INFO  demoqaBase - You are now Accessing: Auto Complete
2025-09-07 14:50:58 [main] INFO  demoqaBase - Available Color: Yellow
2025-09-07 14:50:58 [main] INFO  demoqaLog - ✅ JS click executed on element: {}
2025-09-07 14:50:58 [main] INFO  demoqaBase - ✅ Selected Color: Yellow
2025-09-07 14:50:58 [main] INFO  demoqaBase - Available Color: Voilet
2025-09-07 14:50:58 [main] INFO  demoqaLog - ✅ JS click executed on element: {}
2025-09-07 14:50:58 [main] INFO  demoqaBase - ✅ Selected Color: Voilet
2025-09-07 14:50:58 [main] INFO  demoqaBase - Available Color: Indigo
2025-09-07 14:50:59 [main] INFO  demoqaLog - ✅ JS click executed on element: {}
2025-09-07 14:50:59 [main] INFO  demoqaBase - ✅ Selected Color: Indigo
2025-09-07 14:50:59 [main] INFO  demoqaBase - 🎯 Final selected colors: [Yellow, Voilet, Indigo]
2025-09-07 14:50:59 [main] INFO  demoqaBase - ✅ Widgets|Auto Complete Test Completed...
]]></system-out>
  </testcase>
  <testcase name="AutoCompleteSearch[ColorSelectionData{searchFor=&apos;P&apos;, expectedColors=[Purple]}](14)" classname="tests.WidgetsTests" time="1.562">
    <system-out><![CDATA[2025-09-07 14:50:59 [main] INFO  demoqaBase - Closing the Browser...
2025-09-07 14:50:59 [main] INFO  demoqaBase - Starting Web Browser...
2025-09-07 14:51:00 [main] INFO  demoqaBase - Navigating to demoqa.com Website
2025-09-07 14:51:30 [main] WARN  RetryUrlAccess - Attempt 1 failed due to retryable error: timeout: timed out receiving message from renderer: 29.071
  (session info: chrome=137.0.7151.120)
build info: version: '4.35.0', revision: '1c58e5028b'
system info: os.name: 'windows 11', os.arch: 'amd64', os.version: '10.0', java.version: '21.0.7'
driver info: org.openqa.selenium.chrome.chromedriver
command: [d5defde523287b449c8300093c5ff4e4, get {url=https://demoqa.com}]
capabilities {acceptinsecurecerts: false, browsername: chrome, browserversion: 137.0.7151.120, chrome: {chromedriverversion: 137.0.7151.119 (e0ac9d12dff..., userdatadir: c:\users\dell\appdata\local...}, fedcm:accounts: true, goog:chromeoptions: {debuggeraddress: localhost:52185}, networkconnectionenabled: false, pageloadstrategy: normal, platformname: windows, proxy: proxy(), se:cdp: ws://localhost:52185/devtoo..., se:cdpversion: 137.0.7151.120, setwindowrect: true, strictfileinteractability: false, timeouts: {implicit: 0, pageload: 300000, script: 30000}, unhandledpromptbehavior: dismiss and notify, webauthn:extension:credblob: true, webauthn:extension:largeblob: true, webauthn:extension:minpinlength: true, webauthn:extension:prf: true, webauthn:virtualauthenticators: true}
session id: d5defde523287b449c8300093c5ff4e4. Retrying after 3000ms...
2025-09-07 14:52:03 [main] WARN  RetryUrlAccess - Attempt 2 failed due to retryable error: timeout: timed out receiving message from renderer: 29.838
  (session info: chrome=137.0.7151.120)
build info: version: '4.35.0', revision: '1c58e5028b'
system info: os.name: 'windows 11', os.arch: 'amd64', os.version: '10.0', java.version: '21.0.7'
driver info: org.openqa.selenium.chrome.chromedriver
command: [d5defde523287b449c8300093c5ff4e4, get {url=https://demoqa.com}]
capabilities {acceptinsecurecerts: false, browsername: chrome, browserversion: 137.0.7151.120, chrome: {chromedriverversion: 137.0.7151.119 (e0ac9d12dff..., userdatadir: c:\users\dell\appdata\local...}, fedcm:accounts: true, goog:chromeoptions: {debuggeraddress: localhost:52185}, networkconnectionenabled: false, pageloadstrategy: normal, platformname: windows, proxy: proxy(), se:cdp: ws://localhost:52185/devtoo..., se:cdpversion: 137.0.7151.120, setwindowrect: true, strictfileinteractability: false, timeouts: {implicit: 0, pageload: 300000, script: 30000}, unhandledpromptbehavior: dismiss and notify, webauthn:extension:credblob: true, webauthn:extension:largeblob: true, webauthn:extension:minpinlength: true, webauthn:extension:prf: true, webauthn:virtualauthenticators: true}
session id: d5defde523287b449c8300093c5ff4e4. Retrying after 3000ms...
2025-09-07 14:52:07 [main] INFO  RetryUrlAccess - Successfully navigated to: https://demoqa.com
2025-09-07 14:52:07 [main] INFO  demoqaBase - 🧪 Starting Test Widgets|Auto Complete...
2025-09-07 14:52:07 [main] INFO  demoqaBase - Accessing Widgets Card...
Declared Instance WebDriverWait: org.openqa.selenium.support.ui.WebDriverWait@1683d77d
2025-09-07 14:52:07 [main] INFO  demoqaLog - Clicking on Widgets Card...
2025-09-07 14:52:07 [main] INFO  demoqaLog - ✅ JS click executed on element: {}
2025-09-07 14:52:07 [main] INFO  demoqaLog - Clicked on on Widgets Card...
Title of this Page is: DEMOQA
You are Accessing: Widgets
 
2025-09-07 14:52:07 [main] INFO  demoqaBase - Widgets: Please select an item from left to start practice.
2025-09-07 14:52:07 [main] INFO  demoqaBase - Clicking on Widgets|AutoComplete...
You are now Accessing: Auto Complete
2025-09-07 14:52:08 [main] INFO  demoqaBase - You are now Accessing: Auto Complete
Searching Colors using: P
Expected Color to be selected is/are: [Purple]
2025-09-07 14:52:08 [main] INFO  demoqaBase - 🔍 Running test for search character: P
2025-09-07 14:52:08 [main] INFO  demoqaBase - Clicking on Widgets | Auto Complete | Type multiple color names...
Searching Colors using: P
Expected Color to be selected is/are: [Purple]
2025-09-07 14:52:08 [main] INFO  demoqaBase - You are now Accessing: Auto Complete
2025-09-07 14:52:09 [main] INFO  demoqaBase - Available Color: Purple
2025-09-07 14:52:09 [main] INFO  demoqaLog - ✅ JS click executed on element: {}
2025-09-07 14:52:09 [main] INFO  demoqaBase - ✅ Selected Color: Purple
2025-09-07 14:52:09 [main] INFO  demoqaBase - 🎯 Final selected colors: [Purple]
2025-09-07 14:52:09 [main] INFO  demoqaBase - ✅ Widgets|Auto Complete Test Completed...
]]></system-out>
  </testcase>
  <testcase name="AutoCompleteSearch[ColorSelectionData{searchFor=&apos;Q&apos;, expectedColors=[Aqua]}](15)" classname="tests.WidgetsTests" time="1.214">
    <system-out><![CDATA[2025-09-07 14:52:09 [main] INFO  demoqaBase - Closing the Browser...
2025-09-07 14:52:09 [main] INFO  demoqaBase - Starting Web Browser...
2025-09-07 14:52:11 [main] INFO  demoqaBase - Navigating to demoqa.com Website
2025-09-07 14:52:35 [main] INFO  RetryUrlAccess - Successfully navigated to: https://demoqa.com
2025-09-07 14:52:35 [main] INFO  demoqaBase - 🧪 Starting Test Widgets|Auto Complete...
2025-09-07 14:52:35 [main] INFO  demoqaBase - Accessing Widgets Card...
Declared Instance WebDriverWait: org.openqa.selenium.support.ui.WebDriverWait@275f738c
2025-09-07 14:52:35 [main] INFO  demoqaLog - Clicking on Widgets Card...
2025-09-07 14:52:35 [main] INFO  demoqaLog - ✅ JS click executed on element: {}
2025-09-07 14:52:35 [main] INFO  demoqaLog - Clicked on on Widgets Card...
Title of this Page is: DEMOQA
You are Accessing: Widgets
 
2025-09-07 14:52:35 [main] INFO  demoqaBase - Widgets: Please select an item from left to start practice.
2025-09-07 14:52:35 [main] INFO  demoqaBase - Clicking on Widgets|AutoComplete...
You are now Accessing: Auto Complete
2025-09-07 14:52:35 [main] INFO  demoqaBase - You are now Accessing: Auto Complete
Searching Colors using: Q
Expected Color to be selected is/are: [Aqua]
2025-09-07 14:52:35 [main] INFO  demoqaBase - 🔍 Running test for search character: Q
2025-09-07 14:52:35 [main] INFO  demoqaBase - Clicking on Widgets | Auto Complete | Type multiple color names...
Searching Colors using: Q
Expected Color to be selected is/are: [Aqua]
2025-09-07 14:52:35 [main] INFO  demoqaBase - You are now Accessing: Auto Complete
2025-09-07 14:52:36 [main] INFO  demoqaBase - Available Color: Aqua
2025-09-07 14:52:36 [main] INFO  demoqaLog - ✅ JS click executed on element: {}
2025-09-07 14:52:36 [main] INFO  demoqaBase - ✅ Selected Color: Aqua
2025-09-07 14:52:36 [main] INFO  demoqaBase - 🎯 Final selected colors: [Aqua]
2025-09-07 14:52:36 [main] INFO  demoqaBase - ✅ Widgets|Auto Complete Test Completed...
]]></system-out>
  </testcase>
  <testcase name="AutoCompleteSearch[ColorSelectionData{searchFor=&apos;R&apos;, expectedColors=[Red, Green, Purple]}](16)" classname="tests.WidgetsTests" time="3.916">
    <system-out><![CDATA[2025-09-07 14:52:36 [main] INFO  demoqaBase - Closing the Browser...
2025-09-07 14:52:36 [main] INFO  demoqaBase - Starting Web Browser...
2025-09-07 14:52:38 [main] INFO  demoqaBase - Navigating to demoqa.com Website
2025-09-07 14:53:08 [main] WARN  RetryUrlAccess - Attempt 1 failed due to retryable error: timeout: timed out receiving message from renderer: 29.092
  (session info: chrome=137.0.7151.120)
build info: version: '4.35.0', revision: '1c58e5028b'
system info: os.name: 'windows 11', os.arch: 'amd64', os.version: '10.0', java.version: '21.0.7'
driver info: org.openqa.selenium.chrome.chromedriver
command: [be77aa853b46f6d7df2272a68ef6dbc1, get {url=https://demoqa.com}]
capabilities {acceptinsecurecerts: false, browsername: chrome, browserversion: 137.0.7151.120, chrome: {chromedriverversion: 137.0.7151.119 (e0ac9d12dff..., userdatadir: c:\users\dell\appdata\local...}, fedcm:accounts: true, goog:chromeoptions: {debuggeraddress: localhost:52571}, networkconnectionenabled: false, pageloadstrategy: normal, platformname: windows, proxy: proxy(), se:cdp: ws://localhost:52571/devtoo..., se:cdpversion: 137.0.7151.120, setwindowrect: true, strictfileinteractability: false, timeouts: {implicit: 0, pageload: 300000, script: 30000}, unhandledpromptbehavior: dismiss and notify, webauthn:extension:credblob: true, webauthn:extension:largeblob: true, webauthn:extension:minpinlength: true, webauthn:extension:prf: true, webauthn:virtualauthenticators: true}
session id: be77aa853b46f6d7df2272a68ef6dbc1. Retrying after 3000ms...
2025-09-07 14:53:11 [main] INFO  RetryUrlAccess - Successfully navigated to: https://demoqa.com
2025-09-07 14:53:11 [main] INFO  demoqaBase - 🧪 Starting Test Widgets|Auto Complete...
2025-09-07 14:53:11 [main] INFO  demoqaBase - Accessing Widgets Card...
Declared Instance WebDriverWait: org.openqa.selenium.support.ui.WebDriverWait@43be51d4
2025-09-07 14:53:11 [main] INFO  demoqaLog - Clicking on Widgets Card...
2025-09-07 14:53:11 [main] INFO  demoqaLog - ✅ JS click executed on element: {}
2025-09-07 14:53:11 [main] INFO  demoqaLog - Clicked on on Widgets Card...
Title of this Page is: DEMOQA
You are Accessing: Widgets
 
2025-09-07 14:53:11 [main] INFO  demoqaBase - Widgets: Please select an item from left to start practice.
2025-09-07 14:53:11 [main] INFO  demoqaBase - Clicking on Widgets|AutoComplete...
You are now Accessing: Auto Complete
2025-09-07 14:53:13 [main] INFO  demoqaBase - You are now Accessing: Auto Complete
Searching Colors using: R
Expected Color to be selected is/are: [Red, Green, Purple]
2025-09-07 14:53:13 [main] INFO  demoqaBase - 🔍 Running test for search character: R
2025-09-07 14:53:13 [main] INFO  demoqaBase - Clicking on Widgets | Auto Complete | Type multiple color names...
Searching Colors using: R
Expected Color to be selected is/are: [Red, Green, Purple]
2025-09-07 14:53:13 [main] INFO  demoqaBase - You are now Accessing: Auto Complete
2025-09-07 14:53:13 [main] INFO  demoqaBase - Available Color: Red
2025-09-07 14:53:13 [main] INFO  demoqaLog - ✅ JS click executed on element: {}
2025-09-07 14:53:13 [main] INFO  demoqaBase - ✅ Selected Color: Red
2025-09-07 14:53:14 [main] INFO  demoqaBase - Available Color: Green
2025-09-07 14:53:15 [main] INFO  demoqaLog - ✅ JS click executed on element: {}
2025-09-07 14:53:15 [main] INFO  demoqaBase - ✅ Selected Color: Green
2025-09-07 14:53:15 [main] INFO  demoqaBase - Available Color: Purple
2025-09-07 14:53:15 [main] INFO  demoqaLog - ✅ JS click executed on element: {}
2025-09-07 14:53:15 [main] INFO  demoqaBase - ✅ Selected Color: Purple
2025-09-07 14:53:15 [main] INFO  demoqaBase - 🎯 Final selected colors: [Red, Green, Purple]
2025-09-07 14:53:15 [main] INFO  demoqaBase - ✅ Widgets|Auto Complete Test Completed...
]]></system-out>
  </testcase>
  <testcase name="AutoCompleteSearch[ColorSelectionData{searchFor=&apos;T&apos;, expectedColors=[White, Voilet, Magenta]}](17)" classname="tests.WidgetsTests" time="2.563">
    <system-out><![CDATA[2025-09-07 14:53:15 [main] INFO  demoqaBase - Closing the Browser...
2025-09-07 14:53:16 [main] INFO  demoqaBase - Starting Web Browser...
2025-09-07 14:53:17 [main] INFO  demoqaBase - Navigating to demoqa.com Website
2025-09-07 14:53:42 [main] INFO  RetryUrlAccess - Successfully navigated to: https://demoqa.com
2025-09-07 14:53:42 [main] INFO  demoqaBase - 🧪 Starting Test Widgets|Auto Complete...
2025-09-07 14:53:42 [main] INFO  demoqaBase - Accessing Widgets Card...
Declared Instance WebDriverWait: org.openqa.selenium.support.ui.WebDriverWait@77b84c33
2025-09-07 14:53:42 [main] INFO  demoqaLog - Clicking on Widgets Card...
2025-09-07 14:53:42 [main] INFO  demoqaLog - ✅ JS click executed on element: {}
2025-09-07 14:53:42 [main] INFO  demoqaLog - Clicked on on Widgets Card...
Title of this Page is: DEMOQA
You are Accessing: Widgets
 
2025-09-07 14:53:42 [main] INFO  demoqaBase - Widgets: Please select an item from left to start practice.
2025-09-07 14:53:42 [main] INFO  demoqaBase - Clicking on Widgets|AutoComplete...
You are now Accessing: Auto Complete
2025-09-07 14:53:42 [main] INFO  demoqaBase - You are now Accessing: Auto Complete
Searching Colors using: T
Expected Color to be selected is/are: [White, Voilet, Magenta]
2025-09-07 14:53:42 [main] INFO  demoqaBase - 🔍 Running test for search character: T
2025-09-07 14:53:42 [main] INFO  demoqaBase - Clicking on Widgets | Auto Complete | Type multiple color names...
Searching Colors using: T
Expected Color to be selected is/are: [White, Voilet, Magenta]
2025-09-07 14:53:43 [main] INFO  demoqaBase - You are now Accessing: Auto Complete
2025-09-07 14:53:43 [main] INFO  demoqaBase - Available Color: White
2025-09-07 14:53:43 [main] INFO  demoqaLog - ✅ JS click executed on element: {}
2025-09-07 14:53:43 [main] INFO  demoqaBase - ✅ Selected Color: White
2025-09-07 14:53:44 [main] INFO  demoqaBase - Available Color: Voilet
2025-09-07 14:53:44 [main] INFO  demoqaLog - ✅ JS click executed on element: {}
2025-09-07 14:53:44 [main] INFO  demoqaBase - ✅ Selected Color: Voilet
2025-09-07 14:53:44 [main] INFO  demoqaBase - Available Color: Magenta
2025-09-07 14:53:45 [main] INFO  demoqaLog - ✅ JS click executed on element: {}
2025-09-07 14:53:45 [main] INFO  demoqaBase - ✅ Selected Color: Magenta
2025-09-07 14:53:45 [main] INFO  demoqaBase - 🎯 Final selected colors: [White, Voilet, Magenta]
2025-09-07 14:53:45 [main] INFO  demoqaBase - ✅ Widgets|Auto Complete Test Completed...
]]></system-out>
  </testcase>
  <testcase name="AutoCompleteSearch[ColorSelectionData{searchFor=&apos;U&apos;, expectedColors=[Blue, Purple, Aqua]}](18)" classname="tests.WidgetsTests" time="1.994">
    <system-out><![CDATA[2025-09-07 14:53:45 [main] INFO  demoqaBase - Closing the Browser...
2025-09-07 14:53:45 [main] INFO  demoqaBase - Starting Web Browser...
2025-09-07 14:53:47 [main] INFO  demoqaBase - Navigating to demoqa.com Website
2025-09-07 14:54:13 [main] INFO  RetryUrlAccess - Successfully navigated to: https://demoqa.com
2025-09-07 14:54:13 [main] INFO  demoqaBase - 🧪 Starting Test Widgets|Auto Complete...
2025-09-07 14:54:13 [main] INFO  demoqaBase - Accessing Widgets Card...
Declared Instance WebDriverWait: org.openqa.selenium.support.ui.WebDriverWait@7184dfbe
2025-09-07 14:54:13 [main] INFO  demoqaLog - Clicking on Widgets Card...
2025-09-07 14:54:13 [main] INFO  demoqaLog - ✅ JS click executed on element: {}
2025-09-07 14:54:13 [main] INFO  demoqaLog - Clicked on on Widgets Card...
Title of this Page is: DEMOQA
You are Accessing: Widgets
 
2025-09-07 14:54:13 [main] INFO  demoqaBase - Widgets: Please select an item from left to start practice.
2025-09-07 14:54:13 [main] INFO  demoqaBase - Clicking on Widgets|AutoComplete...
You are now Accessing: Auto Complete
2025-09-07 14:54:13 [main] INFO  demoqaBase - You are now Accessing: Auto Complete
Searching Colors using: U
Expected Color to be selected is/are: [Blue, Purple, Aqua]
2025-09-07 14:54:13 [main] INFO  demoqaBase - 🔍 Running test for search character: U
2025-09-07 14:54:13 [main] INFO  demoqaBase - Clicking on Widgets | Auto Complete | Type multiple color names...
Searching Colors using: U
Expected Color to be selected is/are: [Blue, Purple, Aqua]
2025-09-07 14:54:13 [main] INFO  demoqaBase - You are now Accessing: Auto Complete
2025-09-07 14:54:14 [main] INFO  demoqaBase - Available Color: Blue
2025-09-07 14:54:14 [main] INFO  demoqaLog - ✅ JS click executed on element: {}
2025-09-07 14:54:14 [main] INFO  demoqaBase - ✅ Selected Color: Blue
2025-09-07 14:54:15 [main] INFO  demoqaBase - Available Color: Purple
2025-09-07 14:54:15 [main] INFO  demoqaLog - ✅ JS click executed on element: {}
2025-09-07 14:54:15 [main] INFO  demoqaBase - ✅ Selected Color: Purple
2025-09-07 14:54:15 [main] INFO  demoqaBase - Available Color: Aqua
2025-09-07 14:54:15 [main] INFO  demoqaLog - ✅ JS click executed on element: {}
2025-09-07 14:54:15 [main] INFO  demoqaBase - ✅ Selected Color: Aqua
2025-09-07 14:54:15 [main] INFO  demoqaBase - 🎯 Final selected colors: [Blue, Purple, Aqua]
2025-09-07 14:54:15 [main] INFO  demoqaBase - ✅ Widgets|Auto Complete Test Completed...
]]></system-out>
  </testcase>
  <testcase name="AutoCompleteSearch[ColorSelectionData{searchFor=&apos;V&apos;, expectedColors=[Voilet]}](19)" classname="tests.WidgetsTests" time="1.431">
    <system-out><![CDATA[2025-09-07 14:54:15 [main] INFO  demoqaBase - Closing the Browser...
2025-09-07 14:54:15 [main] INFO  demoqaBase - Starting Web Browser...
2025-09-07 14:54:17 [main] INFO  demoqaBase - Navigating to demoqa.com Website
2025-09-07 14:54:32 [main] INFO  RetryUrlAccess - Successfully navigated to: https://demoqa.com
2025-09-07 14:54:32 [main] INFO  demoqaBase - 🧪 Starting Test Widgets|Auto Complete...
2025-09-07 14:54:32 [main] INFO  demoqaBase - Accessing Widgets Card...
Declared Instance WebDriverWait: org.openqa.selenium.support.ui.WebDriverWait@157b0f6
2025-09-07 14:54:32 [main] INFO  demoqaLog - Clicking on Widgets Card...
2025-09-07 14:54:32 [main] INFO  demoqaLog - ✅ JS click executed on element: {}
2025-09-07 14:54:32 [main] INFO  demoqaLog - Clicked on on Widgets Card...
Title of this Page is: DEMOQA
You are Accessing: Widgets
 
2025-09-07 14:54:32 [main] INFO  demoqaBase - Widgets: Please select an item from left to start practice.
2025-09-07 14:54:32 [main] INFO  demoqaBase - Clicking on Widgets|AutoComplete...
You are now Accessing: Auto Complete
2025-09-07 14:54:32 [main] INFO  demoqaBase - You are now Accessing: Auto Complete
Searching Colors using: V
Expected Color to be selected is/are: [Voilet]
2025-09-07 14:54:32 [main] INFO  demoqaBase - 🔍 Running test for search character: V
2025-09-07 14:54:32 [main] INFO  demoqaBase - Clicking on Widgets | Auto Complete | Type multiple color names...
Searching Colors using: V
Expected Color to be selected is/are: [Voilet]
2025-09-07 14:54:32 [main] INFO  demoqaBase - You are now Accessing: Auto Complete
2025-09-07 14:54:33 [main] INFO  demoqaBase - Available Color: Voilet
2025-09-07 14:54:33 [main] INFO  demoqaLog - ✅ JS click executed on element: {}
2025-09-07 14:54:33 [main] INFO  demoqaBase - ✅ Selected Color: Voilet
2025-09-07 14:54:33 [main] INFO  demoqaBase - 🎯 Final selected colors: [Voilet]
2025-09-07 14:54:33 [main] INFO  demoqaBase - ✅ Widgets|Auto Complete Test Completed...
]]></system-out>
  </testcase>
  <testcase name="AutoCompleteSearch[ColorSelectionData{searchFor=&apos;W&apos;, expectedColors=[Yellow, White]}](20)" classname="tests.WidgetsTests" time="2.67">
    <system-out><![CDATA[2025-09-07 14:54:33 [main] INFO  demoqaBase - Closing the Browser...
2025-09-07 14:54:34 [main] INFO  demoqaBase - Starting Web Browser...
2025-09-07 14:54:35 [main] INFO  demoqaBase - Navigating to demoqa.com Website
2025-09-07 14:55:05 [main] WARN  RetryUrlAccess - Attempt 1 failed due to retryable error: timeout: timed out receiving message from renderer: 29.123
  (session info: chrome=137.0.7151.120)
build info: version: '4.35.0', revision: '1c58e5028b'
system info: os.name: 'windows 11', os.arch: 'amd64', os.version: '10.0', java.version: '21.0.7'
driver info: org.openqa.selenium.chrome.chromedriver
command: [b11f6aa337c1083eca3ef026cb4b2358, get {url=https://demoqa.com}]
capabilities {acceptinsecurecerts: false, browsername: chrome, browserversion: 137.0.7151.120, chrome: {chromedriverversion: 137.0.7151.119 (e0ac9d12dff..., userdatadir: c:\users\dell\appdata\local...}, fedcm:accounts: true, goog:chromeoptions: {debuggeraddress: localhost:53348}, networkconnectionenabled: false, pageloadstrategy: normal, platformname: windows, proxy: proxy(), se:cdp: ws://localhost:53348/devtoo..., se:cdpversion: 137.0.7151.120, setwindowrect: true, strictfileinteractability: false, timeouts: {implicit: 0, pageload: 300000, script: 30000}, unhandledpromptbehavior: dismiss and notify, webauthn:extension:credblob: true, webauthn:extension:largeblob: true, webauthn:extension:minpinlength: true, webauthn:extension:prf: true, webauthn:virtualauthenticators: true}
session id: b11f6aa337c1083eca3ef026cb4b2358. Retrying after 3000ms...
2025-09-07 14:55:09 [main] INFO  RetryUrlAccess - Successfully navigated to: https://demoqa.com
2025-09-07 14:55:09 [main] INFO  demoqaBase - 🧪 Starting Test Widgets|Auto Complete...
2025-09-07 14:55:09 [main] INFO  demoqaBase - Accessing Widgets Card...
Declared Instance WebDriverWait: org.openqa.selenium.support.ui.WebDriverWait@6f0bae12
2025-09-07 14:55:09 [main] INFO  demoqaLog - Clicking on Widgets Card...
2025-09-07 14:55:09 [main] INFO  demoqaLog - ✅ JS click executed on element: {}
2025-09-07 14:55:09 [main] INFO  demoqaLog - Clicked on on Widgets Card...
Title of this Page is: DEMOQA
You are Accessing: Widgets
 
2025-09-07 14:55:09 [main] INFO  demoqaBase - Widgets: Please select an item from left to start practice.
2025-09-07 14:55:09 [main] INFO  demoqaBase - Clicking on Widgets|AutoComplete...
You are now Accessing: Auto Complete
2025-09-07 14:55:10 [main] INFO  demoqaBase - You are now Accessing: Auto Complete
Searching Colors using: W
Expected Color to be selected is/are: [Yellow, White]
2025-09-07 14:55:10 [main] INFO  demoqaBase - 🔍 Running test for search character: W
2025-09-07 14:55:10 [main] INFO  demoqaBase - Clicking on Widgets | Auto Complete | Type multiple color names...
Searching Colors using: W
Expected Color to be selected is/are: [Yellow, White]
2025-09-07 14:55:10 [main] INFO  demoqaBase - You are now Accessing: Auto Complete
2025-09-07 14:55:11 [main] INFO  demoqaBase - Available Color: Yellow
2025-09-07 14:55:11 [main] INFO  demoqaLog - ✅ JS click executed on element: {}
2025-09-07 14:55:11 [main] INFO  demoqaBase - ✅ Selected Color: Yellow
2025-09-07 14:55:12 [main] INFO  demoqaBase - Available Color: White
2025-09-07 14:55:12 [main] INFO  demoqaLog - ✅ JS click executed on element: {}
2025-09-07 14:55:12 [main] INFO  demoqaBase - ✅ Selected Color: White
2025-09-07 14:55:12 [main] INFO  demoqaBase - 🎯 Final selected colors: [Yellow, White]
2025-09-07 14:55:12 [main] INFO  demoqaBase - ✅ Widgets|Auto Complete Test Completed...
]]></system-out>
  </testcase>
  <testcase name="AutoCompleteSearch[ColorSelectionData{searchFor=&apos;Y&apos;, expectedColors=[Yellow]}](21)" classname="tests.WidgetsTests" time="2.566">
    <system-out><![CDATA[2025-09-07 14:55:12 [main] INFO  demoqaBase - Closing the Browser...
2025-09-07 14:55:12 [main] INFO  demoqaBase - Starting Web Browser...
2025-09-07 14:55:14 [main] INFO  demoqaBase - Navigating to demoqa.com Website
2025-09-07 14:55:44 [main] WARN  RetryUrlAccess - Attempt 1 failed due to retryable error: timeout: timed out receiving message from renderer: 29.126
  (session info: chrome=137.0.7151.120)
build info: version: '4.35.0', revision: '1c58e5028b'
system info: os.name: 'windows 11', os.arch: 'amd64', os.version: '10.0', java.version: '21.0.7'
driver info: org.openqa.selenium.chrome.chromedriver
command: [1967514a2b5ee8ef7be976984ecedd2d, get {url=https://demoqa.com}]
capabilities {acceptinsecurecerts: false, browsername: chrome, browserversion: 137.0.7151.120, chrome: {chromedriverversion: 137.0.7151.119 (e0ac9d12dff..., userdatadir: c:\users\dell\appdata\local...}, fedcm:accounts: true, goog:chromeoptions: {debuggeraddress: localhost:53530}, networkconnectionenabled: false, pageloadstrategy: normal, platformname: windows, proxy: proxy(), se:cdp: ws://localhost:53530/devtoo..., se:cdpversion: 137.0.7151.120, setwindowrect: true, strictfileinteractability: false, timeouts: {implicit: 0, pageload: 300000, script: 30000}, unhandledpromptbehavior: dismiss and notify, webauthn:extension:credblob: true, webauthn:extension:largeblob: true, webauthn:extension:minpinlength: true, webauthn:extension:prf: true, webauthn:virtualauthenticators: true}
session id: 1967514a2b5ee8ef7be976984ecedd2d. Retrying after 3000ms...
2025-09-07 14:55:47 [main] INFO  RetryUrlAccess - Successfully navigated to: https://demoqa.com
2025-09-07 14:55:47 [main] INFO  demoqaBase - 🧪 Starting Test Widgets|Auto Complete...
2025-09-07 14:55:47 [main] INFO  demoqaBase - Accessing Widgets Card...
Declared Instance WebDriverWait: org.openqa.selenium.support.ui.WebDriverWait@6f450846
2025-09-07 14:55:47 [main] INFO  demoqaLog - Clicking on Widgets Card...
2025-09-07 14:55:48 [main] INFO  demoqaLog - ✅ JS click executed on element: {}
2025-09-07 14:55:48 [main] INFO  demoqaLog - Clicked on on Widgets Card...
Title of this Page is: DEMOQA
You are Accessing: Widgets
 
2025-09-07 14:55:48 [main] INFO  demoqaBase - Widgets: Please select an item from left to start practice.
2025-09-07 14:55:48 [main] INFO  demoqaBase - Clicking on Widgets|AutoComplete...
You are now Accessing: Auto Complete
2025-09-07 14:55:49 [main] INFO  demoqaBase - You are now Accessing: Auto Complete
Searching Colors using: Y
Expected Color to be selected is/are: [Yellow]
2025-09-07 14:55:49 [main] INFO  demoqaBase - 🔍 Running test for search character: Y
2025-09-07 14:55:49 [main] INFO  demoqaBase - Clicking on Widgets | Auto Complete | Type multiple color names...
Searching Colors using: Y
Expected Color to be selected is/are: [Yellow]
2025-09-07 14:55:49 [main] INFO  demoqaBase - You are now Accessing: Auto Complete
2025-09-07 14:55:50 [main] INFO  demoqaBase - Available Color: Yellow
2025-09-07 14:55:50 [main] INFO  demoqaLog - ✅ JS click executed on element: {}
2025-09-07 14:55:50 [main] INFO  demoqaBase - ✅ Selected Color: Yellow
2025-09-07 14:55:50 [main] INFO  demoqaBase - 🎯 Final selected colors: [Yellow]
2025-09-07 14:55:50 [main] INFO  demoqaBase - ✅ Widgets|Auto Complete Test Completed...
]]></system-out>
  </testcase>
  <testcase name="AutoCompleteSearchRemove[ColorSelectionData{searchFor=&apos;E&apos;, expectedColors=[Green, Yellow]}](1)" classname="tests.WidgetsTests" time="6.581">
    <system-out><![CDATA[2025-09-07 14:55:50 [main] INFO  demoqaBase - Closing the Browser...
🧾 Row 1: {SearchFor=E, ExpectedColors=Green,Yellow}
🔍 Mapping field: searchFor | Excel Column: SearchFor | Value: E
🔍 Mapping field: expectedColorsRaw | Excel Column: ExpectedColors | Value: Green,Yellow
2025-09-07 14:55:50 [main] INFO  demoqaBase - Starting Web Browser...
2025-09-07 14:55:52 [main] INFO  demoqaBase - Navigating to demoqa.com Website
2025-09-07 14:56:22 [main] WARN  RetryUrlAccess - Attempt 1 failed due to retryable error: timeout: timed out receiving message from renderer: 29.101
  (session info: chrome=137.0.7151.120)
build info: version: '4.35.0', revision: '1c58e5028b'
system info: os.name: 'windows 11', os.arch: 'amd64', os.version: '10.0', java.version: '21.0.7'
driver info: org.openqa.selenium.chrome.chromedriver
command: [73e98624e47a9fa9db7f3f8ff5c898f5, get {url=https://demoqa.com}]
capabilities {acceptinsecurecerts: false, browsername: chrome, browserversion: 137.0.7151.120, chrome: {chromedriverversion: 137.0.7151.119 (e0ac9d12dff..., userdatadir: c:\users\dell\appdata\local...}, fedcm:accounts: true, goog:chromeoptions: {debuggeraddress: localhost:53764}, networkconnectionenabled: false, pageloadstrategy: normal, platformname: windows, proxy: proxy(), se:cdp: ws://localhost:53764/devtoo..., se:cdpversion: 137.0.7151.120, setwindowrect: true, strictfileinteractability: false, timeouts: {implicit: 0, pageload: 300000, script: 30000}, unhandledpromptbehavior: dismiss and notify, webauthn:extension:credblob: true, webauthn:extension:largeblob: true, webauthn:extension:minpinlength: true, webauthn:extension:prf: true, webauthn:virtualauthenticators: true}
session id: 73e98624e47a9fa9db7f3f8ff5c898f5. Retrying after 3000ms...
2025-09-07 14:56:25 [main] INFO  RetryUrlAccess - Successfully navigated to: https://demoqa.com
2025-09-07 14:56:25 [main] INFO  demoqaBase - 🧪 Starting Test Widgets|Auto Complete - Select & Remove Flow
2025-09-07 14:56:25 [main] INFO  demoqaBase - Accessing Widgets Card...
Declared Instance WebDriverWait: org.openqa.selenium.support.ui.WebDriverWait@6e37943b
2025-09-07 14:56:25 [main] INFO  demoqaLog - Clicking on Widgets Card...
2025-09-07 14:56:26 [main] INFO  demoqaLog - ✅ JS click executed on element: {}
2025-09-07 14:56:26 [main] INFO  demoqaLog - Clicked on on Widgets Card...
Title of this Page is: DEMOQA
You are Accessing: Widgets
 
2025-09-07 14:56:26 [main] INFO  demoqaBase - Widgets: Please select an item from left to start practice.
2025-09-07 14:56:26 [main] INFO  demoqaBase - Clicking on Widgets|AutoComplete...
You are now Accessing: Auto Complete
2025-09-07 14:56:27 [main] INFO  demoqaBase - You are now Accessing: Auto Complete
🧾 Row 1: {SearchFor=A, ExpectedColors=Black,Magenta,Aqua}
🔍 Mapping field: searchFor | Excel Column: SearchFor | Value: A
🔍 Mapping field: expectedColorsRaw | Excel Column: ExpectedColors | Value: Black,Magenta,Aqua
🧾 Row 2: {SearchFor=B, ExpectedColors=Blue,Black}
🔍 Mapping field: searchFor | Excel Column: SearchFor | Value: B
🔍 Mapping field: expectedColorsRaw | Excel Column: ExpectedColors | Value: Blue,Black
🧾 Row 3: {SearchFor=C, ExpectedColors=Black}
🔍 Mapping field: searchFor | Excel Column: SearchFor | Value: C
🔍 Mapping field: expectedColorsRaw | Excel Column: ExpectedColors | Value: Black
🧾 Row 4: {SearchFor=D, ExpectedColors=Red,Indigo}
🔍 Mapping field: searchFor | Excel Column: SearchFor | Value: D
🔍 Mapping field: expectedColorsRaw | Excel Column: ExpectedColors | Value: Red,Indigo
🧾 Row 5: {SearchFor=E, ExpectedColors=Red,Blue,Green,Yellow,Purple,White,Voilet,Magenta}
🔍 Mapping field: searchFor | Excel Column: SearchFor | Value: E
🔍 Mapping field: expectedColorsRaw | Excel Column: ExpectedColors | Value: Red,Blue,Green,Yellow,Purple,White,Voilet,Magenta
🧾 Row 6: {SearchFor=G, ExpectedColors=Green,Indigo,Magenta}
🔍 Mapping field: searchFor | Excel Column: SearchFor | Value: G
🔍 Mapping field: expectedColorsRaw | Excel Column: ExpectedColors | Value: Green,Indigo,Magenta
🧾 Row 7: {SearchFor=H, ExpectedColors=White}
🔍 Mapping field: searchFor | Excel Column: SearchFor | Value: H
🔍 Mapping field: expectedColorsRaw | Excel Column: ExpectedColors | Value: White
🧾 Row 8: {SearchFor=I, ExpectedColors=White,Voilet,Indigo}
🔍 Mapping field: searchFor | Excel Column: SearchFor | Value: I
🔍 Mapping field: expectedColorsRaw | Excel Column: ExpectedColors | Value: White,Voilet,Indigo
🧾 Row 9: {SearchFor=K, ExpectedColors=Black}
🔍 Mapping field: searchFor | Excel Column: SearchFor | Value: K
🔍 Mapping field: expectedColorsRaw | Excel Column: ExpectedColors | Value: Black
🧾 Row 10: {SearchFor=L, ExpectedColors=Blue,Yellow,Purple,Black,Voilet}
🔍 Mapping field: searchFor | Excel Column: SearchFor | Value: L
🔍 Mapping field: expectedColorsRaw | Excel Column: ExpectedColors | Value: Blue,Yellow,Purple,Black,Voilet
🧾 Row 11: {SearchFor=M, ExpectedColors=Magenta}
🔍 Mapping field: searchFor | Excel Column: SearchFor | Value: M
🔍 Mapping field: expectedColorsRaw | Excel Column: ExpectedColors | Value: Magenta
🧾 Row 12: {SearchFor=N, ExpectedColors=Green,Indigo,Magenta}
🔍 Mapping field: searchFor | Excel Column: SearchFor | Value: N
🔍 Mapping field: expectedColorsRaw | Excel Column: ExpectedColors | Value: Green,Indigo,Magenta
🧾 Row 13: {SearchFor=O, ExpectedColors=Yellow,Voilet,Indigo}
🔍 Mapping field: searchFor | Excel Column: SearchFor | Value: O
🔍 Mapping field: expectedColorsRaw | Excel Column: ExpectedColors | Value: Yellow,Voilet,Indigo
🧾 Row 14: {SearchFor=P, ExpectedColors=Purple}
🔍 Mapping field: searchFor | Excel Column: SearchFor | Value: P
🔍 Mapping field: expectedColorsRaw | Excel Column: ExpectedColors | Value: Purple
🧾 Row 15: {SearchFor=Q, ExpectedColors=Aqua}
🔍 Mapping field: searchFor | Excel Column: SearchFor | Value: Q
🔍 Mapping field: expectedColorsRaw | Excel Column: ExpectedColors | Value: Aqua
🧾 Row 16: {SearchFor=R, ExpectedColors=Red,Green,Purple}
🔍 Mapping field: searchFor | Excel Column: SearchFor | Value: R
🔍 Mapping field: expectedColorsRaw | Excel Column: ExpectedColors | Value: Red,Green,Purple
🧾 Row 17: {SearchFor=T, ExpectedColors=White,Voilet,Magenta}
🔍 Mapping field: searchFor | Excel Column: SearchFor | Value: T
🔍 Mapping field: expectedColorsRaw | Excel Column: ExpectedColors | Value: White,Voilet,Magenta
🧾 Row 18: {SearchFor=U, ExpectedColors=Blue,Purple,Aqua}
🔍 Mapping field: searchFor | Excel Column: SearchFor | Value: U
🔍 Mapping field: expectedColorsRaw | Excel Column: ExpectedColors | Value: Blue,Purple,Aqua
🧾 Row 19: {SearchFor=V, ExpectedColors=Voilet}
🔍 Mapping field: searchFor | Excel Column: SearchFor | Value: V
🔍 Mapping field: expectedColorsRaw | Excel Column: ExpectedColors | Value: Voilet
🧾 Row 20: {SearchFor=W, ExpectedColors=Yellow,White}
🔍 Mapping field: searchFor | Excel Column: SearchFor | Value: W
🔍 Mapping field: expectedColorsRaw | Excel Column: ExpectedColors | Value: Yellow,White
🧾 Row 21: {SearchFor=Y, ExpectedColors=Yellow}
🔍 Mapping field: searchFor | Excel Column: SearchFor | Value: Y
🔍 Mapping field: expectedColorsRaw | Excel Column: ExpectedColors | Value: Yellow
2025-09-07 14:56:27 [main] INFO  demoqaBase - 🎨 Selecting colors for 'E': [Red, Blue, Green, Yellow, Purple, White, Voilet, Magenta]
2025-09-07 14:56:28 [main] INFO  demoqaLog - ✅ JS click executed on element: {}
2025-09-07 14:56:28 [main] INFO  demoqaBase - ✅ Selected color 'Red' for 'E'
2025-09-07 14:56:28 [main] INFO  demoqaLog - ✅ JS click executed on element: {}
2025-09-07 14:56:28 [main] INFO  demoqaBase - ✅ Selected color 'Blue' for 'E'
2025-09-07 14:56:29 [main] INFO  demoqaLog - ✅ JS click executed on element: {}
2025-09-07 14:56:29 [main] INFO  demoqaBase - ✅ Selected color 'Green' for 'E'
2025-09-07 14:56:29 [main] INFO  demoqaLog - ✅ JS click executed on element: {}
2025-09-07 14:56:29 [main] INFO  demoqaBase - ✅ Selected color 'Yellow' for 'E'
2025-09-07 14:56:30 [main] INFO  demoqaLog - ✅ JS click executed on element: {}
2025-09-07 14:56:30 [main] INFO  demoqaBase - ✅ Selected color 'Purple' for 'E'
2025-09-07 14:56:30 [main] INFO  demoqaLog - ✅ JS click executed on element: {}
2025-09-07 14:56:30 [main] INFO  demoqaBase - ✅ Selected color 'White' for 'E'
2025-09-07 14:56:31 [main] INFO  demoqaLog - ✅ JS click executed on element: {}
2025-09-07 14:56:31 [main] INFO  demoqaBase - ✅ Selected color 'Voilet' for 'E'
2025-09-07 14:56:32 [main] INFO  demoqaLog - ✅ JS click executed on element: {}
2025-09-07 14:56:32 [main] INFO  demoqaBase - ✅ Selected color 'Magenta' for 'E'
🧾 Row 1: {SearchFor=E, ExpectedColors=Green,Yellow}
🔍 Mapping field: searchFor | Excel Column: SearchFor | Value: E
🔍 Mapping field: expectedColorsRaw | Excel Column: ExpectedColors | Value: Green,Yellow
2025-09-07 14:56:32 [main] INFO  demoqaBase - 🗑️ Attempting to remove colors for 'E': [Green, Yellow]
2025-09-07 14:56:32 [main] INFO  demoqaBase - 🗑️ Removed color: Green
2025-09-07 14:56:32 [main] INFO  demoqaBase - 🗑️ Removed color: Yellow
2025-09-07 14:56:32 [main] INFO  demoqaBase - ✅ Assertion passed: Color 'Green' successfully removed.
2025-09-07 14:56:32 [main] INFO  demoqaBase - ✅ Assertion passed: Color 'Yellow' successfully removed.
2025-09-07 14:56:32 [main] INFO  demoqaBase - ✅ Auto Complete Select & Remove Flow completed for 'E'
]]></system-out>
  </testcase>
  <testcase name="AutoCompleteSingle[E, Green](1)" classname="tests.WidgetsTests" time="1.807">
    <system-out><![CDATA[2025-09-07 14:56:32 [main] INFO  demoqaBase - Closing the Browser...
2025-09-07 14:56:33 [main] INFO  demoqaBase - Starting Web Browser...
2025-09-07 14:56:34 [main] INFO  demoqaBase - Navigating to demoqa.com Website
2025-09-07 14:56:57 [main] INFO  RetryUrlAccess - Successfully navigated to: https://demoqa.com
2025-09-07 14:56:57 [main] INFO  demoqaBase - 🧪 Starting Test Widgets|Auto Complete - Select & Remove Flow|Type single color name - Search & Select
2025-09-07 14:56:57 [main] INFO  demoqaBase - Accessing Widgets Card...
Declared Instance WebDriverWait: org.openqa.selenium.support.ui.WebDriverWait@4cb34012
2025-09-07 14:56:57 [main] INFO  demoqaLog - Clicking on Widgets Card...
2025-09-07 14:56:57 [main] INFO  demoqaLog - ✅ JS click executed on element: {}
2025-09-07 14:56:57 [main] INFO  demoqaLog - Clicked on on Widgets Card...
Title of this Page is: DEMOQA
You are Accessing: Widgets
 
2025-09-07 14:56:58 [main] INFO  demoqaBase - Widgets: Please select an item from left to start practice.
2025-09-07 14:56:58 [main] INFO  demoqaBase - Clicking on Widgets|AutoComplete...
You are now Accessing: Auto Complete
2025-09-07 14:56:58 [main] INFO  demoqaBase - You are now Accessing: Auto Complete
2025-09-07 14:56:58 [main] INFO  demoqaBase - Clicking on Widgets | Auto Complete | Type single color name...
Searching Colors using: E
Expected Color to be selected is/are: Green
2025-09-07 14:56:58 [main] INFO  demoqaBase - You are now Accessing: Auto Complete
2025-09-07 14:56:58 [main] INFO  demoqaLog - ✅ JS click executed on element: {}
2025-09-07 14:56:58 [main] INFO  demoqaBase - Clicked on Search Box with Title: Type single color name
2025-09-07 14:56:59 [main] INFO  demoqaBase - ✅ Selected color 'Green'
2025-09-07 14:56:59 [main] INFO  demoqaBase - Asserted Selected Color is: Green
2025-09-07 14:56:59 [main] INFO  demoqaBase - ✅ Test Widgets|Auto Complete - Select & Remove Flow|Type single color name - Search & Select Completed
]]></system-out>
  </testcase>
  <testcase name="SingleAddRemove[E, Green](1)" classname="tests.WidgetsTests" time="2.198">
    <system-out><![CDATA[2025-09-07 14:56:59 [main] INFO  demoqaBase - Closing the Browser...
2025-09-07 14:57:00 [main] INFO  demoqaBase - Starting Web Browser...
2025-09-07 14:57:01 [main] INFO  demoqaBase - Navigating to demoqa.com Website
2025-09-07 14:57:22 [main] INFO  RetryUrlAccess - Successfully navigated to: https://demoqa.com
2025-09-07 14:57:22 [main] INFO  demoqaBase - 🧪 Test Widgets|Auto Complete - Select & Remove Flow|Type single color name - Remove Selection
2025-09-07 14:57:22 [main] INFO  demoqaBase - Accessing Widgets Card...
Declared Instance WebDriverWait: org.openqa.selenium.support.ui.WebDriverWait@559171b7
2025-09-07 14:57:22 [main] INFO  demoqaLog - Clicking on Widgets Card...
2025-09-07 14:57:22 [main] INFO  demoqaLog - ✅ JS click executed on element: {}
2025-09-07 14:57:22 [main] INFO  demoqaLog - Clicked on on Widgets Card...
Title of this Page is: DEMOQA
You are Accessing: Widgets
 
2025-09-07 14:57:23 [main] INFO  demoqaBase - Widgets: Please select an item from left to start practice.
2025-09-07 14:57:23 [main] INFO  demoqaBase - Clicking on Widgets|AutoComplete...
You are now Accessing: Auto Complete
2025-09-07 14:57:23 [main] INFO  demoqaBase - You are now Accessing: Auto Complete
2025-09-07 14:57:23 [main] INFO  demoqaBase - Clicking on Widgets | Auto Complete | Type single color name...
Searching Colors using: E
Expected Color to be selected is/are: Green
2025-09-07 14:57:23 [main] INFO  demoqaBase - You are now Accessing: Auto Complete
2025-09-07 14:57:23 [main] INFO  demoqaLog - ✅ JS click executed on element: {}
2025-09-07 14:57:23 [main] INFO  demoqaBase - Clicked on Search Box with Title: Type single color name
2025-09-07 14:57:24 [main] INFO  demoqaBase - ✅ Selected color 'Green'
2025-09-07 14:57:24 [main] INFO  demoqaBase - Asserted Selected Color is: Green
2025-09-07 14:57:24 [main] INFO  demoqaBase - 🔍 Checking selected color. Current value: 'Green'
2025-09-07 14:57:24 [main] INFO  demoqaBase - ✅ Native click succeeded on 'AutoCompleteSingle'
2025-09-07 14:57:24 [main] INFO  demoqaBase - ✅ Cleared color input for 'Green'
2025-09-07 14:57:24 [main] INFO  demoqaBase - ✅ Test Widgets|Auto Complete - Select & Remove Flow|Type single color name - Remove Selection Completed
]]></system-out>
  </testcase>
</testsuite>