<?xml version="1.0" encoding="UTF-8"?>
<testsuite xmlns:xsi="http://www.w3.org/2001/XMLSchema-instance" xsi:noNamespaceSchemaLocation="https://maven.apache.org/surefire/maven-surefire-plugin/xsd/surefire-test-report-3.0.xsd" version="3.0" name="TestSuite" time="2357.397" tests="90" errors="0" skipped="0" failures="6">
  <properties>
    <property name="java.specification.version" value="21"/>
    <property name="sun.cpu.isalist" value="amd64"/>
    <property name="sun.jnu.encoding" value="Cp1252"/>
    <property name="java.class.path" value="C:\ASN\eclipse_workspace\demoqa-automation\target\test-classes;C:\ASN\eclipse_workspace\demoqa-automation\target\classes;C:\Users\dell\.m2\repository\org\seleniumhq\selenium\selenium-java\4.34.0\selenium-java-4.34.0.jar;C:\Users\dell\.m2\repository\org\seleniumhq\selenium\selenium-api\4.34.0\selenium-api-4.34.0.jar;C:\Users\dell\.m2\repository\org\jspecify\jspecify\1.0.0\jspecify-1.0.0.jar;C:\Users\dell\.m2\repository\org\seleniumhq\selenium\selenium-chrome-driver\4.34.0\selenium-chrome-driver-4.34.0.jar;C:\Users\dell\.m2\repository\com\google\auto\service\auto-service-annotations\1.1.1\auto-service-annotations-1.1.1.jar;C:\Users\dell\.m2\repository\org\seleniumhq\selenium\selenium-chromium-driver\4.34.0\selenium-chromium-driver-4.34.0.jar;C:\Users\dell\.m2\repository\org\seleniumhq\selenium\selenium-devtools-v136\4.34.0\selenium-devtools-v136-4.34.0.jar;C:\Users\dell\.m2\repository\org\seleniumhq\selenium\selenium-devtools-v137\4.34.0\selenium-devtools-v137-4.34.0.jar;C:\Users\dell\.m2\repository\org\seleniumhq\selenium\selenium-devtools-v138\4.34.0\selenium-devtools-v138-4.34.0.jar;C:\Users\dell\.m2\repository\org\seleniumhq\selenium\selenium-edge-driver\4.34.0\selenium-edge-driver-4.34.0.jar;C:\Users\dell\.m2\repository\org\seleniumhq\selenium\selenium-firefox-driver\4.34.0\selenium-firefox-driver-4.34.0.jar;C:\Users\dell\.m2\repository\org\seleniumhq\selenium\selenium-http\4.34.0\selenium-http-4.34.0.jar;C:\Users\dell\.m2\repository\org\seleniumhq\selenium\selenium-ie-driver\4.34.0\selenium-ie-driver-4.34.0.jar;C:\Users\dell\.m2\repository\org\seleniumhq\selenium\selenium-remote-driver\4.34.0\selenium-remote-driver-4.34.0.jar;C:\Users\dell\.m2\repository\com\google\guava\guava\33.4.8-jre\guava-33.4.8-jre.jar;C:\Users\dell\.m2\repository\com\google\guava\failureaccess\1.0.3\failureaccess-1.0.3.jar;C:\Users\dell\.m2\repository\com\google\guava\listenablefuture\9999.0-empty-to-avoid-conflict-with-guava\listenablefuture-9999.0-empty-to-avoid-conflict-with-guava.jar;C:\Users\dell\.m2\repository\com\google\errorprone\error_prone_annotations\2.36.0\error_prone_annotations-2.36.0.jar;C:\Users\dell\.m2\repository\com\google\j2objc\j2objc-annotations\3.0.0\j2objc-annotations-3.0.0.jar;C:\Users\dell\.m2\repository\io\opentelemetry\opentelemetry-api\1.51.0\opentelemetry-api-1.51.0.jar;C:\Users\dell\.m2\repository\io\opentelemetry\opentelemetry-context\1.51.0\opentelemetry-context-1.51.0.jar;C:\Users\dell\.m2\repository\io\opentelemetry\opentelemetry-exporter-logging\1.51.0\opentelemetry-exporter-logging-1.51.0.jar;C:\Users\dell\.m2\repository\io\opentelemetry\opentelemetry-sdk-common\1.51.0\opentelemetry-sdk-common-1.51.0.jar;C:\Users\dell\.m2\repository\io\opentelemetry\opentelemetry-sdk-extension-autoconfigure-spi\1.51.0\opentelemetry-sdk-extension-autoconfigure-spi-1.51.0.jar;C:\Users\dell\.m2\repository\io\opentelemetry\opentelemetry-sdk-extension-autoconfigure\1.51.0\opentelemetry-sdk-extension-autoconfigure-1.51.0.jar;C:\Users\dell\.m2\repository\io\opentelemetry\opentelemetry-sdk-trace\1.51.0\opentelemetry-sdk-trace-1.51.0.jar;C:\Users\dell\.m2\repository\io\opentelemetry\opentelemetry-sdk\1.51.0\opentelemetry-sdk-1.51.0.jar;C:\Users\dell\.m2\repository\io\opentelemetry\opentelemetry-sdk-metrics\1.51.0\opentelemetry-sdk-metrics-1.51.0.jar;C:\Users\dell\.m2\repository\io\opentelemetry\opentelemetry-sdk-logs\1.51.0\opentelemetry-sdk-logs-1.51.0.jar;C:\Users\dell\.m2\repository\net\bytebuddy\byte-buddy\1.17.6\byte-buddy-1.17.6.jar;C:\Users\dell\.m2\repository\org\seleniumhq\selenium\selenium-safari-driver\4.34.0\selenium-safari-driver-4.34.0.jar;C:\Users\dell\.m2\repository\org\seleniumhq\selenium\selenium-support\4.34.0\selenium-support-4.34.0.jar;C:\Users\dell\.m2\repository\org\seleniumhq\selenium\selenium-manager\4.34.0\selenium-manager-4.34.0.jar;C:\Users\dell\.m2\repository\org\seleniumhq\selenium\selenium-json\4.34.0\selenium-json-4.34.0.jar;C:\Users\dell\.m2\repository\org\seleniumhq\selenium\selenium-os\4.34.0\selenium-os-4.34.0.jar;C:\Users\dell\.m2\repository\org\apache\commons\commons-exec\1.5.0\commons-exec-1.5.0.jar;C:\Users\dell\.m2\repository\org\testng\testng\7.11.0\testng-7.11.0.jar;C:\Users\dell\.m2\repository\org\slf4j\slf4j-api\2.0.16\slf4j-api-2.0.16.jar;C:\Users\dell\.m2\repository\org\jcommander\jcommander\1.83\jcommander-1.83.jar;C:\Users\dell\.m2\repository\org\webjars\jquery\3.7.1\jquery-3.7.1.jar;C:\Users\dell\.m2\repository\org\apache\logging\log4j\log4j-core\2.24.3\log4j-core-2.24.3.jar;C:\Users\dell\.m2\repository\org\apache\logging\log4j\log4j-api\2.24.3\log4j-api-2.24.3.jar;C:\Users\dell\.m2\repository\com\aventstack\extentreports\5.0.9\extentreports-5.0.9.jar;C:\Users\dell\.m2\repository\io\reactivex\rxjava3\rxjava\3.0.4\rxjava-3.0.4.jar;C:\Users\dell\.m2\repository\org\reactivestreams\reactive-streams\1.0.3\reactive-streams-1.0.3.jar;C:\Users\dell\.m2\repository\org\freemarker\freemarker\2.3.30\freemarker-2.3.30.jar;C:\Users\dell\.m2\repository\com\google\code\gson\gson\2.8.6\gson-2.8.6.jar;C:\Users\dell\.m2\repository\commons-io\commons-io\2.19.0\commons-io-2.19.0.jar;C:\Users\dell\.m2\repository\org\apache\poi\poi-ooxml\5.4.1\poi-ooxml-5.4.1.jar;C:\Users\dell\.m2\repository\org\apache\poi\poi\5.4.1\poi-5.4.1.jar;C:\Users\dell\.m2\repository\commons-codec\commons-codec\1.18.0\commons-codec-1.18.0.jar;C:\Users\dell\.m2\repository\org\apache\commons\commons-math3\3.6.1\commons-math3-3.6.1.jar;C:\Users\dell\.m2\repository\com\zaxxer\SparseBitSet\1.3\SparseBitSet-1.3.jar;C:\Users\dell\.m2\repository\org\apache\poi\poi-ooxml-lite\5.4.1\poi-ooxml-lite-5.4.1.jar;C:\Users\dell\.m2\repository\org\apache\xmlbeans\xmlbeans\5.3.0\xmlbeans-5.3.0.jar;C:\Users\dell\.m2\repository\org\apache\commons\commons-compress\1.27.1\commons-compress-1.27.1.jar;C:\Users\dell\.m2\repository\org\apache\commons\commons-lang3\3.16.0\commons-lang3-3.16.0.jar;C:\Users\dell\.m2\repository\com\github\virtuald\curvesapi\1.08\curvesapi-1.08.jar;C:\Users\dell\.m2\repository\org\apache\commons\commons-collections4\4.4\commons-collections4-4.4.jar;C:\Users\dell\.m2\repository\com\sun\mail\jakarta.mail\2.0.1\jakarta.mail-2.0.1.jar;C:\Users\dell\.m2\repository\com\sun\activation\jakarta.activation\2.0.1\jakarta.activation-2.0.1.jar;C:\Users\dell\.m2\repository\org\projectlombok\lombok\1.18.30\lombok-1.18.30.jar;"/>
    <property name="java.vm.vendor" value="Oracle Corporation"/>
    <property name="sun.arch.data.model" value="64"/>
    <property name="user.variant" value=""/>
    <property name="java.vendor.url" value="https://java.oracle.com/"/>
    <property name="user.timezone" value="Asia/Calcutta"/>
    <property name="os.name" value="Windows 11"/>
    <property name="java.vm.specification.version" value="21"/>
    <property name="sun.java.launcher" value="SUN_STANDARD"/>
    <property name="user.country" value="IN"/>
    <property name="sun.boot.library.path" value="C:\Program Files\Java\jdk-21\bin"/>
    <property name="sun.java.command" value="C:\Users\dell\AppData\Local\Temp\surefire1006709260816838209\surefirebooter-20250825204402063_3.jar C:\Users\dell\AppData\Local\Temp\surefire1006709260816838209 2025-08-25T20-44-01_874-jvmRun1 surefire-20250825204402063_1tmp surefire_0-20250825204402063_2tmp"/>
    <property name="jdk.debug" value="release"/>
    <property name="surefire.test.class.path" value="C:\ASN\eclipse_workspace\demoqa-automation\target\test-classes;C:\ASN\eclipse_workspace\demoqa-automation\target\classes;C:\Users\dell\.m2\repository\org\seleniumhq\selenium\selenium-java\4.34.0\selenium-java-4.34.0.jar;C:\Users\dell\.m2\repository\org\seleniumhq\selenium\selenium-api\4.34.0\selenium-api-4.34.0.jar;C:\Users\dell\.m2\repository\org\jspecify\jspecify\1.0.0\jspecify-1.0.0.jar;C:\Users\dell\.m2\repository\org\seleniumhq\selenium\selenium-chrome-driver\4.34.0\selenium-chrome-driver-4.34.0.jar;C:\Users\dell\.m2\repository\com\google\auto\service\auto-service-annotations\1.1.1\auto-service-annotations-1.1.1.jar;C:\Users\dell\.m2\repository\org\seleniumhq\selenium\selenium-chromium-driver\4.34.0\selenium-chromium-driver-4.34.0.jar;C:\Users\dell\.m2\repository\org\seleniumhq\selenium\selenium-devtools-v136\4.34.0\selenium-devtools-v136-4.34.0.jar;C:\Users\dell\.m2\repository\org\seleniumhq\selenium\selenium-devtools-v137\4.34.0\selenium-devtools-v137-4.34.0.jar;C:\Users\dell\.m2\repository\org\seleniumhq\selenium\selenium-devtools-v138\4.34.0\selenium-devtools-v138-4.34.0.jar;C:\Users\dell\.m2\repository\org\seleniumhq\selenium\selenium-edge-driver\4.34.0\selenium-edge-driver-4.34.0.jar;C:\Users\dell\.m2\repository\org\seleniumhq\selenium\selenium-firefox-driver\4.34.0\selenium-firefox-driver-4.34.0.jar;C:\Users\dell\.m2\repository\org\seleniumhq\selenium\selenium-http\4.34.0\selenium-http-4.34.0.jar;C:\Users\dell\.m2\repository\org\seleniumhq\selenium\selenium-ie-driver\4.34.0\selenium-ie-driver-4.34.0.jar;C:\Users\dell\.m2\repository\org\seleniumhq\selenium\selenium-remote-driver\4.34.0\selenium-remote-driver-4.34.0.jar;C:\Users\dell\.m2\repository\com\google\guava\guava\33.4.8-jre\guava-33.4.8-jre.jar;C:\Users\dell\.m2\repository\com\google\guava\failureaccess\1.0.3\failureaccess-1.0.3.jar;C:\Users\dell\.m2\repository\com\google\guava\listenablefuture\9999.0-empty-to-avoid-conflict-with-guava\listenablefuture-9999.0-empty-to-avoid-conflict-with-guava.jar;C:\Users\dell\.m2\repository\com\google\errorprone\error_prone_annotations\2.36.0\error_prone_annotations-2.36.0.jar;C:\Users\dell\.m2\repository\com\google\j2objc\j2objc-annotations\3.0.0\j2objc-annotations-3.0.0.jar;C:\Users\dell\.m2\repository\io\opentelemetry\opentelemetry-api\1.51.0\opentelemetry-api-1.51.0.jar;C:\Users\dell\.m2\repository\io\opentelemetry\opentelemetry-context\1.51.0\opentelemetry-context-1.51.0.jar;C:\Users\dell\.m2\repository\io\opentelemetry\opentelemetry-exporter-logging\1.51.0\opentelemetry-exporter-logging-1.51.0.jar;C:\Users\dell\.m2\repository\io\opentelemetry\opentelemetry-sdk-common\1.51.0\opentelemetry-sdk-common-1.51.0.jar;C:\Users\dell\.m2\repository\io\opentelemetry\opentelemetry-sdk-extension-autoconfigure-spi\1.51.0\opentelemetry-sdk-extension-autoconfigure-spi-1.51.0.jar;C:\Users\dell\.m2\repository\io\opentelemetry\opentelemetry-sdk-extension-autoconfigure\1.51.0\opentelemetry-sdk-extension-autoconfigure-1.51.0.jar;C:\Users\dell\.m2\repository\io\opentelemetry\opentelemetry-sdk-trace\1.51.0\opentelemetry-sdk-trace-1.51.0.jar;C:\Users\dell\.m2\repository\io\opentelemetry\opentelemetry-sdk\1.51.0\opentelemetry-sdk-1.51.0.jar;C:\Users\dell\.m2\repository\io\opentelemetry\opentelemetry-sdk-metrics\1.51.0\opentelemetry-sdk-metrics-1.51.0.jar;C:\Users\dell\.m2\repository\io\opentelemetry\opentelemetry-sdk-logs\1.51.0\opentelemetry-sdk-logs-1.51.0.jar;C:\Users\dell\.m2\repository\net\bytebuddy\byte-buddy\1.17.6\byte-buddy-1.17.6.jar;C:\Users\dell\.m2\repository\org\seleniumhq\selenium\selenium-safari-driver\4.34.0\selenium-safari-driver-4.34.0.jar;C:\Users\dell\.m2\repository\org\seleniumhq\selenium\selenium-support\4.34.0\selenium-support-4.34.0.jar;C:\Users\dell\.m2\repository\org\seleniumhq\selenium\selenium-manager\4.34.0\selenium-manager-4.34.0.jar;C:\Users\dell\.m2\repository\org\seleniumhq\selenium\selenium-json\4.34.0\selenium-json-4.34.0.jar;C:\Users\dell\.m2\repository\org\seleniumhq\selenium\selenium-os\4.34.0\selenium-os-4.34.0.jar;C:\Users\dell\.m2\repository\org\apache\commons\commons-exec\1.5.0\commons-exec-1.5.0.jar;C:\Users\dell\.m2\repository\org\testng\testng\7.11.0\testng-7.11.0.jar;C:\Users\dell\.m2\repository\org\slf4j\slf4j-api\2.0.16\slf4j-api-2.0.16.jar;C:\Users\dell\.m2\repository\org\jcommander\jcommander\1.83\jcommander-1.83.jar;C:\Users\dell\.m2\repository\org\webjars\jquery\3.7.1\jquery-3.7.1.jar;C:\Users\dell\.m2\repository\org\apache\logging\log4j\log4j-core\2.24.3\log4j-core-2.24.3.jar;C:\Users\dell\.m2\repository\org\apache\logging\log4j\log4j-api\2.24.3\log4j-api-2.24.3.jar;C:\Users\dell\.m2\repository\com\aventstack\extentreports\5.0.9\extentreports-5.0.9.jar;C:\Users\dell\.m2\repository\io\reactivex\rxjava3\rxjava\3.0.4\rxjava-3.0.4.jar;C:\Users\dell\.m2\repository\org\reactivestreams\reactive-streams\1.0.3\reactive-streams-1.0.3.jar;C:\Users\dell\.m2\repository\org\freemarker\freemarker\2.3.30\freemarker-2.3.30.jar;C:\Users\dell\.m2\repository\com\google\code\gson\gson\2.8.6\gson-2.8.6.jar;C:\Users\dell\.m2\repository\commons-io\commons-io\2.19.0\commons-io-2.19.0.jar;C:\Users\dell\.m2\repository\org\apache\poi\poi-ooxml\5.4.1\poi-ooxml-5.4.1.jar;C:\Users\dell\.m2\repository\org\apache\poi\poi\5.4.1\poi-5.4.1.jar;C:\Users\dell\.m2\repository\commons-codec\commons-codec\1.18.0\commons-codec-1.18.0.jar;C:\Users\dell\.m2\repository\org\apache\commons\commons-math3\3.6.1\commons-math3-3.6.1.jar;C:\Users\dell\.m2\repository\com\zaxxer\SparseBitSet\1.3\SparseBitSet-1.3.jar;C:\Users\dell\.m2\repository\org\apache\poi\poi-ooxml-lite\5.4.1\poi-ooxml-lite-5.4.1.jar;C:\Users\dell\.m2\repository\org\apache\xmlbeans\xmlbeans\5.3.0\xmlbeans-5.3.0.jar;C:\Users\dell\.m2\repository\org\apache\commons\commons-compress\1.27.1\commons-compress-1.27.1.jar;C:\Users\dell\.m2\repository\org\apache\commons\commons-lang3\3.16.0\commons-lang3-3.16.0.jar;C:\Users\dell\.m2\repository\com\github\virtuald\curvesapi\1.08\curvesapi-1.08.jar;C:\Users\dell\.m2\repository\org\apache\commons\commons-collections4\4.4\commons-collections4-4.4.jar;C:\Users\dell\.m2\repository\com\sun\mail\jakarta.mail\2.0.1\jakarta.mail-2.0.1.jar;C:\Users\dell\.m2\repository\com\sun\activation\jakarta.activation\2.0.1\jakarta.activation-2.0.1.jar;C:\Users\dell\.m2\repository\org\projectlombok\lombok\1.18.30\lombok-1.18.30.jar;"/>
    <property name="sun.cpu.endian" value="little"/>
    <property name="user.home" value="C:\Users\dell"/>
    <property name="user.language" value="en"/>
    <property name="java.specification.vendor" value="Oracle Corporation"/>
    <property name="java.version.date" value="2025-04-15"/>
    <property name="java.home" value="C:\Program Files\Java\jdk-21"/>
    <property name="file.separator" value="\"/>
    <property name="basedir" value="C:\ASN\eclipse_workspace\demoqa-automation"/>
    <property name="java.vm.compressedOopsMode" value="32-bit"/>
    <property name="line.separator" value="&#10;"/>
    <property name="java.vm.specification.vendor" value="Oracle Corporation"/>
    <property name="java.specification.name" value="Java Platform API Specification"/>
    <property name="surefire.real.class.path" value="C:\Users\dell\AppData\Local\Temp\surefire1006709260816838209\surefirebooter-20250825204402063_3.jar"/>
    <property name="user.script" value=""/>
    <property name="sun.management.compiler" value="HotSpot 64-Bit Tiered Compilers"/>
    <property name="java.runtime.version" value="21.0.7+8-LTS-245"/>
    <property name="user.name" value="dell"/>
    <property name="stdout.encoding" value="Cp1252"/>
    <property name="path.separator" value=";"/>
    <property name="os.version" value="10.0"/>
    <property name="java.runtime.name" value="Java(TM) SE Runtime Environment"/>
    <property name="file.encoding" value="UTF-8"/>
    <property name="java.vm.name" value="Java HotSpot(TM) 64-Bit Server VM"/>
    <property name="localRepository" value="C:\Users\dell\.m2\repository"/>
    <property name="java.vendor.url.bug" value="https://bugreport.java.com/bugreport/"/>
    <property name="java.io.tmpdir" value="C:\Users\dell\AppData\Local\Temp\"/>
    <property name="java.version" value="21.0.7"/>
    <property name="user.dir" value="C:\ASN\eclipse_workspace\demoqa-automation"/>
    <property name="os.arch" value="amd64"/>
    <property name="java.vm.specification.name" value="Java Virtual Machine Specification"/>
    <property name="sun.os.patch.level" value=""/>
    <property name="native.encoding" value="Cp1252"/>
    <property name="java.library.path" value="C:\Program Files\Java\jdk-21\bin;C:\WINDOWS\Sun\Java\bin;C:\WINDOWS\system32;C:\WINDOWS;C:\Program Files\Python313\Scripts\;C:\Program Files\Python313\;C:\Program Files\Common Files\Oracle\Java\javapath;C:\WINDOWS\system32;C:\WINDOWS;C:\WINDOWS\System32\Wbem;C:\WINDOWS\System32\WindowsPowerShell\v1.0\;C:\WINDOWS\System32\OpenSSH\;C:\Program Files\dotnet\;C:\Program Files\Java\jdk-17\bin;C:\ProgramData\Oracle\Java\javapath;C:\Program Files\PowerShell\7\;C:\Program Files\Java\jdk-21\bin;C:\ASN\apache-maven-3.9.9\bin;C:\Program Files\Git\cmd;C:\Users\dell\AppData\Local\Programs\Python\Python313\Scripts\;C:\Users\dell\AppData\Local\Programs\Python\Python313\;C:\Users\dell\AppData\Local\Programs\Python\Python310\Scripts\;C:\Users\dell\AppData\Local\Programs\Python\Python310\;C:\Users\dell\AppData\Local\Microsoft\WindowsApps;C:\Program Files\JetBrains\PyCharm Community Edition 2022.1.1\bin;;C:\Users\dell\AppData\Local\GitHubDesktop\bin;C:\Users\dell\AppData\Local\Programs\Microsoft VS Code\bin;C:\Users\dell\.dotnet\tools;."/>
    <property name="java.vm.info" value="mixed mode, sharing"/>
    <property name="stderr.encoding" value="Cp1252"/>
    <property name="java.vendor" value="Oracle Corporation"/>
    <property name="java.vm.version" value="21.0.7+8-LTS-245"/>
    <property name="sun.io.unicode.encoding" value="UnicodeLittle"/>
    <property name="java.class.version" value="65.0"/>
  </properties>
  <testcase name="accessAlertsFrameWindows" classname="tests.AlertsFramesWindowsTests" time="0.251">
    <system-out><![CDATA[2025-08-25T15:14:03.333177300Z main INFO Starting configuration XmlConfiguration[location=C:\ASN\eclipse_workspace\demoqa-automation\target\classes\log4j2.xml, lastModified=2025-08-05T03:16:47.250Z]...
2025-08-25T15:14:03.340097700Z main INFO Start watching for changes to C:\ASN\eclipse_workspace\demoqa-automation\target\classes\log4j2.xml every 0 seconds
2025-08-25T15:14:03.340097700Z main INFO Configuration XmlConfiguration[location=C:\ASN\eclipse_workspace\demoqa-automation\target\classes\log4j2.xml, lastModified=2025-08-05T03:16:47.250Z] started.
2025-08-25T15:14:03.343400300Z main INFO Stopping configuration org.apache.logging.log4j.core.config.DefaultConfiguration@3c77d488...
2025-08-25T15:14:03.343400300Z main INFO Configuration org.apache.logging.log4j.core.config.DefaultConfiguration@3c77d488 stopped.
2025-08-25 20:44:03 [main] INFO  demoqaBase - Starting Web Browser...
2025-08-25 20:44:05 [main] INFO  demoqaBase - Navigating to demoqa.com Website
2025-08-25 20:44:16 [main] INFO  RetryUrlAccess - Successfully navigated to: https://demoqa.com
2025-08-25 20:44:16 [main] INFO  demoqaBase - Starting Test Alerts, Frames & Windows...
2025-08-25 20:44:16 [main] INFO  demoqaBase - Accessing Alerts, Frame & Windows Card...
Declared Instance WebDriverWait: org.openqa.selenium.support.ui.WebDriverWait@61c76850
2025-08-25 20:44:16 [main] INFO  demoqaLog - Clicking on Alert Frame & Windows Card...
2025-08-25 20:44:16 [main] INFO  demoqaLog - Clicked on on Alert Frame & Windows Card...
Title of this Page is: DEMOQA
You can now access: Alerts, Frame & Windows
2025-08-25 20:44:16 [main] INFO  demoqaBase - Page: Alerts, Frame & Windows Card...
2025-08-25 20:44:16 [main] INFO  demoqaBase -  Alerts, Frames & Windows Test Completed...
]]></system-out>
    <system-err><![CDATA[SLF4J(W): No SLF4J providers were found.
SLF4J(W): Defaulting to no-operation (NOP) logger implementation
SLF4J(W): See https://www.slf4j.org/codes.html#noProviders for further details.
]]></system-err>
  </testcase>
  <testcase name="browserWindows" classname="tests.AlertsFramesWindowsTests" time="0.374">
    <system-out><![CDATA[2025-08-25 20:44:16 [main] INFO  demoqaBase - Closing the Browser...
2025-08-25 20:44:17 [main] INFO  demoqaBase - Starting Web Browser...
2025-08-25 20:44:18 [main] INFO  demoqaBase - Navigating to demoqa.com Website
2025-08-25 20:44:22 [main] INFO  RetryUrlAccess - Successfully navigated to: https://demoqa.com
2025-08-25 20:44:22 [main] INFO  demoqaBase - Starting Test Alerts, Frames & Windows...
2025-08-25 20:44:22 [main] INFO  demoqaBase - Accessing Alerts, Frame & Windows Card...
Declared Instance WebDriverWait: org.openqa.selenium.support.ui.WebDriverWait@5411dd90
2025-08-25 20:44:22 [main] INFO  demoqaLog - Clicking on Alert Frame & Windows Card...
2025-08-25 20:44:23 [main] INFO  demoqaLog - Clicked on on Alert Frame & Windows Card...
Title of this Page is: DEMOQA
You can now access: Alerts, Frame & Windows
2025-08-25 20:44:23 [main] INFO  demoqaBase - Page: Alerts, Frame & Windows Card...
2025-08-25 20:44:23 [main] INFO  demoqaBase - Clicking on Alerts, Frame & Windows Card|Browser Windows...
You are now Accessing: Browser Windows
2025-08-25 20:44:23 [main] INFO  demoqaBase - You are now Accessing: Browser Windows
2025-08-25 20:44:23 [main] INFO  demoqaBase -  Alerts, Frames & Windows|Browser Windows Test Completed...
]]></system-out>
  </testcase>
  <testcase name="browserWindowsNewTab" classname="tests.AlertsFramesWindowsTests" time="1.062">
    <system-out><![CDATA[2025-08-25 20:44:23 [main] INFO  demoqaBase - Closing the Browser...
2025-08-25 20:44:23 [main] INFO  demoqaBase - Starting Web Browser...
2025-08-25 20:44:24 [main] INFO  demoqaBase - Navigating to demoqa.com Website
2025-08-25 20:44:35 [main] INFO  RetryUrlAccess - Successfully navigated to: https://demoqa.com
2025-08-25 20:44:35 [main] INFO  demoqaBase - Starting Test Alerts, Frames & Windows|New Tab...
2025-08-25 20:44:35 [main] INFO  demoqaBase - Accessing Alerts, Frame & Windows Card...
Declared Instance WebDriverWait: org.openqa.selenium.support.ui.WebDriverWait@5e5073ab
2025-08-25 20:44:35 [main] INFO  demoqaLog - Clicking on Alert Frame & Windows Card...
2025-08-25 20:44:35 [main] INFO  demoqaLog - Clicked on on Alert Frame & Windows Card...
Title of this Page is: DEMOQA
You can now access: Alerts, Frame & Windows
2025-08-25 20:44:35 [main] INFO  demoqaBase - Page: Alerts, Frame & Windows Card...
2025-08-25 20:44:35 [main] INFO  demoqaBase - Clicking on Alerts, Frame & Windows Card|Browser Windows...
You are now Accessing: Browser Windows
2025-08-25 20:44:36 [main] INFO  demoqaBase - You are now Accessing: Browser Windows
2025-08-25 20:44:36 [main] INFO  demoqaBase - Initiating New Tab click sequence...
2025-08-25 20:44:36 [main] INFO  demoqaBase - Clicked New Tab button
2025-08-25 20:44:36 [main] INFO  demoqaBase - Switched to new tab: 0C237497B07416F262FFB6F6429D1B33
2025-08-25 20:44:36 [main] INFO  demoqaBase - New tab content: 'This is a sample page'
You are now accessing: This is a sample page
2025-08-25 20:44:36 [main] INFO  demoqaBase -  Alerts, Frames & Windows|Browser Windows|New Tab Test Completed...
]]></system-out>
  </testcase>
  <testcase name="browserWindowsNewWindow" classname="tests.AlertsFramesWindowsTests" time="1.039">
    <system-out><![CDATA[2025-08-25 20:44:36 [main] INFO  demoqaBase - Closing the Browser...
2025-08-25 20:44:37 [main] INFO  demoqaBase - Starting Web Browser...
2025-08-25 20:44:38 [main] INFO  demoqaBase - Navigating to demoqa.com Website
2025-08-25 20:44:43 [main] INFO  RetryUrlAccess - Successfully navigated to: https://demoqa.com
2025-08-25 20:44:43 [main] INFO  demoqaBase - Starting Test Alerts, Frames & Windows|New Window...
2025-08-25 20:44:43 [main] INFO  demoqaBase - Accessing Alerts, Frame & Windows Card...
Declared Instance WebDriverWait: org.openqa.selenium.support.ui.WebDriverWait@4893b344
2025-08-25 20:44:44 [main] INFO  demoqaLog - Clicking on Alert Frame & Windows Card...
2025-08-25 20:44:44 [main] INFO  demoqaLog - Clicked on on Alert Frame & Windows Card...
Title of this Page is: DEMOQA
You can now access: Alerts, Frame & Windows
2025-08-25 20:44:44 [main] INFO  demoqaBase - Page: Alerts, Frame & Windows Card...
2025-08-25 20:44:44 [main] INFO  demoqaBase - Clicking on Alerts, Frame & Windows Card|Browser Windows...
You are now Accessing: Browser Windows
2025-08-25 20:44:44 [main] INFO  demoqaBase - You are now Accessing: Browser Windows
2025-08-25 20:44:44 [main] INFO  demoqaBase - Initiating New Window click sequence...
2025-08-25 20:44:44 [main] INFO  demoqaBase - Clicked New Window button
2025-08-25 20:44:44 [main] INFO  demoqaBase - Switched to new tab: A9D22C6EC068269D29844432BAAAF262
2025-08-25 20:44:44 [main] INFO  demoqaBase - New tab content: 'This is a sample page'
You are now accessing: This is a sample page
2025-08-25 20:44:45 [main] INFO  demoqaBase -  Alerts, Frames & Windows|Browser Windows|New Window Test Completed...
]]></system-out>
  </testcase>
  <testcase name="browserWindowsNewWindowMsg" classname="tests.AlertsFramesWindowsTests" time="0.632">
    <system-out><![CDATA[2025-08-25 20:44:45 [main] INFO  demoqaBase - Closing the Browser...
2025-08-25 20:44:45 [main] INFO  demoqaBase - Starting Web Browser...
2025-08-25 20:44:46 [main] INFO  demoqaBase - Navigating to demoqa.com Website
2025-08-25 20:45:00 [main] INFO  RetryUrlAccess - Successfully navigated to: https://demoqa.com
2025-08-25 20:45:00 [main] INFO  demoqaBase - Starting Test Alerts, Frames & Windows|New Window Message...
2025-08-25 20:45:00 [main] INFO  demoqaBase - Accessing Alerts, Frame & Windows Card...
Declared Instance WebDriverWait: org.openqa.selenium.support.ui.WebDriverWait@7c8d5312
2025-08-25 20:45:00 [main] INFO  demoqaLog - Clicking on Alert Frame & Windows Card...
2025-08-25 20:45:00 [main] INFO  demoqaLog - Clicked on on Alert Frame & Windows Card...
Title of this Page is: DEMOQA
You can now access: Alerts, Frame & Windows
2025-08-25 20:45:00 [main] INFO  demoqaBase - Page: Alerts, Frame & Windows Card...
2025-08-25 20:45:00 [main] INFO  demoqaBase - Clicking on Alerts, Frame & Windows Card|Browser Windows...
You are now Accessing: Browser Windows
2025-08-25 20:45:01 [main] INFO  demoqaBase - You are now Accessing: Browser Windows
2025-08-25 20:45:01 [main] INFO  demoqaBase - 🔍 Starting 'New Window Message' click sequence...
2025-08-25 20:45:01 [main] INFO  demoqaBase - 🔀 Switched to new window: D3B3195D11BAFC6539259418D06C9430
2025-08-25 20:45:01 [main] INFO  demoqaBase - ✅ Verified new popup window opened successfully.
2025-08-25 20:45:01 [main] INFO  demoqaBase - ↩️ Switched back to original window: 32DAF227044FDF7D0F268DD57E7EEA02
2025-08-25 20:45:01 [main] INFO  demoqaBase - ✅ 'New Window Message' flow completed successfully.
2025-08-25 20:45:01 [main] INFO  demoqaBase -  Alerts, Frames & Windows|Browser Windows|New Window Message Test Completed...
]]></system-out>
  </testcase>
  <testcase name="ClickAlerts" classname="tests.AlertsFramesWindowsTests" time="0.284">
    <system-out><![CDATA[2025-08-25 20:45:01 [main] INFO  demoqaBase - Closing the Browser...
2025-08-25 20:45:01 [main] INFO  demoqaBase - Starting Web Browser...
2025-08-25 20:45:02 [main] INFO  demoqaBase - Navigating to demoqa.com Website
2025-08-25 20:45:14 [main] INFO  RetryUrlAccess - Successfully navigated to: https://demoqa.com
2025-08-25 20:45:14 [main] INFO  demoqaBase - Starting Test Alerts, Frames & Windows|New Window Message...
2025-08-25 20:45:14 [main] INFO  demoqaBase - Accessing Alerts, Frame & Windows Card...
Declared Instance WebDriverWait: org.openqa.selenium.support.ui.WebDriverWait@a92be4f
2025-08-25 20:45:14 [main] INFO  demoqaLog - Clicking on Alert Frame & Windows Card...
2025-08-25 20:45:14 [main] INFO  demoqaLog - Clicked on on Alert Frame & Windows Card...
Title of this Page is: DEMOQA
You can now access: Alerts, Frame & Windows
2025-08-25 20:45:14 [main] INFO  demoqaBase - Page: Alerts, Frame & Windows Card...
2025-08-25 20:45:14 [main] INFO  demoqaBase - 🔍 Starting test for Alerts click ..
2025-08-25 20:45:14 [main] INFO  demoqaBase - ✅ Clicked on Alerts...
2025-08-25 20:45:14 [main] INFO  demoqaBase - Page Title is: Alerts
2025-08-25 20:45:14 [main] INFO  demoqaBase -  Alerts, Frames & Windows|Alerts Test Completed...
]]></system-out>
  </testcase>
  <testcase name="ClickToSeeAlerts" classname="tests.AlertsFramesWindowsTests" time="5.707">
    <system-out><![CDATA[2025-08-25 20:45:14 [main] INFO  demoqaBase - Closing the Browser...
2025-08-25 20:45:14 [main] INFO  demoqaBase - Starting Web Browser...
2025-08-25 20:45:15 [main] INFO  demoqaBase - Navigating to demoqa.com Website
2025-08-25 20:45:23 [main] INFO  RetryUrlAccess - Successfully navigated to: https://demoqa.com
2025-08-25 20:45:23 [main] INFO  demoqaBase - Starting Test Alerts, Frames & Windows|Alerts|Click button to see Alert...
2025-08-25 20:45:23 [main] INFO  demoqaBase - Accessing Alerts, Frame & Windows Card...
Declared Instance WebDriverWait: org.openqa.selenium.support.ui.WebDriverWait@30ca0779
2025-08-25 20:45:23 [main] INFO  demoqaLog - Clicking on Alert Frame & Windows Card...
2025-08-25 20:45:23 [main] INFO  demoqaLog - Clicked on on Alert Frame & Windows Card...
Title of this Page is: DEMOQA
You can now access: Alerts, Frame & Windows
2025-08-25 20:45:24 [main] INFO  demoqaBase - Page: Alerts, Frame & Windows Card...
2025-08-25 20:45:24 [main] INFO  demoqaBase - 🔍 Starting test for Alerts click ..
2025-08-25 20:45:24 [main] INFO  demoqaBase - ✅ Clicked on Alerts...
2025-08-25 20:45:24 [main] INFO  demoqaBase - Page Title is: Alerts
2025-08-25 20:45:24 [main] INFO  demoqaBase - 🔍 Starting test for On button click, alert will appear after 5 seconds...
2025-08-25 20:45:24 [main] INFO  demoqaBase - ✅ Clicked on Click Button to see Alert after 5 seconds...
2025-08-25 20:45:29 [main] INFO  demoqaBase - ✅ On button click, alert will appear after 5 seconds, message is: This alert appeared after 5 seconds
2025-08-25 20:45:29 [main] INFO  demoqaBase -  Alerts, Frames & Windows|Alerts|Click button to see Alert Test Completed...
]]></system-out>
  </testcase>
  <testcase name="ClickAcceptConfirmationBox" classname="tests.AlertsFramesWindowsTests" time="0.419">
    <system-out><![CDATA[2025-08-25 20:45:29 [main] INFO  demoqaBase - Closing the Browser...
2025-08-25 20:45:30 [main] INFO  demoqaBase - Starting Web Browser...
2025-08-25 20:45:31 [main] INFO  demoqaBase - Navigating to demoqa.com Website
2025-08-25 20:45:41 [main] INFO  RetryUrlAccess - Successfully navigated to: https://demoqa.com
2025-08-25 20:45:41 [main] INFO  demoqaBase - Starting Test Alerts, Frames & Windows|AlertsOn button click, confirm box will appear, Accept...
2025-08-25 20:45:41 [main] INFO  demoqaBase - Accessing Alerts, Frame & Windows Card...
Declared Instance WebDriverWait: org.openqa.selenium.support.ui.WebDriverWait@29fd8e67
2025-08-25 20:45:41 [main] INFO  demoqaLog - Clicking on Alert Frame & Windows Card...
2025-08-25 20:45:41 [main] INFO  demoqaLog - Clicked on on Alert Frame & Windows Card...
Title of this Page is: DEMOQA
You can now access: Alerts, Frame & Windows
2025-08-25 20:45:41 [main] INFO  demoqaBase - Page: Alerts, Frame & Windows Card...
2025-08-25 20:45:41 [main] INFO  demoqaBase - 🔍 Starting test for Alerts click ..
2025-08-25 20:45:41 [main] INFO  demoqaBase - ✅ Clicked on Alerts...
2025-08-25 20:45:41 [main] INFO  demoqaBase - Page Title is: Alerts
2025-08-25 20:45:41 [main] INFO  demoqaBase - 🔍 Starting test for On button click, confirm box will appear, Accept...
2025-08-25 20:45:42 [main] INFO  demoqaBase - ✅ Clicked On button click, confirm box will appear, Accept...
2025-08-25 20:45:42 [main] INFO  demoqaBase - ✅ On button click, confirm box will appear, message is: Do you confirm action?
2025-08-25 20:45:42 [main] INFO  demoqaBase - ✅ Your Selection was: You selected Ok
2025-08-25 20:45:42 [main] INFO  demoqaBase -  Alerts, Frames & Windows|Alerts|On button click, confirm box will appear, Accept Test Completed...
]]></system-out>
  </testcase>
  <testcase name="ClickDenyConfirmationBox" classname="tests.AlertsFramesWindowsTests" time="0.425">
    <system-out><![CDATA[2025-08-25 20:45:42 [main] INFO  demoqaBase - Closing the Browser...
2025-08-25 20:45:42 [main] INFO  demoqaBase - Starting Web Browser...
2025-08-25 20:45:43 [main] INFO  demoqaBase - Navigating to demoqa.com Website
2025-08-25 20:45:53 [main] INFO  RetryUrlAccess - Successfully navigated to: https://demoqa.com
2025-08-25 20:45:53 [main] INFO  demoqaBase - Starting Test Alerts, Frames & Windows|Alerts|On button click, confirm box will appear, Deny...
2025-08-25 20:45:53 [main] INFO  demoqaBase - Accessing Alerts, Frame & Windows Card...
Declared Instance WebDriverWait: org.openqa.selenium.support.ui.WebDriverWait@6bc24e72
2025-08-25 20:45:53 [main] INFO  demoqaLog - Clicking on Alert Frame & Windows Card...
2025-08-25 20:45:53 [main] INFO  demoqaLog - Clicked on on Alert Frame & Windows Card...
Title of this Page is: DEMOQA
You can now access: Alerts, Frame & Windows
2025-08-25 20:45:53 [main] INFO  demoqaBase - Page: Alerts, Frame & Windows Card...
2025-08-25 20:45:53 [main] INFO  demoqaBase - 🔍 Starting test for Alerts click ..
2025-08-25 20:45:53 [main] INFO  demoqaBase - ✅ Clicked on Alerts...
2025-08-25 20:45:53 [main] INFO  demoqaBase - Page Title is: Alerts
2025-08-25 20:45:53 [main] INFO  demoqaBase - 🔍 Starting test for On button click, confirm box will appear, Deny...
2025-08-25 20:45:53 [main] INFO  demoqaBase - ✅ Clicked On button click, confirm box will appear, Deny...
2025-08-25 20:45:53 [main] INFO  demoqaBase - ✅ On button click, confirm box will appear, message is: Do you confirm action?
2025-08-25 20:45:53 [main] INFO  demoqaBase - ✅ Your Selection was: You selected Cancel
2025-08-25 20:45:53 [main] INFO  demoqaBase -  Alerts, Frames & Windows|Alerts|On button click, confirm box will appear, Deny Test Completed...
]]></system-out>
  </testcase>
  <testcase name="ClickPromptBoxFill" classname="tests.AlertsFramesWindowsTests" time="0.431">
    <system-out><![CDATA[2025-08-25 20:45:53 [main] INFO  demoqaBase - Closing the Browser...
2025-08-25 20:45:53 [main] INFO  demoqaBase - Starting Web Browser...
2025-08-25 20:45:55 [main] INFO  demoqaBase - Navigating to demoqa.com Website
2025-08-25 20:45:59 [main] INFO  RetryUrlAccess - Successfully navigated to: https://demoqa.com
2025-08-25 20:45:59 [main] INFO  demoqaBase - Starting Test Alerts, Frames & Windows|Alerts|On button click, prompt box will appear, Fill data...
2025-08-25 20:45:59 [main] INFO  demoqaBase - Accessing Alerts, Frame & Windows Card...
Declared Instance WebDriverWait: org.openqa.selenium.support.ui.WebDriverWait@1984212d
2025-08-25 20:45:59 [main] INFO  demoqaLog - Clicking on Alert Frame & Windows Card...
2025-08-25 20:45:59 [main] INFO  demoqaLog - Clicked on on Alert Frame & Windows Card...
Title of this Page is: DEMOQA
You can now access: Alerts, Frame & Windows
2025-08-25 20:45:59 [main] INFO  demoqaBase - Page: Alerts, Frame & Windows Card...
2025-08-25 20:45:59 [main] INFO  demoqaBase - 🔍 Starting test for Alerts click ..
2025-08-25 20:45:59 [main] INFO  demoqaBase - ✅ Clicked on Alerts...
2025-08-25 20:45:59 [main] INFO  demoqaBase - Page Title is: Alerts
2025-08-25 20:45:59 [main] INFO  demoqaBase - 🔍 Starting test for On button click, prompt box will appear, Fill data...
2025-08-25 20:45:59 [main] INFO  demoqaBase - ✅ Clicked On button click, prompt box will appear, Fill data...
2025-08-25 20:45:59 [main] INFO  demoqaBase - ✅ On button click, prompt box will appear, message is: Please enter your name
2025-08-25 20:45:59 [main] INFO  demoqaBase - ✅ Your Selection was: You entered Java Selenium
2025-08-25 20:45:59 [main] INFO  demoqaBase -  Alerts, Frames & Windows|Alerts|On button click, prompt box will appear, Fill data Test Completed...
]]></system-out>
  </testcase>
  <testcase name="ClickFrames" classname="tests.AlertsFramesWindowsTests" time="0.312">
    <system-out><![CDATA[2025-08-25 20:45:59 [main] INFO  demoqaBase - Closing the Browser...
2025-08-25 20:46:00 [main] INFO  demoqaBase - Starting Web Browser...
2025-08-25 20:46:01 [main] INFO  demoqaBase - Navigating to demoqa.com Website
2025-08-25 20:46:05 [main] INFO  RetryUrlAccess - Successfully navigated to: https://demoqa.com
2025-08-25 20:46:05 [main] INFO  demoqaBase - Starting Test Alerts, Frames & Windows|Frames...
2025-08-25 20:46:05 [main] INFO  demoqaBase - Accessing Alerts, Frame & Windows Card...
Declared Instance WebDriverWait: org.openqa.selenium.support.ui.WebDriverWait@5fcd1c5f
2025-08-25 20:46:05 [main] INFO  demoqaLog - Clicking on Alert Frame & Windows Card...
2025-08-25 20:46:05 [main] INFO  demoqaLog - Clicked on on Alert Frame & Windows Card...
Title of this Page is: DEMOQA
You can now access: Alerts, Frame & Windows
2025-08-25 20:46:05 [main] INFO  demoqaBase - Page: Alerts, Frame & Windows Card...
2025-08-25 20:46:05 [main] INFO  demoqaBase - 🔍 Starting test for Frames click ..
2025-08-25 20:46:06 [main] INFO  demoqaBase - ✅ Clicked on Frames...
2025-08-25 20:46:06 [main] INFO  demoqaBase - Page Title is: Frames
2025-08-25 20:46:06 [main] INFO  demoqaBase -  Alerts, Frames & Windows|Frames Test Completed...
]]></system-out>
  </testcase>
  <testcase name="GetFrame1" classname="tests.AlertsFramesWindowsTests" time="0.57">
    <system-out><![CDATA[2025-08-25 20:46:06 [main] INFO  demoqaBase - Closing the Browser...
2025-08-25 20:46:06 [main] INFO  demoqaBase - Starting Web Browser...
2025-08-25 20:46:07 [main] INFO  demoqaBase - Navigating to demoqa.com Website
2025-08-25 20:46:19 [main] INFO  RetryUrlAccess - Successfully navigated to: https://demoqa.com
2025-08-25 20:46:19 [main] INFO  demoqaBase - Starting Test Alerts, Frames & Windows|Frames|Frame1 message...
2025-08-25 20:46:19 [main] INFO  demoqaBase - Accessing Alerts, Frame & Windows Card...
Declared Instance WebDriverWait: org.openqa.selenium.support.ui.WebDriverWait@68ab6ab0
2025-08-25 20:46:19 [main] INFO  demoqaLog - Clicking on Alert Frame & Windows Card...
2025-08-25 20:46:19 [main] INFO  demoqaLog - Clicked on on Alert Frame & Windows Card...
Title of this Page is: DEMOQA
You can now access: Alerts, Frame & Windows
2025-08-25 20:46:19 [main] INFO  demoqaBase - Page: Alerts, Frame & Windows Card...
2025-08-25 20:46:19 [main] INFO  demoqaBase - 🔍 Starting test for Frames click ..
2025-08-25 20:46:20 [main] INFO  demoqaBase - ✅ Clicked on Frames...
2025-08-25 20:46:20 [main] INFO  demoqaBase - Page Title is: Frames
2025-08-25 20:46:20 [main] INFO  demoqaBase - 🔍 Starting test for Frames|Frame1 Message...
2025-08-25 20:46:20 [main] INFO  demoqaBase - ✅ Switched to Frame1...
2025-08-25 20:46:20 [main] INFO  demoqaBase - Frame1 contains: This is a sample page
2025-08-25 20:46:20 [main] INFO  demoqaBase -  Alerts, Frames & Windows|Frames|Frame1 message Test Completed...
]]></system-out>
  </testcase>
  <testcase name="GetFrame2" classname="tests.AlertsFramesWindowsTests" time="0.607">
    <system-out><![CDATA[2025-08-25 20:46:20 [main] INFO  demoqaBase - Closing the Browser...
2025-08-25 20:46:20 [main] INFO  demoqaBase - Starting Web Browser...
2025-08-25 20:46:21 [main] INFO  demoqaBase - Navigating to demoqa.com Website
2025-08-25 20:46:32 [main] INFO  RetryUrlAccess - Successfully navigated to: https://demoqa.com
2025-08-25 20:46:32 [main] INFO  demoqaBase - Starting Test Alerts, Frames & Windows|Frames|Frame2 message...
2025-08-25 20:46:32 [main] INFO  demoqaBase - Accessing Alerts, Frame & Windows Card...
Declared Instance WebDriverWait: org.openqa.selenium.support.ui.WebDriverWait@6e02721d
2025-08-25 20:46:32 [main] INFO  demoqaLog - Clicking on Alert Frame & Windows Card...
2025-08-25 20:46:32 [main] INFO  demoqaLog - Clicked on on Alert Frame & Windows Card...
Title of this Page is: DEMOQA
You can now access: Alerts, Frame & Windows
2025-08-25 20:46:32 [main] INFO  demoqaBase - Page: Alerts, Frame & Windows Card...
2025-08-25 20:46:32 [main] INFO  demoqaBase - 🔍 Starting test for Frames click ..
2025-08-25 20:46:32 [main] INFO  demoqaBase - ✅ Clicked on Frames...
2025-08-25 20:46:32 [main] INFO  demoqaBase - Page Title is: Frames
2025-08-25 20:46:32 [main] INFO  demoqaBase - 🔍 Starting test for Frames|Frame2 Message...
2025-08-25 20:46:33 [main] INFO  demoqaBase - ✅ Switched to Frame1...
2025-08-25 20:46:33 [main] INFO  demoqaBase - Frame1 contains: This is a sample page
2025-08-25 20:46:33 [main] INFO  demoqaBase -  Alerts, Frames & Windows|Frames|Frame2 message Test Completed...
]]></system-out>
  </testcase>
  <testcase name="ClickModalDialogs" classname="tests.AlertsFramesWindowsTests" time="0.278">
    <system-out><![CDATA[2025-08-25 20:46:33 [main] INFO  demoqaBase - Closing the Browser...
2025-08-25 20:46:33 [main] INFO  demoqaBase - Starting Web Browser...
2025-08-25 20:46:34 [main] INFO  demoqaBase - Navigating to demoqa.com Website
2025-08-25 20:46:44 [main] INFO  RetryUrlAccess - Successfully navigated to: https://demoqa.com
2025-08-25 20:46:44 [main] INFO  demoqaBase - Starting Test Alerts, Frames & Windows|Modal Dialogs...
2025-08-25 20:46:44 [main] INFO  demoqaBase - Accessing Alerts, Frame & Windows Card...
Declared Instance WebDriverWait: org.openqa.selenium.support.ui.WebDriverWait@42679fc2
2025-08-25 20:46:44 [main] INFO  demoqaLog - Clicking on Alert Frame & Windows Card...
2025-08-25 20:46:44 [main] INFO  demoqaLog - Clicked on on Alert Frame & Windows Card...
Title of this Page is: DEMOQA
You can now access: Alerts, Frame & Windows
2025-08-25 20:46:44 [main] INFO  demoqaBase - Page: Alerts, Frame & Windows Card...
2025-08-25 20:46:44 [main] INFO  demoqaBase - 🔍 Starting test for Frames|Modal Dialogs click ..
2025-08-25 20:46:44 [main] INFO  demoqaBase - ✅ Clicked on Modal Dialogs...
2025-08-25 20:46:44 [main] INFO  demoqaBase - Page Title is: Modal Dialogs
2025-08-25 20:46:44 [main] INFO  demoqaBase -  Alerts, Frames & Windows|Modal Dialogs Test Completed...
]]></system-out>
  </testcase>
  <testcase name="ClickNestedFrames" classname="tests.AlertsFramesWindowsTests" time="0.348">
    <system-out><![CDATA[2025-08-25 20:46:44 [main] INFO  demoqaBase - Closing the Browser...
2025-08-25 20:46:44 [main] INFO  demoqaBase - Starting Web Browser...
2025-08-25 20:46:45 [main] INFO  demoqaBase - Navigating to demoqa.com Website
2025-08-25 20:46:50 [main] INFO  RetryUrlAccess - Successfully navigated to: https://demoqa.com
2025-08-25 20:46:50 [main] INFO  demoqaBase - Starting Test Alerts, Frames & Windows|Nested Frames...
2025-08-25 20:46:50 [main] INFO  demoqaBase - Accessing Alerts, Frame & Windows Card...
Declared Instance WebDriverWait: org.openqa.selenium.support.ui.WebDriverWait@13250132
2025-08-25 20:46:50 [main] INFO  demoqaLog - Clicking on Alert Frame & Windows Card...
2025-08-25 20:46:50 [main] INFO  demoqaLog - Clicked on on Alert Frame & Windows Card...
Title of this Page is: DEMOQA
You can now access: Alerts, Frame & Windows
2025-08-25 20:46:50 [main] INFO  demoqaBase - Page: Alerts, Frame & Windows Card...
2025-08-25 20:46:50 [main] INFO  demoqaBase - 🔍 Starting test for Frames|Nested Frames click ..
2025-08-25 20:46:50 [main] INFO  demoqaBase - ✅ Clicked on Nested Frames...
2025-08-25 20:46:50 [main] INFO  demoqaBase - Page Title is: Nested Frames
2025-08-25 20:46:50 [main] INFO  demoqaBase -  Alerts, Frames & Windows|Nested Frames Test Completed...
]]></system-out>
  </testcase>
  <testcase name="ClickLargeModal" classname="tests.AlertsFramesWindowsTests" time="0.491">
    <system-out><![CDATA[2025-08-25 20:46:50 [main] INFO  demoqaBase - Closing the Browser...
2025-08-25 20:46:50 [main] INFO  demoqaBase - Starting Web Browser...
2025-08-25 20:46:51 [main] INFO  demoqaBase - Navigating to demoqa.com Website
2025-08-25 20:46:56 [main] INFO  RetryUrlAccess - Successfully navigated to: https://demoqa.com
2025-08-25 20:46:56 [main] INFO  demoqaBase - Starting Test Alerts, Frames & Windows|Modal Dialogs|Large Modal...
2025-08-25 20:46:56 [main] INFO  demoqaBase - Accessing Alerts, Frame & Windows Card...
Declared Instance WebDriverWait: org.openqa.selenium.support.ui.WebDriverWait@64656b9e
2025-08-25 20:46:56 [main] INFO  demoqaLog - Clicking on Alert Frame & Windows Card...
2025-08-25 20:46:56 [main] INFO  demoqaLog - Clicked on on Alert Frame & Windows Card...
Title of this Page is: DEMOQA
You can now access: Alerts, Frame & Windows
2025-08-25 20:46:56 [main] INFO  demoqaBase - Page: Alerts, Frame & Windows Card...
2025-08-25 20:46:56 [main] INFO  demoqaBase - 🔍 Starting test for Frames|Modal Dialogs click ..
2025-08-25 20:46:56 [main] INFO  demoqaBase - ✅ Clicked on Modal Dialogs...
2025-08-25 20:46:56 [main] INFO  demoqaBase - Page Title is: Modal Dialogs
2025-08-25 20:46:56 [main] INFO  demoqaBase - 🔍 Starting test for Frames|Modal Dialogs|Large Modal click...
2025-08-25 20:46:56 [main] INFO  demoqaBase - ✅ Clicked on Modal Dialogs|Large Modal...
2025-08-25 20:46:56 [main] INFO  demoqaBase - Page Title is: Large Modal
2025-08-25 20:46:56 [main] INFO  demoqaBase - Large Modal Body Contains: Lorem Ipsum is simply dummy text of the printing and typesetting industry. Lorem Ipsum has been the industry's standard dummy text ever since the 1500s, when an unknown printer took a galley of type and scrambled it to make a type specimen book. It has survived not only five centuries, but also the leap into electronic typesetting, remaining essentially unchanged. It was popularised in the 1960s with the release of Letraset sheets containing Lorem Ipsum passages, and more recently with desktop publishing software like Aldus PageMaker including versions of Lorem Ipsum.
2025-08-25 20:46:56 [main] INFO  demoqaBase -  Alerts, Frames & Windows|Modal Dialogs|Large Modal click Test Completed...
]]></system-out>
  </testcase>
  <testcase name="ClickSmallModal" classname="tests.AlertsFramesWindowsTests" time="0.549">
    <system-out><![CDATA[2025-08-25 20:46:56 [main] INFO  demoqaBase - Closing the Browser...
2025-08-25 20:46:56 [main] INFO  demoqaBase - Starting Web Browser...
2025-08-25 20:46:57 [main] INFO  demoqaBase - Navigating to demoqa.com Website
2025-08-25 20:47:08 [main] INFO  RetryUrlAccess - Successfully navigated to: https://demoqa.com
2025-08-25 20:47:08 [main] INFO  demoqaBase - Starting Test Alerts, Frames & Windows|Modal Dialogs|Small Modal...
2025-08-25 20:47:08 [main] INFO  demoqaBase - Accessing Alerts, Frame & Windows Card...
Declared Instance WebDriverWait: org.openqa.selenium.support.ui.WebDriverWait@6a8a551e
2025-08-25 20:47:08 [main] INFO  demoqaLog - Clicking on Alert Frame & Windows Card...
2025-08-25 20:47:08 [main] INFO  demoqaLog - Clicked on on Alert Frame & Windows Card...
Title of this Page is: DEMOQA
You can now access: Alerts, Frame & Windows
2025-08-25 20:47:08 [main] INFO  demoqaBase - Page: Alerts, Frame & Windows Card...
2025-08-25 20:47:08 [main] INFO  demoqaBase - 🔍 Starting test for Frames|Modal Dialogs click ..
2025-08-25 20:47:08 [main] INFO  demoqaBase - ✅ Clicked on Modal Dialogs...
2025-08-25 20:47:08 [main] INFO  demoqaBase - Page Title is: Modal Dialogs
2025-08-25 20:47:08 [main] INFO  demoqaBase - 🔍 Starting test for Frames|Modal Dialogs|Small Modal click...
2025-08-25 20:47:08 [main] INFO  demoqaBase - ✅ Clicked on Modal Dialogs|Small Modal...
2025-08-25 20:47:08 [main] INFO  demoqaBase - Page Title is: Small Modal
2025-08-25 20:47:08 [main] INFO  demoqaBase - Small Modal Body Contains: This is a small modal. It has very less content
2025-08-25 20:47:08 [main] INFO  demoqaBase -  Alerts, Frames & Windows|Modal Dialogs|Small Modal click Test Completed...
]]></system-out>
  </testcase>
  <testcase name="GetParentFrame" classname="tests.AlertsFramesWindowsTests" time="0.576">
    <system-out><![CDATA[2025-08-25 20:47:08 [main] INFO  demoqaBase - Closing the Browser...
2025-08-25 20:47:09 [main] INFO  demoqaBase - Starting Web Browser...
2025-08-25 20:47:10 [main] INFO  demoqaBase - Navigating to demoqa.com Website
2025-08-25 20:47:18 [main] INFO  RetryUrlAccess - Successfully navigated to: https://demoqa.com
2025-08-25 20:47:18 [main] INFO  demoqaBase - Starting Test Alerts, Frames & Windows|Frames|Parent Frame message...
2025-08-25 20:47:18 [main] INFO  demoqaBase - Accessing Alerts, Frame & Windows Card...
Declared Instance WebDriverWait: org.openqa.selenium.support.ui.WebDriverWait@3ccb12d
2025-08-25 20:47:18 [main] INFO  demoqaLog - Clicking on Alert Frame & Windows Card...
2025-08-25 20:47:19 [main] INFO  demoqaLog - Clicked on on Alert Frame & Windows Card...
Title of this Page is: DEMOQA
You can now access: Alerts, Frame & Windows
2025-08-25 20:47:19 [main] INFO  demoqaBase - Page: Alerts, Frame & Windows Card...
2025-08-25 20:47:19 [main] INFO  demoqaBase - 🔍 Starting test for Frames|Nested Frames click ..
2025-08-25 20:47:19 [main] INFO  demoqaBase - ✅ Clicked on Nested Frames...
2025-08-25 20:47:19 [main] INFO  demoqaBase - Page Title is: Nested Frames
2025-08-25 20:47:19 [main] INFO  demoqaBase - 🔍 Starting test for Frames|Parent Frame Message...
2025-08-25 20:47:19 [main] INFO  demoqaBase - After switching, frame body contains: [Parent frame]
2025-08-25 20:47:19 [main] INFO  demoqaBase -  Alerts, Frames & Windows|Frames|Parent Frame message Test Completed...
]]></system-out>
  </testcase>
  <testcase name="GetChildFrame" classname="tests.AlertsFramesWindowsTests" time="0.569">
    <system-out><![CDATA[2025-08-25 20:47:19 [main] INFO  demoqaBase - Closing the Browser...
2025-08-25 20:47:19 [main] INFO  demoqaBase - Starting Web Browser...
2025-08-25 20:47:21 [main] INFO  demoqaBase - Navigating to demoqa.com Website
2025-08-25 20:47:26 [main] INFO  RetryUrlAccess - Successfully navigated to: https://demoqa.com
2025-08-25 20:47:26 [main] INFO  demoqaBase - Starting Test Alerts, Frames & Windows|Frames|Child Frame message...
2025-08-25 20:47:26 [main] INFO  demoqaBase - Accessing Alerts, Frame & Windows Card...
Declared Instance WebDriverWait: org.openqa.selenium.support.ui.WebDriverWait@26bb92e2
2025-08-25 20:47:26 [main] INFO  demoqaLog - Clicking on Alert Frame & Windows Card...
2025-08-25 20:47:26 [main] INFO  demoqaLog - Clicked on on Alert Frame & Windows Card...
Title of this Page is: DEMOQA
You can now access: Alerts, Frame & Windows
2025-08-25 20:47:26 [main] INFO  demoqaBase - Page: Alerts, Frame & Windows Card...
2025-08-25 20:47:26 [main] INFO  demoqaBase - 🔍 Starting test for Frames|Nested Frames click ..
2025-08-25 20:47:26 [main] INFO  demoqaBase - ✅ Clicked on Nested Frames...
2025-08-25 20:47:26 [main] INFO  demoqaBase - Page Title is: Nested Frames
2025-08-25 20:47:26 [main] INFO  demoqaBase - 🔍 Starting test for Frames|Child Frame Message...
2025-08-25 20:47:26 [main] INFO  demoqaBase - After switching, frame body contains: [Child Iframe]
2025-08-25 20:47:26 [main] INFO  demoqaBase -  Alerts, Frames & Windows|Frames|Child Frame message Test Completed...
]]></system-out>
  </testcase>
  <testcase name="ElementsCard" classname="tests.ElementsTests" time="1.002">
    <system-out><![CDATA[2025-08-25 20:47:26 [main] INFO  demoqaBase - Closing the Browser...
2025-08-25 20:47:27 [main] INFO  demoqaBase - Starting Web Browser...
2025-08-25 20:47:28 [main] INFO  demoqaBase - Navigating to demoqa.com Website
2025-08-25 20:47:45 [main] INFO  RetryUrlAccess - Successfully navigated to: https://demoqa.com
2025-08-25 20:47:45 [main] INFO  demoqaBase - Starting Test Elements | Text Box Test...
Instance Variables Declared are: nullnull
2025-08-25 20:47:45 [main] INFO  demoqaBase - Accessing Elements Card...
2025-08-25 20:47:45 [main] INFO  RetryUrlAccess - Successfully navigated to: https://demoqa.com
2025-08-25 20:47:45 [main] INFO  demoqaLog - Clicking on Elements Card...
2025-08-25 20:47:45 [main] WARN  demoqaLog - ⚠️ JS click failed, falling back to native click.
2025-08-25 20:47:46 [main] INFO  demoqaLog - Clicked on Elements Card...
Title of this Page is: DEMOQA
You can now Access: Elements
 
Page Text is: Please select an item from left to start practice.
Title of this Page is: DEMOQA
2025-08-25 20:47:46 [main] INFO  demoqaBase - Element Card Test Completed...
]]></system-out>
  </testcase>
  <testcase name="TextBox" classname="tests.ElementsTests" time="2.571">
    <system-out><![CDATA[2025-08-25 20:47:46 [main] INFO  demoqaBase - Closing the Browser...
2025-08-25 20:47:46 [main] INFO  demoqaBase - Starting Web Browser...
2025-08-25 20:47:47 [main] INFO  demoqaBase - Navigating to demoqa.com Website
2025-08-25 20:47:57 [main] INFO  RetryUrlAccess - Successfully navigated to: https://demoqa.com
2025-08-25 20:47:57 [main] INFO  demoqaBase - Starting Test Elements | Text Box Test...
Instance Variables Declared are: nullnull
2025-08-25 20:47:57 [main] INFO  demoqaBase - Accessing Elements Card...
2025-08-25 20:47:58 [main] INFO  RetryUrlAccess - Successfully navigated to: https://demoqa.com
2025-08-25 20:47:58 [main] INFO  demoqaLog - Clicking on Elements Card...
2025-08-25 20:47:58 [main] WARN  demoqaLog - ⚠️ JS click failed, falling back to native click.
2025-08-25 20:47:58 [main] INFO  demoqaLog - Clicked on Elements Card...
Title of this Page is: DEMOQA
You can now Access: Elements
 
Page Text is: Please select an item from left to start practice.
2025-08-25 20:47:58 [main] INFO  demoqaBase - Accessing Text Box...
Text Box
2025-08-25 20:47:59 [main] INFO  demoqaBase - You are accessing: Text Box
2025-08-25 20:47:59 [main] INFO  demoqaBase - Title of this Page is: DEMOQA
2025-08-25 20:47:59 [main] INFO  demoqaBase - Entering Full Name...
2025-08-25 20:47:59 [main] INFO  demoqaBase - Full Name is: John Rambo
2025-08-25 20:47:59 [main] INFO  demoqaBase - Entering Email Address...
2025-08-25 20:47:59 [main] INFO  demoqaBase - Email Address is: JRambo@demoqa.com
2025-08-25 20:47:59 [main] INFO  demoqaBase - Entering Current Address...
2025-08-25 20:47:59 [main] INFO  demoqaBase - Current Address is: 511 Grant 481, Prattsville
 Arkansas 72129
 United States
2025-08-25 20:47:59 [main] INFO  demoqaBase - Entering Permanent Address...
2025-08-25 20:48:00 [main] INFO  demoqaBase - Parmenant Address is: 579 Grant 3381, Prattsville
 Arkansas 72100
 United States
2025-08-25 20:48:00 [main] INFO  demoqaBase - Clicking on Submit Button...
2025-08-25 20:48:00 [main] INFO  demoqaBase - Clicked Submit Button...
Information Submitted is: Name:John Rambo
Email:JRambo@demoqa.com
Current Address :511 Grant 481, Prattsville Arkansas 72129 United States
Permananet Address :579 Grant 3381, Prattsville Arkansas 72100 United States
2025-08-25 20:48:00 [main] INFO  demoqaBase - Text Box Element Test Completed...
]]></system-out>
  </testcase>
  <testcase name="CheckBox" classname="tests.ElementsTests" time="1.22">
    <system-out><![CDATA[Path for Screenshot is: C:\ASN\eclipse_workspace\demoqa-automation/screenshots/TextBox Passed+2025-08-25_20-48-00.png
2025-08-25 20:48:00 [main] INFO  demoqaBase - Closing the Browser...
2025-08-25 20:48:00 [main] INFO  demoqaBase - Starting Web Browser...
2025-08-25 20:48:01 [main] INFO  demoqaBase - Navigating to demoqa.com Website
2025-08-25 20:48:11 [main] INFO  RetryUrlAccess - Successfully navigated to: https://demoqa.com
2025-08-25 20:48:11 [main] INFO  demoqaBase - Starting Test Elements | Check Box Test...
Instance Variables Declared are: nullnull
2025-08-25 20:48:11 [main] INFO  demoqaBase - Accessing Elements Card...
2025-08-25 20:48:12 [main] INFO  RetryUrlAccess - Successfully navigated to: https://demoqa.com
2025-08-25 20:48:12 [main] INFO  demoqaLog - Clicking on Elements Card...
2025-08-25 20:48:12 [main] WARN  demoqaLog - ⚠️ JS click failed, falling back to native click.
2025-08-25 20:48:12 [main] INFO  demoqaLog - Clicked on Elements Card...
Title of this Page is: DEMOQA
You can now Access: Elements
 
Page Text is: Please select an item from left to start practice.
2025-08-25 20:48:12 [main] INFO  demoqaBase - Accessing Check Box...
Check Box
2025-08-25 20:48:12 [main] INFO  demoqaBase - You are accessing: Check Box
2025-08-25 20:48:13 [main] INFO  demoqaBase - Test Elements | Check Box Test Test Completed...
]]></system-out>
  </testcase>
  <testcase name="SelectingHomeCheckBox" classname="tests.ElementsTests" time="1.354">
    <system-out><![CDATA[2025-08-25 20:48:13 [main] INFO  demoqaBase - Closing the Browser...
2025-08-25 20:48:13 [main] INFO  demoqaBase - Starting Web Browser...
2025-08-25 20:48:14 [main] INFO  demoqaBase - Navigating to demoqa.com Website
2025-08-25 20:48:25 [main] INFO  RetryUrlAccess - Successfully navigated to: https://demoqa.com
2025-08-25 20:48:25 [main] INFO  demoqaBase - Starting Test Elements | Selecting Home Check Box Test...
Instance Variables Declared are: nullnull
2025-08-25 20:48:25 [main] INFO  demoqaBase - Accessing Elements Card...
2025-08-25 20:48:26 [main] INFO  RetryUrlAccess - Successfully navigated to: https://demoqa.com
2025-08-25 20:48:26 [main] INFO  demoqaLog - Clicking on Elements Card...
2025-08-25 20:48:26 [main] WARN  demoqaLog - ⚠️ JS click failed, falling back to native click.
2025-08-25 20:48:26 [main] INFO  demoqaLog - Clicked on Elements Card...
Title of this Page is: DEMOQA
You can now Access: Elements
 
Page Text is: Please select an item from left to start practice.
2025-08-25 20:48:26 [main] INFO  demoqaBase - Accessing Check Box...
Check Box
2025-08-25 20:48:26 [main] INFO  demoqaBase - You are accessing: Check Box
2025-08-25 20:48:26 [main] INFO  demoqaBase - Selecting Home Check Box...
Information Submitted is: You have selected :
home
desktop
notes
commands
documents
workspace
react
angular
veu
office
public
private
classified
general
downloads
wordFile
excelFile
2025-08-25 20:48:27 [main] INFO  demoqaBase - You have Selected: You have selected :
home
desktop
notes
commands
documents
workspace
react
angular
veu
office
public
private
classified
general
downloads
wordFile
excelFile
2025-08-25 20:48:27 [main] INFO  demoqaBase - Elements | Selecting Home Test Completed...
]]></system-out>
  </testcase>
  <testcase name="SelectingDesktopCheckBox" classname="tests.ElementsTests" time="1.565">
    <system-out><![CDATA[2025-08-25 20:48:27 [main] INFO  demoqaBase - Closing the Browser...
2025-08-25 20:48:27 [main] INFO  demoqaBase - Starting Web Browser...
2025-08-25 20:48:28 [main] INFO  demoqaBase - Navigating to demoqa.com Website
2025-08-25 20:48:33 [main] INFO  RetryUrlAccess - Successfully navigated to: https://demoqa.com
2025-08-25 20:48:33 [main] INFO  demoqaBase - Starting Test Elements | Selecting Desktop Check Box Test...
Instance Variables Declared are: nullnull
2025-08-25 20:48:33 [main] INFO  demoqaBase - Accessing Elements Card...
2025-08-25 20:48:33 [main] INFO  RetryUrlAccess - Successfully navigated to: https://demoqa.com
2025-08-25 20:48:33 [main] INFO  demoqaLog - Clicking on Elements Card...
2025-08-25 20:48:33 [main] WARN  demoqaLog - ⚠️ JS click failed, falling back to native click.
2025-08-25 20:48:34 [main] INFO  demoqaLog - Clicked on Elements Card...
Title of this Page is: DEMOQA
You can now Access: Elements
 
Page Text is: Please select an item from left to start practice.
2025-08-25 20:48:34 [main] INFO  demoqaBase - Accessing Check Box...
Check Box
2025-08-25 20:48:34 [main] INFO  demoqaBase - You are accessing: Check Box
2025-08-25 20:48:34 [main] INFO  demoqaBase - Clicking on Home Toggle Button...
2025-08-25 20:48:34 [main] INFO  demoqaBase - Selecting Deskstop Check Box...
Information Submitted is: You have selected :
desktop
notes
commands
2025-08-25 20:48:34 [main] INFO  demoqaBase - You have Selected: You have selected :
desktop
notes
commands
2025-08-25 20:48:34 [main] INFO  demoqaBase - Elements | Home | Desktop Test Completed...
]]></system-out>
  </testcase>
  <testcase name="SelectingNotesCommandsClick" classname="tests.ElementsTests" time="1.763">
    <system-out><![CDATA[2025-08-25 20:48:34 [main] INFO  demoqaBase - Closing the Browser...
2025-08-25 20:48:35 [main] INFO  demoqaBase - Starting Web Browser...
2025-08-25 20:48:36 [main] INFO  demoqaBase - Navigating to demoqa.com Website
2025-08-25 20:48:46 [main] INFO  RetryUrlAccess - Successfully navigated to: https://demoqa.com
2025-08-25 20:48:46 [main] INFO  demoqaBase - Starting Test Elements | Selecting Desktop| Notes & Commands Check Box Test...
Instance Variables Declared are: nullnull
2025-08-25 20:48:46 [main] INFO  demoqaBase - Accessing Elements Card...
2025-08-25 20:48:47 [main] INFO  RetryUrlAccess - Successfully navigated to: https://demoqa.com
2025-08-25 20:48:47 [main] INFO  demoqaLog - Clicking on Elements Card...
2025-08-25 20:48:47 [main] WARN  demoqaLog - ⚠️ JS click failed, falling back to native click.
2025-08-25 20:48:47 [main] INFO  demoqaLog - Clicked on Elements Card...
Title of this Page is: DEMOQA
You can now Access: Elements
 
Page Text is: Please select an item from left to start practice.
2025-08-25 20:48:47 [main] INFO  demoqaBase - Accessing Check Box...
Check Box
2025-08-25 20:48:47 [main] INFO  demoqaBase - You are accessing: Check Box
2025-08-25 20:48:47 [main] INFO  demoqaBase - Clicking on Home Toggle Button...
2025-08-25 20:48:47 [main] INFO  demoqaBase - Clicking on Desktop Toggle Button...
2025-08-25 20:48:48 [main] INFO  demoqaBase - Clicking on Notes Button...
2025-08-25 20:48:48 [main] INFO  demoqaBase - Clicking on Commands Button...
2025-08-25 20:48:48 [main] INFO  demoqaBase - Selected Notes & Commands...
Information Submitted is: You have selected :
desktop
notes
commands
2025-08-25 20:48:48 [main] INFO  demoqaBase - You have Selected: You have selected :
desktop
notes
commands
2025-08-25 20:48:48 [main] INFO  demoqaBase - Elements | Home | Desktop | Notes & Commands Completed...
]]></system-out>
  </testcase>
  <testcase name="SelectingDocumentsCheckBox" classname="tests.ElementsTests" time="1.462">
    <system-out><![CDATA[2025-08-25 20:48:48 [main] INFO  demoqaBase - Closing the Browser...
2025-08-25 20:48:48 [main] INFO  demoqaBase - Starting Web Browser...
2025-08-25 20:48:49 [main] INFO  demoqaBase - Navigating to demoqa.com Website
2025-08-25 20:49:00 [main] INFO  RetryUrlAccess - Successfully navigated to: https://demoqa.com
2025-08-25 20:49:00 [main] INFO  demoqaBase - Starting Test Elements | Selecting Documents Check Box Test...
Instance Variables Declared are: nullnull
2025-08-25 20:49:00 [main] INFO  demoqaBase - Accessing Elements Card...
2025-08-25 20:49:01 [main] INFO  RetryUrlAccess - Successfully navigated to: https://demoqa.com
2025-08-25 20:49:01 [main] INFO  demoqaLog - Clicking on Elements Card...
2025-08-25 20:49:01 [main] WARN  demoqaLog - ⚠️ JS click failed, falling back to native click.
2025-08-25 20:49:01 [main] INFO  demoqaLog - Clicked on Elements Card...
Title of this Page is: DEMOQA
You can now Access: Elements
 
Page Text is: Please select an item from left to start practice.
2025-08-25 20:49:01 [main] INFO  demoqaBase - Accessing Check Box...
Check Box
2025-08-25 20:49:01 [main] INFO  demoqaBase - You are accessing: Check Box
2025-08-25 20:49:01 [main] INFO  demoqaBase - Clicking on Home Toggle Button...
2025-08-25 20:49:01 [main] INFO  demoqaBase - Selecting Documents Check Box...
2025-08-25 20:49:01 [main] INFO  demoqaBase - Selected Documents Check Box...
Information Submitted is: You have selected :
documents
workspace
react
angular
veu
office
public
private
classified
general
2025-08-25 20:49:02 [main] INFO  demoqaBase - You have Selected: You have selected :
documents
workspace
react
angular
veu
office
public
private
classified
general
2025-08-25 20:49:02 [main] INFO  demoqaBase - Test Elements | Selecting Documents Check Box Test Completed...
]]></system-out>
  </testcase>
  <testcase name="SelectingWorkSpace" classname="tests.ElementsTests" time="1.793">
    <system-out><![CDATA[2025-08-25 20:49:02 [main] INFO  demoqaBase - Closing the Browser...
2025-08-25 20:49:02 [main] INFO  demoqaBase - Starting Web Browser...
2025-08-25 20:49:03 [main] INFO  demoqaBase - Navigating to demoqa.com Website
2025-08-25 20:49:14 [main] INFO  RetryUrlAccess - Successfully navigated to: https://demoqa.com
2025-08-25 20:49:14 [main] INFO  demoqaBase - Starting Test Elements | Home | Selecting Documents | WorkSpace Check Box Test...
Instance Variables Declared are: nullnull
2025-08-25 20:49:14 [main] INFO  demoqaBase - Accessing Elements Card...
2025-08-25 20:49:14 [main] INFO  RetryUrlAccess - Successfully navigated to: https://demoqa.com
2025-08-25 20:49:14 [main] INFO  demoqaLog - Clicking on Elements Card...
2025-08-25 20:49:14 [main] WARN  demoqaLog - ⚠️ JS click failed, falling back to native click.
2025-08-25 20:49:14 [main] INFO  demoqaLog - Clicked on Elements Card...
Title of this Page is: DEMOQA
You can now Access: Elements
 
Page Text is: Please select an item from left to start practice.
2025-08-25 20:49:14 [main] INFO  demoqaBase - Accessing Check Box...
Check Box
2025-08-25 20:49:15 [main] INFO  demoqaBase - You are accessing: Check Box
2025-08-25 20:49:15 [main] INFO  demoqaBase - Clicking on Home Toggle Button...
2025-08-25 20:49:15 [main] INFO  demoqaBase - Clicking on Documents Toggle Button...
2025-08-25 20:49:15 [main] INFO  demoqaBase - Selecting WorkSpace Check Box...
2025-08-25 20:49:15 [main] INFO  demoqaBase - Selected WorkSpace Check Box...
Information Submitted is: You have selected :
workspace
react
angular
veu
2025-08-25 20:49:15 [main] INFO  demoqaBase - You have Selected: You have selected :
workspace
react
angular
veu
2025-08-25 20:49:15 [main] INFO  demoqaBase - Test Elements | Home | Selecting Documents | WorkSpace Check Box Completed...
]]></system-out>
  </testcase>
  <testcase name="SelectReact" classname="tests.ElementsTests" time="1.721">
    <system-out><![CDATA[2025-08-25 20:49:15 [main] INFO  demoqaBase - Closing the Browser...
2025-08-25 20:49:16 [main] INFO  demoqaBase - Starting Web Browser...
2025-08-25 20:49:17 [main] INFO  demoqaBase - Navigating to demoqa.com Website
2025-08-25 20:49:22 [main] INFO  RetryUrlAccess - Successfully navigated to: https://demoqa.com
2025-08-25 20:49:22 [main] INFO  demoqaBase - Starting Test Elements|Home|Selecting Documents|WorkSpace|React Check Box Test...
Instance Variables Declared are: nullnull
2025-08-25 20:49:22 [main] INFO  demoqaBase - Accessing Elements Card...
2025-08-25 20:49:22 [main] INFO  RetryUrlAccess - Successfully navigated to: https://demoqa.com
2025-08-25 20:49:22 [main] INFO  demoqaLog - Clicking on Elements Card...
2025-08-25 20:49:22 [main] WARN  demoqaLog - ⚠️ JS click failed, falling back to native click.
2025-08-25 20:49:22 [main] INFO  demoqaLog - Clicked on Elements Card...
Title of this Page is: DEMOQA
You can now Access: Elements
 
Page Text is: Please select an item from left to start practice.
2025-08-25 20:49:22 [main] INFO  demoqaBase - Accessing Check Box...
Check Box
2025-08-25 20:49:23 [main] INFO  demoqaBase - You are accessing: Check Box
2025-08-25 20:49:23 [main] INFO  demoqaBase - Clicking on Home Toggle Button...
2025-08-25 20:49:23 [main] INFO  demoqaBase - Clicking on Documents Toggle Button...
2025-08-25 20:49:23 [main] INFO  demoqaBase - Clicking WorkSpace Toggle Button...
2025-08-25 20:49:23 [main] INFO  demoqaBase - Clicked WorkSpace Toggle Button...
2025-08-25 20:49:23 [main] INFO  demoqaBase - Selecting WorkSpace | React Check Box...
2025-08-25 20:49:23 [main] INFO  demoqaBase - Selected WorkSpace | React Check Box...
Information Submitted is: You have selected :
react
2025-08-25 20:49:23 [main] INFO  demoqaBase - You have Selected: You have selected :
react
2025-08-25 20:49:23 [main] INFO  demoqaBase - Test Elements|Home|Documents| Selecting WorkSpace|React Check Box Completed...
]]></system-out>
  </testcase>
  <testcase name="SelectAngular" classname="tests.ElementsTests" time="1.642">
    <system-out><![CDATA[2025-08-25 20:49:23 [main] INFO  demoqaBase - Closing the Browser...
2025-08-25 20:49:24 [main] INFO  demoqaBase - Starting Web Browser...
2025-08-25 20:49:25 [main] INFO  demoqaBase - Navigating to demoqa.com Website
2025-08-25 20:49:29 [main] INFO  RetryUrlAccess - Successfully navigated to: https://demoqa.com
2025-08-25 20:49:29 [main] INFO  demoqaBase - Starting Test Elements|Home|Selecting Documents|WorkSpace|Angular Check Box Test...
Instance Variables Declared are: nullnull
2025-08-25 20:49:29 [main] INFO  demoqaBase - Accessing Elements Card...
2025-08-25 20:49:30 [main] INFO  RetryUrlAccess - Successfully navigated to: https://demoqa.com
2025-08-25 20:49:30 [main] INFO  demoqaLog - Clicking on Elements Card...
2025-08-25 20:49:30 [main] WARN  demoqaLog - ⚠️ JS click failed, falling back to native click.
2025-08-25 20:49:30 [main] INFO  demoqaLog - Clicked on Elements Card...
Title of this Page is: DEMOQA
You can now Access: Elements
 
Page Text is: Please select an item from left to start practice.
2025-08-25 20:49:30 [main] INFO  demoqaBase - Accessing Check Box...
Check Box
2025-08-25 20:49:30 [main] INFO  demoqaBase - You are accessing: Check Box
2025-08-25 20:49:30 [main] INFO  demoqaBase - Clicking on Home Toggle Button...
2025-08-25 20:49:31 [main] INFO  demoqaBase - Clicking on Documents Toggle Button...
2025-08-25 20:49:31 [main] INFO  demoqaBase - Clicking WorkSpace Toggle Button...
2025-08-25 20:49:31 [main] INFO  demoqaBase - Clicked WorkSpace Toggle Button...
2025-08-25 20:49:31 [main] INFO  demoqaBase - Selecting WorkSpace | Angular Check Box...
2025-08-25 20:49:31 [main] INFO  demoqaBase - Selected WorkSpace | Angular Check Box...
Information Submitted is: You have selected :
angular
2025-08-25 20:49:31 [main] INFO  demoqaBase - You have Selected: You have selected :
angular
2025-08-25 20:49:31 [main] INFO  demoqaBase - Test Elements|Home|Documents| Selecting WorkSpace|Angular Check Box Completed...
]]></system-out>
  </testcase>
  <testcase name="SelectVeu" classname="tests.ElementsTests" time="1.652">
    <system-out><![CDATA[2025-08-25 20:49:31 [main] INFO  demoqaBase - Closing the Browser...
2025-08-25 20:49:31 [main] INFO  demoqaBase - Starting Web Browser...
2025-08-25 20:49:33 [main] INFO  demoqaBase - Navigating to demoqa.com Website
2025-08-25 20:49:37 [main] INFO  RetryUrlAccess - Successfully navigated to: https://demoqa.com
2025-08-25 20:49:37 [main] INFO  demoqaBase - Starting Test Elements|Home|Selecting Documents|WorkSpace|Veu Check Box Test...
Instance Variables Declared are: nullnull
2025-08-25 20:49:37 [main] INFO  demoqaBase - Accessing Elements Card...
2025-08-25 20:49:38 [main] INFO  RetryUrlAccess - Successfully navigated to: https://demoqa.com
2025-08-25 20:49:38 [main] INFO  demoqaLog - Clicking on Elements Card...
2025-08-25 20:49:38 [main] WARN  demoqaLog - ⚠️ JS click failed, falling back to native click.
2025-08-25 20:49:38 [main] INFO  demoqaLog - Clicked on Elements Card...
Title of this Page is: DEMOQA
You can now Access: Elements
 
Page Text is: Please select an item from left to start practice.
2025-08-25 20:49:38 [main] INFO  demoqaBase - Accessing Check Box...
Check Box
2025-08-25 20:49:39 [main] INFO  demoqaBase - You are accessing: Check Box
2025-08-25 20:49:39 [main] INFO  demoqaBase - Clicking on Home Toggle Button...
2025-08-25 20:49:39 [main] INFO  demoqaBase - Clicking on Documents Toggle Button...
2025-08-25 20:49:39 [main] INFO  demoqaBase - Clicking WorkSpace Toggle Button...
2025-08-25 20:49:39 [main] INFO  demoqaBase - Clicked WorkSpace Toggle Button...
2025-08-25 20:49:39 [main] INFO  demoqaBase - Selecting WorkSpace | Veu Check Box...
2025-08-25 20:49:39 [main] INFO  demoqaBase - Selected WorkSpace | Veu Check Box...
Information Submitted is: You have selected :
veu
2025-08-25 20:49:39 [main] INFO  demoqaBase - You have Selected: You have selected :
veu
2025-08-25 20:49:39 [main] INFO  demoqaBase - Test Elements|Home|Documents| Selecting WorkSpace|Veu Check Box Completed...
]]></system-out>
  </testcase>
  <testcase name="SelectReactAnuglarVeu" classname="tests.ElementsTests" time="8.194">
    <system-out><![CDATA[2025-08-25 20:49:39 [main] INFO  demoqaBase - Closing the Browser...
2025-08-25 20:49:39 [main] INFO  demoqaBase - Starting Web Browser...
2025-08-25 20:49:40 [main] INFO  demoqaBase - Navigating to demoqa.com Website
2025-08-25 20:49:46 [main] INFO  RetryUrlAccess - Successfully navigated to: https://demoqa.com
2025-08-25 20:49:46 [main] INFO  demoqaBase - Starting Test Elements|Home|Selecting Documents|WorkSpace|React-Anuglar-Veu Check Box Test...
Instance Variables Declared are: nullnull
2025-08-25 20:49:46 [main] INFO  demoqaBase - Accessing Elements Card...
2025-08-25 20:49:53 [main] INFO  RetryUrlAccess - Successfully navigated to: https://demoqa.com
2025-08-25 20:49:53 [main] INFO  demoqaLog - Clicking on Elements Card...
2025-08-25 20:49:53 [main] WARN  demoqaLog - ⚠️ JS click failed, falling back to native click.
2025-08-25 20:49:53 [main] INFO  demoqaLog - Clicked on Elements Card...
Title of this Page is: DEMOQA
You can now Access: Elements
 
Page Text is: Please select an item from left to start practice.
2025-08-25 20:49:53 [main] INFO  demoqaBase - Accessing Check Box...
Check Box
2025-08-25 20:49:53 [main] INFO  demoqaBase - You are accessing: Check Box
2025-08-25 20:49:53 [main] INFO  demoqaBase - Clicking on Home Toggle Button...
2025-08-25 20:49:53 [main] INFO  demoqaBase - Clicking on Documents Toggle Button...
2025-08-25 20:49:54 [main] INFO  demoqaBase - Clicking WorkSpace Toggle Button...
2025-08-25 20:49:54 [main] INFO  demoqaBase - Clicked WorkSpace Toggle Button...
2025-08-25 20:49:54 [main] INFO  demoqaBase - Selecting WorkSpace | React Check Box...
2025-08-25 20:49:54 [main] INFO  demoqaBase - Selected WorkSpace | React Check Box...
2025-08-25 20:49:54 [main] INFO  demoqaBase - Selecting WorkSpace | Angular Check Box...
2025-08-25 20:49:54 [main] INFO  demoqaBase - Selected WorkSpace | Angular Check Box...
2025-08-25 20:49:54 [main] INFO  demoqaBase - Selecting WorkSpace | Veu Check Box...
2025-08-25 20:49:54 [main] INFO  demoqaBase - Selected WorkSpace | Veu Check Box...
Information Submitted is: You have selected :
workspace
react
angular
veu
2025-08-25 20:49:54 [main] INFO  demoqaBase - You have Selected: You have selected :
workspace
react
angular
veu
2025-08-25 20:49:54 [main] INFO  demoqaBase - Test Elements|Home|Documents| Selecting WorkSpace|React-Anuglar-Veu Check Box Completed...
]]></system-out>
  </testcase>
  <testcase name="SelectingOffice" classname="tests.ElementsTests" time="1.631">
    <system-out><![CDATA[2025-08-25 20:49:54 [main] INFO  demoqaBase - Closing the Browser...
2025-08-25 20:49:54 [main] INFO  demoqaBase - Starting Web Browser...
2025-08-25 20:49:55 [main] INFO  demoqaBase - Navigating to demoqa.com Website
2025-08-25 20:50:03 [main] INFO  RetryUrlAccess - Successfully navigated to: https://demoqa.com
2025-08-25 20:50:03 [main] INFO  demoqaBase - Starting Test Elements|Home|Selecting Documents|Office Check Box Test...
Instance Variables Declared are: nullnull
2025-08-25 20:50:03 [main] INFO  demoqaBase - Accessing Elements Card...
2025-08-25 20:50:04 [main] INFO  RetryUrlAccess - Successfully navigated to: https://demoqa.com
2025-08-25 20:50:04 [main] INFO  demoqaLog - Clicking on Elements Card...
2025-08-25 20:50:04 [main] WARN  demoqaLog - ⚠️ JS click failed, falling back to native click.
2025-08-25 20:50:04 [main] INFO  demoqaLog - Clicked on Elements Card...
Title of this Page is: DEMOQA
You can now Access: Elements
 
Page Text is: Please select an item from left to start practice.
2025-08-25 20:50:04 [main] INFO  demoqaBase - Accessing Check Box...
Check Box
2025-08-25 20:50:04 [main] INFO  demoqaBase - You are accessing: Check Box
2025-08-25 20:50:04 [main] INFO  demoqaBase - Clicking on Home Toggle Button...
2025-08-25 20:50:05 [main] INFO  demoqaBase - Clicking on Documents Toggle Button...
2025-08-25 20:50:05 [main] INFO  demoqaBase - Selecting WorkSpace Check Box...
2025-08-25 20:50:05 [main] INFO  demoqaBase - Selected WorkSpace Check Box...
Information Submitted is: You have selected :
office
public
private
classified
general
2025-08-25 20:50:05 [main] INFO  demoqaBase - You have Selected: You have selected :
office
public
private
classified
general
2025-08-25 20:50:05 [main] INFO  demoqaBase - Test Elements|Home|Selecting Documents|Office Check Box Completed...
]]></system-out>
  </testcase>
  <testcase name="SelectPublic" classname="tests.ElementsTests" time="0.281">
    <failure message="no such element: Unable to locate element: {&quot;method&quot;:&quot;xpath&quot;,&quot;selector&quot;:&quot;//div[@class=&apos;category-cards&apos;]//div[1]//div[1]//div[2]//*[name()=&apos;svg&apos;]&quot;}&#10;  (Session info: chrome=137.0.7151.120)&#10;For documentation on this error, please visit: https://www.selenium.dev/documentation/webdriver/troubleshooting/errors#no-such-element-exception&#10;Build info: version: &apos;4.34.0&apos;, revision: &apos;707dcb4246*&apos;&#10;System info: os.name: &apos;Windows 11&apos;, os.arch: &apos;amd64&apos;, os.version: &apos;10.0&apos;, java.version: &apos;21.0.7&apos;&#10;Driver info: org.openqa.selenium.chrome.ChromeDriver&#10;Command: [9c61c706e71ac3127115021648f5da23, findElement {using=xpath, value=//div[@class=&apos;category-cards&apos;]//div[1]//div[1]//div[2]//*[name()=&apos;svg&apos;]}]&#10;Capabilities {acceptInsecureCerts: false, browserName: chrome, browserVersion: 137.0.7151.120, chrome: {chromedriverVersion: 137.0.7151.119 (e0ac9d12dff..., userDataDir: /tmp/chrome-profile-7d16662...}, fedcm:accounts: true, goog:chromeOptions: {debuggerAddress: localhost:52894}, networkConnectionEnabled: false, pageLoadStrategy: normal, platformName: windows, proxy: Proxy(), se:cdp: ws://localhost:52894/devtoo..., se:cdpVersion: 137.0.7151.120, setWindowRect: true, strictFileInteractability: false, timeouts: {implicit: 0, pageLoad: 300000, script: 30000}, unhandledPromptBehavior: dismiss and notify, webauthn:extension:credBlob: true, webauthn:extension:largeBlob: true, webauthn:extension:minPinLength: true, webauthn:extension:prf: true, webauthn:virtualAuthenticators: true}&#10;Session ID: 9c61c706e71ac3127115021648f5da23" type="org.openqa.selenium.NoSuchElementException"><![CDATA[org.openqa.selenium.NoSuchElementException: 
no such element: Unable to locate element: {"method":"xpath","selector":"//div[@class='category-cards']//div[1]//div[1]//div[2]//*[name()='svg']"}
  (Session info: chrome=137.0.7151.120)
For documentation on this error, please visit: https://www.selenium.dev/documentation/webdriver/troubleshooting/errors#no-such-element-exception
Build info: version: '4.34.0', revision: '707dcb4246*'
System info: os.name: 'Windows 11', os.arch: 'amd64', os.version: '10.0', java.version: '21.0.7'
Driver info: org.openqa.selenium.chrome.ChromeDriver
Command: [9c61c706e71ac3127115021648f5da23, findElement {using=xpath, value=//div[@class='category-cards']//div[1]//div[1]//div[2]//*[name()='svg']}]
Capabilities {acceptInsecureCerts: false, browserName: chrome, browserVersion: 137.0.7151.120, chrome: {chromedriverVersion: 137.0.7151.119 (e0ac9d12dff..., userDataDir: /tmp/chrome-profile-7d16662...}, fedcm:accounts: true, goog:chromeOptions: {debuggerAddress: localhost:52894}, networkConnectionEnabled: false, pageLoadStrategy: normal, platformName: windows, proxy: Proxy(), se:cdp: ws://localhost:52894/devtoo..., se:cdpVersion: 137.0.7151.120, setWindowRect: true, strictFileInteractability: false, timeouts: {implicit: 0, pageLoad: 300000, script: 30000}, unhandledPromptBehavior: dismiss and notify, webauthn:extension:credBlob: true, webauthn:extension:largeBlob: true, webauthn:extension:minPinLength: true, webauthn:extension:prf: true, webauthn:virtualAuthenticators: true}
Session ID: 9c61c706e71ac3127115021648f5da23
	at java.base/jdk.internal.reflect.DirectConstructorHandleAccessor.newInstance(DirectConstructorHandleAccessor.java:62)
	at java.base/java.lang.reflect.Constructor.newInstanceWithCaller(Constructor.java:502)
	at java.base/java.lang.reflect.Constructor.newInstance(Constructor.java:486)
	at org.openqa.selenium.remote.ErrorCodec.decode(ErrorCodec.java:167)
	at org.openqa.selenium.remote.codec.w3c.W3CHttpResponseCodec.decode(W3CHttpResponseCodec.java:138)
	at org.openqa.selenium.remote.codec.w3c.W3CHttpResponseCodec.decode(W3CHttpResponseCodec.java:50)
	at org.openqa.selenium.remote.HttpCommandExecutor.execute(HttpCommandExecutor.java:215)
	at org.openqa.selenium.remote.service.DriverCommandExecutor.invokeExecute(DriverCommandExecutor.java:216)
	at org.openqa.selenium.remote.service.DriverCommandExecutor.execute(DriverCommandExecutor.java:174)
	at org.openqa.selenium.remote.RemoteWebDriver.execute(RemoteWebDriver.java:544)
	at org.openqa.selenium.remote.ElementLocation$ElementFinder$2.findElement(ElementLocation.java:165)
	at org.openqa.selenium.remote.ElementLocation.findElement(ElementLocation.java:59)
	at org.openqa.selenium.remote.RemoteWebDriver.findElement(RemoteWebDriver.java:367)
	at org.openqa.selenium.remote.RemoteWebDriver.findElement(RemoteWebDriver.java:361)
	at pages.homePage.clickElementCard(homePage.java:24)
	at pages.elementsPage.accessElements(elementsPage.java:295)
	at tests.ElementsTests.SelectPublic(ElementsTests.java:275)
	at java.base/jdk.internal.reflect.DirectMethodHandleAccessor.invoke(DirectMethodHandleAccessor.java:103)
	at java.base/java.lang.reflect.Method.invoke(Method.java:580)
	at org.testng.internal.invokers.MethodInvocationHelper.invokeMethod(MethodInvocationHelper.java:141)
	at org.testng.internal.invokers.TestInvoker.invokeMethod(TestInvoker.java:687)
	at org.testng.internal.invokers.TestInvoker.invokeTestMethod(TestInvoker.java:230)
	at org.testng.internal.invokers.MethodRunner.runInSequence(MethodRunner.java:63)
	at org.testng.internal.invokers.TestInvoker$MethodInvocationAgent.invoke(TestInvoker.java:995)
	at org.testng.internal.invokers.TestInvoker.invokeTestMethods(TestInvoker.java:203)
	at org.testng.internal.invokers.TestMethodWorker.invokeTestMethods(TestMethodWorker.java:154)
	at org.testng.internal.invokers.TestMethodWorker.run(TestMethodWorker.java:134)
	at java.base/java.util.ArrayList.forEach(ArrayList.java:1596)
	at org.testng.TestRunner.privateRun(TestRunner.java:741)
	at org.testng.TestRunner.run(TestRunner.java:616)
	at org.testng.SuiteRunner.runTest(SuiteRunner.java:421)
	at org.testng.SuiteRunner.runSequentially(SuiteRunner.java:413)
	at org.testng.SuiteRunner.privateRun(SuiteRunner.java:373)
	at org.testng.SuiteRunner.run(SuiteRunner.java:312)
	at org.testng.SuiteRunnerWorker.runSuite(SuiteRunnerWorker.java:52)
	at org.testng.SuiteRunnerWorker.run(SuiteRunnerWorker.java:95)
	at org.testng.TestNG.runSuitesSequentially(TestNG.java:1274)
	at org.testng.TestNG.runSuitesLocally(TestNG.java:1208)
	at org.testng.TestNG.runSuites(TestNG.java:1112)
	at org.testng.TestNG.run(TestNG.java:1079)
	at org.apache.maven.surefire.testng.TestNGExecutor.run(TestNGExecutor.java:155)
	at org.apache.maven.surefire.testng.TestNGDirectoryTestSuite.executeMulti(TestNGDirectoryTestSuite.java:169)
	at org.apache.maven.surefire.testng.TestNGDirectoryTestSuite.execute(TestNGDirectoryTestSuite.java:88)
	at org.apache.maven.surefire.testng.TestNGProvider.invoke(TestNGProvider.java:137)
	at org.apache.maven.surefire.booter.ForkedBooter.runSuitesInProcess(ForkedBooter.java:385)
	at org.apache.maven.surefire.booter.ForkedBooter.execute(ForkedBooter.java:162)
	at org.apache.maven.surefire.booter.ForkedBooter.run(ForkedBooter.java:507)
	at org.apache.maven.surefire.booter.ForkedBooter.main(ForkedBooter.java:495)
]]></failure>
    <system-out><![CDATA[2025-08-25 20:50:05 [main] INFO  demoqaBase - Closing the Browser...
2025-08-25 20:50:05 [main] INFO  demoqaBase - Starting Web Browser...
2025-08-25 20:50:06 [main] INFO  demoqaBase - Navigating to demoqa.com Website
2025-08-25 20:50:35 [main] INFO  RetryUrlAccess - Successfully navigated to: https://demoqa.com
2025-08-25 20:50:35 [main] INFO  demoqaBase - Starting Test Elements|Home|Selecting Documents|Office|Public Check Box Test...
Instance Variables Declared are: nullnull
2025-08-25 20:50:35 [main] INFO  demoqaBase - Accessing Elements Card...
2025-08-25 20:50:35 [main] INFO  RetryUrlAccess - Successfully navigated to: https://demoqa.com
2025-08-25 20:50:35 [main] INFO  demoqaLog - Clicking on Elements Card...
]]></system-out>
  </testcase>
  <testcase name="SelectPrivate" classname="tests.ElementsTests" time="0.283">
    <failure message="no such element: Unable to locate element: {&quot;method&quot;:&quot;xpath&quot;,&quot;selector&quot;:&quot;//div[@class=&apos;category-cards&apos;]//div[1]//div[1]//div[2]//*[name()=&apos;svg&apos;]&quot;}&#10;  (Session info: chrome=137.0.7151.120)&#10;For documentation on this error, please visit: https://www.selenium.dev/documentation/webdriver/troubleshooting/errors#no-such-element-exception&#10;Build info: version: &apos;4.34.0&apos;, revision: &apos;707dcb4246*&apos;&#10;System info: os.name: &apos;Windows 11&apos;, os.arch: &apos;amd64&apos;, os.version: &apos;10.0&apos;, java.version: &apos;21.0.7&apos;&#10;Driver info: org.openqa.selenium.chrome.ChromeDriver&#10;Command: [9b0cdbdbc2065ddadf296d210445c854, findElement {using=xpath, value=//div[@class=&apos;category-cards&apos;]//div[1]//div[1]//div[2]//*[name()=&apos;svg&apos;]}]&#10;Capabilities {acceptInsecureCerts: false, browserName: chrome, browserVersion: 137.0.7151.120, chrome: {chromedriverVersion: 137.0.7151.119 (e0ac9d12dff..., userDataDir: /tmp/chrome-profile-897bd37...}, fedcm:accounts: true, goog:chromeOptions: {debuggerAddress: localhost:53051}, networkConnectionEnabled: false, pageLoadStrategy: normal, platformName: windows, proxy: Proxy(), se:cdp: ws://localhost:53051/devtoo..., se:cdpVersion: 137.0.7151.120, setWindowRect: true, strictFileInteractability: false, timeouts: {implicit: 0, pageLoad: 300000, script: 30000}, unhandledPromptBehavior: dismiss and notify, webauthn:extension:credBlob: true, webauthn:extension:largeBlob: true, webauthn:extension:minPinLength: true, webauthn:extension:prf: true, webauthn:virtualAuthenticators: true}&#10;Session ID: 9b0cdbdbc2065ddadf296d210445c854" type="org.openqa.selenium.NoSuchElementException"><![CDATA[org.openqa.selenium.NoSuchElementException: 
no such element: Unable to locate element: {"method":"xpath","selector":"//div[@class='category-cards']//div[1]//div[1]//div[2]//*[name()='svg']"}
  (Session info: chrome=137.0.7151.120)
For documentation on this error, please visit: https://www.selenium.dev/documentation/webdriver/troubleshooting/errors#no-such-element-exception
Build info: version: '4.34.0', revision: '707dcb4246*'
System info: os.name: 'Windows 11', os.arch: 'amd64', os.version: '10.0', java.version: '21.0.7'
Driver info: org.openqa.selenium.chrome.ChromeDriver
Command: [9b0cdbdbc2065ddadf296d210445c854, findElement {using=xpath, value=//div[@class='category-cards']//div[1]//div[1]//div[2]//*[name()='svg']}]
Capabilities {acceptInsecureCerts: false, browserName: chrome, browserVersion: 137.0.7151.120, chrome: {chromedriverVersion: 137.0.7151.119 (e0ac9d12dff..., userDataDir: /tmp/chrome-profile-897bd37...}, fedcm:accounts: true, goog:chromeOptions: {debuggerAddress: localhost:53051}, networkConnectionEnabled: false, pageLoadStrategy: normal, platformName: windows, proxy: Proxy(), se:cdp: ws://localhost:53051/devtoo..., se:cdpVersion: 137.0.7151.120, setWindowRect: true, strictFileInteractability: false, timeouts: {implicit: 0, pageLoad: 300000, script: 30000}, unhandledPromptBehavior: dismiss and notify, webauthn:extension:credBlob: true, webauthn:extension:largeBlob: true, webauthn:extension:minPinLength: true, webauthn:extension:prf: true, webauthn:virtualAuthenticators: true}
Session ID: 9b0cdbdbc2065ddadf296d210445c854
	at java.base/jdk.internal.reflect.DirectConstructorHandleAccessor.newInstance(DirectConstructorHandleAccessor.java:62)
	at java.base/java.lang.reflect.Constructor.newInstanceWithCaller(Constructor.java:502)
	at java.base/java.lang.reflect.Constructor.newInstance(Constructor.java:486)
	at org.openqa.selenium.remote.ErrorCodec.decode(ErrorCodec.java:167)
	at org.openqa.selenium.remote.codec.w3c.W3CHttpResponseCodec.decode(W3CHttpResponseCodec.java:138)
	at org.openqa.selenium.remote.codec.w3c.W3CHttpResponseCodec.decode(W3CHttpResponseCodec.java:50)
	at org.openqa.selenium.remote.HttpCommandExecutor.execute(HttpCommandExecutor.java:215)
	at org.openqa.selenium.remote.service.DriverCommandExecutor.invokeExecute(DriverCommandExecutor.java:216)
	at org.openqa.selenium.remote.service.DriverCommandExecutor.execute(DriverCommandExecutor.java:174)
	at org.openqa.selenium.remote.RemoteWebDriver.execute(RemoteWebDriver.java:544)
	at org.openqa.selenium.remote.ElementLocation$ElementFinder$2.findElement(ElementLocation.java:165)
	at org.openqa.selenium.remote.ElementLocation.findElement(ElementLocation.java:59)
	at org.openqa.selenium.remote.RemoteWebDriver.findElement(RemoteWebDriver.java:367)
	at org.openqa.selenium.remote.RemoteWebDriver.findElement(RemoteWebDriver.java:361)
	at pages.homePage.clickElementCard(homePage.java:24)
	at pages.elementsPage.accessElements(elementsPage.java:295)
	at tests.ElementsTests.SelectPrivate(ElementsTests.java:292)
	at java.base/jdk.internal.reflect.DirectMethodHandleAccessor.invoke(DirectMethodHandleAccessor.java:103)
	at java.base/java.lang.reflect.Method.invoke(Method.java:580)
	at org.testng.internal.invokers.MethodInvocationHelper.invokeMethod(MethodInvocationHelper.java:141)
	at org.testng.internal.invokers.TestInvoker.invokeMethod(TestInvoker.java:687)
	at org.testng.internal.invokers.TestInvoker.invokeTestMethod(TestInvoker.java:230)
	at org.testng.internal.invokers.MethodRunner.runInSequence(MethodRunner.java:63)
	at org.testng.internal.invokers.TestInvoker$MethodInvocationAgent.invoke(TestInvoker.java:995)
	at org.testng.internal.invokers.TestInvoker.invokeTestMethods(TestInvoker.java:203)
	at org.testng.internal.invokers.TestMethodWorker.invokeTestMethods(TestMethodWorker.java:154)
	at org.testng.internal.invokers.TestMethodWorker.run(TestMethodWorker.java:134)
	at java.base/java.util.ArrayList.forEach(ArrayList.java:1596)
	at org.testng.TestRunner.privateRun(TestRunner.java:741)
	at org.testng.TestRunner.run(TestRunner.java:616)
	at org.testng.SuiteRunner.runTest(SuiteRunner.java:421)
	at org.testng.SuiteRunner.runSequentially(SuiteRunner.java:413)
	at org.testng.SuiteRunner.privateRun(SuiteRunner.java:373)
	at org.testng.SuiteRunner.run(SuiteRunner.java:312)
	at org.testng.SuiteRunnerWorker.runSuite(SuiteRunnerWorker.java:52)
	at org.testng.SuiteRunnerWorker.run(SuiteRunnerWorker.java:95)
	at org.testng.TestNG.runSuitesSequentially(TestNG.java:1274)
	at org.testng.TestNG.runSuitesLocally(TestNG.java:1208)
	at org.testng.TestNG.runSuites(TestNG.java:1112)
	at org.testng.TestNG.run(TestNG.java:1079)
	at org.apache.maven.surefire.testng.TestNGExecutor.run(TestNGExecutor.java:155)
	at org.apache.maven.surefire.testng.TestNGDirectoryTestSuite.executeMulti(TestNGDirectoryTestSuite.java:169)
	at org.apache.maven.surefire.testng.TestNGDirectoryTestSuite.execute(TestNGDirectoryTestSuite.java:88)
	at org.apache.maven.surefire.testng.TestNGProvider.invoke(TestNGProvider.java:137)
	at org.apache.maven.surefire.booter.ForkedBooter.runSuitesInProcess(ForkedBooter.java:385)
	at org.apache.maven.surefire.booter.ForkedBooter.execute(ForkedBooter.java:162)
	at org.apache.maven.surefire.booter.ForkedBooter.run(ForkedBooter.java:507)
	at org.apache.maven.surefire.booter.ForkedBooter.main(ForkedBooter.java:495)
]]></failure>
    <system-out><![CDATA[Path for Screenshot is: C:\ASN\eclipse_workspace\demoqa-automation/screenshots/com.aventstack.extentreports.ExtentTest@25a2f432Test Failed+2025-08-25_20-50-35.png
2025-08-25 20:50:35 [main] INFO  demoqaBase - Closing the Browser...
2025-08-25 20:50:36 [main] INFO  demoqaBase - Starting Web Browser...
2025-08-25 20:50:37 [main] INFO  demoqaBase - Navigating to demoqa.com Website
2025-08-25 20:50:38 [main] INFO  RetryUrlAccess - Successfully navigated to: https://demoqa.com
2025-08-25 20:50:38 [main] INFO  demoqaBase - Starting Test Elements|Home|Selecting Documents|Office|Private Check Box Test...
Instance Variables Declared are: nullnull
2025-08-25 20:50:38 [main] INFO  demoqaBase - Accessing Elements Card...
2025-08-25 20:50:38 [main] INFO  RetryUrlAccess - Successfully navigated to: https://demoqa.com
2025-08-25 20:50:38 [main] INFO  demoqaLog - Clicking on Elements Card...
]]></system-out>
  </testcase>
  <testcase name="SelectClassified" classname="tests.ElementsTests" time="0.257">
    <failure message="no such element: Unable to locate element: {&quot;method&quot;:&quot;xpath&quot;,&quot;selector&quot;:&quot;//div[@class=&apos;category-cards&apos;]//div[1]//div[1]//div[2]//*[name()=&apos;svg&apos;]&quot;}&#10;  (Session info: chrome=137.0.7151.120)&#10;For documentation on this error, please visit: https://www.selenium.dev/documentation/webdriver/troubleshooting/errors#no-such-element-exception&#10;Build info: version: &apos;4.34.0&apos;, revision: &apos;707dcb4246*&apos;&#10;System info: os.name: &apos;Windows 11&apos;, os.arch: &apos;amd64&apos;, os.version: &apos;10.0&apos;, java.version: &apos;21.0.7&apos;&#10;Driver info: org.openqa.selenium.chrome.ChromeDriver&#10;Command: [31f6df1bf276a7e53104fe3afa36d04e, findElement {using=xpath, value=//div[@class=&apos;category-cards&apos;]//div[1]//div[1]//div[2]//*[name()=&apos;svg&apos;]}]&#10;Capabilities {acceptInsecureCerts: false, browserName: chrome, browserVersion: 137.0.7151.120, chrome: {chromedriverVersion: 137.0.7151.119 (e0ac9d12dff..., userDataDir: /tmp/chrome-profile-219164c...}, fedcm:accounts: true, goog:chromeOptions: {debuggerAddress: localhost:53082}, networkConnectionEnabled: false, pageLoadStrategy: normal, platformName: windows, proxy: Proxy(), se:cdp: ws://localhost:53082/devtoo..., se:cdpVersion: 137.0.7151.120, setWindowRect: true, strictFileInteractability: false, timeouts: {implicit: 0, pageLoad: 300000, script: 30000}, unhandledPromptBehavior: dismiss and notify, webauthn:extension:credBlob: true, webauthn:extension:largeBlob: true, webauthn:extension:minPinLength: true, webauthn:extension:prf: true, webauthn:virtualAuthenticators: true}&#10;Session ID: 31f6df1bf276a7e53104fe3afa36d04e" type="org.openqa.selenium.NoSuchElementException"><![CDATA[org.openqa.selenium.NoSuchElementException: 
no such element: Unable to locate element: {"method":"xpath","selector":"//div[@class='category-cards']//div[1]//div[1]//div[2]//*[name()='svg']"}
  (Session info: chrome=137.0.7151.120)
For documentation on this error, please visit: https://www.selenium.dev/documentation/webdriver/troubleshooting/errors#no-such-element-exception
Build info: version: '4.34.0', revision: '707dcb4246*'
System info: os.name: 'Windows 11', os.arch: 'amd64', os.version: '10.0', java.version: '21.0.7'
Driver info: org.openqa.selenium.chrome.ChromeDriver
Command: [31f6df1bf276a7e53104fe3afa36d04e, findElement {using=xpath, value=//div[@class='category-cards']//div[1]//div[1]//div[2]//*[name()='svg']}]
Capabilities {acceptInsecureCerts: false, browserName: chrome, browserVersion: 137.0.7151.120, chrome: {chromedriverVersion: 137.0.7151.119 (e0ac9d12dff..., userDataDir: /tmp/chrome-profile-219164c...}, fedcm:accounts: true, goog:chromeOptions: {debuggerAddress: localhost:53082}, networkConnectionEnabled: false, pageLoadStrategy: normal, platformName: windows, proxy: Proxy(), se:cdp: ws://localhost:53082/devtoo..., se:cdpVersion: 137.0.7151.120, setWindowRect: true, strictFileInteractability: false, timeouts: {implicit: 0, pageLoad: 300000, script: 30000}, unhandledPromptBehavior: dismiss and notify, webauthn:extension:credBlob: true, webauthn:extension:largeBlob: true, webauthn:extension:minPinLength: true, webauthn:extension:prf: true, webauthn:virtualAuthenticators: true}
Session ID: 31f6df1bf276a7e53104fe3afa36d04e
	at java.base/jdk.internal.reflect.DirectConstructorHandleAccessor.newInstance(DirectConstructorHandleAccessor.java:62)
	at java.base/java.lang.reflect.Constructor.newInstanceWithCaller(Constructor.java:502)
	at java.base/java.lang.reflect.Constructor.newInstance(Constructor.java:486)
	at org.openqa.selenium.remote.ErrorCodec.decode(ErrorCodec.java:167)
	at org.openqa.selenium.remote.codec.w3c.W3CHttpResponseCodec.decode(W3CHttpResponseCodec.java:138)
	at org.openqa.selenium.remote.codec.w3c.W3CHttpResponseCodec.decode(W3CHttpResponseCodec.java:50)
	at org.openqa.selenium.remote.HttpCommandExecutor.execute(HttpCommandExecutor.java:215)
	at org.openqa.selenium.remote.service.DriverCommandExecutor.invokeExecute(DriverCommandExecutor.java:216)
	at org.openqa.selenium.remote.service.DriverCommandExecutor.execute(DriverCommandExecutor.java:174)
	at org.openqa.selenium.remote.RemoteWebDriver.execute(RemoteWebDriver.java:544)
	at org.openqa.selenium.remote.ElementLocation$ElementFinder$2.findElement(ElementLocation.java:165)
	at org.openqa.selenium.remote.ElementLocation.findElement(ElementLocation.java:59)
	at org.openqa.selenium.remote.RemoteWebDriver.findElement(RemoteWebDriver.java:367)
	at org.openqa.selenium.remote.RemoteWebDriver.findElement(RemoteWebDriver.java:361)
	at pages.homePage.clickElementCard(homePage.java:24)
	at pages.elementsPage.accessElements(elementsPage.java:295)
	at tests.ElementsTests.SelectClassified(ElementsTests.java:309)
	at java.base/jdk.internal.reflect.DirectMethodHandleAccessor.invoke(DirectMethodHandleAccessor.java:103)
	at java.base/java.lang.reflect.Method.invoke(Method.java:580)
	at org.testng.internal.invokers.MethodInvocationHelper.invokeMethod(MethodInvocationHelper.java:141)
	at org.testng.internal.invokers.TestInvoker.invokeMethod(TestInvoker.java:687)
	at org.testng.internal.invokers.TestInvoker.invokeTestMethod(TestInvoker.java:230)
	at org.testng.internal.invokers.MethodRunner.runInSequence(MethodRunner.java:63)
	at org.testng.internal.invokers.TestInvoker$MethodInvocationAgent.invoke(TestInvoker.java:995)
	at org.testng.internal.invokers.TestInvoker.invokeTestMethods(TestInvoker.java:203)
	at org.testng.internal.invokers.TestMethodWorker.invokeTestMethods(TestMethodWorker.java:154)
	at org.testng.internal.invokers.TestMethodWorker.run(TestMethodWorker.java:134)
	at java.base/java.util.ArrayList.forEach(ArrayList.java:1596)
	at org.testng.TestRunner.privateRun(TestRunner.java:741)
	at org.testng.TestRunner.run(TestRunner.java:616)
	at org.testng.SuiteRunner.runTest(SuiteRunner.java:421)
	at org.testng.SuiteRunner.runSequentially(SuiteRunner.java:413)
	at org.testng.SuiteRunner.privateRun(SuiteRunner.java:373)
	at org.testng.SuiteRunner.run(SuiteRunner.java:312)
	at org.testng.SuiteRunnerWorker.runSuite(SuiteRunnerWorker.java:52)
	at org.testng.SuiteRunnerWorker.run(SuiteRunnerWorker.java:95)
	at org.testng.TestNG.runSuitesSequentially(TestNG.java:1274)
	at org.testng.TestNG.runSuitesLocally(TestNG.java:1208)
	at org.testng.TestNG.runSuites(TestNG.java:1112)
	at org.testng.TestNG.run(TestNG.java:1079)
	at org.apache.maven.surefire.testng.TestNGExecutor.run(TestNGExecutor.java:155)
	at org.apache.maven.surefire.testng.TestNGDirectoryTestSuite.executeMulti(TestNGDirectoryTestSuite.java:169)
	at org.apache.maven.surefire.testng.TestNGDirectoryTestSuite.execute(TestNGDirectoryTestSuite.java:88)
	at org.apache.maven.surefire.testng.TestNGProvider.invoke(TestNGProvider.java:137)
	at org.apache.maven.surefire.booter.ForkedBooter.runSuitesInProcess(ForkedBooter.java:385)
	at org.apache.maven.surefire.booter.ForkedBooter.execute(ForkedBooter.java:162)
	at org.apache.maven.surefire.booter.ForkedBooter.run(ForkedBooter.java:507)
	at org.apache.maven.surefire.booter.ForkedBooter.main(ForkedBooter.java:495)
]]></failure>
    <system-out><![CDATA[Path for Screenshot is: C:\ASN\eclipse_workspace\demoqa-automation/screenshots/com.aventstack.extentreports.ExtentTest@123d0816Test Failed+2025-08-25_20-50-38.png
2025-08-25 20:50:38 [main] INFO  demoqaBase - Closing the Browser...
2025-08-25 20:50:38 [main] INFO  demoqaBase - Starting Web Browser...
2025-08-25 20:50:42 [main] INFO  demoqaBase - Navigating to demoqa.com Website
2025-08-25 20:50:42 [main] INFO  RetryUrlAccess - Successfully navigated to: https://demoqa.com
2025-08-25 20:50:42 [main] INFO  demoqaBase - Starting Test Elements|Home|Selecting Documents|Office|Classified Check Box Test...
Instance Variables Declared are: nullnull
2025-08-25 20:50:42 [main] INFO  demoqaBase - Accessing Elements Card...
2025-08-25 20:50:43 [main] INFO  RetryUrlAccess - Successfully navigated to: https://demoqa.com
2025-08-25 20:50:43 [main] INFO  demoqaLog - Clicking on Elements Card...
]]></system-out>
  </testcase>
  <testcase name="SelectGeneral" classname="tests.ElementsTests" time="0.245">
    <failure message="no such element: Unable to locate element: {&quot;method&quot;:&quot;xpath&quot;,&quot;selector&quot;:&quot;//div[@class=&apos;category-cards&apos;]//div[1]//div[1]//div[2]//*[name()=&apos;svg&apos;]&quot;}&#10;  (Session info: chrome=137.0.7151.120)&#10;For documentation on this error, please visit: https://www.selenium.dev/documentation/webdriver/troubleshooting/errors#no-such-element-exception&#10;Build info: version: &apos;4.34.0&apos;, revision: &apos;707dcb4246*&apos;&#10;System info: os.name: &apos;Windows 11&apos;, os.arch: &apos;amd64&apos;, os.version: &apos;10.0&apos;, java.version: &apos;21.0.7&apos;&#10;Driver info: org.openqa.selenium.chrome.ChromeDriver&#10;Command: [546e0dc8c14297d3ce476280b0b62927, findElement {using=xpath, value=//div[@class=&apos;category-cards&apos;]//div[1]//div[1]//div[2]//*[name()=&apos;svg&apos;]}]&#10;Capabilities {acceptInsecureCerts: false, browserName: chrome, browserVersion: 137.0.7151.120, chrome: {chromedriverVersion: 137.0.7151.119 (e0ac9d12dff..., userDataDir: /tmp/chrome-profile-4a575ca...}, fedcm:accounts: true, goog:chromeOptions: {debuggerAddress: localhost:53112}, networkConnectionEnabled: false, pageLoadStrategy: normal, platformName: windows, proxy: Proxy(), se:cdp: ws://localhost:53112/devtoo..., se:cdpVersion: 137.0.7151.120, setWindowRect: true, strictFileInteractability: false, timeouts: {implicit: 0, pageLoad: 300000, script: 30000}, unhandledPromptBehavior: dismiss and notify, webauthn:extension:credBlob: true, webauthn:extension:largeBlob: true, webauthn:extension:minPinLength: true, webauthn:extension:prf: true, webauthn:virtualAuthenticators: true}&#10;Session ID: 546e0dc8c14297d3ce476280b0b62927" type="org.openqa.selenium.NoSuchElementException"><![CDATA[org.openqa.selenium.NoSuchElementException: 
no such element: Unable to locate element: {"method":"xpath","selector":"//div[@class='category-cards']//div[1]//div[1]//div[2]//*[name()='svg']"}
  (Session info: chrome=137.0.7151.120)
For documentation on this error, please visit: https://www.selenium.dev/documentation/webdriver/troubleshooting/errors#no-such-element-exception
Build info: version: '4.34.0', revision: '707dcb4246*'
System info: os.name: 'Windows 11', os.arch: 'amd64', os.version: '10.0', java.version: '21.0.7'
Driver info: org.openqa.selenium.chrome.ChromeDriver
Command: [546e0dc8c14297d3ce476280b0b62927, findElement {using=xpath, value=//div[@class='category-cards']//div[1]//div[1]//div[2]//*[name()='svg']}]
Capabilities {acceptInsecureCerts: false, browserName: chrome, browserVersion: 137.0.7151.120, chrome: {chromedriverVersion: 137.0.7151.119 (e0ac9d12dff..., userDataDir: /tmp/chrome-profile-4a575ca...}, fedcm:accounts: true, goog:chromeOptions: {debuggerAddress: localhost:53112}, networkConnectionEnabled: false, pageLoadStrategy: normal, platformName: windows, proxy: Proxy(), se:cdp: ws://localhost:53112/devtoo..., se:cdpVersion: 137.0.7151.120, setWindowRect: true, strictFileInteractability: false, timeouts: {implicit: 0, pageLoad: 300000, script: 30000}, unhandledPromptBehavior: dismiss and notify, webauthn:extension:credBlob: true, webauthn:extension:largeBlob: true, webauthn:extension:minPinLength: true, webauthn:extension:prf: true, webauthn:virtualAuthenticators: true}
Session ID: 546e0dc8c14297d3ce476280b0b62927
	at java.base/jdk.internal.reflect.DirectConstructorHandleAccessor.newInstance(DirectConstructorHandleAccessor.java:62)
	at java.base/java.lang.reflect.Constructor.newInstanceWithCaller(Constructor.java:502)
	at java.base/java.lang.reflect.Constructor.newInstance(Constructor.java:486)
	at org.openqa.selenium.remote.ErrorCodec.decode(ErrorCodec.java:167)
	at org.openqa.selenium.remote.codec.w3c.W3CHttpResponseCodec.decode(W3CHttpResponseCodec.java:138)
	at org.openqa.selenium.remote.codec.w3c.W3CHttpResponseCodec.decode(W3CHttpResponseCodec.java:50)
	at org.openqa.selenium.remote.HttpCommandExecutor.execute(HttpCommandExecutor.java:215)
	at org.openqa.selenium.remote.service.DriverCommandExecutor.invokeExecute(DriverCommandExecutor.java:216)
	at org.openqa.selenium.remote.service.DriverCommandExecutor.execute(DriverCommandExecutor.java:174)
	at org.openqa.selenium.remote.RemoteWebDriver.execute(RemoteWebDriver.java:544)
	at org.openqa.selenium.remote.ElementLocation$ElementFinder$2.findElement(ElementLocation.java:165)
	at org.openqa.selenium.remote.ElementLocation.findElement(ElementLocation.java:59)
	at org.openqa.selenium.remote.RemoteWebDriver.findElement(RemoteWebDriver.java:367)
	at org.openqa.selenium.remote.RemoteWebDriver.findElement(RemoteWebDriver.java:361)
	at pages.homePage.clickElementCard(homePage.java:24)
	at pages.elementsPage.accessElements(elementsPage.java:295)
	at tests.ElementsTests.SelectGeneral(ElementsTests.java:326)
	at java.base/jdk.internal.reflect.DirectMethodHandleAccessor.invoke(DirectMethodHandleAccessor.java:103)
	at java.base/java.lang.reflect.Method.invoke(Method.java:580)
	at org.testng.internal.invokers.MethodInvocationHelper.invokeMethod(MethodInvocationHelper.java:141)
	at org.testng.internal.invokers.TestInvoker.invokeMethod(TestInvoker.java:687)
	at org.testng.internal.invokers.TestInvoker.invokeTestMethod(TestInvoker.java:230)
	at org.testng.internal.invokers.MethodRunner.runInSequence(MethodRunner.java:63)
	at org.testng.internal.invokers.TestInvoker$MethodInvocationAgent.invoke(TestInvoker.java:995)
	at org.testng.internal.invokers.TestInvoker.invokeTestMethods(TestInvoker.java:203)
	at org.testng.internal.invokers.TestMethodWorker.invokeTestMethods(TestMethodWorker.java:154)
	at org.testng.internal.invokers.TestMethodWorker.run(TestMethodWorker.java:134)
	at java.base/java.util.ArrayList.forEach(ArrayList.java:1596)
	at org.testng.TestRunner.privateRun(TestRunner.java:741)
	at org.testng.TestRunner.run(TestRunner.java:616)
	at org.testng.SuiteRunner.runTest(SuiteRunner.java:421)
	at org.testng.SuiteRunner.runSequentially(SuiteRunner.java:413)
	at org.testng.SuiteRunner.privateRun(SuiteRunner.java:373)
	at org.testng.SuiteRunner.run(SuiteRunner.java:312)
	at org.testng.SuiteRunnerWorker.runSuite(SuiteRunnerWorker.java:52)
	at org.testng.SuiteRunnerWorker.run(SuiteRunnerWorker.java:95)
	at org.testng.TestNG.runSuitesSequentially(TestNG.java:1274)
	at org.testng.TestNG.runSuitesLocally(TestNG.java:1208)
	at org.testng.TestNG.runSuites(TestNG.java:1112)
	at org.testng.TestNG.run(TestNG.java:1079)
	at org.apache.maven.surefire.testng.TestNGExecutor.run(TestNGExecutor.java:155)
	at org.apache.maven.surefire.testng.TestNGDirectoryTestSuite.executeMulti(TestNGDirectoryTestSuite.java:169)
	at org.apache.maven.surefire.testng.TestNGDirectoryTestSuite.execute(TestNGDirectoryTestSuite.java:88)
	at org.apache.maven.surefire.testng.TestNGProvider.invoke(TestNGProvider.java:137)
	at org.apache.maven.surefire.booter.ForkedBooter.runSuitesInProcess(ForkedBooter.java:385)
	at org.apache.maven.surefire.booter.ForkedBooter.execute(ForkedBooter.java:162)
	at org.apache.maven.surefire.booter.ForkedBooter.run(ForkedBooter.java:507)
	at org.apache.maven.surefire.booter.ForkedBooter.main(ForkedBooter.java:495)
]]></failure>
    <system-out><![CDATA[Path for Screenshot is: C:\ASN\eclipse_workspace\demoqa-automation/screenshots/com.aventstack.extentreports.ExtentTest@5169db2fTest Failed+2025-08-25_20-50-43.png
2025-08-25 20:50:43 [main] INFO  demoqaBase - Closing the Browser...
2025-08-25 20:50:43 [main] INFO  demoqaBase - Starting Web Browser...
2025-08-25 20:50:44 [main] INFO  demoqaBase - Navigating to demoqa.com Website
2025-08-25 20:51:02 [main] INFO  RetryUrlAccess - Successfully navigated to: https://demoqa.com
2025-08-25 20:51:02 [main] INFO  demoqaBase - Starting Test Elements|Home|Selecting Documents|Office|General Check Box Test...
Instance Variables Declared are: nullnull
2025-08-25 20:51:02 [main] INFO  demoqaBase - Accessing Elements Card...
2025-08-25 20:51:02 [main] INFO  RetryUrlAccess - Successfully navigated to: https://demoqa.com
2025-08-25 20:51:02 [main] INFO  demoqaLog - Clicking on Elements Card...
]]></system-out>
  </testcase>
  <testcase name="SelectOfficeAll" classname="tests.ElementsTests" time="1.853">
    <system-out><![CDATA[Path for Screenshot is: C:\ASN\eclipse_workspace\demoqa-automation/screenshots/com.aventstack.extentreports.ExtentTest@4cb91fa4Test Failed+2025-08-25_20-51-02.png
2025-08-25 20:51:02 [main] INFO  demoqaBase - Closing the Browser...
2025-08-25 20:51:03 [main] INFO  demoqaBase - Starting Web Browser...
2025-08-25 20:51:04 [main] INFO  demoqaBase - Navigating to demoqa.com Website
2025-08-25 20:51:34 [main] WARN  RetryUrlAccess - Attempt 1 failed due to retryable error: timeout: timed out receiving message from renderer: 29.086
  (session info: chrome=137.0.7151.120)
build info: version: '4.34.0', revision: '707dcb4246*'
system info: os.name: 'windows 11', os.arch: 'amd64', os.version: '10.0', java.version: '21.0.7'
driver info: org.openqa.selenium.chrome.chromedriver
command: [69e38cdae7890c986a3fa223a420a88e, get {url=https://demoqa.com}]
capabilities {acceptinsecurecerts: false, browsername: chrome, browserversion: 137.0.7151.120, chrome: {chromedriverversion: 137.0.7151.119 (e0ac9d12dff..., userdatadir: /tmp/chrome-profile-be19ba6...}, fedcm:accounts: true, goog:chromeoptions: {debuggeraddress: localhost:53263}, networkconnectionenabled: false, pageloadstrategy: normal, platformname: windows, proxy: proxy(), se:cdp: ws://localhost:53263/devtoo..., se:cdpversion: 137.0.7151.120, setwindowrect: true, strictfileinteractability: false, timeouts: {implicit: 0, pageload: 300000, script: 30000}, unhandledpromptbehavior: dismiss and notify, webauthn:extension:credblob: true, webauthn:extension:largeblob: true, webauthn:extension:minpinlength: true, webauthn:extension:prf: true, webauthn:virtualauthenticators: true}
session id: 69e38cdae7890c986a3fa223a420a88e. Retrying after 3000ms...
2025-08-25 20:51:38 [main] INFO  RetryUrlAccess - Successfully navigated to: https://demoqa.com
2025-08-25 20:51:38 [main] INFO  demoqaBase - Starting Test Elements|Home|Selecting Documents|Office|All Check Boxes Test...
Instance Variables Declared are: nullnull
2025-08-25 20:51:38 [main] INFO  demoqaBase - Accessing Elements Card...
2025-08-25 20:51:38 [main] INFO  RetryUrlAccess - Successfully navigated to: https://demoqa.com
2025-08-25 20:51:38 [main] INFO  demoqaLog - Clicking on Elements Card...
2025-08-25 20:51:38 [main] WARN  demoqaLog - ⚠️ JS click failed, falling back to native click.
2025-08-25 20:51:38 [main] INFO  demoqaLog - Clicked on Elements Card...
Title of this Page is: DEMOQA
You can now Access: Elements
 
Page Text is: Please select an item from left to start practice.
2025-08-25 20:51:39 [main] INFO  demoqaBase - Accessing Check Box...
Check Box
2025-08-25 20:51:39 [main] INFO  demoqaBase - You are accessing: Check Box
2025-08-25 20:51:39 [main] INFO  demoqaBase - Clicking on Home Toggle Button...
2025-08-25 20:51:39 [main] INFO  demoqaBase - Clicking on Documents Toggle Button...
2025-08-25 20:51:39 [main] INFO  demoqaBase - Clicking Office Toggle Button...
2025-08-25 20:51:39 [main] INFO  demoqaBase - Clicked Office Toggle Button...
2025-08-25 20:51:39 [main] INFO  demoqaBase - Selecting Office | Public Check Box...
2025-08-25 20:51:39 [main] INFO  demoqaBase - Selected Office | Public Check Box...
2025-08-25 20:51:39 [main] INFO  demoqaBase - Selecting Office | Private Check Box...
2025-08-25 20:51:39 [main] INFO  demoqaBase - Selected Office | Private Check Box...
2025-08-25 20:51:39 [main] INFO  demoqaBase - Selecting Office | Classified Check Box...
Declared WebDriverWait: org.openqa.selenium.support.ui.WebDriverWait@7c3223aa
2025-08-25 20:51:39 [main] INFO  demoqaBase - Selected Office | Classified Check Box...
2025-08-25 20:51:39 [main] INFO  demoqaBase - Selecting Office | General Check Box...
2025-08-25 20:51:40 [main] INFO  demoqaBase - Selected Office | General Check Box...
Information Submitted is: You have selected :
office
public
private
classified
general
2025-08-25 20:51:40 [main] INFO  demoqaBase - You have Selected: You have selected :
office
public
private
classified
general
2025-08-25 20:51:40 [main] INFO  demoqaBase - Test Elements|Home|Documents|Office|Selecting All Check Boxes Completed...
]]></system-out>
  </testcase>
  <testcase name="SelectingDownloads" classname="tests.ElementsTests" time="1.609">
    <system-out><![CDATA[2025-08-25 20:51:40 [main] INFO  demoqaBase - Closing the Browser...
2025-08-25 20:51:40 [main] INFO  demoqaBase - Starting Web Browser...
2025-08-25 20:51:41 [main] INFO  demoqaBase - Navigating to demoqa.com Website
2025-08-25 20:52:11 [main] WARN  RetryUrlAccess - Attempt 1 failed due to retryable error: timeout: timed out receiving message from renderer: 29.132
  (session info: chrome=137.0.7151.120)
build info: version: '4.34.0', revision: '707dcb4246*'
system info: os.name: 'windows 11', os.arch: 'amd64', os.version: '10.0', java.version: '21.0.7'
driver info: org.openqa.selenium.chrome.chromedriver
command: [7f7138eeb1eb7f8e38d8c28eaa37baba, get {url=https://demoqa.com}]
capabilities {acceptinsecurecerts: false, browsername: chrome, browserversion: 137.0.7151.120, chrome: {chromedriverversion: 137.0.7151.119 (e0ac9d12dff..., userdatadir: /tmp/chrome-profile-7791e1c...}, fedcm:accounts: true, goog:chromeoptions: {debuggeraddress: localhost:53490}, networkconnectionenabled: false, pageloadstrategy: normal, platformname: windows, proxy: proxy(), se:cdp: ws://localhost:53490/devtoo..., se:cdpversion: 137.0.7151.120, setwindowrect: true, strictfileinteractability: false, timeouts: {implicit: 0, pageload: 300000, script: 30000}, unhandledpromptbehavior: dismiss and notify, webauthn:extension:credblob: true, webauthn:extension:largeblob: true, webauthn:extension:minpinlength: true, webauthn:extension:prf: true, webauthn:virtualauthenticators: true}
session id: 7f7138eeb1eb7f8e38d8c28eaa37baba. Retrying after 3000ms...
2025-08-25 20:52:15 [main] INFO  RetryUrlAccess - Successfully navigated to: https://demoqa.com
2025-08-25 20:52:15 [main] INFO  demoqaBase - Starting Test Elements|Home|Selecting Downloads Check Box Test...
Instance Variables Declared are: nullnull
2025-08-25 20:52:15 [main] INFO  demoqaBase - Accessing Elements Card...
2025-08-25 20:52:15 [main] INFO  RetryUrlAccess - Successfully navigated to: https://demoqa.com
2025-08-25 20:52:15 [main] INFO  demoqaLog - Clicking on Elements Card...
2025-08-25 20:52:15 [main] WARN  demoqaLog - ⚠️ JS click failed, falling back to native click.
2025-08-25 20:52:16 [main] INFO  demoqaLog - Clicked on Elements Card...
Title of this Page is: DEMOQA
You can now Access: Elements
 
Page Text is: Please select an item from left to start practice.
2025-08-25 20:52:16 [main] INFO  demoqaBase - Accessing Check Box...
Check Box
2025-08-25 20:52:16 [main] INFO  demoqaBase - You are accessing: Check Box
2025-08-25 20:52:16 [main] INFO  demoqaBase - Clicking on Home Toggle Button...
2025-08-25 20:52:16 [main] INFO  demoqaBase - Selecting Downloads Check Box...
2025-08-25 20:52:16 [main] INFO  demoqaBase - Selected Downloads Check Box...
Information Submitted is: You have selected :
downloads
wordFile
excelFile
2025-08-25 20:52:16 [main] INFO  demoqaBase - You have Selected: You have selected :
downloads
wordFile
excelFile
2025-08-25 20:52:16 [main] INFO  demoqaBase - Test Elements|Home|Selecting Downloads Check Box Completed...
]]></system-out>
  </testcase>
  <testcase name="SelectingWordFile" classname="tests.ElementsTests" time="1.81">
    <system-out><![CDATA[2025-08-25 20:52:16 [main] INFO  demoqaBase - Closing the Browser...
2025-08-25 20:52:17 [main] INFO  demoqaBase - Starting Web Browser...
2025-08-25 20:52:18 [main] INFO  demoqaBase - Navigating to demoqa.com Website
2025-08-25 20:52:48 [main] WARN  RetryUrlAccess - Attempt 1 failed due to retryable error: timeout: timed out receiving message from renderer: 29.081
  (session info: chrome=137.0.7151.120)
build info: version: '4.34.0', revision: '707dcb4246*'
system info: os.name: 'windows 11', os.arch: 'amd64', os.version: '10.0', java.version: '21.0.7'
driver info: org.openqa.selenium.chrome.chromedriver
command: [c40d002c9df2b9bab23bbf179cab8ea2, get {url=https://demoqa.com}]
capabilities {acceptinsecurecerts: false, browsername: chrome, browserversion: 137.0.7151.120, chrome: {chromedriverversion: 137.0.7151.119 (e0ac9d12dff..., userdatadir: /tmp/chrome-profile-f4f95c3...}, fedcm:accounts: true, goog:chromeoptions: {debuggeraddress: localhost:53643}, networkconnectionenabled: false, pageloadstrategy: normal, platformname: windows, proxy: proxy(), se:cdp: ws://localhost:53643/devtoo..., se:cdpversion: 137.0.7151.120, setwindowrect: true, strictfileinteractability: false, timeouts: {implicit: 0, pageload: 300000, script: 30000}, unhandledpromptbehavior: dismiss and notify, webauthn:extension:credblob: true, webauthn:extension:largeblob: true, webauthn:extension:minpinlength: true, webauthn:extension:prf: true, webauthn:virtualauthenticators: true}
session id: c40d002c9df2b9bab23bbf179cab8ea2. Retrying after 3000ms...
2025-08-25 20:52:51 [main] INFO  RetryUrlAccess - Successfully navigated to: https://demoqa.com
2025-08-25 20:52:51 [main] INFO  demoqaBase - Starting Test Elements|Home|Selecting Downloads|Word File Check Box Test...
Instance Variables Declared are: nullnull
2025-08-25 20:52:51 [main] INFO  demoqaBase - Accessing Elements Card...
2025-08-25 20:52:52 [main] INFO  RetryUrlAccess - Successfully navigated to: https://demoqa.com
2025-08-25 20:52:52 [main] INFO  demoqaLog - Clicking on Elements Card...
2025-08-25 20:52:52 [main] WARN  demoqaLog - ⚠️ JS click failed, falling back to native click.
2025-08-25 20:52:52 [main] INFO  demoqaLog - Clicked on Elements Card...
Title of this Page is: DEMOQA
You can now Access: Elements
 
Page Text is: Please select an item from left to start practice.
2025-08-25 20:52:52 [main] INFO  demoqaBase - Accessing Check Box...
Check Box
2025-08-25 20:52:53 [main] INFO  demoqaBase - You are accessing: Check Box
2025-08-25 20:52:53 [main] INFO  demoqaBase - Clicking on Home Toggle Button...
2025-08-25 20:52:53 [main] INFO  demoqaBase - Clicking Downloads Toggle Button...
2025-08-25 20:52:53 [main] INFO  demoqaBase - Clicked Downloads Toggle Button...
2025-08-25 20:52:53 [main] INFO  demoqaBase - Selecting Downloads | Word File Check Box...
2025-08-25 20:52:53 [main] INFO  demoqaBase - Selected Downloads | Word File Check Box...
Information Submitted is: You have selected :
wordFile
2025-08-25 20:52:53 [main] INFO  demoqaBase - You have Selected: You have selected :
wordFile
2025-08-25 20:52:53 [main] INFO  demoqaBase - Test Elements|Home|Selecting Downloads|Word File Check Box Completed...
]]></system-out>
  </testcase>
  <testcase name="SelectingExcelFile" classname="tests.ElementsTests" time="1.506">
    <system-out><![CDATA[2025-08-25 20:52:53 [main] INFO  demoqaBase - Closing the Browser...
2025-08-25 20:52:54 [main] INFO  demoqaBase - Starting Web Browser...
2025-08-25 20:52:55 [main] INFO  demoqaBase - Navigating to demoqa.com Website
2025-08-25 20:53:14 [main] INFO  RetryUrlAccess - Successfully navigated to: https://demoqa.com
2025-08-25 20:53:14 [main] INFO  demoqaBase - Starting Test Elements|Home|Selecting Downloads|Excel File Check Box Test...
Instance Variables Declared are: nullnull
2025-08-25 20:53:14 [main] INFO  demoqaBase - Accessing Elements Card...
2025-08-25 20:53:15 [main] INFO  RetryUrlAccess - Successfully navigated to: https://demoqa.com
2025-08-25 20:53:15 [main] INFO  demoqaLog - Clicking on Elements Card...
2025-08-25 20:53:15 [main] WARN  demoqaLog - ⚠️ JS click failed, falling back to native click.
2025-08-25 20:53:15 [main] INFO  demoqaLog - Clicked on Elements Card...
Title of this Page is: DEMOQA
You can now Access: Elements
 
Page Text is: Please select an item from left to start practice.
2025-08-25 20:53:15 [main] INFO  demoqaBase - Accessing Check Box...
Check Box
2025-08-25 20:53:16 [main] INFO  demoqaBase - You are accessing: Check Box
2025-08-25 20:53:16 [main] INFO  demoqaBase - Clicking on Home Toggle Button...
2025-08-25 20:53:16 [main] INFO  demoqaBase - Clicking Downloads Toggle Button...
2025-08-25 20:53:16 [main] INFO  demoqaBase - Clicked Downloads Toggle Button...
2025-08-25 20:53:16 [main] INFO  demoqaBase - Selecting Downloads | Excel File Check Box...
2025-08-25 20:53:16 [main] INFO  demoqaBase - Selected Downloads | Excel File Check Box...
Information Submitted is: You have selected :
excelFile
2025-08-25 20:53:16 [main] INFO  demoqaBase - You have Selected: You have selected :
excelFile
2025-08-25 20:53:16 [main] INFO  demoqaBase - Test Elements|Home|Selecting Downloads|Excel File Check Box Completed...
]]></system-out>
  </testcase>
  <testcase name="SelectingAllFiles" classname="tests.ElementsTests" time="1.51">
    <system-out><![CDATA[2025-08-25 20:53:16 [main] INFO  demoqaBase - Closing the Browser...
2025-08-25 20:53:16 [main] INFO  demoqaBase - Starting Web Browser...
2025-08-25 20:53:17 [main] INFO  demoqaBase - Navigating to demoqa.com Website
2025-08-25 20:53:47 [main] WARN  RetryUrlAccess - Attempt 1 failed due to retryable error: timeout: timed out receiving message from renderer: 29.126
  (session info: chrome=137.0.7151.120)
build info: version: '4.34.0', revision: '707dcb4246*'
system info: os.name: 'windows 11', os.arch: 'amd64', os.version: '10.0', java.version: '21.0.7'
driver info: org.openqa.selenium.chrome.chromedriver
command: [6e00b52b9960ff8306222f9a1411f346, get {url=https://demoqa.com}]
capabilities {acceptinsecurecerts: false, browsername: chrome, browserversion: 137.0.7151.120, chrome: {chromedriverversion: 137.0.7151.119 (e0ac9d12dff..., userdatadir: /tmp/chrome-profile-e949c59...}, fedcm:accounts: true, goog:chromeoptions: {debuggeraddress: localhost:53982}, networkconnectionenabled: false, pageloadstrategy: normal, platformname: windows, proxy: proxy(), se:cdp: ws://localhost:53982/devtoo..., se:cdpversion: 137.0.7151.120, setwindowrect: true, strictfileinteractability: false, timeouts: {implicit: 0, pageload: 300000, script: 30000}, unhandledpromptbehavior: dismiss and notify, webauthn:extension:credblob: true, webauthn:extension:largeblob: true, webauthn:extension:minpinlength: true, webauthn:extension:prf: true, webauthn:virtualauthenticators: true}
session id: 6e00b52b9960ff8306222f9a1411f346. Retrying after 3000ms...
2025-08-25 20:53:51 [main] INFO  RetryUrlAccess - Successfully navigated to: https://demoqa.com
2025-08-25 20:53:51 [main] INFO  demoqaBase - Starting Test Elements|Home|Selecting Downloads|Word & Excel File Check Boxes Test...
Instance Variables Declared are: nullnull
2025-08-25 20:53:51 [main] INFO  demoqaBase - Accessing Elements Card...
2025-08-25 20:53:52 [main] INFO  RetryUrlAccess - Successfully navigated to: https://demoqa.com
2025-08-25 20:53:52 [main] INFO  demoqaLog - Clicking on Elements Card...
2025-08-25 20:53:52 [main] WARN  demoqaLog - ⚠️ JS click failed, falling back to native click.
2025-08-25 20:53:52 [main] INFO  demoqaLog - Clicked on Elements Card...
Title of this Page is: DEMOQA
You can now Access: Elements
 
Page Text is: Please select an item from left to start practice.
2025-08-25 20:53:52 [main] INFO  demoqaBase - Accessing Check Box...
Check Box
2025-08-25 20:53:52 [main] INFO  demoqaBase - You are accessing: Check Box
2025-08-25 20:53:52 [main] INFO  demoqaBase - Clicking on Home Toggle Button...
2025-08-25 20:53:52 [main] INFO  demoqaBase - Clicking Downloads Toggle Button...
2025-08-25 20:53:52 [main] INFO  demoqaBase - Clicked Downloads Toggle Button...
2025-08-25 20:53:52 [main] INFO  demoqaBase - Selecting Downloads | Word File Check Box...
2025-08-25 20:53:52 [main] INFO  demoqaBase - Selected Downloads | Word File Check Box...
2025-08-25 20:53:52 [main] INFO  demoqaBase - Selecting Downloads | Excel File Check Box...
2025-08-25 20:53:53 [main] INFO  demoqaBase - Selected Downloads | Excel File Check Box...
Information Submitted is: You have selected :
downloads
wordFile
excelFile
2025-08-25 20:53:53 [main] INFO  demoqaBase - You have Selected: You have selected :
downloads
wordFile
excelFile
2025-08-25 20:53:53 [main] INFO  demoqaBase - Test Elements|Home|Selecting Downloads|Word & Excel File Check Boxes Completed...
]]></system-out>
  </testcase>
  <testcase name="clickRadioButton" classname="tests.ElementsTests" time="1.413">
    <system-out><![CDATA[2025-08-25 20:53:53 [main] INFO  demoqaBase - Closing the Browser...
2025-08-25 20:53:53 [main] INFO  demoqaBase - Starting Web Browser...
2025-08-25 20:53:54 [main] INFO  demoqaBase - Navigating to demoqa.com Website
2025-08-25 20:54:24 [main] WARN  RetryUrlAccess - Attempt 1 failed due to retryable error: timeout: timed out receiving message from renderer: 29.163
  (session info: chrome=137.0.7151.120)
build info: version: '4.34.0', revision: '707dcb4246*'
system info: os.name: 'windows 11', os.arch: 'amd64', os.version: '10.0', java.version: '21.0.7'
driver info: org.openqa.selenium.chrome.chromedriver
command: [c1c416701efaff662ad4aab5dfb056bd, get {url=https://demoqa.com}]
capabilities {acceptinsecurecerts: false, browsername: chrome, browserversion: 137.0.7151.120, chrome: {chromedriverversion: 137.0.7151.119 (e0ac9d12dff..., userdatadir: /tmp/chrome-profile-a4fe1c0...}, fedcm:accounts: true, goog:chromeoptions: {debuggeraddress: localhost:54141}, networkconnectionenabled: false, pageloadstrategy: normal, platformname: windows, proxy: proxy(), se:cdp: ws://localhost:54141/devtoo..., se:cdpversion: 137.0.7151.120, setwindowrect: true, strictfileinteractability: false, timeouts: {implicit: 0, pageload: 300000, script: 30000}, unhandledpromptbehavior: dismiss and notify, webauthn:extension:credblob: true, webauthn:extension:largeblob: true, webauthn:extension:minpinlength: true, webauthn:extension:prf: true, webauthn:virtualauthenticators: true}
session id: c1c416701efaff662ad4aab5dfb056bd. Retrying after 3000ms...
2025-08-25 20:54:28 [main] INFO  RetryUrlAccess - Successfully navigated to: https://demoqa.com
2025-08-25 20:54:28 [main] INFO  demoqaBase - Starting Test Elements|Radio Button Test...
Instance Variables Declared are: nullnull
2025-08-25 20:54:28 [main] INFO  demoqaBase - Accessing Elements Card...
2025-08-25 20:54:28 [main] INFO  RetryUrlAccess - Successfully navigated to: https://demoqa.com
2025-08-25 20:54:28 [main] INFO  demoqaLog - Clicking on Elements Card...
2025-08-25 20:54:28 [main] WARN  demoqaLog - ⚠️ JS click failed, falling back to native click.
2025-08-25 20:54:28 [main] INFO  demoqaLog - Clicked on Elements Card...
Title of this Page is: DEMOQA
You can now Access: Elements
 
Page Text is: Please select an item from left to start practice.
2025-08-25 20:54:29 [main] INFO  demoqaBase - Clicking on Radio Button...
2025-08-25 20:54:29 [main] INFO  demoqaBase - Validating Radio Button Click...
Page Title is: Radio Button
2025-08-25 20:54:29 [main] INFO  demoqaBase - Test Elements|Radio Button Completed...
]]></system-out>
  </testcase>
  <testcase name="SelectYesRadioButton" classname="tests.ElementsTests" time="1.162">
    <system-out><![CDATA[2025-08-25 20:54:29 [main] INFO  demoqaBase - Closing the Browser...
2025-08-25 20:54:29 [main] INFO  demoqaBase - Starting Web Browser...
2025-08-25 20:54:31 [main] INFO  demoqaBase - Navigating to demoqa.com Website
2025-08-25 20:55:01 [main] WARN  RetryUrlAccess - Attempt 1 failed due to retryable error: timeout: timed out receiving message from renderer: 29.144
  (session info: chrome=137.0.7151.120)
build info: version: '4.34.0', revision: '707dcb4246*'
system info: os.name: 'windows 11', os.arch: 'amd64', os.version: '10.0', java.version: '21.0.7'
driver info: org.openqa.selenium.chrome.chromedriver
command: [123691341454b54fa2825a3e1329c473, get {url=https://demoqa.com}]
capabilities {acceptinsecurecerts: false, browsername: chrome, browserversion: 137.0.7151.120, chrome: {chromedriverversion: 137.0.7151.119 (e0ac9d12dff..., userdatadir: /tmp/chrome-profile-3d77d26...}, fedcm:accounts: true, goog:chromeoptions: {debuggeraddress: localhost:54301}, networkconnectionenabled: false, pageloadstrategy: normal, platformname: windows, proxy: proxy(), se:cdp: ws://localhost:54301/devtoo..., se:cdpversion: 137.0.7151.120, setwindowrect: true, strictfileinteractability: false, timeouts: {implicit: 0, pageload: 300000, script: 30000}, unhandledpromptbehavior: dismiss and notify, webauthn:extension:credblob: true, webauthn:extension:largeblob: true, webauthn:extension:minpinlength: true, webauthn:extension:prf: true, webauthn:virtualauthenticators: true}
session id: 123691341454b54fa2825a3e1329c473. Retrying after 3000ms...
2025-08-25 20:55:04 [main] INFO  RetryUrlAccess - Successfully navigated to: https://demoqa.com
2025-08-25 20:55:04 [main] INFO  demoqaBase - Starting Test Elements|Yes Radio Button Test...
Instance Variables Declared are: nullnull
2025-08-25 20:55:04 [main] INFO  demoqaBase - Accessing Elements Card...
2025-08-25 20:55:05 [main] INFO  RetryUrlAccess - Successfully navigated to: https://demoqa.com
2025-08-25 20:55:05 [main] INFO  demoqaLog - Clicking on Elements Card...
2025-08-25 20:55:05 [main] WARN  demoqaLog - ⚠️ JS click failed, falling back to native click.
2025-08-25 20:55:05 [main] INFO  demoqaLog - Clicked on Elements Card...
Title of this Page is: DEMOQA
You can now Access: Elements
 
Page Text is: Please select an item from left to start practice.
2025-08-25 20:55:05 [main] INFO  demoqaBase - Clicking on Radio Button...
2025-08-25 20:55:05 [main] INFO  demoqaBase - Selecting on Yes Radio Button...
Declared WebDriverWait: org.openqa.selenium.support.ui.WebDriverWait@23263586
2025-08-25 20:55:05 [main] INFO  demoqaBase - Validating Radio Selection Test Result...
2025-08-25 20:55:05 [main] INFO  demoqaBase - You have selected: Yes
2025-08-25 20:55:05 [main] INFO  demoqaBase - Test Case of Radio Button Selection PASSED...
2025-08-25 20:55:05 [main] INFO  demoqaBase - Test Elements|Yes Radio Button Completed...
]]></system-out>
  </testcase>
  <testcase name="SelectImpressiveRadioButton" classname="tests.ElementsTests" time="1.104">
    <system-out><![CDATA[2025-08-25 20:55:05 [main] INFO  demoqaBase - Closing the Browser...
2025-08-25 20:55:06 [main] INFO  demoqaBase - Starting Web Browser...
2025-08-25 20:55:07 [main] INFO  demoqaBase - Navigating to demoqa.com Website
2025-08-25 20:55:37 [main] WARN  RetryUrlAccess - Attempt 1 failed due to retryable error: timeout: timed out receiving message from renderer: 29.126
  (session info: chrome=137.0.7151.120)
build info: version: '4.34.0', revision: '707dcb4246*'
system info: os.name: 'windows 11', os.arch: 'amd64', os.version: '10.0', java.version: '21.0.7'
driver info: org.openqa.selenium.chrome.chromedriver
command: [15871dc7c37b8e34afa0f94678b948ee, get {url=https://demoqa.com}]
capabilities {acceptinsecurecerts: false, browsername: chrome, browserversion: 137.0.7151.120, chrome: {chromedriverversion: 137.0.7151.119 (e0ac9d12dff..., userdatadir: /tmp/chrome-profile-ade1614...}, fedcm:accounts: true, goog:chromeoptions: {debuggeraddress: localhost:54470}, networkconnectionenabled: false, pageloadstrategy: normal, platformname: windows, proxy: proxy(), se:cdp: ws://localhost:54470/devtoo..., se:cdpversion: 137.0.7151.120, setwindowrect: true, strictfileinteractability: false, timeouts: {implicit: 0, pageload: 300000, script: 30000}, unhandledpromptbehavior: dismiss and notify, webauthn:extension:credblob: true, webauthn:extension:largeblob: true, webauthn:extension:minpinlength: true, webauthn:extension:prf: true, webauthn:virtualauthenticators: true}
session id: 15871dc7c37b8e34afa0f94678b948ee. Retrying after 3000ms...
2025-08-25 20:55:40 [main] INFO  RetryUrlAccess - Successfully navigated to: https://demoqa.com
2025-08-25 20:55:40 [main] INFO  demoqaBase - Starting Test Elements|Yes Radio Button Test...
Instance Variables Declared are: nullnull
2025-08-25 20:55:40 [main] INFO  demoqaBase - Accessing Elements Card...
2025-08-25 20:55:41 [main] INFO  RetryUrlAccess - Successfully navigated to: https://demoqa.com
2025-08-25 20:55:41 [main] INFO  demoqaLog - Clicking on Elements Card...
2025-08-25 20:55:41 [main] WARN  demoqaLog - ⚠️ JS click failed, falling back to native click.
2025-08-25 20:55:41 [main] INFO  demoqaLog - Clicked on Elements Card...
Title of this Page is: DEMOQA
You can now Access: Elements
 
Page Text is: Please select an item from left to start practice.
2025-08-25 20:55:41 [main] INFO  demoqaBase - Clicking on Radio Button...
2025-08-25 20:55:41 [main] INFO  demoqaBase - Selecting on Impressive Radio Button...
Declared WebDriverWait: org.openqa.selenium.support.ui.WebDriverWait@147203c2
2025-08-25 20:55:41 [main] INFO  demoqaBase - Validating Radio Selection Test Result...
2025-08-25 20:55:42 [main] INFO  demoqaBase - You have selected: Impressive
2025-08-25 20:55:42 [main] INFO  demoqaBase - Test Case of Radio Button Selection PASSED...
2025-08-25 20:55:42 [main] INFO  demoqaBase - Test Elements|Radio Button|Impressive Completed...
]]></system-out>
  </testcase>
  <testcase name="WebTablesClick" classname="tests.ElementsTests" time="1.346">
    <system-out><![CDATA[2025-08-25 20:55:42 [main] INFO  demoqaBase - Closing the Browser...
2025-08-25 20:55:42 [main] INFO  demoqaBase - Starting Web Browser...
2025-08-25 20:55:43 [main] INFO  demoqaBase - Navigating to demoqa.com Website
2025-08-25 20:56:13 [main] WARN  RetryUrlAccess - Attempt 1 failed due to retryable error: timeout: timed out receiving message from renderer: 29.146
  (session info: chrome=137.0.7151.120)
build info: version: '4.34.0', revision: '707dcb4246*'
system info: os.name: 'windows 11', os.arch: 'amd64', os.version: '10.0', java.version: '21.0.7'
driver info: org.openqa.selenium.chrome.chromedriver
command: [c8fac7b549cb431d35453402926fb99d, get {url=https://demoqa.com}]
capabilities {acceptinsecurecerts: false, browsername: chrome, browserversion: 137.0.7151.120, chrome: {chromedriverversion: 137.0.7151.119 (e0ac9d12dff..., userdatadir: /tmp/chrome-profile-a516c01...}, fedcm:accounts: true, goog:chromeoptions: {debuggeraddress: localhost:54614}, networkconnectionenabled: false, pageloadstrategy: normal, platformname: windows, proxy: proxy(), se:cdp: ws://localhost:54614/devtoo..., se:cdpversion: 137.0.7151.120, setwindowrect: true, strictfileinteractability: false, timeouts: {implicit: 0, pageload: 300000, script: 30000}, unhandledpromptbehavior: dismiss and notify, webauthn:extension:credblob: true, webauthn:extension:largeblob: true, webauthn:extension:minpinlength: true, webauthn:extension:prf: true, webauthn:virtualauthenticators: true}
session id: c8fac7b549cb431d35453402926fb99d. Retrying after 3000ms...
2025-08-25 20:56:17 [main] INFO  RetryUrlAccess - Successfully navigated to: https://demoqa.com
2025-08-25 20:56:17 [main] INFO  demoqaBase - Starting Test Elements|Web Tables Test...
Instance Variables Declared are: nullnull
2025-08-25 20:56:17 [main] INFO  demoqaBase - Accessing Elements Card...
2025-08-25 20:56:17 [main] INFO  RetryUrlAccess - Successfully navigated to: https://demoqa.com
2025-08-25 20:56:17 [main] INFO  demoqaLog - Clicking on Elements Card...
2025-08-25 20:56:17 [main] WARN  demoqaLog - ⚠️ JS click failed, falling back to native click.
2025-08-25 20:56:17 [main] INFO  demoqaLog - Clicked on Elements Card...
Title of this Page is: DEMOQA
You can now Access: Elements
 
Page Text is: Please select an item from left to start practice.
2025-08-25 20:56:18 [main] INFO  demoqaBase - Click on Elements|Web Tables...
2025-08-25 20:56:18 [main] INFO  demoqaBase - Test Elements|Web Tables Completed...
]]></system-out>
  </testcase>
  <testcase name="webTableNewRegistration[WebTableUser{firstName=&apos;Johny&apos;, lastName=&apos;Bravo&apos;, email=&apos;Jbravo@demoqa.com&apos;, salary=280000, age=340, department=&apos;Information Technology&apos;}](1)" classname="tests.ElementsTests" time="2.936">
    <system-out><![CDATA[2025-08-25 20:56:18 [main] INFO  demoqaBase - Closing the Browser...
2025-08-25 20:56:19 [main] INFO  demoqaBase - Starting Web Browser...
2025-08-25 20:56:20 [main] INFO  demoqaBase - Navigating to demoqa.com Website
2025-08-25 20:56:46 [main] INFO  RetryUrlAccess - Successfully navigated to: https://demoqa.com
2025-08-25 20:56:46 [main] INFO  demoqaBase - Starting Test Elements|Web Tables|Registration Form Create User...
Instance Variables Declared are: nullnull
2025-08-25 20:56:46 [main] INFO  demoqaBase - Accessing Elements Card...
2025-08-25 20:56:47 [main] INFO  RetryUrlAccess - Successfully navigated to: https://demoqa.com
2025-08-25 20:56:47 [main] INFO  demoqaLog - Clicking on Elements Card...
2025-08-25 20:56:47 [main] WARN  demoqaLog - ⚠️ JS click failed, falling back to native click.
2025-08-25 20:56:47 [main] INFO  demoqaLog - Clicked on Elements Card...
Title of this Page is: DEMOQA
You can now Access: Elements
 
Page Text is: Please select an item from left to start practice.
2025-08-25 20:56:47 [main] INFO  demoqaBase - Click on Elements|Web Tables...
2025-08-25 20:56:48 [main] INFO  demoqaBase - Click on Elements|Web Tables|Registration Form...
2025-08-25 20:56:48 [main] ERROR demoqaBase - Registering User: Johny
2025-08-25 20:56:48 [main] INFO  demoqaBase - Click on Elements|Web Tables|Registration Form|FirstName...
2025-08-25 20:56:48 [main] INFO  demoqaBase - First Name entered is: Johny
2025-08-25 20:56:48 [main] INFO  demoqaBase - Click on Elements|Web Tables|Registration Form|LastName...
Last Name is: Bravo
2025-08-25 20:56:48 [main] INFO  demoqaBase - Last Name entered is: Bravo
2025-08-25 20:56:48 [main] INFO  demoqaBase - Click on Elements|Web Tables|Registration Form|Email...
Email ID is: Jbravo@demoqa.com
2025-08-25 20:56:48 [main] INFO  demoqaBase - Email entered is: Jbravo@demoqa.com
2025-08-25 20:56:48 [main] INFO  demoqaBase - Click on Elements|Web Tables|Registration Form|Age...
2025-08-25 20:56:49 [main] INFO  demoqaBase - Age entered is: 34
2025-08-25 20:56:49 [main] INFO  demoqaBase - Click on Elements|Web Tables|Registration Form|Salary...
2025-08-25 20:56:49 [main] INFO  demoqaBase - Salary entered is: 280000
2025-08-25 20:56:49 [main] INFO  demoqaBase - Click on Elements|Web Tables|Registration Form|Department...
2025-08-25 20:56:49 [main] INFO  demoqaBase - Department entered is: Information Technology
2025-08-25 20:56:49 [main] INFO  demoqaBase - Submitting Registration Form...
2025-08-25 20:56:49 [main] INFO  demoqaBase - Registration Form Submitted...
2025-08-25 20:56:49 [main] ERROR demoqaBase - Submitted to register user: Johny
2025-08-25 20:56:49 [main] INFO  demoqaBase - Test Elements|Web Tables|Registration Form Create User Completed...
]]></system-out>
  </testcase>
  <testcase name="webTableNewRegistration[WebTableUser{firstName=&apos;Gene&apos;, lastName=&apos;Femina&apos;, email=&apos;GFemina@demoqa.com&apos;, salary=180000, age=300, department=&apos;Finance&apos;}](2)" classname="tests.ElementsTests" time="3.07">
    <system-out><![CDATA[2025-08-25 20:56:49 [main] INFO  demoqaBase - Closing the Browser...
2025-08-25 20:56:50 [main] INFO  demoqaBase - Starting Web Browser...
2025-08-25 20:56:51 [main] INFO  demoqaBase - Navigating to demoqa.com Website
2025-08-25 20:57:21 [main] WARN  RetryUrlAccess - Attempt 1 failed due to retryable error: timeout: timed out receiving message from renderer: 29.147
  (session info: chrome=137.0.7151.120)
build info: version: '4.34.0', revision: '707dcb4246*'
system info: os.name: 'windows 11', os.arch: 'amd64', os.version: '10.0', java.version: '21.0.7'
driver info: org.openqa.selenium.chrome.chromedriver
command: [dcdfe85630df262a78f7f8c1d2090661, get {url=https://demoqa.com}]
capabilities {acceptinsecurecerts: false, browsername: chrome, browserversion: 137.0.7151.120, chrome: {chromedriverversion: 137.0.7151.119 (e0ac9d12dff..., userdatadir: /tmp/chrome-profile-12a34ac...}, fedcm:accounts: true, goog:chromeoptions: {debuggeraddress: localhost:54963}, networkconnectionenabled: false, pageloadstrategy: normal, platformname: windows, proxy: proxy(), se:cdp: ws://localhost:54963/devtoo..., se:cdpversion: 137.0.7151.120, setwindowrect: true, strictfileinteractability: false, timeouts: {implicit: 0, pageload: 300000, script: 30000}, unhandledpromptbehavior: dismiss and notify, webauthn:extension:credblob: true, webauthn:extension:largeblob: true, webauthn:extension:minpinlength: true, webauthn:extension:prf: true, webauthn:virtualauthenticators: true}
session id: dcdfe85630df262a78f7f8c1d2090661. Retrying after 3000ms...
2025-08-25 20:57:25 [main] INFO  RetryUrlAccess - Successfully navigated to: https://demoqa.com
2025-08-25 20:57:25 [main] INFO  demoqaBase - Starting Test Elements|Web Tables|Registration Form Create User...
Instance Variables Declared are: nullnull
2025-08-25 20:57:25 [main] INFO  demoqaBase - Accessing Elements Card...
2025-08-25 20:57:25 [main] INFO  RetryUrlAccess - Successfully navigated to: https://demoqa.com
2025-08-25 20:57:25 [main] INFO  demoqaLog - Clicking on Elements Card...
2025-08-25 20:57:25 [main] WARN  demoqaLog - ⚠️ JS click failed, falling back to native click.
2025-08-25 20:57:25 [main] INFO  demoqaLog - Clicked on Elements Card...
Title of this Page is: DEMOQA
You can now Access: Elements
 
Page Text is: Please select an item from left to start practice.
2025-08-25 20:57:25 [main] INFO  demoqaBase - Click on Elements|Web Tables...
2025-08-25 20:57:26 [main] INFO  demoqaBase - Click on Elements|Web Tables|Registration Form...
2025-08-25 20:57:26 [main] ERROR demoqaBase - Registering User: Gene
2025-08-25 20:57:26 [main] INFO  demoqaBase - Click on Elements|Web Tables|Registration Form|FirstName...
2025-08-25 20:57:26 [main] INFO  demoqaBase - First Name entered is: Gene
2025-08-25 20:57:26 [main] INFO  demoqaBase - Click on Elements|Web Tables|Registration Form|LastName...
Last Name is: Femina
2025-08-25 20:57:26 [main] INFO  demoqaBase - Last Name entered is: Femina
2025-08-25 20:57:26 [main] INFO  demoqaBase - Click on Elements|Web Tables|Registration Form|Email...
Email ID is: GFemina@demoqa.com
2025-08-25 20:57:27 [main] INFO  demoqaBase - Email entered is: GFemina@demoqa.com
2025-08-25 20:57:27 [main] INFO  demoqaBase - Click on Elements|Web Tables|Registration Form|Age...
2025-08-25 20:57:27 [main] INFO  demoqaBase - Age entered is: 30
2025-08-25 20:57:27 [main] INFO  demoqaBase - Click on Elements|Web Tables|Registration Form|Salary...
2025-08-25 20:57:27 [main] INFO  demoqaBase - Salary entered is: 180000
2025-08-25 20:57:27 [main] INFO  demoqaBase - Click on Elements|Web Tables|Registration Form|Department...
2025-08-25 20:57:27 [main] INFO  demoqaBase - Department entered is: Finance
2025-08-25 20:57:27 [main] INFO  demoqaBase - Submitting Registration Form...
2025-08-25 20:57:28 [main] INFO  demoqaBase - Registration Form Submitted...
2025-08-25 20:57:28 [main] ERROR demoqaBase - Submitted to register user: Gene
2025-08-25 20:57:28 [main] INFO  demoqaBase - Test Elements|Web Tables|Registration Form Create User Completed...
]]></system-out>
  </testcase>
  <testcase name="webTableNewRegistration[WebTableUser{firstName=&apos;Bud&apos;, lastName=&apos;Wisem&apos;, email=&apos;BWisem@demoqa.com&apos;, salary=150000, age=400, department=&apos;Medicine&apos;}](3)" classname="tests.ElementsTests" time="3.093">
    <system-out><![CDATA[2025-08-25 20:57:28 [main] INFO  demoqaBase - Closing the Browser...
2025-08-25 20:57:28 [main] INFO  demoqaBase - Starting Web Browser...
2025-08-25 20:57:29 [main] INFO  demoqaBase - Navigating to demoqa.com Website
2025-08-25 20:57:59 [main] WARN  RetryUrlAccess - Attempt 1 failed due to retryable error: timeout: timed out receiving message from renderer: 29.112
  (session info: chrome=137.0.7151.120)
build info: version: '4.34.0', revision: '707dcb4246*'
system info: os.name: 'windows 11', os.arch: 'amd64', os.version: '10.0', java.version: '21.0.7'
driver info: org.openqa.selenium.chrome.chromedriver
command: [443cf59286009c853422299982a43ce6, get {url=https://demoqa.com}]
capabilities {acceptinsecurecerts: false, browsername: chrome, browserversion: 137.0.7151.120, chrome: {chromedriverversion: 137.0.7151.119 (e0ac9d12dff..., userdatadir: /tmp/chrome-profile-0f9777c...}, fedcm:accounts: true, goog:chromeoptions: {debuggeraddress: localhost:55148}, networkconnectionenabled: false, pageloadstrategy: normal, platformname: windows, proxy: proxy(), se:cdp: ws://localhost:55148/devtoo..., se:cdpversion: 137.0.7151.120, setwindowrect: true, strictfileinteractability: false, timeouts: {implicit: 0, pageload: 300000, script: 30000}, unhandledpromptbehavior: dismiss and notify, webauthn:extension:credblob: true, webauthn:extension:largeblob: true, webauthn:extension:minpinlength: true, webauthn:extension:prf: true, webauthn:virtualauthenticators: true}
session id: 443cf59286009c853422299982a43ce6. Retrying after 3000ms...
2025-08-25 20:58:03 [main] INFO  RetryUrlAccess - Successfully navigated to: https://demoqa.com
2025-08-25 20:58:03 [main] INFO  demoqaBase - Starting Test Elements|Web Tables|Registration Form Create User...
Instance Variables Declared are: nullnull
2025-08-25 20:58:03 [main] INFO  demoqaBase - Accessing Elements Card...
2025-08-25 20:58:03 [main] INFO  RetryUrlAccess - Successfully navigated to: https://demoqa.com
2025-08-25 20:58:03 [main] INFO  demoqaLog - Clicking on Elements Card...
2025-08-25 20:58:03 [main] WARN  demoqaLog - ⚠️ JS click failed, falling back to native click.
2025-08-25 20:58:04 [main] INFO  demoqaLog - Clicked on Elements Card...
Title of this Page is: DEMOQA
You can now Access: Elements
 
Page Text is: Please select an item from left to start practice.
2025-08-25 20:58:04 [main] INFO  demoqaBase - Click on Elements|Web Tables...
2025-08-25 20:58:04 [main] INFO  demoqaBase - Click on Elements|Web Tables|Registration Form...
2025-08-25 20:58:04 [main] ERROR demoqaBase - Registering User: Bud
2025-08-25 20:58:04 [main] INFO  demoqaBase - Click on Elements|Web Tables|Registration Form|FirstName...
2025-08-25 20:58:04 [main] INFO  demoqaBase - First Name entered is: Bud
2025-08-25 20:58:04 [main] INFO  demoqaBase - Click on Elements|Web Tables|Registration Form|LastName...
Last Name is: Wisem
2025-08-25 20:58:05 [main] INFO  demoqaBase - Last Name entered is: Wisem
2025-08-25 20:58:05 [main] INFO  demoqaBase - Click on Elements|Web Tables|Registration Form|Email...
Email ID is: BWisem@demoqa.com
2025-08-25 20:58:05 [main] INFO  demoqaBase - Email entered is: BWisem@demoqa.com
2025-08-25 20:58:05 [main] INFO  demoqaBase - Click on Elements|Web Tables|Registration Form|Age...
2025-08-25 20:58:05 [main] INFO  demoqaBase - Age entered is: 40
2025-08-25 20:58:05 [main] INFO  demoqaBase - Click on Elements|Web Tables|Registration Form|Salary...
2025-08-25 20:58:06 [main] INFO  demoqaBase - Salary entered is: 150000
2025-08-25 20:58:06 [main] INFO  demoqaBase - Click on Elements|Web Tables|Registration Form|Department...
2025-08-25 20:58:06 [main] INFO  demoqaBase - Department entered is: Medicine
2025-08-25 20:58:06 [main] INFO  demoqaBase - Submitting Registration Form...
2025-08-25 20:58:06 [main] INFO  demoqaBase - Registration Form Submitted...
2025-08-25 20:58:06 [main] ERROR demoqaBase - Submitted to register user: Bud
2025-08-25 20:58:06 [main] INFO  demoqaBase - Test Elements|Web Tables|Registration Form Create User Completed...
]]></system-out>
  </testcase>
  <testcase name="webTableNewRegistration[WebTableUser{firstName=&apos;Tom&apos;, lastName=&apos;Boss&apos;, email=&apos;TBoss@demoqa.com&apos;, salary=190000, age=420, department=&apos;Recreation&apos;}](4)" classname="tests.ElementsTests" time="3.019">
    <system-out><![CDATA[2025-08-25 20:58:06 [main] INFO  demoqaBase - Closing the Browser...
2025-08-25 20:58:06 [main] INFO  demoqaBase - Starting Web Browser...
2025-08-25 20:58:07 [main] INFO  demoqaBase - Navigating to demoqa.com Website
2025-08-25 20:58:31 [main] INFO  RetryUrlAccess - Successfully navigated to: https://demoqa.com
2025-08-25 20:58:31 [main] INFO  demoqaBase - Starting Test Elements|Web Tables|Registration Form Create User...
Instance Variables Declared are: nullnull
2025-08-25 20:58:31 [main] INFO  demoqaBase - Accessing Elements Card...
2025-08-25 20:58:32 [main] INFO  RetryUrlAccess - Successfully navigated to: https://demoqa.com
2025-08-25 20:58:32 [main] INFO  demoqaLog - Clicking on Elements Card...
2025-08-25 20:58:32 [main] WARN  demoqaLog - ⚠️ JS click failed, falling back to native click.
2025-08-25 20:58:32 [main] INFO  demoqaLog - Clicked on Elements Card...
Title of this Page is: DEMOQA
You can now Access: Elements
 
Page Text is: Please select an item from left to start practice.
2025-08-25 20:58:32 [main] INFO  demoqaBase - Click on Elements|Web Tables...
2025-08-25 20:58:33 [main] INFO  demoqaBase - Click on Elements|Web Tables|Registration Form...
2025-08-25 20:58:33 [main] ERROR demoqaBase - Registering User: Tom
2025-08-25 20:58:33 [main] INFO  demoqaBase - Click on Elements|Web Tables|Registration Form|FirstName...
2025-08-25 20:58:33 [main] INFO  demoqaBase - First Name entered is: Tom
2025-08-25 20:58:33 [main] INFO  demoqaBase - Click on Elements|Web Tables|Registration Form|LastName...
Last Name is: Boss
2025-08-25 20:58:33 [main] INFO  demoqaBase - Last Name entered is: Boss
2025-08-25 20:58:33 [main] INFO  demoqaBase - Click on Elements|Web Tables|Registration Form|Email...
Email ID is: TBoss@demoqa.com
2025-08-25 20:58:34 [main] INFO  demoqaBase - Email entered is: TBoss@demoqa.com
2025-08-25 20:58:34 [main] INFO  demoqaBase - Click on Elements|Web Tables|Registration Form|Age...
2025-08-25 20:58:34 [main] INFO  demoqaBase - Age entered is: 42
2025-08-25 20:58:34 [main] INFO  demoqaBase - Click on Elements|Web Tables|Registration Form|Salary...
2025-08-25 20:58:34 [main] INFO  demoqaBase - Salary entered is: 190000
2025-08-25 20:58:34 [main] INFO  demoqaBase - Click on Elements|Web Tables|Registration Form|Department...
2025-08-25 20:58:34 [main] INFO  demoqaBase - Department entered is: Recreation
2025-08-25 20:58:34 [main] INFO  demoqaBase - Submitting Registration Form...
2025-08-25 20:58:34 [main] INFO  demoqaBase - Registration Form Submitted...
2025-08-25 20:58:34 [main] ERROR demoqaBase - Submitted to register user: Tom
2025-08-25 20:58:34 [main] INFO  demoqaBase - Test Elements|Web Tables|Registration Form Create User Completed...
]]></system-out>
  </testcase>
  <testcase name="webTableAddSearch[WebTableUser{firstName=&apos;Johny&apos;, lastName=&apos;Bravo&apos;, email=&apos;Jbravo@demoqa.com&apos;, salary=280000, age=340, department=&apos;Information Technology&apos;}](1)" classname="tests.ElementsTests" time="3.412">
    <system-out><![CDATA[2025-08-25 20:58:34 [main] INFO  demoqaBase - Closing the Browser...
2025-08-25 20:58:35 [main] INFO  demoqaBase - Starting Web Browser...
2025-08-25 20:58:36 [main] INFO  demoqaBase - Navigating to demoqa.com Website
2025-08-25 20:59:06 [main] WARN  RetryUrlAccess - Attempt 1 failed due to retryable error: timeout: timed out receiving message from renderer: 29.100
  (session info: chrome=137.0.7151.120)
build info: version: '4.34.0', revision: '707dcb4246*'
system info: os.name: 'windows 11', os.arch: 'amd64', os.version: '10.0', java.version: '21.0.7'
driver info: org.openqa.selenium.chrome.chromedriver
command: [df42b70d1b6328841afc762b88d7d792, get {url=https://demoqa.com}]
capabilities {acceptinsecurecerts: false, browsername: chrome, browserversion: 137.0.7151.120, chrome: {chromedriverversion: 137.0.7151.119 (e0ac9d12dff..., userdatadir: /tmp/chrome-profile-9a16ef8...}, fedcm:accounts: true, goog:chromeoptions: {debuggeraddress: localhost:55527}, networkconnectionenabled: false, pageloadstrategy: normal, platformname: windows, proxy: proxy(), se:cdp: ws://localhost:55527/devtoo..., se:cdpversion: 137.0.7151.120, setwindowrect: true, strictfileinteractability: false, timeouts: {implicit: 0, pageload: 300000, script: 30000}, unhandledpromptbehavior: dismiss and notify, webauthn:extension:credblob: true, webauthn:extension:largeblob: true, webauthn:extension:minpinlength: true, webauthn:extension:prf: true, webauthn:virtualauthenticators: true}
session id: df42b70d1b6328841afc762b88d7d792. Retrying after 3000ms...
2025-08-25 20:59:10 [main] INFO  RetryUrlAccess - Successfully navigated to: https://demoqa.com
2025-08-25 20:59:10 [main] INFO  demoqaBase - Starting Test Registration Form Add & Search...
Instance Variables Declared are: nullnull
2025-08-25 20:59:10 [main] INFO  demoqaBase - Accessing Elements Card...
2025-08-25 20:59:10 [main] INFO  RetryUrlAccess - Successfully navigated to: https://demoqa.com
2025-08-25 20:59:10 [main] INFO  demoqaLog - Clicking on Elements Card...
2025-08-25 20:59:10 [main] WARN  demoqaLog - ⚠️ JS click failed, falling back to native click.
2025-08-25 20:59:11 [main] INFO  demoqaLog - Clicked on Elements Card...
Title of this Page is: DEMOQA
You can now Access: Elements
 
Page Text is: Please select an item from left to start practice.
2025-08-25 20:59:11 [main] INFO  demoqaBase - Click on Elements|Web Tables...
2025-08-25 20:59:11 [main] INFO  demoqaBase - Click on Elements|Web Tables|Registration Form...
2025-08-25 20:59:11 [main] ERROR demoqaBase - Registering User: Johny
2025-08-25 20:59:11 [main] INFO  demoqaBase - Click on Elements|Web Tables|Registration Form|FirstName...
2025-08-25 20:59:11 [main] INFO  demoqaBase - First Name entered is: Johny
2025-08-25 20:59:11 [main] INFO  demoqaBase - Click on Elements|Web Tables|Registration Form|LastName...
Last Name is: Bravo
2025-08-25 20:59:12 [main] INFO  demoqaBase - Last Name entered is: Bravo
2025-08-25 20:59:12 [main] INFO  demoqaBase - Click on Elements|Web Tables|Registration Form|Email...
Email ID is: Jbravo@demoqa.com
2025-08-25 20:59:12 [main] INFO  demoqaBase - Email entered is: Jbravo@demoqa.com
2025-08-25 20:59:12 [main] INFO  demoqaBase - Click on Elements|Web Tables|Registration Form|Age...
2025-08-25 20:59:12 [main] INFO  demoqaBase - Age entered is: 34
2025-08-25 20:59:12 [main] INFO  demoqaBase - Click on Elements|Web Tables|Registration Form|Salary...
2025-08-25 20:59:12 [main] INFO  demoqaBase - Salary entered is: 280000
2025-08-25 20:59:12 [main] INFO  demoqaBase - Click on Elements|Web Tables|Registration Form|Department...
2025-08-25 20:59:13 [main] INFO  demoqaBase - Department entered is: Information Technology
2025-08-25 20:59:13 [main] INFO  demoqaBase - Submitting Registration Form...
2025-08-25 20:59:13 [main] INFO  demoqaBase - Registration Form Submitted...
2025-08-25 20:59:13 [main] ERROR demoqaBase - Submitted to register user: Johny
2025-08-25 20:59:13 [main] INFO  demoqaBase - Searching by First Name...
2025-08-25 20:59:13 [main] INFO  demoqaBase - Test for Registration Form Add & Search Completed...
]]></system-out>
  </testcase>
  <testcase name="webTableAddEditFirstName[WebTableUser{firstName=&apos;Tonny&apos;, lastName=&apos;Bravo&apos;, email=&apos;Jbravo@demoqa.com&apos;, salary=280000, age=340, department=&apos;Information Technology&apos;}](1)" classname="tests.ElementsTests" time="4.441">
    <system-out><![CDATA[2025-08-25 20:59:13 [main] INFO  demoqaBase - Closing the Browser...
2025-08-25 20:59:14 [main] INFO  demoqaBase - Starting Web Browser...
2025-08-25 20:59:16 [main] INFO  demoqaBase - Navigating to demoqa.com Website
2025-08-25 20:59:39 [main] INFO  RetryUrlAccess - Successfully navigated to: https://demoqa.com
2025-08-25 20:59:39 [main] INFO  demoqaBase - Starting Test Registration Form Modify First Name...
Instance Variables Declared are: nullnull
2025-08-25 20:59:39 [main] INFO  demoqaBase - Accessing Elements Card...
2025-08-25 20:59:40 [main] INFO  RetryUrlAccess - Successfully navigated to: https://demoqa.com
2025-08-25 20:59:40 [main] INFO  demoqaLog - Clicking on Elements Card...
2025-08-25 20:59:40 [main] WARN  demoqaLog - ⚠️ JS click failed, falling back to native click.
2025-08-25 20:59:40 [main] INFO  demoqaLog - Clicked on Elements Card...
Title of this Page is: DEMOQA
You can now Access: Elements
 
Page Text is: Please select an item from left to start practice.
2025-08-25 20:59:40 [main] INFO  demoqaBase - Click on Elements|Web Tables...
2025-08-25 20:59:41 [main] INFO  demoqaBase - Click on Elements|Web Tables|Registration Form...
2025-08-25 20:59:41 [main] ERROR demoqaBase - Registering User: Johny
2025-08-25 20:59:41 [main] INFO  demoqaBase - Click on Elements|Web Tables|Registration Form|FirstName...
2025-08-25 20:59:41 [main] INFO  demoqaBase - First Name entered is: Johny
2025-08-25 20:59:41 [main] INFO  demoqaBase - Click on Elements|Web Tables|Registration Form|LastName...
Last Name is: Bravo
2025-08-25 20:59:41 [main] INFO  demoqaBase - Last Name entered is: Bravo
2025-08-25 20:59:41 [main] INFO  demoqaBase - Click on Elements|Web Tables|Registration Form|Email...
Email ID is: Jbravo@demoqa.com
2025-08-25 20:59:42 [main] INFO  demoqaBase - Email entered is: Jbravo@demoqa.com
2025-08-25 20:59:42 [main] INFO  demoqaBase - Click on Elements|Web Tables|Registration Form|Age...
2025-08-25 20:59:42 [main] INFO  demoqaBase - Age entered is: 34
2025-08-25 20:59:42 [main] INFO  demoqaBase - Click on Elements|Web Tables|Registration Form|Salary...
2025-08-25 20:59:42 [main] INFO  demoqaBase - Salary entered is: 280000
2025-08-25 20:59:42 [main] INFO  demoqaBase - Click on Elements|Web Tables|Registration Form|Department...
2025-08-25 20:59:42 [main] INFO  demoqaBase - Department entered is: Information Technology
2025-08-25 20:59:42 [main] INFO  demoqaBase - Submitting Registration Form...
2025-08-25 20:59:42 [main] INFO  demoqaBase - Registration Form Submitted...
2025-08-25 20:59:42 [main] ERROR demoqaBase - Submitted to register user: Johny
2025-08-25 20:59:43 [main] INFO  demoqaBase - Modifying First Name of the user...
2025-08-25 20:59:44 [main] INFO  demoqaBase - Test Registration Form Modify First Name Completed Successfully...
]]></system-out>
  </testcase>
  <testcase name="webTableAddSearchEdit[WebTableUser{firstName=&apos;Tonny&apos;, lastName=&apos;Bravo&apos;, email=&apos;Jbravo@demoqa.com&apos;, salary=280000, age=340, department=&apos;Information Technology&apos;}](1)" classname="tests.ElementsTests" time="5.379">
    <system-out><![CDATA[2025-08-25 20:59:44 [main] INFO  demoqaBase - Closing the Browser...
2025-08-25 20:59:44 [main] INFO  demoqaBase - Starting Web Browser...
2025-08-25 20:59:45 [main] INFO  demoqaBase - Navigating to demoqa.com Website
2025-08-25 21:00:15 [main] WARN  RetryUrlAccess - Attempt 1 failed due to retryable error: timeout: timed out receiving message from renderer: 29.101
  (session info: chrome=137.0.7151.120)
build info: version: '4.34.0', revision: '707dcb4246*'
system info: os.name: 'windows 11', os.arch: 'amd64', os.version: '10.0', java.version: '21.0.7'
driver info: org.openqa.selenium.chrome.chromedriver
command: [dffbc300db234ca7dbcbaff2ea215585, get {url=https://demoqa.com}]
capabilities {acceptinsecurecerts: false, browsername: chrome, browserversion: 137.0.7151.120, chrome: {chromedriverversion: 137.0.7151.119 (e0ac9d12dff..., userdatadir: /tmp/chrome-profile-c457d99...}, fedcm:accounts: true, goog:chromeoptions: {debuggeraddress: localhost:55934}, networkconnectionenabled: false, pageloadstrategy: normal, platformname: windows, proxy: proxy(), se:cdp: ws://localhost:55934/devtoo..., se:cdpversion: 137.0.7151.120, setwindowrect: true, strictfileinteractability: false, timeouts: {implicit: 0, pageload: 300000, script: 30000}, unhandledpromptbehavior: dismiss and notify, webauthn:extension:credblob: true, webauthn:extension:largeblob: true, webauthn:extension:minpinlength: true, webauthn:extension:prf: true, webauthn:virtualauthenticators: true}
session id: dffbc300db234ca7dbcbaff2ea215585. Retrying after 3000ms...
2025-08-25 21:00:19 [main] INFO  RetryUrlAccess - Successfully navigated to: https://demoqa.com
2025-08-25 21:00:19 [main] INFO  demoqaBase - Starting Test Registration Form Search & Modify First Name...
Instance Variables Declared are: nullnull
2025-08-25 21:00:19 [main] INFO  demoqaBase - Accessing Elements Card...
2025-08-25 21:00:20 [main] INFO  RetryUrlAccess - Successfully navigated to: https://demoqa.com
2025-08-25 21:00:20 [main] INFO  demoqaLog - Clicking on Elements Card...
2025-08-25 21:00:20 [main] WARN  demoqaLog - ⚠️ JS click failed, falling back to native click.
2025-08-25 21:00:21 [main] INFO  demoqaLog - Clicked on Elements Card...
Title of this Page is: DEMOQA
You can now Access: Elements
 
Page Text is: Please select an item from left to start practice.
2025-08-25 21:00:21 [main] INFO  demoqaBase - Click on Elements|Web Tables...
2025-08-25 21:00:21 [main] INFO  demoqaBase - Click on Elements|Web Tables|Registration Form...
2025-08-25 21:00:21 [main] ERROR demoqaBase - Registering User: Johny
2025-08-25 21:00:21 [main] INFO  demoqaBase - Click on Elements|Web Tables|Registration Form|FirstName...
2025-08-25 21:00:21 [main] INFO  demoqaBase - First Name entered is: Johny
2025-08-25 21:00:21 [main] INFO  demoqaBase - Click on Elements|Web Tables|Registration Form|LastName...
Last Name is: Bravo
2025-08-25 21:00:22 [main] INFO  demoqaBase - Last Name entered is: Bravo
2025-08-25 21:00:22 [main] INFO  demoqaBase - Click on Elements|Web Tables|Registration Form|Email...
Email ID is: Jbravo@demoqa.com
2025-08-25 21:00:22 [main] INFO  demoqaBase - Email entered is: Jbravo@demoqa.com
2025-08-25 21:00:22 [main] INFO  demoqaBase - Click on Elements|Web Tables|Registration Form|Age...
2025-08-25 21:00:22 [main] INFO  demoqaBase - Age entered is: 34
2025-08-25 21:00:22 [main] INFO  demoqaBase - Click on Elements|Web Tables|Registration Form|Salary...
2025-08-25 21:00:22 [main] INFO  demoqaBase - Salary entered is: 280000
2025-08-25 21:00:22 [main] INFO  demoqaBase - Click on Elements|Web Tables|Registration Form|Department...
2025-08-25 21:00:22 [main] INFO  demoqaBase - Department entered is: Information Technology
2025-08-25 21:00:23 [main] INFO  demoqaBase - Submitting Registration Form...
2025-08-25 21:00:23 [main] INFO  demoqaBase - Registration Form Submitted...
2025-08-25 21:00:23 [main] ERROR demoqaBase - Submitted to register user: Johny
2025-08-25 21:00:23 [main] INFO  demoqaBase - Modifying First Name of the user...
2025-08-25 21:00:24 [main] INFO  demoqaBase - Updated First Name is: Tonny
2025-08-25 21:00:24 [main] INFO  demoqaBase - Test Registration Form Search & Modify First Name Completed Successfully...
]]></system-out>
  </testcase>
  <testcase name="webTableDeleteUser[WebTableUser{firstName=&apos;Johny&apos;, lastName=&apos;Bravo&apos;, email=&apos;Jbravo@demoqa.com&apos;, salary=280000, age=340, department=&apos;Information Technology&apos;}](1)" classname="tests.ElementsTests" time="3.341">
    <system-out><![CDATA[2025-08-25 21:00:24 [main] INFO  demoqaBase - Closing the Browser...
2025-08-25 21:00:25 [main] INFO  demoqaBase - Starting Web Browser...
2025-08-25 21:00:26 [main] INFO  demoqaBase - Navigating to demoqa.com Website
2025-08-25 21:00:55 [main] INFO  RetryUrlAccess - Successfully navigated to: https://demoqa.com
2025-08-25 21:00:55 [main] INFO  demoqaBase - Starting Test for Deleting User from Web Table...
Instance Variables Declared are: nullnull
2025-08-25 21:00:55 [main] INFO  demoqaBase - Accessing Elements Card...
2025-08-25 21:00:56 [main] INFO  RetryUrlAccess - Successfully navigated to: https://demoqa.com
2025-08-25 21:00:56 [main] INFO  demoqaLog - Clicking on Elements Card...
2025-08-25 21:00:56 [main] WARN  demoqaLog - ⚠️ JS click failed, falling back to native click.
2025-08-25 21:00:56 [main] INFO  demoqaLog - Clicked on Elements Card...
Title of this Page is: DEMOQA
You can now Access: Elements
 
Page Text is: Please select an item from left to start practice.
2025-08-25 21:00:56 [main] INFO  demoqaBase - Click on Elements|Web Tables...
2025-08-25 21:00:56 [main] INFO  demoqaBase - Click on Elements|Web Tables|Registration Form...
2025-08-25 21:00:57 [main] ERROR demoqaBase - Registering User: Johny
2025-08-25 21:00:57 [main] INFO  demoqaBase - Click on Elements|Web Tables|Registration Form|FirstName...
2025-08-25 21:00:57 [main] INFO  demoqaBase - First Name entered is: Johny
2025-08-25 21:00:57 [main] INFO  demoqaBase - Click on Elements|Web Tables|Registration Form|LastName...
Last Name is: Bravo
2025-08-25 21:00:57 [main] INFO  demoqaBase - Last Name entered is: Bravo
2025-08-25 21:00:57 [main] INFO  demoqaBase - Click on Elements|Web Tables|Registration Form|Email...
Email ID is: Jbravo@demoqa.com
2025-08-25 21:00:58 [main] INFO  demoqaBase - Email entered is: Jbravo@demoqa.com
2025-08-25 21:00:58 [main] INFO  demoqaBase - Click on Elements|Web Tables|Registration Form|Age...
2025-08-25 21:00:58 [main] INFO  demoqaBase - Age entered is: 34
2025-08-25 21:00:58 [main] INFO  demoqaBase - Click on Elements|Web Tables|Registration Form|Salary...
2025-08-25 21:00:58 [main] INFO  demoqaBase - Salary entered is: 280000
2025-08-25 21:00:58 [main] INFO  demoqaBase - Click on Elements|Web Tables|Registration Form|Department...
2025-08-25 21:00:58 [main] INFO  demoqaBase - Department entered is: Information Technology
2025-08-25 21:00:58 [main] INFO  demoqaBase - Submitting Registration Form...
2025-08-25 21:00:58 [main] INFO  demoqaBase - Registration Form Submitted...
2025-08-25 21:00:58 [main] ERROR demoqaBase - Submitted to register user: Johny
2025-08-25 21:00:58 [main] INFO  demoqaBase - Deleting User from Webtable: Johny
2025-08-25 21:00:59 [main] INFO  demoqaBase - Test for Deleting User from Web Table Completed Successfully...
]]></system-out>
  </testcase>
  <testcase name="testAddAllUsersFromExcel" classname="tests.ElementsTests" time="8.659">
    <system-out><![CDATA[2025-08-25 21:00:59 [main] INFO  demoqaBase - Closing the Browser...
2025-08-25 21:00:59 [main] INFO  demoqaBase - Starting Web Browser...
2025-08-25 21:01:00 [main] INFO  demoqaBase - Navigating to demoqa.com Website
2025-08-25 21:01:30 [main] WARN  RetryUrlAccess - Attempt 1 failed due to retryable error: timeout: timed out receiving message from renderer: 29.126
  (session info: chrome=137.0.7151.120)
build info: version: '4.34.0', revision: '707dcb4246*'
system info: os.name: 'windows 11', os.arch: 'amd64', os.version: '10.0', java.version: '21.0.7'
driver info: org.openqa.selenium.chrome.chromedriver
command: [821fff63e176001e5eb572c710a63be8, get {url=https://demoqa.com}]
capabilities {acceptinsecurecerts: false, browsername: chrome, browserversion: 137.0.7151.120, chrome: {chromedriverversion: 137.0.7151.119 (e0ac9d12dff..., userdatadir: /tmp/chrome-profile-dd8195c...}, fedcm:accounts: true, goog:chromeoptions: {debuggeraddress: localhost:56355}, networkconnectionenabled: false, pageloadstrategy: normal, platformname: windows, proxy: proxy(), se:cdp: ws://localhost:56355/devtoo..., se:cdpversion: 137.0.7151.120, setwindowrect: true, strictfileinteractability: false, timeouts: {implicit: 0, pageload: 300000, script: 30000}, unhandledpromptbehavior: dismiss and notify, webauthn:extension:credblob: true, webauthn:extension:largeblob: true, webauthn:extension:minpinlength: true, webauthn:extension:prf: true, webauthn:virtualauthenticators: true}
session id: 821fff63e176001e5eb572c710a63be8. Retrying after 3000ms...
2025-08-25 21:01:34 [main] INFO  RetryUrlAccess - Successfully navigated to: https://demoqa.com
Instance Variables Declared are: nullnull
2025-08-25 21:01:34 [main] INFO  demoqaBase - Accessing Elements Card...
2025-08-25 21:01:35 [main] INFO  RetryUrlAccess - Successfully navigated to: https://demoqa.com
2025-08-25 21:01:35 [main] INFO  demoqaLog - Clicking on Elements Card...
2025-08-25 21:01:35 [main] WARN  demoqaLog - ⚠️ JS click failed, falling back to native click.
2025-08-25 21:01:35 [main] INFO  demoqaLog - Clicked on Elements Card...
Title of this Page is: DEMOQA
You can now Access: Elements
 
Page Text is: Please select an item from left to start practice.
2025-08-25 21:01:35 [main] INFO  demoqaBase - Click on Elements|Web Tables...
Declared Object: [[Ljava.lang.Object;@71ebb8e1
2025-08-25 21:01:36 [main] INFO  demoqaBase - Click on Elements|Web Tables|Registration Form...
2025-08-25 21:01:36 [main] ERROR demoqaBase - Registering User: Johny
2025-08-25 21:01:36 [main] INFO  demoqaBase - Click on Elements|Web Tables|Registration Form|FirstName...
2025-08-25 21:01:37 [main] INFO  demoqaBase - First Name entered is: Johny
2025-08-25 21:01:37 [main] INFO  demoqaBase - Click on Elements|Web Tables|Registration Form|LastName...
Last Name is: Bravo
2025-08-25 21:01:37 [main] INFO  demoqaBase - Last Name entered is: Bravo
2025-08-25 21:01:37 [main] INFO  demoqaBase - Click on Elements|Web Tables|Registration Form|Email...
Email ID is: Jbravo@demoqa.com
2025-08-25 21:01:37 [main] INFO  demoqaBase - Email entered is: Jbravo@demoqa.com
2025-08-25 21:01:37 [main] INFO  demoqaBase - Click on Elements|Web Tables|Registration Form|Age...
2025-08-25 21:01:38 [main] INFO  demoqaBase - Age entered is: 34
2025-08-25 21:01:38 [main] INFO  demoqaBase - Click on Elements|Web Tables|Registration Form|Salary...
2025-08-25 21:01:38 [main] INFO  demoqaBase - Salary entered is: 280000
2025-08-25 21:01:38 [main] INFO  demoqaBase - Click on Elements|Web Tables|Registration Form|Department...
2025-08-25 21:01:38 [main] INFO  demoqaBase - Department entered is: Information Technology
2025-08-25 21:01:38 [main] INFO  demoqaBase - Submitting Registration Form...
2025-08-25 21:01:38 [main] INFO  demoqaBase - Registration Form Submitted...
2025-08-25 21:01:38 [main] ERROR demoqaBase - Submitted to register user: Johny
2025-08-25 21:01:38 [main] INFO  demoqaBase - Click on Elements|Web Tables|Registration Form...
2025-08-25 21:01:38 [main] ERROR demoqaBase - Registering User: Gene
2025-08-25 21:01:38 [main] INFO  demoqaBase - Click on Elements|Web Tables|Registration Form|FirstName...
2025-08-25 21:01:39 [main] INFO  demoqaBase - First Name entered is: Gene
2025-08-25 21:01:39 [main] INFO  demoqaBase - Click on Elements|Web Tables|Registration Form|LastName...
Last Name is: Femina
2025-08-25 21:01:39 [main] INFO  demoqaBase - Last Name entered is: Femina
2025-08-25 21:01:39 [main] INFO  demoqaBase - Click on Elements|Web Tables|Registration Form|Email...
Email ID is: GFemina@demoqa.com
2025-08-25 21:01:39 [main] INFO  demoqaBase - Email entered is: GFemina@demoqa.com
2025-08-25 21:01:39 [main] INFO  demoqaBase - Click on Elements|Web Tables|Registration Form|Age...
2025-08-25 21:01:39 [main] INFO  demoqaBase - Age entered is: 30
2025-08-25 21:01:39 [main] INFO  demoqaBase - Click on Elements|Web Tables|Registration Form|Salary...
2025-08-25 21:01:39 [main] INFO  demoqaBase - Salary entered is: 180000
2025-08-25 21:01:39 [main] INFO  demoqaBase - Click on Elements|Web Tables|Registration Form|Department...
2025-08-25 21:01:40 [main] INFO  demoqaBase - Department entered is: Finance
2025-08-25 21:01:40 [main] INFO  demoqaBase - Submitting Registration Form...
2025-08-25 21:01:40 [main] INFO  demoqaBase - Registration Form Submitted...
2025-08-25 21:01:40 [main] ERROR demoqaBase - Submitted to register user: Gene
2025-08-25 21:01:40 [main] INFO  demoqaBase - Click on Elements|Web Tables|Registration Form...
2025-08-25 21:01:40 [main] ERROR demoqaBase - Registering User: Bud
2025-08-25 21:01:40 [main] INFO  demoqaBase - Click on Elements|Web Tables|Registration Form|FirstName...
2025-08-25 21:01:40 [main] INFO  demoqaBase - First Name entered is: Bud
2025-08-25 21:01:40 [main] INFO  demoqaBase - Click on Elements|Web Tables|Registration Form|LastName...
Last Name is: Wisem
2025-08-25 21:01:40 [main] INFO  demoqaBase - Last Name entered is: Wisem
2025-08-25 21:01:40 [main] INFO  demoqaBase - Click on Elements|Web Tables|Registration Form|Email...
Email ID is: BWisem@demoqa.com
2025-08-25 21:01:40 [main] INFO  demoqaBase - Email entered is: BWisem@demoqa.com
2025-08-25 21:01:40 [main] INFO  demoqaBase - Click on Elements|Web Tables|Registration Form|Age...
2025-08-25 21:01:41 [main] INFO  demoqaBase - Age entered is: 40
2025-08-25 21:01:41 [main] INFO  demoqaBase - Click on Elements|Web Tables|Registration Form|Salary...
2025-08-25 21:01:41 [main] INFO  demoqaBase - Salary entered is: 150000
2025-08-25 21:01:41 [main] INFO  demoqaBase - Click on Elements|Web Tables|Registration Form|Department...
2025-08-25 21:01:41 [main] INFO  demoqaBase - Department entered is: Medicine
2025-08-25 21:01:41 [main] INFO  demoqaBase - Submitting Registration Form...
2025-08-25 21:01:41 [main] INFO  demoqaBase - Registration Form Submitted...
2025-08-25 21:01:41 [main] ERROR demoqaBase - Submitted to register user: Bud
2025-08-25 21:01:41 [main] INFO  demoqaBase - Click on Elements|Web Tables|Registration Form...
2025-08-25 21:01:41 [main] ERROR demoqaBase - Registering User: Tom
2025-08-25 21:01:41 [main] INFO  demoqaBase - Click on Elements|Web Tables|Registration Form|FirstName...
2025-08-25 21:01:41 [main] INFO  demoqaBase - First Name entered is: Tom
2025-08-25 21:01:41 [main] INFO  demoqaBase - Click on Elements|Web Tables|Registration Form|LastName...
Last Name is: Boss
2025-08-25 21:01:41 [main] INFO  demoqaBase - Last Name entered is: Boss
2025-08-25 21:01:41 [main] INFO  demoqaBase - Click on Elements|Web Tables|Registration Form|Email...
Email ID is: TBoss@demoqa.com
2025-08-25 21:01:42 [main] INFO  demoqaBase - Email entered is: TBoss@demoqa.com
2025-08-25 21:01:42 [main] INFO  demoqaBase - Click on Elements|Web Tables|Registration Form|Age...
2025-08-25 21:01:42 [main] INFO  demoqaBase - Age entered is: 42
2025-08-25 21:01:42 [main] INFO  demoqaBase - Click on Elements|Web Tables|Registration Form|Salary...
2025-08-25 21:01:42 [main] INFO  demoqaBase - Salary entered is: 190000
2025-08-25 21:01:42 [main] INFO  demoqaBase - Click on Elements|Web Tables|Registration Form|Department...
2025-08-25 21:01:42 [main] INFO  demoqaBase - Department entered is: Recreation
2025-08-25 21:01:42 [main] INFO  demoqaBase - Submitting Registration Form...
2025-08-25 21:01:42 [main] INFO  demoqaBase - Registration Form Submitted...
2025-08-25 21:01:42 [main] ERROR demoqaBase - Submitted to register user: Tom
2025-08-25 21:01:42 [main] INFO  demoqaBase - Click on Elements|Web Tables|Registration Form...
Initial user count: 10
Final user count: 10
2025-08-25 21:01:42 [main] INFO  demoqaBase - Test for Bulk User Creation in Web Table Completed Successfully...
]]></system-out>
  </testcase>
  <testcase name="testAddAllUsersSearchEdit" classname="tests.ElementsTests" time="8.922">
    <system-out><![CDATA[Path for Screenshot is: C:\ASN\eclipse_workspace\demoqa-automation/screenshots/testAddAllUsersFromExcel Passed+2025-08-25_21-01-42.png
2025-08-25 21:01:43 [main] INFO  demoqaBase - Closing the Browser...
2025-08-25 21:01:43 [main] INFO  demoqaBase - Starting Web Browser...
2025-08-25 21:01:44 [main] INFO  demoqaBase - Navigating to demoqa.com Website
2025-08-25 21:02:05 [main] INFO  RetryUrlAccess - Successfully navigated to: https://demoqa.com
Instance Variables Declared are: nullnull
2025-08-25 21:02:05 [main] INFO  demoqaBase - Accessing Elements Card...
2025-08-25 21:02:05 [main] INFO  RetryUrlAccess - Successfully navigated to: https://demoqa.com
2025-08-25 21:02:05 [main] INFO  demoqaLog - Clicking on Elements Card...
2025-08-25 21:02:05 [main] WARN  demoqaLog - ⚠️ JS click failed, falling back to native click.
2025-08-25 21:02:06 [main] INFO  demoqaLog - Clicked on Elements Card...
Title of this Page is: DEMOQA
You can now Access: Elements
 
Page Text is: Please select an item from left to start practice.
2025-08-25 21:02:06 [main] INFO  demoqaBase - Click on Elements|Web Tables...
2025-08-25 21:02:06 [main] INFO  demoqaBase - Click on Elements|Web Tables|Registration Form...
2025-08-25 21:02:06 [main] ERROR demoqaBase - Registering User: Johny
2025-08-25 21:02:06 [main] INFO  demoqaBase - Click on Elements|Web Tables|Registration Form|FirstName...
2025-08-25 21:02:07 [main] INFO  demoqaBase - First Name entered is: Johny
2025-08-25 21:02:07 [main] INFO  demoqaBase - Click on Elements|Web Tables|Registration Form|LastName...
Last Name is: Bravo
2025-08-25 21:02:07 [main] INFO  demoqaBase - Last Name entered is: Bravo
2025-08-25 21:02:07 [main] INFO  demoqaBase - Click on Elements|Web Tables|Registration Form|Email...
Email ID is: Jbravo@demoqa.com
2025-08-25 21:02:07 [main] INFO  demoqaBase - Email entered is: Jbravo@demoqa.com
2025-08-25 21:02:07 [main] INFO  demoqaBase - Click on Elements|Web Tables|Registration Form|Age...
2025-08-25 21:02:07 [main] INFO  demoqaBase - Age entered is: 34
2025-08-25 21:02:07 [main] INFO  demoqaBase - Click on Elements|Web Tables|Registration Form|Salary...
2025-08-25 21:02:08 [main] INFO  demoqaBase - Salary entered is: 280000
2025-08-25 21:02:08 [main] INFO  demoqaBase - Click on Elements|Web Tables|Registration Form|Department...
2025-08-25 21:02:08 [main] INFO  demoqaBase - Department entered is: Information Technology
2025-08-25 21:02:08 [main] INFO  demoqaBase - Submitting Registration Form...
2025-08-25 21:02:08 [main] INFO  demoqaBase - Registration Form Submitted...
2025-08-25 21:02:08 [main] ERROR demoqaBase - Submitted to register user: Johny
2025-08-25 21:02:08 [main] INFO  demoqaBase - Click on Elements|Web Tables|Registration Form...
2025-08-25 21:02:08 [main] ERROR demoqaBase - Registering User: Gene
2025-08-25 21:02:08 [main] INFO  demoqaBase - Click on Elements|Web Tables|Registration Form|FirstName...
2025-08-25 21:02:08 [main] INFO  demoqaBase - First Name entered is: Gene
2025-08-25 21:02:08 [main] INFO  demoqaBase - Click on Elements|Web Tables|Registration Form|LastName...
Last Name is: Femina
2025-08-25 21:02:08 [main] INFO  demoqaBase - Last Name entered is: Femina
2025-08-25 21:02:08 [main] INFO  demoqaBase - Click on Elements|Web Tables|Registration Form|Email...
Email ID is: GFemina@demoqa.com
2025-08-25 21:02:09 [main] INFO  demoqaBase - Email entered is: GFemina@demoqa.com
2025-08-25 21:02:09 [main] INFO  demoqaBase - Click on Elements|Web Tables|Registration Form|Age...
2025-08-25 21:02:09 [main] INFO  demoqaBase - Age entered is: 30
2025-08-25 21:02:09 [main] INFO  demoqaBase - Click on Elements|Web Tables|Registration Form|Salary...
2025-08-25 21:02:09 [main] INFO  demoqaBase - Salary entered is: 180000
2025-08-25 21:02:09 [main] INFO  demoqaBase - Click on Elements|Web Tables|Registration Form|Department...
2025-08-25 21:02:09 [main] INFO  demoqaBase - Department entered is: Finance
2025-08-25 21:02:09 [main] INFO  demoqaBase - Submitting Registration Form...
2025-08-25 21:02:09 [main] INFO  demoqaBase - Registration Form Submitted...
2025-08-25 21:02:09 [main] ERROR demoqaBase - Submitted to register user: Gene
2025-08-25 21:02:09 [main] INFO  demoqaBase - Click on Elements|Web Tables|Registration Form...
2025-08-25 21:02:09 [main] ERROR demoqaBase - Registering User: Bud
2025-08-25 21:02:09 [main] INFO  demoqaBase - Click on Elements|Web Tables|Registration Form|FirstName...
2025-08-25 21:02:09 [main] INFO  demoqaBase - First Name entered is: Bud
2025-08-25 21:02:09 [main] INFO  demoqaBase - Click on Elements|Web Tables|Registration Form|LastName...
Last Name is: Wisem
2025-08-25 21:02:10 [main] INFO  demoqaBase - Last Name entered is: Wisem
2025-08-25 21:02:10 [main] INFO  demoqaBase - Click on Elements|Web Tables|Registration Form|Email...
Email ID is: BWisem@demoqa.com
2025-08-25 21:02:10 [main] INFO  demoqaBase - Email entered is: BWisem@demoqa.com
2025-08-25 21:02:10 [main] INFO  demoqaBase - Click on Elements|Web Tables|Registration Form|Age...
2025-08-25 21:02:10 [main] INFO  demoqaBase - Age entered is: 40
2025-08-25 21:02:10 [main] INFO  demoqaBase - Click on Elements|Web Tables|Registration Form|Salary...
2025-08-25 21:02:10 [main] INFO  demoqaBase - Salary entered is: 150000
2025-08-25 21:02:10 [main] INFO  demoqaBase - Click on Elements|Web Tables|Registration Form|Department...
2025-08-25 21:02:10 [main] INFO  demoqaBase - Department entered is: Medicine
2025-08-25 21:02:10 [main] INFO  demoqaBase - Submitting Registration Form...
2025-08-25 21:02:10 [main] INFO  demoqaBase - Registration Form Submitted...
2025-08-25 21:02:10 [main] ERROR demoqaBase - Submitted to register user: Bud
2025-08-25 21:02:10 [main] INFO  demoqaBase - Click on Elements|Web Tables|Registration Form...
2025-08-25 21:02:10 [main] ERROR demoqaBase - Registering User: Tom
2025-08-25 21:02:10 [main] INFO  demoqaBase - Click on Elements|Web Tables|Registration Form|FirstName...
2025-08-25 21:02:11 [main] INFO  demoqaBase - First Name entered is: Tom
2025-08-25 21:02:11 [main] INFO  demoqaBase - Click on Elements|Web Tables|Registration Form|LastName...
Last Name is: Boss
2025-08-25 21:02:11 [main] INFO  demoqaBase - Last Name entered is: Boss
2025-08-25 21:02:11 [main] INFO  demoqaBase - Click on Elements|Web Tables|Registration Form|Email...
Email ID is: TBoss@demoqa.com
2025-08-25 21:02:11 [main] INFO  demoqaBase - Email entered is: TBoss@demoqa.com
2025-08-25 21:02:11 [main] INFO  demoqaBase - Click on Elements|Web Tables|Registration Form|Age...
2025-08-25 21:02:11 [main] INFO  demoqaBase - Age entered is: 42
2025-08-25 21:02:11 [main] INFO  demoqaBase - Click on Elements|Web Tables|Registration Form|Salary...
2025-08-25 21:02:11 [main] INFO  demoqaBase - Salary entered is: 190000
2025-08-25 21:02:11 [main] INFO  demoqaBase - Click on Elements|Web Tables|Registration Form|Department...
2025-08-25 21:02:11 [main] INFO  demoqaBase - Department entered is: Recreation
2025-08-25 21:02:12 [main] INFO  demoqaBase - Submitting Registration Form...
2025-08-25 21:02:12 [main] INFO  demoqaBase - Registration Form Submitted...
2025-08-25 21:02:12 [main] ERROR demoqaBase - Submitted to register user: Tom
2025-08-25 21:02:12 [main] INFO  demoqaBase - Click on Elements|Web Tables|Registration Form...
2025-08-25 21:02:12 [main] INFO  demoqaBase - Modifying First Name of the user...
2025-08-25 21:02:14 [main] INFO  demoqaBase - Updated First Name is: Genelia
Initial user count: 10
Final user count: 10
2025-08-25 21:02:14 [main] INFO  demoqaBase - Test for Bulk User Creation and Edit Completed Successfully...
]]></system-out>
  </testcase>
  <testcase name="EditSalaryDepartment" classname="tests.ElementsTests" time="14.865">
    <system-out><![CDATA[2025-08-25 21:02:14 [main] INFO  demoqaBase - Closing the Browser...
2025-08-25 21:02:14 [main] INFO  demoqaBase - Starting Web Browser...
2025-08-25 21:02:15 [main] INFO  demoqaBase - Navigating to demoqa.com Website
2025-08-25 21:02:45 [main] WARN  RetryUrlAccess - Attempt 1 failed due to retryable error: timeout: timed out receiving message from renderer: 29.102
  (session info: chrome=137.0.7151.120)
build info: version: '4.34.0', revision: '707dcb4246*'
system info: os.name: 'windows 11', os.arch: 'amd64', os.version: '10.0', java.version: '21.0.7'
driver info: org.openqa.selenium.chrome.chromedriver
command: [b8d70b26dd4b7d32fec05f8f97856c99, get {url=https://demoqa.com}]
capabilities {acceptinsecurecerts: false, browsername: chrome, browserversion: 137.0.7151.120, chrome: {chromedriverversion: 137.0.7151.119 (e0ac9d12dff..., userdatadir: /tmp/chrome-profile-2968e7a...}, fedcm:accounts: true, goog:chromeoptions: {debuggeraddress: localhost:56764}, networkconnectionenabled: false, pageloadstrategy: normal, platformname: windows, proxy: proxy(), se:cdp: ws://localhost:56764/devtoo..., se:cdpversion: 137.0.7151.120, setwindowrect: true, strictfileinteractability: false, timeouts: {implicit: 0, pageload: 300000, script: 30000}, unhandledpromptbehavior: dismiss and notify, webauthn:extension:credblob: true, webauthn:extension:largeblob: true, webauthn:extension:minpinlength: true, webauthn:extension:prf: true, webauthn:virtualauthenticators: true}
session id: b8d70b26dd4b7d32fec05f8f97856c99. Retrying after 3000ms...
2025-08-25 21:02:49 [main] INFO  RetryUrlAccess - Successfully navigated to: https://demoqa.com
Instance Variables Declared are: nullnull
2025-08-25 21:02:49 [main] INFO  demoqaBase - Accessing Elements Card...
2025-08-25 21:02:49 [main] INFO  RetryUrlAccess - Successfully navigated to: https://demoqa.com
2025-08-25 21:02:49 [main] INFO  demoqaLog - Clicking on Elements Card...
2025-08-25 21:02:49 [main] WARN  demoqaLog - ⚠️ JS click failed, falling back to native click.
2025-08-25 21:02:49 [main] INFO  demoqaLog - Clicked on Elements Card...
Title of this Page is: DEMOQA
You can now Access: Elements
 
Page Text is: Please select an item from left to start practice.
2025-08-25 21:02:49 [main] INFO  demoqaBase - Click on Elements|Web Tables...
Total Number of user before adding new ones are: 10
2025-08-25 21:02:50 [main] INFO  demoqaBase - Click on Elements|Web Tables|Registration Form...
2025-08-25 21:02:50 [main] ERROR demoqaBase - Registering User: Johny
2025-08-25 21:02:50 [main] INFO  demoqaBase - Click on Elements|Web Tables|Registration Form|FirstName...
2025-08-25 21:02:51 [main] INFO  demoqaBase - First Name entered is: Johny
2025-08-25 21:02:51 [main] INFO  demoqaBase - Click on Elements|Web Tables|Registration Form|LastName...
Last Name is: Bravo
2025-08-25 21:02:51 [main] INFO  demoqaBase - Last Name entered is: Bravo
2025-08-25 21:02:51 [main] INFO  demoqaBase - Click on Elements|Web Tables|Registration Form|Email...
Email ID is: Jbravo@demoqa.com
2025-08-25 21:02:51 [main] INFO  demoqaBase - Email entered is: Jbravo@demoqa.com
2025-08-25 21:02:51 [main] INFO  demoqaBase - Click on Elements|Web Tables|Registration Form|Age...
2025-08-25 21:02:52 [main] INFO  demoqaBase - Age entered is: 34
2025-08-25 21:02:52 [main] INFO  demoqaBase - Click on Elements|Web Tables|Registration Form|Salary...
2025-08-25 21:02:52 [main] INFO  demoqaBase - Salary entered is: 280000
2025-08-25 21:02:52 [main] INFO  demoqaBase - Click on Elements|Web Tables|Registration Form|Department...
2025-08-25 21:02:52 [main] INFO  demoqaBase - Department entered is: Information Technology
2025-08-25 21:02:52 [main] INFO  demoqaBase - Submitting Registration Form...
2025-08-25 21:02:52 [main] INFO  demoqaBase - Registration Form Submitted...
2025-08-25 21:02:52 [main] ERROR demoqaBase - Submitted to register user: Johny
2025-08-25 21:02:52 [main] INFO  demoqaBase - Click on Elements|Web Tables|Registration Form...
2025-08-25 21:02:52 [main] ERROR demoqaBase - Registering User: Gene
2025-08-25 21:02:52 [main] INFO  demoqaBase - Click on Elements|Web Tables|Registration Form|FirstName...
2025-08-25 21:02:53 [main] INFO  demoqaBase - First Name entered is: Gene
2025-08-25 21:02:53 [main] INFO  demoqaBase - Click on Elements|Web Tables|Registration Form|LastName...
Last Name is: Femina
2025-08-25 21:02:53 [main] INFO  demoqaBase - Last Name entered is: Femina
2025-08-25 21:02:53 [main] INFO  demoqaBase - Click on Elements|Web Tables|Registration Form|Email...
Email ID is: GFemina@demoqa.com
2025-08-25 21:02:53 [main] INFO  demoqaBase - Email entered is: GFemina@demoqa.com
2025-08-25 21:02:53 [main] INFO  demoqaBase - Click on Elements|Web Tables|Registration Form|Age...
2025-08-25 21:02:53 [main] INFO  demoqaBase - Age entered is: 30
2025-08-25 21:02:53 [main] INFO  demoqaBase - Click on Elements|Web Tables|Registration Form|Salary...
2025-08-25 21:02:53 [main] INFO  demoqaBase - Salary entered is: 180000
2025-08-25 21:02:53 [main] INFO  demoqaBase - Click on Elements|Web Tables|Registration Form|Department...
2025-08-25 21:02:54 [main] INFO  demoqaBase - Department entered is: Finance
2025-08-25 21:02:54 [main] INFO  demoqaBase - Submitting Registration Form...
2025-08-25 21:02:54 [main] INFO  demoqaBase - Registration Form Submitted...
2025-08-25 21:02:54 [main] ERROR demoqaBase - Submitted to register user: Gene
2025-08-25 21:02:54 [main] INFO  demoqaBase - Click on Elements|Web Tables|Registration Form...
2025-08-25 21:02:54 [main] ERROR demoqaBase - Registering User: Bud
2025-08-25 21:02:54 [main] INFO  demoqaBase - Click on Elements|Web Tables|Registration Form|FirstName...
2025-08-25 21:02:54 [main] INFO  demoqaBase - First Name entered is: Bud
2025-08-25 21:02:54 [main] INFO  demoqaBase - Click on Elements|Web Tables|Registration Form|LastName...
Last Name is: Wisem
2025-08-25 21:02:54 [main] INFO  demoqaBase - Last Name entered is: Wisem
2025-08-25 21:02:54 [main] INFO  demoqaBase - Click on Elements|Web Tables|Registration Form|Email...
Email ID is: BWisem@demoqa.com
2025-08-25 21:02:54 [main] INFO  demoqaBase - Email entered is: BWisem@demoqa.com
2025-08-25 21:02:54 [main] INFO  demoqaBase - Click on Elements|Web Tables|Registration Form|Age...
2025-08-25 21:02:55 [main] INFO  demoqaBase - Age entered is: 40
2025-08-25 21:02:55 [main] INFO  demoqaBase - Click on Elements|Web Tables|Registration Form|Salary...
2025-08-25 21:02:55 [main] INFO  demoqaBase - Salary entered is: 150000
2025-08-25 21:02:55 [main] INFO  demoqaBase - Click on Elements|Web Tables|Registration Form|Department...
2025-08-25 21:02:55 [main] INFO  demoqaBase - Department entered is: Medicine
2025-08-25 21:02:55 [main] INFO  demoqaBase - Submitting Registration Form...
2025-08-25 21:02:55 [main] INFO  demoqaBase - Registration Form Submitted...
2025-08-25 21:02:55 [main] ERROR demoqaBase - Submitted to register user: Bud
2025-08-25 21:02:55 [main] INFO  demoqaBase - Click on Elements|Web Tables|Registration Form...
2025-08-25 21:02:55 [main] ERROR demoqaBase - Registering User: Tom
2025-08-25 21:02:55 [main] INFO  demoqaBase - Click on Elements|Web Tables|Registration Form|FirstName...
2025-08-25 21:02:55 [main] INFO  demoqaBase - First Name entered is: Tom
2025-08-25 21:02:55 [main] INFO  demoqaBase - Click on Elements|Web Tables|Registration Form|LastName...
Last Name is: Boss
2025-08-25 21:02:56 [main] INFO  demoqaBase - Last Name entered is: Boss
2025-08-25 21:02:56 [main] INFO  demoqaBase - Click on Elements|Web Tables|Registration Form|Email...
Email ID is: TBoss@demoqa.com
2025-08-25 21:02:56 [main] INFO  demoqaBase - Email entered is: TBoss@demoqa.com
2025-08-25 21:02:56 [main] INFO  demoqaBase - Click on Elements|Web Tables|Registration Form|Age...
2025-08-25 21:02:56 [main] INFO  demoqaBase - Age entered is: 42
2025-08-25 21:02:56 [main] INFO  demoqaBase - Click on Elements|Web Tables|Registration Form|Salary...
2025-08-25 21:02:56 [main] INFO  demoqaBase - Salary entered is: 190000
2025-08-25 21:02:56 [main] INFO  demoqaBase - Click on Elements|Web Tables|Registration Form|Department...
2025-08-25 21:02:56 [main] INFO  demoqaBase - Department entered is: Recreation
2025-08-25 21:02:56 [main] INFO  demoqaBase - Submitting Registration Form...
2025-08-25 21:02:56 [main] INFO  demoqaBase - Registration Form Submitted...
2025-08-25 21:02:56 [main] ERROR demoqaBase - Submitted to register user: Tom
2025-08-25 21:02:56 [main] INFO  demoqaBase - Click on Elements|Web Tables|Registration Form...
Current Salary is: 0
2025-08-25 21:02:57 [main] INFO  demoqaBase - Modifying First Name of the user...
2025-08-25 21:02:59 [main] INFO  demoqaBase - Updated First Name is: Tom
2025-08-25 21:02:59 [main] INFO  demoqaBase - Updating Users Salary...
New Salary is: 345000
2025-08-25 21:03:00 [main] INFO  demoqaBase - Updated Salarye is: 345000
2025-08-25 21:03:01 [main] INFO  demoqaBase - Modifying First Name of the user...
2025-08-25 21:03:02 [main] INFO  demoqaBase - Updated First Name is: Tom
2025-08-25 21:03:02 [main] INFO  demoqaBase - Updating Users Department...
New Salary is: Architecture
2025-08-25 21:03:04 [main] INFO  demoqaBase - Updated Salarye is: Architecture
2025-08-25 21:03:04 [main] INFO  demoqaBase - Test for Bulk User Creation and Edit Completed Successfully...
]]></system-out>
  </testcase>
  <testcase name="Buttons" classname="tests.ElementsTests" time="1.123">
    <system-out><![CDATA[2025-08-25 21:03:04 [main] INFO  demoqaBase - Closing the Browser...
2025-08-25 21:03:04 [main] INFO  demoqaBase - Starting Web Browser...
2025-08-25 21:03:05 [main] INFO  demoqaBase - Navigating to demoqa.com Website
2025-08-25 21:03:35 [main] WARN  RetryUrlAccess - Attempt 1 failed due to retryable error: timeout: timed out receiving message from renderer: 29.102
  (session info: chrome=137.0.7151.120)
build info: version: '4.34.0', revision: '707dcb4246*'
system info: os.name: 'windows 11', os.arch: 'amd64', os.version: '10.0', java.version: '21.0.7'
driver info: org.openqa.selenium.chrome.chromedriver
command: [f0e56160f561d218121fd1470f370693, get {url=https://demoqa.com}]
capabilities {acceptinsecurecerts: false, browsername: chrome, browserversion: 137.0.7151.120, chrome: {chromedriverversion: 137.0.7151.119 (e0ac9d12dff..., userdatadir: /tmp/chrome-profile-69f4d57...}, fedcm:accounts: true, goog:chromeoptions: {debuggeraddress: localhost:56993}, networkconnectionenabled: false, pageloadstrategy: normal, platformname: windows, proxy: proxy(), se:cdp: ws://localhost:56993/devtoo..., se:cdpversion: 137.0.7151.120, setwindowrect: true, strictfileinteractability: false, timeouts: {implicit: 0, pageload: 300000, script: 30000}, unhandledpromptbehavior: dismiss and notify, webauthn:extension:credblob: true, webauthn:extension:largeblob: true, webauthn:extension:minpinlength: true, webauthn:extension:prf: true, webauthn:virtualauthenticators: true}
session id: f0e56160f561d218121fd1470f370693. Retrying after 3000ms...
2025-08-25 21:03:39 [main] INFO  RetryUrlAccess - Successfully navigated to: https://demoqa.com
Instance Variables Declared are: nullnull
2025-08-25 21:03:39 [main] INFO  demoqaBase - Accessing Elements Card...
2025-08-25 21:03:39 [main] INFO  RetryUrlAccess - Successfully navigated to: https://demoqa.com
2025-08-25 21:03:39 [main] INFO  demoqaLog - Clicking on Elements Card...
2025-08-25 21:03:39 [main] WARN  demoqaLog - ⚠️ JS click failed, falling back to native click.
2025-08-25 21:03:40 [main] INFO  demoqaLog - Clicked on Elements Card...
Title of this Page is: DEMOQA
You can now Access: Elements
 
Page Text is: Please select an item from left to start practice.
2025-08-25 21:03:40 [main] INFO  demoqaBase - Clicking on Elements|Buttons...
2025-08-25 21:03:40 [main] INFO  demoqaBase - Clicked on Elements|Buttons...
2025-08-25 21:03:40 [main] INFO  demoqaBase - Test for Elements|Buttons Click Completed Successfully...
]]></system-out>
  </testcase>
  <testcase name="DoubleClickButtons" classname="tests.ElementsTests" time="1.411">
    <system-out><![CDATA[2025-08-25 21:03:40 [main] INFO  demoqaBase - Closing the Browser...
2025-08-25 21:03:40 [main] INFO  demoqaBase - Starting Web Browser...
2025-08-25 21:03:41 [main] INFO  demoqaBase - Navigating to demoqa.com Website
2025-08-25 21:03:59 [main] INFO  RetryUrlAccess - Successfully navigated to: https://demoqa.com
Instance Variables Declared are: nullnull
2025-08-25 21:03:59 [main] INFO  demoqaBase - Accessing Elements Card...
2025-08-25 21:04:00 [main] INFO  RetryUrlAccess - Successfully navigated to: https://demoqa.com
2025-08-25 21:04:00 [main] INFO  demoqaLog - Clicking on Elements Card...
2025-08-25 21:04:00 [main] WARN  demoqaLog - ⚠️ JS click failed, falling back to native click.
2025-08-25 21:04:00 [main] INFO  demoqaLog - Clicked on Elements Card...
Title of this Page is: DEMOQA
You can now Access: Elements
 
Page Text is: Please select an item from left to start practice.
2025-08-25 21:04:00 [main] INFO  demoqaBase - Clicking on Elements|Buttons...
2025-08-25 21:04:00 [main] INFO  demoqaBase - Clicked on Elements|Buttons...
2025-08-25 21:04:00 [main] INFO  demoqaBase - Clicking on Elements|Buttons|Double Click button...
Declared WebDriverWait: org.openqa.selenium.support.ui.WebDriverWait@5145dc7
You have done a double click
2025-08-25 21:04:01 [main] INFO  demoqaBase - Clicked on Elements|Buttons|Double Click button...You have done a double click
2025-08-25 21:04:01 [main] INFO  demoqaBase - Test for Elements|Buttons|Double Click Completed Successfully...
]]></system-out>
  </testcase>
  <testcase name="RightClickButton" classname="tests.ElementsTests" time="1.548">
    <failure message="no such element: Unable to locate element: {&quot;method&quot;:&quot;xpath&quot;,&quot;selector&quot;:&quot;//p[@id=&apos;rightClickMessage&apos;]&quot;}&#10;  (Session info: chrome=137.0.7151.120)&#10;For documentation on this error, please visit: https://www.selenium.dev/documentation/webdriver/troubleshooting/errors#no-such-element-exception&#10;Build info: version: &apos;4.34.0&apos;, revision: &apos;707dcb4246*&apos;&#10;System info: os.name: &apos;Windows 11&apos;, os.arch: &apos;amd64&apos;, os.version: &apos;10.0&apos;, java.version: &apos;21.0.7&apos;&#10;Driver info: org.openqa.selenium.chrome.ChromeDriver&#10;Command: [1336edc90dce3571d2b11965c2ed4420, findElement {using=xpath, value=//p[@id=&apos;rightClickMessage&apos;]}]&#10;Capabilities {acceptInsecureCerts: false, browserName: chrome, browserVersion: 137.0.7151.120, chrome: {chromedriverVersion: 137.0.7151.119 (e0ac9d12dff..., userDataDir: /tmp/chrome-profile-94cff33...}, fedcm:accounts: true, goog:chromeOptions: {debuggerAddress: localhost:57439}, networkConnectionEnabled: false, pageLoadStrategy: normal, platformName: windows, proxy: Proxy(), se:cdp: ws://localhost:57439/devtoo..., se:cdpVersion: 137.0.7151.120, setWindowRect: true, strictFileInteractability: false, timeouts: {implicit: 0, pageLoad: 300000, script: 30000}, unhandledPromptBehavior: dismiss and notify, webauthn:extension:credBlob: true, webauthn:extension:largeBlob: true, webauthn:extension:minPinLength: true, webauthn:extension:prf: true, webauthn:virtualAuthenticators: true}&#10;Session ID: 1336edc90dce3571d2b11965c2ed4420" type="org.openqa.selenium.NoSuchElementException"><![CDATA[org.openqa.selenium.NoSuchElementException: 
no such element: Unable to locate element: {"method":"xpath","selector":"//p[@id='rightClickMessage']"}
  (Session info: chrome=137.0.7151.120)
For documentation on this error, please visit: https://www.selenium.dev/documentation/webdriver/troubleshooting/errors#no-such-element-exception
Build info: version: '4.34.0', revision: '707dcb4246*'
System info: os.name: 'Windows 11', os.arch: 'amd64', os.version: '10.0', java.version: '21.0.7'
Driver info: org.openqa.selenium.chrome.ChromeDriver
Command: [1336edc90dce3571d2b11965c2ed4420, findElement {using=xpath, value=//p[@id='rightClickMessage']}]
Capabilities {acceptInsecureCerts: false, browserName: chrome, browserVersion: 137.0.7151.120, chrome: {chromedriverVersion: 137.0.7151.119 (e0ac9d12dff..., userDataDir: /tmp/chrome-profile-94cff33...}, fedcm:accounts: true, goog:chromeOptions: {debuggerAddress: localhost:57439}, networkConnectionEnabled: false, pageLoadStrategy: normal, platformName: windows, proxy: Proxy(), se:cdp: ws://localhost:57439/devtoo..., se:cdpVersion: 137.0.7151.120, setWindowRect: true, strictFileInteractability: false, timeouts: {implicit: 0, pageLoad: 300000, script: 30000}, unhandledPromptBehavior: dismiss and notify, webauthn:extension:credBlob: true, webauthn:extension:largeBlob: true, webauthn:extension:minPinLength: true, webauthn:extension:prf: true, webauthn:virtualAuthenticators: true}
Session ID: 1336edc90dce3571d2b11965c2ed4420
	at java.base/jdk.internal.reflect.DirectConstructorHandleAccessor.newInstance(DirectConstructorHandleAccessor.java:62)
	at java.base/java.lang.reflect.Constructor.newInstanceWithCaller(Constructor.java:502)
	at java.base/java.lang.reflect.Constructor.newInstance(Constructor.java:486)
	at org.openqa.selenium.remote.ErrorCodec.decode(ErrorCodec.java:167)
	at org.openqa.selenium.remote.codec.w3c.W3CHttpResponseCodec.decode(W3CHttpResponseCodec.java:138)
	at org.openqa.selenium.remote.codec.w3c.W3CHttpResponseCodec.decode(W3CHttpResponseCodec.java:50)
	at org.openqa.selenium.remote.HttpCommandExecutor.execute(HttpCommandExecutor.java:215)
	at org.openqa.selenium.remote.service.DriverCommandExecutor.invokeExecute(DriverCommandExecutor.java:216)
	at org.openqa.selenium.remote.service.DriverCommandExecutor.execute(DriverCommandExecutor.java:174)
	at org.openqa.selenium.remote.RemoteWebDriver.execute(RemoteWebDriver.java:544)
	at org.openqa.selenium.remote.ElementLocation$ElementFinder$2.findElement(ElementLocation.java:165)
	at org.openqa.selenium.remote.ElementLocation.findElement(ElementLocation.java:59)
	at org.openqa.selenium.remote.RemoteWebDriver.findElement(RemoteWebDriver.java:367)
	at org.openqa.selenium.remote.RemoteWebDriver.findElement(RemoteWebDriver.java:361)
	at pages.elementsPage.RightClickBtn(elementsPage.java:925)
	at tests.ElementsTests.RightClickButton(ElementsTests.java:784)
	at java.base/jdk.internal.reflect.DirectMethodHandleAccessor.invoke(DirectMethodHandleAccessor.java:103)
	at java.base/java.lang.reflect.Method.invoke(Method.java:580)
	at org.testng.internal.invokers.MethodInvocationHelper.invokeMethod(MethodInvocationHelper.java:141)
	at org.testng.internal.invokers.TestInvoker.invokeMethod(TestInvoker.java:687)
	at org.testng.internal.invokers.TestInvoker.invokeTestMethod(TestInvoker.java:230)
	at org.testng.internal.invokers.MethodRunner.runInSequence(MethodRunner.java:63)
	at org.testng.internal.invokers.TestInvoker$MethodInvocationAgent.invoke(TestInvoker.java:995)
	at org.testng.internal.invokers.TestInvoker.invokeTestMethods(TestInvoker.java:203)
	at org.testng.internal.invokers.TestMethodWorker.invokeTestMethods(TestMethodWorker.java:154)
	at org.testng.internal.invokers.TestMethodWorker.run(TestMethodWorker.java:134)
	at java.base/java.util.ArrayList.forEach(ArrayList.java:1596)
	at org.testng.TestRunner.privateRun(TestRunner.java:741)
	at org.testng.TestRunner.run(TestRunner.java:616)
	at org.testng.SuiteRunner.runTest(SuiteRunner.java:421)
	at org.testng.SuiteRunner.runSequentially(SuiteRunner.java:413)
	at org.testng.SuiteRunner.privateRun(SuiteRunner.java:373)
	at org.testng.SuiteRunner.run(SuiteRunner.java:312)
	at org.testng.SuiteRunnerWorker.runSuite(SuiteRunnerWorker.java:52)
	at org.testng.SuiteRunnerWorker.run(SuiteRunnerWorker.java:95)
	at org.testng.TestNG.runSuitesSequentially(TestNG.java:1274)
	at org.testng.TestNG.runSuitesLocally(TestNG.java:1208)
	at org.testng.TestNG.runSuites(TestNG.java:1112)
	at org.testng.TestNG.run(TestNG.java:1079)
	at org.apache.maven.surefire.testng.TestNGExecutor.run(TestNGExecutor.java:155)
	at org.apache.maven.surefire.testng.TestNGDirectoryTestSuite.executeMulti(TestNGDirectoryTestSuite.java:169)
	at org.apache.maven.surefire.testng.TestNGDirectoryTestSuite.execute(TestNGDirectoryTestSuite.java:88)
	at org.apache.maven.surefire.testng.TestNGProvider.invoke(TestNGProvider.java:137)
	at org.apache.maven.surefire.booter.ForkedBooter.runSuitesInProcess(ForkedBooter.java:385)
	at org.apache.maven.surefire.booter.ForkedBooter.execute(ForkedBooter.java:162)
	at org.apache.maven.surefire.booter.ForkedBooter.run(ForkedBooter.java:507)
	at org.apache.maven.surefire.booter.ForkedBooter.main(ForkedBooter.java:495)
]]></failure>
    <system-out><![CDATA[2025-08-25 21:04:01 [main] INFO  demoqaBase - Closing the Browser...
2025-08-25 21:04:01 [main] INFO  demoqaBase - Starting Web Browser...
2025-08-25 21:04:02 [main] INFO  demoqaBase - Navigating to demoqa.com Website
2025-08-25 21:04:32 [main] WARN  RetryUrlAccess - Attempt 1 failed due to retryable error: timeout: timed out receiving message from renderer: 29.093
  (session info: chrome=137.0.7151.120)
build info: version: '4.34.0', revision: '707dcb4246*'
system info: os.name: 'windows 11', os.arch: 'amd64', os.version: '10.0', java.version: '21.0.7'
driver info: org.openqa.selenium.chrome.chromedriver
command: [1336edc90dce3571d2b11965c2ed4420, get {url=https://demoqa.com}]
capabilities {acceptinsecurecerts: false, browsername: chrome, browserversion: 137.0.7151.120, chrome: {chromedriverversion: 137.0.7151.119 (e0ac9d12dff..., userdatadir: /tmp/chrome-profile-94cff33...}, fedcm:accounts: true, goog:chromeoptions: {debuggeraddress: localhost:57439}, networkconnectionenabled: false, pageloadstrategy: normal, platformname: windows, proxy: proxy(), se:cdp: ws://localhost:57439/devtoo..., se:cdpversion: 137.0.7151.120, setwindowrect: true, strictfileinteractability: false, timeouts: {implicit: 0, pageload: 300000, script: 30000}, unhandledpromptbehavior: dismiss and notify, webauthn:extension:credblob: true, webauthn:extension:largeblob: true, webauthn:extension:minpinlength: true, webauthn:extension:prf: true, webauthn:virtualauthenticators: true}
session id: 1336edc90dce3571d2b11965c2ed4420. Retrying after 3000ms...
2025-08-25 21:04:36 [main] INFO  RetryUrlAccess - Successfully navigated to: https://demoqa.com
Instance Variables Declared are: nullnull
2025-08-25 21:04:36 [main] INFO  demoqaBase - Accessing Elements Card...
2025-08-25 21:04:36 [main] INFO  RetryUrlAccess - Successfully navigated to: https://demoqa.com
2025-08-25 21:04:36 [main] INFO  demoqaLog - Clicking on Elements Card...
2025-08-25 21:04:36 [main] WARN  demoqaLog - ⚠️ JS click failed, falling back to native click.
2025-08-25 21:04:36 [main] INFO  demoqaLog - Clicked on Elements Card...
Title of this Page is: DEMOQA
You can now Access: Elements
 
Page Text is: Please select an item from left to start practice.
2025-08-25 21:04:37 [main] INFO  demoqaBase - Clicking on Elements|Buttons...
2025-08-25 21:04:37 [main] INFO  demoqaBase - Clicked on Elements|Buttons...
2025-08-25 21:04:37 [main] INFO  demoqaBase - Clicking on Elements|Buttons|Right Click button...
Wating for Element: [[ChromeDriver: chrome on windows (1336edc90dce3571d2b11965c2ed4420)] -> xpath: //button[@id='rightClickBtn']]
]]></system-out>
  </testcase>
  <testcase name="ClickMeButton" classname="tests.ElementsTests" time="1.092">
    <system-out><![CDATA[Path for Screenshot is: C:\ASN\eclipse_workspace\demoqa-automation/screenshots/com.aventstack.extentreports.ExtentTest@7fdbe204Test Failed+2025-08-25_21-04-37.png
2025-08-25 21:04:38 [main] INFO  demoqaBase - Closing the Browser...
2025-08-25 21:04:38 [main] INFO  demoqaBase - Starting Web Browser...
2025-08-25 21:04:39 [main] INFO  demoqaBase - Navigating to demoqa.com Website
2025-08-25 21:05:09 [main] WARN  RetryUrlAccess - Attempt 1 failed due to retryable error: timeout: timed out receiving message from renderer: 29.116
  (session info: chrome=137.0.7151.120)
build info: version: '4.34.0', revision: '707dcb4246*'
system info: os.name: 'windows 11', os.arch: 'amd64', os.version: '10.0', java.version: '21.0.7'
driver info: org.openqa.selenium.chrome.chromedriver
command: [b66e54096765b0670f6e1cde5cbc2e31, get {url=https://demoqa.com}]
capabilities {acceptinsecurecerts: false, browsername: chrome, browserversion: 137.0.7151.120, chrome: {chromedriverversion: 137.0.7151.119 (e0ac9d12dff..., userdatadir: /tmp/chrome-profile-ccb7f1d...}, fedcm:accounts: true, goog:chromeoptions: {debuggeraddress: localhost:57648}, networkconnectionenabled: false, pageloadstrategy: normal, platformname: windows, proxy: proxy(), se:cdp: ws://localhost:57648/devtoo..., se:cdpversion: 137.0.7151.120, setwindowrect: true, strictfileinteractability: false, timeouts: {implicit: 0, pageload: 300000, script: 30000}, unhandledpromptbehavior: dismiss and notify, webauthn:extension:credblob: true, webauthn:extension:largeblob: true, webauthn:extension:minpinlength: true, webauthn:extension:prf: true, webauthn:virtualauthenticators: true}
session id: b66e54096765b0670f6e1cde5cbc2e31. Retrying after 3000ms...
2025-08-25 21:05:13 [main] INFO  RetryUrlAccess - Successfully navigated to: https://demoqa.com
Instance Variables Declared are: nullnull
2025-08-25 21:05:13 [main] INFO  demoqaBase - Accessing Elements Card...
2025-08-25 21:05:13 [main] INFO  RetryUrlAccess - Successfully navigated to: https://demoqa.com
2025-08-25 21:05:13 [main] INFO  demoqaLog - Clicking on Elements Card...
2025-08-25 21:05:13 [main] WARN  demoqaLog - ⚠️ JS click failed, falling back to native click.
2025-08-25 21:05:13 [main] INFO  demoqaLog - Clicked on Elements Card...
Title of this Page is: DEMOQA
You can now Access: Elements
 
Page Text is: Please select an item from left to start practice.
2025-08-25 21:05:13 [main] INFO  demoqaBase - Clicking on Elements|Buttons...
2025-08-25 21:05:14 [main] INFO  demoqaBase - Clicked on Elements|Buttons...
2025-08-25 21:05:14 [main] INFO  demoqaBase - Clicking on Elements|Buttons|Click Me button...
2025-08-25 21:05:14 [main] INFO  demoqaBase - Clicked on Elements|Buttons|Click Me button...You have done a dynamic click
2025-08-25 21:05:14 [main] INFO  demoqaBase - Test for Elements|Buttons|Click Me Button Completed Successfully...
]]></system-out>
  </testcase>
  <testcase name="ClickAllButtons" classname="tests.ElementsTests" time="10.643">
    <system-out><![CDATA[2025-08-25 21:05:14 [main] INFO  demoqaBase - Closing the Browser...
2025-08-25 21:05:14 [main] INFO  demoqaBase - Starting Web Browser...
2025-08-25 21:05:15 [main] INFO  demoqaBase - Navigating to demoqa.com Website
2025-08-25 21:05:37 [main] INFO  RetryUrlAccess - Successfully navigated to: https://demoqa.com
Instance Variables Declared are: nullnull
2025-08-25 21:05:37 [main] INFO  demoqaBase - Accessing Elements Card...
2025-08-25 21:05:37 [main] INFO  RetryUrlAccess - Successfully navigated to: https://demoqa.com
2025-08-25 21:05:37 [main] INFO  demoqaLog - Clicking on Elements Card...
2025-08-25 21:05:37 [main] WARN  demoqaLog - ⚠️ JS click failed, falling back to native click.
2025-08-25 21:05:37 [main] INFO  demoqaLog - Clicked on Elements Card...
Title of this Page is: DEMOQA
You can now Access: Elements
 
Page Text is: Please select an item from left to start practice.
2025-08-25 21:05:37 [main] INFO  demoqaBase - Clicking on Elements|Buttons...
2025-08-25 21:05:38 [main] INFO  demoqaBase - Clicked on Elements|Buttons...
2025-08-25 21:05:41 [main] INFO  demoqaBase - Clicking on Elements|Buttons|Double Click button...
Declared WebDriverWait: org.openqa.selenium.support.ui.WebDriverWait@6832f536
You have done a double click
2025-08-25 21:05:41 [main] INFO  demoqaBase - Clicked on Elements|Buttons|Double Click button...You have done a double click
2025-08-25 21:05:44 [main] INFO  demoqaBase - Clicking on Elements|Buttons|Right Click button...
Wating for Element: [[ChromeDriver: chrome on windows (f9cecb13b6dc3ed109e009b0bb69b3ec)] -> xpath: //button[@id='rightClickBtn']]
2025-08-25 21:05:44 [main] INFO  demoqaBase - Clicked on Elements|Buttons|Right Click button...You have done a right click
2025-08-25 21:05:47 [main] INFO  demoqaBase - Clicking on Elements|Buttons|Click Me button...
2025-08-25 21:05:47 [main] INFO  demoqaBase - Clicked on Elements|Buttons|Click Me button...You have done a dynamic click
2025-08-25 21:05:47 [main] INFO  demoqaBase - Test for Elements|Buttons|Click All Buttons Completed Successfully...
]]></system-out>
  </testcase>
  <testcase name="ClickLinks" classname="tests.ElementsTests" time="2.313">
    <system-out><![CDATA[Path for Screenshot is: C:\ASN\eclipse_workspace\demoqa-automation/screenshots/ClickAllButtons Passed+2025-08-25_21-05-47.png
2025-08-25 21:05:47 [main] INFO  demoqaBase - Closing the Browser...
2025-08-25 21:05:48 [main] INFO  demoqaBase - Starting Web Browser...
2025-08-25 21:05:49 [main] INFO  demoqaBase - Navigating to demoqa.com Website
2025-08-25 21:06:19 [main] WARN  RetryUrlAccess - Attempt 1 failed due to retryable error: timeout: timed out receiving message from renderer: 29.093
  (session info: chrome=137.0.7151.120)
build info: version: '4.34.0', revision: '707dcb4246*'
system info: os.name: 'windows 11', os.arch: 'amd64', os.version: '10.0', java.version: '21.0.7'
driver info: org.openqa.selenium.chrome.chromedriver
command: [255516210a550da7797aa9c1cc964e54, get {url=https://demoqa.com}]
capabilities {acceptinsecurecerts: false, browsername: chrome, browserversion: 137.0.7151.120, chrome: {chromedriverversion: 137.0.7151.119 (e0ac9d12dff..., userdatadir: /tmp/chrome-profile-05c5bb5...}, fedcm:accounts: true, goog:chromeoptions: {debuggeraddress: localhost:57994}, networkconnectionenabled: false, pageloadstrategy: normal, platformname: windows, proxy: proxy(), se:cdp: ws://localhost:57994/devtoo..., se:cdpversion: 137.0.7151.120, setwindowrect: true, strictfileinteractability: false, timeouts: {implicit: 0, pageload: 300000, script: 30000}, unhandledpromptbehavior: dismiss and notify, webauthn:extension:credblob: true, webauthn:extension:largeblob: true, webauthn:extension:minpinlength: true, webauthn:extension:prf: true, webauthn:virtualauthenticators: true}
session id: 255516210a550da7797aa9c1cc964e54. Retrying after 3000ms...
2025-08-25 21:06:23 [main] INFO  RetryUrlAccess - Successfully navigated to: https://demoqa.com
Instance Variables Declared are: nullnull
2025-08-25 21:06:23 [main] INFO  demoqaBase - Accessing Elements Card...
2025-08-25 21:06:24 [main] INFO  RetryUrlAccess - Successfully navigated to: https://demoqa.com
2025-08-25 21:06:24 [main] INFO  demoqaLog - Clicking on Elements Card...
2025-08-25 21:06:24 [main] WARN  demoqaLog - ⚠️ JS click failed, falling back to native click.
2025-08-25 21:06:24 [main] INFO  demoqaLog - Clicked on Elements Card...
Title of this Page is: DEMOQA
You can now Access: Elements
 
Page Text is: Please select an item from left to start practice.
2025-08-25 21:06:25 [main] INFO  demoqaBase - Clicking on Elements|Links|Home Link...
2025-08-25 21:06:25 [main] INFO  demoqaBase - Clicked on Elements|Links|Home Link...
2025-08-25 21:06:25 [main] INFO  demoqaBase - Test for Elements|Links Completed Successfully...
]]></system-out>
  </testcase>
  <testcase name="ClickHomeLink" classname="tests.ElementsTests" time="1.377">
    <system-out><![CDATA[2025-08-25 21:06:25 [main] INFO  demoqaBase - Closing the Browser...
2025-08-25 21:06:25 [main] INFO  demoqaBase - Starting Web Browser...
2025-08-25 21:06:27 [main] INFO  demoqaBase - Navigating to demoqa.com Website
2025-08-25 21:06:44 [main] INFO  RetryUrlAccess - Successfully navigated to: https://demoqa.com
Instance Variables Declared are: nullnull
2025-08-25 21:06:44 [main] INFO  demoqaBase - Accessing Elements Card...
2025-08-25 21:06:45 [main] INFO  RetryUrlAccess - Successfully navigated to: https://demoqa.com
2025-08-25 21:06:45 [main] INFO  demoqaLog - Clicking on Elements Card...
2025-08-25 21:06:45 [main] WARN  demoqaLog - ⚠️ JS click failed, falling back to native click.
2025-08-25 21:06:45 [main] INFO  demoqaLog - Clicked on Elements Card...
Title of this Page is: DEMOQA
You can now Access: Elements
 
Page Text is: Please select an item from left to start practice.
2025-08-25 21:06:45 [main] INFO  demoqaBase - Clicking on Elements|Links|Home Link...
2025-08-25 21:06:46 [main] INFO  demoqaBase - Clicked on Elements|Links|Home Link...
2025-08-25 21:06:46 [main] INFO  demoqaBase - Clicking on Elements|Links|Home Link...
2025-08-25 21:06:46 [main] INFO  demoqaBase - Clicked on Elements|Links|Home Link...
2025-08-25 21:06:46 [main] INFO  demoqaBase - Test for Elements|Links|Home Completed Successfully...
]]></system-out>
  </testcase>
  <testcase name="ClickDynamicHomeLink" classname="tests.ElementsTests" time="1.322">
    <system-out><![CDATA[2025-08-25 21:06:46 [main] INFO  demoqaBase - Closing the Browser...
2025-08-25 21:06:46 [main] INFO  demoqaBase - Starting Web Browser...
2025-08-25 21:06:47 [main] INFO  demoqaBase - Navigating to demoqa.com Website
2025-08-25 21:07:14 [main] INFO  RetryUrlAccess - Successfully navigated to: https://demoqa.com
Instance Variables Declared are: nullnull
2025-08-25 21:07:14 [main] INFO  demoqaBase - Accessing Elements Card...
2025-08-25 21:07:15 [main] INFO  RetryUrlAccess - Successfully navigated to: https://demoqa.com
2025-08-25 21:07:15 [main] INFO  demoqaLog - Clicking on Elements Card...
2025-08-25 21:07:15 [main] WARN  demoqaLog - ⚠️ JS click failed, falling back to native click.
2025-08-25 21:07:15 [main] INFO  demoqaLog - Clicked on Elements Card...
Title of this Page is: DEMOQA
You can now Access: Elements
 
Page Text is: Please select an item from left to start practice.
2025-08-25 21:07:15 [main] INFO  demoqaBase - Clicking on Elements|Links|Home Link...
2025-08-25 21:07:15 [main] INFO  demoqaBase - Clicked on Elements|Links|Home Link...
2025-08-25 21:07:15 [main] INFO  demoqaBase - Clicking on Elements|Links|DynamicHome Link...
2025-08-25 21:07:16 [main] INFO  demoqaBase - Clicked on Elements|Links|DynamicHome Link...
2025-08-25 21:07:16 [main] INFO  demoqaBase - Test for Elements|Links|Dynamic Home Completed Successfully...
]]></system-out>
  </testcase>
  <testcase name="ClickCreatedAPILink" classname="tests.ElementsTests" time="1.348">
    <system-out><![CDATA[2025-08-25 21:07:16 [main] INFO  demoqaBase - Closing the Browser...
2025-08-25 21:07:16 [main] INFO  demoqaBase - Starting Web Browser...
2025-08-25 21:07:18 [main] INFO  demoqaBase - Navigating to demoqa.com Website
2025-08-25 21:07:48 [main] WARN  RetryUrlAccess - Attempt 1 failed due to retryable error: timeout: timed out receiving message from renderer: 29.083
  (session info: chrome=137.0.7151.120)
build info: version: '4.34.0', revision: '707dcb4246*'
system info: os.name: 'windows 11', os.arch: 'amd64', os.version: '10.0', java.version: '21.0.7'
driver info: org.openqa.selenium.chrome.chromedriver
command: [ea015bfcbb751d7579cdbcfabba7dda2, get {url=https://demoqa.com}]
capabilities {acceptinsecurecerts: false, browsername: chrome, browserversion: 137.0.7151.120, chrome: {chromedriverversion: 137.0.7151.119 (e0ac9d12dff..., userdatadir: /tmp/chrome-profile-4e9505e...}, fedcm:accounts: true, goog:chromeoptions: {debuggeraddress: localhost:58477}, networkconnectionenabled: false, pageloadstrategy: normal, platformname: windows, proxy: proxy(), se:cdp: ws://localhost:58477/devtoo..., se:cdpversion: 137.0.7151.120, setwindowrect: true, strictfileinteractability: false, timeouts: {implicit: 0, pageload: 300000, script: 30000}, unhandledpromptbehavior: dismiss and notify, webauthn:extension:credblob: true, webauthn:extension:largeblob: true, webauthn:extension:minpinlength: true, webauthn:extension:prf: true, webauthn:virtualauthenticators: true}
session id: ea015bfcbb751d7579cdbcfabba7dda2. Retrying after 3000ms...
2025-08-25 21:07:52 [main] INFO  RetryUrlAccess - Successfully navigated to: https://demoqa.com
Instance Variables Declared are: nullnull
2025-08-25 21:07:52 [main] INFO  demoqaBase - Accessing Elements Card...
2025-08-25 21:07:53 [main] INFO  RetryUrlAccess - Successfully navigated to: https://demoqa.com
2025-08-25 21:07:53 [main] INFO  demoqaLog - Clicking on Elements Card...
2025-08-25 21:07:53 [main] WARN  demoqaLog - ⚠️ JS click failed, falling back to native click.
2025-08-25 21:07:53 [main] INFO  demoqaLog - Clicked on Elements Card...
Title of this Page is: DEMOQA
You can now Access: Elements
 
Page Text is: Please select an item from left to start practice.
2025-08-25 21:07:53 [main] INFO  demoqaBase - Clicking on Elements|Links|Home Link...
2025-08-25 21:07:53 [main] INFO  demoqaBase - Clicked on Elements|Links|Home Link...
2025-08-25 21:07:53 [main] INFO  demoqaBase - Clicking on Elements|Links|Created Link...
Waiting for the presence of Element: [[ChromeDriver: chrome on windows (ea015bfcbb751d7579cdbcfabba7dda2)] -> xpath: //*[@id='created']]
2025-08-25 21:07:53 [main] INFO  demoqaBase - Clicked on Elements|Links|Created Link...
2025-08-25 21:07:53 [main] INFO  FetchLinkResponse - Fetching link response...
2025-08-25 21:07:53 [main] INFO  FetchLinkResponse - Response fetched: Created
Created
2025-08-25 21:07:53 [main] INFO  demoqaBase - Clicked on Elements|Links|Created Link response is: Created
2025-08-25 21:07:53 [main] INFO  demoqaBase - Test for Elements|Links|Created Link Completed Successfully...
]]></system-out>
  </testcase>
  <testcase name="ClickNoContentLink" classname="tests.ElementsTests" time="1.297">
    <system-out><![CDATA[2025-08-25 21:07:53 [main] INFO  demoqaBase - Closing the Browser...
2025-08-25 21:07:55 [main] INFO  demoqaBase - Starting Web Browser...
2025-08-25 21:07:56 [main] INFO  demoqaBase - Navigating to demoqa.com Website
2025-08-25 21:08:26 [main] WARN  RetryUrlAccess - Attempt 1 failed due to retryable error: timeout: timed out receiving message from renderer: 29.066
  (session info: chrome=137.0.7151.120)
build info: version: '4.34.0', revision: '707dcb4246*'
system info: os.name: 'windows 11', os.arch: 'amd64', os.version: '10.0', java.version: '21.0.7'
driver info: org.openqa.selenium.chrome.chromedriver
command: [1c2596179c9e407dca3b0bc3e1fc93b7, get {url=https://demoqa.com}]
capabilities {acceptinsecurecerts: false, browsername: chrome, browserversion: 137.0.7151.120, chrome: {chromedriverversion: 137.0.7151.119 (e0ac9d12dff..., userdatadir: /tmp/chrome-profile-f380efc...}, fedcm:accounts: true, goog:chromeoptions: {debuggeraddress: localhost:58660}, networkconnectionenabled: false, pageloadstrategy: normal, platformname: windows, proxy: proxy(), se:cdp: ws://localhost:58660/devtoo..., se:cdpversion: 137.0.7151.120, setwindowrect: true, strictfileinteractability: false, timeouts: {implicit: 0, pageload: 300000, script: 30000}, unhandledpromptbehavior: dismiss and notify, webauthn:extension:credblob: true, webauthn:extension:largeblob: true, webauthn:extension:minpinlength: true, webauthn:extension:prf: true, webauthn:virtualauthenticators: true}
session id: 1c2596179c9e407dca3b0bc3e1fc93b7. Retrying after 3000ms...
2025-08-25 21:08:29 [main] INFO  RetryUrlAccess - Successfully navigated to: https://demoqa.com
Instance Variables Declared are: nullnull
2025-08-25 21:08:29 [main] INFO  demoqaBase - Accessing Elements Card...
2025-08-25 21:08:30 [main] INFO  RetryUrlAccess - Successfully navigated to: https://demoqa.com
2025-08-25 21:08:30 [main] INFO  demoqaLog - Clicking on Elements Card...
2025-08-25 21:08:30 [main] WARN  demoqaLog - ⚠️ JS click failed, falling back to native click.
2025-08-25 21:08:30 [main] INFO  demoqaLog - Clicked on Elements Card...
Title of this Page is: DEMOQA
You can now Access: Elements
 
Page Text is: Please select an item from left to start practice.
2025-08-25 21:08:30 [main] INFO  demoqaBase - Clicking on Elements|Links|Home Link...
2025-08-25 21:08:31 [main] INFO  demoqaBase - Clicked on Elements|Links|Home Link...
2025-08-25 21:08:31 [main] INFO  demoqaBase - Clicking on Elements|Links|No Content Link...
Waiting for the presence of Element: [[ChromeDriver: chrome on windows (1c2596179c9e407dca3b0bc3e1fc93b7)] -> xpath: //*[@id="no-content"]]
2025-08-25 21:08:31 [main] INFO  demoqaBase - Clicked on Elements|Links|No Content Link...
2025-08-25 21:08:31 [main] INFO  FetchLinkResponse - Fetching link response...
2025-08-25 21:08:31 [main] INFO  FetchLinkResponse - Response fetched: No Content
No Content
2025-08-25 21:08:31 [main] INFO  demoqaBase - Clicked on Elements|Links|No Content Link response is: No Content
2025-08-25 21:08:31 [main] INFO  demoqaBase - Test for Elements|Links|No Content Link Completed Successfully...
]]></system-out>
  </testcase>
  <testcase name="ClickMovedLink" classname="tests.ElementsTests" time="2.298">
    <system-out><![CDATA[2025-08-25 21:08:31 [main] INFO  demoqaBase - Closing the Browser...
2025-08-25 21:08:31 [main] INFO  demoqaBase - Starting Web Browser...
2025-08-25 21:08:34 [main] INFO  demoqaBase - Navigating to demoqa.com Website
2025-08-25 21:09:05 [main] WARN  RetryUrlAccess - Attempt 1 failed due to retryable error: timeout: timed out receiving message from renderer: 29.068
  (session info: chrome=137.0.7151.120)
build info: version: '4.34.0', revision: '707dcb4246*'
system info: os.name: 'windows 11', os.arch: 'amd64', os.version: '10.0', java.version: '21.0.7'
driver info: org.openqa.selenium.chrome.chromedriver
command: [f1deaf78d08472eadf6a98b3fca902db, get {url=https://demoqa.com}]
capabilities {acceptinsecurecerts: false, browsername: chrome, browserversion: 137.0.7151.120, chrome: {chromedriverversion: 137.0.7151.119 (e0ac9d12dff..., userdatadir: /tmp/chrome-profile-936e417...}, fedcm:accounts: true, goog:chromeoptions: {debuggeraddress: localhost:58767}, networkconnectionenabled: false, pageloadstrategy: normal, platformname: windows, proxy: proxy(), se:cdp: ws://localhost:58767/devtoo..., se:cdpversion: 137.0.7151.120, setwindowrect: true, strictfileinteractability: false, timeouts: {implicit: 0, pageload: 300000, script: 30000}, unhandledpromptbehavior: dismiss and notify, webauthn:extension:credblob: true, webauthn:extension:largeblob: true, webauthn:extension:minpinlength: true, webauthn:extension:prf: true, webauthn:virtualauthenticators: true}
session id: f1deaf78d08472eadf6a98b3fca902db. Retrying after 3000ms...
2025-08-25 21:09:08 [main] INFO  RetryUrlAccess - Successfully navigated to: https://demoqa.com
Instance Variables Declared are: nullnull
2025-08-25 21:09:08 [main] INFO  demoqaBase - Accessing Elements Card...
2025-08-25 21:09:10 [main] INFO  RetryUrlAccess - Successfully navigated to: https://demoqa.com
2025-08-25 21:09:10 [main] INFO  demoqaLog - Clicking on Elements Card...
2025-08-25 21:09:10 [main] WARN  demoqaLog - ⚠️ JS click failed, falling back to native click.
2025-08-25 21:09:10 [main] INFO  demoqaLog - Clicked on Elements Card...
Title of this Page is: DEMOQA
You can now Access: Elements
 
Page Text is: Please select an item from left to start practice.
2025-08-25 21:09:10 [main] INFO  demoqaBase - Clicking on Elements|Links|Home Link...
2025-08-25 21:09:10 [main] INFO  demoqaBase - Clicked on Elements|Links|Home Link...
2025-08-25 21:09:10 [main] INFO  demoqaBase - Clicking on Elements|Links|Moved Link...
2025-08-25 21:09:10 [main] INFO  demoqaBase - Clicked on Elements|Links|Moved Link...
2025-08-25 21:09:10 [main] INFO  FetchLinkResponse - Fetching link response...
2025-08-25 21:09:10 [main] INFO  FetchLinkResponse - Response fetched: Moved
Moved
2025-08-25 21:09:10 [main] INFO  demoqaBase - Clicked on Elements|Links|Moved Link Link response is: Moved
2025-08-25 21:09:10 [main] INFO  demoqaBase - Test for Elements|Links|Moved Link Completed Successfully...
]]></system-out>
  </testcase>
  <testcase name="ClickBadRequestLink" classname="tests.ElementsTests" time="1.171">
    <system-out><![CDATA[2025-08-25 21:09:10 [main] INFO  demoqaBase - Closing the Browser...
2025-08-25 21:09:11 [main] INFO  demoqaBase - Starting Web Browser...
2025-08-25 21:09:12 [main] INFO  demoqaBase - Navigating to demoqa.com Website
2025-08-25 21:09:30 [main] INFO  RetryUrlAccess - Successfully navigated to: https://demoqa.com
Instance Variables Declared are: nullnull
2025-08-25 21:09:30 [main] INFO  demoqaBase - Accessing Elements Card...
2025-08-25 21:09:31 [main] INFO  RetryUrlAccess - Successfully navigated to: https://demoqa.com
2025-08-25 21:09:31 [main] INFO  demoqaLog - Clicking on Elements Card...
2025-08-25 21:09:31 [main] WARN  demoqaLog - ⚠️ JS click failed, falling back to native click.
2025-08-25 21:09:31 [main] INFO  demoqaLog - Clicked on Elements Card...
Title of this Page is: DEMOQA
You can now Access: Elements
 
Page Text is: Please select an item from left to start practice.
2025-08-25 21:09:31 [main] INFO  demoqaBase - Clicking on Elements|Links|Home Link...
2025-08-25 21:09:31 [main] INFO  demoqaBase - Clicked on Elements|Links|Home Link...
2025-08-25 21:09:31 [main] INFO  demoqaBase - Clicking on Elements|Links|Bad Request Link...
2025-08-25 21:09:31 [main] INFO  demoqaBase - Clicked on Elements|Links|Bad Request Link...
2025-08-25 21:09:31 [main] INFO  FetchLinkResponse - Fetching link response...
2025-08-25 21:09:31 [main] INFO  FetchLinkResponse - Response fetched: Bad Request
Bad Request
2025-08-25 21:09:31 [main] INFO  demoqaBase - Clicked on Elements|Links|Bad Request Link response is: Bad Request
2025-08-25 21:09:31 [main] INFO  demoqaBase - Test for Elements|Links|Bad Request Link Completed Successfully...
]]></system-out>
  </testcase>
  <testcase name="ClickUnauthorizedLink" classname="tests.ElementsTests" time="1.431">
    <system-out><![CDATA[2025-08-25 21:09:31 [main] INFO  demoqaBase - Closing the Browser...
2025-08-25 21:09:32 [main] INFO  demoqaBase - Starting Web Browser...
2025-08-25 21:09:33 [main] INFO  demoqaBase - Navigating to demoqa.com Website
2025-08-25 21:10:03 [main] INFO  RetryUrlAccess - Successfully navigated to: https://demoqa.com
Instance Variables Declared are: nullnull
2025-08-25 21:10:03 [main] INFO  demoqaBase - Accessing Elements Card...
2025-08-25 21:10:04 [main] INFO  RetryUrlAccess - Successfully navigated to: https://demoqa.com
2025-08-25 21:10:04 [main] INFO  demoqaLog - Clicking on Elements Card...
2025-08-25 21:10:04 [main] WARN  demoqaLog - ⚠️ JS click failed, falling back to native click.
2025-08-25 21:10:04 [main] INFO  demoqaLog - Clicked on Elements Card...
Title of this Page is: DEMOQA
You can now Access: Elements
 
Page Text is: Please select an item from left to start practice.
2025-08-25 21:10:04 [main] INFO  demoqaBase - Clicking on Elements|Links|Home Link...
2025-08-25 21:10:04 [main] INFO  demoqaBase - Clicked on Elements|Links|Home Link...
2025-08-25 21:10:04 [main] INFO  demoqaBase - Clicking on Elements|Links|Unauthorized Link...
Waiting for the presence of Element: [[ChromeDriver: chrome on windows (0f8347b64ec61d217ccc44bc0c231748)] -> xpath: //*[@id="unauthorized"]]
2025-08-25 21:10:04 [main] INFO  demoqaBase - Clicked on Elements|Links|Unauthorized Link...
2025-08-25 21:10:04 [main] INFO  FetchLinkResponse - Fetching link response...
2025-08-25 21:10:04 [main] INFO  FetchLinkResponse - Response fetched: Unauthorized
Unauthorized
2025-08-25 21:10:04 [main] INFO  demoqaBase - Clicked on Elements|Links|Unauthorized Link response is: Unauthorized
2025-08-25 21:10:04 [main] INFO  demoqaBase - Test for Elements|Links|Unauthorized Link Completed Successfully...
]]></system-out>
  </testcase>
  <testcase name="ClickForbiddenLink" classname="tests.ElementsTests" time="1.127">
    <system-out><![CDATA[2025-08-25 21:10:04 [main] INFO  demoqaBase - Closing the Browser...
2025-08-25 21:10:04 [main] INFO  demoqaBase - Starting Web Browser...
2025-08-25 21:10:06 [main] INFO  demoqaBase - Navigating to demoqa.com Website
2025-08-25 21:10:36 [main] WARN  RetryUrlAccess - Attempt 1 failed due to retryable error: timeout: timed out receiving message from renderer: 29.076
  (session info: chrome=137.0.7151.120)
build info: version: '4.34.0', revision: '707dcb4246*'
system info: os.name: 'windows 11', os.arch: 'amd64', os.version: '10.0', java.version: '21.0.7'
driver info: org.openqa.selenium.chrome.chromedriver
command: [17f2b74f44dc99160c88bb62f6dcbef9, get {url=https://demoqa.com}]
capabilities {acceptinsecurecerts: false, browsername: chrome, browserversion: 137.0.7151.120, chrome: {chromedriverversion: 137.0.7151.119 (e0ac9d12dff..., userdatadir: /tmp/chrome-profile-829b817...}, fedcm:accounts: true, goog:chromeoptions: {debuggeraddress: localhost:59224}, networkconnectionenabled: false, pageloadstrategy: normal, platformname: windows, proxy: proxy(), se:cdp: ws://localhost:59224/devtoo..., se:cdpversion: 137.0.7151.120, setwindowrect: true, strictfileinteractability: false, timeouts: {implicit: 0, pageload: 300000, script: 30000}, unhandledpromptbehavior: dismiss and notify, webauthn:extension:credblob: true, webauthn:extension:largeblob: true, webauthn:extension:minpinlength: true, webauthn:extension:prf: true, webauthn:virtualauthenticators: true}
session id: 17f2b74f44dc99160c88bb62f6dcbef9. Retrying after 3000ms...
2025-08-25 21:10:39 [main] INFO  RetryUrlAccess - Successfully navigated to: https://demoqa.com
Instance Variables Declared are: nullnull
2025-08-25 21:10:39 [main] INFO  demoqaBase - Accessing Elements Card...
2025-08-25 21:10:40 [main] INFO  RetryUrlAccess - Successfully navigated to: https://demoqa.com
2025-08-25 21:10:40 [main] INFO  demoqaLog - Clicking on Elements Card...
2025-08-25 21:10:40 [main] WARN  demoqaLog - ⚠️ JS click failed, falling back to native click.
2025-08-25 21:10:40 [main] INFO  demoqaLog - Clicked on Elements Card...
Title of this Page is: DEMOQA
You can now Access: Elements
 
Page Text is: Please select an item from left to start practice.
2025-08-25 21:10:40 [main] INFO  demoqaBase - Clicking on Elements|Links|Home Link...
2025-08-25 21:10:40 [main] INFO  demoqaBase - Clicked on Elements|Links|Home Link...
2025-08-25 21:10:40 [main] INFO  demoqaBase - Clicking on Elements|Links|Forbidden Link...
2025-08-25 21:10:41 [main] INFO  demoqaBase - Clicked on Elements|Links|Forbidden Link...
2025-08-25 21:10:41 [main] INFO  FetchLinkResponse - Fetching link response...
2025-08-25 21:10:41 [main] INFO  FetchLinkResponse - Response fetched: Forbidden
Forbidden
2025-08-25 21:10:41 [main] INFO  demoqaBase - Clicked on Elements|Links|Forbidden Link response is: Forbidden
2025-08-25 21:10:41 [main] INFO  demoqaBase - Test for Elements|Links|Forbidden Link Completed Successfully...
]]></system-out>
  </testcase>
  <testcase name="ClickNotFoundLink" classname="tests.ElementsTests" time="1.3">
    <system-out><![CDATA[2025-08-25 21:10:41 [main] INFO  demoqaBase - Closing the Browser...
2025-08-25 21:10:43 [main] INFO  demoqaBase - Starting Web Browser...
2025-08-25 21:10:45 [main] INFO  demoqaBase - Navigating to demoqa.com Website
2025-08-25 21:11:15 [main] WARN  RetryUrlAccess - Attempt 1 failed due to retryable error: timeout: timed out receiving message from renderer: 29.114
  (session info: chrome=137.0.7151.120)
build info: version: '4.34.0', revision: '707dcb4246*'
system info: os.name: 'windows 11', os.arch: 'amd64', os.version: '10.0', java.version: '21.0.7'
driver info: org.openqa.selenium.chrome.chromedriver
command: [f2235eb04a83bc6b3cd84553d9d94a59, get {url=https://demoqa.com}]
capabilities {acceptinsecurecerts: false, browsername: chrome, browserversion: 137.0.7151.120, chrome: {chromedriverversion: 137.0.7151.119 (e0ac9d12dff..., userdatadir: /tmp/chrome-profile-1325971...}, fedcm:accounts: true, goog:chromeoptions: {debuggeraddress: localhost:59395}, networkconnectionenabled: false, pageloadstrategy: normal, platformname: windows, proxy: proxy(), se:cdp: ws://localhost:59395/devtoo..., se:cdpversion: 137.0.7151.120, setwindowrect: true, strictfileinteractability: false, timeouts: {implicit: 0, pageload: 300000, script: 30000}, unhandledpromptbehavior: dismiss and notify, webauthn:extension:credblob: true, webauthn:extension:largeblob: true, webauthn:extension:minpinlength: true, webauthn:extension:prf: true, webauthn:virtualauthenticators: true}
session id: f2235eb04a83bc6b3cd84553d9d94a59. Retrying after 3000ms...
2025-08-25 21:11:19 [main] INFO  RetryUrlAccess - Successfully navigated to: https://demoqa.com
Instance Variables Declared are: nullnull
2025-08-25 21:11:19 [main] INFO  demoqaBase - Accessing Elements Card...
2025-08-25 21:11:19 [main] INFO  RetryUrlAccess - Successfully navigated to: https://demoqa.com
2025-08-25 21:11:19 [main] INFO  demoqaLog - Clicking on Elements Card...
2025-08-25 21:11:19 [main] WARN  demoqaLog - ⚠️ JS click failed, falling back to native click.
2025-08-25 21:11:19 [main] INFO  demoqaLog - Clicked on Elements Card...
Title of this Page is: DEMOQA
You can now Access: Elements
 
Page Text is: Please select an item from left to start practice.
2025-08-25 21:11:19 [main] INFO  demoqaBase - Clicking on Elements|Links|Home Link...
2025-08-25 21:11:20 [main] INFO  demoqaBase - Clicked on Elements|Links|Home Link...
2025-08-25 21:11:20 [main] INFO  demoqaBase - Clicking on Elements|Links|NotFound Link...
2025-08-25 21:11:20 [main] INFO  demoqaBase - Clicked on Elements|Links|NotFound Link...
2025-08-25 21:11:20 [main] INFO  FetchLinkResponse - Fetching link response...
2025-08-25 21:11:20 [main] INFO  FetchLinkResponse - Response fetched: Not Found
Not Found
2025-08-25 21:11:20 [main] INFO  demoqaBase - Clicked on Elements|Links|Not Found Link response is: Not Found
2025-08-25 21:11:20 [main] INFO  demoqaBase - Test for Elements|Links|NotFound Link Completed Successfully...
]]></system-out>
  </testcase>
  <testcase name="ClickAllLinks" classname="tests.ElementsTests" time="27.689">
    <system-out><![CDATA[2025-08-25 21:11:20 [main] INFO  demoqaBase - Closing the Browser...
2025-08-25 21:11:20 [main] INFO  demoqaBase - Starting Web Browser...
2025-08-25 21:11:21 [main] INFO  demoqaBase - Navigating to demoqa.com Website
2025-08-25 21:11:51 [main] WARN  RetryUrlAccess - Attempt 1 failed due to retryable error: timeout: timed out receiving message from renderer: 29.121
  (session info: chrome=137.0.7151.120)
build info: version: '4.34.0', revision: '707dcb4246*'
system info: os.name: 'windows 11', os.arch: 'amd64', os.version: '10.0', java.version: '21.0.7'
driver info: org.openqa.selenium.chrome.chromedriver
command: [af3bd9fa17c5af8aaf6cba667ecdeb1d, get {url=https://demoqa.com}]
capabilities {acceptinsecurecerts: false, browsername: chrome, browserversion: 137.0.7151.120, chrome: {chromedriverversion: 137.0.7151.119 (e0ac9d12dff..., userdatadir: /tmp/chrome-profile-2198aba...}, fedcm:accounts: true, goog:chromeoptions: {debuggeraddress: localhost:59566}, networkconnectionenabled: false, pageloadstrategy: normal, platformname: windows, proxy: proxy(), se:cdp: ws://localhost:59566/devtoo..., se:cdpversion: 137.0.7151.120, setwindowrect: true, strictfileinteractability: false, timeouts: {implicit: 0, pageload: 300000, script: 30000}, unhandledpromptbehavior: dismiss and notify, webauthn:extension:credblob: true, webauthn:extension:largeblob: true, webauthn:extension:minpinlength: true, webauthn:extension:prf: true, webauthn:virtualauthenticators: true}
session id: af3bd9fa17c5af8aaf6cba667ecdeb1d. Retrying after 3000ms...
2025-08-25 21:11:55 [main] INFO  RetryUrlAccess - Successfully navigated to: https://demoqa.com
Instance Variables Declared are: nullnull
2025-08-25 21:11:55 [main] INFO  demoqaBase - Accessing Elements Card...
2025-08-25 21:11:57 [main] INFO  RetryUrlAccess - Successfully navigated to: https://demoqa.com
2025-08-25 21:11:57 [main] INFO  demoqaLog - Clicking on Elements Card...
2025-08-25 21:11:57 [main] WARN  demoqaLog - ⚠️ JS click failed, falling back to native click.
2025-08-25 21:11:57 [main] INFO  demoqaLog - Clicked on Elements Card...
Title of this Page is: DEMOQA
You can now Access: Elements
 
Page Text is: Please select an item from left to start practice.
2025-08-25 21:11:57 [main] INFO  demoqaBase - Clicking on Elements|Links|Home Link...
2025-08-25 21:11:57 [main] INFO  demoqaBase - Clicked on Elements|Links|Home Link...
2025-08-25 21:11:57 [main] INFO  demoqaBase - Clicking on Elements|Links|Home Link...
2025-08-25 21:11:58 [main] INFO  demoqaBase - Clicked on Elements|Links|Home Link...
2025-08-25 21:12:01 [main] INFO  demoqaBase - Clicking on Elements|Links|DynamicHome Link...
2025-08-25 21:12:01 [main] INFO  demoqaBase - Clicked on Elements|Links|DynamicHome Link...
2025-08-25 21:12:04 [main] INFO  demoqaBase - Clicking on Elements|Links|Created Link...
Waiting for the presence of Element: [[ChromeDriver: chrome on windows (af3bd9fa17c5af8aaf6cba667ecdeb1d)] -> xpath: //*[@id='created']]
2025-08-25 21:12:04 [main] INFO  demoqaBase - Clicked on Elements|Links|Created Link...
2025-08-25 21:12:04 [main] INFO  FetchLinkResponse - Fetching link response...
2025-08-25 21:12:04 [main] INFO  FetchLinkResponse - Response fetched: Created
Created
2025-08-25 21:12:04 [main] INFO  demoqaBase - Clicked on Elements|Links|Created Link response is: Created
2025-08-25 21:12:07 [main] INFO  demoqaBase - Clicking on Elements|Links|No Content Link...
Waiting for the presence of Element: [[ChromeDriver: chrome on windows (af3bd9fa17c5af8aaf6cba667ecdeb1d)] -> xpath: //*[@id="no-content"]]
2025-08-25 21:12:07 [main] INFO  demoqaBase - Clicked on Elements|Links|No Content Link...
2025-08-25 21:12:07 [main] INFO  FetchLinkResponse - Fetching link response...
2025-08-25 21:12:07 [main] INFO  FetchLinkResponse - Response fetched: No Content
No Content
2025-08-25 21:12:07 [main] INFO  demoqaBase - Clicked on Elements|Links|No Content Link response is: No Content
2025-08-25 21:12:10 [main] INFO  demoqaBase - Clicking on Elements|Links|Moved Link...
2025-08-25 21:12:10 [main] INFO  demoqaBase - Clicked on Elements|Links|Moved Link...
2025-08-25 21:12:10 [main] INFO  FetchLinkResponse - Fetching link response...
2025-08-25 21:12:10 [main] INFO  FetchLinkResponse - Response fetched: Moved
Moved
2025-08-25 21:12:10 [main] INFO  demoqaBase - Clicked on Elements|Links|Moved Link Link response is: Moved
2025-08-25 21:12:13 [main] INFO  demoqaBase - Clicking on Elements|Links|Bad Request Link...
2025-08-25 21:12:13 [main] INFO  demoqaBase - Clicked on Elements|Links|Bad Request Link...
2025-08-25 21:12:13 [main] INFO  FetchLinkResponse - Fetching link response...
2025-08-25 21:12:13 [main] INFO  FetchLinkResponse - Response fetched: Bad Request
Bad Request
2025-08-25 21:12:13 [main] INFO  demoqaBase - Clicked on Elements|Links|Bad Request Link response is: Bad Request
2025-08-25 21:12:16 [main] INFO  demoqaBase - Clicking on Elements|Links|Unauthorized Link...
Waiting for the presence of Element: [[ChromeDriver: chrome on windows (af3bd9fa17c5af8aaf6cba667ecdeb1d)] -> xpath: //*[@id="unauthorized"]]
2025-08-25 21:12:16 [main] INFO  demoqaBase - Clicked on Elements|Links|Unauthorized Link...
2025-08-25 21:12:16 [main] INFO  FetchLinkResponse - Fetching link response...
2025-08-25 21:12:16 [main] INFO  FetchLinkResponse - Response fetched: Unauthorized
Unauthorized
2025-08-25 21:12:16 [main] INFO  demoqaBase - Clicked on Elements|Links|Unauthorized Link response is: Unauthorized
2025-08-25 21:12:19 [main] INFO  demoqaBase - Clicking on Elements|Links|Forbidden Link...
2025-08-25 21:12:19 [main] INFO  demoqaBase - Clicked on Elements|Links|Forbidden Link...
2025-08-25 21:12:19 [main] INFO  FetchLinkResponse - Fetching link response...
2025-08-25 21:12:20 [main] INFO  FetchLinkResponse - Response fetched: Forbidden
Forbidden
2025-08-25 21:12:20 [main] INFO  demoqaBase - Clicked on Elements|Links|Forbidden Link response is: Forbidden
2025-08-25 21:12:23 [main] INFO  demoqaBase - Clicking on Elements|Links|NotFound Link...
2025-08-25 21:12:23 [main] INFO  demoqaBase - Clicked on Elements|Links|NotFound Link...
2025-08-25 21:12:23 [main] INFO  FetchLinkResponse - Fetching link response...
2025-08-25 21:12:23 [main] INFO  FetchLinkResponse - Response fetched: Not Found
Not Found
2025-08-25 21:12:23 [main] INFO  demoqaBase - Clicked on Elements|Links|Not Found Link response is: Not Found
2025-08-25 21:12:23 [main] INFO  demoqaBase - Test for Elements|Links|All Links in One GO Completed Successfully...
]]></system-out>
  </testcase>
  <testcase name="ClickBrokenLinksImages" classname="tests.ElementsTests" time="2.113">
    <system-out><![CDATA[2025-08-25 21:12:23 [main] INFO  demoqaBase - Closing the Browser...
2025-08-25 21:12:23 [main] INFO  demoqaBase - Starting Web Browser...
2025-08-25 21:12:24 [main] INFO  demoqaBase - Navigating to demoqa.com Website
2025-08-25 21:12:54 [main] WARN  RetryUrlAccess - Attempt 1 failed due to retryable error: timeout: timed out receiving message from renderer: 29.120
  (session info: chrome=137.0.7151.120)
build info: version: '4.34.0', revision: '707dcb4246*'
system info: os.name: 'windows 11', os.arch: 'amd64', os.version: '10.0', java.version: '21.0.7'
driver info: org.openqa.selenium.chrome.chromedriver
command: [642e8b70775501b4218d75b9d0fccb77, get {url=https://demoqa.com}]
capabilities {acceptinsecurecerts: false, browsername: chrome, browserversion: 137.0.7151.120, chrome: {chromedriverversion: 137.0.7151.119 (e0ac9d12dff..., userdatadir: /tmp/chrome-profile-2cbc138...}, fedcm:accounts: true, goog:chromeoptions: {debuggeraddress: localhost:59847}, networkconnectionenabled: false, pageloadstrategy: normal, platformname: windows, proxy: proxy(), se:cdp: ws://localhost:59847/devtoo..., se:cdpversion: 137.0.7151.120, setwindowrect: true, strictfileinteractability: false, timeouts: {implicit: 0, pageload: 300000, script: 30000}, unhandledpromptbehavior: dismiss and notify, webauthn:extension:credblob: true, webauthn:extension:largeblob: true, webauthn:extension:minpinlength: true, webauthn:extension:prf: true, webauthn:virtualauthenticators: true}
session id: 642e8b70775501b4218d75b9d0fccb77. Retrying after 3000ms...
2025-08-25 21:13:00 [main] INFO  RetryUrlAccess - Successfully navigated to: https://demoqa.com
Instance Variables Declared are: nullnull
2025-08-25 21:13:00 [main] INFO  demoqaBase - Accessing Elements Card...
2025-08-25 21:13:01 [main] INFO  RetryUrlAccess - Successfully navigated to: https://demoqa.com
2025-08-25 21:13:01 [main] INFO  demoqaLog - Clicking on Elements Card...
2025-08-25 21:13:01 [main] WARN  demoqaLog - ⚠️ JS click failed, falling back to native click.
2025-08-25 21:13:01 [main] INFO  demoqaLog - Clicked on Elements Card...
Title of this Page is: DEMOQA
You can now Access: Elements
 
Page Text is: Please select an item from left to start practice.
2025-08-25 21:13:02 [main] INFO  demoqaBase - Clicking on Elements|Broken Links - Images...
Waiting for the presence of Element: [[ChromeDriver: chrome on windows (642e8b70775501b4218d75b9d0fccb77)] -> xpath: //span[normalize-space()='Broken Links - Images']]
2025-08-25 21:13:02 [main] INFO  demoqaBase - Clicked on Elements|Broken Links - Images...
Page Title is: Broken Links - Images
2025-08-25 21:13:02 [main] INFO  demoqaBase - Test for Elements|Broken Links - Images Completed Successfully...
]]></system-out>
  </testcase>
  <testcase name="GetValidImage" classname="tests.ElementsTests" time="1.382">
    <system-out><![CDATA[2025-08-25 21:13:02 [main] INFO  demoqaBase - Closing the Browser...
2025-08-25 21:13:02 [main] INFO  demoqaBase - Starting Web Browser...
2025-08-25 21:13:03 [main] INFO  demoqaBase - Navigating to demoqa.com Website
2025-08-25 21:13:33 [main] WARN  RetryUrlAccess - Attempt 1 failed due to retryable error: timeout: timed out receiving message from renderer: 29.123
  (session info: chrome=137.0.7151.120)
build info: version: '4.34.0', revision: '707dcb4246*'
system info: os.name: 'windows 11', os.arch: 'amd64', os.version: '10.0', java.version: '21.0.7'
driver info: org.openqa.selenium.chrome.chromedriver
command: [6cbb5fd1c9165749fdac3ae63c18b8ae, get {url=https://demoqa.com}]
capabilities {acceptinsecurecerts: false, browsername: chrome, browserversion: 137.0.7151.120, chrome: {chromedriverversion: 137.0.7151.119 (e0ac9d12dff..., userdatadir: /tmp/chrome-profile-91001e5...}, fedcm:accounts: true, goog:chromeoptions: {debuggeraddress: localhost:60034}, networkconnectionenabled: false, pageloadstrategy: normal, platformname: windows, proxy: proxy(), se:cdp: ws://localhost:60034/devtoo..., se:cdpversion: 137.0.7151.120, setwindowrect: true, strictfileinteractability: false, timeouts: {implicit: 0, pageload: 300000, script: 30000}, unhandledpromptbehavior: dismiss and notify, webauthn:extension:credblob: true, webauthn:extension:largeblob: true, webauthn:extension:minpinlength: true, webauthn:extension:prf: true, webauthn:virtualauthenticators: true}
session id: 6cbb5fd1c9165749fdac3ae63c18b8ae. Retrying after 3000ms...
2025-08-25 21:13:37 [main] INFO  RetryUrlAccess - Successfully navigated to: https://demoqa.com
Instance Variables Declared are: nullnull
2025-08-25 21:13:37 [main] INFO  demoqaBase - Accessing Elements Card...
2025-08-25 21:13:38 [main] INFO  RetryUrlAccess - Successfully navigated to: https://demoqa.com
2025-08-25 21:13:38 [main] INFO  demoqaLog - Clicking on Elements Card...
2025-08-25 21:13:38 [main] WARN  demoqaLog - ⚠️ JS click failed, falling back to native click.
2025-08-25 21:13:38 [main] INFO  demoqaLog - Clicked on Elements Card...
Title of this Page is: DEMOQA
You can now Access: Elements
 
Page Text is: Please select an item from left to start practice.
2025-08-25 21:13:38 [main] INFO  demoqaBase - Clicking on Elements|Broken Links - Images...
Waiting for the presence of Element: [[ChromeDriver: chrome on windows (6cbb5fd1c9165749fdac3ae63c18b8ae)] -> xpath: //span[normalize-space()='Broken Links - Images']]
2025-08-25 21:13:38 [main] INFO  demoqaBase - Clicked on Elements|Broken Links - Images...
Page Title is: Broken Links - Images
2025-08-25 21:13:38 [main] INFO  demoqaBase - Checking for Elements|Broken Links|Valid Image...
Found WebElement of: Valid image
2025-08-25 21:13:38 [main] INFO  demoqaBase - Checked Elements|Broken Links|Valid Image Valid image
2025-08-25 21:13:38 [main] INFO  demoqaBase - Test for Elements|Broken Links - Images|Valid Image Completed Successfully...
]]></system-out>
  </testcase>
  <testcase name="GetBrokenImage" classname="tests.ElementsTests" time="1.308">
    <system-out><![CDATA[2025-08-25 21:13:38 [main] INFO  demoqaBase - Closing the Browser...
2025-08-25 21:13:39 [main] INFO  demoqaBase - Starting Web Browser...
2025-08-25 21:13:40 [main] INFO  demoqaBase - Navigating to demoqa.com Website
2025-08-25 21:14:10 [main] WARN  RetryUrlAccess - Attempt 1 failed due to retryable error: timeout: timed out receiving message from renderer: 29.075
  (session info: chrome=137.0.7151.120)
build info: version: '4.34.0', revision: '707dcb4246*'
system info: os.name: 'windows 11', os.arch: 'amd64', os.version: '10.0', java.version: '21.0.7'
driver info: org.openqa.selenium.chrome.chromedriver
command: [fe20b39e0997694ad488951fd8e16fcc, get {url=https://demoqa.com}]
capabilities {acceptinsecurecerts: false, browsername: chrome, browserversion: 137.0.7151.120, chrome: {chromedriverversion: 137.0.7151.119 (e0ac9d12dff..., userdatadir: /tmp/chrome-profile-c4235a8...}, fedcm:accounts: true, goog:chromeoptions: {debuggeraddress: localhost:60209}, networkconnectionenabled: false, pageloadstrategy: normal, platformname: windows, proxy: proxy(), se:cdp: ws://localhost:60209/devtoo..., se:cdpversion: 137.0.7151.120, setwindowrect: true, strictfileinteractability: false, timeouts: {implicit: 0, pageload: 300000, script: 30000}, unhandledpromptbehavior: dismiss and notify, webauthn:extension:credblob: true, webauthn:extension:largeblob: true, webauthn:extension:minpinlength: true, webauthn:extension:prf: true, webauthn:virtualauthenticators: true}
session id: fe20b39e0997694ad488951fd8e16fcc. Retrying after 3000ms...
2025-08-25 21:14:14 [main] INFO  RetryUrlAccess - Successfully navigated to: https://demoqa.com
Instance Variables Declared are: nullnull
2025-08-25 21:14:14 [main] INFO  demoqaBase - Accessing Elements Card...
2025-08-25 21:14:14 [main] INFO  RetryUrlAccess - Successfully navigated to: https://demoqa.com
2025-08-25 21:14:14 [main] INFO  demoqaLog - Clicking on Elements Card...
2025-08-25 21:14:14 [main] WARN  demoqaLog - ⚠️ JS click failed, falling back to native click.
2025-08-25 21:14:14 [main] INFO  demoqaLog - Clicked on Elements Card...
Title of this Page is: DEMOQA
You can now Access: Elements
 
Page Text is: Please select an item from left to start practice.
2025-08-25 21:14:14 [main] INFO  demoqaBase - Clicking on Elements|Broken Links - Images...
Waiting for the presence of Element: [[ChromeDriver: chrome on windows (fe20b39e0997694ad488951fd8e16fcc)] -> xpath: //span[normalize-space()='Broken Links - Images']]
2025-08-25 21:14:15 [main] INFO  demoqaBase - Clicked on Elements|Broken Links - Images...
Page Title is: Broken Links - Images
2025-08-25 21:14:15 [main] INFO  demoqaBase - Checking for Elements|Broken Links|Valid Image...
Found WebElement of: Broken image
2025-08-25 21:14:15 [main] INFO  demoqaBase - Checked Elements|Broken Links|Broken Image Broken image
2025-08-25 21:14:15 [main] INFO  demoqaBase - Test for Elements|Broken Links - Images|Broken Image Completed Successfully...
]]></system-out>
  </testcase>
  <testcase name="BrokenLinksBrokenlink" classname="tests.ElementsTests" time="4.834">
    <system-out><![CDATA[2025-08-25 21:14:15 [main] INFO  demoqaBase - Closing the Browser...
2025-08-25 21:14:15 [main] INFO  demoqaBase - Starting Web Browser...
2025-08-25 21:14:16 [main] INFO  demoqaBase - Navigating to demoqa.com Website
2025-08-25 21:14:46 [main] WARN  RetryUrlAccess - Attempt 1 failed due to retryable error: timeout: timed out receiving message from renderer: 29.071
  (session info: chrome=137.0.7151.120)
build info: version: '4.34.0', revision: '707dcb4246*'
system info: os.name: 'windows 11', os.arch: 'amd64', os.version: '10.0', java.version: '21.0.7'
driver info: org.openqa.selenium.chrome.chromedriver
command: [4b3b50aa7d81d9a3a5b33a5d64e11bf3, get {url=https://demoqa.com}]
capabilities {acceptinsecurecerts: false, browsername: chrome, browserversion: 137.0.7151.120, chrome: {chromedriverversion: 137.0.7151.119 (e0ac9d12dff..., userdatadir: /tmp/chrome-profile-9146458...}, fedcm:accounts: true, goog:chromeoptions: {debuggeraddress: localhost:60467}, networkconnectionenabled: false, pageloadstrategy: normal, platformname: windows, proxy: proxy(), se:cdp: ws://localhost:60467/devtoo..., se:cdpversion: 137.0.7151.120, setwindowrect: true, strictfileinteractability: false, timeouts: {implicit: 0, pageload: 300000, script: 30000}, unhandledpromptbehavior: dismiss and notify, webauthn:extension:credblob: true, webauthn:extension:largeblob: true, webauthn:extension:minpinlength: true, webauthn:extension:prf: true, webauthn:virtualauthenticators: true}
session id: 4b3b50aa7d81d9a3a5b33a5d64e11bf3. Retrying after 3000ms...
2025-08-25 21:14:50 [main] INFO  RetryUrlAccess - Successfully navigated to: https://demoqa.com
Instance Variables Declared are: nullnull
2025-08-25 21:14:50 [main] INFO  demoqaBase - Accessing Elements Card...
2025-08-25 21:14:51 [main] INFO  RetryUrlAccess - Successfully navigated to: https://demoqa.com
2025-08-25 21:14:51 [main] INFO  demoqaLog - Clicking on Elements Card...
2025-08-25 21:14:51 [main] WARN  demoqaLog - ⚠️ JS click failed, falling back to native click.
2025-08-25 21:14:51 [main] INFO  demoqaLog - Clicked on Elements Card...
Title of this Page is: DEMOQA
You can now Access: Elements
 
Page Text is: Please select an item from left to start practice.
2025-08-25 21:14:51 [main] INFO  demoqaBase - Clicking on Elements|Broken Links - Images...
Waiting for the presence of Element: [[ChromeDriver: chrome on windows (4b3b50aa7d81d9a3a5b33a5d64e11bf3)] -> xpath: //span[normalize-space()='Broken Links - Images']]
2025-08-25 21:14:51 [main] INFO  demoqaBase - Clicked on Elements|Broken Links - Images...
Page Title is: Broken Links - Images
2025-08-25 21:14:51 [main] INFO  demoqaBase - Checking for Elements|Broken Links|Broken Link...
Waiting for the presence of Element: [[ChromeDriver: chrome on windows (4b3b50aa7d81d9a3a5b33a5d64e11bf3)] -> xpath: //a[normalize-space()='Click Here for Broken Link']]
2025-08-25 21:14:55 [main] INFO  demoqaBase - Clicked on Elements|Broken Links - Images|Broken Link...
Broken Link Response is: This page returned a 500 status code.

For a definition and common list of HTTP status codes, go here
2025-08-25 21:14:55 [main] INFO  demoqaBase - Broken Link Response is: This page returned a 500 status code.

For a definition and common list of HTTP status codes, go here
2025-08-25 21:14:55 [main] INFO  demoqaBase - Test for Elements|Broken Links - Images|Broken Link Completed Successfully...
]]></system-out>
  </testcase>
  <testcase name="BrokenLinksValidlink" classname="tests.ElementsTests" time="1.78">
    <system-out><![CDATA[2025-08-25 21:14:55 [main] INFO  demoqaBase - Closing the Browser...
2025-08-25 21:14:55 [main] INFO  demoqaBase - Starting Web Browser...
2025-08-25 21:14:56 [main] INFO  demoqaBase - Navigating to demoqa.com Website
2025-08-25 21:15:26 [main] INFO  RetryUrlAccess - Successfully navigated to: https://demoqa.com
Instance Variables Declared are: nullnull
2025-08-25 21:15:26 [main] INFO  demoqaBase - Accessing Elements Card...
2025-08-25 21:15:27 [main] INFO  RetryUrlAccess - Successfully navigated to: https://demoqa.com
2025-08-25 21:15:27 [main] INFO  demoqaLog - Clicking on Elements Card...
2025-08-25 21:15:27 [main] WARN  demoqaLog - ⚠️ JS click failed, falling back to native click.
2025-08-25 21:15:27 [main] INFO  demoqaLog - Clicked on Elements Card...
Title of this Page is: DEMOQA
You can now Access: Elements
 
Page Text is: Please select an item from left to start practice.
2025-08-25 21:15:27 [main] INFO  demoqaBase - Clicking on Elements|Broken Links - Images...
Waiting for the presence of Element: [[ChromeDriver: chrome on windows (124684e9f8b82bc2510478f6eac352ca)] -> xpath: //span[normalize-space()='Broken Links - Images']]
2025-08-25 21:15:27 [main] INFO  demoqaBase - Clicked on Elements|Broken Links - Images...
Page Title is: Broken Links - Images
2025-08-25 21:15:27 [main] INFO  demoqaBase - Checking for Elements|Broken Links|Valid Link...
Waiting for the presence of Element: [[ChromeDriver: chrome on windows (124684e9f8b82bc2510478f6eac352ca)] -> xpath: //a[normalize-space()='Click Here for Valid Link']]
2025-08-25 21:15:28 [main] INFO  demoqaBase - Clicked on Elements|Broken Links - Images|Valid Link...
Logo of Valid Link Clicked https://demoqa.com/images/Toolsqa.jpg
2025-08-25 21:15:28 [main] INFO  demoqaBase - Logo source: https://demoqa.com/images/Toolsqa.jpg
2025-08-25 21:15:28 [main] INFO  demoqaBase - Test for Elements|Broken Links - Images|Valid Link Completed Successfully...
]]></system-out>
  </testcase>
  <testcase name="UploadDownloadlink" classname="tests.ElementsTests" time="0.836">
    <system-out><![CDATA[2025-08-25 21:15:28 [main] INFO  demoqaBase - Closing the Browser...
2025-08-25 21:15:28 [main] INFO  demoqaBase - Starting Web Browser...
2025-08-25 21:15:29 [main] INFO  demoqaBase - Navigating to demoqa.com Website
2025-08-25 21:15:59 [main] WARN  RetryUrlAccess - Attempt 1 failed due to retryable error: timeout: timed out receiving message from renderer: 29.127
  (session info: chrome=137.0.7151.120)
build info: version: '4.34.0', revision: '707dcb4246*'
system info: os.name: 'windows 11', os.arch: 'amd64', os.version: '10.0', java.version: '21.0.7'
driver info: org.openqa.selenium.chrome.chromedriver
command: [95038b5dc3fda0e40f20a872a179a546, get {url=https://demoqa.com}]
capabilities {acceptinsecurecerts: false, browsername: chrome, browserversion: 137.0.7151.120, chrome: {chromedriverversion: 137.0.7151.119 (e0ac9d12dff..., userdatadir: /tmp/chrome-profile-64cf261...}, fedcm:accounts: true, goog:chromeoptions: {debuggeraddress: localhost:60855}, networkconnectionenabled: false, pageloadstrategy: normal, platformname: windows, proxy: proxy(), se:cdp: ws://localhost:60855/devtoo..., se:cdpversion: 137.0.7151.120, setwindowrect: true, strictfileinteractability: false, timeouts: {implicit: 0, pageload: 300000, script: 30000}, unhandledpromptbehavior: dismiss and notify, webauthn:extension:credblob: true, webauthn:extension:largeblob: true, webauthn:extension:minpinlength: true, webauthn:extension:prf: true, webauthn:virtualauthenticators: true}
session id: 95038b5dc3fda0e40f20a872a179a546. Retrying after 3000ms...
2025-08-25 21:16:03 [main] INFO  RetryUrlAccess - Successfully navigated to: https://demoqa.com
Instance Variables Declared are: nullnull
2025-08-25 21:16:03 [main] INFO  demoqaBase - Accessing Elements Card...
2025-08-25 21:16:03 [main] INFO  RetryUrlAccess - Successfully navigated to: https://demoqa.com
2025-08-25 21:16:03 [main] INFO  demoqaLog - Clicking on Elements Card...
2025-08-25 21:16:04 [main] WARN  demoqaLog - ⚠️ JS click failed, falling back to native click.
2025-08-25 21:16:04 [main] INFO  demoqaLog - Clicked on Elements Card...
Title of this Page is: DEMOQA
You can now Access: Elements
 
Page Text is: Please select an item from left to start practice.
2025-08-25 21:16:04 [main] INFO  demoqaBase - Checking for Elements|Upload and Download|Download Button...
Waiting for the Element to be Clickable: [[ChromeDriver: chrome on windows (95038b5dc3fda0e40f20a872a179a546)] -> xpath: //div[@class='element-list collapse show']//li[@id='item-7']]
2025-08-25 21:16:04 [main] INFO  demoqaBase - Clicked on Elements|Upload and Download...
2025-08-25 21:16:04 [main] INFO  demoqaBase - Test for Elements|Upload and Download Link Completed Successfully...
]]></system-out>
  </testcase>
  <testcase name="Downloadbtn" classname="tests.ElementsTests" time="1.393">
    <failure message="File was not downloaded successfully. expected [true] but found [false]" type="java.lang.AssertionError"><![CDATA[java.lang.AssertionError: File was not downloaded successfully. expected [true] but found [false]
	at org.testng.Assert.fail(Assert.java:111)
	at org.testng.Assert.failNotEquals(Assert.java:1590)
	at org.testng.Assert.assertTrue(Assert.java:57)
	at pages.elementsPage.DownloadFile(elementsPage.java:1167)
	at tests.ElementsTests.Downloadbtn(ElementsTests.java:1120)
	at java.base/jdk.internal.reflect.DirectMethodHandleAccessor.invoke(DirectMethodHandleAccessor.java:103)
	at java.base/java.lang.reflect.Method.invoke(Method.java:580)
	at org.testng.internal.invokers.MethodInvocationHelper.invokeMethod(MethodInvocationHelper.java:141)
	at org.testng.internal.invokers.TestInvoker.invokeMethod(TestInvoker.java:687)
	at org.testng.internal.invokers.TestInvoker.invokeTestMethod(TestInvoker.java:230)
	at org.testng.internal.invokers.MethodRunner.runInSequence(MethodRunner.java:63)
	at org.testng.internal.invokers.TestInvoker$MethodInvocationAgent.invoke(TestInvoker.java:995)
	at org.testng.internal.invokers.TestInvoker.invokeTestMethods(TestInvoker.java:203)
	at org.testng.internal.invokers.TestMethodWorker.invokeTestMethods(TestMethodWorker.java:154)
	at org.testng.internal.invokers.TestMethodWorker.run(TestMethodWorker.java:134)
	at java.base/java.util.ArrayList.forEach(ArrayList.java:1596)
	at org.testng.TestRunner.privateRun(TestRunner.java:741)
	at org.testng.TestRunner.run(TestRunner.java:616)
	at org.testng.SuiteRunner.runTest(SuiteRunner.java:421)
	at org.testng.SuiteRunner.runSequentially(SuiteRunner.java:413)
	at org.testng.SuiteRunner.privateRun(SuiteRunner.java:373)
	at org.testng.SuiteRunner.run(SuiteRunner.java:312)
	at org.testng.SuiteRunnerWorker.runSuite(SuiteRunnerWorker.java:52)
	at org.testng.SuiteRunnerWorker.run(SuiteRunnerWorker.java:95)
	at org.testng.TestNG.runSuitesSequentially(TestNG.java:1274)
	at org.testng.TestNG.runSuitesLocally(TestNG.java:1208)
	at org.testng.TestNG.runSuites(TestNG.java:1112)
	at org.testng.TestNG.run(TestNG.java:1079)
	at org.apache.maven.surefire.testng.TestNGExecutor.run(TestNGExecutor.java:155)
	at org.apache.maven.surefire.testng.TestNGDirectoryTestSuite.executeMulti(TestNGDirectoryTestSuite.java:169)
	at org.apache.maven.surefire.testng.TestNGDirectoryTestSuite.execute(TestNGDirectoryTestSuite.java:88)
	at org.apache.maven.surefire.testng.TestNGProvider.invoke(TestNGProvider.java:137)
	at org.apache.maven.surefire.booter.ForkedBooter.runSuitesInProcess(ForkedBooter.java:385)
	at org.apache.maven.surefire.booter.ForkedBooter.execute(ForkedBooter.java:162)
	at org.apache.maven.surefire.booter.ForkedBooter.run(ForkedBooter.java:507)
	at org.apache.maven.surefire.booter.ForkedBooter.main(ForkedBooter.java:495)
]]></failure>
    <system-out><![CDATA[2025-08-25 21:16:04 [main] INFO  demoqaBase - Closing the Browser...
2025-08-25 21:16:04 [main] INFO  demoqaBase - Starting Web Browser...
2025-08-25 21:16:05 [main] INFO  demoqaBase - Navigating to demoqa.com Website
2025-08-25 21:16:35 [main] WARN  RetryUrlAccess - Attempt 1 failed due to retryable error: timeout: timed out receiving message from renderer: 29.110
  (session info: chrome=137.0.7151.120)
build info: version: '4.34.0', revision: '707dcb4246*'
system info: os.name: 'windows 11', os.arch: 'amd64', os.version: '10.0', java.version: '21.0.7'
driver info: org.openqa.selenium.chrome.chromedriver
command: [582f3433f71a17292eaa7c0d474d61b1, get {url=https://demoqa.com}]
capabilities {acceptinsecurecerts: false, browsername: chrome, browserversion: 137.0.7151.120, chrome: {chromedriverversion: 137.0.7151.119 (e0ac9d12dff..., userdatadir: /tmp/chrome-profile-405d325...}, fedcm:accounts: true, goog:chromeoptions: {debuggeraddress: localhost:61110}, networkconnectionenabled: false, pageloadstrategy: normal, platformname: windows, proxy: proxy(), se:cdp: ws://localhost:61110/devtoo..., se:cdpversion: 137.0.7151.120, setwindowrect: true, strictfileinteractability: false, timeouts: {implicit: 0, pageload: 300000, script: 30000}, unhandledpromptbehavior: dismiss and notify, webauthn:extension:credblob: true, webauthn:extension:largeblob: true, webauthn:extension:minpinlength: true, webauthn:extension:prf: true, webauthn:virtualauthenticators: true}
session id: 582f3433f71a17292eaa7c0d474d61b1. Retrying after 3000ms...
2025-08-25 21:16:39 [main] INFO  RetryUrlAccess - Successfully navigated to: https://demoqa.com
Instance Variables Declared are: nullnull
2025-08-25 21:16:39 [main] INFO  demoqaBase - Accessing Elements Card...
2025-08-25 21:16:39 [main] INFO  RetryUrlAccess - Successfully navigated to: https://demoqa.com
2025-08-25 21:16:39 [main] INFO  demoqaLog - Clicking on Elements Card...
2025-08-25 21:16:39 [main] WARN  demoqaLog - ⚠️ JS click failed, falling back to native click.
2025-08-25 21:16:40 [main] INFO  demoqaLog - Clicked on Elements Card...
Title of this Page is: DEMOQA
You can now Access: Elements
 
Page Text is: Please select an item from left to start practice.
2025-08-25 21:16:40 [main] INFO  demoqaBase - Checking for Elements|Upload and Download|Download Button...
Waiting for the Element to be Clickable: [[ChromeDriver: chrome on windows (582f3433f71a17292eaa7c0d474d61b1)] -> xpath: //div[@class='element-list collapse show']//li[@id='item-7']]
2025-08-25 21:16:40 [main] INFO  demoqaBase - Clicked on Elements|Upload and Download...
2025-08-25 21:16:40 [main] INFO  demoqaBase - Clicking on Elements|Upload and Download|Download Button...
Deleting Existing file before download...
Waiting for Element to be clickable: [[ChromeDriver: chrome on windows (582f3433f71a17292eaa7c0d474d61b1)] -> xpath: //*[@id='downloadButton']]
2025-08-25 21:16:40 [main] INFO  demoqaBase - Clicked on Elements|Upload and Download|Download Button...
Downloaded file is: C:\Users\dell\Downloads\sampleFile.jpeg
]]></system-out>
  </testcase>
  <testcase name="Uploadbtn" classname="tests.ElementsTests" time="1.522">
    <system-out><![CDATA[Path for Screenshot is: C:\ASN\eclipse_workspace\demoqa-automation/screenshots/com.aventstack.extentreports.ExtentTest@75eb3fadTest Failed+2025-08-25_21-16-40.png
2025-08-25 21:16:41 [main] INFO  demoqaBase - Closing the Browser...
2025-08-25 21:16:41 [main] INFO  demoqaBase - Starting Web Browser...
2025-08-25 21:16:42 [main] INFO  demoqaBase - Navigating to demoqa.com Website
2025-08-25 21:17:12 [main] WARN  RetryUrlAccess - Attempt 1 failed due to retryable error: timeout: timed out receiving message from renderer: 29.133
  (session info: chrome=137.0.7151.120)
build info: version: '4.34.0', revision: '707dcb4246*'
system info: os.name: 'windows 11', os.arch: 'amd64', os.version: '10.0', java.version: '21.0.7'
driver info: org.openqa.selenium.chrome.chromedriver
command: [4db6e167fae87cd5961f85fbd483d7da, get {url=https://demoqa.com}]
capabilities {acceptinsecurecerts: false, browsername: chrome, browserversion: 137.0.7151.120, chrome: {chromedriverversion: 137.0.7151.119 (e0ac9d12dff..., userdatadir: /tmp/chrome-profile-1fd11b1...}, fedcm:accounts: true, goog:chromeoptions: {debuggeraddress: localhost:61300}, networkconnectionenabled: false, pageloadstrategy: normal, platformname: windows, proxy: proxy(), se:cdp: ws://localhost:61300/devtoo..., se:cdpversion: 137.0.7151.120, setwindowrect: true, strictfileinteractability: false, timeouts: {implicit: 0, pageload: 300000, script: 30000}, unhandledpromptbehavior: dismiss and notify, webauthn:extension:credblob: true, webauthn:extension:largeblob: true, webauthn:extension:minpinlength: true, webauthn:extension:prf: true, webauthn:virtualauthenticators: true}
session id: 4db6e167fae87cd5961f85fbd483d7da. Retrying after 3000ms...
2025-08-25 21:17:16 [main] INFO  RetryUrlAccess - Successfully navigated to: https://demoqa.com
Instance Variables Declared are: nullnull
2025-08-25 21:17:16 [main] INFO  demoqaBase - Accessing Elements Card...
2025-08-25 21:17:17 [main] INFO  RetryUrlAccess - Successfully navigated to: https://demoqa.com
2025-08-25 21:17:17 [main] INFO  demoqaLog - Clicking on Elements Card...
2025-08-25 21:17:17 [main] WARN  demoqaLog - ⚠️ JS click failed, falling back to native click.
2025-08-25 21:17:17 [main] INFO  demoqaLog - Clicked on Elements Card...
Title of this Page is: DEMOQA
You can now Access: Elements
 
Page Text is: Please select an item from left to start practice.
2025-08-25 21:17:17 [main] INFO  demoqaBase - Checking for Elements|Upload and Download|Download Button...
Waiting for the Element to be Clickable: [[ChromeDriver: chrome on windows (4db6e167fae87cd5961f85fbd483d7da)] -> xpath: //div[@class='element-list collapse show']//li[@id='item-7']]
2025-08-25 21:17:18 [main] INFO  demoqaBase - Clicked on Elements|Upload and Download...
2025-08-25 21:17:18 [main] INFO  demoqaBase - Checking for Elements|Upload and Download|Upload Button...
File being Uploaded is: C:\ASN\eclipse_workspace\demoqa-automation\TestData
Uploading: C:\ASN\eclipse_workspace\demoqa-automation\TestData\Ophoto.jpg
Uploaded photo: [[ChromeDriver: chrome on windows (4db6e167fae87cd5961f85fbd483d7da)] -> id: uploadFile]
2025-08-25 21:17:18 [main] INFO  demoqaBase - Clicked on Elements|Upload and Download|Upload Button...
2025-08-25 21:17:18 [main] INFO  FetchLinkResponse - Fetching link response...
2025-08-25 21:17:18 [main] INFO  FetchLinkResponse - Response fetched: C:\fakepath\Ophoto.jpg
C:\fakepath\Ophoto.jpg
2025-08-25 21:17:18 [main] INFO  demoqaBase - Clicked on Elements|Upload and Download|Upload response is: C:\fakepath\Ophoto.jpg
2025-08-25 21:17:18 [main] INFO  demoqaBase - Test for Elements|Upload and Download|Upload Button Completed Successfully...
]]></system-out>
  </testcase>
  <testcase name="DynamicPropertiesbtn" classname="tests.ElementsTests" time="1.18">
    <system-out><![CDATA[2025-08-25 21:17:18 [main] INFO  demoqaBase - Closing the Browser...
2025-08-25 21:17:18 [main] INFO  demoqaBase - Starting Web Browser...
2025-08-25 21:17:19 [main] INFO  demoqaBase - Navigating to demoqa.com Website
2025-08-25 21:17:45 [main] INFO  RetryUrlAccess - Successfully navigated to: https://demoqa.com
Instance Variables Declared are: nullnull
2025-08-25 21:17:45 [main] INFO  demoqaBase - Accessing Elements Card...
2025-08-25 21:17:46 [main] INFO  RetryUrlAccess - Successfully navigated to: https://demoqa.com
2025-08-25 21:17:46 [main] INFO  demoqaLog - Clicking on Elements Card...
2025-08-25 21:17:46 [main] WARN  demoqaLog - ⚠️ JS click failed, falling back to native click.
2025-08-25 21:17:46 [main] INFO  demoqaLog - Clicked on Elements Card...
Title of this Page is: DEMOQA
You can now Access: Elements
 
Page Text is: Please select an item from left to start practice.
2025-08-25 21:17:46 [main] INFO  demoqaBase - Checking for Elements|Dynamic Properties Button...
Waiting for the Element to be Clickable: [[ChromeDriver: chrome on windows (62c7f88a73300468ff7cc053e039361d)] -> xpath: //div[@class='element-list collapse show']//li[@id='item-8']]
2025-08-25 21:17:46 [main] INFO  demoqaBase - Clicked on Elements|Dynamic Properties...
Dynamic Properties Page Tile is: Dynamic Properties
2025-08-25 21:17:46 [main] INFO  demoqaBase - Test for Elements|Dynamic Properties Button Completed Successfully...
]]></system-out>
  </testcase>
  <testcase name="ColorChangebtn" classname="tests.ElementsTests" time="1.382">
    <system-out><![CDATA[2025-08-25 21:17:46 [main] INFO  demoqaBase - Closing the Browser...
2025-08-25 21:17:46 [main] INFO  demoqaBase - Starting Web Browser...
2025-08-25 21:17:47 [main] INFO  demoqaBase - Navigating to demoqa.com Website
2025-08-25 21:18:17 [main] WARN  RetryUrlAccess - Attempt 1 failed due to retryable error: timeout: timed out receiving message from renderer: 29.022
  (session info: chrome=137.0.7151.120)
build info: version: '4.34.0', revision: '707dcb4246*'
system info: os.name: 'windows 11', os.arch: 'amd64', os.version: '10.0', java.version: '21.0.7'
driver info: org.openqa.selenium.chrome.chromedriver
command: [387df476c5993648bce22506dd9b7d9c, get {url=https://demoqa.com}]
capabilities {acceptinsecurecerts: false, browsername: chrome, browserversion: 137.0.7151.120, chrome: {chromedriverversion: 137.0.7151.119 (e0ac9d12dff..., userdatadir: /tmp/chrome-profile-17aa217...}, fedcm:accounts: true, goog:chromeoptions: {debuggeraddress: localhost:61742}, networkconnectionenabled: false, pageloadstrategy: normal, platformname: windows, proxy: proxy(), se:cdp: ws://localhost:61742/devtoo..., se:cdpversion: 137.0.7151.120, setwindowrect: true, strictfileinteractability: false, timeouts: {implicit: 0, pageload: 300000, script: 30000}, unhandledpromptbehavior: dismiss and notify, webauthn:extension:credblob: true, webauthn:extension:largeblob: true, webauthn:extension:minpinlength: true, webauthn:extension:prf: true, webauthn:virtualauthenticators: true}
session id: 387df476c5993648bce22506dd9b7d9c. Retrying after 3000ms...
2025-08-25 21:18:21 [main] INFO  RetryUrlAccess - Successfully navigated to: https://demoqa.com
Instance Variables Declared are: nullnull
2025-08-25 21:18:21 [main] INFO  demoqaBase - Accessing Elements Card...
2025-08-25 21:18:22 [main] INFO  RetryUrlAccess - Successfully navigated to: https://demoqa.com
2025-08-25 21:18:22 [main] INFO  demoqaLog - Clicking on Elements Card...
2025-08-25 21:18:22 [main] WARN  demoqaLog - ⚠️ JS click failed, falling back to native click.
2025-08-25 21:18:22 [main] INFO  demoqaLog - Clicked on Elements Card...
Title of this Page is: DEMOQA
You can now Access: Elements
 
Page Text is: Please select an item from left to start practice.
2025-08-25 21:18:22 [main] INFO  demoqaBase - Checking for Elements|Dynamic Properties Button...
Waiting for the Element to be Clickable: [[ChromeDriver: chrome on windows (387df476c5993648bce22506dd9b7d9c)] -> xpath: //div[@class='element-list collapse show']//li[@id='item-8']]
2025-08-25 21:18:22 [main] INFO  demoqaBase - Clicked on Elements|Dynamic Properties...
Dynamic Properties Page Tile is: Dynamic Properties
2025-08-25 21:18:22 [main] INFO  demoqaBase - Checking for Elements|Dynamic Properties|Color Change Button...
Waiting for the Element to be Clickable: [[ChromeDriver: chrome on windows (387df476c5993648bce22506dd9b7d9c)] -> xpath: //button[@id='colorChange']]
2025-08-25 21:18:22 [main] INFO  demoqaBase - Clicked on Elements|Dynamic Properties|Color Change Button...
Clicked on: Color Change
2025-08-25 21:18:22 [main] INFO  demoqaBase - Test for Elements|Dynamic Properties|Color Change Button Completed Successfully...
]]></system-out>
  </testcase>
  <testcase name="WillEnablebtn" classname="tests.ElementsTests" time="6.474">
    <system-out><![CDATA[2025-08-25 21:18:22 [main] INFO  demoqaBase - Closing the Browser...
2025-08-25 21:18:23 [main] INFO  demoqaBase - Starting Web Browser...
2025-08-25 21:18:24 [main] INFO  demoqaBase - Navigating to demoqa.com Website
2025-08-25 21:18:41 [main] INFO  RetryUrlAccess - Successfully navigated to: https://demoqa.com
Instance Variables Declared are: nullnull
2025-08-25 21:18:41 [main] INFO  demoqaBase - Accessing Elements Card...
2025-08-25 21:18:42 [main] INFO  RetryUrlAccess - Successfully navigated to: https://demoqa.com
2025-08-25 21:18:42 [main] INFO  demoqaLog - Clicking on Elements Card...
2025-08-25 21:18:42 [main] WARN  demoqaLog - ⚠️ JS click failed, falling back to native click.
2025-08-25 21:18:42 [main] INFO  demoqaLog - Clicked on Elements Card...
Title of this Page is: DEMOQA
You can now Access: Elements
 
Page Text is: Please select an item from left to start practice.
2025-08-25 21:18:42 [main] INFO  demoqaBase - Checking for Elements|Dynamic Properties Button...
Waiting for the Element to be Clickable: [[ChromeDriver: chrome on windows (b95ebb6c2471fbab8ccf19af2dd83acd)] -> xpath: //div[@class='element-list collapse show']//li[@id='item-8']]
2025-08-25 21:18:42 [main] INFO  demoqaBase - Clicked on Elements|Dynamic Properties...
Dynamic Properties Page Tile is: Dynamic Properties
2025-08-25 21:18:42 [main] INFO  demoqaBase - Checking for Elements|Dynamic Properties|Will Enable 5 sec Button...
Waiting for the Element to be Clickable: [[ChromeDriver: chrome on windows (b95ebb6c2471fbab8ccf19af2dd83acd)] -> xpath: //button[@id='enableAfter']]
2025-08-25 21:18:48 [main] INFO  demoqaBase - Clicked on Elements|Dynamic Properties|Will Enable 5 sec Button...
Clicked on: Will enable 5 seconds
2025-08-25 21:18:48 [main] INFO  demoqaBase - Test for Elements|Dynamic Properties|Will enable 5 sec Button Completed Successfully...
]]></system-out>
  </testcase>
  <testcase name="VisibleAfterbtn" classname="tests.ElementsTests" time="6.565">
    <system-out><![CDATA[2025-08-25 21:18:48 [main] INFO  demoqaBase - Closing the Browser...
2025-08-25 21:18:48 [main] INFO  demoqaBase - Starting Web Browser...
2025-08-25 21:18:49 [main] INFO  demoqaBase - Navigating to demoqa.com Website
2025-08-25 21:19:19 [main] WARN  RetryUrlAccess - Attempt 1 failed due to retryable error: timeout: timed out receiving message from renderer: 29.108
  (session info: chrome=137.0.7151.120)
build info: version: '4.34.0', revision: '707dcb4246*'
system info: os.name: 'windows 11', os.arch: 'amd64', os.version: '10.0', java.version: '21.0.7'
driver info: org.openqa.selenium.chrome.chromedriver
command: [d40ade389422ca128c9d63ac504e717f, get {url=https://demoqa.com}]
capabilities {acceptinsecurecerts: false, browsername: chrome, browserversion: 137.0.7151.120, chrome: {chromedriverversion: 137.0.7151.119 (e0ac9d12dff..., userdatadir: /tmp/chrome-profile-63204ce...}, fedcm:accounts: true, goog:chromeoptions: {debuggeraddress: localhost:62188}, networkconnectionenabled: false, pageloadstrategy: normal, platformname: windows, proxy: proxy(), se:cdp: ws://localhost:62188/devtoo..., se:cdpversion: 137.0.7151.120, setwindowrect: true, strictfileinteractability: false, timeouts: {implicit: 0, pageload: 300000, script: 30000}, unhandledpromptbehavior: dismiss and notify, webauthn:extension:credblob: true, webauthn:extension:largeblob: true, webauthn:extension:minpinlength: true, webauthn:extension:prf: true, webauthn:virtualauthenticators: true}
session id: d40ade389422ca128c9d63ac504e717f. Retrying after 3000ms...
2025-08-25 21:19:23 [main] INFO  RetryUrlAccess - Successfully navigated to: https://demoqa.com
Instance Variables Declared are: nullnull
2025-08-25 21:19:23 [main] INFO  demoqaBase - Accessing Elements Card...
2025-08-25 21:19:23 [main] INFO  RetryUrlAccess - Successfully navigated to: https://demoqa.com
2025-08-25 21:19:23 [main] INFO  demoqaLog - Clicking on Elements Card...
2025-08-25 21:19:24 [main] WARN  demoqaLog - ⚠️ JS click failed, falling back to native click.
2025-08-25 21:19:24 [main] INFO  demoqaLog - Clicked on Elements Card...
Title of this Page is: DEMOQA
You can now Access: Elements
 
Page Text is: Please select an item from left to start practice.
2025-08-25 21:19:24 [main] INFO  demoqaBase - Checking for Elements|Dynamic Properties Button...
Waiting for the Element to be Clickable: [[ChromeDriver: chrome on windows (d40ade389422ca128c9d63ac504e717f)] -> xpath: //div[@class='element-list collapse show']//li[@id='item-8']]
2025-08-25 21:19:24 [main] INFO  demoqaBase - Clicked on Elements|Dynamic Properties...
Dynamic Properties Page Tile is: Dynamic Properties
2025-08-25 21:19:24 [main] INFO  demoqaBase - Checking for Elements|Dynamic Properties|Visble After 5 Seconds Button...
Waiting for the Element to be Clickable: [[ChromeDriver: chrome on windows (d40ade389422ca128c9d63ac504e717f)] -> xpath: //button[@id='visibleAfter']]
2025-08-25 21:19:29 [main] INFO  demoqaBase - Clicked on Elements|Dynamic Properties|Visble After 5 Seconds Button...
Clicked on: Visible After 5 Seconds
2025-08-25 21:19:29 [main] INFO  demoqaBase - Test for Elements|Dynamic Properties|Visible After 5 Seconds Button Completed Successfully...
]]></system-out>
  </testcase>
  <testcase name="FormsCard" classname="tests.FormTests" time="0.69">
    <system-out><![CDATA[2025-08-25 21:19:29 [main] INFO  demoqaBase - Closing the Browser...
2025-08-25 21:19:30 [main] INFO  demoqaBase - Starting Web Browser...
2025-08-25 21:19:31 [main] INFO  demoqaBase - Navigating to demoqa.com Website
2025-08-25 21:20:01 [main] WARN  RetryUrlAccess - Attempt 1 failed due to retryable error: timeout: timed out receiving message from renderer: 29.164
  (session info: chrome=137.0.7151.120)
build info: version: '4.34.0', revision: '707dcb4246*'
system info: os.name: 'windows 11', os.arch: 'amd64', os.version: '10.0', java.version: '21.0.7'
driver info: org.openqa.selenium.chrome.chromedriver
command: [73f7b7fd7d6e42387a086812aa71408b, get {url=https://demoqa.com}]
capabilities {acceptinsecurecerts: false, browsername: chrome, browserversion: 137.0.7151.120, chrome: {chromedriverversion: 137.0.7151.119 (e0ac9d12dff..., userdatadir: /tmp/chrome-profile-e32de40...}, fedcm:accounts: true, goog:chromeoptions: {debuggeraddress: localhost:62397}, networkconnectionenabled: false, pageloadstrategy: normal, platformname: windows, proxy: proxy(), se:cdp: ws://localhost:62397/devtoo..., se:cdpversion: 137.0.7151.120, setwindowrect: true, strictfileinteractability: false, timeouts: {implicit: 0, pageload: 300000, script: 30000}, unhandledpromptbehavior: dismiss and notify, webauthn:extension:credblob: true, webauthn:extension:largeblob: true, webauthn:extension:minpinlength: true, webauthn:extension:prf: true, webauthn:virtualauthenticators: true}
session id: 73f7b7fd7d6e42387a086812aa71408b. Retrying after 3000ms...
2025-08-25 21:20:05 [main] INFO  RetryUrlAccess - Successfully navigated to: https://demoqa.com
2025-08-25 21:20:05 [main] INFO  demoqaBase - Starting Form Card Test...
2025-08-25 21:20:05 [main] INFO  demoqaBase - Accessing Form Card...
2025-08-25 21:20:05 [main] INFO  RetryUrlAccess - Successfully navigated to: https://demoqa.com
2025-08-25 21:20:05 [main] INFO  demoqaLog - Clicking on Form Card...
2025-08-25 21:20:05 [main] INFO  demoqaLog - Clicked on Forms Card...
Page Text is: Please select an item from left to start practice.
Title of this Page is: DEMOQA
2025-08-25 21:20:05 [main] INFO  demoqaBase - Form Card Test Completed...
]]></system-out>
  </testcase>
  <testcase name="FormButton" classname="tests.FormTests" time="0.304">
    <system-out><![CDATA[2025-08-25 21:20:05 [main] INFO  demoqaBase - Closing the Browser...
2025-08-25 21:20:06 [main] INFO  demoqaBase - Starting Web Browser...
2025-08-25 21:20:07 [main] INFO  demoqaBase - Navigating to demoqa.com Website
2025-08-25 21:20:37 [main] WARN  RetryUrlAccess - Attempt 1 failed due to retryable error: timeout: timed out receiving message from renderer: 29.122
  (session info: chrome=137.0.7151.120)
build info: version: '4.34.0', revision: '707dcb4246*'
system info: os.name: 'windows 11', os.arch: 'amd64', os.version: '10.0', java.version: '21.0.7'
driver info: org.openqa.selenium.chrome.chromedriver
command: [de8b99fa15d96e48bf6166e26fb79703, get {url=https://demoqa.com}]
capabilities {acceptinsecurecerts: false, browsername: chrome, browserversion: 137.0.7151.120, chrome: {chromedriverversion: 137.0.7151.119 (e0ac9d12dff..., userdatadir: /tmp/chrome-profile-5303afe...}, fedcm:accounts: true, goog:chromeoptions: {debuggeraddress: localhost:62554}, networkconnectionenabled: false, pageloadstrategy: normal, platformname: windows, proxy: proxy(), se:cdp: ws://localhost:62554/devtoo..., se:cdpversion: 137.0.7151.120, setwindowrect: true, strictfileinteractability: false, timeouts: {implicit: 0, pageload: 300000, script: 30000}, unhandledpromptbehavior: dismiss and notify, webauthn:extension:credblob: true, webauthn:extension:largeblob: true, webauthn:extension:minpinlength: true, webauthn:extension:prf: true, webauthn:virtualauthenticators: true}
session id: de8b99fa15d96e48bf6166e26fb79703. Retrying after 3000ms...
2025-08-25 21:20:40 [main] INFO  RetryUrlAccess - Successfully navigated to: https://demoqa.com
2025-08-25 21:20:40 [main] INFO  demoqaBase - Starting Form Card Test...
2025-08-25 21:20:40 [main] INFO  demoqaLog - Clicking on Form Card...
2025-08-25 21:20:41 [main] INFO  demoqaLog - Clicked on Forms Card...
2025-08-25 21:20:41 [main] INFO  demoqaBase - Clicking on Practice Form...
2025-08-25 21:20:41 [main] INFO  demoqaBase - Clicked on Practice Form...
Title of this Page is: DEMOQA
2025-08-25 21:20:41 [main] INFO  demoqaBase - Form Card|Practice Forms Test Completed...
]]></system-out>
  </testcase>
  <testcase name="fillForm[UserFormData{firstName=&apos;Johny&apos;, lastName=&apos;Bravo&apos;, userMail=&apos;Jbravo@demoqa.com&apos;, gender=&apos;Male&apos;, mobile=&apos;9.238343488E9&apos;, dob=&apos;15-08-2000&apos;, subject=&apos;Computer Science&apos;, hobbies=&apos;Sports,Music&apos;, picturePath=&apos;/TestData/Mphoto.jpg&apos;, address=&apos;511 Grant 481, Prattsville\n Arkansas 72129\n United States&apos;, state=&apos;NCR&apos;, city=&apos;Delhi&apos;}](1)" classname="tests.FormTests" time="6.305">
    <system-out><![CDATA[2025-08-25 21:20:41 [main] INFO  demoqaBase - Closing the Browser...
2025-08-25 21:20:41 [main] INFO  demoqaBase - Starting Web Browser...
2025-08-25 21:20:43 [main] INFO  demoqaBase - Navigating to demoqa.com Website
2025-08-25 21:21:13 [main] WARN  RetryUrlAccess - Attempt 1 failed due to retryable error: timeout: timed out receiving message from renderer: 29.099
  (session info: chrome=137.0.7151.120)
build info: version: '4.34.0', revision: '707dcb4246*'
system info: os.name: 'windows 11', os.arch: 'amd64', os.version: '10.0', java.version: '21.0.7'
driver info: org.openqa.selenium.chrome.chromedriver
command: [ec8be03a66030b05484dff6774e5b91e, get {url=https://demoqa.com}]
capabilities {acceptinsecurecerts: false, browsername: chrome, browserversion: 137.0.7151.120, chrome: {chromedriverversion: 137.0.7151.119 (e0ac9d12dff..., userdatadir: /tmp/chrome-profile-926b64f...}, fedcm:accounts: true, goog:chromeoptions: {debuggeraddress: localhost:62653}, networkconnectionenabled: false, pageloadstrategy: normal, platformname: windows, proxy: proxy(), se:cdp: ws://localhost:62653/devtoo..., se:cdpversion: 137.0.7151.120, setwindowrect: true, strictfileinteractability: false, timeouts: {implicit: 0, pageload: 300000, script: 30000}, unhandledpromptbehavior: dismiss and notify, webauthn:extension:credblob: true, webauthn:extension:largeblob: true, webauthn:extension:minpinlength: true, webauthn:extension:prf: true, webauthn:virtualauthenticators: true}
session id: ec8be03a66030b05484dff6774e5b91e. Retrying after 3000ms...
2025-08-25 21:21:17 [main] INFO  RetryUrlAccess - Successfully navigated to: https://demoqa.com
2025-08-25 21:21:17 [main] INFO  demoqaBase - Starting Form Filling Test...
2025-08-25 21:21:17 [main] INFO  RetryUrlAccess - Successfully navigated to: https://demoqa.com
2025-08-25 21:21:17 [main] INFO  demoqaBase - Accessing Form Card...
2025-08-25 21:21:18 [main] INFO  RetryUrlAccess - Successfully navigated to: https://demoqa.com
2025-08-25 21:21:18 [main] INFO  demoqaLog - Clicking on Form Card...
2025-08-25 21:21:18 [main] INFO  demoqaLog - Clicked on Forms Card...
Page Text is: Please select an item from left to start practice.
2025-08-25 21:21:18 [main] INFO  demoqaBase - Clicking on Practice Form...
2025-08-25 21:21:18 [main] INFO  demoqaBase - Clicked on Practice Form...
2025-08-25 21:21:18 [main] INFO  demoqaBase - Filling form for: Johny Bravo
2025-08-25 21:21:18 [main] INFO  demoqaBase - Entering First Name...
2025-08-25 21:21:19 [main] INFO  demoqaBase - Entered First Name: Johny
Selected gender: Male
📅 Parsed DOB: 2000-08-15
📅 Parsed DOB: 2000-08-15
📥 Received DOB: 15-08-2000
📅 Normalized DOB: 15-08-2000
✅ Date selected: 15-08-2000
2025-08-25 21:21:20 [main] INFO  demoqaBase - Typed full subject: Computer Science
Typing subject: Computer Science
Dropdown Option: Computer Science
Selected: Computer Science
Selected hobby: sports
Selected hobby: music
Uploaded photo: C:\ASN\eclipse_workspace\demoqa-automation//TestData/Mphoto.jpg
511 Grant 481, Prattsville
 Arkansas 72129
 United States
2025-08-25 21:21:21 [main] INFO  demoqaBase - Entering Address...
2025-08-25 21:21:21 [main] INFO  demoqaBase - Entered Address...
2025-08-25 21:21:21 [main] INFO  demoqaBase - Selecting State: NCR
Available state option: NCR
2025-08-25 21:21:22 [main] INFO  demoqaBase - Selected State: NCR
2025-08-25 21:21:22 [main] INFO  demoqaBase - Selecting City: Delhi
Available city: Delhi
2025-08-25 21:21:22 [main] INFO  demoqaBase - Selected City: Delhi
2025-08-25 21:21:22 [main] INFO  demoqaBase - Submitting Form...
2025-08-25 21:21:22 [main] INFO  demoqaBase - Form Submitted via normal click...
2025-08-25 21:21:23 [main] INFO  ConfirmationTableParser - 📋 Parsed [First Name] = 'Johny', [Last Name] = 'Bravo'
2025-08-25 21:21:23 [main] INFO  ConfirmationTableParser - 📋 Parsed [Email] = 'Jbravo@demoqa.com'
2025-08-25 21:21:23 [main] INFO  ConfirmationTableParser - 📋 Parsed [Gender] = 'Male'
2025-08-25 21:21:23 [main] INFO  ConfirmationTableParser - 📋 Parsed [Mobile] = '9238343488'
2025-08-25 21:21:23 [main] INFO  ConfirmationTableParser - 📋 Parsed [DOB] = '15 August,2000'
2025-08-25 21:21:23 [main] INFO  ConfirmationTableParser - 📋 Parsed [Subject] = 'Computer Science'
2025-08-25 21:21:23 [main] INFO  ConfirmationTableParser - 📋 Parsed [Hobbies] = 'Sports, Music'
2025-08-25 21:21:23 [main] INFO  ConfirmationTableParser - 📋 Parsed [Picture] = 'Mphoto.jpg'
2025-08-25 21:21:23 [main] INFO  ConfirmationTableParser - 📋 Parsed [Address] = '511 Grant 481, Prattsville Arkansas 72129 United States'
2025-08-25 21:21:23 [main] INFO  ConfirmationTableParser - 📋 Parsed [State] = 'NCR', [City] = 'Delhi'
2025-08-25 21:21:23 [main] INFO  demoqaBase - 🧪 Starting confirmation assertion for user: Johny
2025-08-25 21:21:23 [main] INFO  AssertFormData - 🔍 [Email] Raw expected='Jbravo@demoqa.com', Raw actual='Jbravo@demoqa.com'
2025-08-25 21:21:23 [main] INFO  AssertFormData - 🔧 [Email] Normalized expected='Jbravo@demoqa.com', Normalized actual='Jbravo@demoqa.com'
2025-08-25 21:21:23 [main] INFO  AssertFormData - ✅ [Email] matched: 'Jbravo@demoqa.com'
2025-08-25 21:21:23 [main] INFO  AssertFormData - 🔍 [Address] Raw expected='511 Grant 481, Prattsville\n Arkansas 72129\n United States', Raw actual='511 Grant 481, Prattsville Arkansas 72129 United States'
2025-08-25 21:21:23 [main] INFO  AssertFormData - 🔧 [Address] Normalized expected='511 Grant 481, Prattsville Arkansas 72129 United States', Normalized actual='511 Grant 481, Prattsville Arkansas 72129 United States'
2025-08-25 21:21:23 [main] INFO  AssertFormData - ✅ [Address] matched: '511 Grant 481, Prattsville Arkansas 72129 United States'
2025-08-25 21:21:23 [main] INFO  AssertFormData - 🔍 [DOB] Raw expected='15-08-2000', Raw actual='15 August,2000'
2025-08-25 21:21:23 [main] INFO  AssertFormData - 🔧 [DOB] Normalized expected='15-08-2000', Normalized actual='15-08-2000'
2025-08-25 21:21:23 [main] INFO  AssertFormData - ✅ [DOB] matched: '15-08-2000'
2025-08-25 21:21:23 [main] INFO  AssertFormData - 🔍 [Picture] Raw expected='Mphoto.jpg', Raw actual='Mphoto.jpg'
2025-08-25 21:21:23 [main] INFO  AssertFormData - 🔧 [Picture] Normalized expected='Mphoto.jpg', Normalized actual='Mphoto.jpg'
2025-08-25 21:21:23 [main] INFO  AssertFormData - ✅ [Picture] matched: 'Mphoto.jpg'
2025-08-25 21:21:23 [main] INFO  AssertFormData - 🔍 [State] Raw expected='NCR', Raw actual='NCR'
2025-08-25 21:21:23 [main] INFO  AssertFormData - 🔧 [State] Normalized expected='NCR', Normalized actual='NCR'
2025-08-25 21:21:23 [main] INFO  AssertFormData - ✅ [State] matched: 'NCR'
2025-08-25 21:21:23 [main] INFO  AssertFormData - 🔍 [First Name] Raw expected='Johny', Raw actual='Johny'
2025-08-25 21:21:23 [main] INFO  AssertFormData - 🔧 [First Name] Normalized expected='Johny', Normalized actual='Johny'
2025-08-25 21:21:23 [main] INFO  AssertFormData - ✅ [First Name] matched: 'Johny'
2025-08-25 21:21:23 [main] INFO  AssertFormData - 🔍 [Gender] Raw expected='Male', Raw actual='Male'
2025-08-25 21:21:23 [main] INFO  AssertFormData - 🔧 [Gender] Normalized expected='Male', Normalized actual='Male'
2025-08-25 21:21:23 [main] INFO  AssertFormData - ✅ [Gender] matched: 'Male'
2025-08-25 21:21:23 [main] INFO  AssertFormData - 🔍 [City] Raw expected='Delhi', Raw actual='Delhi'
2025-08-25 21:21:23 [main] INFO  AssertFormData - 🔧 [City] Normalized expected='Delhi', Normalized actual='Delhi'
2025-08-25 21:21:23 [main] INFO  AssertFormData - ✅ [City] matched: 'Delhi'
2025-08-25 21:21:23 [main] INFO  AssertFormData - 🔍 [Last Name] Raw expected='Bravo', Raw actual='Bravo'
2025-08-25 21:21:23 [main] INFO  AssertFormData - 🔧 [Last Name] Normalized expected='Bravo', Normalized actual='Bravo'
2025-08-25 21:21:23 [main] INFO  AssertFormData - ✅ [Last Name] matched: 'Bravo'
2025-08-25 21:21:23 [main] INFO  AssertFormData - 🔍 [Mobile] Raw expected='9238343488', Raw actual='9238343488'
2025-08-25 21:21:23 [main] INFO  AssertFormData - 🔧 [Mobile] Normalized expected='9238343488', Normalized actual='9238343488'
2025-08-25 21:21:23 [main] INFO  AssertFormData - ✅ [Mobile] matched: '9238343488'
2025-08-25 21:21:23 [main] INFO  AssertFormData - 🔍 [Hobbies] Raw expected='Sports,Music', Raw actual='Sports, Music'
2025-08-25 21:21:23 [main] INFO  AssertFormData - 🔧 [Hobbies] Normalized expected='Sports,Music', Normalized actual='Sports,Music'
2025-08-25 21:21:23 [main] INFO  AssertFormData - ✅ [Hobbies] matched: 'Sports,Music'
2025-08-25 21:21:23 [main] INFO  AssertFormData - 🔍 [Subject] Raw expected='Computer Science', Raw actual='Computer Science'
2025-08-25 21:21:23 [main] INFO  AssertFormData - 🔧 [Subject] Normalized expected='Computer Science', Normalized actual='Computer Science'
2025-08-25 21:21:23 [main] INFO  AssertFormData - ✅ [Subject] matched: 'Computer Science'
2025-08-25 21:21:23 [main] INFO  demoqaBase - Test Form Filling Completed for: Johny Bravo
]]></system-out>
  </testcase>
  <testcase name="fillForm[UserFormData{firstName=&apos;Gene&apos;, lastName=&apos;Femina&apos;, userMail=&apos;GFemina@demoqa.com&apos;, gender=&apos;Female&apos;, mobile=&apos;1.888343432E9&apos;, dob=&apos;22-05-2002&apos;, subject=&apos;Accounting&apos;, hobbies=&apos;Music,Reading&apos;, picturePath=&apos;/TestData/Fphoto.png&apos;, address=&apos;512 Grant 481, Prattsville\n Arkansas 72129\n United States&apos;, state=&apos;Uttar Pradesh&apos;, city=&apos;Merrut&apos;}](2)" classname="tests.FormTests" time="5.697">
    <system-out><![CDATA[Path for Screenshot is: C:\ASN\eclipse_workspace\demoqa-automation/screenshots/fillForm Passed+2025-08-25_21-21-23.png
2025-08-25 21:21:23 [main] INFO  demoqaBase - Closing the Browser...
2025-08-25 21:21:23 [main] INFO  demoqaBase - Starting Web Browser...
2025-08-25 21:21:25 [main] INFO  demoqaBase - Navigating to demoqa.com Website
2025-08-25 21:21:50 [main] INFO  RetryUrlAccess - Successfully navigated to: https://demoqa.com
2025-08-25 21:21:50 [main] INFO  demoqaBase - Starting Form Filling Test...
2025-08-25 21:21:51 [main] INFO  RetryUrlAccess - Successfully navigated to: https://demoqa.com
2025-08-25 21:21:51 [main] INFO  demoqaBase - Accessing Form Card...
2025-08-25 21:21:52 [main] INFO  RetryUrlAccess - Successfully navigated to: https://demoqa.com
2025-08-25 21:21:52 [main] INFO  demoqaLog - Clicking on Form Card...
2025-08-25 21:21:52 [main] INFO  demoqaLog - Clicked on Forms Card...
Page Text is: Please select an item from left to start practice.
2025-08-25 21:21:52 [main] INFO  demoqaBase - Clicking on Practice Form...
2025-08-25 21:21:52 [main] INFO  demoqaBase - Clicked on Practice Form...
2025-08-25 21:21:52 [main] INFO  demoqaBase - Filling form for: Gene Femina
2025-08-25 21:21:52 [main] INFO  demoqaBase - Entering First Name...
2025-08-25 21:21:52 [main] INFO  demoqaBase - Entered First Name: Gene
Selected gender: Female
📅 Parsed DOB: 2002-05-22
📅 Parsed DOB: 2002-05-22
📥 Received DOB: 22-05-2002
📅 Normalized DOB: 22-05-2002
✅ Date selected: 22-05-2002
2025-08-25 21:21:53 [main] INFO  demoqaBase - Typed full subject: Accounting
Typing subject: Accounting
Dropdown Option: Accounting
Selected: Accounting
Selected hobby: music
Selected hobby: reading
Uploaded photo: C:\ASN\eclipse_workspace\demoqa-automation//TestData/Fphoto.png
512 Grant 481, Prattsville
 Arkansas 72129
 United States
2025-08-25 21:21:54 [main] INFO  demoqaBase - Entering Address...
2025-08-25 21:21:54 [main] INFO  demoqaBase - Entered Address...
2025-08-25 21:21:54 [main] INFO  demoqaBase - Selecting State: Uttar Pradesh
Available state option: NCR
Available state option: Uttar Pradesh
2025-08-25 21:21:55 [main] INFO  demoqaBase - Selected State: Uttar Pradesh
2025-08-25 21:21:55 [main] INFO  demoqaBase - Selecting City: Merrut
Available city: Agra
Available city: Lucknow
Available city: Merrut
2025-08-25 21:21:55 [main] INFO  demoqaBase - Selected City: Merrut
2025-08-25 21:21:55 [main] INFO  demoqaBase - Submitting Form...
2025-08-25 21:21:56 [main] INFO  demoqaBase - Form Submitted via normal click...
2025-08-25 21:21:56 [main] INFO  ConfirmationTableParser - 📋 Parsed [First Name] = 'Gene', [Last Name] = 'Femina'
2025-08-25 21:21:56 [main] INFO  ConfirmationTableParser - 📋 Parsed [Email] = 'GFemina@demoqa.com'
2025-08-25 21:21:56 [main] INFO  ConfirmationTableParser - 📋 Parsed [Gender] = 'Female'
2025-08-25 21:21:56 [main] INFO  ConfirmationTableParser - 📋 Parsed [Mobile] = '1888343432'
2025-08-25 21:21:56 [main] INFO  ConfirmationTableParser - 📋 Parsed [DOB] = '22 May,2002'
2025-08-25 21:21:56 [main] INFO  ConfirmationTableParser - 📋 Parsed [Subject] = 'Accounting'
2025-08-25 21:21:56 [main] INFO  ConfirmationTableParser - 📋 Parsed [Hobbies] = 'Music, Reading'
2025-08-25 21:21:56 [main] INFO  ConfirmationTableParser - 📋 Parsed [Picture] = 'Fphoto.png'
2025-08-25 21:21:56 [main] INFO  ConfirmationTableParser - 📋 Parsed [Address] = '512 Grant 481, Prattsville Arkansas 72129 United States'
2025-08-25 21:21:56 [main] INFO  ConfirmationTableParser - 📋 Parsed [State] = 'Uttar Pradesh', [City] = 'Merrut'
2025-08-25 21:21:56 [main] INFO  demoqaBase - 🧪 Starting confirmation assertion for user: Gene
2025-08-25 21:21:56 [main] INFO  AssertFormData - 🔍 [Email] Raw expected='GFemina@demoqa.com', Raw actual='GFemina@demoqa.com'
2025-08-25 21:21:56 [main] INFO  AssertFormData - 🔧 [Email] Normalized expected='GFemina@demoqa.com', Normalized actual='GFemina@demoqa.com'
2025-08-25 21:21:56 [main] INFO  AssertFormData - ✅ [Email] matched: 'GFemina@demoqa.com'
2025-08-25 21:21:56 [main] INFO  AssertFormData - 🔍 [Address] Raw expected='512 Grant 481, Prattsville\n Arkansas 72129\n United States', Raw actual='512 Grant 481, Prattsville Arkansas 72129 United States'
2025-08-25 21:21:56 [main] INFO  AssertFormData - 🔧 [Address] Normalized expected='512 Grant 481, Prattsville Arkansas 72129 United States', Normalized actual='512 Grant 481, Prattsville Arkansas 72129 United States'
2025-08-25 21:21:56 [main] INFO  AssertFormData - ✅ [Address] matched: '512 Grant 481, Prattsville Arkansas 72129 United States'
2025-08-25 21:21:56 [main] INFO  AssertFormData - 🔍 [DOB] Raw expected='22-05-2002', Raw actual='22 May,2002'
2025-08-25 21:21:56 [main] INFO  AssertFormData - 🔧 [DOB] Normalized expected='22-05-2002', Normalized actual='22-05-2002'
2025-08-25 21:21:56 [main] INFO  AssertFormData - ✅ [DOB] matched: '22-05-2002'
2025-08-25 21:21:56 [main] INFO  AssertFormData - 🔍 [Picture] Raw expected='Fphoto.png', Raw actual='Fphoto.png'
2025-08-25 21:21:56 [main] INFO  AssertFormData - 🔧 [Picture] Normalized expected='Fphoto.png', Normalized actual='Fphoto.png'
2025-08-25 21:21:56 [main] INFO  AssertFormData - ✅ [Picture] matched: 'Fphoto.png'
2025-08-25 21:21:56 [main] INFO  AssertFormData - 🔍 [State] Raw expected='Uttar Pradesh', Raw actual='Uttar Pradesh'
2025-08-25 21:21:56 [main] INFO  AssertFormData - 🔧 [State] Normalized expected='Uttar Pradesh', Normalized actual='Uttar Pradesh'
2025-08-25 21:21:56 [main] INFO  AssertFormData - ✅ [State] matched: 'Uttar Pradesh'
2025-08-25 21:21:56 [main] INFO  AssertFormData - 🔍 [First Name] Raw expected='Gene', Raw actual='Gene'
2025-08-25 21:21:56 [main] INFO  AssertFormData - 🔧 [First Name] Normalized expected='Gene', Normalized actual='Gene'
2025-08-25 21:21:56 [main] INFO  AssertFormData - ✅ [First Name] matched: 'Gene'
2025-08-25 21:21:56 [main] INFO  AssertFormData - 🔍 [Gender] Raw expected='Female', Raw actual='Female'
2025-08-25 21:21:56 [main] INFO  AssertFormData - 🔧 [Gender] Normalized expected='Female', Normalized actual='Female'
2025-08-25 21:21:56 [main] INFO  AssertFormData - ✅ [Gender] matched: 'Female'
2025-08-25 21:21:56 [main] INFO  AssertFormData - 🔍 [City] Raw expected='Merrut', Raw actual='Merrut'
2025-08-25 21:21:56 [main] INFO  AssertFormData - 🔧 [City] Normalized expected='Merrut', Normalized actual='Merrut'
2025-08-25 21:21:56 [main] INFO  AssertFormData - ✅ [City] matched: 'Merrut'
2025-08-25 21:21:56 [main] INFO  AssertFormData - 🔍 [Last Name] Raw expected='Femina', Raw actual='Femina'
2025-08-25 21:21:56 [main] INFO  AssertFormData - 🔧 [Last Name] Normalized expected='Femina', Normalized actual='Femina'
2025-08-25 21:21:56 [main] INFO  AssertFormData - ✅ [Last Name] matched: 'Femina'
2025-08-25 21:21:56 [main] INFO  AssertFormData - 🔍 [Mobile] Raw expected='1888343432', Raw actual='1888343432'
2025-08-25 21:21:56 [main] INFO  AssertFormData - 🔧 [Mobile] Normalized expected='1888343432', Normalized actual='1888343432'
2025-08-25 21:21:56 [main] INFO  AssertFormData - ✅ [Mobile] matched: '1888343432'
2025-08-25 21:21:56 [main] INFO  AssertFormData - 🔍 [Hobbies] Raw expected='Music,Reading', Raw actual='Music, Reading'
2025-08-25 21:21:56 [main] INFO  AssertFormData - 🔧 [Hobbies] Normalized expected='Music,Reading', Normalized actual='Music,Reading'
2025-08-25 21:21:56 [main] INFO  AssertFormData - ✅ [Hobbies] matched: 'Music,Reading'
2025-08-25 21:21:56 [main] INFO  AssertFormData - 🔍 [Subject] Raw expected='Accounting', Raw actual='Accounting'
2025-08-25 21:21:56 [main] INFO  AssertFormData - 🔧 [Subject] Normalized expected='Accounting', Normalized actual='Accounting'
2025-08-25 21:21:56 [main] INFO  AssertFormData - ✅ [Subject] matched: 'Accounting'
2025-08-25 21:21:56 [main] INFO  demoqaBase - Test Form Filling Completed for: Gene Femina
]]></system-out>
  </testcase>
  <testcase name="fillForm[UserFormData{firstName=&apos;Bud&apos;, lastName=&apos;Wisem&apos;, userMail=&apos;BWisem@demoqa.com&apos;, gender=&apos;Other&apos;, mobile=&apos;8.932465432E9&apos;, dob=&apos;31-12-1999&apos;, subject=&apos;Biology&apos;, hobbies=&apos;Reading&apos;, picturePath=&apos;/TestData/Ophoto.jpg&apos;, address=&apos;513 Grant 481, Prattsville\n Arkansas 72129\n United States&apos;, state=&apos;Haryana&apos;, city=&apos;Panipat&apos;}](3)" classname="tests.FormTests" time="5.248">
    <system-out><![CDATA[Path for Screenshot is: C:\ASN\eclipse_workspace\demoqa-automation/screenshots/fillForm Passed+2025-08-25_21-21-56.png
2025-08-25 21:21:56 [main] INFO  demoqaBase - Closing the Browser...
2025-08-25 21:21:57 [main] INFO  demoqaBase - Starting Web Browser...
2025-08-25 21:21:58 [main] INFO  demoqaBase - Navigating to demoqa.com Website
2025-08-25 21:22:28 [main] WARN  RetryUrlAccess - Attempt 1 failed due to retryable error: timeout: timed out receiving message from renderer: 29.049
  (session info: chrome=137.0.7151.120)
build info: version: '4.34.0', revision: '707dcb4246*'
system info: os.name: 'windows 11', os.arch: 'amd64', os.version: '10.0', java.version: '21.0.7'
driver info: org.openqa.selenium.chrome.chromedriver
command: [6c2b8888fb0f7041e0b916d89860a910, get {url=https://demoqa.com}]
capabilities {acceptinsecurecerts: false, browsername: chrome, browserversion: 137.0.7151.120, chrome: {chromedriverversion: 137.0.7151.119 (e0ac9d12dff..., userdatadir: /tmp/chrome-profile-b042cda...}, fedcm:accounts: true, goog:chromeoptions: {debuggeraddress: localhost:63075}, networkconnectionenabled: false, pageloadstrategy: normal, platformname: windows, proxy: proxy(), se:cdp: ws://localhost:63075/devtoo..., se:cdpversion: 137.0.7151.120, setwindowrect: true, strictfileinteractability: false, timeouts: {implicit: 0, pageload: 300000, script: 30000}, unhandledpromptbehavior: dismiss and notify, webauthn:extension:credblob: true, webauthn:extension:largeblob: true, webauthn:extension:minpinlength: true, webauthn:extension:prf: true, webauthn:virtualauthenticators: true}
session id: 6c2b8888fb0f7041e0b916d89860a910. Retrying after 3000ms...
2025-08-25 21:22:31 [main] INFO  RetryUrlAccess - Successfully navigated to: https://demoqa.com
2025-08-25 21:22:31 [main] INFO  demoqaBase - Starting Form Filling Test...
2025-08-25 21:22:32 [main] INFO  RetryUrlAccess - Successfully navigated to: https://demoqa.com
2025-08-25 21:22:32 [main] INFO  demoqaBase - Accessing Form Card...
2025-08-25 21:22:32 [main] INFO  RetryUrlAccess - Successfully navigated to: https://demoqa.com
2025-08-25 21:22:32 [main] INFO  demoqaLog - Clicking on Form Card...
2025-08-25 21:22:32 [main] INFO  demoqaLog - Clicked on Forms Card...
Page Text is: Please select an item from left to start practice.
2025-08-25 21:22:33 [main] INFO  demoqaBase - Clicking on Practice Form...
2025-08-25 21:22:33 [main] INFO  demoqaBase - Clicked on Practice Form...
2025-08-25 21:22:33 [main] INFO  demoqaBase - Filling form for: Bud Wisem
2025-08-25 21:22:33 [main] INFO  demoqaBase - Entering First Name...
2025-08-25 21:22:33 [main] INFO  demoqaBase - Entered First Name: Bud
Selected gender: Other
📅 Parsed DOB: 1999-12-31
📅 Parsed DOB: 1999-12-31
📥 Received DOB: 31-12-1999
📅 Normalized DOB: 31-12-1999
✅ Date selected: 31-12-1999
2025-08-25 21:22:34 [main] INFO  demoqaBase - Typed full subject: Biology
Typing subject: Biology
Dropdown Option: Biology
Selected: Biology
Selected hobby: reading
Uploaded photo: C:\ASN\eclipse_workspace\demoqa-automation//TestData/Ophoto.jpg
513 Grant 481, Prattsville
 Arkansas 72129
 United States
2025-08-25 21:22:35 [main] INFO  demoqaBase - Entering Address...
2025-08-25 21:22:35 [main] INFO  demoqaBase - Entered Address...
2025-08-25 21:22:35 [main] INFO  demoqaBase - Selecting State: Haryana
Available state option: NCR
Available state option: Uttar Pradesh
Available state option: Haryana
2025-08-25 21:22:35 [main] INFO  demoqaBase - Selected State: Haryana
2025-08-25 21:22:35 [main] INFO  demoqaBase - Selecting City: Panipat
Available city: Karnal
Available city: Panipat
2025-08-25 21:22:36 [main] INFO  demoqaBase - Selected City: Panipat
2025-08-25 21:22:36 [main] INFO  demoqaBase - Submitting Form...
2025-08-25 21:22:36 [main] INFO  demoqaBase - Form Submitted via normal click...
2025-08-25 21:22:36 [main] INFO  ConfirmationTableParser - 📋 Parsed [First Name] = 'Bud', [Last Name] = 'Wisem'
2025-08-25 21:22:36 [main] INFO  ConfirmationTableParser - 📋 Parsed [Email] = 'BWisem@demoqa.com'
2025-08-25 21:22:36 [main] INFO  ConfirmationTableParser - 📋 Parsed [Gender] = 'Other'
2025-08-25 21:22:36 [main] INFO  ConfirmationTableParser - 📋 Parsed [Mobile] = '8932465432'
2025-08-25 21:22:37 [main] INFO  ConfirmationTableParser - 📋 Parsed [DOB] = '31 December,1999'
2025-08-25 21:22:37 [main] INFO  ConfirmationTableParser - 📋 Parsed [Subject] = 'Biology'
2025-08-25 21:22:37 [main] INFO  ConfirmationTableParser - 📋 Parsed [Hobbies] = 'Reading'
2025-08-25 21:22:37 [main] INFO  ConfirmationTableParser - 📋 Parsed [Picture] = 'Ophoto.jpg'
2025-08-25 21:22:37 [main] INFO  ConfirmationTableParser - 📋 Parsed [Address] = '513 Grant 481, Prattsville Arkansas 72129 United States'
2025-08-25 21:22:37 [main] INFO  ConfirmationTableParser - 📋 Parsed [State] = 'Haryana', [City] = 'Panipat'
2025-08-25 21:22:37 [main] INFO  demoqaBase - 🧪 Starting confirmation assertion for user: Bud
2025-08-25 21:22:37 [main] INFO  AssertFormData - 🔍 [Email] Raw expected='BWisem@demoqa.com', Raw actual='BWisem@demoqa.com'
2025-08-25 21:22:37 [main] INFO  AssertFormData - 🔧 [Email] Normalized expected='BWisem@demoqa.com', Normalized actual='BWisem@demoqa.com'
2025-08-25 21:22:37 [main] INFO  AssertFormData - ✅ [Email] matched: 'BWisem@demoqa.com'
2025-08-25 21:22:37 [main] INFO  AssertFormData - 🔍 [Address] Raw expected='513 Grant 481, Prattsville\n Arkansas 72129\n United States', Raw actual='513 Grant 481, Prattsville Arkansas 72129 United States'
2025-08-25 21:22:37 [main] INFO  AssertFormData - 🔧 [Address] Normalized expected='513 Grant 481, Prattsville Arkansas 72129 United States', Normalized actual='513 Grant 481, Prattsville Arkansas 72129 United States'
2025-08-25 21:22:37 [main] INFO  AssertFormData - ✅ [Address] matched: '513 Grant 481, Prattsville Arkansas 72129 United States'
2025-08-25 21:22:37 [main] INFO  AssertFormData - 🔍 [DOB] Raw expected='31-12-1999', Raw actual='31 December,1999'
2025-08-25 21:22:37 [main] INFO  AssertFormData - 🔧 [DOB] Normalized expected='31-12-1999', Normalized actual='31-12-1999'
2025-08-25 21:22:37 [main] INFO  AssertFormData - ✅ [DOB] matched: '31-12-1999'
2025-08-25 21:22:37 [main] INFO  AssertFormData - 🔍 [Picture] Raw expected='Ophoto.jpg', Raw actual='Ophoto.jpg'
2025-08-25 21:22:37 [main] INFO  AssertFormData - 🔧 [Picture] Normalized expected='Ophoto.jpg', Normalized actual='Ophoto.jpg'
2025-08-25 21:22:37 [main] INFO  AssertFormData - ✅ [Picture] matched: 'Ophoto.jpg'
2025-08-25 21:22:37 [main] INFO  AssertFormData - 🔍 [State] Raw expected='Haryana', Raw actual='Haryana'
2025-08-25 21:22:37 [main] INFO  AssertFormData - 🔧 [State] Normalized expected='Haryana', Normalized actual='Haryana'
2025-08-25 21:22:37 [main] INFO  AssertFormData - ✅ [State] matched: 'Haryana'
2025-08-25 21:22:37 [main] INFO  AssertFormData - 🔍 [First Name] Raw expected='Bud', Raw actual='Bud'
2025-08-25 21:22:37 [main] INFO  AssertFormData - 🔧 [First Name] Normalized expected='Bud', Normalized actual='Bud'
2025-08-25 21:22:37 [main] INFO  AssertFormData - ✅ [First Name] matched: 'Bud'
2025-08-25 21:22:37 [main] INFO  AssertFormData - 🔍 [Gender] Raw expected='Other', Raw actual='Other'
2025-08-25 21:22:37 [main] INFO  AssertFormData - 🔧 [Gender] Normalized expected='Other', Normalized actual='Other'
2025-08-25 21:22:37 [main] INFO  AssertFormData - ✅ [Gender] matched: 'Other'
2025-08-25 21:22:37 [main] INFO  AssertFormData - 🔍 [City] Raw expected='Panipat', Raw actual='Panipat'
2025-08-25 21:22:37 [main] INFO  AssertFormData - 🔧 [City] Normalized expected='Panipat', Normalized actual='Panipat'
2025-08-25 21:22:37 [main] INFO  AssertFormData - ✅ [City] matched: 'Panipat'
2025-08-25 21:22:37 [main] INFO  AssertFormData - 🔍 [Last Name] Raw expected='Wisem', Raw actual='Wisem'
2025-08-25 21:22:37 [main] INFO  AssertFormData - 🔧 [Last Name] Normalized expected='Wisem', Normalized actual='Wisem'
2025-08-25 21:22:37 [main] INFO  AssertFormData - ✅ [Last Name] matched: 'Wisem'
2025-08-25 21:22:37 [main] INFO  AssertFormData - 🔍 [Mobile] Raw expected='8932465432', Raw actual='8932465432'
2025-08-25 21:22:37 [main] INFO  AssertFormData - 🔧 [Mobile] Normalized expected='8932465432', Normalized actual='8932465432'
2025-08-25 21:22:37 [main] INFO  AssertFormData - ✅ [Mobile] matched: '8932465432'
2025-08-25 21:22:37 [main] INFO  AssertFormData - 🔍 [Hobbies] Raw expected='Reading', Raw actual='Reading'
2025-08-25 21:22:37 [main] INFO  AssertFormData - 🔧 [Hobbies] Normalized expected='Reading', Normalized actual='Reading'
2025-08-25 21:22:37 [main] INFO  AssertFormData - ✅ [Hobbies] matched: 'Reading'
2025-08-25 21:22:37 [main] INFO  AssertFormData - 🔍 [Subject] Raw expected='Biology', Raw actual='Biology'
2025-08-25 21:22:37 [main] INFO  AssertFormData - 🔧 [Subject] Normalized expected='Biology', Normalized actual='Biology'
2025-08-25 21:22:37 [main] INFO  AssertFormData - ✅ [Subject] matched: 'Biology'
2025-08-25 21:22:37 [main] INFO  demoqaBase - Test Form Filling Completed for: Bud Wisem
]]></system-out>
  </testcase>
  <testcase name="fillForm[UserFormData{firstName=&apos;Tom&apos;, lastName=&apos;Boss&apos;, userMail=&apos;TBoss@demoqa.com&apos;, gender=&apos;Male&apos;, mobile=&apos;7.839875281E9&apos;, dob=&apos;26-01-2003&apos;, subject=&apos;Social Studies&apos;, hobbies=&apos;Sports,Reading&apos;, picturePath=&apos;/TestData/M2photo.jpg&apos;, address=&apos;514 Grant 481, Prattsville\n Arkansas 72129\n United States&apos;, state=&apos;Rajasthan&apos;, city=&apos;Jaiselmer&apos;}](4)" classname="tests.FormTests" time="6.099">
    <system-out><![CDATA[Path for Screenshot is: C:\ASN\eclipse_workspace\demoqa-automation/screenshots/fillForm Passed+2025-08-25_21-22-37.png
2025-08-25 21:22:37 [main] INFO  demoqaBase - Closing the Browser...
2025-08-25 21:22:37 [main] INFO  demoqaBase - Starting Web Browser...
2025-08-25 21:22:38 [main] INFO  demoqaBase - Navigating to demoqa.com Website
2025-08-25 21:23:08 [main] WARN  RetryUrlAccess - Attempt 1 failed due to retryable error: timeout: timed out receiving message from renderer: 29.095
  (session info: chrome=137.0.7151.120)
build info: version: '4.34.0', revision: '707dcb4246*'
system info: os.name: 'windows 11', os.arch: 'amd64', os.version: '10.0', java.version: '21.0.7'
driver info: org.openqa.selenium.chrome.chromedriver
command: [c359d3666ed042b4ff0b164100aac50c, get {url=https://demoqa.com}]
capabilities {acceptinsecurecerts: false, browsername: chrome, browserversion: 137.0.7151.120, chrome: {chromedriverversion: 137.0.7151.119 (e0ac9d12dff..., userdatadir: /tmp/chrome-profile-6c56d34...}, fedcm:accounts: true, goog:chromeoptions: {debuggeraddress: localhost:63268}, networkconnectionenabled: false, pageloadstrategy: normal, platformname: windows, proxy: proxy(), se:cdp: ws://localhost:63268/devtoo..., se:cdpversion: 137.0.7151.120, setwindowrect: true, strictfileinteractability: false, timeouts: {implicit: 0, pageload: 300000, script: 30000}, unhandledpromptbehavior: dismiss and notify, webauthn:extension:credblob: true, webauthn:extension:largeblob: true, webauthn:extension:minpinlength: true, webauthn:extension:prf: true, webauthn:virtualauthenticators: true}
session id: c359d3666ed042b4ff0b164100aac50c. Retrying after 3000ms...
2025-08-25 21:23:12 [main] INFO  RetryUrlAccess - Successfully navigated to: https://demoqa.com
2025-08-25 21:23:12 [main] INFO  demoqaBase - Starting Form Filling Test...
2025-08-25 21:23:13 [main] INFO  RetryUrlAccess - Successfully navigated to: https://demoqa.com
2025-08-25 21:23:13 [main] INFO  demoqaBase - Accessing Form Card...
2025-08-25 21:23:13 [main] INFO  RetryUrlAccess - Successfully navigated to: https://demoqa.com
2025-08-25 21:23:13 [main] INFO  demoqaLog - Clicking on Form Card...
2025-08-25 21:23:14 [main] INFO  demoqaLog - Clicked on Forms Card...
Page Text is: Please select an item from left to start practice.
2025-08-25 21:23:14 [main] INFO  demoqaBase - Clicking on Practice Form...
2025-08-25 21:23:14 [main] INFO  demoqaBase - Clicked on Practice Form...
2025-08-25 21:23:14 [main] INFO  demoqaBase - Filling form for: Tom Boss
2025-08-25 21:23:14 [main] INFO  demoqaBase - Entering First Name...
2025-08-25 21:23:14 [main] INFO  demoqaBase - Entered First Name: Tom
Selected gender: Male
📅 Parsed DOB: 2003-01-26
📅 Parsed DOB: 2003-01-26
📥 Received DOB: 26-01-2003
📅 Normalized DOB: 26-01-2003
✅ Date selected: 26-01-2003
2025-08-25 21:23:15 [main] INFO  demoqaBase - Typed full subject: Social Studies
Typing subject: Social Studies
Dropdown Option: Social Studies
Selected: Social Studies
Selected hobby: sports
Selected hobby: reading
Uploaded photo: C:\ASN\eclipse_workspace\demoqa-automation//TestData/M2photo.jpg
514 Grant 481, Prattsville
 Arkansas 72129
 United States
2025-08-25 21:23:16 [main] INFO  demoqaBase - Entering Address...
2025-08-25 21:23:17 [main] INFO  demoqaBase - Entered Address...
2025-08-25 21:23:17 [main] INFO  demoqaBase - Selecting State: Rajasthan
Available state option: NCR
Available state option: Uttar Pradesh
Available state option: Haryana
Available state option: Rajasthan
2025-08-25 21:23:17 [main] INFO  demoqaBase - Selected State: Rajasthan
2025-08-25 21:23:17 [main] INFO  demoqaBase - Selecting City: Jaiselmer
Available city: Jaipur
Available city: Jaiselmer
2025-08-25 21:23:17 [main] INFO  demoqaBase - Selected City: Jaiselmer
2025-08-25 21:23:17 [main] INFO  demoqaBase - Submitting Form...
2025-08-25 21:23:18 [main] INFO  demoqaBase - Form Submitted via normal click...
2025-08-25 21:23:18 [main] INFO  ConfirmationTableParser - 📋 Parsed [First Name] = 'Tom', [Last Name] = 'Boss'
2025-08-25 21:23:18 [main] INFO  ConfirmationTableParser - 📋 Parsed [Email] = 'TBoss@demoqa.com'
2025-08-25 21:23:18 [main] INFO  ConfirmationTableParser - 📋 Parsed [Gender] = 'Male'
2025-08-25 21:23:18 [main] INFO  ConfirmationTableParser - 📋 Parsed [Mobile] = '7839875281'
2025-08-25 21:23:18 [main] INFO  ConfirmationTableParser - 📋 Parsed [DOB] = '26 January,2003'
2025-08-25 21:23:18 [main] INFO  ConfirmationTableParser - 📋 Parsed [Subject] = 'Social Studies'
2025-08-25 21:23:18 [main] INFO  ConfirmationTableParser - 📋 Parsed [Hobbies] = 'Sports, Reading'
2025-08-25 21:23:18 [main] INFO  ConfirmationTableParser - 📋 Parsed [Picture] = 'M2photo.jpg'
2025-08-25 21:23:18 [main] INFO  ConfirmationTableParser - 📋 Parsed [Address] = '514 Grant 481, Prattsville Arkansas 72129 United States'
2025-08-25 21:23:18 [main] INFO  ConfirmationTableParser - 📋 Parsed [State] = 'Rajasthan', [City] = 'Jaiselmer'
2025-08-25 21:23:18 [main] INFO  demoqaBase - 🧪 Starting confirmation assertion for user: Tom
2025-08-25 21:23:18 [main] INFO  AssertFormData - 🔍 [Email] Raw expected='TBoss@demoqa.com', Raw actual='TBoss@demoqa.com'
2025-08-25 21:23:18 [main] INFO  AssertFormData - 🔧 [Email] Normalized expected='TBoss@demoqa.com', Normalized actual='TBoss@demoqa.com'
2025-08-25 21:23:18 [main] INFO  AssertFormData - ✅ [Email] matched: 'TBoss@demoqa.com'
2025-08-25 21:23:18 [main] INFO  AssertFormData - 🔍 [Address] Raw expected='514 Grant 481, Prattsville\n Arkansas 72129\n United States', Raw actual='514 Grant 481, Prattsville Arkansas 72129 United States'
2025-08-25 21:23:18 [main] INFO  AssertFormData - 🔧 [Address] Normalized expected='514 Grant 481, Prattsville Arkansas 72129 United States', Normalized actual='514 Grant 481, Prattsville Arkansas 72129 United States'
2025-08-25 21:23:18 [main] INFO  AssertFormData - ✅ [Address] matched: '514 Grant 481, Prattsville Arkansas 72129 United States'
2025-08-25 21:23:18 [main] INFO  AssertFormData - 🔍 [DOB] Raw expected='26-01-2003', Raw actual='26 January,2003'
2025-08-25 21:23:18 [main] INFO  AssertFormData - 🔧 [DOB] Normalized expected='26-01-2003', Normalized actual='26-01-2003'
2025-08-25 21:23:18 [main] INFO  AssertFormData - ✅ [DOB] matched: '26-01-2003'
2025-08-25 21:23:18 [main] INFO  AssertFormData - 🔍 [Picture] Raw expected='M2photo.jpg', Raw actual='M2photo.jpg'
2025-08-25 21:23:18 [main] INFO  AssertFormData - 🔧 [Picture] Normalized expected='M2photo.jpg', Normalized actual='M2photo.jpg'
2025-08-25 21:23:18 [main] INFO  AssertFormData - ✅ [Picture] matched: 'M2photo.jpg'
2025-08-25 21:23:18 [main] INFO  AssertFormData - 🔍 [State] Raw expected='Rajasthan', Raw actual='Rajasthan'
2025-08-25 21:23:18 [main] INFO  AssertFormData - 🔧 [State] Normalized expected='Rajasthan', Normalized actual='Rajasthan'
2025-08-25 21:23:18 [main] INFO  AssertFormData - ✅ [State] matched: 'Rajasthan'
2025-08-25 21:23:18 [main] INFO  AssertFormData - 🔍 [First Name] Raw expected='Tom', Raw actual='Tom'
2025-08-25 21:23:18 [main] INFO  AssertFormData - 🔧 [First Name] Normalized expected='Tom', Normalized actual='Tom'
2025-08-25 21:23:18 [main] INFO  AssertFormData - ✅ [First Name] matched: 'Tom'
2025-08-25 21:23:18 [main] INFO  AssertFormData - 🔍 [Gender] Raw expected='Male', Raw actual='Male'
2025-08-25 21:23:18 [main] INFO  AssertFormData - 🔧 [Gender] Normalized expected='Male', Normalized actual='Male'
2025-08-25 21:23:18 [main] INFO  AssertFormData - ✅ [Gender] matched: 'Male'
2025-08-25 21:23:18 [main] INFO  AssertFormData - 🔍 [City] Raw expected='Jaiselmer', Raw actual='Jaiselmer'
2025-08-25 21:23:18 [main] INFO  AssertFormData - 🔧 [City] Normalized expected='Jaiselmer', Normalized actual='Jaiselmer'
2025-08-25 21:23:18 [main] INFO  AssertFormData - ✅ [City] matched: 'Jaiselmer'
2025-08-25 21:23:18 [main] INFO  AssertFormData - 🔍 [Last Name] Raw expected='Boss', Raw actual='Boss'
2025-08-25 21:23:18 [main] INFO  AssertFormData - 🔧 [Last Name] Normalized expected='Boss', Normalized actual='Boss'
2025-08-25 21:23:18 [main] INFO  AssertFormData - ✅ [Last Name] matched: 'Boss'
2025-08-25 21:23:18 [main] INFO  AssertFormData - 🔍 [Mobile] Raw expected='7839875281', Raw actual='7839875281'
2025-08-25 21:23:18 [main] INFO  AssertFormData - 🔧 [Mobile] Normalized expected='7839875281', Normalized actual='7839875281'
2025-08-25 21:23:18 [main] INFO  AssertFormData - ✅ [Mobile] matched: '7839875281'
2025-08-25 21:23:18 [main] INFO  AssertFormData - 🔍 [Hobbies] Raw expected='Sports,Reading', Raw actual='Sports, Reading'
2025-08-25 21:23:18 [main] INFO  AssertFormData - 🔧 [Hobbies] Normalized expected='Sports,Reading', Normalized actual='Sports,Reading'
2025-08-25 21:23:18 [main] INFO  AssertFormData - ✅ [Hobbies] matched: 'Sports,Reading'
2025-08-25 21:23:18 [main] INFO  AssertFormData - 🔍 [Subject] Raw expected='Social Studies', Raw actual='Social Studies'
2025-08-25 21:23:18 [main] INFO  AssertFormData - 🔧 [Subject] Normalized expected='Social Studies', Normalized actual='Social Studies'
2025-08-25 21:23:18 [main] INFO  AssertFormData - ✅ [Subject] matched: 'Social Studies'
2025-08-25 21:23:18 [main] INFO  demoqaBase - Test Form Filling Completed for: Tom Boss
]]></system-out>
  </testcase>
</testsuite>