<?xml version="1.0" encoding="UTF-8"?>
<testsuite xmlns:xsi="http://www.w3.org/2001/XMLSchema-instance" xsi:noNamespaceSchemaLocation="https://maven.apache.org/surefire/maven-surefire-plugin/xsd/surefire-test-report-3.0.xsd" version="3.0" name="TestSuite" time="2199.522" tests="123" errors="0" skipped="0" failures="5">
  <properties>
    <property name="java.specification.version" value="21"/>
    <property name="sun.cpu.isalist" value="amd64"/>
    <property name="sun.jnu.encoding" value="Cp1252"/>
    <property name="java.class.path" value="C:\ASN\eclipse_workspace\demoqa-automation\target\test-classes;C:\ASN\eclipse_workspace\demoqa-automation\target\classes;C:\Users\dell\.m2\repository\org\seleniumhq\selenium\selenium-java\4.35.0\selenium-java-4.35.0.jar;C:\Users\dell\.m2\repository\org\seleniumhq\selenium\selenium-api\4.35.0\selenium-api-4.35.0.jar;C:\Users\dell\.m2\repository\org\jspecify\jspecify\1.0.0\jspecify-1.0.0.jar;C:\Users\dell\.m2\repository\org\seleniumhq\selenium\selenium-chrome-driver\4.35.0\selenium-chrome-driver-4.35.0.jar;C:\Users\dell\.m2\repository\com\google\auto\service\auto-service-annotations\1.1.1\auto-service-annotations-1.1.1.jar;C:\Users\dell\.m2\repository\org\seleniumhq\selenium\selenium-chromium-driver\4.35.0\selenium-chromium-driver-4.35.0.jar;C:\Users\dell\.m2\repository\org\seleniumhq\selenium\selenium-devtools-v137\4.35.0\selenium-devtools-v137-4.35.0.jar;C:\Users\dell\.m2\repository\org\seleniumhq\selenium\selenium-devtools-v138\4.35.0\selenium-devtools-v138-4.35.0.jar;C:\Users\dell\.m2\repository\org\seleniumhq\selenium\selenium-devtools-v139\4.35.0\selenium-devtools-v139-4.35.0.jar;C:\Users\dell\.m2\repository\org\seleniumhq\selenium\selenium-edge-driver\4.35.0\selenium-edge-driver-4.35.0.jar;C:\Users\dell\.m2\repository\org\seleniumhq\selenium\selenium-firefox-driver\4.35.0\selenium-firefox-driver-4.35.0.jar;C:\Users\dell\.m2\repository\org\seleniumhq\selenium\selenium-http\4.35.0\selenium-http-4.35.0.jar;C:\Users\dell\.m2\repository\org\seleniumhq\selenium\selenium-ie-driver\4.35.0\selenium-ie-driver-4.35.0.jar;C:\Users\dell\.m2\repository\org\seleniumhq\selenium\selenium-remote-driver\4.35.0\selenium-remote-driver-4.35.0.jar;C:\Users\dell\.m2\repository\com\google\guava\guava\33.4.8-jre\guava-33.4.8-jre.jar;C:\Users\dell\.m2\repository\com\google\guava\failureaccess\1.0.3\failureaccess-1.0.3.jar;C:\Users\dell\.m2\repository\com\google\guava\listenablefuture\9999.0-empty-to-avoid-conflict-with-guava\listenablefuture-9999.0-empty-to-avoid-conflict-with-guava.jar;C:\Users\dell\.m2\repository\com\google\errorprone\error_prone_annotations\2.36.0\error_prone_annotations-2.36.0.jar;C:\Users\dell\.m2\repository\com\google\j2objc\j2objc-annotations\3.0.0\j2objc-annotations-3.0.0.jar;C:\Users\dell\.m2\repository\io\opentelemetry\opentelemetry-api\1.53.0\opentelemetry-api-1.53.0.jar;C:\Users\dell\.m2\repository\io\opentelemetry\opentelemetry-context\1.53.0\opentelemetry-context-1.53.0.jar;C:\Users\dell\.m2\repository\io\opentelemetry\opentelemetry-common\1.53.0\opentelemetry-common-1.53.0.jar;C:\Users\dell\.m2\repository\io\opentelemetry\opentelemetry-exporter-logging\1.53.0\opentelemetry-exporter-logging-1.53.0.jar;C:\Users\dell\.m2\repository\io\opentelemetry\opentelemetry-sdk-common\1.53.0\opentelemetry-sdk-common-1.53.0.jar;C:\Users\dell\.m2\repository\io\opentelemetry\opentelemetry-sdk-extension-autoconfigure-spi\1.53.0\opentelemetry-sdk-extension-autoconfigure-spi-1.53.0.jar;C:\Users\dell\.m2\repository\io\opentelemetry\opentelemetry-sdk-extension-autoconfigure\1.53.0\opentelemetry-sdk-extension-autoconfigure-1.53.0.jar;C:\Users\dell\.m2\repository\io\opentelemetry\opentelemetry-sdk-trace\1.53.0\opentelemetry-sdk-trace-1.53.0.jar;C:\Users\dell\.m2\repository\io\opentelemetry\opentelemetry-sdk\1.53.0\opentelemetry-sdk-1.53.0.jar;C:\Users\dell\.m2\repository\io\opentelemetry\opentelemetry-sdk-metrics\1.53.0\opentelemetry-sdk-metrics-1.53.0.jar;C:\Users\dell\.m2\repository\io\opentelemetry\opentelemetry-sdk-logs\1.53.0\opentelemetry-sdk-logs-1.53.0.jar;C:\Users\dell\.m2\repository\net\bytebuddy\byte-buddy\1.17.6\byte-buddy-1.17.6.jar;C:\Users\dell\.m2\repository\org\seleniumhq\selenium\selenium-safari-driver\4.35.0\selenium-safari-driver-4.35.0.jar;C:\Users\dell\.m2\repository\org\seleniumhq\selenium\selenium-support\4.35.0\selenium-support-4.35.0.jar;C:\Users\dell\.m2\repository\org\seleniumhq\selenium\selenium-manager\4.35.0\selenium-manager-4.35.0.jar;C:\Users\dell\.m2\repository\org\seleniumhq\selenium\selenium-json\4.35.0\selenium-json-4.35.0.jar;C:\Users\dell\.m2\repository\org\seleniumhq\selenium\selenium-os\4.35.0\selenium-os-4.35.0.jar;C:\Users\dell\.m2\repository\org\apache\commons\commons-exec\1.5.0\commons-exec-1.5.0.jar;C:\Users\dell\.m2\repository\org\testng\testng\7.11.0\testng-7.11.0.jar;C:\Users\dell\.m2\repository\org\slf4j\slf4j-api\2.0.16\slf4j-api-2.0.16.jar;C:\Users\dell\.m2\repository\org\jcommander\jcommander\1.83\jcommander-1.83.jar;C:\Users\dell\.m2\repository\org\webjars\jquery\3.7.1\jquery-3.7.1.jar;C:\Users\dell\.m2\repository\org\apache\logging\log4j\log4j-core\2.24.3\log4j-core-2.24.3.jar;C:\Users\dell\.m2\repository\org\apache\logging\log4j\log4j-api\2.24.3\log4j-api-2.24.3.jar;C:\Users\dell\.m2\repository\com\aventstack\extentreports\5.0.9\extentreports-5.0.9.jar;C:\Users\dell\.m2\repository\io\reactivex\rxjava3\rxjava\3.0.4\rxjava-3.0.4.jar;C:\Users\dell\.m2\repository\org\reactivestreams\reactive-streams\1.0.3\reactive-streams-1.0.3.jar;C:\Users\dell\.m2\repository\org\freemarker\freemarker\2.3.30\freemarker-2.3.30.jar;C:\Users\dell\.m2\repository\com\google\code\gson\gson\2.8.6\gson-2.8.6.jar;C:\Users\dell\.m2\repository\commons-io\commons-io\2.19.0\commons-io-2.19.0.jar;C:\Users\dell\.m2\repository\org\apache\poi\poi-ooxml\5.4.1\poi-ooxml-5.4.1.jar;C:\Users\dell\.m2\repository\org\apache\poi\poi\5.4.1\poi-5.4.1.jar;C:\Users\dell\.m2\repository\commons-codec\commons-codec\1.18.0\commons-codec-1.18.0.jar;C:\Users\dell\.m2\repository\org\apache\commons\commons-math3\3.6.1\commons-math3-3.6.1.jar;C:\Users\dell\.m2\repository\com\zaxxer\SparseBitSet\1.3\SparseBitSet-1.3.jar;C:\Users\dell\.m2\repository\org\apache\poi\poi-ooxml-lite\5.4.1\poi-ooxml-lite-5.4.1.jar;C:\Users\dell\.m2\repository\org\apache\xmlbeans\xmlbeans\5.3.0\xmlbeans-5.3.0.jar;C:\Users\dell\.m2\repository\org\apache\commons\commons-compress\1.27.1\commons-compress-1.27.1.jar;C:\Users\dell\.m2\repository\org\apache\commons\commons-lang3\3.16.0\commons-lang3-3.16.0.jar;C:\Users\dell\.m2\repository\com\github\virtuald\curvesapi\1.08\curvesapi-1.08.jar;C:\Users\dell\.m2\repository\org\apache\commons\commons-collections4\4.4\commons-collections4-4.4.jar;C:\Users\dell\.m2\repository\com\sun\mail\jakarta.mail\2.0.1\jakarta.mail-2.0.1.jar;C:\Users\dell\.m2\repository\com\sun\activation\jakarta.activation\2.0.1\jakarta.activation-2.0.1.jar;C:\Users\dell\.m2\repository\org\projectlombok\lombok\1.18.30\lombok-1.18.30.jar;"/>
    <property name="java.vm.vendor" value="Oracle Corporation"/>
    <property name="sun.arch.data.model" value="64"/>
    <property name="user.variant" value=""/>
    <property name="java.vendor.url" value="https://java.oracle.com/"/>
    <property name="user.timezone" value="Asia/Calcutta"/>
    <property name="os.name" value="Windows 11"/>
    <property name="java.vm.specification.version" value="21"/>
    <property name="sun.java.launcher" value="SUN_STANDARD"/>
    <property name="user.country" value="IN"/>
    <property name="sun.boot.library.path" value="C:\Program Files\Java\jdk-21\bin"/>
    <property name="sun.java.command" value="C:\Users\dell\AppData\Local\Temp\surefire119075709900826777\surefirebooter-20250908123359606_3.jar C:\Users\dell\AppData\Local\Temp\surefire119075709900826777 2025-09-08T12-33-59_401-jvmRun1 surefire-20250908123359606_1tmp surefire_0-20250908123359606_2tmp"/>
    <property name="jdk.debug" value="release"/>
    <property name="surefire.test.class.path" value="C:\ASN\eclipse_workspace\demoqa-automation\target\test-classes;C:\ASN\eclipse_workspace\demoqa-automation\target\classes;C:\Users\dell\.m2\repository\org\seleniumhq\selenium\selenium-java\4.35.0\selenium-java-4.35.0.jar;C:\Users\dell\.m2\repository\org\seleniumhq\selenium\selenium-api\4.35.0\selenium-api-4.35.0.jar;C:\Users\dell\.m2\repository\org\jspecify\jspecify\1.0.0\jspecify-1.0.0.jar;C:\Users\dell\.m2\repository\org\seleniumhq\selenium\selenium-chrome-driver\4.35.0\selenium-chrome-driver-4.35.0.jar;C:\Users\dell\.m2\repository\com\google\auto\service\auto-service-annotations\1.1.1\auto-service-annotations-1.1.1.jar;C:\Users\dell\.m2\repository\org\seleniumhq\selenium\selenium-chromium-driver\4.35.0\selenium-chromium-driver-4.35.0.jar;C:\Users\dell\.m2\repository\org\seleniumhq\selenium\selenium-devtools-v137\4.35.0\selenium-devtools-v137-4.35.0.jar;C:\Users\dell\.m2\repository\org\seleniumhq\selenium\selenium-devtools-v138\4.35.0\selenium-devtools-v138-4.35.0.jar;C:\Users\dell\.m2\repository\org\seleniumhq\selenium\selenium-devtools-v139\4.35.0\selenium-devtools-v139-4.35.0.jar;C:\Users\dell\.m2\repository\org\seleniumhq\selenium\selenium-edge-driver\4.35.0\selenium-edge-driver-4.35.0.jar;C:\Users\dell\.m2\repository\org\seleniumhq\selenium\selenium-firefox-driver\4.35.0\selenium-firefox-driver-4.35.0.jar;C:\Users\dell\.m2\repository\org\seleniumhq\selenium\selenium-http\4.35.0\selenium-http-4.35.0.jar;C:\Users\dell\.m2\repository\org\seleniumhq\selenium\selenium-ie-driver\4.35.0\selenium-ie-driver-4.35.0.jar;C:\Users\dell\.m2\repository\org\seleniumhq\selenium\selenium-remote-driver\4.35.0\selenium-remote-driver-4.35.0.jar;C:\Users\dell\.m2\repository\com\google\guava\guava\33.4.8-jre\guava-33.4.8-jre.jar;C:\Users\dell\.m2\repository\com\google\guava\failureaccess\1.0.3\failureaccess-1.0.3.jar;C:\Users\dell\.m2\repository\com\google\guava\listenablefuture\9999.0-empty-to-avoid-conflict-with-guava\listenablefuture-9999.0-empty-to-avoid-conflict-with-guava.jar;C:\Users\dell\.m2\repository\com\google\errorprone\error_prone_annotations\2.36.0\error_prone_annotations-2.36.0.jar;C:\Users\dell\.m2\repository\com\google\j2objc\j2objc-annotations\3.0.0\j2objc-annotations-3.0.0.jar;C:\Users\dell\.m2\repository\io\opentelemetry\opentelemetry-api\1.53.0\opentelemetry-api-1.53.0.jar;C:\Users\dell\.m2\repository\io\opentelemetry\opentelemetry-context\1.53.0\opentelemetry-context-1.53.0.jar;C:\Users\dell\.m2\repository\io\opentelemetry\opentelemetry-common\1.53.0\opentelemetry-common-1.53.0.jar;C:\Users\dell\.m2\repository\io\opentelemetry\opentelemetry-exporter-logging\1.53.0\opentelemetry-exporter-logging-1.53.0.jar;C:\Users\dell\.m2\repository\io\opentelemetry\opentelemetry-sdk-common\1.53.0\opentelemetry-sdk-common-1.53.0.jar;C:\Users\dell\.m2\repository\io\opentelemetry\opentelemetry-sdk-extension-autoconfigure-spi\1.53.0\opentelemetry-sdk-extension-autoconfigure-spi-1.53.0.jar;C:\Users\dell\.m2\repository\io\opentelemetry\opentelemetry-sdk-extension-autoconfigure\1.53.0\opentelemetry-sdk-extension-autoconfigure-1.53.0.jar;C:\Users\dell\.m2\repository\io\opentelemetry\opentelemetry-sdk-trace\1.53.0\opentelemetry-sdk-trace-1.53.0.jar;C:\Users\dell\.m2\repository\io\opentelemetry\opentelemetry-sdk\1.53.0\opentelemetry-sdk-1.53.0.jar;C:\Users\dell\.m2\repository\io\opentelemetry\opentelemetry-sdk-metrics\1.53.0\opentelemetry-sdk-metrics-1.53.0.jar;C:\Users\dell\.m2\repository\io\opentelemetry\opentelemetry-sdk-logs\1.53.0\opentelemetry-sdk-logs-1.53.0.jar;C:\Users\dell\.m2\repository\net\bytebuddy\byte-buddy\1.17.6\byte-buddy-1.17.6.jar;C:\Users\dell\.m2\repository\org\seleniumhq\selenium\selenium-safari-driver\4.35.0\selenium-safari-driver-4.35.0.jar;C:\Users\dell\.m2\repository\org\seleniumhq\selenium\selenium-support\4.35.0\selenium-support-4.35.0.jar;C:\Users\dell\.m2\repository\org\seleniumhq\selenium\selenium-manager\4.35.0\selenium-manager-4.35.0.jar;C:\Users\dell\.m2\repository\org\seleniumhq\selenium\selenium-json\4.35.0\selenium-json-4.35.0.jar;C:\Users\dell\.m2\repository\org\seleniumhq\selenium\selenium-os\4.35.0\selenium-os-4.35.0.jar;C:\Users\dell\.m2\repository\org\apache\commons\commons-exec\1.5.0\commons-exec-1.5.0.jar;C:\Users\dell\.m2\repository\org\testng\testng\7.11.0\testng-7.11.0.jar;C:\Users\dell\.m2\repository\org\slf4j\slf4j-api\2.0.16\slf4j-api-2.0.16.jar;C:\Users\dell\.m2\repository\org\jcommander\jcommander\1.83\jcommander-1.83.jar;C:\Users\dell\.m2\repository\org\webjars\jquery\3.7.1\jquery-3.7.1.jar;C:\Users\dell\.m2\repository\org\apache\logging\log4j\log4j-core\2.24.3\log4j-core-2.24.3.jar;C:\Users\dell\.m2\repository\org\apache\logging\log4j\log4j-api\2.24.3\log4j-api-2.24.3.jar;C:\Users\dell\.m2\repository\com\aventstack\extentreports\5.0.9\extentreports-5.0.9.jar;C:\Users\dell\.m2\repository\io\reactivex\rxjava3\rxjava\3.0.4\rxjava-3.0.4.jar;C:\Users\dell\.m2\repository\org\reactivestreams\reactive-streams\1.0.3\reactive-streams-1.0.3.jar;C:\Users\dell\.m2\repository\org\freemarker\freemarker\2.3.30\freemarker-2.3.30.jar;C:\Users\dell\.m2\repository\com\google\code\gson\gson\2.8.6\gson-2.8.6.jar;C:\Users\dell\.m2\repository\commons-io\commons-io\2.19.0\commons-io-2.19.0.jar;C:\Users\dell\.m2\repository\org\apache\poi\poi-ooxml\5.4.1\poi-ooxml-5.4.1.jar;C:\Users\dell\.m2\repository\org\apache\poi\poi\5.4.1\poi-5.4.1.jar;C:\Users\dell\.m2\repository\commons-codec\commons-codec\1.18.0\commons-codec-1.18.0.jar;C:\Users\dell\.m2\repository\org\apache\commons\commons-math3\3.6.1\commons-math3-3.6.1.jar;C:\Users\dell\.m2\repository\com\zaxxer\SparseBitSet\1.3\SparseBitSet-1.3.jar;C:\Users\dell\.m2\repository\org\apache\poi\poi-ooxml-lite\5.4.1\poi-ooxml-lite-5.4.1.jar;C:\Users\dell\.m2\repository\org\apache\xmlbeans\xmlbeans\5.3.0\xmlbeans-5.3.0.jar;C:\Users\dell\.m2\repository\org\apache\commons\commons-compress\1.27.1\commons-compress-1.27.1.jar;C:\Users\dell\.m2\repository\org\apache\commons\commons-lang3\3.16.0\commons-lang3-3.16.0.jar;C:\Users\dell\.m2\repository\com\github\virtuald\curvesapi\1.08\curvesapi-1.08.jar;C:\Users\dell\.m2\repository\org\apache\commons\commons-collections4\4.4\commons-collections4-4.4.jar;C:\Users\dell\.m2\repository\com\sun\mail\jakarta.mail\2.0.1\jakarta.mail-2.0.1.jar;C:\Users\dell\.m2\repository\com\sun\activation\jakarta.activation\2.0.1\jakarta.activation-2.0.1.jar;C:\Users\dell\.m2\repository\org\projectlombok\lombok\1.18.30\lombok-1.18.30.jar;"/>
    <property name="sun.cpu.endian" value="little"/>
    <property name="user.home" value="C:\Users\dell"/>
    <property name="user.language" value="en"/>
    <property name="java.specification.vendor" value="Oracle Corporation"/>
    <property name="java.version.date" value="2025-04-15"/>
    <property name="java.home" value="C:\Program Files\Java\jdk-21"/>
    <property name="file.separator" value="\"/>
    <property name="basedir" value="C:\ASN\eclipse_workspace\demoqa-automation"/>
    <property name="java.vm.compressedOopsMode" value="32-bit"/>
    <property name="line.separator" value="&#10;"/>
    <property name="java.vm.specification.vendor" value="Oracle Corporation"/>
    <property name="java.specification.name" value="Java Platform API Specification"/>
    <property name="surefire.real.class.path" value="C:\Users\dell\AppData\Local\Temp\surefire119075709900826777\surefirebooter-20250908123359606_3.jar"/>
    <property name="user.script" value=""/>
    <property name="sun.management.compiler" value="HotSpot 64-Bit Tiered Compilers"/>
    <property name="java.runtime.version" value="21.0.7+8-LTS-245"/>
    <property name="user.name" value="dell"/>
    <property name="stdout.encoding" value="Cp1252"/>
    <property name="path.separator" value=";"/>
    <property name="os.version" value="10.0"/>
    <property name="java.runtime.name" value="Java(TM) SE Runtime Environment"/>
    <property name="file.encoding" value="UTF-8"/>
    <property name="java.vm.name" value="Java HotSpot(TM) 64-Bit Server VM"/>
    <property name="localRepository" value="C:\Users\dell\.m2\repository"/>
    <property name="java.vendor.url.bug" value="https://bugreport.java.com/bugreport/"/>
    <property name="java.io.tmpdir" value="C:\Users\dell\AppData\Local\Temp\"/>
    <property name="java.version" value="21.0.7"/>
    <property name="user.dir" value="C:\ASN\eclipse_workspace\demoqa-automation"/>
    <property name="os.arch" value="amd64"/>
    <property name="java.vm.specification.name" value="Java Virtual Machine Specification"/>
    <property name="sun.os.patch.level" value=""/>
    <property name="native.encoding" value="Cp1252"/>
    <property name="java.library.path" value="C:\Program Files\Java\jdk-21\bin;C:\WINDOWS\Sun\Java\bin;C:\WINDOWS\system32;C:\WINDOWS;C:\Program Files\Python313\Scripts\;C:\Program Files\Python313\;C:\Program Files\Common Files\Oracle\Java\javapath;C:\WINDOWS\system32;C:\WINDOWS;C:\WINDOWS\System32\Wbem;C:\WINDOWS\System32\WindowsPowerShell\v1.0\;C:\WINDOWS\System32\OpenSSH\;C:\Program Files\dotnet\;C:\Program Files\Java\jdk-17\bin;C:\ProgramData\Oracle\Java\javapath;C:\Program Files\PowerShell\7\;C:\Program Files\Java\jdk-21\bin;C:\ASN\apache-maven-3.9.9\bin;C:\Program Files\Git\cmd;C:\Users\dell\AppData\Local\Programs\Python\Python313\Scripts\;C:\Users\dell\AppData\Local\Programs\Python\Python313\;C:\Users\dell\AppData\Local\Programs\Python\Python310\Scripts\;C:\Users\dell\AppData\Local\Programs\Python\Python310\;C:\Users\dell\AppData\Local\Microsoft\WindowsApps;C:\Program Files\JetBrains\PyCharm Community Edition 2022.1.1\bin;;C:\Users\dell\AppData\Local\GitHubDesktop\bin;C:\Users\dell\AppData\Local\Programs\Microsoft VS Code\bin;C:\Users\dell\.dotnet\tools;."/>
    <property name="java.vm.info" value="mixed mode, sharing"/>
    <property name="stderr.encoding" value="Cp1252"/>
    <property name="java.vendor" value="Oracle Corporation"/>
    <property name="java.vm.version" value="21.0.7+8-LTS-245"/>
    <property name="sun.io.unicode.encoding" value="UnicodeLittle"/>
    <property name="java.class.version" value="65.0"/>
  </properties>
  <testcase name="accessAlertsFrameWindows" classname="tests.AlertsFramesWindowsTests" time="0.272">
    <system-out><![CDATA[2025-09-08T07:04:00.869067500Z main INFO Starting configuration XmlConfiguration[location=C:\ASN\eclipse_workspace\demoqa-automation\target\classes\log4j2.xml, lastModified=2025-08-05T03:16:47.250Z]...
2025-09-08T07:04:00.873463400Z main INFO Start watching for changes to C:\ASN\eclipse_workspace\demoqa-automation\target\classes\log4j2.xml every 0 seconds
2025-09-08T07:04:00.873463400Z main INFO Configuration XmlConfiguration[location=C:\ASN\eclipse_workspace\demoqa-automation\target\classes\log4j2.xml, lastModified=2025-08-05T03:16:47.250Z] started.
2025-09-08T07:04:00.875477700Z main INFO Stopping configuration org.apache.logging.log4j.core.config.DefaultConfiguration@46cdf8bd...
2025-09-08T07:04:00.877916600Z main INFO Configuration org.apache.logging.log4j.core.config.DefaultConfiguration@46cdf8bd stopped.
2025-09-08 12:34:01 [main] INFO  DriverFactory - 🌐 Starting Chrome Web Browser...
2025-09-08 12:34:01 [main] INFO  DriverFactory - ✅ Created temporary Chrome profile at C:\Users\dell\AppData\Local\Temp\chrome-profile-15323049192428416113
2025-09-08 12:34:02 [main] INFO  DriverFactory - 🚀 WebDriver started successfully
2025-09-08 12:34:02 [main] INFO  RetryUrlAccess - Navigating to URL (attempt 1): https://demoqa.com
2025-09-08 12:34:25 [main] INFO  demoqaBase - 🚀 Starting test: accessAlertsFrameWindows
2025-09-08 12:34:25 [main] INFO  demoqaBase - 🧪 Starting Test Alerts, Frames & Windows...
2025-09-08 12:34:25 [main] INFO  demoqaBase - Accessing Alerts, Frame & Windows Card...
Declared Instance WebDriverWait: org.openqa.selenium.support.ui.WebDriverWait@27c04377
2025-09-08 12:34:25 [main] INFO  demoqaLog - Clicking on Alert Frame & Windows Card...
2025-09-08 12:34:25 [main] INFO  demoqaLog - ✅ JS click executed on element: {}
2025-09-08 12:34:25 [main] INFO  demoqaLog - Clicked on on Alert Frame & Windows Card...
Title of this Page is: DEMOQA
You are Accessing: Alerts, Frame & Windows
2025-09-08 12:34:25 [main] INFO  demoqaBase - Alerts, Frame & Windows Card: Please select an item from left to start practice.
2025-09-08 12:34:25 [main] INFO  demoqaBase - ✅ Alerts, Frames & Windows Test Completed...
]]></system-out>
    <system-err><![CDATA[SLF4J(W): No SLF4J providers were found.
SLF4J(W): Defaulting to no-operation (NOP) logger implementation
SLF4J(W): See https://www.slf4j.org/codes.html#noProviders for further details.
]]></system-err>
  </testcase>
  <testcase name="browserWindows" classname="tests.AlertsFramesWindowsTests" time="0.391">
    <system-out><![CDATA[2025-09-08 12:34:25 [main] INFO  demoqaBase - Closing the Browser for test: accessAlertsFrameWindows
2025-09-08 12:34:25 [main] INFO  DriverFactory - 🌐 Starting Chrome Web Browser...
2025-09-08 12:34:25 [main] INFO  DriverFactory - ✅ Created temporary Chrome profile at C:\Users\dell\AppData\Local\Temp\chrome-profile-11699849756092584290
2025-09-08 12:34:26 [main] INFO  DriverFactory - 🚀 WebDriver started successfully
2025-09-08 12:34:26 [main] INFO  RetryUrlAccess - Navigating to URL (attempt 1): https://demoqa.com
2025-09-08 12:34:43 [main] INFO  demoqaBase - 🚀 Starting test: browserWindows
2025-09-08 12:34:43 [main] INFO  demoqaBase - 🧪 Starting Test Alerts, Frames & Windows...
2025-09-08 12:34:43 [main] INFO  demoqaBase - Accessing Alerts, Frame & Windows Card...
Declared Instance WebDriverWait: org.openqa.selenium.support.ui.WebDriverWait@7a5b769b
2025-09-08 12:34:43 [main] INFO  demoqaLog - Clicking on Alert Frame & Windows Card...
2025-09-08 12:34:43 [main] INFO  demoqaLog - ✅ JS click executed on element: {}
2025-09-08 12:34:43 [main] INFO  demoqaLog - Clicked on on Alert Frame & Windows Card...
Title of this Page is: DEMOQA
You are Accessing: Alerts, Frame & Windows
2025-09-08 12:34:43 [main] INFO  demoqaBase - Alerts, Frame & Windows Card: Please select an item from left to start practice.
2025-09-08 12:34:43 [main] INFO  demoqaBase - Clicking on Alerts, Frame & Windows Card|Browser Windows...
You are now Accessing: Browser Windows
2025-09-08 12:34:43 [main] INFO  demoqaBase - You are now Accessing: Browser Windows
2025-09-08 12:34:43 [main] INFO  demoqaBase - ✅ Alerts, Frames & Windows|Browser Windows Test Completed...
]]></system-out>
  </testcase>
  <testcase name="browserWindowsNewTab" classname="tests.AlertsFramesWindowsTests" time="0.887">
    <system-out><![CDATA[2025-09-08 12:34:43 [main] INFO  demoqaBase - Closing the Browser for test: browserWindows
2025-09-08 12:34:44 [main] INFO  DriverFactory - 🌐 Starting Chrome Web Browser...
2025-09-08 12:34:44 [main] INFO  DriverFactory - ✅ Created temporary Chrome profile at C:\Users\dell\AppData\Local\Temp\chrome-profile-10467180305019917349
2025-09-08 12:34:45 [main] INFO  DriverFactory - 🚀 WebDriver started successfully
2025-09-08 12:34:45 [main] INFO  RetryUrlAccess - Navigating to URL (attempt 1): https://demoqa.com
2025-09-08 12:35:14 [main] INFO  demoqaBase - 🚀 Starting test: browserWindowsNewTab
2025-09-08 12:35:14 [main] INFO  demoqaBase - 🧪 Starting Test Alerts, Frames & Windows|New Tab...
2025-09-08 12:35:14 [main] INFO  demoqaBase - Accessing Alerts, Frame & Windows Card...
Declared Instance WebDriverWait: org.openqa.selenium.support.ui.WebDriverWait@64fc097e
2025-09-08 12:35:14 [main] INFO  demoqaLog - Clicking on Alert Frame & Windows Card...
2025-09-08 12:35:15 [main] INFO  demoqaLog - ✅ JS click executed on element: {}
2025-09-08 12:35:15 [main] INFO  demoqaLog - Clicked on on Alert Frame & Windows Card...
Title of this Page is: DEMOQA
You are Accessing: Alerts, Frame & Windows
2025-09-08 12:35:15 [main] INFO  demoqaBase - Alerts, Frame & Windows Card: Please select an item from left to start practice.
2025-09-08 12:35:15 [main] INFO  demoqaBase - Clicking on Alerts, Frame & Windows Card|Browser Windows...
You are now Accessing: Browser Windows
2025-09-08 12:35:15 [main] INFO  demoqaBase - You are now Accessing: Browser Windows
2025-09-08 12:35:15 [main] INFO  demoqaBase - Initiating New Tab click sequence...
2025-09-08 12:35:15 [main] INFO  demoqaBase - Clicked New Tab button
2025-09-08 12:35:15 [main] INFO  demoqaBase - Switched to new tab: A805ABF71D1AEED18B82C48209478DCB
2025-09-08 12:35:15 [main] INFO  demoqaBase - New tab content: 'This is a sample page'
You are now accessing: This is a sample page
2025-09-08 12:35:15 [main] INFO  demoqaBase - ✅ Alerts, Frames & Windows|Browser Windows|New Tab Test Completed...
]]></system-out>
  </testcase>
  <testcase name="browserWindowsNewWindow" classname="tests.AlertsFramesWindowsTests" time="0.771">
    <system-out><![CDATA[2025-09-08 12:35:15 [main] INFO  demoqaBase - Closing the Browser for test: browserWindowsNewTab
2025-09-08 12:35:16 [main] INFO  DriverFactory - 🌐 Starting Chrome Web Browser...
2025-09-08 12:35:16 [main] INFO  DriverFactory - ✅ Created temporary Chrome profile at C:\Users\dell\AppData\Local\Temp\chrome-profile-7288896151590267235
2025-09-08 12:35:17 [main] INFO  DriverFactory - 🚀 WebDriver started successfully
2025-09-08 12:35:17 [main] INFO  RetryUrlAccess - Navigating to URL (attempt 1): https://demoqa.com
2025-09-08 12:35:52 [main] INFO  demoqaBase - 🚀 Starting test: browserWindowsNewWindow
2025-09-08 12:35:52 [main] INFO  demoqaBase - 🧪 Starting Test Alerts, Frames & Windows|New Window...
2025-09-08 12:35:52 [main] INFO  demoqaBase - Accessing Alerts, Frame & Windows Card...
Declared Instance WebDriverWait: org.openqa.selenium.support.ui.WebDriverWait@131ff6fa
2025-09-08 12:35:52 [main] INFO  demoqaLog - Clicking on Alert Frame & Windows Card...
2025-09-08 12:35:52 [main] INFO  demoqaLog - ✅ JS click executed on element: {}
2025-09-08 12:35:52 [main] INFO  demoqaLog - Clicked on on Alert Frame & Windows Card...
Title of this Page is: DEMOQA
You are Accessing: Alerts, Frame & Windows
2025-09-08 12:35:52 [main] INFO  demoqaBase - Alerts, Frame & Windows Card: Please select an item from left to start practice.
2025-09-08 12:35:52 [main] INFO  demoqaBase - Clicking on Alerts, Frame & Windows Card|Browser Windows...
You are now Accessing: Browser Windows
2025-09-08 12:35:52 [main] INFO  demoqaBase - You are now Accessing: Browser Windows
2025-09-08 12:35:52 [main] INFO  demoqaBase - Initiating New Window click sequence...
2025-09-08 12:35:52 [main] INFO  demoqaBase - Clicked New Window button
2025-09-08 12:35:52 [main] INFO  demoqaBase - Switched to new tab: 027548371425B5733E7401B1B717C79D
2025-09-08 12:35:52 [main] INFO  demoqaBase - New tab content: 'This is a sample page'
You are now accessing: This is a sample page
2025-09-08 12:35:52 [main] INFO  demoqaBase - ✅ Alerts, Frames & Windows|Browser Windows|New Window Test Completed...
]]></system-out>
  </testcase>
  <testcase name="browserWindowsNewWindowMsg" classname="tests.AlertsFramesWindowsTests" time="0.897">
    <system-out><![CDATA[2025-09-08 12:35:52 [main] INFO  demoqaBase - Closing the Browser for test: browserWindowsNewWindow
2025-09-08 12:35:53 [main] INFO  DriverFactory - 🌐 Starting Chrome Web Browser...
2025-09-08 12:35:53 [main] INFO  DriverFactory - ✅ Created temporary Chrome profile at C:\Users\dell\AppData\Local\Temp\chrome-profile-5603901111584738928
2025-09-08 12:35:54 [main] INFO  DriverFactory - 🚀 WebDriver started successfully
2025-09-08 12:35:54 [main] INFO  RetryUrlAccess - Navigating to URL (attempt 1): https://demoqa.com
2025-09-08 12:36:14 [main] INFO  demoqaBase - 🚀 Starting test: browserWindowsNewWindowMsg
2025-09-08 12:36:14 [main] INFO  demoqaBase - 🧪 Starting Test Alerts, Frames & Windows|New Window Message...
2025-09-08 12:36:14 [main] INFO  demoqaBase - Accessing Alerts, Frame & Windows Card...
Declared Instance WebDriverWait: org.openqa.selenium.support.ui.WebDriverWait@78cd163b
2025-09-08 12:36:14 [main] INFO  demoqaLog - Clicking on Alert Frame & Windows Card...
2025-09-08 12:36:14 [main] INFO  demoqaLog - ✅ JS click executed on element: {}
2025-09-08 12:36:14 [main] INFO  demoqaLog - Clicked on on Alert Frame & Windows Card...
Title of this Page is: DEMOQA
You are Accessing: Alerts, Frame & Windows
2025-09-08 12:36:14 [main] INFO  demoqaBase - Alerts, Frame & Windows Card: Please select an item from left to start practice.
2025-09-08 12:36:14 [main] INFO  demoqaBase - Clicking on Alerts, Frame & Windows Card|Browser Windows...
You are now Accessing: Browser Windows
2025-09-08 12:36:14 [main] INFO  demoqaBase - You are now Accessing: Browser Windows
2025-09-08 12:36:14 [main] INFO  demoqaBase - 🔍 Starting 'New Window Message' click sequence...
2025-09-08 12:36:15 [main] INFO  demoqaLog - ✅ JS click executed on element: {}
2025-09-08 12:36:15 [main] INFO  demoqaBase - 🔀 Switched to new window: 6C7804D22D97B434C57EE8559DA95349
2025-09-08 12:36:15 [main] INFO  demoqaBase - ✅ Verified new popup window opened successfully.
2025-09-08 12:36:15 [main] INFO  demoqaBase - ↩️ Switched back to original window: DE28A8EE7EB824842D627E077E0ED746
2025-09-08 12:36:15 [main] INFO  demoqaBase - ✅ 'New Window Message' flow completed successfully.
2025-09-08 12:36:15 [main] INFO  demoqaBase - ✅ Alerts, Frames & Windows|Browser Windows|New Window Message Test Completed...
]]></system-out>
  </testcase>
  <testcase name="ClickAlerts" classname="tests.AlertsFramesWindowsTests" time="0.414">
    <system-out><![CDATA[2025-09-08 12:36:15 [main] INFO  demoqaBase - Closing the Browser for test: browserWindowsNewWindowMsg
2025-09-08 12:36:15 [main] INFO  DriverFactory - 🌐 Starting Chrome Web Browser...
2025-09-08 12:36:15 [main] INFO  DriverFactory - ✅ Created temporary Chrome profile at C:\Users\dell\AppData\Local\Temp\chrome-profile-15380283117175477036
2025-09-08 12:36:16 [main] INFO  DriverFactory - 🚀 WebDriver started successfully
2025-09-08 12:36:16 [main] INFO  RetryUrlAccess - Navigating to URL (attempt 1): https://demoqa.com
2025-09-08 12:36:24 [main] INFO  demoqaBase - 🚀 Starting test: ClickAlerts
2025-09-08 12:36:24 [main] INFO  demoqaBase - 🧪 Starting Test Alerts, Frames & Windows|New Window Message...
2025-09-08 12:36:24 [main] INFO  demoqaBase - Accessing Alerts, Frame & Windows Card...
Declared Instance WebDriverWait: org.openqa.selenium.support.ui.WebDriverWait@3b27b497
2025-09-08 12:36:24 [main] INFO  demoqaLog - Clicking on Alert Frame & Windows Card...
2025-09-08 12:36:24 [main] INFO  demoqaLog - ✅ JS click executed on element: {}
2025-09-08 12:36:24 [main] INFO  demoqaLog - Clicked on on Alert Frame & Windows Card...
Title of this Page is: DEMOQA
You are Accessing: Alerts, Frame & Windows
2025-09-08 12:36:24 [main] INFO  demoqaBase - Alerts, Frame & Windows Card: Please select an item from left to start practice.
2025-09-08 12:36:24 [main] INFO  demoqaBase - 🔍 Starting test for Alerts click ..
2025-09-08 12:36:25 [main] INFO  demoqaLog - ✅ JS click executed on element: {}
2025-09-08 12:36:25 [main] INFO  demoqaBase - ✅ Clicked on Alerts...
2025-09-08 12:36:25 [main] INFO  demoqaBase - Page Title is: Alerts
2025-09-08 12:36:25 [main] INFO  demoqaBase - ✅ Alerts, Frames & Windows|Alerts Test Completed...
]]></system-out>
  </testcase>
  <testcase name="ClickToSeeAlerts" classname="tests.AlertsFramesWindowsTests" time="5.746">
    <system-out><![CDATA[2025-09-08 12:36:25 [main] INFO  demoqaBase - Closing the Browser for test: ClickAlerts
2025-09-08 12:36:25 [main] INFO  DriverFactory - 🌐 Starting Chrome Web Browser...
2025-09-08 12:36:25 [main] INFO  DriverFactory - ✅ Created temporary Chrome profile at C:\Users\dell\AppData\Local\Temp\chrome-profile-11997943492514553771
2025-09-08 12:36:26 [main] INFO  DriverFactory - 🚀 WebDriver started successfully
2025-09-08 12:36:26 [main] INFO  RetryUrlAccess - Navigating to URL (attempt 1): https://demoqa.com
2025-09-08 12:36:51 [main] INFO  demoqaBase - 🚀 Starting test: ClickToSeeAlerts
2025-09-08 12:36:51 [main] INFO  demoqaBase - 🧪 Starting Test Alerts, Frames & Windows|Alerts|Click button to see Alert...
2025-09-08 12:36:51 [main] INFO  demoqaBase - Accessing Alerts, Frame & Windows Card...
Declared Instance WebDriverWait: org.openqa.selenium.support.ui.WebDriverWait@5922d3e9
2025-09-08 12:36:51 [main] INFO  demoqaLog - Clicking on Alert Frame & Windows Card...
2025-09-08 12:36:52 [main] INFO  demoqaLog - ✅ JS click executed on element: {}
2025-09-08 12:36:52 [main] INFO  demoqaLog - Clicked on on Alert Frame & Windows Card...
Title of this Page is: DEMOQA
You are Accessing: Alerts, Frame & Windows
2025-09-08 12:36:52 [main] INFO  demoqaBase - Alerts, Frame & Windows Card: Please select an item from left to start practice.
2025-09-08 12:36:52 [main] INFO  demoqaBase - 🔍 Starting test for Alerts click ..
2025-09-08 12:36:52 [main] INFO  demoqaLog - ✅ JS click executed on element: {}
2025-09-08 12:36:52 [main] INFO  demoqaBase - ✅ Clicked on Alerts...
2025-09-08 12:36:52 [main] INFO  demoqaBase - Page Title is: Alerts
2025-09-08 12:36:52 [main] INFO  demoqaBase - 🔍 Starting test for On button click, alert will appear after 5 seconds...
2025-09-08 12:36:52 [main] INFO  demoqaLog - ✅ JS click executed on element: {}
2025-09-08 12:36:52 [main] INFO  demoqaBase - ✅ Clicked on Click Button to see Alert after 5 seconds...
2025-09-08 12:36:57 [main] INFO  demoqaBase - ✅ On button click, alert will appear after 5 seconds, message is: This alert appeared after 5 seconds
2025-09-08 12:36:57 [main] INFO  demoqaBase - ✅ Alerts, Frames & Windows|Alerts|Click button to see Alert Test Completed...
]]></system-out>
  </testcase>
  <testcase name="ClickAcceptConfirmationBox" classname="tests.AlertsFramesWindowsTests" time="0.607">
    <system-out><![CDATA[2025-09-08 12:36:57 [main] INFO  demoqaBase - Closing the Browser for test: ClickToSeeAlerts
2025-09-08 12:36:58 [main] INFO  DriverFactory - 🌐 Starting Chrome Web Browser...
2025-09-08 12:36:58 [main] INFO  DriverFactory - ✅ Created temporary Chrome profile at C:\Users\dell\AppData\Local\Temp\chrome-profile-2026290724412492682
2025-09-08 12:36:59 [main] INFO  DriverFactory - 🚀 WebDriver started successfully
2025-09-08 12:36:59 [main] INFO  RetryUrlAccess - Navigating to URL (attempt 1): https://demoqa.com
2025-09-08 12:37:20 [main] INFO  demoqaBase - 🚀 Starting test: ClickAcceptConfirmationBox
2025-09-08 12:37:20 [main] INFO  demoqaBase - 🧪 Starting Test Alerts, Frames & Windows|AlertsOn button click, confirm box will appear, Accept...
2025-09-08 12:37:20 [main] INFO  demoqaBase - Accessing Alerts, Frame & Windows Card...
Declared Instance WebDriverWait: org.openqa.selenium.support.ui.WebDriverWait@2d760326
2025-09-08 12:37:20 [main] INFO  demoqaLog - Clicking on Alert Frame & Windows Card...
2025-09-08 12:37:20 [main] INFO  demoqaLog - ✅ JS click executed on element: {}
2025-09-08 12:37:20 [main] INFO  demoqaLog - Clicked on on Alert Frame & Windows Card...
Title of this Page is: DEMOQA
You are Accessing: Alerts, Frame & Windows
2025-09-08 12:37:20 [main] INFO  demoqaBase - Alerts, Frame & Windows Card: Please select an item from left to start practice.
2025-09-08 12:37:20 [main] INFO  demoqaBase - 🔍 Starting test for Alerts click ..
2025-09-08 12:37:20 [main] INFO  demoqaLog - ✅ JS click executed on element: {}
2025-09-08 12:37:20 [main] INFO  demoqaBase - ✅ Clicked on Alerts...
2025-09-08 12:37:20 [main] INFO  demoqaBase - Page Title is: Alerts
2025-09-08 12:37:20 [main] INFO  demoqaBase - 🔍 Starting test for On button click, confirm box will appear, Accept...
2025-09-08 12:37:21 [main] INFO  demoqaLog - ✅ JS click executed on element: {}
2025-09-08 12:37:21 [main] INFO  demoqaBase - ✅ Clicked On button click, confirm box will appear, Accept...
2025-09-08 12:37:21 [main] INFO  demoqaBase - ✅ On button click, confirm box will appear, message is: Do you confirm action?
2025-09-08 12:37:21 [main] INFO  demoqaBase - ✅ Your Selection was: You selected Ok
2025-09-08 12:37:21 [main] INFO  demoqaBase - ✅ Alerts, Frames & Windows|Alerts|On button click, confirm box will appear, Accept Test Completed...
]]></system-out>
  </testcase>
  <testcase name="ClickDenyConfirmationBox" classname="tests.AlertsFramesWindowsTests" time="0.594">
    <system-out><![CDATA[2025-09-08 12:37:21 [main] INFO  demoqaBase - Closing the Browser for test: ClickAcceptConfirmationBox
2025-09-08 12:37:21 [main] INFO  DriverFactory - 🌐 Starting Chrome Web Browser...
2025-09-08 12:37:21 [main] INFO  DriverFactory - ✅ Created temporary Chrome profile at C:\Users\dell\AppData\Local\Temp\chrome-profile-18157482310945557140
2025-09-08 12:37:22 [main] INFO  DriverFactory - 🚀 WebDriver started successfully
2025-09-08 12:37:22 [main] INFO  RetryUrlAccess - Navigating to URL (attempt 1): https://demoqa.com
2025-09-08 12:37:48 [main] INFO  demoqaBase - 🚀 Starting test: ClickDenyConfirmationBox
2025-09-08 12:37:48 [main] INFO  demoqaBase - 🧪 Starting Test Alerts, Frames & Windows|Alerts|On button click, confirm box will appear, Deny...
2025-09-08 12:37:48 [main] INFO  demoqaBase - Accessing Alerts, Frame & Windows Card...
Declared Instance WebDriverWait: org.openqa.selenium.support.ui.WebDriverWait@6d229b1c
2025-09-08 12:37:48 [main] INFO  demoqaLog - Clicking on Alert Frame & Windows Card...
2025-09-08 12:37:48 [main] INFO  demoqaLog - ✅ JS click executed on element: {}
2025-09-08 12:37:48 [main] INFO  demoqaLog - Clicked on on Alert Frame & Windows Card...
Title of this Page is: DEMOQA
You are Accessing: Alerts, Frame & Windows
2025-09-08 12:37:48 [main] INFO  demoqaBase - Alerts, Frame & Windows Card: Please select an item from left to start practice.
2025-09-08 12:37:48 [main] INFO  demoqaBase - 🔍 Starting test for Alerts click ..
2025-09-08 12:37:49 [main] INFO  demoqaLog - ✅ JS click executed on element: {}
2025-09-08 12:37:49 [main] INFO  demoqaBase - ✅ Clicked on Alerts...
2025-09-08 12:37:49 [main] INFO  demoqaBase - Page Title is: Alerts
2025-09-08 12:37:49 [main] INFO  demoqaBase - 🔍 Starting test for On button click, confirm box will appear, Deny...
2025-09-08 12:37:49 [main] INFO  demoqaLog - ✅ JS click executed on element: {}
2025-09-08 12:37:49 [main] INFO  demoqaBase - ✅ Clicked On button click, confirm box will appear, Deny...
2025-09-08 12:37:49 [main] INFO  demoqaBase - ✅ On button click, confirm box will appear, message is: Do you confirm action?
2025-09-08 12:37:49 [main] INFO  demoqaBase - ✅ Your Selection was: You selected Cancel
2025-09-08 12:37:49 [main] INFO  demoqaBase - ✅ Alerts, Frames & Windows|Alerts|On button click, confirm box will appear, Deny Test Completed...
]]></system-out>
  </testcase>
  <testcase name="ClickPromptBoxFill" classname="tests.AlertsFramesWindowsTests" time="0.712">
    <system-out><![CDATA[2025-09-08 12:37:49 [main] INFO  demoqaBase - Closing the Browser for test: ClickDenyConfirmationBox
2025-09-08 12:37:49 [main] INFO  DriverFactory - 🌐 Starting Chrome Web Browser...
2025-09-08 12:37:49 [main] INFO  DriverFactory - ✅ Created temporary Chrome profile at C:\Users\dell\AppData\Local\Temp\chrome-profile-14621394793460419360
2025-09-08 12:37:50 [main] INFO  DriverFactory - 🚀 WebDriver started successfully
2025-09-08 12:37:50 [main] INFO  RetryUrlAccess - Navigating to URL (attempt 1): https://demoqa.com
2025-09-08 12:38:05 [main] INFO  demoqaBase - 🚀 Starting test: ClickPromptBoxFill
2025-09-08 12:38:05 [main] INFO  demoqaBase - 🧪 Starting Test Alerts, Frames & Windows|Alerts|On button click, prompt box will appear, Fill data...
2025-09-08 12:38:05 [main] INFO  demoqaBase - Accessing Alerts, Frame & Windows Card...
Declared Instance WebDriverWait: org.openqa.selenium.support.ui.WebDriverWait@3a7b2e2
2025-09-08 12:38:05 [main] INFO  demoqaLog - Clicking on Alert Frame & Windows Card...
2025-09-08 12:38:05 [main] INFO  demoqaLog - ✅ JS click executed on element: {}
2025-09-08 12:38:05 [main] INFO  demoqaLog - Clicked on on Alert Frame & Windows Card...
Title of this Page is: DEMOQA
You are Accessing: Alerts, Frame & Windows
2025-09-08 12:38:05 [main] INFO  demoqaBase - Alerts, Frame & Windows Card: Please select an item from left to start practice.
2025-09-08 12:38:05 [main] INFO  demoqaBase - 🔍 Starting test for Alerts click ..
2025-09-08 12:38:06 [main] INFO  demoqaLog - ✅ JS click executed on element: {}
2025-09-08 12:38:06 [main] INFO  demoqaBase - ✅ Clicked on Alerts...
2025-09-08 12:38:06 [main] INFO  demoqaBase - Page Title is: Alerts
2025-09-08 12:38:06 [main] INFO  demoqaBase - 🔍 Starting test for On button click, prompt box will appear, Fill data...
2025-09-08 12:38:06 [main] INFO  demoqaLog - ✅ JS click executed on element: {}
2025-09-08 12:38:06 [main] INFO  demoqaBase - ✅ Clicked On button click, prompt box will appear, Fill data...
2025-09-08 12:38:06 [main] INFO  demoqaBase - ✅ On button click, prompt box will appear, message is: Please enter your name
2025-09-08 12:38:06 [main] INFO  demoqaBase - ✅ Your Selection was: You entered Java Selenium
2025-09-08 12:38:06 [main] INFO  demoqaBase - ✅ Alerts, Frames & Windows|Alerts|On button click, prompt box will appear, Fill data Test Completed...
]]></system-out>
  </testcase>
  <testcase name="ClickFrames" classname="tests.AlertsFramesWindowsTests" time="0.413">
    <system-out><![CDATA[2025-09-08 12:38:06 [main] INFO  demoqaBase - Closing the Browser for test: ClickPromptBoxFill
2025-09-08 12:38:06 [main] INFO  DriverFactory - 🌐 Starting Chrome Web Browser...
2025-09-08 12:38:06 [main] INFO  DriverFactory - ✅ Created temporary Chrome profile at C:\Users\dell\AppData\Local\Temp\chrome-profile-9163442216791657705
2025-09-08 12:38:07 [main] INFO  DriverFactory - 🚀 WebDriver started successfully
2025-09-08 12:38:07 [main] INFO  RetryUrlAccess - Navigating to URL (attempt 1): https://demoqa.com
2025-09-08 12:38:43 [main] INFO  demoqaBase - 🚀 Starting test: ClickFrames
2025-09-08 12:38:43 [main] INFO  demoqaBase - 🧪 Starting Test Alerts, Frames & Windows|Frames...
2025-09-08 12:38:43 [main] INFO  demoqaBase - Accessing Alerts, Frame & Windows Card...
Declared Instance WebDriverWait: org.openqa.selenium.support.ui.WebDriverWait@7ab802f4
2025-09-08 12:38:43 [main] INFO  demoqaLog - Clicking on Alert Frame & Windows Card...
2025-09-08 12:38:43 [main] INFO  demoqaLog - ✅ JS click executed on element: {}
2025-09-08 12:38:43 [main] INFO  demoqaLog - Clicked on on Alert Frame & Windows Card...
Title of this Page is: DEMOQA
You are Accessing: Alerts, Frame & Windows
2025-09-08 12:38:43 [main] INFO  demoqaBase - Alerts, Frame & Windows Card: Please select an item from left to start practice.
2025-09-08 12:38:43 [main] INFO  demoqaBase - 🔍 Starting test for Frames click ..
2025-09-08 12:38:44 [main] INFO  demoqaLog - ✅ JS click executed on element: {}
2025-09-08 12:38:44 [main] INFO  demoqaBase - ✅ Clicked on Frames...
2025-09-08 12:38:44 [main] INFO  demoqaBase - Page Title is: Frames
2025-09-08 12:38:44 [main] INFO  demoqaBase - ✅ Alerts, Frames & Windows|Frames Test Completed...
]]></system-out>
  </testcase>
  <testcase name="GetFrame1" classname="tests.AlertsFramesWindowsTests" time="0.664">
    <system-out><![CDATA[2025-09-08 12:38:44 [main] INFO  demoqaBase - Closing the Browser for test: ClickFrames
2025-09-08 12:38:44 [main] INFO  DriverFactory - 🌐 Starting Chrome Web Browser...
2025-09-08 12:38:44 [main] INFO  DriverFactory - ✅ Created temporary Chrome profile at C:\Users\dell\AppData\Local\Temp\chrome-profile-18059337734659051249
2025-09-08 12:38:45 [main] INFO  DriverFactory - 🚀 WebDriver started successfully
2025-09-08 12:38:45 [main] INFO  RetryUrlAccess - Navigating to URL (attempt 1): https://demoqa.com
2025-09-08 12:38:57 [main] INFO  demoqaBase - 🚀 Starting test: GetFrame1
2025-09-08 12:38:57 [main] INFO  demoqaBase - 🧪 Starting Test Alerts, Frames & Windows|Frames|Frame1 message...
2025-09-08 12:38:57 [main] INFO  demoqaBase - Accessing Alerts, Frame & Windows Card...
Declared Instance WebDriverWait: org.openqa.selenium.support.ui.WebDriverWait@5ec88f9e
2025-09-08 12:38:57 [main] INFO  demoqaLog - Clicking on Alert Frame & Windows Card...
2025-09-08 12:38:57 [main] INFO  demoqaLog - ✅ JS click executed on element: {}
2025-09-08 12:38:57 [main] INFO  demoqaLog - Clicked on on Alert Frame & Windows Card...
Title of this Page is: DEMOQA
You are Accessing: Alerts, Frame & Windows
2025-09-08 12:38:58 [main] INFO  demoqaBase - Alerts, Frame & Windows Card: Please select an item from left to start practice.
2025-09-08 12:38:58 [main] INFO  demoqaBase - 🔍 Starting test for Frames click ..
2025-09-08 12:38:58 [main] INFO  demoqaLog - ✅ JS click executed on element: {}
2025-09-08 12:38:58 [main] INFO  demoqaBase - ✅ Clicked on Frames...
2025-09-08 12:38:58 [main] INFO  demoqaBase - Page Title is: Frames
2025-09-08 12:38:58 [main] INFO  demoqaBase - 🔍 Starting test for Frames|Frame1 Message...
2025-09-08 12:38:58 [main] INFO  demoqaBase - ✅ Switched to Frame1...
2025-09-08 12:38:58 [main] INFO  demoqaBase - Frame1 contains: This is a sample page
2025-09-08 12:38:58 [main] INFO  demoqaBase - ✅ Alerts, Frames & Windows|Frames|Frame1 message Test Completed...
]]></system-out>
  </testcase>
  <testcase name="GetFrame2" classname="tests.AlertsFramesWindowsTests" time="1.24">
    <system-out><![CDATA[2025-09-08 12:38:58 [main] INFO  demoqaBase - Closing the Browser for test: GetFrame1
2025-09-08 12:38:58 [main] INFO  DriverFactory - 🌐 Starting Chrome Web Browser...
2025-09-08 12:38:58 [main] INFO  DriverFactory - ✅ Created temporary Chrome profile at C:\Users\dell\AppData\Local\Temp\chrome-profile-17377304689523647539
2025-09-08 12:38:59 [main] INFO  DriverFactory - 🚀 WebDriver started successfully
2025-09-08 12:38:59 [main] INFO  RetryUrlAccess - Navigating to URL (attempt 1): https://demoqa.com
2025-09-08 12:39:15 [main] INFO  demoqaBase - 🚀 Starting test: GetFrame2
2025-09-08 12:39:15 [main] INFO  demoqaBase - 🧪 Starting Test Alerts, Frames & Windows|Frames|Frame2 message...
2025-09-08 12:39:15 [main] INFO  demoqaBase - Accessing Alerts, Frame & Windows Card...
Declared Instance WebDriverWait: org.openqa.selenium.support.ui.WebDriverWait@71531dd7
2025-09-08 12:39:15 [main] INFO  demoqaLog - Clicking on Alert Frame & Windows Card...
2025-09-08 12:39:15 [main] INFO  demoqaLog - ✅ JS click executed on element: {}
2025-09-08 12:39:15 [main] INFO  demoqaLog - Clicked on on Alert Frame & Windows Card...
Title of this Page is: DEMOQA
You are Accessing: Alerts, Frame & Windows
2025-09-08 12:39:15 [main] INFO  demoqaBase - Alerts, Frame & Windows Card: Please select an item from left to start practice.
2025-09-08 12:39:15 [main] INFO  demoqaBase - 🔍 Starting test for Frames click ..
2025-09-08 12:39:15 [main] INFO  demoqaLog - ✅ JS click executed on element: {}
2025-09-08 12:39:15 [main] INFO  demoqaBase - ✅ Clicked on Frames...
2025-09-08 12:39:15 [main] INFO  demoqaBase - Page Title is: Frames
2025-09-08 12:39:15 [main] INFO  demoqaBase - 🔍 Starting test for Frames|Frame2 Message...
2025-09-08 12:39:15 [main] INFO  demoqaBase - ✅ Switched to Frame2...
2025-09-08 12:39:16 [main] INFO  demoqaBase - Frame2 contains: This is a sample page
2025-09-08 12:39:16 [main] INFO  demoqaBase - ✅ Alerts, Frames & Windows|Frames|Frame2 message Test Completed...
]]></system-out>
  </testcase>
  <testcase name="ClickModalDialogs" classname="tests.AlertsFramesWindowsTests" time="0.348">
    <system-out><![CDATA[2025-09-08 12:39:16 [main] INFO  demoqaBase - Closing the Browser for test: GetFrame2
2025-09-08 12:39:16 [main] INFO  DriverFactory - 🌐 Starting Chrome Web Browser...
2025-09-08 12:39:16 [main] INFO  DriverFactory - ✅ Created temporary Chrome profile at C:\Users\dell\AppData\Local\Temp\chrome-profile-13820430262639772219
2025-09-08 12:39:17 [main] INFO  DriverFactory - 🚀 WebDriver started successfully
2025-09-08 12:39:17 [main] INFO  RetryUrlAccess - Navigating to URL (attempt 1): https://demoqa.com
2025-09-08 12:39:44 [main] INFO  demoqaBase - 🚀 Starting test: ClickModalDialogs
2025-09-08 12:39:44 [main] INFO  demoqaBase - 🧪 Starting Test Alerts, Frames & Windows|Modal Dialogs...
2025-09-08 12:39:44 [main] INFO  demoqaBase - Accessing Alerts, Frame & Windows Card...
Declared Instance WebDriverWait: org.openqa.selenium.support.ui.WebDriverWait@423f8a73
2025-09-08 12:39:44 [main] INFO  demoqaLog - Clicking on Alert Frame & Windows Card...
2025-09-08 12:39:44 [main] INFO  demoqaLog - ✅ JS click executed on element: {}
2025-09-08 12:39:44 [main] INFO  demoqaLog - Clicked on on Alert Frame & Windows Card...
Title of this Page is: DEMOQA
You are Accessing: Alerts, Frame & Windows
2025-09-08 12:39:44 [main] INFO  demoqaBase - Alerts, Frame & Windows Card: Please select an item from left to start practice.
2025-09-08 12:39:44 [main] INFO  demoqaBase - 🔍 Starting test for Frames|Modal Dialogs click ..
2025-09-08 12:39:44 [main] INFO  demoqaLog - ✅ JS click executed on element: {}
2025-09-08 12:39:44 [main] INFO  demoqaBase - ✅ Clicked on Modal Dialogs...
2025-09-08 12:39:44 [main] INFO  demoqaBase - Page Title is: Modal Dialogs
2025-09-08 12:39:44 [main] INFO  demoqaBase - ✅ Alerts, Frames & Windows|Modal Dialogs Test Completed...
]]></system-out>
  </testcase>
  <testcase name="ClickNestedFrames" classname="tests.AlertsFramesWindowsTests" time="0.355">
    <system-out><![CDATA[2025-09-08 12:39:44 [main] INFO  demoqaBase - Closing the Browser for test: ClickModalDialogs
2025-09-08 12:39:46 [main] INFO  DriverFactory - 🌐 Starting Chrome Web Browser...
2025-09-08 12:39:46 [main] INFO  DriverFactory - ✅ Created temporary Chrome profile at C:\Users\dell\AppData\Local\Temp\chrome-profile-11081423224733210946
2025-09-08 12:39:51 [main] INFO  DriverFactory - 🚀 WebDriver started successfully
2025-09-08 12:39:51 [main] INFO  RetryUrlAccess - Navigating to URL (attempt 1): https://demoqa.com
2025-09-08 12:39:56 [main] INFO  demoqaBase - 🚀 Starting test: ClickNestedFrames
2025-09-08 12:39:56 [main] INFO  demoqaBase - 🧪 Starting Test Alerts, Frames & Windows|Nested Frames...
2025-09-08 12:39:56 [main] INFO  demoqaBase - Accessing Alerts, Frame & Windows Card...
Declared Instance WebDriverWait: org.openqa.selenium.support.ui.WebDriverWait@1a0f349
2025-09-08 12:39:56 [main] INFO  demoqaLog - Clicking on Alert Frame & Windows Card...
2025-09-08 12:39:56 [main] INFO  demoqaLog - ✅ JS click executed on element: {}
2025-09-08 12:39:56 [main] INFO  demoqaLog - Clicked on on Alert Frame & Windows Card...
Title of this Page is: DEMOQA
You are Accessing: Alerts, Frame & Windows
2025-09-08 12:39:56 [main] INFO  demoqaBase - Alerts, Frame & Windows Card: Please select an item from left to start practice.
2025-09-08 12:39:56 [main] INFO  demoqaBase - 🔍 Starting test for Frames|Nested Frames click ..
2025-09-08 12:39:57 [main] INFO  demoqaLog - ✅ JS click executed on element: {}
2025-09-08 12:39:57 [main] INFO  demoqaBase - ✅ Clicked on Nested Frames...
2025-09-08 12:39:57 [main] INFO  demoqaBase - Page Title is: Nested Frames
2025-09-08 12:39:57 [main] INFO  demoqaBase - ✅ Alerts, Frames & Windows|Nested Frames Test Completed...
]]></system-out>
  </testcase>
  <testcase name="ClickLargeModal" classname="tests.AlertsFramesWindowsTests" time="0.824">
    <system-out><![CDATA[2025-09-08 12:39:57 [main] INFO  demoqaBase - Closing the Browser for test: ClickNestedFrames
2025-09-08 12:39:57 [main] INFO  DriverFactory - 🌐 Starting Chrome Web Browser...
2025-09-08 12:39:57 [main] INFO  DriverFactory - ✅ Created temporary Chrome profile at C:\Users\dell\AppData\Local\Temp\chrome-profile-2579849050839860888
2025-09-08 12:39:58 [main] INFO  DriverFactory - 🚀 WebDriver started successfully
2025-09-08 12:39:58 [main] INFO  RetryUrlAccess - Navigating to URL (attempt 1): https://demoqa.com
2025-09-08 12:40:15 [main] INFO  demoqaBase - 🚀 Starting test: ClickLargeModal
2025-09-08 12:40:15 [main] INFO  demoqaBase - 🧪 Starting Test Alerts, Frames & Windows|Modal Dialogs|Large Modal...
2025-09-08 12:40:15 [main] INFO  demoqaBase - Accessing Alerts, Frame & Windows Card...
Declared Instance WebDriverWait: org.openqa.selenium.support.ui.WebDriverWait@467ef400
2025-09-08 12:40:15 [main] INFO  demoqaLog - Clicking on Alert Frame & Windows Card...
2025-09-08 12:40:15 [main] INFO  demoqaLog - ✅ JS click executed on element: {}
2025-09-08 12:40:15 [main] INFO  demoqaLog - Clicked on on Alert Frame & Windows Card...
Title of this Page is: DEMOQA
You are Accessing: Alerts, Frame & Windows
2025-09-08 12:40:15 [main] INFO  demoqaBase - Alerts, Frame & Windows Card: Please select an item from left to start practice.
2025-09-08 12:40:15 [main] INFO  demoqaBase - 🔍 Starting test for Frames|Modal Dialogs click ..
2025-09-08 12:40:16 [main] INFO  demoqaLog - ✅ JS click executed on element: {}
2025-09-08 12:40:16 [main] INFO  demoqaBase - ✅ Clicked on Modal Dialogs...
2025-09-08 12:40:16 [main] INFO  demoqaBase - Page Title is: Modal Dialogs
2025-09-08 12:40:16 [main] INFO  demoqaBase - 🔍 Starting test for Frames|Modal Dialogs|Large Modal click...
2025-09-08 12:40:16 [main] INFO  demoqaLog - ✅ JS click executed on element: {}
2025-09-08 12:40:16 [main] INFO  demoqaBase - ✅ Clicked on Modal Dialogs|Large Modal...
2025-09-08 12:40:16 [main] INFO  demoqaBase - Page Title is: Large Modal
2025-09-08 12:40:16 [main] INFO  demoqaBase - Large Modal Body Contains: Lorem Ipsum is simply dummy text of the printing and typesetting industry. Lorem Ipsum has been the industry's standard dummy text ever since the 1500s, when an unknown printer took a galley of type and scrambled it to make a type specimen book. It has survived not only five centuries, but also the leap into electronic typesetting, remaining essentially unchanged. It was popularised in the 1960s with the release of Letraset sheets containing Lorem Ipsum passages, and more recently with desktop publishing software like Aldus PageMaker including versions of Lorem Ipsum.
2025-09-08 12:40:16 [main] INFO  demoqaLog - ✅ JS click executed on element: {}
2025-09-08 12:40:16 [main] INFO  demoqaBase - ✅ Alerts, Frames & Windows|Modal Dialogs|Large Modal click Test Completed...
]]></system-out>
  </testcase>
  <testcase name="ClickSmallModal" classname="tests.AlertsFramesWindowsTests" time="0.833">
    <system-out><![CDATA[2025-09-08 12:40:16 [main] INFO  demoqaBase - Closing the Browser for test: ClickLargeModal
2025-09-08 12:40:16 [main] INFO  DriverFactory - 🌐 Starting Chrome Web Browser...
2025-09-08 12:40:16 [main] INFO  DriverFactory - ✅ Created temporary Chrome profile at C:\Users\dell\AppData\Local\Temp\chrome-profile-7609606487410775744
2025-09-08 12:40:17 [main] INFO  DriverFactory - 🚀 WebDriver started successfully
2025-09-08 12:40:17 [main] INFO  RetryUrlAccess - Navigating to URL (attempt 1): https://demoqa.com
2025-09-08 12:40:35 [main] INFO  demoqaBase - 🚀 Starting test: ClickSmallModal
2025-09-08 12:40:35 [main] INFO  demoqaBase - 🧪 Starting Test Alerts, Frames & Windows|Modal Dialogs|Small Modal...
2025-09-08 12:40:35 [main] INFO  demoqaBase - Accessing Alerts, Frame & Windows Card...
Declared Instance WebDriverWait: org.openqa.selenium.support.ui.WebDriverWait@1282f784
2025-09-08 12:40:35 [main] INFO  demoqaLog - Clicking on Alert Frame & Windows Card...
2025-09-08 12:40:35 [main] INFO  demoqaLog - ✅ JS click executed on element: {}
2025-09-08 12:40:35 [main] INFO  demoqaLog - Clicked on on Alert Frame & Windows Card...
Title of this Page is: DEMOQA
You are Accessing: Alerts, Frame & Windows
2025-09-08 12:40:35 [main] INFO  demoqaBase - Alerts, Frame & Windows Card: Please select an item from left to start practice.
2025-09-08 12:40:35 [main] INFO  demoqaBase - 🔍 Starting test for Frames|Modal Dialogs click ..
2025-09-08 12:40:35 [main] INFO  demoqaLog - ✅ JS click executed on element: {}
2025-09-08 12:40:35 [main] INFO  demoqaBase - ✅ Clicked on Modal Dialogs...
2025-09-08 12:40:35 [main] INFO  demoqaBase - Page Title is: Modal Dialogs
2025-09-08 12:40:35 [main] INFO  demoqaBase - 🔍 Starting test for Frames|Modal Dialogs|Small Modal click...
2025-09-08 12:40:35 [main] INFO  demoqaLog - ✅ JS click executed on element: {}
2025-09-08 12:40:35 [main] INFO  demoqaBase - ✅ Clicked on Modal Dialogs|Small Modal...
2025-09-08 12:40:35 [main] INFO  demoqaBase - Page Title is: Small Modal
2025-09-08 12:40:35 [main] INFO  demoqaBase - Small Modal Body Contains: This is a small modal. It has very less content
2025-09-08 12:40:35 [main] INFO  demoqaLog - ✅ JS click executed on element: {}
2025-09-08 12:40:35 [main] INFO  demoqaBase - ✅ Alerts, Frames & Windows|Modal Dialogs|Small Modal click Test Completed...
]]></system-out>
  </testcase>
  <testcase name="GetParentFrame" classname="tests.AlertsFramesWindowsTests" time="3.454">
    <system-out><![CDATA[2025-09-08 12:40:35 [main] INFO  demoqaBase - Closing the Browser for test: ClickSmallModal
2025-09-08 12:40:36 [main] INFO  DriverFactory - 🌐 Starting Chrome Web Browser...
2025-09-08 12:40:36 [main] INFO  DriverFactory - ✅ Created temporary Chrome profile at C:\Users\dell\AppData\Local\Temp\chrome-profile-7108872604149866331
2025-09-08 12:40:37 [main] INFO  DriverFactory - 🚀 WebDriver started successfully
2025-09-08 12:40:37 [main] INFO  RetryUrlAccess - Navigating to URL (attempt 1): https://demoqa.com
2025-09-08 12:40:54 [main] INFO  demoqaBase - 🚀 Starting test: GetParentFrame
2025-09-08 12:40:54 [main] INFO  demoqaBase - 🧪 Starting Test Alerts, Frames & Windows|Frames|Parent Frame message...
2025-09-08 12:40:54 [main] INFO  demoqaBase - Accessing Alerts, Frame & Windows Card...
Declared Instance WebDriverWait: org.openqa.selenium.support.ui.WebDriverWait@7bce9ce4
2025-09-08 12:40:54 [main] INFO  demoqaLog - Clicking on Alert Frame & Windows Card...
2025-09-08 12:40:54 [main] INFO  demoqaLog - ✅ JS click executed on element: {}
2025-09-08 12:40:54 [main] INFO  demoqaLog - Clicked on on Alert Frame & Windows Card...
Title of this Page is: DEMOQA
You are Accessing: Alerts, Frame & Windows
2025-09-08 12:40:54 [main] INFO  demoqaBase - Alerts, Frame & Windows Card: Please select an item from left to start practice.
2025-09-08 12:40:54 [main] INFO  demoqaBase - 🔍 Starting test for Frames|Nested Frames click ..
2025-09-08 12:40:54 [main] INFO  demoqaLog - ✅ JS click executed on element: {}
2025-09-08 12:40:54 [main] INFO  demoqaBase - ✅ Clicked on Nested Frames...
2025-09-08 12:40:54 [main] INFO  demoqaBase - Page Title is: Nested Frames
2025-09-08 12:40:54 [main] INFO  demoqaBase - 🔍 Starting test for Frames|Parent Frame Message...
2025-09-08 12:40:57 [main] INFO  demoqaBase - After switching, frame body contains: [Parent frame]
2025-09-08 12:40:57 [main] INFO  demoqaBase - ✅ Alerts, Frames & Windows|Frames|Parent Frame message Test Completed...
]]></system-out>
  </testcase>
  <testcase name="GetChildFrame" classname="tests.AlertsFramesWindowsTests" time="0.707">
    <system-out><![CDATA[2025-09-08 12:40:57 [main] INFO  demoqaBase - Closing the Browser for test: GetParentFrame
2025-09-08 12:40:57 [main] INFO  DriverFactory - 🌐 Starting Chrome Web Browser...
2025-09-08 12:40:57 [main] INFO  DriverFactory - ✅ Created temporary Chrome profile at C:\Users\dell\AppData\Local\Temp\chrome-profile-13849016277633508797
2025-09-08 12:41:01 [main] INFO  DriverFactory - 🚀 WebDriver started successfully
2025-09-08 12:41:01 [main] INFO  RetryUrlAccess - Navigating to URL (attempt 1): https://demoqa.com
2025-09-08 12:41:15 [main] INFO  demoqaBase - 🚀 Starting test: GetChildFrame
2025-09-08 12:41:15 [main] INFO  demoqaBase - 🧪 Starting Test Alerts, Frames & Windows|Frames|Child Frame message...
2025-09-08 12:41:15 [main] INFO  demoqaBase - Accessing Alerts, Frame & Windows Card...
Declared Instance WebDriverWait: org.openqa.selenium.support.ui.WebDriverWait@2328ec73
2025-09-08 12:41:15 [main] INFO  demoqaLog - Clicking on Alert Frame & Windows Card...
2025-09-08 12:41:15 [main] INFO  demoqaLog - ✅ JS click executed on element: {}
2025-09-08 12:41:15 [main] INFO  demoqaLog - Clicked on on Alert Frame & Windows Card...
Title of this Page is: DEMOQA
You are Accessing: Alerts, Frame & Windows
2025-09-08 12:41:15 [main] INFO  demoqaBase - Alerts, Frame & Windows Card: Please select an item from left to start practice.
2025-09-08 12:41:15 [main] INFO  demoqaBase - 🔍 Starting test for Frames|Nested Frames click ..
2025-09-08 12:41:15 [main] INFO  demoqaLog - ✅ JS click executed on element: {}
2025-09-08 12:41:15 [main] INFO  demoqaBase - ✅ Clicked on Nested Frames...
2025-09-08 12:41:15 [main] INFO  demoqaBase - Page Title is: Nested Frames
2025-09-08 12:41:15 [main] INFO  demoqaBase - 🔍 Starting test for Frames|Child Frame Message...
2025-09-08 12:41:15 [main] INFO  demoqaBase - After switching, frame body contains: [Child Iframe]
2025-09-08 12:41:15 [main] INFO  demoqaBase - ✅ Alerts, Frames & Windows|Frames|Child Frame message Test Completed...
]]></system-out>
  </testcase>
  <testcase name="ElementsCard" classname="tests.ElementsTests" time="0.322">
    <system-out><![CDATA[2025-09-08 12:41:15 [main] INFO  demoqaBase - Closing the Browser for test: GetChildFrame
2025-09-08 12:41:16 [main] INFO  DriverFactory - 🌐 Starting Chrome Web Browser...
2025-09-08 12:41:16 [main] INFO  DriverFactory - ✅ Created temporary Chrome profile at C:\Users\dell\AppData\Local\Temp\chrome-profile-15145816089157461129
2025-09-08 12:41:17 [main] INFO  DriverFactory - 🚀 WebDriver started successfully
2025-09-08 12:41:17 [main] INFO  RetryUrlAccess - Navigating to URL (attempt 1): https://demoqa.com
2025-09-08 12:41:21 [main] INFO  demoqaBase - 🚀 Starting test: ElementsCard
2025-09-08 12:41:21 [main] INFO  demoqaBase - 🧪 Starting Test Elements | Text Box Test...
Instance Variables Declared are: nullnull
2025-09-08 12:41:21 [main] INFO  demoqaBase - Accessing Elements Card...
2025-09-08 12:41:21 [main] INFO  demoqaLog - Clicking on Elements Card...
2025-09-08 12:41:21 [main] WARN  demoqaLog - ⚠️ JS click failed, falling back to native click. Reason: {}
2025-09-08 12:41:21 [main] INFO  demoqaLog - ✅ Native click succeeded on element: {}
2025-09-08 12:41:21 [main] INFO  demoqaLog - Clicked on Elements Card...
Title of this Page is: DEMOQA
You are Accessing: Elements
 
Elements: Please select an item from left to start practice.
2025-09-08 12:41:21 [main] INFO  demoqaBase - Elements: Please select an item from left to start practice.
Title of this Page is: DEMOQA
2025-09-08 12:41:21 [main] INFO  demoqaBase - ✅ Element Card Test Completed...
]]></system-out>
  </testcase>
  <testcase name="TextBox[TextBoxUser{firstName=&apos;Johny&apos;, lastName=&apos;Bravo&apos;, email=&apos;Jbravo@demoqa.com&apos;, currentAddress=&apos;301 Town 481, Brookville\n kansas 42129\n United States&apos;, permanentAddress=&apos;511 Grant 481, Prattsville\n Arkansas 72129\n United States&apos;}](1)" classname="tests.ElementsTests" time="1.579">
    <system-out><![CDATA[2025-09-08 12:41:21 [main] INFO  demoqaBase - Closing the Browser for test: ElementsCard
🧾 Row 1: {Salary=28000.0, Email=Jbravo@demoqa.com, Address=511 Grant 481, Prattsville\n Arkansas 72129\n United States, First Name=Johny, Gender=Male, City=Delhi, Mobile=9.238343488E9, Hobbies=Sports,Music, Subject=Computer Science, Current Address=301 Town 481, Brookville\n kansas 42129\n United States, Department=Information Technology, DOB=15/08/2000, Picture=/TestData/Mphoto.jpg, State=NCR, Last Name=Bravo, Age=34.0}
🔍 Mapping field: firstName | Excel Column: First Name | Value: Johny
🔍 Mapping field: lastName | Excel Column: Last Name | Value: Bravo
🔍 Mapping field: email | Excel Column: Email | Value: Jbravo@demoqa.com
🔍 Mapping field: currentAddress | Excel Column: Current Address | Value: 301 Town 481, Brookville\n kansas 42129\n United States
🔍 Mapping field: permanentAddress | Excel Column: Address | Value: 511 Grant 481, Prattsville\n Arkansas 72129\n United States
🧾 Row 2: {Salary=18000.0, Email=GFemina@demoqa.com, Address=512 Grant 481, Prattsville\n Arkansas 72129\n United States, First Name=Gene, Gender=Female, City=Merrut, Mobile=1.888343432E9, Hobbies=Music,Reading, Subject=Accounting, Current Address=302 Town 481, Brookville\n kansas 42129\n United States, Department=Finance, DOB=22/05/2002, Picture=/TestData/Fphoto.png, State=Uttar Pradesh, Last Name=Femina, Age=30.0}
🔍 Mapping field: firstName | Excel Column: First Name | Value: Gene
🔍 Mapping field: lastName | Excel Column: Last Name | Value: Femina
🔍 Mapping field: email | Excel Column: Email | Value: GFemina@demoqa.com
🔍 Mapping field: currentAddress | Excel Column: Current Address | Value: 302 Town 481, Brookville\n kansas 42129\n United States
🔍 Mapping field: permanentAddress | Excel Column: Address | Value: 512 Grant 481, Prattsville\n Arkansas 72129\n United States
🧾 Row 3: {Salary=15000.0, Email=BWisem@demoqa.com, Address=513 Grant 481, Prattsville\n Arkansas 72129\n United States, First Name=Bud, Gender=Other, City=Panipat, Mobile=8.932465432E9, Hobbies=Reading, Subject=Biology, Current Address=303 Town 481, Brookville\n kansas 42129\n United States, Department=Medicine, DOB=31/12/1999, Picture=/TestData/Ophoto.jpg, State=Haryana, Last Name=Wisem, Age=40.0}
🔍 Mapping field: firstName | Excel Column: First Name | Value: Bud
🔍 Mapping field: lastName | Excel Column: Last Name | Value: Wisem
🔍 Mapping field: email | Excel Column: Email | Value: BWisem@demoqa.com
🔍 Mapping field: currentAddress | Excel Column: Current Address | Value: 303 Town 481, Brookville\n kansas 42129\n United States
🔍 Mapping field: permanentAddress | Excel Column: Address | Value: 513 Grant 481, Prattsville\n Arkansas 72129\n United States
🧾 Row 4: {Salary=19000.0, Email=TBoss@demoqa.com, Address=514 Grant 481, Prattsville\n Arkansas 72129\n United States, First Name=Tom, Gender=Male, City=Jaiselmer, Mobile=7.839875281E9, Hobbies=Sports,Reading, Subject=Social Studies, Current Address=304 Town 481, Brookville\n kansas 42129\n United States, Department=Recreation, DOB=1/26/03, Picture=/TestData/M2photo.jpg, State=Rajasthan, Last Name=Boss, Age=42.0}
🔍 Mapping field: firstName | Excel Column: First Name | Value: Tom
🔍 Mapping field: lastName | Excel Column: Last Name | Value: Boss
🔍 Mapping field: email | Excel Column: Email | Value: TBoss@demoqa.com
🔍 Mapping field: currentAddress | Excel Column: Current Address | Value: 304 Town 481, Brookville\n kansas 42129\n United States
🔍 Mapping field: permanentAddress | Excel Column: Address | Value: 514 Grant 481, Prattsville\n Arkansas 72129\n United States
2025-09-08 12:41:23 [main] INFO  DriverFactory - 🌐 Starting Chrome Web Browser...
2025-09-08 12:41:23 [main] INFO  DriverFactory - ✅ Created temporary Chrome profile at C:\Users\dell\AppData\Local\Temp\chrome-profile-17988405513513800185
2025-09-08 12:41:24 [main] INFO  DriverFactory - 🚀 WebDriver started successfully
2025-09-08 12:41:24 [main] INFO  RetryUrlAccess - Navigating to URL (attempt 1): https://demoqa.com
2025-09-08 12:41:42 [main] INFO  demoqaBase - 🚀 Starting test: TextBox
2025-09-08 12:41:42 [main] INFO  demoqaBase - 🧪 Starting Test Elements | Text Box Test...
Instance Variables Declared are: nullnull
2025-09-08 12:41:42 [main] INFO  demoqaBase - Accessing Elements Card...
2025-09-08 12:41:42 [main] INFO  demoqaLog - Clicking on Elements Card...
2025-09-08 12:41:42 [main] WARN  demoqaLog - ⚠️ JS click failed, falling back to native click. Reason: {}
2025-09-08 12:41:42 [main] INFO  demoqaLog - ✅ Native click succeeded on element: {}
2025-09-08 12:41:42 [main] INFO  demoqaLog - Clicked on Elements Card...
Title of this Page is: DEMOQA
You are Accessing: Elements
 
Elements: Please select an item from left to start practice.
2025-09-08 12:41:43 [main] INFO  demoqaBase - Elements: Please select an item from left to start practice.
2025-09-08 12:41:43 [main] INFO  demoqaBase - Accessing Text Box...
Text Box
2025-09-08 12:41:43 [main] INFO  demoqaBase - You are accessing: Text Box
2025-09-08 12:41:43 [main] INFO  demoqaBase - 📝 Filling TextBox form for user: Johny Bravo
2025-09-08 12:41:44 [main] INFO  demoqaBase - ✅ Form filled successfully for: Johny Bravo
2025-09-08 12:41:44 [main] INFO  demoqaLog - ✅ JS click executed on element: {}
2025-09-08 12:41:44 [main] INFO  demoqaBase - 🔍 Validating submitted form for: Johny Bravo
2025-09-08 12:41:44 [main] INFO  demoqaBase - ✅ Validation passed for user: Johny Bravo
2025-09-08 12:41:44 [main] INFO  demoqaBase - ✅ Text Box Element Test Completed...
]]></system-out>
  </testcase>
  <testcase name="TextBox[TextBoxUser{firstName=&apos;Gene&apos;, lastName=&apos;Femina&apos;, email=&apos;GFemina@demoqa.com&apos;, currentAddress=&apos;302 Town 481, Brookville\n kansas 42129\n United States&apos;, permanentAddress=&apos;512 Grant 481, Prattsville\n Arkansas 72129\n United States&apos;}](2)" classname="tests.ElementsTests" time="1.63">
    <system-out><![CDATA[Path for Screenshot is: C:\ASN\eclipse_workspace\demoqa-automation/screenshots/TextBox_Passed+2025-09-08_12-41-44.png
2025-09-08 12:41:44 [main] INFO  demoqaBase - ✅ Test TextBox passed. Screenshot captured.
2025-09-08 12:41:44 [main] INFO  demoqaBase - Closing the Browser for test: TextBox
2025-09-08 12:41:45 [main] INFO  DriverFactory - 🌐 Starting Chrome Web Browser...
2025-09-08 12:41:45 [main] INFO  DriverFactory - ✅ Created temporary Chrome profile at C:\Users\dell\AppData\Local\Temp\chrome-profile-12451638544682215373
2025-09-08 12:41:46 [main] INFO  DriverFactory - 🚀 WebDriver started successfully
2025-09-08 12:41:46 [main] INFO  RetryUrlAccess - Navigating to URL (attempt 1): https://demoqa.com
2025-09-08 12:42:03 [main] INFO  demoqaBase - 🚀 Starting test: TextBox
2025-09-08 12:42:03 [main] INFO  demoqaBase - 🧪 Starting Test Elements | Text Box Test...
Instance Variables Declared are: nullnull
2025-09-08 12:42:03 [main] INFO  demoqaBase - Accessing Elements Card...
2025-09-08 12:42:03 [main] INFO  demoqaLog - Clicking on Elements Card...
2025-09-08 12:42:03 [main] WARN  demoqaLog - ⚠️ JS click failed, falling back to native click. Reason: {}
2025-09-08 12:42:03 [main] INFO  demoqaLog - ✅ Native click succeeded on element: {}
2025-09-08 12:42:03 [main] INFO  demoqaLog - Clicked on Elements Card...
Title of this Page is: DEMOQA
You are Accessing: Elements
 
Elements: Please select an item from left to start practice.
2025-09-08 12:42:03 [main] INFO  demoqaBase - Elements: Please select an item from left to start practice.
2025-09-08 12:42:03 [main] INFO  demoqaBase - Accessing Text Box...
Text Box
2025-09-08 12:42:03 [main] INFO  demoqaBase - You are accessing: Text Box
2025-09-08 12:42:03 [main] INFO  demoqaBase - 📝 Filling TextBox form for user: Gene Femina
2025-09-08 12:42:04 [main] INFO  demoqaBase - ✅ Form filled successfully for: Gene Femina
2025-09-08 12:42:04 [main] INFO  demoqaLog - ✅ JS click executed on element: {}
2025-09-08 12:42:04 [main] INFO  demoqaBase - 🔍 Validating submitted form for: Gene Femina
2025-09-08 12:42:04 [main] INFO  demoqaBase - ✅ Validation passed for user: Gene Femina
2025-09-08 12:42:04 [main] INFO  demoqaBase - ✅ Text Box Element Test Completed...
]]></system-out>
  </testcase>
  <testcase name="TextBox[TextBoxUser{firstName=&apos;Bud&apos;, lastName=&apos;Wisem&apos;, email=&apos;BWisem@demoqa.com&apos;, currentAddress=&apos;303 Town 481, Brookville\n kansas 42129\n United States&apos;, permanentAddress=&apos;513 Grant 481, Prattsville\n Arkansas 72129\n United States&apos;}](3)" classname="tests.ElementsTests" time="1.312">
    <system-out><![CDATA[Path for Screenshot is: C:\ASN\eclipse_workspace\demoqa-automation/screenshots/TextBox_Passed+2025-09-08_12-42-04.png
2025-09-08 12:42:05 [main] INFO  demoqaBase - ✅ Test TextBox passed. Screenshot captured.
2025-09-08 12:42:05 [main] INFO  demoqaBase - Closing the Browser for test: TextBox
2025-09-08 12:42:05 [main] INFO  DriverFactory - 🌐 Starting Chrome Web Browser...
2025-09-08 12:42:05 [main] INFO  DriverFactory - ✅ Created temporary Chrome profile at C:\Users\dell\AppData\Local\Temp\chrome-profile-7169243687931684206
2025-09-08 12:42:06 [main] INFO  DriverFactory - 🚀 WebDriver started successfully
2025-09-08 12:42:06 [main] INFO  RetryUrlAccess - Navigating to URL (attempt 1): https://demoqa.com
2025-09-08 12:42:15 [main] INFO  demoqaBase - 🚀 Starting test: TextBox
2025-09-08 12:42:15 [main] INFO  demoqaBase - 🧪 Starting Test Elements | Text Box Test...
Instance Variables Declared are: nullnull
2025-09-08 12:42:15 [main] INFO  demoqaBase - Accessing Elements Card...
2025-09-08 12:42:15 [main] INFO  demoqaLog - Clicking on Elements Card...
2025-09-08 12:42:16 [main] WARN  demoqaLog - ⚠️ JS click failed, falling back to native click. Reason: {}
2025-09-08 12:42:16 [main] INFO  demoqaLog - ✅ Native click succeeded on element: {}
2025-09-08 12:42:16 [main] INFO  demoqaLog - Clicked on Elements Card...
Title of this Page is: DEMOQA
You are Accessing: Elements
 
Elements: Please select an item from left to start practice.
2025-09-08 12:42:16 [main] INFO  demoqaBase - Elements: Please select an item from left to start practice.
2025-09-08 12:42:16 [main] INFO  demoqaBase - Accessing Text Box...
Text Box
2025-09-08 12:42:16 [main] INFO  demoqaBase - You are accessing: Text Box
2025-09-08 12:42:16 [main] INFO  demoqaBase - 📝 Filling TextBox form for user: Bud Wisem
2025-09-08 12:42:17 [main] INFO  demoqaBase - ✅ Form filled successfully for: Bud Wisem
2025-09-08 12:42:17 [main] INFO  demoqaLog - ✅ JS click executed on element: {}
2025-09-08 12:42:17 [main] INFO  demoqaBase - 🔍 Validating submitted form for: Bud Wisem
2025-09-08 12:42:17 [main] INFO  demoqaBase - ✅ Validation passed for user: Bud Wisem
2025-09-08 12:42:17 [main] INFO  demoqaBase - ✅ Text Box Element Test Completed...
]]></system-out>
  </testcase>
  <testcase name="TextBox[TextBoxUser{firstName=&apos;Tom&apos;, lastName=&apos;Boss&apos;, email=&apos;TBoss@demoqa.com&apos;, currentAddress=&apos;304 Town 481, Brookville\n kansas 42129\n United States&apos;, permanentAddress=&apos;514 Grant 481, Prattsville\n Arkansas 72129\n United States&apos;}](4)" classname="tests.ElementsTests" time="1.536">
    <system-out><![CDATA[Path for Screenshot is: C:\ASN\eclipse_workspace\demoqa-automation/screenshots/TextBox_Passed+2025-09-08_12-42-17.png
2025-09-08 12:42:17 [main] INFO  demoqaBase - ✅ Test TextBox passed. Screenshot captured.
2025-09-08 12:42:17 [main] INFO  demoqaBase - Closing the Browser for test: TextBox
2025-09-08 12:42:17 [main] INFO  DriverFactory - 🌐 Starting Chrome Web Browser...
2025-09-08 12:42:17 [main] INFO  DriverFactory - ✅ Created temporary Chrome profile at C:\Users\dell\AppData\Local\Temp\chrome-profile-918771035179059456
2025-09-08 12:42:18 [main] INFO  DriverFactory - 🚀 WebDriver started successfully
2025-09-08 12:42:18 [main] INFO  RetryUrlAccess - Navigating to URL (attempt 1): https://demoqa.com
2025-09-08 12:42:26 [main] INFO  demoqaBase - 🚀 Starting test: TextBox
2025-09-08 12:42:26 [main] INFO  demoqaBase - 🧪 Starting Test Elements | Text Box Test...
Instance Variables Declared are: nullnull
2025-09-08 12:42:26 [main] INFO  demoqaBase - Accessing Elements Card...
2025-09-08 12:42:26 [main] INFO  demoqaLog - Clicking on Elements Card...
2025-09-08 12:42:26 [main] WARN  demoqaLog - ⚠️ JS click failed, falling back to native click. Reason: {}
2025-09-08 12:42:27 [main] INFO  demoqaLog - ✅ Native click succeeded on element: {}
2025-09-08 12:42:27 [main] INFO  demoqaLog - Clicked on Elements Card...
Title of this Page is: DEMOQA
You are Accessing: Elements
 
Elements: Please select an item from left to start practice.
2025-09-08 12:42:27 [main] INFO  demoqaBase - Elements: Please select an item from left to start practice.
2025-09-08 12:42:27 [main] INFO  demoqaBase - Accessing Text Box...
Text Box
2025-09-08 12:42:27 [main] INFO  demoqaBase - You are accessing: Text Box
2025-09-08 12:42:27 [main] INFO  demoqaBase - 📝 Filling TextBox form for user: Tom Boss
2025-09-08 12:42:28 [main] INFO  demoqaBase - ✅ Form filled successfully for: Tom Boss
2025-09-08 12:42:28 [main] INFO  demoqaLog - ✅ JS click executed on element: {}
2025-09-08 12:42:28 [main] INFO  demoqaBase - 🔍 Validating submitted form for: Tom Boss
2025-09-08 12:42:28 [main] INFO  demoqaBase - ✅ Validation passed for user: Tom Boss
2025-09-08 12:42:28 [main] INFO  demoqaBase - ✅ Text Box Element Test Completed...
]]></system-out>
  </testcase>
  <testcase name="CheckBox" classname="tests.ElementsTests" time="0.515">
    <system-out><![CDATA[Path for Screenshot is: C:\ASN\eclipse_workspace\demoqa-automation/screenshots/TextBox_Passed+2025-09-08_12-42-28.png
2025-09-08 12:42:28 [main] INFO  demoqaBase - ✅ Test TextBox passed. Screenshot captured.
2025-09-08 12:42:28 [main] INFO  demoqaBase - Closing the Browser for test: TextBox
2025-09-08 12:42:29 [main] INFO  DriverFactory - 🌐 Starting Chrome Web Browser...
2025-09-08 12:42:29 [main] INFO  DriverFactory - ✅ Created temporary Chrome profile at C:\Users\dell\AppData\Local\Temp\chrome-profile-13650209329045784669
2025-09-08 12:42:30 [main] INFO  DriverFactory - 🚀 WebDriver started successfully
2025-09-08 12:42:30 [main] INFO  RetryUrlAccess - Navigating to URL (attempt 1): https://demoqa.com
2025-09-08 12:42:51 [main] INFO  demoqaBase - 🚀 Starting test: CheckBox
2025-09-08 12:42:51 [main] INFO  demoqaBase - 🧪 Starting Test Elements | Check Box Test...
Instance Variables Declared are: nullnull
2025-09-08 12:42:51 [main] INFO  demoqaBase - Accessing Elements Card...
2025-09-08 12:42:51 [main] INFO  demoqaLog - Clicking on Elements Card...
2025-09-08 12:42:51 [main] WARN  demoqaLog - ⚠️ JS click failed, falling back to native click. Reason: {}
2025-09-08 12:42:51 [main] INFO  demoqaLog - ✅ Native click succeeded on element: {}
2025-09-08 12:42:51 [main] INFO  demoqaLog - Clicked on Elements Card...
Title of this Page is: DEMOQA
You are Accessing: Elements
 
Elements: Please select an item from left to start practice.
2025-09-08 12:42:51 [main] INFO  demoqaBase - Elements: Please select an item from left to start practice.
2025-09-08 12:42:51 [main] INFO  demoqaBase - Accessing Check Box...
Check Box
2025-09-08 12:42:51 [main] INFO  demoqaBase - You are accessing: Check Box
2025-09-08 12:42:51 [main] INFO  demoqaBase - ✅ Test Elements | Check Box Test Test Completed...
]]></system-out>
  </testcase>
  <testcase name="SelectingHomeCheckBox" classname="tests.ElementsTests" time="0.683">
    <system-out><![CDATA[2025-09-08 12:42:51 [main] INFO  demoqaBase - Closing the Browser for test: CheckBox
2025-09-08 12:42:52 [main] INFO  DriverFactory - 🌐 Starting Chrome Web Browser...
2025-09-08 12:42:52 [main] INFO  DriverFactory - ✅ Created temporary Chrome profile at C:\Users\dell\AppData\Local\Temp\chrome-profile-6059108021732774144
2025-09-08 12:42:53 [main] INFO  DriverFactory - 🚀 WebDriver started successfully
2025-09-08 12:42:53 [main] INFO  RetryUrlAccess - Navigating to URL (attempt 1): https://demoqa.com
2025-09-08 12:43:27 [main] INFO  demoqaBase - 🚀 Starting test: SelectingHomeCheckBox
2025-09-08 12:43:27 [main] INFO  demoqaBase - 🧪 Starting Test Elements | Selecting Home Check Box Test...
Instance Variables Declared are: nullnull
2025-09-08 12:43:27 [main] INFO  demoqaBase - Accessing Elements Card...
2025-09-08 12:43:27 [main] INFO  demoqaLog - Clicking on Elements Card...
2025-09-08 12:43:27 [main] WARN  demoqaLog - ⚠️ JS click failed, falling back to native click. Reason: {}
2025-09-08 12:43:27 [main] INFO  demoqaLog - ✅ Native click succeeded on element: {}
2025-09-08 12:43:27 [main] INFO  demoqaLog - Clicked on Elements Card...
Title of this Page is: DEMOQA
You are Accessing: Elements
 
Elements: Please select an item from left to start practice.
2025-09-08 12:43:28 [main] INFO  demoqaBase - Elements: Please select an item from left to start practice.
2025-09-08 12:43:28 [main] INFO  demoqaBase - Accessing Check Box...
Check Box
2025-09-08 12:43:28 [main] INFO  demoqaBase - You are accessing: Check Box
2025-09-08 12:43:28 [main] INFO  demoqaBase - Selecting Home Check Box...
Information Submitted is: You have selected :
home
desktop
notes
commands
documents
workspace
react
angular
veu
office
public
private
classified
general
downloads
wordFile
excelFile
2025-09-08 12:43:28 [main] INFO  demoqaBase - You have Selected: You have selected :
home
desktop
notes
commands
documents
workspace
react
angular
veu
office
public
private
classified
general
downloads
wordFile
excelFile
2025-09-08 12:43:28 [main] INFO  demoqaBase - ✅ Elements | Selecting Home Test Completed...
]]></system-out>
  </testcase>
  <testcase name="SelectingDesktopCheckBox" classname="tests.ElementsTests" time="0.92">
    <system-out><![CDATA[2025-09-08 12:43:28 [main] INFO  demoqaBase - Closing the Browser for test: SelectingHomeCheckBox
2025-09-08 12:43:28 [main] INFO  DriverFactory - 🌐 Starting Chrome Web Browser...
2025-09-08 12:43:28 [main] INFO  DriverFactory - ✅ Created temporary Chrome profile at C:\Users\dell\AppData\Local\Temp\chrome-profile-6043911946703245458
2025-09-08 12:43:31 [main] INFO  DriverFactory - 🚀 WebDriver started successfully
2025-09-08 12:43:31 [main] INFO  RetryUrlAccess - Navigating to URL (attempt 1): https://demoqa.com
2025-09-08 12:43:41 [main] INFO  demoqaBase - 🚀 Starting test: SelectingDesktopCheckBox
2025-09-08 12:43:41 [main] INFO  demoqaBase - 🧪 Starting Test Elements | Selecting Desktop Check Box Test...
Instance Variables Declared are: nullnull
2025-09-08 12:43:41 [main] INFO  demoqaBase - Accessing Elements Card...
2025-09-08 12:43:41 [main] INFO  demoqaLog - Clicking on Elements Card...
2025-09-08 12:43:41 [main] WARN  demoqaLog - ⚠️ JS click failed, falling back to native click. Reason: {}
2025-09-08 12:43:42 [main] INFO  demoqaLog - ✅ Native click succeeded on element: {}
2025-09-08 12:43:42 [main] INFO  demoqaLog - Clicked on Elements Card...
Title of this Page is: DEMOQA
You are Accessing: Elements
 
Elements: Please select an item from left to start practice.
2025-09-08 12:43:42 [main] INFO  demoqaBase - Elements: Please select an item from left to start practice.
2025-09-08 12:43:42 [main] INFO  demoqaBase - Accessing Check Box...
Check Box
2025-09-08 12:43:42 [main] INFO  demoqaBase - You are accessing: Check Box
2025-09-08 12:43:42 [main] INFO  demoqaBase - Clicking on Home Toggle Button...
2025-09-08 12:43:42 [main] INFO  demoqaBase - Selecting Deskstop Check Box...
Information Submitted is: You have selected :
desktop
notes
commands
2025-09-08 12:43:42 [main] INFO  demoqaBase - You have Selected: You have selected :
desktop
notes
commands
2025-09-08 12:43:42 [main] INFO  demoqaBase - ✅ Elements | Home | Desktop Test Completed...
]]></system-out>
  </testcase>
  <testcase name="SelectingNotesCommandsClick" classname="tests.ElementsTests" time="2.118">
    <failure message="element click intercepted: Element &lt;span class=&quot;rct-checkbox&quot;&gt;...&lt;/span&gt; is not clickable at point (491, 632). Other element would receive the click: &lt;div&gt;...&lt;/div&gt;&#10;  (Session info: chrome=137.0.7151.120)&#10;Build info: version: &apos;4.35.0&apos;, revision: &apos;1c58e5028b&apos;&#10;System info: os.name: &apos;Windows 11&apos;, os.arch: &apos;amd64&apos;, os.version: &apos;10.0&apos;, java.version: &apos;21.0.7&apos;&#10;Driver info: org.openqa.selenium.chrome.ChromeDriver&#10;Command: [ad1c1d57faebe406849318c832ba4f1d, clickElement {id=f.8766C17943D5FE21984A5DCEF7213491.d.3ADC85F28D942F044879C0ECCD9CC9E5.e.41}]&#10;Capabilities {acceptInsecureCerts: false, browserName: chrome, browserVersion: 137.0.7151.120, chrome: {chromedriverVersion: 137.0.7151.119 (e0ac9d12dff..., userDataDir: C:\Users\dell\AppData\Local...}, fedcm:accounts: true, goog:chromeOptions: {debuggerAddress: localhost:50605}, networkConnectionEnabled: false, pageLoadStrategy: normal, platformName: windows, proxy: Proxy(), se:cdp: ws://localhost:50605/devtoo..., se:cdpVersion: 137.0.7151.120, setWindowRect: true, strictFileInteractability: false, timeouts: {implicit: 0, pageLoad: 300000, script: 30000}, unhandledPromptBehavior: dismiss and notify, webauthn:extension:credBlob: true, webauthn:extension:largeBlob: true, webauthn:extension:minPinLength: true, webauthn:extension:prf: true, webauthn:virtualAuthenticators: true}&#10;Element: [[ChromeDriver: chrome on windows (ad1c1d57faebe406849318c832ba4f1d)] -&gt; xpath: //label[@for=&apos;tree-node-commands&apos;]//span[@class=&apos;rct-checkbox&apos;]]&#10;Session ID: ad1c1d57faebe406849318c832ba4f1d" type="org.openqa.selenium.ElementClickInterceptedException"><![CDATA[org.openqa.selenium.ElementClickInterceptedException: 
element click intercepted: Element <span class="rct-checkbox">...</span> is not clickable at point (491, 632). Other element would receive the click: <div>...</div>
  (Session info: chrome=137.0.7151.120)
Build info: version: '4.35.0', revision: '1c58e5028b'
System info: os.name: 'Windows 11', os.arch: 'amd64', os.version: '10.0', java.version: '21.0.7'
Driver info: org.openqa.selenium.chrome.ChromeDriver
Command: [ad1c1d57faebe406849318c832ba4f1d, clickElement {id=f.8766C17943D5FE21984A5DCEF7213491.d.3ADC85F28D942F044879C0ECCD9CC9E5.e.41}]
Capabilities {acceptInsecureCerts: false, browserName: chrome, browserVersion: 137.0.7151.120, chrome: {chromedriverVersion: 137.0.7151.119 (e0ac9d12dff..., userDataDir: C:\Users\dell\AppData\Local...}, fedcm:accounts: true, goog:chromeOptions: {debuggerAddress: localhost:50605}, networkConnectionEnabled: false, pageLoadStrategy: normal, platformName: windows, proxy: Proxy(), se:cdp: ws://localhost:50605/devtoo..., se:cdpVersion: 137.0.7151.120, setWindowRect: true, strictFileInteractability: false, timeouts: {implicit: 0, pageLoad: 300000, script: 30000}, unhandledPromptBehavior: dismiss and notify, webauthn:extension:credBlob: true, webauthn:extension:largeBlob: true, webauthn:extension:minPinLength: true, webauthn:extension:prf: true, webauthn:virtualAuthenticators: true}
Element: [[ChromeDriver: chrome on windows (ad1c1d57faebe406849318c832ba4f1d)] -> xpath: //label[@for='tree-node-commands']//span[@class='rct-checkbox']]
Session ID: ad1c1d57faebe406849318c832ba4f1d
	at java.base/jdk.internal.reflect.DirectConstructorHandleAccessor.newInstance(DirectConstructorHandleAccessor.java:62)
	at java.base/java.lang.reflect.Constructor.newInstanceWithCaller(Constructor.java:502)
	at java.base/java.lang.reflect.Constructor.newInstance(Constructor.java:486)
	at org.openqa.selenium.remote.ErrorCodec.decode(ErrorCodec.java:167)
	at org.openqa.selenium.remote.codec.w3c.W3CHttpResponseCodec.decode(W3CHttpResponseCodec.java:138)
	at org.openqa.selenium.remote.codec.w3c.W3CHttpResponseCodec.decode(W3CHttpResponseCodec.java:50)
	at org.openqa.selenium.remote.HttpCommandExecutor.execute(HttpCommandExecutor.java:215)
	at org.openqa.selenium.remote.service.DriverCommandExecutor.invokeExecute(DriverCommandExecutor.java:216)
	at org.openqa.selenium.remote.service.DriverCommandExecutor.execute(DriverCommandExecutor.java:174)
	at org.openqa.selenium.remote.RemoteWebDriver.execute(RemoteWebDriver.java:557)
	at org.openqa.selenium.remote.RemoteWebElement.execute(RemoteWebElement.java:223)
	at org.openqa.selenium.remote.RemoteWebElement.click(RemoteWebElement.java:76)
	at java.base/jdk.internal.reflect.DirectMethodHandleAccessor.invoke(DirectMethodHandleAccessor.java:103)
	at java.base/java.lang.reflect.Method.invoke(Method.java:580)
	at org.openqa.selenium.support.pagefactory.internal.LocatingElementHandler.invoke(LocatingElementHandler.java:51)
	at jdk.proxy2/jdk.proxy2.$Proxy29.click(Unknown Source)
	at pages.elementsPage.selectNotesCommands(elementsPage.java:465)
	at tests.ElementsTests.SelectingNotesCommandsClick(ElementsTests.java:152)
	at java.base/jdk.internal.reflect.DirectMethodHandleAccessor.invoke(DirectMethodHandleAccessor.java:103)
	at java.base/java.lang.reflect.Method.invoke(Method.java:580)
	at org.testng.internal.invokers.MethodInvocationHelper.invokeMethod(MethodInvocationHelper.java:141)
	at org.testng.internal.invokers.TestInvoker.invokeMethod(TestInvoker.java:687)
	at org.testng.internal.invokers.TestInvoker.invokeTestMethod(TestInvoker.java:230)
	at org.testng.internal.invokers.MethodRunner.runInSequence(MethodRunner.java:63)
	at org.testng.internal.invokers.TestInvoker$MethodInvocationAgent.invoke(TestInvoker.java:995)
	at org.testng.internal.invokers.TestInvoker.invokeTestMethods(TestInvoker.java:203)
	at org.testng.internal.invokers.TestMethodWorker.invokeTestMethods(TestMethodWorker.java:154)
	at org.testng.internal.invokers.TestMethodWorker.run(TestMethodWorker.java:134)
	at java.base/java.util.ArrayList.forEach(ArrayList.java:1596)
	at org.testng.TestRunner.privateRun(TestRunner.java:741)
	at org.testng.TestRunner.run(TestRunner.java:616)
	at org.testng.SuiteRunner.runTest(SuiteRunner.java:421)
	at org.testng.SuiteRunner.runSequentially(SuiteRunner.java:413)
	at org.testng.SuiteRunner.privateRun(SuiteRunner.java:373)
	at org.testng.SuiteRunner.run(SuiteRunner.java:312)
	at org.testng.SuiteRunnerWorker.runSuite(SuiteRunnerWorker.java:52)
	at org.testng.SuiteRunnerWorker.run(SuiteRunnerWorker.java:95)
	at org.testng.TestNG.runSuitesSequentially(TestNG.java:1274)
	at org.testng.TestNG.runSuitesLocally(TestNG.java:1208)
	at org.testng.TestNG.runSuites(TestNG.java:1112)
	at org.testng.TestNG.run(TestNG.java:1079)
	at org.apache.maven.surefire.testng.TestNGExecutor.run(TestNGExecutor.java:155)
	at org.apache.maven.surefire.testng.TestNGDirectoryTestSuite.executeMulti(TestNGDirectoryTestSuite.java:169)
	at org.apache.maven.surefire.testng.TestNGDirectoryTestSuite.execute(TestNGDirectoryTestSuite.java:88)
	at org.apache.maven.surefire.testng.TestNGProvider.invoke(TestNGProvider.java:137)
	at org.apache.maven.surefire.booter.ForkedBooter.runSuitesInProcess(ForkedBooter.java:385)
	at org.apache.maven.surefire.booter.ForkedBooter.execute(ForkedBooter.java:162)
	at org.apache.maven.surefire.booter.ForkedBooter.run(ForkedBooter.java:507)
	at org.apache.maven.surefire.booter.ForkedBooter.main(ForkedBooter.java:495)
]]></failure>
    <system-out><![CDATA[2025-09-08 12:43:42 [main] INFO  demoqaBase - Closing the Browser for test: SelectingDesktopCheckBox
2025-09-08 12:43:43 [main] INFO  DriverFactory - 🌐 Starting Chrome Web Browser...
2025-09-08 12:43:43 [main] INFO  DriverFactory - ✅ Created temporary Chrome profile at C:\Users\dell\AppData\Local\Temp\chrome-profile-1627391812972233070
2025-09-08 12:43:44 [main] INFO  DriverFactory - 🚀 WebDriver started successfully
2025-09-08 12:43:44 [main] INFO  RetryUrlAccess - Navigating to URL (attempt 1): https://demoqa.com
2025-09-08 12:44:03 [main] INFO  demoqaBase - 🚀 Starting test: SelectingNotesCommandsClick
2025-09-08 12:44:03 [main] INFO  demoqaBase - 🧪 Starting Test Elements | Selecting Desktop| Notes & Commands Check Box Test...
Instance Variables Declared are: nullnull
2025-09-08 12:44:03 [main] INFO  demoqaBase - Accessing Elements Card...
2025-09-08 12:44:03 [main] INFO  demoqaLog - Clicking on Elements Card...
2025-09-08 12:44:03 [main] WARN  demoqaLog - ⚠️ JS click failed, falling back to native click. Reason: {}
2025-09-08 12:44:03 [main] INFO  demoqaLog - ✅ Native click succeeded on element: {}
2025-09-08 12:44:03 [main] INFO  demoqaLog - Clicked on Elements Card...
Title of this Page is: DEMOQA
You are Accessing: Elements
 
Elements: Please select an item from left to start practice.
2025-09-08 12:44:04 [main] INFO  demoqaBase - Elements: Please select an item from left to start practice.
2025-09-08 12:44:04 [main] INFO  demoqaBase - Accessing Check Box...
Check Box
2025-09-08 12:44:04 [main] INFO  demoqaBase - You are accessing: Check Box
2025-09-08 12:44:04 [main] INFO  demoqaBase - Clicking on Home Toggle Button...
2025-09-08 12:44:04 [main] INFO  demoqaLog - ✅ JS click executed on element: {}
2025-09-08 12:44:04 [main] INFO  demoqaBase - Clicking on Desktop Toggle Button...
2025-09-08 12:44:04 [main] INFO  demoqaBase - Clicking on Notes Button...
2025-09-08 12:44:04 [main] INFO  demoqaBase - Clicking on Commands Button...
]]></system-out>
  </testcase>
  <testcase name="SelectingDocumentsCheckBox" classname="tests.ElementsTests" time="0.999">
    <system-out><![CDATA[Path for Screenshot is: C:\ASN\eclipse_workspace\demoqa-automation/screenshots/SelectingNotesCommandsClick_Failed+2025-09-08_12-44-05.png
2025-09-08 12:44:06 [main] ERROR demoqaBase - ❌ Test SelectingNotesCommandsClick failed. Screenshot captured.
2025-09-08 12:44:06 [main] INFO  demoqaBase - Closing the Browser for test: SelectingNotesCommandsClick
2025-09-08 12:44:06 [main] INFO  DriverFactory - 🌐 Starting Chrome Web Browser...
2025-09-08 12:44:06 [main] INFO  DriverFactory - ✅ Created temporary Chrome profile at C:\Users\dell\AppData\Local\Temp\chrome-profile-2630883000265498102
2025-09-08 12:44:07 [main] INFO  DriverFactory - 🚀 WebDriver started successfully
2025-09-08 12:44:07 [main] INFO  RetryUrlAccess - Navigating to URL (attempt 1): https://demoqa.com
2025-09-08 12:44:14 [main] INFO  demoqaBase - 🚀 Starting test: SelectingDocumentsCheckBox
2025-09-08 12:44:14 [main] INFO  demoqaBase - 🧪 Starting Test Elements | Selecting Documents Check Box Test...
Instance Variables Declared are: nullnull
2025-09-08 12:44:14 [main] INFO  demoqaBase - Accessing Elements Card...
2025-09-08 12:44:14 [main] INFO  demoqaLog - Clicking on Elements Card...
2025-09-08 12:44:14 [main] WARN  demoqaLog - ⚠️ JS click failed, falling back to native click. Reason: {}
2025-09-08 12:44:15 [main] INFO  demoqaLog - ✅ Native click succeeded on element: {}
2025-09-08 12:44:15 [main] INFO  demoqaLog - Clicked on Elements Card...
Title of this Page is: DEMOQA
You are Accessing: Elements
 
Elements: Please select an item from left to start practice.
2025-09-08 12:44:15 [main] INFO  demoqaBase - Elements: Please select an item from left to start practice.
2025-09-08 12:44:15 [main] INFO  demoqaBase - Accessing Check Box...
Check Box
2025-09-08 12:44:15 [main] INFO  demoqaBase - You are accessing: Check Box
2025-09-08 12:44:15 [main] INFO  demoqaBase - Clicking on Home Toggle Button...
2025-09-08 12:44:15 [main] INFO  demoqaBase - Selecting Documents Check Box...
2025-09-08 12:44:15 [main] INFO  demoqaBase - Selected Documents Check Box...
Information Submitted is: You have selected :
documents
workspace
react
angular
veu
office
public
private
classified
general
2025-09-08 12:44:15 [main] INFO  demoqaBase - You have Selected: You have selected :
documents
workspace
react
angular
veu
office
public
private
classified
general
2025-09-08 12:44:15 [main] INFO  demoqaBase - ✅ Test Elements | Selecting Documents Check Box Test Completed...
]]></system-out>
  </testcase>
  <testcase name="SelectingWorkSpace" classname="tests.ElementsTests" time="0.823">
    <system-out><![CDATA[2025-09-08 12:44:15 [main] INFO  demoqaBase - Closing the Browser for test: SelectingDocumentsCheckBox
2025-09-08 12:44:16 [main] INFO  DriverFactory - 🌐 Starting Chrome Web Browser...
2025-09-08 12:44:16 [main] INFO  DriverFactory - ✅ Created temporary Chrome profile at C:\Users\dell\AppData\Local\Temp\chrome-profile-3502789813305056748
2025-09-08 12:44:17 [main] INFO  DriverFactory - 🚀 WebDriver started successfully
2025-09-08 12:44:17 [main] INFO  RetryUrlAccess - Navigating to URL (attempt 1): https://demoqa.com
2025-09-08 12:44:21 [main] INFO  demoqaBase - 🚀 Starting test: SelectingWorkSpace
2025-09-08 12:44:21 [main] INFO  demoqaBase - 🧪 Starting Test Elements | Home | Selecting Documents | WorkSpace Check Box Test...
Instance Variables Declared are: nullnull
2025-09-08 12:44:21 [main] INFO  demoqaBase - Accessing Elements Card...
2025-09-08 12:44:21 [main] INFO  demoqaLog - Clicking on Elements Card...
2025-09-08 12:44:21 [main] WARN  demoqaLog - ⚠️ JS click failed, falling back to native click. Reason: {}
2025-09-08 12:44:21 [main] INFO  demoqaLog - ✅ Native click succeeded on element: {}
2025-09-08 12:44:21 [main] INFO  demoqaLog - Clicked on Elements Card...
Title of this Page is: DEMOQA
You are Accessing: Elements
 
Elements: Please select an item from left to start practice.
2025-09-08 12:44:21 [main] INFO  demoqaBase - Elements: Please select an item from left to start practice.
2025-09-08 12:44:21 [main] INFO  demoqaBase - Accessing Check Box...
Check Box
2025-09-08 12:44:22 [main] INFO  demoqaBase - You are accessing: Check Box
2025-09-08 12:44:22 [main] INFO  demoqaBase - Clicking on Home Toggle Button...
2025-09-08 12:44:22 [main] INFO  demoqaBase - Clicking on Documents Toggle Button...
2025-09-08 12:44:22 [main] INFO  demoqaBase - Selecting WorkSpace Check Box...
2025-09-08 12:44:22 [main] INFO  demoqaLog - ✅ JS click executed on element: {}
2025-09-08 12:44:22 [main] INFO  demoqaBase - Selected WorkSpace Check Box...
Information Submitted is: You have selected :
workspace
react
angular
veu
2025-09-08 12:44:22 [main] INFO  demoqaBase - You have Selected: You have selected :
workspace
react
angular
veu
2025-09-08 12:44:22 [main] INFO  demoqaBase - ✅ Test Elements | Home | Selecting Documents | WorkSpace Check Box Completed...
]]></system-out>
  </testcase>
  <testcase name="SelectReact" classname="tests.ElementsTests" time="1.124">
    <system-out><![CDATA[2025-09-08 12:44:22 [main] INFO  demoqaBase - Closing the Browser for test: SelectingWorkSpace
2025-09-08 12:44:22 [main] INFO  DriverFactory - 🌐 Starting Chrome Web Browser...
2025-09-08 12:44:22 [main] INFO  DriverFactory - ✅ Created temporary Chrome profile at C:\Users\dell\AppData\Local\Temp\chrome-profile-15751613845651643823
2025-09-08 12:44:23 [main] INFO  DriverFactory - 🚀 WebDriver started successfully
2025-09-08 12:44:23 [main] INFO  RetryUrlAccess - Navigating to URL (attempt 1): https://demoqa.com
2025-09-08 12:44:39 [main] INFO  demoqaBase - 🚀 Starting test: SelectReact
2025-09-08 12:44:39 [main] INFO  demoqaBase - 🧪 Starting Test Elements|Home|Selecting Documents|WorkSpace|React Check Box Test...
Instance Variables Declared are: nullnull
2025-09-08 12:44:39 [main] INFO  demoqaBase - Accessing Elements Card...
2025-09-08 12:44:39 [main] INFO  demoqaLog - Clicking on Elements Card...
2025-09-08 12:44:39 [main] WARN  demoqaLog - ⚠️ JS click failed, falling back to native click. Reason: {}
2025-09-08 12:44:39 [main] INFO  demoqaLog - ✅ Native click succeeded on element: {}
2025-09-08 12:44:39 [main] INFO  demoqaLog - Clicked on Elements Card...
Title of this Page is: DEMOQA
You are Accessing: Elements
 
Elements: Please select an item from left to start practice.
2025-09-08 12:44:40 [main] INFO  demoqaBase - Elements: Please select an item from left to start practice.
2025-09-08 12:44:40 [main] INFO  demoqaBase - Accessing Check Box...
Check Box
2025-09-08 12:44:40 [main] INFO  demoqaBase - You are accessing: Check Box
2025-09-08 12:44:40 [main] INFO  demoqaBase - Clicking on Home Toggle Button...
2025-09-08 12:44:40 [main] INFO  demoqaBase - Clicking on Documents Toggle Button...
2025-09-08 12:44:40 [main] INFO  demoqaBase - Clicking WorkSpace Toggle Button...
2025-09-08 12:44:40 [main] INFO  demoqaLog - ✅ JS click executed on element: {}
2025-09-08 12:44:40 [main] INFO  demoqaBase - Clicked WorkSpace Toggle Button...
2025-09-08 12:44:40 [main] INFO  demoqaBase - Selecting WorkSpace | React Check Box...
2025-09-08 12:44:40 [main] INFO  demoqaLog - ✅ JS click executed on element: {}
2025-09-08 12:44:40 [main] INFO  demoqaBase - Selected WorkSpace | React Check Box...
Information Submitted is: You have selected :
react
2025-09-08 12:44:40 [main] INFO  demoqaBase - You have Selected: You have selected :
react
2025-09-08 12:44:40 [main] INFO  demoqaBase - ✅ Test Elements|Home|Documents| Selecting WorkSpace|React Check Box Completed...
]]></system-out>
  </testcase>
  <testcase name="SelectAngular" classname="tests.ElementsTests" time="0.914">
    <system-out><![CDATA[2025-09-08 12:44:40 [main] INFO  demoqaBase - Closing the Browser for test: SelectReact
2025-09-08 12:44:41 [main] INFO  DriverFactory - 🌐 Starting Chrome Web Browser...
2025-09-08 12:44:41 [main] INFO  DriverFactory - ✅ Created temporary Chrome profile at C:\Users\dell\AppData\Local\Temp\chrome-profile-11373090125022357194
2025-09-08 12:44:42 [main] INFO  DriverFactory - 🚀 WebDriver started successfully
2025-09-08 12:44:42 [main] INFO  RetryUrlAccess - Navigating to URL (attempt 1): https://demoqa.com
2025-09-08 12:44:46 [main] INFO  demoqaBase - 🚀 Starting test: SelectAngular
2025-09-08 12:44:46 [main] INFO  demoqaBase - 🧪 Starting Test Elements|Home|Selecting Documents|WorkSpace|Angular Check Box Test...
Instance Variables Declared are: nullnull
2025-09-08 12:44:46 [main] INFO  demoqaBase - Accessing Elements Card...
2025-09-08 12:44:46 [main] INFO  demoqaLog - Clicking on Elements Card...
2025-09-08 12:44:46 [main] WARN  demoqaLog - ⚠️ JS click failed, falling back to native click. Reason: {}
2025-09-08 12:44:46 [main] INFO  demoqaLog - ✅ Native click succeeded on element: {}
2025-09-08 12:44:46 [main] INFO  demoqaLog - Clicked on Elements Card...
Title of this Page is: DEMOQA
You are Accessing: Elements
 
Elements: Please select an item from left to start practice.
2025-09-08 12:44:46 [main] INFO  demoqaBase - Elements: Please select an item from left to start practice.
2025-09-08 12:44:46 [main] INFO  demoqaBase - Accessing Check Box...
Check Box
2025-09-08 12:44:46 [main] INFO  demoqaBase - You are accessing: Check Box
2025-09-08 12:44:46 [main] INFO  demoqaBase - Clicking on Home Toggle Button...
2025-09-08 12:44:47 [main] INFO  demoqaBase - Clicking on Documents Toggle Button...
2025-09-08 12:44:47 [main] INFO  demoqaBase - Clicking WorkSpace Toggle Button...
2025-09-08 12:44:47 [main] INFO  demoqaLog - ✅ JS click executed on element: {}
2025-09-08 12:44:47 [main] INFO  demoqaBase - Clicked WorkSpace Toggle Button...
2025-09-08 12:44:47 [main] INFO  demoqaBase - Selecting WorkSpace | Angular Check Box...
2025-09-08 12:44:47 [main] INFO  demoqaLog - ✅ JS click executed on element: {}
2025-09-08 12:44:47 [main] INFO  demoqaBase - Selected WorkSpace | Angular Check Box...
Information Submitted is: You have selected :
angular
2025-09-08 12:44:47 [main] INFO  demoqaBase - You have Selected: You have selected :
angular
2025-09-08 12:44:47 [main] INFO  demoqaBase - ✅ Test Elements|Home|Documents| Selecting WorkSpace|Angular Check Box Completed...
]]></system-out>
  </testcase>
  <testcase name="SelectVeu" classname="tests.ElementsTests" time="1.333">
    <system-out><![CDATA[2025-09-08 12:44:47 [main] INFO  demoqaBase - Closing the Browser for test: SelectAngular
2025-09-08 12:44:47 [main] INFO  DriverFactory - 🌐 Starting Chrome Web Browser...
2025-09-08 12:44:47 [main] INFO  DriverFactory - ✅ Created temporary Chrome profile at C:\Users\dell\AppData\Local\Temp\chrome-profile-15007444497466390299
2025-09-08 12:44:48 [main] INFO  DriverFactory - 🚀 WebDriver started successfully
2025-09-08 12:44:48 [main] INFO  RetryUrlAccess - Navigating to URL (attempt 1): https://demoqa.com
2025-09-08 12:45:02 [main] INFO  demoqaBase - 🚀 Starting test: SelectVeu
2025-09-08 12:45:02 [main] INFO  demoqaBase - 🧪 Starting Test Elements|Home|Selecting Documents|WorkSpace|Veu Check Box Test...
Instance Variables Declared are: nullnull
2025-09-08 12:45:02 [main] INFO  demoqaBase - Accessing Elements Card...
2025-09-08 12:45:02 [main] INFO  demoqaLog - Clicking on Elements Card...
2025-09-08 12:45:02 [main] WARN  demoqaLog - ⚠️ JS click failed, falling back to native click. Reason: {}
2025-09-08 12:45:02 [main] INFO  demoqaLog - ✅ Native click succeeded on element: {}
2025-09-08 12:45:02 [main] INFO  demoqaLog - Clicked on Elements Card...
Title of this Page is: DEMOQA
You are Accessing: Elements
 
Elements: Please select an item from left to start practice.
2025-09-08 12:45:02 [main] INFO  demoqaBase - Elements: Please select an item from left to start practice.
2025-09-08 12:45:02 [main] INFO  demoqaBase - Accessing Check Box...
Check Box
2025-09-08 12:45:03 [main] INFO  demoqaBase - You are accessing: Check Box
2025-09-08 12:45:03 [main] INFO  demoqaBase - Clicking on Home Toggle Button...
2025-09-08 12:45:03 [main] INFO  demoqaBase - Clicking on Documents Toggle Button...
2025-09-08 12:45:03 [main] INFO  demoqaBase - Clicking WorkSpace Toggle Button...
2025-09-08 12:45:03 [main] INFO  demoqaLog - ✅ JS click executed on element: {}
2025-09-08 12:45:03 [main] INFO  demoqaBase - Clicked WorkSpace Toggle Button...
2025-09-08 12:45:03 [main] INFO  demoqaBase - Selecting WorkSpace | Veu Check Box...
2025-09-08 12:45:03 [main] INFO  demoqaLog - ✅ JS click executed on element: {}
2025-09-08 12:45:03 [main] INFO  demoqaBase - Selected WorkSpace | Veu Check Box...
Information Submitted is: You have selected :
veu
2025-09-08 12:45:03 [main] INFO  demoqaBase - You have Selected: You have selected :
veu
2025-09-08 12:45:03 [main] INFO  demoqaBase - ✅ Test Elements|Home|Documents| Selecting WorkSpace|Veu Check Box Completed...
]]></system-out>
  </testcase>
  <testcase name="SelectReactAnuglarVeu" classname="tests.ElementsTests" time="1.105">
    <system-out><![CDATA[2025-09-08 12:45:03 [main] INFO  demoqaBase - Closing the Browser for test: SelectVeu
2025-09-08 12:45:04 [main] INFO  DriverFactory - 🌐 Starting Chrome Web Browser...
2025-09-08 12:45:04 [main] INFO  DriverFactory - ✅ Created temporary Chrome profile at C:\Users\dell\AppData\Local\Temp\chrome-profile-17426433827343191621
2025-09-08 12:45:05 [main] INFO  DriverFactory - 🚀 WebDriver started successfully
2025-09-08 12:45:05 [main] INFO  RetryUrlAccess - Navigating to URL (attempt 1): https://demoqa.com
2025-09-08 12:45:09 [main] INFO  demoqaBase - 🚀 Starting test: SelectReactAnuglarVeu
2025-09-08 12:45:09 [main] INFO  demoqaBase - 🧪 Starting Test Elements|Home|Selecting Documents|WorkSpace|React-Anuglar-Veu Check Box Test...
Instance Variables Declared are: nullnull
2025-09-08 12:45:09 [main] INFO  demoqaBase - Accessing Elements Card...
2025-09-08 12:45:09 [main] INFO  demoqaLog - Clicking on Elements Card...
2025-09-08 12:45:09 [main] WARN  demoqaLog - ⚠️ JS click failed, falling back to native click. Reason: {}
2025-09-08 12:45:09 [main] INFO  demoqaLog - ✅ Native click succeeded on element: {}
2025-09-08 12:45:09 [main] INFO  demoqaLog - Clicked on Elements Card...
Title of this Page is: DEMOQA
You are Accessing: Elements
 
Elements: Please select an item from left to start practice.
2025-09-08 12:45:09 [main] INFO  demoqaBase - Elements: Please select an item from left to start practice.
2025-09-08 12:45:09 [main] INFO  demoqaBase - Accessing Check Box...
Check Box
2025-09-08 12:45:09 [main] INFO  demoqaBase - You are accessing: Check Box
2025-09-08 12:45:09 [main] INFO  demoqaBase - Clicking on Home Toggle Button...
2025-09-08 12:45:09 [main] INFO  demoqaBase - Clicking on Documents Toggle Button...
2025-09-08 12:45:10 [main] INFO  demoqaBase - Clicking WorkSpace Toggle Button...
2025-09-08 12:45:10 [main] INFO  demoqaLog - ✅ JS click executed on element: {}
2025-09-08 12:45:10 [main] INFO  demoqaBase - Clicked WorkSpace Toggle Button...
2025-09-08 12:45:10 [main] INFO  demoqaBase - Selecting WorkSpace | React Check Box...
2025-09-08 12:45:10 [main] INFO  demoqaLog - ✅ JS click executed on element: {}
2025-09-08 12:45:10 [main] INFO  demoqaBase - Selected WorkSpace | React Check Box...
2025-09-08 12:45:10 [main] INFO  demoqaBase - Selecting WorkSpace | Angular Check Box...
2025-09-08 12:45:10 [main] INFO  demoqaLog - ✅ JS click executed on element: {}
2025-09-08 12:45:10 [main] INFO  demoqaBase - Selected WorkSpace | Angular Check Box...
2025-09-08 12:45:10 [main] INFO  demoqaBase - Selecting WorkSpace | Veu Check Box...
2025-09-08 12:45:10 [main] INFO  demoqaLog - ✅ JS click executed on element: {}
2025-09-08 12:45:10 [main] INFO  demoqaBase - Selected WorkSpace | Veu Check Box...
Information Submitted is: You have selected :
workspace
react
angular
veu
2025-09-08 12:45:10 [main] INFO  demoqaBase - You have Selected: You have selected :
workspace
react
angular
veu
2025-09-08 12:45:10 [main] INFO  demoqaBase - ✅ Test Elements|Home|Documents| Selecting WorkSpace|React-Anuglar-Veu Check Box Completed...
]]></system-out>
  </testcase>
  <testcase name="SelectingOffice" classname="tests.ElementsTests" time="0.794">
    <system-out><![CDATA[2025-09-08 12:45:10 [main] INFO  demoqaBase - Closing the Browser for test: SelectReactAnuglarVeu
2025-09-08 12:45:10 [main] INFO  DriverFactory - 🌐 Starting Chrome Web Browser...
2025-09-08 12:45:10 [main] INFO  DriverFactory - ✅ Created temporary Chrome profile at C:\Users\dell\AppData\Local\Temp\chrome-profile-16525694536203221711
2025-09-08 12:45:11 [main] INFO  DriverFactory - 🚀 WebDriver started successfully
2025-09-08 12:45:11 [main] INFO  RetryUrlAccess - Navigating to URL (attempt 1): https://demoqa.com
2025-09-08 12:45:19 [main] INFO  demoqaBase - 🚀 Starting test: SelectingOffice
2025-09-08 12:45:19 [main] INFO  demoqaBase - 🧪 Starting Test Elements|Home|Selecting Documents|Office Check Box Test...
Instance Variables Declared are: nullnull
2025-09-08 12:45:19 [main] INFO  demoqaBase - Accessing Elements Card...
2025-09-08 12:45:19 [main] INFO  demoqaLog - Clicking on Elements Card...
2025-09-08 12:45:19 [main] WARN  demoqaLog - ⚠️ JS click failed, falling back to native click. Reason: {}
2025-09-08 12:45:19 [main] INFO  demoqaLog - ✅ Native click succeeded on element: {}
2025-09-08 12:45:19 [main] INFO  demoqaLog - Clicked on Elements Card...
Title of this Page is: DEMOQA
You are Accessing: Elements
 
Elements: Please select an item from left to start practice.
2025-09-08 12:45:19 [main] INFO  demoqaBase - Elements: Please select an item from left to start practice.
2025-09-08 12:45:19 [main] INFO  demoqaBase - Accessing Check Box...
Check Box
2025-09-08 12:45:19 [main] INFO  demoqaBase - You are accessing: Check Box
2025-09-08 12:45:19 [main] INFO  demoqaBase - Clicking on Home Toggle Button...
2025-09-08 12:45:19 [main] INFO  demoqaBase - Clicking on Documents Toggle Button...
2025-09-08 12:45:19 [main] INFO  demoqaBase - Selecting WorkSpace Check Box...
2025-09-08 12:45:20 [main] INFO  demoqaLog - ✅ JS click executed on element: {}
2025-09-08 12:45:20 [main] INFO  demoqaBase - Selected WorkSpace Check Box...
Information Submitted is: You have selected :
office
public
private
classified
general
2025-09-08 12:45:20 [main] INFO  demoqaBase - You have Selected: You have selected :
office
public
private
classified
general
2025-09-08 12:45:20 [main] INFO  demoqaBase - ✅ Test Elements|Home|Selecting Documents|Office Check Box Completed...
]]></system-out>
  </testcase>
  <testcase name="SelectPublic" classname="tests.ElementsTests" time="1.244">
    <system-out><![CDATA[2025-09-08 12:45:20 [main] INFO  demoqaBase - Closing the Browser for test: SelectingOffice
2025-09-08 12:45:20 [main] INFO  DriverFactory - 🌐 Starting Chrome Web Browser...
2025-09-08 12:45:20 [main] INFO  DriverFactory - ✅ Created temporary Chrome profile at C:\Users\dell\AppData\Local\Temp\chrome-profile-16516057062970305577
2025-09-08 12:45:21 [main] INFO  DriverFactory - 🚀 WebDriver started successfully
2025-09-08 12:45:21 [main] INFO  RetryUrlAccess - Navigating to URL (attempt 1): https://demoqa.com
2025-09-08 12:45:26 [main] INFO  demoqaBase - 🚀 Starting test: SelectPublic
2025-09-08 12:45:26 [main] INFO  demoqaBase - 🧪 Starting Test Elements|Home|Selecting Documents|Office|Public Check Box Test...
Instance Variables Declared are: nullnull
2025-09-08 12:45:26 [main] INFO  demoqaBase - Accessing Elements Card...
2025-09-08 12:45:26 [main] INFO  demoqaLog - Clicking on Elements Card...
2025-09-08 12:45:26 [main] WARN  demoqaLog - ⚠️ JS click failed, falling back to native click. Reason: {}
2025-09-08 12:45:26 [main] INFO  demoqaLog - ✅ Native click succeeded on element: {}
2025-09-08 12:45:26 [main] INFO  demoqaLog - Clicked on Elements Card...
Title of this Page is: DEMOQA
You are Accessing: Elements
 
Elements: Please select an item from left to start practice.
2025-09-08 12:45:26 [main] INFO  demoqaBase - Elements: Please select an item from left to start practice.
2025-09-08 12:45:26 [main] INFO  demoqaBase - Accessing Check Box...
Check Box
2025-09-08 12:45:26 [main] INFO  demoqaBase - You are accessing: Check Box
2025-09-08 12:45:26 [main] INFO  demoqaBase - Clicking on Home Toggle Button...
2025-09-08 12:45:26 [main] INFO  demoqaBase - Clicking on Documents Toggle Button...
2025-09-08 12:45:26 [main] INFO  demoqaBase - Clicking Office Toggle Button...
2025-09-08 12:45:27 [main] INFO  demoqaLog - ✅ JS click executed on element: {}
2025-09-08 12:45:27 [main] INFO  demoqaBase - Clicked Office Toggle Button...
2025-09-08 12:45:27 [main] INFO  demoqaBase - Selecting Office | Public Check Box...
2025-09-08 12:45:27 [main] INFO  demoqaLog - ✅ JS click executed on element: {}
2025-09-08 12:45:27 [main] INFO  demoqaBase - Selected Office | Public Check Box...
Information Submitted is: You have selected :
public
2025-09-08 12:45:27 [main] INFO  demoqaBase - You have Selected: You have selected :
public
2025-09-08 12:45:27 [main] INFO  demoqaBase - ✅ Test Elements|Home|Documents|Office|Selecting Public Check Box Completed...
]]></system-out>
  </testcase>
  <testcase name="SelectPrivate" classname="tests.ElementsTests" time="0.949">
    <system-out><![CDATA[2025-09-08 12:45:27 [main] INFO  demoqaBase - Closing the Browser for test: SelectPublic
2025-09-08 12:45:27 [main] INFO  DriverFactory - 🌐 Starting Chrome Web Browser...
2025-09-08 12:45:27 [main] INFO  DriverFactory - ✅ Created temporary Chrome profile at C:\Users\dell\AppData\Local\Temp\chrome-profile-17119702163518014933
2025-09-08 12:45:28 [main] INFO  DriverFactory - 🚀 WebDriver started successfully
2025-09-08 12:45:28 [main] INFO  RetryUrlAccess - Navigating to URL (attempt 1): https://demoqa.com
2025-09-08 12:46:03 [main] INFO  demoqaBase - 🚀 Starting test: SelectPrivate
2025-09-08 12:46:03 [main] INFO  demoqaBase - 🧪 Starting Test Elements|Home|Selecting Documents|Office|Private Check Box Test...
Instance Variables Declared are: nullnull
2025-09-08 12:46:03 [main] INFO  demoqaBase - Accessing Elements Card...
2025-09-08 12:46:03 [main] INFO  demoqaLog - Clicking on Elements Card...
2025-09-08 12:46:03 [main] WARN  demoqaLog - ⚠️ JS click failed, falling back to native click. Reason: {}
2025-09-08 12:46:03 [main] INFO  demoqaLog - ✅ Native click succeeded on element: {}
2025-09-08 12:46:03 [main] INFO  demoqaLog - Clicked on Elements Card...
Title of this Page is: DEMOQA
You are Accessing: Elements
 
Elements: Please select an item from left to start practice.
2025-09-08 12:46:03 [main] INFO  demoqaBase - Elements: Please select an item from left to start practice.
2025-09-08 12:46:03 [main] INFO  demoqaBase - Accessing Check Box...
Check Box
2025-09-08 12:46:03 [main] INFO  demoqaBase - You are accessing: Check Box
2025-09-08 12:46:03 [main] INFO  demoqaBase - Clicking on Home Toggle Button...
2025-09-08 12:46:03 [main] INFO  demoqaBase - Clicking on Documents Toggle Button...
2025-09-08 12:46:04 [main] INFO  demoqaBase - Clicking Office Toggle Button...
2025-09-08 12:46:04 [main] INFO  demoqaLog - ✅ JS click executed on element: {}
2025-09-08 12:46:04 [main] INFO  demoqaBase - Clicked Office Toggle Button...
2025-09-08 12:46:04 [main] INFO  demoqaBase - Selecting Office | Private Check Box...
2025-09-08 12:46:04 [main] INFO  demoqaLog - ✅ JS click executed on element: {}
2025-09-08 12:46:04 [main] INFO  demoqaBase - Selected Office | Private Check Box...
Information Submitted is: You have selected :
private
2025-09-08 12:46:04 [main] INFO  demoqaBase - You have Selected: You have selected :
private
2025-09-08 12:46:04 [main] INFO  demoqaBase - ✅ Test Elements|Home|Documents|Office|Selecting Private Check Box Completed...
]]></system-out>
  </testcase>
  <testcase name="SelectClassified" classname="tests.ElementsTests" time="1.45">
    <system-out><![CDATA[2025-09-08 12:46:04 [main] INFO  demoqaBase - Closing the Browser for test: SelectPrivate
2025-09-08 12:46:04 [main] INFO  DriverFactory - 🌐 Starting Chrome Web Browser...
2025-09-08 12:46:04 [main] INFO  DriverFactory - ✅ Created temporary Chrome profile at C:\Users\dell\AppData\Local\Temp\chrome-profile-17930629575363740496
2025-09-08 12:46:05 [main] INFO  DriverFactory - 🚀 WebDriver started successfully
2025-09-08 12:46:05 [main] INFO  RetryUrlAccess - Navigating to URL (attempt 1): https://demoqa.com
2025-09-08 12:46:25 [main] INFO  demoqaBase - 🚀 Starting test: SelectClassified
2025-09-08 12:46:25 [main] INFO  demoqaBase - 🧪 Starting Test Elements|Home|Selecting Documents|Office|Classified Check Box Test...
Instance Variables Declared are: nullnull
2025-09-08 12:46:25 [main] INFO  demoqaBase - Accessing Elements Card...
2025-09-08 12:46:25 [main] INFO  demoqaLog - Clicking on Elements Card...
2025-09-08 12:46:25 [main] WARN  demoqaLog - ⚠️ JS click failed, falling back to native click. Reason: {}
2025-09-08 12:46:25 [main] INFO  demoqaLog - ✅ Native click succeeded on element: {}
2025-09-08 12:46:25 [main] INFO  demoqaLog - Clicked on Elements Card...
Title of this Page is: DEMOQA
You are Accessing: Elements
 
Elements: Please select an item from left to start practice.
2025-09-08 12:46:25 [main] INFO  demoqaBase - Elements: Please select an item from left to start practice.
2025-09-08 12:46:25 [main] INFO  demoqaBase - Accessing Check Box...
Check Box
2025-09-08 12:46:25 [main] INFO  demoqaBase - You are accessing: Check Box
2025-09-08 12:46:25 [main] INFO  demoqaBase - Clicking on Home Toggle Button...
2025-09-08 12:46:26 [main] INFO  demoqaBase - Clicking on Documents Toggle Button...
2025-09-08 12:46:26 [main] INFO  demoqaBase - Clicking Office Toggle Button...
2025-09-08 12:46:26 [main] INFO  demoqaLog - ✅ JS click executed on element: {}
2025-09-08 12:46:26 [main] INFO  demoqaBase - Clicked Office Toggle Button...
2025-09-08 12:46:26 [main] INFO  demoqaBase - Selecting Office | Classified Check Box...
2025-09-08 12:46:26 [main] INFO  demoqaLog - ✅ JS click executed on element: {}
2025-09-08 12:46:26 [main] INFO  demoqaBase - Selected Office | Classified Check Box...
Information Submitted is: You have selected :
classified
2025-09-08 12:46:26 [main] INFO  demoqaBase - You have Selected: You have selected :
classified
2025-09-08 12:46:26 [main] INFO  demoqaBase - ✅ Test Elements|Home|Documents|Office|Selecting Classified Check Box Completed...
]]></system-out>
  </testcase>
  <testcase name="SelectGeneral" classname="tests.ElementsTests" time="1.156">
    <system-out><![CDATA[2025-09-08 12:46:26 [main] INFO  demoqaBase - Closing the Browser for test: SelectClassified
2025-09-08 12:46:27 [main] INFO  DriverFactory - 🌐 Starting Chrome Web Browser...
2025-09-08 12:46:27 [main] INFO  DriverFactory - ✅ Created temporary Chrome profile at C:\Users\dell\AppData\Local\Temp\chrome-profile-15060922709768517611
2025-09-08 12:46:28 [main] INFO  DriverFactory - 🚀 WebDriver started successfully
2025-09-08 12:46:28 [main] INFO  RetryUrlAccess - Navigating to URL (attempt 1): https://demoqa.com
2025-09-08 12:46:44 [main] INFO  demoqaBase - 🚀 Starting test: SelectGeneral
2025-09-08 12:46:44 [main] INFO  demoqaBase - 🧪 Starting Test Elements|Home|Selecting Documents|Office|General Check Box Test...
Instance Variables Declared are: nullnull
2025-09-08 12:46:44 [main] INFO  demoqaBase - Accessing Elements Card...
2025-09-08 12:46:44 [main] INFO  demoqaLog - Clicking on Elements Card...
2025-09-08 12:46:44 [main] WARN  demoqaLog - ⚠️ JS click failed, falling back to native click. Reason: {}
2025-09-08 12:46:44 [main] INFO  demoqaLog - ✅ Native click succeeded on element: {}
2025-09-08 12:46:44 [main] INFO  demoqaLog - Clicked on Elements Card...
Title of this Page is: DEMOQA
You are Accessing: Elements
 
Elements: Please select an item from left to start practice.
2025-09-08 12:46:44 [main] INFO  demoqaBase - Elements: Please select an item from left to start practice.
2025-09-08 12:46:44 [main] INFO  demoqaBase - Accessing Check Box...
Check Box
2025-09-08 12:46:45 [main] INFO  demoqaBase - You are accessing: Check Box
2025-09-08 12:46:45 [main] INFO  demoqaBase - Clicking on Home Toggle Button...
2025-09-08 12:46:45 [main] INFO  demoqaBase - Clicking on Documents Toggle Button...
2025-09-08 12:46:45 [main] INFO  demoqaBase - Clicking Office Toggle Button...
2025-09-08 12:46:45 [main] INFO  demoqaLog - ✅ JS click executed on element: {}
2025-09-08 12:46:45 [main] INFO  demoqaBase - Clicked Office Toggle Button...
2025-09-08 12:46:45 [main] INFO  demoqaBase - Selecting Office | General Check Box...
2025-09-08 12:46:45 [main] INFO  demoqaLog - ✅ JS click executed on element: {}
2025-09-08 12:46:45 [main] INFO  demoqaBase - Selected Office | General Check Box...
Information Submitted is: You have selected :
general
2025-09-08 12:46:45 [main] INFO  demoqaBase - You have Selected: You have selected :
general
2025-09-08 12:46:45 [main] INFO  demoqaBase - ✅ Test Elements|Home|Documents|Office|Selecting General Check Box Completed...
]]></system-out>
  </testcase>
  <testcase name="SelectOfficeAll" classname="tests.ElementsTests" time="1.7">
    <system-out><![CDATA[2025-09-08 12:46:45 [main] INFO  demoqaBase - Closing the Browser for test: SelectGeneral
2025-09-08 12:46:46 [main] INFO  DriverFactory - 🌐 Starting Chrome Web Browser...
2025-09-08 12:46:46 [main] INFO  DriverFactory - ✅ Created temporary Chrome profile at C:\Users\dell\AppData\Local\Temp\chrome-profile-7307182072334182303
2025-09-08 12:46:49 [main] INFO  DriverFactory - 🚀 WebDriver started successfully
2025-09-08 12:46:49 [main] INFO  RetryUrlAccess - Navigating to URL (attempt 1): https://demoqa.com
2025-09-08 12:47:04 [main] INFO  demoqaBase - 🚀 Starting test: SelectOfficeAll
2025-09-08 12:47:04 [main] INFO  demoqaBase - 🧪 Starting Test Elements|Home|Selecting Documents|Office|All Check Boxes Test...
Instance Variables Declared are: nullnull
2025-09-08 12:47:04 [main] INFO  demoqaBase - Accessing Elements Card...
2025-09-08 12:47:04 [main] INFO  demoqaLog - Clicking on Elements Card...
2025-09-08 12:47:04 [main] WARN  demoqaLog - ⚠️ JS click failed, falling back to native click. Reason: {}
2025-09-08 12:47:04 [main] INFO  demoqaLog - ✅ Native click succeeded on element: {}
2025-09-08 12:47:04 [main] INFO  demoqaLog - Clicked on Elements Card...
Title of this Page is: DEMOQA
You are Accessing: Elements
 
Elements: Please select an item from left to start practice.
2025-09-08 12:47:05 [main] INFO  demoqaBase - Elements: Please select an item from left to start practice.
2025-09-08 12:47:05 [main] INFO  demoqaBase - Accessing Check Box...
Check Box
2025-09-08 12:47:05 [main] INFO  demoqaBase - You are accessing: Check Box
2025-09-08 12:47:05 [main] INFO  demoqaBase - Clicking on Home Toggle Button...
2025-09-08 12:47:05 [main] INFO  demoqaBase - Clicking on Documents Toggle Button...
2025-09-08 12:47:05 [main] INFO  demoqaBase - Clicking Office Toggle Button...
2025-09-08 12:47:05 [main] INFO  demoqaLog - ✅ JS click executed on element: {}
2025-09-08 12:47:05 [main] INFO  demoqaBase - Clicked Office Toggle Button...
2025-09-08 12:47:05 [main] INFO  demoqaBase - Selecting Office | Public Check Box...
2025-09-08 12:47:06 [main] INFO  demoqaLog - ✅ JS click executed on element: {}
2025-09-08 12:47:06 [main] INFO  demoqaBase - Selected Office | Public Check Box...
2025-09-08 12:47:06 [main] INFO  demoqaBase - Selecting Office | Private Check Box...
2025-09-08 12:47:06 [main] INFO  demoqaLog - ✅ JS click executed on element: {}
2025-09-08 12:47:06 [main] INFO  demoqaBase - Selected Office | Private Check Box...
2025-09-08 12:47:06 [main] INFO  demoqaBase - Selecting Office | Classified Check Box...
2025-09-08 12:47:06 [main] INFO  demoqaLog - ✅ JS click executed on element: {}
2025-09-08 12:47:06 [main] INFO  demoqaBase - Selected Office | Classified Check Box...
2025-09-08 12:47:06 [main] INFO  demoqaBase - Selecting Office | General Check Box...
2025-09-08 12:47:06 [main] INFO  demoqaLog - ✅ JS click executed on element: {}
2025-09-08 12:47:06 [main] INFO  demoqaBase - Selected Office | General Check Box...
Information Submitted is: You have selected :
office
public
private
classified
general
2025-09-08 12:47:06 [main] INFO  demoqaBase - You have Selected: You have selected :
office
public
private
classified
general
2025-09-08 12:47:06 [main] INFO  demoqaBase - ✅ Test Elements|Home|Documents|Office|Selecting All Check Boxes Completed...
]]></system-out>
  </testcase>
  <testcase name="SelectingDownloads" classname="tests.ElementsTests" time="0.908">
    <system-out><![CDATA[2025-09-08 12:47:06 [main] INFO  demoqaBase - Closing the Browser for test: SelectOfficeAll
2025-09-08 12:47:06 [main] INFO  DriverFactory - 🌐 Starting Chrome Web Browser...
2025-09-08 12:47:06 [main] INFO  DriverFactory - ✅ Created temporary Chrome profile at C:\Users\dell\AppData\Local\Temp\chrome-profile-1212847228984918753
2025-09-08 12:47:07 [main] INFO  DriverFactory - 🚀 WebDriver started successfully
2025-09-08 12:47:07 [main] INFO  RetryUrlAccess - Navigating to URL (attempt 1): https://demoqa.com
2025-09-08 12:47:12 [main] INFO  demoqaBase - 🚀 Starting test: SelectingDownloads
2025-09-08 12:47:12 [main] INFO  demoqaBase - 🧪 Starting Test Elements|Home|Selecting Downloads Check Box Test...
Instance Variables Declared are: nullnull
2025-09-08 12:47:12 [main] INFO  demoqaBase - Accessing Elements Card...
2025-09-08 12:47:12 [main] INFO  demoqaLog - Clicking on Elements Card...
2025-09-08 12:47:12 [main] WARN  demoqaLog - ⚠️ JS click failed, falling back to native click. Reason: {}
2025-09-08 12:47:12 [main] INFO  demoqaLog - ✅ Native click succeeded on element: {}
2025-09-08 12:47:12 [main] INFO  demoqaLog - Clicked on Elements Card...
Title of this Page is: DEMOQA
You are Accessing: Elements
 
Elements: Please select an item from left to start practice.
2025-09-08 12:47:12 [main] INFO  demoqaBase - Elements: Please select an item from left to start practice.
2025-09-08 12:47:12 [main] INFO  demoqaBase - Accessing Check Box...
Check Box
2025-09-08 12:47:12 [main] INFO  demoqaBase - You are accessing: Check Box
2025-09-08 12:47:12 [main] INFO  demoqaBase - Clicking on Home Toggle Button...
2025-09-08 12:47:12 [main] INFO  demoqaBase - Selecting Downloads Check Box...
2025-09-08 12:47:13 [main] INFO  demoqaLog - ✅ JS click executed on element: {}
2025-09-08 12:47:13 [main] INFO  demoqaBase - Selected Downloads Check Box...
Information Submitted is: You have selected :
downloads
wordFile
excelFile
2025-09-08 12:47:13 [main] INFO  demoqaBase - You have Selected: You have selected :
downloads
wordFile
excelFile
2025-09-08 12:47:13 [main] INFO  demoqaBase - ✅ Test Elements|Home|Selecting Downloads Check Box Completed...
]]></system-out>
  </testcase>
  <testcase name="SelectingWordFile" classname="tests.ElementsTests" time="0.947">
    <system-out><![CDATA[2025-09-08 12:47:13 [main] INFO  demoqaBase - Closing the Browser for test: SelectingDownloads
2025-09-08 12:47:13 [main] INFO  DriverFactory - 🌐 Starting Chrome Web Browser...
2025-09-08 12:47:13 [main] INFO  DriverFactory - ✅ Created temporary Chrome profile at C:\Users\dell\AppData\Local\Temp\chrome-profile-939159600735794260
2025-09-08 12:47:15 [main] INFO  DriverFactory - 🚀 WebDriver started successfully
2025-09-08 12:47:15 [main] INFO  RetryUrlAccess - Navigating to URL (attempt 1): https://demoqa.com
2025-09-08 12:47:19 [main] INFO  demoqaBase - 🚀 Starting test: SelectingWordFile
2025-09-08 12:47:19 [main] INFO  demoqaBase - 🧪 Starting Test Elements|Home|Selecting Downloads|Word File Check Box Test...
Instance Variables Declared are: nullnull
2025-09-08 12:47:19 [main] INFO  demoqaBase - Accessing Elements Card...
2025-09-08 12:47:19 [main] INFO  demoqaLog - Clicking on Elements Card...
2025-09-08 12:47:19 [main] WARN  demoqaLog - ⚠️ JS click failed, falling back to native click. Reason: {}
2025-09-08 12:47:19 [main] INFO  demoqaLog - ✅ Native click succeeded on element: {}
2025-09-08 12:47:19 [main] INFO  demoqaLog - Clicked on Elements Card...
Title of this Page is: DEMOQA
You are Accessing: Elements
 
Elements: Please select an item from left to start practice.
2025-09-08 12:47:20 [main] INFO  demoqaBase - Elements: Please select an item from left to start practice.
2025-09-08 12:47:20 [main] INFO  demoqaBase - Accessing Check Box...
Check Box
2025-09-08 12:47:20 [main] INFO  demoqaBase - You are accessing: Check Box
2025-09-08 12:47:20 [main] INFO  demoqaBase - Clicking on Home Toggle Button...
2025-09-08 12:47:20 [main] INFO  demoqaBase - Clicking Downloads Toggle Button...
2025-09-08 12:47:20 [main] INFO  demoqaLog - ✅ JS click executed on element: {}
2025-09-08 12:47:20 [main] INFO  demoqaBase - Clicked Downloads Toggle Button...
2025-09-08 12:47:20 [main] INFO  demoqaBase - Selecting Downloads | Word File Check Box...
2025-09-08 12:47:20 [main] INFO  demoqaLog - ✅ JS click executed on element: {}
2025-09-08 12:47:20 [main] INFO  demoqaBase - Selected Downloads | Word File Check Box...
Information Submitted is: You have selected :
wordFile
2025-09-08 12:47:20 [main] INFO  demoqaBase - You have Selected: You have selected :
wordFile
2025-09-08 12:47:20 [main] INFO  demoqaBase - ✅ Test Elements|Home|Selecting Downloads|Word File Check Box Completed...
]]></system-out>
  </testcase>
  <testcase name="SelectingExcelFile" classname="tests.ElementsTests" time="0.831">
    <system-out><![CDATA[2025-09-08 12:47:20 [main] INFO  demoqaBase - Closing the Browser for test: SelectingWordFile
2025-09-08 12:47:20 [main] INFO  DriverFactory - 🌐 Starting Chrome Web Browser...
2025-09-08 12:47:20 [main] INFO  DriverFactory - ✅ Created temporary Chrome profile at C:\Users\dell\AppData\Local\Temp\chrome-profile-5869276076361448071
2025-09-08 12:47:21 [main] INFO  DriverFactory - 🚀 WebDriver started successfully
2025-09-08 12:47:21 [main] INFO  RetryUrlAccess - Navigating to URL (attempt 1): https://demoqa.com
2025-09-08 12:47:42 [main] INFO  demoqaBase - 🚀 Starting test: SelectingExcelFile
2025-09-08 12:47:42 [main] INFO  demoqaBase - 🧪 Starting Test Elements|Home|Selecting Downloads|Excel File Check Box Test...
Instance Variables Declared are: nullnull
2025-09-08 12:47:42 [main] INFO  demoqaBase - Accessing Elements Card...
2025-09-08 12:47:42 [main] INFO  demoqaLog - Clicking on Elements Card...
2025-09-08 12:47:42 [main] WARN  demoqaLog - ⚠️ JS click failed, falling back to native click. Reason: {}
2025-09-08 12:47:42 [main] INFO  demoqaLog - ✅ Native click succeeded on element: {}
2025-09-08 12:47:42 [main] INFO  demoqaLog - Clicked on Elements Card...
Title of this Page is: DEMOQA
You are Accessing: Elements
 
Elements: Please select an item from left to start practice.
2025-09-08 12:47:42 [main] INFO  demoqaBase - Elements: Please select an item from left to start practice.
2025-09-08 12:47:42 [main] INFO  demoqaBase - Accessing Check Box...
Check Box
2025-09-08 12:47:42 [main] INFO  demoqaBase - You are accessing: Check Box
2025-09-08 12:47:42 [main] INFO  demoqaBase - Clicking on Home Toggle Button...
2025-09-08 12:47:43 [main] INFO  demoqaBase - Clicking Downloads Toggle Button...
2025-09-08 12:47:43 [main] INFO  demoqaLog - ✅ JS click executed on element: {}
2025-09-08 12:47:43 [main] INFO  demoqaBase - Clicked Downloads Toggle Button...
2025-09-08 12:47:43 [main] INFO  demoqaBase - Selecting Downloads | Excel File Check Box...
2025-09-08 12:47:43 [main] INFO  demoqaLog - ✅ JS click executed on element: {}
2025-09-08 12:47:43 [main] INFO  demoqaBase - Selected Downloads | Excel File Check Box...
Information Submitted is: You have selected :
excelFile
2025-09-08 12:47:43 [main] INFO  demoqaBase - You have Selected: You have selected :
excelFile
2025-09-08 12:47:43 [main] INFO  demoqaBase - ✅ Test Elements|Home|Selecting Downloads|Excel File Check Box Completed...
]]></system-out>
  </testcase>
  <testcase name="SelectingAllFiles" classname="tests.ElementsTests" time="1.257">
    <system-out><![CDATA[2025-09-08 12:47:43 [main] INFO  demoqaBase - Closing the Browser for test: SelectingExcelFile
2025-09-08 12:47:43 [main] INFO  DriverFactory - 🌐 Starting Chrome Web Browser...
2025-09-08 12:47:43 [main] INFO  DriverFactory - ✅ Created temporary Chrome profile at C:\Users\dell\AppData\Local\Temp\chrome-profile-7563265111156893738
2025-09-08 12:47:44 [main] INFO  DriverFactory - 🚀 WebDriver started successfully
2025-09-08 12:47:44 [main] INFO  RetryUrlAccess - Navigating to URL (attempt 1): https://demoqa.com
2025-09-08 12:47:49 [main] INFO  demoqaBase - 🚀 Starting test: SelectingAllFiles
2025-09-08 12:47:49 [main] INFO  demoqaBase - 🧪 Starting Test Elements|Home|Selecting Downloads|Word & Excel File Check Boxes Test...
Instance Variables Declared are: nullnull
2025-09-08 12:47:49 [main] INFO  demoqaBase - Accessing Elements Card...
2025-09-08 12:47:49 [main] INFO  demoqaLog - Clicking on Elements Card...
2025-09-08 12:47:49 [main] WARN  demoqaLog - ⚠️ JS click failed, falling back to native click. Reason: {}
2025-09-08 12:47:49 [main] INFO  demoqaLog - ✅ Native click succeeded on element: {}
2025-09-08 12:47:49 [main] INFO  demoqaLog - Clicked on Elements Card...
Title of this Page is: DEMOQA
You are Accessing: Elements
 
Elements: Please select an item from left to start practice.
2025-09-08 12:47:49 [main] INFO  demoqaBase - Elements: Please select an item from left to start practice.
2025-09-08 12:47:49 [main] INFO  demoqaBase - Accessing Check Box...
Check Box
2025-09-08 12:47:50 [main] INFO  demoqaBase - You are accessing: Check Box
2025-09-08 12:47:50 [main] INFO  demoqaBase - Clicking on Home Toggle Button...
2025-09-08 12:47:50 [main] INFO  demoqaBase - Clicking Downloads Toggle Button...
2025-09-08 12:47:50 [main] INFO  demoqaLog - ✅ JS click executed on element: {}
2025-09-08 12:47:50 [main] INFO  demoqaBase - Clicked Downloads Toggle Button...
2025-09-08 12:47:50 [main] INFO  demoqaBase - Selecting Downloads | Word File Check Box...
2025-09-08 12:47:50 [main] INFO  demoqaLog - ✅ JS click executed on element: {}
2025-09-08 12:47:50 [main] INFO  demoqaBase - Selected Downloads | Word File Check Box...
2025-09-08 12:47:50 [main] INFO  demoqaBase - Selecting Downloads | Excel File Check Box...
2025-09-08 12:47:50 [main] INFO  demoqaLog - ✅ JS click executed on element: {}
2025-09-08 12:47:50 [main] INFO  demoqaBase - Selected Downloads | Excel File Check Box...
Information Submitted is: You have selected :
downloads
wordFile
excelFile
2025-09-08 12:47:50 [main] INFO  demoqaBase - You have Selected: You have selected :
downloads
wordFile
excelFile
2025-09-08 12:47:50 [main] INFO  demoqaBase - ✅ Test Elements|Home|Selecting Downloads|Word & Excel File Check Boxes Completed...
]]></system-out>
  </testcase>
  <testcase name="clickRadioButton" classname="tests.ElementsTests" time="0.501">
    <system-out><![CDATA[2025-09-08 12:47:50 [main] INFO  demoqaBase - Closing the Browser for test: SelectingAllFiles
2025-09-08 12:47:51 [main] INFO  DriverFactory - 🌐 Starting Chrome Web Browser...
2025-09-08 12:47:51 [main] INFO  DriverFactory - ✅ Created temporary Chrome profile at C:\Users\dell\AppData\Local\Temp\chrome-profile-9868695496619283169
2025-09-08 12:47:52 [main] INFO  DriverFactory - 🚀 WebDriver started successfully
2025-09-08 12:47:52 [main] INFO  RetryUrlAccess - Navigating to URL (attempt 1): https://demoqa.com
2025-09-08 12:48:08 [main] INFO  demoqaBase - 🚀 Starting test: clickRadioButton
2025-09-08 12:48:08 [main] INFO  demoqaBase - 🧪 Starting Test Elements|Radio Button Test...
Instance Variables Declared are: nullnull
2025-09-08 12:48:08 [main] INFO  demoqaBase - Accessing Elements Card...
2025-09-08 12:48:08 [main] INFO  demoqaLog - Clicking on Elements Card...
2025-09-08 12:48:08 [main] WARN  demoqaLog - ⚠️ JS click failed, falling back to native click. Reason: {}
2025-09-08 12:48:08 [main] INFO  demoqaLog - ✅ Native click succeeded on element: {}
2025-09-08 12:48:08 [main] INFO  demoqaLog - Clicked on Elements Card...
Title of this Page is: DEMOQA
You are Accessing: Elements
 
Elements: Please select an item from left to start practice.
2025-09-08 12:48:08 [main] INFO  demoqaBase - Elements: Please select an item from left to start practice.
2025-09-08 12:48:08 [main] INFO  demoqaBase - Clicking on Radio Button...
2025-09-08 12:48:09 [main] INFO  demoqaLog - ✅ JS click executed on element: {}
2025-09-08 12:48:09 [main] INFO  demoqaBase - Clicked on Radio Button...
2025-09-08 12:48:09 [main] INFO  demoqaBase - Validating Radio Button Click...
Page Title is: Radio Button
2025-09-08 12:48:09 [main] INFO  demoqaBase - ✅ Test Elements|Radio Button Completed...
]]></system-out>
  </testcase>
  <testcase name="SelectYesRadioButton" classname="tests.ElementsTests" time="0.607">
    <system-out><![CDATA[2025-09-08 12:48:09 [main] INFO  demoqaBase - Closing the Browser for test: clickRadioButton
2025-09-08 12:48:09 [main] INFO  DriverFactory - 🌐 Starting Chrome Web Browser...
2025-09-08 12:48:09 [main] INFO  DriverFactory - ✅ Created temporary Chrome profile at C:\Users\dell\AppData\Local\Temp\chrome-profile-3406863751267070028
2025-09-08 12:48:10 [main] INFO  DriverFactory - 🚀 WebDriver started successfully
2025-09-08 12:48:10 [main] INFO  RetryUrlAccess - Navigating to URL (attempt 1): https://demoqa.com
2025-09-08 12:48:26 [main] INFO  demoqaBase - 🚀 Starting test: SelectYesRadioButton
2025-09-08 12:48:26 [main] INFO  demoqaBase - 🧪 Starting Test Elements|Yes Radio Button Test...
Instance Variables Declared are: nullnull
2025-09-08 12:48:26 [main] INFO  demoqaBase - Accessing Elements Card...
2025-09-08 12:48:26 [main] INFO  demoqaLog - Clicking on Elements Card...
2025-09-08 12:48:26 [main] WARN  demoqaLog - ⚠️ JS click failed, falling back to native click. Reason: {}
2025-09-08 12:48:26 [main] INFO  demoqaLog - ✅ Native click succeeded on element: {}
2025-09-08 12:48:26 [main] INFO  demoqaLog - Clicked on Elements Card...
Title of this Page is: DEMOQA
You are Accessing: Elements
 
Elements: Please select an item from left to start practice.
2025-09-08 12:48:26 [main] INFO  demoqaBase - Elements: Please select an item from left to start practice.
2025-09-08 12:48:26 [main] INFO  demoqaBase - Clicking on Radio Button...
2025-09-08 12:48:26 [main] INFO  demoqaLog - ✅ JS click executed on element: {}
2025-09-08 12:48:26 [main] INFO  demoqaBase - Clicked on Radio Button...
2025-09-08 12:48:26 [main] INFO  demoqaBase - Selecting on Yes Radio Button...
Declared WebDriverWait: org.openqa.selenium.support.ui.WebDriverWait@2f92b5a1
2025-09-08 12:48:27 [main] INFO  demoqaLog - ✅ JS click executed on element: {}
2025-09-08 12:48:27 [main] INFO  demoqaBase - Your Selection of Radio Button Name is: Yes
2025-09-08 12:48:27 [main] INFO  demoqaBase - Validating Radio Selection Test Result...
2025-09-08 12:48:27 [main] INFO  demoqaBase - You have selected: Yes
2025-09-08 12:48:27 [main] INFO  demoqaBase - Test Case of Radio Button Selection PASSED...
2025-09-08 12:48:27 [main] INFO  demoqaBase - ✅ Test Elements|Yes Radio Button Completed...
]]></system-out>
  </testcase>
  <testcase name="SelectImpressiveRadioButton" classname="tests.ElementsTests" time="0.622">
    <system-out><![CDATA[2025-09-08 12:48:27 [main] INFO  demoqaBase - Closing the Browser for test: SelectYesRadioButton
2025-09-08 12:48:27 [main] INFO  DriverFactory - 🌐 Starting Chrome Web Browser...
2025-09-08 12:48:27 [main] INFO  DriverFactory - ✅ Created temporary Chrome profile at C:\Users\dell\AppData\Local\Temp\chrome-profile-13787466544653447202
2025-09-08 12:48:28 [main] INFO  DriverFactory - 🚀 WebDriver started successfully
2025-09-08 12:48:28 [main] INFO  RetryUrlAccess - Navigating to URL (attempt 1): https://demoqa.com
2025-09-08 12:48:33 [main] INFO  demoqaBase - 🚀 Starting test: SelectImpressiveRadioButton
2025-09-08 12:48:33 [main] INFO  demoqaBase - 🧪 Starting Test Elements|Yes Radio Button Test...
Instance Variables Declared are: nullnull
2025-09-08 12:48:33 [main] INFO  demoqaBase - Accessing Elements Card...
2025-09-08 12:48:33 [main] INFO  demoqaLog - Clicking on Elements Card...
2025-09-08 12:48:33 [main] WARN  demoqaLog - ⚠️ JS click failed, falling back to native click. Reason: {}
2025-09-08 12:48:33 [main] INFO  demoqaLog - ✅ Native click succeeded on element: {}
2025-09-08 12:48:33 [main] INFO  demoqaLog - Clicked on Elements Card...
Title of this Page is: DEMOQA
You are Accessing: Elements
 
Elements: Please select an item from left to start practice.
2025-09-08 12:48:33 [main] INFO  demoqaBase - Elements: Please select an item from left to start practice.
2025-09-08 12:48:33 [main] INFO  demoqaBase - Clicking on Radio Button...
2025-09-08 12:48:33 [main] INFO  demoqaLog - ✅ JS click executed on element: {}
2025-09-08 12:48:33 [main] INFO  demoqaBase - Clicked on Radio Button...
2025-09-08 12:48:33 [main] INFO  demoqaBase - Selecting on Impressive Radio Button...
2025-09-08 12:48:33 [main] INFO  demoqaLog - ✅ JS click executed on element: {}
2025-09-08 12:48:33 [main] INFO  demoqaBase - Your Selection of Radio Button Name is: Impressive
2025-09-08 12:48:33 [main] INFO  demoqaBase - Validating Radio Selection Test Result...
2025-09-08 12:48:33 [main] INFO  demoqaBase - You have selected: Impressive
2025-09-08 12:48:33 [main] INFO  demoqaBase - Test Case of Radio Button Selection PASSED...
2025-09-08 12:48:33 [main] INFO  demoqaBase - ✅ Test Elements|Radio Button|Impressive Completed...
]]></system-out>
  </testcase>
  <testcase name="WebTablesClick" classname="tests.ElementsTests" time="0.441">
    <system-out><![CDATA[2025-09-08 12:48:33 [main] INFO  demoqaBase - Closing the Browser for test: SelectImpressiveRadioButton
2025-09-08 12:48:34 [main] INFO  DriverFactory - 🌐 Starting Chrome Web Browser...
2025-09-08 12:48:34 [main] INFO  DriverFactory - ✅ Created temporary Chrome profile at C:\Users\dell\AppData\Local\Temp\chrome-profile-2616305501632429362
2025-09-08 12:48:35 [main] INFO  DriverFactory - 🚀 WebDriver started successfully
2025-09-08 12:48:35 [main] INFO  RetryUrlAccess - Navigating to URL (attempt 1): https://demoqa.com
2025-09-08 12:48:42 [main] INFO  demoqaBase - 🚀 Starting test: WebTablesClick
2025-09-08 12:48:42 [main] INFO  demoqaBase - 🧪 Starting Test Elements|Web Tables Test...
Instance Variables Declared are: nullnull
2025-09-08 12:48:42 [main] INFO  demoqaBase - Accessing Elements Card...
2025-09-08 12:48:42 [main] INFO  demoqaLog - Clicking on Elements Card...
2025-09-08 12:48:42 [main] WARN  demoqaLog - ⚠️ JS click failed, falling back to native click. Reason: {}
2025-09-08 12:48:42 [main] INFO  demoqaLog - ✅ Native click succeeded on element: {}
2025-09-08 12:48:42 [main] INFO  demoqaLog - Clicked on Elements Card...
Title of this Page is: DEMOQA
You are Accessing: Elements
 
Elements: Please select an item from left to start practice.
2025-09-08 12:48:42 [main] INFO  demoqaBase - Elements: Please select an item from left to start practice.
2025-09-08 12:48:42 [main] INFO  demoqaBase - Click on Elements|Web Tables...
2025-09-08 12:48:42 [main] INFO  demoqaBase - ✅ Test Elements|Web Tables Completed...
]]></system-out>
  </testcase>
  <testcase name="webTableNewRegistration[WebTableUser{firstName=&apos;Johny&apos;, lastName=&apos;Bravo&apos;, email=&apos;Jbravo@demoqa.com&apos;, salary=280000, age=340, department=&apos;Information Technology&apos;}](1)" classname="tests.ElementsTests" time="2.121">
    <system-out><![CDATA[2025-09-08 12:48:42 [main] INFO  demoqaBase - Closing the Browser for test: WebTablesClick
🧾 Row 1: {Salary=28000.0, Email=Jbravo@demoqa.com, Address=511 Grant 481, Prattsville\n Arkansas 72129\n United States, First Name=Johny, Gender=Male, City=Delhi, Mobile=9.238343488E9, Hobbies=Sports,Music, Subject=Computer Science, Current Address=301 Town 481, Brookville\n kansas 42129\n United States, Department=Information Technology, DOB=15/08/2000, Picture=/TestData/Mphoto.jpg, State=NCR, Last Name=Bravo, Age=34.0}
🔍 Mapping field: firstName | Excel Column: First Name | Value: Johny
🔍 Mapping field: lastName | Excel Column: Last Name | Value: Bravo
🔍 Mapping field: email | Excel Column: Email | Value: Jbravo@demoqa.com
🔍 Mapping field: salary | Excel Column: Salary | Value: 28000.0
🔍 Mapping field: age | Excel Column: Age | Value: 34.0
🔍 Mapping field: department | Excel Column: Department | Value: Information Technology
🧾 Row 2: {Salary=18000.0, Email=GFemina@demoqa.com, Address=512 Grant 481, Prattsville\n Arkansas 72129\n United States, First Name=Gene, Gender=Female, City=Merrut, Mobile=1.888343432E9, Hobbies=Music,Reading, Subject=Accounting, Current Address=302 Town 481, Brookville\n kansas 42129\n United States, Department=Finance, DOB=22/05/2002, Picture=/TestData/Fphoto.png, State=Uttar Pradesh, Last Name=Femina, Age=30.0}
🔍 Mapping field: firstName | Excel Column: First Name | Value: Gene
🔍 Mapping field: lastName | Excel Column: Last Name | Value: Femina
🔍 Mapping field: email | Excel Column: Email | Value: GFemina@demoqa.com
🔍 Mapping field: salary | Excel Column: Salary | Value: 18000.0
🔍 Mapping field: age | Excel Column: Age | Value: 30.0
🔍 Mapping field: department | Excel Column: Department | Value: Finance
🧾 Row 3: {Salary=15000.0, Email=BWisem@demoqa.com, Address=513 Grant 481, Prattsville\n Arkansas 72129\n United States, First Name=Bud, Gender=Other, City=Panipat, Mobile=8.932465432E9, Hobbies=Reading, Subject=Biology, Current Address=303 Town 481, Brookville\n kansas 42129\n United States, Department=Medicine, DOB=31/12/1999, Picture=/TestData/Ophoto.jpg, State=Haryana, Last Name=Wisem, Age=40.0}
🔍 Mapping field: firstName | Excel Column: First Name | Value: Bud
🔍 Mapping field: lastName | Excel Column: Last Name | Value: Wisem
🔍 Mapping field: email | Excel Column: Email | Value: BWisem@demoqa.com
🔍 Mapping field: salary | Excel Column: Salary | Value: 15000.0
🔍 Mapping field: age | Excel Column: Age | Value: 40.0
🔍 Mapping field: department | Excel Column: Department | Value: Medicine
🧾 Row 4: {Salary=19000.0, Email=TBoss@demoqa.com, Address=514 Grant 481, Prattsville\n Arkansas 72129\n United States, First Name=Tom, Gender=Male, City=Jaiselmer, Mobile=7.839875281E9, Hobbies=Sports,Reading, Subject=Social Studies, Current Address=304 Town 481, Brookville\n kansas 42129\n United States, Department=Recreation, DOB=1/26/03, Picture=/TestData/M2photo.jpg, State=Rajasthan, Last Name=Boss, Age=42.0}
🔍 Mapping field: firstName | Excel Column: First Name | Value: Tom
🔍 Mapping field: lastName | Excel Column: Last Name | Value: Boss
🔍 Mapping field: email | Excel Column: Email | Value: TBoss@demoqa.com
🔍 Mapping field: salary | Excel Column: Salary | Value: 19000.0
🔍 Mapping field: age | Excel Column: Age | Value: 42.0
🔍 Mapping field: department | Excel Column: Department | Value: Recreation
2025-09-08 12:48:43 [main] INFO  DriverFactory - 🌐 Starting Chrome Web Browser...
2025-09-08 12:48:43 [main] INFO  DriverFactory - ✅ Created temporary Chrome profile at C:\Users\dell\AppData\Local\Temp\chrome-profile-13194011017952783756
2025-09-08 12:48:45 [main] INFO  DriverFactory - 🚀 WebDriver started successfully
2025-09-08 12:48:45 [main] INFO  RetryUrlAccess - Navigating to URL (attempt 1): https://demoqa.com
2025-09-08 12:48:51 [main] INFO  demoqaBase - 🚀 Starting test: webTableNewRegistration
2025-09-08 12:48:51 [main] INFO  demoqaBase - 🧪 Starting Test Elements|Web Tables|Registration Form Create User...
Instance Variables Declared are: nullnull
2025-09-08 12:48:51 [main] INFO  demoqaBase - Accessing Elements Card...
2025-09-08 12:48:51 [main] INFO  demoqaLog - Clicking on Elements Card...
2025-09-08 12:48:51 [main] WARN  demoqaLog - ⚠️ JS click failed, falling back to native click. Reason: {}
2025-09-08 12:48:51 [main] INFO  demoqaLog - ✅ Native click succeeded on element: {}
2025-09-08 12:48:51 [main] INFO  demoqaLog - Clicked on Elements Card...
Title of this Page is: DEMOQA
You are Accessing: Elements
 
Elements: Please select an item from left to start practice.
2025-09-08 12:48:51 [main] INFO  demoqaBase - Elements: Please select an item from left to start practice.
2025-09-08 12:48:51 [main] INFO  demoqaBase - Click on Elements|Web Tables...
2025-09-08 12:48:52 [main] INFO  demoqaBase - Click on Elements|Web Tables|Registration Form...
2025-09-08 12:48:52 [main] INFO  demoqaLog - ✅ JS click executed on element: {}
2025-09-08 12:48:52 [main] ERROR demoqaBase - Registering User: Johny
2025-09-08 12:48:52 [main] INFO  demoqaBase - Click on Elements|Web Tables|Registration Form|FirstName...
2025-09-08 12:48:52 [main] INFO  demoqaBase - First Name entered is: Johny
2025-09-08 12:48:52 [main] INFO  demoqaBase - Click on Elements|Web Tables|Registration Form|LastName...
Last Name is: Bravo
2025-09-08 12:48:52 [main] INFO  demoqaBase - Last Name entered is: Bravo
2025-09-08 12:48:52 [main] INFO  demoqaBase - Click on Elements|Web Tables|Registration Form|Email...
Email ID is: Jbravo@demoqa.com
2025-09-08 12:48:53 [main] INFO  demoqaBase - Email entered is: Jbravo@demoqa.com
2025-09-08 12:48:53 [main] INFO  demoqaBase - Click on Elements|Web Tables|Registration Form|Age...
2025-09-08 12:48:53 [main] INFO  demoqaBase - Age entered is: 34
2025-09-08 12:48:53 [main] INFO  demoqaBase - Click on Elements|Web Tables|Registration Form|Salary...
2025-09-08 12:48:53 [main] INFO  demoqaBase - Salary entered is: 280000
2025-09-08 12:48:53 [main] INFO  demoqaBase - Click on Elements|Web Tables|Registration Form|Department...
2025-09-08 12:48:53 [main] INFO  demoqaBase - Department entered is: Information Technology
2025-09-08 12:48:53 [main] INFO  demoqaBase - Submitting Registration Form...
2025-09-08 12:48:53 [main] INFO  demoqaBase - Registration Form Submitted...
2025-09-08 12:48:53 [main] ERROR demoqaBase - Submitted to register user: Johny
2025-09-08 12:48:53 [main] INFO  demoqaBase - ✅ Test Elements|Web Tables|Registration Form Create User Completed...
]]></system-out>
  </testcase>
  <testcase name="webTableNewRegistration[WebTableUser{firstName=&apos;Gene&apos;, lastName=&apos;Femina&apos;, email=&apos;GFemina@demoqa.com&apos;, salary=180000, age=300, department=&apos;Finance&apos;}](2)" classname="tests.ElementsTests" time="2.06">
    <system-out><![CDATA[2025-09-08 12:48:53 [main] INFO  demoqaBase - Closing the Browser for test: webTableNewRegistration
2025-09-08 12:48:54 [main] INFO  DriverFactory - 🌐 Starting Chrome Web Browser...
2025-09-08 12:48:54 [main] INFO  DriverFactory - ✅ Created temporary Chrome profile at C:\Users\dell\AppData\Local\Temp\chrome-profile-13592563985169005222
2025-09-08 12:48:55 [main] INFO  DriverFactory - 🚀 WebDriver started successfully
2025-09-08 12:48:55 [main] INFO  RetryUrlAccess - Navigating to URL (attempt 1): https://demoqa.com
2025-09-08 12:49:12 [main] INFO  demoqaBase - 🚀 Starting test: webTableNewRegistration
2025-09-08 12:49:12 [main] INFO  demoqaBase - 🧪 Starting Test Elements|Web Tables|Registration Form Create User...
Instance Variables Declared are: nullnull
2025-09-08 12:49:12 [main] INFO  demoqaBase - Accessing Elements Card...
2025-09-08 12:49:12 [main] INFO  demoqaLog - Clicking on Elements Card...
2025-09-08 12:49:12 [main] WARN  demoqaLog - ⚠️ JS click failed, falling back to native click. Reason: {}
2025-09-08 12:49:12 [main] INFO  demoqaLog - ✅ Native click succeeded on element: {}
2025-09-08 12:49:12 [main] INFO  demoqaLog - Clicked on Elements Card...
Title of this Page is: DEMOQA
You are Accessing: Elements
 
Elements: Please select an item from left to start practice.
2025-09-08 12:49:12 [main] INFO  demoqaBase - Elements: Please select an item from left to start practice.
2025-09-08 12:49:12 [main] INFO  demoqaBase - Click on Elements|Web Tables...
2025-09-08 12:49:12 [main] INFO  demoqaBase - Click on Elements|Web Tables|Registration Form...
2025-09-08 12:49:13 [main] INFO  demoqaLog - ✅ JS click executed on element: {}
2025-09-08 12:49:13 [main] ERROR demoqaBase - Registering User: Gene
2025-09-08 12:49:13 [main] INFO  demoqaBase - Click on Elements|Web Tables|Registration Form|FirstName...
2025-09-08 12:49:13 [main] INFO  demoqaBase - First Name entered is: Gene
2025-09-08 12:49:13 [main] INFO  demoqaBase - Click on Elements|Web Tables|Registration Form|LastName...
Last Name is: Femina
2025-09-08 12:49:13 [main] INFO  demoqaBase - Last Name entered is: Femina
2025-09-08 12:49:13 [main] INFO  demoqaBase - Click on Elements|Web Tables|Registration Form|Email...
Email ID is: GFemina@demoqa.com
2025-09-08 12:49:13 [main] INFO  demoqaBase - Email entered is: GFemina@demoqa.com
2025-09-08 12:49:13 [main] INFO  demoqaBase - Click on Elements|Web Tables|Registration Form|Age...
2025-09-08 12:49:14 [main] INFO  demoqaBase - Age entered is: 30
2025-09-08 12:49:14 [main] INFO  demoqaBase - Click on Elements|Web Tables|Registration Form|Salary...
2025-09-08 12:49:14 [main] INFO  demoqaBase - Salary entered is: 180000
2025-09-08 12:49:14 [main] INFO  demoqaBase - Click on Elements|Web Tables|Registration Form|Department...
2025-09-08 12:49:14 [main] INFO  demoqaBase - Department entered is: Finance
2025-09-08 12:49:14 [main] INFO  demoqaBase - Submitting Registration Form...
2025-09-08 12:49:14 [main] INFO  demoqaBase - Registration Form Submitted...
2025-09-08 12:49:14 [main] ERROR demoqaBase - Submitted to register user: Gene
2025-09-08 12:49:14 [main] INFO  demoqaBase - ✅ Test Elements|Web Tables|Registration Form Create User Completed...
]]></system-out>
  </testcase>
  <testcase name="webTableNewRegistration[WebTableUser{firstName=&apos;Bud&apos;, lastName=&apos;Wisem&apos;, email=&apos;BWisem@demoqa.com&apos;, salary=150000, age=400, department=&apos;Medicine&apos;}](3)" classname="tests.ElementsTests" time="2.537">
    <system-out><![CDATA[2025-09-08 12:49:14 [main] INFO  demoqaBase - Closing the Browser for test: webTableNewRegistration
2025-09-08 12:49:14 [main] INFO  DriverFactory - 🌐 Starting Chrome Web Browser...
2025-09-08 12:49:14 [main] INFO  DriverFactory - ✅ Created temporary Chrome profile at C:\Users\dell\AppData\Local\Temp\chrome-profile-2644163466775177781
2025-09-08 12:49:15 [main] INFO  DriverFactory - 🚀 WebDriver started successfully
2025-09-08 12:49:15 [main] INFO  RetryUrlAccess - Navigating to URL (attempt 1): https://demoqa.com
2025-09-08 12:49:52 [main] INFO  demoqaBase - 🚀 Starting test: webTableNewRegistration
2025-09-08 12:49:52 [main] INFO  demoqaBase - 🧪 Starting Test Elements|Web Tables|Registration Form Create User...
Instance Variables Declared are: nullnull
2025-09-08 12:49:52 [main] INFO  demoqaBase - Accessing Elements Card...
2025-09-08 12:49:52 [main] INFO  demoqaLog - Clicking on Elements Card...
2025-09-08 12:49:52 [main] WARN  demoqaLog - ⚠️ JS click failed, falling back to native click. Reason: {}
2025-09-08 12:49:52 [main] INFO  demoqaLog - ✅ Native click succeeded on element: {}
2025-09-08 12:49:52 [main] INFO  demoqaLog - Clicked on Elements Card...
Title of this Page is: DEMOQA
You are Accessing: Elements
 
Elements: Please select an item from left to start practice.
2025-09-08 12:49:52 [main] INFO  demoqaBase - Elements: Please select an item from left to start practice.
2025-09-08 12:49:52 [main] INFO  demoqaBase - Click on Elements|Web Tables...
2025-09-08 12:49:52 [main] INFO  demoqaBase - Click on Elements|Web Tables|Registration Form...
2025-09-08 12:49:52 [main] INFO  demoqaLog - ✅ JS click executed on element: {}
2025-09-08 12:49:52 [main] ERROR demoqaBase - Registering User: Bud
2025-09-08 12:49:52 [main] INFO  demoqaBase - Click on Elements|Web Tables|Registration Form|FirstName...
2025-09-08 12:49:53 [main] INFO  demoqaBase - First Name entered is: Bud
2025-09-08 12:49:53 [main] INFO  demoqaBase - Click on Elements|Web Tables|Registration Form|LastName...
Last Name is: Wisem
2025-09-08 12:49:53 [main] INFO  demoqaBase - Last Name entered is: Wisem
2025-09-08 12:49:53 [main] INFO  demoqaBase - Click on Elements|Web Tables|Registration Form|Email...
Email ID is: BWisem@demoqa.com
2025-09-08 12:49:53 [main] INFO  demoqaBase - Email entered is: BWisem@demoqa.com
2025-09-08 12:49:53 [main] INFO  demoqaBase - Click on Elements|Web Tables|Registration Form|Age...
2025-09-08 12:49:53 [main] INFO  demoqaBase - Age entered is: 40
2025-09-08 12:49:53 [main] INFO  demoqaBase - Click on Elements|Web Tables|Registration Form|Salary...
2025-09-08 12:49:54 [main] INFO  demoqaBase - Salary entered is: 150000
2025-09-08 12:49:54 [main] INFO  demoqaBase - Click on Elements|Web Tables|Registration Form|Department...
2025-09-08 12:49:54 [main] INFO  demoqaBase - Department entered is: Medicine
2025-09-08 12:49:54 [main] INFO  demoqaBase - Submitting Registration Form...
2025-09-08 12:49:54 [main] INFO  demoqaBase - Registration Form Submitted...
2025-09-08 12:49:54 [main] ERROR demoqaBase - Submitted to register user: Bud
2025-09-08 12:49:54 [main] INFO  demoqaBase - ✅ Test Elements|Web Tables|Registration Form Create User Completed...
]]></system-out>
  </testcase>
  <testcase name="webTableNewRegistration[WebTableUser{firstName=&apos;Tom&apos;, lastName=&apos;Boss&apos;, email=&apos;TBoss@demoqa.com&apos;, salary=190000, age=420, department=&apos;Recreation&apos;}](4)" classname="tests.ElementsTests" time="2.167">
    <system-out><![CDATA[2025-09-08 12:49:54 [main] INFO  demoqaBase - Closing the Browser for test: webTableNewRegistration
2025-09-08 12:49:55 [main] INFO  DriverFactory - 🌐 Starting Chrome Web Browser...
2025-09-08 12:49:55 [main] INFO  DriverFactory - ✅ Created temporary Chrome profile at C:\Users\dell\AppData\Local\Temp\chrome-profile-15997518798955440790
2025-09-08 12:49:56 [main] INFO  DriverFactory - 🚀 WebDriver started successfully
2025-09-08 12:49:56 [main] INFO  RetryUrlAccess - Navigating to URL (attempt 1): https://demoqa.com
2025-09-08 12:50:00 [main] INFO  demoqaBase - 🚀 Starting test: webTableNewRegistration
2025-09-08 12:50:00 [main] INFO  demoqaBase - 🧪 Starting Test Elements|Web Tables|Registration Form Create User...
Instance Variables Declared are: nullnull
2025-09-08 12:50:00 [main] INFO  demoqaBase - Accessing Elements Card...
2025-09-08 12:50:00 [main] INFO  demoqaLog - Clicking on Elements Card...
2025-09-08 12:50:00 [main] WARN  demoqaLog - ⚠️ JS click failed, falling back to native click. Reason: {}
2025-09-08 12:50:01 [main] INFO  demoqaLog - ✅ Native click succeeded on element: {}
2025-09-08 12:50:01 [main] INFO  demoqaLog - Clicked on Elements Card...
Title of this Page is: DEMOQA
You are Accessing: Elements
 
Elements: Please select an item from left to start practice.
2025-09-08 12:50:01 [main] INFO  demoqaBase - Elements: Please select an item from left to start practice.
2025-09-08 12:50:01 [main] INFO  demoqaBase - Click on Elements|Web Tables...
2025-09-08 12:50:01 [main] INFO  demoqaBase - Click on Elements|Web Tables|Registration Form...
2025-09-08 12:50:01 [main] INFO  demoqaLog - ✅ JS click executed on element: {}
2025-09-08 12:50:01 [main] ERROR demoqaBase - Registering User: Tom
2025-09-08 12:50:01 [main] INFO  demoqaBase - Click on Elements|Web Tables|Registration Form|FirstName...
2025-09-08 12:50:01 [main] INFO  demoqaBase - First Name entered is: Tom
2025-09-08 12:50:01 [main] INFO  demoqaBase - Click on Elements|Web Tables|Registration Form|LastName...
Last Name is: Boss
2025-09-08 12:50:02 [main] INFO  demoqaBase - Last Name entered is: Boss
2025-09-08 12:50:02 [main] INFO  demoqaBase - Click on Elements|Web Tables|Registration Form|Email...
Email ID is: TBoss@demoqa.com
2025-09-08 12:50:02 [main] INFO  demoqaBase - Email entered is: TBoss@demoqa.com
2025-09-08 12:50:02 [main] INFO  demoqaBase - Click on Elements|Web Tables|Registration Form|Age...
2025-09-08 12:50:02 [main] INFO  demoqaBase - Age entered is: 42
2025-09-08 12:50:02 [main] INFO  demoqaBase - Click on Elements|Web Tables|Registration Form|Salary...
2025-09-08 12:50:02 [main] INFO  demoqaBase - Salary entered is: 190000
2025-09-08 12:50:02 [main] INFO  demoqaBase - Click on Elements|Web Tables|Registration Form|Department...
2025-09-08 12:50:02 [main] INFO  demoqaBase - Department entered is: Recreation
2025-09-08 12:50:02 [main] INFO  demoqaBase - Submitting Registration Form...
2025-09-08 12:50:02 [main] INFO  demoqaBase - Registration Form Submitted...
2025-09-08 12:50:02 [main] ERROR demoqaBase - Submitted to register user: Tom
2025-09-08 12:50:02 [main] INFO  demoqaBase - ✅ Test Elements|Web Tables|Registration Form Create User Completed...
]]></system-out>
  </testcase>
  <testcase name="webTableAddSearch[WebTableUser{firstName=&apos;Johny&apos;, lastName=&apos;Bravo&apos;, email=&apos;Jbravo@demoqa.com&apos;, salary=280000, age=340, department=&apos;Information Technology&apos;}](1)" classname="tests.ElementsTests" time="2.689">
    <system-out><![CDATA[2025-09-08 12:50:02 [main] INFO  demoqaBase - Closing the Browser for test: webTableNewRegistration
🧾 Row 1: {Salary=28000.0, Email=Jbravo@demoqa.com, Address=511 Grant 481, Prattsville\n Arkansas 72129\n United States, First Name=Johny, Gender=Male, City=Delhi, Mobile=9.238343488E9, Hobbies=Sports,Music, Subject=Computer Science, Current Address=301 Town 481, Brookville\n kansas 42129\n United States, Department=Information Technology, DOB=15/08/2000, Picture=/TestData/Mphoto.jpg, State=NCR, Last Name=Bravo, Age=34.0}
🔍 Mapping field: firstName | Excel Column: First Name | Value: Johny
🔍 Mapping field: lastName | Excel Column: Last Name | Value: Bravo
🔍 Mapping field: email | Excel Column: Email | Value: Jbravo@demoqa.com
🔍 Mapping field: salary | Excel Column: Salary | Value: 28000.0
🔍 Mapping field: age | Excel Column: Age | Value: 34.0
🔍 Mapping field: department | Excel Column: Department | Value: Information Technology
🧾 Row 2: {Salary=18000.0, Email=GFemina@demoqa.com, Address=512 Grant 481, Prattsville\n Arkansas 72129\n United States, First Name=Gene, Gender=Female, City=Merrut, Mobile=1.888343432E9, Hobbies=Music,Reading, Subject=Accounting, Current Address=302 Town 481, Brookville\n kansas 42129\n United States, Department=Finance, DOB=22/05/2002, Picture=/TestData/Fphoto.png, State=Uttar Pradesh, Last Name=Femina, Age=30.0}
🔍 Mapping field: firstName | Excel Column: First Name | Value: Gene
🔍 Mapping field: lastName | Excel Column: Last Name | Value: Femina
🔍 Mapping field: email | Excel Column: Email | Value: GFemina@demoqa.com
🔍 Mapping field: salary | Excel Column: Salary | Value: 18000.0
🔍 Mapping field: age | Excel Column: Age | Value: 30.0
🔍 Mapping field: department | Excel Column: Department | Value: Finance
🧾 Row 3: {Salary=15000.0, Email=BWisem@demoqa.com, Address=513 Grant 481, Prattsville\n Arkansas 72129\n United States, First Name=Bud, Gender=Other, City=Panipat, Mobile=8.932465432E9, Hobbies=Reading, Subject=Biology, Current Address=303 Town 481, Brookville\n kansas 42129\n United States, Department=Medicine, DOB=31/12/1999, Picture=/TestData/Ophoto.jpg, State=Haryana, Last Name=Wisem, Age=40.0}
🔍 Mapping field: firstName | Excel Column: First Name | Value: Bud
🔍 Mapping field: lastName | Excel Column: Last Name | Value: Wisem
🔍 Mapping field: email | Excel Column: Email | Value: BWisem@demoqa.com
🔍 Mapping field: salary | Excel Column: Salary | Value: 15000.0
🔍 Mapping field: age | Excel Column: Age | Value: 40.0
🔍 Mapping field: department | Excel Column: Department | Value: Medicine
🧾 Row 4: {Salary=19000.0, Email=TBoss@demoqa.com, Address=514 Grant 481, Prattsville\n Arkansas 72129\n United States, First Name=Tom, Gender=Male, City=Jaiselmer, Mobile=7.839875281E9, Hobbies=Sports,Reading, Subject=Social Studies, Current Address=304 Town 481, Brookville\n kansas 42129\n United States, Department=Recreation, DOB=1/26/03, Picture=/TestData/M2photo.jpg, State=Rajasthan, Last Name=Boss, Age=42.0}
🔍 Mapping field: firstName | Excel Column: First Name | Value: Tom
🔍 Mapping field: lastName | Excel Column: Last Name | Value: Boss
🔍 Mapping field: email | Excel Column: Email | Value: TBoss@demoqa.com
🔍 Mapping field: salary | Excel Column: Salary | Value: 19000.0
🔍 Mapping field: age | Excel Column: Age | Value: 42.0
🔍 Mapping field: department | Excel Column: Department | Value: Recreation
2025-09-08 12:50:03 [main] INFO  DriverFactory - 🌐 Starting Chrome Web Browser...
2025-09-08 12:50:03 [main] INFO  DriverFactory - ✅ Created temporary Chrome profile at C:\Users\dell\AppData\Local\Temp\chrome-profile-11203885344603855014
2025-09-08 12:50:04 [main] INFO  DriverFactory - 🚀 WebDriver started successfully
2025-09-08 12:50:04 [main] INFO  RetryUrlAccess - Navigating to URL (attempt 1): https://demoqa.com
2025-09-08 12:50:28 [main] INFO  demoqaBase - 🚀 Starting test: webTableAddSearch
2025-09-08 12:50:28 [main] INFO  demoqaBase - 🧪 Starting Test Registration Form Add & Search...
Instance Variables Declared are: nullnull
2025-09-08 12:50:28 [main] INFO  demoqaBase - Accessing Elements Card...
2025-09-08 12:50:28 [main] INFO  demoqaLog - Clicking on Elements Card...
2025-09-08 12:50:28 [main] WARN  demoqaLog - ⚠️ JS click failed, falling back to native click. Reason: {}
2025-09-08 12:50:28 [main] INFO  demoqaLog - ✅ Native click succeeded on element: {}
2025-09-08 12:50:28 [main] INFO  demoqaLog - Clicked on Elements Card...
Title of this Page is: DEMOQA
You are Accessing: Elements
 
Elements: Please select an item from left to start practice.
2025-09-08 12:50:28 [main] INFO  demoqaBase - Elements: Please select an item from left to start practice.
2025-09-08 12:50:28 [main] INFO  demoqaBase - Click on Elements|Web Tables...
2025-09-08 12:50:28 [main] INFO  demoqaBase - Click on Elements|Web Tables|Registration Form...
2025-09-08 12:50:29 [main] INFO  demoqaLog - ✅ JS click executed on element: {}
2025-09-08 12:50:29 [main] ERROR demoqaBase - Registering User: Johny
2025-09-08 12:50:29 [main] INFO  demoqaBase - Click on Elements|Web Tables|Registration Form|FirstName...
2025-09-08 12:50:29 [main] INFO  demoqaBase - First Name entered is: Johny
2025-09-08 12:50:29 [main] INFO  demoqaBase - Click on Elements|Web Tables|Registration Form|LastName...
Last Name is: Bravo
2025-09-08 12:50:29 [main] INFO  demoqaBase - Last Name entered is: Bravo
2025-09-08 12:50:29 [main] INFO  demoqaBase - Click on Elements|Web Tables|Registration Form|Email...
Email ID is: Jbravo@demoqa.com
2025-09-08 12:50:30 [main] INFO  demoqaBase - Email entered is: Jbravo@demoqa.com
2025-09-08 12:50:30 [main] INFO  demoqaBase - Click on Elements|Web Tables|Registration Form|Age...
2025-09-08 12:50:30 [main] INFO  demoqaBase - Age entered is: 34
2025-09-08 12:50:30 [main] INFO  demoqaBase - Click on Elements|Web Tables|Registration Form|Salary...
2025-09-08 12:50:30 [main] INFO  demoqaBase - Salary entered is: 280000
2025-09-08 12:50:30 [main] INFO  demoqaBase - Click on Elements|Web Tables|Registration Form|Department...
2025-09-08 12:50:30 [main] INFO  demoqaBase - Department entered is: Information Technology
2025-09-08 12:50:30 [main] INFO  demoqaBase - Submitting Registration Form...
2025-09-08 12:50:30 [main] INFO  demoqaBase - Registration Form Submitted...
2025-09-08 12:50:30 [main] ERROR demoqaBase - Submitted to register user: Johny
2025-09-08 12:50:30 [main] INFO  demoqaBase - Searching by First Name...
2025-09-08 12:50:31 [main] INFO  demoqaBase - ✅ Test for Registration Form Add & Search Completed...
]]></system-out>
  </testcase>
  <testcase name="webTableAddEditFirstName[WebTableUser{firstName=&apos;Tonny&apos;, lastName=&apos;Bravo&apos;, email=&apos;Jbravo@demoqa.com&apos;, salary=280000, age=340, department=&apos;Information Technology&apos;}](1)" classname="tests.ElementsTests" time="3.638">
    <system-out><![CDATA[2025-09-08 12:50:31 [main] INFO  demoqaBase - Closing the Browser for test: webTableAddSearch
🧾 Row 1: {Salary=28000.0, Email=Jbravo@demoqa.com, Address=511 Grant 481, Prattsville\n Arkansas 72129\n United States, First Name=Johny, Gender=Male, City=Delhi, Mobile=9.238343488E9, Hobbies=Sports,Music, Subject=Computer Science, Current Address=301 Town 481, Brookville\n kansas 42129\n United States, Department=Information Technology, DOB=15/08/2000, Picture=/TestData/Mphoto.jpg, State=NCR, Last Name=Bravo, Age=34.0}
🔍 Mapping field: firstName | Excel Column: First Name | Value: Johny
🔍 Mapping field: lastName | Excel Column: Last Name | Value: Bravo
🔍 Mapping field: email | Excel Column: Email | Value: Jbravo@demoqa.com
🔍 Mapping field: salary | Excel Column: Salary | Value: 28000.0
🔍 Mapping field: age | Excel Column: Age | Value: 34.0
🔍 Mapping field: department | Excel Column: Department | Value: Information Technology
🧾 Row 2: {Salary=18000.0, Email=GFemina@demoqa.com, Address=512 Grant 481, Prattsville\n Arkansas 72129\n United States, First Name=Gene, Gender=Female, City=Merrut, Mobile=1.888343432E9, Hobbies=Music,Reading, Subject=Accounting, Current Address=302 Town 481, Brookville\n kansas 42129\n United States, Department=Finance, DOB=22/05/2002, Picture=/TestData/Fphoto.png, State=Uttar Pradesh, Last Name=Femina, Age=30.0}
🔍 Mapping field: firstName | Excel Column: First Name | Value: Gene
🔍 Mapping field: lastName | Excel Column: Last Name | Value: Femina
🔍 Mapping field: email | Excel Column: Email | Value: GFemina@demoqa.com
🔍 Mapping field: salary | Excel Column: Salary | Value: 18000.0
🔍 Mapping field: age | Excel Column: Age | Value: 30.0
🔍 Mapping field: department | Excel Column: Department | Value: Finance
🧾 Row 3: {Salary=15000.0, Email=BWisem@demoqa.com, Address=513 Grant 481, Prattsville\n Arkansas 72129\n United States, First Name=Bud, Gender=Other, City=Panipat, Mobile=8.932465432E9, Hobbies=Reading, Subject=Biology, Current Address=303 Town 481, Brookville\n kansas 42129\n United States, Department=Medicine, DOB=31/12/1999, Picture=/TestData/Ophoto.jpg, State=Haryana, Last Name=Wisem, Age=40.0}
🔍 Mapping field: firstName | Excel Column: First Name | Value: Bud
🔍 Mapping field: lastName | Excel Column: Last Name | Value: Wisem
🔍 Mapping field: email | Excel Column: Email | Value: BWisem@demoqa.com
🔍 Mapping field: salary | Excel Column: Salary | Value: 15000.0
🔍 Mapping field: age | Excel Column: Age | Value: 40.0
🔍 Mapping field: department | Excel Column: Department | Value: Medicine
🧾 Row 4: {Salary=19000.0, Email=TBoss@demoqa.com, Address=514 Grant 481, Prattsville\n Arkansas 72129\n United States, First Name=Tom, Gender=Male, City=Jaiselmer, Mobile=7.839875281E9, Hobbies=Sports,Reading, Subject=Social Studies, Current Address=304 Town 481, Brookville\n kansas 42129\n United States, Department=Recreation, DOB=1/26/03, Picture=/TestData/M2photo.jpg, State=Rajasthan, Last Name=Boss, Age=42.0}
🔍 Mapping field: firstName | Excel Column: First Name | Value: Tom
🔍 Mapping field: lastName | Excel Column: Last Name | Value: Boss
🔍 Mapping field: email | Excel Column: Email | Value: TBoss@demoqa.com
🔍 Mapping field: salary | Excel Column: Salary | Value: 19000.0
🔍 Mapping field: age | Excel Column: Age | Value: 42.0
🔍 Mapping field: department | Excel Column: Department | Value: Recreation
2025-09-08 12:50:31 [main] INFO  DriverFactory - 🌐 Starting Chrome Web Browser...
2025-09-08 12:50:31 [main] INFO  DriverFactory - ✅ Created temporary Chrome profile at C:\Users\dell\AppData\Local\Temp\chrome-profile-11422685612327232826
2025-09-08 12:50:32 [main] INFO  DriverFactory - 🚀 WebDriver started successfully
2025-09-08 12:50:32 [main] INFO  RetryUrlAccess - Navigating to URL (attempt 1): https://demoqa.com
2025-09-08 12:50:40 [main] INFO  demoqaBase - 🚀 Starting test: webTableAddEditFirstName
2025-09-08 12:50:40 [main] INFO  demoqaBase - 🧪 Starting Test Registration Form Modify First Name...
Instance Variables Declared are: nullnull
2025-09-08 12:50:40 [main] INFO  demoqaBase - Accessing Elements Card...
2025-09-08 12:50:40 [main] INFO  demoqaLog - Clicking on Elements Card...
2025-09-08 12:50:40 [main] WARN  demoqaLog - ⚠️ JS click failed, falling back to native click. Reason: {}
2025-09-08 12:50:40 [main] INFO  demoqaLog - ✅ Native click succeeded on element: {}
2025-09-08 12:50:40 [main] INFO  demoqaLog - Clicked on Elements Card...
Title of this Page is: DEMOQA
You are Accessing: Elements
 
Elements: Please select an item from left to start practice.
2025-09-08 12:50:40 [main] INFO  demoqaBase - Elements: Please select an item from left to start practice.
2025-09-08 12:50:40 [main] INFO  demoqaBase - Click on Elements|Web Tables...
2025-09-08 12:50:40 [main] INFO  demoqaBase - Click on Elements|Web Tables|Registration Form...
2025-09-08 12:50:40 [main] INFO  demoqaLog - ✅ JS click executed on element: {}
2025-09-08 12:50:40 [main] ERROR demoqaBase - Registering User: Johny
2025-09-08 12:50:40 [main] INFO  demoqaBase - Click on Elements|Web Tables|Registration Form|FirstName...
2025-09-08 12:50:41 [main] INFO  demoqaBase - First Name entered is: Johny
2025-09-08 12:50:41 [main] INFO  demoqaBase - Click on Elements|Web Tables|Registration Form|LastName...
Last Name is: Bravo
2025-09-08 12:50:41 [main] INFO  demoqaBase - Last Name entered is: Bravo
2025-09-08 12:50:41 [main] INFO  demoqaBase - Click on Elements|Web Tables|Registration Form|Email...
Email ID is: Jbravo@demoqa.com
2025-09-08 12:50:41 [main] INFO  demoqaBase - Email entered is: Jbravo@demoqa.com
2025-09-08 12:50:41 [main] INFO  demoqaBase - Click on Elements|Web Tables|Registration Form|Age...
2025-09-08 12:50:41 [main] INFO  demoqaBase - Age entered is: 34
2025-09-08 12:50:41 [main] INFO  demoqaBase - Click on Elements|Web Tables|Registration Form|Salary...
2025-09-08 12:50:42 [main] INFO  demoqaBase - Salary entered is: 280000
2025-09-08 12:50:42 [main] INFO  demoqaBase - Click on Elements|Web Tables|Registration Form|Department...
2025-09-08 12:50:42 [main] INFO  demoqaBase - Department entered is: Information Technology
2025-09-08 12:50:42 [main] INFO  demoqaBase - Submitting Registration Form...
2025-09-08 12:50:42 [main] INFO  demoqaBase - Registration Form Submitted...
2025-09-08 12:50:42 [main] ERROR demoqaBase - Submitted to register user: Johny
2025-09-08 12:50:42 [main] INFO  demoqaBase - Modifying First Name of the user...
2025-09-08 12:50:43 [main] INFO  demoqaBase - ✅ Test Registration Form Modify First Name Completed Successfully...
]]></system-out>
  </testcase>
  <testcase name="webTableAddSearchEdit[WebTableUser{firstName=&apos;Tonny&apos;, lastName=&apos;Bravo&apos;, email=&apos;Jbravo@demoqa.com&apos;, salary=280000, age=340, department=&apos;Information Technology&apos;}](1)" classname="tests.ElementsTests" time="3.94">
    <system-out><![CDATA[2025-09-08 12:50:43 [main] INFO  demoqaBase - Closing the Browser for test: webTableAddEditFirstName
🧾 Row 1: {Salary=28000.0, Email=Jbravo@demoqa.com, Address=511 Grant 481, Prattsville\n Arkansas 72129\n United States, First Name=Johny, Gender=Male, City=Delhi, Mobile=9.238343488E9, Hobbies=Sports,Music, Subject=Computer Science, Current Address=301 Town 481, Brookville\n kansas 42129\n United States, Department=Information Technology, DOB=15/08/2000, Picture=/TestData/Mphoto.jpg, State=NCR, Last Name=Bravo, Age=34.0}
🔍 Mapping field: firstName | Excel Column: First Name | Value: Johny
🔍 Mapping field: lastName | Excel Column: Last Name | Value: Bravo
🔍 Mapping field: email | Excel Column: Email | Value: Jbravo@demoqa.com
🔍 Mapping field: salary | Excel Column: Salary | Value: 28000.0
🔍 Mapping field: age | Excel Column: Age | Value: 34.0
🔍 Mapping field: department | Excel Column: Department | Value: Information Technology
🧾 Row 2: {Salary=18000.0, Email=GFemina@demoqa.com, Address=512 Grant 481, Prattsville\n Arkansas 72129\n United States, First Name=Gene, Gender=Female, City=Merrut, Mobile=1.888343432E9, Hobbies=Music,Reading, Subject=Accounting, Current Address=302 Town 481, Brookville\n kansas 42129\n United States, Department=Finance, DOB=22/05/2002, Picture=/TestData/Fphoto.png, State=Uttar Pradesh, Last Name=Femina, Age=30.0}
🔍 Mapping field: firstName | Excel Column: First Name | Value: Gene
🔍 Mapping field: lastName | Excel Column: Last Name | Value: Femina
🔍 Mapping field: email | Excel Column: Email | Value: GFemina@demoqa.com
🔍 Mapping field: salary | Excel Column: Salary | Value: 18000.0
🔍 Mapping field: age | Excel Column: Age | Value: 30.0
🔍 Mapping field: department | Excel Column: Department | Value: Finance
🧾 Row 3: {Salary=15000.0, Email=BWisem@demoqa.com, Address=513 Grant 481, Prattsville\n Arkansas 72129\n United States, First Name=Bud, Gender=Other, City=Panipat, Mobile=8.932465432E9, Hobbies=Reading, Subject=Biology, Current Address=303 Town 481, Brookville\n kansas 42129\n United States, Department=Medicine, DOB=31/12/1999, Picture=/TestData/Ophoto.jpg, State=Haryana, Last Name=Wisem, Age=40.0}
🔍 Mapping field: firstName | Excel Column: First Name | Value: Bud
🔍 Mapping field: lastName | Excel Column: Last Name | Value: Wisem
🔍 Mapping field: email | Excel Column: Email | Value: BWisem@demoqa.com
🔍 Mapping field: salary | Excel Column: Salary | Value: 15000.0
🔍 Mapping field: age | Excel Column: Age | Value: 40.0
🔍 Mapping field: department | Excel Column: Department | Value: Medicine
🧾 Row 4: {Salary=19000.0, Email=TBoss@demoqa.com, Address=514 Grant 481, Prattsville\n Arkansas 72129\n United States, First Name=Tom, Gender=Male, City=Jaiselmer, Mobile=7.839875281E9, Hobbies=Sports,Reading, Subject=Social Studies, Current Address=304 Town 481, Brookville\n kansas 42129\n United States, Department=Recreation, DOB=1/26/03, Picture=/TestData/M2photo.jpg, State=Rajasthan, Last Name=Boss, Age=42.0}
🔍 Mapping field: firstName | Excel Column: First Name | Value: Tom
🔍 Mapping field: lastName | Excel Column: Last Name | Value: Boss
🔍 Mapping field: email | Excel Column: Email | Value: TBoss@demoqa.com
🔍 Mapping field: salary | Excel Column: Salary | Value: 19000.0
🔍 Mapping field: age | Excel Column: Age | Value: 42.0
🔍 Mapping field: department | Excel Column: Department | Value: Recreation
2025-09-08 12:50:44 [main] INFO  DriverFactory - 🌐 Starting Chrome Web Browser...
2025-09-08 12:50:44 [main] INFO  DriverFactory - ✅ Created temporary Chrome profile at C:\Users\dell\AppData\Local\Temp\chrome-profile-7139585081726625045
2025-09-08 12:50:45 [main] INFO  DriverFactory - 🚀 WebDriver started successfully
2025-09-08 12:50:45 [main] INFO  RetryUrlAccess - Navigating to URL (attempt 1): https://demoqa.com
2025-09-08 12:51:02 [main] INFO  demoqaBase - 🚀 Starting test: webTableAddSearchEdit
2025-09-08 12:51:02 [main] INFO  demoqaBase - 🧪 Starting Test Registration Form Search & Modify First Name...
Instance Variables Declared are: nullnull
2025-09-08 12:51:02 [main] INFO  demoqaBase - Accessing Elements Card...
2025-09-08 12:51:02 [main] INFO  demoqaLog - Clicking on Elements Card...
2025-09-08 12:51:02 [main] WARN  demoqaLog - ⚠️ JS click failed, falling back to native click. Reason: {}
2025-09-08 12:51:02 [main] INFO  demoqaLog - ✅ Native click succeeded on element: {}
2025-09-08 12:51:02 [main] INFO  demoqaLog - Clicked on Elements Card...
Title of this Page is: DEMOQA
You are Accessing: Elements
 
Elements: Please select an item from left to start practice.
2025-09-08 12:51:02 [main] INFO  demoqaBase - Elements: Please select an item from left to start practice.
2025-09-08 12:51:02 [main] INFO  demoqaBase - Click on Elements|Web Tables...
2025-09-08 12:51:03 [main] INFO  demoqaBase - Click on Elements|Web Tables|Registration Form...
2025-09-08 12:51:03 [main] INFO  demoqaLog - ✅ JS click executed on element: {}
2025-09-08 12:51:03 [main] ERROR demoqaBase - Registering User: Johny
2025-09-08 12:51:03 [main] INFO  demoqaBase - Click on Elements|Web Tables|Registration Form|FirstName...
2025-09-08 12:51:03 [main] INFO  demoqaBase - First Name entered is: Johny
2025-09-08 12:51:03 [main] INFO  demoqaBase - Click on Elements|Web Tables|Registration Form|LastName...
Last Name is: Bravo
2025-09-08 12:51:03 [main] INFO  demoqaBase - Last Name entered is: Bravo
2025-09-08 12:51:03 [main] INFO  demoqaBase - Click on Elements|Web Tables|Registration Form|Email...
Email ID is: Jbravo@demoqa.com
2025-09-08 12:51:03 [main] INFO  demoqaBase - Email entered is: Jbravo@demoqa.com
2025-09-08 12:51:03 [main] INFO  demoqaBase - Click on Elements|Web Tables|Registration Form|Age...
2025-09-08 12:51:04 [main] INFO  demoqaBase - Age entered is: 34
2025-09-08 12:51:04 [main] INFO  demoqaBase - Click on Elements|Web Tables|Registration Form|Salary...
2025-09-08 12:51:04 [main] INFO  demoqaBase - Salary entered is: 280000
2025-09-08 12:51:04 [main] INFO  demoqaBase - Click on Elements|Web Tables|Registration Form|Department...
2025-09-08 12:51:04 [main] INFO  demoqaBase - Department entered is: Information Technology
2025-09-08 12:51:04 [main] INFO  demoqaBase - Submitting Registration Form...
2025-09-08 12:51:04 [main] INFO  demoqaBase - Registration Form Submitted...
2025-09-08 12:51:04 [main] ERROR demoqaBase - Submitted to register user: Johny
2025-09-08 12:51:05 [main] INFO  demoqaBase - Modifying First Name of the user...
2025-09-08 12:51:06 [main] INFO  demoqaBase - Updated First Name is: Tonny
2025-09-08 12:51:06 [main] INFO  demoqaBase - ✅ Test Registration Form Search & Modify First Name Completed Successfully...
]]></system-out>
  </testcase>
  <testcase name="webTableDeleteUser[WebTableUser{firstName=&apos;Johny&apos;, lastName=&apos;Bravo&apos;, email=&apos;Jbravo@demoqa.com&apos;, salary=280000, age=340, department=&apos;Information Technology&apos;}](1)" classname="tests.ElementsTests" time="3.455">
    <system-out><![CDATA[2025-09-08 12:51:06 [main] INFO  demoqaBase - Closing the Browser for test: webTableAddSearchEdit
🧾 Row 1: {Salary=28000.0, Email=Jbravo@demoqa.com, Address=511 Grant 481, Prattsville\n Arkansas 72129\n United States, First Name=Johny, Gender=Male, City=Delhi, Mobile=9.238343488E9, Hobbies=Sports,Music, Subject=Computer Science, Current Address=301 Town 481, Brookville\n kansas 42129\n United States, Department=Information Technology, DOB=15/08/2000, Picture=/TestData/Mphoto.jpg, State=NCR, Last Name=Bravo, Age=34.0}
🔍 Mapping field: firstName | Excel Column: First Name | Value: Johny
🔍 Mapping field: lastName | Excel Column: Last Name | Value: Bravo
🔍 Mapping field: email | Excel Column: Email | Value: Jbravo@demoqa.com
🔍 Mapping field: salary | Excel Column: Salary | Value: 28000.0
🔍 Mapping field: age | Excel Column: Age | Value: 34.0
🔍 Mapping field: department | Excel Column: Department | Value: Information Technology
🧾 Row 2: {Salary=18000.0, Email=GFemina@demoqa.com, Address=512 Grant 481, Prattsville\n Arkansas 72129\n United States, First Name=Gene, Gender=Female, City=Merrut, Mobile=1.888343432E9, Hobbies=Music,Reading, Subject=Accounting, Current Address=302 Town 481, Brookville\n kansas 42129\n United States, Department=Finance, DOB=22/05/2002, Picture=/TestData/Fphoto.png, State=Uttar Pradesh, Last Name=Femina, Age=30.0}
🔍 Mapping field: firstName | Excel Column: First Name | Value: Gene
🔍 Mapping field: lastName | Excel Column: Last Name | Value: Femina
🔍 Mapping field: email | Excel Column: Email | Value: GFemina@demoqa.com
🔍 Mapping field: salary | Excel Column: Salary | Value: 18000.0
🔍 Mapping field: age | Excel Column: Age | Value: 30.0
🔍 Mapping field: department | Excel Column: Department | Value: Finance
🧾 Row 3: {Salary=15000.0, Email=BWisem@demoqa.com, Address=513 Grant 481, Prattsville\n Arkansas 72129\n United States, First Name=Bud, Gender=Other, City=Panipat, Mobile=8.932465432E9, Hobbies=Reading, Subject=Biology, Current Address=303 Town 481, Brookville\n kansas 42129\n United States, Department=Medicine, DOB=31/12/1999, Picture=/TestData/Ophoto.jpg, State=Haryana, Last Name=Wisem, Age=40.0}
🔍 Mapping field: firstName | Excel Column: First Name | Value: Bud
🔍 Mapping field: lastName | Excel Column: Last Name | Value: Wisem
🔍 Mapping field: email | Excel Column: Email | Value: BWisem@demoqa.com
🔍 Mapping field: salary | Excel Column: Salary | Value: 15000.0
🔍 Mapping field: age | Excel Column: Age | Value: 40.0
🔍 Mapping field: department | Excel Column: Department | Value: Medicine
🧾 Row 4: {Salary=19000.0, Email=TBoss@demoqa.com, Address=514 Grant 481, Prattsville\n Arkansas 72129\n United States, First Name=Tom, Gender=Male, City=Jaiselmer, Mobile=7.839875281E9, Hobbies=Sports,Reading, Subject=Social Studies, Current Address=304 Town 481, Brookville\n kansas 42129\n United States, Department=Recreation, DOB=1/26/03, Picture=/TestData/M2photo.jpg, State=Rajasthan, Last Name=Boss, Age=42.0}
🔍 Mapping field: firstName | Excel Column: First Name | Value: Tom
🔍 Mapping field: lastName | Excel Column: Last Name | Value: Boss
🔍 Mapping field: email | Excel Column: Email | Value: TBoss@demoqa.com
🔍 Mapping field: salary | Excel Column: Salary | Value: 19000.0
🔍 Mapping field: age | Excel Column: Age | Value: 42.0
🔍 Mapping field: department | Excel Column: Department | Value: Recreation
2025-09-08 12:51:06 [main] INFO  DriverFactory - 🌐 Starting Chrome Web Browser...
2025-09-08 12:51:06 [main] INFO  DriverFactory - ✅ Created temporary Chrome profile at C:\Users\dell\AppData\Local\Temp\chrome-profile-17054617289706955819
2025-09-08 12:51:07 [main] INFO  DriverFactory - 🚀 WebDriver started successfully
2025-09-08 12:51:07 [main] INFO  RetryUrlAccess - Navigating to URL (attempt 1): https://demoqa.com
2025-09-08 12:51:12 [main] INFO  demoqaBase - 🚀 Starting test: webTableDeleteUser
2025-09-08 12:51:12 [main] INFO  demoqaBase - 🧪 Starting Test for Deleting User from Web Table...
Instance Variables Declared are: nullnull
2025-09-08 12:51:12 [main] INFO  demoqaBase - Accessing Elements Card...
2025-09-08 12:51:12 [main] INFO  demoqaLog - Clicking on Elements Card...
2025-09-08 12:51:12 [main] WARN  demoqaLog - ⚠️ JS click failed, falling back to native click. Reason: {}
2025-09-08 12:51:12 [main] INFO  demoqaLog - ✅ Native click succeeded on element: {}
2025-09-08 12:51:12 [main] INFO  demoqaLog - Clicked on Elements Card...
Title of this Page is: DEMOQA
You are Accessing: Elements
 
Elements: Please select an item from left to start practice.
2025-09-08 12:51:12 [main] INFO  demoqaBase - Elements: Please select an item from left to start practice.
2025-09-08 12:51:12 [main] INFO  demoqaBase - Click on Elements|Web Tables...
2025-09-08 12:51:13 [main] INFO  demoqaBase - Click on Elements|Web Tables|Registration Form...
2025-09-08 12:51:13 [main] INFO  demoqaLog - ✅ JS click executed on element: {}
2025-09-08 12:51:13 [main] ERROR demoqaBase - Registering User: Johny
2025-09-08 12:51:13 [main] INFO  demoqaBase - Click on Elements|Web Tables|Registration Form|FirstName...
2025-09-08 12:51:13 [main] INFO  demoqaBase - First Name entered is: Johny
2025-09-08 12:51:13 [main] INFO  demoqaBase - Click on Elements|Web Tables|Registration Form|LastName...
Last Name is: Bravo
2025-09-08 12:51:14 [main] INFO  demoqaBase - Last Name entered is: Bravo
2025-09-08 12:51:14 [main] INFO  demoqaBase - Click on Elements|Web Tables|Registration Form|Email...
Email ID is: Jbravo@demoqa.com
2025-09-08 12:51:14 [main] INFO  demoqaBase - Email entered is: Jbravo@demoqa.com
2025-09-08 12:51:14 [main] INFO  demoqaBase - Click on Elements|Web Tables|Registration Form|Age...
2025-09-08 12:51:14 [main] INFO  demoqaBase - Age entered is: 34
2025-09-08 12:51:14 [main] INFO  demoqaBase - Click on Elements|Web Tables|Registration Form|Salary...
2025-09-08 12:51:14 [main] INFO  demoqaBase - Salary entered is: 280000
2025-09-08 12:51:14 [main] INFO  demoqaBase - Click on Elements|Web Tables|Registration Form|Department...
2025-09-08 12:51:15 [main] INFO  demoqaBase - Department entered is: Information Technology
2025-09-08 12:51:15 [main] INFO  demoqaBase - Submitting Registration Form...
2025-09-08 12:51:15 [main] INFO  demoqaBase - Registration Form Submitted...
2025-09-08 12:51:15 [main] ERROR demoqaBase - Submitted to register user: Johny
2025-09-08 12:51:15 [main] INFO  demoqaBase - Deleting User from Webtable: Johny
2025-09-08 12:51:16 [main] INFO  demoqaBase - ✅ Test for Deleting User from Web Table Completed Successfully...
]]></system-out>
  </testcase>
  <testcase name="testAddAllUsersFromExcel" classname="tests.ElementsTests" time="6.854">
    <system-out><![CDATA[2025-09-08 12:51:16 [main] INFO  demoqaBase - Closing the Browser for test: webTableDeleteUser
2025-09-08 12:51:16 [main] INFO  DriverFactory - 🌐 Starting Chrome Web Browser...
2025-09-08 12:51:16 [main] INFO  DriverFactory - ✅ Created temporary Chrome profile at C:\Users\dell\AppData\Local\Temp\chrome-profile-16041931418404323566
2025-09-08 12:51:17 [main] INFO  DriverFactory - 🚀 WebDriver started successfully
2025-09-08 12:51:17 [main] INFO  RetryUrlAccess - Navigating to URL (attempt 1): https://demoqa.com
2025-09-08 12:51:22 [main] INFO  demoqaBase - 🚀 Starting test: testAddAllUsersFromExcel
Instance Variables Declared are: nullnull
2025-09-08 12:51:22 [main] INFO  demoqaBase - Accessing Elements Card...
2025-09-08 12:51:22 [main] INFO  demoqaLog - Clicking on Elements Card...
2025-09-08 12:51:22 [main] WARN  demoqaLog - ⚠️ JS click failed, falling back to native click. Reason: {}
2025-09-08 12:51:22 [main] INFO  demoqaLog - ✅ Native click succeeded on element: {}
2025-09-08 12:51:22 [main] INFO  demoqaLog - Clicked on Elements Card...
Title of this Page is: DEMOQA
You are Accessing: Elements
 
Elements: Please select an item from left to start practice.
2025-09-08 12:51:22 [main] INFO  demoqaBase - Elements: Please select an item from left to start practice.
2025-09-08 12:51:22 [main] INFO  demoqaBase - Click on Elements|Web Tables...
🧾 Row 1: {Salary=28000.0, Email=Jbravo@demoqa.com, Address=511 Grant 481, Prattsville\n Arkansas 72129\n United States, First Name=Johny, Gender=Male, City=Delhi, Mobile=9.238343488E9, Hobbies=Sports,Music, Subject=Computer Science, Current Address=301 Town 481, Brookville\n kansas 42129\n United States, Department=Information Technology, DOB=15/08/2000, Picture=/TestData/Mphoto.jpg, State=NCR, Last Name=Bravo, Age=34.0}
🔍 Mapping field: firstName | Excel Column: First Name | Value: Johny
🔍 Mapping field: lastName | Excel Column: Last Name | Value: Bravo
🔍 Mapping field: email | Excel Column: Email | Value: Jbravo@demoqa.com
🔍 Mapping field: salary | Excel Column: Salary | Value: 28000.0
🔍 Mapping field: age | Excel Column: Age | Value: 34.0
🔍 Mapping field: department | Excel Column: Department | Value: Information Technology
🧾 Row 2: {Salary=18000.0, Email=GFemina@demoqa.com, Address=512 Grant 481, Prattsville\n Arkansas 72129\n United States, First Name=Gene, Gender=Female, City=Merrut, Mobile=1.888343432E9, Hobbies=Music,Reading, Subject=Accounting, Current Address=302 Town 481, Brookville\n kansas 42129\n United States, Department=Finance, DOB=22/05/2002, Picture=/TestData/Fphoto.png, State=Uttar Pradesh, Last Name=Femina, Age=30.0}
🔍 Mapping field: firstName | Excel Column: First Name | Value: Gene
🔍 Mapping field: lastName | Excel Column: Last Name | Value: Femina
🔍 Mapping field: email | Excel Column: Email | Value: GFemina@demoqa.com
🔍 Mapping field: salary | Excel Column: Salary | Value: 18000.0
🔍 Mapping field: age | Excel Column: Age | Value: 30.0
🔍 Mapping field: department | Excel Column: Department | Value: Finance
🧾 Row 3: {Salary=15000.0, Email=BWisem@demoqa.com, Address=513 Grant 481, Prattsville\n Arkansas 72129\n United States, First Name=Bud, Gender=Other, City=Panipat, Mobile=8.932465432E9, Hobbies=Reading, Subject=Biology, Current Address=303 Town 481, Brookville\n kansas 42129\n United States, Department=Medicine, DOB=31/12/1999, Picture=/TestData/Ophoto.jpg, State=Haryana, Last Name=Wisem, Age=40.0}
🔍 Mapping field: firstName | Excel Column: First Name | Value: Bud
🔍 Mapping field: lastName | Excel Column: Last Name | Value: Wisem
🔍 Mapping field: email | Excel Column: Email | Value: BWisem@demoqa.com
🔍 Mapping field: salary | Excel Column: Salary | Value: 15000.0
🔍 Mapping field: age | Excel Column: Age | Value: 40.0
🔍 Mapping field: department | Excel Column: Department | Value: Medicine
🧾 Row 4: {Salary=19000.0, Email=TBoss@demoqa.com, Address=514 Grant 481, Prattsville\n Arkansas 72129\n United States, First Name=Tom, Gender=Male, City=Jaiselmer, Mobile=7.839875281E9, Hobbies=Sports,Reading, Subject=Social Studies, Current Address=304 Town 481, Brookville\n kansas 42129\n United States, Department=Recreation, DOB=1/26/03, Picture=/TestData/M2photo.jpg, State=Rajasthan, Last Name=Boss, Age=42.0}
🔍 Mapping field: firstName | Excel Column: First Name | Value: Tom
🔍 Mapping field: lastName | Excel Column: Last Name | Value: Boss
🔍 Mapping field: email | Excel Column: Email | Value: TBoss@demoqa.com
🔍 Mapping field: salary | Excel Column: Salary | Value: 19000.0
🔍 Mapping field: age | Excel Column: Age | Value: 42.0
🔍 Mapping field: department | Excel Column: Department | Value: Recreation
Declared Object: [[Ljava.lang.Object;@35b7156f
2025-09-08 12:51:23 [main] INFO  demoqaBase - Click on Elements|Web Tables|Registration Form...
2025-09-08 12:51:23 [main] INFO  demoqaLog - ✅ JS click executed on element: {}
🧾 Row 1: {Salary=28000.0, Email=Jbravo@demoqa.com, Address=511 Grant 481, Prattsville\n Arkansas 72129\n United States, First Name=Johny, Gender=Male, City=Delhi, Mobile=9.238343488E9, Hobbies=Sports,Music, Subject=Computer Science, Current Address=301 Town 481, Brookville\n kansas 42129\n United States, Department=Information Technology, DOB=15/08/2000, Picture=/TestData/Mphoto.jpg, State=NCR, Last Name=Bravo, Age=34.0}
🔍 Mapping field: firstName | Excel Column: First Name | Value: Johny
🔍 Mapping field: lastName | Excel Column: Last Name | Value: Bravo
🔍 Mapping field: email | Excel Column: Email | Value: Jbravo@demoqa.com
🔍 Mapping field: salary | Excel Column: Salary | Value: 28000.0
🔍 Mapping field: age | Excel Column: Age | Value: 34.0
🔍 Mapping field: department | Excel Column: Department | Value: Information Technology
🧾 Row 2: {Salary=18000.0, Email=GFemina@demoqa.com, Address=512 Grant 481, Prattsville\n Arkansas 72129\n United States, First Name=Gene, Gender=Female, City=Merrut, Mobile=1.888343432E9, Hobbies=Music,Reading, Subject=Accounting, Current Address=302 Town 481, Brookville\n kansas 42129\n United States, Department=Finance, DOB=22/05/2002, Picture=/TestData/Fphoto.png, State=Uttar Pradesh, Last Name=Femina, Age=30.0}
🔍 Mapping field: firstName | Excel Column: First Name | Value: Gene
🔍 Mapping field: lastName | Excel Column: Last Name | Value: Femina
🔍 Mapping field: email | Excel Column: Email | Value: GFemina@demoqa.com
🔍 Mapping field: salary | Excel Column: Salary | Value: 18000.0
🔍 Mapping field: age | Excel Column: Age | Value: 30.0
🔍 Mapping field: department | Excel Column: Department | Value: Finance
🧾 Row 3: {Salary=15000.0, Email=BWisem@demoqa.com, Address=513 Grant 481, Prattsville\n Arkansas 72129\n United States, First Name=Bud, Gender=Other, City=Panipat, Mobile=8.932465432E9, Hobbies=Reading, Subject=Biology, Current Address=303 Town 481, Brookville\n kansas 42129\n United States, Department=Medicine, DOB=31/12/1999, Picture=/TestData/Ophoto.jpg, State=Haryana, Last Name=Wisem, Age=40.0}
🔍 Mapping field: firstName | Excel Column: First Name | Value: Bud
🔍 Mapping field: lastName | Excel Column: Last Name | Value: Wisem
🔍 Mapping field: email | Excel Column: Email | Value: BWisem@demoqa.com
🔍 Mapping field: salary | Excel Column: Salary | Value: 15000.0
🔍 Mapping field: age | Excel Column: Age | Value: 40.0
🔍 Mapping field: department | Excel Column: Department | Value: Medicine
🧾 Row 4: {Salary=19000.0, Email=TBoss@demoqa.com, Address=514 Grant 481, Prattsville\n Arkansas 72129\n United States, First Name=Tom, Gender=Male, City=Jaiselmer, Mobile=7.839875281E9, Hobbies=Sports,Reading, Subject=Social Studies, Current Address=304 Town 481, Brookville\n kansas 42129\n United States, Department=Recreation, DOB=1/26/03, Picture=/TestData/M2photo.jpg, State=Rajasthan, Last Name=Boss, Age=42.0}
🔍 Mapping field: firstName | Excel Column: First Name | Value: Tom
🔍 Mapping field: lastName | Excel Column: Last Name | Value: Boss
🔍 Mapping field: email | Excel Column: Email | Value: TBoss@demoqa.com
🔍 Mapping field: salary | Excel Column: Salary | Value: 19000.0
🔍 Mapping field: age | Excel Column: Age | Value: 42.0
🔍 Mapping field: department | Excel Column: Department | Value: Recreation
2025-09-08 12:51:23 [main] ERROR demoqaBase - Registering User: Johny
2025-09-08 12:51:23 [main] INFO  demoqaBase - Click on Elements|Web Tables|Registration Form|FirstName...
2025-09-08 12:51:23 [main] INFO  demoqaBase - First Name entered is: Johny
2025-09-08 12:51:23 [main] INFO  demoqaBase - Click on Elements|Web Tables|Registration Form|LastName...
Last Name is: Bravo
2025-09-08 12:51:24 [main] INFO  demoqaBase - Last Name entered is: Bravo
2025-09-08 12:51:24 [main] INFO  demoqaBase - Click on Elements|Web Tables|Registration Form|Email...
Email ID is: Jbravo@demoqa.com
2025-09-08 12:51:24 [main] INFO  demoqaBase - Email entered is: Jbravo@demoqa.com
2025-09-08 12:51:24 [main] INFO  demoqaBase - Click on Elements|Web Tables|Registration Form|Age...
2025-09-08 12:51:24 [main] INFO  demoqaBase - Age entered is: 34
2025-09-08 12:51:24 [main] INFO  demoqaBase - Click on Elements|Web Tables|Registration Form|Salary...
2025-09-08 12:51:24 [main] INFO  demoqaBase - Salary entered is: 280000
2025-09-08 12:51:24 [main] INFO  demoqaBase - Click on Elements|Web Tables|Registration Form|Department...
2025-09-08 12:51:25 [main] INFO  demoqaBase - Department entered is: Information Technology
2025-09-08 12:51:25 [main] INFO  demoqaBase - Submitting Registration Form...
2025-09-08 12:51:25 [main] INFO  demoqaBase - Registration Form Submitted...
2025-09-08 12:51:25 [main] ERROR demoqaBase - Submitted to register user: Johny
2025-09-08 12:51:25 [main] INFO  demoqaBase - Click on Elements|Web Tables|Registration Form...
2025-09-08 12:51:25 [main] INFO  demoqaLog - ✅ JS click executed on element: {}
2025-09-08 12:51:25 [main] ERROR demoqaBase - Registering User: Gene
2025-09-08 12:51:25 [main] INFO  demoqaBase - Click on Elements|Web Tables|Registration Form|FirstName...
2025-09-08 12:51:25 [main] INFO  demoqaBase - First Name entered is: Gene
2025-09-08 12:51:25 [main] INFO  demoqaBase - Click on Elements|Web Tables|Registration Form|LastName...
Last Name is: Femina
2025-09-08 12:51:25 [main] INFO  demoqaBase - Last Name entered is: Femina
2025-09-08 12:51:25 [main] INFO  demoqaBase - Click on Elements|Web Tables|Registration Form|Email...
Email ID is: GFemina@demoqa.com
2025-09-08 12:51:25 [main] INFO  demoqaBase - Email entered is: GFemina@demoqa.com
2025-09-08 12:51:25 [main] INFO  demoqaBase - Click on Elements|Web Tables|Registration Form|Age...
2025-09-08 12:51:26 [main] INFO  demoqaBase - Age entered is: 30
2025-09-08 12:51:26 [main] INFO  demoqaBase - Click on Elements|Web Tables|Registration Form|Salary...
2025-09-08 12:51:26 [main] INFO  demoqaBase - Salary entered is: 180000
2025-09-08 12:51:26 [main] INFO  demoqaBase - Click on Elements|Web Tables|Registration Form|Department...
2025-09-08 12:51:26 [main] INFO  demoqaBase - Department entered is: Finance
2025-09-08 12:51:26 [main] INFO  demoqaBase - Submitting Registration Form...
2025-09-08 12:51:26 [main] INFO  demoqaBase - Registration Form Submitted...
2025-09-08 12:51:26 [main] ERROR demoqaBase - Submitted to register user: Gene
2025-09-08 12:51:26 [main] INFO  demoqaBase - Click on Elements|Web Tables|Registration Form...
2025-09-08 12:51:26 [main] INFO  demoqaLog - ✅ JS click executed on element: {}
2025-09-08 12:51:26 [main] ERROR demoqaBase - Registering User: Bud
2025-09-08 12:51:26 [main] INFO  demoqaBase - Click on Elements|Web Tables|Registration Form|FirstName...
2025-09-08 12:51:26 [main] INFO  demoqaBase - First Name entered is: Bud
2025-09-08 12:51:26 [main] INFO  demoqaBase - Click on Elements|Web Tables|Registration Form|LastName...
Last Name is: Wisem
2025-09-08 12:51:26 [main] INFO  demoqaBase - Last Name entered is: Wisem
2025-09-08 12:51:26 [main] INFO  demoqaBase - Click on Elements|Web Tables|Registration Form|Email...
Email ID is: BWisem@demoqa.com
2025-09-08 12:51:27 [main] INFO  demoqaBase - Email entered is: BWisem@demoqa.com
2025-09-08 12:51:27 [main] INFO  demoqaBase - Click on Elements|Web Tables|Registration Form|Age...
2025-09-08 12:51:27 [main] INFO  demoqaBase - Age entered is: 40
2025-09-08 12:51:27 [main] INFO  demoqaBase - Click on Elements|Web Tables|Registration Form|Salary...
2025-09-08 12:51:27 [main] INFO  demoqaBase - Salary entered is: 150000
2025-09-08 12:51:27 [main] INFO  demoqaBase - Click on Elements|Web Tables|Registration Form|Department...
2025-09-08 12:51:27 [main] INFO  demoqaBase - Department entered is: Medicine
2025-09-08 12:51:27 [main] INFO  demoqaBase - Submitting Registration Form...
2025-09-08 12:51:27 [main] INFO  demoqaBase - Registration Form Submitted...
2025-09-08 12:51:27 [main] ERROR demoqaBase - Submitted to register user: Bud
2025-09-08 12:51:27 [main] INFO  demoqaBase - Click on Elements|Web Tables|Registration Form...
2025-09-08 12:51:27 [main] INFO  demoqaLog - ✅ JS click executed on element: {}
2025-09-08 12:51:27 [main] ERROR demoqaBase - Registering User: Tom
2025-09-08 12:51:27 [main] INFO  demoqaBase - Click on Elements|Web Tables|Registration Form|FirstName...
2025-09-08 12:51:28 [main] INFO  demoqaBase - First Name entered is: Tom
2025-09-08 12:51:28 [main] INFO  demoqaBase - Click on Elements|Web Tables|Registration Form|LastName...
Last Name is: Boss
2025-09-08 12:51:28 [main] INFO  demoqaBase - Last Name entered is: Boss
2025-09-08 12:51:28 [main] INFO  demoqaBase - Click on Elements|Web Tables|Registration Form|Email...
Email ID is: TBoss@demoqa.com
2025-09-08 12:51:28 [main] INFO  demoqaBase - Email entered is: TBoss@demoqa.com
2025-09-08 12:51:28 [main] INFO  demoqaBase - Click on Elements|Web Tables|Registration Form|Age...
2025-09-08 12:51:28 [main] INFO  demoqaBase - Age entered is: 42
2025-09-08 12:51:28 [main] INFO  demoqaBase - Click on Elements|Web Tables|Registration Form|Salary...
2025-09-08 12:51:28 [main] INFO  demoqaBase - Salary entered is: 190000
2025-09-08 12:51:28 [main] INFO  demoqaBase - Click on Elements|Web Tables|Registration Form|Department...
2025-09-08 12:51:28 [main] INFO  demoqaBase - Department entered is: Recreation
2025-09-08 12:51:28 [main] INFO  demoqaBase - Submitting Registration Form...
2025-09-08 12:51:28 [main] INFO  demoqaBase - Registration Form Submitted...
2025-09-08 12:51:28 [main] ERROR demoqaBase - Submitted to register user: Tom
2025-09-08 12:51:28 [main] INFO  demoqaBase - Click on Elements|Web Tables|Registration Form...
2025-09-08 12:51:29 [main] INFO  demoqaLog - ✅ JS click executed on element: {}
Initial user count: 10
Final user count: 10
2025-09-08 12:51:29 [main] INFO  demoqaBase - ✅ Test for Bulk User Creation in Web Table Completed Successfully...
]]></system-out>
  </testcase>
  <testcase name="testAddAllUsersSearchEdit" classname="tests.ElementsTests" time="8.191">
    <system-out><![CDATA[Path for Screenshot is: C:\ASN\eclipse_workspace\demoqa-automation/screenshots/testAddAllUsersFromExcel_Passed+2025-09-08_12-51-29.png
2025-09-08 12:51:29 [main] INFO  demoqaBase - ✅ Test testAddAllUsersFromExcel passed. Screenshot captured.
2025-09-08 12:51:29 [main] INFO  demoqaBase - Closing the Browser for test: testAddAllUsersFromExcel
2025-09-08 12:51:29 [main] INFO  DriverFactory - 🌐 Starting Chrome Web Browser...
2025-09-08 12:51:29 [main] INFO  DriverFactory - ✅ Created temporary Chrome profile at C:\Users\dell\AppData\Local\Temp\chrome-profile-1309929911648408757
2025-09-08 12:51:30 [main] INFO  DriverFactory - 🚀 WebDriver started successfully
2025-09-08 12:51:30 [main] INFO  RetryUrlAccess - Navigating to URL (attempt 1): https://demoqa.com
2025-09-08 12:51:52 [main] INFO  demoqaBase - 🚀 Starting test: testAddAllUsersSearchEdit
Instance Variables Declared are: nullnull
2025-09-08 12:51:52 [main] INFO  demoqaBase - Accessing Elements Card...
2025-09-08 12:51:52 [main] INFO  demoqaLog - Clicking on Elements Card...
2025-09-08 12:51:52 [main] WARN  demoqaLog - ⚠️ JS click failed, falling back to native click. Reason: {}
2025-09-08 12:51:53 [main] INFO  demoqaLog - ✅ Native click succeeded on element: {}
2025-09-08 12:51:53 [main] INFO  demoqaLog - Clicked on Elements Card...
Title of this Page is: DEMOQA
You are Accessing: Elements
 
Elements: Please select an item from left to start practice.
2025-09-08 12:51:53 [main] INFO  demoqaBase - Elements: Please select an item from left to start practice.
2025-09-08 12:51:53 [main] INFO  demoqaBase - Click on Elements|Web Tables...
🧾 Row 1: {Salary=28000.0, Email=Jbravo@demoqa.com, Address=511 Grant 481, Prattsville\n Arkansas 72129\n United States, First Name=Johny, Gender=Male, City=Delhi, Mobile=9.238343488E9, Hobbies=Sports,Music, Subject=Computer Science, Current Address=301 Town 481, Brookville\n kansas 42129\n United States, Department=Information Technology, DOB=15/08/2000, Picture=/TestData/Mphoto.jpg, State=NCR, Last Name=Bravo, Age=34.0}
🔍 Mapping field: firstName | Excel Column: First Name | Value: Johny
🔍 Mapping field: lastName | Excel Column: Last Name | Value: Bravo
🔍 Mapping field: email | Excel Column: Email | Value: Jbravo@demoqa.com
🔍 Mapping field: salary | Excel Column: Salary | Value: 28000.0
🔍 Mapping field: age | Excel Column: Age | Value: 34.0
🔍 Mapping field: department | Excel Column: Department | Value: Information Technology
🧾 Row 2: {Salary=18000.0, Email=GFemina@demoqa.com, Address=512 Grant 481, Prattsville\n Arkansas 72129\n United States, First Name=Gene, Gender=Female, City=Merrut, Mobile=1.888343432E9, Hobbies=Music,Reading, Subject=Accounting, Current Address=302 Town 481, Brookville\n kansas 42129\n United States, Department=Finance, DOB=22/05/2002, Picture=/TestData/Fphoto.png, State=Uttar Pradesh, Last Name=Femina, Age=30.0}
🔍 Mapping field: firstName | Excel Column: First Name | Value: Gene
🔍 Mapping field: lastName | Excel Column: Last Name | Value: Femina
🔍 Mapping field: email | Excel Column: Email | Value: GFemina@demoqa.com
🔍 Mapping field: salary | Excel Column: Salary | Value: 18000.0
🔍 Mapping field: age | Excel Column: Age | Value: 30.0
🔍 Mapping field: department | Excel Column: Department | Value: Finance
🧾 Row 3: {Salary=15000.0, Email=BWisem@demoqa.com, Address=513 Grant 481, Prattsville\n Arkansas 72129\n United States, First Name=Bud, Gender=Other, City=Panipat, Mobile=8.932465432E9, Hobbies=Reading, Subject=Biology, Current Address=303 Town 481, Brookville\n kansas 42129\n United States, Department=Medicine, DOB=31/12/1999, Picture=/TestData/Ophoto.jpg, State=Haryana, Last Name=Wisem, Age=40.0}
🔍 Mapping field: firstName | Excel Column: First Name | Value: Bud
🔍 Mapping field: lastName | Excel Column: Last Name | Value: Wisem
🔍 Mapping field: email | Excel Column: Email | Value: BWisem@demoqa.com
🔍 Mapping field: salary | Excel Column: Salary | Value: 15000.0
🔍 Mapping field: age | Excel Column: Age | Value: 40.0
🔍 Mapping field: department | Excel Column: Department | Value: Medicine
🧾 Row 4: {Salary=19000.0, Email=TBoss@demoqa.com, Address=514 Grant 481, Prattsville\n Arkansas 72129\n United States, First Name=Tom, Gender=Male, City=Jaiselmer, Mobile=7.839875281E9, Hobbies=Sports,Reading, Subject=Social Studies, Current Address=304 Town 481, Brookville\n kansas 42129\n United States, Department=Recreation, DOB=1/26/03, Picture=/TestData/M2photo.jpg, State=Rajasthan, Last Name=Boss, Age=42.0}
🔍 Mapping field: firstName | Excel Column: First Name | Value: Tom
🔍 Mapping field: lastName | Excel Column: Last Name | Value: Boss
🔍 Mapping field: email | Excel Column: Email | Value: TBoss@demoqa.com
🔍 Mapping field: salary | Excel Column: Salary | Value: 19000.0
🔍 Mapping field: age | Excel Column: Age | Value: 42.0
🔍 Mapping field: department | Excel Column: Department | Value: Recreation
2025-09-08 12:51:53 [main] INFO  demoqaBase - Click on Elements|Web Tables|Registration Form...
2025-09-08 12:51:53 [main] INFO  demoqaLog - ✅ JS click executed on element: {}
🧾 Row 1: {Salary=28000.0, Email=Jbravo@demoqa.com, Address=511 Grant 481, Prattsville\n Arkansas 72129\n United States, First Name=Johny, Gender=Male, City=Delhi, Mobile=9.238343488E9, Hobbies=Sports,Music, Subject=Computer Science, Current Address=301 Town 481, Brookville\n kansas 42129\n United States, Department=Information Technology, DOB=15/08/2000, Picture=/TestData/Mphoto.jpg, State=NCR, Last Name=Bravo, Age=34.0}
🔍 Mapping field: firstName | Excel Column: First Name | Value: Johny
🔍 Mapping field: lastName | Excel Column: Last Name | Value: Bravo
🔍 Mapping field: email | Excel Column: Email | Value: Jbravo@demoqa.com
🔍 Mapping field: salary | Excel Column: Salary | Value: 28000.0
🔍 Mapping field: age | Excel Column: Age | Value: 34.0
🔍 Mapping field: department | Excel Column: Department | Value: Information Technology
🧾 Row 2: {Salary=18000.0, Email=GFemina@demoqa.com, Address=512 Grant 481, Prattsville\n Arkansas 72129\n United States, First Name=Gene, Gender=Female, City=Merrut, Mobile=1.888343432E9, Hobbies=Music,Reading, Subject=Accounting, Current Address=302 Town 481, Brookville\n kansas 42129\n United States, Department=Finance, DOB=22/05/2002, Picture=/TestData/Fphoto.png, State=Uttar Pradesh, Last Name=Femina, Age=30.0}
🔍 Mapping field: firstName | Excel Column: First Name | Value: Gene
🔍 Mapping field: lastName | Excel Column: Last Name | Value: Femina
🔍 Mapping field: email | Excel Column: Email | Value: GFemina@demoqa.com
🔍 Mapping field: salary | Excel Column: Salary | Value: 18000.0
🔍 Mapping field: age | Excel Column: Age | Value: 30.0
🔍 Mapping field: department | Excel Column: Department | Value: Finance
🧾 Row 3: {Salary=15000.0, Email=BWisem@demoqa.com, Address=513 Grant 481, Prattsville\n Arkansas 72129\n United States, First Name=Bud, Gender=Other, City=Panipat, Mobile=8.932465432E9, Hobbies=Reading, Subject=Biology, Current Address=303 Town 481, Brookville\n kansas 42129\n United States, Department=Medicine, DOB=31/12/1999, Picture=/TestData/Ophoto.jpg, State=Haryana, Last Name=Wisem, Age=40.0}
🔍 Mapping field: firstName | Excel Column: First Name | Value: Bud
🔍 Mapping field: lastName | Excel Column: Last Name | Value: Wisem
🔍 Mapping field: email | Excel Column: Email | Value: BWisem@demoqa.com
🔍 Mapping field: salary | Excel Column: Salary | Value: 15000.0
🔍 Mapping field: age | Excel Column: Age | Value: 40.0
🔍 Mapping field: department | Excel Column: Department | Value: Medicine
🧾 Row 4: {Salary=19000.0, Email=TBoss@demoqa.com, Address=514 Grant 481, Prattsville\n Arkansas 72129\n United States, First Name=Tom, Gender=Male, City=Jaiselmer, Mobile=7.839875281E9, Hobbies=Sports,Reading, Subject=Social Studies, Current Address=304 Town 481, Brookville\n kansas 42129\n United States, Department=Recreation, DOB=1/26/03, Picture=/TestData/M2photo.jpg, State=Rajasthan, Last Name=Boss, Age=42.0}
🔍 Mapping field: firstName | Excel Column: First Name | Value: Tom
🔍 Mapping field: lastName | Excel Column: Last Name | Value: Boss
🔍 Mapping field: email | Excel Column: Email | Value: TBoss@demoqa.com
🔍 Mapping field: salary | Excel Column: Salary | Value: 19000.0
🔍 Mapping field: age | Excel Column: Age | Value: 42.0
🔍 Mapping field: department | Excel Column: Department | Value: Recreation
2025-09-08 12:51:53 [main] ERROR demoqaBase - Registering User: Johny
2025-09-08 12:51:53 [main] INFO  demoqaBase - Click on Elements|Web Tables|Registration Form|FirstName...
2025-09-08 12:51:54 [main] INFO  demoqaBase - First Name entered is: Johny
2025-09-08 12:51:54 [main] INFO  demoqaBase - Click on Elements|Web Tables|Registration Form|LastName...
Last Name is: Bravo
2025-09-08 12:51:54 [main] INFO  demoqaBase - Last Name entered is: Bravo
2025-09-08 12:51:54 [main] INFO  demoqaBase - Click on Elements|Web Tables|Registration Form|Email...
Email ID is: Jbravo@demoqa.com
2025-09-08 12:51:54 [main] INFO  demoqaBase - Email entered is: Jbravo@demoqa.com
2025-09-08 12:51:54 [main] INFO  demoqaBase - Click on Elements|Web Tables|Registration Form|Age...
2025-09-08 12:51:54 [main] INFO  demoqaBase - Age entered is: 34
2025-09-08 12:51:54 [main] INFO  demoqaBase - Click on Elements|Web Tables|Registration Form|Salary...
2025-09-08 12:51:54 [main] INFO  demoqaBase - Salary entered is: 280000
2025-09-08 12:51:54 [main] INFO  demoqaBase - Click on Elements|Web Tables|Registration Form|Department...
2025-09-08 12:51:55 [main] INFO  demoqaBase - Department entered is: Information Technology
2025-09-08 12:51:55 [main] INFO  demoqaBase - Submitting Registration Form...
2025-09-08 12:51:55 [main] INFO  demoqaBase - Registration Form Submitted...
2025-09-08 12:51:55 [main] ERROR demoqaBase - Submitted to register user: Johny
2025-09-08 12:51:55 [main] INFO  demoqaBase - Click on Elements|Web Tables|Registration Form...
2025-09-08 12:51:55 [main] INFO  demoqaLog - ✅ JS click executed on element: {}
2025-09-08 12:51:55 [main] ERROR demoqaBase - Registering User: Gene
2025-09-08 12:51:55 [main] INFO  demoqaBase - Click on Elements|Web Tables|Registration Form|FirstName...
2025-09-08 12:51:55 [main] INFO  demoqaBase - First Name entered is: Gene
2025-09-08 12:51:55 [main] INFO  demoqaBase - Click on Elements|Web Tables|Registration Form|LastName...
Last Name is: Femina
2025-09-08 12:51:55 [main] INFO  demoqaBase - Last Name entered is: Femina
2025-09-08 12:51:55 [main] INFO  demoqaBase - Click on Elements|Web Tables|Registration Form|Email...
Email ID is: GFemina@demoqa.com
2025-09-08 12:51:55 [main] INFO  demoqaBase - Email entered is: GFemina@demoqa.com
2025-09-08 12:51:55 [main] INFO  demoqaBase - Click on Elements|Web Tables|Registration Form|Age...
2025-09-08 12:51:56 [main] INFO  demoqaBase - Age entered is: 30
2025-09-08 12:51:56 [main] INFO  demoqaBase - Click on Elements|Web Tables|Registration Form|Salary...
2025-09-08 12:51:56 [main] INFO  demoqaBase - Salary entered is: 180000
2025-09-08 12:51:56 [main] INFO  demoqaBase - Click on Elements|Web Tables|Registration Form|Department...
2025-09-08 12:51:56 [main] INFO  demoqaBase - Department entered is: Finance
2025-09-08 12:51:56 [main] INFO  demoqaBase - Submitting Registration Form...
2025-09-08 12:51:56 [main] INFO  demoqaBase - Registration Form Submitted...
2025-09-08 12:51:56 [main] ERROR demoqaBase - Submitted to register user: Gene
2025-09-08 12:51:56 [main] INFO  demoqaBase - Click on Elements|Web Tables|Registration Form...
2025-09-08 12:51:56 [main] INFO  demoqaLog - ✅ JS click executed on element: {}
2025-09-08 12:51:56 [main] ERROR demoqaBase - Registering User: Bud
2025-09-08 12:51:56 [main] INFO  demoqaBase - Click on Elements|Web Tables|Registration Form|FirstName...
2025-09-08 12:51:56 [main] INFO  demoqaBase - First Name entered is: Bud
2025-09-08 12:51:56 [main] INFO  demoqaBase - Click on Elements|Web Tables|Registration Form|LastName...
Last Name is: Wisem
2025-09-08 12:51:56 [main] INFO  demoqaBase - Last Name entered is: Wisem
2025-09-08 12:51:56 [main] INFO  demoqaBase - Click on Elements|Web Tables|Registration Form|Email...
Email ID is: BWisem@demoqa.com
2025-09-08 12:51:57 [main] INFO  demoqaBase - Email entered is: BWisem@demoqa.com
2025-09-08 12:51:57 [main] INFO  demoqaBase - Click on Elements|Web Tables|Registration Form|Age...
2025-09-08 12:51:57 [main] INFO  demoqaBase - Age entered is: 40
2025-09-08 12:51:57 [main] INFO  demoqaBase - Click on Elements|Web Tables|Registration Form|Salary...
2025-09-08 12:51:57 [main] INFO  demoqaBase - Salary entered is: 150000
2025-09-08 12:51:57 [main] INFO  demoqaBase - Click on Elements|Web Tables|Registration Form|Department...
2025-09-08 12:51:57 [main] INFO  demoqaBase - Department entered is: Medicine
2025-09-08 12:51:57 [main] INFO  demoqaBase - Submitting Registration Form...
2025-09-08 12:51:57 [main] INFO  demoqaBase - Registration Form Submitted...
2025-09-08 12:51:57 [main] ERROR demoqaBase - Submitted to register user: Bud
2025-09-08 12:51:57 [main] INFO  demoqaBase - Click on Elements|Web Tables|Registration Form...
2025-09-08 12:51:57 [main] INFO  demoqaLog - ✅ JS click executed on element: {}
2025-09-08 12:51:57 [main] ERROR demoqaBase - Registering User: Tom
2025-09-08 12:51:57 [main] INFO  demoqaBase - Click on Elements|Web Tables|Registration Form|FirstName...
2025-09-08 12:51:58 [main] INFO  demoqaBase - First Name entered is: Tom
2025-09-08 12:51:58 [main] INFO  demoqaBase - Click on Elements|Web Tables|Registration Form|LastName...
Last Name is: Boss
2025-09-08 12:51:58 [main] INFO  demoqaBase - Last Name entered is: Boss
2025-09-08 12:51:58 [main] INFO  demoqaBase - Click on Elements|Web Tables|Registration Form|Email...
Email ID is: TBoss@demoqa.com
2025-09-08 12:51:58 [main] INFO  demoqaBase - Email entered is: TBoss@demoqa.com
2025-09-08 12:51:58 [main] INFO  demoqaBase - Click on Elements|Web Tables|Registration Form|Age...
2025-09-08 12:51:58 [main] INFO  demoqaBase - Age entered is: 42
2025-09-08 12:51:58 [main] INFO  demoqaBase - Click on Elements|Web Tables|Registration Form|Salary...
2025-09-08 12:51:58 [main] INFO  demoqaBase - Salary entered is: 190000
2025-09-08 12:51:58 [main] INFO  demoqaBase - Click on Elements|Web Tables|Registration Form|Department...
2025-09-08 12:51:58 [main] INFO  demoqaBase - Department entered is: Recreation
2025-09-08 12:51:58 [main] INFO  demoqaBase - Submitting Registration Form...
2025-09-08 12:51:58 [main] INFO  demoqaBase - Registration Form Submitted...
2025-09-08 12:51:58 [main] ERROR demoqaBase - Submitted to register user: Tom
2025-09-08 12:51:58 [main] INFO  demoqaBase - Click on Elements|Web Tables|Registration Form...
2025-09-08 12:51:59 [main] INFO  demoqaLog - ✅ JS click executed on element: {}
2025-09-08 12:51:59 [main] INFO  demoqaBase - Modifying First Name of the user...
2025-09-08 12:52:01 [main] INFO  demoqaBase - Updated First Name is: Genelia
Initial user count: 10
Final user count: 10
2025-09-08 12:52:01 [main] INFO  demoqaBase - ✅ Test for Bulk User Creation and Edit Completed Successfully...
]]></system-out>
  </testcase>
  <testcase name="EditSalaryDepartment" classname="tests.ElementsTests" time="12.279">
    <system-out><![CDATA[2025-09-08 12:52:01 [main] INFO  demoqaBase - Closing the Browser for test: testAddAllUsersSearchEdit
2025-09-08 12:52:01 [main] INFO  DriverFactory - 🌐 Starting Chrome Web Browser...
2025-09-08 12:52:01 [main] INFO  DriverFactory - ✅ Created temporary Chrome profile at C:\Users\dell\AppData\Local\Temp\chrome-profile-4489635879635884229
2025-09-08 12:52:03 [main] INFO  DriverFactory - 🚀 WebDriver started successfully
2025-09-08 12:52:03 [main] INFO  RetryUrlAccess - Navigating to URL (attempt 1): https://demoqa.com
2025-09-08 12:52:11 [main] INFO  demoqaBase - 🚀 Starting test: EditSalaryDepartment
Instance Variables Declared are: nullnull
2025-09-08 12:52:11 [main] INFO  demoqaBase - Accessing Elements Card...
2025-09-08 12:52:11 [main] INFO  demoqaLog - Clicking on Elements Card...
2025-09-08 12:52:11 [main] WARN  demoqaLog - ⚠️ JS click failed, falling back to native click. Reason: {}
2025-09-08 12:52:11 [main] INFO  demoqaLog - ✅ Native click succeeded on element: {}
2025-09-08 12:52:11 [main] INFO  demoqaLog - Clicked on Elements Card...
Title of this Page is: DEMOQA
You are Accessing: Elements
 
Elements: Please select an item from left to start practice.
2025-09-08 12:52:11 [main] INFO  demoqaBase - Elements: Please select an item from left to start practice.
2025-09-08 12:52:11 [main] INFO  demoqaBase - Click on Elements|Web Tables...
Total Number of user before adding new ones are: 10
🧾 Row 1: {Salary=28000.0, Email=Jbravo@demoqa.com, Address=511 Grant 481, Prattsville\n Arkansas 72129\n United States, First Name=Johny, Gender=Male, City=Delhi, Mobile=9.238343488E9, Hobbies=Sports,Music, Subject=Computer Science, Current Address=301 Town 481, Brookville\n kansas 42129\n United States, Department=Information Technology, DOB=15/08/2000, Picture=/TestData/Mphoto.jpg, State=NCR, Last Name=Bravo, Age=34.0}
🔍 Mapping field: firstName | Excel Column: First Name | Value: Johny
🔍 Mapping field: lastName | Excel Column: Last Name | Value: Bravo
🔍 Mapping field: email | Excel Column: Email | Value: Jbravo@demoqa.com
🔍 Mapping field: salary | Excel Column: Salary | Value: 28000.0
🔍 Mapping field: age | Excel Column: Age | Value: 34.0
🔍 Mapping field: department | Excel Column: Department | Value: Information Technology
🧾 Row 2: {Salary=18000.0, Email=GFemina@demoqa.com, Address=512 Grant 481, Prattsville\n Arkansas 72129\n United States, First Name=Gene, Gender=Female, City=Merrut, Mobile=1.888343432E9, Hobbies=Music,Reading, Subject=Accounting, Current Address=302 Town 481, Brookville\n kansas 42129\n United States, Department=Finance, DOB=22/05/2002, Picture=/TestData/Fphoto.png, State=Uttar Pradesh, Last Name=Femina, Age=30.0}
🔍 Mapping field: firstName | Excel Column: First Name | Value: Gene
🔍 Mapping field: lastName | Excel Column: Last Name | Value: Femina
🔍 Mapping field: email | Excel Column: Email | Value: GFemina@demoqa.com
🔍 Mapping field: salary | Excel Column: Salary | Value: 18000.0
🔍 Mapping field: age | Excel Column: Age | Value: 30.0
🔍 Mapping field: department | Excel Column: Department | Value: Finance
🧾 Row 3: {Salary=15000.0, Email=BWisem@demoqa.com, Address=513 Grant 481, Prattsville\n Arkansas 72129\n United States, First Name=Bud, Gender=Other, City=Panipat, Mobile=8.932465432E9, Hobbies=Reading, Subject=Biology, Current Address=303 Town 481, Brookville\n kansas 42129\n United States, Department=Medicine, DOB=31/12/1999, Picture=/TestData/Ophoto.jpg, State=Haryana, Last Name=Wisem, Age=40.0}
🔍 Mapping field: firstName | Excel Column: First Name | Value: Bud
🔍 Mapping field: lastName | Excel Column: Last Name | Value: Wisem
🔍 Mapping field: email | Excel Column: Email | Value: BWisem@demoqa.com
🔍 Mapping field: salary | Excel Column: Salary | Value: 15000.0
🔍 Mapping field: age | Excel Column: Age | Value: 40.0
🔍 Mapping field: department | Excel Column: Department | Value: Medicine
🧾 Row 4: {Salary=19000.0, Email=TBoss@demoqa.com, Address=514 Grant 481, Prattsville\n Arkansas 72129\n United States, First Name=Tom, Gender=Male, City=Jaiselmer, Mobile=7.839875281E9, Hobbies=Sports,Reading, Subject=Social Studies, Current Address=304 Town 481, Brookville\n kansas 42129\n United States, Department=Recreation, DOB=1/26/03, Picture=/TestData/M2photo.jpg, State=Rajasthan, Last Name=Boss, Age=42.0}
🔍 Mapping field: firstName | Excel Column: First Name | Value: Tom
🔍 Mapping field: lastName | Excel Column: Last Name | Value: Boss
🔍 Mapping field: email | Excel Column: Email | Value: TBoss@demoqa.com
🔍 Mapping field: salary | Excel Column: Salary | Value: 19000.0
🔍 Mapping field: age | Excel Column: Age | Value: 42.0
🔍 Mapping field: department | Excel Column: Department | Value: Recreation
2025-09-08 12:52:11 [main] INFO  demoqaBase - Click on Elements|Web Tables|Registration Form...
2025-09-08 12:52:12 [main] INFO  demoqaLog - ✅ JS click executed on element: {}
🧾 Row 1: {Salary=28000.0, Email=Jbravo@demoqa.com, Address=511 Grant 481, Prattsville\n Arkansas 72129\n United States, First Name=Johny, Gender=Male, City=Delhi, Mobile=9.238343488E9, Hobbies=Sports,Music, Subject=Computer Science, Current Address=301 Town 481, Brookville\n kansas 42129\n United States, Department=Information Technology, DOB=15/08/2000, Picture=/TestData/Mphoto.jpg, State=NCR, Last Name=Bravo, Age=34.0}
🔍 Mapping field: firstName | Excel Column: First Name | Value: Johny
🔍 Mapping field: lastName | Excel Column: Last Name | Value: Bravo
🔍 Mapping field: email | Excel Column: Email | Value: Jbravo@demoqa.com
🔍 Mapping field: salary | Excel Column: Salary | Value: 28000.0
🔍 Mapping field: age | Excel Column: Age | Value: 34.0
🔍 Mapping field: department | Excel Column: Department | Value: Information Technology
🧾 Row 2: {Salary=18000.0, Email=GFemina@demoqa.com, Address=512 Grant 481, Prattsville\n Arkansas 72129\n United States, First Name=Gene, Gender=Female, City=Merrut, Mobile=1.888343432E9, Hobbies=Music,Reading, Subject=Accounting, Current Address=302 Town 481, Brookville\n kansas 42129\n United States, Department=Finance, DOB=22/05/2002, Picture=/TestData/Fphoto.png, State=Uttar Pradesh, Last Name=Femina, Age=30.0}
🔍 Mapping field: firstName | Excel Column: First Name | Value: Gene
🔍 Mapping field: lastName | Excel Column: Last Name | Value: Femina
🔍 Mapping field: email | Excel Column: Email | Value: GFemina@demoqa.com
🔍 Mapping field: salary | Excel Column: Salary | Value: 18000.0
🔍 Mapping field: age | Excel Column: Age | Value: 30.0
🔍 Mapping field: department | Excel Column: Department | Value: Finance
🧾 Row 3: {Salary=15000.0, Email=BWisem@demoqa.com, Address=513 Grant 481, Prattsville\n Arkansas 72129\n United States, First Name=Bud, Gender=Other, City=Panipat, Mobile=8.932465432E9, Hobbies=Reading, Subject=Biology, Current Address=303 Town 481, Brookville\n kansas 42129\n United States, Department=Medicine, DOB=31/12/1999, Picture=/TestData/Ophoto.jpg, State=Haryana, Last Name=Wisem, Age=40.0}
🔍 Mapping field: firstName | Excel Column: First Name | Value: Bud
🔍 Mapping field: lastName | Excel Column: Last Name | Value: Wisem
🔍 Mapping field: email | Excel Column: Email | Value: BWisem@demoqa.com
🔍 Mapping field: salary | Excel Column: Salary | Value: 15000.0
🔍 Mapping field: age | Excel Column: Age | Value: 40.0
🔍 Mapping field: department | Excel Column: Department | Value: Medicine
🧾 Row 4: {Salary=19000.0, Email=TBoss@demoqa.com, Address=514 Grant 481, Prattsville\n Arkansas 72129\n United States, First Name=Tom, Gender=Male, City=Jaiselmer, Mobile=7.839875281E9, Hobbies=Sports,Reading, Subject=Social Studies, Current Address=304 Town 481, Brookville\n kansas 42129\n United States, Department=Recreation, DOB=1/26/03, Picture=/TestData/M2photo.jpg, State=Rajasthan, Last Name=Boss, Age=42.0}
🔍 Mapping field: firstName | Excel Column: First Name | Value: Tom
🔍 Mapping field: lastName | Excel Column: Last Name | Value: Boss
🔍 Mapping field: email | Excel Column: Email | Value: TBoss@demoqa.com
🔍 Mapping field: salary | Excel Column: Salary | Value: 19000.0
🔍 Mapping field: age | Excel Column: Age | Value: 42.0
🔍 Mapping field: department | Excel Column: Department | Value: Recreation
2025-09-08 12:52:12 [main] ERROR demoqaBase - Registering User: Johny
2025-09-08 12:52:12 [main] INFO  demoqaBase - Click on Elements|Web Tables|Registration Form|FirstName...
2025-09-08 12:52:12 [main] INFO  demoqaBase - First Name entered is: Johny
2025-09-08 12:52:12 [main] INFO  demoqaBase - Click on Elements|Web Tables|Registration Form|LastName...
Last Name is: Bravo
2025-09-08 12:52:12 [main] INFO  demoqaBase - Last Name entered is: Bravo
2025-09-08 12:52:12 [main] INFO  demoqaBase - Click on Elements|Web Tables|Registration Form|Email...
Email ID is: Jbravo@demoqa.com
2025-09-08 12:52:13 [main] INFO  demoqaBase - Email entered is: Jbravo@demoqa.com
2025-09-08 12:52:13 [main] INFO  demoqaBase - Click on Elements|Web Tables|Registration Form|Age...
2025-09-08 12:52:13 [main] INFO  demoqaBase - Age entered is: 34
2025-09-08 12:52:13 [main] INFO  demoqaBase - Click on Elements|Web Tables|Registration Form|Salary...
2025-09-08 12:52:13 [main] INFO  demoqaBase - Salary entered is: 280000
2025-09-08 12:52:13 [main] INFO  demoqaBase - Click on Elements|Web Tables|Registration Form|Department...
2025-09-08 12:52:13 [main] INFO  demoqaBase - Department entered is: Information Technology
2025-09-08 12:52:13 [main] INFO  demoqaBase - Submitting Registration Form...
2025-09-08 12:52:13 [main] INFO  demoqaBase - Registration Form Submitted...
2025-09-08 12:52:13 [main] ERROR demoqaBase - Submitted to register user: Johny
2025-09-08 12:52:13 [main] INFO  demoqaBase - Click on Elements|Web Tables|Registration Form...
2025-09-08 12:52:13 [main] INFO  demoqaLog - ✅ JS click executed on element: {}
2025-09-08 12:52:13 [main] ERROR demoqaBase - Registering User: Gene
2025-09-08 12:52:13 [main] INFO  demoqaBase - Click on Elements|Web Tables|Registration Form|FirstName...
2025-09-08 12:52:14 [main] INFO  demoqaBase - First Name entered is: Gene
2025-09-08 12:52:14 [main] INFO  demoqaBase - Click on Elements|Web Tables|Registration Form|LastName...
Last Name is: Femina
2025-09-08 12:52:14 [main] INFO  demoqaBase - Last Name entered is: Femina
2025-09-08 12:52:14 [main] INFO  demoqaBase - Click on Elements|Web Tables|Registration Form|Email...
Email ID is: GFemina@demoqa.com
2025-09-08 12:52:14 [main] INFO  demoqaBase - Email entered is: GFemina@demoqa.com
2025-09-08 12:52:14 [main] INFO  demoqaBase - Click on Elements|Web Tables|Registration Form|Age...
2025-09-08 12:52:14 [main] INFO  demoqaBase - Age entered is: 30
2025-09-08 12:52:14 [main] INFO  demoqaBase - Click on Elements|Web Tables|Registration Form|Salary...
2025-09-08 12:52:14 [main] INFO  demoqaBase - Salary entered is: 180000
2025-09-08 12:52:14 [main] INFO  demoqaBase - Click on Elements|Web Tables|Registration Form|Department...
2025-09-08 12:52:14 [main] INFO  demoqaBase - Department entered is: Finance
2025-09-08 12:52:14 [main] INFO  demoqaBase - Submitting Registration Form...
2025-09-08 12:52:15 [main] INFO  demoqaBase - Registration Form Submitted...
2025-09-08 12:52:15 [main] ERROR demoqaBase - Submitted to register user: Gene
2025-09-08 12:52:15 [main] INFO  demoqaBase - Click on Elements|Web Tables|Registration Form...
2025-09-08 12:52:15 [main] INFO  demoqaLog - ✅ JS click executed on element: {}
2025-09-08 12:52:15 [main] ERROR demoqaBase - Registering User: Bud
2025-09-08 12:52:15 [main] INFO  demoqaBase - Click on Elements|Web Tables|Registration Form|FirstName...
2025-09-08 12:52:15 [main] INFO  demoqaBase - First Name entered is: Bud
2025-09-08 12:52:15 [main] INFO  demoqaBase - Click on Elements|Web Tables|Registration Form|LastName...
Last Name is: Wisem
2025-09-08 12:52:15 [main] INFO  demoqaBase - Last Name entered is: Wisem
2025-09-08 12:52:15 [main] INFO  demoqaBase - Click on Elements|Web Tables|Registration Form|Email...
Email ID is: BWisem@demoqa.com
2025-09-08 12:52:15 [main] INFO  demoqaBase - Email entered is: BWisem@demoqa.com
2025-09-08 12:52:15 [main] INFO  demoqaBase - Click on Elements|Web Tables|Registration Form|Age...
2025-09-08 12:52:15 [main] INFO  demoqaBase - Age entered is: 40
2025-09-08 12:52:15 [main] INFO  demoqaBase - Click on Elements|Web Tables|Registration Form|Salary...
2025-09-08 12:52:16 [main] INFO  demoqaBase - Salary entered is: 150000
2025-09-08 12:52:16 [main] INFO  demoqaBase - Click on Elements|Web Tables|Registration Form|Department...
2025-09-08 12:52:16 [main] INFO  demoqaBase - Department entered is: Medicine
2025-09-08 12:52:16 [main] INFO  demoqaBase - Submitting Registration Form...
2025-09-08 12:52:16 [main] INFO  demoqaBase - Registration Form Submitted...
2025-09-08 12:52:16 [main] ERROR demoqaBase - Submitted to register user: Bud
2025-09-08 12:52:16 [main] INFO  demoqaBase - Click on Elements|Web Tables|Registration Form...
2025-09-08 12:52:16 [main] INFO  demoqaLog - ✅ JS click executed on element: {}
2025-09-08 12:52:16 [main] ERROR demoqaBase - Registering User: Tom
2025-09-08 12:52:16 [main] INFO  demoqaBase - Click on Elements|Web Tables|Registration Form|FirstName...
2025-09-08 12:52:16 [main] INFO  demoqaBase - First Name entered is: Tom
2025-09-08 12:52:16 [main] INFO  demoqaBase - Click on Elements|Web Tables|Registration Form|LastName...
Last Name is: Boss
2025-09-08 12:52:16 [main] INFO  demoqaBase - Last Name entered is: Boss
2025-09-08 12:52:16 [main] INFO  demoqaBase - Click on Elements|Web Tables|Registration Form|Email...
Email ID is: TBoss@demoqa.com
2025-09-08 12:52:16 [main] INFO  demoqaBase - Email entered is: TBoss@demoqa.com
2025-09-08 12:52:16 [main] INFO  demoqaBase - Click on Elements|Web Tables|Registration Form|Age...
2025-09-08 12:52:17 [main] INFO  demoqaBase - Age entered is: 42
2025-09-08 12:52:17 [main] INFO  demoqaBase - Click on Elements|Web Tables|Registration Form|Salary...
2025-09-08 12:52:17 [main] INFO  demoqaBase - Salary entered is: 190000
2025-09-08 12:52:17 [main] INFO  demoqaBase - Click on Elements|Web Tables|Registration Form|Department...
2025-09-08 12:52:17 [main] INFO  demoqaBase - Department entered is: Recreation
2025-09-08 12:52:17 [main] INFO  demoqaBase - Submitting Registration Form...
2025-09-08 12:52:17 [main] INFO  demoqaBase - Registration Form Submitted...
2025-09-08 12:52:17 [main] ERROR demoqaBase - Submitted to register user: Tom
2025-09-08 12:52:17 [main] INFO  demoqaBase - Click on Elements|Web Tables|Registration Form...
2025-09-08 12:52:17 [main] INFO  demoqaLog - ✅ JS click executed on element: {}
Current Salary is: 0
2025-09-08 12:52:18 [main] INFO  demoqaBase - Modifying First Name of the user...
2025-09-08 12:52:19 [main] INFO  demoqaBase - Updated First Name is: Tom
2025-09-08 12:52:19 [main] INFO  demoqaBase - Updating Users Salary...
New Salary is: 345000
2025-09-08 12:52:20 [main] INFO  demoqaBase - Updated Salarye is: 345000
2025-09-08 12:52:21 [main] INFO  demoqaBase - Modifying First Name of the user...
2025-09-08 12:52:22 [main] INFO  demoqaBase - Updated First Name is: Tom
2025-09-08 12:52:22 [main] INFO  demoqaBase - Updating Users Department...
New Salary is: Architecture
2025-09-08 12:52:23 [main] INFO  demoqaBase - Updated Salarye is: Architecture
2025-09-08 12:52:23 [main] INFO  demoqaBase - ✅ Test for Bulk User Creation and Edit Completed Successfully...
]]></system-out>
  </testcase>
  <testcase name="Buttons" classname="tests.ElementsTests" time="0.454">
    <system-out><![CDATA[2025-09-08 12:52:23 [main] INFO  demoqaBase - Closing the Browser for test: EditSalaryDepartment
2025-09-08 12:52:24 [main] INFO  DriverFactory - 🌐 Starting Chrome Web Browser...
2025-09-08 12:52:24 [main] INFO  DriverFactory - ✅ Created temporary Chrome profile at C:\Users\dell\AppData\Local\Temp\chrome-profile-1353453492302843931
2025-09-08 12:52:25 [main] INFO  DriverFactory - 🚀 WebDriver started successfully
2025-09-08 12:52:25 [main] INFO  RetryUrlAccess - Navigating to URL (attempt 1): https://demoqa.com
2025-09-08 12:52:46 [main] INFO  demoqaBase - 🚀 Starting test: Buttons
Instance Variables Declared are: nullnull
2025-09-08 12:52:46 [main] INFO  demoqaBase - Accessing Elements Card...
2025-09-08 12:52:46 [main] INFO  demoqaLog - Clicking on Elements Card...
2025-09-08 12:52:46 [main] WARN  demoqaLog - ⚠️ JS click failed, falling back to native click. Reason: {}
2025-09-08 12:52:46 [main] INFO  demoqaLog - ✅ Native click succeeded on element: {}
2025-09-08 12:52:46 [main] INFO  demoqaLog - Clicked on Elements Card...
Title of this Page is: DEMOQA
You are Accessing: Elements
 
Elements: Please select an item from left to start practice.
2025-09-08 12:52:46 [main] INFO  demoqaBase - Elements: Please select an item from left to start practice.
2025-09-08 12:52:46 [main] INFO  demoqaBase - Clicking on Elements|Buttons...
2025-09-08 12:52:46 [main] INFO  demoqaBase - Clicked on Elements|Buttons...
2025-09-08 12:52:46 [main] INFO  demoqaBase - ✅ Test for Elements|Buttons Click Completed Successfully...
]]></system-out>
  </testcase>
  <testcase name="DoubleClickButtons" classname="tests.ElementsTests" time="0.699">
    <failure message="no such element: Unable to locate element: {&quot;method&quot;:&quot;xpath&quot;,&quot;selector&quot;:&quot;//p[@id=&apos;doubleClickMessage&apos;]&quot;}&#10;  (Session info: chrome=137.0.7151.120)&#10;For documentation on this error, please visit: https://www.selenium.dev/documentation/webdriver/troubleshooting/errors#no-such-element-exception&#10;Build info: version: &apos;4.35.0&apos;, revision: &apos;1c58e5028b&apos;&#10;System info: os.name: &apos;Windows 11&apos;, os.arch: &apos;amd64&apos;, os.version: &apos;10.0&apos;, java.version: &apos;21.0.7&apos;&#10;Driver info: org.openqa.selenium.chrome.ChromeDriver&#10;Command: [55fe61accf4a72f97e23a713fc9c822d, findElement {value=//p[@id=&apos;doubleClickMessage&apos;], using=xpath}]&#10;Capabilities {acceptInsecureCerts: false, browserName: chrome, browserVersion: 137.0.7151.120, chrome: {chromedriverVersion: 137.0.7151.119 (e0ac9d12dff..., userDataDir: C:\Users\dell\AppData\Local...}, fedcm:accounts: true, goog:chromeOptions: {debuggerAddress: localhost:56142}, networkConnectionEnabled: false, pageLoadStrategy: normal, platformName: windows, proxy: Proxy(), se:cdp: ws://localhost:56142/devtoo..., se:cdpVersion: 137.0.7151.120, setWindowRect: true, strictFileInteractability: false, timeouts: {implicit: 0, pageLoad: 300000, script: 30000}, unhandledPromptBehavior: dismiss and notify, webauthn:extension:credBlob: true, webauthn:extension:largeBlob: true, webauthn:extension:minPinLength: true, webauthn:extension:prf: true, webauthn:virtualAuthenticators: true}&#10;Session ID: 55fe61accf4a72f97e23a713fc9c822d" type="org.openqa.selenium.NoSuchElementException"><![CDATA[org.openqa.selenium.NoSuchElementException: 
no such element: Unable to locate element: {"method":"xpath","selector":"//p[@id='doubleClickMessage']"}
  (Session info: chrome=137.0.7151.120)
For documentation on this error, please visit: https://www.selenium.dev/documentation/webdriver/troubleshooting/errors#no-such-element-exception
Build info: version: '4.35.0', revision: '1c58e5028b'
System info: os.name: 'Windows 11', os.arch: 'amd64', os.version: '10.0', java.version: '21.0.7'
Driver info: org.openqa.selenium.chrome.ChromeDriver
Command: [55fe61accf4a72f97e23a713fc9c822d, findElement {value=//p[@id='doubleClickMessage'], using=xpath}]
Capabilities {acceptInsecureCerts: false, browserName: chrome, browserVersion: 137.0.7151.120, chrome: {chromedriverVersion: 137.0.7151.119 (e0ac9d12dff..., userDataDir: C:\Users\dell\AppData\Local...}, fedcm:accounts: true, goog:chromeOptions: {debuggerAddress: localhost:56142}, networkConnectionEnabled: false, pageLoadStrategy: normal, platformName: windows, proxy: Proxy(), se:cdp: ws://localhost:56142/devtoo..., se:cdpVersion: 137.0.7151.120, setWindowRect: true, strictFileInteractability: false, timeouts: {implicit: 0, pageLoad: 300000, script: 30000}, unhandledPromptBehavior: dismiss and notify, webauthn:extension:credBlob: true, webauthn:extension:largeBlob: true, webauthn:extension:minPinLength: true, webauthn:extension:prf: true, webauthn:virtualAuthenticators: true}
Session ID: 55fe61accf4a72f97e23a713fc9c822d
	at java.base/jdk.internal.reflect.DirectConstructorHandleAccessor.newInstance(DirectConstructorHandleAccessor.java:62)
	at java.base/java.lang.reflect.Constructor.newInstanceWithCaller(Constructor.java:502)
	at java.base/java.lang.reflect.Constructor.newInstance(Constructor.java:486)
	at org.openqa.selenium.remote.ErrorCodec.decode(ErrorCodec.java:167)
	at org.openqa.selenium.remote.codec.w3c.W3CHttpResponseCodec.decode(W3CHttpResponseCodec.java:138)
	at org.openqa.selenium.remote.codec.w3c.W3CHttpResponseCodec.decode(W3CHttpResponseCodec.java:50)
	at org.openqa.selenium.remote.HttpCommandExecutor.execute(HttpCommandExecutor.java:215)
	at org.openqa.selenium.remote.service.DriverCommandExecutor.invokeExecute(DriverCommandExecutor.java:216)
	at org.openqa.selenium.remote.service.DriverCommandExecutor.execute(DriverCommandExecutor.java:174)
	at org.openqa.selenium.remote.RemoteWebDriver.execute(RemoteWebDriver.java:557)
	at org.openqa.selenium.remote.ElementLocation$ElementFinder$2.findElement(ElementLocation.java:165)
	at org.openqa.selenium.remote.ElementLocation.findElement(ElementLocation.java:59)
	at org.openqa.selenium.remote.RemoteWebDriver.findElement(RemoteWebDriver.java:380)
	at org.openqa.selenium.remote.RemoteWebDriver.findElement(RemoteWebDriver.java:374)
	at pages.elementsPage.DoubleClickbtn(elementsPage.java:934)
	at tests.ElementsTests.DoubleClickButtons(ElementsTests.java:771)
	at java.base/jdk.internal.reflect.DirectMethodHandleAccessor.invoke(DirectMethodHandleAccessor.java:103)
	at java.base/java.lang.reflect.Method.invoke(Method.java:580)
	at org.testng.internal.invokers.MethodInvocationHelper.invokeMethod(MethodInvocationHelper.java:141)
	at org.testng.internal.invokers.TestInvoker.invokeMethod(TestInvoker.java:687)
	at org.testng.internal.invokers.TestInvoker.invokeTestMethod(TestInvoker.java:230)
	at org.testng.internal.invokers.MethodRunner.runInSequence(MethodRunner.java:63)
	at org.testng.internal.invokers.TestInvoker$MethodInvocationAgent.invoke(TestInvoker.java:995)
	at org.testng.internal.invokers.TestInvoker.invokeTestMethods(TestInvoker.java:203)
	at org.testng.internal.invokers.TestMethodWorker.invokeTestMethods(TestMethodWorker.java:154)
	at org.testng.internal.invokers.TestMethodWorker.run(TestMethodWorker.java:134)
	at java.base/java.util.ArrayList.forEach(ArrayList.java:1596)
	at org.testng.TestRunner.privateRun(TestRunner.java:741)
	at org.testng.TestRunner.run(TestRunner.java:616)
	at org.testng.SuiteRunner.runTest(SuiteRunner.java:421)
	at org.testng.SuiteRunner.runSequentially(SuiteRunner.java:413)
	at org.testng.SuiteRunner.privateRun(SuiteRunner.java:373)
	at org.testng.SuiteRunner.run(SuiteRunner.java:312)
	at org.testng.SuiteRunnerWorker.runSuite(SuiteRunnerWorker.java:52)
	at org.testng.SuiteRunnerWorker.run(SuiteRunnerWorker.java:95)
	at org.testng.TestNG.runSuitesSequentially(TestNG.java:1274)
	at org.testng.TestNG.runSuitesLocally(TestNG.java:1208)
	at org.testng.TestNG.runSuites(TestNG.java:1112)
	at org.testng.TestNG.run(TestNG.java:1079)
	at org.apache.maven.surefire.testng.TestNGExecutor.run(TestNGExecutor.java:155)
	at org.apache.maven.surefire.testng.TestNGDirectoryTestSuite.executeMulti(TestNGDirectoryTestSuite.java:169)
	at org.apache.maven.surefire.testng.TestNGDirectoryTestSuite.execute(TestNGDirectoryTestSuite.java:88)
	at org.apache.maven.surefire.testng.TestNGProvider.invoke(TestNGProvider.java:137)
	at org.apache.maven.surefire.booter.ForkedBooter.runSuitesInProcess(ForkedBooter.java:385)
	at org.apache.maven.surefire.booter.ForkedBooter.execute(ForkedBooter.java:162)
	at org.apache.maven.surefire.booter.ForkedBooter.run(ForkedBooter.java:507)
	at org.apache.maven.surefire.booter.ForkedBooter.main(ForkedBooter.java:495)
]]></failure>
    <system-out><![CDATA[2025-09-08 12:52:46 [main] INFO  demoqaBase - Closing the Browser for test: Buttons
2025-09-08 12:52:47 [main] INFO  DriverFactory - 🌐 Starting Chrome Web Browser...
2025-09-08 12:52:47 [main] INFO  DriverFactory - ✅ Created temporary Chrome profile at C:\Users\dell\AppData\Local\Temp\chrome-profile-607033891126502011
2025-09-08 12:52:48 [main] INFO  DriverFactory - 🚀 WebDriver started successfully
2025-09-08 12:52:48 [main] INFO  RetryUrlAccess - Navigating to URL (attempt 1): https://demoqa.com
2025-09-08 12:52:53 [main] INFO  demoqaBase - 🚀 Starting test: DoubleClickButtons
Instance Variables Declared are: nullnull
2025-09-08 12:52:53 [main] INFO  demoqaBase - Accessing Elements Card...
2025-09-08 12:52:53 [main] INFO  demoqaLog - Clicking on Elements Card...
2025-09-08 12:52:53 [main] WARN  demoqaLog - ⚠️ JS click failed, falling back to native click. Reason: {}
2025-09-08 12:52:53 [main] INFO  demoqaLog - ✅ Native click succeeded on element: {}
2025-09-08 12:52:53 [main] INFO  demoqaLog - Clicked on Elements Card...
Title of this Page is: DEMOQA
You are Accessing: Elements
 
Elements: Please select an item from left to start practice.
2025-09-08 12:52:53 [main] INFO  demoqaBase - Elements: Please select an item from left to start practice.
2025-09-08 12:52:53 [main] INFO  demoqaBase - Clicking on Elements|Buttons...
2025-09-08 12:52:53 [main] INFO  demoqaBase - Clicked on Elements|Buttons...
2025-09-08 12:52:53 [main] INFO  demoqaBase - Clicking on Elements|Buttons|Double Click button...
Declared WebDriverWait: org.openqa.selenium.support.ui.WebDriverWait@708f5580
]]></system-out>
  </testcase>
  <testcase name="RightClickButton" classname="tests.ElementsTests" time="0.78">
    <failure message="no such element: Unable to locate element: {&quot;method&quot;:&quot;xpath&quot;,&quot;selector&quot;:&quot;//p[@id=&apos;rightClickMessage&apos;]&quot;}&#10;  (Session info: chrome=137.0.7151.120)&#10;For documentation on this error, please visit: https://www.selenium.dev/documentation/webdriver/troubleshooting/errors#no-such-element-exception&#10;Build info: version: &apos;4.35.0&apos;, revision: &apos;1c58e5028b&apos;&#10;System info: os.name: &apos;Windows 11&apos;, os.arch: &apos;amd64&apos;, os.version: &apos;10.0&apos;, java.version: &apos;21.0.7&apos;&#10;Driver info: org.openqa.selenium.chrome.ChromeDriver&#10;Command: [2b13f56d5481759d7c389b223b950919, findElement {value=//p[@id=&apos;rightClickMessage&apos;], using=xpath}]&#10;Capabilities {acceptInsecureCerts: false, browserName: chrome, browserVersion: 137.0.7151.120, chrome: {chromedriverVersion: 137.0.7151.119 (e0ac9d12dff..., userDataDir: C:\Users\dell\AppData\Local...}, fedcm:accounts: true, goog:chromeOptions: {debuggerAddress: localhost:56265}, networkConnectionEnabled: false, pageLoadStrategy: normal, platformName: windows, proxy: Proxy(), se:cdp: ws://localhost:56265/devtoo..., se:cdpVersion: 137.0.7151.120, setWindowRect: true, strictFileInteractability: false, timeouts: {implicit: 0, pageLoad: 300000, script: 30000}, unhandledPromptBehavior: dismiss and notify, webauthn:extension:credBlob: true, webauthn:extension:largeBlob: true, webauthn:extension:minPinLength: true, webauthn:extension:prf: true, webauthn:virtualAuthenticators: true}&#10;Session ID: 2b13f56d5481759d7c389b223b950919" type="org.openqa.selenium.NoSuchElementException"><![CDATA[org.openqa.selenium.NoSuchElementException: 
no such element: Unable to locate element: {"method":"xpath","selector":"//p[@id='rightClickMessage']"}
  (Session info: chrome=137.0.7151.120)
For documentation on this error, please visit: https://www.selenium.dev/documentation/webdriver/troubleshooting/errors#no-such-element-exception
Build info: version: '4.35.0', revision: '1c58e5028b'
System info: os.name: 'Windows 11', os.arch: 'amd64', os.version: '10.0', java.version: '21.0.7'
Driver info: org.openqa.selenium.chrome.ChromeDriver
Command: [2b13f56d5481759d7c389b223b950919, findElement {value=//p[@id='rightClickMessage'], using=xpath}]
Capabilities {acceptInsecureCerts: false, browserName: chrome, browserVersion: 137.0.7151.120, chrome: {chromedriverVersion: 137.0.7151.119 (e0ac9d12dff..., userDataDir: C:\Users\dell\AppData\Local...}, fedcm:accounts: true, goog:chromeOptions: {debuggerAddress: localhost:56265}, networkConnectionEnabled: false, pageLoadStrategy: normal, platformName: windows, proxy: Proxy(), se:cdp: ws://localhost:56265/devtoo..., se:cdpVersion: 137.0.7151.120, setWindowRect: true, strictFileInteractability: false, timeouts: {implicit: 0, pageLoad: 300000, script: 30000}, unhandledPromptBehavior: dismiss and notify, webauthn:extension:credBlob: true, webauthn:extension:largeBlob: true, webauthn:extension:minPinLength: true, webauthn:extension:prf: true, webauthn:virtualAuthenticators: true}
Session ID: 2b13f56d5481759d7c389b223b950919
	at java.base/jdk.internal.reflect.DirectConstructorHandleAccessor.newInstance(DirectConstructorHandleAccessor.java:62)
	at java.base/java.lang.reflect.Constructor.newInstanceWithCaller(Constructor.java:502)
	at java.base/java.lang.reflect.Constructor.newInstance(Constructor.java:486)
	at org.openqa.selenium.remote.ErrorCodec.decode(ErrorCodec.java:167)
	at org.openqa.selenium.remote.codec.w3c.W3CHttpResponseCodec.decode(W3CHttpResponseCodec.java:138)
	at org.openqa.selenium.remote.codec.w3c.W3CHttpResponseCodec.decode(W3CHttpResponseCodec.java:50)
	at org.openqa.selenium.remote.HttpCommandExecutor.execute(HttpCommandExecutor.java:215)
	at org.openqa.selenium.remote.service.DriverCommandExecutor.invokeExecute(DriverCommandExecutor.java:216)
	at org.openqa.selenium.remote.service.DriverCommandExecutor.execute(DriverCommandExecutor.java:174)
	at org.openqa.selenium.remote.RemoteWebDriver.execute(RemoteWebDriver.java:557)
	at org.openqa.selenium.remote.ElementLocation$ElementFinder$2.findElement(ElementLocation.java:165)
	at org.openqa.selenium.remote.ElementLocation.findElement(ElementLocation.java:59)
	at org.openqa.selenium.remote.RemoteWebDriver.findElement(RemoteWebDriver.java:380)
	at org.openqa.selenium.remote.RemoteWebDriver.findElement(RemoteWebDriver.java:374)
	at org.openqa.selenium.support.pagefactory.DefaultElementLocator.findElement(DefaultElementLocator.java:68)
	at org.openqa.selenium.support.pagefactory.internal.LocatingElementHandler.invoke(LocatingElementHandler.java:38)
	at jdk.proxy2/jdk.proxy2.$Proxy29.getText(Unknown Source)
	at pages.elementsPage.RightClickBtn(elementsPage.java:954)
	at tests.ElementsTests.RightClickButton(ElementsTests.java:785)
	at java.base/jdk.internal.reflect.DirectMethodHandleAccessor.invoke(DirectMethodHandleAccessor.java:103)
	at java.base/java.lang.reflect.Method.invoke(Method.java:580)
	at org.testng.internal.invokers.MethodInvocationHelper.invokeMethod(MethodInvocationHelper.java:141)
	at org.testng.internal.invokers.TestInvoker.invokeMethod(TestInvoker.java:687)
	at org.testng.internal.invokers.TestInvoker.invokeTestMethod(TestInvoker.java:230)
	at org.testng.internal.invokers.MethodRunner.runInSequence(MethodRunner.java:63)
	at org.testng.internal.invokers.TestInvoker$MethodInvocationAgent.invoke(TestInvoker.java:995)
	at org.testng.internal.invokers.TestInvoker.invokeTestMethods(TestInvoker.java:203)
	at org.testng.internal.invokers.TestMethodWorker.invokeTestMethods(TestMethodWorker.java:154)
	at org.testng.internal.invokers.TestMethodWorker.run(TestMethodWorker.java:134)
	at java.base/java.util.ArrayList.forEach(ArrayList.java:1596)
	at org.testng.TestRunner.privateRun(TestRunner.java:741)
	at org.testng.TestRunner.run(TestRunner.java:616)
	at org.testng.SuiteRunner.runTest(SuiteRunner.java:421)
	at org.testng.SuiteRunner.runSequentially(SuiteRunner.java:413)
	at org.testng.SuiteRunner.privateRun(SuiteRunner.java:373)
	at org.testng.SuiteRunner.run(SuiteRunner.java:312)
	at org.testng.SuiteRunnerWorker.runSuite(SuiteRunnerWorker.java:52)
	at org.testng.SuiteRunnerWorker.run(SuiteRunnerWorker.java:95)
	at org.testng.TestNG.runSuitesSequentially(TestNG.java:1274)
	at org.testng.TestNG.runSuitesLocally(TestNG.java:1208)
	at org.testng.TestNG.runSuites(TestNG.java:1112)
	at org.testng.TestNG.run(TestNG.java:1079)
	at org.apache.maven.surefire.testng.TestNGExecutor.run(TestNGExecutor.java:155)
	at org.apache.maven.surefire.testng.TestNGDirectoryTestSuite.executeMulti(TestNGDirectoryTestSuite.java:169)
	at org.apache.maven.surefire.testng.TestNGDirectoryTestSuite.execute(TestNGDirectoryTestSuite.java:88)
	at org.apache.maven.surefire.testng.TestNGProvider.invoke(TestNGProvider.java:137)
	at org.apache.maven.surefire.booter.ForkedBooter.runSuitesInProcess(ForkedBooter.java:385)
	at org.apache.maven.surefire.booter.ForkedBooter.execute(ForkedBooter.java:162)
	at org.apache.maven.surefire.booter.ForkedBooter.run(ForkedBooter.java:507)
	at org.apache.maven.surefire.booter.ForkedBooter.main(ForkedBooter.java:495)
]]></failure>
    <system-out><![CDATA[Path for Screenshot is: C:\ASN\eclipse_workspace\demoqa-automation/screenshots/DoubleClickButtons_Failed+2025-09-08_12-52-54.png
2025-09-08 12:52:54 [main] ERROR demoqaBase - ❌ Test DoubleClickButtons failed. Screenshot captured.
2025-09-08 12:52:54 [main] INFO  demoqaBase - Closing the Browser for test: DoubleClickButtons
2025-09-08 12:52:54 [main] INFO  DriverFactory - 🌐 Starting Chrome Web Browser...
2025-09-08 12:52:54 [main] INFO  DriverFactory - ✅ Created temporary Chrome profile at C:\Users\dell\AppData\Local\Temp\chrome-profile-11957234631546239546
2025-09-08 12:52:55 [main] INFO  DriverFactory - 🚀 WebDriver started successfully
2025-09-08 12:52:55 [main] INFO  RetryUrlAccess - Navigating to URL (attempt 1): https://demoqa.com
2025-09-08 12:53:31 [main] INFO  demoqaBase - 🚀 Starting test: RightClickButton
Instance Variables Declared are: nullnull
2025-09-08 12:53:31 [main] INFO  demoqaBase - Accessing Elements Card...
2025-09-08 12:53:31 [main] INFO  demoqaLog - Clicking on Elements Card...
2025-09-08 12:53:31 [main] WARN  demoqaLog - ⚠️ JS click failed, falling back to native click. Reason: {}
2025-09-08 12:53:31 [main] INFO  demoqaLog - ✅ Native click succeeded on element: {}
2025-09-08 12:53:31 [main] INFO  demoqaLog - Clicked on Elements Card...
Title of this Page is: DEMOQA
You are Accessing: Elements
 
Elements: Please select an item from left to start practice.
2025-09-08 12:53:31 [main] INFO  demoqaBase - Elements: Please select an item from left to start practice.
2025-09-08 12:53:31 [main] INFO  demoqaBase - Clicking on Elements|Buttons...
2025-09-08 12:53:31 [main] INFO  demoqaBase - Clicked on Elements|Buttons...
2025-09-08 12:53:31 [main] INFO  demoqaBase - Clicking on Elements|Buttons|Right Click button...
Waiting for Element: [[ChromeDriver: chrome on windows (2b13f56d5481759d7c389b223b950919)] -> xpath: //button[@id='rightClickBtn']]
]]></system-out>
  </testcase>
  <testcase name="ClickMeButton" classname="tests.ElementsTests" time="0.649">
    <system-out><![CDATA[Path for Screenshot is: C:\ASN\eclipse_workspace\demoqa-automation/screenshots/RightClickButton_Failed+2025-09-08_12-53-32.png
2025-09-08 12:53:32 [main] ERROR demoqaBase - ❌ Test RightClickButton failed. Screenshot captured.
2025-09-08 12:53:32 [main] INFO  demoqaBase - Closing the Browser for test: RightClickButton
2025-09-08 12:53:33 [main] INFO  DriverFactory - 🌐 Starting Chrome Web Browser...
2025-09-08 12:53:33 [main] INFO  DriverFactory - ✅ Created temporary Chrome profile at C:\Users\dell\AppData\Local\Temp\chrome-profile-2943664766663052108
2025-09-08 12:53:34 [main] INFO  DriverFactory - 🚀 WebDriver started successfully
2025-09-08 12:53:34 [main] INFO  RetryUrlAccess - Navigating to URL (attempt 1): https://demoqa.com
2025-09-08 12:53:51 [main] INFO  demoqaBase - 🚀 Starting test: ClickMeButton
Instance Variables Declared are: nullnull
2025-09-08 12:53:51 [main] INFO  demoqaBase - Accessing Elements Card...
2025-09-08 12:53:51 [main] INFO  demoqaLog - Clicking on Elements Card...
2025-09-08 12:53:51 [main] WARN  demoqaLog - ⚠️ JS click failed, falling back to native click. Reason: {}
2025-09-08 12:53:51 [main] INFO  demoqaLog - ✅ Native click succeeded on element: {}
2025-09-08 12:53:51 [main] INFO  demoqaLog - Clicked on Elements Card...
Title of this Page is: DEMOQA
You are Accessing: Elements
 
Elements: Please select an item from left to start practice.
2025-09-08 12:53:51 [main] INFO  demoqaBase - Elements: Please select an item from left to start practice.
2025-09-08 12:53:51 [main] INFO  demoqaBase - Clicking on Elements|Buttons...
2025-09-08 12:53:51 [main] INFO  demoqaBase - Clicked on Elements|Buttons...
2025-09-08 12:53:51 [main] INFO  demoqaBase - Clicking on Elements|Buttons|Click Me button...
2025-09-08 12:53:51 [main] INFO  demoqaLog - ✅ JS click executed on element: {}
2025-09-08 12:53:52 [main] INFO  demoqaBase - Clicked on Elements|Buttons|Click Me button...You have done a dynamic click
2025-09-08 12:53:52 [main] INFO  demoqaBase - ✅ Test for Elements|Buttons|Click Me Button Completed Successfully...
]]></system-out>
  </testcase>
  <testcase name="ClickAllButtons" classname="tests.ElementsTests" time="10.016">
    <system-out><![CDATA[2025-09-08 12:53:52 [main] INFO  demoqaBase - Closing the Browser for test: ClickMeButton
2025-09-08 12:53:52 [main] INFO  DriverFactory - 🌐 Starting Chrome Web Browser...
2025-09-08 12:53:52 [main] INFO  DriverFactory - ✅ Created temporary Chrome profile at C:\Users\dell\AppData\Local\Temp\chrome-profile-5238942423000738423
2025-09-08 12:53:53 [main] INFO  DriverFactory - 🚀 WebDriver started successfully
2025-09-08 12:53:53 [main] INFO  RetryUrlAccess - Navigating to URL (attempt 1): https://demoqa.com
2025-09-08 12:54:06 [main] INFO  demoqaBase - 🚀 Starting test: ClickAllButtons
Instance Variables Declared are: nullnull
2025-09-08 12:54:06 [main] INFO  demoqaBase - Accessing Elements Card...
2025-09-08 12:54:06 [main] INFO  demoqaLog - Clicking on Elements Card...
2025-09-08 12:54:06 [main] WARN  demoqaLog - ⚠️ JS click failed, falling back to native click. Reason: {}
2025-09-08 12:54:07 [main] INFO  demoqaLog - ✅ Native click succeeded on element: {}
2025-09-08 12:54:07 [main] INFO  demoqaLog - Clicked on Elements Card...
Title of this Page is: DEMOQA
You are Accessing: Elements
 
Elements: Please select an item from left to start practice.
2025-09-08 12:54:07 [main] INFO  demoqaBase - Elements: Please select an item from left to start practice.
2025-09-08 12:54:07 [main] INFO  demoqaBase - Clicking on Elements|Buttons...
2025-09-08 12:54:07 [main] INFO  demoqaBase - Clicked on Elements|Buttons...
2025-09-08 12:54:10 [main] INFO  demoqaBase - Clicking on Elements|Buttons|Double Click button...
Declared WebDriverWait: org.openqa.selenium.support.ui.WebDriverWait@3e3b6ead
You have done a double click
2025-09-08 12:54:10 [main] INFO  demoqaBase - Clicked on Elements|Buttons|Double Click button...You have done a double click
2025-09-08 12:54:13 [main] INFO  demoqaBase - Clicking on Elements|Buttons|Right Click button...
Waiting for Element: [[ChromeDriver: chrome on windows (8197aa9ae953fa749a980fe962b1fd47)] -> xpath: //button[@id='rightClickBtn']]
Action: You have done a right click
2025-09-08 12:54:13 [main] INFO  demoqaBase - Clicked on Elements|Buttons|Right Click button... You have done a right click
2025-09-08 12:54:16 [main] INFO  demoqaBase - Clicking on Elements|Buttons|Click Me button...
2025-09-08 12:54:16 [main] INFO  demoqaLog - ✅ JS click executed on element: {}
2025-09-08 12:54:16 [main] INFO  demoqaBase - Clicked on Elements|Buttons|Click Me button...You have done a dynamic click
2025-09-08 12:54:16 [main] INFO  demoqaBase - ✅ Test for Elements|Buttons|Click All Buttons Completed Successfully...
]]></system-out>
  </testcase>
  <testcase name="ClickLinks" classname="tests.ElementsTests" time="0.462">
    <system-out><![CDATA[Path for Screenshot is: C:\ASN\eclipse_workspace\demoqa-automation/screenshots/ClickAllButtons_Passed+2025-09-08_12-54-16.png
2025-09-08 12:54:17 [main] INFO  demoqaBase - ✅ Test ClickAllButtons passed. Screenshot captured.
2025-09-08 12:54:17 [main] INFO  demoqaBase - Closing the Browser for test: ClickAllButtons
2025-09-08 12:54:17 [main] INFO  DriverFactory - 🌐 Starting Chrome Web Browser...
2025-09-08 12:54:17 [main] INFO  DriverFactory - ✅ Created temporary Chrome profile at C:\Users\dell\AppData\Local\Temp\chrome-profile-8670466606005476498
2025-09-08 12:54:18 [main] INFO  DriverFactory - 🚀 WebDriver started successfully
2025-09-08 12:54:18 [main] INFO  RetryUrlAccess - Navigating to URL (attempt 1): https://demoqa.com
2025-09-08 12:54:37 [main] INFO  demoqaBase - 🚀 Starting test: ClickLinks
Instance Variables Declared are: nullnull
2025-09-08 12:54:37 [main] INFO  demoqaBase - Accessing Elements Card...
2025-09-08 12:54:37 [main] INFO  demoqaLog - Clicking on Elements Card...
2025-09-08 12:54:37 [main] WARN  demoqaLog - ⚠️ JS click failed, falling back to native click. Reason: {}
2025-09-08 12:54:37 [main] INFO  demoqaLog - ✅ Native click succeeded on element: {}
2025-09-08 12:54:37 [main] INFO  demoqaLog - Clicked on Elements Card...
Title of this Page is: DEMOQA
You are Accessing: Elements
 
Elements: Please select an item from left to start practice.
2025-09-08 12:54:37 [main] INFO  demoqaBase - Elements: Please select an item from left to start practice.
2025-09-08 12:54:37 [main] INFO  demoqaBase - Clicking on Elements|Links|Home Link...
2025-09-08 12:54:38 [main] INFO  demoqaBase - Clicked on Elements|Links|Home Link...
2025-09-08 12:54:38 [main] INFO  demoqaBase - ✅ Test for Elements|Links Completed Successfully...
]]></system-out>
  </testcase>
  <testcase name="ClickHomeLink" classname="tests.ElementsTests" time="0.797">
    <system-out><![CDATA[2025-09-08 12:54:38 [main] INFO  demoqaBase - Closing the Browser for test: ClickLinks
2025-09-08 12:54:38 [main] INFO  DriverFactory - 🌐 Starting Chrome Web Browser...
2025-09-08 12:54:38 [main] INFO  DriverFactory - ✅ Created temporary Chrome profile at C:\Users\dell\AppData\Local\Temp\chrome-profile-9614142871190897683
2025-09-08 12:54:39 [main] INFO  DriverFactory - 🚀 WebDriver started successfully
2025-09-08 12:54:39 [main] INFO  RetryUrlAccess - Navigating to URL (attempt 1): https://demoqa.com
2025-09-08 12:54:46 [main] INFO  demoqaBase - 🚀 Starting test: ClickHomeLink
Instance Variables Declared are: nullnull
2025-09-08 12:54:46 [main] INFO  demoqaBase - Accessing Elements Card...
2025-09-08 12:54:46 [main] INFO  demoqaLog - Clicking on Elements Card...
2025-09-08 12:54:46 [main] WARN  demoqaLog - ⚠️ JS click failed, falling back to native click. Reason: {}
2025-09-08 12:54:47 [main] INFO  demoqaLog - ✅ Native click succeeded on element: {}
2025-09-08 12:54:47 [main] INFO  demoqaLog - Clicked on Elements Card...
Title of this Page is: DEMOQA
You are Accessing: Elements
 
Elements: Please select an item from left to start practice.
2025-09-08 12:54:47 [main] INFO  demoqaBase - Elements: Please select an item from left to start practice.
2025-09-08 12:54:47 [main] INFO  demoqaBase - Clicking on Elements|Links|Home Link...
2025-09-08 12:54:47 [main] INFO  demoqaBase - Clicked on Elements|Links|Home Link...
2025-09-08 12:54:47 [main] INFO  demoqaBase - Clicking on Elements|Links|Home Link...
2025-09-08 12:54:47 [main] INFO  demoqaLog - ✅ JS click executed on element: {}
2025-09-08 12:54:47 [main] INFO  demoqaBase - Clicked on Elements|Links|Home Link...
2025-09-08 12:54:47 [main] INFO  demoqaBase - ✅ Test for Elements|Links|Home Completed Successfully...
]]></system-out>
  </testcase>
  <testcase name="ClickDynamicHomeLink" classname="tests.ElementsTests" time="0.644">
    <system-out><![CDATA[2025-09-08 12:54:47 [main] INFO  demoqaBase - Closing the Browser for test: ClickHomeLink
2025-09-08 12:54:47 [main] INFO  DriverFactory - 🌐 Starting Chrome Web Browser...
2025-09-08 12:54:47 [main] INFO  DriverFactory - ✅ Created temporary Chrome profile at C:\Users\dell\AppData\Local\Temp\chrome-profile-5229765461128183358
2025-09-08 12:54:49 [main] INFO  DriverFactory - 🚀 WebDriver started successfully
2025-09-08 12:54:49 [main] INFO  RetryUrlAccess - Navigating to URL (attempt 1): https://demoqa.com
2025-09-08 12:55:06 [main] INFO  demoqaBase - 🚀 Starting test: ClickDynamicHomeLink
Instance Variables Declared are: nullnull
2025-09-08 12:55:06 [main] INFO  demoqaBase - Accessing Elements Card...
2025-09-08 12:55:06 [main] INFO  demoqaLog - Clicking on Elements Card...
2025-09-08 12:55:06 [main] WARN  demoqaLog - ⚠️ JS click failed, falling back to native click. Reason: {}
2025-09-08 12:55:06 [main] INFO  demoqaLog - ✅ Native click succeeded on element: {}
2025-09-08 12:55:06 [main] INFO  demoqaLog - Clicked on Elements Card...
Title of this Page is: DEMOQA
You are Accessing: Elements
 
Elements: Please select an item from left to start practice.
2025-09-08 12:55:06 [main] INFO  demoqaBase - Elements: Please select an item from left to start practice.
2025-09-08 12:55:06 [main] INFO  demoqaBase - Clicking on Elements|Links|Home Link...
2025-09-08 12:55:07 [main] INFO  demoqaBase - Clicked on Elements|Links|Home Link...
2025-09-08 12:55:07 [main] INFO  demoqaBase - Clicking on Elements|Links|DynamicHome Link...
2025-09-08 12:55:07 [main] INFO  demoqaLog - ✅ JS click executed on element: {}
2025-09-08 12:55:07 [main] INFO  demoqaBase - Clicked on Elements|Links|DynamicHome Link...
2025-09-08 12:55:07 [main] INFO  demoqaBase - ✅ Test for Elements|Links|Dynamic Home Completed Successfully...
]]></system-out>
  </testcase>
  <testcase name="ClickCreatedAPILink" classname="tests.ElementsTests" time="0.632">
    <system-out><![CDATA[2025-09-08 12:55:07 [main] INFO  demoqaBase - Closing the Browser for test: ClickDynamicHomeLink
2025-09-08 12:55:07 [main] INFO  DriverFactory - 🌐 Starting Chrome Web Browser...
2025-09-08 12:55:07 [main] INFO  DriverFactory - ✅ Created temporary Chrome profile at C:\Users\dell\AppData\Local\Temp\chrome-profile-78949777086730314
2025-09-08 12:55:10 [main] INFO  DriverFactory - 🚀 WebDriver started successfully
2025-09-08 12:55:10 [main] INFO  RetryUrlAccess - Navigating to URL (attempt 1): https://demoqa.com
2025-09-08 12:55:24 [main] INFO  demoqaBase - 🚀 Starting test: ClickCreatedAPILink
Instance Variables Declared are: nullnull
2025-09-08 12:55:24 [main] INFO  demoqaBase - Accessing Elements Card...
2025-09-08 12:55:24 [main] INFO  demoqaLog - Clicking on Elements Card...
2025-09-08 12:55:24 [main] WARN  demoqaLog - ⚠️ JS click failed, falling back to native click. Reason: {}
2025-09-08 12:55:24 [main] INFO  demoqaLog - ✅ Native click succeeded on element: {}
2025-09-08 12:55:24 [main] INFO  demoqaLog - Clicked on Elements Card...
Title of this Page is: DEMOQA
You are Accessing: Elements
 
Elements: Please select an item from left to start practice.
2025-09-08 12:55:24 [main] INFO  demoqaBase - Elements: Please select an item from left to start practice.
2025-09-08 12:55:24 [main] INFO  demoqaBase - Clicking on Elements|Links|Home Link...
2025-09-08 12:55:24 [main] INFO  demoqaBase - Clicked on Elements|Links|Home Link...
2025-09-08 12:55:24 [main] INFO  demoqaBase - Clicking on Elements|Links|Created Link...
Waiting for the presence of Element: [[ChromeDriver: chrome on windows (36e6ae225f7429c1c9584987d74f888d)] -> xpath: //*[@id='created']]
2025-09-08 12:55:24 [main] INFO  demoqaLog - ✅ JS click executed on element: {}
2025-09-08 12:55:24 [main] INFO  demoqaBase - Clicked on Elements|Links|Created Link...
2025-09-08 12:55:24 [main] INFO  FetchLinkResponse - Fetching link response...
2025-09-08 12:55:24 [main] INFO  FetchLinkResponse - Response fetched: Created
Created
2025-09-08 12:55:24 [main] INFO  demoqaBase - Clicked on Elements|Links|Created Link response is: Created
2025-09-08 12:55:24 [main] INFO  demoqaBase - ✅ Test for Elements|Links|Created Link Completed Successfully...
]]></system-out>
  </testcase>
  <testcase name="ClickNoContentLink" classname="tests.ElementsTests" time="0.848">
    <system-out><![CDATA[2025-09-08 12:55:24 [main] INFO  demoqaBase - Closing the Browser for test: ClickCreatedAPILink
2025-09-08 12:55:24 [main] INFO  DriverFactory - 🌐 Starting Chrome Web Browser...
2025-09-08 12:55:24 [main] INFO  DriverFactory - ✅ Created temporary Chrome profile at C:\Users\dell\AppData\Local\Temp\chrome-profile-1765038459430384298
2025-09-08 12:55:26 [main] INFO  DriverFactory - 🚀 WebDriver started successfully
2025-09-08 12:55:26 [main] INFO  RetryUrlAccess - Navigating to URL (attempt 1): https://demoqa.com
2025-09-08 12:55:30 [main] INFO  demoqaBase - 🚀 Starting test: ClickNoContentLink
Instance Variables Declared are: nullnull
2025-09-08 12:55:30 [main] INFO  demoqaBase - Accessing Elements Card...
2025-09-08 12:55:30 [main] INFO  demoqaLog - Clicking on Elements Card...
2025-09-08 12:55:30 [main] WARN  demoqaLog - ⚠️ JS click failed, falling back to native click. Reason: {}
2025-09-08 12:55:30 [main] INFO  demoqaLog - ✅ Native click succeeded on element: {}
2025-09-08 12:55:30 [main] INFO  demoqaLog - Clicked on Elements Card...
Title of this Page is: DEMOQA
You are Accessing: Elements
 
Elements: Please select an item from left to start practice.
2025-09-08 12:55:30 [main] INFO  demoqaBase - Elements: Please select an item from left to start practice.
2025-09-08 12:55:30 [main] INFO  demoqaBase - Clicking on Elements|Links|Home Link...
2025-09-08 12:55:30 [main] INFO  demoqaBase - Clicked on Elements|Links|Home Link...
2025-09-08 12:55:30 [main] INFO  demoqaBase - Clicking on Elements|Links|No Content Link...
Waiting for the presence of Element: [[ChromeDriver: chrome on windows (829aeba3ca56fad9f26ce6e6f6cda87b)] -> xpath: //*[@id="no-content"]]
2025-09-08 12:55:30 [main] INFO  demoqaLog - ✅ JS click executed on element: {}
2025-09-08 12:55:30 [main] INFO  demoqaBase - Clicked on Elements|Links|No Content Link...
2025-09-08 12:55:30 [main] INFO  FetchLinkResponse - Fetching link response...
2025-09-08 12:55:30 [main] INFO  FetchLinkResponse - Response fetched: No Content
No Content
2025-09-08 12:55:30 [main] INFO  demoqaBase - Clicked on Elements|Links|No Content Link response is: No Content
2025-09-08 12:55:30 [main] INFO  demoqaBase - ✅ Test for Elements|Links|No Content Link Completed Successfully...
]]></system-out>
  </testcase>
  <testcase name="ClickMovedLink" classname="tests.ElementsTests" time="0.825">
    <system-out><![CDATA[2025-09-08 12:55:30 [main] INFO  demoqaBase - Closing the Browser for test: ClickNoContentLink
2025-09-08 12:55:31 [main] INFO  DriverFactory - 🌐 Starting Chrome Web Browser...
2025-09-08 12:55:31 [main] INFO  DriverFactory - ✅ Created temporary Chrome profile at C:\Users\dell\AppData\Local\Temp\chrome-profile-15903160380065965658
2025-09-08 12:55:32 [main] INFO  DriverFactory - 🚀 WebDriver started successfully
2025-09-08 12:55:32 [main] INFO  RetryUrlAccess - Navigating to URL (attempt 1): https://demoqa.com
2025-09-08 12:55:36 [main] INFO  demoqaBase - 🚀 Starting test: ClickMovedLink
Instance Variables Declared are: nullnull
2025-09-08 12:55:36 [main] INFO  demoqaBase - Accessing Elements Card...
2025-09-08 12:55:36 [main] INFO  demoqaLog - Clicking on Elements Card...
2025-09-08 12:55:36 [main] WARN  demoqaLog - ⚠️ JS click failed, falling back to native click. Reason: {}
2025-09-08 12:55:36 [main] INFO  demoqaLog - ✅ Native click succeeded on element: {}
2025-09-08 12:55:36 [main] INFO  demoqaLog - Clicked on Elements Card...
Title of this Page is: DEMOQA
You are Accessing: Elements
 
Elements: Please select an item from left to start practice.
2025-09-08 12:55:36 [main] INFO  demoqaBase - Elements: Please select an item from left to start practice.
2025-09-08 12:55:36 [main] INFO  demoqaBase - Clicking on Elements|Links|Home Link...
2025-09-08 12:55:36 [main] INFO  demoqaBase - Clicked on Elements|Links|Home Link...
2025-09-08 12:55:36 [main] INFO  demoqaBase - Clicking on Elements|Links|Moved Link...
2025-09-08 12:55:37 [main] INFO  demoqaLog - ✅ JS click executed on element: {}
2025-09-08 12:55:37 [main] INFO  demoqaBase - Clicked on Elements|Links|Moved Link...
2025-09-08 12:55:37 [main] INFO  FetchLinkResponse - Fetching link response...
2025-09-08 12:55:37 [main] INFO  FetchLinkResponse - Response fetched: Moved
Moved
2025-09-08 12:55:37 [main] INFO  demoqaBase - Clicked on Elements|Links|Moved Link Link response is: Moved
2025-09-08 12:55:37 [main] INFO  demoqaBase - ✅ Test for Elements|Links|Moved Link Completed Successfully...
]]></system-out>
  </testcase>
  <testcase name="ClickBadRequestLink" classname="tests.ElementsTests" time="0.65">
    <system-out><![CDATA[2025-09-08 12:55:37 [main] INFO  demoqaBase - Closing the Browser for test: ClickMovedLink
2025-09-08 12:55:37 [main] INFO  DriverFactory - 🌐 Starting Chrome Web Browser...
2025-09-08 12:55:37 [main] INFO  DriverFactory - ✅ Created temporary Chrome profile at C:\Users\dell\AppData\Local\Temp\chrome-profile-13358806629467697875
2025-09-08 12:55:38 [main] INFO  DriverFactory - 🚀 WebDriver started successfully
2025-09-08 12:55:38 [main] INFO  RetryUrlAccess - Navigating to URL (attempt 1): https://demoqa.com
2025-09-08 12:55:42 [main] INFO  demoqaBase - 🚀 Starting test: ClickBadRequestLink
Instance Variables Declared are: nullnull
2025-09-08 12:55:42 [main] INFO  demoqaBase - Accessing Elements Card...
2025-09-08 12:55:42 [main] INFO  demoqaLog - Clicking on Elements Card...
2025-09-08 12:55:42 [main] WARN  demoqaLog - ⚠️ JS click failed, falling back to native click. Reason: {}
2025-09-08 12:55:43 [main] INFO  demoqaLog - ✅ Native click succeeded on element: {}
2025-09-08 12:55:43 [main] INFO  demoqaLog - Clicked on Elements Card...
Title of this Page is: DEMOQA
You are Accessing: Elements
 
Elements: Please select an item from left to start practice.
2025-09-08 12:55:43 [main] INFO  demoqaBase - Elements: Please select an item from left to start practice.
2025-09-08 12:55:43 [main] INFO  demoqaBase - Clicking on Elements|Links|Home Link...
2025-09-08 12:55:43 [main] INFO  demoqaBase - Clicked on Elements|Links|Home Link...
2025-09-08 12:55:43 [main] INFO  demoqaBase - Clicking on Elements|Links|Bad Request Link...
2025-09-08 12:55:43 [main] INFO  demoqaLog - ✅ JS click executed on element: {}
2025-09-08 12:55:43 [main] INFO  demoqaBase - Clicked on Elements|Links|Bad Request Link...
2025-09-08 12:55:43 [main] INFO  FetchLinkResponse - Fetching link response...
2025-09-08 12:55:43 [main] INFO  FetchLinkResponse - Response fetched: Bad Request
Bad Request
2025-09-08 12:55:43 [main] INFO  demoqaBase - Clicked on Elements|Links|Bad Request Link response is: Bad Request
2025-09-08 12:55:43 [main] INFO  demoqaBase - ✅ Test for Elements|Links|Bad Request Link Completed Successfully...
]]></system-out>
  </testcase>
  <testcase name="ClickUnauthorizedLink" classname="tests.ElementsTests" time="0.571">
    <system-out><![CDATA[2025-09-08 12:55:43 [main] INFO  demoqaBase - Closing the Browser for test: ClickBadRequestLink
2025-09-08 12:55:43 [main] INFO  DriverFactory - 🌐 Starting Chrome Web Browser...
2025-09-08 12:55:43 [main] INFO  DriverFactory - ✅ Created temporary Chrome profile at C:\Users\dell\AppData\Local\Temp\chrome-profile-10244719824431960972
2025-09-08 12:55:44 [main] INFO  DriverFactory - 🚀 WebDriver started successfully
2025-09-08 12:55:44 [main] INFO  RetryUrlAccess - Navigating to URL (attempt 1): https://demoqa.com
2025-09-08 12:56:05 [main] INFO  demoqaBase - 🚀 Starting test: ClickUnauthorizedLink
Instance Variables Declared are: nullnull
2025-09-08 12:56:05 [main] INFO  demoqaBase - Accessing Elements Card...
2025-09-08 12:56:05 [main] INFO  demoqaLog - Clicking on Elements Card...
2025-09-08 12:56:05 [main] WARN  demoqaLog - ⚠️ JS click failed, falling back to native click. Reason: {}
2025-09-08 12:56:05 [main] INFO  demoqaLog - ✅ Native click succeeded on element: {}
2025-09-08 12:56:05 [main] INFO  demoqaLog - Clicked on Elements Card...
Title of this Page is: DEMOQA
You are Accessing: Elements
 
Elements: Please select an item from left to start practice.
2025-09-08 12:56:05 [main] INFO  demoqaBase - Elements: Please select an item from left to start practice.
2025-09-08 12:56:05 [main] INFO  demoqaBase - Clicking on Elements|Links|Home Link...
2025-09-08 12:56:05 [main] INFO  demoqaBase - Clicked on Elements|Links|Home Link...
2025-09-08 12:56:05 [main] INFO  demoqaBase - Clicking on Elements|Links|Unauthorized Link...
Waiting for the presence of Element: [[ChromeDriver: chrome on windows (2b0f350562a53b54fb1dcd3a19036ffd)] -> xpath: //*[@id="unauthorized"]]
2025-09-08 12:56:05 [main] INFO  demoqaLog - ✅ JS click executed on element: {}
2025-09-08 12:56:05 [main] INFO  demoqaBase - Clicked on Elements|Links|Unauthorized Link...
2025-09-08 12:56:05 [main] INFO  FetchLinkResponse - Fetching link response...
2025-09-08 12:56:05 [main] INFO  FetchLinkResponse - Response fetched: Unauthorized
Unauthorized
2025-09-08 12:56:05 [main] INFO  demoqaBase - Clicked on Elements|Links|Unauthorized Link response is: Unauthorized
2025-09-08 12:56:05 [main] INFO  demoqaBase - ✅ Test for Elements|Links|Unauthorized Link Completed Successfully...
]]></system-out>
  </testcase>
  <testcase name="ClickForbiddenLink" classname="tests.ElementsTests" time="0.723">
    <system-out><![CDATA[2025-09-08 12:56:05 [main] INFO  demoqaBase - Closing the Browser for test: ClickUnauthorizedLink
2025-09-08 12:56:06 [main] INFO  DriverFactory - 🌐 Starting Chrome Web Browser...
2025-09-08 12:56:06 [main] INFO  DriverFactory - ✅ Created temporary Chrome profile at C:\Users\dell\AppData\Local\Temp\chrome-profile-4303272044280106429
2025-09-08 12:56:08 [main] INFO  DriverFactory - 🚀 WebDriver started successfully
2025-09-08 12:56:08 [main] INFO  RetryUrlAccess - Navigating to URL (attempt 1): https://demoqa.com
2025-09-08 12:56:16 [main] INFO  demoqaBase - 🚀 Starting test: ClickForbiddenLink
Instance Variables Declared are: nullnull
2025-09-08 12:56:16 [main] INFO  demoqaBase - Accessing Elements Card...
2025-09-08 12:56:16 [main] INFO  demoqaLog - Clicking on Elements Card...
2025-09-08 12:56:16 [main] WARN  demoqaLog - ⚠️ JS click failed, falling back to native click. Reason: {}
2025-09-08 12:56:16 [main] INFO  demoqaLog - ✅ Native click succeeded on element: {}
2025-09-08 12:56:16 [main] INFO  demoqaLog - Clicked on Elements Card...
Title of this Page is: DEMOQA
You are Accessing: Elements
 
Elements: Please select an item from left to start practice.
2025-09-08 12:56:16 [main] INFO  demoqaBase - Elements: Please select an item from left to start practice.
2025-09-08 12:56:16 [main] INFO  demoqaBase - Clicking on Elements|Links|Home Link...
2025-09-08 12:56:16 [main] INFO  demoqaBase - Clicked on Elements|Links|Home Link...
2025-09-08 12:56:16 [main] INFO  demoqaBase - Clicking on Elements|Links|Forbidden Link...
2025-09-08 12:56:16 [main] INFO  demoqaLog - ✅ JS click executed on element: {}
2025-09-08 12:56:16 [main] INFO  demoqaBase - Clicked on Elements|Links|Forbidden Link...
2025-09-08 12:56:16 [main] INFO  FetchLinkResponse - Fetching link response...
2025-09-08 12:56:16 [main] INFO  FetchLinkResponse - Response fetched: Forbidden
Forbidden
2025-09-08 12:56:16 [main] INFO  demoqaBase - Clicked on Elements|Links|Forbidden Link response is: Forbidden
2025-09-08 12:56:16 [main] INFO  demoqaBase - ✅ Test for Elements|Links|Forbidden Link Completed Successfully...
]]></system-out>
  </testcase>
  <testcase name="ClickNotFoundLink" classname="tests.ElementsTests" time="0.688">
    <system-out><![CDATA[2025-09-08 12:56:16 [main] INFO  demoqaBase - Closing the Browser for test: ClickForbiddenLink
2025-09-08 12:56:17 [main] INFO  DriverFactory - 🌐 Starting Chrome Web Browser...
2025-09-08 12:56:17 [main] INFO  DriverFactory - ✅ Created temporary Chrome profile at C:\Users\dell\AppData\Local\Temp\chrome-profile-12537897239678443840
2025-09-08 12:56:18 [main] INFO  DriverFactory - 🚀 WebDriver started successfully
2025-09-08 12:56:18 [main] INFO  RetryUrlAccess - Navigating to URL (attempt 1): https://demoqa.com
2025-09-08 12:56:23 [main] INFO  demoqaBase - 🚀 Starting test: ClickNotFoundLink
Instance Variables Declared are: nullnull
2025-09-08 12:56:23 [main] INFO  demoqaBase - Accessing Elements Card...
2025-09-08 12:56:23 [main] INFO  demoqaLog - Clicking on Elements Card...
2025-09-08 12:56:23 [main] WARN  demoqaLog - ⚠️ JS click failed, falling back to native click. Reason: {}
2025-09-08 12:56:24 [main] INFO  demoqaLog - ✅ Native click succeeded on element: {}
2025-09-08 12:56:24 [main] INFO  demoqaLog - Clicked on Elements Card...
Title of this Page is: DEMOQA
You are Accessing: Elements
 
Elements: Please select an item from left to start practice.
2025-09-08 12:56:24 [main] INFO  demoqaBase - Elements: Please select an item from left to start practice.
2025-09-08 12:56:24 [main] INFO  demoqaBase - Clicking on Elements|Links|Home Link...
2025-09-08 12:56:24 [main] INFO  demoqaBase - Clicked on Elements|Links|Home Link...
2025-09-08 12:56:24 [main] INFO  demoqaBase - Clicking on Elements|Links|NotFound Link...
2025-09-08 12:56:24 [main] INFO  demoqaLog - ✅ JS click executed on element: {}
2025-09-08 12:56:24 [main] INFO  demoqaBase - Clicked on Elements|Links|NotFound Link...
2025-09-08 12:56:24 [main] INFO  FetchLinkResponse - Fetching link response...
2025-09-08 12:56:24 [main] INFO  FetchLinkResponse - Response fetched: Not Found
Not Found
2025-09-08 12:56:24 [main] INFO  demoqaBase - Clicked on Elements|Links|Not Found Link response is: Not Found
2025-09-08 12:56:24 [main] INFO  demoqaBase - ✅ Test for Elements|Links|NotFound Link Completed Successfully...
]]></system-out>
  </testcase>
  <testcase name="ClickAllLinks" classname="tests.ElementsTests" time="26.217">
    <system-out><![CDATA[2025-09-08 12:56:24 [main] INFO  demoqaBase - Closing the Browser for test: ClickNotFoundLink
2025-09-08 12:56:24 [main] INFO  DriverFactory - 🌐 Starting Chrome Web Browser...
2025-09-08 12:56:24 [main] INFO  DriverFactory - ✅ Created temporary Chrome profile at C:\Users\dell\AppData\Local\Temp\chrome-profile-4545968948004514281
2025-09-08 12:56:25 [main] INFO  DriverFactory - 🚀 WebDriver started successfully
2025-09-08 12:56:25 [main] INFO  RetryUrlAccess - Navigating to URL (attempt 1): https://demoqa.com
2025-09-08 12:56:31 [main] INFO  demoqaBase - 🚀 Starting test: ClickAllLinks
Instance Variables Declared are: nullnull
2025-09-08 12:56:31 [main] INFO  demoqaBase - Accessing Elements Card...
2025-09-08 12:56:31 [main] INFO  demoqaLog - Clicking on Elements Card...
2025-09-08 12:56:31 [main] WARN  demoqaLog - ⚠️ JS click failed, falling back to native click. Reason: {}
2025-09-08 12:56:31 [main] INFO  demoqaLog - ✅ Native click succeeded on element: {}
2025-09-08 12:56:31 [main] INFO  demoqaLog - Clicked on Elements Card...
Title of this Page is: DEMOQA
You are Accessing: Elements
 
Elements: Please select an item from left to start practice.
2025-09-08 12:56:31 [main] INFO  demoqaBase - Elements: Please select an item from left to start practice.
2025-09-08 12:56:31 [main] INFO  demoqaBase - Clicking on Elements|Links|Home Link...
2025-09-08 12:56:31 [main] INFO  demoqaBase - Clicked on Elements|Links|Home Link...
2025-09-08 12:56:31 [main] INFO  demoqaBase - Clicking on Elements|Links|Home Link...
2025-09-08 12:56:32 [main] INFO  demoqaLog - ✅ JS click executed on element: {}
2025-09-08 12:56:32 [main] INFO  demoqaBase - Clicked on Elements|Links|Home Link...
2025-09-08 12:56:35 [main] INFO  demoqaBase - Clicking on Elements|Links|DynamicHome Link...
2025-09-08 12:56:35 [main] INFO  demoqaLog - ✅ JS click executed on element: {}
2025-09-08 12:56:35 [main] INFO  demoqaBase - Clicked on Elements|Links|DynamicHome Link...
2025-09-08 12:56:38 [main] INFO  demoqaBase - Clicking on Elements|Links|Created Link...
Waiting for the presence of Element: [[ChromeDriver: chrome on windows (52711df1efcd0ee3965dfb0b88f23479)] -> xpath: //*[@id='created']]
2025-09-08 12:56:38 [main] INFO  demoqaLog - ✅ JS click executed on element: {}
2025-09-08 12:56:38 [main] INFO  demoqaBase - Clicked on Elements|Links|Created Link...
2025-09-08 12:56:38 [main] INFO  FetchLinkResponse - Fetching link response...
2025-09-08 12:56:38 [main] INFO  FetchLinkResponse - Response fetched: Created
Created
2025-09-08 12:56:38 [main] INFO  demoqaBase - Clicked on Elements|Links|Created Link response is: Created
2025-09-08 12:56:41 [main] INFO  demoqaBase - Clicking on Elements|Links|No Content Link...
Waiting for the presence of Element: [[ChromeDriver: chrome on windows (52711df1efcd0ee3965dfb0b88f23479)] -> xpath: //*[@id="no-content"]]
2025-09-08 12:56:41 [main] INFO  demoqaLog - ✅ JS click executed on element: {}
2025-09-08 12:56:41 [main] INFO  demoqaBase - Clicked on Elements|Links|No Content Link...
2025-09-08 12:56:41 [main] INFO  FetchLinkResponse - Fetching link response...
2025-09-08 12:56:41 [main] INFO  FetchLinkResponse - Response fetched: No Content
No Content
2025-09-08 12:56:41 [main] INFO  demoqaBase - Clicked on Elements|Links|No Content Link response is: No Content
2025-09-08 12:56:44 [main] INFO  demoqaBase - Clicking on Elements|Links|Moved Link...
2025-09-08 12:56:44 [main] INFO  demoqaLog - ✅ JS click executed on element: {}
2025-09-08 12:56:44 [main] INFO  demoqaBase - Clicked on Elements|Links|Moved Link...
2025-09-08 12:56:44 [main] INFO  FetchLinkResponse - Fetching link response...
2025-09-08 12:56:44 [main] INFO  FetchLinkResponse - Response fetched: Moved
Moved
2025-09-08 12:56:44 [main] INFO  demoqaBase - Clicked on Elements|Links|Moved Link Link response is: Moved
2025-09-08 12:56:47 [main] INFO  demoqaBase - Clicking on Elements|Links|Bad Request Link...
2025-09-08 12:56:47 [main] INFO  demoqaLog - ✅ JS click executed on element: {}
2025-09-08 12:56:47 [main] INFO  demoqaBase - Clicked on Elements|Links|Bad Request Link...
2025-09-08 12:56:47 [main] INFO  FetchLinkResponse - Fetching link response...
2025-09-08 12:56:47 [main] INFO  FetchLinkResponse - Response fetched: Bad Request
Bad Request
2025-09-08 12:56:47 [main] INFO  demoqaBase - Clicked on Elements|Links|Bad Request Link response is: Bad Request
2025-09-08 12:56:50 [main] INFO  demoqaBase - Clicking on Elements|Links|Unauthorized Link...
Waiting for the presence of Element: [[ChromeDriver: chrome on windows (52711df1efcd0ee3965dfb0b88f23479)] -> xpath: //*[@id="unauthorized"]]
2025-09-08 12:56:51 [main] INFO  demoqaLog - ✅ JS click executed on element: {}
2025-09-08 12:56:51 [main] INFO  demoqaBase - Clicked on Elements|Links|Unauthorized Link...
2025-09-08 12:56:51 [main] INFO  FetchLinkResponse - Fetching link response...
2025-09-08 12:56:51 [main] INFO  FetchLinkResponse - Response fetched: Unauthorized
Unauthorized
2025-09-08 12:56:51 [main] INFO  demoqaBase - Clicked on Elements|Links|Unauthorized Link response is: Unauthorized
2025-09-08 12:56:54 [main] INFO  demoqaBase - Clicking on Elements|Links|Forbidden Link...
2025-09-08 12:56:54 [main] INFO  demoqaLog - ✅ JS click executed on element: {}
2025-09-08 12:56:54 [main] INFO  demoqaBase - Clicked on Elements|Links|Forbidden Link...
2025-09-08 12:56:54 [main] INFO  FetchLinkResponse - Fetching link response...
2025-09-08 12:56:54 [main] INFO  FetchLinkResponse - Response fetched: Forbidden
Forbidden
2025-09-08 12:56:54 [main] INFO  demoqaBase - Clicked on Elements|Links|Forbidden Link response is: Forbidden
2025-09-08 12:56:57 [main] INFO  demoqaBase - Clicking on Elements|Links|NotFound Link...
2025-09-08 12:56:57 [main] INFO  demoqaLog - ✅ JS click executed on element: {}
2025-09-08 12:56:57 [main] INFO  demoqaBase - Clicked on Elements|Links|NotFound Link...
2025-09-08 12:56:57 [main] INFO  FetchLinkResponse - Fetching link response...
2025-09-08 12:56:57 [main] INFO  FetchLinkResponse - Response fetched: Not Found
Not Found
2025-09-08 12:56:57 [main] INFO  demoqaBase - Clicked on Elements|Links|Not Found Link response is: Not Found
2025-09-08 12:56:57 [main] INFO  demoqaBase - ✅ Test for Elements|Links|All Links in One GO Completed Successfully...
]]></system-out>
  </testcase>
  <testcase name="ClickBrokenLinksImages" classname="tests.ElementsTests" time="0.613">
    <system-out><![CDATA[2025-09-08 12:56:57 [main] INFO  demoqaBase - Closing the Browser for test: ClickAllLinks
2025-09-08 12:56:57 [main] INFO  DriverFactory - 🌐 Starting Chrome Web Browser...
2025-09-08 12:56:57 [main] INFO  DriverFactory - ✅ Created temporary Chrome profile at C:\Users\dell\AppData\Local\Temp\chrome-profile-18044977065307552433
2025-09-08 12:56:58 [main] INFO  DriverFactory - 🚀 WebDriver started successfully
2025-09-08 12:56:58 [main] INFO  RetryUrlAccess - Navigating to URL (attempt 1): https://demoqa.com
2025-09-08 12:57:03 [main] INFO  demoqaBase - 🚀 Starting test: ClickBrokenLinksImages
Instance Variables Declared are: nullnull
2025-09-08 12:57:03 [main] INFO  demoqaBase - Accessing Elements Card...
2025-09-08 12:57:03 [main] INFO  demoqaLog - Clicking on Elements Card...
2025-09-08 12:57:04 [main] WARN  demoqaLog - ⚠️ JS click failed, falling back to native click. Reason: {}
2025-09-08 12:57:04 [main] INFO  demoqaLog - ✅ Native click succeeded on element: {}
2025-09-08 12:57:04 [main] INFO  demoqaLog - Clicked on Elements Card...
Title of this Page is: DEMOQA
You are Accessing: Elements
 
Elements: Please select an item from left to start practice.
2025-09-08 12:57:04 [main] INFO  demoqaBase - Elements: Please select an item from left to start practice.
2025-09-08 12:57:04 [main] INFO  demoqaBase - Clicking on Elements|Broken Links - Images...
Waiting for the presence of Element: [[ChromeDriver: chrome on windows (78e7b772ebf15c083b4a496eb3a6c67b)] -> xpath: //span[normalize-space()='Broken Links - Images']]
2025-09-08 12:57:04 [main] INFO  demoqaLog - ✅ JS click executed on element: {}
2025-09-08 12:57:04 [main] INFO  demoqaBase - Clicked on Elements|Broken Links - Images...
Page Title is: Broken Links - Images
2025-09-08 12:57:04 [main] INFO  demoqaBase - ✅ Test for Elements|Broken Links - Images Completed Successfully...
]]></system-out>
  </testcase>
  <testcase name="GetValidImage" classname="tests.ElementsTests" time="0.641">
    <system-out><![CDATA[2025-09-08 12:57:04 [main] INFO  demoqaBase - Closing the Browser for test: ClickBrokenLinksImages
2025-09-08 12:57:04 [main] INFO  DriverFactory - 🌐 Starting Chrome Web Browser...
2025-09-08 12:57:04 [main] INFO  DriverFactory - ✅ Created temporary Chrome profile at C:\Users\dell\AppData\Local\Temp\chrome-profile-1739886347434594881
2025-09-08 12:57:05 [main] INFO  DriverFactory - 🚀 WebDriver started successfully
2025-09-08 12:57:05 [main] INFO  RetryUrlAccess - Navigating to URL (attempt 1): https://demoqa.com
2025-09-08 12:57:10 [main] INFO  demoqaBase - 🚀 Starting test: GetValidImage
Instance Variables Declared are: nullnull
2025-09-08 12:57:10 [main] INFO  demoqaBase - Accessing Elements Card...
2025-09-08 12:57:10 [main] INFO  demoqaLog - Clicking on Elements Card...
2025-09-08 12:57:10 [main] WARN  demoqaLog - ⚠️ JS click failed, falling back to native click. Reason: {}
2025-09-08 12:57:10 [main] INFO  demoqaLog - ✅ Native click succeeded on element: {}
2025-09-08 12:57:10 [main] INFO  demoqaLog - Clicked on Elements Card...
Title of this Page is: DEMOQA
You are Accessing: Elements
 
Elements: Please select an item from left to start practice.
2025-09-08 12:57:10 [main] INFO  demoqaBase - Elements: Please select an item from left to start practice.
2025-09-08 12:57:10 [main] INFO  demoqaBase - Clicking on Elements|Broken Links - Images...
Waiting for the presence of Element: [[ChromeDriver: chrome on windows (187d4f24b8baa81f36b30f3745568311)] -> xpath: //span[normalize-space()='Broken Links - Images']]
2025-09-08 12:57:10 [main] INFO  demoqaLog - ✅ JS click executed on element: {}
2025-09-08 12:57:10 [main] INFO  demoqaBase - Clicked on Elements|Broken Links - Images...
Page Title is: Broken Links - Images
2025-09-08 12:57:11 [main] INFO  demoqaBase - Checking for Elements|Broken Links|Valid Image...
Found WebElement of: Valid image
2025-09-08 12:57:11 [main] INFO  demoqaBase - Checked Elements|Broken Links|Valid Image Valid image
2025-09-08 12:57:11 [main] INFO  demoqaBase - ✅ Test for Elements|Broken Links - Images|Valid Image Completed Successfully...
]]></system-out>
  </testcase>
  <testcase name="GetBrokenImage" classname="tests.ElementsTests" time="0.635">
    <system-out><![CDATA[2025-09-08 12:57:11 [main] INFO  demoqaBase - Closing the Browser for test: GetValidImage
2025-09-08 12:57:11 [main] INFO  DriverFactory - 🌐 Starting Chrome Web Browser...
2025-09-08 12:57:11 [main] INFO  DriverFactory - ✅ Created temporary Chrome profile at C:\Users\dell\AppData\Local\Temp\chrome-profile-5363750787274782399
2025-09-08 12:57:12 [main] INFO  DriverFactory - 🚀 WebDriver started successfully
2025-09-08 12:57:12 [main] INFO  RetryUrlAccess - Navigating to URL (attempt 1): https://demoqa.com
2025-09-08 12:57:24 [main] INFO  demoqaBase - 🚀 Starting test: GetBrokenImage
Instance Variables Declared are: nullnull
2025-09-08 12:57:24 [main] INFO  demoqaBase - Accessing Elements Card...
2025-09-08 12:57:24 [main] INFO  demoqaLog - Clicking on Elements Card...
2025-09-08 12:57:25 [main] WARN  demoqaLog - ⚠️ JS click failed, falling back to native click. Reason: {}
2025-09-08 12:57:25 [main] INFO  demoqaLog - ✅ Native click succeeded on element: {}
2025-09-08 12:57:25 [main] INFO  demoqaLog - Clicked on Elements Card...
Title of this Page is: DEMOQA
You are Accessing: Elements
 
Elements: Please select an item from left to start practice.
2025-09-08 12:57:25 [main] INFO  demoqaBase - Elements: Please select an item from left to start practice.
2025-09-08 12:57:25 [main] INFO  demoqaBase - Clicking on Elements|Broken Links - Images...
Waiting for the presence of Element: [[ChromeDriver: chrome on windows (1663f9e192db1be7b588b7d9685a6cd8)] -> xpath: //span[normalize-space()='Broken Links - Images']]
2025-09-08 12:57:25 [main] INFO  demoqaLog - ✅ JS click executed on element: {}
2025-09-08 12:57:25 [main] INFO  demoqaBase - Clicked on Elements|Broken Links - Images...
Page Title is: Broken Links - Images
2025-09-08 12:57:25 [main] INFO  demoqaBase - Checking for Elements|Broken Links|Valid Image...
Found WebElement of: Broken image
2025-09-08 12:57:25 [main] INFO  demoqaBase - Checked Elements|Broken Links|Broken Image Broken image
2025-09-08 12:57:25 [main] INFO  demoqaBase - ✅ Test for Elements|Broken Links - Images|Broken Image Completed Successfully...
]]></system-out>
  </testcase>
  <testcase name="BrokenLinksBrokenlink" classname="tests.ElementsTests" time="9.93">
    <system-out><![CDATA[2025-09-08 12:57:25 [main] INFO  demoqaBase - Closing the Browser for test: GetBrokenImage
2025-09-08 12:57:25 [main] INFO  DriverFactory - 🌐 Starting Chrome Web Browser...
2025-09-08 12:57:25 [main] INFO  DriverFactory - ✅ Created temporary Chrome profile at C:\Users\dell\AppData\Local\Temp\chrome-profile-8148781908303901085
2025-09-08 12:57:26 [main] INFO  DriverFactory - 🚀 WebDriver started successfully
2025-09-08 12:57:26 [main] INFO  RetryUrlAccess - Navigating to URL (attempt 1): https://demoqa.com
2025-09-08 12:57:43 [main] INFO  demoqaBase - 🚀 Starting test: BrokenLinksBrokenlink
Instance Variables Declared are: nullnull
2025-09-08 12:57:43 [main] INFO  demoqaBase - Accessing Elements Card...
2025-09-08 12:57:43 [main] INFO  demoqaLog - Clicking on Elements Card...
2025-09-08 12:57:43 [main] WARN  demoqaLog - ⚠️ JS click failed, falling back to native click. Reason: {}
2025-09-08 12:57:43 [main] INFO  demoqaLog - ✅ Native click succeeded on element: {}
2025-09-08 12:57:43 [main] INFO  demoqaLog - Clicked on Elements Card...
Title of this Page is: DEMOQA
You are Accessing: Elements
 
Elements: Please select an item from left to start practice.
2025-09-08 12:57:43 [main] INFO  demoqaBase - Elements: Please select an item from left to start practice.
2025-09-08 12:57:43 [main] INFO  demoqaBase - Clicking on Elements|Broken Links - Images...
Waiting for the presence of Element: [[ChromeDriver: chrome on windows (fb40052047c43ecf2b7175cd55e071bb)] -> xpath: //span[normalize-space()='Broken Links - Images']]
2025-09-08 12:57:43 [main] INFO  demoqaLog - ✅ JS click executed on element: {}
2025-09-08 12:57:43 [main] INFO  demoqaBase - Clicked on Elements|Broken Links - Images...
Page Title is: Broken Links - Images
2025-09-08 12:57:43 [main] INFO  demoqaBase - Checking for Elements|Broken Links|Broken Link...
Waiting for the presence of Element: [[ChromeDriver: chrome on windows (fb40052047c43ecf2b7175cd55e071bb)] -> xpath: //a[normalize-space()='Click Here for Broken Link']]
2025-09-08 12:57:53 [main] INFO  demoqaLog - ✅ JS click executed on element: {}
2025-09-08 12:57:53 [main] INFO  demoqaBase - Clicked on Elements|Broken Links - Images|Broken Link...
Broken Link Response is: This page returned a 500 status code.

For a definition and common list of HTTP status codes, go here
2025-09-08 12:57:53 [main] INFO  demoqaBase - Broken Link Response is: This page returned a 500 status code.

For a definition and common list of HTTP status codes, go here
2025-09-08 12:57:53 [main] INFO  demoqaBase - ✅ Test for Elements|Broken Links - Images|Broken Link Completed Successfully...
]]></system-out>
  </testcase>
  <testcase name="BrokenLinksValidlink" classname="tests.ElementsTests" time="2.197">
    <system-out><![CDATA[2025-09-08 12:57:53 [main] INFO  demoqaBase - Closing the Browser for test: BrokenLinksBrokenlink
2025-09-08 12:57:53 [main] INFO  DriverFactory - 🌐 Starting Chrome Web Browser...
2025-09-08 12:57:53 [main] INFO  DriverFactory - ✅ Created temporary Chrome profile at C:\Users\dell\AppData\Local\Temp\chrome-profile-9915351279357420906
2025-09-08 12:57:54 [main] INFO  DriverFactory - 🚀 WebDriver started successfully
2025-09-08 12:57:54 [main] INFO  RetryUrlAccess - Navigating to URL (attempt 1): https://demoqa.com
2025-09-08 12:58:22 [main] INFO  demoqaBase - 🚀 Starting test: BrokenLinksValidlink
Instance Variables Declared are: nullnull
2025-09-08 12:58:22 [main] INFO  demoqaBase - Accessing Elements Card...
2025-09-08 12:58:22 [main] INFO  demoqaLog - Clicking on Elements Card...
2025-09-08 12:58:22 [main] WARN  demoqaLog - ⚠️ JS click failed, falling back to native click. Reason: {}
2025-09-08 12:58:22 [main] INFO  demoqaLog - ✅ Native click succeeded on element: {}
2025-09-08 12:58:22 [main] INFO  demoqaLog - Clicked on Elements Card...
Title of this Page is: DEMOQA
You are Accessing: Elements
 
Elements: Please select an item from left to start practice.
2025-09-08 12:58:23 [main] INFO  demoqaBase - Elements: Please select an item from left to start practice.
2025-09-08 12:58:23 [main] INFO  demoqaBase - Clicking on Elements|Broken Links - Images...
Waiting for the presence of Element: [[ChromeDriver: chrome on windows (046a3104fdf89cedcd082c2cd5c11bef)] -> xpath: //span[normalize-space()='Broken Links - Images']]
2025-09-08 12:58:23 [main] INFO  demoqaLog - ✅ JS click executed on element: {}
2025-09-08 12:58:23 [main] INFO  demoqaBase - Clicked on Elements|Broken Links - Images...
Page Title is: Broken Links - Images
2025-09-08 12:58:23 [main] INFO  demoqaBase - Checking for Elements|Broken Links|Valid Link...
Waiting for the presence of Element: [[ChromeDriver: chrome on windows (046a3104fdf89cedcd082c2cd5c11bef)] -> xpath: //a[normalize-space()='Click Here for Valid Link']]
2025-09-08 12:58:24 [main] INFO  demoqaLog - ✅ JS click executed on element: {}
2025-09-08 12:58:24 [main] INFO  demoqaBase - Clicked on Elements|Broken Links - Images|Valid Link...
Logo of Valid Link Clicked https://demoqa.com/images/Toolsqa.jpg
2025-09-08 12:58:24 [main] INFO  demoqaBase - Logo source: https://demoqa.com/images/Toolsqa.jpg
2025-09-08 12:58:24 [main] INFO  demoqaBase - ✅ Test for Elements|Broken Links - Images|Valid Link Completed Successfully...
]]></system-out>
  </testcase>
  <testcase name="UploadDownloadlink" classname="tests.ElementsTests" time="0.556">
    <system-out><![CDATA[2025-09-08 12:58:24 [main] INFO  demoqaBase - Closing the Browser for test: BrokenLinksValidlink
2025-09-08 12:58:25 [main] INFO  DriverFactory - 🌐 Starting Chrome Web Browser...
2025-09-08 12:58:25 [main] INFO  DriverFactory - ✅ Created temporary Chrome profile at C:\Users\dell\AppData\Local\Temp\chrome-profile-4837570073429227288
2025-09-08 12:58:26 [main] INFO  DriverFactory - 🚀 WebDriver started successfully
2025-09-08 12:58:26 [main] INFO  RetryUrlAccess - Navigating to URL (attempt 1): https://demoqa.com
2025-09-08 12:58:30 [main] INFO  demoqaBase - 🚀 Starting test: UploadDownloadlink
Instance Variables Declared are: nullnull
2025-09-08 12:58:30 [main] INFO  demoqaBase - Accessing Elements Card...
2025-09-08 12:58:30 [main] INFO  demoqaLog - Clicking on Elements Card...
2025-09-08 12:58:30 [main] WARN  demoqaLog - ⚠️ JS click failed, falling back to native click. Reason: {}
2025-09-08 12:58:30 [main] INFO  demoqaLog - ✅ Native click succeeded on element: {}
2025-09-08 12:58:30 [main] INFO  demoqaLog - Clicked on Elements Card...
Title of this Page is: DEMOQA
You are Accessing: Elements
 
Elements: Please select an item from left to start practice.
2025-09-08 12:58:30 [main] INFO  demoqaBase - Elements: Please select an item from left to start practice.
2025-09-08 12:58:30 [main] INFO  demoqaBase - Checking for Elements|Upload and Download|Download Button...
Waiting for the Element to be Clickable: [[ChromeDriver: chrome on windows (bbf4cc78b996460367f262a11c4c2e1b)] -> xpath: //div[@class='element-list collapse show']//li[@id='item-7']]
2025-09-08 12:58:31 [main] INFO  demoqaLog - ✅ JS click executed on element: {}
2025-09-08 12:58:31 [main] INFO  demoqaBase - Clicked on Elements|Upload and Download...
2025-09-08 12:58:31 [main] INFO  demoqaBase - ✅ Test for Elements|Upload and Download Link Completed Successfully...
]]></system-out>
  </testcase>
  <testcase name="Downloadbtn" classname="tests.ElementsTests" time="0.807">
    <failure message="File was not downloaded successfully. expected [true] but found [false]" type="java.lang.AssertionError"><![CDATA[java.lang.AssertionError: File was not downloaded successfully. expected [true] but found [false]
	at org.testng.Assert.fail(Assert.java:111)
	at org.testng.Assert.failNotEquals(Assert.java:1590)
	at org.testng.Assert.assertTrue(Assert.java:57)
	at pages.elementsPage.DownloadFile(elementsPage.java:1202)
	at tests.ElementsTests.Downloadbtn(ElementsTests.java:1121)
	at java.base/jdk.internal.reflect.DirectMethodHandleAccessor.invoke(DirectMethodHandleAccessor.java:103)
	at java.base/java.lang.reflect.Method.invoke(Method.java:580)
	at org.testng.internal.invokers.MethodInvocationHelper.invokeMethod(MethodInvocationHelper.java:141)
	at org.testng.internal.invokers.TestInvoker.invokeMethod(TestInvoker.java:687)
	at org.testng.internal.invokers.TestInvoker.invokeTestMethod(TestInvoker.java:230)
	at org.testng.internal.invokers.MethodRunner.runInSequence(MethodRunner.java:63)
	at org.testng.internal.invokers.TestInvoker$MethodInvocationAgent.invoke(TestInvoker.java:995)
	at org.testng.internal.invokers.TestInvoker.invokeTestMethods(TestInvoker.java:203)
	at org.testng.internal.invokers.TestMethodWorker.invokeTestMethods(TestMethodWorker.java:154)
	at org.testng.internal.invokers.TestMethodWorker.run(TestMethodWorker.java:134)
	at java.base/java.util.ArrayList.forEach(ArrayList.java:1596)
	at org.testng.TestRunner.privateRun(TestRunner.java:741)
	at org.testng.TestRunner.run(TestRunner.java:616)
	at org.testng.SuiteRunner.runTest(SuiteRunner.java:421)
	at org.testng.SuiteRunner.runSequentially(SuiteRunner.java:413)
	at org.testng.SuiteRunner.privateRun(SuiteRunner.java:373)
	at org.testng.SuiteRunner.run(SuiteRunner.java:312)
	at org.testng.SuiteRunnerWorker.runSuite(SuiteRunnerWorker.java:52)
	at org.testng.SuiteRunnerWorker.run(SuiteRunnerWorker.java:95)
	at org.testng.TestNG.runSuitesSequentially(TestNG.java:1274)
	at org.testng.TestNG.runSuitesLocally(TestNG.java:1208)
	at org.testng.TestNG.runSuites(TestNG.java:1112)
	at org.testng.TestNG.run(TestNG.java:1079)
	at org.apache.maven.surefire.testng.TestNGExecutor.run(TestNGExecutor.java:155)
	at org.apache.maven.surefire.testng.TestNGDirectoryTestSuite.executeMulti(TestNGDirectoryTestSuite.java:169)
	at org.apache.maven.surefire.testng.TestNGDirectoryTestSuite.execute(TestNGDirectoryTestSuite.java:88)
	at org.apache.maven.surefire.testng.TestNGProvider.invoke(TestNGProvider.java:137)
	at org.apache.maven.surefire.booter.ForkedBooter.runSuitesInProcess(ForkedBooter.java:385)
	at org.apache.maven.surefire.booter.ForkedBooter.execute(ForkedBooter.java:162)
	at org.apache.maven.surefire.booter.ForkedBooter.run(ForkedBooter.java:507)
	at org.apache.maven.surefire.booter.ForkedBooter.main(ForkedBooter.java:495)
]]></failure>
    <system-out><![CDATA[2025-09-08 12:58:31 [main] INFO  demoqaBase - Closing the Browser for test: UploadDownloadlink
2025-09-08 12:58:31 [main] INFO  DriverFactory - 🌐 Starting Chrome Web Browser...
2025-09-08 12:58:31 [main] INFO  DriverFactory - ✅ Created temporary Chrome profile at C:\Users\dell\AppData\Local\Temp\chrome-profile-4756221799796282191
2025-09-08 12:58:32 [main] INFO  DriverFactory - 🚀 WebDriver started successfully
2025-09-08 12:58:32 [main] INFO  RetryUrlAccess - Navigating to URL (attempt 1): https://demoqa.com
2025-09-08 12:58:54 [main] INFO  demoqaBase - 🚀 Starting test: Downloadbtn
Instance Variables Declared are: nullnull
2025-09-08 12:58:54 [main] INFO  demoqaBase - Accessing Elements Card...
2025-09-08 12:58:54 [main] INFO  demoqaLog - Clicking on Elements Card...
2025-09-08 12:58:54 [main] WARN  demoqaLog - ⚠️ JS click failed, falling back to native click. Reason: {}
2025-09-08 12:58:54 [main] INFO  demoqaLog - ✅ Native click succeeded on element: {}
2025-09-08 12:58:54 [main] INFO  demoqaLog - Clicked on Elements Card...
Title of this Page is: DEMOQA
You are Accessing: Elements
 
Elements: Please select an item from left to start practice.
2025-09-08 12:58:54 [main] INFO  demoqaBase - Elements: Please select an item from left to start practice.
2025-09-08 12:58:54 [main] INFO  demoqaBase - Checking for Elements|Upload and Download|Download Button...
Waiting for the Element to be Clickable: [[ChromeDriver: chrome on windows (66db000778556865c55c448d95aee232)] -> xpath: //div[@class='element-list collapse show']//li[@id='item-7']]
2025-09-08 12:58:54 [main] INFO  demoqaLog - ✅ JS click executed on element: {}
2025-09-08 12:58:54 [main] INFO  demoqaBase - Clicked on Elements|Upload and Download...
2025-09-08 12:58:54 [main] INFO  demoqaBase - Clicking on Elements|Upload and Download|Download Button...
Deleting Existing file before download...
Waiting for Element to be clickable: [[ChromeDriver: chrome on windows (66db000778556865c55c448d95aee232)] -> xpath: //*[@id='downloadButton']]
2025-09-08 12:58:54 [main] INFO  demoqaLog - ✅ JS click executed on element: {}
2025-09-08 12:58:54 [main] INFO  demoqaBase - Clicked on Elements|Upload and Download|Download Button...
Downloaded file is: C:\Users\dell\Downloads\sampleFile.jpeg
]]></system-out>
  </testcase>
  <testcase name="Uploadbtn" classname="tests.ElementsTests" time="0.887">
    <system-out><![CDATA[Path for Screenshot is: C:\ASN\eclipse_workspace\demoqa-automation/screenshots/Downloadbtn_Failed+2025-09-08_12-58-54.png
2025-09-08 12:58:55 [main] ERROR demoqaBase - ❌ Test Downloadbtn failed. Screenshot captured.
2025-09-08 12:58:55 [main] INFO  demoqaBase - Closing the Browser for test: Downloadbtn
2025-09-08 12:58:55 [main] INFO  DriverFactory - 🌐 Starting Chrome Web Browser...
2025-09-08 12:58:55 [main] INFO  DriverFactory - ✅ Created temporary Chrome profile at C:\Users\dell\AppData\Local\Temp\chrome-profile-481010171410404611
2025-09-08 12:58:56 [main] INFO  DriverFactory - 🚀 WebDriver started successfully
2025-09-08 12:58:56 [main] INFO  RetryUrlAccess - Navigating to URL (attempt 1): https://demoqa.com
2025-09-08 12:59:11 [main] INFO  demoqaBase - 🚀 Starting test: Uploadbtn
Instance Variables Declared are: nullnull
2025-09-08 12:59:11 [main] INFO  demoqaBase - Accessing Elements Card...
2025-09-08 12:59:11 [main] INFO  demoqaLog - Clicking on Elements Card...
2025-09-08 12:59:11 [main] WARN  demoqaLog - ⚠️ JS click failed, falling back to native click. Reason: {}
2025-09-08 12:59:11 [main] INFO  demoqaLog - ✅ Native click succeeded on element: {}
2025-09-08 12:59:11 [main] INFO  demoqaLog - Clicked on Elements Card...
Title of this Page is: DEMOQA
You are Accessing: Elements
 
Elements: Please select an item from left to start practice.
2025-09-08 12:59:11 [main] INFO  demoqaBase - Elements: Please select an item from left to start practice.
2025-09-08 12:59:11 [main] INFO  demoqaBase - Checking for Elements|Upload and Download|Download Button...
Waiting for the Element to be Clickable: [[ChromeDriver: chrome on windows (b1f7cc82cde2daa042dfb29db971e500)] -> xpath: //div[@class='element-list collapse show']//li[@id='item-7']]
2025-09-08 12:59:11 [main] INFO  demoqaLog - ✅ JS click executed on element: {}
2025-09-08 12:59:11 [main] INFO  demoqaBase - Clicked on Elements|Upload and Download...
2025-09-08 12:59:11 [main] INFO  demoqaBase - Checking for Elements|Upload and Download|Upload Button...
File being Uploaded is: C:\ASN\eclipse_workspace\demoqa-automation\TestData
Uploading: C:\ASN\eclipse_workspace\demoqa-automation\TestData\Ophoto.jpg
Uploaded photo: [[ChromeDriver: chrome on windows (b1f7cc82cde2daa042dfb29db971e500)] -> id: uploadFile]
2025-09-08 12:59:11 [main] INFO  demoqaBase - Clicked on Elements|Upload and Download|Upload Button...
2025-09-08 12:59:11 [main] INFO  FetchLinkResponse - Fetching link response...
2025-09-08 12:59:11 [main] INFO  FetchLinkResponse - Response fetched: C:\fakepath\Ophoto.jpg
C:\fakepath\Ophoto.jpg
2025-09-08 12:59:11 [main] INFO  demoqaBase - Clicked on Elements|Upload and Download|Upload response is: C:\fakepath\Ophoto.jpg
2025-09-08 12:59:11 [main] INFO  demoqaBase - ✅ Test for Elements|Upload and Download|Upload Button Completed Successfully...
]]></system-out>
  </testcase>
  <testcase name="DynamicPropertiesbtn" classname="tests.ElementsTests" time="0.543">
    <system-out><![CDATA[2025-09-08 12:59:11 [main] INFO  demoqaBase - Closing the Browser for test: Uploadbtn
2025-09-08 12:59:12 [main] INFO  DriverFactory - 🌐 Starting Chrome Web Browser...
2025-09-08 12:59:12 [main] INFO  DriverFactory - ✅ Created temporary Chrome profile at C:\Users\dell\AppData\Local\Temp\chrome-profile-10525521757591225656
2025-09-08 12:59:13 [main] INFO  DriverFactory - 🚀 WebDriver started successfully
2025-09-08 12:59:13 [main] INFO  RetryUrlAccess - Navigating to URL (attempt 1): https://demoqa.com
2025-09-08 12:59:21 [main] INFO  demoqaBase - 🚀 Starting test: DynamicPropertiesbtn
Instance Variables Declared are: nullnull
2025-09-08 12:59:21 [main] INFO  demoqaBase - Accessing Elements Card...
2025-09-08 12:59:21 [main] INFO  demoqaLog - Clicking on Elements Card...
2025-09-08 12:59:21 [main] WARN  demoqaLog - ⚠️ JS click failed, falling back to native click. Reason: {}
2025-09-08 12:59:21 [main] INFO  demoqaLog - ✅ Native click succeeded on element: {}
2025-09-08 12:59:21 [main] INFO  demoqaLog - Clicked on Elements Card...
Title of this Page is: DEMOQA
You are Accessing: Elements
 
Elements: Please select an item from left to start practice.
2025-09-08 12:59:21 [main] INFO  demoqaBase - Elements: Please select an item from left to start practice.
2025-09-08 12:59:21 [main] INFO  demoqaBase - Checking for Elements|Dynamic Properties Button...
Waiting for the Element to be Clickable: [[ChromeDriver: chrome on windows (5cb9b02fdee82f1e27b56326562cdf0a)] -> xpath: //div[@class='element-list collapse show']//li[@id='item-8']]
2025-09-08 12:59:21 [main] INFO  demoqaLog - ✅ JS click executed on element: {}
2025-09-08 12:59:21 [main] INFO  demoqaBase - Clicked on Elements|Dynamic Properties...
Dynamic Properties Page Tile is: Dynamic Properties
2025-09-08 12:59:21 [main] INFO  demoqaBase - ✅ Test for Elements|Dynamic Properties Button Completed Successfully...
]]></system-out>
  </testcase>
  <testcase name="ColorChangebtn" classname="tests.ElementsTests" time="0.927">
    <system-out><![CDATA[2025-09-08 12:59:21 [main] INFO  demoqaBase - Closing the Browser for test: DynamicPropertiesbtn
2025-09-08 12:59:21 [main] INFO  DriverFactory - 🌐 Starting Chrome Web Browser...
2025-09-08 12:59:21 [main] INFO  DriverFactory - ✅ Created temporary Chrome profile at C:\Users\dell\AppData\Local\Temp\chrome-profile-3673939434170827767
2025-09-08 12:59:22 [main] INFO  DriverFactory - 🚀 WebDriver started successfully
2025-09-08 12:59:22 [main] INFO  RetryUrlAccess - Navigating to URL (attempt 1): https://demoqa.com
2025-09-08 12:59:28 [main] INFO  demoqaBase - 🚀 Starting test: ColorChangebtn
Instance Variables Declared are: nullnull
2025-09-08 12:59:28 [main] INFO  demoqaBase - Accessing Elements Card...
2025-09-08 12:59:28 [main] INFO  demoqaLog - Clicking on Elements Card...
2025-09-08 12:59:28 [main] WARN  demoqaLog - ⚠️ JS click failed, falling back to native click. Reason: {}
2025-09-08 12:59:28 [main] INFO  demoqaLog - ✅ Native click succeeded on element: {}
2025-09-08 12:59:28 [main] INFO  demoqaLog - Clicked on Elements Card...
Title of this Page is: DEMOQA
You are Accessing: Elements
 
Elements: Please select an item from left to start practice.
2025-09-08 12:59:28 [main] INFO  demoqaBase - Elements: Please select an item from left to start practice.
2025-09-08 12:59:28 [main] INFO  demoqaBase - Checking for Elements|Dynamic Properties Button...
Waiting for the Element to be Clickable: [[ChromeDriver: chrome on windows (c1e2ddd45318a696a271248f8ad9fd0e)] -> xpath: //div[@class='element-list collapse show']//li[@id='item-8']]
2025-09-08 12:59:28 [main] INFO  demoqaLog - ✅ JS click executed on element: {}
2025-09-08 12:59:28 [main] INFO  demoqaBase - Clicked on Elements|Dynamic Properties...
Dynamic Properties Page Tile is: Dynamic Properties
2025-09-08 12:59:28 [main] INFO  demoqaBase - Checking for Elements|Dynamic Properties|Color Change Button...
Waiting for the Element to be Clickable: [[ChromeDriver: chrome on windows (c1e2ddd45318a696a271248f8ad9fd0e)] -> xpath: //button[@id='colorChange']]
2025-09-08 12:59:29 [main] INFO  demoqaLog - ✅ JS click executed on element: {}
2025-09-08 12:59:29 [main] INFO  demoqaBase - Clicked on Elements|Dynamic Properties|Color Change Button...
Clicked on: Color Change
2025-09-08 12:59:29 [main] INFO  demoqaBase - ✅ Test for Elements|Dynamic Properties|Color Change Button Completed Successfully...
]]></system-out>
  </testcase>
  <testcase name="WillEnablebtn" classname="tests.ElementsTests" time="5.726">
    <system-out><![CDATA[2025-09-08 12:59:29 [main] INFO  demoqaBase - Closing the Browser for test: ColorChangebtn
2025-09-08 12:59:29 [main] INFO  DriverFactory - 🌐 Starting Chrome Web Browser...
2025-09-08 12:59:29 [main] INFO  DriverFactory - ✅ Created temporary Chrome profile at C:\Users\dell\AppData\Local\Temp\chrome-profile-16033701498816307658
2025-09-08 12:59:30 [main] INFO  DriverFactory - 🚀 WebDriver started successfully
2025-09-08 12:59:30 [main] INFO  RetryUrlAccess - Navigating to URL (attempt 1): https://demoqa.com
2025-09-08 12:59:35 [main] INFO  demoqaBase - 🚀 Starting test: WillEnablebtn
Instance Variables Declared are: nullnull
2025-09-08 12:59:35 [main] INFO  demoqaBase - Accessing Elements Card...
2025-09-08 12:59:35 [main] INFO  demoqaLog - Clicking on Elements Card...
2025-09-08 12:59:35 [main] WARN  demoqaLog - ⚠️ JS click failed, falling back to native click. Reason: {}
2025-09-08 12:59:35 [main] INFO  demoqaLog - ✅ Native click succeeded on element: {}
2025-09-08 12:59:35 [main] INFO  demoqaLog - Clicked on Elements Card...
Title of this Page is: DEMOQA
You are Accessing: Elements
 
Elements: Please select an item from left to start practice.
2025-09-08 12:59:35 [main] INFO  demoqaBase - Elements: Please select an item from left to start practice.
2025-09-08 12:59:35 [main] INFO  demoqaBase - Checking for Elements|Dynamic Properties Button...
Waiting for the Element to be Clickable: [[ChromeDriver: chrome on windows (fcaa5c1b1b7614857531b3be5a7f1d8d)] -> xpath: //div[@class='element-list collapse show']//li[@id='item-8']]
2025-09-08 12:59:35 [main] INFO  demoqaLog - ✅ JS click executed on element: {}
2025-09-08 12:59:35 [main] INFO  demoqaBase - Clicked on Elements|Dynamic Properties...
Dynamic Properties Page Tile is: Dynamic Properties
2025-09-08 12:59:35 [main] INFO  demoqaBase - Checking for Elements|Dynamic Properties|Will Enable 5 sec Button...
Waiting for the Element to be Clickable: [[ChromeDriver: chrome on windows (fcaa5c1b1b7614857531b3be5a7f1d8d)] -> xpath: //button[@id='enableAfter']]
2025-09-08 12:59:41 [main] INFO  demoqaLog - ✅ JS click executed on element: {}
2025-09-08 12:59:41 [main] INFO  demoqaBase - Clicked on Elements|Dynamic Properties|Will Enable 5 sec Button...
Clicked on: Will enable 5 seconds
2025-09-08 12:59:41 [main] INFO  demoqaBase - ✅ Test for Elements|Dynamic Properties|Will enable 5 sec Button Completed Successfully...
]]></system-out>
  </testcase>
  <testcase name="VisibleAfterbtn" classname="tests.ElementsTests" time="5.97">
    <system-out><![CDATA[2025-09-08 12:59:41 [main] INFO  demoqaBase - Closing the Browser for test: WillEnablebtn
2025-09-08 12:59:41 [main] INFO  DriverFactory - 🌐 Starting Chrome Web Browser...
2025-09-08 12:59:41 [main] INFO  DriverFactory - ✅ Created temporary Chrome profile at C:\Users\dell\AppData\Local\Temp\chrome-profile-9470821436226605809
2025-09-08 12:59:42 [main] INFO  DriverFactory - 🚀 WebDriver started successfully
2025-09-08 12:59:42 [main] INFO  RetryUrlAccess - Navigating to URL (attempt 1): https://demoqa.com
2025-09-08 12:59:46 [main] INFO  demoqaBase - 🚀 Starting test: VisibleAfterbtn
Instance Variables Declared are: nullnull
2025-09-08 12:59:46 [main] INFO  demoqaBase - Accessing Elements Card...
2025-09-08 12:59:46 [main] INFO  demoqaLog - Clicking on Elements Card...
2025-09-08 12:59:46 [main] WARN  demoqaLog - ⚠️ JS click failed, falling back to native click. Reason: {}
2025-09-08 12:59:47 [main] INFO  demoqaLog - ✅ Native click succeeded on element: {}
2025-09-08 12:59:47 [main] INFO  demoqaLog - Clicked on Elements Card...
Title of this Page is: DEMOQA
You are Accessing: Elements
 
Elements: Please select an item from left to start practice.
2025-09-08 12:59:47 [main] INFO  demoqaBase - Elements: Please select an item from left to start practice.
2025-09-08 12:59:47 [main] INFO  demoqaBase - Checking for Elements|Dynamic Properties Button...
Waiting for the Element to be Clickable: [[ChromeDriver: chrome on windows (36b5e593758cb73b8cd87d98e18809b5)] -> xpath: //div[@class='element-list collapse show']//li[@id='item-8']]
2025-09-08 12:59:47 [main] INFO  demoqaLog - ✅ JS click executed on element: {}
2025-09-08 12:59:47 [main] INFO  demoqaBase - Clicked on Elements|Dynamic Properties...
Dynamic Properties Page Tile is: Dynamic Properties
2025-09-08 12:59:47 [main] INFO  demoqaBase - Checking for Elements|Dynamic Properties|Visble After 5 Seconds Button...
Waiting for the Element to be Clickable: [[ChromeDriver: chrome on windows (36b5e593758cb73b8cd87d98e18809b5)] -> xpath: //button[@id='visibleAfter']]
2025-09-08 12:59:52 [main] INFO  demoqaLog - ✅ JS click executed on element: {}
2025-09-08 12:59:52 [main] INFO  demoqaBase - Clicked on Elements|Dynamic Properties|Visble After 5 Seconds Button...
Clicked on: Visible After 5 Seconds
2025-09-08 12:59:52 [main] INFO  demoqaBase - ✅ Test for Elements|Dynamic Properties|Visible After 5 Seconds Button Completed Successfully...
]]></system-out>
  </testcase>
  <testcase name="FormsCard" classname="tests.FormTests" time="14.264">
    <system-out><![CDATA[2025-09-08 12:59:52 [main] INFO  demoqaBase - Closing the Browser for test: VisibleAfterbtn
2025-09-08 12:59:53 [main] INFO  DriverFactory - 🌐 Starting Chrome Web Browser...
2025-09-08 12:59:53 [main] INFO  DriverFactory - ✅ Created temporary Chrome profile at C:\Users\dell\AppData\Local\Temp\chrome-profile-18300526254842943994
2025-09-08 12:59:54 [main] INFO  DriverFactory - 🚀 WebDriver started successfully
2025-09-08 12:59:54 [main] INFO  RetryUrlAccess - Navigating to URL (attempt 1): https://demoqa.com
2025-09-08 13:00:00 [main] INFO  demoqaBase - 🚀 Starting test: FormsCard
2025-09-08 13:00:00 [main] INFO  demoqaBase - 🧪 Starting Form Card Test...
2025-09-08 13:00:00 [main] INFO  demoqaBase - Accessing Form Card...
2025-09-08 13:00:00 [main] INFO  RetryUrlAccess - Navigating to URL (attempt 1): https://demoqa.com
2025-09-08 13:00:14 [main] INFO  demoqaLog - Clicking on Form Card...
2025-09-08 13:00:14 [main] INFO  demoqaLog - ✅ JS click executed on element: {}
2025-09-08 13:00:14 [main] INFO  demoqaLog - Clicked on Forms Card...
Page Text is: Please select an item from left to start practice.
Title of this Page is: DEMOQA
2025-09-08 13:00:14 [main] INFO  demoqaBase - ✅ Form Card Test Completed...
]]></system-out>
  </testcase>
  <testcase name="FormButton" classname="tests.FormTests" time="0.278">
    <system-out><![CDATA[2025-09-08 13:00:14 [main] INFO  demoqaBase - Closing the Browser for test: FormsCard
2025-09-08 13:00:15 [main] INFO  DriverFactory - 🌐 Starting Chrome Web Browser...
2025-09-08 13:00:15 [main] INFO  DriverFactory - ✅ Created temporary Chrome profile at C:\Users\dell\AppData\Local\Temp\chrome-profile-14899295415874012422
2025-09-08 13:00:16 [main] INFO  DriverFactory - 🚀 WebDriver started successfully
2025-09-08 13:00:16 [main] INFO  RetryUrlAccess - Navigating to URL (attempt 1): https://demoqa.com
2025-09-08 13:00:37 [main] INFO  demoqaBase - 🚀 Starting test: FormButton
2025-09-08 13:00:37 [main] INFO  demoqaBase - 🧪 Starting Form Card Test...
2025-09-08 13:00:37 [main] INFO  demoqaLog - Clicking on Form Card...
2025-09-08 13:00:37 [main] INFO  demoqaLog - ✅ JS click executed on element: {}
2025-09-08 13:00:37 [main] INFO  demoqaLog - Clicked on Forms Card...
2025-09-08 13:00:37 [main] INFO  demoqaBase - Clicking on Practice Form...
2025-09-08 13:00:37 [main] INFO  demoqaBase - Clicked on Practice Form...
Title of this Page is: DEMOQA
2025-09-08 13:00:37 [main] INFO  demoqaBase - ✅ Form Card|Practice Forms Test Completed...
]]></system-out>
  </testcase>
  <testcase name="fillForm[UserFormData{firstName=&apos;Johny&apos;, lastName=&apos;Bravo&apos;, userMail=&apos;Jbravo@demoqa.com&apos;, gender=&apos;Male&apos;, mobile=&apos;9.238343488E9&apos;, dob=&apos;15/08/2000&apos;, subject=&apos;Computer Science&apos;, hobbies=&apos;Sports,Music&apos;, picturePath=&apos;/TestData/Mphoto.jpg&apos;, address=&apos;511 Grant 481, Prattsville\n Arkansas 72129\n United States&apos;, state=&apos;NCR&apos;, city=&apos;Delhi&apos;}](1)" classname="tests.FormTests" time="6.054">
    <system-out><![CDATA[2025-09-08 13:00:37 [main] INFO  demoqaBase - Closing the Browser for test: FormButton
🧾 Row 1: {Salary=28000.0, Email=Jbravo@demoqa.com, Address=511 Grant 481, Prattsville\n Arkansas 72129\n United States, First Name=Johny, Gender=Male, City=Delhi, Mobile=9.238343488E9, Hobbies=Sports,Music, Subject=Computer Science, Current Address=301 Town 481, Brookville\n kansas 42129\n United States, Department=Information Technology, DOB=15/08/2000, Picture=/TestData/Mphoto.jpg, State=NCR, Last Name=Bravo, Age=34.0}
🔍 Mapping field: firstName | Excel Column: First Name | Value: Johny
🔍 Mapping field: lastName | Excel Column: Last Name | Value: Bravo
🔍 Mapping field: userMail | Excel Column: Email | Value: Jbravo@demoqa.com
🔍 Mapping field: gender | Excel Column: Gender | Value: Male
🔍 Mapping field: mobile | Excel Column: Mobile | Value: 9.238343488E9
🔍 Mapping field: dob | Excel Column: DOB | Value: 15/08/2000
🔍 Mapping field: subject | Excel Column: Subject | Value: Computer Science
🔍 Mapping field: hobbies | Excel Column: Hobbies | Value: Sports,Music
🔍 Mapping field: picturePath | Excel Column: Picture | Value: /TestData/Mphoto.jpg
🔍 Mapping field: address | Excel Column: Address | Value: 511 Grant 481, Prattsville\n Arkansas 72129\n United States
🔍 Mapping field: state | Excel Column: State | Value: NCR
🔍 Mapping field: city | Excel Column: City | Value: Delhi
🧾 Row 2: {Salary=18000.0, Email=GFemina@demoqa.com, Address=512 Grant 481, Prattsville\n Arkansas 72129\n United States, First Name=Gene, Gender=Female, City=Merrut, Mobile=1.888343432E9, Hobbies=Music,Reading, Subject=Accounting, Current Address=302 Town 481, Brookville\n kansas 42129\n United States, Department=Finance, DOB=22/05/2002, Picture=/TestData/Fphoto.png, State=Uttar Pradesh, Last Name=Femina, Age=30.0}
🔍 Mapping field: firstName | Excel Column: First Name | Value: Gene
🔍 Mapping field: lastName | Excel Column: Last Name | Value: Femina
🔍 Mapping field: userMail | Excel Column: Email | Value: GFemina@demoqa.com
🔍 Mapping field: gender | Excel Column: Gender | Value: Female
🔍 Mapping field: mobile | Excel Column: Mobile | Value: 1.888343432E9
🔍 Mapping field: dob | Excel Column: DOB | Value: 22/05/2002
🔍 Mapping field: subject | Excel Column: Subject | Value: Accounting
🔍 Mapping field: hobbies | Excel Column: Hobbies | Value: Music,Reading
🔍 Mapping field: picturePath | Excel Column: Picture | Value: /TestData/Fphoto.png
🔍 Mapping field: address | Excel Column: Address | Value: 512 Grant 481, Prattsville\n Arkansas 72129\n United States
🔍 Mapping field: state | Excel Column: State | Value: Uttar Pradesh
🔍 Mapping field: city | Excel Column: City | Value: Merrut
🧾 Row 3: {Salary=15000.0, Email=BWisem@demoqa.com, Address=513 Grant 481, Prattsville\n Arkansas 72129\n United States, First Name=Bud, Gender=Other, City=Panipat, Mobile=8.932465432E9, Hobbies=Reading, Subject=Biology, Current Address=303 Town 481, Brookville\n kansas 42129\n United States, Department=Medicine, DOB=31/12/1999, Picture=/TestData/Ophoto.jpg, State=Haryana, Last Name=Wisem, Age=40.0}
🔍 Mapping field: firstName | Excel Column: First Name | Value: Bud
🔍 Mapping field: lastName | Excel Column: Last Name | Value: Wisem
🔍 Mapping field: userMail | Excel Column: Email | Value: BWisem@demoqa.com
🔍 Mapping field: gender | Excel Column: Gender | Value: Other
🔍 Mapping field: mobile | Excel Column: Mobile | Value: 8.932465432E9
🔍 Mapping field: dob | Excel Column: DOB | Value: 31/12/1999
🔍 Mapping field: subject | Excel Column: Subject | Value: Biology
🔍 Mapping field: hobbies | Excel Column: Hobbies | Value: Reading
🔍 Mapping field: picturePath | Excel Column: Picture | Value: /TestData/Ophoto.jpg
🔍 Mapping field: address | Excel Column: Address | Value: 513 Grant 481, Prattsville\n Arkansas 72129\n United States
🔍 Mapping field: state | Excel Column: State | Value: Haryana
🔍 Mapping field: city | Excel Column: City | Value: Panipat
🧾 Row 4: {Salary=19000.0, Email=TBoss@demoqa.com, Address=514 Grant 481, Prattsville\n Arkansas 72129\n United States, First Name=Tom, Gender=Male, City=Jaiselmer, Mobile=7.839875281E9, Hobbies=Sports,Reading, Subject=Social Studies, Current Address=304 Town 481, Brookville\n kansas 42129\n United States, Department=Recreation, DOB=1/26/03, Picture=/TestData/M2photo.jpg, State=Rajasthan, Last Name=Boss, Age=42.0}
🔍 Mapping field: firstName | Excel Column: First Name | Value: Tom
🔍 Mapping field: lastName | Excel Column: Last Name | Value: Boss
🔍 Mapping field: userMail | Excel Column: Email | Value: TBoss@demoqa.com
🔍 Mapping field: gender | Excel Column: Gender | Value: Male
🔍 Mapping field: mobile | Excel Column: Mobile | Value: 7.839875281E9
🔍 Mapping field: dob | Excel Column: DOB | Value: 1/26/03
🔍 Mapping field: subject | Excel Column: Subject | Value: Social Studies
🔍 Mapping field: hobbies | Excel Column: Hobbies | Value: Sports,Reading
🔍 Mapping field: picturePath | Excel Column: Picture | Value: /TestData/M2photo.jpg
🔍 Mapping field: address | Excel Column: Address | Value: 514 Grant 481, Prattsville\n Arkansas 72129\n United States
🔍 Mapping field: state | Excel Column: State | Value: Rajasthan
🔍 Mapping field: city | Excel Column: City | Value: Jaiselmer
2025-09-08 13:00:38 [main] INFO  DriverFactory - 🌐 Starting Chrome Web Browser...
2025-09-08 13:00:38 [main] INFO  DriverFactory - ✅ Created temporary Chrome profile at C:\Users\dell\AppData\Local\Temp\chrome-profile-5211700860551814429
2025-09-08 13:00:39 [main] INFO  DriverFactory - 🚀 WebDriver started successfully
2025-09-08 13:00:39 [main] INFO  RetryUrlAccess - Navigating to URL (attempt 1): https://demoqa.com
2025-09-08 13:00:49 [main] INFO  demoqaBase - 🚀 Starting test: fillForm
2025-09-08 13:00:49 [main] INFO  demoqaBase - 🧪 Starting Form Filling Test...
2025-09-08 13:00:49 [main] INFO  RetryUrlAccess - Navigating to URL (attempt 1): https://demoqa.com
2025-09-08 13:00:50 [main] INFO  demoqaBase - Accessing Form Card...
2025-09-08 13:00:50 [main] INFO  RetryUrlAccess - Navigating to URL (attempt 1): https://demoqa.com
2025-09-08 13:00:50 [main] INFO  demoqaLog - Clicking on Form Card...
2025-09-08 13:00:51 [main] INFO  demoqaLog - ✅ JS click executed on element: {}
2025-09-08 13:00:51 [main] INFO  demoqaLog - Clicked on Forms Card...
Page Text is: Please select an item from left to start practice.
2025-09-08 13:00:51 [main] INFO  demoqaBase - Clicking on Practice Form...
2025-09-08 13:00:51 [main] INFO  demoqaBase - Clicked on Practice Form...
2025-09-08 13:00:51 [main] INFO  demoqaBase - Filling form for: Johny Bravo
2025-09-08 13:00:51 [main] INFO  demoqaBase - Entering First Name...
2025-09-08 13:00:51 [main] INFO  demoqaBase - Entered First Name: Johny
2025-09-08 13:00:52 [main] INFO  demoqaLog - ✅ JS click executed on element: {}
Selected gender: Male
2025-09-08 13:00:52 [main] INFO  demoqaBase - 📅 Parsed DOB for Johny Bravo: 2000-08-15
📥 Received DOB: 15-08-2000
📅 Normalized DOB: 15-08-2000
✅ Date selected: 15-08-2000
2025-09-08 13:00:52 [main] INFO  demoqaBase - Typed full subject: Computer Science
Typing subject: Computer Science
Dropdown Option: Computer Science
Selected: Computer Science
Selected hobby: sports
Selected hobby: music
Uploaded photo: C:\ASN\eclipse_workspace\demoqa-automation//TestData/Mphoto.jpg
511 Grant 481, Prattsville
 Arkansas 72129
 United States
2025-09-08 13:00:53 [main] INFO  demoqaBase - Entering Address...
2025-09-08 13:00:53 [main] INFO  demoqaBase - Entered Address...
2025-09-08 13:00:53 [main] INFO  demoqaBase - Selecting State: NCR
Available state option: NCR
2025-09-08 13:00:53 [main] INFO  demoqaBase - Selected State: NCR
2025-09-08 13:00:53 [main] INFO  demoqaBase - Selecting City: Delhi
Available city: Delhi
2025-09-08 13:00:54 [main] INFO  demoqaBase - Selected City: Delhi
2025-09-08 13:00:54 [main] INFO  demoqaBase - Submitting Form...
2025-09-08 13:00:54 [main] INFO  demoqaBase - Form Submitted via normal click...
2025-09-08 13:00:55 [main] INFO  ConfirmationTableParser - 📋 Parsed [First Name] = 'Johny', [Last Name] = 'Bravo'
2025-09-08 13:00:55 [main] INFO  ConfirmationTableParser - 📋 Parsed [Email] = 'Jbravo@demoqa.com'
2025-09-08 13:00:55 [main] INFO  ConfirmationTableParser - 📋 Parsed [Gender] = 'Male'
2025-09-08 13:00:55 [main] INFO  ConfirmationTableParser - 📋 Parsed [Mobile] = '9238343488'
2025-09-08 13:00:55 [main] INFO  ConfirmationTableParser - 📋 Parsed [DOB] = '15 August,2000'
2025-09-08 13:00:55 [main] INFO  ConfirmationTableParser - 📋 Parsed [Subject] = 'Computer Science'
2025-09-08 13:00:55 [main] INFO  ConfirmationTableParser - 📋 Parsed [Hobbies] = 'Sports, Music'
2025-09-08 13:00:55 [main] INFO  ConfirmationTableParser - 📋 Parsed [Picture] = 'Mphoto.jpg'
2025-09-08 13:00:55 [main] INFO  ConfirmationTableParser - 📋 Parsed [Address] = '511 Grant 481, Prattsville Arkansas 72129 United States'
2025-09-08 13:00:55 [main] INFO  ConfirmationTableParser - 📋 Parsed [State] = 'NCR', [City] = 'Delhi'
2025-09-08 13:00:55 [main] INFO  demoqaBase - 🧪 Starting confirmation assertion for user: Johny
2025-09-08 13:00:55 [main] INFO  AssertFormData - 🔍 [Email] Raw expected='Jbravo@demoqa.com', Raw actual='Jbravo@demoqa.com'
2025-09-08 13:00:55 [main] INFO  AssertFormData - 🔧 [Email] Normalized expected='Jbravo@demoqa.com', Normalized actual='Jbravo@demoqa.com'
2025-09-08 13:00:55 [main] INFO  AssertFormData - ✅ [Email] matched: 'Jbravo@demoqa.com'
2025-09-08 13:00:55 [main] INFO  AssertFormData - 🔍 [Address] Raw expected='511 Grant 481, Prattsville\n Arkansas 72129\n United States', Raw actual='511 Grant 481, Prattsville Arkansas 72129 United States'
2025-09-08 13:00:55 [main] INFO  AssertFormData - 🔧 [Address] Normalized expected='511 Grant 481, Prattsville Arkansas 72129 United States', Normalized actual='511 Grant 481, Prattsville Arkansas 72129 United States'
2025-09-08 13:00:55 [main] INFO  AssertFormData - ✅ [Address] matched: '511 Grant 481, Prattsville Arkansas 72129 United States'
2025-09-08 13:00:55 [main] INFO  AssertFormData - 🔍 [DOB] Raw expected='15-08-2000', Raw actual='15 August,2000'
2025-09-08 13:00:55 [main] INFO  AssertFormData - 🔧 [DOB] Normalized expected='15-08-2000', Normalized actual='15-08-2000'
2025-09-08 13:00:55 [main] INFO  AssertFormData - ✅ [DOB] matched: '15-08-2000'
2025-09-08 13:00:55 [main] INFO  AssertFormData - 🔍 [Picture] Raw expected='Mphoto.jpg', Raw actual='Mphoto.jpg'
2025-09-08 13:00:55 [main] INFO  AssertFormData - 🔧 [Picture] Normalized expected='Mphoto.jpg', Normalized actual='Mphoto.jpg'
2025-09-08 13:00:55 [main] INFO  AssertFormData - ✅ [Picture] matched: 'Mphoto.jpg'
2025-09-08 13:00:55 [main] INFO  AssertFormData - 🔍 [State] Raw expected='NCR', Raw actual='NCR'
2025-09-08 13:00:55 [main] INFO  AssertFormData - 🔧 [State] Normalized expected='NCR', Normalized actual='NCR'
2025-09-08 13:00:55 [main] INFO  AssertFormData - ✅ [State] matched: 'NCR'
2025-09-08 13:00:55 [main] INFO  AssertFormData - 🔍 [First Name] Raw expected='Johny', Raw actual='Johny'
2025-09-08 13:00:55 [main] INFO  AssertFormData - 🔧 [First Name] Normalized expected='Johny', Normalized actual='Johny'
2025-09-08 13:00:55 [main] INFO  AssertFormData - ✅ [First Name] matched: 'Johny'
2025-09-08 13:00:55 [main] INFO  AssertFormData - 🔍 [Gender] Raw expected='Male', Raw actual='Male'
2025-09-08 13:00:55 [main] INFO  AssertFormData - 🔧 [Gender] Normalized expected='Male', Normalized actual='Male'
2025-09-08 13:00:55 [main] INFO  AssertFormData - ✅ [Gender] matched: 'Male'
2025-09-08 13:00:55 [main] INFO  AssertFormData - 🔍 [City] Raw expected='Delhi', Raw actual='Delhi'
2025-09-08 13:00:55 [main] INFO  AssertFormData - 🔧 [City] Normalized expected='Delhi', Normalized actual='Delhi'
2025-09-08 13:00:55 [main] INFO  AssertFormData - ✅ [City] matched: 'Delhi'
2025-09-08 13:00:55 [main] INFO  AssertFormData - 🔍 [Last Name] Raw expected='Bravo', Raw actual='Bravo'
2025-09-08 13:00:55 [main] INFO  AssertFormData - 🔧 [Last Name] Normalized expected='Bravo', Normalized actual='Bravo'
2025-09-08 13:00:55 [main] INFO  AssertFormData - ✅ [Last Name] matched: 'Bravo'
2025-09-08 13:00:55 [main] INFO  AssertFormData - 🔍 [Mobile] Raw expected='9238343488', Raw actual='9238343488'
2025-09-08 13:00:55 [main] INFO  AssertFormData - 🔧 [Mobile] Normalized expected='9238343488', Normalized actual='9238343488'
2025-09-08 13:00:55 [main] INFO  AssertFormData - ✅ [Mobile] matched: '9238343488'
2025-09-08 13:00:55 [main] INFO  AssertFormData - 🔍 [Hobbies] Raw expected='Sports,Music', Raw actual='Sports, Music'
2025-09-08 13:00:55 [main] INFO  AssertFormData - 🔧 [Hobbies] Normalized expected='Sports,Music', Normalized actual='Sports,Music'
2025-09-08 13:00:55 [main] INFO  AssertFormData - ✅ [Hobbies] matched: 'Sports,Music'
2025-09-08 13:00:55 [main] INFO  AssertFormData - 🔍 [Subject] Raw expected='Computer Science', Raw actual='Computer Science'
2025-09-08 13:00:55 [main] INFO  AssertFormData - 🔧 [Subject] Normalized expected='Computer Science', Normalized actual='Computer Science'
2025-09-08 13:00:55 [main] INFO  AssertFormData - ✅ [Subject] matched: 'Computer Science'
2025-09-08 13:00:55 [main] INFO  demoqaBase - ✅ Form Filling Completed for: Johny Bravo
]]></system-out>
  </testcase>
  <testcase name="fillForm[UserFormData{firstName=&apos;Gene&apos;, lastName=&apos;Femina&apos;, userMail=&apos;GFemina@demoqa.com&apos;, gender=&apos;Female&apos;, mobile=&apos;1.888343432E9&apos;, dob=&apos;22/05/2002&apos;, subject=&apos;Accounting&apos;, hobbies=&apos;Music,Reading&apos;, picturePath=&apos;/TestData/Fphoto.png&apos;, address=&apos;512 Grant 481, Prattsville\n Arkansas 72129\n United States&apos;, state=&apos;Uttar Pradesh&apos;, city=&apos;Merrut&apos;}](2)" classname="tests.FormTests" time="6.599">
    <system-out><![CDATA[Path for Screenshot is: C:\ASN\eclipse_workspace\demoqa-automation/screenshots/fillForm_Passed+2025-09-08_13-00-55.png
2025-09-08 13:00:55 [main] INFO  demoqaBase - ✅ Test fillForm passed. Screenshot captured.
2025-09-08 13:00:55 [main] INFO  demoqaBase - Closing the Browser for test: fillForm
2025-09-08 13:00:56 [main] INFO  DriverFactory - 🌐 Starting Chrome Web Browser...
2025-09-08 13:00:56 [main] INFO  DriverFactory - ✅ Created temporary Chrome profile at C:\Users\dell\AppData\Local\Temp\chrome-profile-17596534177546431777
2025-09-08 13:00:57 [main] INFO  DriverFactory - 🚀 WebDriver started successfully
2025-09-08 13:00:57 [main] INFO  RetryUrlAccess - Navigating to URL (attempt 1): https://demoqa.com
2025-09-08 13:01:14 [main] INFO  demoqaBase - 🚀 Starting test: fillForm
2025-09-08 13:01:14 [main] INFO  demoqaBase - 🧪 Starting Form Filling Test...
2025-09-08 13:01:14 [main] INFO  RetryUrlAccess - Navigating to URL (attempt 1): https://demoqa.com
2025-09-08 13:01:15 [main] INFO  demoqaBase - Accessing Form Card...
2025-09-08 13:01:15 [main] INFO  RetryUrlAccess - Navigating to URL (attempt 1): https://demoqa.com
2025-09-08 13:01:16 [main] INFO  demoqaLog - Clicking on Form Card...
2025-09-08 13:01:16 [main] INFO  demoqaLog - ✅ JS click executed on element: {}
2025-09-08 13:01:16 [main] INFO  demoqaLog - Clicked on Forms Card...
Page Text is: Please select an item from left to start practice.
2025-09-08 13:01:16 [main] INFO  demoqaBase - Clicking on Practice Form...
2025-09-08 13:01:16 [main] INFO  demoqaBase - Clicked on Practice Form...
2025-09-08 13:01:16 [main] INFO  demoqaBase - Filling form for: Gene Femina
2025-09-08 13:01:16 [main] INFO  demoqaBase - Entering First Name...
2025-09-08 13:01:16 [main] INFO  demoqaBase - Entered First Name: Gene
2025-09-08 13:01:17 [main] INFO  demoqaLog - ✅ JS click executed on element: {}
Selected gender: Female
2025-09-08 13:01:17 [main] INFO  demoqaBase - 📅 Parsed DOB for Gene Femina: 2002-05-22
📥 Received DOB: 22-05-2002
📅 Normalized DOB: 22-05-2002
✅ Date selected: 22-05-2002
2025-09-08 13:01:18 [main] INFO  demoqaBase - Typed full subject: Accounting
Typing subject: Accounting
Dropdown Option: Accounting
Selected: Accounting
Selected hobby: music
Selected hobby: reading
Uploaded photo: C:\ASN\eclipse_workspace\demoqa-automation//TestData/Fphoto.png
512 Grant 481, Prattsville
 Arkansas 72129
 United States
2025-09-08 13:01:19 [main] INFO  demoqaBase - Entering Address...
2025-09-08 13:01:19 [main] INFO  demoqaBase - Entered Address...
2025-09-08 13:01:19 [main] INFO  demoqaBase - Selecting State: Uttar Pradesh
Available state option: NCR
Available state option: Uttar Pradesh
2025-09-08 13:01:19 [main] INFO  demoqaBase - Selected State: Uttar Pradesh
2025-09-08 13:01:19 [main] INFO  demoqaBase - Selecting City: Merrut
Available city: Agra
Available city: Lucknow
Available city: Merrut
2025-09-08 13:01:20 [main] INFO  demoqaBase - Selected City: Merrut
2025-09-08 13:01:20 [main] INFO  demoqaBase - Submitting Form...
2025-09-08 13:01:20 [main] INFO  demoqaBase - Form Submitted via normal click...
2025-09-08 13:01:20 [main] INFO  ConfirmationTableParser - 📋 Parsed [First Name] = 'Gene', [Last Name] = 'Femina'
2025-09-08 13:01:20 [main] INFO  ConfirmationTableParser - 📋 Parsed [Email] = 'GFemina@demoqa.com'
2025-09-08 13:01:20 [main] INFO  ConfirmationTableParser - 📋 Parsed [Gender] = 'Female'
2025-09-08 13:01:20 [main] INFO  ConfirmationTableParser - 📋 Parsed [Mobile] = '1888343432'
2025-09-08 13:01:20 [main] INFO  ConfirmationTableParser - 📋 Parsed [DOB] = '22 May,2002'
2025-09-08 13:01:21 [main] INFO  ConfirmationTableParser - 📋 Parsed [Subject] = 'Accounting'
2025-09-08 13:01:21 [main] INFO  ConfirmationTableParser - 📋 Parsed [Hobbies] = 'Music, Reading'
2025-09-08 13:01:21 [main] INFO  ConfirmationTableParser - 📋 Parsed [Picture] = 'Fphoto.png'
2025-09-08 13:01:21 [main] INFO  ConfirmationTableParser - 📋 Parsed [Address] = '512 Grant 481, Prattsville Arkansas 72129 United States'
2025-09-08 13:01:21 [main] INFO  ConfirmationTableParser - 📋 Parsed [State] = 'Uttar Pradesh', [City] = 'Merrut'
2025-09-08 13:01:21 [main] INFO  demoqaBase - 🧪 Starting confirmation assertion for user: Gene
2025-09-08 13:01:21 [main] INFO  AssertFormData - 🔍 [Email] Raw expected='GFemina@demoqa.com', Raw actual='GFemina@demoqa.com'
2025-09-08 13:01:21 [main] INFO  AssertFormData - 🔧 [Email] Normalized expected='GFemina@demoqa.com', Normalized actual='GFemina@demoqa.com'
2025-09-08 13:01:21 [main] INFO  AssertFormData - ✅ [Email] matched: 'GFemina@demoqa.com'
2025-09-08 13:01:21 [main] INFO  AssertFormData - 🔍 [Address] Raw expected='512 Grant 481, Prattsville\n Arkansas 72129\n United States', Raw actual='512 Grant 481, Prattsville Arkansas 72129 United States'
2025-09-08 13:01:21 [main] INFO  AssertFormData - 🔧 [Address] Normalized expected='512 Grant 481, Prattsville Arkansas 72129 United States', Normalized actual='512 Grant 481, Prattsville Arkansas 72129 United States'
2025-09-08 13:01:21 [main] INFO  AssertFormData - ✅ [Address] matched: '512 Grant 481, Prattsville Arkansas 72129 United States'
2025-09-08 13:01:21 [main] INFO  AssertFormData - 🔍 [DOB] Raw expected='22-05-2002', Raw actual='22 May,2002'
2025-09-08 13:01:21 [main] INFO  AssertFormData - 🔧 [DOB] Normalized expected='22-05-2002', Normalized actual='22-05-2002'
2025-09-08 13:01:21 [main] INFO  AssertFormData - ✅ [DOB] matched: '22-05-2002'
2025-09-08 13:01:21 [main] INFO  AssertFormData - 🔍 [Picture] Raw expected='Fphoto.png', Raw actual='Fphoto.png'
2025-09-08 13:01:21 [main] INFO  AssertFormData - 🔧 [Picture] Normalized expected='Fphoto.png', Normalized actual='Fphoto.png'
2025-09-08 13:01:21 [main] INFO  AssertFormData - ✅ [Picture] matched: 'Fphoto.png'
2025-09-08 13:01:21 [main] INFO  AssertFormData - 🔍 [State] Raw expected='Uttar Pradesh', Raw actual='Uttar Pradesh'
2025-09-08 13:01:21 [main] INFO  AssertFormData - 🔧 [State] Normalized expected='Uttar Pradesh', Normalized actual='Uttar Pradesh'
2025-09-08 13:01:21 [main] INFO  AssertFormData - ✅ [State] matched: 'Uttar Pradesh'
2025-09-08 13:01:21 [main] INFO  AssertFormData - 🔍 [First Name] Raw expected='Gene', Raw actual='Gene'
2025-09-08 13:01:21 [main] INFO  AssertFormData - 🔧 [First Name] Normalized expected='Gene', Normalized actual='Gene'
2025-09-08 13:01:21 [main] INFO  AssertFormData - ✅ [First Name] matched: 'Gene'
2025-09-08 13:01:21 [main] INFO  AssertFormData - 🔍 [Gender] Raw expected='Female', Raw actual='Female'
2025-09-08 13:01:21 [main] INFO  AssertFormData - 🔧 [Gender] Normalized expected='Female', Normalized actual='Female'
2025-09-08 13:01:21 [main] INFO  AssertFormData - ✅ [Gender] matched: 'Female'
2025-09-08 13:01:21 [main] INFO  AssertFormData - 🔍 [City] Raw expected='Merrut', Raw actual='Merrut'
2025-09-08 13:01:21 [main] INFO  AssertFormData - 🔧 [City] Normalized expected='Merrut', Normalized actual='Merrut'
2025-09-08 13:01:21 [main] INFO  AssertFormData - ✅ [City] matched: 'Merrut'
2025-09-08 13:01:21 [main] INFO  AssertFormData - 🔍 [Last Name] Raw expected='Femina', Raw actual='Femina'
2025-09-08 13:01:21 [main] INFO  AssertFormData - 🔧 [Last Name] Normalized expected='Femina', Normalized actual='Femina'
2025-09-08 13:01:21 [main] INFO  AssertFormData - ✅ [Last Name] matched: 'Femina'
2025-09-08 13:01:21 [main] INFO  AssertFormData - 🔍 [Mobile] Raw expected='1888343432', Raw actual='1888343432'
2025-09-08 13:01:21 [main] INFO  AssertFormData - 🔧 [Mobile] Normalized expected='1888343432', Normalized actual='1888343432'
2025-09-08 13:01:21 [main] INFO  AssertFormData - ✅ [Mobile] matched: '1888343432'
2025-09-08 13:01:21 [main] INFO  AssertFormData - 🔍 [Hobbies] Raw expected='Music,Reading', Raw actual='Music, Reading'
2025-09-08 13:01:21 [main] INFO  AssertFormData - 🔧 [Hobbies] Normalized expected='Music,Reading', Normalized actual='Music,Reading'
2025-09-08 13:01:21 [main] INFO  AssertFormData - ✅ [Hobbies] matched: 'Music,Reading'
2025-09-08 13:01:21 [main] INFO  AssertFormData - 🔍 [Subject] Raw expected='Accounting', Raw actual='Accounting'
2025-09-08 13:01:21 [main] INFO  AssertFormData - 🔧 [Subject] Normalized expected='Accounting', Normalized actual='Accounting'
2025-09-08 13:01:21 [main] INFO  AssertFormData - ✅ [Subject] matched: 'Accounting'
2025-09-08 13:01:21 [main] INFO  demoqaBase - ✅ Form Filling Completed for: Gene Femina
]]></system-out>
  </testcase>
  <testcase name="fillForm[UserFormData{firstName=&apos;Bud&apos;, lastName=&apos;Wisem&apos;, userMail=&apos;BWisem@demoqa.com&apos;, gender=&apos;Other&apos;, mobile=&apos;8.932465432E9&apos;, dob=&apos;31/12/1999&apos;, subject=&apos;Biology&apos;, hobbies=&apos;Reading&apos;, picturePath=&apos;/TestData/Ophoto.jpg&apos;, address=&apos;513 Grant 481, Prattsville\n Arkansas 72129\n United States&apos;, state=&apos;Haryana&apos;, city=&apos;Panipat&apos;}](3)" classname="tests.FormTests" time="6.295">
    <system-out><![CDATA[Path for Screenshot is: C:\ASN\eclipse_workspace\demoqa-automation/screenshots/fillForm_Passed+2025-09-08_13-01-21.png
2025-09-08 13:01:21 [main] INFO  demoqaBase - ✅ Test fillForm passed. Screenshot captured.
2025-09-08 13:01:21 [main] INFO  demoqaBase - Closing the Browser for test: fillForm
2025-09-08 13:01:21 [main] INFO  DriverFactory - 🌐 Starting Chrome Web Browser...
2025-09-08 13:01:21 [main] INFO  DriverFactory - ✅ Created temporary Chrome profile at C:\Users\dell\AppData\Local\Temp\chrome-profile-15821056302489313159
2025-09-08 13:01:22 [main] INFO  DriverFactory - 🚀 WebDriver started successfully
2025-09-08 13:01:22 [main] INFO  RetryUrlAccess - Navigating to URL (attempt 1): https://demoqa.com
2025-09-08 13:01:57 [main] INFO  demoqaBase - 🚀 Starting test: fillForm
2025-09-08 13:01:57 [main] INFO  demoqaBase - 🧪 Starting Form Filling Test...
2025-09-08 13:01:57 [main] INFO  RetryUrlAccess - Navigating to URL (attempt 1): https://demoqa.com
2025-09-08 13:01:57 [main] INFO  demoqaBase - Accessing Form Card...
2025-09-08 13:01:57 [main] INFO  RetryUrlAccess - Navigating to URL (attempt 1): https://demoqa.com
2025-09-08 13:01:58 [main] INFO  demoqaLog - Clicking on Form Card...
2025-09-08 13:01:59 [main] INFO  demoqaLog - ✅ JS click executed on element: {}
2025-09-08 13:01:59 [main] INFO  demoqaLog - Clicked on Forms Card...
Page Text is: Please select an item from left to start practice.
2025-09-08 13:01:59 [main] INFO  demoqaBase - Clicking on Practice Form...
2025-09-08 13:01:59 [main] INFO  demoqaBase - Clicked on Practice Form...
2025-09-08 13:01:59 [main] INFO  demoqaBase - Filling form for: Bud Wisem
2025-09-08 13:01:59 [main] INFO  demoqaBase - Entering First Name...
2025-09-08 13:01:59 [main] INFO  demoqaBase - Entered First Name: Bud
2025-09-08 13:02:00 [main] INFO  demoqaLog - ✅ JS click executed on element: {}
Selected gender: Other
2025-09-08 13:02:00 [main] INFO  demoqaBase - 📅 Parsed DOB for Bud Wisem: 1999-12-31
📥 Received DOB: 31-12-1999
📅 Normalized DOB: 31-12-1999
✅ Date selected: 31-12-1999
2025-09-08 13:02:00 [main] INFO  demoqaBase - Typed full subject: Biology
Typing subject: Biology
Dropdown Option: Biology
Selected: Biology
Selected hobby: reading
Uploaded photo: C:\ASN\eclipse_workspace\demoqa-automation//TestData/Ophoto.jpg
513 Grant 481, Prattsville
 Arkansas 72129
 United States
2025-09-08 13:02:01 [main] INFO  demoqaBase - Entering Address...
2025-09-08 13:02:01 [main] INFO  demoqaBase - Entered Address...
2025-09-08 13:02:01 [main] INFO  demoqaBase - Selecting State: Haryana
Available state option: NCR
Available state option: Uttar Pradesh
Available state option: Haryana
2025-09-08 13:02:01 [main] INFO  demoqaBase - Selected State: Haryana
2025-09-08 13:02:01 [main] INFO  demoqaBase - Selecting City: Panipat
Available city: Karnal
Available city: Panipat
2025-09-08 13:02:02 [main] INFO  demoqaBase - Selected City: Panipat
2025-09-08 13:02:02 [main] INFO  demoqaBase - Submitting Form...
2025-09-08 13:02:02 [main] INFO  demoqaBase - Form Submitted via normal click...
2025-09-08 13:02:03 [main] INFO  ConfirmationTableParser - 📋 Parsed [First Name] = 'Bud', [Last Name] = 'Wisem'
2025-09-08 13:02:03 [main] INFO  ConfirmationTableParser - 📋 Parsed [Email] = 'BWisem@demoqa.com'
2025-09-08 13:02:03 [main] INFO  ConfirmationTableParser - 📋 Parsed [Gender] = 'Other'
2025-09-08 13:02:03 [main] INFO  ConfirmationTableParser - 📋 Parsed [Mobile] = '8932465432'
2025-09-08 13:02:03 [main] INFO  ConfirmationTableParser - 📋 Parsed [DOB] = '31 December,1999'
2025-09-08 13:02:03 [main] INFO  ConfirmationTableParser - 📋 Parsed [Subject] = 'Biology'
2025-09-08 13:02:03 [main] INFO  ConfirmationTableParser - 📋 Parsed [Hobbies] = 'Reading'
2025-09-08 13:02:03 [main] INFO  ConfirmationTableParser - 📋 Parsed [Picture] = 'Ophoto.jpg'
2025-09-08 13:02:03 [main] INFO  ConfirmationTableParser - 📋 Parsed [Address] = '513 Grant 481, Prattsville Arkansas 72129 United States'
2025-09-08 13:02:03 [main] INFO  ConfirmationTableParser - 📋 Parsed [State] = 'Haryana', [City] = 'Panipat'
2025-09-08 13:02:03 [main] INFO  demoqaBase - 🧪 Starting confirmation assertion for user: Bud
2025-09-08 13:02:03 [main] INFO  AssertFormData - 🔍 [Email] Raw expected='BWisem@demoqa.com', Raw actual='BWisem@demoqa.com'
2025-09-08 13:02:03 [main] INFO  AssertFormData - 🔧 [Email] Normalized expected='BWisem@demoqa.com', Normalized actual='BWisem@demoqa.com'
2025-09-08 13:02:03 [main] INFO  AssertFormData - ✅ [Email] matched: 'BWisem@demoqa.com'
2025-09-08 13:02:03 [main] INFO  AssertFormData - 🔍 [Address] Raw expected='513 Grant 481, Prattsville\n Arkansas 72129\n United States', Raw actual='513 Grant 481, Prattsville Arkansas 72129 United States'
2025-09-08 13:02:03 [main] INFO  AssertFormData - 🔧 [Address] Normalized expected='513 Grant 481, Prattsville Arkansas 72129 United States', Normalized actual='513 Grant 481, Prattsville Arkansas 72129 United States'
2025-09-08 13:02:03 [main] INFO  AssertFormData - ✅ [Address] matched: '513 Grant 481, Prattsville Arkansas 72129 United States'
2025-09-08 13:02:03 [main] INFO  AssertFormData - 🔍 [DOB] Raw expected='31-12-1999', Raw actual='31 December,1999'
2025-09-08 13:02:03 [main] INFO  AssertFormData - 🔧 [DOB] Normalized expected='31-12-1999', Normalized actual='31-12-1999'
2025-09-08 13:02:03 [main] INFO  AssertFormData - ✅ [DOB] matched: '31-12-1999'
2025-09-08 13:02:03 [main] INFO  AssertFormData - 🔍 [Picture] Raw expected='Ophoto.jpg', Raw actual='Ophoto.jpg'
2025-09-08 13:02:03 [main] INFO  AssertFormData - 🔧 [Picture] Normalized expected='Ophoto.jpg', Normalized actual='Ophoto.jpg'
2025-09-08 13:02:03 [main] INFO  AssertFormData - ✅ [Picture] matched: 'Ophoto.jpg'
2025-09-08 13:02:03 [main] INFO  AssertFormData - 🔍 [State] Raw expected='Haryana', Raw actual='Haryana'
2025-09-08 13:02:03 [main] INFO  AssertFormData - 🔧 [State] Normalized expected='Haryana', Normalized actual='Haryana'
2025-09-08 13:02:03 [main] INFO  AssertFormData - ✅ [State] matched: 'Haryana'
2025-09-08 13:02:03 [main] INFO  AssertFormData - 🔍 [First Name] Raw expected='Bud', Raw actual='Bud'
2025-09-08 13:02:03 [main] INFO  AssertFormData - 🔧 [First Name] Normalized expected='Bud', Normalized actual='Bud'
2025-09-08 13:02:03 [main] INFO  AssertFormData - ✅ [First Name] matched: 'Bud'
2025-09-08 13:02:03 [main] INFO  AssertFormData - 🔍 [Gender] Raw expected='Other', Raw actual='Other'
2025-09-08 13:02:03 [main] INFO  AssertFormData - 🔧 [Gender] Normalized expected='Other', Normalized actual='Other'
2025-09-08 13:02:03 [main] INFO  AssertFormData - ✅ [Gender] matched: 'Other'
2025-09-08 13:02:03 [main] INFO  AssertFormData - 🔍 [City] Raw expected='Panipat', Raw actual='Panipat'
2025-09-08 13:02:03 [main] INFO  AssertFormData - 🔧 [City] Normalized expected='Panipat', Normalized actual='Panipat'
2025-09-08 13:02:03 [main] INFO  AssertFormData - ✅ [City] matched: 'Panipat'
2025-09-08 13:02:03 [main] INFO  AssertFormData - 🔍 [Last Name] Raw expected='Wisem', Raw actual='Wisem'
2025-09-08 13:02:03 [main] INFO  AssertFormData - 🔧 [Last Name] Normalized expected='Wisem', Normalized actual='Wisem'
2025-09-08 13:02:03 [main] INFO  AssertFormData - ✅ [Last Name] matched: 'Wisem'
2025-09-08 13:02:03 [main] INFO  AssertFormData - 🔍 [Mobile] Raw expected='8932465432', Raw actual='8932465432'
2025-09-08 13:02:03 [main] INFO  AssertFormData - 🔧 [Mobile] Normalized expected='8932465432', Normalized actual='8932465432'
2025-09-08 13:02:03 [main] INFO  AssertFormData - ✅ [Mobile] matched: '8932465432'
2025-09-08 13:02:03 [main] INFO  AssertFormData - 🔍 [Hobbies] Raw expected='Reading', Raw actual='Reading'
2025-09-08 13:02:03 [main] INFO  AssertFormData - 🔧 [Hobbies] Normalized expected='Reading', Normalized actual='Reading'
2025-09-08 13:02:03 [main] INFO  AssertFormData - ✅ [Hobbies] matched: 'Reading'
2025-09-08 13:02:03 [main] INFO  AssertFormData - 🔍 [Subject] Raw expected='Biology', Raw actual='Biology'
2025-09-08 13:02:03 [main] INFO  AssertFormData - 🔧 [Subject] Normalized expected='Biology', Normalized actual='Biology'
2025-09-08 13:02:03 [main] INFO  AssertFormData - ✅ [Subject] matched: 'Biology'
2025-09-08 13:02:03 [main] INFO  demoqaBase - ✅ Form Filling Completed for: Bud Wisem
]]></system-out>
  </testcase>
  <testcase name="fillForm[UserFormData{firstName=&apos;Tom&apos;, lastName=&apos;Boss&apos;, userMail=&apos;TBoss@demoqa.com&apos;, gender=&apos;Male&apos;, mobile=&apos;7.839875281E9&apos;, dob=&apos;1/26/03&apos;, subject=&apos;Social Studies&apos;, hobbies=&apos;Sports,Reading&apos;, picturePath=&apos;/TestData/M2photo.jpg&apos;, address=&apos;514 Grant 481, Prattsville\n Arkansas 72129\n United States&apos;, state=&apos;Rajasthan&apos;, city=&apos;Jaiselmer&apos;}](4)" classname="tests.FormTests" time="6.522">
    <system-out><![CDATA[Path for Screenshot is: C:\ASN\eclipse_workspace\demoqa-automation/screenshots/fillForm_Passed+2025-09-08_13-02-03.png
2025-09-08 13:02:03 [main] INFO  demoqaBase - ✅ Test fillForm passed. Screenshot captured.
2025-09-08 13:02:03 [main] INFO  demoqaBase - Closing the Browser for test: fillForm
2025-09-08 13:02:03 [main] INFO  DriverFactory - 🌐 Starting Chrome Web Browser...
2025-09-08 13:02:03 [main] INFO  DriverFactory - ✅ Created temporary Chrome profile at C:\Users\dell\AppData\Local\Temp\chrome-profile-15075469529173407964
2025-09-08 13:02:05 [main] INFO  DriverFactory - 🚀 WebDriver started successfully
2025-09-08 13:02:05 [main] INFO  RetryUrlAccess - Navigating to URL (attempt 1): https://demoqa.com
2025-09-08 13:02:26 [main] INFO  demoqaBase - 🚀 Starting test: fillForm
2025-09-08 13:02:26 [main] INFO  demoqaBase - 🧪 Starting Form Filling Test...
2025-09-08 13:02:26 [main] INFO  RetryUrlAccess - Navigating to URL (attempt 1): https://demoqa.com
2025-09-08 13:02:26 [main] INFO  demoqaBase - Accessing Form Card...
2025-09-08 13:02:26 [main] INFO  RetryUrlAccess - Navigating to URL (attempt 1): https://demoqa.com
2025-09-08 13:02:27 [main] INFO  demoqaLog - Clicking on Form Card...
2025-09-08 13:02:27 [main] INFO  demoqaLog - ✅ JS click executed on element: {}
2025-09-08 13:02:27 [main] INFO  demoqaLog - Clicked on Forms Card...
Page Text is: Please select an item from left to start practice.
2025-09-08 13:02:27 [main] INFO  demoqaBase - Clicking on Practice Form...
2025-09-08 13:02:28 [main] INFO  demoqaBase - Clicked on Practice Form...
2025-09-08 13:02:28 [main] INFO  demoqaBase - Filling form for: Tom Boss
2025-09-08 13:02:28 [main] INFO  demoqaBase - Entering First Name...
2025-09-08 13:02:28 [main] INFO  demoqaBase - Entered First Name: Tom
2025-09-08 13:02:28 [main] INFO  demoqaLog - ✅ JS click executed on element: {}
Selected gender: Male
2025-09-08 13:02:28 [main] INFO  demoqaBase - 📅 Parsed DOB for Tom Boss: 2003-01-26
📥 Received DOB: 26-01-2003
📅 Normalized DOB: 26-01-2003
✅ Date selected: 26-01-2003
2025-09-08 13:02:29 [main] INFO  demoqaBase - Typed full subject: Social Studies
Typing subject: Social Studies
Dropdown Option: Social Studies
Selected: Social Studies
Selected hobby: sports
Selected hobby: reading
Uploaded photo: C:\ASN\eclipse_workspace\demoqa-automation//TestData/M2photo.jpg
514 Grant 481, Prattsville
 Arkansas 72129
 United States
2025-09-08 13:02:30 [main] INFO  demoqaBase - Entering Address...
2025-09-08 13:02:30 [main] INFO  demoqaBase - Entered Address...
2025-09-08 13:02:30 [main] INFO  demoqaBase - Selecting State: Rajasthan
Available state option: NCR
Available state option: Uttar Pradesh
Available state option: Haryana
Available state option: Rajasthan
2025-09-08 13:02:31 [main] INFO  demoqaBase - Selected State: Rajasthan
2025-09-08 13:02:31 [main] INFO  demoqaBase - Selecting City: Jaiselmer
Available city: Jaipur
Available city: Jaiselmer
2025-09-08 13:02:31 [main] INFO  demoqaBase - Selected City: Jaiselmer
2025-09-08 13:02:31 [main] INFO  demoqaBase - Submitting Form...
2025-09-08 13:02:32 [main] INFO  demoqaBase - Form Submitted via normal click...
2025-09-08 13:02:32 [main] INFO  ConfirmationTableParser - 📋 Parsed [First Name] = 'Tom', [Last Name] = 'Boss'
2025-09-08 13:02:32 [main] INFO  ConfirmationTableParser - 📋 Parsed [Email] = 'TBoss@demoqa.com'
2025-09-08 13:02:32 [main] INFO  ConfirmationTableParser - 📋 Parsed [Gender] = 'Male'
2025-09-08 13:02:32 [main] INFO  ConfirmationTableParser - 📋 Parsed [Mobile] = '7839875281'
2025-09-08 13:02:32 [main] INFO  ConfirmationTableParser - 📋 Parsed [DOB] = '26 January,2003'
2025-09-08 13:02:32 [main] INFO  ConfirmationTableParser - 📋 Parsed [Subject] = 'Social Studies'
2025-09-08 13:02:32 [main] INFO  ConfirmationTableParser - 📋 Parsed [Hobbies] = 'Sports, Reading'
2025-09-08 13:02:32 [main] INFO  ConfirmationTableParser - 📋 Parsed [Picture] = 'M2photo.jpg'
2025-09-08 13:02:32 [main] INFO  ConfirmationTableParser - 📋 Parsed [Address] = '514 Grant 481, Prattsville Arkansas 72129 United States'
2025-09-08 13:02:32 [main] INFO  ConfirmationTableParser - 📋 Parsed [State] = 'Rajasthan', [City] = 'Jaiselmer'
2025-09-08 13:02:32 [main] INFO  demoqaBase - 🧪 Starting confirmation assertion for user: Tom
2025-09-08 13:02:32 [main] INFO  AssertFormData - 🔍 [Email] Raw expected='TBoss@demoqa.com', Raw actual='TBoss@demoqa.com'
2025-09-08 13:02:32 [main] INFO  AssertFormData - 🔧 [Email] Normalized expected='TBoss@demoqa.com', Normalized actual='TBoss@demoqa.com'
2025-09-08 13:02:32 [main] INFO  AssertFormData - ✅ [Email] matched: 'TBoss@demoqa.com'
2025-09-08 13:02:32 [main] INFO  AssertFormData - 🔍 [Address] Raw expected='514 Grant 481, Prattsville\n Arkansas 72129\n United States', Raw actual='514 Grant 481, Prattsville Arkansas 72129 United States'
2025-09-08 13:02:32 [main] INFO  AssertFormData - 🔧 [Address] Normalized expected='514 Grant 481, Prattsville Arkansas 72129 United States', Normalized actual='514 Grant 481, Prattsville Arkansas 72129 United States'
2025-09-08 13:02:32 [main] INFO  AssertFormData - ✅ [Address] matched: '514 Grant 481, Prattsville Arkansas 72129 United States'
2025-09-08 13:02:32 [main] INFO  AssertFormData - 🔍 [DOB] Raw expected='26-01-2003', Raw actual='26 January,2003'
2025-09-08 13:02:32 [main] INFO  AssertFormData - 🔧 [DOB] Normalized expected='26-01-2003', Normalized actual='26-01-2003'
2025-09-08 13:02:32 [main] INFO  AssertFormData - ✅ [DOB] matched: '26-01-2003'
2025-09-08 13:02:32 [main] INFO  AssertFormData - 🔍 [Picture] Raw expected='M2photo.jpg', Raw actual='M2photo.jpg'
2025-09-08 13:02:32 [main] INFO  AssertFormData - 🔧 [Picture] Normalized expected='M2photo.jpg', Normalized actual='M2photo.jpg'
2025-09-08 13:02:32 [main] INFO  AssertFormData - ✅ [Picture] matched: 'M2photo.jpg'
2025-09-08 13:02:32 [main] INFO  AssertFormData - 🔍 [State] Raw expected='Rajasthan', Raw actual='Rajasthan'
2025-09-08 13:02:32 [main] INFO  AssertFormData - 🔧 [State] Normalized expected='Rajasthan', Normalized actual='Rajasthan'
2025-09-08 13:02:32 [main] INFO  AssertFormData - ✅ [State] matched: 'Rajasthan'
2025-09-08 13:02:32 [main] INFO  AssertFormData - 🔍 [First Name] Raw expected='Tom', Raw actual='Tom'
2025-09-08 13:02:32 [main] INFO  AssertFormData - 🔧 [First Name] Normalized expected='Tom', Normalized actual='Tom'
2025-09-08 13:02:32 [main] INFO  AssertFormData - ✅ [First Name] matched: 'Tom'
2025-09-08 13:02:32 [main] INFO  AssertFormData - 🔍 [Gender] Raw expected='Male', Raw actual='Male'
2025-09-08 13:02:32 [main] INFO  AssertFormData - 🔧 [Gender] Normalized expected='Male', Normalized actual='Male'
2025-09-08 13:02:32 [main] INFO  AssertFormData - ✅ [Gender] matched: 'Male'
2025-09-08 13:02:32 [main] INFO  AssertFormData - 🔍 [City] Raw expected='Jaiselmer', Raw actual='Jaiselmer'
2025-09-08 13:02:32 [main] INFO  AssertFormData - 🔧 [City] Normalized expected='Jaiselmer', Normalized actual='Jaiselmer'
2025-09-08 13:02:32 [main] INFO  AssertFormData - ✅ [City] matched: 'Jaiselmer'
2025-09-08 13:02:32 [main] INFO  AssertFormData - 🔍 [Last Name] Raw expected='Boss', Raw actual='Boss'
2025-09-08 13:02:32 [main] INFO  AssertFormData - 🔧 [Last Name] Normalized expected='Boss', Normalized actual='Boss'
2025-09-08 13:02:32 [main] INFO  AssertFormData - ✅ [Last Name] matched: 'Boss'
2025-09-08 13:02:32 [main] INFO  AssertFormData - 🔍 [Mobile] Raw expected='7839875281', Raw actual='7839875281'
2025-09-08 13:02:32 [main] INFO  AssertFormData - 🔧 [Mobile] Normalized expected='7839875281', Normalized actual='7839875281'
2025-09-08 13:02:32 [main] INFO  AssertFormData - ✅ [Mobile] matched: '7839875281'
2025-09-08 13:02:32 [main] INFO  AssertFormData - 🔍 [Hobbies] Raw expected='Sports,Reading', Raw actual='Sports, Reading'
2025-09-08 13:02:32 [main] INFO  AssertFormData - 🔧 [Hobbies] Normalized expected='Sports,Reading', Normalized actual='Sports,Reading'
2025-09-08 13:02:32 [main] INFO  AssertFormData - ✅ [Hobbies] matched: 'Sports,Reading'
2025-09-08 13:02:32 [main] INFO  AssertFormData - 🔍 [Subject] Raw expected='Social Studies', Raw actual='Social Studies'
2025-09-08 13:02:32 [main] INFO  AssertFormData - 🔧 [Subject] Normalized expected='Social Studies', Normalized actual='Social Studies'
2025-09-08 13:02:32 [main] INFO  AssertFormData - ✅ [Subject] matched: 'Social Studies'
2025-09-08 13:02:32 [main] INFO  demoqaBase - ✅ Form Filling Completed for: Tom Boss
]]></system-out>
  </testcase>
  <testcase name="accessWidgets" classname="tests.WidgetsTests" time="0.199">
    <system-out><![CDATA[Path for Screenshot is: C:\ASN\eclipse_workspace\demoqa-automation/screenshots/fillForm_Passed+2025-09-08_13-02-32.png
2025-09-08 13:02:33 [main] INFO  demoqaBase - ✅ Test fillForm passed. Screenshot captured.
2025-09-08 13:02:33 [main] INFO  demoqaBase - Closing the Browser for test: fillForm
2025-09-08 13:02:33 [main] INFO  DriverFactory - 🌐 Starting Chrome Web Browser...
2025-09-08 13:02:33 [main] INFO  DriverFactory - ✅ Created temporary Chrome profile at C:\Users\dell\AppData\Local\Temp\chrome-profile-10491629311398193916
2025-09-08 13:02:34 [main] INFO  DriverFactory - 🚀 WebDriver started successfully
2025-09-08 13:02:34 [main] INFO  RetryUrlAccess - Navigating to URL (attempt 1): https://demoqa.com
2025-09-08 13:02:39 [main] INFO  demoqaBase - 🚀 Starting test: accessWidgets
2025-09-08 13:02:39 [main] INFO  demoqaBase - 🧪 Starting Test Widgets...
2025-09-08 13:02:39 [main] INFO  demoqaBase - Accessing Widgets Card...
Declared Instance WebDriverWait: org.openqa.selenium.support.ui.WebDriverWait@3940c147
2025-09-08 13:02:39 [main] INFO  demoqaLog - Clicking on Widgets Card...
2025-09-08 13:02:39 [main] INFO  demoqaLog - ✅ JS click executed on element: {}
2025-09-08 13:02:39 [main] INFO  demoqaLog - Clicked on on Widgets Card...
Title of this Page is: DEMOQA
You are Accessing: Widgets
 
2025-09-08 13:02:39 [main] INFO  demoqaBase - Widgets: Please select an item from left to start practice.
2025-09-08 13:02:39 [main] INFO  demoqaBase - ✅ Widgets Test Completed...
]]></system-out>
  </testcase>
  <testcase name="Accordian" classname="tests.WidgetsTests" time="0.384">
    <system-out><![CDATA[2025-09-08 13:02:39 [main] INFO  demoqaBase - Closing the Browser for test: accessWidgets
2025-09-08 13:02:40 [main] INFO  DriverFactory - 🌐 Starting Chrome Web Browser...
2025-09-08 13:02:40 [main] INFO  DriverFactory - ✅ Created temporary Chrome profile at C:\Users\dell\AppData\Local\Temp\chrome-profile-173163214272494809
2025-09-08 13:02:41 [main] INFO  DriverFactory - 🚀 WebDriver started successfully
2025-09-08 13:02:41 [main] INFO  RetryUrlAccess - Navigating to URL (attempt 1): https://demoqa.com
2025-09-08 13:02:48 [main] INFO  demoqaBase - 🚀 Starting test: Accordian
2025-09-08 13:02:48 [main] INFO  demoqaBase - 🧪 Starting Test Widgets|Accordian...
2025-09-08 13:02:48 [main] INFO  demoqaBase - Accessing Widgets Card...
Declared Instance WebDriverWait: org.openqa.selenium.support.ui.WebDriverWait@787b9d7f
2025-09-08 13:02:48 [main] INFO  demoqaLog - Clicking on Widgets Card...
2025-09-08 13:02:48 [main] INFO  demoqaLog - ✅ JS click executed on element: {}
2025-09-08 13:02:48 [main] INFO  demoqaLog - Clicked on on Widgets Card...
Title of this Page is: DEMOQA
You are Accessing: Widgets
 
2025-09-08 13:02:48 [main] INFO  demoqaBase - Widgets: Please select an item from left to start practice.
2025-09-08 13:02:48 [main] INFO  demoqaBase - Clicking on Widgets|Accordian...
You are now Accessing: Accordian
2025-09-08 13:02:48 [main] INFO  demoqaBase - You are now Accessing: Accordian
2025-09-08 13:02:48 [main] INFO  demoqaBase - ✅ Widgets|Accordian Test Completed...
]]></system-out>
  </testcase>
  <testcase name="AccessWhatis" classname="tests.WidgetsTests" time="0.623">
    <system-out><![CDATA[2025-09-08 13:02:48 [main] INFO  demoqaBase - Closing the Browser for test: Accordian
2025-09-08 13:02:48 [main] INFO  DriverFactory - 🌐 Starting Chrome Web Browser...
2025-09-08 13:02:48 [main] INFO  DriverFactory - ✅ Created temporary Chrome profile at C:\Users\dell\AppData\Local\Temp\chrome-profile-9476768384591786128
2025-09-08 13:02:49 [main] INFO  DriverFactory - 🚀 WebDriver started successfully
2025-09-08 13:02:49 [main] INFO  RetryUrlAccess - Navigating to URL (attempt 1): https://demoqa.com
2025-09-08 13:03:04 [main] INFO  demoqaBase - 🚀 Starting test: AccessWhatis
2025-09-08 13:03:04 [main] INFO  demoqaBase - 🧪 Starting Test Widgets|Accordian|What is Lorem Ipsum?...
2025-09-08 13:03:04 [main] INFO  demoqaBase - Accessing Widgets Card...
Declared Instance WebDriverWait: org.openqa.selenium.support.ui.WebDriverWait@518cc02
2025-09-08 13:03:04 [main] INFO  demoqaLog - Clicking on Widgets Card...
2025-09-08 13:03:04 [main] INFO  demoqaLog - ✅ JS click executed on element: {}
2025-09-08 13:03:04 [main] INFO  demoqaLog - Clicked on on Widgets Card...
Title of this Page is: DEMOQA
You are Accessing: Widgets
 
2025-09-08 13:03:04 [main] INFO  demoqaBase - Widgets: Please select an item from left to start practice.
2025-09-08 13:03:04 [main] INFO  demoqaBase - Clicking on Widgets|Accordian...
You are now Accessing: Accordian
2025-09-08 13:03:04 [main] INFO  demoqaBase - You are now Accessing: Accordian
2025-09-08 13:03:04 [main] INFO  demoqaBase - Clicking on Widgets|Accordian|What is Lorem Ipsum?...
2025-09-08 13:03:04 [main] INFO  demoqaLog - ✅ JS click executed on element: {}
2025-09-08 13:03:04 [main] INFO  demoqaBase - Clicked on What is Lorem Ipsum...
What is Lorem Ipsum?: Lorem Ipsum is simply dummy text of the printing and typesetting industry. Lorem Ipsum has been the industry's standard dummy text ever since the 1500s, when an unknown printer took a galley of type and scrambled it to make a type specimen book. It has survived not only five centuries, but also the leap into electronic typesetting, remaining essentially unchanged. It was popularised in the 1960s with the release of Letraset sheets containing Lorem Ipsum passages, and more recently with desktop publishing software like Aldus PageMaker including versions of Lorem Ipsum.
2025-09-08 13:03:04 [main] INFO  demoqaBase - You are now Accessing: Lorem Ipsum is simply dummy text of the printing and typesetting industry. Lorem Ipsum has been the industry's standard dummy text ever since the 1500s, when an unknown printer took a galley of type and scrambled it to make a type specimen book. It has survived not only five centuries, but also the leap into electronic typesetting, remaining essentially unchanged. It was popularised in the 1960s with the release of Letraset sheets containing Lorem Ipsum passages, and more recently with desktop publishing software like Aldus PageMaker including versions of Lorem Ipsum.
2025-09-08 13:03:04 [main] INFO  demoqaBase - ✅ Widgets|Accordian|What is Lorem Ipsum? Test Completed...
]]></system-out>
  </testcase>
  <testcase name="AccessWhereDoes" classname="tests.WidgetsTests" time="0.533">
    <system-out><![CDATA[2025-09-08 13:03:04 [main] INFO  demoqaBase - Closing the Browser for test: AccessWhatis
2025-09-08 13:03:05 [main] INFO  DriverFactory - 🌐 Starting Chrome Web Browser...
2025-09-08 13:03:05 [main] INFO  DriverFactory - ✅ Created temporary Chrome profile at C:\Users\dell\AppData\Local\Temp\chrome-profile-14266715785793046923
2025-09-08 13:03:06 [main] INFO  DriverFactory - 🚀 WebDriver started successfully
2025-09-08 13:03:06 [main] INFO  RetryUrlAccess - Navigating to URL (attempt 1): https://demoqa.com
2025-09-08 13:03:29 [main] INFO  demoqaBase - 🚀 Starting test: AccessWhereDoes
2025-09-08 13:03:29 [main] INFO  demoqaBase - 🧪 Starting Test Widgets|Accordian|Where does it come from?...
2025-09-08 13:03:29 [main] INFO  demoqaBase - Accessing Widgets Card...
Declared Instance WebDriverWait: org.openqa.selenium.support.ui.WebDriverWait@31730aa0
2025-09-08 13:03:29 [main] INFO  demoqaLog - Clicking on Widgets Card...
2025-09-08 13:03:29 [main] INFO  demoqaLog - ✅ JS click executed on element: {}
2025-09-08 13:03:29 [main] INFO  demoqaLog - Clicked on on Widgets Card...
Title of this Page is: DEMOQA
You are Accessing: Widgets
 
2025-09-08 13:03:29 [main] INFO  demoqaBase - Widgets: Please select an item from left to start practice.
2025-09-08 13:03:29 [main] INFO  demoqaBase - Clicking on Widgets|Accordian...
You are now Accessing: Accordian
2025-09-08 13:03:29 [main] INFO  demoqaBase - You are now Accessing: Accordian
2025-09-08 13:03:29 [main] INFO  demoqaBase - Clicking on Widgets|Accordian|Where does it come from?...
2025-09-08 13:03:29 [main] INFO  demoqaLog - ✅ JS click executed on element: {}
2025-09-08 13:03:29 [main] INFO  demoqaBase - Clicked on Where does it come from?...
2025-09-08 13:03:29 [main] INFO  demoqaBase - You are now Accessing: Contrary to popular belief, Lorem Ipsum is not simply random text. It has roots in a piece of classical Latin literature from 45 BC, making it over 2000 years old. Richard McClintock, a Latin professor at Hampden-Sydney College in Virginia, looked up one of the more obscure Latin words, consectetur, from a Lorem Ipsum passage, and going through the cites of the word in classical literature, discovered the undoubtable source. Lorem Ipsum comes from sections 1.10.32 and 1.10.33 of "de Finibus Bonorum et Malorum" (The Extremes of Good and Evil) by Cicero, written in 45 BC. This book is a treatise on the theory of ethics, very popular during the Renaissance. The first line of Lorem Ipsum, "Lorem ipsum dolor sit amet..", comes from a line in section 1.10.32.
Where does it come from?: Contrary to popular belief, Lorem Ipsum is not simply random text. It has roots in a piece of classical Latin literature from 45 BC, making it over 2000 years old. Richard McClintock, a Latin professor at Hampden-Sydney College in Virginia, looked up one of the more obscure Latin words, consectetur, from a Lorem Ipsum passage, and going through the cites of the word in classical literature, discovered the undoubtable source. Lorem Ipsum comes from sections 1.10.32 and 1.10.33 of "de Finibus Bonorum et Malorum" (The Extremes of Good and Evil) by Cicero, written in 45 BC. This book is a treatise on the theory of ethics, very popular during the Renaissance. The first line of Lorem Ipsum, "Lorem ipsum dolor sit amet..", comes from a line in section 1.10.32.
2025-09-08 13:03:29 [main] INFO  demoqaBase - ✅ Widgets|Accordian|Where does it come from? Test Completed...
]]></system-out>
  </testcase>
  <testcase name="AccessWhyDoWe" classname="tests.WidgetsTests" time="1.111">
    <system-out><![CDATA[2025-09-08 13:03:29 [main] INFO  demoqaBase - Closing the Browser for test: AccessWhereDoes
2025-09-08 13:03:30 [main] INFO  DriverFactory - 🌐 Starting Chrome Web Browser...
2025-09-08 13:03:30 [main] INFO  DriverFactory - ✅ Created temporary Chrome profile at C:\Users\dell\AppData\Local\Temp\chrome-profile-5144696964157120070
2025-09-08 13:03:31 [main] INFO  DriverFactory - 🚀 WebDriver started successfully
2025-09-08 13:03:31 [main] INFO  RetryUrlAccess - Navigating to URL (attempt 1): https://demoqa.com
2025-09-08 13:03:44 [main] INFO  demoqaBase - 🚀 Starting test: AccessWhyDoWe
2025-09-08 13:03:44 [main] INFO  demoqaBase - 🧪 Starting Test Widgets|Accordian|Why do we use it?...
2025-09-08 13:03:44 [main] INFO  demoqaBase - Accessing Widgets Card...
Declared Instance WebDriverWait: org.openqa.selenium.support.ui.WebDriverWait@57c5d9c3
2025-09-08 13:03:44 [main] INFO  demoqaLog - Clicking on Widgets Card...
2025-09-08 13:03:45 [main] INFO  demoqaLog - ✅ JS click executed on element: {}
2025-09-08 13:03:45 [main] INFO  demoqaLog - Clicked on on Widgets Card...
Title of this Page is: DEMOQA
You are Accessing: Widgets
 
2025-09-08 13:03:45 [main] INFO  demoqaBase - Widgets: Please select an item from left to start practice.
2025-09-08 13:03:45 [main] INFO  demoqaBase - Clicking on Widgets|Accordian...
You are now Accessing: Accordian
2025-09-08 13:03:45 [main] INFO  demoqaBase - You are now Accessing: Accordian
2025-09-08 13:03:45 [main] INFO  demoqaBase - Clicking on Widgets|Accordian|Why do we use it?...
2025-09-08 13:03:45 [main] INFO  demoqaLog - ✅ JS click executed on element: {}
2025-09-08 13:03:45 [main] INFO  demoqaBase - Clicked on Why do we use it?...
Why do we use it?: It is a long established fact that a reader will be distracted by the readable content of a page when looking at its layout. The point of using Lorem Ipsum is that it has a more-or-less normal distribution of letters, as opposed to using 'Content here, content here', making it look like readable English. Many desktop publishing packages and web page editors now use Lorem Ipsum as their default model text, and a search for 'lorem ipsum' will uncover many web sites still in their infancy. Various versions have evolved over the years, sometimes by accident, sometimes on purpose (injected humour and the like).
2025-09-08 13:03:46 [main] INFO  demoqaBase - You are now Accessing: It is a long established fact that a reader will be distracted by the readable content of a page when looking at its layout. The point of using Lorem Ipsum is that it has a more-or-less normal distribution of letters, as opposed to using 'Content here, content here', making it look like readable English. Many desktop publishing packages and web page editors now use Lorem Ipsum as their default model text, and a search for 'lorem ipsum' will uncover many web sites still in their infancy. Various versions have evolved over the years, sometimes by accident, sometimes on purpose (injected humour and the like).
2025-09-08 13:03:46 [main] INFO  demoqaBase - ✅ Widgets|Accordian|Why do we use it? Test Completed...
]]></system-out>
  </testcase>
  <testcase name="AutoComplete" classname="tests.WidgetsTests" time="0.341">
    <system-out><![CDATA[2025-09-08 13:03:46 [main] INFO  demoqaBase - Closing the Browser for test: AccessWhyDoWe
2025-09-08 13:03:46 [main] INFO  DriverFactory - 🌐 Starting Chrome Web Browser...
2025-09-08 13:03:46 [main] INFO  DriverFactory - ✅ Created temporary Chrome profile at C:\Users\dell\AppData\Local\Temp\chrome-profile-13924839060550900
2025-09-08 13:03:47 [main] INFO  DriverFactory - 🚀 WebDriver started successfully
2025-09-08 13:03:47 [main] INFO  RetryUrlAccess - Navigating to URL (attempt 1): https://demoqa.com
2025-09-08 13:04:05 [main] INFO  demoqaBase - 🚀 Starting test: AutoComplete
2025-09-08 13:04:05 [main] INFO  demoqaBase - 🧪 Starting Test Widgets|Auto Complete...
2025-09-08 13:04:05 [main] INFO  demoqaBase - Accessing Widgets Card...
Declared Instance WebDriverWait: org.openqa.selenium.support.ui.WebDriverWait@682ea147
2025-09-08 13:04:05 [main] INFO  demoqaLog - Clicking on Widgets Card...
2025-09-08 13:04:05 [main] INFO  demoqaLog - ✅ JS click executed on element: {}
2025-09-08 13:04:05 [main] INFO  demoqaLog - Clicked on on Widgets Card...
Title of this Page is: DEMOQA
You are Accessing: Widgets
 
2025-09-08 13:04:05 [main] INFO  demoqaBase - Widgets: Please select an item from left to start practice.
2025-09-08 13:04:05 [main] INFO  demoqaBase - Clicking on Widgets|AutoComplete...
You are now Accessing: Auto Complete
2025-09-08 13:04:05 [main] INFO  demoqaBase - You are now Accessing: Auto Complete
2025-09-08 13:04:05 [main] INFO  demoqaBase - ✅ Widgets|Auto Complete Test Completed...
]]></system-out>
  </testcase>
  <testcase name="AutoCompleteSearch[ColorSelectionData{searchFor=&apos;A&apos;, expectedColors=[Black, Magenta, Aqua]}](1)" classname="tests.WidgetsTests" time="1.512">
    <system-out><![CDATA[2025-09-08 13:04:05 [main] INFO  demoqaBase - Closing the Browser for test: AutoComplete
🧾 Row 1: {SearchFor=A, ExpectedColors=Black,Magenta,Aqua}
🔍 Mapping field: searchFor | Excel Column: SearchFor | Value: A
🔍 Mapping field: expectedColorsRaw | Excel Column: ExpectedColors | Value: Black,Magenta,Aqua
🧾 Row 2: {SearchFor=B, ExpectedColors=Blue,Black}
🔍 Mapping field: searchFor | Excel Column: SearchFor | Value: B
🔍 Mapping field: expectedColorsRaw | Excel Column: ExpectedColors | Value: Blue,Black
🧾 Row 3: {SearchFor=C, ExpectedColors=Black}
🔍 Mapping field: searchFor | Excel Column: SearchFor | Value: C
🔍 Mapping field: expectedColorsRaw | Excel Column: ExpectedColors | Value: Black
🧾 Row 4: {SearchFor=D, ExpectedColors=Red,Indigo}
🔍 Mapping field: searchFor | Excel Column: SearchFor | Value: D
🔍 Mapping field: expectedColorsRaw | Excel Column: ExpectedColors | Value: Red,Indigo
🧾 Row 5: {SearchFor=E, ExpectedColors=Red,Blue,Green,Yellow,Purple,White,Voilet,Magenta}
🔍 Mapping field: searchFor | Excel Column: SearchFor | Value: E
🔍 Mapping field: expectedColorsRaw | Excel Column: ExpectedColors | Value: Red,Blue,Green,Yellow,Purple,White,Voilet,Magenta
🧾 Row 6: {SearchFor=G, ExpectedColors=Green,Indigo,Magenta}
🔍 Mapping field: searchFor | Excel Column: SearchFor | Value: G
🔍 Mapping field: expectedColorsRaw | Excel Column: ExpectedColors | Value: Green,Indigo,Magenta
🧾 Row 7: {SearchFor=H, ExpectedColors=White}
🔍 Mapping field: searchFor | Excel Column: SearchFor | Value: H
🔍 Mapping field: expectedColorsRaw | Excel Column: ExpectedColors | Value: White
🧾 Row 8: {SearchFor=I, ExpectedColors=White,Voilet,Indigo}
🔍 Mapping field: searchFor | Excel Column: SearchFor | Value: I
🔍 Mapping field: expectedColorsRaw | Excel Column: ExpectedColors | Value: White,Voilet,Indigo
🧾 Row 9: {SearchFor=K, ExpectedColors=Black}
🔍 Mapping field: searchFor | Excel Column: SearchFor | Value: K
🔍 Mapping field: expectedColorsRaw | Excel Column: ExpectedColors | Value: Black
🧾 Row 10: {SearchFor=L, ExpectedColors=Blue,Yellow,Purple,Black,Voilet}
🔍 Mapping field: searchFor | Excel Column: SearchFor | Value: L
🔍 Mapping field: expectedColorsRaw | Excel Column: ExpectedColors | Value: Blue,Yellow,Purple,Black,Voilet
🧾 Row 11: {SearchFor=M, ExpectedColors=Magenta}
🔍 Mapping field: searchFor | Excel Column: SearchFor | Value: M
🔍 Mapping field: expectedColorsRaw | Excel Column: ExpectedColors | Value: Magenta
🧾 Row 12: {SearchFor=N, ExpectedColors=Green,Indigo,Magenta}
🔍 Mapping field: searchFor | Excel Column: SearchFor | Value: N
🔍 Mapping field: expectedColorsRaw | Excel Column: ExpectedColors | Value: Green,Indigo,Magenta
🧾 Row 13: {SearchFor=O, ExpectedColors=Yellow,Voilet,Indigo}
🔍 Mapping field: searchFor | Excel Column: SearchFor | Value: O
🔍 Mapping field: expectedColorsRaw | Excel Column: ExpectedColors | Value: Yellow,Voilet,Indigo
🧾 Row 14: {SearchFor=P, ExpectedColors=Purple}
🔍 Mapping field: searchFor | Excel Column: SearchFor | Value: P
🔍 Mapping field: expectedColorsRaw | Excel Column: ExpectedColors | Value: Purple
🧾 Row 15: {SearchFor=Q, ExpectedColors=Aqua}
🔍 Mapping field: searchFor | Excel Column: SearchFor | Value: Q
🔍 Mapping field: expectedColorsRaw | Excel Column: ExpectedColors | Value: Aqua
🧾 Row 16: {SearchFor=R, ExpectedColors=Red,Green,Purple}
🔍 Mapping field: searchFor | Excel Column: SearchFor | Value: R
🔍 Mapping field: expectedColorsRaw | Excel Column: ExpectedColors | Value: Red,Green,Purple
🧾 Row 17: {SearchFor=T, ExpectedColors=White,Voilet,Magenta}
🔍 Mapping field: searchFor | Excel Column: SearchFor | Value: T
🔍 Mapping field: expectedColorsRaw | Excel Column: ExpectedColors | Value: White,Voilet,Magenta
🧾 Row 18: {SearchFor=U, ExpectedColors=Blue,Purple,Aqua}
🔍 Mapping field: searchFor | Excel Column: SearchFor | Value: U
🔍 Mapping field: expectedColorsRaw | Excel Column: ExpectedColors | Value: Blue,Purple,Aqua
🧾 Row 19: {SearchFor=V, ExpectedColors=Voilet}
🔍 Mapping field: searchFor | Excel Column: SearchFor | Value: V
🔍 Mapping field: expectedColorsRaw | Excel Column: ExpectedColors | Value: Voilet
🧾 Row 20: {SearchFor=W, ExpectedColors=Yellow,White}
🔍 Mapping field: searchFor | Excel Column: SearchFor | Value: W
🔍 Mapping field: expectedColorsRaw | Excel Column: ExpectedColors | Value: Yellow,White
🧾 Row 21: {SearchFor=Y, ExpectedColors=Yellow}
🔍 Mapping field: searchFor | Excel Column: SearchFor | Value: Y
🔍 Mapping field: expectedColorsRaw | Excel Column: ExpectedColors | Value: Yellow
2025-09-08 13:04:05 [main] INFO  DriverFactory - 🌐 Starting Chrome Web Browser...
2025-09-08 13:04:05 [main] INFO  DriverFactory - ✅ Created temporary Chrome profile at C:\Users\dell\AppData\Local\Temp\chrome-profile-2323029595710743568
2025-09-08 13:04:06 [main] INFO  DriverFactory - 🚀 WebDriver started successfully
2025-09-08 13:04:06 [main] INFO  RetryUrlAccess - Navigating to URL (attempt 1): https://demoqa.com
2025-09-08 13:04:11 [main] INFO  demoqaBase - 🚀 Starting test: AutoCompleteSearch
2025-09-08 13:04:11 [main] INFO  demoqaBase - 🧪 Starting Test Widgets|Auto Complete...
2025-09-08 13:04:11 [main] INFO  demoqaBase - Accessing Widgets Card...
Declared Instance WebDriverWait: org.openqa.selenium.support.ui.WebDriverWait@e24a33f
2025-09-08 13:04:11 [main] INFO  demoqaLog - Clicking on Widgets Card...
2025-09-08 13:04:11 [main] INFO  demoqaLog - ✅ JS click executed on element: {}
2025-09-08 13:04:11 [main] INFO  demoqaLog - Clicked on on Widgets Card...
Title of this Page is: DEMOQA
You are Accessing: Widgets
 
2025-09-08 13:04:11 [main] INFO  demoqaBase - Widgets: Please select an item from left to start practice.
2025-09-08 13:04:11 [main] INFO  demoqaBase - Clicking on Widgets|AutoComplete...
You are now Accessing: Auto Complete
2025-09-08 13:04:11 [main] INFO  demoqaBase - You are now Accessing: Auto Complete
Searching Colors using: A
Expected Color to be selected is/are: [Black, Magenta, Aqua]
2025-09-08 13:04:11 [main] INFO  demoqaBase - 🔍 Running test for search character: A
2025-09-08 13:04:11 [main] INFO  demoqaBase - Clicking on Widgets | Auto Complete | Type multiple color names...
Searching Colors using: A
Expected Color to be selected is/are: [Black, Magenta, Aqua]
2025-09-08 13:04:11 [main] INFO  demoqaBase - You are now Accessing: Auto Complete
2025-09-08 13:04:12 [main] INFO  demoqaBase - Available Color: Black
2025-09-08 13:04:12 [main] INFO  demoqaLog - ✅ JS click executed on element: {}
2025-09-08 13:04:12 [main] INFO  demoqaBase - ✅ Selected Color: Black
2025-09-08 13:04:12 [main] INFO  demoqaBase - Available Color: Magenta
2025-09-08 13:04:12 [main] INFO  demoqaLog - ✅ JS click executed on element: {}
2025-09-08 13:04:12 [main] INFO  demoqaBase - ✅ Selected Color: Magenta
2025-09-08 13:04:12 [main] INFO  demoqaBase - Available Color: Aqua
2025-09-08 13:04:12 [main] INFO  demoqaLog - ✅ JS click executed on element: {}
2025-09-08 13:04:12 [main] INFO  demoqaBase - ✅ Selected Color: Aqua
2025-09-08 13:04:12 [main] INFO  demoqaBase - 🎯 Final selected colors: [Black, Magenta, Aqua]
2025-09-08 13:04:12 [main] INFO  demoqaBase - ✅ Widgets|Auto Complete Test Completed...
]]></system-out>
  </testcase>
  <testcase name="AutoCompleteSearch[ColorSelectionData{searchFor=&apos;B&apos;, expectedColors=[Blue, Black]}](2)" classname="tests.WidgetsTests" time="1.24">
    <system-out><![CDATA[2025-09-08 13:04:12 [main] INFO  demoqaBase - Closing the Browser for test: AutoCompleteSearch
2025-09-08 13:04:13 [main] INFO  DriverFactory - 🌐 Starting Chrome Web Browser...
2025-09-08 13:04:13 [main] INFO  DriverFactory - ✅ Created temporary Chrome profile at C:\Users\dell\AppData\Local\Temp\chrome-profile-12223865072971261116
2025-09-08 13:04:14 [main] INFO  DriverFactory - 🚀 WebDriver started successfully
2025-09-08 13:04:14 [main] INFO  RetryUrlAccess - Navigating to URL (attempt 1): https://demoqa.com
2025-09-08 13:04:29 [main] INFO  demoqaBase - 🚀 Starting test: AutoCompleteSearch
2025-09-08 13:04:29 [main] INFO  demoqaBase - 🧪 Starting Test Widgets|Auto Complete...
2025-09-08 13:04:29 [main] INFO  demoqaBase - Accessing Widgets Card...
Declared Instance WebDriverWait: org.openqa.selenium.support.ui.WebDriverWait@2edfe381
2025-09-08 13:04:29 [main] INFO  demoqaLog - Clicking on Widgets Card...
2025-09-08 13:04:29 [main] INFO  demoqaLog - ✅ JS click executed on element: {}
2025-09-08 13:04:29 [main] INFO  demoqaLog - Clicked on on Widgets Card...
Title of this Page is: DEMOQA
You are Accessing: Widgets
 
2025-09-08 13:04:29 [main] INFO  demoqaBase - Widgets: Please select an item from left to start practice.
2025-09-08 13:04:29 [main] INFO  demoqaBase - Clicking on Widgets|AutoComplete...
You are now Accessing: Auto Complete
2025-09-08 13:04:29 [main] INFO  demoqaBase - You are now Accessing: Auto Complete
Searching Colors using: B
Expected Color to be selected is/are: [Blue, Black]
2025-09-08 13:04:29 [main] INFO  demoqaBase - 🔍 Running test for search character: B
2025-09-08 13:04:29 [main] INFO  demoqaBase - Clicking on Widgets | Auto Complete | Type multiple color names...
Searching Colors using: B
Expected Color to be selected is/are: [Blue, Black]
2025-09-08 13:04:29 [main] INFO  demoqaBase - You are now Accessing: Auto Complete
2025-09-08 13:04:29 [main] INFO  demoqaBase - Available Color: Blue
2025-09-08 13:04:29 [main] INFO  demoqaLog - ✅ JS click executed on element: {}
2025-09-08 13:04:29 [main] INFO  demoqaBase - ✅ Selected Color: Blue
2025-09-08 13:04:30 [main] INFO  demoqaBase - Available Color: Black
2025-09-08 13:04:30 [main] INFO  demoqaLog - ✅ JS click executed on element: {}
2025-09-08 13:04:30 [main] INFO  demoqaBase - ✅ Selected Color: Black
2025-09-08 13:04:30 [main] INFO  demoqaBase - 🎯 Final selected colors: [Blue, Black]
2025-09-08 13:04:30 [main] INFO  demoqaBase - ✅ Widgets|Auto Complete Test Completed...
]]></system-out>
  </testcase>
  <testcase name="AutoCompleteSearch[ColorSelectionData{searchFor=&apos;C&apos;, expectedColors=[Black]}](3)" classname="tests.WidgetsTests" time="0.799">
    <system-out><![CDATA[2025-09-08 13:04:30 [main] INFO  demoqaBase - Closing the Browser for test: AutoCompleteSearch
2025-09-08 13:04:30 [main] INFO  DriverFactory - 🌐 Starting Chrome Web Browser...
2025-09-08 13:04:30 [main] INFO  DriverFactory - ✅ Created temporary Chrome profile at C:\Users\dell\AppData\Local\Temp\chrome-profile-4414531907518079740
2025-09-08 13:04:31 [main] INFO  DriverFactory - 🚀 WebDriver started successfully
2025-09-08 13:04:31 [main] INFO  RetryUrlAccess - Navigating to URL (attempt 1): https://demoqa.com
2025-09-08 13:04:47 [main] INFO  demoqaBase - 🚀 Starting test: AutoCompleteSearch
2025-09-08 13:04:47 [main] INFO  demoqaBase - 🧪 Starting Test Widgets|Auto Complete...
2025-09-08 13:04:47 [main] INFO  demoqaBase - Accessing Widgets Card...
Declared Instance WebDriverWait: org.openqa.selenium.support.ui.WebDriverWait@20a75786
2025-09-08 13:04:47 [main] INFO  demoqaLog - Clicking on Widgets Card...
2025-09-08 13:04:47 [main] INFO  demoqaLog - ✅ JS click executed on element: {}
2025-09-08 13:04:47 [main] INFO  demoqaLog - Clicked on on Widgets Card...
Title of this Page is: DEMOQA
You are Accessing: Widgets
 
2025-09-08 13:04:48 [main] INFO  demoqaBase - Widgets: Please select an item from left to start practice.
2025-09-08 13:04:48 [main] INFO  demoqaBase - Clicking on Widgets|AutoComplete...
You are now Accessing: Auto Complete
2025-09-08 13:04:48 [main] INFO  demoqaBase - You are now Accessing: Auto Complete
Searching Colors using: C
Expected Color to be selected is/are: [Black]
2025-09-08 13:04:48 [main] INFO  demoqaBase - 🔍 Running test for search character: C
2025-09-08 13:04:48 [main] INFO  demoqaBase - Clicking on Widgets | Auto Complete | Type multiple color names...
Searching Colors using: C
Expected Color to be selected is/are: [Black]
2025-09-08 13:04:48 [main] INFO  demoqaBase - You are now Accessing: Auto Complete
2025-09-08 13:04:48 [main] INFO  demoqaBase - Available Color: Black
2025-09-08 13:04:48 [main] INFO  demoqaLog - ✅ JS click executed on element: {}
2025-09-08 13:04:48 [main] INFO  demoqaBase - ✅ Selected Color: Black
2025-09-08 13:04:48 [main] INFO  demoqaBase - 🎯 Final selected colors: [Black]
2025-09-08 13:04:48 [main] INFO  demoqaBase - ✅ Widgets|Auto Complete Test Completed...
]]></system-out>
  </testcase>
  <testcase name="AutoCompleteSearch[ColorSelectionData{searchFor=&apos;D&apos;, expectedColors=[Red, Indigo]}](4)" classname="tests.WidgetsTests" time="1.13">
    <system-out><![CDATA[2025-09-08 13:04:48 [main] INFO  demoqaBase - Closing the Browser for test: AutoCompleteSearch
2025-09-08 13:04:48 [main] INFO  DriverFactory - 🌐 Starting Chrome Web Browser...
2025-09-08 13:04:48 [main] INFO  DriverFactory - ✅ Created temporary Chrome profile at C:\Users\dell\AppData\Local\Temp\chrome-profile-17089478280252631093
2025-09-08 13:04:49 [main] INFO  DriverFactory - 🚀 WebDriver started successfully
2025-09-08 13:04:49 [main] INFO  RetryUrlAccess - Navigating to URL (attempt 1): https://demoqa.com
2025-09-08 13:05:08 [main] INFO  demoqaBase - 🚀 Starting test: AutoCompleteSearch
2025-09-08 13:05:08 [main] INFO  demoqaBase - 🧪 Starting Test Widgets|Auto Complete...
2025-09-08 13:05:08 [main] INFO  demoqaBase - Accessing Widgets Card...
Declared Instance WebDriverWait: org.openqa.selenium.support.ui.WebDriverWait@6e729fdc
2025-09-08 13:05:08 [main] INFO  demoqaLog - Clicking on Widgets Card...
2025-09-08 13:05:08 [main] INFO  demoqaLog - ✅ JS click executed on element: {}
2025-09-08 13:05:08 [main] INFO  demoqaLog - Clicked on on Widgets Card...
Title of this Page is: DEMOQA
You are Accessing: Widgets
 
2025-09-08 13:05:08 [main] INFO  demoqaBase - Widgets: Please select an item from left to start practice.
2025-09-08 13:05:08 [main] INFO  demoqaBase - Clicking on Widgets|AutoComplete...
You are now Accessing: Auto Complete
2025-09-08 13:05:08 [main] INFO  demoqaBase - You are now Accessing: Auto Complete
Searching Colors using: D
Expected Color to be selected is/are: [Red, Indigo]
2025-09-08 13:05:08 [main] INFO  demoqaBase - 🔍 Running test for search character: D
2025-09-08 13:05:08 [main] INFO  demoqaBase - Clicking on Widgets | Auto Complete | Type multiple color names...
Searching Colors using: D
Expected Color to be selected is/are: [Red, Indigo]
2025-09-08 13:05:08 [main] INFO  demoqaBase - You are now Accessing: Auto Complete
2025-09-08 13:05:09 [main] INFO  demoqaBase - Available Color: Red
2025-09-08 13:05:09 [main] INFO  demoqaLog - ✅ JS click executed on element: {}
2025-09-08 13:05:09 [main] INFO  demoqaBase - ✅ Selected Color: Red
2025-09-08 13:05:09 [main] INFO  demoqaBase - Available Color: Indigo
2025-09-08 13:05:09 [main] INFO  demoqaLog - ✅ JS click executed on element: {}
2025-09-08 13:05:09 [main] INFO  demoqaBase - ✅ Selected Color: Indigo
2025-09-08 13:05:09 [main] INFO  demoqaBase - 🎯 Final selected colors: [Red, Indigo]
2025-09-08 13:05:09 [main] INFO  demoqaBase - ✅ Widgets|Auto Complete Test Completed...
]]></system-out>
  </testcase>
  <testcase name="AutoCompleteSearch[ColorSelectionData{searchFor=&apos;E&apos;, expectedColors=[Red, Blue, Green, Yellow, Purple, White, Voilet, Magenta]}](5)" classname="tests.WidgetsTests" time="3.121">
    <system-out><![CDATA[2025-09-08 13:05:09 [main] INFO  demoqaBase - Closing the Browser for test: AutoCompleteSearch
2025-09-08 13:05:10 [main] INFO  DriverFactory - 🌐 Starting Chrome Web Browser...
2025-09-08 13:05:10 [main] INFO  DriverFactory - ✅ Created temporary Chrome profile at C:\Users\dell\AppData\Local\Temp\chrome-profile-8412975419119412585
2025-09-08 13:05:11 [main] INFO  DriverFactory - 🚀 WebDriver started successfully
2025-09-08 13:05:11 [main] INFO  RetryUrlAccess - Navigating to URL (attempt 1): https://demoqa.com
2025-09-08 13:05:27 [main] INFO  demoqaBase - 🚀 Starting test: AutoCompleteSearch
2025-09-08 13:05:27 [main] INFO  demoqaBase - 🧪 Starting Test Widgets|Auto Complete...
2025-09-08 13:05:27 [main] INFO  demoqaBase - Accessing Widgets Card...
Declared Instance WebDriverWait: org.openqa.selenium.support.ui.WebDriverWait@42b62e94
2025-09-08 13:05:27 [main] INFO  demoqaLog - Clicking on Widgets Card...
2025-09-08 13:05:27 [main] INFO  demoqaLog - ✅ JS click executed on element: {}
2025-09-08 13:05:27 [main] INFO  demoqaLog - Clicked on on Widgets Card...
Title of this Page is: DEMOQA
You are Accessing: Widgets
 
2025-09-08 13:05:27 [main] INFO  demoqaBase - Widgets: Please select an item from left to start practice.
2025-09-08 13:05:27 [main] INFO  demoqaBase - Clicking on Widgets|AutoComplete...
You are now Accessing: Auto Complete
2025-09-08 13:05:27 [main] INFO  demoqaBase - You are now Accessing: Auto Complete
Searching Colors using: E
Expected Color to be selected is/are: [Red, Blue, Green, Yellow, Purple, White, Voilet, Magenta]
2025-09-08 13:05:27 [main] INFO  demoqaBase - 🔍 Running test for search character: E
2025-09-08 13:05:27 [main] INFO  demoqaBase - Clicking on Widgets | Auto Complete | Type multiple color names...
Searching Colors using: E
Expected Color to be selected is/are: [Red, Blue, Green, Yellow, Purple, White, Voilet, Magenta]
2025-09-08 13:05:27 [main] INFO  demoqaBase - You are now Accessing: Auto Complete
2025-09-08 13:05:27 [main] INFO  demoqaBase - Available Color: Red
2025-09-08 13:05:27 [main] INFO  demoqaLog - ✅ JS click executed on element: {}
2025-09-08 13:05:27 [main] INFO  demoqaBase - ✅ Selected Color: Red
2025-09-08 13:05:28 [main] INFO  demoqaBase - Available Color: Blue
2025-09-08 13:05:28 [main] INFO  demoqaLog - ✅ JS click executed on element: {}
2025-09-08 13:05:28 [main] INFO  demoqaBase - ✅ Selected Color: Blue
2025-09-08 13:05:28 [main] INFO  demoqaBase - Available Color: Green
2025-09-08 13:05:28 [main] INFO  demoqaLog - ✅ JS click executed on element: {}
2025-09-08 13:05:28 [main] INFO  demoqaBase - ✅ Selected Color: Green
2025-09-08 13:05:28 [main] INFO  demoqaBase - Available Color: Yellow
2025-09-08 13:05:28 [main] INFO  demoqaLog - ✅ JS click executed on element: {}
2025-09-08 13:05:28 [main] INFO  demoqaBase - ✅ Selected Color: Yellow
2025-09-08 13:05:29 [main] INFO  demoqaBase - Available Color: Purple
2025-09-08 13:05:29 [main] INFO  demoqaLog - ✅ JS click executed on element: {}
2025-09-08 13:05:29 [main] INFO  demoqaBase - ✅ Selected Color: Purple
2025-09-08 13:05:29 [main] INFO  demoqaBase - Available Color: White
2025-09-08 13:05:29 [main] INFO  demoqaLog - ✅ JS click executed on element: {}
2025-09-08 13:05:29 [main] INFO  demoqaBase - ✅ Selected Color: White
2025-09-08 13:05:29 [main] INFO  demoqaBase - Available Color: Voilet
2025-09-08 13:05:29 [main] INFO  demoqaLog - ✅ JS click executed on element: {}
2025-09-08 13:05:29 [main] INFO  demoqaBase - ✅ Selected Color: Voilet
2025-09-08 13:05:30 [main] INFO  demoqaBase - Available Color: Magenta
2025-09-08 13:05:30 [main] INFO  demoqaLog - ✅ JS click executed on element: {}
2025-09-08 13:05:30 [main] INFO  demoqaBase - ✅ Selected Color: Magenta
2025-09-08 13:05:30 [main] INFO  demoqaBase - 🎯 Final selected colors: [Red, Blue, Green, Yellow, Purple, White, Voilet, Magenta]
2025-09-08 13:05:30 [main] INFO  demoqaBase - ✅ Widgets|Auto Complete Test Completed...
]]></system-out>
  </testcase>
  <testcase name="AutoCompleteSearch[ColorSelectionData{searchFor=&apos;G&apos;, expectedColors=[Green, Indigo, Magenta]}](6)" classname="tests.WidgetsTests" time="1.603">
    <system-out><![CDATA[2025-09-08 13:05:30 [main] INFO  demoqaBase - Closing the Browser for test: AutoCompleteSearch
2025-09-08 13:05:30 [main] INFO  DriverFactory - 🌐 Starting Chrome Web Browser...
2025-09-08 13:05:30 [main] INFO  DriverFactory - ✅ Created temporary Chrome profile at C:\Users\dell\AppData\Local\Temp\chrome-profile-16733188341703411201
2025-09-08 13:05:32 [main] INFO  DriverFactory - 🚀 WebDriver started successfully
2025-09-08 13:05:32 [main] INFO  RetryUrlAccess - Navigating to URL (attempt 1): https://demoqa.com
2025-09-08 13:05:36 [main] INFO  demoqaBase - 🚀 Starting test: AutoCompleteSearch
2025-09-08 13:05:36 [main] INFO  demoqaBase - 🧪 Starting Test Widgets|Auto Complete...
2025-09-08 13:05:36 [main] INFO  demoqaBase - Accessing Widgets Card...
Declared Instance WebDriverWait: org.openqa.selenium.support.ui.WebDriverWait@4d1b40a7
2025-09-08 13:05:36 [main] INFO  demoqaLog - Clicking on Widgets Card...
2025-09-08 13:05:36 [main] INFO  demoqaLog - ✅ JS click executed on element: {}
2025-09-08 13:05:36 [main] INFO  demoqaLog - Clicked on on Widgets Card...
Title of this Page is: DEMOQA
You are Accessing: Widgets
 
2025-09-08 13:05:36 [main] INFO  demoqaBase - Widgets: Please select an item from left to start practice.
2025-09-08 13:05:36 [main] INFO  demoqaBase - Clicking on Widgets|AutoComplete...
You are now Accessing: Auto Complete
2025-09-08 13:05:36 [main] INFO  demoqaBase - You are now Accessing: Auto Complete
Searching Colors using: G
Expected Color to be selected is/are: [Green, Indigo, Magenta]
2025-09-08 13:05:36 [main] INFO  demoqaBase - 🔍 Running test for search character: G
2025-09-08 13:05:36 [main] INFO  demoqaBase - Clicking on Widgets | Auto Complete | Type multiple color names...
Searching Colors using: G
Expected Color to be selected is/are: [Green, Indigo, Magenta]
2025-09-08 13:05:36 [main] INFO  demoqaBase - You are now Accessing: Auto Complete
2025-09-08 13:05:37 [main] INFO  demoqaBase - Available Color: Green
2025-09-08 13:05:37 [main] INFO  demoqaLog - ✅ JS click executed on element: {}
2025-09-08 13:05:37 [main] INFO  demoqaBase - ✅ Selected Color: Green
2025-09-08 13:05:37 [main] INFO  demoqaBase - Available Color: Indigo
2025-09-08 13:05:37 [main] INFO  demoqaLog - ✅ JS click executed on element: {}
2025-09-08 13:05:37 [main] INFO  demoqaBase - ✅ Selected Color: Indigo
2025-09-08 13:05:37 [main] INFO  demoqaBase - Available Color: Magenta
2025-09-08 13:05:37 [main] INFO  demoqaLog - ✅ JS click executed on element: {}
2025-09-08 13:05:37 [main] INFO  demoqaBase - ✅ Selected Color: Magenta
2025-09-08 13:05:37 [main] INFO  demoqaBase - 🎯 Final selected colors: [Green, Indigo, Magenta]
2025-09-08 13:05:37 [main] INFO  demoqaBase - ✅ Widgets|Auto Complete Test Completed...
]]></system-out>
  </testcase>
  <testcase name="AutoCompleteSearch[ColorSelectionData{searchFor=&apos;H&apos;, expectedColors=[White]}](7)" classname="tests.WidgetsTests" time="0.922">
    <system-out><![CDATA[2025-09-08 13:05:37 [main] INFO  demoqaBase - Closing the Browser for test: AutoCompleteSearch
2025-09-08 13:05:38 [main] INFO  DriverFactory - 🌐 Starting Chrome Web Browser...
2025-09-08 13:05:38 [main] INFO  DriverFactory - ✅ Created temporary Chrome profile at C:\Users\dell\AppData\Local\Temp\chrome-profile-11180408860741443840
2025-09-08 13:05:39 [main] INFO  DriverFactory - 🚀 WebDriver started successfully
2025-09-08 13:05:39 [main] INFO  RetryUrlAccess - Navigating to URL (attempt 1): https://demoqa.com
2025-09-08 13:05:43 [main] INFO  demoqaBase - 🚀 Starting test: AutoCompleteSearch
2025-09-08 13:05:43 [main] INFO  demoqaBase - 🧪 Starting Test Widgets|Auto Complete...
2025-09-08 13:05:43 [main] INFO  demoqaBase - Accessing Widgets Card...
Declared Instance WebDriverWait: org.openqa.selenium.support.ui.WebDriverWait@3e38b071
2025-09-08 13:05:43 [main] INFO  demoqaLog - Clicking on Widgets Card...
2025-09-08 13:05:44 [main] INFO  demoqaLog - ✅ JS click executed on element: {}
2025-09-08 13:05:44 [main] INFO  demoqaLog - Clicked on on Widgets Card...
Title of this Page is: DEMOQA
You are Accessing: Widgets
 
2025-09-08 13:05:44 [main] INFO  demoqaBase - Widgets: Please select an item from left to start practice.
2025-09-08 13:05:44 [main] INFO  demoqaBase - Clicking on Widgets|AutoComplete...
You are now Accessing: Auto Complete
2025-09-08 13:05:44 [main] INFO  demoqaBase - You are now Accessing: Auto Complete
Searching Colors using: H
Expected Color to be selected is/are: [White]
2025-09-08 13:05:44 [main] INFO  demoqaBase - 🔍 Running test for search character: H
2025-09-08 13:05:44 [main] INFO  demoqaBase - Clicking on Widgets | Auto Complete | Type multiple color names...
Searching Colors using: H
Expected Color to be selected is/are: [White]
2025-09-08 13:05:44 [main] INFO  demoqaBase - You are now Accessing: Auto Complete
2025-09-08 13:05:44 [main] INFO  demoqaBase - Available Color: White
2025-09-08 13:05:44 [main] INFO  demoqaLog - ✅ JS click executed on element: {}
2025-09-08 13:05:44 [main] INFO  demoqaBase - ✅ Selected Color: White
2025-09-08 13:05:44 [main] INFO  demoqaBase - 🎯 Final selected colors: [White]
2025-09-08 13:05:44 [main] INFO  demoqaBase - ✅ Widgets|Auto Complete Test Completed...
]]></system-out>
  </testcase>
  <testcase name="AutoCompleteSearch[ColorSelectionData{searchFor=&apos;I&apos;, expectedColors=[White, Voilet, Indigo]}](8)" classname="tests.WidgetsTests" time="1.563">
    <system-out><![CDATA[2025-09-08 13:05:44 [main] INFO  demoqaBase - Closing the Browser for test: AutoCompleteSearch
2025-09-08 13:05:45 [main] INFO  DriverFactory - 🌐 Starting Chrome Web Browser...
2025-09-08 13:05:45 [main] INFO  DriverFactory - ✅ Created temporary Chrome profile at C:\Users\dell\AppData\Local\Temp\chrome-profile-1880051148695622881
2025-09-08 13:05:46 [main] INFO  DriverFactory - 🚀 WebDriver started successfully
2025-09-08 13:05:46 [main] INFO  RetryUrlAccess - Navigating to URL (attempt 1): https://demoqa.com
2025-09-08 13:05:51 [main] INFO  demoqaBase - 🚀 Starting test: AutoCompleteSearch
2025-09-08 13:05:51 [main] INFO  demoqaBase - 🧪 Starting Test Widgets|Auto Complete...
2025-09-08 13:05:51 [main] INFO  demoqaBase - Accessing Widgets Card...
Declared Instance WebDriverWait: org.openqa.selenium.support.ui.WebDriverWait@463cc818
2025-09-08 13:05:51 [main] INFO  demoqaLog - Clicking on Widgets Card...
2025-09-08 13:05:51 [main] INFO  demoqaLog - ✅ JS click executed on element: {}
2025-09-08 13:05:51 [main] INFO  demoqaLog - Clicked on on Widgets Card...
Title of this Page is: DEMOQA
You are Accessing: Widgets
 
2025-09-08 13:05:51 [main] INFO  demoqaBase - Widgets: Please select an item from left to start practice.
2025-09-08 13:05:51 [main] INFO  demoqaBase - Clicking on Widgets|AutoComplete...
You are now Accessing: Auto Complete
2025-09-08 13:05:52 [main] INFO  demoqaBase - You are now Accessing: Auto Complete
Searching Colors using: I
Expected Color to be selected is/are: [White, Voilet, Indigo]
2025-09-08 13:05:52 [main] INFO  demoqaBase - 🔍 Running test for search character: I
2025-09-08 13:05:52 [main] INFO  demoqaBase - Clicking on Widgets | Auto Complete | Type multiple color names...
Searching Colors using: I
Expected Color to be selected is/are: [White, Voilet, Indigo]
2025-09-08 13:05:52 [main] INFO  demoqaBase - You are now Accessing: Auto Complete
2025-09-08 13:05:52 [main] INFO  demoqaBase - Available Color: White
2025-09-08 13:05:52 [main] INFO  demoqaLog - ✅ JS click executed on element: {}
2025-09-08 13:05:52 [main] INFO  demoqaBase - ✅ Selected Color: White
2025-09-08 13:05:52 [main] INFO  demoqaBase - Available Color: Voilet
2025-09-08 13:05:53 [main] INFO  demoqaLog - ✅ JS click executed on element: {}
2025-09-08 13:05:53 [main] INFO  demoqaBase - ✅ Selected Color: Voilet
2025-09-08 13:05:53 [main] INFO  demoqaBase - Available Color: Indigo
2025-09-08 13:05:53 [main] INFO  demoqaLog - ✅ JS click executed on element: {}
2025-09-08 13:05:53 [main] INFO  demoqaBase - ✅ Selected Color: Indigo
2025-09-08 13:05:53 [main] INFO  demoqaBase - 🎯 Final selected colors: [White, Voilet, Indigo]
2025-09-08 13:05:53 [main] INFO  demoqaBase - ✅ Widgets|Auto Complete Test Completed...
]]></system-out>
  </testcase>
  <testcase name="AutoCompleteSearch[ColorSelectionData{searchFor=&apos;K&apos;, expectedColors=[Black]}](9)" classname="tests.WidgetsTests" time="0.938">
    <system-out><![CDATA[2025-09-08 13:05:53 [main] INFO  demoqaBase - Closing the Browser for test: AutoCompleteSearch
2025-09-08 13:05:53 [main] INFO  DriverFactory - 🌐 Starting Chrome Web Browser...
2025-09-08 13:05:53 [main] INFO  DriverFactory - ✅ Created temporary Chrome profile at C:\Users\dell\AppData\Local\Temp\chrome-profile-15696061660945988952
2025-09-08 13:05:54 [main] INFO  DriverFactory - 🚀 WebDriver started successfully
2025-09-08 13:05:54 [main] INFO  RetryUrlAccess - Navigating to URL (attempt 1): https://demoqa.com
2025-09-08 13:05:59 [main] INFO  demoqaBase - 🚀 Starting test: AutoCompleteSearch
2025-09-08 13:05:59 [main] INFO  demoqaBase - 🧪 Starting Test Widgets|Auto Complete...
2025-09-08 13:05:59 [main] INFO  demoqaBase - Accessing Widgets Card...
Declared Instance WebDriverWait: org.openqa.selenium.support.ui.WebDriverWait@16367774
2025-09-08 13:05:59 [main] INFO  demoqaLog - Clicking on Widgets Card...
2025-09-08 13:05:59 [main] INFO  demoqaLog - ✅ JS click executed on element: {}
2025-09-08 13:05:59 [main] INFO  demoqaLog - Clicked on on Widgets Card...
Title of this Page is: DEMOQA
You are Accessing: Widgets
 
2025-09-08 13:05:59 [main] INFO  demoqaBase - Widgets: Please select an item from left to start practice.
2025-09-08 13:05:59 [main] INFO  demoqaBase - Clicking on Widgets|AutoComplete...
You are now Accessing: Auto Complete
2025-09-08 13:05:59 [main] INFO  demoqaBase - You are now Accessing: Auto Complete
Searching Colors using: K
Expected Color to be selected is/are: [Black]
2025-09-08 13:05:59 [main] INFO  demoqaBase - 🔍 Running test for search character: K
2025-09-08 13:05:59 [main] INFO  demoqaBase - Clicking on Widgets | Auto Complete | Type multiple color names...
Searching Colors using: K
Expected Color to be selected is/are: [Black]
2025-09-08 13:05:59 [main] INFO  demoqaBase - You are now Accessing: Auto Complete
2025-09-08 13:06:00 [main] INFO  demoqaBase - Available Color: Black
2025-09-08 13:06:00 [main] INFO  demoqaLog - ✅ JS click executed on element: {}
2025-09-08 13:06:00 [main] INFO  demoqaBase - ✅ Selected Color: Black
2025-09-08 13:06:00 [main] INFO  demoqaBase - 🎯 Final selected colors: [Black]
2025-09-08 13:06:00 [main] INFO  demoqaBase - ✅ Widgets|Auto Complete Test Completed...
]]></system-out>
  </testcase>
  <testcase name="AutoCompleteSearch[ColorSelectionData{searchFor=&apos;L&apos;, expectedColors=[Blue, Yellow, Purple, Black, Voilet]}](10)" classname="tests.WidgetsTests" time="2.063">
    <system-out><![CDATA[2025-09-08 13:06:00 [main] INFO  demoqaBase - Closing the Browser for test: AutoCompleteSearch
2025-09-08 13:06:00 [main] INFO  DriverFactory - 🌐 Starting Chrome Web Browser...
2025-09-08 13:06:00 [main] INFO  DriverFactory - ✅ Created temporary Chrome profile at C:\Users\dell\AppData\Local\Temp\chrome-profile-1148661087482003286
2025-09-08 13:06:01 [main] INFO  DriverFactory - 🚀 WebDriver started successfully
2025-09-08 13:06:01 [main] INFO  RetryUrlAccess - Navigating to URL (attempt 1): https://demoqa.com
2025-09-08 13:06:18 [main] INFO  demoqaBase - 🚀 Starting test: AutoCompleteSearch
2025-09-08 13:06:18 [main] INFO  demoqaBase - 🧪 Starting Test Widgets|Auto Complete...
2025-09-08 13:06:18 [main] INFO  demoqaBase - Accessing Widgets Card...
Declared Instance WebDriverWait: org.openqa.selenium.support.ui.WebDriverWait@61634350
2025-09-08 13:06:18 [main] INFO  demoqaLog - Clicking on Widgets Card...
2025-09-08 13:06:18 [main] INFO  demoqaLog - ✅ JS click executed on element: {}
2025-09-08 13:06:18 [main] INFO  demoqaLog - Clicked on on Widgets Card...
Title of this Page is: DEMOQA
You are Accessing: Widgets
 
2025-09-08 13:06:18 [main] INFO  demoqaBase - Widgets: Please select an item from left to start practice.
2025-09-08 13:06:18 [main] INFO  demoqaBase - Clicking on Widgets|AutoComplete...
You are now Accessing: Auto Complete
2025-09-08 13:06:18 [main] INFO  demoqaBase - You are now Accessing: Auto Complete
Searching Colors using: L
Expected Color to be selected is/are: [Blue, Yellow, Purple, Black, Voilet]
2025-09-08 13:06:18 [main] INFO  demoqaBase - 🔍 Running test for search character: L
2025-09-08 13:06:18 [main] INFO  demoqaBase - Clicking on Widgets | Auto Complete | Type multiple color names...
Searching Colors using: L
Expected Color to be selected is/are: [Blue, Yellow, Purple, Black, Voilet]
2025-09-08 13:06:18 [main] INFO  demoqaBase - You are now Accessing: Auto Complete
2025-09-08 13:06:19 [main] INFO  demoqaBase - Available Color: Blue
2025-09-08 13:06:19 [main] INFO  demoqaLog - ✅ JS click executed on element: {}
2025-09-08 13:06:19 [main] INFO  demoqaBase - ✅ Selected Color: Blue
2025-09-08 13:06:19 [main] INFO  demoqaBase - Available Color: Yellow
2025-09-08 13:06:19 [main] INFO  demoqaLog - ✅ JS click executed on element: {}
2025-09-08 13:06:19 [main] INFO  demoqaBase - ✅ Selected Color: Yellow
2025-09-08 13:06:19 [main] INFO  demoqaBase - Available Color: Purple
2025-09-08 13:06:19 [main] INFO  demoqaLog - ✅ JS click executed on element: {}
2025-09-08 13:06:19 [main] INFO  demoqaBase - ✅ Selected Color: Purple
2025-09-08 13:06:19 [main] INFO  demoqaBase - Available Color: Black
2025-09-08 13:06:20 [main] INFO  demoqaLog - ✅ JS click executed on element: {}
2025-09-08 13:06:20 [main] INFO  demoqaBase - ✅ Selected Color: Black
2025-09-08 13:06:20 [main] INFO  demoqaBase - Available Color: Voilet
2025-09-08 13:06:20 [main] INFO  demoqaLog - ✅ JS click executed on element: {}
2025-09-08 13:06:20 [main] INFO  demoqaBase - ✅ Selected Color: Voilet
2025-09-08 13:06:20 [main] INFO  demoqaBase - 🎯 Final selected colors: [Blue, Yellow, Purple, Black, Voilet]
2025-09-08 13:06:20 [main] INFO  demoqaBase - ✅ Widgets|Auto Complete Test Completed...
]]></system-out>
  </testcase>
  <testcase name="AutoCompleteSearch[ColorSelectionData{searchFor=&apos;M&apos;, expectedColors=[Magenta]}](11)" classname="tests.WidgetsTests" time="0.748">
    <system-out><![CDATA[2025-09-08 13:06:20 [main] INFO  demoqaBase - Closing the Browser for test: AutoCompleteSearch
2025-09-08 13:06:20 [main] INFO  DriverFactory - 🌐 Starting Chrome Web Browser...
2025-09-08 13:06:20 [main] INFO  DriverFactory - ✅ Created temporary Chrome profile at C:\Users\dell\AppData\Local\Temp\chrome-profile-14302590604677028614
2025-09-08 13:06:21 [main] INFO  DriverFactory - 🚀 WebDriver started successfully
2025-09-08 13:06:21 [main] INFO  RetryUrlAccess - Navigating to URL (attempt 1): https://demoqa.com
2025-09-08 13:06:35 [main] INFO  demoqaBase - 🚀 Starting test: AutoCompleteSearch
2025-09-08 13:06:35 [main] INFO  demoqaBase - 🧪 Starting Test Widgets|Auto Complete...
2025-09-08 13:06:35 [main] INFO  demoqaBase - Accessing Widgets Card...
Declared Instance WebDriverWait: org.openqa.selenium.support.ui.WebDriverWait@30de2b3f
2025-09-08 13:06:35 [main] INFO  demoqaLog - Clicking on Widgets Card...
2025-09-08 13:06:35 [main] INFO  demoqaLog - ✅ JS click executed on element: {}
2025-09-08 13:06:35 [main] INFO  demoqaLog - Clicked on on Widgets Card...
Title of this Page is: DEMOQA
You are Accessing: Widgets
 
2025-09-08 13:06:35 [main] INFO  demoqaBase - Widgets: Please select an item from left to start practice.
2025-09-08 13:06:35 [main] INFO  demoqaBase - Clicking on Widgets|AutoComplete...
You are now Accessing: Auto Complete
2025-09-08 13:06:36 [main] INFO  demoqaBase - You are now Accessing: Auto Complete
Searching Colors using: M
Expected Color to be selected is/are: [Magenta]
2025-09-08 13:06:36 [main] INFO  demoqaBase - 🔍 Running test for search character: M
2025-09-08 13:06:36 [main] INFO  demoqaBase - Clicking on Widgets | Auto Complete | Type multiple color names...
Searching Colors using: M
Expected Color to be selected is/are: [Magenta]
2025-09-08 13:06:36 [main] INFO  demoqaBase - You are now Accessing: Auto Complete
2025-09-08 13:06:36 [main] INFO  demoqaBase - Available Color: Magenta
2025-09-08 13:06:36 [main] INFO  demoqaLog - ✅ JS click executed on element: {}
2025-09-08 13:06:36 [main] INFO  demoqaBase - ✅ Selected Color: Magenta
2025-09-08 13:06:36 [main] INFO  demoqaBase - 🎯 Final selected colors: [Magenta]
2025-09-08 13:06:36 [main] INFO  demoqaBase - ✅ Widgets|Auto Complete Test Completed...
]]></system-out>
  </testcase>
  <testcase name="AutoCompleteSearch[ColorSelectionData{searchFor=&apos;N&apos;, expectedColors=[Green, Indigo, Magenta]}](12)" classname="tests.WidgetsTests" time="1.296">
    <system-out><![CDATA[2025-09-08 13:06:36 [main] INFO  demoqaBase - Closing the Browser for test: AutoCompleteSearch
2025-09-08 13:06:36 [main] INFO  DriverFactory - 🌐 Starting Chrome Web Browser...
2025-09-08 13:06:36 [main] INFO  DriverFactory - ✅ Created temporary Chrome profile at C:\Users\dell\AppData\Local\Temp\chrome-profile-10613429989875454
2025-09-08 13:06:37 [main] INFO  DriverFactory - 🚀 WebDriver started successfully
2025-09-08 13:06:37 [main] INFO  RetryUrlAccess - Navigating to URL (attempt 1): https://demoqa.com
2025-09-08 13:06:46 [main] INFO  demoqaBase - 🚀 Starting test: AutoCompleteSearch
2025-09-08 13:06:46 [main] INFO  demoqaBase - 🧪 Starting Test Widgets|Auto Complete...
2025-09-08 13:06:46 [main] INFO  demoqaBase - Accessing Widgets Card...
Declared Instance WebDriverWait: org.openqa.selenium.support.ui.WebDriverWait@3b4366b7
2025-09-08 13:06:46 [main] INFO  demoqaLog - Clicking on Widgets Card...
2025-09-08 13:06:46 [main] INFO  demoqaLog - ✅ JS click executed on element: {}
2025-09-08 13:06:46 [main] INFO  demoqaLog - Clicked on on Widgets Card...
Title of this Page is: DEMOQA
You are Accessing: Widgets
 
2025-09-08 13:06:46 [main] INFO  demoqaBase - Widgets: Please select an item from left to start practice.
2025-09-08 13:06:46 [main] INFO  demoqaBase - Clicking on Widgets|AutoComplete...
You are now Accessing: Auto Complete
2025-09-08 13:06:46 [main] INFO  demoqaBase - You are now Accessing: Auto Complete
Searching Colors using: N
Expected Color to be selected is/are: [Green, Indigo, Magenta]
2025-09-08 13:06:46 [main] INFO  demoqaBase - 🔍 Running test for search character: N
2025-09-08 13:06:46 [main] INFO  demoqaBase - Clicking on Widgets | Auto Complete | Type multiple color names...
Searching Colors using: N
Expected Color to be selected is/are: [Green, Indigo, Magenta]
2025-09-08 13:06:46 [main] INFO  demoqaBase - You are now Accessing: Auto Complete
2025-09-08 13:06:47 [main] INFO  demoqaBase - Available Color: Green
2025-09-08 13:06:47 [main] INFO  demoqaLog - ✅ JS click executed on element: {}
2025-09-08 13:06:47 [main] INFO  demoqaBase - ✅ Selected Color: Green
2025-09-08 13:06:47 [main] INFO  demoqaBase - Available Color: Indigo
2025-09-08 13:06:47 [main] INFO  demoqaLog - ✅ JS click executed on element: {}
2025-09-08 13:06:47 [main] INFO  demoqaBase - ✅ Selected Color: Indigo
2025-09-08 13:06:47 [main] INFO  demoqaBase - Available Color: Magenta
2025-09-08 13:06:47 [main] INFO  demoqaLog - ✅ JS click executed on element: {}
2025-09-08 13:06:47 [main] INFO  demoqaBase - ✅ Selected Color: Magenta
2025-09-08 13:06:47 [main] INFO  demoqaBase - 🎯 Final selected colors: [Green, Indigo, Magenta]
2025-09-08 13:06:47 [main] INFO  demoqaBase - ✅ Widgets|Auto Complete Test Completed...
]]></system-out>
  </testcase>
  <testcase name="AutoCompleteSearch[ColorSelectionData{searchFor=&apos;O&apos;, expectedColors=[Yellow, Voilet, Indigo]}](13)" classname="tests.WidgetsTests" time="1.638">
    <system-out><![CDATA[2025-09-08 13:06:47 [main] INFO  demoqaBase - Closing the Browser for test: AutoCompleteSearch
2025-09-08 13:06:48 [main] INFO  DriverFactory - 🌐 Starting Chrome Web Browser...
2025-09-08 13:06:48 [main] INFO  DriverFactory - ✅ Created temporary Chrome profile at C:\Users\dell\AppData\Local\Temp\chrome-profile-4795612578684443332
2025-09-08 13:06:49 [main] INFO  DriverFactory - 🚀 WebDriver started successfully
2025-09-08 13:06:49 [main] INFO  RetryUrlAccess - Navigating to URL (attempt 1): https://demoqa.com
2025-09-08 13:06:58 [main] INFO  demoqaBase - 🚀 Starting test: AutoCompleteSearch
2025-09-08 13:06:58 [main] INFO  demoqaBase - 🧪 Starting Test Widgets|Auto Complete...
2025-09-08 13:06:58 [main] INFO  demoqaBase - Accessing Widgets Card...
Declared Instance WebDriverWait: org.openqa.selenium.support.ui.WebDriverWait@2b5f6707
2025-09-08 13:06:58 [main] INFO  demoqaLog - Clicking on Widgets Card...
2025-09-08 13:06:58 [main] INFO  demoqaLog - ✅ JS click executed on element: {}
2025-09-08 13:06:58 [main] INFO  demoqaLog - Clicked on on Widgets Card...
Title of this Page is: DEMOQA
You are Accessing: Widgets
 
2025-09-08 13:06:59 [main] INFO  demoqaBase - Widgets: Please select an item from left to start practice.
2025-09-08 13:06:59 [main] INFO  demoqaBase - Clicking on Widgets|AutoComplete...
You are now Accessing: Auto Complete
2025-09-08 13:06:59 [main] INFO  demoqaBase - You are now Accessing: Auto Complete
Searching Colors using: O
Expected Color to be selected is/are: [Yellow, Voilet, Indigo]
2025-09-08 13:06:59 [main] INFO  demoqaBase - 🔍 Running test for search character: O
2025-09-08 13:06:59 [main] INFO  demoqaBase - Clicking on Widgets | Auto Complete | Type multiple color names...
Searching Colors using: O
Expected Color to be selected is/are: [Yellow, Voilet, Indigo]
2025-09-08 13:06:59 [main] INFO  demoqaBase - You are now Accessing: Auto Complete
2025-09-08 13:06:59 [main] INFO  demoqaBase - Available Color: Yellow
2025-09-08 13:06:59 [main] INFO  demoqaLog - ✅ JS click executed on element: {}
2025-09-08 13:06:59 [main] INFO  demoqaBase - ✅ Selected Color: Yellow
2025-09-08 13:07:00 [main] INFO  demoqaBase - Available Color: Voilet
2025-09-08 13:07:00 [main] INFO  demoqaLog - ✅ JS click executed on element: {}
2025-09-08 13:07:00 [main] INFO  demoqaBase - ✅ Selected Color: Voilet
2025-09-08 13:07:00 [main] INFO  demoqaBase - Available Color: Indigo
2025-09-08 13:07:00 [main] INFO  demoqaLog - ✅ JS click executed on element: {}
2025-09-08 13:07:00 [main] INFO  demoqaBase - ✅ Selected Color: Indigo
2025-09-08 13:07:00 [main] INFO  demoqaBase - 🎯 Final selected colors: [Yellow, Voilet, Indigo]
2025-09-08 13:07:00 [main] INFO  demoqaBase - ✅ Widgets|Auto Complete Test Completed...
]]></system-out>
  </testcase>
  <testcase name="AutoCompleteSearch[ColorSelectionData{searchFor=&apos;P&apos;, expectedColors=[Purple]}](14)" classname="tests.WidgetsTests" time="0.764">
    <system-out><![CDATA[2025-09-08 13:07:00 [main] INFO  demoqaBase - Closing the Browser for test: AutoCompleteSearch
2025-09-08 13:07:00 [main] INFO  DriverFactory - 🌐 Starting Chrome Web Browser...
2025-09-08 13:07:00 [main] INFO  DriverFactory - ✅ Created temporary Chrome profile at C:\Users\dell\AppData\Local\Temp\chrome-profile-16838163433605286800
2025-09-08 13:07:02 [main] INFO  DriverFactory - 🚀 WebDriver started successfully
2025-09-08 13:07:02 [main] INFO  RetryUrlAccess - Navigating to URL (attempt 1): https://demoqa.com
2025-09-08 13:07:22 [main] INFO  demoqaBase - 🚀 Starting test: AutoCompleteSearch
2025-09-08 13:07:22 [main] INFO  demoqaBase - 🧪 Starting Test Widgets|Auto Complete...
2025-09-08 13:07:22 [main] INFO  demoqaBase - Accessing Widgets Card...
Declared Instance WebDriverWait: org.openqa.selenium.support.ui.WebDriverWait@501cad40
2025-09-08 13:07:22 [main] INFO  demoqaLog - Clicking on Widgets Card...
2025-09-08 13:07:22 [main] INFO  demoqaLog - ✅ JS click executed on element: {}
2025-09-08 13:07:22 [main] INFO  demoqaLog - Clicked on on Widgets Card...
Title of this Page is: DEMOQA
You are Accessing: Widgets
 
2025-09-08 13:07:22 [main] INFO  demoqaBase - Widgets: Please select an item from left to start practice.
2025-09-08 13:07:22 [main] INFO  demoqaBase - Clicking on Widgets|AutoComplete...
You are now Accessing: Auto Complete
2025-09-08 13:07:22 [main] INFO  demoqaBase - You are now Accessing: Auto Complete
Searching Colors using: P
Expected Color to be selected is/are: [Purple]
2025-09-08 13:07:22 [main] INFO  demoqaBase - 🔍 Running test for search character: P
2025-09-08 13:07:22 [main] INFO  demoqaBase - Clicking on Widgets | Auto Complete | Type multiple color names...
Searching Colors using: P
Expected Color to be selected is/are: [Purple]
2025-09-08 13:07:22 [main] INFO  demoqaBase - You are now Accessing: Auto Complete
2025-09-08 13:07:23 [main] INFO  demoqaBase - Available Color: Purple
2025-09-08 13:07:23 [main] INFO  demoqaLog - ✅ JS click executed on element: {}
2025-09-08 13:07:23 [main] INFO  demoqaBase - ✅ Selected Color: Purple
2025-09-08 13:07:23 [main] INFO  demoqaBase - 🎯 Final selected colors: [Purple]
2025-09-08 13:07:23 [main] INFO  demoqaBase - ✅ Widgets|Auto Complete Test Completed...
]]></system-out>
  </testcase>
  <testcase name="AutoCompleteSearch[ColorSelectionData{searchFor=&apos;Q&apos;, expectedColors=[Aqua]}](15)" classname="tests.WidgetsTests" time="0.883">
    <system-out><![CDATA[2025-09-08 13:07:23 [main] INFO  demoqaBase - Closing the Browser for test: AutoCompleteSearch
2025-09-08 13:07:23 [main] INFO  DriverFactory - 🌐 Starting Chrome Web Browser...
2025-09-08 13:07:23 [main] INFO  DriverFactory - ✅ Created temporary Chrome profile at C:\Users\dell\AppData\Local\Temp\chrome-profile-5568153935335870250
2025-09-08 13:07:24 [main] INFO  DriverFactory - 🚀 WebDriver started successfully
2025-09-08 13:07:24 [main] INFO  RetryUrlAccess - Navigating to URL (attempt 1): https://demoqa.com
2025-09-08 13:07:40 [main] INFO  demoqaBase - 🚀 Starting test: AutoCompleteSearch
2025-09-08 13:07:40 [main] INFO  demoqaBase - 🧪 Starting Test Widgets|Auto Complete...
2025-09-08 13:07:40 [main] INFO  demoqaBase - Accessing Widgets Card...
Declared Instance WebDriverWait: org.openqa.selenium.support.ui.WebDriverWait@56b1a486
2025-09-08 13:07:40 [main] INFO  demoqaLog - Clicking on Widgets Card...
2025-09-08 13:07:40 [main] INFO  demoqaLog - ✅ JS click executed on element: {}
2025-09-08 13:07:40 [main] INFO  demoqaLog - Clicked on on Widgets Card...
Title of this Page is: DEMOQA
You are Accessing: Widgets
 
2025-09-08 13:07:40 [main] INFO  demoqaBase - Widgets: Please select an item from left to start practice.
2025-09-08 13:07:40 [main] INFO  demoqaBase - Clicking on Widgets|AutoComplete...
You are now Accessing: Auto Complete
2025-09-08 13:07:40 [main] INFO  demoqaBase - You are now Accessing: Auto Complete
Searching Colors using: Q
Expected Color to be selected is/are: [Aqua]
2025-09-08 13:07:40 [main] INFO  demoqaBase - 🔍 Running test for search character: Q
2025-09-08 13:07:40 [main] INFO  demoqaBase - Clicking on Widgets | Auto Complete | Type multiple color names...
Searching Colors using: Q
Expected Color to be selected is/are: [Aqua]
2025-09-08 13:07:40 [main] INFO  demoqaBase - You are now Accessing: Auto Complete
2025-09-08 13:07:41 [main] INFO  demoqaBase - Available Color: Aqua
2025-09-08 13:07:41 [main] INFO  demoqaLog - ✅ JS click executed on element: {}
2025-09-08 13:07:41 [main] INFO  demoqaBase - ✅ Selected Color: Aqua
2025-09-08 13:07:41 [main] INFO  demoqaBase - 🎯 Final selected colors: [Aqua]
2025-09-08 13:07:41 [main] INFO  demoqaBase - ✅ Widgets|Auto Complete Test Completed...
]]></system-out>
  </testcase>
  <testcase name="AutoCompleteSearch[ColorSelectionData{searchFor=&apos;R&apos;, expectedColors=[Red, Green, Purple]}](16)" classname="tests.WidgetsTests" time="1.499">
    <system-out><![CDATA[2025-09-08 13:07:41 [main] INFO  demoqaBase - Closing the Browser for test: AutoCompleteSearch
2025-09-08 13:07:41 [main] INFO  DriverFactory - 🌐 Starting Chrome Web Browser...
2025-09-08 13:07:41 [main] INFO  DriverFactory - ✅ Created temporary Chrome profile at C:\Users\dell\AppData\Local\Temp\chrome-profile-4553375570045023638
2025-09-08 13:07:42 [main] INFO  DriverFactory - 🚀 WebDriver started successfully
2025-09-08 13:07:42 [main] INFO  RetryUrlAccess - Navigating to URL (attempt 1): https://demoqa.com
2025-09-08 13:07:55 [main] INFO  demoqaBase - 🚀 Starting test: AutoCompleteSearch
2025-09-08 13:07:55 [main] INFO  demoqaBase - 🧪 Starting Test Widgets|Auto Complete...
2025-09-08 13:07:55 [main] INFO  demoqaBase - Accessing Widgets Card...
Declared Instance WebDriverWait: org.openqa.selenium.support.ui.WebDriverWait@7430ef2f
2025-09-08 13:07:55 [main] INFO  demoqaLog - Clicking on Widgets Card...
2025-09-08 13:07:55 [main] INFO  demoqaLog - ✅ JS click executed on element: {}
2025-09-08 13:07:55 [main] INFO  demoqaLog - Clicked on on Widgets Card...
Title of this Page is: DEMOQA
You are Accessing: Widgets
 
2025-09-08 13:07:55 [main] INFO  demoqaBase - Widgets: Please select an item from left to start practice.
2025-09-08 13:07:55 [main] INFO  demoqaBase - Clicking on Widgets|AutoComplete...
You are now Accessing: Auto Complete
2025-09-08 13:07:56 [main] INFO  demoqaBase - You are now Accessing: Auto Complete
Searching Colors using: R
Expected Color to be selected is/are: [Red, Green, Purple]
2025-09-08 13:07:56 [main] INFO  demoqaBase - 🔍 Running test for search character: R
2025-09-08 13:07:56 [main] INFO  demoqaBase - Clicking on Widgets | Auto Complete | Type multiple color names...
Searching Colors using: R
Expected Color to be selected is/are: [Red, Green, Purple]
2025-09-08 13:07:56 [main] INFO  demoqaBase - You are now Accessing: Auto Complete
2025-09-08 13:07:56 [main] INFO  demoqaBase - Available Color: Red
2025-09-08 13:07:56 [main] INFO  demoqaLog - ✅ JS click executed on element: {}
2025-09-08 13:07:56 [main] INFO  demoqaBase - ✅ Selected Color: Red
2025-09-08 13:07:56 [main] INFO  demoqaBase - Available Color: Green
2025-09-08 13:07:56 [main] INFO  demoqaLog - ✅ JS click executed on element: {}
2025-09-08 13:07:56 [main] INFO  demoqaBase - ✅ Selected Color: Green
2025-09-08 13:07:57 [main] INFO  demoqaBase - Available Color: Purple
2025-09-08 13:07:57 [main] INFO  demoqaLog - ✅ JS click executed on element: {}
2025-09-08 13:07:57 [main] INFO  demoqaBase - ✅ Selected Color: Purple
2025-09-08 13:07:57 [main] INFO  demoqaBase - 🎯 Final selected colors: [Red, Green, Purple]
2025-09-08 13:07:57 [main] INFO  demoqaBase - ✅ Widgets|Auto Complete Test Completed...
]]></system-out>
  </testcase>
  <testcase name="AutoCompleteSearch[ColorSelectionData{searchFor=&apos;T&apos;, expectedColors=[White, Voilet, Magenta]}](17)" classname="tests.WidgetsTests" time="1.655">
    <system-out><![CDATA[2025-09-08 13:07:57 [main] INFO  demoqaBase - Closing the Browser for test: AutoCompleteSearch
2025-09-08 13:07:57 [main] INFO  DriverFactory - 🌐 Starting Chrome Web Browser...
2025-09-08 13:07:57 [main] INFO  DriverFactory - ✅ Created temporary Chrome profile at C:\Users\dell\AppData\Local\Temp\chrome-profile-12899730672227824423
2025-09-08 13:07:58 [main] INFO  DriverFactory - 🚀 WebDriver started successfully
2025-09-08 13:07:58 [main] INFO  RetryUrlAccess - Navigating to URL (attempt 1): https://demoqa.com
2025-09-08 13:08:15 [main] INFO  demoqaBase - 🚀 Starting test: AutoCompleteSearch
2025-09-08 13:08:15 [main] INFO  demoqaBase - 🧪 Starting Test Widgets|Auto Complete...
2025-09-08 13:08:15 [main] INFO  demoqaBase - Accessing Widgets Card...
Declared Instance WebDriverWait: org.openqa.selenium.support.ui.WebDriverWait@4c7f7fee
2025-09-08 13:08:15 [main] INFO  demoqaLog - Clicking on Widgets Card...
2025-09-08 13:08:15 [main] INFO  demoqaLog - ✅ JS click executed on element: {}
2025-09-08 13:08:15 [main] INFO  demoqaLog - Clicked on on Widgets Card...
Title of this Page is: DEMOQA
You are Accessing: Widgets
 
2025-09-08 13:08:15 [main] INFO  demoqaBase - Widgets: Please select an item from left to start practice.
2025-09-08 13:08:15 [main] INFO  demoqaBase - Clicking on Widgets|AutoComplete...
You are now Accessing: Auto Complete
2025-09-08 13:08:15 [main] INFO  demoqaBase - You are now Accessing: Auto Complete
Searching Colors using: T
Expected Color to be selected is/are: [White, Voilet, Magenta]
2025-09-08 13:08:15 [main] INFO  demoqaBase - 🔍 Running test for search character: T
2025-09-08 13:08:15 [main] INFO  demoqaBase - Clicking on Widgets | Auto Complete | Type multiple color names...
Searching Colors using: T
Expected Color to be selected is/are: [White, Voilet, Magenta]
2025-09-08 13:08:15 [main] INFO  demoqaBase - You are now Accessing: Auto Complete
2025-09-08 13:08:16 [main] INFO  demoqaBase - Available Color: White
2025-09-08 13:08:16 [main] INFO  demoqaLog - ✅ JS click executed on element: {}
2025-09-08 13:08:16 [main] INFO  demoqaBase - ✅ Selected Color: White
2025-09-08 13:08:16 [main] INFO  demoqaBase - Available Color: Voilet
2025-09-08 13:08:16 [main] INFO  demoqaLog - ✅ JS click executed on element: {}
2025-09-08 13:08:16 [main] INFO  demoqaBase - ✅ Selected Color: Voilet
2025-09-08 13:08:16 [main] INFO  demoqaBase - Available Color: Magenta
2025-09-08 13:08:16 [main] INFO  demoqaLog - ✅ JS click executed on element: {}
2025-09-08 13:08:16 [main] INFO  demoqaBase - ✅ Selected Color: Magenta
2025-09-08 13:08:17 [main] INFO  demoqaBase - 🎯 Final selected colors: [White, Voilet, Magenta]
2025-09-08 13:08:17 [main] INFO  demoqaBase - ✅ Widgets|Auto Complete Test Completed...
]]></system-out>
  </testcase>
  <testcase name="AutoCompleteSearch[ColorSelectionData{searchFor=&apos;U&apos;, expectedColors=[Blue, Purple, Aqua]}](18)" classname="tests.WidgetsTests" time="2.58">
    <system-out><![CDATA[2025-09-08 13:08:17 [main] INFO  demoqaBase - Closing the Browser for test: AutoCompleteSearch
2025-09-08 13:08:17 [main] INFO  DriverFactory - 🌐 Starting Chrome Web Browser...
2025-09-08 13:08:17 [main] INFO  DriverFactory - ✅ Created temporary Chrome profile at C:\Users\dell\AppData\Local\Temp\chrome-profile-17128070326040837801
2025-09-08 13:08:18 [main] INFO  DriverFactory - 🚀 WebDriver started successfully
2025-09-08 13:08:18 [main] INFO  RetryUrlAccess - Navigating to URL (attempt 1): https://demoqa.com
2025-09-08 13:08:25 [main] INFO  demoqaBase - 🚀 Starting test: AutoCompleteSearch
2025-09-08 13:08:25 [main] INFO  demoqaBase - 🧪 Starting Test Widgets|Auto Complete...
2025-09-08 13:08:25 [main] INFO  demoqaBase - Accessing Widgets Card...
Declared Instance WebDriverWait: org.openqa.selenium.support.ui.WebDriverWait@1c7d7c3f
2025-09-08 13:08:25 [main] INFO  demoqaLog - Clicking on Widgets Card...
2025-09-08 13:08:25 [main] INFO  demoqaLog - ✅ JS click executed on element: {}
2025-09-08 13:08:25 [main] INFO  demoqaLog - Clicked on on Widgets Card...
Title of this Page is: DEMOQA
You are Accessing: Widgets
 
2025-09-08 13:08:25 [main] INFO  demoqaBase - Widgets: Please select an item from left to start practice.
2025-09-08 13:08:25 [main] INFO  demoqaBase - Clicking on Widgets|AutoComplete...
You are now Accessing: Auto Complete
2025-09-08 13:08:26 [main] INFO  demoqaBase - You are now Accessing: Auto Complete
Searching Colors using: U
Expected Color to be selected is/are: [Blue, Purple, Aqua]
2025-09-08 13:08:26 [main] INFO  demoqaBase - 🔍 Running test for search character: U
2025-09-08 13:08:26 [main] INFO  demoqaBase - Clicking on Widgets | Auto Complete | Type multiple color names...
Searching Colors using: U
Expected Color to be selected is/are: [Blue, Purple, Aqua]
2025-09-08 13:08:26 [main] INFO  demoqaBase - You are now Accessing: Auto Complete
2025-09-08 13:08:27 [main] INFO  demoqaBase - Available Color: Blue
2025-09-08 13:08:27 [main] INFO  demoqaLog - ✅ JS click executed on element: {}
2025-09-08 13:08:27 [main] INFO  demoqaBase - ✅ Selected Color: Blue
2025-09-08 13:08:27 [main] INFO  demoqaBase - Available Color: Purple
2025-09-08 13:08:27 [main] INFO  demoqaLog - ✅ JS click executed on element: {}
2025-09-08 13:08:27 [main] INFO  demoqaBase - ✅ Selected Color: Purple
2025-09-08 13:08:27 [main] INFO  demoqaBase - Available Color: Aqua
2025-09-08 13:08:27 [main] INFO  demoqaLog - ✅ JS click executed on element: {}
2025-09-08 13:08:27 [main] INFO  demoqaBase - ✅ Selected Color: Aqua
2025-09-08 13:08:27 [main] INFO  demoqaBase - 🎯 Final selected colors: [Blue, Purple, Aqua]
2025-09-08 13:08:27 [main] INFO  demoqaBase - ✅ Widgets|Auto Complete Test Completed...
]]></system-out>
  </testcase>
  <testcase name="AutoCompleteSearch[ColorSelectionData{searchFor=&apos;V&apos;, expectedColors=[Voilet]}](19)" classname="tests.WidgetsTests" time="0.918">
    <system-out><![CDATA[2025-09-08 13:08:27 [main] INFO  demoqaBase - Closing the Browser for test: AutoCompleteSearch
2025-09-08 13:08:28 [main] INFO  DriverFactory - 🌐 Starting Chrome Web Browser...
2025-09-08 13:08:28 [main] INFO  DriverFactory - ✅ Created temporary Chrome profile at C:\Users\dell\AppData\Local\Temp\chrome-profile-15740658539775883336
2025-09-08 13:08:29 [main] INFO  DriverFactory - 🚀 WebDriver started successfully
2025-09-08 13:08:29 [main] INFO  RetryUrlAccess - Navigating to URL (attempt 1): https://demoqa.com
2025-09-08 13:08:44 [main] INFO  demoqaBase - 🚀 Starting test: AutoCompleteSearch
2025-09-08 13:08:44 [main] INFO  demoqaBase - 🧪 Starting Test Widgets|Auto Complete...
2025-09-08 13:08:44 [main] INFO  demoqaBase - Accessing Widgets Card...
Declared Instance WebDriverWait: org.openqa.selenium.support.ui.WebDriverWait@2894d052
2025-09-08 13:08:44 [main] INFO  demoqaLog - Clicking on Widgets Card...
2025-09-08 13:08:45 [main] INFO  demoqaLog - ✅ JS click executed on element: {}
2025-09-08 13:08:45 [main] INFO  demoqaLog - Clicked on on Widgets Card...
Title of this Page is: DEMOQA
You are Accessing: Widgets
 
2025-09-08 13:08:45 [main] INFO  demoqaBase - Widgets: Please select an item from left to start practice.
2025-09-08 13:08:45 [main] INFO  demoqaBase - Clicking on Widgets|AutoComplete...
You are now Accessing: Auto Complete
2025-09-08 13:08:45 [main] INFO  demoqaBase - You are now Accessing: Auto Complete
Searching Colors using: V
Expected Color to be selected is/are: [Voilet]
2025-09-08 13:08:45 [main] INFO  demoqaBase - 🔍 Running test for search character: V
2025-09-08 13:08:45 [main] INFO  demoqaBase - Clicking on Widgets | Auto Complete | Type multiple color names...
Searching Colors using: V
Expected Color to be selected is/are: [Voilet]
2025-09-08 13:08:45 [main] INFO  demoqaBase - You are now Accessing: Auto Complete
2025-09-08 13:08:45 [main] INFO  demoqaBase - Available Color: Voilet
2025-09-08 13:08:45 [main] INFO  demoqaLog - ✅ JS click executed on element: {}
2025-09-08 13:08:45 [main] INFO  demoqaBase - ✅ Selected Color: Voilet
2025-09-08 13:08:45 [main] INFO  demoqaBase - 🎯 Final selected colors: [Voilet]
2025-09-08 13:08:45 [main] INFO  demoqaBase - ✅ Widgets|Auto Complete Test Completed...
]]></system-out>
  </testcase>
  <testcase name="AutoCompleteSearch[ColorSelectionData{searchFor=&apos;W&apos;, expectedColors=[Yellow, White]}](20)" classname="tests.WidgetsTests" time="1.356">
    <system-out><![CDATA[2025-09-08 13:08:45 [main] INFO  demoqaBase - Closing the Browser for test: AutoCompleteSearch
2025-09-08 13:08:46 [main] INFO  DriverFactory - 🌐 Starting Chrome Web Browser...
2025-09-08 13:08:46 [main] INFO  DriverFactory - ✅ Created temporary Chrome profile at C:\Users\dell\AppData\Local\Temp\chrome-profile-61777939555243147
2025-09-08 13:08:47 [main] INFO  DriverFactory - 🚀 WebDriver started successfully
2025-09-08 13:08:47 [main] INFO  RetryUrlAccess - Navigating to URL (attempt 1): https://demoqa.com
2025-09-08 13:09:01 [main] INFO  demoqaBase - 🚀 Starting test: AutoCompleteSearch
2025-09-08 13:09:01 [main] INFO  demoqaBase - 🧪 Starting Test Widgets|Auto Complete...
2025-09-08 13:09:01 [main] INFO  demoqaBase - Accessing Widgets Card...
Declared Instance WebDriverWait: org.openqa.selenium.support.ui.WebDriverWait@20e72581
2025-09-08 13:09:01 [main] INFO  demoqaLog - Clicking on Widgets Card...
2025-09-08 13:09:01 [main] INFO  demoqaLog - ✅ JS click executed on element: {}
2025-09-08 13:09:01 [main] INFO  demoqaLog - Clicked on on Widgets Card...
Title of this Page is: DEMOQA
You are Accessing: Widgets
 
2025-09-08 13:09:01 [main] INFO  demoqaBase - Widgets: Please select an item from left to start practice.
2025-09-08 13:09:01 [main] INFO  demoqaBase - Clicking on Widgets|AutoComplete...
You are now Accessing: Auto Complete
2025-09-08 13:09:02 [main] INFO  demoqaBase - You are now Accessing: Auto Complete
Searching Colors using: W
Expected Color to be selected is/are: [Yellow, White]
2025-09-08 13:09:02 [main] INFO  demoqaBase - 🔍 Running test for search character: W
2025-09-08 13:09:02 [main] INFO  demoqaBase - Clicking on Widgets | Auto Complete | Type multiple color names...
Searching Colors using: W
Expected Color to be selected is/are: [Yellow, White]
2025-09-08 13:09:02 [main] INFO  demoqaBase - You are now Accessing: Auto Complete
2025-09-08 13:09:02 [main] INFO  demoqaBase - Available Color: Yellow
2025-09-08 13:09:02 [main] INFO  demoqaLog - ✅ JS click executed on element: {}
2025-09-08 13:09:02 [main] INFO  demoqaBase - ✅ Selected Color: Yellow
2025-09-08 13:09:03 [main] INFO  demoqaBase - Available Color: White
2025-09-08 13:09:03 [main] INFO  demoqaLog - ✅ JS click executed on element: {}
2025-09-08 13:09:03 [main] INFO  demoqaBase - ✅ Selected Color: White
2025-09-08 13:09:03 [main] INFO  demoqaBase - 🎯 Final selected colors: [Yellow, White]
2025-09-08 13:09:03 [main] INFO  demoqaBase - ✅ Widgets|Auto Complete Test Completed...
]]></system-out>
  </testcase>
  <testcase name="AutoCompleteSearch[ColorSelectionData{searchFor=&apos;Y&apos;, expectedColors=[Yellow]}](21)" classname="tests.WidgetsTests" time="0.869">
    <system-out><![CDATA[2025-09-08 13:09:03 [main] INFO  demoqaBase - Closing the Browser for test: AutoCompleteSearch
2025-09-08 13:09:03 [main] INFO  DriverFactory - 🌐 Starting Chrome Web Browser...
2025-09-08 13:09:03 [main] INFO  DriverFactory - ✅ Created temporary Chrome profile at C:\Users\dell\AppData\Local\Temp\chrome-profile-11192073094875488325
2025-09-08 13:09:04 [main] INFO  DriverFactory - 🚀 WebDriver started successfully
2025-09-08 13:09:04 [main] INFO  RetryUrlAccess - Navigating to URL (attempt 1): https://demoqa.com
2025-09-08 13:09:20 [main] INFO  demoqaBase - 🚀 Starting test: AutoCompleteSearch
2025-09-08 13:09:20 [main] INFO  demoqaBase - 🧪 Starting Test Widgets|Auto Complete...
2025-09-08 13:09:20 [main] INFO  demoqaBase - Accessing Widgets Card...
Declared Instance WebDriverWait: org.openqa.selenium.support.ui.WebDriverWait@40f490ad
2025-09-08 13:09:20 [main] INFO  demoqaLog - Clicking on Widgets Card...
2025-09-08 13:09:20 [main] INFO  demoqaLog - ✅ JS click executed on element: {}
2025-09-08 13:09:20 [main] INFO  demoqaLog - Clicked on on Widgets Card...
Title of this Page is: DEMOQA
You are Accessing: Widgets
 
2025-09-08 13:09:20 [main] INFO  demoqaBase - Widgets: Please select an item from left to start practice.
2025-09-08 13:09:20 [main] INFO  demoqaBase - Clicking on Widgets|AutoComplete...
You are now Accessing: Auto Complete
2025-09-08 13:09:20 [main] INFO  demoqaBase - You are now Accessing: Auto Complete
Searching Colors using: Y
Expected Color to be selected is/are: [Yellow]
2025-09-08 13:09:20 [main] INFO  demoqaBase - 🔍 Running test for search character: Y
2025-09-08 13:09:20 [main] INFO  demoqaBase - Clicking on Widgets | Auto Complete | Type multiple color names...
Searching Colors using: Y
Expected Color to be selected is/are: [Yellow]
2025-09-08 13:09:20 [main] INFO  demoqaBase - You are now Accessing: Auto Complete
2025-09-08 13:09:21 [main] INFO  demoqaBase - Available Color: Yellow
2025-09-08 13:09:21 [main] INFO  demoqaLog - ✅ JS click executed on element: {}
2025-09-08 13:09:21 [main] INFO  demoqaBase - ✅ Selected Color: Yellow
2025-09-08 13:09:21 [main] INFO  demoqaBase - 🎯 Final selected colors: [Yellow]
2025-09-08 13:09:21 [main] INFO  demoqaBase - ✅ Widgets|Auto Complete Test Completed...
]]></system-out>
  </testcase>
  <testcase name="AutoCompleteSearchRemove[ColorSelectionData{searchFor=&apos;E&apos;, expectedColors=[Green, Yellow]}](1)" classname="tests.WidgetsTests" time="6.328">
    <system-out><![CDATA[2025-09-08 13:09:21 [main] INFO  demoqaBase - Closing the Browser for test: AutoCompleteSearch
🧾 Row 1: {SearchFor=E, ExpectedColors=Green,Yellow}
🔍 Mapping field: searchFor | Excel Column: SearchFor | Value: E
🔍 Mapping field: expectedColorsRaw | Excel Column: ExpectedColors | Value: Green,Yellow
2025-09-08 13:09:21 [main] INFO  DriverFactory - 🌐 Starting Chrome Web Browser...
2025-09-08 13:09:21 [main] INFO  DriverFactory - ✅ Created temporary Chrome profile at C:\Users\dell\AppData\Local\Temp\chrome-profile-12304312372253015081
2025-09-08 13:09:22 [main] INFO  DriverFactory - 🚀 WebDriver started successfully
2025-09-08 13:09:22 [main] INFO  RetryUrlAccess - Navigating to URL (attempt 1): https://demoqa.com
2025-09-08 13:09:38 [main] INFO  demoqaBase - 🚀 Starting test: AutoCompleteSearchRemove
2025-09-08 13:09:38 [main] INFO  demoqaBase - 🧪 Starting Test Widgets|Auto Complete - Select & Remove Flow
2025-09-08 13:09:38 [main] INFO  demoqaBase - Accessing Widgets Card...
Declared Instance WebDriverWait: org.openqa.selenium.support.ui.WebDriverWait@2ab38d1e
2025-09-08 13:09:38 [main] INFO  demoqaLog - Clicking on Widgets Card...
2025-09-08 13:09:38 [main] INFO  demoqaLog - ✅ JS click executed on element: {}
2025-09-08 13:09:38 [main] INFO  demoqaLog - Clicked on on Widgets Card...
Title of this Page is: DEMOQA
You are Accessing: Widgets
 
2025-09-08 13:09:39 [main] INFO  demoqaBase - Widgets: Please select an item from left to start practice.
2025-09-08 13:09:39 [main] INFO  demoqaBase - Clicking on Widgets|AutoComplete...
You are now Accessing: Auto Complete
2025-09-08 13:09:39 [main] INFO  demoqaBase - You are now Accessing: Auto Complete
🧾 Row 1: {SearchFor=A, ExpectedColors=Black,Magenta,Aqua}
🔍 Mapping field: searchFor | Excel Column: SearchFor | Value: A
🔍 Mapping field: expectedColorsRaw | Excel Column: ExpectedColors | Value: Black,Magenta,Aqua
🧾 Row 2: {SearchFor=B, ExpectedColors=Blue,Black}
🔍 Mapping field: searchFor | Excel Column: SearchFor | Value: B
🔍 Mapping field: expectedColorsRaw | Excel Column: ExpectedColors | Value: Blue,Black
🧾 Row 3: {SearchFor=C, ExpectedColors=Black}
🔍 Mapping field: searchFor | Excel Column: SearchFor | Value: C
🔍 Mapping field: expectedColorsRaw | Excel Column: ExpectedColors | Value: Black
🧾 Row 4: {SearchFor=D, ExpectedColors=Red,Indigo}
🔍 Mapping field: searchFor | Excel Column: SearchFor | Value: D
🔍 Mapping field: expectedColorsRaw | Excel Column: ExpectedColors | Value: Red,Indigo
🧾 Row 5: {SearchFor=E, ExpectedColors=Red,Blue,Green,Yellow,Purple,White,Voilet,Magenta}
🔍 Mapping field: searchFor | Excel Column: SearchFor | Value: E
🔍 Mapping field: expectedColorsRaw | Excel Column: ExpectedColors | Value: Red,Blue,Green,Yellow,Purple,White,Voilet,Magenta
🧾 Row 6: {SearchFor=G, ExpectedColors=Green,Indigo,Magenta}
🔍 Mapping field: searchFor | Excel Column: SearchFor | Value: G
🔍 Mapping field: expectedColorsRaw | Excel Column: ExpectedColors | Value: Green,Indigo,Magenta
🧾 Row 7: {SearchFor=H, ExpectedColors=White}
🔍 Mapping field: searchFor | Excel Column: SearchFor | Value: H
🔍 Mapping field: expectedColorsRaw | Excel Column: ExpectedColors | Value: White
🧾 Row 8: {SearchFor=I, ExpectedColors=White,Voilet,Indigo}
🔍 Mapping field: searchFor | Excel Column: SearchFor | Value: I
🔍 Mapping field: expectedColorsRaw | Excel Column: ExpectedColors | Value: White,Voilet,Indigo
🧾 Row 9: {SearchFor=K, ExpectedColors=Black}
🔍 Mapping field: searchFor | Excel Column: SearchFor | Value: K
🔍 Mapping field: expectedColorsRaw | Excel Column: ExpectedColors | Value: Black
🧾 Row 10: {SearchFor=L, ExpectedColors=Blue,Yellow,Purple,Black,Voilet}
🔍 Mapping field: searchFor | Excel Column: SearchFor | Value: L
🔍 Mapping field: expectedColorsRaw | Excel Column: ExpectedColors | Value: Blue,Yellow,Purple,Black,Voilet
🧾 Row 11: {SearchFor=M, ExpectedColors=Magenta}
🔍 Mapping field: searchFor | Excel Column: SearchFor | Value: M
🔍 Mapping field: expectedColorsRaw | Excel Column: ExpectedColors | Value: Magenta
🧾 Row 12: {SearchFor=N, ExpectedColors=Green,Indigo,Magenta}
🔍 Mapping field: searchFor | Excel Column: SearchFor | Value: N
🔍 Mapping field: expectedColorsRaw | Excel Column: ExpectedColors | Value: Green,Indigo,Magenta
🧾 Row 13: {SearchFor=O, ExpectedColors=Yellow,Voilet,Indigo}
🔍 Mapping field: searchFor | Excel Column: SearchFor | Value: O
🔍 Mapping field: expectedColorsRaw | Excel Column: ExpectedColors | Value: Yellow,Voilet,Indigo
🧾 Row 14: {SearchFor=P, ExpectedColors=Purple}
🔍 Mapping field: searchFor | Excel Column: SearchFor | Value: P
🔍 Mapping field: expectedColorsRaw | Excel Column: ExpectedColors | Value: Purple
🧾 Row 15: {SearchFor=Q, ExpectedColors=Aqua}
🔍 Mapping field: searchFor | Excel Column: SearchFor | Value: Q
🔍 Mapping field: expectedColorsRaw | Excel Column: ExpectedColors | Value: Aqua
🧾 Row 16: {SearchFor=R, ExpectedColors=Red,Green,Purple}
🔍 Mapping field: searchFor | Excel Column: SearchFor | Value: R
🔍 Mapping field: expectedColorsRaw | Excel Column: ExpectedColors | Value: Red,Green,Purple
🧾 Row 17: {SearchFor=T, ExpectedColors=White,Voilet,Magenta}
🔍 Mapping field: searchFor | Excel Column: SearchFor | Value: T
🔍 Mapping field: expectedColorsRaw | Excel Column: ExpectedColors | Value: White,Voilet,Magenta
🧾 Row 18: {SearchFor=U, ExpectedColors=Blue,Purple,Aqua}
🔍 Mapping field: searchFor | Excel Column: SearchFor | Value: U
🔍 Mapping field: expectedColorsRaw | Excel Column: ExpectedColors | Value: Blue,Purple,Aqua
🧾 Row 19: {SearchFor=V, ExpectedColors=Voilet}
🔍 Mapping field: searchFor | Excel Column: SearchFor | Value: V
🔍 Mapping field: expectedColorsRaw | Excel Column: ExpectedColors | Value: Voilet
🧾 Row 20: {SearchFor=W, ExpectedColors=Yellow,White}
🔍 Mapping field: searchFor | Excel Column: SearchFor | Value: W
🔍 Mapping field: expectedColorsRaw | Excel Column: ExpectedColors | Value: Yellow,White
🧾 Row 21: {SearchFor=Y, ExpectedColors=Yellow}
🔍 Mapping field: searchFor | Excel Column: SearchFor | Value: Y
🔍 Mapping field: expectedColorsRaw | Excel Column: ExpectedColors | Value: Yellow
2025-09-08 13:09:39 [main] INFO  demoqaBase - 🎨 Selecting colors for 'E': [Red, Blue, Green, Yellow, Purple, White, Voilet, Magenta]
2025-09-08 13:09:39 [main] INFO  demoqaLog - ✅ JS click executed on element: {}
2025-09-08 13:09:39 [main] INFO  demoqaBase - ✅ Selected color 'Red' for 'E'
2025-09-08 13:09:40 [main] INFO  demoqaLog - ✅ JS click executed on element: {}
2025-09-08 13:09:40 [main] INFO  demoqaBase - ✅ Selected color 'Blue' for 'E'
2025-09-08 13:09:41 [main] INFO  demoqaLog - ✅ JS click executed on element: {}
2025-09-08 13:09:41 [main] INFO  demoqaBase - ✅ Selected color 'Green' for 'E'
2025-09-08 13:09:42 [main] INFO  demoqaLog - ✅ JS click executed on element: {}
2025-09-08 13:09:42 [main] INFO  demoqaBase - ✅ Selected color 'Yellow' for 'E'
2025-09-08 13:09:42 [main] INFO  demoqaLog - ✅ JS click executed on element: {}
2025-09-08 13:09:42 [main] INFO  demoqaBase - ✅ Selected color 'Purple' for 'E'
2025-09-08 13:09:43 [main] INFO  demoqaLog - ✅ JS click executed on element: {}
2025-09-08 13:09:43 [main] INFO  demoqaBase - ✅ Selected color 'White' for 'E'
2025-09-08 13:09:44 [main] INFO  demoqaLog - ✅ JS click executed on element: {}
2025-09-08 13:09:44 [main] INFO  demoqaBase - ✅ Selected color 'Voilet' for 'E'
2025-09-08 13:09:44 [main] INFO  demoqaLog - ✅ JS click executed on element: {}
2025-09-08 13:09:44 [main] INFO  demoqaBase - ✅ Selected color 'Magenta' for 'E'
🧾 Row 1: {SearchFor=E, ExpectedColors=Green,Yellow}
🔍 Mapping field: searchFor | Excel Column: SearchFor | Value: E
🔍 Mapping field: expectedColorsRaw | Excel Column: ExpectedColors | Value: Green,Yellow
2025-09-08 13:09:44 [main] INFO  demoqaBase - 🗑️ Attempting to remove colors for 'E': [Green, Yellow]
2025-09-08 13:09:45 [main] INFO  demoqaBase - 🗑️ Removed color: Green
2025-09-08 13:09:45 [main] INFO  demoqaBase - 🗑️ Removed color: Yellow
2025-09-08 13:09:45 [main] INFO  demoqaBase - ✅ Assertion passed: Color 'Green' successfully removed.
2025-09-08 13:09:45 [main] INFO  demoqaBase - ✅ Assertion passed: Color 'Yellow' successfully removed.
2025-09-08 13:09:45 [main] INFO  demoqaBase - ✅ Auto Complete Select & Remove Flow completed for 'E'
]]></system-out>
  </testcase>
  <testcase name="AutoCompleteSingle[E, Green](1)" classname="tests.WidgetsTests" time="2.427">
    <failure message="Color selection failed" type="java.lang.RuntimeException"><![CDATA[java.lang.RuntimeException: Color selection failed
	at pages.WidgetsPage.selectColorSingle(WidgetsPage.java:443)
	at pages.WidgetsPage.singleSearchAdd(WidgetsPage.java:411)
	at tests.WidgetsTests.AutoCompleteSingle(WidgetsTests.java:168)
	at java.base/jdk.internal.reflect.DirectMethodHandleAccessor.invoke(DirectMethodHandleAccessor.java:103)
	at java.base/java.lang.reflect.Method.invoke(Method.java:580)
	at org.testng.internal.invokers.MethodInvocationHelper.invokeMethod(MethodInvocationHelper.java:141)
	at org.testng.internal.invokers.TestInvoker.invokeMethod(TestInvoker.java:687)
	at org.testng.internal.invokers.TestInvoker.invokeTestMethod(TestInvoker.java:230)
	at org.testng.internal.invokers.MethodRunner.runInSequence(MethodRunner.java:63)
	at org.testng.internal.invokers.TestInvoker$MethodInvocationAgent.invoke(TestInvoker.java:995)
	at org.testng.internal.invokers.TestInvoker.invokeTestMethods(TestInvoker.java:203)
	at org.testng.internal.invokers.TestMethodWorker.invokeTestMethods(TestMethodWorker.java:154)
	at org.testng.internal.invokers.TestMethodWorker.run(TestMethodWorker.java:134)
	at java.base/java.util.ArrayList.forEach(ArrayList.java:1596)
	at org.testng.TestRunner.privateRun(TestRunner.java:741)
	at org.testng.TestRunner.run(TestRunner.java:616)
	at org.testng.SuiteRunner.runTest(SuiteRunner.java:421)
	at org.testng.SuiteRunner.runSequentially(SuiteRunner.java:413)
	at org.testng.SuiteRunner.privateRun(SuiteRunner.java:373)
	at org.testng.SuiteRunner.run(SuiteRunner.java:312)
	at org.testng.SuiteRunnerWorker.runSuite(SuiteRunnerWorker.java:52)
	at org.testng.SuiteRunnerWorker.run(SuiteRunnerWorker.java:95)
	at org.testng.TestNG.runSuitesSequentially(TestNG.java:1274)
	at org.testng.TestNG.runSuitesLocally(TestNG.java:1208)
	at org.testng.TestNG.runSuites(TestNG.java:1112)
	at org.testng.TestNG.run(TestNG.java:1079)
	at org.apache.maven.surefire.testng.TestNGExecutor.run(TestNGExecutor.java:155)
	at org.apache.maven.surefire.testng.TestNGDirectoryTestSuite.executeMulti(TestNGDirectoryTestSuite.java:169)
	at org.apache.maven.surefire.testng.TestNGDirectoryTestSuite.execute(TestNGDirectoryTestSuite.java:88)
	at org.apache.maven.surefire.testng.TestNGProvider.invoke(TestNGProvider.java:137)
	at org.apache.maven.surefire.booter.ForkedBooter.runSuitesInProcess(ForkedBooter.java:385)
	at org.apache.maven.surefire.booter.ForkedBooter.execute(ForkedBooter.java:162)
	at org.apache.maven.surefire.booter.ForkedBooter.run(ForkedBooter.java:507)
	at org.apache.maven.surefire.booter.ForkedBooter.main(ForkedBooter.java:495)
Caused by: org.openqa.selenium.ElementClickInterceptedException: element click intercepted: Element <div class="auto-complete__option css-yt9ioa-option" id="react-select-3-option-2" tabindex="-1">...</div> is not clickable at point (566, 728). Other element would receive the click: <iframe frameborder="0" src="https://5a186045e694c0e32a88be57c21cf2bb.safeframe.googlesyndication.com/safeframe/1-0-45/html/container.html" id="google_ads_iframe_/21849154601,22343295815/Ad.Plus-Anchor_0" title="3rd party ad content" name="" scrolling="no" marginwidth="0" marginheight="0" width="728" height="90" data-is-safeframe="true" sandbox="allow-forms allow-popups allow-popups-to-escape-sandbox allow-same-origin allow-scripts allow-top-navigation-by-user-activation" allow="private-state-token-redemption;attribution-reporting" aria-label="Advertisement" tabindex="0" data-google-container-id="1" style="border: 0px; vertical-align: bottom;" data-load-complete="true"></iframe>
  (Session info: chrome=137.0.7151.120)
Build info: version: '4.35.0', revision: '1c58e5028b'
System info: os.name: 'Windows 11', os.arch: 'amd64', os.version: '10.0', java.version: '21.0.7'
Driver info: org.openqa.selenium.chrome.ChromeDriver
Command: [c5b678be56a192504eaa77ea2491e9b3, clickElement {id=f.5262CC022A44570486E549D345A2C34D.d.6B532B98353E2E274DE423AD8705B856.e.49}]
Capabilities {acceptInsecureCerts: false, browserName: chrome, browserVersion: 137.0.7151.120, chrome: {chromedriverVersion: 137.0.7151.119 (e0ac9d12dff..., userDataDir: C:\Users\dell\AppData\Local...}, fedcm:accounts: true, goog:chromeOptions: {debuggerAddress: localhost:50272}, networkConnectionEnabled: false, pageLoadStrategy: normal, platformName: windows, proxy: Proxy(), se:cdp: ws://localhost:50272/devtoo..., se:cdpVersion: 137.0.7151.120, setWindowRect: true, strictFileInteractability: false, timeouts: {implicit: 0, pageLoad: 300000, script: 30000}, unhandledPromptBehavior: dismiss and notify, webauthn:extension:credBlob: true, webauthn:extension:largeBlob: true, webauthn:extension:minPinLength: true, webauthn:extension:prf: true, webauthn:virtualAuthenticators: true}
Element: [[ChromeDriver: chrome on windows (c5b678be56a192504eaa77ea2491e9b3)] -> css selector: .auto-complete__option]
Session ID: c5b678be56a192504eaa77ea2491e9b3
	at java.base/jdk.internal.reflect.DirectConstructorHandleAccessor.newInstance(DirectConstructorHandleAccessor.java:62)
	at java.base/java.lang.reflect.Constructor.newInstanceWithCaller(Constructor.java:502)
	at java.base/java.lang.reflect.Constructor.newInstance(Constructor.java:486)
	at org.openqa.selenium.remote.ErrorCodec.decode(ErrorCodec.java:167)
	at org.openqa.selenium.remote.codec.w3c.W3CHttpResponseCodec.decode(W3CHttpResponseCodec.java:138)
	at org.openqa.selenium.remote.codec.w3c.W3CHttpResponseCodec.decode(W3CHttpResponseCodec.java:50)
	at org.openqa.selenium.remote.HttpCommandExecutor.execute(HttpCommandExecutor.java:215)
	at org.openqa.selenium.remote.service.DriverCommandExecutor.invokeExecute(DriverCommandExecutor.java:216)
	at org.openqa.selenium.remote.service.DriverCommandExecutor.execute(DriverCommandExecutor.java:174)
	at org.openqa.selenium.remote.RemoteWebDriver.execute(RemoteWebDriver.java:557)
	at org.openqa.selenium.remote.RemoteWebElement.execute(RemoteWebElement.java:223)
	at org.openqa.selenium.remote.RemoteWebElement.click(RemoteWebElement.java:76)
	at pages.WidgetsPage.selectColorSingle(WidgetsPage.java:431)
	... 33 more
]]></failure>
    <system-out><![CDATA[2025-09-08 13:09:45 [main] INFO  demoqaBase - Closing the Browser for test: AutoCompleteSearchRemove
2025-09-08 13:09:45 [main] INFO  DriverFactory - 🌐 Starting Chrome Web Browser...
2025-09-08 13:09:45 [main] INFO  DriverFactory - ✅ Created temporary Chrome profile at C:\Users\dell\AppData\Local\Temp\chrome-profile-13425757418864692655
2025-09-08 13:09:46 [main] INFO  DriverFactory - 🚀 WebDriver started successfully
2025-09-08 13:09:46 [main] INFO  RetryUrlAccess - Navigating to URL (attempt 1): https://demoqa.com
2025-09-08 13:10:02 [main] INFO  demoqaBase - 🚀 Starting test: AutoCompleteSingle
2025-09-08 13:10:02 [main] INFO  demoqaBase - 🧪 Starting Test Widgets|Auto Complete - Select & Remove Flow|Type single color name - Search & Select
2025-09-08 13:10:02 [main] INFO  demoqaBase - Accessing Widgets Card...
Declared Instance WebDriverWait: org.openqa.selenium.support.ui.WebDriverWait@593bd947
2025-09-08 13:10:02 [main] INFO  demoqaLog - Clicking on Widgets Card...
2025-09-08 13:10:02 [main] INFO  demoqaLog - ✅ JS click executed on element: {}
2025-09-08 13:10:02 [main] INFO  demoqaLog - Clicked on on Widgets Card...
Title of this Page is: DEMOQA
You are Accessing: Widgets
 
2025-09-08 13:10:02 [main] INFO  demoqaBase - Widgets: Please select an item from left to start practice.
2025-09-08 13:10:02 [main] INFO  demoqaBase - Clicking on Widgets|AutoComplete...
You are now Accessing: Auto Complete
2025-09-08 13:10:03 [main] INFO  demoqaBase - You are now Accessing: Auto Complete
2025-09-08 13:10:03 [main] INFO  demoqaBase - Clicking on Widgets | Auto Complete | Type single color name...
Searching Colors using: E
Expected Color to be selected is/are: Green
2025-09-08 13:10:03 [main] INFO  demoqaBase - You are now Accessing: Auto Complete
2025-09-08 13:10:03 [main] INFO  demoqaLog - ✅ JS click executed on element: {}
2025-09-08 13:10:03 [main] INFO  demoqaBase - Clicked on Search Box with Title: Type single color name
2025-09-08 13:10:05 [main] ERROR demoqaBase - ❌ Failed to select color 'Green': element click intercepted: Element <div class="auto-complete__option css-yt9ioa-option" id="react-select-3-option-2" tabindex="-1">...</div> is not clickable at point (566, 728). Other element would receive the click: <iframe frameborder="0" src="https://5a186045e694c0e32a88be57c21cf2bb.safeframe.googlesyndication.com/safeframe/1-0-45/html/container.html" id="google_ads_iframe_/21849154601,22343295815/Ad.Plus-Anchor_0" title="3rd party ad content" name="" scrolling="no" marginwidth="0" marginheight="0" width="728" height="90" data-is-safeframe="true" sandbox="allow-forms allow-popups allow-popups-to-escape-sandbox allow-same-origin allow-scripts allow-top-navigation-by-user-activation" allow="private-state-token-redemption;attribution-reporting" aria-label="Advertisement" tabindex="0" data-google-container-id="1" style="border: 0px; vertical-align: bottom;" data-load-complete="true"></iframe>
  (Session info: chrome=137.0.7151.120)
Build info: version: '4.35.0', revision: '1c58e5028b'
System info: os.name: 'Windows 11', os.arch: 'amd64', os.version: '10.0', java.version: '21.0.7'
Driver info: org.openqa.selenium.chrome.ChromeDriver
Command: [c5b678be56a192504eaa77ea2491e9b3, clickElement {id=f.5262CC022A44570486E549D345A2C34D.d.6B532B98353E2E274DE423AD8705B856.e.49}]
Capabilities {acceptInsecureCerts: false, browserName: chrome, browserVersion: 137.0.7151.120, chrome: {chromedriverVersion: 137.0.7151.119 (e0ac9d12dff..., userDataDir: C:\Users\dell\AppData\Local...}, fedcm:accounts: true, goog:chromeOptions: {debuggerAddress: localhost:50272}, networkConnectionEnabled: false, pageLoadStrategy: normal, platformName: windows, proxy: Proxy(), se:cdp: ws://localhost:50272/devtoo..., se:cdpVersion: 137.0.7151.120, setWindowRect: true, strictFileInteractability: false, timeouts: {implicit: 0, pageLoad: 300000, script: 30000}, unhandledPromptBehavior: dismiss and notify, webauthn:extension:credBlob: true, webauthn:extension:largeBlob: true, webauthn:extension:minPinLength: true, webauthn:extension:prf: true, webauthn:virtualAuthenticators: true}
Element: [[ChromeDriver: chrome on windows (c5b678be56a192504eaa77ea2491e9b3)] -> css selector: .auto-complete__option]
Session ID: c5b678be56a192504eaa77ea2491e9b3
org.openqa.selenium.ElementClickInterceptedException: element click intercepted: Element <div class="auto-complete__option css-yt9ioa-option" id="react-select-3-option-2" tabindex="-1">...</div> is not clickable at point (566, 728). Other element would receive the click: <iframe frameborder="0" src="https://5a186045e694c0e32a88be57c21cf2bb.safeframe.googlesyndication.com/safeframe/1-0-45/html/container.html" id="google_ads_iframe_/21849154601,22343295815/Ad.Plus-Anchor_0" title="3rd party ad content" name="" scrolling="no" marginwidth="0" marginheight="0" width="728" height="90" data-is-safeframe="true" sandbox="allow-forms allow-popups allow-popups-to-escape-sandbox allow-same-origin allow-scripts allow-top-navigation-by-user-activation" allow="private-state-token-redemption;attribution-reporting" aria-label="Advertisement" tabindex="0" data-google-container-id="1" style="border: 0px; vertical-align: bottom;" data-load-complete="true"></iframe>
  (Session info: chrome=137.0.7151.120)
Build info: version: '4.35.0', revision: '1c58e5028b'
System info: os.name: 'Windows 11', os.arch: 'amd64', os.version: '10.0', java.version: '21.0.7'
Driver info: org.openqa.selenium.chrome.ChromeDriver
Command: [c5b678be56a192504eaa77ea2491e9b3, clickElement {id=f.5262CC022A44570486E549D345A2C34D.d.6B532B98353E2E274DE423AD8705B856.e.49}]
Capabilities {acceptInsecureCerts: false, browserName: chrome, browserVersion: 137.0.7151.120, chrome: {chromedriverVersion: 137.0.7151.119 (e0ac9d12dff..., userDataDir: C:\Users\dell\AppData\Local...}, fedcm:accounts: true, goog:chromeOptions: {debuggerAddress: localhost:50272}, networkConnectionEnabled: false, pageLoadStrategy: normal, platformName: windows, proxy: Proxy(), se:cdp: ws://localhost:50272/devtoo..., se:cdpVersion: 137.0.7151.120, setWindowRect: true, strictFileInteractability: false, timeouts: {implicit: 0, pageLoad: 300000, script: 30000}, unhandledPromptBehavior: dismiss and notify, webauthn:extension:credBlob: true, webauthn:extension:largeBlob: true, webauthn:extension:minPinLength: true, webauthn:extension:prf: true, webauthn:virtualAuthenticators: true}
Element: [[ChromeDriver: chrome on windows (c5b678be56a192504eaa77ea2491e9b3)] -> css selector: .auto-complete__option]
Session ID: c5b678be56a192504eaa77ea2491e9b3
	at java.base/jdk.internal.reflect.DirectConstructorHandleAccessor.newInstance(DirectConstructorHandleAccessor.java:62) ~[?:?]
	at java.base/java.lang.reflect.Constructor.newInstanceWithCaller(Constructor.java:502) ~[?:?]
	at java.base/java.lang.reflect.Constructor.newInstance(Constructor.java:486) ~[?:?]
	at org.openqa.selenium.remote.ErrorCodec.decode(ErrorCodec.java:167) ~[selenium-remote-driver-4.35.0.jar:?]
	at org.openqa.selenium.remote.codec.w3c.W3CHttpResponseCodec.decode(W3CHttpResponseCodec.java:138) ~[selenium-remote-driver-4.35.0.jar:?]
	at org.openqa.selenium.remote.codec.w3c.W3CHttpResponseCodec.decode(W3CHttpResponseCodec.java:50) ~[selenium-remote-driver-4.35.0.jar:?]
	at org.openqa.selenium.remote.HttpCommandExecutor.execute(HttpCommandExecutor.java:215) ~[selenium-remote-driver-4.35.0.jar:?]
	at org.openqa.selenium.remote.service.DriverCommandExecutor.invokeExecute(DriverCommandExecutor.java:216) ~[selenium-remote-driver-4.35.0.jar:?]
	at org.openqa.selenium.remote.service.DriverCommandExecutor.execute(DriverCommandExecutor.java:174) ~[selenium-remote-driver-4.35.0.jar:?]
	at org.openqa.selenium.remote.RemoteWebDriver.execute(RemoteWebDriver.java:557) ~[selenium-remote-driver-4.35.0.jar:?]
	at org.openqa.selenium.remote.RemoteWebElement.execute(RemoteWebElement.java:223) ~[selenium-remote-driver-4.35.0.jar:?]
	at org.openqa.selenium.remote.RemoteWebElement.click(RemoteWebElement.java:76) ~[selenium-remote-driver-4.35.0.jar:?]
	at pages.WidgetsPage.selectColorSingle(WidgetsPage.java:431) ~[classes/:?]
	at pages.WidgetsPage.singleSearchAdd(WidgetsPage.java:411) ~[classes/:?]
	at tests.WidgetsTests.AutoCompleteSingle(WidgetsTests.java:168) ~[test-classes/:?]
	at java.base/jdk.internal.reflect.DirectMethodHandleAccessor.invoke(DirectMethodHandleAccessor.java:103) ~[?:?]
	at java.base/java.lang.reflect.Method.invoke(Method.java:580) ~[?:?]
	at org.testng.internal.invokers.MethodInvocationHelper.invokeMethod(MethodInvocationHelper.java:141) ~[testng-7.11.0.jar:7.11.0]
	at org.testng.internal.invokers.TestInvoker.invokeMethod(TestInvoker.java:687) ~[testng-7.11.0.jar:7.11.0]
	at org.testng.internal.invokers.TestInvoker.invokeTestMethod(TestInvoker.java:230) ~[testng-7.11.0.jar:7.11.0]
	at org.testng.internal.invokers.MethodRunner.runInSequence(MethodRunner.java:63) ~[testng-7.11.0.jar:7.11.0]
	at org.testng.internal.invokers.TestInvoker$MethodInvocationAgent.invoke(TestInvoker.java:995) ~[testng-7.11.0.jar:7.11.0]
	at org.testng.internal.invokers.TestInvoker.invokeTestMethods(TestInvoker.java:203) ~[testng-7.11.0.jar:7.11.0]
	at org.testng.internal.invokers.TestMethodWorker.invokeTestMethods(TestMethodWorker.java:154) ~[testng-7.11.0.jar:7.11.0]
	at org.testng.internal.invokers.TestMethodWorker.run(TestMethodWorker.java:134) ~[testng-7.11.0.jar:7.11.0]
	at java.base/java.util.ArrayList.forEach(ArrayList.java:1596) [?:?]
	at org.testng.TestRunner.privateRun(TestRunner.java:741) [testng-7.11.0.jar:7.11.0]
	at org.testng.TestRunner.run(TestRunner.java:616) [testng-7.11.0.jar:7.11.0]
	at org.testng.SuiteRunner.runTest(SuiteRunner.java:421) [testng-7.11.0.jar:7.11.0]
	at org.testng.SuiteRunner.runSequentially(SuiteRunner.java:413) [testng-7.11.0.jar:7.11.0]
	at org.testng.SuiteRunner.privateRun(SuiteRunner.java:373) [testng-7.11.0.jar:7.11.0]
	at org.testng.SuiteRunner.run(SuiteRunner.java:312) [testng-7.11.0.jar:7.11.0]
	at org.testng.SuiteRunnerWorker.runSuite(SuiteRunnerWorker.java:52) [testng-7.11.0.jar:7.11.0]
	at org.testng.SuiteRunnerWorker.run(SuiteRunnerWorker.java:95) [testng-7.11.0.jar:7.11.0]
	at org.testng.TestNG.runSuitesSequentially(TestNG.java:1274) [testng-7.11.0.jar:7.11.0]
	at org.testng.TestNG.runSuitesLocally(TestNG.java:1208) [testng-7.11.0.jar:7.11.0]
	at org.testng.TestNG.runSuites(TestNG.java:1112) [testng-7.11.0.jar:7.11.0]
	at org.testng.TestNG.run(TestNG.java:1079) [testng-7.11.0.jar:7.11.0]
	at org.apache.maven.surefire.testng.TestNGExecutor.run(TestNGExecutor.java:155) [surefire-testng-3.2.5.jar:3.2.5]
	at org.apache.maven.surefire.testng.TestNGDirectoryTestSuite.executeMulti(TestNGDirectoryTestSuite.java:169) [surefire-testng-3.2.5.jar:3.2.5]
	at org.apache.maven.surefire.testng.TestNGDirectoryTestSuite.execute(TestNGDirectoryTestSuite.java:88) [surefire-testng-3.2.5.jar:3.2.5]
	at org.apache.maven.surefire.testng.TestNGProvider.invoke(TestNGProvider.java:137) [surefire-testng-3.2.5.jar:3.2.5]
	at org.apache.maven.surefire.booter.ForkedBooter.runSuitesInProcess(ForkedBooter.java:385) [surefire-booter-3.2.5.jar:3.2.5]
	at org.apache.maven.surefire.booter.ForkedBooter.execute(ForkedBooter.java:162) [surefire-booter-3.2.5.jar:3.2.5]
	at org.apache.maven.surefire.booter.ForkedBooter.run(ForkedBooter.java:507) [surefire-booter-3.2.5.jar:3.2.5]
	at org.apache.maven.surefire.booter.ForkedBooter.main(ForkedBooter.java:495) [surefire-booter-3.2.5.jar:3.2.5]
]]></system-out>
  </testcase>
  <testcase name="SingleAddRemove[E, Green](1)" classname="tests.WidgetsTests" time="1.721">
    <system-out><![CDATA[Path for Screenshot is: C:\ASN\eclipse_workspace\demoqa-automation/screenshots/AutoCompleteSingle_Failed+2025-09-08_13-10-05.png
2025-09-08 13:10:05 [main] ERROR demoqaBase - ❌ Test AutoCompleteSingle failed. Screenshot captured.
2025-09-08 13:10:05 [main] INFO  demoqaBase - Closing the Browser for test: AutoCompleteSingle
2025-09-08 13:10:05 [main] INFO  DriverFactory - 🌐 Starting Chrome Web Browser...
2025-09-08 13:10:05 [main] INFO  DriverFactory - ✅ Created temporary Chrome profile at C:\Users\dell\AppData\Local\Temp\chrome-profile-16240662828516350446
2025-09-08 13:10:06 [main] INFO  DriverFactory - 🚀 WebDriver started successfully
2025-09-08 13:10:06 [main] INFO  RetryUrlAccess - Navigating to URL (attempt 1): https://demoqa.com
2025-09-08 13:10:25 [main] INFO  demoqaBase - 🚀 Starting test: SingleAddRemove
2025-09-08 13:10:25 [main] INFO  demoqaBase - 🧪 Test Widgets|Auto Complete - Select & Remove Flow|Type single color name - Remove Selection
2025-09-08 13:10:25 [main] INFO  demoqaBase - Accessing Widgets Card...
Declared Instance WebDriverWait: org.openqa.selenium.support.ui.WebDriverWait@fe03958
2025-09-08 13:10:25 [main] INFO  demoqaLog - Clicking on Widgets Card...
2025-09-08 13:10:25 [main] INFO  demoqaLog - ✅ JS click executed on element: {}
2025-09-08 13:10:25 [main] INFO  demoqaLog - Clicked on on Widgets Card...
Title of this Page is: DEMOQA
You are Accessing: Widgets
 
2025-09-08 13:10:25 [main] INFO  demoqaBase - Widgets: Please select an item from left to start practice.
2025-09-08 13:10:25 [main] INFO  demoqaBase - Clicking on Widgets|AutoComplete...
You are now Accessing: Auto Complete
2025-09-08 13:10:25 [main] INFO  demoqaBase - You are now Accessing: Auto Complete
2025-09-08 13:10:25 [main] INFO  demoqaBase - Clicking on Widgets | Auto Complete | Type single color name...
Searching Colors using: E
Expected Color to be selected is/are: Green
2025-09-08 13:10:25 [main] INFO  demoqaBase - You are now Accessing: Auto Complete
2025-09-08 13:10:25 [main] INFO  demoqaLog - ✅ JS click executed on element: {}
2025-09-08 13:10:25 [main] INFO  demoqaBase - Clicked on Search Box with Title: Type single color name
2025-09-08 13:10:26 [main] INFO  demoqaBase - ✅ Selected color 'Green'
2025-09-08 13:10:26 [main] INFO  demoqaBase - Asserted Selected Color is: Green
2025-09-08 13:10:26 [main] INFO  demoqaBase - 🔍 Checking selected color. Current value: 'Green'
2025-09-08 13:10:26 [main] INFO  demoqaBase - ✅ Native click succeeded on 'AutoCompleteSingle'
2025-09-08 13:10:26 [main] INFO  demoqaBase - ✅ Cleared color input for 'Green'
2025-09-08 13:10:26 [main] INFO  demoqaBase - ✅ Test Widgets|Auto Complete - Select & Remove Flow|Type single color name - Remove Selection Completed
]]></system-out>
  </testcase>
</testsuite>