<?xml version="1.0" encoding="UTF-8"?>
<testsuite xmlns:xsi="http://www.w3.org/2001/XMLSchema-instance" xsi:noNamespaceSchemaLocation="https://maven.apache.org/surefire/maven-surefire-plugin/xsd/surefire-test-report-3.0.xsd" version="3.0" name="TestSuite" time="1897.574" tests="137" errors="0" skipped="20" failures="7">
  <properties>
    <property name="java.specification.version" value="21"/>
    <property name="sun.cpu.isalist" value="amd64"/>
    <property name="sun.jnu.encoding" value="Cp1252"/>
    <property name="java.class.path" value="C:\ASN\eclipse_workspace\demoqa-automation\target\test-classes;C:\ASN\eclipse_workspace\demoqa-automation\target\classes;C:\Users\dell\.m2\repository\org\seleniumhq\selenium\selenium-java\4.35.0\selenium-java-4.35.0.jar;C:\Users\dell\.m2\repository\org\seleniumhq\selenium\selenium-api\4.35.0\selenium-api-4.35.0.jar;C:\Users\dell\.m2\repository\org\jspecify\jspecify\1.0.0\jspecify-1.0.0.jar;C:\Users\dell\.m2\repository\org\seleniumhq\selenium\selenium-chrome-driver\4.35.0\selenium-chrome-driver-4.35.0.jar;C:\Users\dell\.m2\repository\com\google\auto\service\auto-service-annotations\1.1.1\auto-service-annotations-1.1.1.jar;C:\Users\dell\.m2\repository\org\seleniumhq\selenium\selenium-chromium-driver\4.35.0\selenium-chromium-driver-4.35.0.jar;C:\Users\dell\.m2\repository\org\seleniumhq\selenium\selenium-devtools-v137\4.35.0\selenium-devtools-v137-4.35.0.jar;C:\Users\dell\.m2\repository\org\seleniumhq\selenium\selenium-devtools-v138\4.35.0\selenium-devtools-v138-4.35.0.jar;C:\Users\dell\.m2\repository\org\seleniumhq\selenium\selenium-devtools-v139\4.35.0\selenium-devtools-v139-4.35.0.jar;C:\Users\dell\.m2\repository\org\seleniumhq\selenium\selenium-edge-driver\4.35.0\selenium-edge-driver-4.35.0.jar;C:\Users\dell\.m2\repository\org\seleniumhq\selenium\selenium-firefox-driver\4.35.0\selenium-firefox-driver-4.35.0.jar;C:\Users\dell\.m2\repository\org\seleniumhq\selenium\selenium-http\4.35.0\selenium-http-4.35.0.jar;C:\Users\dell\.m2\repository\org\seleniumhq\selenium\selenium-ie-driver\4.35.0\selenium-ie-driver-4.35.0.jar;C:\Users\dell\.m2\repository\org\seleniumhq\selenium\selenium-remote-driver\4.35.0\selenium-remote-driver-4.35.0.jar;C:\Users\dell\.m2\repository\com\google\guava\guava\33.4.8-jre\guava-33.4.8-jre.jar;C:\Users\dell\.m2\repository\com\google\guava\failureaccess\1.0.3\failureaccess-1.0.3.jar;C:\Users\dell\.m2\repository\com\google\guava\listenablefuture\9999.0-empty-to-avoid-conflict-with-guava\listenablefuture-9999.0-empty-to-avoid-conflict-with-guava.jar;C:\Users\dell\.m2\repository\com\google\errorprone\error_prone_annotations\2.36.0\error_prone_annotations-2.36.0.jar;C:\Users\dell\.m2\repository\com\google\j2objc\j2objc-annotations\3.0.0\j2objc-annotations-3.0.0.jar;C:\Users\dell\.m2\repository\io\opentelemetry\opentelemetry-api\1.53.0\opentelemetry-api-1.53.0.jar;C:\Users\dell\.m2\repository\io\opentelemetry\opentelemetry-context\1.53.0\opentelemetry-context-1.53.0.jar;C:\Users\dell\.m2\repository\io\opentelemetry\opentelemetry-common\1.53.0\opentelemetry-common-1.53.0.jar;C:\Users\dell\.m2\repository\io\opentelemetry\opentelemetry-exporter-logging\1.53.0\opentelemetry-exporter-logging-1.53.0.jar;C:\Users\dell\.m2\repository\io\opentelemetry\opentelemetry-sdk-common\1.53.0\opentelemetry-sdk-common-1.53.0.jar;C:\Users\dell\.m2\repository\io\opentelemetry\opentelemetry-sdk-extension-autoconfigure-spi\1.53.0\opentelemetry-sdk-extension-autoconfigure-spi-1.53.0.jar;C:\Users\dell\.m2\repository\io\opentelemetry\opentelemetry-sdk-extension-autoconfigure\1.53.0\opentelemetry-sdk-extension-autoconfigure-1.53.0.jar;C:\Users\dell\.m2\repository\io\opentelemetry\opentelemetry-sdk-trace\1.53.0\opentelemetry-sdk-trace-1.53.0.jar;C:\Users\dell\.m2\repository\io\opentelemetry\opentelemetry-sdk\1.53.0\opentelemetry-sdk-1.53.0.jar;C:\Users\dell\.m2\repository\io\opentelemetry\opentelemetry-sdk-metrics\1.53.0\opentelemetry-sdk-metrics-1.53.0.jar;C:\Users\dell\.m2\repository\io\opentelemetry\opentelemetry-sdk-logs\1.53.0\opentelemetry-sdk-logs-1.53.0.jar;C:\Users\dell\.m2\repository\net\bytebuddy\byte-buddy\1.17.6\byte-buddy-1.17.6.jar;C:\Users\dell\.m2\repository\org\seleniumhq\selenium\selenium-safari-driver\4.35.0\selenium-safari-driver-4.35.0.jar;C:\Users\dell\.m2\repository\org\seleniumhq\selenium\selenium-support\4.35.0\selenium-support-4.35.0.jar;C:\Users\dell\.m2\repository\org\seleniumhq\selenium\selenium-manager\4.35.0\selenium-manager-4.35.0.jar;C:\Users\dell\.m2\repository\org\seleniumhq\selenium\selenium-json\4.35.0\selenium-json-4.35.0.jar;C:\Users\dell\.m2\repository\org\seleniumhq\selenium\selenium-os\4.35.0\selenium-os-4.35.0.jar;C:\Users\dell\.m2\repository\org\apache\commons\commons-exec\1.5.0\commons-exec-1.5.0.jar;C:\Users\dell\.m2\repository\org\testng\testng\7.11.0\testng-7.11.0.jar;C:\Users\dell\.m2\repository\org\slf4j\slf4j-api\2.0.16\slf4j-api-2.0.16.jar;C:\Users\dell\.m2\repository\org\jcommander\jcommander\1.83\jcommander-1.83.jar;C:\Users\dell\.m2\repository\org\webjars\jquery\3.7.1\jquery-3.7.1.jar;C:\Users\dell\.m2\repository\org\apache\logging\log4j\log4j-core\2.24.3\log4j-core-2.24.3.jar;C:\Users\dell\.m2\repository\org\apache\logging\log4j\log4j-api\2.24.3\log4j-api-2.24.3.jar;C:\Users\dell\.m2\repository\com\aventstack\extentreports\5.0.9\extentreports-5.0.9.jar;C:\Users\dell\.m2\repository\io\reactivex\rxjava3\rxjava\3.0.4\rxjava-3.0.4.jar;C:\Users\dell\.m2\repository\org\reactivestreams\reactive-streams\1.0.3\reactive-streams-1.0.3.jar;C:\Users\dell\.m2\repository\org\freemarker\freemarker\2.3.30\freemarker-2.3.30.jar;C:\Users\dell\.m2\repository\com\google\code\gson\gson\2.8.6\gson-2.8.6.jar;C:\Users\dell\.m2\repository\commons-io\commons-io\2.19.0\commons-io-2.19.0.jar;C:\Users\dell\.m2\repository\org\apache\poi\poi-ooxml\5.4.1\poi-ooxml-5.4.1.jar;C:\Users\dell\.m2\repository\org\apache\poi\poi\5.4.1\poi-5.4.1.jar;C:\Users\dell\.m2\repository\commons-codec\commons-codec\1.18.0\commons-codec-1.18.0.jar;C:\Users\dell\.m2\repository\org\apache\commons\commons-math3\3.6.1\commons-math3-3.6.1.jar;C:\Users\dell\.m2\repository\com\zaxxer\SparseBitSet\1.3\SparseBitSet-1.3.jar;C:\Users\dell\.m2\repository\org\apache\poi\poi-ooxml-lite\5.4.1\poi-ooxml-lite-5.4.1.jar;C:\Users\dell\.m2\repository\org\apache\xmlbeans\xmlbeans\5.3.0\xmlbeans-5.3.0.jar;C:\Users\dell\.m2\repository\org\apache\commons\commons-compress\1.27.1\commons-compress-1.27.1.jar;C:\Users\dell\.m2\repository\org\apache\commons\commons-lang3\3.16.0\commons-lang3-3.16.0.jar;C:\Users\dell\.m2\repository\com\github\virtuald\curvesapi\1.08\curvesapi-1.08.jar;C:\Users\dell\.m2\repository\org\apache\commons\commons-collections4\4.4\commons-collections4-4.4.jar;C:\Users\dell\.m2\repository\com\sun\mail\jakarta.mail\2.0.1\jakarta.mail-2.0.1.jar;C:\Users\dell\.m2\repository\com\sun\activation\jakarta.activation\2.0.1\jakarta.activation-2.0.1.jar;C:\Users\dell\.m2\repository\org\projectlombok\lombok\1.18.30\lombok-1.18.30.jar;"/>
    <property name="java.vm.vendor" value="Oracle Corporation"/>
    <property name="sun.arch.data.model" value="64"/>
    <property name="user.variant" value=""/>
    <property name="java.vendor.url" value="https://java.oracle.com/"/>
    <property name="user.timezone" value="Asia/Calcutta"/>
    <property name="os.name" value="Windows 11"/>
    <property name="java.vm.specification.version" value="21"/>
    <property name="sun.java.launcher" value="SUN_STANDARD"/>
    <property name="user.country" value="IN"/>
    <property name="sun.boot.library.path" value="C:\Program Files\Java\jdk-21\bin"/>
    <property name="sun.java.command" value="C:\Users\dell\AppData\Local\Temp\surefire2218629361776091000\surefirebooter-20250904174424887_3.jar C:\Users\dell\AppData\Local\Temp\surefire2218629361776091000 2025-09-04T17-44-24_740-jvmRun1 surefire-20250904174424887_1tmp surefire_0-20250904174424887_2tmp"/>
    <property name="jdk.debug" value="release"/>
    <property name="surefire.test.class.path" value="C:\ASN\eclipse_workspace\demoqa-automation\target\test-classes;C:\ASN\eclipse_workspace\demoqa-automation\target\classes;C:\Users\dell\.m2\repository\org\seleniumhq\selenium\selenium-java\4.35.0\selenium-java-4.35.0.jar;C:\Users\dell\.m2\repository\org\seleniumhq\selenium\selenium-api\4.35.0\selenium-api-4.35.0.jar;C:\Users\dell\.m2\repository\org\jspecify\jspecify\1.0.0\jspecify-1.0.0.jar;C:\Users\dell\.m2\repository\org\seleniumhq\selenium\selenium-chrome-driver\4.35.0\selenium-chrome-driver-4.35.0.jar;C:\Users\dell\.m2\repository\com\google\auto\service\auto-service-annotations\1.1.1\auto-service-annotations-1.1.1.jar;C:\Users\dell\.m2\repository\org\seleniumhq\selenium\selenium-chromium-driver\4.35.0\selenium-chromium-driver-4.35.0.jar;C:\Users\dell\.m2\repository\org\seleniumhq\selenium\selenium-devtools-v137\4.35.0\selenium-devtools-v137-4.35.0.jar;C:\Users\dell\.m2\repository\org\seleniumhq\selenium\selenium-devtools-v138\4.35.0\selenium-devtools-v138-4.35.0.jar;C:\Users\dell\.m2\repository\org\seleniumhq\selenium\selenium-devtools-v139\4.35.0\selenium-devtools-v139-4.35.0.jar;C:\Users\dell\.m2\repository\org\seleniumhq\selenium\selenium-edge-driver\4.35.0\selenium-edge-driver-4.35.0.jar;C:\Users\dell\.m2\repository\org\seleniumhq\selenium\selenium-firefox-driver\4.35.0\selenium-firefox-driver-4.35.0.jar;C:\Users\dell\.m2\repository\org\seleniumhq\selenium\selenium-http\4.35.0\selenium-http-4.35.0.jar;C:\Users\dell\.m2\repository\org\seleniumhq\selenium\selenium-ie-driver\4.35.0\selenium-ie-driver-4.35.0.jar;C:\Users\dell\.m2\repository\org\seleniumhq\selenium\selenium-remote-driver\4.35.0\selenium-remote-driver-4.35.0.jar;C:\Users\dell\.m2\repository\com\google\guava\guava\33.4.8-jre\guava-33.4.8-jre.jar;C:\Users\dell\.m2\repository\com\google\guava\failureaccess\1.0.3\failureaccess-1.0.3.jar;C:\Users\dell\.m2\repository\com\google\guava\listenablefuture\9999.0-empty-to-avoid-conflict-with-guava\listenablefuture-9999.0-empty-to-avoid-conflict-with-guava.jar;C:\Users\dell\.m2\repository\com\google\errorprone\error_prone_annotations\2.36.0\error_prone_annotations-2.36.0.jar;C:\Users\dell\.m2\repository\com\google\j2objc\j2objc-annotations\3.0.0\j2objc-annotations-3.0.0.jar;C:\Users\dell\.m2\repository\io\opentelemetry\opentelemetry-api\1.53.0\opentelemetry-api-1.53.0.jar;C:\Users\dell\.m2\repository\io\opentelemetry\opentelemetry-context\1.53.0\opentelemetry-context-1.53.0.jar;C:\Users\dell\.m2\repository\io\opentelemetry\opentelemetry-common\1.53.0\opentelemetry-common-1.53.0.jar;C:\Users\dell\.m2\repository\io\opentelemetry\opentelemetry-exporter-logging\1.53.0\opentelemetry-exporter-logging-1.53.0.jar;C:\Users\dell\.m2\repository\io\opentelemetry\opentelemetry-sdk-common\1.53.0\opentelemetry-sdk-common-1.53.0.jar;C:\Users\dell\.m2\repository\io\opentelemetry\opentelemetry-sdk-extension-autoconfigure-spi\1.53.0\opentelemetry-sdk-extension-autoconfigure-spi-1.53.0.jar;C:\Users\dell\.m2\repository\io\opentelemetry\opentelemetry-sdk-extension-autoconfigure\1.53.0\opentelemetry-sdk-extension-autoconfigure-1.53.0.jar;C:\Users\dell\.m2\repository\io\opentelemetry\opentelemetry-sdk-trace\1.53.0\opentelemetry-sdk-trace-1.53.0.jar;C:\Users\dell\.m2\repository\io\opentelemetry\opentelemetry-sdk\1.53.0\opentelemetry-sdk-1.53.0.jar;C:\Users\dell\.m2\repository\io\opentelemetry\opentelemetry-sdk-metrics\1.53.0\opentelemetry-sdk-metrics-1.53.0.jar;C:\Users\dell\.m2\repository\io\opentelemetry\opentelemetry-sdk-logs\1.53.0\opentelemetry-sdk-logs-1.53.0.jar;C:\Users\dell\.m2\repository\net\bytebuddy\byte-buddy\1.17.6\byte-buddy-1.17.6.jar;C:\Users\dell\.m2\repository\org\seleniumhq\selenium\selenium-safari-driver\4.35.0\selenium-safari-driver-4.35.0.jar;C:\Users\dell\.m2\repository\org\seleniumhq\selenium\selenium-support\4.35.0\selenium-support-4.35.0.jar;C:\Users\dell\.m2\repository\org\seleniumhq\selenium\selenium-manager\4.35.0\selenium-manager-4.35.0.jar;C:\Users\dell\.m2\repository\org\seleniumhq\selenium\selenium-json\4.35.0\selenium-json-4.35.0.jar;C:\Users\dell\.m2\repository\org\seleniumhq\selenium\selenium-os\4.35.0\selenium-os-4.35.0.jar;C:\Users\dell\.m2\repository\org\apache\commons\commons-exec\1.5.0\commons-exec-1.5.0.jar;C:\Users\dell\.m2\repository\org\testng\testng\7.11.0\testng-7.11.0.jar;C:\Users\dell\.m2\repository\org\slf4j\slf4j-api\2.0.16\slf4j-api-2.0.16.jar;C:\Users\dell\.m2\repository\org\jcommander\jcommander\1.83\jcommander-1.83.jar;C:\Users\dell\.m2\repository\org\webjars\jquery\3.7.1\jquery-3.7.1.jar;C:\Users\dell\.m2\repository\org\apache\logging\log4j\log4j-core\2.24.3\log4j-core-2.24.3.jar;C:\Users\dell\.m2\repository\org\apache\logging\log4j\log4j-api\2.24.3\log4j-api-2.24.3.jar;C:\Users\dell\.m2\repository\com\aventstack\extentreports\5.0.9\extentreports-5.0.9.jar;C:\Users\dell\.m2\repository\io\reactivex\rxjava3\rxjava\3.0.4\rxjava-3.0.4.jar;C:\Users\dell\.m2\repository\org\reactivestreams\reactive-streams\1.0.3\reactive-streams-1.0.3.jar;C:\Users\dell\.m2\repository\org\freemarker\freemarker\2.3.30\freemarker-2.3.30.jar;C:\Users\dell\.m2\repository\com\google\code\gson\gson\2.8.6\gson-2.8.6.jar;C:\Users\dell\.m2\repository\commons-io\commons-io\2.19.0\commons-io-2.19.0.jar;C:\Users\dell\.m2\repository\org\apache\poi\poi-ooxml\5.4.1\poi-ooxml-5.4.1.jar;C:\Users\dell\.m2\repository\org\apache\poi\poi\5.4.1\poi-5.4.1.jar;C:\Users\dell\.m2\repository\commons-codec\commons-codec\1.18.0\commons-codec-1.18.0.jar;C:\Users\dell\.m2\repository\org\apache\commons\commons-math3\3.6.1\commons-math3-3.6.1.jar;C:\Users\dell\.m2\repository\com\zaxxer\SparseBitSet\1.3\SparseBitSet-1.3.jar;C:\Users\dell\.m2\repository\org\apache\poi\poi-ooxml-lite\5.4.1\poi-ooxml-lite-5.4.1.jar;C:\Users\dell\.m2\repository\org\apache\xmlbeans\xmlbeans\5.3.0\xmlbeans-5.3.0.jar;C:\Users\dell\.m2\repository\org\apache\commons\commons-compress\1.27.1\commons-compress-1.27.1.jar;C:\Users\dell\.m2\repository\org\apache\commons\commons-lang3\3.16.0\commons-lang3-3.16.0.jar;C:\Users\dell\.m2\repository\com\github\virtuald\curvesapi\1.08\curvesapi-1.08.jar;C:\Users\dell\.m2\repository\org\apache\commons\commons-collections4\4.4\commons-collections4-4.4.jar;C:\Users\dell\.m2\repository\com\sun\mail\jakarta.mail\2.0.1\jakarta.mail-2.0.1.jar;C:\Users\dell\.m2\repository\com\sun\activation\jakarta.activation\2.0.1\jakarta.activation-2.0.1.jar;C:\Users\dell\.m2\repository\org\projectlombok\lombok\1.18.30\lombok-1.18.30.jar;"/>
    <property name="sun.cpu.endian" value="little"/>
    <property name="user.home" value="C:\Users\dell"/>
    <property name="user.language" value="en"/>
    <property name="java.specification.vendor" value="Oracle Corporation"/>
    <property name="java.version.date" value="2025-04-15"/>
    <property name="java.home" value="C:\Program Files\Java\jdk-21"/>
    <property name="file.separator" value="\"/>
    <property name="basedir" value="C:\ASN\eclipse_workspace\demoqa-automation"/>
    <property name="java.vm.compressedOopsMode" value="32-bit"/>
    <property name="line.separator" value="&#10;"/>
    <property name="java.vm.specification.vendor" value="Oracle Corporation"/>
    <property name="java.specification.name" value="Java Platform API Specification"/>
    <property name="surefire.real.class.path" value="C:\Users\dell\AppData\Local\Temp\surefire2218629361776091000\surefirebooter-20250904174424887_3.jar"/>
    <property name="user.script" value=""/>
    <property name="sun.management.compiler" value="HotSpot 64-Bit Tiered Compilers"/>
    <property name="java.runtime.version" value="21.0.7+8-LTS-245"/>
    <property name="user.name" value="dell"/>
    <property name="stdout.encoding" value="Cp1252"/>
    <property name="path.separator" value=";"/>
    <property name="os.version" value="10.0"/>
    <property name="java.runtime.name" value="Java(TM) SE Runtime Environment"/>
    <property name="file.encoding" value="UTF-8"/>
    <property name="java.vm.name" value="Java HotSpot(TM) 64-Bit Server VM"/>
    <property name="localRepository" value="C:\Users\dell\.m2\repository"/>
    <property name="java.vendor.url.bug" value="https://bugreport.java.com/bugreport/"/>
    <property name="java.io.tmpdir" value="C:\Users\dell\AppData\Local\Temp\"/>
    <property name="java.version" value="21.0.7"/>
    <property name="user.dir" value="C:\ASN\eclipse_workspace\demoqa-automation"/>
    <property name="os.arch" value="amd64"/>
    <property name="java.vm.specification.name" value="Java Virtual Machine Specification"/>
    <property name="sun.os.patch.level" value=""/>
    <property name="native.encoding" value="Cp1252"/>
    <property name="java.library.path" value="C:\Program Files\Java\jdk-21\bin;C:\WINDOWS\Sun\Java\bin;C:\WINDOWS\system32;C:\WINDOWS;C:\Program Files\Python313\Scripts\;C:\Program Files\Python313\;C:\Program Files\Common Files\Oracle\Java\javapath;C:\WINDOWS\system32;C:\WINDOWS;C:\WINDOWS\System32\Wbem;C:\WINDOWS\System32\WindowsPowerShell\v1.0\;C:\WINDOWS\System32\OpenSSH\;C:\Program Files\dotnet\;C:\Program Files\Java\jdk-17\bin;C:\ProgramData\Oracle\Java\javapath;C:\Program Files\PowerShell\7\;C:\Program Files\Java\jdk-21\bin;C:\ASN\apache-maven-3.9.9\bin;C:\Program Files\Git\cmd;C:\Users\dell\AppData\Local\Programs\Python\Python313\Scripts\;C:\Users\dell\AppData\Local\Programs\Python\Python313\;C:\Users\dell\AppData\Local\Programs\Python\Python310\Scripts\;C:\Users\dell\AppData\Local\Programs\Python\Python310\;C:\Users\dell\AppData\Local\Microsoft\WindowsApps;C:\Program Files\JetBrains\PyCharm Community Edition 2022.1.1\bin;;C:\Users\dell\AppData\Local\GitHubDesktop\bin;C:\Users\dell\AppData\Local\Programs\Microsoft VS Code\bin;C:\Users\dell\.dotnet\tools;."/>
    <property name="java.vm.info" value="mixed mode, sharing"/>
    <property name="stderr.encoding" value="Cp1252"/>
    <property name="java.vendor" value="Oracle Corporation"/>
    <property name="java.vm.version" value="21.0.7+8-LTS-245"/>
    <property name="sun.io.unicode.encoding" value="UnicodeLittle"/>
    <property name="java.class.version" value="65.0"/>
  </properties>
  <testcase name="accessAlertsFrameWindows" classname="tests.AlertsFramesWindowsTests" time="0.317">
    <system-out><![CDATA[2025-09-04T12:14:26.075575600Z main INFO Starting configuration XmlConfiguration[location=C:\ASN\eclipse_workspace\demoqa-automation\target\classes\log4j2.xml, lastModified=2025-08-05T03:16:47.250Z]...
2025-09-04T12:14:26.075575600Z main INFO Start watching for changes to C:\ASN\eclipse_workspace\demoqa-automation\target\classes\log4j2.xml every 0 seconds
2025-09-04T12:14:26.075575600Z main INFO Configuration XmlConfiguration[location=C:\ASN\eclipse_workspace\demoqa-automation\target\classes\log4j2.xml, lastModified=2025-08-05T03:16:47.250Z] started.
2025-09-04T12:14:26.082712900Z main INFO Stopping configuration org.apache.logging.log4j.core.config.DefaultConfiguration@7526515b...
2025-09-04T12:14:26.083710700Z main INFO Configuration org.apache.logging.log4j.core.config.DefaultConfiguration@7526515b stopped.
2025-09-04 17:44:26 [main] INFO  demoqaBase - Starting Web Browser...
2025-09-04 17:44:30 [main] INFO  demoqaBase - Navigating to demoqa.com Website
2025-09-04 17:44:30 [main] INFO  RetryUrlAccess - 🌐 Attempt 1: Navigating to https://demoqa.com
2025-09-04 17:44:34 [main] INFO  RetryUrlAccess - ✅ Successfully navigated to: https://demoqa.com
2025-09-04 17:44:34 [main] INFO  demoqaBase - 🧪 Starting Test Alerts, Frames & Windows...
2025-09-04 17:44:34 [main] INFO  demoqaBase - Accessing Alerts, Frame & Windows Card...
Declared Instance WebDriverWait: org.openqa.selenium.support.ui.WebDriverWait@6c298dc
2025-09-04 17:44:34 [main] INFO  demoqaLog - Clicking on Alert Frame & Windows Card...
2025-09-04 17:44:35 [main] INFO  demoqaLog - ✅ JS click executed on element: {}
2025-09-04 17:44:35 [main] INFO  demoqaLog - Clicked on on Alert Frame & Windows Card...
Title of this Page is: DEMOQA
You are Accessing: Alerts, Frame & Windows
2025-09-04 17:44:35 [main] INFO  demoqaBase - Alerts, Frame & Windows Card: Please select an item from left to start practice.
2025-09-04 17:44:35 [main] INFO  demoqaBase - ✅ Alerts, Frames & Windows Test Completed...
]]></system-out>
    <system-err><![CDATA[SLF4J(W): No SLF4J providers were found.
SLF4J(W): Defaulting to no-operation (NOP) logger implementation
SLF4J(W): See https://www.slf4j.org/codes.html#noProviders for further details.
]]></system-err>
  </testcase>
  <testcase name="browserWindows" classname="tests.AlertsFramesWindowsTests" time="0.388">
    <system-out><![CDATA[2025-09-04 17:44:35 [main] INFO  demoqaBase - Closing the Browser...
2025-09-04 17:44:35 [main] INFO  demoqaBase - Starting Web Browser...
2025-09-04 17:44:36 [main] INFO  demoqaBase - Navigating to demoqa.com Website
2025-09-04 17:44:36 [main] INFO  RetryUrlAccess - 🌐 Attempt 1: Navigating to https://demoqa.com
2025-09-04 17:44:47 [main] INFO  RetryUrlAccess - ✅ Successfully navigated to: https://demoqa.com
2025-09-04 17:44:47 [main] INFO  demoqaBase - 🧪 Starting Test Alerts, Frames & Windows...
2025-09-04 17:44:47 [main] INFO  demoqaBase - Accessing Alerts, Frame & Windows Card...
Declared Instance WebDriverWait: org.openqa.selenium.support.ui.WebDriverWait@26f7cdf8
2025-09-04 17:44:47 [main] INFO  demoqaLog - Clicking on Alert Frame & Windows Card...
2025-09-04 17:44:47 [main] INFO  demoqaLog - ✅ JS click executed on element: {}
2025-09-04 17:44:47 [main] INFO  demoqaLog - Clicked on on Alert Frame & Windows Card...
Title of this Page is: DEMOQA
You are Accessing: Alerts, Frame & Windows
2025-09-04 17:44:47 [main] INFO  demoqaBase - Alerts, Frame & Windows Card: Please select an item from left to start practice.
2025-09-04 17:44:47 [main] INFO  demoqaBase - Clicking on Alerts, Frame & Windows Card|Browser Windows...
You are now Accessing: Browser Windows
2025-09-04 17:44:47 [main] INFO  demoqaBase - You are now Accessing: Browser Windows
2025-09-04 17:44:47 [main] INFO  demoqaBase - ✅ Alerts, Frames & Windows|Browser Windows Test Completed...
]]></system-out>
  </testcase>
  <testcase name="browserWindowsNewTab" classname="tests.AlertsFramesWindowsTests" time="0.94">
    <system-out><![CDATA[2025-09-04 17:44:47 [main] INFO  demoqaBase - Closing the Browser...
2025-09-04 17:44:47 [main] INFO  demoqaBase - Starting Web Browser...
2025-09-04 17:44:49 [main] INFO  demoqaBase - Navigating to demoqa.com Website
2025-09-04 17:44:49 [main] INFO  RetryUrlAccess - 🌐 Attempt 1: Navigating to https://demoqa.com
2025-09-04 17:45:00 [main] INFO  RetryUrlAccess - ✅ Successfully navigated to: https://demoqa.com
2025-09-04 17:45:00 [main] INFO  demoqaBase - 🧪 Starting Test Alerts, Frames & Windows|New Tab...
2025-09-04 17:45:00 [main] INFO  demoqaBase - Accessing Alerts, Frame & Windows Card...
Declared Instance WebDriverWait: org.openqa.selenium.support.ui.WebDriverWait@1c758545
2025-09-04 17:45:00 [main] INFO  demoqaLog - Clicking on Alert Frame & Windows Card...
2025-09-04 17:45:00 [main] INFO  demoqaLog - ✅ JS click executed on element: {}
2025-09-04 17:45:00 [main] INFO  demoqaLog - Clicked on on Alert Frame & Windows Card...
Title of this Page is: DEMOQA
You are Accessing: Alerts, Frame & Windows
2025-09-04 17:45:00 [main] INFO  demoqaBase - Alerts, Frame & Windows Card: Please select an item from left to start practice.
2025-09-04 17:45:00 [main] INFO  demoqaBase - Clicking on Alerts, Frame & Windows Card|Browser Windows...
You are now Accessing: Browser Windows
2025-09-04 17:45:00 [main] INFO  demoqaBase - You are now Accessing: Browser Windows
2025-09-04 17:45:00 [main] INFO  demoqaBase - Initiating New Tab click sequence...
2025-09-04 17:45:00 [main] INFO  demoqaBase - Clicked New Tab button
2025-09-04 17:45:00 [main] INFO  demoqaBase - Switched to new tab: BDCBAC36CCFD27540153D3230DA95AFD
2025-09-04 17:45:01 [main] INFO  demoqaBase - New tab content: 'This is a sample page'
You are now accessing: This is a sample page
2025-09-04 17:45:01 [main] INFO  demoqaBase - ✅ Alerts, Frames & Windows|Browser Windows|New Tab Test Completed...
]]></system-out>
  </testcase>
  <testcase name="browserWindowsNewWindow" classname="tests.AlertsFramesWindowsTests" time="1.203">
    <system-out><![CDATA[2025-09-04 17:45:01 [main] INFO  demoqaBase - Closing the Browser...
2025-09-04 17:45:01 [main] INFO  demoqaBase - Starting Web Browser...
2025-09-04 17:45:03 [main] INFO  demoqaBase - Navigating to demoqa.com Website
2025-09-04 17:45:03 [main] INFO  RetryUrlAccess - 🌐 Attempt 1: Navigating to https://demoqa.com
2025-09-04 17:45:07 [main] WARN  RetryUrlAccess - 🔁 Attempt 1 failed due to retryable error: detected error page after navigation
build info: version: '4.35.0', revision: '1c58e5028b'
system info: os.name: 'windows 11', os.arch: 'amd64', os.version: '10.0', java.version: '21.0.7'
driver info: driver.version: unknown. Retrying after 3000ms...
2025-09-04 17:45:10 [main] INFO  RetryUrlAccess - 🌐 Attempt 2: Navigating to https://demoqa.com
2025-09-04 17:45:11 [main] INFO  RetryUrlAccess - ✅ Successfully navigated to: https://demoqa.com
2025-09-04 17:45:11 [main] INFO  demoqaBase - 🧪 Starting Test Alerts, Frames & Windows|New Window...
2025-09-04 17:45:11 [main] INFO  demoqaBase - Accessing Alerts, Frame & Windows Card...
Declared Instance WebDriverWait: org.openqa.selenium.support.ui.WebDriverWait@66213a0d
2025-09-04 17:45:11 [main] INFO  demoqaLog - Clicking on Alert Frame & Windows Card...
2025-09-04 17:45:11 [main] INFO  demoqaLog - ✅ JS click executed on element: {}
2025-09-04 17:45:11 [main] INFO  demoqaLog - Clicked on on Alert Frame & Windows Card...
Title of this Page is: DEMOQA
You are Accessing: Alerts, Frame & Windows
2025-09-04 17:45:11 [main] INFO  demoqaBase - Alerts, Frame & Windows Card: Please select an item from left to start practice.
2025-09-04 17:45:11 [main] INFO  demoqaBase - Clicking on Alerts, Frame & Windows Card|Browser Windows...
You are now Accessing: Browser Windows
2025-09-04 17:45:11 [main] INFO  demoqaBase - You are now Accessing: Browser Windows
2025-09-04 17:45:11 [main] INFO  demoqaBase - Initiating New Window click sequence...
2025-09-04 17:45:12 [main] INFO  demoqaBase - Clicked New Window button
2025-09-04 17:45:12 [main] INFO  demoqaBase - Switched to new tab: 6241B43F558E18BE5973299176B3CEB6
2025-09-04 17:45:12 [main] INFO  demoqaBase - New tab content: 'This is a sample page'
You are now accessing: This is a sample page
2025-09-04 17:45:12 [main] INFO  demoqaBase - ✅ Alerts, Frames & Windows|Browser Windows|New Window Test Completed...
]]></system-out>
  </testcase>
  <testcase name="browserWindowsNewWindowMsg" classname="tests.AlertsFramesWindowsTests" time="1.145">
    <system-out><![CDATA[2025-09-04 17:45:12 [main] INFO  demoqaBase - Closing the Browser...
2025-09-04 17:45:12 [main] INFO  demoqaBase - Starting Web Browser...
2025-09-04 17:45:14 [main] INFO  demoqaBase - Navigating to demoqa.com Website
2025-09-04 17:45:14 [main] INFO  RetryUrlAccess - 🌐 Attempt 1: Navigating to https://demoqa.com
2025-09-04 17:45:18 [main] INFO  RetryUrlAccess - ✅ Successfully navigated to: https://demoqa.com
2025-09-04 17:45:18 [main] INFO  demoqaBase - 🧪 Starting Test Alerts, Frames & Windows|New Window Message...
2025-09-04 17:45:18 [main] INFO  demoqaBase - Accessing Alerts, Frame & Windows Card...
Declared Instance WebDriverWait: org.openqa.selenium.support.ui.WebDriverWait@4c6007fb
2025-09-04 17:45:18 [main] INFO  demoqaLog - Clicking on Alert Frame & Windows Card...
2025-09-04 17:45:18 [main] INFO  demoqaLog - ✅ JS click executed on element: {}
2025-09-04 17:45:18 [main] INFO  demoqaLog - Clicked on on Alert Frame & Windows Card...
Title of this Page is: DEMOQA
You are Accessing: Alerts, Frame & Windows
2025-09-04 17:45:19 [main] INFO  demoqaBase - Alerts, Frame & Windows Card: Please select an item from left to start practice.
2025-09-04 17:45:19 [main] INFO  demoqaBase - Clicking on Alerts, Frame & Windows Card|Browser Windows...
You are now Accessing: Browser Windows
2025-09-04 17:45:19 [main] INFO  demoqaBase - You are now Accessing: Browser Windows
2025-09-04 17:45:19 [main] INFO  demoqaBase - 🔍 Starting 'New Window Message' click sequence...
2025-09-04 17:45:19 [main] INFO  demoqaLog - ✅ JS click executed on element: {}
2025-09-04 17:45:19 [main] INFO  demoqaBase - 🔀 Switched to new window: CA510123D96E3E4601A4F5A668CF2811
2025-09-04 17:45:19 [main] INFO  demoqaBase - ✅ Verified new popup window opened successfully.
2025-09-04 17:45:19 [main] INFO  demoqaBase - ↩️ Switched back to original window: B39DE8E5C4052DDA4D1284FD81A625C7
2025-09-04 17:45:19 [main] INFO  demoqaBase - ✅ 'New Window Message' flow completed successfully.
2025-09-04 17:45:19 [main] INFO  demoqaBase - ✅ Alerts, Frames & Windows|Browser Windows|New Window Message Test Completed...
]]></system-out>
  </testcase>
  <testcase name="ClickAlerts" classname="tests.AlertsFramesWindowsTests" time="0.927">
    <system-out><![CDATA[2025-09-04 17:45:19 [main] INFO  demoqaBase - Closing the Browser...
2025-09-04 17:45:20 [main] INFO  demoqaBase - Starting Web Browser...
2025-09-04 17:45:22 [main] INFO  demoqaBase - Navigating to demoqa.com Website
2025-09-04 17:45:22 [main] INFO  RetryUrlAccess - 🌐 Attempt 1: Navigating to https://demoqa.com
2025-09-04 17:45:33 [main] INFO  RetryUrlAccess - ✅ Successfully navigated to: https://demoqa.com
2025-09-04 17:45:33 [main] INFO  demoqaBase - 🧪 Starting Test Alerts, Frames & Windows|New Window Message...
2025-09-04 17:45:33 [main] INFO  demoqaBase - Accessing Alerts, Frame & Windows Card...
Declared Instance WebDriverWait: org.openqa.selenium.support.ui.WebDriverWait@44065156
2025-09-04 17:45:33 [main] INFO  demoqaLog - Clicking on Alert Frame & Windows Card...
2025-09-04 17:45:33 [main] INFO  demoqaLog - ✅ JS click executed on element: {}
2025-09-04 17:45:33 [main] INFO  demoqaLog - Clicked on on Alert Frame & Windows Card...
Title of this Page is: DEMOQA
You are Accessing: Alerts, Frame & Windows
2025-09-04 17:45:33 [main] INFO  demoqaBase - Alerts, Frame & Windows Card: Please select an item from left to start practice.
2025-09-04 17:45:33 [main] INFO  demoqaBase - 🔍 Starting test for Alerts click ..
2025-09-04 17:45:34 [main] INFO  demoqaLog - ✅ JS click executed on element: {}
2025-09-04 17:45:34 [main] INFO  demoqaBase - ✅ Clicked on Alerts...
2025-09-04 17:45:34 [main] INFO  demoqaBase - Page Title is: Alerts
2025-09-04 17:45:34 [main] INFO  demoqaBase - ✅ Alerts, Frames & Windows|Alerts Test Completed...
]]></system-out>
  </testcase>
  <testcase name="ClickToSeeAlerts" classname="tests.AlertsFramesWindowsTests" time="6.469">
    <system-out><![CDATA[2025-09-04 17:45:34 [main] INFO  demoqaBase - Closing the Browser...
2025-09-04 17:45:34 [main] INFO  demoqaBase - Starting Web Browser...
2025-09-04 17:45:36 [main] INFO  demoqaBase - Navigating to demoqa.com Website
2025-09-04 17:45:36 [main] INFO  RetryUrlAccess - 🌐 Attempt 1: Navigating to https://demoqa.com
2025-09-04 17:45:47 [main] INFO  RetryUrlAccess - ✅ Successfully navigated to: https://demoqa.com
2025-09-04 17:45:47 [main] INFO  demoqaBase - 🧪 Starting Test Alerts, Frames & Windows|Alerts|Click button to see Alert...
2025-09-04 17:45:47 [main] INFO  demoqaBase - Accessing Alerts, Frame & Windows Card...
Declared Instance WebDriverWait: org.openqa.selenium.support.ui.WebDriverWait@7be1ce6a
2025-09-04 17:45:47 [main] INFO  demoqaLog - Clicking on Alert Frame & Windows Card...
2025-09-04 17:45:47 [main] INFO  demoqaLog - ✅ JS click executed on element: {}
2025-09-04 17:45:47 [main] INFO  demoqaLog - Clicked on on Alert Frame & Windows Card...
Title of this Page is: DEMOQA
You are Accessing: Alerts, Frame & Windows
2025-09-04 17:45:48 [main] INFO  demoqaBase - Alerts, Frame & Windows Card: Please select an item from left to start practice.
2025-09-04 17:45:48 [main] INFO  demoqaBase - 🔍 Starting test for Alerts click ..
2025-09-04 17:45:48 [main] INFO  demoqaLog - ✅ JS click executed on element: {}
2025-09-04 17:45:48 [main] INFO  demoqaBase - ✅ Clicked on Alerts...
2025-09-04 17:45:48 [main] INFO  demoqaBase - Page Title is: Alerts
2025-09-04 17:45:48 [main] INFO  demoqaBase - 🔍 Starting test for On button click, alert will appear after 5 seconds...
2025-09-04 17:45:48 [main] INFO  demoqaLog - ✅ JS click executed on element: {}
2025-09-04 17:45:48 [main] INFO  demoqaBase - ✅ Clicked on Click Button to see Alert after 5 seconds...
2025-09-04 17:45:53 [main] INFO  demoqaBase - ✅ On button click, alert will appear after 5 seconds, message is: This alert appeared after 5 seconds
2025-09-04 17:45:53 [main] INFO  demoqaBase - ✅ Alerts, Frames & Windows|Alerts|Click button to see Alert Test Completed...
]]></system-out>
  </testcase>
  <testcase name="ClickAcceptConfirmationBox" classname="tests.AlertsFramesWindowsTests" time="1.004">
    <system-out><![CDATA[2025-09-04 17:45:53 [main] INFO  demoqaBase - Closing the Browser...
2025-09-04 17:45:54 [main] INFO  demoqaBase - Starting Web Browser...
2025-09-04 17:45:56 [main] INFO  demoqaBase - Navigating to demoqa.com Website
2025-09-04 17:45:56 [main] INFO  RetryUrlAccess - 🌐 Attempt 1: Navigating to https://demoqa.com
2025-09-04 17:46:00 [main] INFO  RetryUrlAccess - ✅ Successfully navigated to: https://demoqa.com
2025-09-04 17:46:00 [main] INFO  demoqaBase - 🧪 Starting Test Alerts, Frames & Windows|AlertsOn button click, confirm box will appear, Accept...
2025-09-04 17:46:00 [main] INFO  demoqaBase - Accessing Alerts, Frame & Windows Card...
Declared Instance WebDriverWait: org.openqa.selenium.support.ui.WebDriverWait@2f10f633
2025-09-04 17:46:00 [main] INFO  demoqaLog - Clicking on Alert Frame & Windows Card...
2025-09-04 17:46:00 [main] INFO  demoqaLog - ✅ JS click executed on element: {}
2025-09-04 17:46:00 [main] INFO  demoqaLog - Clicked on on Alert Frame & Windows Card...
Title of this Page is: DEMOQA
You are Accessing: Alerts, Frame & Windows
2025-09-04 17:46:00 [main] INFO  demoqaBase - Alerts, Frame & Windows Card: Please select an item from left to start practice.
2025-09-04 17:46:00 [main] INFO  demoqaBase - 🔍 Starting test for Alerts click ..
2025-09-04 17:46:01 [main] INFO  demoqaLog - ✅ JS click executed on element: {}
2025-09-04 17:46:01 [main] INFO  demoqaBase - ✅ Clicked on Alerts...
2025-09-04 17:46:01 [main] INFO  demoqaBase - Page Title is: Alerts
2025-09-04 17:46:01 [main] INFO  demoqaBase - 🔍 Starting test for On button click, confirm box will appear, Accept...
2025-09-04 17:46:01 [main] INFO  demoqaLog - ✅ JS click executed on element: {}
2025-09-04 17:46:01 [main] INFO  demoqaBase - ✅ Clicked On button click, confirm box will appear, Accept...
2025-09-04 17:46:01 [main] INFO  demoqaBase - ✅ On button click, confirm box will appear, message is: Do you confirm action?
2025-09-04 17:46:01 [main] INFO  demoqaBase - ✅ Your Selection was: You selected Ok
2025-09-04 17:46:01 [main] INFO  demoqaBase - ✅ Alerts, Frames & Windows|Alerts|On button click, confirm box will appear, Accept Test Completed...
]]></system-out>
  </testcase>
  <testcase name="ClickDenyConfirmationBox" classname="tests.AlertsFramesWindowsTests" time="1.104">
    <system-out><![CDATA[2025-09-04 17:46:01 [main] INFO  demoqaBase - Closing the Browser...
2025-09-04 17:46:02 [main] INFO  demoqaBase - Starting Web Browser...
2025-09-04 17:46:03 [main] INFO  demoqaBase - Navigating to demoqa.com Website
2025-09-04 17:46:03 [main] INFO  RetryUrlAccess - 🌐 Attempt 1: Navigating to https://demoqa.com
2025-09-04 17:46:14 [main] INFO  RetryUrlAccess - ✅ Successfully navigated to: https://demoqa.com
2025-09-04 17:46:14 [main] INFO  demoqaBase - 🧪 Starting Test Alerts, Frames & Windows|Alerts|On button click, confirm box will appear, Deny...
2025-09-04 17:46:14 [main] INFO  demoqaBase - Accessing Alerts, Frame & Windows Card...
Declared Instance WebDriverWait: org.openqa.selenium.support.ui.WebDriverWait@183ade54
2025-09-04 17:46:14 [main] INFO  demoqaLog - Clicking on Alert Frame & Windows Card...
2025-09-04 17:46:14 [main] INFO  demoqaLog - ✅ JS click executed on element: {}
2025-09-04 17:46:14 [main] INFO  demoqaLog - Clicked on on Alert Frame & Windows Card...
Title of this Page is: DEMOQA
You are Accessing: Alerts, Frame & Windows
2025-09-04 17:46:15 [main] INFO  demoqaBase - Alerts, Frame & Windows Card: Please select an item from left to start practice.
2025-09-04 17:46:15 [main] INFO  demoqaBase - 🔍 Starting test for Alerts click ..
2025-09-04 17:46:15 [main] INFO  demoqaLog - ✅ JS click executed on element: {}
2025-09-04 17:46:15 [main] INFO  demoqaBase - ✅ Clicked on Alerts...
2025-09-04 17:46:15 [main] INFO  demoqaBase - Page Title is: Alerts
2025-09-04 17:46:15 [main] INFO  demoqaBase - 🔍 Starting test for On button click, confirm box will appear, Deny...
2025-09-04 17:46:15 [main] INFO  demoqaLog - ✅ JS click executed on element: {}
2025-09-04 17:46:15 [main] INFO  demoqaBase - ✅ Clicked On button click, confirm box will appear, Deny...
2025-09-04 17:46:15 [main] INFO  demoqaBase - ✅ On button click, confirm box will appear, message is: Do you confirm action?
2025-09-04 17:46:15 [main] INFO  demoqaBase - ✅ Your Selection was: You selected Cancel
2025-09-04 17:46:15 [main] INFO  demoqaBase - ✅ Alerts, Frames & Windows|Alerts|On button click, confirm box will appear, Deny Test Completed...
]]></system-out>
  </testcase>
  <testcase name="ClickPromptBoxFill" classname="tests.AlertsFramesWindowsTests" time="1.098">
    <system-out><![CDATA[2025-09-04 17:46:15 [main] INFO  demoqaBase - Closing the Browser...
2025-09-04 17:46:16 [main] INFO  demoqaBase - Starting Web Browser...
2025-09-04 17:46:17 [main] INFO  demoqaBase - Navigating to demoqa.com Website
2025-09-04 17:46:17 [main] INFO  RetryUrlAccess - 🌐 Attempt 1: Navigating to https://demoqa.com
2025-09-04 17:46:27 [main] INFO  RetryUrlAccess - ✅ Successfully navigated to: https://demoqa.com
2025-09-04 17:46:27 [main] INFO  demoqaBase - 🧪 Starting Test Alerts, Frames & Windows|Alerts|On button click, prompt box will appear, Fill data...
2025-09-04 17:46:27 [main] INFO  demoqaBase - Accessing Alerts, Frame & Windows Card...
Declared Instance WebDriverWait: org.openqa.selenium.support.ui.WebDriverWait@2e71240b
2025-09-04 17:46:27 [main] INFO  demoqaLog - Clicking on Alert Frame & Windows Card...
2025-09-04 17:46:28 [main] INFO  demoqaLog - ✅ JS click executed on element: {}
2025-09-04 17:46:28 [main] INFO  demoqaLog - Clicked on on Alert Frame & Windows Card...
Title of this Page is: DEMOQA
You are Accessing: Alerts, Frame & Windows
2025-09-04 17:46:28 [main] INFO  demoqaBase - Alerts, Frame & Windows Card: Please select an item from left to start practice.
2025-09-04 17:46:28 [main] INFO  demoqaBase - 🔍 Starting test for Alerts click ..
2025-09-04 17:46:28 [main] INFO  demoqaLog - ✅ JS click executed on element: {}
2025-09-04 17:46:28 [main] INFO  demoqaBase - ✅ Clicked on Alerts...
2025-09-04 17:46:28 [main] INFO  demoqaBase - Page Title is: Alerts
2025-09-04 17:46:28 [main] INFO  demoqaBase - 🔍 Starting test for On button click, prompt box will appear, Fill data...
2025-09-04 17:46:28 [main] INFO  demoqaLog - ✅ JS click executed on element: {}
2025-09-04 17:46:28 [main] INFO  demoqaBase - ✅ Clicked On button click, prompt box will appear, Fill data...
2025-09-04 17:46:28 [main] INFO  demoqaBase - ✅ On button click, prompt box will appear, message is: Please enter your name
2025-09-04 17:46:28 [main] INFO  demoqaBase - ✅ Your Selection was: You entered Java Selenium
2025-09-04 17:46:28 [main] INFO  demoqaBase - ✅ Alerts, Frames & Windows|Alerts|On button click, prompt box will appear, Fill data Test Completed...
]]></system-out>
  </testcase>
  <testcase name="ClickFrames" classname="tests.AlertsFramesWindowsTests" time="0.566">
    <system-out><![CDATA[2025-09-04 17:46:28 [main] INFO  demoqaBase - Closing the Browser...
2025-09-04 17:46:29 [main] INFO  demoqaBase - Starting Web Browser...
2025-09-04 17:46:30 [main] INFO  demoqaBase - Navigating to demoqa.com Website
2025-09-04 17:46:30 [main] INFO  RetryUrlAccess - 🌐 Attempt 1: Navigating to https://demoqa.com
2025-09-04 17:46:36 [main] INFO  RetryUrlAccess - ✅ Successfully navigated to: https://demoqa.com
2025-09-04 17:46:36 [main] INFO  demoqaBase - 🧪 Starting Test Alerts, Frames & Windows|Frames...
2025-09-04 17:46:36 [main] INFO  demoqaBase - Accessing Alerts, Frame & Windows Card...
Declared Instance WebDriverWait: org.openqa.selenium.support.ui.WebDriverWait@696b52bc
2025-09-04 17:46:36 [main] INFO  demoqaLog - Clicking on Alert Frame & Windows Card...
2025-09-04 17:46:37 [main] INFO  demoqaLog - ✅ JS click executed on element: {}
2025-09-04 17:46:37 [main] INFO  demoqaLog - Clicked on on Alert Frame & Windows Card...
Title of this Page is: DEMOQA
You are Accessing: Alerts, Frame & Windows
2025-09-04 17:46:37 [main] INFO  demoqaBase - Alerts, Frame & Windows Card: Please select an item from left to start practice.
2025-09-04 17:46:37 [main] INFO  demoqaBase - 🔍 Starting test for Frames click ..
2025-09-04 17:46:37 [main] INFO  demoqaLog - ✅ JS click executed on element: {}
2025-09-04 17:46:37 [main] INFO  demoqaBase - ✅ Clicked on Frames...
2025-09-04 17:46:37 [main] INFO  demoqaBase - Page Title is: Frames
2025-09-04 17:46:37 [main] INFO  demoqaBase - ✅ Alerts, Frames & Windows|Frames Test Completed...
]]></system-out>
  </testcase>
  <testcase name="GetFrame1" classname="tests.AlertsFramesWindowsTests" time="0.771">
    <system-out><![CDATA[2025-09-04 17:46:37 [main] INFO  demoqaBase - Closing the Browser...
2025-09-04 17:46:37 [main] INFO  demoqaBase - Starting Web Browser...
2025-09-04 17:46:39 [main] INFO  demoqaBase - Navigating to demoqa.com Website
2025-09-04 17:46:39 [main] INFO  RetryUrlAccess - 🌐 Attempt 1: Navigating to https://demoqa.com
2025-09-04 17:46:43 [main] INFO  RetryUrlAccess - ✅ Successfully navigated to: https://demoqa.com
2025-09-04 17:46:43 [main] INFO  demoqaBase - 🧪 Starting Test Alerts, Frames & Windows|Frames|Frame1 message...
2025-09-04 17:46:43 [main] INFO  demoqaBase - Accessing Alerts, Frame & Windows Card...
Declared Instance WebDriverWait: org.openqa.selenium.support.ui.WebDriverWait@14f060b8
2025-09-04 17:46:43 [main] INFO  demoqaLog - Clicking on Alert Frame & Windows Card...
2025-09-04 17:46:44 [main] INFO  demoqaLog - ✅ JS click executed on element: {}
2025-09-04 17:46:44 [main] INFO  demoqaLog - Clicked on on Alert Frame & Windows Card...
Title of this Page is: DEMOQA
You are Accessing: Alerts, Frame & Windows
2025-09-04 17:46:44 [main] INFO  demoqaBase - Alerts, Frame & Windows Card: Please select an item from left to start practice.
2025-09-04 17:46:44 [main] INFO  demoqaBase - 🔍 Starting test for Frames click ..
2025-09-04 17:46:44 [main] INFO  demoqaLog - ✅ JS click executed on element: {}
2025-09-04 17:46:44 [main] INFO  demoqaBase - ✅ Clicked on Frames...
2025-09-04 17:46:44 [main] INFO  demoqaBase - Page Title is: Frames
2025-09-04 17:46:44 [main] INFO  demoqaBase - 🔍 Starting test for Frames|Frame1 Message...
2025-09-04 17:46:44 [main] INFO  demoqaBase - ✅ Switched to Frame1...
2025-09-04 17:46:44 [main] INFO  demoqaBase - Frame1 contains: This is a sample page
2025-09-04 17:46:44 [main] INFO  demoqaBase - ✅ Alerts, Frames & Windows|Frames|Frame1 message Test Completed...
]]></system-out>
  </testcase>
  <testcase name="GetFrame2" classname="tests.AlertsFramesWindowsTests" time="1.046">
    <failure message="expected [false] but found [true]" type="java.lang.AssertionError"><![CDATA[java.lang.AssertionError: expected [false] but found [true]
	at org.testng.Assert.fail(Assert.java:111)
	at org.testng.Assert.failNotEquals(Assert.java:1590)
	at org.testng.Assert.assertEqualsImpl(Assert.java:150)
	at org.testng.Assert.assertEquals(Assert.java:132)
	at org.testng.Assert.assertEquals(Assert.java:1079)
	at org.testng.Assert.assertEquals(Assert.java:1043)
	at org.testng.Assert.assertEquals(Assert.java:1089)
	at pages.alertsframewindowsPage.GetFrame2msg(alertsframewindowsPage.java:332)
	at tests.AlertsFramesWindowsTests.GetFrame2(AlertsFramesWindowsTests.java:182)
	at java.base/jdk.internal.reflect.DirectMethodHandleAccessor.invoke(DirectMethodHandleAccessor.java:103)
	at java.base/java.lang.reflect.Method.invoke(Method.java:580)
	at org.testng.internal.invokers.MethodInvocationHelper.invokeMethod(MethodInvocationHelper.java:141)
	at org.testng.internal.invokers.TestInvoker.invokeMethod(TestInvoker.java:687)
	at org.testng.internal.invokers.TestInvoker.invokeTestMethod(TestInvoker.java:230)
	at org.testng.internal.invokers.MethodRunner.runInSequence(MethodRunner.java:63)
	at org.testng.internal.invokers.TestInvoker$MethodInvocationAgent.invoke(TestInvoker.java:995)
	at org.testng.internal.invokers.TestInvoker.invokeTestMethods(TestInvoker.java:203)
	at org.testng.internal.invokers.TestMethodWorker.invokeTestMethods(TestMethodWorker.java:154)
	at org.testng.internal.invokers.TestMethodWorker.run(TestMethodWorker.java:134)
	at java.base/java.util.ArrayList.forEach(ArrayList.java:1596)
	at org.testng.TestRunner.privateRun(TestRunner.java:741)
	at org.testng.TestRunner.run(TestRunner.java:616)
	at org.testng.SuiteRunner.runTest(SuiteRunner.java:421)
	at org.testng.SuiteRunner.runSequentially(SuiteRunner.java:413)
	at org.testng.SuiteRunner.privateRun(SuiteRunner.java:373)
	at org.testng.SuiteRunner.run(SuiteRunner.java:312)
	at org.testng.SuiteRunnerWorker.runSuite(SuiteRunnerWorker.java:52)
	at org.testng.SuiteRunnerWorker.run(SuiteRunnerWorker.java:95)
	at org.testng.TestNG.runSuitesSequentially(TestNG.java:1274)
	at org.testng.TestNG.runSuitesLocally(TestNG.java:1208)
	at org.testng.TestNG.runSuites(TestNG.java:1112)
	at org.testng.TestNG.run(TestNG.java:1079)
	at org.apache.maven.surefire.testng.TestNGExecutor.run(TestNGExecutor.java:155)
	at org.apache.maven.surefire.testng.TestNGDirectoryTestSuite.executeMulti(TestNGDirectoryTestSuite.java:169)
	at org.apache.maven.surefire.testng.TestNGDirectoryTestSuite.execute(TestNGDirectoryTestSuite.java:88)
	at org.apache.maven.surefire.testng.TestNGProvider.invoke(TestNGProvider.java:137)
	at org.apache.maven.surefire.booter.ForkedBooter.runSuitesInProcess(ForkedBooter.java:385)
	at org.apache.maven.surefire.booter.ForkedBooter.execute(ForkedBooter.java:162)
	at org.apache.maven.surefire.booter.ForkedBooter.run(ForkedBooter.java:507)
	at org.apache.maven.surefire.booter.ForkedBooter.main(ForkedBooter.java:495)
]]></failure>
    <system-out><![CDATA[2025-09-04 17:46:44 [main] INFO  demoqaBase - Closing the Browser...
2025-09-04 17:46:45 [main] INFO  demoqaBase - Starting Web Browser...
2025-09-04 17:46:46 [main] INFO  demoqaBase - Navigating to demoqa.com Website
2025-09-04 17:46:46 [main] INFO  RetryUrlAccess - 🌐 Attempt 1: Navigating to https://demoqa.com
2025-09-04 17:46:57 [main] INFO  RetryUrlAccess - ✅ Successfully navigated to: https://demoqa.com
2025-09-04 17:46:57 [main] INFO  demoqaBase - 🧪 Starting Test Alerts, Frames & Windows|Frames|Frame2 message...
2025-09-04 17:46:57 [main] INFO  demoqaBase - Accessing Alerts, Frame & Windows Card...
Declared Instance WebDriverWait: org.openqa.selenium.support.ui.WebDriverWait@175581eb
2025-09-04 17:46:57 [main] INFO  demoqaLog - Clicking on Alert Frame & Windows Card...
2025-09-04 17:46:57 [main] INFO  demoqaLog - ✅ JS click executed on element: {}
2025-09-04 17:46:57 [main] INFO  demoqaLog - Clicked on on Alert Frame & Windows Card...
Title of this Page is: DEMOQA
You are Accessing: Alerts, Frame & Windows
2025-09-04 17:46:58 [main] INFO  demoqaBase - Alerts, Frame & Windows Card: Please select an item from left to start practice.
2025-09-04 17:46:58 [main] INFO  demoqaBase - 🔍 Starting test for Frames click ..
2025-09-04 17:46:58 [main] INFO  demoqaLog - ✅ JS click executed on element: {}
2025-09-04 17:46:58 [main] INFO  demoqaBase - ✅ Clicked on Frames...
2025-09-04 17:46:58 [main] INFO  demoqaBase - Page Title is: Frames
2025-09-04 17:46:58 [main] INFO  demoqaBase - 🔍 Starting test for Frames|Frame2 Message...
]]></system-out>
  </testcase>
  <testcase name="ClickModalDialogs" classname="tests.AlertsFramesWindowsTests" time="0.463">
    <system-out><![CDATA[Path for Screenshot is: C:\ASN\eclipse_workspace\demoqa-automation/screenshots/com.aventstack.extentreports.ExtentTest@1491cd6cTest Failed+2025-09-04_17-46-58.png
2025-09-04 17:46:59 [main] INFO  demoqaBase - Closing the Browser...
2025-09-04 17:46:59 [main] INFO  demoqaBase - Starting Web Browser...
2025-09-04 17:47:01 [main] INFO  demoqaBase - Navigating to demoqa.com Website
2025-09-04 17:47:01 [main] INFO  RetryUrlAccess - 🌐 Attempt 1: Navigating to https://demoqa.com
2025-09-04 17:47:31 [main] WARN  RetryUrlAccess - 🔁 Attempt 1 failed due to retryable error: timeout: timed out receiving message from renderer: 29.100
  (session info: chrome=137.0.7151.120)
build info: version: '4.35.0', revision: '1c58e5028b'
system info: os.name: 'windows 11', os.arch: 'amd64', os.version: '10.0', java.version: '21.0.7'
driver info: org.openqa.selenium.chrome.chromedriver
command: [5267aba1e188ab8433d8094849aa8533, get {url=https://demoqa.com}]
capabilities {acceptinsecurecerts: false, browsername: chrome, browserversion: 137.0.7151.120, chrome: {chromedriverversion: 137.0.7151.119 (e0ac9d12dff..., userdatadir: c:\users\dell\appdata\local...}, fedcm:accounts: true, goog:chromeoptions: {debuggeraddress: localhost:54066}, networkconnectionenabled: false, pageloadstrategy: normal, platformname: windows, proxy: proxy(), se:cdp: ws://localhost:54066/devtoo..., se:cdpversion: 137.0.7151.120, setwindowrect: true, strictfileinteractability: false, timeouts: {implicit: 0, pageload: 300000, script: 30000}, unhandledpromptbehavior: dismiss and notify, webauthn:extension:credblob: true, webauthn:extension:largeblob: true, webauthn:extension:minpinlength: true, webauthn:extension:prf: true, webauthn:virtualauthenticators: true}
session id: 5267aba1e188ab8433d8094849aa8533. Retrying after 3000ms...
2025-09-04 17:47:34 [main] INFO  RetryUrlAccess - 🌐 Attempt 2: Navigating to https://demoqa.com
2025-09-04 17:47:34 [main] INFO  RetryUrlAccess - ✅ Successfully navigated to: https://demoqa.com
2025-09-04 17:47:34 [main] INFO  demoqaBase - 🧪 Starting Test Alerts, Frames & Windows|Modal Dialogs...
2025-09-04 17:47:34 [main] INFO  demoqaBase - Accessing Alerts, Frame & Windows Card...
Declared Instance WebDriverWait: org.openqa.selenium.support.ui.WebDriverWait@1d17423f
2025-09-04 17:47:34 [main] INFO  demoqaLog - Clicking on Alert Frame & Windows Card...
2025-09-04 17:47:35 [main] INFO  demoqaLog - ✅ JS click executed on element: {}
2025-09-04 17:47:35 [main] INFO  demoqaLog - Clicked on on Alert Frame & Windows Card...
Title of this Page is: DEMOQA
You are Accessing: Alerts, Frame & Windows
2025-09-04 17:47:35 [main] INFO  demoqaBase - Alerts, Frame & Windows Card: Please select an item from left to start practice.
2025-09-04 17:47:35 [main] INFO  demoqaBase - 🔍 Starting test for Frames|Modal Dialogs click ..
2025-09-04 17:47:35 [main] INFO  demoqaLog - ✅ JS click executed on element: {}
2025-09-04 17:47:35 [main] INFO  demoqaBase - ✅ Clicked on Modal Dialogs...
2025-09-04 17:47:35 [main] INFO  demoqaBase - Page Title is: Modal Dialogs
2025-09-04 17:47:35 [main] INFO  demoqaBase - ✅ Alerts, Frames & Windows|Modal Dialogs Test Completed...
]]></system-out>
  </testcase>
  <testcase name="ClickNestedFrames" classname="tests.AlertsFramesWindowsTests" time="0.718">
    <system-out><![CDATA[2025-09-04 17:47:35 [main] INFO  demoqaBase - Closing the Browser...
2025-09-04 17:47:35 [main] INFO  demoqaBase - Starting Web Browser...
2025-09-04 17:47:37 [main] INFO  demoqaBase - Navigating to demoqa.com Website
2025-09-04 17:47:37 [main] INFO  RetryUrlAccess - 🌐 Attempt 1: Navigating to https://demoqa.com
2025-09-04 17:47:41 [main] INFO  RetryUrlAccess - ✅ Successfully navigated to: https://demoqa.com
2025-09-04 17:47:41 [main] INFO  demoqaBase - 🧪 Starting Test Alerts, Frames & Windows|Nested Frames...
2025-09-04 17:47:41 [main] INFO  demoqaBase - Accessing Alerts, Frame & Windows Card...
Declared Instance WebDriverWait: org.openqa.selenium.support.ui.WebDriverWait@775f15fd
2025-09-04 17:47:41 [main] INFO  demoqaLog - Clicking on Alert Frame & Windows Card...
2025-09-04 17:47:42 [main] INFO  demoqaLog - ✅ JS click executed on element: {}
2025-09-04 17:47:42 [main] INFO  demoqaLog - Clicked on on Alert Frame & Windows Card...
Title of this Page is: DEMOQA
You are Accessing: Alerts, Frame & Windows
2025-09-04 17:47:42 [main] INFO  demoqaBase - Alerts, Frame & Windows Card: Please select an item from left to start practice.
2025-09-04 17:47:42 [main] INFO  demoqaBase - 🔍 Starting test for Frames|Nested Frames click ..
2025-09-04 17:47:42 [main] INFO  demoqaLog - ✅ JS click executed on element: {}
2025-09-04 17:47:42 [main] INFO  demoqaBase - ✅ Clicked on Nested Frames...
2025-09-04 17:47:42 [main] INFO  demoqaBase - Page Title is: Nested Frames
2025-09-04 17:47:42 [main] INFO  demoqaBase - ✅ Alerts, Frames & Windows|Nested Frames Test Completed...
]]></system-out>
  </testcase>
  <testcase name="ClickLargeModal" classname="tests.AlertsFramesWindowsTests" time="1.413">
    <system-out><![CDATA[2025-09-04 17:47:42 [main] INFO  demoqaBase - Closing the Browser...
2025-09-04 17:47:43 [main] INFO  demoqaBase - Starting Web Browser...
2025-09-04 17:47:44 [main] INFO  demoqaBase - Navigating to demoqa.com Website
2025-09-04 17:47:44 [main] INFO  RetryUrlAccess - 🌐 Attempt 1: Navigating to https://demoqa.com
2025-09-04 17:48:14 [main] WARN  RetryUrlAccess - 🔁 Attempt 1 failed due to retryable error: timeout: timed out receiving message from renderer: 28.965
  (session info: chrome=137.0.7151.120)
build info: version: '4.35.0', revision: '1c58e5028b'
system info: os.name: 'windows 11', os.arch: 'amd64', os.version: '10.0', java.version: '21.0.7'
driver info: org.openqa.selenium.chrome.chromedriver
command: [88c13d4284f30b951b874a9db685af97, get {url=https://demoqa.com}]
capabilities {acceptinsecurecerts: false, browsername: chrome, browserversion: 137.0.7151.120, chrome: {chromedriverversion: 137.0.7151.119 (e0ac9d12dff..., userdatadir: c:\users\dell\appdata\local...}, fedcm:accounts: true, goog:chromeoptions: {debuggeraddress: localhost:54503}, networkconnectionenabled: false, pageloadstrategy: normal, platformname: windows, proxy: proxy(), se:cdp: ws://localhost:54503/devtoo..., se:cdpversion: 137.0.7151.120, setwindowrect: true, strictfileinteractability: false, timeouts: {implicit: 0, pageload: 300000, script: 30000}, unhandledpromptbehavior: dismiss and notify, webauthn:extension:credblob: true, webauthn:extension:largeblob: true, webauthn:extension:minpinlength: true, webauthn:extension:prf: true, webauthn:virtualauthenticators: true}
session id: 88c13d4284f30b951b874a9db685af97. Retrying after 3000ms...
2025-09-04 17:48:17 [main] INFO  RetryUrlAccess - 🌐 Attempt 2: Navigating to https://demoqa.com
2025-09-04 17:48:19 [main] INFO  RetryUrlAccess - ✅ Successfully navigated to: https://demoqa.com
2025-09-04 17:48:19 [main] INFO  demoqaBase - 🧪 Starting Test Alerts, Frames & Windows|Modal Dialogs|Large Modal...
2025-09-04 17:48:19 [main] INFO  demoqaBase - Accessing Alerts, Frame & Windows Card...
Declared Instance WebDriverWait: org.openqa.selenium.support.ui.WebDriverWait@7956f93a
2025-09-04 17:48:19 [main] INFO  demoqaLog - Clicking on Alert Frame & Windows Card...
2025-09-04 17:48:19 [main] INFO  demoqaLog - ✅ JS click executed on element: {}
2025-09-04 17:48:19 [main] INFO  demoqaLog - Clicked on on Alert Frame & Windows Card...
Title of this Page is: DEMOQA
You are Accessing: Alerts, Frame & Windows
2025-09-04 17:48:19 [main] INFO  demoqaBase - Alerts, Frame & Windows Card: Please select an item from left to start practice.
2025-09-04 17:48:19 [main] INFO  demoqaBase - 🔍 Starting test for Frames|Modal Dialogs click ..
2025-09-04 17:48:20 [main] INFO  demoqaLog - ✅ JS click executed on element: {}
2025-09-04 17:48:20 [main] INFO  demoqaBase - ✅ Clicked on Modal Dialogs...
2025-09-04 17:48:20 [main] INFO  demoqaBase - Page Title is: Modal Dialogs
2025-09-04 17:48:20 [main] INFO  demoqaBase - 🔍 Starting test for Frames|Modal Dialogs|Large Modal click...
2025-09-04 17:48:20 [main] INFO  demoqaLog - ✅ JS click executed on element: {}
2025-09-04 17:48:20 [main] INFO  demoqaBase - ✅ Clicked on Modal Dialogs|Large Modal...
2025-09-04 17:48:20 [main] INFO  demoqaBase - Page Title is: Large Modal
2025-09-04 17:48:20 [main] INFO  demoqaBase - Large Modal Body Contains: Lorem Ipsum is simply dummy text of the printing and typesetting industry. Lorem Ipsum has been the industry's standard dummy text ever since the 1500s, when an unknown printer took a galley of type and scrambled it to make a type specimen book. It has survived not only five centuries, but also the leap into electronic typesetting, remaining essentially unchanged. It was popularised in the 1960s with the release of Letraset sheets containing Lorem Ipsum passages, and more recently with desktop publishing software like Aldus PageMaker including versions of Lorem Ipsum.
2025-09-04 17:48:20 [main] INFO  demoqaLog - ✅ JS click executed on element: {}
2025-09-04 17:48:20 [main] INFO  demoqaBase - ✅ Alerts, Frames & Windows|Modal Dialogs|Large Modal click Test Completed...
]]></system-out>
  </testcase>
  <testcase name="ClickSmallModal" classname="tests.AlertsFramesWindowsTests" time="1.652">
    <system-out><![CDATA[2025-09-04 17:48:20 [main] INFO  demoqaBase - Closing the Browser...
2025-09-04 17:48:21 [main] INFO  demoqaBase - Starting Web Browser...
2025-09-04 17:48:22 [main] INFO  demoqaBase - Navigating to demoqa.com Website
2025-09-04 17:48:22 [main] INFO  RetryUrlAccess - 🌐 Attempt 1: Navigating to https://demoqa.com
2025-09-04 17:48:28 [main] INFO  RetryUrlAccess - ✅ Successfully navigated to: https://demoqa.com
2025-09-04 17:48:28 [main] INFO  demoqaBase - 🧪 Starting Test Alerts, Frames & Windows|Modal Dialogs|Small Modal...
2025-09-04 17:48:28 [main] INFO  demoqaBase - Accessing Alerts, Frame & Windows Card...
Declared Instance WebDriverWait: org.openqa.selenium.support.ui.WebDriverWait@4e2109fe
2025-09-04 17:48:28 [main] INFO  demoqaLog - Clicking on Alert Frame & Windows Card...
2025-09-04 17:48:28 [main] INFO  demoqaLog - ✅ JS click executed on element: {}
2025-09-04 17:48:28 [main] INFO  demoqaLog - Clicked on on Alert Frame & Windows Card...
Title of this Page is: DEMOQA
You are Accessing: Alerts, Frame & Windows
2025-09-04 17:48:28 [main] INFO  demoqaBase - Alerts, Frame & Windows Card: Please select an item from left to start practice.
2025-09-04 17:48:28 [main] INFO  demoqaBase - 🔍 Starting test for Frames|Modal Dialogs click ..
2025-09-04 17:48:29 [main] INFO  demoqaLog - ✅ JS click executed on element: {}
2025-09-04 17:48:29 [main] INFO  demoqaBase - ✅ Clicked on Modal Dialogs...
2025-09-04 17:48:29 [main] INFO  demoqaBase - Page Title is: Modal Dialogs
2025-09-04 17:48:29 [main] INFO  demoqaBase - 🔍 Starting test for Frames|Modal Dialogs|Small Modal click...
2025-09-04 17:48:29 [main] INFO  demoqaLog - ✅ JS click executed on element: {}
2025-09-04 17:48:29 [main] INFO  demoqaBase - ✅ Clicked on Modal Dialogs|Small Modal...
2025-09-04 17:48:29 [main] INFO  demoqaBase - Page Title is: Small Modal
2025-09-04 17:48:29 [main] INFO  demoqaBase - Small Modal Body Contains: This is a small modal. It has very less content
2025-09-04 17:48:30 [main] INFO  demoqaLog - ✅ JS click executed on element: {}
2025-09-04 17:48:30 [main] INFO  demoqaBase - ✅ Alerts, Frames & Windows|Modal Dialogs|Small Modal click Test Completed...
]]></system-out>
  </testcase>
  <testcase name="GetParentFrame" classname="tests.AlertsFramesWindowsTests" time="3.847">
    <system-out><![CDATA[2025-09-04 17:48:30 [main] INFO  demoqaBase - Closing the Browser...
2025-09-04 17:48:30 [main] INFO  demoqaBase - Starting Web Browser...
2025-09-04 17:48:31 [main] INFO  demoqaBase - Navigating to demoqa.com Website
2025-09-04 17:48:31 [main] INFO  RetryUrlAccess - 🌐 Attempt 1: Navigating to https://demoqa.com
2025-09-04 17:48:42 [main] INFO  RetryUrlAccess - ✅ Successfully navigated to: https://demoqa.com
2025-09-04 17:48:42 [main] INFO  demoqaBase - 🧪 Starting Test Alerts, Frames & Windows|Frames|Parent Frame message...
2025-09-04 17:48:42 [main] INFO  demoqaBase - Accessing Alerts, Frame & Windows Card...
Declared Instance WebDriverWait: org.openqa.selenium.support.ui.WebDriverWait@43ab0659
2025-09-04 17:48:42 [main] INFO  demoqaLog - Clicking on Alert Frame & Windows Card...
2025-09-04 17:48:42 [main] INFO  demoqaLog - ✅ JS click executed on element: {}
2025-09-04 17:48:42 [main] INFO  demoqaLog - Clicked on on Alert Frame & Windows Card...
Title of this Page is: DEMOQA
You are Accessing: Alerts, Frame & Windows
2025-09-04 17:48:43 [main] INFO  demoqaBase - Alerts, Frame & Windows Card: Please select an item from left to start practice.
2025-09-04 17:48:43 [main] INFO  demoqaBase - 🔍 Starting test for Frames|Nested Frames click ..
2025-09-04 17:48:43 [main] INFO  demoqaLog - ✅ JS click executed on element: {}
2025-09-04 17:48:43 [main] INFO  demoqaBase - ✅ Clicked on Nested Frames...
2025-09-04 17:48:43 [main] INFO  demoqaBase - Page Title is: Nested Frames
2025-09-04 17:48:43 [main] INFO  demoqaBase - 🔍 Starting test for Frames|Parent Frame Message...
2025-09-04 17:48:46 [main] INFO  demoqaBase - After switching, frame body contains: [Parent frame]
2025-09-04 17:48:46 [main] INFO  demoqaBase - ✅ Alerts, Frames & Windows|Frames|Parent Frame message Test Completed...
]]></system-out>
  </testcase>
  <testcase name="GetChildFrame" classname="tests.AlertsFramesWindowsTests" time="1.221">
    <system-out><![CDATA[2025-09-04 17:48:46 [main] INFO  demoqaBase - Closing the Browser...
2025-09-04 17:48:47 [main] INFO  demoqaBase - Starting Web Browser...
2025-09-04 17:48:48 [main] INFO  demoqaBase - Navigating to demoqa.com Website
2025-09-04 17:48:48 [main] INFO  RetryUrlAccess - 🌐 Attempt 1: Navigating to https://demoqa.com
2025-09-04 17:49:00 [main] INFO  RetryUrlAccess - ✅ Successfully navigated to: https://demoqa.com
2025-09-04 17:49:00 [main] INFO  demoqaBase - 🧪 Starting Test Alerts, Frames & Windows|Frames|Child Frame message...
2025-09-04 17:49:00 [main] INFO  demoqaBase - Accessing Alerts, Frame & Windows Card...
Declared Instance WebDriverWait: org.openqa.selenium.support.ui.WebDriverWait@e8c84eb
2025-09-04 17:49:00 [main] INFO  demoqaLog - Clicking on Alert Frame & Windows Card...
2025-09-04 17:49:00 [main] INFO  demoqaLog - ✅ JS click executed on element: {}
2025-09-04 17:49:00 [main] INFO  demoqaLog - Clicked on on Alert Frame & Windows Card...
Title of this Page is: DEMOQA
You are Accessing: Alerts, Frame & Windows
2025-09-04 17:49:00 [main] INFO  demoqaBase - Alerts, Frame & Windows Card: Please select an item from left to start practice.
2025-09-04 17:49:00 [main] INFO  demoqaBase - 🔍 Starting test for Frames|Nested Frames click ..
2025-09-04 17:49:00 [main] INFO  demoqaLog - ✅ JS click executed on element: {}
2025-09-04 17:49:00 [main] INFO  demoqaBase - ✅ Clicked on Nested Frames...
2025-09-04 17:49:01 [main] INFO  demoqaBase - Page Title is: Nested Frames
2025-09-04 17:49:01 [main] INFO  demoqaBase - 🔍 Starting test for Frames|Child Frame Message...
2025-09-04 17:49:01 [main] INFO  demoqaBase - After switching, frame body contains: [Child Iframe]
2025-09-04 17:49:01 [main] INFO  demoqaBase - ✅ Alerts, Frames & Windows|Frames|Child Frame message Test Completed...
]]></system-out>
  </testcase>
  <testcase name="ElementsCard" classname="tests.ElementsTests" time="0.81">
    <system-out><![CDATA[2025-09-04 17:49:01 [main] INFO  demoqaBase - Closing the Browser...
2025-09-04 17:49:02 [main] INFO  demoqaBase - Starting Web Browser...
2025-09-04 17:49:03 [main] INFO  demoqaBase - Navigating to demoqa.com Website
2025-09-04 17:49:03 [main] INFO  RetryUrlAccess - 🌐 Attempt 1: Navigating to https://demoqa.com
2025-09-04 17:49:14 [main] INFO  RetryUrlAccess - ✅ Successfully navigated to: https://demoqa.com
2025-09-04 17:49:14 [main] INFO  demoqaBase - 🧪 Starting Test Elements | Text Box Test...
Instance Variables Declared are: nullnull
2025-09-04 17:49:14 [main] INFO  demoqaBase - Accessing Elements Card...
2025-09-04 17:49:14 [main] INFO  demoqaLog - Clicking on Elements Card...
2025-09-04 17:49:14 [main] WARN  demoqaLog - ⚠️ JS click failed, falling back to native click. Reason: {}
2025-09-04 17:49:15 [main] INFO  demoqaLog - ✅ Native click succeeded on element: {}
2025-09-04 17:49:15 [main] INFO  demoqaLog - Clicked on Elements Card...
Title of this Page is: DEMOQA
You are Accessing: Elements
 
Elements: Please select an item from left to start practice.
2025-09-04 17:49:15 [main] INFO  demoqaBase - Elements: Please select an item from left to start practice.
Title of this Page is: DEMOQA
2025-09-04 17:49:15 [main] INFO  demoqaBase - ✅ Element Card Test Completed...
]]></system-out>
  </testcase>
  <testcase name="TextBox[TextBoxUser{firstName=&apos;Johny&apos;, lastName=&apos;Bravo&apos;, email=&apos;Jbravo@demoqa.com&apos;, currentAddress=&apos;301 Town 481, Brookville\n kansas 42129\n United States&apos;, permanentAddress=&apos;511 Grant 481, Prattsville\n Arkansas 72129\n United States&apos;}](1)" classname="tests.ElementsTests" time="2.365">
    <system-out><![CDATA[2025-09-04 17:49:15 [main] INFO  demoqaBase - Closing the Browser...
🧾 Row 1: {Salary=28000.0, Email=Jbravo@demoqa.com, Address=511 Grant 481, Prattsville\n Arkansas 72129\n United States, First Name=Johny, Gender=Male, City=Delhi, Mobile=9.238343488E9, Hobbies=Sports,Music, Subject=Computer Science, Current Address=301 Town 481, Brookville\n kansas 42129\n United States, Department=Information Technology, DOB=15/08/2000, Picture=/TestData/Mphoto.jpg, State=NCR, Last Name=Bravo, Age=34.0}
🔍 Mapping field: firstName | Excel Column: First Name | Value: Johny
🔍 Mapping field: lastName | Excel Column: Last Name | Value: Bravo
🔍 Mapping field: email | Excel Column: Email | Value: Jbravo@demoqa.com
🔍 Mapping field: currentAddress | Excel Column: Current Address | Value: 301 Town 481, Brookville\n kansas 42129\n United States
🔍 Mapping field: permanentAddress | Excel Column: Address | Value: 511 Grant 481, Prattsville\n Arkansas 72129\n United States
🧾 Row 2: {Salary=18000.0, Email=GFemina@demoqa.com, Address=512 Grant 481, Prattsville\n Arkansas 72129\n United States, First Name=Gene, Gender=Female, City=Merrut, Mobile=1.888343432E9, Hobbies=Music,Reading, Subject=Accounting, Current Address=302 Town 481, Brookville\n kansas 42129\n United States, Department=Finance, DOB=22/05/2002, Picture=/TestData/Fphoto.png, State=Uttar Pradesh, Last Name=Femina, Age=30.0}
🔍 Mapping field: firstName | Excel Column: First Name | Value: Gene
🔍 Mapping field: lastName | Excel Column: Last Name | Value: Femina
🔍 Mapping field: email | Excel Column: Email | Value: GFemina@demoqa.com
🔍 Mapping field: currentAddress | Excel Column: Current Address | Value: 302 Town 481, Brookville\n kansas 42129\n United States
🔍 Mapping field: permanentAddress | Excel Column: Address | Value: 512 Grant 481, Prattsville\n Arkansas 72129\n United States
🧾 Row 3: {Salary=15000.0, Email=BWisem@demoqa.com, Address=513 Grant 481, Prattsville\n Arkansas 72129\n United States, First Name=Bud, Gender=Other, City=Panipat, Mobile=8.932465432E9, Hobbies=Reading, Subject=Biology, Current Address=303 Town 481, Brookville\n kansas 42129\n United States, Department=Medicine, DOB=31/12/1999, Picture=/TestData/Ophoto.jpg, State=Haryana, Last Name=Wisem, Age=40.0}
🔍 Mapping field: firstName | Excel Column: First Name | Value: Bud
🔍 Mapping field: lastName | Excel Column: Last Name | Value: Wisem
🔍 Mapping field: email | Excel Column: Email | Value: BWisem@demoqa.com
🔍 Mapping field: currentAddress | Excel Column: Current Address | Value: 303 Town 481, Brookville\n kansas 42129\n United States
🔍 Mapping field: permanentAddress | Excel Column: Address | Value: 513 Grant 481, Prattsville\n Arkansas 72129\n United States
🧾 Row 4: {Salary=19000.0, Email=TBoss@demoqa.com, Address=514 Grant 481, Prattsville\n Arkansas 72129\n United States, First Name=Tom, Gender=Male, City=Jaiselmer, Mobile=7.839875281E9, Hobbies=Sports,Reading, Subject=Social Studies, Current Address=304 Town 481, Brookville\n kansas 42129\n United States, Department=Recreation, DOB=1/26/03, Picture=/TestData/M2photo.jpg, State=Rajasthan, Last Name=Boss, Age=42.0}
🔍 Mapping field: firstName | Excel Column: First Name | Value: Tom
🔍 Mapping field: lastName | Excel Column: Last Name | Value: Boss
🔍 Mapping field: email | Excel Column: Email | Value: TBoss@demoqa.com
🔍 Mapping field: currentAddress | Excel Column: Current Address | Value: 304 Town 481, Brookville\n kansas 42129\n United States
🔍 Mapping field: permanentAddress | Excel Column: Address | Value: 514 Grant 481, Prattsville\n Arkansas 72129\n United States
2025-09-04 17:49:17 [main] INFO  demoqaBase - Starting Web Browser...
2025-09-04 17:49:18 [main] INFO  demoqaBase - Navigating to demoqa.com Website
2025-09-04 17:49:18 [main] INFO  RetryUrlAccess - 🌐 Attempt 1: Navigating to https://demoqa.com
2025-09-04 17:49:23 [main] INFO  RetryUrlAccess - ✅ Successfully navigated to: https://demoqa.com
2025-09-04 17:49:23 [main] INFO  demoqaBase - 🧪 Starting Test Elements | Text Box Test...
Instance Variables Declared are: nullnull
2025-09-04 17:49:23 [main] INFO  demoqaBase - Accessing Elements Card...
2025-09-04 17:49:23 [main] INFO  demoqaLog - Clicking on Elements Card...
2025-09-04 17:49:23 [main] WARN  demoqaLog - ⚠️ JS click failed, falling back to native click. Reason: {}
2025-09-04 17:49:23 [main] INFO  demoqaLog - ✅ Native click succeeded on element: {}
2025-09-04 17:49:23 [main] INFO  demoqaLog - Clicked on Elements Card...
Title of this Page is: DEMOQA
You are Accessing: Elements
 
Elements: Please select an item from left to start practice.
2025-09-04 17:49:23 [main] INFO  demoqaBase - Elements: Please select an item from left to start practice.
2025-09-04 17:49:23 [main] INFO  demoqaBase - Accessing Text Box...
Text Box
2025-09-04 17:49:24 [main] INFO  demoqaBase - You are accessing: Text Box
2025-09-04 17:49:24 [main] INFO  demoqaBase - 📝 Filling TextBox form for user: Johny Bravo
2025-09-04 17:49:25 [main] INFO  demoqaBase - ✅ Form filled successfully for: Johny Bravo
2025-09-04 17:49:25 [main] INFO  demoqaLog - ✅ JS click executed on element: {}
2025-09-04 17:49:25 [main] INFO  demoqaBase - 🔍 Validating submitted form for: Johny Bravo
2025-09-04 17:49:25 [main] INFO  demoqaBase - ✅ Validation passed for user: Johny Bravo
2025-09-04 17:49:25 [main] INFO  demoqaBase - ✅ Text Box Element Test Completed...
]]></system-out>
  </testcase>
  <testcase name="TextBox[TextBoxUser{firstName=&apos;Gene&apos;, lastName=&apos;Femina&apos;, email=&apos;GFemina@demoqa.com&apos;, currentAddress=&apos;302 Town 481, Brookville\n kansas 42129\n United States&apos;, permanentAddress=&apos;512 Grant 481, Prattsville\n Arkansas 72129\n United States&apos;}](2)" classname="tests.ElementsTests" time="2.056">
    <system-out><![CDATA[Path for Screenshot is: C:\ASN\eclipse_workspace\demoqa-automation/screenshots/TextBox Passed+2025-09-04_17-49-25.png
2025-09-04 17:49:25 [main] INFO  demoqaBase - Closing the Browser...
2025-09-04 17:49:26 [main] INFO  demoqaBase - Starting Web Browser...
2025-09-04 17:49:27 [main] INFO  demoqaBase - Navigating to demoqa.com Website
2025-09-04 17:49:27 [main] INFO  RetryUrlAccess - 🌐 Attempt 1: Navigating to https://demoqa.com
2025-09-04 17:49:32 [main] INFO  RetryUrlAccess - ✅ Successfully navigated to: https://demoqa.com
2025-09-04 17:49:32 [main] INFO  demoqaBase - 🧪 Starting Test Elements | Text Box Test...
Instance Variables Declared are: nullnull
2025-09-04 17:49:32 [main] INFO  demoqaBase - Accessing Elements Card...
2025-09-04 17:49:32 [main] INFO  demoqaLog - Clicking on Elements Card...
2025-09-04 17:49:32 [main] WARN  demoqaLog - ⚠️ JS click failed, falling back to native click. Reason: {}
2025-09-04 17:49:32 [main] INFO  demoqaLog - ✅ Native click succeeded on element: {}
2025-09-04 17:49:32 [main] INFO  demoqaLog - Clicked on Elements Card...
Title of this Page is: DEMOQA
You are Accessing: Elements
 
Elements: Please select an item from left to start practice.
2025-09-04 17:49:32 [main] INFO  demoqaBase - Elements: Please select an item from left to start practice.
2025-09-04 17:49:32 [main] INFO  demoqaBase - Accessing Text Box...
Text Box
2025-09-04 17:49:33 [main] INFO  demoqaBase - You are accessing: Text Box
2025-09-04 17:49:33 [main] INFO  demoqaBase - 📝 Filling TextBox form for user: Gene Femina
2025-09-04 17:49:33 [main] INFO  demoqaBase - ✅ Form filled successfully for: Gene Femina
2025-09-04 17:49:34 [main] INFO  demoqaLog - ✅ JS click executed on element: {}
2025-09-04 17:49:34 [main] INFO  demoqaBase - 🔍 Validating submitted form for: Gene Femina
2025-09-04 17:49:34 [main] INFO  demoqaBase - ✅ Validation passed for user: Gene Femina
2025-09-04 17:49:34 [main] INFO  demoqaBase - ✅ Text Box Element Test Completed...
]]></system-out>
  </testcase>
  <testcase name="TextBox[TextBoxUser{firstName=&apos;Bud&apos;, lastName=&apos;Wisem&apos;, email=&apos;BWisem@demoqa.com&apos;, currentAddress=&apos;303 Town 481, Brookville\n kansas 42129\n United States&apos;, permanentAddress=&apos;513 Grant 481, Prattsville\n Arkansas 72129\n United States&apos;}](3)" classname="tests.ElementsTests" time="2.556">
    <system-out><![CDATA[Path for Screenshot is: C:\ASN\eclipse_workspace\demoqa-automation/screenshots/TextBox Passed+2025-09-04_17-49-34.png
2025-09-04 17:49:34 [main] INFO  demoqaBase - Closing the Browser...
2025-09-04 17:49:35 [main] INFO  demoqaBase - Starting Web Browser...
2025-09-04 17:49:37 [main] INFO  demoqaBase - Navigating to demoqa.com Website
2025-09-04 17:49:37 [main] INFO  RetryUrlAccess - 🌐 Attempt 1: Navigating to https://demoqa.com
2025-09-04 17:49:48 [main] INFO  RetryUrlAccess - ✅ Successfully navigated to: https://demoqa.com
2025-09-04 17:49:48 [main] INFO  demoqaBase - 🧪 Starting Test Elements | Text Box Test...
Instance Variables Declared are: nullnull
2025-09-04 17:49:48 [main] INFO  demoqaBase - Accessing Elements Card...
2025-09-04 17:49:48 [main] INFO  demoqaLog - Clicking on Elements Card...
2025-09-04 17:49:48 [main] WARN  demoqaLog - ⚠️ JS click failed, falling back to native click. Reason: {}
2025-09-04 17:49:48 [main] INFO  demoqaLog - ✅ Native click succeeded on element: {}
2025-09-04 17:49:48 [main] INFO  demoqaLog - Clicked on Elements Card...
Title of this Page is: DEMOQA
You are Accessing: Elements
 
Elements: Please select an item from left to start practice.
2025-09-04 17:49:48 [main] INFO  demoqaBase - Elements: Please select an item from left to start practice.
2025-09-04 17:49:48 [main] INFO  demoqaBase - Accessing Text Box...
Text Box
2025-09-04 17:49:49 [main] INFO  demoqaBase - You are accessing: Text Box
2025-09-04 17:49:49 [main] INFO  demoqaBase - 📝 Filling TextBox form for user: Bud Wisem
2025-09-04 17:49:50 [main] INFO  demoqaBase - ✅ Form filled successfully for: Bud Wisem
2025-09-04 17:49:50 [main] INFO  demoqaLog - ✅ JS click executed on element: {}
2025-09-04 17:49:50 [main] INFO  demoqaBase - 🔍 Validating submitted form for: Bud Wisem
2025-09-04 17:49:50 [main] INFO  demoqaBase - ✅ Validation passed for user: Bud Wisem
2025-09-04 17:49:50 [main] INFO  demoqaBase - ✅ Text Box Element Test Completed...
]]></system-out>
  </testcase>
  <testcase name="TextBox[TextBoxUser{firstName=&apos;Tom&apos;, lastName=&apos;Boss&apos;, email=&apos;TBoss@demoqa.com&apos;, currentAddress=&apos;304 Town 481, Brookville\n kansas 42129\n United States&apos;, permanentAddress=&apos;514 Grant 481, Prattsville\n Arkansas 72129\n United States&apos;}](4)" classname="tests.ElementsTests" time="2.783">
    <system-out><![CDATA[Path for Screenshot is: C:\ASN\eclipse_workspace\demoqa-automation/screenshots/TextBox Passed+2025-09-04_17-49-50.png
2025-09-04 17:49:50 [main] INFO  demoqaBase - Closing the Browser...
2025-09-04 17:49:51 [main] INFO  demoqaBase - Starting Web Browser...
2025-09-04 17:49:52 [main] INFO  demoqaBase - Navigating to demoqa.com Website
2025-09-04 17:49:52 [main] INFO  RetryUrlAccess - 🌐 Attempt 1: Navigating to https://demoqa.com
2025-09-04 17:50:04 [main] INFO  RetryUrlAccess - ✅ Successfully navigated to: https://demoqa.com
2025-09-04 17:50:04 [main] INFO  demoqaBase - 🧪 Starting Test Elements | Text Box Test...
Instance Variables Declared are: nullnull
2025-09-04 17:50:04 [main] INFO  demoqaBase - Accessing Elements Card...
2025-09-04 17:50:04 [main] INFO  demoqaLog - Clicking on Elements Card...
2025-09-04 17:50:04 [main] WARN  demoqaLog - ⚠️ JS click failed, falling back to native click. Reason: {}
2025-09-04 17:50:05 [main] INFO  demoqaLog - ✅ Native click succeeded on element: {}
2025-09-04 17:50:05 [main] INFO  demoqaLog - Clicked on Elements Card...
Title of this Page is: DEMOQA
You are Accessing: Elements
 
Elements: Please select an item from left to start practice.
2025-09-04 17:50:05 [main] INFO  demoqaBase - Elements: Please select an item from left to start practice.
2025-09-04 17:50:05 [main] INFO  demoqaBase - Accessing Text Box...
Text Box
2025-09-04 17:50:06 [main] INFO  demoqaBase - You are accessing: Text Box
2025-09-04 17:50:06 [main] INFO  demoqaBase - 📝 Filling TextBox form for user: Tom Boss
2025-09-04 17:50:07 [main] INFO  demoqaBase - ✅ Form filled successfully for: Tom Boss
2025-09-04 17:50:07 [main] INFO  demoqaLog - ✅ JS click executed on element: {}
2025-09-04 17:50:07 [main] INFO  demoqaBase - 🔍 Validating submitted form for: Tom Boss
2025-09-04 17:50:07 [main] INFO  demoqaBase - ✅ Validation passed for user: Tom Boss
2025-09-04 17:50:07 [main] INFO  demoqaBase - ✅ Text Box Element Test Completed...
]]></system-out>
  </testcase>
  <testcase name="CheckBox" classname="tests.ElementsTests" time="1.092">
    <system-out><![CDATA[Path for Screenshot is: C:\ASN\eclipse_workspace\demoqa-automation/screenshots/TextBox Passed+2025-09-04_17-50-07.png
2025-09-04 17:50:07 [main] INFO  demoqaBase - Closing the Browser...
2025-09-04 17:50:08 [main] INFO  demoqaBase - Starting Web Browser...
2025-09-04 17:50:10 [main] INFO  demoqaBase - Navigating to demoqa.com Website
2025-09-04 17:50:10 [main] INFO  RetryUrlAccess - 🌐 Attempt 1: Navigating to https://demoqa.com
2025-09-04 17:50:19 [main] INFO  RetryUrlAccess - ✅ Successfully navigated to: https://demoqa.com
2025-09-04 17:50:19 [main] INFO  demoqaBase - 🧪 Starting Test Elements | Check Box Test...
Instance Variables Declared are: nullnull
2025-09-04 17:50:19 [main] INFO  demoqaBase - Accessing Elements Card...
2025-09-04 17:50:19 [main] INFO  demoqaLog - Clicking on Elements Card...
2025-09-04 17:50:20 [main] WARN  demoqaLog - ⚠️ JS click failed, falling back to native click. Reason: {}
2025-09-04 17:50:20 [main] INFO  demoqaLog - ✅ Native click succeeded on element: {}
2025-09-04 17:50:20 [main] INFO  demoqaLog - Clicked on Elements Card...
Title of this Page is: DEMOQA
You are Accessing: Elements
 
Elements: Please select an item from left to start practice.
2025-09-04 17:50:20 [main] INFO  demoqaBase - Elements: Please select an item from left to start practice.
2025-09-04 17:50:20 [main] INFO  demoqaBase - Accessing Check Box...
Check Box
2025-09-04 17:50:20 [main] INFO  demoqaBase - You are accessing: Check Box
2025-09-04 17:50:20 [main] INFO  demoqaBase - ✅ Test Elements | Check Box Test Test Completed...
]]></system-out>
  </testcase>
  <testcase name="SelectingHomeCheckBox" classname="tests.ElementsTests" time="1.46">
    <system-out><![CDATA[2025-09-04 17:50:20 [main] INFO  demoqaBase - Closing the Browser...
2025-09-04 17:50:21 [main] INFO  demoqaBase - Starting Web Browser...
2025-09-04 17:50:22 [main] INFO  demoqaBase - Navigating to demoqa.com Website
2025-09-04 17:50:22 [main] INFO  RetryUrlAccess - 🌐 Attempt 1: Navigating to https://demoqa.com
2025-09-04 17:50:28 [main] INFO  RetryUrlAccess - ✅ Successfully navigated to: https://demoqa.com
2025-09-04 17:50:28 [main] INFO  demoqaBase - 🧪 Starting Test Elements | Selecting Home Check Box Test...
Instance Variables Declared are: nullnull
2025-09-04 17:50:28 [main] INFO  demoqaBase - Accessing Elements Card...
2025-09-04 17:50:28 [main] INFO  demoqaLog - Clicking on Elements Card...
2025-09-04 17:50:28 [main] WARN  demoqaLog - ⚠️ JS click failed, falling back to native click. Reason: {}
2025-09-04 17:50:29 [main] INFO  demoqaLog - ✅ Native click succeeded on element: {}
2025-09-04 17:50:29 [main] INFO  demoqaLog - Clicked on Elements Card...
Title of this Page is: DEMOQA
You are Accessing: Elements
 
Elements: Please select an item from left to start practice.
2025-09-04 17:50:29 [main] INFO  demoqaBase - Elements: Please select an item from left to start practice.
2025-09-04 17:50:29 [main] INFO  demoqaBase - Accessing Check Box...
Check Box
2025-09-04 17:50:29 [main] INFO  demoqaBase - You are accessing: Check Box
2025-09-04 17:50:29 [main] INFO  demoqaBase - Selecting Home Check Box...
Information Submitted is: You have selected :
home
desktop
notes
commands
documents
workspace
react
angular
veu
office
public
private
classified
general
downloads
wordFile
excelFile
2025-09-04 17:50:30 [main] INFO  demoqaBase - You have Selected: You have selected :
home
desktop
notes
commands
documents
workspace
react
angular
veu
office
public
private
classified
general
downloads
wordFile
excelFile
2025-09-04 17:50:30 [main] INFO  demoqaBase - ✅ Elements | Selecting Home Test Completed...
]]></system-out>
  </testcase>
  <testcase name="SelectingDesktopCheckBox" classname="tests.ElementsTests" time="1.072">
    <system-out><![CDATA[2025-09-04 17:50:30 [main] INFO  demoqaBase - Closing the Browser...
2025-09-04 17:50:30 [main] INFO  demoqaBase - Starting Web Browser...
2025-09-04 17:50:32 [main] INFO  demoqaBase - Navigating to demoqa.com Website
2025-09-04 17:50:32 [main] INFO  RetryUrlAccess - 🌐 Attempt 1: Navigating to https://demoqa.com
2025-09-04 17:50:36 [main] INFO  RetryUrlAccess - ✅ Successfully navigated to: https://demoqa.com
2025-09-04 17:50:36 [main] INFO  demoqaBase - 🧪 Starting Test Elements | Selecting Desktop Check Box Test...
Instance Variables Declared are: nullnull
2025-09-04 17:50:36 [main] INFO  demoqaBase - Accessing Elements Card...
2025-09-04 17:50:36 [main] INFO  demoqaLog - Clicking on Elements Card...
2025-09-04 17:50:36 [main] WARN  demoqaLog - ⚠️ JS click failed, falling back to native click. Reason: {}
2025-09-04 17:50:36 [main] INFO  demoqaLog - ✅ Native click succeeded on element: {}
2025-09-04 17:50:36 [main] INFO  demoqaLog - Clicked on Elements Card...
Title of this Page is: DEMOQA
You are Accessing: Elements
 
Elements: Please select an item from left to start practice.
2025-09-04 17:50:37 [main] INFO  demoqaBase - Elements: Please select an item from left to start practice.
2025-09-04 17:50:37 [main] INFO  demoqaBase - Accessing Check Box...
Check Box
2025-09-04 17:50:37 [main] INFO  demoqaBase - You are accessing: Check Box
2025-09-04 17:50:37 [main] INFO  demoqaBase - Clicking on Home Toggle Button...
2025-09-04 17:50:37 [main] INFO  demoqaBase - Selecting Deskstop Check Box...
Information Submitted is: You have selected :
desktop
notes
commands
2025-09-04 17:50:37 [main] INFO  demoqaBase - You have Selected: You have selected :
desktop
notes
commands
2025-09-04 17:50:37 [main] INFO  demoqaBase - ✅ Elements | Home | Desktop Test Completed...
]]></system-out>
  </testcase>
  <testcase name="SelectingNotesCommandsClick" classname="tests.ElementsTests" time="1.731">
    <system-out><![CDATA[2025-09-04 17:50:37 [main] INFO  demoqaBase - Closing the Browser...
2025-09-04 17:50:38 [main] INFO  demoqaBase - Starting Web Browser...
2025-09-04 17:50:39 [main] INFO  demoqaBase - Navigating to demoqa.com Website
2025-09-04 17:50:39 [main] INFO  RetryUrlAccess - 🌐 Attempt 1: Navigating to https://demoqa.com
2025-09-04 17:50:46 [main] INFO  RetryUrlAccess - ✅ Successfully navigated to: https://demoqa.com
2025-09-04 17:50:46 [main] INFO  demoqaBase - 🧪 Starting Test Elements | Selecting Desktop| Notes & Commands Check Box Test...
Instance Variables Declared are: nullnull
2025-09-04 17:50:46 [main] INFO  demoqaBase - Accessing Elements Card...
2025-09-04 17:50:46 [main] INFO  demoqaLog - Clicking on Elements Card...
2025-09-04 17:50:46 [main] WARN  demoqaLog - ⚠️ JS click failed, falling back to native click. Reason: {}
2025-09-04 17:50:46 [main] INFO  demoqaLog - ✅ Native click succeeded on element: {}
2025-09-04 17:50:46 [main] INFO  demoqaLog - Clicked on Elements Card...
Title of this Page is: DEMOQA
You are Accessing: Elements
 
Elements: Please select an item from left to start practice.
2025-09-04 17:50:46 [main] INFO  demoqaBase - Elements: Please select an item from left to start practice.
2025-09-04 17:50:46 [main] INFO  demoqaBase - Accessing Check Box...
Check Box
2025-09-04 17:50:47 [main] INFO  demoqaBase - You are accessing: Check Box
2025-09-04 17:50:47 [main] INFO  demoqaBase - Clicking on Home Toggle Button...
2025-09-04 17:50:47 [main] INFO  demoqaLog - ✅ JS click executed on element: {}
2025-09-04 17:50:47 [main] INFO  demoqaBase - Clicking on Desktop Toggle Button...
2025-09-04 17:50:47 [main] INFO  demoqaBase - Clicking on Notes Button...
2025-09-04 17:50:47 [main] INFO  demoqaBase - Clicking on Commands Button...
2025-09-04 17:50:48 [main] INFO  demoqaBase - Selected Notes & Commands...
Information Submitted is: You have selected :
desktop
notes
commands
2025-09-04 17:50:48 [main] INFO  demoqaBase - You have Selected: You have selected :
desktop
notes
commands
2025-09-04 17:50:48 [main] INFO  demoqaBase - ✅ Elements | Home | Desktop | Notes & Commands Completed...
]]></system-out>
  </testcase>
  <testcase name="SelectingDocumentsCheckBox" classname="tests.ElementsTests" time="1.124">
    <system-out><![CDATA[2025-09-04 17:50:48 [main] INFO  demoqaBase - Closing the Browser...
2025-09-04 17:50:48 [main] INFO  demoqaBase - Starting Web Browser...
2025-09-04 17:50:50 [main] INFO  demoqaBase - Navigating to demoqa.com Website
2025-09-04 17:50:50 [main] INFO  RetryUrlAccess - 🌐 Attempt 1: Navigating to https://demoqa.com
2025-09-04 17:51:00 [main] INFO  RetryUrlAccess - ✅ Successfully navigated to: https://demoqa.com
2025-09-04 17:51:00 [main] INFO  demoqaBase - 🧪 Starting Test Elements | Selecting Documents Check Box Test...
Instance Variables Declared are: nullnull
2025-09-04 17:51:00 [main] INFO  demoqaBase - Accessing Elements Card...
2025-09-04 17:51:00 [main] INFO  demoqaLog - Clicking on Elements Card...
2025-09-04 17:51:00 [main] WARN  demoqaLog - ⚠️ JS click failed, falling back to native click. Reason: {}
2025-09-04 17:51:00 [main] INFO  demoqaLog - ✅ Native click succeeded on element: {}
2025-09-04 17:51:00 [main] INFO  demoqaLog - Clicked on Elements Card...
Title of this Page is: DEMOQA
You are Accessing: Elements
 
Elements: Please select an item from left to start practice.
2025-09-04 17:51:01 [main] INFO  demoqaBase - Elements: Please select an item from left to start practice.
2025-09-04 17:51:01 [main] INFO  demoqaBase - Accessing Check Box...
Check Box
2025-09-04 17:51:01 [main] INFO  demoqaBase - You are accessing: Check Box
2025-09-04 17:51:01 [main] INFO  demoqaBase - Clicking on Home Toggle Button...
2025-09-04 17:51:01 [main] INFO  demoqaBase - Selecting Documents Check Box...
2025-09-04 17:51:01 [main] INFO  demoqaBase - Selected Documents Check Box...
Information Submitted is: You have selected :
documents
workspace
react
angular
veu
office
public
private
classified
general
2025-09-04 17:51:01 [main] INFO  demoqaBase - You have Selected: You have selected :
documents
workspace
react
angular
veu
office
public
private
classified
general
2025-09-04 17:51:01 [main] INFO  demoqaBase - ✅ Test Elements | Selecting Documents Check Box Test Completed...
]]></system-out>
  </testcase>
  <testcase name="SelectingWorkSpace" classname="tests.ElementsTests" time="1.713">
    <system-out><![CDATA[2025-09-04 17:51:01 [main] INFO  demoqaBase - Closing the Browser...
2025-09-04 17:51:02 [main] INFO  demoqaBase - Starting Web Browser...
2025-09-04 17:51:03 [main] INFO  demoqaBase - Navigating to demoqa.com Website
2025-09-04 17:51:03 [main] INFO  RetryUrlAccess - 🌐 Attempt 1: Navigating to https://demoqa.com
2025-09-04 17:51:10 [main] INFO  RetryUrlAccess - ✅ Successfully navigated to: https://demoqa.com
2025-09-04 17:51:10 [main] INFO  demoqaBase - 🧪 Starting Test Elements | Home | Selecting Documents | WorkSpace Check Box Test...
Instance Variables Declared are: nullnull
2025-09-04 17:51:10 [main] INFO  demoqaBase - Accessing Elements Card...
2025-09-04 17:51:10 [main] INFO  demoqaLog - Clicking on Elements Card...
2025-09-04 17:51:10 [main] WARN  demoqaLog - ⚠️ JS click failed, falling back to native click. Reason: {}
2025-09-04 17:51:10 [main] INFO  demoqaLog - ✅ Native click succeeded on element: {}
2025-09-04 17:51:10 [main] INFO  demoqaLog - Clicked on Elements Card...
Title of this Page is: DEMOQA
You are Accessing: Elements
 
Elements: Please select an item from left to start practice.
2025-09-04 17:51:10 [main] INFO  demoqaBase - Elements: Please select an item from left to start practice.
2025-09-04 17:51:10 [main] INFO  demoqaBase - Accessing Check Box...
Check Box
2025-09-04 17:51:11 [main] INFO  demoqaBase - You are accessing: Check Box
2025-09-04 17:51:11 [main] INFO  demoqaBase - Clicking on Home Toggle Button...
2025-09-04 17:51:11 [main] INFO  demoqaBase - Clicking on Documents Toggle Button...
2025-09-04 17:51:11 [main] INFO  demoqaBase - Selecting WorkSpace Check Box...
2025-09-04 17:51:11 [main] INFO  demoqaLog - ✅ JS click executed on element: {}
2025-09-04 17:51:11 [main] INFO  demoqaBase - Selected WorkSpace Check Box...
Information Submitted is: You have selected :
workspace
react
angular
veu
2025-09-04 17:51:11 [main] INFO  demoqaBase - You have Selected: You have selected :
workspace
react
angular
veu
2025-09-04 17:51:11 [main] INFO  demoqaBase - ✅ Test Elements | Home | Selecting Documents | WorkSpace Check Box Completed...
]]></system-out>
  </testcase>
  <testcase name="SelectReact" classname="tests.ElementsTests" time="1.806">
    <system-out><![CDATA[2025-09-04 17:51:11 [main] INFO  demoqaBase - Closing the Browser...
2025-09-04 17:51:12 [main] INFO  demoqaBase - Starting Web Browser...
2025-09-04 17:51:14 [main] INFO  demoqaBase - Navigating to demoqa.com Website
2025-09-04 17:51:14 [main] INFO  RetryUrlAccess - 🌐 Attempt 1: Navigating to https://demoqa.com
2025-09-04 17:51:19 [main] INFO  RetryUrlAccess - ✅ Successfully navigated to: https://demoqa.com
2025-09-04 17:51:19 [main] INFO  demoqaBase - 🧪 Starting Test Elements|Home|Selecting Documents|WorkSpace|React Check Box Test...
Instance Variables Declared are: nullnull
2025-09-04 17:51:19 [main] INFO  demoqaBase - Accessing Elements Card...
2025-09-04 17:51:19 [main] INFO  demoqaLog - Clicking on Elements Card...
2025-09-04 17:51:19 [main] WARN  demoqaLog - ⚠️ JS click failed, falling back to native click. Reason: {}
2025-09-04 17:51:20 [main] INFO  demoqaLog - ✅ Native click succeeded on element: {}
2025-09-04 17:51:20 [main] INFO  demoqaLog - Clicked on Elements Card...
Title of this Page is: DEMOQA
You are Accessing: Elements
 
Elements: Please select an item from left to start practice.
2025-09-04 17:51:20 [main] INFO  demoqaBase - Elements: Please select an item from left to start practice.
2025-09-04 17:51:20 [main] INFO  demoqaBase - Accessing Check Box...
Check Box
2025-09-04 17:51:20 [main] INFO  demoqaBase - You are accessing: Check Box
2025-09-04 17:51:20 [main] INFO  demoqaBase - Clicking on Home Toggle Button...
2025-09-04 17:51:20 [main] INFO  demoqaBase - Clicking on Documents Toggle Button...
2025-09-04 17:51:21 [main] INFO  demoqaBase - Clicking WorkSpace Toggle Button...
2025-09-04 17:51:21 [main] INFO  demoqaLog - ✅ JS click executed on element: {}
2025-09-04 17:51:21 [main] INFO  demoqaBase - Clicked WorkSpace Toggle Button...
2025-09-04 17:51:21 [main] INFO  demoqaBase - Selecting WorkSpace | React Check Box...
2025-09-04 17:51:21 [main] INFO  demoqaBase - Selected WorkSpace | React Check Box...
Information Submitted is: You have selected :
react
2025-09-04 17:51:21 [main] INFO  demoqaBase - You have Selected: You have selected :
react
2025-09-04 17:51:21 [main] INFO  demoqaBase - ✅ Test Elements|Home|Documents| Selecting WorkSpace|React Check Box Completed...
]]></system-out>
  </testcase>
  <testcase name="SelectAngular" classname="tests.ElementsTests" time="2.244">
    <failure message="element click intercepted: Element &lt;span class=&quot;rct-checkbox&quot;&gt;...&lt;/span&gt; is not clickable at point (515, 676). Other element would receive the click: &lt;iframe frameborder=&quot;0&quot; src=&quot;https://945b6582a4b89f8bfb509799cc3f130a.safeframe.googlesyndication.com/safeframe/1-0-45/html/container.html&quot; id=&quot;google_ads_iframe_/21849154601,22343295815/Ad.Plus-Anchor_0&quot; title=&quot;3rd party ad content&quot; name=&quot;&quot; scrolling=&quot;no&quot; marginwidth=&quot;0&quot; marginheight=&quot;0&quot; width=&quot;728&quot; height=&quot;90&quot; data-is-safeframe=&quot;true&quot; sandbox=&quot;allow-forms allow-popups allow-popups-to-escape-sandbox allow-same-origin allow-scripts allow-top-navigation-by-user-activation&quot; allow=&quot;private-state-token-redemption;attribution-reporting&quot; aria-label=&quot;Advertisement&quot; tabindex=&quot;0&quot; data-google-container-id=&quot;1&quot; style=&quot;border: 0px; vertical-align: bottom;&quot; data-load-complete=&quot;true&quot;&gt;&lt;/iframe&gt;&#10;  (Session info: chrome=137.0.7151.120)&#10;Build info: version: &apos;4.35.0&apos;, revision: &apos;1c58e5028b&apos;&#10;System info: os.name: &apos;Windows 11&apos;, os.arch: &apos;amd64&apos;, os.version: &apos;10.0&apos;, java.version: &apos;21.0.7&apos;&#10;Driver info: org.openqa.selenium.chrome.ChromeDriver&#10;Command: [710ef305f84d8c7794ae3fffcd1dc04b, clickElement {id=f.8ABBE38BF250F5632597339685A91D24.d.3A0793E95880220FF59C93CCB0F0F1C5.e.64}]&#10;Capabilities {acceptInsecureCerts: false, browserName: chrome, browserVersion: 137.0.7151.120, chrome: {chromedriverVersion: 137.0.7151.119 (e0ac9d12dff..., userDataDir: C:\Users\dell\AppData\Local...}, fedcm:accounts: true, goog:chromeOptions: {debuggerAddress: localhost:57113}, networkConnectionEnabled: false, pageLoadStrategy: normal, platformName: windows, proxy: Proxy(), se:cdp: ws://localhost:57113/devtoo..., se:cdpVersion: 137.0.7151.120, setWindowRect: true, strictFileInteractability: false, timeouts: {implicit: 0, pageLoad: 300000, script: 30000}, unhandledPromptBehavior: dismiss and notify, webauthn:extension:credBlob: true, webauthn:extension:largeBlob: true, webauthn:extension:minPinLength: true, webauthn:extension:prf: true, webauthn:virtualAuthenticators: true}&#10;Element: [[ChromeDriver: chrome on windows (710ef305f84d8c7794ae3fffcd1dc04b)] -&gt; xpath: //label[@for=&apos;tree-node-angular&apos;]//span[@class=&apos;rct-checkbox&apos;]]&#10;Session ID: 710ef305f84d8c7794ae3fffcd1dc04b" type="org.openqa.selenium.ElementClickInterceptedException"><![CDATA[org.openqa.selenium.ElementClickInterceptedException: 
element click intercepted: Element <span class="rct-checkbox">...</span> is not clickable at point (515, 676). Other element would receive the click: <iframe frameborder="0" src="https://945b6582a4b89f8bfb509799cc3f130a.safeframe.googlesyndication.com/safeframe/1-0-45/html/container.html" id="google_ads_iframe_/21849154601,22343295815/Ad.Plus-Anchor_0" title="3rd party ad content" name="" scrolling="no" marginwidth="0" marginheight="0" width="728" height="90" data-is-safeframe="true" sandbox="allow-forms allow-popups allow-popups-to-escape-sandbox allow-same-origin allow-scripts allow-top-navigation-by-user-activation" allow="private-state-token-redemption;attribution-reporting" aria-label="Advertisement" tabindex="0" data-google-container-id="1" style="border: 0px; vertical-align: bottom;" data-load-complete="true"></iframe>
  (Session info: chrome=137.0.7151.120)
Build info: version: '4.35.0', revision: '1c58e5028b'
System info: os.name: 'Windows 11', os.arch: 'amd64', os.version: '10.0', java.version: '21.0.7'
Driver info: org.openqa.selenium.chrome.ChromeDriver
Command: [710ef305f84d8c7794ae3fffcd1dc04b, clickElement {id=f.8ABBE38BF250F5632597339685A91D24.d.3A0793E95880220FF59C93CCB0F0F1C5.e.64}]
Capabilities {acceptInsecureCerts: false, browserName: chrome, browserVersion: 137.0.7151.120, chrome: {chromedriverVersion: 137.0.7151.119 (e0ac9d12dff..., userDataDir: C:\Users\dell\AppData\Local...}, fedcm:accounts: true, goog:chromeOptions: {debuggerAddress: localhost:57113}, networkConnectionEnabled: false, pageLoadStrategy: normal, platformName: windows, proxy: Proxy(), se:cdp: ws://localhost:57113/devtoo..., se:cdpVersion: 137.0.7151.120, setWindowRect: true, strictFileInteractability: false, timeouts: {implicit: 0, pageLoad: 300000, script: 30000}, unhandledPromptBehavior: dismiss and notify, webauthn:extension:credBlob: true, webauthn:extension:largeBlob: true, webauthn:extension:minPinLength: true, webauthn:extension:prf: true, webauthn:virtualAuthenticators: true}
Element: [[ChromeDriver: chrome on windows (710ef305f84d8c7794ae3fffcd1dc04b)] -> xpath: //label[@for='tree-node-angular']//span[@class='rct-checkbox']]
Session ID: 710ef305f84d8c7794ae3fffcd1dc04b
	at java.base/jdk.internal.reflect.DirectConstructorHandleAccessor.newInstance(DirectConstructorHandleAccessor.java:62)
	at java.base/java.lang.reflect.Constructor.newInstanceWithCaller(Constructor.java:502)
	at java.base/java.lang.reflect.Constructor.newInstance(Constructor.java:486)
	at org.openqa.selenium.remote.ErrorCodec.decode(ErrorCodec.java:167)
	at org.openqa.selenium.remote.codec.w3c.W3CHttpResponseCodec.decode(W3CHttpResponseCodec.java:138)
	at org.openqa.selenium.remote.codec.w3c.W3CHttpResponseCodec.decode(W3CHttpResponseCodec.java:50)
	at org.openqa.selenium.remote.HttpCommandExecutor.execute(HttpCommandExecutor.java:215)
	at org.openqa.selenium.remote.service.DriverCommandExecutor.invokeExecute(DriverCommandExecutor.java:216)
	at org.openqa.selenium.remote.service.DriverCommandExecutor.execute(DriverCommandExecutor.java:174)
	at org.openqa.selenium.remote.RemoteWebDriver.execute(RemoteWebDriver.java:557)
	at org.openqa.selenium.remote.RemoteWebElement.execute(RemoteWebElement.java:223)
	at org.openqa.selenium.remote.RemoteWebElement.click(RemoteWebElement.java:76)
	at java.base/jdk.internal.reflect.DirectMethodHandleAccessor.invoke(DirectMethodHandleAccessor.java:103)
	at java.base/java.lang.reflect.Method.invoke(Method.java:580)
	at org.openqa.selenium.support.pagefactory.internal.LocatingElementHandler.invoke(LocatingElementHandler.java:51)
	at jdk.proxy2/jdk.proxy2.$Proxy29.click(Unknown Source)
	at pages.elementsPage.selectAngular(elementsPage.java:497)
	at tests.ElementsTests.SelectAngular(ElementsTests.java:217)
	at java.base/jdk.internal.reflect.DirectMethodHandleAccessor.invoke(DirectMethodHandleAccessor.java:103)
	at java.base/java.lang.reflect.Method.invoke(Method.java:580)
	at org.testng.internal.invokers.MethodInvocationHelper.invokeMethod(MethodInvocationHelper.java:141)
	at org.testng.internal.invokers.TestInvoker.invokeMethod(TestInvoker.java:687)
	at org.testng.internal.invokers.TestInvoker.invokeTestMethod(TestInvoker.java:230)
	at org.testng.internal.invokers.MethodRunner.runInSequence(MethodRunner.java:63)
	at org.testng.internal.invokers.TestInvoker$MethodInvocationAgent.invoke(TestInvoker.java:995)
	at org.testng.internal.invokers.TestInvoker.invokeTestMethods(TestInvoker.java:203)
	at org.testng.internal.invokers.TestMethodWorker.invokeTestMethods(TestMethodWorker.java:154)
	at org.testng.internal.invokers.TestMethodWorker.run(TestMethodWorker.java:134)
	at java.base/java.util.ArrayList.forEach(ArrayList.java:1596)
	at org.testng.TestRunner.privateRun(TestRunner.java:741)
	at org.testng.TestRunner.run(TestRunner.java:616)
	at org.testng.SuiteRunner.runTest(SuiteRunner.java:421)
	at org.testng.SuiteRunner.runSequentially(SuiteRunner.java:413)
	at org.testng.SuiteRunner.privateRun(SuiteRunner.java:373)
	at org.testng.SuiteRunner.run(SuiteRunner.java:312)
	at org.testng.SuiteRunnerWorker.runSuite(SuiteRunnerWorker.java:52)
	at org.testng.SuiteRunnerWorker.run(SuiteRunnerWorker.java:95)
	at org.testng.TestNG.runSuitesSequentially(TestNG.java:1274)
	at org.testng.TestNG.runSuitesLocally(TestNG.java:1208)
	at org.testng.TestNG.runSuites(TestNG.java:1112)
	at org.testng.TestNG.run(TestNG.java:1079)
	at org.apache.maven.surefire.testng.TestNGExecutor.run(TestNGExecutor.java:155)
	at org.apache.maven.surefire.testng.TestNGDirectoryTestSuite.executeMulti(TestNGDirectoryTestSuite.java:169)
	at org.apache.maven.surefire.testng.TestNGDirectoryTestSuite.execute(TestNGDirectoryTestSuite.java:88)
	at org.apache.maven.surefire.testng.TestNGProvider.invoke(TestNGProvider.java:137)
	at org.apache.maven.surefire.booter.ForkedBooter.runSuitesInProcess(ForkedBooter.java:385)
	at org.apache.maven.surefire.booter.ForkedBooter.execute(ForkedBooter.java:162)
	at org.apache.maven.surefire.booter.ForkedBooter.run(ForkedBooter.java:507)
	at org.apache.maven.surefire.booter.ForkedBooter.main(ForkedBooter.java:495)
]]></failure>
    <system-out><![CDATA[2025-09-04 17:51:21 [main] INFO  demoqaBase - Closing the Browser...
2025-09-04 17:51:21 [main] INFO  demoqaBase - Starting Web Browser...
2025-09-04 17:51:23 [main] INFO  demoqaBase - Navigating to demoqa.com Website
2025-09-04 17:51:23 [main] INFO  RetryUrlAccess - 🌐 Attempt 1: Navigating to https://demoqa.com
2025-09-04 17:51:34 [main] WARN  RetryUrlAccess - 🔁 Attempt 1 failed due to retryable error: detected error page after navigation
build info: version: '4.35.0', revision: '1c58e5028b'
system info: os.name: 'windows 11', os.arch: 'amd64', os.version: '10.0', java.version: '21.0.7'
driver info: driver.version: unknown. Retrying after 3000ms...
2025-09-04 17:51:37 [main] INFO  RetryUrlAccess - 🌐 Attempt 2: Navigating to https://demoqa.com
2025-09-04 17:51:37 [main] INFO  RetryUrlAccess - ✅ Successfully navigated to: https://demoqa.com
2025-09-04 17:51:37 [main] INFO  demoqaBase - 🧪 Starting Test Elements|Home|Selecting Documents|WorkSpace|Angular Check Box Test...
Instance Variables Declared are: nullnull
2025-09-04 17:51:37 [main] INFO  demoqaBase - Accessing Elements Card...
2025-09-04 17:51:37 [main] INFO  demoqaLog - Clicking on Elements Card...
2025-09-04 17:51:38 [main] WARN  demoqaLog - ⚠️ JS click failed, falling back to native click. Reason: {}
2025-09-04 17:51:38 [main] INFO  demoqaLog - ✅ Native click succeeded on element: {}
2025-09-04 17:51:38 [main] INFO  demoqaLog - Clicked on Elements Card...
Title of this Page is: DEMOQA
You are Accessing: Elements
 
Elements: Please select an item from left to start practice.
2025-09-04 17:51:38 [main] INFO  demoqaBase - Elements: Please select an item from left to start practice.
2025-09-04 17:51:38 [main] INFO  demoqaBase - Accessing Check Box...
Check Box
2025-09-04 17:51:38 [main] INFO  demoqaBase - You are accessing: Check Box
2025-09-04 17:51:38 [main] INFO  demoqaBase - Clicking on Home Toggle Button...
2025-09-04 17:51:38 [main] INFO  demoqaBase - Clicking on Documents Toggle Button...
2025-09-04 17:51:38 [main] INFO  demoqaBase - Clicking WorkSpace Toggle Button...
2025-09-04 17:51:38 [main] INFO  demoqaLog - ✅ JS click executed on element: {}
2025-09-04 17:51:38 [main] INFO  demoqaBase - Clicked WorkSpace Toggle Button...
2025-09-04 17:51:38 [main] INFO  demoqaBase - Selecting WorkSpace | Angular Check Box...
]]></system-out>
  </testcase>
  <testcase name="SelectVeu" classname="tests.ElementsTests" time="1.897">
    <system-out><![CDATA[Path for Screenshot is: C:\ASN\eclipse_workspace\demoqa-automation/screenshots/com.aventstack.extentreports.ExtentTest@318155b1Test Failed+2025-09-04_17-51-40.png
2025-09-04 17:51:40 [main] INFO  demoqaBase - Closing the Browser...
2025-09-04 17:51:41 [main] INFO  demoqaBase - Starting Web Browser...
2025-09-04 17:51:42 [main] INFO  demoqaBase - Navigating to demoqa.com Website
2025-09-04 17:51:42 [main] INFO  RetryUrlAccess - 🌐 Attempt 1: Navigating to https://demoqa.com
2025-09-04 17:51:52 [main] INFO  RetryUrlAccess - ✅ Successfully navigated to: https://demoqa.com
2025-09-04 17:51:52 [main] INFO  demoqaBase - 🧪 Starting Test Elements|Home|Selecting Documents|WorkSpace|Veu Check Box Test...
Instance Variables Declared are: nullnull
2025-09-04 17:51:52 [main] INFO  demoqaBase - Accessing Elements Card...
2025-09-04 17:51:52 [main] INFO  demoqaLog - Clicking on Elements Card...
2025-09-04 17:51:53 [main] WARN  demoqaLog - ⚠️ JS click failed, falling back to native click. Reason: {}
2025-09-04 17:51:53 [main] INFO  demoqaLog - ✅ Native click succeeded on element: {}
2025-09-04 17:51:53 [main] INFO  demoqaLog - Clicked on Elements Card...
Title of this Page is: DEMOQA
You are Accessing: Elements
 
Elements: Please select an item from left to start practice.
2025-09-04 17:51:53 [main] INFO  demoqaBase - Elements: Please select an item from left to start practice.
2025-09-04 17:51:53 [main] INFO  demoqaBase - Accessing Check Box...
Check Box
2025-09-04 17:51:54 [main] INFO  demoqaBase - You are accessing: Check Box
2025-09-04 17:51:54 [main] INFO  demoqaBase - Clicking on Home Toggle Button...
2025-09-04 17:51:54 [main] INFO  demoqaBase - Clicking on Documents Toggle Button...
2025-09-04 17:51:54 [main] INFO  demoqaBase - Clicking WorkSpace Toggle Button...
2025-09-04 17:51:54 [main] INFO  demoqaLog - ✅ JS click executed on element: {}
2025-09-04 17:51:54 [main] INFO  demoqaBase - Clicked WorkSpace Toggle Button...
2025-09-04 17:51:54 [main] INFO  demoqaBase - Selecting WorkSpace | Veu Check Box...
2025-09-04 17:51:54 [main] INFO  demoqaBase - Selected WorkSpace | Veu Check Box...
Information Submitted is: You have selected :
veu
2025-09-04 17:51:54 [main] INFO  demoqaBase - You have Selected: You have selected :
veu
2025-09-04 17:51:54 [main] INFO  demoqaBase - ✅ Test Elements|Home|Documents| Selecting WorkSpace|Veu Check Box Completed...
]]></system-out>
  </testcase>
  <testcase name="SelectReactAnuglarVeu" classname="tests.ElementsTests" time="2.144">
    <system-out><![CDATA[2025-09-04 17:51:54 [main] INFO  demoqaBase - Closing the Browser...
2025-09-04 17:51:55 [main] INFO  demoqaBase - Starting Web Browser...
2025-09-04 17:51:56 [main] INFO  demoqaBase - Navigating to demoqa.com Website
2025-09-04 17:51:56 [main] INFO  RetryUrlAccess - 🌐 Attempt 1: Navigating to https://demoqa.com
2025-09-04 17:52:07 [main] INFO  RetryUrlAccess - ✅ Successfully navigated to: https://demoqa.com
2025-09-04 17:52:07 [main] INFO  demoqaBase - 🧪 Starting Test Elements|Home|Selecting Documents|WorkSpace|React-Anuglar-Veu Check Box Test...
Instance Variables Declared are: nullnull
2025-09-04 17:52:07 [main] INFO  demoqaBase - Accessing Elements Card...
2025-09-04 17:52:07 [main] INFO  demoqaLog - Clicking on Elements Card...
2025-09-04 17:52:07 [main] WARN  demoqaLog - ⚠️ JS click failed, falling back to native click. Reason: {}
2025-09-04 17:52:08 [main] INFO  demoqaLog - ✅ Native click succeeded on element: {}
2025-09-04 17:52:08 [main] INFO  demoqaLog - Clicked on Elements Card...
Title of this Page is: DEMOQA
You are Accessing: Elements
 
Elements: Please select an item from left to start practice.
2025-09-04 17:52:08 [main] INFO  demoqaBase - Elements: Please select an item from left to start practice.
2025-09-04 17:52:08 [main] INFO  demoqaBase - Accessing Check Box...
Check Box
2025-09-04 17:52:08 [main] INFO  demoqaBase - You are accessing: Check Box
2025-09-04 17:52:08 [main] INFO  demoqaBase - Clicking on Home Toggle Button...
2025-09-04 17:52:08 [main] INFO  demoqaBase - Clicking on Documents Toggle Button...
2025-09-04 17:52:08 [main] INFO  demoqaBase - Clicking WorkSpace Toggle Button...
2025-09-04 17:52:08 [main] INFO  demoqaLog - ✅ JS click executed on element: {}
2025-09-04 17:52:08 [main] INFO  demoqaBase - Clicked WorkSpace Toggle Button...
2025-09-04 17:52:08 [main] INFO  demoqaBase - Selecting WorkSpace | React Check Box...
2025-09-04 17:52:09 [main] INFO  demoqaBase - Selected WorkSpace | React Check Box...
2025-09-04 17:52:09 [main] INFO  demoqaBase - Selecting WorkSpace | Angular Check Box...
2025-09-04 17:52:09 [main] INFO  demoqaBase - Selected WorkSpace | Angular Check Box...
2025-09-04 17:52:09 [main] INFO  demoqaBase - Selecting WorkSpace | Veu Check Box...
2025-09-04 17:52:09 [main] INFO  demoqaBase - Selected WorkSpace | Veu Check Box...
Information Submitted is: You have selected :
workspace
react
angular
veu
2025-09-04 17:52:09 [main] INFO  demoqaBase - You have Selected: You have selected :
workspace
react
angular
veu
2025-09-04 17:52:09 [main] INFO  demoqaBase - ✅ Test Elements|Home|Documents| Selecting WorkSpace|React-Anuglar-Veu Check Box Completed...
]]></system-out>
  </testcase>
  <testcase name="SelectingOffice" classname="tests.ElementsTests" time="1.302">
    <system-out><![CDATA[2025-09-04 17:52:09 [main] INFO  demoqaBase - Closing the Browser...
2025-09-04 17:52:10 [main] INFO  demoqaBase - Starting Web Browser...
2025-09-04 17:52:11 [main] INFO  demoqaBase - Navigating to demoqa.com Website
2025-09-04 17:52:11 [main] INFO  RetryUrlAccess - 🌐 Attempt 1: Navigating to https://demoqa.com
2025-09-04 17:52:23 [main] WARN  RetryUrlAccess - 🔁 Attempt 1 failed due to retryable error: detected error page after navigation
build info: version: '4.35.0', revision: '1c58e5028b'
system info: os.name: 'windows 11', os.arch: 'amd64', os.version: '10.0', java.version: '21.0.7'
driver info: driver.version: unknown. Retrying after 3000ms...
2025-09-04 17:52:26 [main] INFO  RetryUrlAccess - 🌐 Attempt 2: Navigating to https://demoqa.com
2025-09-04 17:52:27 [main] INFO  RetryUrlAccess - ✅ Successfully navigated to: https://demoqa.com
2025-09-04 17:52:27 [main] INFO  demoqaBase - 🧪 Starting Test Elements|Home|Selecting Documents|Office Check Box Test...
Instance Variables Declared are: nullnull
2025-09-04 17:52:27 [main] INFO  demoqaBase - Accessing Elements Card...
2025-09-04 17:52:27 [main] INFO  demoqaLog - Clicking on Elements Card...
2025-09-04 17:52:27 [main] WARN  demoqaLog - ⚠️ JS click failed, falling back to native click. Reason: {}
2025-09-04 17:52:28 [main] INFO  demoqaLog - ✅ Native click succeeded on element: {}
2025-09-04 17:52:28 [main] INFO  demoqaLog - Clicked on Elements Card...
Title of this Page is: DEMOQA
You are Accessing: Elements
 
Elements: Please select an item from left to start practice.
2025-09-04 17:52:28 [main] INFO  demoqaBase - Elements: Please select an item from left to start practice.
2025-09-04 17:52:28 [main] INFO  demoqaBase - Accessing Check Box...
Check Box
2025-09-04 17:52:28 [main] INFO  demoqaBase - You are accessing: Check Box
2025-09-04 17:52:28 [main] INFO  demoqaBase - Clicking on Home Toggle Button...
2025-09-04 17:52:28 [main] INFO  demoqaBase - Clicking on Documents Toggle Button...
2025-09-04 17:52:28 [main] INFO  demoqaBase - Selecting WorkSpace Check Box...
2025-09-04 17:52:28 [main] INFO  demoqaLog - ✅ JS click executed on element: {}
2025-09-04 17:52:28 [main] INFO  demoqaBase - Selected WorkSpace Check Box...
Information Submitted is: You have selected :
office
public
private
classified
general
2025-09-04 17:52:28 [main] INFO  demoqaBase - You have Selected: You have selected :
office
public
private
classified
general
2025-09-04 17:52:28 [main] INFO  demoqaBase - ✅ Test Elements|Home|Selecting Documents|Office Check Box Completed...
]]></system-out>
  </testcase>
  <testcase name="SelectPublic" classname="tests.ElementsTests" time="1.535">
    <system-out><![CDATA[2025-09-04 17:52:28 [main] INFO  demoqaBase - Closing the Browser...
2025-09-04 17:52:29 [main] INFO  demoqaBase - Starting Web Browser...
2025-09-04 17:52:30 [main] INFO  demoqaBase - Navigating to demoqa.com Website
2025-09-04 17:52:30 [main] INFO  RetryUrlAccess - 🌐 Attempt 1: Navigating to https://demoqa.com
2025-09-04 17:52:42 [main] INFO  RetryUrlAccess - ✅ Successfully navigated to: https://demoqa.com
2025-09-04 17:52:42 [main] INFO  demoqaBase - 🧪 Starting Test Elements|Home|Selecting Documents|Office|Public Check Box Test...
Instance Variables Declared are: nullnull
2025-09-04 17:52:42 [main] INFO  demoqaBase - Accessing Elements Card...
2025-09-04 17:52:42 [main] INFO  demoqaLog - Clicking on Elements Card...
2025-09-04 17:52:42 [main] WARN  demoqaLog - ⚠️ JS click failed, falling back to native click. Reason: {}
2025-09-04 17:52:42 [main] INFO  demoqaLog - ✅ Native click succeeded on element: {}
2025-09-04 17:52:42 [main] INFO  demoqaLog - Clicked on Elements Card...
Title of this Page is: DEMOQA
You are Accessing: Elements
 
Elements: Please select an item from left to start practice.
2025-09-04 17:52:42 [main] INFO  demoqaBase - Elements: Please select an item from left to start practice.
2025-09-04 17:52:42 [main] INFO  demoqaBase - Accessing Check Box...
Check Box
2025-09-04 17:52:43 [main] INFO  demoqaBase - You are accessing: Check Box
2025-09-04 17:52:43 [main] INFO  demoqaBase - Clicking on Home Toggle Button...
2025-09-04 17:52:43 [main] INFO  demoqaBase - Clicking on Documents Toggle Button...
2025-09-04 17:52:43 [main] INFO  demoqaBase - Clicking Office Toggle Button...
2025-09-04 17:52:43 [main] INFO  demoqaLog - ✅ JS click executed on element: {}
2025-09-04 17:52:43 [main] INFO  demoqaBase - Clicked Office Toggle Button...
2025-09-04 17:52:43 [main] INFO  demoqaBase - Selecting Office | Public Check Box...
2025-09-04 17:52:43 [main] INFO  demoqaBase - Selected Office | Public Check Box...
Information Submitted is: You have selected :
public
2025-09-04 17:52:43 [main] INFO  demoqaBase - You have Selected: You have selected :
public
2025-09-04 17:52:43 [main] INFO  demoqaBase - ✅ Test Elements|Home|Documents|Office|Selecting Public Check Box Completed...
]]></system-out>
  </testcase>
  <testcase name="SelectPrivate" classname="tests.ElementsTests" time="1.87">
    <system-out><![CDATA[2025-09-04 17:52:43 [main] INFO  demoqaBase - Closing the Browser...
2025-09-04 17:52:44 [main] INFO  demoqaBase - Starting Web Browser...
2025-09-04 17:52:45 [main] INFO  demoqaBase - Navigating to demoqa.com Website
2025-09-04 17:52:45 [main] INFO  RetryUrlAccess - 🌐 Attempt 1: Navigating to https://demoqa.com
2025-09-04 17:52:56 [main] INFO  RetryUrlAccess - ✅ Successfully navigated to: https://demoqa.com
2025-09-04 17:52:56 [main] INFO  demoqaBase - 🧪 Starting Test Elements|Home|Selecting Documents|Office|Private Check Box Test...
Instance Variables Declared are: nullnull
2025-09-04 17:52:56 [main] INFO  demoqaBase - Accessing Elements Card...
2025-09-04 17:52:56 [main] INFO  demoqaLog - Clicking on Elements Card...
2025-09-04 17:52:56 [main] WARN  demoqaLog - ⚠️ JS click failed, falling back to native click. Reason: {}
2025-09-04 17:52:56 [main] INFO  demoqaLog - ✅ Native click succeeded on element: {}
2025-09-04 17:52:56 [main] INFO  demoqaLog - Clicked on Elements Card...
Title of this Page is: DEMOQA
You are Accessing: Elements
 
Elements: Please select an item from left to start practice.
2025-09-04 17:52:56 [main] INFO  demoqaBase - Elements: Please select an item from left to start practice.
2025-09-04 17:52:56 [main] INFO  demoqaBase - Accessing Check Box...
Check Box
2025-09-04 17:52:56 [main] INFO  demoqaBase - You are accessing: Check Box
2025-09-04 17:52:56 [main] INFO  demoqaBase - Clicking on Home Toggle Button...
2025-09-04 17:52:57 [main] INFO  demoqaBase - Clicking on Documents Toggle Button...
2025-09-04 17:52:57 [main] INFO  demoqaBase - Clicking Office Toggle Button...
2025-09-04 17:52:57 [main] INFO  demoqaLog - ✅ JS click executed on element: {}
2025-09-04 17:52:57 [main] INFO  demoqaBase - Clicked Office Toggle Button...
2025-09-04 17:52:57 [main] INFO  demoqaBase - Selecting Office | Private Check Box...
2025-09-04 17:52:57 [main] INFO  demoqaBase - Selected Office | Private Check Box...
Information Submitted is: You have selected :
private
2025-09-04 17:52:57 [main] INFO  demoqaBase - You have Selected: You have selected :
private
2025-09-04 17:52:57 [main] INFO  demoqaBase - ✅ Test Elements|Home|Documents|Office|Selecting Private Check Box Completed...
]]></system-out>
  </testcase>
  <testcase name="SelectClassified" classname="tests.ElementsTests" time="1.764">
    <system-out><![CDATA[2025-09-04 17:52:57 [main] INFO  demoqaBase - Closing the Browser...
2025-09-04 17:52:58 [main] INFO  demoqaBase - Starting Web Browser...
2025-09-04 17:53:00 [main] INFO  demoqaBase - Navigating to demoqa.com Website
2025-09-04 17:53:00 [main] INFO  RetryUrlAccess - 🌐 Attempt 1: Navigating to https://demoqa.com
2025-09-04 17:53:06 [main] INFO  RetryUrlAccess - ✅ Successfully navigated to: https://demoqa.com
2025-09-04 17:53:06 [main] INFO  demoqaBase - 🧪 Starting Test Elements|Home|Selecting Documents|Office|Classified Check Box Test...
Instance Variables Declared are: nullnull
2025-09-04 17:53:06 [main] INFO  demoqaBase - Accessing Elements Card...
2025-09-04 17:53:06 [main] INFO  demoqaLog - Clicking on Elements Card...
2025-09-04 17:53:06 [main] WARN  demoqaLog - ⚠️ JS click failed, falling back to native click. Reason: {}
2025-09-04 17:53:06 [main] INFO  demoqaLog - ✅ Native click succeeded on element: {}
2025-09-04 17:53:06 [main] INFO  demoqaLog - Clicked on Elements Card...
Title of this Page is: DEMOQA
You are Accessing: Elements
 
Elements: Please select an item from left to start practice.
2025-09-04 17:53:07 [main] INFO  demoqaBase - Elements: Please select an item from left to start practice.
2025-09-04 17:53:07 [main] INFO  demoqaBase - Accessing Check Box...
Check Box
2025-09-04 17:53:07 [main] INFO  demoqaBase - You are accessing: Check Box
2025-09-04 17:53:07 [main] INFO  demoqaBase - Clicking on Home Toggle Button...
2025-09-04 17:53:07 [main] INFO  demoqaBase - Clicking on Documents Toggle Button...
2025-09-04 17:53:07 [main] INFO  demoqaBase - Clicking Office Toggle Button...
2025-09-04 17:53:07 [main] INFO  demoqaLog - ✅ JS click executed on element: {}
2025-09-04 17:53:07 [main] INFO  demoqaBase - Clicked Office Toggle Button...
2025-09-04 17:53:07 [main] INFO  demoqaBase - Selecting Office | Classified Check Box...
2025-09-04 17:53:07 [main] INFO  demoqaLog - ✅ JS click executed on element: {}
2025-09-04 17:53:07 [main] INFO  demoqaBase - Selected Office | Classified Check Box...
Information Submitted is: You have selected :
classified
2025-09-04 17:53:08 [main] INFO  demoqaBase - You have Selected: You have selected :
classified
2025-09-04 17:53:08 [main] INFO  demoqaBase - ✅ Test Elements|Home|Documents|Office|Selecting Classified Check Box Completed...
]]></system-out>
  </testcase>
  <testcase name="SelectGeneral" classname="tests.ElementsTests" time="1.444">
    <system-out><![CDATA[2025-09-04 17:53:08 [main] INFO  demoqaBase - Closing the Browser...
2025-09-04 17:53:08 [main] INFO  demoqaBase - Starting Web Browser...
2025-09-04 17:53:10 [main] INFO  demoqaBase - Navigating to demoqa.com Website
2025-09-04 17:53:10 [main] INFO  RetryUrlAccess - 🌐 Attempt 1: Navigating to https://demoqa.com
2025-09-04 17:53:15 [main] WARN  RetryUrlAccess - 🔁 Attempt 1 failed due to retryable error: detected error page after navigation
build info: version: '4.35.0', revision: '1c58e5028b'
system info: os.name: 'windows 11', os.arch: 'amd64', os.version: '10.0', java.version: '21.0.7'
driver info: driver.version: unknown. Retrying after 3000ms...
2025-09-04 17:53:18 [main] INFO  RetryUrlAccess - 🌐 Attempt 2: Navigating to https://demoqa.com
2025-09-04 17:53:19 [main] INFO  RetryUrlAccess - ✅ Successfully navigated to: https://demoqa.com
2025-09-04 17:53:19 [main] INFO  demoqaBase - 🧪 Starting Test Elements|Home|Selecting Documents|Office|General Check Box Test...
Instance Variables Declared are: nullnull
2025-09-04 17:53:19 [main] INFO  demoqaBase - Accessing Elements Card...
2025-09-04 17:53:19 [main] INFO  demoqaLog - Clicking on Elements Card...
2025-09-04 17:53:19 [main] WARN  demoqaLog - ⚠️ JS click failed, falling back to native click. Reason: {}
2025-09-04 17:53:19 [main] INFO  demoqaLog - ✅ Native click succeeded on element: {}
2025-09-04 17:53:19 [main] INFO  demoqaLog - Clicked on Elements Card...
Title of this Page is: DEMOQA
You are Accessing: Elements
 
Elements: Please select an item from left to start practice.
2025-09-04 17:53:19 [main] INFO  demoqaBase - Elements: Please select an item from left to start practice.
2025-09-04 17:53:19 [main] INFO  demoqaBase - Accessing Check Box...
Check Box
2025-09-04 17:53:19 [main] INFO  demoqaBase - You are accessing: Check Box
2025-09-04 17:53:19 [main] INFO  demoqaBase - Clicking on Home Toggle Button...
2025-09-04 17:53:20 [main] INFO  demoqaBase - Clicking on Documents Toggle Button...
2025-09-04 17:53:20 [main] INFO  demoqaBase - Clicking Office Toggle Button...
2025-09-04 17:53:20 [main] INFO  demoqaLog - ✅ JS click executed on element: {}
2025-09-04 17:53:20 [main] INFO  demoqaBase - Clicked Office Toggle Button...
2025-09-04 17:53:20 [main] INFO  demoqaBase - Selecting Office | General Check Box...
2025-09-04 17:53:20 [main] INFO  demoqaBase - Selected Office | General Check Box...
Information Submitted is: You have selected :
general
2025-09-04 17:53:20 [main] INFO  demoqaBase - You have Selected: You have selected :
general
2025-09-04 17:53:20 [main] INFO  demoqaBase - ✅ Test Elements|Home|Documents|Office|Selecting General Check Box Completed...
]]></system-out>
  </testcase>
  <testcase name="SelectOfficeAll" classname="tests.ElementsTests" time="1.497">
    <failure message="no such element: Unable to locate element: {&quot;method&quot;:&quot;xpath&quot;,&quot;selector&quot;:&quot;//*[@id=&quot;tree-node&quot;]/ol/li/ol/li[2]/span/button&quot;}&#10;  (Session info: chrome=137.0.7151.120)&#10;For documentation on this error, please visit: https://www.selenium.dev/documentation/webdriver/troubleshooting/errors#no-such-element-exception&#10;Build info: version: &apos;4.35.0&apos;, revision: &apos;1c58e5028b&apos;&#10;System info: os.name: &apos;Windows 11&apos;, os.arch: &apos;amd64&apos;, os.version: &apos;10.0&apos;, java.version: &apos;21.0.7&apos;&#10;Driver info: org.openqa.selenium.chrome.ChromeDriver&#10;Command: [c2b1fc6fda017bb5121742c0392e3eeb, findElement {value=//*[@id=&quot;tree-node&quot;]/ol/li/ol/li[2]/span/button, using=xpath}]&#10;Capabilities {acceptInsecureCerts: false, browserName: chrome, browserVersion: 137.0.7151.120, chrome: {chromedriverVersion: 137.0.7151.119 (e0ac9d12dff..., userDataDir: C:\Users\dell\AppData\Local...}, fedcm:accounts: true, goog:chromeOptions: {debuggerAddress: localhost:58359}, networkConnectionEnabled: false, pageLoadStrategy: normal, platformName: windows, proxy: Proxy(), se:cdp: ws://localhost:58359/devtoo..., se:cdpVersion: 137.0.7151.120, setWindowRect: true, strictFileInteractability: false, timeouts: {implicit: 0, pageLoad: 300000, script: 30000}, unhandledPromptBehavior: dismiss and notify, webauthn:extension:credBlob: true, webauthn:extension:largeBlob: true, webauthn:extension:minPinLength: true, webauthn:extension:prf: true, webauthn:virtualAuthenticators: true}&#10;Session ID: c2b1fc6fda017bb5121742c0392e3eeb" type="org.openqa.selenium.NoSuchElementException"><![CDATA[org.openqa.selenium.NoSuchElementException: 
no such element: Unable to locate element: {"method":"xpath","selector":"//*[@id="tree-node"]/ol/li/ol/li[2]/span/button"}
  (Session info: chrome=137.0.7151.120)
For documentation on this error, please visit: https://www.selenium.dev/documentation/webdriver/troubleshooting/errors#no-such-element-exception
Build info: version: '4.35.0', revision: '1c58e5028b'
System info: os.name: 'Windows 11', os.arch: 'amd64', os.version: '10.0', java.version: '21.0.7'
Driver info: org.openqa.selenium.chrome.ChromeDriver
Command: [c2b1fc6fda017bb5121742c0392e3eeb, findElement {value=//*[@id="tree-node"]/ol/li/ol/li[2]/span/button, using=xpath}]
Capabilities {acceptInsecureCerts: false, browserName: chrome, browserVersion: 137.0.7151.120, chrome: {chromedriverVersion: 137.0.7151.119 (e0ac9d12dff..., userDataDir: C:\Users\dell\AppData\Local...}, fedcm:accounts: true, goog:chromeOptions: {debuggerAddress: localhost:58359}, networkConnectionEnabled: false, pageLoadStrategy: normal, platformName: windows, proxy: Proxy(), se:cdp: ws://localhost:58359/devtoo..., se:cdpVersion: 137.0.7151.120, setWindowRect: true, strictFileInteractability: false, timeouts: {implicit: 0, pageLoad: 300000, script: 30000}, unhandledPromptBehavior: dismiss and notify, webauthn:extension:credBlob: true, webauthn:extension:largeBlob: true, webauthn:extension:minPinLength: true, webauthn:extension:prf: true, webauthn:virtualAuthenticators: true}
Session ID: c2b1fc6fda017bb5121742c0392e3eeb
	at java.base/jdk.internal.reflect.DirectConstructorHandleAccessor.newInstance(DirectConstructorHandleAccessor.java:62)
	at java.base/java.lang.reflect.Constructor.newInstanceWithCaller(Constructor.java:502)
	at java.base/java.lang.reflect.Constructor.newInstance(Constructor.java:486)
	at org.openqa.selenium.remote.ErrorCodec.decode(ErrorCodec.java:167)
	at org.openqa.selenium.remote.codec.w3c.W3CHttpResponseCodec.decode(W3CHttpResponseCodec.java:138)
	at org.openqa.selenium.remote.codec.w3c.W3CHttpResponseCodec.decode(W3CHttpResponseCodec.java:50)
	at org.openqa.selenium.remote.HttpCommandExecutor.execute(HttpCommandExecutor.java:215)
	at org.openqa.selenium.remote.service.DriverCommandExecutor.invokeExecute(DriverCommandExecutor.java:216)
	at org.openqa.selenium.remote.service.DriverCommandExecutor.execute(DriverCommandExecutor.java:174)
	at org.openqa.selenium.remote.RemoteWebDriver.execute(RemoteWebDriver.java:557)
	at org.openqa.selenium.remote.ElementLocation$ElementFinder$2.findElement(ElementLocation.java:165)
	at org.openqa.selenium.remote.ElementLocation.findElement(ElementLocation.java:59)
	at org.openqa.selenium.remote.RemoteWebDriver.findElement(RemoteWebDriver.java:380)
	at org.openqa.selenium.remote.RemoteWebDriver.findElement(RemoteWebDriver.java:374)
	at org.openqa.selenium.support.pagefactory.DefaultElementLocator.findElement(DefaultElementLocator.java:68)
	at org.openqa.selenium.support.pagefactory.internal.LocatingElementHandler.invoke(LocatingElementHandler.java:38)
	at jdk.proxy2/jdk.proxy2.$Proxy29.click(Unknown Source)
	at pages.elementsPage.ToggleDocuments(elementsPage.java:474)
	at tests.ElementsTests.SelectOfficeAll(ElementsTests.java:352)
	at java.base/jdk.internal.reflect.DirectMethodHandleAccessor.invoke(DirectMethodHandleAccessor.java:103)
	at java.base/java.lang.reflect.Method.invoke(Method.java:580)
	at org.testng.internal.invokers.MethodInvocationHelper.invokeMethod(MethodInvocationHelper.java:141)
	at org.testng.internal.invokers.TestInvoker.invokeMethod(TestInvoker.java:687)
	at org.testng.internal.invokers.TestInvoker.invokeTestMethod(TestInvoker.java:230)
	at org.testng.internal.invokers.MethodRunner.runInSequence(MethodRunner.java:63)
	at org.testng.internal.invokers.TestInvoker$MethodInvocationAgent.invoke(TestInvoker.java:995)
	at org.testng.internal.invokers.TestInvoker.invokeTestMethods(TestInvoker.java:203)
	at org.testng.internal.invokers.TestMethodWorker.invokeTestMethods(TestMethodWorker.java:154)
	at org.testng.internal.invokers.TestMethodWorker.run(TestMethodWorker.java:134)
	at java.base/java.util.ArrayList.forEach(ArrayList.java:1596)
	at org.testng.TestRunner.privateRun(TestRunner.java:741)
	at org.testng.TestRunner.run(TestRunner.java:616)
	at org.testng.SuiteRunner.runTest(SuiteRunner.java:421)
	at org.testng.SuiteRunner.runSequentially(SuiteRunner.java:413)
	at org.testng.SuiteRunner.privateRun(SuiteRunner.java:373)
	at org.testng.SuiteRunner.run(SuiteRunner.java:312)
	at org.testng.SuiteRunnerWorker.runSuite(SuiteRunnerWorker.java:52)
	at org.testng.SuiteRunnerWorker.run(SuiteRunnerWorker.java:95)
	at org.testng.TestNG.runSuitesSequentially(TestNG.java:1274)
	at org.testng.TestNG.runSuitesLocally(TestNG.java:1208)
	at org.testng.TestNG.runSuites(TestNG.java:1112)
	at org.testng.TestNG.run(TestNG.java:1079)
	at org.apache.maven.surefire.testng.TestNGExecutor.run(TestNGExecutor.java:155)
	at org.apache.maven.surefire.testng.TestNGDirectoryTestSuite.executeMulti(TestNGDirectoryTestSuite.java:169)
	at org.apache.maven.surefire.testng.TestNGDirectoryTestSuite.execute(TestNGDirectoryTestSuite.java:88)
	at org.apache.maven.surefire.testng.TestNGProvider.invoke(TestNGProvider.java:137)
	at org.apache.maven.surefire.booter.ForkedBooter.runSuitesInProcess(ForkedBooter.java:385)
	at org.apache.maven.surefire.booter.ForkedBooter.execute(ForkedBooter.java:162)
	at org.apache.maven.surefire.booter.ForkedBooter.run(ForkedBooter.java:507)
	at org.apache.maven.surefire.booter.ForkedBooter.main(ForkedBooter.java:495)
]]></failure>
    <system-out><![CDATA[2025-09-04 17:53:20 [main] INFO  demoqaBase - Closing the Browser...
2025-09-04 17:53:21 [main] INFO  demoqaBase - Starting Web Browser...
2025-09-04 17:53:22 [main] INFO  demoqaBase - Navigating to demoqa.com Website
2025-09-04 17:53:22 [main] INFO  RetryUrlAccess - 🌐 Attempt 1: Navigating to https://demoqa.com
2025-09-04 17:53:27 [main] INFO  RetryUrlAccess - ✅ Successfully navigated to: https://demoqa.com
2025-09-04 17:53:27 [main] INFO  demoqaBase - 🧪 Starting Test Elements|Home|Selecting Documents|Office|All Check Boxes Test...
Instance Variables Declared are: nullnull
2025-09-04 17:53:27 [main] INFO  demoqaBase - Accessing Elements Card...
2025-09-04 17:53:27 [main] INFO  demoqaLog - Clicking on Elements Card...
2025-09-04 17:53:27 [main] WARN  demoqaLog - ⚠️ JS click failed, falling back to native click. Reason: {}
2025-09-04 17:53:28 [main] INFO  demoqaLog - ✅ Native click succeeded on element: {}
2025-09-04 17:53:28 [main] INFO  demoqaLog - Clicked on Elements Card...
Title of this Page is: DEMOQA
You are Accessing: Elements
 
Elements: Please select an item from left to start practice.
2025-09-04 17:53:28 [main] INFO  demoqaBase - Elements: Please select an item from left to start practice.
2025-09-04 17:53:28 [main] INFO  demoqaBase - Accessing Check Box...
Check Box
2025-09-04 17:53:28 [main] INFO  demoqaBase - You are accessing: Check Box
2025-09-04 17:53:28 [main] INFO  demoqaBase - Clicking on Home Toggle Button...
2025-09-04 17:53:28 [main] INFO  demoqaBase - Clicking on Documents Toggle Button...
]]></system-out>
  </testcase>
  <testcase name="SelectingDownloads" classname="tests.ElementsTests" time="1.517">
    <system-out><![CDATA[Path for Screenshot is: C:\ASN\eclipse_workspace\demoqa-automation/screenshots/com.aventstack.extentreports.ExtentTest@3d1254b9Test Failed+2025-09-04_17-53-29.png
2025-09-04 17:53:29 [main] INFO  demoqaBase - Closing the Browser...
2025-09-04 17:53:30 [main] INFO  demoqaBase - Starting Web Browser...
2025-09-04 17:53:32 [main] INFO  demoqaBase - Navigating to demoqa.com Website
2025-09-04 17:53:32 [main] INFO  RetryUrlAccess - 🌐 Attempt 1: Navigating to https://demoqa.com
2025-09-04 17:53:36 [main] INFO  RetryUrlAccess - ✅ Successfully navigated to: https://demoqa.com
2025-09-04 17:53:36 [main] INFO  demoqaBase - 🧪 Starting Test Elements|Home|Selecting Downloads Check Box Test...
Instance Variables Declared are: nullnull
2025-09-04 17:53:36 [main] INFO  demoqaBase - Accessing Elements Card...
2025-09-04 17:53:36 [main] INFO  demoqaLog - Clicking on Elements Card...
2025-09-04 17:53:36 [main] WARN  demoqaLog - ⚠️ JS click failed, falling back to native click. Reason: {}
2025-09-04 17:53:37 [main] INFO  demoqaLog - ✅ Native click succeeded on element: {}
2025-09-04 17:53:37 [main] INFO  demoqaLog - Clicked on Elements Card...
Title of this Page is: DEMOQA
You are Accessing: Elements
 
Elements: Please select an item from left to start practice.
2025-09-04 17:53:37 [main] INFO  demoqaBase - Elements: Please select an item from left to start practice.
2025-09-04 17:53:37 [main] INFO  demoqaBase - Accessing Check Box...
Check Box
2025-09-04 17:53:37 [main] INFO  demoqaBase - You are accessing: Check Box
2025-09-04 17:53:37 [main] INFO  demoqaBase - Clicking on Home Toggle Button...
2025-09-04 17:53:37 [main] INFO  demoqaBase - Selecting Downloads Check Box...
2025-09-04 17:53:38 [main] INFO  demoqaLog - ✅ JS click executed on element: {}
2025-09-04 17:53:38 [main] INFO  demoqaBase - Selected Downloads Check Box...
Information Submitted is: You have selected :
downloads
wordFile
excelFile
2025-09-04 17:53:38 [main] INFO  demoqaBase - You have Selected: You have selected :
downloads
wordFile
excelFile
2025-09-04 17:53:38 [main] INFO  demoqaBase - ✅ Test Elements|Home|Selecting Downloads Check Box Completed...
]]></system-out>
  </testcase>
  <testcase name="SelectingWordFile" classname="tests.ElementsTests" time="1.718">
    <system-out><![CDATA[2025-09-04 17:53:38 [main] INFO  demoqaBase - Closing the Browser...
2025-09-04 17:53:38 [main] INFO  demoqaBase - Starting Web Browser...
2025-09-04 17:53:40 [main] INFO  demoqaBase - Navigating to demoqa.com Website
2025-09-04 17:53:40 [main] INFO  RetryUrlAccess - 🌐 Attempt 1: Navigating to https://demoqa.com
2025-09-04 17:53:46 [main] INFO  RetryUrlAccess - ✅ Successfully navigated to: https://demoqa.com
2025-09-04 17:53:46 [main] INFO  demoqaBase - 🧪 Starting Test Elements|Home|Selecting Downloads|Word File Check Box Test...
Instance Variables Declared are: nullnull
2025-09-04 17:53:46 [main] INFO  demoqaBase - Accessing Elements Card...
2025-09-04 17:53:46 [main] INFO  demoqaLog - Clicking on Elements Card...
2025-09-04 17:53:46 [main] WARN  demoqaLog - ⚠️ JS click failed, falling back to native click. Reason: {}
2025-09-04 17:53:46 [main] INFO  demoqaLog - ✅ Native click succeeded on element: {}
2025-09-04 17:53:46 [main] INFO  demoqaLog - Clicked on Elements Card...
Title of this Page is: DEMOQA
You are Accessing: Elements
 
Elements: Please select an item from left to start practice.
2025-09-04 17:53:47 [main] INFO  demoqaBase - Elements: Please select an item from left to start practice.
2025-09-04 17:53:47 [main] INFO  demoqaBase - Accessing Check Box...
Check Box
2025-09-04 17:53:47 [main] INFO  demoqaBase - You are accessing: Check Box
2025-09-04 17:53:47 [main] INFO  demoqaBase - Clicking on Home Toggle Button...
2025-09-04 17:53:47 [main] INFO  demoqaBase - Clicking Downloads Toggle Button...
2025-09-04 17:53:47 [main] INFO  demoqaLog - ✅ JS click executed on element: {}
2025-09-04 17:53:47 [main] INFO  demoqaBase - Clicked Downloads Toggle Button...
2025-09-04 17:53:47 [main] INFO  demoqaBase - Selecting Downloads | Word File Check Box...
2025-09-04 17:53:48 [main] INFO  demoqaBase - Selected Downloads | Word File Check Box...
Information Submitted is: You have selected :
wordFile
2025-09-04 17:53:48 [main] INFO  demoqaBase - You have Selected: You have selected :
wordFile
2025-09-04 17:53:48 [main] INFO  demoqaBase - ✅ Test Elements|Home|Selecting Downloads|Word File Check Box Completed...
]]></system-out>
  </testcase>
  <testcase name="SelectingExcelFile" classname="tests.ElementsTests" time="2.043">
    <system-out><![CDATA[2025-09-04 17:53:48 [main] INFO  demoqaBase - Closing the Browser...
2025-09-04 17:53:48 [main] INFO  demoqaBase - Starting Web Browser...
2025-09-04 17:53:50 [main] INFO  demoqaBase - Navigating to demoqa.com Website
2025-09-04 17:53:50 [main] INFO  RetryUrlAccess - 🌐 Attempt 1: Navigating to https://demoqa.com
2025-09-04 17:54:03 [main] INFO  RetryUrlAccess - ✅ Successfully navigated to: https://demoqa.com
2025-09-04 17:54:03 [main] INFO  demoqaBase - 🧪 Starting Test Elements|Home|Selecting Downloads|Excel File Check Box Test...
Instance Variables Declared are: nullnull
2025-09-04 17:54:03 [main] INFO  demoqaBase - Accessing Elements Card...
2025-09-04 17:54:03 [main] INFO  demoqaLog - Clicking on Elements Card...
2025-09-04 17:54:03 [main] WARN  demoqaLog - ⚠️ JS click failed, falling back to native click. Reason: {}
2025-09-04 17:54:03 [main] INFO  demoqaLog - ✅ Native click succeeded on element: {}
2025-09-04 17:54:03 [main] INFO  demoqaLog - Clicked on Elements Card...
Title of this Page is: DEMOQA
You are Accessing: Elements
 
Elements: Please select an item from left to start practice.
2025-09-04 17:54:03 [main] INFO  demoqaBase - Elements: Please select an item from left to start practice.
2025-09-04 17:54:03 [main] INFO  demoqaBase - Accessing Check Box...
Check Box
2025-09-04 17:54:04 [main] INFO  demoqaBase - You are accessing: Check Box
2025-09-04 17:54:04 [main] INFO  demoqaBase - Clicking on Home Toggle Button...
2025-09-04 17:54:04 [main] INFO  demoqaBase - Clicking Downloads Toggle Button...
2025-09-04 17:54:04 [main] INFO  demoqaLog - ✅ JS click executed on element: {}
2025-09-04 17:54:04 [main] INFO  demoqaBase - Clicked Downloads Toggle Button...
2025-09-04 17:54:04 [main] INFO  demoqaBase - Selecting Downloads | Excel File Check Box...
2025-09-04 17:54:05 [main] INFO  demoqaLog - ✅ JS click executed on element: {}
2025-09-04 17:54:05 [main] INFO  demoqaBase - Selected Downloads | Excel File Check Box...
Information Submitted is: You have selected :
excelFile
2025-09-04 17:54:05 [main] INFO  demoqaBase - You have Selected: You have selected :
excelFile
2025-09-04 17:54:05 [main] INFO  demoqaBase - ✅ Test Elements|Home|Selecting Downloads|Excel File Check Box Completed...
]]></system-out>
  </testcase>
  <testcase name="SelectingAllFiles" classname="tests.ElementsTests" time="2.518">
    <failure message="element click intercepted: Element &lt;span class=&quot;rct-checkbox&quot;&gt;...&lt;/span&gt; is not clickable at point (491, 644). Other element would receive the click: &lt;iframe frameborder=&quot;0&quot; src=&quot;https://8469f4ca36bafe945234818caaa0d635.safeframe.googlesyndication.com/safeframe/1-0-45/html/container.html&quot; id=&quot;google_ads_iframe_/21849154601,22343295815/Ad.Plus-Anchor_0&quot; title=&quot;3rd party ad content&quot; name=&quot;&quot; scrolling=&quot;no&quot; marginwidth=&quot;0&quot; marginheight=&quot;0&quot; width=&quot;728&quot; height=&quot;90&quot; data-is-safeframe=&quot;true&quot; sandbox=&quot;allow-forms allow-popups allow-popups-to-escape-sandbox allow-same-origin allow-scripts allow-top-navigation-by-user-activation&quot; allow=&quot;private-state-token-redemption;attribution-reporting&quot; aria-label=&quot;Advertisement&quot; tabindex=&quot;0&quot; data-google-container-id=&quot;1&quot; style=&quot;border: 0px; vertical-align: bottom;&quot; data-load-complete=&quot;true&quot;&gt;&lt;/iframe&gt;&#10;  (Session info: chrome=137.0.7151.120)&#10;Build info: version: &apos;4.35.0&apos;, revision: &apos;1c58e5028b&apos;&#10;System info: os.name: &apos;Windows 11&apos;, os.arch: &apos;amd64&apos;, os.version: &apos;10.0&apos;, java.version: &apos;21.0.7&apos;&#10;Driver info: org.openqa.selenium.chrome.ChromeDriver&#10;Command: [72ac76919fb52c26814dd3c369e36c6f, clickElement {id=f.8644803F461626F5433AE5BC0582553F.d.E474775649DEE7E1D1394580F3251AC1.e.64}]&#10;Capabilities {acceptInsecureCerts: false, browserName: chrome, browserVersion: 137.0.7151.120, chrome: {chromedriverVersion: 137.0.7151.119 (e0ac9d12dff..., userDataDir: C:\Users\dell\AppData\Local...}, fedcm:accounts: true, goog:chromeOptions: {debuggerAddress: localhost:58948}, networkConnectionEnabled: false, pageLoadStrategy: normal, platformName: windows, proxy: Proxy(), se:cdp: ws://localhost:58948/devtoo..., se:cdpVersion: 137.0.7151.120, setWindowRect: true, strictFileInteractability: false, timeouts: {implicit: 0, pageLoad: 300000, script: 30000}, unhandledPromptBehavior: dismiss and notify, webauthn:extension:credBlob: true, webauthn:extension:largeBlob: true, webauthn:extension:minPinLength: true, webauthn:extension:prf: true, webauthn:virtualAuthenticators: true}&#10;Element: [[ChromeDriver: chrome on windows (72ac76919fb52c26814dd3c369e36c6f)] -&gt; xpath: //label[@for=&apos;tree-node-wordFile&apos;]//span[@class=&apos;rct-checkbox&apos;]]&#10;Session ID: 72ac76919fb52c26814dd3c369e36c6f" type="org.openqa.selenium.ElementClickInterceptedException"><![CDATA[org.openqa.selenium.ElementClickInterceptedException: 
element click intercepted: Element <span class="rct-checkbox">...</span> is not clickable at point (491, 644). Other element would receive the click: <iframe frameborder="0" src="https://8469f4ca36bafe945234818caaa0d635.safeframe.googlesyndication.com/safeframe/1-0-45/html/container.html" id="google_ads_iframe_/21849154601,22343295815/Ad.Plus-Anchor_0" title="3rd party ad content" name="" scrolling="no" marginwidth="0" marginheight="0" width="728" height="90" data-is-safeframe="true" sandbox="allow-forms allow-popups allow-popups-to-escape-sandbox allow-same-origin allow-scripts allow-top-navigation-by-user-activation" allow="private-state-token-redemption;attribution-reporting" aria-label="Advertisement" tabindex="0" data-google-container-id="1" style="border: 0px; vertical-align: bottom;" data-load-complete="true"></iframe>
  (Session info: chrome=137.0.7151.120)
Build info: version: '4.35.0', revision: '1c58e5028b'
System info: os.name: 'Windows 11', os.arch: 'amd64', os.version: '10.0', java.version: '21.0.7'
Driver info: org.openqa.selenium.chrome.ChromeDriver
Command: [72ac76919fb52c26814dd3c369e36c6f, clickElement {id=f.8644803F461626F5433AE5BC0582553F.d.E474775649DEE7E1D1394580F3251AC1.e.64}]
Capabilities {acceptInsecureCerts: false, browserName: chrome, browserVersion: 137.0.7151.120, chrome: {chromedriverVersion: 137.0.7151.119 (e0ac9d12dff..., userDataDir: C:\Users\dell\AppData\Local...}, fedcm:accounts: true, goog:chromeOptions: {debuggerAddress: localhost:58948}, networkConnectionEnabled: false, pageLoadStrategy: normal, platformName: windows, proxy: Proxy(), se:cdp: ws://localhost:58948/devtoo..., se:cdpVersion: 137.0.7151.120, setWindowRect: true, strictFileInteractability: false, timeouts: {implicit: 0, pageLoad: 300000, script: 30000}, unhandledPromptBehavior: dismiss and notify, webauthn:extension:credBlob: true, webauthn:extension:largeBlob: true, webauthn:extension:minPinLength: true, webauthn:extension:prf: true, webauthn:virtualAuthenticators: true}
Element: [[ChromeDriver: chrome on windows (72ac76919fb52c26814dd3c369e36c6f)] -> xpath: //label[@for='tree-node-wordFile']//span[@class='rct-checkbox']]
Session ID: 72ac76919fb52c26814dd3c369e36c6f
	at java.base/jdk.internal.reflect.DirectConstructorHandleAccessor.newInstance(DirectConstructorHandleAccessor.java:62)
	at java.base/java.lang.reflect.Constructor.newInstanceWithCaller(Constructor.java:502)
	at java.base/java.lang.reflect.Constructor.newInstance(Constructor.java:486)
	at org.openqa.selenium.remote.ErrorCodec.decode(ErrorCodec.java:167)
	at org.openqa.selenium.remote.codec.w3c.W3CHttpResponseCodec.decode(W3CHttpResponseCodec.java:138)
	at org.openqa.selenium.remote.codec.w3c.W3CHttpResponseCodec.decode(W3CHttpResponseCodec.java:50)
	at org.openqa.selenium.remote.HttpCommandExecutor.execute(HttpCommandExecutor.java:215)
	at org.openqa.selenium.remote.service.DriverCommandExecutor.invokeExecute(DriverCommandExecutor.java:216)
	at org.openqa.selenium.remote.service.DriverCommandExecutor.execute(DriverCommandExecutor.java:174)
	at org.openqa.selenium.remote.RemoteWebDriver.execute(RemoteWebDriver.java:557)
	at org.openqa.selenium.remote.RemoteWebElement.execute(RemoteWebElement.java:223)
	at org.openqa.selenium.remote.RemoteWebElement.click(RemoteWebElement.java:76)
	at java.base/jdk.internal.reflect.DirectMethodHandleAccessor.invoke(DirectMethodHandleAccessor.java:103)
	at java.base/java.lang.reflect.Method.invoke(Method.java:580)
	at org.openqa.selenium.support.pagefactory.internal.LocatingElementHandler.invoke(LocatingElementHandler.java:51)
	at jdk.proxy2/jdk.proxy2.$Proxy29.click(Unknown Source)
	at pages.elementsPage.selectWordFile(elementsPage.java:557)
	at tests.ElementsTests.SelectingAllFiles(ElementsTests.java:420)
	at java.base/jdk.internal.reflect.DirectMethodHandleAccessor.invoke(DirectMethodHandleAccessor.java:103)
	at java.base/java.lang.reflect.Method.invoke(Method.java:580)
	at org.testng.internal.invokers.MethodInvocationHelper.invokeMethod(MethodInvocationHelper.java:141)
	at org.testng.internal.invokers.TestInvoker.invokeMethod(TestInvoker.java:687)
	at org.testng.internal.invokers.TestInvoker.invokeTestMethod(TestInvoker.java:230)
	at org.testng.internal.invokers.MethodRunner.runInSequence(MethodRunner.java:63)
	at org.testng.internal.invokers.TestInvoker$MethodInvocationAgent.invoke(TestInvoker.java:995)
	at org.testng.internal.invokers.TestInvoker.invokeTestMethods(TestInvoker.java:203)
	at org.testng.internal.invokers.TestMethodWorker.invokeTestMethods(TestMethodWorker.java:154)
	at org.testng.internal.invokers.TestMethodWorker.run(TestMethodWorker.java:134)
	at java.base/java.util.ArrayList.forEach(ArrayList.java:1596)
	at org.testng.TestRunner.privateRun(TestRunner.java:741)
	at org.testng.TestRunner.run(TestRunner.java:616)
	at org.testng.SuiteRunner.runTest(SuiteRunner.java:421)
	at org.testng.SuiteRunner.runSequentially(SuiteRunner.java:413)
	at org.testng.SuiteRunner.privateRun(SuiteRunner.java:373)
	at org.testng.SuiteRunner.run(SuiteRunner.java:312)
	at org.testng.SuiteRunnerWorker.runSuite(SuiteRunnerWorker.java:52)
	at org.testng.SuiteRunnerWorker.run(SuiteRunnerWorker.java:95)
	at org.testng.TestNG.runSuitesSequentially(TestNG.java:1274)
	at org.testng.TestNG.runSuitesLocally(TestNG.java:1208)
	at org.testng.TestNG.runSuites(TestNG.java:1112)
	at org.testng.TestNG.run(TestNG.java:1079)
	at org.apache.maven.surefire.testng.TestNGExecutor.run(TestNGExecutor.java:155)
	at org.apache.maven.surefire.testng.TestNGDirectoryTestSuite.executeMulti(TestNGDirectoryTestSuite.java:169)
	at org.apache.maven.surefire.testng.TestNGDirectoryTestSuite.execute(TestNGDirectoryTestSuite.java:88)
	at org.apache.maven.surefire.testng.TestNGProvider.invoke(TestNGProvider.java:137)
	at org.apache.maven.surefire.booter.ForkedBooter.runSuitesInProcess(ForkedBooter.java:385)
	at org.apache.maven.surefire.booter.ForkedBooter.execute(ForkedBooter.java:162)
	at org.apache.maven.surefire.booter.ForkedBooter.run(ForkedBooter.java:507)
	at org.apache.maven.surefire.booter.ForkedBooter.main(ForkedBooter.java:495)
]]></failure>
    <system-out><![CDATA[2025-09-04 17:54:05 [main] INFO  demoqaBase - Closing the Browser...
2025-09-04 17:54:05 [main] INFO  demoqaBase - Starting Web Browser...
2025-09-04 17:54:07 [main] INFO  demoqaBase - Navigating to demoqa.com Website
2025-09-04 17:54:07 [main] INFO  RetryUrlAccess - 🌐 Attempt 1: Navigating to https://demoqa.com
2025-09-04 17:54:17 [main] INFO  RetryUrlAccess - ✅ Successfully navigated to: https://demoqa.com
2025-09-04 17:54:17 [main] INFO  demoqaBase - 🧪 Starting Test Elements|Home|Selecting Downloads|Word & Excel File Check Boxes Test...
Instance Variables Declared are: nullnull
2025-09-04 17:54:17 [main] INFO  demoqaBase - Accessing Elements Card...
2025-09-04 17:54:17 [main] INFO  demoqaLog - Clicking on Elements Card...
2025-09-04 17:54:17 [main] WARN  demoqaLog - ⚠️ JS click failed, falling back to native click. Reason: {}
2025-09-04 17:54:18 [main] INFO  demoqaLog - ✅ Native click succeeded on element: {}
2025-09-04 17:54:18 [main] INFO  demoqaLog - Clicked on Elements Card...
Title of this Page is: DEMOQA
You are Accessing: Elements
 
Elements: Please select an item from left to start practice.
2025-09-04 17:54:18 [main] INFO  demoqaBase - Elements: Please select an item from left to start practice.
2025-09-04 17:54:18 [main] INFO  demoqaBase - Accessing Check Box...
Check Box
2025-09-04 17:54:18 [main] INFO  demoqaBase - You are accessing: Check Box
2025-09-04 17:54:18 [main] INFO  demoqaBase - Clicking on Home Toggle Button...
2025-09-04 17:54:18 [main] INFO  demoqaBase - Clicking Downloads Toggle Button...
2025-09-04 17:54:18 [main] INFO  demoqaLog - ✅ JS click executed on element: {}
2025-09-04 17:54:18 [main] INFO  demoqaBase - Clicked Downloads Toggle Button...
2025-09-04 17:54:18 [main] INFO  demoqaBase - Selecting Downloads | Word File Check Box...
]]></system-out>
  </testcase>
  <testcase name="clickRadioButton" classname="tests.ElementsTests" time="0.705">
    <system-out><![CDATA[Path for Screenshot is: C:\ASN\eclipse_workspace\demoqa-automation/screenshots/com.aventstack.extentreports.ExtentTest@6d293b41Test Failed+2025-09-04_17-54-19.png
2025-09-04 17:54:20 [main] INFO  demoqaBase - Closing the Browser...
2025-09-04 17:54:20 [main] INFO  demoqaBase - Starting Web Browser...
2025-09-04 17:54:22 [main] INFO  demoqaBase - Navigating to demoqa.com Website
2025-09-04 17:54:22 [main] INFO  RetryUrlAccess - 🌐 Attempt 1: Navigating to https://demoqa.com
2025-09-04 17:54:52 [main] WARN  RetryUrlAccess - 🔁 Attempt 1 failed due to retryable error: timeout: timed out receiving message from renderer: 29.025
  (session info: chrome=137.0.7151.120)
build info: version: '4.35.0', revision: '1c58e5028b'
system info: os.name: 'windows 11', os.arch: 'amd64', os.version: '10.0', java.version: '21.0.7'
driver info: org.openqa.selenium.chrome.chromedriver
command: [99c972c9a540b5ba7e42a4888e51d019, get {url=https://demoqa.com}]
capabilities {acceptinsecurecerts: false, browsername: chrome, browserversion: 137.0.7151.120, chrome: {chromedriverversion: 137.0.7151.119 (e0ac9d12dff..., userdatadir: c:\users\dell\appdata\local...}, fedcm:accounts: true, goog:chromeoptions: {debuggeraddress: localhost:59214}, networkconnectionenabled: false, pageloadstrategy: normal, platformname: windows, proxy: proxy(), se:cdp: ws://localhost:59214/devtoo..., se:cdpversion: 137.0.7151.120, setwindowrect: true, strictfileinteractability: false, timeouts: {implicit: 0, pageload: 300000, script: 30000}, unhandledpromptbehavior: dismiss and notify, webauthn:extension:credblob: true, webauthn:extension:largeblob: true, webauthn:extension:minpinlength: true, webauthn:extension:prf: true, webauthn:virtualauthenticators: true}
session id: 99c972c9a540b5ba7e42a4888e51d019. Retrying after 3000ms...
2025-09-04 17:54:55 [main] INFO  RetryUrlAccess - 🌐 Attempt 2: Navigating to https://demoqa.com
2025-09-04 17:54:56 [main] INFO  RetryUrlAccess - ✅ Successfully navigated to: https://demoqa.com
2025-09-04 17:54:56 [main] INFO  demoqaBase - 🧪 Starting Test Elements|Radio Button Test...
Instance Variables Declared are: nullnull
2025-09-04 17:54:56 [main] INFO  demoqaBase - Accessing Elements Card...
2025-09-04 17:54:56 [main] INFO  demoqaLog - Clicking on Elements Card...
2025-09-04 17:54:56 [main] WARN  demoqaLog - ⚠️ JS click failed, falling back to native click. Reason: {}
2025-09-04 17:54:56 [main] INFO  demoqaLog - ✅ Native click succeeded on element: {}
2025-09-04 17:54:56 [main] INFO  demoqaLog - Clicked on Elements Card...
Title of this Page is: DEMOQA
You are Accessing: Elements
 
Elements: Please select an item from left to start practice.
2025-09-04 17:54:56 [main] INFO  demoqaBase - Elements: Please select an item from left to start practice.
2025-09-04 17:54:56 [main] INFO  demoqaBase - Clicking on Radio Button...
2025-09-04 17:54:56 [main] INFO  demoqaLog - ✅ JS click executed on element: {}
2025-09-04 17:54:56 [main] INFO  demoqaBase - Clicked on Radio Button...
2025-09-04 17:54:56 [main] INFO  demoqaBase - Validating Radio Button Click...
Page Title is: Radio Button
2025-09-04 17:54:56 [main] INFO  demoqaBase - ✅ Test Elements|Radio Button Completed...
]]></system-out>
  </testcase>
  <testcase name="SelectYesRadioButton" classname="tests.ElementsTests" time="1.618">
    <system-out><![CDATA[2025-09-04 17:54:56 [main] INFO  demoqaBase - Closing the Browser...
2025-09-04 17:54:57 [main] INFO  demoqaBase - Starting Web Browser...
2025-09-04 17:54:58 [main] INFO  demoqaBase - Navigating to demoqa.com Website
2025-09-04 17:54:58 [main] INFO  RetryUrlAccess - 🌐 Attempt 1: Navigating to https://demoqa.com
2025-09-04 17:55:10 [main] INFO  RetryUrlAccess - ✅ Successfully navigated to: https://demoqa.com
2025-09-04 17:55:10 [main] INFO  demoqaBase - 🧪 Starting Test Elements|Yes Radio Button Test...
Instance Variables Declared are: nullnull
2025-09-04 17:55:10 [main] INFO  demoqaBase - Accessing Elements Card...
2025-09-04 17:55:10 [main] INFO  demoqaLog - Clicking on Elements Card...
2025-09-04 17:55:10 [main] WARN  demoqaLog - ⚠️ JS click failed, falling back to native click. Reason: {}
2025-09-04 17:55:10 [main] INFO  demoqaLog - ✅ Native click succeeded on element: {}
2025-09-04 17:55:10 [main] INFO  demoqaLog - Clicked on Elements Card...
Title of this Page is: DEMOQA
You are Accessing: Elements
 
Elements: Please select an item from left to start practice.
2025-09-04 17:55:11 [main] INFO  demoqaBase - Elements: Please select an item from left to start practice.
2025-09-04 17:55:11 [main] INFO  demoqaBase - Clicking on Radio Button...
2025-09-04 17:55:11 [main] INFO  demoqaLog - ✅ JS click executed on element: {}
2025-09-04 17:55:11 [main] INFO  demoqaBase - Clicked on Radio Button...
2025-09-04 17:55:11 [main] INFO  demoqaBase - Selecting on Yes Radio Button...
Declared WebDriverWait: org.openqa.selenium.support.ui.WebDriverWait@6f422ecc
2025-09-04 17:55:11 [main] INFO  demoqaLog - ✅ JS click executed on element: {}
2025-09-04 17:55:11 [main] INFO  demoqaBase - Your Selection of Radio Button Name is: Yes
2025-09-04 17:55:11 [main] INFO  demoqaBase - Validating Radio Selection Test Result...
2025-09-04 17:55:11 [main] INFO  demoqaBase - You have selected: Yes
2025-09-04 17:55:11 [main] INFO  demoqaBase - Test Case of Radio Button Selection PASSED...
2025-09-04 17:55:11 [main] INFO  demoqaBase - ✅ Test Elements|Yes Radio Button Completed...
]]></system-out>
  </testcase>
  <testcase name="SelectImpressiveRadioButton" classname="tests.ElementsTests" time="1.378">
    <system-out><![CDATA[2025-09-04 17:55:11 [main] INFO  demoqaBase - Closing the Browser...
2025-09-04 17:55:12 [main] INFO  demoqaBase - Starting Web Browser...
2025-09-04 17:55:13 [main] INFO  demoqaBase - Navigating to demoqa.com Website
2025-09-04 17:55:13 [main] INFO  RetryUrlAccess - 🌐 Attempt 1: Navigating to https://demoqa.com
2025-09-04 17:55:20 [main] INFO  RetryUrlAccess - ✅ Successfully navigated to: https://demoqa.com
2025-09-04 17:55:20 [main] INFO  demoqaBase - 🧪 Starting Test Elements|Yes Radio Button Test...
Instance Variables Declared are: nullnull
2025-09-04 17:55:20 [main] INFO  demoqaBase - Accessing Elements Card...
2025-09-04 17:55:20 [main] INFO  demoqaLog - Clicking on Elements Card...
2025-09-04 17:55:20 [main] WARN  demoqaLog - ⚠️ JS click failed, falling back to native click. Reason: {}
2025-09-04 17:55:21 [main] INFO  demoqaLog - ✅ Native click succeeded on element: {}
2025-09-04 17:55:21 [main] INFO  demoqaLog - Clicked on Elements Card...
Title of this Page is: DEMOQA
You are Accessing: Elements
 
Elements: Please select an item from left to start practice.
2025-09-04 17:55:21 [main] INFO  demoqaBase - Elements: Please select an item from left to start practice.
2025-09-04 17:55:21 [main] INFO  demoqaBase - Clicking on Radio Button...
2025-09-04 17:55:21 [main] INFO  demoqaLog - ✅ JS click executed on element: {}
2025-09-04 17:55:21 [main] INFO  demoqaBase - Clicked on Radio Button...
2025-09-04 17:55:21 [main] INFO  demoqaBase - Selecting on Impressive Radio Button...
2025-09-04 17:55:21 [main] INFO  demoqaLog - ✅ JS click executed on element: {}
2025-09-04 17:55:21 [main] INFO  demoqaBase - Your Selection of Radio Button Name is: Impressive
2025-09-04 17:55:21 [main] INFO  demoqaBase - Validating Radio Selection Test Result...
2025-09-04 17:55:22 [main] INFO  demoqaBase - You have selected: Impressive
2025-09-04 17:55:22 [main] INFO  demoqaBase - Test Case of Radio Button Selection PASSED...
2025-09-04 17:55:22 [main] INFO  demoqaBase - ✅ Test Elements|Radio Button|Impressive Completed...
]]></system-out>
  </testcase>
  <testcase name="WebTablesClick" classname="tests.ElementsTests" time="0.916">
    <system-out><![CDATA[2025-09-04 17:55:22 [main] INFO  demoqaBase - Closing the Browser...
2025-09-04 17:55:22 [main] INFO  demoqaBase - Starting Web Browser...
2025-09-04 17:55:24 [main] INFO  demoqaBase - Navigating to demoqa.com Website
2025-09-04 17:55:24 [main] INFO  RetryUrlAccess - 🌐 Attempt 1: Navigating to https://demoqa.com
2025-09-04 17:55:28 [main] INFO  RetryUrlAccess - ✅ Successfully navigated to: https://demoqa.com
2025-09-04 17:55:28 [main] INFO  demoqaBase - 🧪 Starting Test Elements|Web Tables Test...
Instance Variables Declared are: nullnull
2025-09-04 17:55:28 [main] INFO  demoqaBase - Accessing Elements Card...
2025-09-04 17:55:28 [main] INFO  demoqaLog - Clicking on Elements Card...
2025-09-04 17:55:28 [main] WARN  demoqaLog - ⚠️ JS click failed, falling back to native click. Reason: {}
2025-09-04 17:55:29 [main] INFO  demoqaLog - ✅ Native click succeeded on element: {}
2025-09-04 17:55:29 [main] INFO  demoqaLog - Clicked on Elements Card...
Title of this Page is: DEMOQA
You are Accessing: Elements
 
Elements: Please select an item from left to start practice.
2025-09-04 17:55:29 [main] INFO  demoqaBase - Elements: Please select an item from left to start practice.
2025-09-04 17:55:29 [main] INFO  demoqaBase - Click on Elements|Web Tables...
2025-09-04 17:55:29 [main] INFO  demoqaBase - ✅ Test Elements|Web Tables Completed...
]]></system-out>
  </testcase>
  <testcase name="webTableNewRegistration[WebTableUser{firstName=&apos;Johny&apos;, lastName=&apos;Bravo&apos;, email=&apos;Jbravo@demoqa.com&apos;, salary=280000, age=340, department=&apos;Information Technology&apos;}](1)" classname="tests.ElementsTests" time="4.051">
    <system-out><![CDATA[2025-09-04 17:55:29 [main] INFO  demoqaBase - Closing the Browser...
🧾 Row 1: {Salary=28000.0, Email=Jbravo@demoqa.com, Address=511 Grant 481, Prattsville\n Arkansas 72129\n United States, First Name=Johny, Gender=Male, City=Delhi, Mobile=9.238343488E9, Hobbies=Sports,Music, Subject=Computer Science, Current Address=301 Town 481, Brookville\n kansas 42129\n United States, Department=Information Technology, DOB=15/08/2000, Picture=/TestData/Mphoto.jpg, State=NCR, Last Name=Bravo, Age=34.0}
🔍 Mapping field: firstName | Excel Column: First Name | Value: Johny
🔍 Mapping field: lastName | Excel Column: Last Name | Value: Bravo
🔍 Mapping field: email | Excel Column: Email | Value: Jbravo@demoqa.com
🔍 Mapping field: salary | Excel Column: Salary | Value: 28000.0
🔍 Mapping field: age | Excel Column: Age | Value: 34.0
🔍 Mapping field: department | Excel Column: Department | Value: Information Technology
🧾 Row 2: {Salary=18000.0, Email=GFemina@demoqa.com, Address=512 Grant 481, Prattsville\n Arkansas 72129\n United States, First Name=Gene, Gender=Female, City=Merrut, Mobile=1.888343432E9, Hobbies=Music,Reading, Subject=Accounting, Current Address=302 Town 481, Brookville\n kansas 42129\n United States, Department=Finance, DOB=22/05/2002, Picture=/TestData/Fphoto.png, State=Uttar Pradesh, Last Name=Femina, Age=30.0}
🔍 Mapping field: firstName | Excel Column: First Name | Value: Gene
🔍 Mapping field: lastName | Excel Column: Last Name | Value: Femina
🔍 Mapping field: email | Excel Column: Email | Value: GFemina@demoqa.com
🔍 Mapping field: salary | Excel Column: Salary | Value: 18000.0
🔍 Mapping field: age | Excel Column: Age | Value: 30.0
🔍 Mapping field: department | Excel Column: Department | Value: Finance
🧾 Row 3: {Salary=15000.0, Email=BWisem@demoqa.com, Address=513 Grant 481, Prattsville\n Arkansas 72129\n United States, First Name=Bud, Gender=Other, City=Panipat, Mobile=8.932465432E9, Hobbies=Reading, Subject=Biology, Current Address=303 Town 481, Brookville\n kansas 42129\n United States, Department=Medicine, DOB=31/12/1999, Picture=/TestData/Ophoto.jpg, State=Haryana, Last Name=Wisem, Age=40.0}
🔍 Mapping field: firstName | Excel Column: First Name | Value: Bud
🔍 Mapping field: lastName | Excel Column: Last Name | Value: Wisem
🔍 Mapping field: email | Excel Column: Email | Value: BWisem@demoqa.com
🔍 Mapping field: salary | Excel Column: Salary | Value: 15000.0
🔍 Mapping field: age | Excel Column: Age | Value: 40.0
🔍 Mapping field: department | Excel Column: Department | Value: Medicine
🧾 Row 4: {Salary=19000.0, Email=TBoss@demoqa.com, Address=514 Grant 481, Prattsville\n Arkansas 72129\n United States, First Name=Tom, Gender=Male, City=Jaiselmer, Mobile=7.839875281E9, Hobbies=Sports,Reading, Subject=Social Studies, Current Address=304 Town 481, Brookville\n kansas 42129\n United States, Department=Recreation, DOB=1/26/03, Picture=/TestData/M2photo.jpg, State=Rajasthan, Last Name=Boss, Age=42.0}
🔍 Mapping field: firstName | Excel Column: First Name | Value: Tom
🔍 Mapping field: lastName | Excel Column: Last Name | Value: Boss
🔍 Mapping field: email | Excel Column: Email | Value: TBoss@demoqa.com
🔍 Mapping field: salary | Excel Column: Salary | Value: 19000.0
🔍 Mapping field: age | Excel Column: Age | Value: 42.0
🔍 Mapping field: department | Excel Column: Department | Value: Recreation
2025-09-04 17:55:30 [main] INFO  demoqaBase - Starting Web Browser...
2025-09-04 17:55:31 [main] INFO  demoqaBase - Navigating to demoqa.com Website
2025-09-04 17:55:31 [main] INFO  RetryUrlAccess - 🌐 Attempt 1: Navigating to https://demoqa.com
2025-09-04 17:55:44 [main] INFO  RetryUrlAccess - ✅ Successfully navigated to: https://demoqa.com
2025-09-04 17:55:44 [main] INFO  demoqaBase - 🧪 Starting Test Elements|Web Tables|Registration Form Create User...
Instance Variables Declared are: nullnull
2025-09-04 17:55:44 [main] INFO  demoqaBase - Accessing Elements Card...
2025-09-04 17:55:44 [main] INFO  demoqaLog - Clicking on Elements Card...
2025-09-04 17:55:44 [main] WARN  demoqaLog - ⚠️ JS click failed, falling back to native click. Reason: {}
2025-09-04 17:55:44 [main] INFO  demoqaLog - ✅ Native click succeeded on element: {}
2025-09-04 17:55:44 [main] INFO  demoqaLog - Clicked on Elements Card...
Title of this Page is: DEMOQA
You are Accessing: Elements
 
Elements: Please select an item from left to start practice.
2025-09-04 17:55:44 [main] INFO  demoqaBase - Elements: Please select an item from left to start practice.
2025-09-04 17:55:44 [main] INFO  demoqaBase - Click on Elements|Web Tables...
2025-09-04 17:55:45 [main] INFO  demoqaBase - Click on Elements|Web Tables|Registration Form...
2025-09-04 17:55:45 [main] INFO  demoqaLog - ✅ JS click executed on element: {}
2025-09-04 17:55:45 [main] ERROR demoqaBase - Registering User: Johny
2025-09-04 17:55:45 [main] INFO  demoqaBase - Click on Elements|Web Tables|Registration Form|FirstName...
2025-09-04 17:55:45 [main] INFO  demoqaBase - First Name entered is: Johny
2025-09-04 17:55:45 [main] INFO  demoqaBase - Click on Elements|Web Tables|Registration Form|LastName...
Last Name is: Bravo
2025-09-04 17:55:46 [main] INFO  demoqaBase - Last Name entered is: Bravo
2025-09-04 17:55:46 [main] INFO  demoqaBase - Click on Elements|Web Tables|Registration Form|Email...
Email ID is: Jbravo@demoqa.com
2025-09-04 17:55:46 [main] INFO  demoqaBase - Email entered is: Jbravo@demoqa.com
2025-09-04 17:55:46 [main] INFO  demoqaBase - Click on Elements|Web Tables|Registration Form|Age...
2025-09-04 17:55:47 [main] INFO  demoqaBase - Age entered is: 34
2025-09-04 17:55:47 [main] INFO  demoqaBase - Click on Elements|Web Tables|Registration Form|Salary...
2025-09-04 17:55:47 [main] INFO  demoqaBase - Salary entered is: 280000
2025-09-04 17:55:47 [main] INFO  demoqaBase - Click on Elements|Web Tables|Registration Form|Department...
2025-09-04 17:55:47 [main] INFO  demoqaBase - Department entered is: Information Technology
2025-09-04 17:55:47 [main] INFO  demoqaBase - Submitting Registration Form...
2025-09-04 17:55:48 [main] INFO  demoqaBase - Registration Form Submitted...
2025-09-04 17:55:48 [main] ERROR demoqaBase - Submitted to register user: Johny
2025-09-04 17:55:48 [main] INFO  demoqaBase - ✅ Test Elements|Web Tables|Registration Form Create User Completed...
]]></system-out>
  </testcase>
  <testcase name="webTableNewRegistration[WebTableUser{firstName=&apos;Gene&apos;, lastName=&apos;Femina&apos;, email=&apos;GFemina@demoqa.com&apos;, salary=180000, age=300, department=&apos;Finance&apos;}](2)" classname="tests.ElementsTests" time="3.846">
    <system-out><![CDATA[2025-09-04 17:55:48 [main] INFO  demoqaBase - Closing the Browser...
2025-09-04 17:55:48 [main] INFO  demoqaBase - Starting Web Browser...
2025-09-04 17:55:50 [main] INFO  demoqaBase - Navigating to demoqa.com Website
2025-09-04 17:55:50 [main] INFO  RetryUrlAccess - 🌐 Attempt 1: Navigating to https://demoqa.com
2025-09-04 17:56:01 [main] INFO  RetryUrlAccess - ✅ Successfully navigated to: https://demoqa.com
2025-09-04 17:56:01 [main] INFO  demoqaBase - 🧪 Starting Test Elements|Web Tables|Registration Form Create User...
Instance Variables Declared are: nullnull
2025-09-04 17:56:01 [main] INFO  demoqaBase - Accessing Elements Card...
2025-09-04 17:56:01 [main] INFO  demoqaLog - Clicking on Elements Card...
2025-09-04 17:56:01 [main] WARN  demoqaLog - ⚠️ JS click failed, falling back to native click. Reason: {}
2025-09-04 17:56:01 [main] INFO  demoqaLog - ✅ Native click succeeded on element: {}
2025-09-04 17:56:01 [main] INFO  demoqaLog - Clicked on Elements Card...
Title of this Page is: DEMOQA
You are Accessing: Elements
 
Elements: Please select an item from left to start practice.
2025-09-04 17:56:01 [main] INFO  demoqaBase - Elements: Please select an item from left to start practice.
2025-09-04 17:56:01 [main] INFO  demoqaBase - Click on Elements|Web Tables...
2025-09-04 17:56:01 [main] INFO  demoqaBase - Click on Elements|Web Tables|Registration Form...
2025-09-04 17:56:02 [main] INFO  demoqaLog - ✅ JS click executed on element: {}
2025-09-04 17:56:02 [main] ERROR demoqaBase - Registering User: Gene
2025-09-04 17:56:02 [main] INFO  demoqaBase - Click on Elements|Web Tables|Registration Form|FirstName...
2025-09-04 17:56:02 [main] INFO  demoqaBase - First Name entered is: Gene
2025-09-04 17:56:02 [main] INFO  demoqaBase - Click on Elements|Web Tables|Registration Form|LastName...
Last Name is: Femina
2025-09-04 17:56:02 [main] INFO  demoqaBase - Last Name entered is: Femina
2025-09-04 17:56:02 [main] INFO  demoqaBase - Click on Elements|Web Tables|Registration Form|Email...
Email ID is: GFemina@demoqa.com
2025-09-04 17:56:03 [main] INFO  demoqaBase - Email entered is: GFemina@demoqa.com
2025-09-04 17:56:03 [main] INFO  demoqaBase - Click on Elements|Web Tables|Registration Form|Age...
2025-09-04 17:56:03 [main] INFO  demoqaBase - Age entered is: 30
2025-09-04 17:56:03 [main] INFO  demoqaBase - Click on Elements|Web Tables|Registration Form|Salary...
2025-09-04 17:56:03 [main] INFO  demoqaBase - Salary entered is: 180000
2025-09-04 17:56:03 [main] INFO  demoqaBase - Click on Elements|Web Tables|Registration Form|Department...
2025-09-04 17:56:04 [main] INFO  demoqaBase - Department entered is: Finance
2025-09-04 17:56:04 [main] INFO  demoqaBase - Submitting Registration Form...
2025-09-04 17:56:04 [main] INFO  demoqaBase - Registration Form Submitted...
2025-09-04 17:56:04 [main] ERROR demoqaBase - Submitted to register user: Gene
2025-09-04 17:56:05 [main] INFO  demoqaBase - ✅ Test Elements|Web Tables|Registration Form Create User Completed...
]]></system-out>
  </testcase>
  <testcase name="webTableNewRegistration[WebTableUser{firstName=&apos;Bud&apos;, lastName=&apos;Wisem&apos;, email=&apos;BWisem@demoqa.com&apos;, salary=150000, age=400, department=&apos;Medicine&apos;}](3)" classname="tests.ElementsTests" time="3.994">
    <system-out><![CDATA[2025-09-04 17:56:05 [main] INFO  demoqaBase - Closing the Browser...
2025-09-04 17:56:05 [main] INFO  demoqaBase - Starting Web Browser...
2025-09-04 17:56:07 [main] INFO  demoqaBase - Navigating to demoqa.com Website
2025-09-04 17:56:07 [main] INFO  RetryUrlAccess - 🌐 Attempt 1: Navigating to https://demoqa.com
2025-09-04 17:56:18 [main] INFO  RetryUrlAccess - ✅ Successfully navigated to: https://demoqa.com
2025-09-04 17:56:18 [main] INFO  demoqaBase - 🧪 Starting Test Elements|Web Tables|Registration Form Create User...
Instance Variables Declared are: nullnull
2025-09-04 17:56:18 [main] INFO  demoqaBase - Accessing Elements Card...
2025-09-04 17:56:18 [main] INFO  demoqaLog - Clicking on Elements Card...
2025-09-04 17:56:18 [main] WARN  demoqaLog - ⚠️ JS click failed, falling back to native click. Reason: {}
2025-09-04 17:56:18 [main] INFO  demoqaLog - ✅ Native click succeeded on element: {}
2025-09-04 17:56:18 [main] INFO  demoqaLog - Clicked on Elements Card...
Title of this Page is: DEMOQA
You are Accessing: Elements
 
Elements: Please select an item from left to start practice.
2025-09-04 17:56:18 [main] INFO  demoqaBase - Elements: Please select an item from left to start practice.
2025-09-04 17:56:18 [main] INFO  demoqaBase - Click on Elements|Web Tables...
2025-09-04 17:56:19 [main] INFO  demoqaBase - Click on Elements|Web Tables|Registration Form...
2025-09-04 17:56:19 [main] INFO  demoqaLog - ✅ JS click executed on element: {}
2025-09-04 17:56:19 [main] ERROR demoqaBase - Registering User: Bud
2025-09-04 17:56:19 [main] INFO  demoqaBase - Click on Elements|Web Tables|Registration Form|FirstName...
2025-09-04 17:56:20 [main] INFO  demoqaBase - First Name entered is: Bud
2025-09-04 17:56:20 [main] INFO  demoqaBase - Click on Elements|Web Tables|Registration Form|LastName...
Last Name is: Wisem
2025-09-04 17:56:20 [main] INFO  demoqaBase - Last Name entered is: Wisem
2025-09-04 17:56:20 [main] INFO  demoqaBase - Click on Elements|Web Tables|Registration Form|Email...
Email ID is: BWisem@demoqa.com
2025-09-04 17:56:20 [main] INFO  demoqaBase - Email entered is: BWisem@demoqa.com
2025-09-04 17:56:20 [main] INFO  demoqaBase - Click on Elements|Web Tables|Registration Form|Age...
2025-09-04 17:56:21 [main] INFO  demoqaBase - Age entered is: 40
2025-09-04 17:56:21 [main] INFO  demoqaBase - Click on Elements|Web Tables|Registration Form|Salary...
2025-09-04 17:56:21 [main] INFO  demoqaBase - Salary entered is: 150000
2025-09-04 17:56:21 [main] INFO  demoqaBase - Click on Elements|Web Tables|Registration Form|Department...
2025-09-04 17:56:21 [main] INFO  demoqaBase - Department entered is: Medicine
2025-09-04 17:56:21 [main] INFO  demoqaBase - Submitting Registration Form...
2025-09-04 17:56:22 [main] INFO  demoqaBase - Registration Form Submitted...
2025-09-04 17:56:22 [main] ERROR demoqaBase - Submitted to register user: Bud
2025-09-04 17:56:22 [main] INFO  demoqaBase - ✅ Test Elements|Web Tables|Registration Form Create User Completed...
]]></system-out>
  </testcase>
  <testcase name="webTableNewRegistration[WebTableUser{firstName=&apos;Tom&apos;, lastName=&apos;Boss&apos;, email=&apos;TBoss@demoqa.com&apos;, salary=190000, age=420, department=&apos;Recreation&apos;}](4)" classname="tests.ElementsTests" time="4.059">
    <system-out><![CDATA[2025-09-04 17:56:22 [main] INFO  demoqaBase - Closing the Browser...
2025-09-04 17:56:22 [main] INFO  demoqaBase - Starting Web Browser...
2025-09-04 17:56:24 [main] INFO  demoqaBase - Navigating to demoqa.com Website
2025-09-04 17:56:24 [main] INFO  RetryUrlAccess - 🌐 Attempt 1: Navigating to https://demoqa.com
2025-09-04 17:56:54 [main] INFO  RetryUrlAccess - ✅ Successfully navigated to: https://demoqa.com
2025-09-04 17:56:54 [main] INFO  demoqaBase - 🧪 Starting Test Elements|Web Tables|Registration Form Create User...
Instance Variables Declared are: nullnull
2025-09-04 17:56:54 [main] INFO  demoqaBase - Accessing Elements Card...
2025-09-04 17:56:54 [main] INFO  demoqaLog - Clicking on Elements Card...
2025-09-04 17:56:54 [main] WARN  demoqaLog - ⚠️ JS click failed, falling back to native click. Reason: {}
2025-09-04 17:56:54 [main] INFO  demoqaLog - ✅ Native click succeeded on element: {}
2025-09-04 17:56:54 [main] INFO  demoqaLog - Clicked on Elements Card...
Title of this Page is: DEMOQA
You are Accessing: Elements
 
Elements: Please select an item from left to start practice.
2025-09-04 17:56:55 [main] INFO  demoqaBase - Elements: Please select an item from left to start practice.
2025-09-04 17:56:55 [main] INFO  demoqaBase - Click on Elements|Web Tables...
2025-09-04 17:56:55 [main] INFO  demoqaBase - Click on Elements|Web Tables|Registration Form...
2025-09-04 17:56:55 [main] INFO  demoqaLog - ✅ JS click executed on element: {}
2025-09-04 17:56:55 [main] ERROR demoqaBase - Registering User: Tom
2025-09-04 17:56:55 [main] INFO  demoqaBase - Click on Elements|Web Tables|Registration Form|FirstName...
2025-09-04 17:56:55 [main] INFO  demoqaBase - First Name entered is: Tom
2025-09-04 17:56:55 [main] INFO  demoqaBase - Click on Elements|Web Tables|Registration Form|LastName...
Last Name is: Boss
2025-09-04 17:56:56 [main] INFO  demoqaBase - Last Name entered is: Boss
2025-09-04 17:56:56 [main] INFO  demoqaBase - Click on Elements|Web Tables|Registration Form|Email...
Email ID is: TBoss@demoqa.com
2025-09-04 17:56:56 [main] INFO  demoqaBase - Email entered is: TBoss@demoqa.com
2025-09-04 17:56:56 [main] INFO  demoqaBase - Click on Elements|Web Tables|Registration Form|Age...
2025-09-04 17:56:56 [main] INFO  demoqaBase - Age entered is: 42
2025-09-04 17:56:56 [main] INFO  demoqaBase - Click on Elements|Web Tables|Registration Form|Salary...
2025-09-04 17:56:57 [main] INFO  demoqaBase - Salary entered is: 190000
2025-09-04 17:56:57 [main] INFO  demoqaBase - Click on Elements|Web Tables|Registration Form|Department...
2025-09-04 17:56:57 [main] INFO  demoqaBase - Department entered is: Recreation
2025-09-04 17:56:57 [main] INFO  demoqaBase - Submitting Registration Form...
2025-09-04 17:56:57 [main] INFO  demoqaBase - Registration Form Submitted...
2025-09-04 17:56:57 [main] ERROR demoqaBase - Submitted to register user: Tom
2025-09-04 17:56:58 [main] INFO  demoqaBase - ✅ Test Elements|Web Tables|Registration Form Create User Completed...
]]></system-out>
  </testcase>
  <testcase name="webTableAddSearch[WebTableUser{firstName=&apos;Johny&apos;, lastName=&apos;Bravo&apos;, email=&apos;Jbravo@demoqa.com&apos;, salary=280000, age=340, department=&apos;Information Technology&apos;}](1)" classname="tests.ElementsTests" time="4.531">
    <system-out><![CDATA[2025-09-04 17:56:58 [main] INFO  demoqaBase - Closing the Browser...
🧾 Row 1: {Salary=28000.0, Email=Jbravo@demoqa.com, Address=511 Grant 481, Prattsville\n Arkansas 72129\n United States, First Name=Johny, Gender=Male, City=Delhi, Mobile=9.238343488E9, Hobbies=Sports,Music, Subject=Computer Science, Current Address=301 Town 481, Brookville\n kansas 42129\n United States, Department=Information Technology, DOB=15/08/2000, Picture=/TestData/Mphoto.jpg, State=NCR, Last Name=Bravo, Age=34.0}
🔍 Mapping field: firstName | Excel Column: First Name | Value: Johny
🔍 Mapping field: lastName | Excel Column: Last Name | Value: Bravo
🔍 Mapping field: email | Excel Column: Email | Value: Jbravo@demoqa.com
🔍 Mapping field: salary | Excel Column: Salary | Value: 28000.0
🔍 Mapping field: age | Excel Column: Age | Value: 34.0
🔍 Mapping field: department | Excel Column: Department | Value: Information Technology
🧾 Row 2: {Salary=18000.0, Email=GFemina@demoqa.com, Address=512 Grant 481, Prattsville\n Arkansas 72129\n United States, First Name=Gene, Gender=Female, City=Merrut, Mobile=1.888343432E9, Hobbies=Music,Reading, Subject=Accounting, Current Address=302 Town 481, Brookville\n kansas 42129\n United States, Department=Finance, DOB=22/05/2002, Picture=/TestData/Fphoto.png, State=Uttar Pradesh, Last Name=Femina, Age=30.0}
🔍 Mapping field: firstName | Excel Column: First Name | Value: Gene
🔍 Mapping field: lastName | Excel Column: Last Name | Value: Femina
🔍 Mapping field: email | Excel Column: Email | Value: GFemina@demoqa.com
🔍 Mapping field: salary | Excel Column: Salary | Value: 18000.0
🔍 Mapping field: age | Excel Column: Age | Value: 30.0
🔍 Mapping field: department | Excel Column: Department | Value: Finance
🧾 Row 3: {Salary=15000.0, Email=BWisem@demoqa.com, Address=513 Grant 481, Prattsville\n Arkansas 72129\n United States, First Name=Bud, Gender=Other, City=Panipat, Mobile=8.932465432E9, Hobbies=Reading, Subject=Biology, Current Address=303 Town 481, Brookville\n kansas 42129\n United States, Department=Medicine, DOB=31/12/1999, Picture=/TestData/Ophoto.jpg, State=Haryana, Last Name=Wisem, Age=40.0}
🔍 Mapping field: firstName | Excel Column: First Name | Value: Bud
🔍 Mapping field: lastName | Excel Column: Last Name | Value: Wisem
🔍 Mapping field: email | Excel Column: Email | Value: BWisem@demoqa.com
🔍 Mapping field: salary | Excel Column: Salary | Value: 15000.0
🔍 Mapping field: age | Excel Column: Age | Value: 40.0
🔍 Mapping field: department | Excel Column: Department | Value: Medicine
🧾 Row 4: {Salary=19000.0, Email=TBoss@demoqa.com, Address=514 Grant 481, Prattsville\n Arkansas 72129\n United States, First Name=Tom, Gender=Male, City=Jaiselmer, Mobile=7.839875281E9, Hobbies=Sports,Reading, Subject=Social Studies, Current Address=304 Town 481, Brookville\n kansas 42129\n United States, Department=Recreation, DOB=1/26/03, Picture=/TestData/M2photo.jpg, State=Rajasthan, Last Name=Boss, Age=42.0}
🔍 Mapping field: firstName | Excel Column: First Name | Value: Tom
🔍 Mapping field: lastName | Excel Column: Last Name | Value: Boss
🔍 Mapping field: email | Excel Column: Email | Value: TBoss@demoqa.com
🔍 Mapping field: salary | Excel Column: Salary | Value: 19000.0
🔍 Mapping field: age | Excel Column: Age | Value: 42.0
🔍 Mapping field: department | Excel Column: Department | Value: Recreation
2025-09-04 17:56:58 [main] INFO  demoqaBase - Starting Web Browser...
2025-09-04 17:57:00 [main] INFO  demoqaBase - Navigating to demoqa.com Website
2025-09-04 17:57:00 [main] INFO  RetryUrlAccess - 🌐 Attempt 1: Navigating to https://demoqa.com
2025-09-04 17:57:04 [main] INFO  RetryUrlAccess - ✅ Successfully navigated to: https://demoqa.com
2025-09-04 17:57:04 [main] INFO  demoqaBase - 🧪 Starting Test Registration Form Add & Search...
Instance Variables Declared are: nullnull
2025-09-04 17:57:04 [main] INFO  demoqaBase - Accessing Elements Card...
2025-09-04 17:57:04 [main] INFO  demoqaLog - Clicking on Elements Card...
2025-09-04 17:57:05 [main] WARN  demoqaLog - ⚠️ JS click failed, falling back to native click. Reason: {}
2025-09-04 17:57:05 [main] INFO  demoqaLog - ✅ Native click succeeded on element: {}
2025-09-04 17:57:05 [main] INFO  demoqaLog - Clicked on Elements Card...
Title of this Page is: DEMOQA
You are Accessing: Elements
 
Elements: Please select an item from left to start practice.
2025-09-04 17:57:05 [main] INFO  demoqaBase - Elements: Please select an item from left to start practice.
2025-09-04 17:57:05 [main] INFO  demoqaBase - Click on Elements|Web Tables...
2025-09-04 17:57:05 [main] INFO  demoqaBase - Click on Elements|Web Tables|Registration Form...
2025-09-04 17:57:06 [main] INFO  demoqaLog - ✅ JS click executed on element: {}
2025-09-04 17:57:06 [main] ERROR demoqaBase - Registering User: Johny
2025-09-04 17:57:06 [main] INFO  demoqaBase - Click on Elements|Web Tables|Registration Form|FirstName...
2025-09-04 17:57:06 [main] INFO  demoqaBase - First Name entered is: Johny
2025-09-04 17:57:06 [main] INFO  demoqaBase - Click on Elements|Web Tables|Registration Form|LastName...
Last Name is: Bravo
2025-09-04 17:57:07 [main] INFO  demoqaBase - Last Name entered is: Bravo
2025-09-04 17:57:07 [main] INFO  demoqaBase - Click on Elements|Web Tables|Registration Form|Email...
Email ID is: Jbravo@demoqa.com
2025-09-04 17:57:07 [main] INFO  demoqaBase - Email entered is: Jbravo@demoqa.com
2025-09-04 17:57:07 [main] INFO  demoqaBase - Click on Elements|Web Tables|Registration Form|Age...
2025-09-04 17:57:07 [main] INFO  demoqaBase - Age entered is: 34
2025-09-04 17:57:07 [main] INFO  demoqaBase - Click on Elements|Web Tables|Registration Form|Salary...
2025-09-04 17:57:08 [main] INFO  demoqaBase - Salary entered is: 280000
2025-09-04 17:57:08 [main] INFO  demoqaBase - Click on Elements|Web Tables|Registration Form|Department...
2025-09-04 17:57:08 [main] INFO  demoqaBase - Department entered is: Information Technology
2025-09-04 17:57:08 [main] INFO  demoqaBase - Submitting Registration Form...
2025-09-04 17:57:08 [main] INFO  demoqaBase - Registration Form Submitted...
2025-09-04 17:57:08 [main] ERROR demoqaBase - Submitted to register user: Johny
2025-09-04 17:57:08 [main] INFO  demoqaBase - Searching by First Name...
2025-09-04 17:57:09 [main] INFO  demoqaBase - ✅ Test for Registration Form Add & Search Completed...
]]></system-out>
  </testcase>
  <testcase name="webTableAddEditFirstName[WebTableUser{firstName=&apos;Tonny&apos;, lastName=&apos;Bravo&apos;, email=&apos;Jbravo@demoqa.com&apos;, salary=280000, age=340, department=&apos;Information Technology&apos;}](1)" classname="tests.ElementsTests" time="5.276">
    <system-out><![CDATA[2025-09-04 17:57:09 [main] INFO  demoqaBase - Closing the Browser...
🧾 Row 1: {Salary=28000.0, Email=Jbravo@demoqa.com, Address=511 Grant 481, Prattsville\n Arkansas 72129\n United States, First Name=Johny, Gender=Male, City=Delhi, Mobile=9.238343488E9, Hobbies=Sports,Music, Subject=Computer Science, Current Address=301 Town 481, Brookville\n kansas 42129\n United States, Department=Information Technology, DOB=15/08/2000, Picture=/TestData/Mphoto.jpg, State=NCR, Last Name=Bravo, Age=34.0}
🔍 Mapping field: firstName | Excel Column: First Name | Value: Johny
🔍 Mapping field: lastName | Excel Column: Last Name | Value: Bravo
🔍 Mapping field: email | Excel Column: Email | Value: Jbravo@demoqa.com
🔍 Mapping field: salary | Excel Column: Salary | Value: 28000.0
🔍 Mapping field: age | Excel Column: Age | Value: 34.0
🔍 Mapping field: department | Excel Column: Department | Value: Information Technology
🧾 Row 2: {Salary=18000.0, Email=GFemina@demoqa.com, Address=512 Grant 481, Prattsville\n Arkansas 72129\n United States, First Name=Gene, Gender=Female, City=Merrut, Mobile=1.888343432E9, Hobbies=Music,Reading, Subject=Accounting, Current Address=302 Town 481, Brookville\n kansas 42129\n United States, Department=Finance, DOB=22/05/2002, Picture=/TestData/Fphoto.png, State=Uttar Pradesh, Last Name=Femina, Age=30.0}
🔍 Mapping field: firstName | Excel Column: First Name | Value: Gene
🔍 Mapping field: lastName | Excel Column: Last Name | Value: Femina
🔍 Mapping field: email | Excel Column: Email | Value: GFemina@demoqa.com
🔍 Mapping field: salary | Excel Column: Salary | Value: 18000.0
🔍 Mapping field: age | Excel Column: Age | Value: 30.0
🔍 Mapping field: department | Excel Column: Department | Value: Finance
🧾 Row 3: {Salary=15000.0, Email=BWisem@demoqa.com, Address=513 Grant 481, Prattsville\n Arkansas 72129\n United States, First Name=Bud, Gender=Other, City=Panipat, Mobile=8.932465432E9, Hobbies=Reading, Subject=Biology, Current Address=303 Town 481, Brookville\n kansas 42129\n United States, Department=Medicine, DOB=31/12/1999, Picture=/TestData/Ophoto.jpg, State=Haryana, Last Name=Wisem, Age=40.0}
🔍 Mapping field: firstName | Excel Column: First Name | Value: Bud
🔍 Mapping field: lastName | Excel Column: Last Name | Value: Wisem
🔍 Mapping field: email | Excel Column: Email | Value: BWisem@demoqa.com
🔍 Mapping field: salary | Excel Column: Salary | Value: 15000.0
🔍 Mapping field: age | Excel Column: Age | Value: 40.0
🔍 Mapping field: department | Excel Column: Department | Value: Medicine
🧾 Row 4: {Salary=19000.0, Email=TBoss@demoqa.com, Address=514 Grant 481, Prattsville\n Arkansas 72129\n United States, First Name=Tom, Gender=Male, City=Jaiselmer, Mobile=7.839875281E9, Hobbies=Sports,Reading, Subject=Social Studies, Current Address=304 Town 481, Brookville\n kansas 42129\n United States, Department=Recreation, DOB=1/26/03, Picture=/TestData/M2photo.jpg, State=Rajasthan, Last Name=Boss, Age=42.0}
🔍 Mapping field: firstName | Excel Column: First Name | Value: Tom
🔍 Mapping field: lastName | Excel Column: Last Name | Value: Boss
🔍 Mapping field: email | Excel Column: Email | Value: TBoss@demoqa.com
🔍 Mapping field: salary | Excel Column: Salary | Value: 19000.0
🔍 Mapping field: age | Excel Column: Age | Value: 42.0
🔍 Mapping field: department | Excel Column: Department | Value: Recreation
2025-09-04 17:57:10 [main] INFO  demoqaBase - Starting Web Browser...
2025-09-04 17:57:11 [main] INFO  demoqaBase - Navigating to demoqa.com Website
2025-09-04 17:57:11 [main] INFO  RetryUrlAccess - 🌐 Attempt 1: Navigating to https://demoqa.com
2025-09-04 17:57:22 [main] INFO  RetryUrlAccess - ✅ Successfully navigated to: https://demoqa.com
2025-09-04 17:57:22 [main] INFO  demoqaBase - 🧪 Starting Test Registration Form Modify First Name...
Instance Variables Declared are: nullnull
2025-09-04 17:57:22 [main] INFO  demoqaBase - Accessing Elements Card...
2025-09-04 17:57:22 [main] INFO  demoqaLog - Clicking on Elements Card...
2025-09-04 17:57:22 [main] WARN  demoqaLog - ⚠️ JS click failed, falling back to native click. Reason: {}
2025-09-04 17:57:23 [main] INFO  demoqaLog - ✅ Native click succeeded on element: {}
2025-09-04 17:57:23 [main] INFO  demoqaLog - Clicked on Elements Card...
Title of this Page is: DEMOQA
You are Accessing: Elements
 
Elements: Please select an item from left to start practice.
2025-09-04 17:57:23 [main] INFO  demoqaBase - Elements: Please select an item from left to start practice.
2025-09-04 17:57:23 [main] INFO  demoqaBase - Click on Elements|Web Tables...
2025-09-04 17:57:23 [main] INFO  demoqaBase - Click on Elements|Web Tables|Registration Form...
2025-09-04 17:57:23 [main] INFO  demoqaLog - ✅ JS click executed on element: {}
2025-09-04 17:57:23 [main] ERROR demoqaBase - Registering User: Johny
2025-09-04 17:57:23 [main] INFO  demoqaBase - Click on Elements|Web Tables|Registration Form|FirstName...
2025-09-04 17:57:24 [main] INFO  demoqaBase - First Name entered is: Johny
2025-09-04 17:57:24 [main] INFO  demoqaBase - Click on Elements|Web Tables|Registration Form|LastName...
Last Name is: Bravo
2025-09-04 17:57:24 [main] INFO  demoqaBase - Last Name entered is: Bravo
2025-09-04 17:57:24 [main] INFO  demoqaBase - Click on Elements|Web Tables|Registration Form|Email...
Email ID is: Jbravo@demoqa.com
2025-09-04 17:57:25 [main] INFO  demoqaBase - Email entered is: Jbravo@demoqa.com
2025-09-04 17:57:25 [main] INFO  demoqaBase - Click on Elements|Web Tables|Registration Form|Age...
2025-09-04 17:57:25 [main] INFO  demoqaBase - Age entered is: 34
2025-09-04 17:57:25 [main] INFO  demoqaBase - Click on Elements|Web Tables|Registration Form|Salary...
2025-09-04 17:57:25 [main] INFO  demoqaBase - Salary entered is: 280000
2025-09-04 17:57:25 [main] INFO  demoqaBase - Click on Elements|Web Tables|Registration Form|Department...
2025-09-04 17:57:26 [main] INFO  demoqaBase - Department entered is: Information Technology
2025-09-04 17:57:26 [main] INFO  demoqaBase - Submitting Registration Form...
2025-09-04 17:57:26 [main] INFO  demoqaBase - Registration Form Submitted...
2025-09-04 17:57:26 [main] ERROR demoqaBase - Submitted to register user: Johny
2025-09-04 17:57:26 [main] INFO  demoqaBase - Modifying First Name of the user...
2025-09-04 17:57:27 [main] INFO  demoqaBase - ✅ Test Registration Form Modify First Name Completed Successfully...
]]></system-out>
  </testcase>
  <testcase name="webTableAddSearchEdit[WebTableUser{firstName=&apos;Tonny&apos;, lastName=&apos;Bravo&apos;, email=&apos;Jbravo@demoqa.com&apos;, salary=280000, age=340, department=&apos;Information Technology&apos;}](1)" classname="tests.ElementsTests" time="6.315">
    <system-out><![CDATA[2025-09-04 17:57:27 [main] INFO  demoqaBase - Closing the Browser...
🧾 Row 1: {Salary=28000.0, Email=Jbravo@demoqa.com, Address=511 Grant 481, Prattsville\n Arkansas 72129\n United States, First Name=Johny, Gender=Male, City=Delhi, Mobile=9.238343488E9, Hobbies=Sports,Music, Subject=Computer Science, Current Address=301 Town 481, Brookville\n kansas 42129\n United States, Department=Information Technology, DOB=15/08/2000, Picture=/TestData/Mphoto.jpg, State=NCR, Last Name=Bravo, Age=34.0}
🔍 Mapping field: firstName | Excel Column: First Name | Value: Johny
🔍 Mapping field: lastName | Excel Column: Last Name | Value: Bravo
🔍 Mapping field: email | Excel Column: Email | Value: Jbravo@demoqa.com
🔍 Mapping field: salary | Excel Column: Salary | Value: 28000.0
🔍 Mapping field: age | Excel Column: Age | Value: 34.0
🔍 Mapping field: department | Excel Column: Department | Value: Information Technology
🧾 Row 2: {Salary=18000.0, Email=GFemina@demoqa.com, Address=512 Grant 481, Prattsville\n Arkansas 72129\n United States, First Name=Gene, Gender=Female, City=Merrut, Mobile=1.888343432E9, Hobbies=Music,Reading, Subject=Accounting, Current Address=302 Town 481, Brookville\n kansas 42129\n United States, Department=Finance, DOB=22/05/2002, Picture=/TestData/Fphoto.png, State=Uttar Pradesh, Last Name=Femina, Age=30.0}
🔍 Mapping field: firstName | Excel Column: First Name | Value: Gene
🔍 Mapping field: lastName | Excel Column: Last Name | Value: Femina
🔍 Mapping field: email | Excel Column: Email | Value: GFemina@demoqa.com
🔍 Mapping field: salary | Excel Column: Salary | Value: 18000.0
🔍 Mapping field: age | Excel Column: Age | Value: 30.0
🔍 Mapping field: department | Excel Column: Department | Value: Finance
🧾 Row 3: {Salary=15000.0, Email=BWisem@demoqa.com, Address=513 Grant 481, Prattsville\n Arkansas 72129\n United States, First Name=Bud, Gender=Other, City=Panipat, Mobile=8.932465432E9, Hobbies=Reading, Subject=Biology, Current Address=303 Town 481, Brookville\n kansas 42129\n United States, Department=Medicine, DOB=31/12/1999, Picture=/TestData/Ophoto.jpg, State=Haryana, Last Name=Wisem, Age=40.0}
🔍 Mapping field: firstName | Excel Column: First Name | Value: Bud
🔍 Mapping field: lastName | Excel Column: Last Name | Value: Wisem
🔍 Mapping field: email | Excel Column: Email | Value: BWisem@demoqa.com
🔍 Mapping field: salary | Excel Column: Salary | Value: 15000.0
🔍 Mapping field: age | Excel Column: Age | Value: 40.0
🔍 Mapping field: department | Excel Column: Department | Value: Medicine
🧾 Row 4: {Salary=19000.0, Email=TBoss@demoqa.com, Address=514 Grant 481, Prattsville\n Arkansas 72129\n United States, First Name=Tom, Gender=Male, City=Jaiselmer, Mobile=7.839875281E9, Hobbies=Sports,Reading, Subject=Social Studies, Current Address=304 Town 481, Brookville\n kansas 42129\n United States, Department=Recreation, DOB=1/26/03, Picture=/TestData/M2photo.jpg, State=Rajasthan, Last Name=Boss, Age=42.0}
🔍 Mapping field: firstName | Excel Column: First Name | Value: Tom
🔍 Mapping field: lastName | Excel Column: Last Name | Value: Boss
🔍 Mapping field: email | Excel Column: Email | Value: TBoss@demoqa.com
🔍 Mapping field: salary | Excel Column: Salary | Value: 19000.0
🔍 Mapping field: age | Excel Column: Age | Value: 42.0
🔍 Mapping field: department | Excel Column: Department | Value: Recreation
2025-09-04 17:57:28 [main] INFO  demoqaBase - Starting Web Browser...
2025-09-04 17:57:29 [main] INFO  demoqaBase - Navigating to demoqa.com Website
2025-09-04 17:57:29 [main] INFO  RetryUrlAccess - 🌐 Attempt 1: Navigating to https://demoqa.com
2025-09-04 17:57:41 [main] INFO  RetryUrlAccess - ✅ Successfully navigated to: https://demoqa.com
2025-09-04 17:57:41 [main] INFO  demoqaBase - 🧪 Starting Test Registration Form Search & Modify First Name...
Instance Variables Declared are: nullnull
2025-09-04 17:57:41 [main] INFO  demoqaBase - Accessing Elements Card...
2025-09-04 17:57:41 [main] INFO  demoqaLog - Clicking on Elements Card...
2025-09-04 17:57:42 [main] WARN  demoqaLog - ⚠️ JS click failed, falling back to native click. Reason: {}
2025-09-04 17:57:42 [main] INFO  demoqaLog - ✅ Native click succeeded on element: {}
2025-09-04 17:57:42 [main] INFO  demoqaLog - Clicked on Elements Card...
Title of this Page is: DEMOQA
You are Accessing: Elements
 
Elements: Please select an item from left to start practice.
2025-09-04 17:57:42 [main] INFO  demoqaBase - Elements: Please select an item from left to start practice.
2025-09-04 17:57:42 [main] INFO  demoqaBase - Click on Elements|Web Tables...
2025-09-04 17:57:43 [main] INFO  demoqaBase - Click on Elements|Web Tables|Registration Form...
2025-09-04 17:57:43 [main] INFO  demoqaLog - ✅ JS click executed on element: {}
2025-09-04 17:57:43 [main] ERROR demoqaBase - Registering User: Johny
2025-09-04 17:57:43 [main] INFO  demoqaBase - Click on Elements|Web Tables|Registration Form|FirstName...
2025-09-04 17:57:43 [main] INFO  demoqaBase - First Name entered is: Johny
2025-09-04 17:57:43 [main] INFO  demoqaBase - Click on Elements|Web Tables|Registration Form|LastName...
Last Name is: Bravo
2025-09-04 17:57:44 [main] INFO  demoqaBase - Last Name entered is: Bravo
2025-09-04 17:57:44 [main] INFO  demoqaBase - Click on Elements|Web Tables|Registration Form|Email...
Email ID is: Jbravo@demoqa.com
2025-09-04 17:57:44 [main] INFO  demoqaBase - Email entered is: Jbravo@demoqa.com
2025-09-04 17:57:44 [main] INFO  demoqaBase - Click on Elements|Web Tables|Registration Form|Age...
2025-09-04 17:57:45 [main] INFO  demoqaBase - Age entered is: 34
2025-09-04 17:57:45 [main] INFO  demoqaBase - Click on Elements|Web Tables|Registration Form|Salary...
2025-09-04 17:57:45 [main] INFO  demoqaBase - Salary entered is: 280000
2025-09-04 17:57:45 [main] INFO  demoqaBase - Click on Elements|Web Tables|Registration Form|Department...
2025-09-04 17:57:45 [main] INFO  demoqaBase - Department entered is: Information Technology
2025-09-04 17:57:45 [main] INFO  demoqaBase - Submitting Registration Form...
2025-09-04 17:57:45 [main] INFO  demoqaBase - Registration Form Submitted...
2025-09-04 17:57:45 [main] ERROR demoqaBase - Submitted to register user: Johny
2025-09-04 17:57:46 [main] INFO  demoqaBase - Modifying First Name of the user...
2025-09-04 17:57:48 [main] INFO  demoqaBase - Updated First Name is: Tonny
2025-09-04 17:57:48 [main] INFO  demoqaBase - ✅ Test Registration Form Search & Modify First Name Completed Successfully...
]]></system-out>
  </testcase>
  <testcase name="webTableDeleteUser[WebTableUser{firstName=&apos;Johny&apos;, lastName=&apos;Bravo&apos;, email=&apos;Jbravo@demoqa.com&apos;, salary=280000, age=340, department=&apos;Information Technology&apos;}](1)" classname="tests.ElementsTests" time="3.995">
    <system-out><![CDATA[2025-09-04 17:57:48 [main] INFO  demoqaBase - Closing the Browser...
🧾 Row 1: {Salary=28000.0, Email=Jbravo@demoqa.com, Address=511 Grant 481, Prattsville\n Arkansas 72129\n United States, First Name=Johny, Gender=Male, City=Delhi, Mobile=9.238343488E9, Hobbies=Sports,Music, Subject=Computer Science, Current Address=301 Town 481, Brookville\n kansas 42129\n United States, Department=Information Technology, DOB=15/08/2000, Picture=/TestData/Mphoto.jpg, State=NCR, Last Name=Bravo, Age=34.0}
🔍 Mapping field: firstName | Excel Column: First Name | Value: Johny
🔍 Mapping field: lastName | Excel Column: Last Name | Value: Bravo
🔍 Mapping field: email | Excel Column: Email | Value: Jbravo@demoqa.com
🔍 Mapping field: salary | Excel Column: Salary | Value: 28000.0
🔍 Mapping field: age | Excel Column: Age | Value: 34.0
🔍 Mapping field: department | Excel Column: Department | Value: Information Technology
🧾 Row 2: {Salary=18000.0, Email=GFemina@demoqa.com, Address=512 Grant 481, Prattsville\n Arkansas 72129\n United States, First Name=Gene, Gender=Female, City=Merrut, Mobile=1.888343432E9, Hobbies=Music,Reading, Subject=Accounting, Current Address=302 Town 481, Brookville\n kansas 42129\n United States, Department=Finance, DOB=22/05/2002, Picture=/TestData/Fphoto.png, State=Uttar Pradesh, Last Name=Femina, Age=30.0}
🔍 Mapping field: firstName | Excel Column: First Name | Value: Gene
🔍 Mapping field: lastName | Excel Column: Last Name | Value: Femina
🔍 Mapping field: email | Excel Column: Email | Value: GFemina@demoqa.com
🔍 Mapping field: salary | Excel Column: Salary | Value: 18000.0
🔍 Mapping field: age | Excel Column: Age | Value: 30.0
🔍 Mapping field: department | Excel Column: Department | Value: Finance
🧾 Row 3: {Salary=15000.0, Email=BWisem@demoqa.com, Address=513 Grant 481, Prattsville\n Arkansas 72129\n United States, First Name=Bud, Gender=Other, City=Panipat, Mobile=8.932465432E9, Hobbies=Reading, Subject=Biology, Current Address=303 Town 481, Brookville\n kansas 42129\n United States, Department=Medicine, DOB=31/12/1999, Picture=/TestData/Ophoto.jpg, State=Haryana, Last Name=Wisem, Age=40.0}
🔍 Mapping field: firstName | Excel Column: First Name | Value: Bud
🔍 Mapping field: lastName | Excel Column: Last Name | Value: Wisem
🔍 Mapping field: email | Excel Column: Email | Value: BWisem@demoqa.com
🔍 Mapping field: salary | Excel Column: Salary | Value: 15000.0
🔍 Mapping field: age | Excel Column: Age | Value: 40.0
🔍 Mapping field: department | Excel Column: Department | Value: Medicine
🧾 Row 4: {Salary=19000.0, Email=TBoss@demoqa.com, Address=514 Grant 481, Prattsville\n Arkansas 72129\n United States, First Name=Tom, Gender=Male, City=Jaiselmer, Mobile=7.839875281E9, Hobbies=Sports,Reading, Subject=Social Studies, Current Address=304 Town 481, Brookville\n kansas 42129\n United States, Department=Recreation, DOB=1/26/03, Picture=/TestData/M2photo.jpg, State=Rajasthan, Last Name=Boss, Age=42.0}
🔍 Mapping field: firstName | Excel Column: First Name | Value: Tom
🔍 Mapping field: lastName | Excel Column: Last Name | Value: Boss
🔍 Mapping field: email | Excel Column: Email | Value: TBoss@demoqa.com
🔍 Mapping field: salary | Excel Column: Salary | Value: 19000.0
🔍 Mapping field: age | Excel Column: Age | Value: 42.0
🔍 Mapping field: department | Excel Column: Department | Value: Recreation
2025-09-04 17:57:48 [main] INFO  demoqaBase - Starting Web Browser...
2025-09-04 17:57:50 [main] INFO  demoqaBase - Navigating to demoqa.com Website
2025-09-04 17:57:50 [main] INFO  RetryUrlAccess - 🌐 Attempt 1: Navigating to https://demoqa.com
2025-09-04 17:58:01 [main] INFO  RetryUrlAccess - ✅ Successfully navigated to: https://demoqa.com
2025-09-04 17:58:01 [main] INFO  demoqaBase - 🧪 Starting Test for Deleting User from Web Table...
Instance Variables Declared are: nullnull
2025-09-04 17:58:01 [main] INFO  demoqaBase - Accessing Elements Card...
2025-09-04 17:58:01 [main] INFO  demoqaLog - Clicking on Elements Card...
2025-09-04 17:58:01 [main] WARN  demoqaLog - ⚠️ JS click failed, falling back to native click. Reason: {}
2025-09-04 17:58:01 [main] INFO  demoqaLog - ✅ Native click succeeded on element: {}
2025-09-04 17:58:01 [main] INFO  demoqaLog - Clicked on Elements Card...
Title of this Page is: DEMOQA
You are Accessing: Elements
 
Elements: Please select an item from left to start practice.
2025-09-04 17:58:01 [main] INFO  demoqaBase - Elements: Please select an item from left to start practice.
2025-09-04 17:58:01 [main] INFO  demoqaBase - Click on Elements|Web Tables...
2025-09-04 17:58:01 [main] INFO  demoqaBase - Click on Elements|Web Tables|Registration Form...
2025-09-04 17:58:02 [main] INFO  demoqaLog - ✅ JS click executed on element: {}
2025-09-04 17:58:02 [main] ERROR demoqaBase - Registering User: Johny
2025-09-04 17:58:02 [main] INFO  demoqaBase - Click on Elements|Web Tables|Registration Form|FirstName...
2025-09-04 17:58:02 [main] INFO  demoqaBase - First Name entered is: Johny
2025-09-04 17:58:02 [main] INFO  demoqaBase - Click on Elements|Web Tables|Registration Form|LastName...
Last Name is: Bravo
2025-09-04 17:58:03 [main] INFO  demoqaBase - Last Name entered is: Bravo
2025-09-04 17:58:03 [main] INFO  demoqaBase - Click on Elements|Web Tables|Registration Form|Email...
Email ID is: Jbravo@demoqa.com
2025-09-04 17:58:03 [main] INFO  demoqaBase - Email entered is: Jbravo@demoqa.com
2025-09-04 17:58:03 [main] INFO  demoqaBase - Click on Elements|Web Tables|Registration Form|Age...
2025-09-04 17:58:03 [main] INFO  demoqaBase - Age entered is: 34
2025-09-04 17:58:03 [main] INFO  demoqaBase - Click on Elements|Web Tables|Registration Form|Salary...
2025-09-04 17:58:03 [main] INFO  demoqaBase - Salary entered is: 280000
2025-09-04 17:58:03 [main] INFO  demoqaBase - Click on Elements|Web Tables|Registration Form|Department...
2025-09-04 17:58:04 [main] INFO  demoqaBase - Department entered is: Information Technology
2025-09-04 17:58:04 [main] INFO  demoqaBase - Submitting Registration Form...
2025-09-04 17:58:04 [main] INFO  demoqaBase - Registration Form Submitted...
2025-09-04 17:58:04 [main] ERROR demoqaBase - Submitted to register user: Johny
2025-09-04 17:58:04 [main] INFO  demoqaBase - Deleting User from Webtable: Johny
2025-09-04 17:58:05 [main] INFO  demoqaBase - ✅ Test for Deleting User from Web Table Completed Successfully...
]]></system-out>
  </testcase>
  <testcase name="testAddAllUsersFromExcel" classname="tests.ElementsTests" time="9.303">
    <system-out><![CDATA[2025-09-04 17:58:05 [main] INFO  demoqaBase - Closing the Browser...
2025-09-04 17:58:05 [main] INFO  demoqaBase - Starting Web Browser...
2025-09-04 17:58:07 [main] INFO  demoqaBase - Navigating to demoqa.com Website
2025-09-04 17:58:07 [main] INFO  RetryUrlAccess - 🌐 Attempt 1: Navigating to https://demoqa.com
2025-09-04 17:58:18 [main] INFO  RetryUrlAccess - ✅ Successfully navigated to: https://demoqa.com
Instance Variables Declared are: nullnull
2025-09-04 17:58:18 [main] INFO  demoqaBase - Accessing Elements Card...
2025-09-04 17:58:18 [main] INFO  demoqaLog - Clicking on Elements Card...
2025-09-04 17:58:18 [main] WARN  demoqaLog - ⚠️ JS click failed, falling back to native click. Reason: {}
2025-09-04 17:58:18 [main] INFO  demoqaLog - ✅ Native click succeeded on element: {}
2025-09-04 17:58:18 [main] INFO  demoqaLog - Clicked on Elements Card...
Title of this Page is: DEMOQA
You are Accessing: Elements
 
Elements: Please select an item from left to start practice.
2025-09-04 17:58:18 [main] INFO  demoqaBase - Elements: Please select an item from left to start practice.
2025-09-04 17:58:18 [main] INFO  demoqaBase - Click on Elements|Web Tables...
🧾 Row 1: {Salary=28000.0, Email=Jbravo@demoqa.com, Address=511 Grant 481, Prattsville\n Arkansas 72129\n United States, First Name=Johny, Gender=Male, City=Delhi, Mobile=9.238343488E9, Hobbies=Sports,Music, Subject=Computer Science, Current Address=301 Town 481, Brookville\n kansas 42129\n United States, Department=Information Technology, DOB=15/08/2000, Picture=/TestData/Mphoto.jpg, State=NCR, Last Name=Bravo, Age=34.0}
🔍 Mapping field: firstName | Excel Column: First Name | Value: Johny
🔍 Mapping field: lastName | Excel Column: Last Name | Value: Bravo
🔍 Mapping field: email | Excel Column: Email | Value: Jbravo@demoqa.com
🔍 Mapping field: salary | Excel Column: Salary | Value: 28000.0
🔍 Mapping field: age | Excel Column: Age | Value: 34.0
🔍 Mapping field: department | Excel Column: Department | Value: Information Technology
🧾 Row 2: {Salary=18000.0, Email=GFemina@demoqa.com, Address=512 Grant 481, Prattsville\n Arkansas 72129\n United States, First Name=Gene, Gender=Female, City=Merrut, Mobile=1.888343432E9, Hobbies=Music,Reading, Subject=Accounting, Current Address=302 Town 481, Brookville\n kansas 42129\n United States, Department=Finance, DOB=22/05/2002, Picture=/TestData/Fphoto.png, State=Uttar Pradesh, Last Name=Femina, Age=30.0}
🔍 Mapping field: firstName | Excel Column: First Name | Value: Gene
🔍 Mapping field: lastName | Excel Column: Last Name | Value: Femina
🔍 Mapping field: email | Excel Column: Email | Value: GFemina@demoqa.com
🔍 Mapping field: salary | Excel Column: Salary | Value: 18000.0
🔍 Mapping field: age | Excel Column: Age | Value: 30.0
🔍 Mapping field: department | Excel Column: Department | Value: Finance
🧾 Row 3: {Salary=15000.0, Email=BWisem@demoqa.com, Address=513 Grant 481, Prattsville\n Arkansas 72129\n United States, First Name=Bud, Gender=Other, City=Panipat, Mobile=8.932465432E9, Hobbies=Reading, Subject=Biology, Current Address=303 Town 481, Brookville\n kansas 42129\n United States, Department=Medicine, DOB=31/12/1999, Picture=/TestData/Ophoto.jpg, State=Haryana, Last Name=Wisem, Age=40.0}
🔍 Mapping field: firstName | Excel Column: First Name | Value: Bud
🔍 Mapping field: lastName | Excel Column: Last Name | Value: Wisem
🔍 Mapping field: email | Excel Column: Email | Value: BWisem@demoqa.com
🔍 Mapping field: salary | Excel Column: Salary | Value: 15000.0
🔍 Mapping field: age | Excel Column: Age | Value: 40.0
🔍 Mapping field: department | Excel Column: Department | Value: Medicine
🧾 Row 4: {Salary=19000.0, Email=TBoss@demoqa.com, Address=514 Grant 481, Prattsville\n Arkansas 72129\n United States, First Name=Tom, Gender=Male, City=Jaiselmer, Mobile=7.839875281E9, Hobbies=Sports,Reading, Subject=Social Studies, Current Address=304 Town 481, Brookville\n kansas 42129\n United States, Department=Recreation, DOB=1/26/03, Picture=/TestData/M2photo.jpg, State=Rajasthan, Last Name=Boss, Age=42.0}
🔍 Mapping field: firstName | Excel Column: First Name | Value: Tom
🔍 Mapping field: lastName | Excel Column: Last Name | Value: Boss
🔍 Mapping field: email | Excel Column: Email | Value: TBoss@demoqa.com
🔍 Mapping field: salary | Excel Column: Salary | Value: 19000.0
🔍 Mapping field: age | Excel Column: Age | Value: 42.0
🔍 Mapping field: department | Excel Column: Department | Value: Recreation
Declared Object: [[Ljava.lang.Object;@3bcb8460
2025-09-04 17:58:19 [main] INFO  demoqaBase - Click on Elements|Web Tables|Registration Form...
2025-09-04 17:58:19 [main] INFO  demoqaLog - ✅ JS click executed on element: {}
🧾 Row 1: {Salary=28000.0, Email=Jbravo@demoqa.com, Address=511 Grant 481, Prattsville\n Arkansas 72129\n United States, First Name=Johny, Gender=Male, City=Delhi, Mobile=9.238343488E9, Hobbies=Sports,Music, Subject=Computer Science, Current Address=301 Town 481, Brookville\n kansas 42129\n United States, Department=Information Technology, DOB=15/08/2000, Picture=/TestData/Mphoto.jpg, State=NCR, Last Name=Bravo, Age=34.0}
🔍 Mapping field: firstName | Excel Column: First Name | Value: Johny
🔍 Mapping field: lastName | Excel Column: Last Name | Value: Bravo
🔍 Mapping field: email | Excel Column: Email | Value: Jbravo@demoqa.com
🔍 Mapping field: salary | Excel Column: Salary | Value: 28000.0
🔍 Mapping field: age | Excel Column: Age | Value: 34.0
🔍 Mapping field: department | Excel Column: Department | Value: Information Technology
🧾 Row 2: {Salary=18000.0, Email=GFemina@demoqa.com, Address=512 Grant 481, Prattsville\n Arkansas 72129\n United States, First Name=Gene, Gender=Female, City=Merrut, Mobile=1.888343432E9, Hobbies=Music,Reading, Subject=Accounting, Current Address=302 Town 481, Brookville\n kansas 42129\n United States, Department=Finance, DOB=22/05/2002, Picture=/TestData/Fphoto.png, State=Uttar Pradesh, Last Name=Femina, Age=30.0}
🔍 Mapping field: firstName | Excel Column: First Name | Value: Gene
🔍 Mapping field: lastName | Excel Column: Last Name | Value: Femina
🔍 Mapping field: email | Excel Column: Email | Value: GFemina@demoqa.com
🔍 Mapping field: salary | Excel Column: Salary | Value: 18000.0
🔍 Mapping field: age | Excel Column: Age | Value: 30.0
🔍 Mapping field: department | Excel Column: Department | Value: Finance
🧾 Row 3: {Salary=15000.0, Email=BWisem@demoqa.com, Address=513 Grant 481, Prattsville\n Arkansas 72129\n United States, First Name=Bud, Gender=Other, City=Panipat, Mobile=8.932465432E9, Hobbies=Reading, Subject=Biology, Current Address=303 Town 481, Brookville\n kansas 42129\n United States, Department=Medicine, DOB=31/12/1999, Picture=/TestData/Ophoto.jpg, State=Haryana, Last Name=Wisem, Age=40.0}
🔍 Mapping field: firstName | Excel Column: First Name | Value: Bud
🔍 Mapping field: lastName | Excel Column: Last Name | Value: Wisem
🔍 Mapping field: email | Excel Column: Email | Value: BWisem@demoqa.com
🔍 Mapping field: salary | Excel Column: Salary | Value: 15000.0
🔍 Mapping field: age | Excel Column: Age | Value: 40.0
🔍 Mapping field: department | Excel Column: Department | Value: Medicine
🧾 Row 4: {Salary=19000.0, Email=TBoss@demoqa.com, Address=514 Grant 481, Prattsville\n Arkansas 72129\n United States, First Name=Tom, Gender=Male, City=Jaiselmer, Mobile=7.839875281E9, Hobbies=Sports,Reading, Subject=Social Studies, Current Address=304 Town 481, Brookville\n kansas 42129\n United States, Department=Recreation, DOB=1/26/03, Picture=/TestData/M2photo.jpg, State=Rajasthan, Last Name=Boss, Age=42.0}
🔍 Mapping field: firstName | Excel Column: First Name | Value: Tom
🔍 Mapping field: lastName | Excel Column: Last Name | Value: Boss
🔍 Mapping field: email | Excel Column: Email | Value: TBoss@demoqa.com
🔍 Mapping field: salary | Excel Column: Salary | Value: 19000.0
🔍 Mapping field: age | Excel Column: Age | Value: 42.0
🔍 Mapping field: department | Excel Column: Department | Value: Recreation
2025-09-04 17:58:19 [main] ERROR demoqaBase - Registering User: Johny
2025-09-04 17:58:19 [main] INFO  demoqaBase - Click on Elements|Web Tables|Registration Form|FirstName...
2025-09-04 17:58:19 [main] INFO  demoqaBase - First Name entered is: Johny
2025-09-04 17:58:19 [main] INFO  demoqaBase - Click on Elements|Web Tables|Registration Form|LastName...
Last Name is: Bravo
2025-09-04 17:58:20 [main] INFO  demoqaBase - Last Name entered is: Bravo
2025-09-04 17:58:20 [main] INFO  demoqaBase - Click on Elements|Web Tables|Registration Form|Email...
Email ID is: Jbravo@demoqa.com
2025-09-04 17:58:20 [main] INFO  demoqaBase - Email entered is: Jbravo@demoqa.com
2025-09-04 17:58:20 [main] INFO  demoqaBase - Click on Elements|Web Tables|Registration Form|Age...
2025-09-04 17:58:21 [main] INFO  demoqaBase - Age entered is: 34
2025-09-04 17:58:21 [main] INFO  demoqaBase - Click on Elements|Web Tables|Registration Form|Salary...
2025-09-04 17:58:21 [main] INFO  demoqaBase - Salary entered is: 280000
2025-09-04 17:58:21 [main] INFO  demoqaBase - Click on Elements|Web Tables|Registration Form|Department...
2025-09-04 17:58:21 [main] INFO  demoqaBase - Department entered is: Information Technology
2025-09-04 17:58:21 [main] INFO  demoqaBase - Submitting Registration Form...
2025-09-04 17:58:22 [main] INFO  demoqaBase - Registration Form Submitted...
2025-09-04 17:58:22 [main] ERROR demoqaBase - Submitted to register user: Johny
2025-09-04 17:58:22 [main] INFO  demoqaBase - Click on Elements|Web Tables|Registration Form...
2025-09-04 17:58:22 [main] INFO  demoqaLog - ✅ JS click executed on element: {}
2025-09-04 17:58:22 [main] ERROR demoqaBase - Registering User: Gene
2025-09-04 17:58:22 [main] INFO  demoqaBase - Click on Elements|Web Tables|Registration Form|FirstName...
2025-09-04 17:58:22 [main] INFO  demoqaBase - First Name entered is: Gene
2025-09-04 17:58:22 [main] INFO  demoqaBase - Click on Elements|Web Tables|Registration Form|LastName...
Last Name is: Femina
2025-09-04 17:58:22 [main] INFO  demoqaBase - Last Name entered is: Femina
2025-09-04 17:58:22 [main] INFO  demoqaBase - Click on Elements|Web Tables|Registration Form|Email...
Email ID is: GFemina@demoqa.com
2025-09-04 17:58:22 [main] INFO  demoqaBase - Email entered is: GFemina@demoqa.com
2025-09-04 17:58:22 [main] INFO  demoqaBase - Click on Elements|Web Tables|Registration Form|Age...
2025-09-04 17:58:23 [main] INFO  demoqaBase - Age entered is: 30
2025-09-04 17:58:23 [main] INFO  demoqaBase - Click on Elements|Web Tables|Registration Form|Salary...
2025-09-04 17:58:23 [main] INFO  demoqaBase - Salary entered is: 180000
2025-09-04 17:58:23 [main] INFO  demoqaBase - Click on Elements|Web Tables|Registration Form|Department...
2025-09-04 17:58:23 [main] INFO  demoqaBase - Department entered is: Finance
2025-09-04 17:58:23 [main] INFO  demoqaBase - Submitting Registration Form...
2025-09-04 17:58:23 [main] INFO  demoqaBase - Registration Form Submitted...
2025-09-04 17:58:23 [main] ERROR demoqaBase - Submitted to register user: Gene
2025-09-04 17:58:23 [main] INFO  demoqaBase - Click on Elements|Web Tables|Registration Form...
2025-09-04 17:58:23 [main] INFO  demoqaLog - ✅ JS click executed on element: {}
2025-09-04 17:58:23 [main] ERROR demoqaBase - Registering User: Bud
2025-09-04 17:58:23 [main] INFO  demoqaBase - Click on Elements|Web Tables|Registration Form|FirstName...
2025-09-04 17:58:24 [main] INFO  demoqaBase - First Name entered is: Bud
2025-09-04 17:58:24 [main] INFO  demoqaBase - Click on Elements|Web Tables|Registration Form|LastName...
Last Name is: Wisem
2025-09-04 17:58:24 [main] INFO  demoqaBase - Last Name entered is: Wisem
2025-09-04 17:58:24 [main] INFO  demoqaBase - Click on Elements|Web Tables|Registration Form|Email...
Email ID is: BWisem@demoqa.com
2025-09-04 17:58:24 [main] INFO  demoqaBase - Email entered is: BWisem@demoqa.com
2025-09-04 17:58:24 [main] INFO  demoqaBase - Click on Elements|Web Tables|Registration Form|Age...
2025-09-04 17:58:24 [main] INFO  demoqaBase - Age entered is: 40
2025-09-04 17:58:24 [main] INFO  demoqaBase - Click on Elements|Web Tables|Registration Form|Salary...
2025-09-04 17:58:25 [main] INFO  demoqaBase - Salary entered is: 150000
2025-09-04 17:58:25 [main] INFO  demoqaBase - Click on Elements|Web Tables|Registration Form|Department...
2025-09-04 17:58:25 [main] INFO  demoqaBase - Department entered is: Medicine
2025-09-04 17:58:25 [main] INFO  demoqaBase - Submitting Registration Form...
2025-09-04 17:58:25 [main] INFO  demoqaBase - Registration Form Submitted...
2025-09-04 17:58:25 [main] ERROR demoqaBase - Submitted to register user: Bud
2025-09-04 17:58:25 [main] INFO  demoqaBase - Click on Elements|Web Tables|Registration Form...
2025-09-04 17:58:25 [main] INFO  demoqaLog - ✅ JS click executed on element: {}
2025-09-04 17:58:25 [main] ERROR demoqaBase - Registering User: Tom
2025-09-04 17:58:25 [main] INFO  demoqaBase - Click on Elements|Web Tables|Registration Form|FirstName...
2025-09-04 17:58:25 [main] INFO  demoqaBase - First Name entered is: Tom
2025-09-04 17:58:25 [main] INFO  demoqaBase - Click on Elements|Web Tables|Registration Form|LastName...
Last Name is: Boss
2025-09-04 17:58:26 [main] INFO  demoqaBase - Last Name entered is: Boss
2025-09-04 17:58:26 [main] INFO  demoqaBase - Click on Elements|Web Tables|Registration Form|Email...
Email ID is: TBoss@demoqa.com
2025-09-04 17:58:26 [main] INFO  demoqaBase - Email entered is: TBoss@demoqa.com
2025-09-04 17:58:26 [main] INFO  demoqaBase - Click on Elements|Web Tables|Registration Form|Age...
2025-09-04 17:58:26 [main] INFO  demoqaBase - Age entered is: 42
2025-09-04 17:58:26 [main] INFO  demoqaBase - Click on Elements|Web Tables|Registration Form|Salary...
2025-09-04 17:58:26 [main] INFO  demoqaBase - Salary entered is: 190000
2025-09-04 17:58:26 [main] INFO  demoqaBase - Click on Elements|Web Tables|Registration Form|Department...
2025-09-04 17:58:26 [main] INFO  demoqaBase - Department entered is: Recreation
2025-09-04 17:58:27 [main] INFO  demoqaBase - Submitting Registration Form...
2025-09-04 17:58:27 [main] INFO  demoqaBase - Registration Form Submitted...
2025-09-04 17:58:27 [main] ERROR demoqaBase - Submitted to register user: Tom
2025-09-04 17:58:27 [main] INFO  demoqaBase - Click on Elements|Web Tables|Registration Form...
2025-09-04 17:58:27 [main] INFO  demoqaLog - ✅ JS click executed on element: {}
Initial user count: 10
Final user count: 10
2025-09-04 17:58:27 [main] INFO  demoqaBase - ✅ Test for Bulk User Creation in Web Table Completed Successfully...
]]></system-out>
  </testcase>
  <testcase name="testAddAllUsersSearchEdit" classname="tests.ElementsTests" time="14.698">
    <system-out><![CDATA[Path for Screenshot is: C:\ASN\eclipse_workspace\demoqa-automation/screenshots/testAddAllUsersFromExcel Passed+2025-09-04_17-58-27.png
2025-09-04 17:58:27 [main] INFO  demoqaBase - Closing the Browser...
2025-09-04 17:58:28 [main] INFO  demoqaBase - Starting Web Browser...
2025-09-04 17:58:29 [main] INFO  demoqaBase - Navigating to demoqa.com Website
2025-09-04 17:58:29 [main] INFO  RetryUrlAccess - 🌐 Attempt 1: Navigating to https://demoqa.com
2025-09-04 17:58:59 [main] WARN  RetryUrlAccess - 🔁 Attempt 1 failed due to retryable error: timeout: timed out receiving message from renderer: 29.042
  (session info: chrome=137.0.7151.120)
build info: version: '4.35.0', revision: '1c58e5028b'
system info: os.name: 'windows 11', os.arch: 'amd64', os.version: '10.0', java.version: '21.0.7'
driver info: org.openqa.selenium.chrome.chromedriver
command: [ce24cf571ee142e0e2ea562b6f6e3a3f, get {url=https://demoqa.com}]
capabilities {acceptinsecurecerts: false, browsername: chrome, browserversion: 137.0.7151.120, chrome: {chromedriverversion: 137.0.7151.119 (e0ac9d12dff..., userdatadir: c:\users\dell\appdata\local...}, fedcm:accounts: true, goog:chromeoptions: {debuggeraddress: localhost:61432}, networkconnectionenabled: false, pageloadstrategy: normal, platformname: windows, proxy: proxy(), se:cdp: ws://localhost:61432/devtoo..., se:cdpversion: 137.0.7151.120, setwindowrect: true, strictfileinteractability: false, timeouts: {implicit: 0, pageload: 300000, script: 30000}, unhandledpromptbehavior: dismiss and notify, webauthn:extension:credblob: true, webauthn:extension:largeblob: true, webauthn:extension:minpinlength: true, webauthn:extension:prf: true, webauthn:virtualauthenticators: true}
session id: ce24cf571ee142e0e2ea562b6f6e3a3f. Retrying after 3000ms...
2025-09-04 17:59:02 [main] INFO  RetryUrlAccess - 🌐 Attempt 2: Navigating to https://demoqa.com
2025-09-04 17:59:03 [main] INFO  RetryUrlAccess - ✅ Successfully navigated to: https://demoqa.com
Instance Variables Declared are: nullnull
2025-09-04 17:59:03 [main] INFO  demoqaBase - Accessing Elements Card...
2025-09-04 17:59:03 [main] INFO  demoqaLog - Clicking on Elements Card...
2025-09-04 17:59:03 [main] WARN  demoqaLog - ⚠️ JS click failed, falling back to native click. Reason: {}
2025-09-04 17:59:03 [main] INFO  demoqaLog - ✅ Native click succeeded on element: {}
2025-09-04 17:59:03 [main] INFO  demoqaLog - Clicked on Elements Card...
Title of this Page is: DEMOQA
You are Accessing: Elements
 
Elements: Please select an item from left to start practice.
2025-09-04 17:59:03 [main] INFO  demoqaBase - Elements: Please select an item from left to start practice.
2025-09-04 17:59:03 [main] INFO  demoqaBase - Click on Elements|Web Tables...
🧾 Row 1: {Salary=28000.0, Email=Jbravo@demoqa.com, Address=511 Grant 481, Prattsville\n Arkansas 72129\n United States, First Name=Johny, Gender=Male, City=Delhi, Mobile=9.238343488E9, Hobbies=Sports,Music, Subject=Computer Science, Current Address=301 Town 481, Brookville\n kansas 42129\n United States, Department=Information Technology, DOB=15/08/2000, Picture=/TestData/Mphoto.jpg, State=NCR, Last Name=Bravo, Age=34.0}
🔍 Mapping field: firstName | Excel Column: First Name | Value: Johny
🔍 Mapping field: lastName | Excel Column: Last Name | Value: Bravo
🔍 Mapping field: email | Excel Column: Email | Value: Jbravo@demoqa.com
🔍 Mapping field: salary | Excel Column: Salary | Value: 28000.0
🔍 Mapping field: age | Excel Column: Age | Value: 34.0
🔍 Mapping field: department | Excel Column: Department | Value: Information Technology
🧾 Row 2: {Salary=18000.0, Email=GFemina@demoqa.com, Address=512 Grant 481, Prattsville\n Arkansas 72129\n United States, First Name=Gene, Gender=Female, City=Merrut, Mobile=1.888343432E9, Hobbies=Music,Reading, Subject=Accounting, Current Address=302 Town 481, Brookville\n kansas 42129\n United States, Department=Finance, DOB=22/05/2002, Picture=/TestData/Fphoto.png, State=Uttar Pradesh, Last Name=Femina, Age=30.0}
🔍 Mapping field: firstName | Excel Column: First Name | Value: Gene
🔍 Mapping field: lastName | Excel Column: Last Name | Value: Femina
🔍 Mapping field: email | Excel Column: Email | Value: GFemina@demoqa.com
🔍 Mapping field: salary | Excel Column: Salary | Value: 18000.0
🔍 Mapping field: age | Excel Column: Age | Value: 30.0
🔍 Mapping field: department | Excel Column: Department | Value: Finance
🧾 Row 3: {Salary=15000.0, Email=BWisem@demoqa.com, Address=513 Grant 481, Prattsville\n Arkansas 72129\n United States, First Name=Bud, Gender=Other, City=Panipat, Mobile=8.932465432E9, Hobbies=Reading, Subject=Biology, Current Address=303 Town 481, Brookville\n kansas 42129\n United States, Department=Medicine, DOB=31/12/1999, Picture=/TestData/Ophoto.jpg, State=Haryana, Last Name=Wisem, Age=40.0}
🔍 Mapping field: firstName | Excel Column: First Name | Value: Bud
🔍 Mapping field: lastName | Excel Column: Last Name | Value: Wisem
🔍 Mapping field: email | Excel Column: Email | Value: BWisem@demoqa.com
🔍 Mapping field: salary | Excel Column: Salary | Value: 15000.0
🔍 Mapping field: age | Excel Column: Age | Value: 40.0
🔍 Mapping field: department | Excel Column: Department | Value: Medicine
🧾 Row 4: {Salary=19000.0, Email=TBoss@demoqa.com, Address=514 Grant 481, Prattsville\n Arkansas 72129\n United States, First Name=Tom, Gender=Male, City=Jaiselmer, Mobile=7.839875281E9, Hobbies=Sports,Reading, Subject=Social Studies, Current Address=304 Town 481, Brookville\n kansas 42129\n United States, Department=Recreation, DOB=1/26/03, Picture=/TestData/M2photo.jpg, State=Rajasthan, Last Name=Boss, Age=42.0}
🔍 Mapping field: firstName | Excel Column: First Name | Value: Tom
🔍 Mapping field: lastName | Excel Column: Last Name | Value: Boss
🔍 Mapping field: email | Excel Column: Email | Value: TBoss@demoqa.com
🔍 Mapping field: salary | Excel Column: Salary | Value: 19000.0
🔍 Mapping field: age | Excel Column: Age | Value: 42.0
🔍 Mapping field: department | Excel Column: Department | Value: Recreation
2025-09-04 17:59:04 [main] INFO  demoqaBase - Click on Elements|Web Tables|Registration Form...
2025-09-04 17:59:04 [main] INFO  demoqaLog - ✅ JS click executed on element: {}
🧾 Row 1: {Salary=28000.0, Email=Jbravo@demoqa.com, Address=511 Grant 481, Prattsville\n Arkansas 72129\n United States, First Name=Johny, Gender=Male, City=Delhi, Mobile=9.238343488E9, Hobbies=Sports,Music, Subject=Computer Science, Current Address=301 Town 481, Brookville\n kansas 42129\n United States, Department=Information Technology, DOB=15/08/2000, Picture=/TestData/Mphoto.jpg, State=NCR, Last Name=Bravo, Age=34.0}
🔍 Mapping field: firstName | Excel Column: First Name | Value: Johny
🔍 Mapping field: lastName | Excel Column: Last Name | Value: Bravo
🔍 Mapping field: email | Excel Column: Email | Value: Jbravo@demoqa.com
🔍 Mapping field: salary | Excel Column: Salary | Value: 28000.0
🔍 Mapping field: age | Excel Column: Age | Value: 34.0
🔍 Mapping field: department | Excel Column: Department | Value: Information Technology
🧾 Row 2: {Salary=18000.0, Email=GFemina@demoqa.com, Address=512 Grant 481, Prattsville\n Arkansas 72129\n United States, First Name=Gene, Gender=Female, City=Merrut, Mobile=1.888343432E9, Hobbies=Music,Reading, Subject=Accounting, Current Address=302 Town 481, Brookville\n kansas 42129\n United States, Department=Finance, DOB=22/05/2002, Picture=/TestData/Fphoto.png, State=Uttar Pradesh, Last Name=Femina, Age=30.0}
🔍 Mapping field: firstName | Excel Column: First Name | Value: Gene
🔍 Mapping field: lastName | Excel Column: Last Name | Value: Femina
🔍 Mapping field: email | Excel Column: Email | Value: GFemina@demoqa.com
🔍 Mapping field: salary | Excel Column: Salary | Value: 18000.0
🔍 Mapping field: age | Excel Column: Age | Value: 30.0
🔍 Mapping field: department | Excel Column: Department | Value: Finance
🧾 Row 3: {Salary=15000.0, Email=BWisem@demoqa.com, Address=513 Grant 481, Prattsville\n Arkansas 72129\n United States, First Name=Bud, Gender=Other, City=Panipat, Mobile=8.932465432E9, Hobbies=Reading, Subject=Biology, Current Address=303 Town 481, Brookville\n kansas 42129\n United States, Department=Medicine, DOB=31/12/1999, Picture=/TestData/Ophoto.jpg, State=Haryana, Last Name=Wisem, Age=40.0}
🔍 Mapping field: firstName | Excel Column: First Name | Value: Bud
🔍 Mapping field: lastName | Excel Column: Last Name | Value: Wisem
🔍 Mapping field: email | Excel Column: Email | Value: BWisem@demoqa.com
🔍 Mapping field: salary | Excel Column: Salary | Value: 15000.0
🔍 Mapping field: age | Excel Column: Age | Value: 40.0
🔍 Mapping field: department | Excel Column: Department | Value: Medicine
🧾 Row 4: {Salary=19000.0, Email=TBoss@demoqa.com, Address=514 Grant 481, Prattsville\n Arkansas 72129\n United States, First Name=Tom, Gender=Male, City=Jaiselmer, Mobile=7.839875281E9, Hobbies=Sports,Reading, Subject=Social Studies, Current Address=304 Town 481, Brookville\n kansas 42129\n United States, Department=Recreation, DOB=1/26/03, Picture=/TestData/M2photo.jpg, State=Rajasthan, Last Name=Boss, Age=42.0}
🔍 Mapping field: firstName | Excel Column: First Name | Value: Tom
🔍 Mapping field: lastName | Excel Column: Last Name | Value: Boss
🔍 Mapping field: email | Excel Column: Email | Value: TBoss@demoqa.com
🔍 Mapping field: salary | Excel Column: Salary | Value: 19000.0
🔍 Mapping field: age | Excel Column: Age | Value: 42.0
🔍 Mapping field: department | Excel Column: Department | Value: Recreation
2025-09-04 17:59:04 [main] ERROR demoqaBase - Registering User: Johny
2025-09-04 17:59:04 [main] INFO  demoqaBase - Click on Elements|Web Tables|Registration Form|FirstName...
2025-09-04 17:59:05 [main] INFO  demoqaBase - First Name entered is: Johny
2025-09-04 17:59:05 [main] INFO  demoqaBase - Click on Elements|Web Tables|Registration Form|LastName...
Last Name is: Bravo
2025-09-04 17:59:05 [main] INFO  demoqaBase - Last Name entered is: Bravo
2025-09-04 17:59:05 [main] INFO  demoqaBase - Click on Elements|Web Tables|Registration Form|Email...
Email ID is: Jbravo@demoqa.com
2025-09-04 17:59:06 [main] INFO  demoqaBase - Email entered is: Jbravo@demoqa.com
2025-09-04 17:59:06 [main] INFO  demoqaBase - Click on Elements|Web Tables|Registration Form|Age...
2025-09-04 17:59:06 [main] INFO  demoqaBase - Age entered is: 34
2025-09-04 17:59:06 [main] INFO  demoqaBase - Click on Elements|Web Tables|Registration Form|Salary...
2025-09-04 17:59:06 [main] INFO  demoqaBase - Salary entered is: 280000
2025-09-04 17:59:06 [main] INFO  demoqaBase - Click on Elements|Web Tables|Registration Form|Department...
2025-09-04 17:59:06 [main] INFO  demoqaBase - Department entered is: Information Technology
2025-09-04 17:59:06 [main] INFO  demoqaBase - Submitting Registration Form...
2025-09-04 17:59:07 [main] INFO  demoqaBase - Registration Form Submitted...
2025-09-04 17:59:07 [main] ERROR demoqaBase - Submitted to register user: Johny
2025-09-04 17:59:07 [main] INFO  demoqaBase - Click on Elements|Web Tables|Registration Form...
2025-09-04 17:59:07 [main] INFO  demoqaLog - ✅ JS click executed on element: {}
2025-09-04 17:59:07 [main] ERROR demoqaBase - Registering User: Gene
2025-09-04 17:59:07 [main] INFO  demoqaBase - Click on Elements|Web Tables|Registration Form|FirstName...
2025-09-04 17:59:07 [main] INFO  demoqaBase - First Name entered is: Gene
2025-09-04 17:59:07 [main] INFO  demoqaBase - Click on Elements|Web Tables|Registration Form|LastName...
Last Name is: Femina
2025-09-04 17:59:07 [main] INFO  demoqaBase - Last Name entered is: Femina
2025-09-04 17:59:07 [main] INFO  demoqaBase - Click on Elements|Web Tables|Registration Form|Email...
Email ID is: GFemina@demoqa.com
2025-09-04 17:59:08 [main] INFO  demoqaBase - Email entered is: GFemina@demoqa.com
2025-09-04 17:59:08 [main] INFO  demoqaBase - Click on Elements|Web Tables|Registration Form|Age...
2025-09-04 17:59:08 [main] INFO  demoqaBase - Age entered is: 30
2025-09-04 17:59:08 [main] INFO  demoqaBase - Click on Elements|Web Tables|Registration Form|Salary...
2025-09-04 17:59:09 [main] INFO  demoqaBase - Salary entered is: 180000
2025-09-04 17:59:09 [main] INFO  demoqaBase - Click on Elements|Web Tables|Registration Form|Department...
2025-09-04 17:59:09 [main] INFO  demoqaBase - Department entered is: Finance
2025-09-04 17:59:09 [main] INFO  demoqaBase - Submitting Registration Form...
2025-09-04 17:59:09 [main] INFO  demoqaBase - Registration Form Submitted...
2025-09-04 17:59:09 [main] ERROR demoqaBase - Submitted to register user: Gene
2025-09-04 17:59:09 [main] INFO  demoqaBase - Click on Elements|Web Tables|Registration Form...
2025-09-04 17:59:10 [main] INFO  demoqaLog - ✅ JS click executed on element: {}
2025-09-04 17:59:10 [main] ERROR demoqaBase - Registering User: Bud
2025-09-04 17:59:10 [main] INFO  demoqaBase - Click on Elements|Web Tables|Registration Form|FirstName...
2025-09-04 17:59:10 [main] INFO  demoqaBase - First Name entered is: Bud
2025-09-04 17:59:10 [main] INFO  demoqaBase - Click on Elements|Web Tables|Registration Form|LastName...
Last Name is: Wisem
2025-09-04 17:59:10 [main] INFO  demoqaBase - Last Name entered is: Wisem
2025-09-04 17:59:10 [main] INFO  demoqaBase - Click on Elements|Web Tables|Registration Form|Email...
Email ID is: BWisem@demoqa.com
2025-09-04 17:59:11 [main] INFO  demoqaBase - Email entered is: BWisem@demoqa.com
2025-09-04 17:59:11 [main] INFO  demoqaBase - Click on Elements|Web Tables|Registration Form|Age...
2025-09-04 17:59:11 [main] INFO  demoqaBase - Age entered is: 40
2025-09-04 17:59:11 [main] INFO  demoqaBase - Click on Elements|Web Tables|Registration Form|Salary...
2025-09-04 17:59:12 [main] INFO  demoqaBase - Salary entered is: 150000
2025-09-04 17:59:12 [main] INFO  demoqaBase - Click on Elements|Web Tables|Registration Form|Department...
2025-09-04 17:59:12 [main] INFO  demoqaBase - Department entered is: Medicine
2025-09-04 17:59:12 [main] INFO  demoqaBase - Submitting Registration Form...
2025-09-04 17:59:12 [main] INFO  demoqaBase - Registration Form Submitted...
2025-09-04 17:59:12 [main] ERROR demoqaBase - Submitted to register user: Bud
2025-09-04 17:59:12 [main] INFO  demoqaBase - Click on Elements|Web Tables|Registration Form...
2025-09-04 17:59:13 [main] INFO  demoqaLog - ✅ JS click executed on element: {}
2025-09-04 17:59:13 [main] ERROR demoqaBase - Registering User: Tom
2025-09-04 17:59:13 [main] INFO  demoqaBase - Click on Elements|Web Tables|Registration Form|FirstName...
2025-09-04 17:59:13 [main] INFO  demoqaBase - First Name entered is: Tom
2025-09-04 17:59:13 [main] INFO  demoqaBase - Click on Elements|Web Tables|Registration Form|LastName...
Last Name is: Boss
2025-09-04 17:59:14 [main] INFO  demoqaBase - Last Name entered is: Boss
2025-09-04 17:59:14 [main] INFO  demoqaBase - Click on Elements|Web Tables|Registration Form|Email...
Email ID is: TBoss@demoqa.com
2025-09-04 17:59:14 [main] INFO  demoqaBase - Email entered is: TBoss@demoqa.com
2025-09-04 17:59:14 [main] INFO  demoqaBase - Click on Elements|Web Tables|Registration Form|Age...
2025-09-04 17:59:14 [main] INFO  demoqaBase - Age entered is: 42
2025-09-04 17:59:14 [main] INFO  demoqaBase - Click on Elements|Web Tables|Registration Form|Salary...
2025-09-04 17:59:15 [main] INFO  demoqaBase - Salary entered is: 190000
2025-09-04 17:59:15 [main] INFO  demoqaBase - Click on Elements|Web Tables|Registration Form|Department...
2025-09-04 17:59:15 [main] INFO  demoqaBase - Department entered is: Recreation
2025-09-04 17:59:15 [main] INFO  demoqaBase - Submitting Registration Form...
2025-09-04 17:59:15 [main] INFO  demoqaBase - Registration Form Submitted...
2025-09-04 17:59:15 [main] ERROR demoqaBase - Submitted to register user: Tom
2025-09-04 17:59:15 [main] INFO  demoqaBase - Click on Elements|Web Tables|Registration Form...
2025-09-04 17:59:15 [main] INFO  demoqaLog - ✅ JS click executed on element: {}
2025-09-04 17:59:16 [main] INFO  demoqaBase - Modifying First Name of the user...
2025-09-04 17:59:18 [main] INFO  demoqaBase - Updated First Name is: Genelia
Initial user count: 10
Final user count: 10
2025-09-04 17:59:18 [main] INFO  demoqaBase - ✅ Test for Bulk User Creation and Edit Completed Successfully...
]]></system-out>
  </testcase>
  <testcase name="EditSalaryDepartment" classname="tests.ElementsTests" time="18.596">
    <system-out><![CDATA[2025-09-04 17:59:18 [main] INFO  demoqaBase - Closing the Browser...
2025-09-04 17:59:18 [main] INFO  demoqaBase - Starting Web Browser...
2025-09-04 17:59:20 [main] INFO  demoqaBase - Navigating to demoqa.com Website
2025-09-04 17:59:20 [main] INFO  RetryUrlAccess - 🌐 Attempt 1: Navigating to https://demoqa.com
2025-09-04 17:59:24 [main] INFO  RetryUrlAccess - ✅ Successfully navigated to: https://demoqa.com
Instance Variables Declared are: nullnull
2025-09-04 17:59:24 [main] INFO  demoqaBase - Accessing Elements Card...
2025-09-04 17:59:24 [main] INFO  demoqaLog - Clicking on Elements Card...
2025-09-04 17:59:24 [main] WARN  demoqaLog - ⚠️ JS click failed, falling back to native click. Reason: {}
2025-09-04 17:59:25 [main] INFO  demoqaLog - ✅ Native click succeeded on element: {}
2025-09-04 17:59:25 [main] INFO  demoqaLog - Clicked on Elements Card...
Title of this Page is: DEMOQA
You are Accessing: Elements
 
Elements: Please select an item from left to start practice.
2025-09-04 17:59:25 [main] INFO  demoqaBase - Elements: Please select an item from left to start practice.
2025-09-04 17:59:25 [main] INFO  demoqaBase - Click on Elements|Web Tables...
Total Number of user before adding new ones are: 10
🧾 Row 1: {Salary=28000.0, Email=Jbravo@demoqa.com, Address=511 Grant 481, Prattsville\n Arkansas 72129\n United States, First Name=Johny, Gender=Male, City=Delhi, Mobile=9.238343488E9, Hobbies=Sports,Music, Subject=Computer Science, Current Address=301 Town 481, Brookville\n kansas 42129\n United States, Department=Information Technology, DOB=15/08/2000, Picture=/TestData/Mphoto.jpg, State=NCR, Last Name=Bravo, Age=34.0}
🔍 Mapping field: firstName | Excel Column: First Name | Value: Johny
🔍 Mapping field: lastName | Excel Column: Last Name | Value: Bravo
🔍 Mapping field: email | Excel Column: Email | Value: Jbravo@demoqa.com
🔍 Mapping field: salary | Excel Column: Salary | Value: 28000.0
🔍 Mapping field: age | Excel Column: Age | Value: 34.0
🔍 Mapping field: department | Excel Column: Department | Value: Information Technology
🧾 Row 2: {Salary=18000.0, Email=GFemina@demoqa.com, Address=512 Grant 481, Prattsville\n Arkansas 72129\n United States, First Name=Gene, Gender=Female, City=Merrut, Mobile=1.888343432E9, Hobbies=Music,Reading, Subject=Accounting, Current Address=302 Town 481, Brookville\n kansas 42129\n United States, Department=Finance, DOB=22/05/2002, Picture=/TestData/Fphoto.png, State=Uttar Pradesh, Last Name=Femina, Age=30.0}
🔍 Mapping field: firstName | Excel Column: First Name | Value: Gene
🔍 Mapping field: lastName | Excel Column: Last Name | Value: Femina
🔍 Mapping field: email | Excel Column: Email | Value: GFemina@demoqa.com
🔍 Mapping field: salary | Excel Column: Salary | Value: 18000.0
🔍 Mapping field: age | Excel Column: Age | Value: 30.0
🔍 Mapping field: department | Excel Column: Department | Value: Finance
🧾 Row 3: {Salary=15000.0, Email=BWisem@demoqa.com, Address=513 Grant 481, Prattsville\n Arkansas 72129\n United States, First Name=Bud, Gender=Other, City=Panipat, Mobile=8.932465432E9, Hobbies=Reading, Subject=Biology, Current Address=303 Town 481, Brookville\n kansas 42129\n United States, Department=Medicine, DOB=31/12/1999, Picture=/TestData/Ophoto.jpg, State=Haryana, Last Name=Wisem, Age=40.0}
🔍 Mapping field: firstName | Excel Column: First Name | Value: Bud
🔍 Mapping field: lastName | Excel Column: Last Name | Value: Wisem
🔍 Mapping field: email | Excel Column: Email | Value: BWisem@demoqa.com
🔍 Mapping field: salary | Excel Column: Salary | Value: 15000.0
🔍 Mapping field: age | Excel Column: Age | Value: 40.0
🔍 Mapping field: department | Excel Column: Department | Value: Medicine
🧾 Row 4: {Salary=19000.0, Email=TBoss@demoqa.com, Address=514 Grant 481, Prattsville\n Arkansas 72129\n United States, First Name=Tom, Gender=Male, City=Jaiselmer, Mobile=7.839875281E9, Hobbies=Sports,Reading, Subject=Social Studies, Current Address=304 Town 481, Brookville\n kansas 42129\n United States, Department=Recreation, DOB=1/26/03, Picture=/TestData/M2photo.jpg, State=Rajasthan, Last Name=Boss, Age=42.0}
🔍 Mapping field: firstName | Excel Column: First Name | Value: Tom
🔍 Mapping field: lastName | Excel Column: Last Name | Value: Boss
🔍 Mapping field: email | Excel Column: Email | Value: TBoss@demoqa.com
🔍 Mapping field: salary | Excel Column: Salary | Value: 19000.0
🔍 Mapping field: age | Excel Column: Age | Value: 42.0
🔍 Mapping field: department | Excel Column: Department | Value: Recreation
2025-09-04 17:59:25 [main] INFO  demoqaBase - Click on Elements|Web Tables|Registration Form...
2025-09-04 17:59:25 [main] INFO  demoqaLog - ✅ JS click executed on element: {}
🧾 Row 1: {Salary=28000.0, Email=Jbravo@demoqa.com, Address=511 Grant 481, Prattsville\n Arkansas 72129\n United States, First Name=Johny, Gender=Male, City=Delhi, Mobile=9.238343488E9, Hobbies=Sports,Music, Subject=Computer Science, Current Address=301 Town 481, Brookville\n kansas 42129\n United States, Department=Information Technology, DOB=15/08/2000, Picture=/TestData/Mphoto.jpg, State=NCR, Last Name=Bravo, Age=34.0}
🔍 Mapping field: firstName | Excel Column: First Name | Value: Johny
🔍 Mapping field: lastName | Excel Column: Last Name | Value: Bravo
🔍 Mapping field: email | Excel Column: Email | Value: Jbravo@demoqa.com
🔍 Mapping field: salary | Excel Column: Salary | Value: 28000.0
🔍 Mapping field: age | Excel Column: Age | Value: 34.0
🔍 Mapping field: department | Excel Column: Department | Value: Information Technology
🧾 Row 2: {Salary=18000.0, Email=GFemina@demoqa.com, Address=512 Grant 481, Prattsville\n Arkansas 72129\n United States, First Name=Gene, Gender=Female, City=Merrut, Mobile=1.888343432E9, Hobbies=Music,Reading, Subject=Accounting, Current Address=302 Town 481, Brookville\n kansas 42129\n United States, Department=Finance, DOB=22/05/2002, Picture=/TestData/Fphoto.png, State=Uttar Pradesh, Last Name=Femina, Age=30.0}
🔍 Mapping field: firstName | Excel Column: First Name | Value: Gene
🔍 Mapping field: lastName | Excel Column: Last Name | Value: Femina
🔍 Mapping field: email | Excel Column: Email | Value: GFemina@demoqa.com
🔍 Mapping field: salary | Excel Column: Salary | Value: 18000.0
🔍 Mapping field: age | Excel Column: Age | Value: 30.0
🔍 Mapping field: department | Excel Column: Department | Value: Finance
🧾 Row 3: {Salary=15000.0, Email=BWisem@demoqa.com, Address=513 Grant 481, Prattsville\n Arkansas 72129\n United States, First Name=Bud, Gender=Other, City=Panipat, Mobile=8.932465432E9, Hobbies=Reading, Subject=Biology, Current Address=303 Town 481, Brookville\n kansas 42129\n United States, Department=Medicine, DOB=31/12/1999, Picture=/TestData/Ophoto.jpg, State=Haryana, Last Name=Wisem, Age=40.0}
🔍 Mapping field: firstName | Excel Column: First Name | Value: Bud
🔍 Mapping field: lastName | Excel Column: Last Name | Value: Wisem
🔍 Mapping field: email | Excel Column: Email | Value: BWisem@demoqa.com
🔍 Mapping field: salary | Excel Column: Salary | Value: 15000.0
🔍 Mapping field: age | Excel Column: Age | Value: 40.0
🔍 Mapping field: department | Excel Column: Department | Value: Medicine
🧾 Row 4: {Salary=19000.0, Email=TBoss@demoqa.com, Address=514 Grant 481, Prattsville\n Arkansas 72129\n United States, First Name=Tom, Gender=Male, City=Jaiselmer, Mobile=7.839875281E9, Hobbies=Sports,Reading, Subject=Social Studies, Current Address=304 Town 481, Brookville\n kansas 42129\n United States, Department=Recreation, DOB=1/26/03, Picture=/TestData/M2photo.jpg, State=Rajasthan, Last Name=Boss, Age=42.0}
🔍 Mapping field: firstName | Excel Column: First Name | Value: Tom
🔍 Mapping field: lastName | Excel Column: Last Name | Value: Boss
🔍 Mapping field: email | Excel Column: Email | Value: TBoss@demoqa.com
🔍 Mapping field: salary | Excel Column: Salary | Value: 19000.0
🔍 Mapping field: age | Excel Column: Age | Value: 42.0
🔍 Mapping field: department | Excel Column: Department | Value: Recreation
2025-09-04 17:59:25 [main] ERROR demoqaBase - Registering User: Johny
2025-09-04 17:59:25 [main] INFO  demoqaBase - Click on Elements|Web Tables|Registration Form|FirstName...
2025-09-04 17:59:26 [main] INFO  demoqaBase - First Name entered is: Johny
2025-09-04 17:59:26 [main] INFO  demoqaBase - Click on Elements|Web Tables|Registration Form|LastName...
Last Name is: Bravo
2025-09-04 17:59:26 [main] INFO  demoqaBase - Last Name entered is: Bravo
2025-09-04 17:59:26 [main] INFO  demoqaBase - Click on Elements|Web Tables|Registration Form|Email...
Email ID is: Jbravo@demoqa.com
2025-09-04 17:59:27 [main] INFO  demoqaBase - Email entered is: Jbravo@demoqa.com
2025-09-04 17:59:27 [main] INFO  demoqaBase - Click on Elements|Web Tables|Registration Form|Age...
2025-09-04 17:59:27 [main] INFO  demoqaBase - Age entered is: 34
2025-09-04 17:59:27 [main] INFO  demoqaBase - Click on Elements|Web Tables|Registration Form|Salary...
2025-09-04 17:59:27 [main] INFO  demoqaBase - Salary entered is: 280000
2025-09-04 17:59:27 [main] INFO  demoqaBase - Click on Elements|Web Tables|Registration Form|Department...
2025-09-04 17:59:27 [main] INFO  demoqaBase - Department entered is: Information Technology
2025-09-04 17:59:28 [main] INFO  demoqaBase - Submitting Registration Form...
2025-09-04 17:59:28 [main] INFO  demoqaBase - Registration Form Submitted...
2025-09-04 17:59:28 [main] ERROR demoqaBase - Submitted to register user: Johny
2025-09-04 17:59:28 [main] INFO  demoqaBase - Click on Elements|Web Tables|Registration Form...
2025-09-04 17:59:28 [main] INFO  demoqaLog - ✅ JS click executed on element: {}
2025-09-04 17:59:28 [main] ERROR demoqaBase - Registering User: Gene
2025-09-04 17:59:28 [main] INFO  demoqaBase - Click on Elements|Web Tables|Registration Form|FirstName...
2025-09-04 17:59:28 [main] INFO  demoqaBase - First Name entered is: Gene
2025-09-04 17:59:28 [main] INFO  demoqaBase - Click on Elements|Web Tables|Registration Form|LastName...
Last Name is: Femina
2025-09-04 17:59:29 [main] INFO  demoqaBase - Last Name entered is: Femina
2025-09-04 17:59:29 [main] INFO  demoqaBase - Click on Elements|Web Tables|Registration Form|Email...
Email ID is: GFemina@demoqa.com
2025-09-04 17:59:29 [main] INFO  demoqaBase - Email entered is: GFemina@demoqa.com
2025-09-04 17:59:29 [main] INFO  demoqaBase - Click on Elements|Web Tables|Registration Form|Age...
2025-09-04 17:59:29 [main] INFO  demoqaBase - Age entered is: 30
2025-09-04 17:59:29 [main] INFO  demoqaBase - Click on Elements|Web Tables|Registration Form|Salary...
2025-09-04 17:59:30 [main] INFO  demoqaBase - Salary entered is: 180000
2025-09-04 17:59:30 [main] INFO  demoqaBase - Click on Elements|Web Tables|Registration Form|Department...
2025-09-04 17:59:30 [main] INFO  demoqaBase - Department entered is: Finance
2025-09-04 17:59:30 [main] INFO  demoqaBase - Submitting Registration Form...
2025-09-04 17:59:30 [main] INFO  demoqaBase - Registration Form Submitted...
2025-09-04 17:59:30 [main] ERROR demoqaBase - Submitted to register user: Gene
2025-09-04 17:59:30 [main] INFO  demoqaBase - Click on Elements|Web Tables|Registration Form...
2025-09-04 17:59:30 [main] INFO  demoqaLog - ✅ JS click executed on element: {}
2025-09-04 17:59:30 [main] ERROR demoqaBase - Registering User: Bud
2025-09-04 17:59:30 [main] INFO  demoqaBase - Click on Elements|Web Tables|Registration Form|FirstName...
2025-09-04 17:59:31 [main] INFO  demoqaBase - First Name entered is: Bud
2025-09-04 17:59:31 [main] INFO  demoqaBase - Click on Elements|Web Tables|Registration Form|LastName...
Last Name is: Wisem
2025-09-04 17:59:31 [main] INFO  demoqaBase - Last Name entered is: Wisem
2025-09-04 17:59:31 [main] INFO  demoqaBase - Click on Elements|Web Tables|Registration Form|Email...
Email ID is: BWisem@demoqa.com
2025-09-04 17:59:32 [main] INFO  demoqaBase - Email entered is: BWisem@demoqa.com
2025-09-04 17:59:32 [main] INFO  demoqaBase - Click on Elements|Web Tables|Registration Form|Age...
2025-09-04 17:59:32 [main] INFO  demoqaBase - Age entered is: 40
2025-09-04 17:59:32 [main] INFO  demoqaBase - Click on Elements|Web Tables|Registration Form|Salary...
2025-09-04 17:59:32 [main] INFO  demoqaBase - Salary entered is: 150000
2025-09-04 17:59:32 [main] INFO  demoqaBase - Click on Elements|Web Tables|Registration Form|Department...
2025-09-04 17:59:32 [main] INFO  demoqaBase - Department entered is: Medicine
2025-09-04 17:59:32 [main] INFO  demoqaBase - Submitting Registration Form...
2025-09-04 17:59:33 [main] INFO  demoqaBase - Registration Form Submitted...
2025-09-04 17:59:33 [main] ERROR demoqaBase - Submitted to register user: Bud
2025-09-04 17:59:33 [main] INFO  demoqaBase - Click on Elements|Web Tables|Registration Form...
2025-09-04 17:59:33 [main] INFO  demoqaLog - ✅ JS click executed on element: {}
2025-09-04 17:59:33 [main] ERROR demoqaBase - Registering User: Tom
2025-09-04 17:59:33 [main] INFO  demoqaBase - Click on Elements|Web Tables|Registration Form|FirstName...
2025-09-04 17:59:33 [main] INFO  demoqaBase - First Name entered is: Tom
2025-09-04 17:59:33 [main] INFO  demoqaBase - Click on Elements|Web Tables|Registration Form|LastName...
Last Name is: Boss
2025-09-04 17:59:34 [main] INFO  demoqaBase - Last Name entered is: Boss
2025-09-04 17:59:34 [main] INFO  demoqaBase - Click on Elements|Web Tables|Registration Form|Email...
Email ID is: TBoss@demoqa.com
2025-09-04 17:59:34 [main] INFO  demoqaBase - Email entered is: TBoss@demoqa.com
2025-09-04 17:59:34 [main] INFO  demoqaBase - Click on Elements|Web Tables|Registration Form|Age...
2025-09-04 17:59:34 [main] INFO  demoqaBase - Age entered is: 42
2025-09-04 17:59:34 [main] INFO  demoqaBase - Click on Elements|Web Tables|Registration Form|Salary...
2025-09-04 17:59:34 [main] INFO  demoqaBase - Salary entered is: 190000
2025-09-04 17:59:34 [main] INFO  demoqaBase - Click on Elements|Web Tables|Registration Form|Department...
2025-09-04 17:59:35 [main] INFO  demoqaBase - Department entered is: Recreation
2025-09-04 17:59:35 [main] INFO  demoqaBase - Submitting Registration Form...
2025-09-04 17:59:35 [main] INFO  demoqaBase - Registration Form Submitted...
2025-09-04 17:59:35 [main] ERROR demoqaBase - Submitted to register user: Tom
2025-09-04 17:59:35 [main] INFO  demoqaBase - Click on Elements|Web Tables|Registration Form...
2025-09-04 17:59:35 [main] INFO  demoqaLog - ✅ JS click executed on element: {}
Current Salary is: 0
2025-09-04 17:59:36 [main] INFO  demoqaBase - Modifying First Name of the user...
2025-09-04 17:59:38 [main] INFO  demoqaBase - Updated First Name is: Tom
2025-09-04 17:59:38 [main] INFO  demoqaBase - Updating Users Salary...
New Salary is: 345000
2025-09-04 17:59:39 [main] INFO  demoqaBase - Updated Salarye is: 345000
2025-09-04 17:59:40 [main] INFO  demoqaBase - Modifying First Name of the user...
2025-09-04 17:59:41 [main] INFO  demoqaBase - Updated First Name is: Tom
2025-09-04 17:59:41 [main] INFO  demoqaBase - Updating Users Department...
New Salary is: Architecture
2025-09-04 17:59:43 [main] INFO  demoqaBase - Updated Salarye is: Architecture
2025-09-04 17:59:43 [main] INFO  demoqaBase - ✅ Test for Bulk User Creation and Edit Completed Successfully...
]]></system-out>
  </testcase>
  <testcase name="Buttons" classname="tests.ElementsTests" time="0.663">
    <system-out><![CDATA[2025-09-04 17:59:43 [main] INFO  demoqaBase - Closing the Browser...
2025-09-04 17:59:43 [main] INFO  demoqaBase - Starting Web Browser...
2025-09-04 17:59:45 [main] INFO  demoqaBase - Navigating to demoqa.com Website
2025-09-04 17:59:45 [main] INFO  RetryUrlAccess - 🌐 Attempt 1: Navigating to https://demoqa.com
2025-09-04 17:59:50 [main] INFO  RetryUrlAccess - ✅ Successfully navigated to: https://demoqa.com
Instance Variables Declared are: nullnull
2025-09-04 17:59:50 [main] INFO  demoqaBase - Accessing Elements Card...
2025-09-04 17:59:50 [main] INFO  demoqaLog - Clicking on Elements Card...
2025-09-04 17:59:50 [main] WARN  demoqaLog - ⚠️ JS click failed, falling back to native click. Reason: {}
2025-09-04 17:59:50 [main] INFO  demoqaLog - ✅ Native click succeeded on element: {}
2025-09-04 17:59:50 [main] INFO  demoqaLog - Clicked on Elements Card...
Title of this Page is: DEMOQA
You are Accessing: Elements
 
Elements: Please select an item from left to start practice.
2025-09-04 17:59:50 [main] INFO  demoqaBase - Elements: Please select an item from left to start practice.
2025-09-04 17:59:50 [main] INFO  demoqaBase - Clicking on Elements|Buttons...
2025-09-04 17:59:50 [main] INFO  demoqaBase - Clicked on Elements|Buttons...
2025-09-04 17:59:50 [main] INFO  demoqaBase - ✅ Test for Elements|Buttons Click Completed Successfully...
]]></system-out>
  </testcase>
  <testcase name="DoubleClickButtons" classname="tests.ElementsTests" time="1.329">
    <failure message="no such element: Unable to locate element: {&quot;method&quot;:&quot;xpath&quot;,&quot;selector&quot;:&quot;//p[@id=&apos;doubleClickMessage&apos;]&quot;}&#10;  (Session info: chrome=137.0.7151.120)&#10;For documentation on this error, please visit: https://www.selenium.dev/documentation/webdriver/troubleshooting/errors#no-such-element-exception&#10;Build info: version: &apos;4.35.0&apos;, revision: &apos;1c58e5028b&apos;&#10;System info: os.name: &apos;Windows 11&apos;, os.arch: &apos;amd64&apos;, os.version: &apos;10.0&apos;, java.version: &apos;21.0.7&apos;&#10;Driver info: org.openqa.selenium.chrome.ChromeDriver&#10;Command: [ddee27d8cfdc602227d03c8ac056b77f, findElement {value=//p[@id=&apos;doubleClickMessage&apos;], using=xpath}]&#10;Capabilities {acceptInsecureCerts: false, browserName: chrome, browserVersion: 137.0.7151.120, chrome: {chromedriverVersion: 137.0.7151.119 (e0ac9d12dff..., userDataDir: C:\Users\dell\AppData\Local...}, fedcm:accounts: true, goog:chromeOptions: {debuggerAddress: localhost:61905}, networkConnectionEnabled: false, pageLoadStrategy: normal, platformName: windows, proxy: Proxy(), se:cdp: ws://localhost:61905/devtoo..., se:cdpVersion: 137.0.7151.120, setWindowRect: true, strictFileInteractability: false, timeouts: {implicit: 0, pageLoad: 300000, script: 30000}, unhandledPromptBehavior: dismiss and notify, webauthn:extension:credBlob: true, webauthn:extension:largeBlob: true, webauthn:extension:minPinLength: true, webauthn:extension:prf: true, webauthn:virtualAuthenticators: true}&#10;Session ID: ddee27d8cfdc602227d03c8ac056b77f" type="org.openqa.selenium.NoSuchElementException"><![CDATA[org.openqa.selenium.NoSuchElementException: 
no such element: Unable to locate element: {"method":"xpath","selector":"//p[@id='doubleClickMessage']"}
  (Session info: chrome=137.0.7151.120)
For documentation on this error, please visit: https://www.selenium.dev/documentation/webdriver/troubleshooting/errors#no-such-element-exception
Build info: version: '4.35.0', revision: '1c58e5028b'
System info: os.name: 'Windows 11', os.arch: 'amd64', os.version: '10.0', java.version: '21.0.7'
Driver info: org.openqa.selenium.chrome.ChromeDriver
Command: [ddee27d8cfdc602227d03c8ac056b77f, findElement {value=//p[@id='doubleClickMessage'], using=xpath}]
Capabilities {acceptInsecureCerts: false, browserName: chrome, browserVersion: 137.0.7151.120, chrome: {chromedriverVersion: 137.0.7151.119 (e0ac9d12dff..., userDataDir: C:\Users\dell\AppData\Local...}, fedcm:accounts: true, goog:chromeOptions: {debuggerAddress: localhost:61905}, networkConnectionEnabled: false, pageLoadStrategy: normal, platformName: windows, proxy: Proxy(), se:cdp: ws://localhost:61905/devtoo..., se:cdpVersion: 137.0.7151.120, setWindowRect: true, strictFileInteractability: false, timeouts: {implicit: 0, pageLoad: 300000, script: 30000}, unhandledPromptBehavior: dismiss and notify, webauthn:extension:credBlob: true, webauthn:extension:largeBlob: true, webauthn:extension:minPinLength: true, webauthn:extension:prf: true, webauthn:virtualAuthenticators: true}
Session ID: ddee27d8cfdc602227d03c8ac056b77f
	at java.base/jdk.internal.reflect.DirectConstructorHandleAccessor.newInstance(DirectConstructorHandleAccessor.java:62)
	at java.base/java.lang.reflect.Constructor.newInstanceWithCaller(Constructor.java:502)
	at java.base/java.lang.reflect.Constructor.newInstance(Constructor.java:486)
	at org.openqa.selenium.remote.ErrorCodec.decode(ErrorCodec.java:167)
	at org.openqa.selenium.remote.codec.w3c.W3CHttpResponseCodec.decode(W3CHttpResponseCodec.java:138)
	at org.openqa.selenium.remote.codec.w3c.W3CHttpResponseCodec.decode(W3CHttpResponseCodec.java:50)
	at org.openqa.selenium.remote.HttpCommandExecutor.execute(HttpCommandExecutor.java:215)
	at org.openqa.selenium.remote.service.DriverCommandExecutor.invokeExecute(DriverCommandExecutor.java:216)
	at org.openqa.selenium.remote.service.DriverCommandExecutor.execute(DriverCommandExecutor.java:174)
	at org.openqa.selenium.remote.RemoteWebDriver.execute(RemoteWebDriver.java:557)
	at org.openqa.selenium.remote.ElementLocation$ElementFinder$2.findElement(ElementLocation.java:165)
	at org.openqa.selenium.remote.ElementLocation.findElement(ElementLocation.java:59)
	at org.openqa.selenium.remote.RemoteWebDriver.findElement(RemoteWebDriver.java:380)
	at org.openqa.selenium.remote.RemoteWebDriver.findElement(RemoteWebDriver.java:374)
	at pages.elementsPage.DoubleClickbtn(elementsPage.java:924)
	at tests.ElementsTests.DoubleClickButtons(ElementsTests.java:771)
	at java.base/jdk.internal.reflect.DirectMethodHandleAccessor.invoke(DirectMethodHandleAccessor.java:103)
	at java.base/java.lang.reflect.Method.invoke(Method.java:580)
	at org.testng.internal.invokers.MethodInvocationHelper.invokeMethod(MethodInvocationHelper.java:141)
	at org.testng.internal.invokers.TestInvoker.invokeMethod(TestInvoker.java:687)
	at org.testng.internal.invokers.TestInvoker.invokeTestMethod(TestInvoker.java:230)
	at org.testng.internal.invokers.MethodRunner.runInSequence(MethodRunner.java:63)
	at org.testng.internal.invokers.TestInvoker$MethodInvocationAgent.invoke(TestInvoker.java:995)
	at org.testng.internal.invokers.TestInvoker.invokeTestMethods(TestInvoker.java:203)
	at org.testng.internal.invokers.TestMethodWorker.invokeTestMethods(TestMethodWorker.java:154)
	at org.testng.internal.invokers.TestMethodWorker.run(TestMethodWorker.java:134)
	at java.base/java.util.ArrayList.forEach(ArrayList.java:1596)
	at org.testng.TestRunner.privateRun(TestRunner.java:741)
	at org.testng.TestRunner.run(TestRunner.java:616)
	at org.testng.SuiteRunner.runTest(SuiteRunner.java:421)
	at org.testng.SuiteRunner.runSequentially(SuiteRunner.java:413)
	at org.testng.SuiteRunner.privateRun(SuiteRunner.java:373)
	at org.testng.SuiteRunner.run(SuiteRunner.java:312)
	at org.testng.SuiteRunnerWorker.runSuite(SuiteRunnerWorker.java:52)
	at org.testng.SuiteRunnerWorker.run(SuiteRunnerWorker.java:95)
	at org.testng.TestNG.runSuitesSequentially(TestNG.java:1274)
	at org.testng.TestNG.runSuitesLocally(TestNG.java:1208)
	at org.testng.TestNG.runSuites(TestNG.java:1112)
	at org.testng.TestNG.run(TestNG.java:1079)
	at org.apache.maven.surefire.testng.TestNGExecutor.run(TestNGExecutor.java:155)
	at org.apache.maven.surefire.testng.TestNGDirectoryTestSuite.executeMulti(TestNGDirectoryTestSuite.java:169)
	at org.apache.maven.surefire.testng.TestNGDirectoryTestSuite.execute(TestNGDirectoryTestSuite.java:88)
	at org.apache.maven.surefire.testng.TestNGProvider.invoke(TestNGProvider.java:137)
	at org.apache.maven.surefire.booter.ForkedBooter.runSuitesInProcess(ForkedBooter.java:385)
	at org.apache.maven.surefire.booter.ForkedBooter.execute(ForkedBooter.java:162)
	at org.apache.maven.surefire.booter.ForkedBooter.run(ForkedBooter.java:507)
	at org.apache.maven.surefire.booter.ForkedBooter.main(ForkedBooter.java:495)
]]></failure>
    <system-out><![CDATA[2025-09-04 17:59:50 [main] INFO  demoqaBase - Closing the Browser...
2025-09-04 17:59:51 [main] INFO  demoqaBase - Starting Web Browser...
2025-09-04 17:59:52 [main] INFO  demoqaBase - Navigating to demoqa.com Website
2025-09-04 17:59:52 [main] INFO  RetryUrlAccess - 🌐 Attempt 1: Navigating to https://demoqa.com
2025-09-04 18:00:04 [main] INFO  RetryUrlAccess - ✅ Successfully navigated to: https://demoqa.com
Instance Variables Declared are: nullnull
2025-09-04 18:00:04 [main] INFO  demoqaBase - Accessing Elements Card...
2025-09-04 18:00:04 [main] INFO  demoqaLog - Clicking on Elements Card...
2025-09-04 18:00:04 [main] WARN  demoqaLog - ⚠️ JS click failed, falling back to native click. Reason: {}
2025-09-04 18:00:05 [main] INFO  demoqaLog - ✅ Native click succeeded on element: {}
2025-09-04 18:00:05 [main] INFO  demoqaLog - Clicked on Elements Card...
Title of this Page is: DEMOQA
You are Accessing: Elements
 
Elements: Please select an item from left to start practice.
2025-09-04 18:00:05 [main] INFO  demoqaBase - Elements: Please select an item from left to start practice.
2025-09-04 18:00:05 [main] INFO  demoqaBase - Clicking on Elements|Buttons...
2025-09-04 18:00:05 [main] INFO  demoqaBase - Clicked on Elements|Buttons...
2025-09-04 18:00:05 [main] INFO  demoqaBase - Clicking on Elements|Buttons|Double Click button...
Declared WebDriverWait: org.openqa.selenium.support.ui.WebDriverWait@14df06df
]]></system-out>
  </testcase>
  <testcase name="RightClickButton" classname="tests.ElementsTests" time="1.017">
    <system-out><![CDATA[Path for Screenshot is: C:\ASN\eclipse_workspace\demoqa-automation/screenshots/com.aventstack.extentreports.ExtentTest@1e91b325Test Failed+2025-09-04_18-00-05.png
2025-09-04 18:00:06 [main] INFO  demoqaBase - Closing the Browser...
2025-09-04 18:00:08 [main] INFO  demoqaBase - Starting Web Browser...
2025-09-04 18:00:10 [main] INFO  demoqaBase - Navigating to demoqa.com Website
2025-09-04 18:00:10 [main] INFO  RetryUrlAccess - 🌐 Attempt 1: Navigating to https://demoqa.com
2025-09-04 18:00:14 [main] INFO  RetryUrlAccess - ✅ Successfully navigated to: https://demoqa.com
Instance Variables Declared are: nullnull
2025-09-04 18:00:14 [main] INFO  demoqaBase - Accessing Elements Card...
2025-09-04 18:00:14 [main] INFO  demoqaLog - Clicking on Elements Card...
2025-09-04 18:00:14 [main] WARN  demoqaLog - ⚠️ JS click failed, falling back to native click. Reason: {}
2025-09-04 18:00:15 [main] INFO  demoqaLog - ✅ Native click succeeded on element: {}
2025-09-04 18:00:15 [main] INFO  demoqaLog - Clicked on Elements Card...
Title of this Page is: DEMOQA
You are Accessing: Elements
 
Elements: Please select an item from left to start practice.
2025-09-04 18:00:15 [main] INFO  demoqaBase - Elements: Please select an item from left to start practice.
2025-09-04 18:00:15 [main] INFO  demoqaBase - Clicking on Elements|Buttons...
2025-09-04 18:00:15 [main] INFO  demoqaBase - Clicked on Elements|Buttons...
2025-09-04 18:00:15 [main] INFO  demoqaBase - Clicking on Elements|Buttons|Right Click button...
Waiting for Element: [[ChromeDriver: chrome on windows (817ebf7c9e09a42b0f0e2b7bade150f2)] -> id: rightClickBtn]
2025-09-04 18:00:15 [main] INFO  demoqaBase - Clicked on Elements|Buttons|Right Click button... You have done a right click
2025-09-04 18:00:15 [main] INFO  demoqaBase - ✅ Test for Elements|Buttons|Right Click Completed Successfully...
]]></system-out>
  </testcase>
  <testcase name="ClickMeButton" classname="tests.ElementsTests" time="1.417">
    <system-out><![CDATA[2025-09-04 18:00:15 [main] INFO  demoqaBase - Closing the Browser...
2025-09-04 18:00:16 [main] INFO  demoqaBase - Starting Web Browser...
2025-09-04 18:00:17 [main] INFO  demoqaBase - Navigating to demoqa.com Website
2025-09-04 18:00:17 [main] INFO  RetryUrlAccess - 🌐 Attempt 1: Navigating to https://demoqa.com
2025-09-04 18:00:28 [main] INFO  RetryUrlAccess - ✅ Successfully navigated to: https://demoqa.com
Instance Variables Declared are: nullnull
2025-09-04 18:00:28 [main] INFO  demoqaBase - Accessing Elements Card...
2025-09-04 18:00:28 [main] INFO  demoqaLog - Clicking on Elements Card...
2025-09-04 18:00:28 [main] WARN  demoqaLog - ⚠️ JS click failed, falling back to native click. Reason: {}
2025-09-04 18:00:29 [main] INFO  demoqaLog - ✅ Native click succeeded on element: {}
2025-09-04 18:00:29 [main] INFO  demoqaLog - Clicked on Elements Card...
Title of this Page is: DEMOQA
You are Accessing: Elements
 
Elements: Please select an item from left to start practice.
2025-09-04 18:00:29 [main] INFO  demoqaBase - Elements: Please select an item from left to start practice.
2025-09-04 18:00:29 [main] INFO  demoqaBase - Clicking on Elements|Buttons...
2025-09-04 18:00:29 [main] INFO  demoqaBase - Clicked on Elements|Buttons...
2025-09-04 18:00:29 [main] INFO  demoqaBase - Clicking on Elements|Buttons|Click Me button...
2025-09-04 18:00:29 [main] INFO  demoqaLog - ✅ JS click executed on element: {}
2025-09-04 18:00:29 [main] INFO  demoqaBase - Clicked on Elements|Buttons|Click Me button...You have done a dynamic click
2025-09-04 18:00:29 [main] INFO  demoqaBase - ✅ Test for Elements|Buttons|Click Me Button Completed Successfully...
]]></system-out>
  </testcase>
  <testcase name="ClickAllButtons" classname="tests.ElementsTests" time="10.469">
    <system-out><![CDATA[2025-09-04 18:00:29 [main] INFO  demoqaBase - Closing the Browser...
2025-09-04 18:00:30 [main] INFO  demoqaBase - Starting Web Browser...
2025-09-04 18:00:32 [main] INFO  demoqaBase - Navigating to demoqa.com Website
2025-09-04 18:00:32 [main] INFO  RetryUrlAccess - 🌐 Attempt 1: Navigating to https://demoqa.com
2025-09-04 18:00:36 [main] INFO  RetryUrlAccess - ✅ Successfully navigated to: https://demoqa.com
Instance Variables Declared are: nullnull
2025-09-04 18:00:36 [main] INFO  demoqaBase - Accessing Elements Card...
2025-09-04 18:00:36 [main] INFO  demoqaLog - Clicking on Elements Card...
2025-09-04 18:00:36 [main] WARN  demoqaLog - ⚠️ JS click failed, falling back to native click. Reason: {}
2025-09-04 18:00:36 [main] INFO  demoqaLog - ✅ Native click succeeded on element: {}
2025-09-04 18:00:36 [main] INFO  demoqaLog - Clicked on Elements Card...
Title of this Page is: DEMOQA
You are Accessing: Elements
 
Elements: Please select an item from left to start practice.
2025-09-04 18:00:36 [main] INFO  demoqaBase - Elements: Please select an item from left to start practice.
2025-09-04 18:00:36 [main] INFO  demoqaBase - Clicking on Elements|Buttons...
2025-09-04 18:00:37 [main] INFO  demoqaBase - Clicked on Elements|Buttons...
2025-09-04 18:00:40 [main] INFO  demoqaBase - Clicking on Elements|Buttons|Double Click button...
Declared WebDriverWait: org.openqa.selenium.support.ui.WebDriverWait@4ddbfab2
You have done a double click
2025-09-04 18:00:40 [main] INFO  demoqaBase - Clicked on Elements|Buttons|Double Click button...You have done a double click
2025-09-04 18:00:43 [main] INFO  demoqaBase - Clicking on Elements|Buttons|Right Click button...
Waiting for Element: [[ChromeDriver: chrome on windows (3c7aba26acd06461635674a77f67e5ac)] -> id: rightClickBtn]
2025-09-04 18:00:43 [main] INFO  demoqaBase - Clicked on Elements|Buttons|Right Click button... You have done a right click
2025-09-04 18:00:46 [main] INFO  demoqaBase - Clicking on Elements|Buttons|Click Me button...
2025-09-04 18:00:46 [main] INFO  demoqaLog - ✅ JS click executed on element: {}
2025-09-04 18:00:46 [main] INFO  demoqaBase - Clicked on Elements|Buttons|Click Me button...You have done a dynamic click
2025-09-04 18:00:46 [main] INFO  demoqaBase - ✅ Test for Elements|Buttons|Click All Buttons Completed Successfully...
]]></system-out>
  </testcase>
  <testcase name="ClickLinks" classname="tests.ElementsTests" time="0.598">
    <system-out><![CDATA[Path for Screenshot is: C:\ASN\eclipse_workspace\demoqa-automation/screenshots/ClickAllButtons Passed+2025-09-04_18-00-46.png
2025-09-04 18:00:47 [main] INFO  demoqaBase - Closing the Browser...
2025-09-04 18:00:48 [main] INFO  demoqaBase - Starting Web Browser...
2025-09-04 18:00:49 [main] INFO  demoqaBase - Navigating to demoqa.com Website
2025-09-04 18:00:49 [main] INFO  RetryUrlAccess - 🌐 Attempt 1: Navigating to https://demoqa.com
2025-09-04 18:01:19 [main] WARN  RetryUrlAccess - 🔁 Attempt 1 failed due to retryable error: timeout: timed out receiving message from renderer: 29.024
  (session info: chrome=137.0.7151.120)
build info: version: '4.35.0', revision: '1c58e5028b'
system info: os.name: 'windows 11', os.arch: 'amd64', os.version: '10.0', java.version: '21.0.7'
driver info: org.openqa.selenium.chrome.chromedriver
command: [b3f79ff6f79a4d045229d9b4edf02773, get {url=https://demoqa.com}]
capabilities {acceptinsecurecerts: false, browsername: chrome, browserversion: 137.0.7151.120, chrome: {chromedriverversion: 137.0.7151.119 (e0ac9d12dff..., userdatadir: c:\users\dell\appdata\local...}, fedcm:accounts: true, goog:chromeoptions: {debuggeraddress: localhost:62532}, networkconnectionenabled: false, pageloadstrategy: normal, platformname: windows, proxy: proxy(), se:cdp: ws://localhost:62532/devtoo..., se:cdpversion: 137.0.7151.120, setwindowrect: true, strictfileinteractability: false, timeouts: {implicit: 0, pageload: 300000, script: 30000}, unhandledpromptbehavior: dismiss and notify, webauthn:extension:credblob: true, webauthn:extension:largeblob: true, webauthn:extension:minpinlength: true, webauthn:extension:prf: true, webauthn:virtualauthenticators: true}
session id: b3f79ff6f79a4d045229d9b4edf02773. Retrying after 3000ms...
2025-09-04 18:01:22 [main] INFO  RetryUrlAccess - 🌐 Attempt 2: Navigating to https://demoqa.com
2025-09-04 18:01:23 [main] INFO  RetryUrlAccess - ✅ Successfully navigated to: https://demoqa.com
Instance Variables Declared are: nullnull
2025-09-04 18:01:23 [main] INFO  demoqaBase - Accessing Elements Card...
2025-09-04 18:01:23 [main] INFO  demoqaLog - Clicking on Elements Card...
2025-09-04 18:01:23 [main] WARN  demoqaLog - ⚠️ JS click failed, falling back to native click. Reason: {}
2025-09-04 18:01:23 [main] INFO  demoqaLog - ✅ Native click succeeded on element: {}
2025-09-04 18:01:23 [main] INFO  demoqaLog - Clicked on Elements Card...
Title of this Page is: DEMOQA
You are Accessing: Elements
 
Elements: Please select an item from left to start practice.
2025-09-04 18:01:23 [main] INFO  demoqaBase - Elements: Please select an item from left to start practice.
2025-09-04 18:01:23 [main] INFO  demoqaBase - Clicking on Elements|Links|Home Link...
2025-09-04 18:01:24 [main] INFO  demoqaBase - Clicked on Elements|Links|Home Link...
2025-09-04 18:01:24 [main] INFO  demoqaBase - ✅ Test for Elements|Links Completed Successfully...
]]></system-out>
  </testcase>
  <testcase name="ClickHomeLink" classname="tests.ElementsTests" time="1.499">
    <system-out><![CDATA[2025-09-04 18:01:24 [main] INFO  demoqaBase - Closing the Browser...
2025-09-04 18:01:24 [main] INFO  demoqaBase - Starting Web Browser...
2025-09-04 18:01:25 [main] INFO  demoqaBase - Navigating to demoqa.com Website
2025-09-04 18:01:25 [main] INFO  RetryUrlAccess - 🌐 Attempt 1: Navigating to https://demoqa.com
2025-09-04 18:01:37 [main] INFO  RetryUrlAccess - ✅ Successfully navigated to: https://demoqa.com
Instance Variables Declared are: nullnull
2025-09-04 18:01:37 [main] INFO  demoqaBase - Accessing Elements Card...
2025-09-04 18:01:37 [main] INFO  demoqaLog - Clicking on Elements Card...
2025-09-04 18:01:37 [main] WARN  demoqaLog - ⚠️ JS click failed, falling back to native click. Reason: {}
2025-09-04 18:01:37 [main] INFO  demoqaLog - ✅ Native click succeeded on element: {}
2025-09-04 18:01:37 [main] INFO  demoqaLog - Clicked on Elements Card...
Title of this Page is: DEMOQA
You are Accessing: Elements
 
Elements: Please select an item from left to start practice.
2025-09-04 18:01:38 [main] INFO  demoqaBase - Elements: Please select an item from left to start practice.
2025-09-04 18:01:38 [main] INFO  demoqaBase - Clicking on Elements|Links|Home Link...
2025-09-04 18:01:38 [main] INFO  demoqaBase - Clicked on Elements|Links|Home Link...
2025-09-04 18:01:38 [main] INFO  demoqaBase - Clicking on Elements|Links|Home Link...
2025-09-04 18:01:38 [main] INFO  demoqaLog - ✅ JS click executed on element: {}
2025-09-04 18:01:38 [main] INFO  demoqaBase - Clicked on Elements|Links|Home Link...
2025-09-04 18:01:38 [main] INFO  demoqaBase - ✅ Test for Elements|Links|Home Completed Successfully...
]]></system-out>
  </testcase>
  <testcase name="ClickDynamicHomeLink" classname="tests.ElementsTests" time="1.34">
    <system-out><![CDATA[2025-09-04 18:01:38 [main] INFO  demoqaBase - Closing the Browser...
2025-09-04 18:01:39 [main] INFO  demoqaBase - Starting Web Browser...
2025-09-04 18:01:40 [main] INFO  demoqaBase - Navigating to demoqa.com Website
2025-09-04 18:01:40 [main] INFO  RetryUrlAccess - 🌐 Attempt 1: Navigating to https://demoqa.com
2025-09-04 18:01:52 [main] INFO  RetryUrlAccess - ✅ Successfully navigated to: https://demoqa.com
Instance Variables Declared are: nullnull
2025-09-04 18:01:52 [main] INFO  demoqaBase - Accessing Elements Card...
2025-09-04 18:01:52 [main] INFO  demoqaLog - Clicking on Elements Card...
2025-09-04 18:01:52 [main] WARN  demoqaLog - ⚠️ JS click failed, falling back to native click. Reason: {}
2025-09-04 18:01:52 [main] INFO  demoqaLog - ✅ Native click succeeded on element: {}
2025-09-04 18:01:52 [main] INFO  demoqaLog - Clicked on Elements Card...
Title of this Page is: DEMOQA
You are Accessing: Elements
 
Elements: Please select an item from left to start practice.
2025-09-04 18:01:53 [main] INFO  demoqaBase - Elements: Please select an item from left to start practice.
2025-09-04 18:01:53 [main] INFO  demoqaBase - Clicking on Elements|Links|Home Link...
2025-09-04 18:01:53 [main] INFO  demoqaBase - Clicked on Elements|Links|Home Link...
2025-09-04 18:01:53 [main] INFO  demoqaBase - Clicking on Elements|Links|DynamicHome Link...
2025-09-04 18:01:53 [main] INFO  demoqaLog - ✅ JS click executed on element: {}
2025-09-04 18:01:53 [main] INFO  demoqaBase - Clicked on Elements|Links|DynamicHome Link...
2025-09-04 18:01:53 [main] INFO  demoqaBase - ✅ Test for Elements|Links|Dynamic Home Completed Successfully...
]]></system-out>
  </testcase>
  <testcase name="ClickCreatedAPILink" classname="tests.ElementsTests" time="1.098">
    <system-out><![CDATA[2025-09-04 18:01:53 [main] INFO  demoqaBase - Closing the Browser...
2025-09-04 18:01:54 [main] INFO  demoqaBase - Starting Web Browser...
2025-09-04 18:01:55 [main] INFO  demoqaBase - Navigating to demoqa.com Website
2025-09-04 18:01:55 [main] INFO  RetryUrlAccess - 🌐 Attempt 1: Navigating to https://demoqa.com
2025-09-04 18:02:00 [main] INFO  RetryUrlAccess - ✅ Successfully navigated to: https://demoqa.com
Instance Variables Declared are: nullnull
2025-09-04 18:02:00 [main] INFO  demoqaBase - Accessing Elements Card...
2025-09-04 18:02:00 [main] INFO  demoqaLog - Clicking on Elements Card...
2025-09-04 18:02:00 [main] WARN  demoqaLog - ⚠️ JS click failed, falling back to native click. Reason: {}
2025-09-04 18:02:00 [main] INFO  demoqaLog - ✅ Native click succeeded on element: {}
2025-09-04 18:02:00 [main] INFO  demoqaLog - Clicked on Elements Card...
Title of this Page is: DEMOQA
You are Accessing: Elements
 
Elements: Please select an item from left to start practice.
2025-09-04 18:02:00 [main] INFO  demoqaBase - Elements: Please select an item from left to start practice.
2025-09-04 18:02:00 [main] INFO  demoqaBase - Clicking on Elements|Links|Home Link...
2025-09-04 18:02:00 [main] INFO  demoqaBase - Clicked on Elements|Links|Home Link...
2025-09-04 18:02:00 [main] INFO  demoqaBase - Clicking on Elements|Links|Created Link...
Waiting for the presence of Element: [[ChromeDriver: chrome on windows (dd5f84d901a763eb7ff6e6d7dff23106)] -> xpath: //*[@id='created']]
2025-09-04 18:02:01 [main] INFO  demoqaLog - ✅ JS click executed on element: {}
2025-09-04 18:02:01 [main] INFO  demoqaBase - Clicked on Elements|Links|Created Link...
2025-09-04 18:02:01 [main] INFO  FetchLinkResponse - Fetching link response...
2025-09-04 18:02:01 [main] INFO  FetchLinkResponse - Response fetched: Created
Created
2025-09-04 18:02:01 [main] INFO  demoqaBase - Clicked on Elements|Links|Created Link response is: Created
2025-09-04 18:02:01 [main] INFO  demoqaBase - ✅ Test for Elements|Links|Created Link Completed Successfully...
]]></system-out>
  </testcase>
  <testcase name="ClickNoContentLink" classname="tests.ElementsTests" time="0.89">
    <system-out><![CDATA[2025-09-04 18:02:01 [main] INFO  demoqaBase - Closing the Browser...
2025-09-04 18:02:01 [main] INFO  demoqaBase - Starting Web Browser...
2025-09-04 18:02:03 [main] INFO  demoqaBase - Navigating to demoqa.com Website
2025-09-04 18:02:03 [main] INFO  RetryUrlAccess - 🌐 Attempt 1: Navigating to https://demoqa.com
2025-09-04 18:02:33 [main] WARN  RetryUrlAccess - 🔁 Attempt 1 failed due to retryable error: timeout: timed out receiving message from renderer: 29.076
  (session info: chrome=137.0.7151.120)
build info: version: '4.35.0', revision: '1c58e5028b'
system info: os.name: 'windows 11', os.arch: 'amd64', os.version: '10.0', java.version: '21.0.7'
driver info: org.openqa.selenium.chrome.chromedriver
command: [a7c0261f3f33a48a2820e011fe00eadb, get {url=https://demoqa.com}]
capabilities {acceptinsecurecerts: false, browsername: chrome, browserversion: 137.0.7151.120, chrome: {chromedriverversion: 137.0.7151.119 (e0ac9d12dff..., userdatadir: c:\users\dell\appdata\local...}, fedcm:accounts: true, goog:chromeoptions: {debuggeraddress: localhost:63176}, networkconnectionenabled: false, pageloadstrategy: normal, platformname: windows, proxy: proxy(), se:cdp: ws://localhost:63176/devtoo..., se:cdpversion: 137.0.7151.120, setwindowrect: true, strictfileinteractability: false, timeouts: {implicit: 0, pageload: 300000, script: 30000}, unhandledpromptbehavior: dismiss and notify, webauthn:extension:credblob: true, webauthn:extension:largeblob: true, webauthn:extension:minpinlength: true, webauthn:extension:prf: true, webauthn:virtualauthenticators: true}
session id: a7c0261f3f33a48a2820e011fe00eadb. Retrying after 3000ms...
2025-09-04 18:02:36 [main] INFO  RetryUrlAccess - 🌐 Attempt 2: Navigating to https://demoqa.com
2025-09-04 18:02:37 [main] INFO  RetryUrlAccess - ✅ Successfully navigated to: https://demoqa.com
Instance Variables Declared are: nullnull
2025-09-04 18:02:37 [main] INFO  demoqaBase - Accessing Elements Card...
2025-09-04 18:02:37 [main] INFO  demoqaLog - Clicking on Elements Card...
2025-09-04 18:02:37 [main] WARN  demoqaLog - ⚠️ JS click failed, falling back to native click. Reason: {}
2025-09-04 18:02:37 [main] INFO  demoqaLog - ✅ Native click succeeded on element: {}
2025-09-04 18:02:37 [main] INFO  demoqaLog - Clicked on Elements Card...
Title of this Page is: DEMOQA
You are Accessing: Elements
 
Elements: Please select an item from left to start practice.
2025-09-04 18:02:37 [main] INFO  demoqaBase - Elements: Please select an item from left to start practice.
2025-09-04 18:02:37 [main] INFO  demoqaBase - Clicking on Elements|Links|Home Link...
2025-09-04 18:02:37 [main] INFO  demoqaBase - Clicked on Elements|Links|Home Link...
2025-09-04 18:02:37 [main] INFO  demoqaBase - Clicking on Elements|Links|No Content Link...
Waiting for the presence of Element: [[ChromeDriver: chrome on windows (a7c0261f3f33a48a2820e011fe00eadb)] -> xpath: //*[@id="no-content"]]
2025-09-04 18:02:37 [main] INFO  demoqaLog - ✅ JS click executed on element: {}
2025-09-04 18:02:37 [main] INFO  demoqaBase - Clicked on Elements|Links|No Content Link...
2025-09-04 18:02:37 [main] INFO  FetchLinkResponse - Fetching link response...
2025-09-04 18:02:37 [main] INFO  FetchLinkResponse - Response fetched: No Content
No Content
2025-09-04 18:02:37 [main] INFO  demoqaBase - Clicked on Elements|Links|No Content Link response is: No Content
2025-09-04 18:02:37 [main] INFO  demoqaBase - ✅ Test for Elements|Links|No Content Link Completed Successfully...
]]></system-out>
  </testcase>
  <testcase name="ClickMovedLink" classname="tests.ElementsTests" time="1.075">
    <system-out><![CDATA[2025-09-04 18:02:37 [main] INFO  demoqaBase - Closing the Browser...
2025-09-04 18:02:38 [main] INFO  demoqaBase - Starting Web Browser...
2025-09-04 18:02:39 [main] INFO  demoqaBase - Navigating to demoqa.com Website
2025-09-04 18:02:39 [main] INFO  RetryUrlAccess - 🌐 Attempt 1: Navigating to https://demoqa.com
2025-09-04 18:03:04 [main] WARN  RetryUrlAccess - 🔁 Attempt 1 failed due to retryable error: detected error page after navigation
build info: version: '4.35.0', revision: '1c58e5028b'
system info: os.name: 'windows 11', os.arch: 'amd64', os.version: '10.0', java.version: '21.0.7'
driver info: driver.version: unknown. Retrying after 3000ms...
2025-09-04 18:03:07 [main] INFO  RetryUrlAccess - 🌐 Attempt 2: Navigating to https://demoqa.com
2025-09-04 18:03:08 [main] INFO  RetryUrlAccess - ✅ Successfully navigated to: https://demoqa.com
Instance Variables Declared are: nullnull
2025-09-04 18:03:08 [main] INFO  demoqaBase - Accessing Elements Card...
2025-09-04 18:03:08 [main] INFO  demoqaLog - Clicking on Elements Card...
2025-09-04 18:03:08 [main] WARN  demoqaLog - ⚠️ JS click failed, falling back to native click. Reason: {}
2025-09-04 18:03:08 [main] INFO  demoqaLog - ✅ Native click succeeded on element: {}
2025-09-04 18:03:08 [main] INFO  demoqaLog - Clicked on Elements Card...
Title of this Page is: DEMOQA
You are Accessing: Elements
 
Elements: Please select an item from left to start practice.
2025-09-04 18:03:08 [main] INFO  demoqaBase - Elements: Please select an item from left to start practice.
2025-09-04 18:03:08 [main] INFO  demoqaBase - Clicking on Elements|Links|Home Link...
2025-09-04 18:03:08 [main] INFO  demoqaBase - Clicked on Elements|Links|Home Link...
2025-09-04 18:03:08 [main] INFO  demoqaBase - Clicking on Elements|Links|Moved Link...
2025-09-04 18:03:09 [main] INFO  demoqaLog - ✅ JS click executed on element: {}
2025-09-04 18:03:09 [main] INFO  demoqaBase - Clicked on Elements|Links|Moved Link...
2025-09-04 18:03:09 [main] INFO  FetchLinkResponse - Fetching link response...
2025-09-04 18:03:09 [main] INFO  FetchLinkResponse - Response fetched: Moved
Moved
2025-09-04 18:03:09 [main] INFO  demoqaBase - Clicked on Elements|Links|Moved Link Link response is: Moved
2025-09-04 18:03:09 [main] INFO  demoqaBase - ✅ Test for Elements|Links|Moved Link Completed Successfully...
]]></system-out>
  </testcase>
  <testcase name="ClickBadRequestLink" classname="tests.ElementsTests" time="1.764">
    <system-out><![CDATA[2025-09-04 18:03:09 [main] INFO  demoqaBase - Closing the Browser...
2025-09-04 18:03:09 [main] INFO  demoqaBase - Starting Web Browser...
2025-09-04 18:03:11 [main] INFO  demoqaBase - Navigating to demoqa.com Website
2025-09-04 18:03:11 [main] INFO  RetryUrlAccess - 🌐 Attempt 1: Navigating to https://demoqa.com
2025-09-04 18:03:21 [main] INFO  RetryUrlAccess - ✅ Successfully navigated to: https://demoqa.com
Instance Variables Declared are: nullnull
2025-09-04 18:03:21 [main] INFO  demoqaBase - Accessing Elements Card...
2025-09-04 18:03:21 [main] INFO  demoqaLog - Clicking on Elements Card...
2025-09-04 18:03:21 [main] WARN  demoqaLog - ⚠️ JS click failed, falling back to native click. Reason: {}
2025-09-04 18:03:21 [main] INFO  demoqaLog - ✅ Native click succeeded on element: {}
2025-09-04 18:03:21 [main] INFO  demoqaLog - Clicked on Elements Card...
Title of this Page is: DEMOQA
You are Accessing: Elements
 
Elements: Please select an item from left to start practice.
2025-09-04 18:03:21 [main] INFO  demoqaBase - Elements: Please select an item from left to start practice.
2025-09-04 18:03:21 [main] INFO  demoqaBase - Clicking on Elements|Links|Home Link...
2025-09-04 18:03:22 [main] INFO  demoqaBase - Clicked on Elements|Links|Home Link...
2025-09-04 18:03:22 [main] INFO  demoqaBase - Clicking on Elements|Links|Bad Request Link...
2025-09-04 18:03:22 [main] INFO  demoqaLog - ✅ JS click executed on element: {}
2025-09-04 18:03:22 [main] INFO  demoqaBase - Clicked on Elements|Links|Bad Request Link...
2025-09-04 18:03:22 [main] INFO  FetchLinkResponse - Fetching link response...
2025-09-04 18:03:22 [main] INFO  FetchLinkResponse - Response fetched: Bad Request
Bad Request
2025-09-04 18:03:22 [main] INFO  demoqaBase - Clicked on Elements|Links|Bad Request Link response is: Bad Request
2025-09-04 18:03:22 [main] INFO  demoqaBase - ✅ Test for Elements|Links|Bad Request Link Completed Successfully...
]]></system-out>
  </testcase>
  <testcase name="ClickUnauthorizedLink" classname="tests.ElementsTests" time="1.198">
    <system-out><![CDATA[2025-09-04 18:03:22 [main] INFO  demoqaBase - Closing the Browser...
2025-09-04 18:03:23 [main] INFO  demoqaBase - Starting Web Browser...
2025-09-04 18:03:24 [main] INFO  demoqaBase - Navigating to demoqa.com Website
2025-09-04 18:03:24 [main] INFO  RetryUrlAccess - 🌐 Attempt 1: Navigating to https://demoqa.com
2025-09-04 18:03:35 [main] INFO  RetryUrlAccess - ✅ Successfully navigated to: https://demoqa.com
Instance Variables Declared are: nullnull
2025-09-04 18:03:35 [main] INFO  demoqaBase - Accessing Elements Card...
2025-09-04 18:03:35 [main] INFO  demoqaLog - Clicking on Elements Card...
2025-09-04 18:03:36 [main] WARN  demoqaLog - ⚠️ JS click failed, falling back to native click. Reason: {}
2025-09-04 18:03:36 [main] INFO  demoqaLog - ✅ Native click succeeded on element: {}
2025-09-04 18:03:36 [main] INFO  demoqaLog - Clicked on Elements Card...
Title of this Page is: DEMOQA
You are Accessing: Elements
 
Elements: Please select an item from left to start practice.
2025-09-04 18:03:36 [main] INFO  demoqaBase - Elements: Please select an item from left to start practice.
2025-09-04 18:03:36 [main] INFO  demoqaBase - Clicking on Elements|Links|Home Link...
2025-09-04 18:03:36 [main] INFO  demoqaBase - Clicked on Elements|Links|Home Link...
2025-09-04 18:03:36 [main] INFO  demoqaBase - Clicking on Elements|Links|Unauthorized Link...
Waiting for the presence of Element: [[ChromeDriver: chrome on windows (2cd6ee98b7e69f08dded8cd5f355ab8a)] -> xpath: //*[@id="unauthorized"]]
2025-09-04 18:03:37 [main] INFO  demoqaLog - ✅ JS click executed on element: {}
2025-09-04 18:03:37 [main] INFO  demoqaBase - Clicked on Elements|Links|Unauthorized Link...
2025-09-04 18:03:37 [main] INFO  FetchLinkResponse - Fetching link response...
2025-09-04 18:03:37 [main] INFO  FetchLinkResponse - Response fetched: Unauthorized
Unauthorized
2025-09-04 18:03:37 [main] INFO  demoqaBase - Clicked on Elements|Links|Unauthorized Link response is: Unauthorized
2025-09-04 18:03:37 [main] INFO  demoqaBase - ✅ Test for Elements|Links|Unauthorized Link Completed Successfully...
]]></system-out>
  </testcase>
  <testcase name="ClickForbiddenLink" classname="tests.ElementsTests" time="1.074">
    <system-out><![CDATA[2025-09-04 18:03:37 [main] INFO  demoqaBase - Closing the Browser...
2025-09-04 18:03:37 [main] INFO  demoqaBase - Starting Web Browser...
2025-09-04 18:03:38 [main] INFO  demoqaBase - Navigating to demoqa.com Website
2025-09-04 18:03:38 [main] INFO  RetryUrlAccess - 🌐 Attempt 1: Navigating to https://demoqa.com
2025-09-04 18:03:50 [main] INFO  RetryUrlAccess - ✅ Successfully navigated to: https://demoqa.com
Instance Variables Declared are: nullnull
2025-09-04 18:03:50 [main] INFO  demoqaBase - Accessing Elements Card...
2025-09-04 18:03:50 [main] INFO  demoqaLog - Clicking on Elements Card...
2025-09-04 18:03:50 [main] WARN  demoqaLog - ⚠️ JS click failed, falling back to native click. Reason: {}
2025-09-04 18:03:50 [main] INFO  demoqaLog - ✅ Native click succeeded on element: {}
2025-09-04 18:03:50 [main] INFO  demoqaLog - Clicked on Elements Card...
Title of this Page is: DEMOQA
You are Accessing: Elements
 
Elements: Please select an item from left to start practice.
2025-09-04 18:03:50 [main] INFO  demoqaBase - Elements: Please select an item from left to start practice.
2025-09-04 18:03:50 [main] INFO  demoqaBase - Clicking on Elements|Links|Home Link...
2025-09-04 18:03:51 [main] INFO  demoqaBase - Clicked on Elements|Links|Home Link...
2025-09-04 18:03:51 [main] INFO  demoqaBase - Clicking on Elements|Links|Forbidden Link...
2025-09-04 18:03:51 [main] INFO  demoqaLog - ✅ JS click executed on element: {}
2025-09-04 18:03:51 [main] INFO  demoqaBase - Clicked on Elements|Links|Forbidden Link...
2025-09-04 18:03:51 [main] INFO  FetchLinkResponse - Fetching link response...
2025-09-04 18:03:51 [main] INFO  FetchLinkResponse - Response fetched: Forbidden
Forbidden
2025-09-04 18:03:51 [main] INFO  demoqaBase - Clicked on Elements|Links|Forbidden Link response is: Forbidden
2025-09-04 18:03:51 [main] INFO  demoqaBase - ✅ Test for Elements|Links|Forbidden Link Completed Successfully...
]]></system-out>
  </testcase>
  <testcase name="ClickNotFoundLink" classname="tests.ElementsTests" time="1.372">
    <system-out><![CDATA[2025-09-04 18:03:51 [main] INFO  demoqaBase - Closing the Browser...
2025-09-04 18:03:52 [main] INFO  demoqaBase - Starting Web Browser...
2025-09-04 18:03:53 [main] INFO  demoqaBase - Navigating to demoqa.com Website
2025-09-04 18:03:53 [main] INFO  RetryUrlAccess - 🌐 Attempt 1: Navigating to https://demoqa.com
2025-09-04 18:04:04 [main] INFO  RetryUrlAccess - ✅ Successfully navigated to: https://demoqa.com
Instance Variables Declared are: nullnull
2025-09-04 18:04:04 [main] INFO  demoqaBase - Accessing Elements Card...
2025-09-04 18:04:04 [main] INFO  demoqaLog - Clicking on Elements Card...
2025-09-04 18:04:04 [main] WARN  demoqaLog - ⚠️ JS click failed, falling back to native click. Reason: {}
2025-09-04 18:04:04 [main] INFO  demoqaLog - ✅ Native click succeeded on element: {}
2025-09-04 18:04:04 [main] INFO  demoqaLog - Clicked on Elements Card...
Title of this Page is: DEMOQA
You are Accessing: Elements
 
Elements: Please select an item from left to start practice.
2025-09-04 18:04:05 [main] INFO  demoqaBase - Elements: Please select an item from left to start practice.
2025-09-04 18:04:05 [main] INFO  demoqaBase - Clicking on Elements|Links|Home Link...
2025-09-04 18:04:05 [main] INFO  demoqaBase - Clicked on Elements|Links|Home Link...
2025-09-04 18:04:05 [main] INFO  demoqaBase - Clicking on Elements|Links|NotFound Link...
2025-09-04 18:04:05 [main] INFO  demoqaLog - ✅ JS click executed on element: {}
2025-09-04 18:04:05 [main] INFO  demoqaBase - Clicked on Elements|Links|NotFound Link...
2025-09-04 18:04:05 [main] INFO  FetchLinkResponse - Fetching link response...
2025-09-04 18:04:05 [main] INFO  FetchLinkResponse - Response fetched: Not Found
Not Found
2025-09-04 18:04:05 [main] INFO  demoqaBase - Clicked on Elements|Links|Not Found Link response is: Not Found
2025-09-04 18:04:05 [main] INFO  demoqaBase - ✅ Test for Elements|Links|NotFound Link Completed Successfully...
]]></system-out>
  </testcase>
  <testcase name="ClickAllLinks" classname="tests.ElementsTests" time="27.216">
    <system-out><![CDATA[2025-09-04 18:04:05 [main] INFO  demoqaBase - Closing the Browser...
2025-09-04 18:04:06 [main] INFO  demoqaBase - Starting Web Browser...
2025-09-04 18:04:07 [main] INFO  demoqaBase - Navigating to demoqa.com Website
2025-09-04 18:04:07 [main] INFO  RetryUrlAccess - 🌐 Attempt 1: Navigating to https://demoqa.com
2025-09-04 18:04:19 [main] INFO  RetryUrlAccess - ✅ Successfully navigated to: https://demoqa.com
Instance Variables Declared are: nullnull
2025-09-04 18:04:19 [main] INFO  demoqaBase - Accessing Elements Card...
2025-09-04 18:04:19 [main] INFO  demoqaLog - Clicking on Elements Card...
2025-09-04 18:04:19 [main] WARN  demoqaLog - ⚠️ JS click failed, falling back to native click. Reason: {}
2025-09-04 18:04:19 [main] INFO  demoqaLog - ✅ Native click succeeded on element: {}
2025-09-04 18:04:19 [main] INFO  demoqaLog - Clicked on Elements Card...
Title of this Page is: DEMOQA
You are Accessing: Elements
 
Elements: Please select an item from left to start practice.
2025-09-04 18:04:19 [main] INFO  demoqaBase - Elements: Please select an item from left to start practice.
2025-09-04 18:04:19 [main] INFO  demoqaBase - Clicking on Elements|Links|Home Link...
2025-09-04 18:04:20 [main] INFO  demoqaBase - Clicked on Elements|Links|Home Link...
2025-09-04 18:04:20 [main] INFO  demoqaBase - Clicking on Elements|Links|Home Link...
2025-09-04 18:04:20 [main] INFO  demoqaLog - ✅ JS click executed on element: {}
2025-09-04 18:04:20 [main] INFO  demoqaBase - Clicked on Elements|Links|Home Link...
2025-09-04 18:04:23 [main] INFO  demoqaBase - Clicking on Elements|Links|DynamicHome Link...
2025-09-04 18:04:23 [main] INFO  demoqaLog - ✅ JS click executed on element: {}
2025-09-04 18:04:23 [main] INFO  demoqaBase - Clicked on Elements|Links|DynamicHome Link...
2025-09-04 18:04:26 [main] INFO  demoqaBase - Clicking on Elements|Links|Created Link...
Waiting for the presence of Element: [[ChromeDriver: chrome on windows (8dc8739681e72491da4a3c6b011426a7)] -> xpath: //*[@id='created']]
2025-09-04 18:04:26 [main] INFO  demoqaLog - ✅ JS click executed on element: {}
2025-09-04 18:04:26 [main] INFO  demoqaBase - Clicked on Elements|Links|Created Link...
2025-09-04 18:04:26 [main] INFO  FetchLinkResponse - Fetching link response...
2025-09-04 18:04:26 [main] INFO  FetchLinkResponse - Response fetched: Created
Created
2025-09-04 18:04:26 [main] INFO  demoqaBase - Clicked on Elements|Links|Created Link response is: Created
2025-09-04 18:04:29 [main] INFO  demoqaBase - Clicking on Elements|Links|No Content Link...
Waiting for the presence of Element: [[ChromeDriver: chrome on windows (8dc8739681e72491da4a3c6b011426a7)] -> xpath: //*[@id="no-content"]]
2025-09-04 18:04:29 [main] INFO  demoqaLog - ✅ JS click executed on element: {}
2025-09-04 18:04:29 [main] INFO  demoqaBase - Clicked on Elements|Links|No Content Link...
2025-09-04 18:04:29 [main] INFO  FetchLinkResponse - Fetching link response...
2025-09-04 18:04:29 [main] INFO  FetchLinkResponse - Response fetched: No Content
No Content
2025-09-04 18:04:29 [main] INFO  demoqaBase - Clicked on Elements|Links|No Content Link response is: No Content
2025-09-04 18:04:32 [main] INFO  demoqaBase - Clicking on Elements|Links|Moved Link...
2025-09-04 18:04:33 [main] INFO  demoqaLog - ✅ JS click executed on element: {}
2025-09-04 18:04:33 [main] INFO  demoqaBase - Clicked on Elements|Links|Moved Link...
2025-09-04 18:04:33 [main] INFO  FetchLinkResponse - Fetching link response...
2025-09-04 18:04:33 [main] INFO  FetchLinkResponse - Response fetched: Moved
Moved
2025-09-04 18:04:33 [main] INFO  demoqaBase - Clicked on Elements|Links|Moved Link Link response is: Moved
2025-09-04 18:04:36 [main] INFO  demoqaBase - Clicking on Elements|Links|Bad Request Link...
2025-09-04 18:04:36 [main] INFO  demoqaLog - ✅ JS click executed on element: {}
2025-09-04 18:04:36 [main] INFO  demoqaBase - Clicked on Elements|Links|Bad Request Link...
2025-09-04 18:04:36 [main] INFO  FetchLinkResponse - Fetching link response...
2025-09-04 18:04:36 [main] INFO  FetchLinkResponse - Response fetched: Bad Request
Bad Request
2025-09-04 18:04:36 [main] INFO  demoqaBase - Clicked on Elements|Links|Bad Request Link response is: Bad Request
2025-09-04 18:04:39 [main] INFO  demoqaBase - Clicking on Elements|Links|Unauthorized Link...
Waiting for the presence of Element: [[ChromeDriver: chrome on windows (8dc8739681e72491da4a3c6b011426a7)] -> xpath: //*[@id="unauthorized"]]
2025-09-04 18:04:39 [main] INFO  demoqaLog - ✅ JS click executed on element: {}
2025-09-04 18:04:39 [main] INFO  demoqaBase - Clicked on Elements|Links|Unauthorized Link...
2025-09-04 18:04:39 [main] INFO  FetchLinkResponse - Fetching link response...
2025-09-04 18:04:39 [main] INFO  FetchLinkResponse - Response fetched: Unauthorized
Unauthorized
2025-09-04 18:04:39 [main] INFO  demoqaBase - Clicked on Elements|Links|Unauthorized Link response is: Unauthorized
2025-09-04 18:04:42 [main] INFO  demoqaBase - Clicking on Elements|Links|Forbidden Link...
2025-09-04 18:04:43 [main] INFO  demoqaLog - ✅ JS click executed on element: {}
2025-09-04 18:04:43 [main] INFO  demoqaBase - Clicked on Elements|Links|Forbidden Link...
2025-09-04 18:04:43 [main] INFO  FetchLinkResponse - Fetching link response...
2025-09-04 18:04:43 [main] INFO  FetchLinkResponse - Response fetched: Forbidden
Forbidden
2025-09-04 18:04:43 [main] INFO  demoqaBase - Clicked on Elements|Links|Forbidden Link response is: Forbidden
2025-09-04 18:04:46 [main] INFO  demoqaBase - Clicking on Elements|Links|NotFound Link...
2025-09-04 18:04:46 [main] INFO  demoqaLog - ✅ JS click executed on element: {}
2025-09-04 18:04:46 [main] INFO  demoqaBase - Clicked on Elements|Links|NotFound Link...
2025-09-04 18:04:46 [main] INFO  FetchLinkResponse - Fetching link response...
2025-09-04 18:04:46 [main] INFO  FetchLinkResponse - Response fetched: Not Found
Not Found
2025-09-04 18:04:46 [main] INFO  demoqaBase - Clicked on Elements|Links|Not Found Link response is: Not Found
2025-09-04 18:04:46 [main] INFO  demoqaBase - ✅ Test for Elements|Links|All Links in One GO Completed Successfully...
]]></system-out>
  </testcase>
  <testcase name="ClickBrokenLinksImages" classname="tests.ElementsTests" time="1.346">
    <system-out><![CDATA[2025-09-04 18:04:46 [main] INFO  demoqaBase - Closing the Browser...
2025-09-04 18:04:46 [main] INFO  demoqaBase - Starting Web Browser...
2025-09-04 18:04:48 [main] INFO  demoqaBase - Navigating to demoqa.com Website
2025-09-04 18:04:48 [main] INFO  RetryUrlAccess - 🌐 Attempt 1: Navigating to https://demoqa.com
2025-09-04 18:04:52 [main] INFO  RetryUrlAccess - ✅ Successfully navigated to: https://demoqa.com
Instance Variables Declared are: nullnull
2025-09-04 18:04:52 [main] INFO  demoqaBase - Accessing Elements Card...
2025-09-04 18:04:52 [main] INFO  demoqaLog - Clicking on Elements Card...
2025-09-04 18:04:52 [main] WARN  demoqaLog - ⚠️ JS click failed, falling back to native click. Reason: {}
2025-09-04 18:04:53 [main] INFO  demoqaLog - ✅ Native click succeeded on element: {}
2025-09-04 18:04:53 [main] INFO  demoqaLog - Clicked on Elements Card...
Title of this Page is: DEMOQA
You are Accessing: Elements
 
Elements: Please select an item from left to start practice.
2025-09-04 18:04:53 [main] INFO  demoqaBase - Elements: Please select an item from left to start practice.
2025-09-04 18:04:53 [main] INFO  demoqaBase - Clicking on Elements|Broken Links - Images...
Waiting for the presence of Element: [[ChromeDriver: chrome on windows (cfdb5ed348440ac75eda0a3c3e876010)] -> xpath: //span[normalize-space()='Broken Links - Images']]
2025-09-04 18:04:53 [main] INFO  demoqaLog - ✅ JS click executed on element: {}
2025-09-04 18:04:53 [main] INFO  demoqaBase - Clicked on Elements|Broken Links - Images...
Page Title is: Broken Links - Images
2025-09-04 18:04:54 [main] INFO  demoqaBase - ✅ Test for Elements|Broken Links - Images Completed Successfully...
]]></system-out>
  </testcase>
  <testcase name="GetValidImage" classname="tests.ElementsTests" time="1.0">
    <system-out><![CDATA[2025-09-04 18:04:54 [main] INFO  demoqaBase - Closing the Browser...
2025-09-04 18:04:54 [main] INFO  demoqaBase - Starting Web Browser...
2025-09-04 18:04:56 [main] INFO  demoqaBase - Navigating to demoqa.com Website
2025-09-04 18:04:56 [main] INFO  RetryUrlAccess - 🌐 Attempt 1: Navigating to https://demoqa.com
2025-09-04 18:05:00 [main] INFO  RetryUrlAccess - ✅ Successfully navigated to: https://demoqa.com
Instance Variables Declared are: nullnull
2025-09-04 18:05:00 [main] INFO  demoqaBase - Accessing Elements Card...
2025-09-04 18:05:00 [main] INFO  demoqaLog - Clicking on Elements Card...
2025-09-04 18:05:00 [main] WARN  demoqaLog - ⚠️ JS click failed, falling back to native click. Reason: {}
2025-09-04 18:05:01 [main] INFO  demoqaLog - ✅ Native click succeeded on element: {}
2025-09-04 18:05:01 [main] INFO  demoqaLog - Clicked on Elements Card...
Title of this Page is: DEMOQA
You are Accessing: Elements
 
Elements: Please select an item from left to start practice.
2025-09-04 18:05:01 [main] INFO  demoqaBase - Elements: Please select an item from left to start practice.
2025-09-04 18:05:01 [main] INFO  demoqaBase - Clicking on Elements|Broken Links - Images...
Waiting for the presence of Element: [[ChromeDriver: chrome on windows (a148863131e0eb92d46a70c446a255d3)] -> xpath: //span[normalize-space()='Broken Links - Images']]
2025-09-04 18:05:01 [main] INFO  demoqaLog - ✅ JS click executed on element: {}
2025-09-04 18:05:01 [main] INFO  demoqaBase - Clicked on Elements|Broken Links - Images...
Page Title is: Broken Links - Images
2025-09-04 18:05:01 [main] INFO  demoqaBase - Checking for Elements|Broken Links|Valid Image...
Found WebElement of: Valid image
2025-09-04 18:05:01 [main] INFO  demoqaBase - Checked Elements|Broken Links|Valid Image Valid image
2025-09-04 18:05:01 [main] INFO  demoqaBase - ✅ Test for Elements|Broken Links - Images|Valid Image Completed Successfully...
]]></system-out>
  </testcase>
  <testcase name="GetBrokenImage" classname="tests.ElementsTests" time="1.274">
    <system-out><![CDATA[2025-09-04 18:05:01 [main] INFO  demoqaBase - Closing the Browser...
2025-09-04 18:05:02 [main] INFO  demoqaBase - Starting Web Browser...
2025-09-04 18:05:03 [main] INFO  demoqaBase - Navigating to demoqa.com Website
2025-09-04 18:05:03 [main] INFO  RetryUrlAccess - 🌐 Attempt 1: Navigating to https://demoqa.com
2025-09-04 18:05:14 [main] INFO  RetryUrlAccess - ✅ Successfully navigated to: https://demoqa.com
Instance Variables Declared are: nullnull
2025-09-04 18:05:14 [main] INFO  demoqaBase - Accessing Elements Card...
2025-09-04 18:05:14 [main] INFO  demoqaLog - Clicking on Elements Card...
2025-09-04 18:05:15 [main] WARN  demoqaLog - ⚠️ JS click failed, falling back to native click. Reason: {}
2025-09-04 18:05:15 [main] INFO  demoqaLog - ✅ Native click succeeded on element: {}
2025-09-04 18:05:15 [main] INFO  demoqaLog - Clicked on Elements Card...
Title of this Page is: DEMOQA
You are Accessing: Elements
 
Elements: Please select an item from left to start practice.
2025-09-04 18:05:15 [main] INFO  demoqaBase - Elements: Please select an item from left to start practice.
2025-09-04 18:05:15 [main] INFO  demoqaBase - Clicking on Elements|Broken Links - Images...
Waiting for the presence of Element: [[ChromeDriver: chrome on windows (4265107e1c73ffa35ef092cd1023e0cc)] -> xpath: //span[normalize-space()='Broken Links - Images']]
2025-09-04 18:05:15 [main] INFO  demoqaLog - ✅ JS click executed on element: {}
2025-09-04 18:05:15 [main] INFO  demoqaBase - Clicked on Elements|Broken Links - Images...
Page Title is: Broken Links - Images
2025-09-04 18:05:15 [main] INFO  demoqaBase - Checking for Elements|Broken Links|Valid Image...
Found WebElement of: Broken image
2025-09-04 18:05:16 [main] INFO  demoqaBase - Checked Elements|Broken Links|Broken Image Broken image
2025-09-04 18:05:16 [main] INFO  demoqaBase - ✅ Test for Elements|Broken Links - Images|Broken Image Completed Successfully...
]]></system-out>
  </testcase>
  <testcase name="BrokenLinksBrokenlink" classname="tests.ElementsTests" time="8.878">
    <system-out><![CDATA[2025-09-04 18:05:16 [main] INFO  demoqaBase - Closing the Browser...
2025-09-04 18:05:16 [main] INFO  demoqaBase - Starting Web Browser...
2025-09-04 18:05:18 [main] INFO  demoqaBase - Navigating to demoqa.com Website
2025-09-04 18:05:18 [main] INFO  RetryUrlAccess - 🌐 Attempt 1: Navigating to https://demoqa.com
2025-09-04 18:05:27 [main] INFO  RetryUrlAccess - ✅ Successfully navigated to: https://demoqa.com
Instance Variables Declared are: nullnull
2025-09-04 18:05:27 [main] INFO  demoqaBase - Accessing Elements Card...
2025-09-04 18:05:27 [main] INFO  demoqaLog - Clicking on Elements Card...
2025-09-04 18:05:27 [main] WARN  demoqaLog - ⚠️ JS click failed, falling back to native click. Reason: {}
2025-09-04 18:05:27 [main] INFO  demoqaLog - ✅ Native click succeeded on element: {}
2025-09-04 18:05:27 [main] INFO  demoqaLog - Clicked on Elements Card...
Title of this Page is: DEMOQA
You are Accessing: Elements
 
Elements: Please select an item from left to start practice.
2025-09-04 18:05:28 [main] INFO  demoqaBase - Elements: Please select an item from left to start practice.
2025-09-04 18:05:28 [main] INFO  demoqaBase - Clicking on Elements|Broken Links - Images...
Waiting for the presence of Element: [[ChromeDriver: chrome on windows (3410617fedfc1eed467c041f1334ca8e)] -> xpath: //span[normalize-space()='Broken Links - Images']]
2025-09-04 18:05:28 [main] INFO  demoqaLog - ✅ JS click executed on element: {}
2025-09-04 18:05:28 [main] INFO  demoqaBase - Clicked on Elements|Broken Links - Images...
Page Title is: Broken Links - Images
2025-09-04 18:05:28 [main] INFO  demoqaBase - Checking for Elements|Broken Links|Broken Link...
Waiting for the presence of Element: [[ChromeDriver: chrome on windows (3410617fedfc1eed467c041f1334ca8e)] -> xpath: //a[normalize-space()='Click Here for Broken Link']]
2025-09-04 18:05:36 [main] INFO  demoqaLog - ✅ JS click executed on element: {}
2025-09-04 18:05:36 [main] INFO  demoqaBase - Clicked on Elements|Broken Links - Images|Broken Link...
Broken Link Response is: This page returned a 500 status code.

For a definition and common list of HTTP status codes, go here
2025-09-04 18:05:36 [main] INFO  demoqaBase - Broken Link Response is: This page returned a 500 status code.

For a definition and common list of HTTP status codes, go here
2025-09-04 18:05:36 [main] INFO  demoqaBase - ✅ Test for Elements|Broken Links - Images|Broken Link Completed Successfully...
]]></system-out>
  </testcase>
  <testcase name="BrokenLinksValidlink" classname="tests.ElementsTests" time="2.284">
    <system-out><![CDATA[2025-09-04 18:05:36 [main] INFO  demoqaBase - Closing the Browser...
2025-09-04 18:05:36 [main] INFO  demoqaBase - Starting Web Browser...
2025-09-04 18:05:38 [main] INFO  demoqaBase - Navigating to demoqa.com Website
2025-09-04 18:05:38 [main] INFO  RetryUrlAccess - 🌐 Attempt 1: Navigating to https://demoqa.com
2025-09-04 18:05:48 [main] INFO  RetryUrlAccess - ✅ Successfully navigated to: https://demoqa.com
Instance Variables Declared are: nullnull
2025-09-04 18:05:48 [main] INFO  demoqaBase - Accessing Elements Card...
2025-09-04 18:05:48 [main] INFO  demoqaLog - Clicking on Elements Card...
2025-09-04 18:05:48 [main] WARN  demoqaLog - ⚠️ JS click failed, falling back to native click. Reason: {}
2025-09-04 18:05:48 [main] INFO  demoqaLog - ✅ Native click succeeded on element: {}
2025-09-04 18:05:48 [main] INFO  demoqaLog - Clicked on Elements Card...
Title of this Page is: DEMOQA
You are Accessing: Elements
 
Elements: Please select an item from left to start practice.
2025-09-04 18:05:48 [main] INFO  demoqaBase - Elements: Please select an item from left to start practice.
2025-09-04 18:05:48 [main] INFO  demoqaBase - Clicking on Elements|Broken Links - Images...
Waiting for the presence of Element: [[ChromeDriver: chrome on windows (6b54ce3d6e10493260eb1921128e1c19)] -> xpath: //span[normalize-space()='Broken Links - Images']]
2025-09-04 18:05:49 [main] INFO  demoqaLog - ✅ JS click executed on element: {}
2025-09-04 18:05:49 [main] INFO  demoqaBase - Clicked on Elements|Broken Links - Images...
Page Title is: Broken Links - Images
2025-09-04 18:05:49 [main] INFO  demoqaBase - Checking for Elements|Broken Links|Valid Link...
Waiting for the presence of Element: [[ChromeDriver: chrome on windows (6b54ce3d6e10493260eb1921128e1c19)] -> xpath: //a[normalize-space()='Click Here for Valid Link']]
2025-09-04 18:05:50 [main] INFO  demoqaLog - ✅ JS click executed on element: {}
2025-09-04 18:05:50 [main] INFO  demoqaBase - Clicked on Elements|Broken Links - Images|Valid Link...
Logo of Valid Link Clicked https://demoqa.com/images/Toolsqa.jpg
2025-09-04 18:05:50 [main] INFO  demoqaBase - Logo source: https://demoqa.com/images/Toolsqa.jpg
2025-09-04 18:05:50 [main] INFO  demoqaBase - ✅ Test for Elements|Broken Links - Images|Valid Link Completed Successfully...
]]></system-out>
  </testcase>
  <testcase name="UploadDownloadlink" classname="tests.ElementsTests" time="0.658">
    <system-out><![CDATA[2025-09-04 18:05:50 [main] INFO  demoqaBase - Closing the Browser...
2025-09-04 18:05:51 [main] INFO  demoqaBase - Starting Web Browser...
2025-09-04 18:05:52 [main] INFO  demoqaBase - Navigating to demoqa.com Website
2025-09-04 18:05:52 [main] INFO  RetryUrlAccess - 🌐 Attempt 1: Navigating to https://demoqa.com
2025-09-04 18:06:22 [main] WARN  RetryUrlAccess - 🔁 Attempt 1 failed due to retryable error: timeout: timed out receiving message from renderer: 29.069
  (session info: chrome=137.0.7151.120)
build info: version: '4.35.0', revision: '1c58e5028b'
system info: os.name: 'windows 11', os.arch: 'amd64', os.version: '10.0', java.version: '21.0.7'
driver info: org.openqa.selenium.chrome.chromedriver
command: [45231ff022e82019e3b2b0289eb3f6d6, get {url=https://demoqa.com}]
capabilities {acceptinsecurecerts: false, browsername: chrome, browserversion: 137.0.7151.120, chrome: {chromedriverversion: 137.0.7151.119 (e0ac9d12dff..., userdatadir: c:\users\dell\appdata\local...}, fedcm:accounts: true, goog:chromeoptions: {debuggeraddress: localhost:65177}, networkconnectionenabled: false, pageloadstrategy: normal, platformname: windows, proxy: proxy(), se:cdp: ws://localhost:65177/devtoo..., se:cdpversion: 137.0.7151.120, setwindowrect: true, strictfileinteractability: false, timeouts: {implicit: 0, pageload: 300000, script: 30000}, unhandledpromptbehavior: dismiss and notify, webauthn:extension:credblob: true, webauthn:extension:largeblob: true, webauthn:extension:minpinlength: true, webauthn:extension:prf: true, webauthn:virtualauthenticators: true}
session id: 45231ff022e82019e3b2b0289eb3f6d6. Retrying after 3000ms...
2025-09-04 18:06:25 [main] INFO  RetryUrlAccess - 🌐 Attempt 2: Navigating to https://demoqa.com
2025-09-04 18:06:26 [main] INFO  RetryUrlAccess - ✅ Successfully navigated to: https://demoqa.com
Instance Variables Declared are: nullnull
2025-09-04 18:06:26 [main] INFO  demoqaBase - Accessing Elements Card...
2025-09-04 18:06:26 [main] INFO  demoqaLog - Clicking on Elements Card...
2025-09-04 18:06:26 [main] WARN  demoqaLog - ⚠️ JS click failed, falling back to native click. Reason: {}
2025-09-04 18:06:26 [main] INFO  demoqaLog - ✅ Native click succeeded on element: {}
2025-09-04 18:06:26 [main] INFO  demoqaLog - Clicked on Elements Card...
Title of this Page is: DEMOQA
You are Accessing: Elements
 
Elements: Please select an item from left to start practice.
2025-09-04 18:06:26 [main] INFO  demoqaBase - Elements: Please select an item from left to start practice.
2025-09-04 18:06:26 [main] INFO  demoqaBase - Checking for Elements|Upload and Download|Download Button...
Waiting for the Element to be Clickable: [[ChromeDriver: chrome on windows (45231ff022e82019e3b2b0289eb3f6d6)] -> xpath: //div[@class='element-list collapse show']//li[@id='item-7']]
2025-09-04 18:06:26 [main] INFO  demoqaLog - ✅ JS click executed on element: {}
2025-09-04 18:06:26 [main] INFO  demoqaBase - Clicked on Elements|Upload and Download...
2025-09-04 18:06:26 [main] INFO  demoqaBase - ✅ Test for Elements|Upload and Download Link Completed Successfully...
]]></system-out>
  </testcase>
  <testcase name="Downloadbtn" classname="tests.ElementsTests" time="1.185">
    <failure message="File was not downloaded successfully. expected [true] but found [false]" type="java.lang.AssertionError"><![CDATA[java.lang.AssertionError: File was not downloaded successfully. expected [true] but found [false]
	at org.testng.Assert.fail(Assert.java:111)
	at org.testng.Assert.failNotEquals(Assert.java:1590)
	at org.testng.Assert.assertTrue(Assert.java:57)
	at pages.elementsPage.DownloadFile(elementsPage.java:1184)
	at tests.ElementsTests.Downloadbtn(ElementsTests.java:1121)
	at java.base/jdk.internal.reflect.DirectMethodHandleAccessor.invoke(DirectMethodHandleAccessor.java:103)
	at java.base/java.lang.reflect.Method.invoke(Method.java:580)
	at org.testng.internal.invokers.MethodInvocationHelper.invokeMethod(MethodInvocationHelper.java:141)
	at org.testng.internal.invokers.TestInvoker.invokeMethod(TestInvoker.java:687)
	at org.testng.internal.invokers.TestInvoker.invokeTestMethod(TestInvoker.java:230)
	at org.testng.internal.invokers.MethodRunner.runInSequence(MethodRunner.java:63)
	at org.testng.internal.invokers.TestInvoker$MethodInvocationAgent.invoke(TestInvoker.java:995)
	at org.testng.internal.invokers.TestInvoker.invokeTestMethods(TestInvoker.java:203)
	at org.testng.internal.invokers.TestMethodWorker.invokeTestMethods(TestMethodWorker.java:154)
	at org.testng.internal.invokers.TestMethodWorker.run(TestMethodWorker.java:134)
	at java.base/java.util.ArrayList.forEach(ArrayList.java:1596)
	at org.testng.TestRunner.privateRun(TestRunner.java:741)
	at org.testng.TestRunner.run(TestRunner.java:616)
	at org.testng.SuiteRunner.runTest(SuiteRunner.java:421)
	at org.testng.SuiteRunner.runSequentially(SuiteRunner.java:413)
	at org.testng.SuiteRunner.privateRun(SuiteRunner.java:373)
	at org.testng.SuiteRunner.run(SuiteRunner.java:312)
	at org.testng.SuiteRunnerWorker.runSuite(SuiteRunnerWorker.java:52)
	at org.testng.SuiteRunnerWorker.run(SuiteRunnerWorker.java:95)
	at org.testng.TestNG.runSuitesSequentially(TestNG.java:1274)
	at org.testng.TestNG.runSuitesLocally(TestNG.java:1208)
	at org.testng.TestNG.runSuites(TestNG.java:1112)
	at org.testng.TestNG.run(TestNG.java:1079)
	at org.apache.maven.surefire.testng.TestNGExecutor.run(TestNGExecutor.java:155)
	at org.apache.maven.surefire.testng.TestNGDirectoryTestSuite.executeMulti(TestNGDirectoryTestSuite.java:169)
	at org.apache.maven.surefire.testng.TestNGDirectoryTestSuite.execute(TestNGDirectoryTestSuite.java:88)
	at org.apache.maven.surefire.testng.TestNGProvider.invoke(TestNGProvider.java:137)
	at org.apache.maven.surefire.booter.ForkedBooter.runSuitesInProcess(ForkedBooter.java:385)
	at org.apache.maven.surefire.booter.ForkedBooter.execute(ForkedBooter.java:162)
	at org.apache.maven.surefire.booter.ForkedBooter.run(ForkedBooter.java:507)
	at org.apache.maven.surefire.booter.ForkedBooter.main(ForkedBooter.java:495)
]]></failure>
    <system-out><![CDATA[2025-09-04 18:06:26 [main] INFO  demoqaBase - Closing the Browser...
2025-09-04 18:06:27 [main] INFO  demoqaBase - Starting Web Browser...
2025-09-04 18:06:28 [main] INFO  demoqaBase - Navigating to demoqa.com Website
2025-09-04 18:06:28 [main] INFO  RetryUrlAccess - 🌐 Attempt 1: Navigating to https://demoqa.com
2025-09-04 18:06:33 [main] INFO  RetryUrlAccess - ✅ Successfully navigated to: https://demoqa.com
Instance Variables Declared are: nullnull
2025-09-04 18:06:33 [main] INFO  demoqaBase - Accessing Elements Card...
2025-09-04 18:06:33 [main] INFO  demoqaLog - Clicking on Elements Card...
2025-09-04 18:06:33 [main] WARN  demoqaLog - ⚠️ JS click failed, falling back to native click. Reason: {}
2025-09-04 18:06:33 [main] INFO  demoqaLog - ✅ Native click succeeded on element: {}
2025-09-04 18:06:33 [main] INFO  demoqaLog - Clicked on Elements Card...
Title of this Page is: DEMOQA
You are Accessing: Elements
 
Elements: Please select an item from left to start practice.
2025-09-04 18:06:33 [main] INFO  demoqaBase - Elements: Please select an item from left to start practice.
2025-09-04 18:06:33 [main] INFO  demoqaBase - Checking for Elements|Upload and Download|Download Button...
Waiting for the Element to be Clickable: [[ChromeDriver: chrome on windows (1535356a7efa11f07b524f727e9c6cbc)] -> xpath: //div[@class='element-list collapse show']//li[@id='item-7']]
2025-09-04 18:06:34 [main] INFO  demoqaLog - ✅ JS click executed on element: {}
2025-09-04 18:06:34 [main] INFO  demoqaBase - Clicked on Elements|Upload and Download...
2025-09-04 18:06:34 [main] INFO  demoqaBase - Clicking on Elements|Upload and Download|Download Button...
Waiting for Element to be clickable: [[ChromeDriver: chrome on windows (1535356a7efa11f07b524f727e9c6cbc)] -> xpath: //*[@id='downloadButton']]
2025-09-04 18:06:34 [main] INFO  demoqaLog - ✅ JS click executed on element: {}
2025-09-04 18:06:34 [main] INFO  demoqaBase - Clicked on Elements|Upload and Download|Download Button...
Downloaded file is: C:\Users\dell\Downloads\sampleFile.jpeg
]]></system-out>
  </testcase>
  <testcase name="Uploadbtn" classname="tests.ElementsTests" time="1.32">
    <system-out><![CDATA[Path for Screenshot is: C:\ASN\eclipse_workspace\demoqa-automation/screenshots/com.aventstack.extentreports.ExtentTest@5112ee26Test Failed+2025-09-04_18-06-34.png
2025-09-04 18:06:34 [main] INFO  demoqaBase - Closing the Browser...
2025-09-04 18:06:35 [main] INFO  demoqaBase - Starting Web Browser...
2025-09-04 18:06:36 [main] INFO  demoqaBase - Navigating to demoqa.com Website
2025-09-04 18:06:36 [main] INFO  RetryUrlAccess - 🌐 Attempt 1: Navigating to https://demoqa.com
2025-09-04 18:06:41 [main] INFO  RetryUrlAccess - ✅ Successfully navigated to: https://demoqa.com
Instance Variables Declared are: nullnull
2025-09-04 18:06:41 [main] INFO  demoqaBase - Accessing Elements Card...
2025-09-04 18:06:41 [main] INFO  demoqaLog - Clicking on Elements Card...
2025-09-04 18:06:41 [main] WARN  demoqaLog - ⚠️ JS click failed, falling back to native click. Reason: {}
2025-09-04 18:06:41 [main] INFO  demoqaLog - ✅ Native click succeeded on element: {}
2025-09-04 18:06:41 [main] INFO  demoqaLog - Clicked on Elements Card...
Title of this Page is: DEMOQA
You are Accessing: Elements
 
Elements: Please select an item from left to start practice.
2025-09-04 18:06:41 [main] INFO  demoqaBase - Elements: Please select an item from left to start practice.
2025-09-04 18:06:41 [main] INFO  demoqaBase - Checking for Elements|Upload and Download|Download Button...
Waiting for the Element to be Clickable: [[ChromeDriver: chrome on windows (7eea8496d93bc88fd629e77b8f815837)] -> xpath: //div[@class='element-list collapse show']//li[@id='item-7']]
2025-09-04 18:06:42 [main] INFO  demoqaLog - ✅ JS click executed on element: {}
2025-09-04 18:06:42 [main] INFO  demoqaBase - Clicked on Elements|Upload and Download...
2025-09-04 18:06:42 [main] INFO  demoqaBase - Checking for Elements|Upload and Download|Upload Button...
File being Uploaded is: C:\ASN\eclipse_workspace\demoqa-automation\TestData
Uploading: C:\ASN\eclipse_workspace\demoqa-automation\TestData\Ophoto.jpg
Uploaded photo: [[ChromeDriver: chrome on windows (7eea8496d93bc88fd629e77b8f815837)] -> id: uploadFile]
2025-09-04 18:06:42 [main] INFO  demoqaBase - Clicked on Elements|Upload and Download|Upload Button...
2025-09-04 18:06:42 [main] INFO  FetchLinkResponse - Fetching link response...
2025-09-04 18:06:42 [main] INFO  FetchLinkResponse - Response fetched: C:\fakepath\Ophoto.jpg
C:\fakepath\Ophoto.jpg
2025-09-04 18:06:42 [main] INFO  demoqaBase - Clicked on Elements|Upload and Download|Upload response is: C:\fakepath\Ophoto.jpg
2025-09-04 18:06:42 [main] INFO  demoqaBase - ✅ Test for Elements|Upload and Download|Upload Button Completed Successfully...
]]></system-out>
  </testcase>
  <testcase name="DynamicPropertiesbtn" classname="tests.ElementsTests" time="1.105">
    <system-out><![CDATA[2025-09-04 18:06:42 [main] INFO  demoqaBase - Closing the Browser...
2025-09-04 18:06:42 [main] INFO  demoqaBase - Starting Web Browser...
2025-09-04 18:06:44 [main] INFO  demoqaBase - Navigating to demoqa.com Website
2025-09-04 18:06:44 [main] INFO  RetryUrlAccess - 🌐 Attempt 1: Navigating to https://demoqa.com
2025-09-04 18:06:55 [main] INFO  RetryUrlAccess - ✅ Successfully navigated to: https://demoqa.com
Instance Variables Declared are: nullnull
2025-09-04 18:06:55 [main] INFO  demoqaBase - Accessing Elements Card...
2025-09-04 18:06:55 [main] INFO  demoqaLog - Clicking on Elements Card...
2025-09-04 18:06:55 [main] WARN  demoqaLog - ⚠️ JS click failed, falling back to native click. Reason: {}
2025-09-04 18:06:55 [main] INFO  demoqaLog - ✅ Native click succeeded on element: {}
2025-09-04 18:06:55 [main] INFO  demoqaLog - Clicked on Elements Card...
Title of this Page is: DEMOQA
You are Accessing: Elements
 
Elements: Please select an item from left to start practice.
2025-09-04 18:06:55 [main] INFO  demoqaBase - Elements: Please select an item from left to start practice.
2025-09-04 18:06:55 [main] INFO  demoqaBase - Checking for Elements|Dynamic Properties Button...
Waiting for the Element to be Clickable: [[ChromeDriver: chrome on windows (725b1a706514b9c8a8bc68f065da7cbb)] -> xpath: //div[@class='element-list collapse show']//li[@id='item-8']]
2025-09-04 18:06:56 [main] INFO  demoqaLog - ✅ JS click executed on element: {}
2025-09-04 18:06:56 [main] INFO  demoqaBase - Clicked on Elements|Dynamic Properties...
Dynamic Properties Page Tile is: Dynamic Properties
2025-09-04 18:06:56 [main] INFO  demoqaBase - ✅ Test for Elements|Dynamic Properties Button Completed Successfully...
]]></system-out>
  </testcase>
  <testcase name="ColorChangebtn" classname="tests.ElementsTests" time="1.367">
    <system-out><![CDATA[2025-09-04 18:06:56 [main] INFO  demoqaBase - Closing the Browser...
2025-09-04 18:06:56 [main] INFO  demoqaBase - Starting Web Browser...
2025-09-04 18:06:58 [main] INFO  demoqaBase - Navigating to demoqa.com Website
2025-09-04 18:06:58 [main] INFO  RetryUrlAccess - 🌐 Attempt 1: Navigating to https://demoqa.com
2025-09-04 18:07:05 [main] INFO  RetryUrlAccess - ✅ Successfully navigated to: https://demoqa.com
Instance Variables Declared are: nullnull
2025-09-04 18:07:05 [main] INFO  demoqaBase - Accessing Elements Card...
2025-09-04 18:07:05 [main] INFO  demoqaLog - Clicking on Elements Card...
2025-09-04 18:07:05 [main] WARN  demoqaLog - ⚠️ JS click failed, falling back to native click. Reason: {}
2025-09-04 18:07:05 [main] INFO  demoqaLog - ✅ Native click succeeded on element: {}
2025-09-04 18:07:05 [main] INFO  demoqaLog - Clicked on Elements Card...
Title of this Page is: DEMOQA
You are Accessing: Elements
 
Elements: Please select an item from left to start practice.
2025-09-04 18:07:06 [main] INFO  demoqaBase - Elements: Please select an item from left to start practice.
2025-09-04 18:07:06 [main] INFO  demoqaBase - Checking for Elements|Dynamic Properties Button...
Waiting for the Element to be Clickable: [[ChromeDriver: chrome on windows (5d7265621c97f6f700e4802a886f2487)] -> xpath: //div[@class='element-list collapse show']//li[@id='item-8']]
2025-09-04 18:07:06 [main] INFO  demoqaLog - ✅ JS click executed on element: {}
2025-09-04 18:07:06 [main] INFO  demoqaBase - Clicked on Elements|Dynamic Properties...
Dynamic Properties Page Tile is: Dynamic Properties
2025-09-04 18:07:06 [main] INFO  demoqaBase - Checking for Elements|Dynamic Properties|Color Change Button...
Waiting for the Element to be Clickable: [[ChromeDriver: chrome on windows (5d7265621c97f6f700e4802a886f2487)] -> xpath: //button[@id='colorChange']]
2025-09-04 18:07:06 [main] INFO  demoqaLog - ✅ JS click executed on element: {}
2025-09-04 18:07:06 [main] INFO  demoqaBase - Clicked on Elements|Dynamic Properties|Color Change Button...
Clicked on: Color Change
2025-09-04 18:07:06 [main] INFO  demoqaBase - ✅ Test for Elements|Dynamic Properties|Color Change Button Completed Successfully...
]]></system-out>
  </testcase>
  <testcase name="WillEnablebtn" classname="tests.ElementsTests" time="6.33">
    <system-out><![CDATA[2025-09-04 18:07:06 [main] INFO  demoqaBase - Closing the Browser...
2025-09-04 18:07:07 [main] INFO  demoqaBase - Starting Web Browser...
2025-09-04 18:07:08 [main] INFO  demoqaBase - Navigating to demoqa.com Website
2025-09-04 18:07:08 [main] INFO  RetryUrlAccess - 🌐 Attempt 1: Navigating to https://demoqa.com
2025-09-04 18:07:20 [main] INFO  RetryUrlAccess - ✅ Successfully navigated to: https://demoqa.com
Instance Variables Declared are: nullnull
2025-09-04 18:07:20 [main] INFO  demoqaBase - Accessing Elements Card...
2025-09-04 18:07:20 [main] INFO  demoqaLog - Clicking on Elements Card...
2025-09-04 18:07:20 [main] WARN  demoqaLog - ⚠️ JS click failed, falling back to native click. Reason: {}
2025-09-04 18:07:21 [main] INFO  demoqaLog - ✅ Native click succeeded on element: {}
2025-09-04 18:07:21 [main] INFO  demoqaLog - Clicked on Elements Card...
Title of this Page is: DEMOQA
You are Accessing: Elements
 
Elements: Please select an item from left to start practice.
2025-09-04 18:07:21 [main] INFO  demoqaBase - Elements: Please select an item from left to start practice.
2025-09-04 18:07:21 [main] INFO  demoqaBase - Checking for Elements|Dynamic Properties Button...
Waiting for the Element to be Clickable: [[ChromeDriver: chrome on windows (6c4f67b2d18c10adb3287b19288a335c)] -> xpath: //div[@class='element-list collapse show']//li[@id='item-8']]
2025-09-04 18:07:21 [main] INFO  demoqaLog - ✅ JS click executed on element: {}
2025-09-04 18:07:21 [main] INFO  demoqaBase - Clicked on Elements|Dynamic Properties...
Dynamic Properties Page Tile is: Dynamic Properties
2025-09-04 18:07:21 [main] INFO  demoqaBase - Checking for Elements|Dynamic Properties|Will Enable 5 sec Button...
Waiting for the Element to be Clickable: [[ChromeDriver: chrome on windows (6c4f67b2d18c10adb3287b19288a335c)] -> xpath: //button[@id='enableAfter']]
2025-09-04 18:07:26 [main] INFO  demoqaLog - ✅ JS click executed on element: {}
2025-09-04 18:07:26 [main] INFO  demoqaBase - Clicked on Elements|Dynamic Properties|Will Enable 5 sec Button...
Clicked on: Will enable 5 seconds
2025-09-04 18:07:26 [main] INFO  demoqaBase - ✅ Test for Elements|Dynamic Properties|Will enable 5 sec Button Completed Successfully...
]]></system-out>
  </testcase>
  <testcase name="VisibleAfterbtn" classname="tests.ElementsTests" time="6.494">
    <system-out><![CDATA[2025-09-04 18:07:26 [main] INFO  demoqaBase - Closing the Browser...
2025-09-04 18:07:27 [main] INFO  demoqaBase - Starting Web Browser...
2025-09-04 18:07:28 [main] INFO  demoqaBase - Navigating to demoqa.com Website
2025-09-04 18:07:28 [main] INFO  RetryUrlAccess - 🌐 Attempt 1: Navigating to https://demoqa.com
2025-09-04 18:07:33 [main] INFO  RetryUrlAccess - ✅ Successfully navigated to: https://demoqa.com
Instance Variables Declared are: nullnull
2025-09-04 18:07:33 [main] INFO  demoqaBase - Accessing Elements Card...
2025-09-04 18:07:33 [main] INFO  demoqaLog - Clicking on Elements Card...
2025-09-04 18:07:33 [main] WARN  demoqaLog - ⚠️ JS click failed, falling back to native click. Reason: {}
2025-09-04 18:07:33 [main] INFO  demoqaLog - ✅ Native click succeeded on element: {}
2025-09-04 18:07:33 [main] INFO  demoqaLog - Clicked on Elements Card...
Title of this Page is: DEMOQA
You are Accessing: Elements
 
Elements: Please select an item from left to start practice.
2025-09-04 18:07:33 [main] INFO  demoqaBase - Elements: Please select an item from left to start practice.
2025-09-04 18:07:33 [main] INFO  demoqaBase - Checking for Elements|Dynamic Properties Button...
Waiting for the Element to be Clickable: [[ChromeDriver: chrome on windows (71eef4df1d79dba2354f41dc1a9ba559)] -> xpath: //div[@class='element-list collapse show']//li[@id='item-8']]
2025-09-04 18:07:33 [main] INFO  demoqaLog - ✅ JS click executed on element: {}
2025-09-04 18:07:33 [main] INFO  demoqaBase - Clicked on Elements|Dynamic Properties...
Dynamic Properties Page Tile is: Dynamic Properties
2025-09-04 18:07:33 [main] INFO  demoqaBase - Checking for Elements|Dynamic Properties|Visble After 5 Seconds Button...
Waiting for the Element to be Clickable: [[ChromeDriver: chrome on windows (71eef4df1d79dba2354f41dc1a9ba559)] -> xpath: //button[@id='visibleAfter']]
2025-09-04 18:07:39 [main] INFO  demoqaLog - ✅ JS click executed on element: {}
2025-09-04 18:07:39 [main] INFO  demoqaBase - Clicked on Elements|Dynamic Properties|Visble After 5 Seconds Button...
Clicked on: Visible After 5 Seconds
2025-09-04 18:07:39 [main] INFO  demoqaBase - ✅ Test for Elements|Dynamic Properties|Visible After 5 Seconds Button Completed Successfully...
]]></system-out>
  </testcase>
  <testcase name="FormsCard" classname="tests.FormTests" time="1.579">
    <system-out><![CDATA[2025-09-04 18:07:39 [main] INFO  demoqaBase - Closing the Browser...
2025-09-04 18:07:40 [main] INFO  demoqaBase - Starting Web Browser...
2025-09-04 18:07:41 [main] INFO  demoqaBase - Navigating to demoqa.com Website
2025-09-04 18:07:41 [main] INFO  RetryUrlAccess - 🌐 Attempt 1: Navigating to https://demoqa.com
2025-09-04 18:07:52 [main] INFO  RetryUrlAccess - ✅ Successfully navigated to: https://demoqa.com
2025-09-04 18:07:52 [main] INFO  demoqaBase - 🧪 Starting Form Card Test...
2025-09-04 18:07:52 [main] INFO  demoqaBase - Accessing Form Card...
2025-09-04 18:07:52 [main] INFO  RetryUrlAccess - 🌐 Attempt 1: Navigating to https://demoqa.com
2025-09-04 18:07:53 [main] INFO  RetryUrlAccess - ✅ Successfully navigated to: https://demoqa.com
2025-09-04 18:07:53 [main] INFO  demoqaLog - Clicking on Form Card...
2025-09-04 18:07:54 [main] INFO  demoqaLog - ✅ JS click executed on element: {}
2025-09-04 18:07:54 [main] INFO  demoqaLog - Clicked on Forms Card...
Page Text is: Please select an item from left to start practice.
Title of this Page is: DEMOQA
2025-09-04 18:07:54 [main] INFO  demoqaBase - ✅ Form Card Test Completed...
]]></system-out>
  </testcase>
  <testcase name="FormButton" classname="tests.FormTests" time="0.755">
    <system-out><![CDATA[2025-09-04 18:07:54 [main] INFO  demoqaBase - Closing the Browser...
2025-09-04 18:07:54 [main] INFO  demoqaBase - Starting Web Browser...
2025-09-04 18:07:56 [main] INFO  demoqaBase - Navigating to demoqa.com Website
2025-09-04 18:07:56 [main] INFO  RetryUrlAccess - 🌐 Attempt 1: Navigating to https://demoqa.com
2025-09-04 18:08:06 [main] INFO  RetryUrlAccess - ✅ Successfully navigated to: https://demoqa.com
2025-09-04 18:08:06 [main] INFO  demoqaBase - 🧪 Starting Form Card Test...
2025-09-04 18:08:06 [main] INFO  demoqaLog - Clicking on Form Card...
2025-09-04 18:08:07 [main] INFO  demoqaLog - ✅ JS click executed on element: {}
2025-09-04 18:08:07 [main] INFO  demoqaLog - Clicked on Forms Card...
2025-09-04 18:08:07 [main] INFO  demoqaBase - Clicking on Practice Form...
2025-09-04 18:08:07 [main] INFO  demoqaBase - Clicked on Practice Form...
Title of this Page is: DEMOQA
2025-09-04 18:08:07 [main] INFO  demoqaBase - ✅ Form Card|Practice Forms Test Completed...
]]></system-out>
  </testcase>
  <testcase name="fillForm[UserFormData{firstName=&apos;Johny&apos;, lastName=&apos;Bravo&apos;, userMail=&apos;Jbravo@demoqa.com&apos;, gender=&apos;Male&apos;, mobile=&apos;9.238343488E9&apos;, dob=&apos;15/08/2000&apos;, subject=&apos;Computer Science&apos;, hobbies=&apos;Sports,Music&apos;, picturePath=&apos;/TestData/Mphoto.jpg&apos;, address=&apos;511 Grant 481, Prattsville\n Arkansas 72129\n United States&apos;, state=&apos;NCR&apos;, city=&apos;Delhi&apos;}](1)" classname="tests.FormTests" time="14.836">
    <system-out><![CDATA[2025-09-04 18:08:07 [main] INFO  demoqaBase - Closing the Browser...
🧾 Row 1: {Salary=28000.0, Email=Jbravo@demoqa.com, Address=511 Grant 481, Prattsville\n Arkansas 72129\n United States, First Name=Johny, Gender=Male, City=Delhi, Mobile=9.238343488E9, Hobbies=Sports,Music, Subject=Computer Science, Current Address=301 Town 481, Brookville\n kansas 42129\n United States, Department=Information Technology, DOB=15/08/2000, Picture=/TestData/Mphoto.jpg, State=NCR, Last Name=Bravo, Age=34.0}
🔍 Mapping field: firstName | Excel Column: First Name | Value: Johny
🔍 Mapping field: lastName | Excel Column: Last Name | Value: Bravo
🔍 Mapping field: userMail | Excel Column: Email | Value: Jbravo@demoqa.com
🔍 Mapping field: gender | Excel Column: Gender | Value: Male
🔍 Mapping field: mobile | Excel Column: Mobile | Value: 9.238343488E9
🔍 Mapping field: dob | Excel Column: DOB | Value: 15/08/2000
🔍 Mapping field: subject | Excel Column: Subject | Value: Computer Science
🔍 Mapping field: hobbies | Excel Column: Hobbies | Value: Sports,Music
🔍 Mapping field: picturePath | Excel Column: Picture | Value: /TestData/Mphoto.jpg
🔍 Mapping field: address | Excel Column: Address | Value: 511 Grant 481, Prattsville\n Arkansas 72129\n United States
🔍 Mapping field: state | Excel Column: State | Value: NCR
🔍 Mapping field: city | Excel Column: City | Value: Delhi
🧾 Row 2: {Salary=18000.0, Email=GFemina@demoqa.com, Address=512 Grant 481, Prattsville\n Arkansas 72129\n United States, First Name=Gene, Gender=Female, City=Merrut, Mobile=1.888343432E9, Hobbies=Music,Reading, Subject=Accounting, Current Address=302 Town 481, Brookville\n kansas 42129\n United States, Department=Finance, DOB=22/05/2002, Picture=/TestData/Fphoto.png, State=Uttar Pradesh, Last Name=Femina, Age=30.0}
🔍 Mapping field: firstName | Excel Column: First Name | Value: Gene
🔍 Mapping field: lastName | Excel Column: Last Name | Value: Femina
🔍 Mapping field: userMail | Excel Column: Email | Value: GFemina@demoqa.com
🔍 Mapping field: gender | Excel Column: Gender | Value: Female
🔍 Mapping field: mobile | Excel Column: Mobile | Value: 1.888343432E9
🔍 Mapping field: dob | Excel Column: DOB | Value: 22/05/2002
🔍 Mapping field: subject | Excel Column: Subject | Value: Accounting
🔍 Mapping field: hobbies | Excel Column: Hobbies | Value: Music,Reading
🔍 Mapping field: picturePath | Excel Column: Picture | Value: /TestData/Fphoto.png
🔍 Mapping field: address | Excel Column: Address | Value: 512 Grant 481, Prattsville\n Arkansas 72129\n United States
🔍 Mapping field: state | Excel Column: State | Value: Uttar Pradesh
🔍 Mapping field: city | Excel Column: City | Value: Merrut
🧾 Row 3: {Salary=15000.0, Email=BWisem@demoqa.com, Address=513 Grant 481, Prattsville\n Arkansas 72129\n United States, First Name=Bud, Gender=Other, City=Panipat, Mobile=8.932465432E9, Hobbies=Reading, Subject=Biology, Current Address=303 Town 481, Brookville\n kansas 42129\n United States, Department=Medicine, DOB=31/12/1999, Picture=/TestData/Ophoto.jpg, State=Haryana, Last Name=Wisem, Age=40.0}
🔍 Mapping field: firstName | Excel Column: First Name | Value: Bud
🔍 Mapping field: lastName | Excel Column: Last Name | Value: Wisem
🔍 Mapping field: userMail | Excel Column: Email | Value: BWisem@demoqa.com
🔍 Mapping field: gender | Excel Column: Gender | Value: Other
🔍 Mapping field: mobile | Excel Column: Mobile | Value: 8.932465432E9
🔍 Mapping field: dob | Excel Column: DOB | Value: 31/12/1999
🔍 Mapping field: subject | Excel Column: Subject | Value: Biology
🔍 Mapping field: hobbies | Excel Column: Hobbies | Value: Reading
🔍 Mapping field: picturePath | Excel Column: Picture | Value: /TestData/Ophoto.jpg
🔍 Mapping field: address | Excel Column: Address | Value: 513 Grant 481, Prattsville\n Arkansas 72129\n United States
🔍 Mapping field: state | Excel Column: State | Value: Haryana
🔍 Mapping field: city | Excel Column: City | Value: Panipat
🧾 Row 4: {Salary=19000.0, Email=TBoss@demoqa.com, Address=514 Grant 481, Prattsville\n Arkansas 72129\n United States, First Name=Tom, Gender=Male, City=Jaiselmer, Mobile=7.839875281E9, Hobbies=Sports,Reading, Subject=Social Studies, Current Address=304 Town 481, Brookville\n kansas 42129\n United States, Department=Recreation, DOB=1/26/03, Picture=/TestData/M2photo.jpg, State=Rajasthan, Last Name=Boss, Age=42.0}
🔍 Mapping field: firstName | Excel Column: First Name | Value: Tom
🔍 Mapping field: lastName | Excel Column: Last Name | Value: Boss
🔍 Mapping field: userMail | Excel Column: Email | Value: TBoss@demoqa.com
🔍 Mapping field: gender | Excel Column: Gender | Value: Male
🔍 Mapping field: mobile | Excel Column: Mobile | Value: 7.839875281E9
🔍 Mapping field: dob | Excel Column: DOB | Value: 1/26/03
🔍 Mapping field: subject | Excel Column: Subject | Value: Social Studies
🔍 Mapping field: hobbies | Excel Column: Hobbies | Value: Sports,Reading
🔍 Mapping field: picturePath | Excel Column: Picture | Value: /TestData/M2photo.jpg
🔍 Mapping field: address | Excel Column: Address | Value: 514 Grant 481, Prattsville\n Arkansas 72129\n United States
🔍 Mapping field: state | Excel Column: State | Value: Rajasthan
🔍 Mapping field: city | Excel Column: City | Value: Jaiselmer
2025-09-04 18:08:08 [main] INFO  demoqaBase - Starting Web Browser...
2025-09-04 18:08:09 [main] INFO  demoqaBase - Navigating to demoqa.com Website
2025-09-04 18:08:09 [main] INFO  RetryUrlAccess - 🌐 Attempt 1: Navigating to https://demoqa.com
2025-09-04 18:08:39 [main] INFO  RetryUrlAccess - ✅ Successfully navigated to: https://demoqa.com
2025-09-04 18:08:39 [main] INFO  demoqaBase - 🧪 Starting Form Filling Test...
2025-09-04 18:08:39 [main] INFO  RetryUrlAccess - 🌐 Attempt 1: Navigating to https://demoqa.com
2025-09-04 18:08:39 [main] WARN  RetryUrlAccess - 🔁 Attempt 1 failed due to retryable error: detected error page after navigation
build info: version: '4.35.0', revision: '1c58e5028b'
system info: os.name: 'windows 11', os.arch: 'amd64', os.version: '10.0', java.version: '21.0.7'
driver info: driver.version: unknown. Retrying after 3000ms...
2025-09-04 18:08:42 [main] INFO  RetryUrlAccess - 🌐 Attempt 2: Navigating to https://demoqa.com
2025-09-04 18:08:43 [main] WARN  RetryUrlAccess - 🔁 Attempt 2 failed due to retryable error: detected error page after navigation
build info: version: '4.35.0', revision: '1c58e5028b'
system info: os.name: 'windows 11', os.arch: 'amd64', os.version: '10.0', java.version: '21.0.7'
driver info: driver.version: unknown. Retrying after 3000ms...
2025-09-04 18:08:46 [main] INFO  RetryUrlAccess - 🌐 Attempt 3: Navigating to https://demoqa.com
2025-09-04 18:08:47 [main] INFO  RetryUrlAccess - ✅ Successfully navigated to: https://demoqa.com
2025-09-04 18:08:47 [main] INFO  demoqaBase - Accessing Form Card...
2025-09-04 18:08:47 [main] INFO  RetryUrlAccess - 🌐 Attempt 1: Navigating to https://demoqa.com
2025-09-04 18:08:47 [main] INFO  RetryUrlAccess - ✅ Successfully navigated to: https://demoqa.com
2025-09-04 18:08:47 [main] INFO  demoqaLog - Clicking on Form Card...
2025-09-04 18:08:47 [main] INFO  demoqaLog - ✅ JS click executed on element: {}
2025-09-04 18:08:47 [main] INFO  demoqaLog - Clicked on Forms Card...
Page Text is: Please select an item from left to start practice.
2025-09-04 18:08:47 [main] INFO  demoqaBase - Clicking on Practice Form...
2025-09-04 18:08:48 [main] INFO  demoqaBase - Clicked on Practice Form...
2025-09-04 18:08:48 [main] INFO  demoqaBase - Filling form for: Johny Bravo
2025-09-04 18:08:48 [main] INFO  demoqaBase - Entering First Name...
2025-09-04 18:08:48 [main] INFO  demoqaBase - Entered First Name: Johny
2025-09-04 18:08:49 [main] INFO  demoqaLog - ✅ JS click executed on element: {}
Selected gender: Male
2025-09-04 18:08:49 [main] INFO  demoqaBase - 📅 Parsed DOB for Johny Bravo: 2000-08-15
📥 Received DOB: 15-08-2000
📅 Normalized DOB: 15-08-2000
✅ Date selected: 15-08-2000
2025-09-04 18:08:49 [main] INFO  demoqaBase - Typed full subject: Computer Science
Typing subject: Computer Science
Dropdown Option: Computer Science
Selected: Computer Science
Selected hobby: sports
Selected hobby: music
Uploaded photo: C:\ASN\eclipse_workspace\demoqa-automation//TestData/Mphoto.jpg
511 Grant 481, Prattsville
 Arkansas 72129
 United States
2025-09-04 18:08:51 [main] INFO  demoqaBase - Entering Address...
2025-09-04 18:08:51 [main] INFO  demoqaBase - Entered Address...
2025-09-04 18:08:51 [main] INFO  demoqaBase - Selecting State: NCR
Available state option: NCR
2025-09-04 18:08:51 [main] INFO  demoqaBase - Selected State: NCR
2025-09-04 18:08:51 [main] INFO  demoqaBase - Selecting City: Delhi
Available city: Delhi
2025-09-04 18:08:52 [main] INFO  demoqaBase - Selected City: Delhi
2025-09-04 18:08:52 [main] INFO  demoqaBase - Submitting Form...
2025-09-04 18:08:53 [main] INFO  demoqaBase - Form Submitted via normal click...
2025-09-04 18:08:53 [main] INFO  ConfirmationTableParser - 📋 Parsed [First Name] = 'Johny', [Last Name] = 'Bravo'
2025-09-04 18:08:53 [main] INFO  ConfirmationTableParser - 📋 Parsed [Email] = 'Jbravo@demoqa.com'
2025-09-04 18:08:53 [main] INFO  ConfirmationTableParser - 📋 Parsed [Gender] = 'Male'
2025-09-04 18:08:53 [main] INFO  ConfirmationTableParser - 📋 Parsed [Mobile] = '9238343488'
2025-09-04 18:08:53 [main] INFO  ConfirmationTableParser - 📋 Parsed [DOB] = '15 August,2000'
2025-09-04 18:08:53 [main] INFO  ConfirmationTableParser - 📋 Parsed [Subject] = 'Computer Science'
2025-09-04 18:08:53 [main] INFO  ConfirmationTableParser - 📋 Parsed [Hobbies] = 'Sports, Music'
2025-09-04 18:08:53 [main] INFO  ConfirmationTableParser - 📋 Parsed [Picture] = 'Mphoto.jpg'
2025-09-04 18:08:53 [main] INFO  ConfirmationTableParser - 📋 Parsed [Address] = '511 Grant 481, Prattsville Arkansas 72129 United States'
2025-09-04 18:08:53 [main] INFO  ConfirmationTableParser - 📋 Parsed [State] = 'NCR', [City] = 'Delhi'
2025-09-04 18:08:53 [main] INFO  demoqaBase - 🧪 Starting confirmation assertion for user: Johny
2025-09-04 18:08:53 [main] INFO  AssertFormData - 🔍 [Email] Raw expected='Jbravo@demoqa.com', Raw actual='Jbravo@demoqa.com'
2025-09-04 18:08:53 [main] INFO  AssertFormData - 🔧 [Email] Normalized expected='Jbravo@demoqa.com', Normalized actual='Jbravo@demoqa.com'
2025-09-04 18:08:53 [main] INFO  AssertFormData - ✅ [Email] matched: 'Jbravo@demoqa.com'
2025-09-04 18:08:53 [main] INFO  AssertFormData - 🔍 [Address] Raw expected='511 Grant 481, Prattsville\n Arkansas 72129\n United States', Raw actual='511 Grant 481, Prattsville Arkansas 72129 United States'
2025-09-04 18:08:53 [main] INFO  AssertFormData - 🔧 [Address] Normalized expected='511 Grant 481, Prattsville Arkansas 72129 United States', Normalized actual='511 Grant 481, Prattsville Arkansas 72129 United States'
2025-09-04 18:08:53 [main] INFO  AssertFormData - ✅ [Address] matched: '511 Grant 481, Prattsville Arkansas 72129 United States'
2025-09-04 18:08:53 [main] INFO  AssertFormData - 🔍 [DOB] Raw expected='15-08-2000', Raw actual='15 August,2000'
2025-09-04 18:08:53 [main] INFO  AssertFormData - 🔧 [DOB] Normalized expected='15-08-2000', Normalized actual='15-08-2000'
2025-09-04 18:08:53 [main] INFO  AssertFormData - ✅ [DOB] matched: '15-08-2000'
2025-09-04 18:08:53 [main] INFO  AssertFormData - 🔍 [Picture] Raw expected='Mphoto.jpg', Raw actual='Mphoto.jpg'
2025-09-04 18:08:53 [main] INFO  AssertFormData - 🔧 [Picture] Normalized expected='Mphoto.jpg', Normalized actual='Mphoto.jpg'
2025-09-04 18:08:53 [main] INFO  AssertFormData - ✅ [Picture] matched: 'Mphoto.jpg'
2025-09-04 18:08:53 [main] INFO  AssertFormData - 🔍 [State] Raw expected='NCR', Raw actual='NCR'
2025-09-04 18:08:53 [main] INFO  AssertFormData - 🔧 [State] Normalized expected='NCR', Normalized actual='NCR'
2025-09-04 18:08:53 [main] INFO  AssertFormData - ✅ [State] matched: 'NCR'
2025-09-04 18:08:53 [main] INFO  AssertFormData - 🔍 [First Name] Raw expected='Johny', Raw actual='Johny'
2025-09-04 18:08:53 [main] INFO  AssertFormData - 🔧 [First Name] Normalized expected='Johny', Normalized actual='Johny'
2025-09-04 18:08:53 [main] INFO  AssertFormData - ✅ [First Name] matched: 'Johny'
2025-09-04 18:08:53 [main] INFO  AssertFormData - 🔍 [Gender] Raw expected='Male', Raw actual='Male'
2025-09-04 18:08:53 [main] INFO  AssertFormData - 🔧 [Gender] Normalized expected='Male', Normalized actual='Male'
2025-09-04 18:08:53 [main] INFO  AssertFormData - ✅ [Gender] matched: 'Male'
2025-09-04 18:08:53 [main] INFO  AssertFormData - 🔍 [City] Raw expected='Delhi', Raw actual='Delhi'
2025-09-04 18:08:53 [main] INFO  AssertFormData - 🔧 [City] Normalized expected='Delhi', Normalized actual='Delhi'
2025-09-04 18:08:53 [main] INFO  AssertFormData - ✅ [City] matched: 'Delhi'
2025-09-04 18:08:53 [main] INFO  AssertFormData - 🔍 [Last Name] Raw expected='Bravo', Raw actual='Bravo'
2025-09-04 18:08:53 [main] INFO  AssertFormData - 🔧 [Last Name] Normalized expected='Bravo', Normalized actual='Bravo'
2025-09-04 18:08:53 [main] INFO  AssertFormData - ✅ [Last Name] matched: 'Bravo'
2025-09-04 18:08:53 [main] INFO  AssertFormData - 🔍 [Mobile] Raw expected='9238343488', Raw actual='9238343488'
2025-09-04 18:08:53 [main] INFO  AssertFormData - 🔧 [Mobile] Normalized expected='9238343488', Normalized actual='9238343488'
2025-09-04 18:08:53 [main] INFO  AssertFormData - ✅ [Mobile] matched: '9238343488'
2025-09-04 18:08:53 [main] INFO  AssertFormData - 🔍 [Hobbies] Raw expected='Sports,Music', Raw actual='Sports, Music'
2025-09-04 18:08:53 [main] INFO  AssertFormData - 🔧 [Hobbies] Normalized expected='Sports,Music', Normalized actual='Sports,Music'
2025-09-04 18:08:53 [main] INFO  AssertFormData - ✅ [Hobbies] matched: 'Sports,Music'
2025-09-04 18:08:53 [main] INFO  AssertFormData - 🔍 [Subject] Raw expected='Computer Science', Raw actual='Computer Science'
2025-09-04 18:08:53 [main] INFO  AssertFormData - 🔧 [Subject] Normalized expected='Computer Science', Normalized actual='Computer Science'
2025-09-04 18:08:53 [main] INFO  AssertFormData - ✅ [Subject] matched: 'Computer Science'
2025-09-04 18:08:53 [main] INFO  demoqaBase - ✅ Form Filling Completed for: Johny Bravo
]]></system-out>
  </testcase>
  <testcase name="fillForm[UserFormData{firstName=&apos;Gene&apos;, lastName=&apos;Femina&apos;, userMail=&apos;GFemina@demoqa.com&apos;, gender=&apos;Female&apos;, mobile=&apos;1.888343432E9&apos;, dob=&apos;22/05/2002&apos;, subject=&apos;Accounting&apos;, hobbies=&apos;Music,Reading&apos;, picturePath=&apos;/TestData/Fphoto.png&apos;, address=&apos;512 Grant 481, Prattsville\n Arkansas 72129\n United States&apos;, state=&apos;Uttar Pradesh&apos;, city=&apos;Merrut&apos;}](2)" classname="tests.FormTests" time="11.19">
    <system-out><![CDATA[Path for Screenshot is: C:\ASN\eclipse_workspace\demoqa-automation/screenshots/fillForm Passed+2025-09-04_18-08-53.png
2025-09-04 18:08:54 [main] INFO  demoqaBase - Closing the Browser...
2025-09-04 18:08:54 [main] INFO  demoqaBase - Starting Web Browser...
2025-09-04 18:08:56 [main] INFO  demoqaBase - Navigating to demoqa.com Website
2025-09-04 18:08:56 [main] INFO  RetryUrlAccess - 🌐 Attempt 1: Navigating to https://demoqa.com
2025-09-04 18:09:06 [main] INFO  RetryUrlAccess - ✅ Successfully navigated to: https://demoqa.com
2025-09-04 18:09:06 [main] INFO  demoqaBase - 🧪 Starting Form Filling Test...
2025-09-04 18:09:06 [main] INFO  RetryUrlAccess - 🌐 Attempt 1: Navigating to https://demoqa.com
2025-09-04 18:09:07 [main] WARN  RetryUrlAccess - 🔁 Attempt 1 failed due to retryable error: detected error page after navigation
build info: version: '4.35.0', revision: '1c58e5028b'
system info: os.name: 'windows 11', os.arch: 'amd64', os.version: '10.0', java.version: '21.0.7'
driver info: driver.version: unknown. Retrying after 3000ms...
2025-09-04 18:09:10 [main] INFO  RetryUrlAccess - 🌐 Attempt 2: Navigating to https://demoqa.com
2025-09-04 18:09:10 [main] INFO  RetryUrlAccess - ✅ Successfully navigated to: https://demoqa.com
2025-09-04 18:09:10 [main] INFO  demoqaBase - Accessing Form Card...
2025-09-04 18:09:10 [main] INFO  RetryUrlAccess - 🌐 Attempt 1: Navigating to https://demoqa.com
2025-09-04 18:09:11 [main] INFO  RetryUrlAccess - ✅ Successfully navigated to: https://demoqa.com
2025-09-04 18:09:11 [main] INFO  demoqaLog - Clicking on Form Card...
2025-09-04 18:09:11 [main] INFO  demoqaLog - ✅ JS click executed on element: {}
2025-09-04 18:09:11 [main] INFO  demoqaLog - Clicked on Forms Card...
Page Text is: Please select an item from left to start practice.
2025-09-04 18:09:11 [main] INFO  demoqaBase - Clicking on Practice Form...
2025-09-04 18:09:12 [main] INFO  demoqaBase - Clicked on Practice Form...
2025-09-04 18:09:12 [main] INFO  demoqaBase - Filling form for: Gene Femina
2025-09-04 18:09:12 [main] INFO  demoqaBase - Entering First Name...
2025-09-04 18:09:12 [main] INFO  demoqaBase - Entered First Name: Gene
2025-09-04 18:09:12 [main] INFO  demoqaLog - ✅ JS click executed on element: {}
Selected gender: Female
2025-09-04 18:09:12 [main] INFO  demoqaBase - 📅 Parsed DOB for Gene Femina: 2002-05-22
📥 Received DOB: 22-05-2002
📅 Normalized DOB: 22-05-2002
✅ Date selected: 22-05-2002
2025-09-04 18:09:13 [main] INFO  demoqaBase - Typed full subject: Accounting
Typing subject: Accounting
Dropdown Option: Accounting
Selected: Accounting
Selected hobby: music
Selected hobby: reading
Uploaded photo: C:\ASN\eclipse_workspace\demoqa-automation//TestData/Fphoto.png
512 Grant 481, Prattsville
 Arkansas 72129
 United States
2025-09-04 18:09:14 [main] INFO  demoqaBase - Entering Address...
2025-09-04 18:09:15 [main] INFO  demoqaBase - Entered Address...
2025-09-04 18:09:15 [main] INFO  demoqaBase - Selecting State: Uttar Pradesh
Available state option: NCR
Available state option: Uttar Pradesh
2025-09-04 18:09:15 [main] INFO  demoqaBase - Selected State: Uttar Pradesh
2025-09-04 18:09:15 [main] INFO  demoqaBase - Selecting City: Merrut
Available city: Agra
Available city: Lucknow
Available city: Merrut
2025-09-04 18:09:15 [main] INFO  demoqaBase - Selected City: Merrut
2025-09-04 18:09:15 [main] INFO  demoqaBase - Submitting Form...
2025-09-04 18:09:16 [main] INFO  demoqaBase - Form Submitted via normal click...
2025-09-04 18:09:16 [main] INFO  ConfirmationTableParser - 📋 Parsed [First Name] = 'Gene', [Last Name] = 'Femina'
2025-09-04 18:09:16 [main] INFO  ConfirmationTableParser - 📋 Parsed [Email] = 'GFemina@demoqa.com'
2025-09-04 18:09:16 [main] INFO  ConfirmationTableParser - 📋 Parsed [Gender] = 'Female'
2025-09-04 18:09:16 [main] INFO  ConfirmationTableParser - 📋 Parsed [Mobile] = '1888343432'
2025-09-04 18:09:17 [main] INFO  ConfirmationTableParser - 📋 Parsed [DOB] = '22 May,2002'
2025-09-04 18:09:17 [main] INFO  ConfirmationTableParser - 📋 Parsed [Subject] = 'Accounting'
2025-09-04 18:09:17 [main] INFO  ConfirmationTableParser - 📋 Parsed [Hobbies] = 'Music, Reading'
2025-09-04 18:09:17 [main] INFO  ConfirmationTableParser - 📋 Parsed [Picture] = 'Fphoto.png'
2025-09-04 18:09:17 [main] INFO  ConfirmationTableParser - 📋 Parsed [Address] = '512 Grant 481, Prattsville Arkansas 72129 United States'
2025-09-04 18:09:17 [main] INFO  ConfirmationTableParser - 📋 Parsed [State] = 'Uttar Pradesh', [City] = 'Merrut'
2025-09-04 18:09:17 [main] INFO  demoqaBase - 🧪 Starting confirmation assertion for user: Gene
2025-09-04 18:09:17 [main] INFO  AssertFormData - 🔍 [Email] Raw expected='GFemina@demoqa.com', Raw actual='GFemina@demoqa.com'
2025-09-04 18:09:17 [main] INFO  AssertFormData - 🔧 [Email] Normalized expected='GFemina@demoqa.com', Normalized actual='GFemina@demoqa.com'
2025-09-04 18:09:17 [main] INFO  AssertFormData - ✅ [Email] matched: 'GFemina@demoqa.com'
2025-09-04 18:09:17 [main] INFO  AssertFormData - 🔍 [Address] Raw expected='512 Grant 481, Prattsville\n Arkansas 72129\n United States', Raw actual='512 Grant 481, Prattsville Arkansas 72129 United States'
2025-09-04 18:09:17 [main] INFO  AssertFormData - 🔧 [Address] Normalized expected='512 Grant 481, Prattsville Arkansas 72129 United States', Normalized actual='512 Grant 481, Prattsville Arkansas 72129 United States'
2025-09-04 18:09:17 [main] INFO  AssertFormData - ✅ [Address] matched: '512 Grant 481, Prattsville Arkansas 72129 United States'
2025-09-04 18:09:17 [main] INFO  AssertFormData - 🔍 [DOB] Raw expected='22-05-2002', Raw actual='22 May,2002'
2025-09-04 18:09:17 [main] INFO  AssertFormData - 🔧 [DOB] Normalized expected='22-05-2002', Normalized actual='22-05-2002'
2025-09-04 18:09:17 [main] INFO  AssertFormData - ✅ [DOB] matched: '22-05-2002'
2025-09-04 18:09:17 [main] INFO  AssertFormData - 🔍 [Picture] Raw expected='Fphoto.png', Raw actual='Fphoto.png'
2025-09-04 18:09:17 [main] INFO  AssertFormData - 🔧 [Picture] Normalized expected='Fphoto.png', Normalized actual='Fphoto.png'
2025-09-04 18:09:17 [main] INFO  AssertFormData - ✅ [Picture] matched: 'Fphoto.png'
2025-09-04 18:09:17 [main] INFO  AssertFormData - 🔍 [State] Raw expected='Uttar Pradesh', Raw actual='Uttar Pradesh'
2025-09-04 18:09:17 [main] INFO  AssertFormData - 🔧 [State] Normalized expected='Uttar Pradesh', Normalized actual='Uttar Pradesh'
2025-09-04 18:09:17 [main] INFO  AssertFormData - ✅ [State] matched: 'Uttar Pradesh'
2025-09-04 18:09:17 [main] INFO  AssertFormData - 🔍 [First Name] Raw expected='Gene', Raw actual='Gene'
2025-09-04 18:09:17 [main] INFO  AssertFormData - 🔧 [First Name] Normalized expected='Gene', Normalized actual='Gene'
2025-09-04 18:09:17 [main] INFO  AssertFormData - ✅ [First Name] matched: 'Gene'
2025-09-04 18:09:17 [main] INFO  AssertFormData - 🔍 [Gender] Raw expected='Female', Raw actual='Female'
2025-09-04 18:09:17 [main] INFO  AssertFormData - 🔧 [Gender] Normalized expected='Female', Normalized actual='Female'
2025-09-04 18:09:17 [main] INFO  AssertFormData - ✅ [Gender] matched: 'Female'
2025-09-04 18:09:17 [main] INFO  AssertFormData - 🔍 [City] Raw expected='Merrut', Raw actual='Merrut'
2025-09-04 18:09:17 [main] INFO  AssertFormData - 🔧 [City] Normalized expected='Merrut', Normalized actual='Merrut'
2025-09-04 18:09:17 [main] INFO  AssertFormData - ✅ [City] matched: 'Merrut'
2025-09-04 18:09:17 [main] INFO  AssertFormData - 🔍 [Last Name] Raw expected='Femina', Raw actual='Femina'
2025-09-04 18:09:17 [main] INFO  AssertFormData - 🔧 [Last Name] Normalized expected='Femina', Normalized actual='Femina'
2025-09-04 18:09:17 [main] INFO  AssertFormData - ✅ [Last Name] matched: 'Femina'
2025-09-04 18:09:17 [main] INFO  AssertFormData - 🔍 [Mobile] Raw expected='1888343432', Raw actual='1888343432'
2025-09-04 18:09:17 [main] INFO  AssertFormData - 🔧 [Mobile] Normalized expected='1888343432', Normalized actual='1888343432'
2025-09-04 18:09:17 [main] INFO  AssertFormData - ✅ [Mobile] matched: '1888343432'
2025-09-04 18:09:17 [main] INFO  AssertFormData - 🔍 [Hobbies] Raw expected='Music,Reading', Raw actual='Music, Reading'
2025-09-04 18:09:17 [main] INFO  AssertFormData - 🔧 [Hobbies] Normalized expected='Music,Reading', Normalized actual='Music,Reading'
2025-09-04 18:09:17 [main] INFO  AssertFormData - ✅ [Hobbies] matched: 'Music,Reading'
2025-09-04 18:09:17 [main] INFO  AssertFormData - 🔍 [Subject] Raw expected='Accounting', Raw actual='Accounting'
2025-09-04 18:09:17 [main] INFO  AssertFormData - 🔧 [Subject] Normalized expected='Accounting', Normalized actual='Accounting'
2025-09-04 18:09:17 [main] INFO  AssertFormData - ✅ [Subject] matched: 'Accounting'
2025-09-04 18:09:17 [main] INFO  demoqaBase - ✅ Form Filling Completed for: Gene Femina
]]></system-out>
  </testcase>
  <testcase name="fillForm[UserFormData{firstName=&apos;Bud&apos;, lastName=&apos;Wisem&apos;, userMail=&apos;BWisem@demoqa.com&apos;, gender=&apos;Other&apos;, mobile=&apos;8.932465432E9&apos;, dob=&apos;31/12/1999&apos;, subject=&apos;Biology&apos;, hobbies=&apos;Reading&apos;, picturePath=&apos;/TestData/Ophoto.jpg&apos;, address=&apos;513 Grant 481, Prattsville\n Arkansas 72129\n United States&apos;, state=&apos;Haryana&apos;, city=&apos;Panipat&apos;}](3)" classname="tests.FormTests" time="13.629">
    <system-out><![CDATA[Path for Screenshot is: C:\ASN\eclipse_workspace\demoqa-automation/screenshots/fillForm Passed+2025-09-04_18-09-17.png
2025-09-04 18:09:17 [main] INFO  demoqaBase - Closing the Browser...
2025-09-04 18:09:18 [main] INFO  demoqaBase - Starting Web Browser...
2025-09-04 18:09:19 [main] INFO  demoqaBase - Navigating to demoqa.com Website
2025-09-04 18:09:19 [main] INFO  RetryUrlAccess - 🌐 Attempt 1: Navigating to https://demoqa.com
2025-09-04 18:09:30 [main] INFO  RetryUrlAccess - ✅ Successfully navigated to: https://demoqa.com
2025-09-04 18:09:30 [main] INFO  demoqaBase - 🧪 Starting Form Filling Test...
2025-09-04 18:09:30 [main] INFO  RetryUrlAccess - 🌐 Attempt 1: Navigating to https://demoqa.com
2025-09-04 18:09:31 [main] WARN  RetryUrlAccess - 🔁 Attempt 1 failed due to retryable error: detected error page after navigation
build info: version: '4.35.0', revision: '1c58e5028b'
system info: os.name: 'windows 11', os.arch: 'amd64', os.version: '10.0', java.version: '21.0.7'
driver info: driver.version: unknown. Retrying after 3000ms...
2025-09-04 18:09:34 [main] INFO  RetryUrlAccess - 🌐 Attempt 2: Navigating to https://demoqa.com
2025-09-04 18:09:35 [main] INFO  RetryUrlAccess - ✅ Successfully navigated to: https://demoqa.com
2025-09-04 18:09:35 [main] INFO  demoqaBase - Accessing Form Card...
2025-09-04 18:09:35 [main] INFO  RetryUrlAccess - 🌐 Attempt 1: Navigating to https://demoqa.com
2025-09-04 18:09:35 [main] WARN  RetryUrlAccess - 🔁 Attempt 1 failed due to retryable error: detected error page after navigation
build info: version: '4.35.0', revision: '1c58e5028b'
system info: os.name: 'windows 11', os.arch: 'amd64', os.version: '10.0', java.version: '21.0.7'
driver info: driver.version: unknown. Retrying after 3000ms...
2025-09-04 18:09:38 [main] INFO  RetryUrlAccess - 🌐 Attempt 2: Navigating to https://demoqa.com
2025-09-04 18:09:39 [main] INFO  RetryUrlAccess - ✅ Successfully navigated to: https://demoqa.com
2025-09-04 18:09:39 [main] INFO  demoqaLog - Clicking on Form Card...
2025-09-04 18:09:39 [main] INFO  demoqaLog - ✅ JS click executed on element: {}
2025-09-04 18:09:39 [main] INFO  demoqaLog - Clicked on Forms Card...
Page Text is: Please select an item from left to start practice.
2025-09-04 18:09:39 [main] INFO  demoqaBase - Clicking on Practice Form...
2025-09-04 18:09:40 [main] INFO  demoqaBase - Clicked on Practice Form...
2025-09-04 18:09:40 [main] INFO  demoqaBase - Filling form for: Bud Wisem
2025-09-04 18:09:40 [main] INFO  demoqaBase - Entering First Name...
2025-09-04 18:09:40 [main] INFO  demoqaBase - Entered First Name: Bud
2025-09-04 18:09:40 [main] INFO  demoqaLog - ✅ JS click executed on element: {}
Selected gender: Other
2025-09-04 18:09:41 [main] INFO  demoqaBase - 📅 Parsed DOB for Bud Wisem: 1999-12-31
📥 Received DOB: 31-12-1999
📅 Normalized DOB: 31-12-1999
✅ Date selected: 31-12-1999
2025-09-04 18:09:41 [main] INFO  demoqaBase - Typed full subject: Biology
Typing subject: Biology
Dropdown Option: Biology
Selected: Biology
Selected hobby: reading
Uploaded photo: C:\ASN\eclipse_workspace\demoqa-automation//TestData/Ophoto.jpg
513 Grant 481, Prattsville
 Arkansas 72129
 United States
2025-09-04 18:09:42 [main] INFO  demoqaBase - Entering Address...
2025-09-04 18:09:42 [main] INFO  demoqaBase - Entered Address...
2025-09-04 18:09:42 [main] INFO  demoqaBase - Selecting State: Haryana
Available state option: NCR
Available state option: Uttar Pradesh
Available state option: Haryana
2025-09-04 18:09:42 [main] INFO  demoqaBase - Selected State: Haryana
2025-09-04 18:09:42 [main] INFO  demoqaBase - Selecting City: Panipat
Available city: Karnal
Available city: Panipat
2025-09-04 18:09:42 [main] INFO  demoqaBase - Selected City: Panipat
2025-09-04 18:09:42 [main] INFO  demoqaBase - Submitting Form...
2025-09-04 18:09:43 [main] INFO  demoqaBase - Form Submitted via normal click...
2025-09-04 18:09:43 [main] INFO  ConfirmationTableParser - 📋 Parsed [First Name] = 'Bud', [Last Name] = 'Wisem'
2025-09-04 18:09:43 [main] INFO  ConfirmationTableParser - 📋 Parsed [Email] = 'BWisem@demoqa.com'
2025-09-04 18:09:43 [main] INFO  ConfirmationTableParser - 📋 Parsed [Gender] = 'Other'
2025-09-04 18:09:43 [main] INFO  ConfirmationTableParser - 📋 Parsed [Mobile] = '8932465432'
2025-09-04 18:09:43 [main] INFO  ConfirmationTableParser - 📋 Parsed [DOB] = '31 December,1999'
2025-09-04 18:09:43 [main] INFO  ConfirmationTableParser - 📋 Parsed [Subject] = 'Biology'
2025-09-04 18:09:43 [main] INFO  ConfirmationTableParser - 📋 Parsed [Hobbies] = 'Reading'
2025-09-04 18:09:44 [main] INFO  ConfirmationTableParser - 📋 Parsed [Picture] = 'Ophoto.jpg'
2025-09-04 18:09:44 [main] INFO  ConfirmationTableParser - 📋 Parsed [Address] = '513 Grant 481, Prattsville Arkansas 72129 United States'
2025-09-04 18:09:44 [main] INFO  ConfirmationTableParser - 📋 Parsed [State] = 'Haryana', [City] = 'Panipat'
2025-09-04 18:09:44 [main] INFO  demoqaBase - 🧪 Starting confirmation assertion for user: Bud
2025-09-04 18:09:44 [main] INFO  AssertFormData - 🔍 [Email] Raw expected='BWisem@demoqa.com', Raw actual='BWisem@demoqa.com'
2025-09-04 18:09:44 [main] INFO  AssertFormData - 🔧 [Email] Normalized expected='BWisem@demoqa.com', Normalized actual='BWisem@demoqa.com'
2025-09-04 18:09:44 [main] INFO  AssertFormData - ✅ [Email] matched: 'BWisem@demoqa.com'
2025-09-04 18:09:44 [main] INFO  AssertFormData - 🔍 [Address] Raw expected='513 Grant 481, Prattsville\n Arkansas 72129\n United States', Raw actual='513 Grant 481, Prattsville Arkansas 72129 United States'
2025-09-04 18:09:44 [main] INFO  AssertFormData - 🔧 [Address] Normalized expected='513 Grant 481, Prattsville Arkansas 72129 United States', Normalized actual='513 Grant 481, Prattsville Arkansas 72129 United States'
2025-09-04 18:09:44 [main] INFO  AssertFormData - ✅ [Address] matched: '513 Grant 481, Prattsville Arkansas 72129 United States'
2025-09-04 18:09:44 [main] INFO  AssertFormData - 🔍 [DOB] Raw expected='31-12-1999', Raw actual='31 December,1999'
2025-09-04 18:09:44 [main] INFO  AssertFormData - 🔧 [DOB] Normalized expected='31-12-1999', Normalized actual='31-12-1999'
2025-09-04 18:09:44 [main] INFO  AssertFormData - ✅ [DOB] matched: '31-12-1999'
2025-09-04 18:09:44 [main] INFO  AssertFormData - 🔍 [Picture] Raw expected='Ophoto.jpg', Raw actual='Ophoto.jpg'
2025-09-04 18:09:44 [main] INFO  AssertFormData - 🔧 [Picture] Normalized expected='Ophoto.jpg', Normalized actual='Ophoto.jpg'
2025-09-04 18:09:44 [main] INFO  AssertFormData - ✅ [Picture] matched: 'Ophoto.jpg'
2025-09-04 18:09:44 [main] INFO  AssertFormData - 🔍 [State] Raw expected='Haryana', Raw actual='Haryana'
2025-09-04 18:09:44 [main] INFO  AssertFormData - 🔧 [State] Normalized expected='Haryana', Normalized actual='Haryana'
2025-09-04 18:09:44 [main] INFO  AssertFormData - ✅ [State] matched: 'Haryana'
2025-09-04 18:09:44 [main] INFO  AssertFormData - 🔍 [First Name] Raw expected='Bud', Raw actual='Bud'
2025-09-04 18:09:44 [main] INFO  AssertFormData - 🔧 [First Name] Normalized expected='Bud', Normalized actual='Bud'
2025-09-04 18:09:44 [main] INFO  AssertFormData - ✅ [First Name] matched: 'Bud'
2025-09-04 18:09:44 [main] INFO  AssertFormData - 🔍 [Gender] Raw expected='Other', Raw actual='Other'
2025-09-04 18:09:44 [main] INFO  AssertFormData - 🔧 [Gender] Normalized expected='Other', Normalized actual='Other'
2025-09-04 18:09:44 [main] INFO  AssertFormData - ✅ [Gender] matched: 'Other'
2025-09-04 18:09:44 [main] INFO  AssertFormData - 🔍 [City] Raw expected='Panipat', Raw actual='Panipat'
2025-09-04 18:09:44 [main] INFO  AssertFormData - 🔧 [City] Normalized expected='Panipat', Normalized actual='Panipat'
2025-09-04 18:09:44 [main] INFO  AssertFormData - ✅ [City] matched: 'Panipat'
2025-09-04 18:09:44 [main] INFO  AssertFormData - 🔍 [Last Name] Raw expected='Wisem', Raw actual='Wisem'
2025-09-04 18:09:44 [main] INFO  AssertFormData - 🔧 [Last Name] Normalized expected='Wisem', Normalized actual='Wisem'
2025-09-04 18:09:44 [main] INFO  AssertFormData - ✅ [Last Name] matched: 'Wisem'
2025-09-04 18:09:44 [main] INFO  AssertFormData - 🔍 [Mobile] Raw expected='8932465432', Raw actual='8932465432'
2025-09-04 18:09:44 [main] INFO  AssertFormData - 🔧 [Mobile] Normalized expected='8932465432', Normalized actual='8932465432'
2025-09-04 18:09:44 [main] INFO  AssertFormData - ✅ [Mobile] matched: '8932465432'
2025-09-04 18:09:44 [main] INFO  AssertFormData - 🔍 [Hobbies] Raw expected='Reading', Raw actual='Reading'
2025-09-04 18:09:44 [main] INFO  AssertFormData - 🔧 [Hobbies] Normalized expected='Reading', Normalized actual='Reading'
2025-09-04 18:09:44 [main] INFO  AssertFormData - ✅ [Hobbies] matched: 'Reading'
2025-09-04 18:09:44 [main] INFO  AssertFormData - 🔍 [Subject] Raw expected='Biology', Raw actual='Biology'
2025-09-04 18:09:44 [main] INFO  AssertFormData - 🔧 [Subject] Normalized expected='Biology', Normalized actual='Biology'
2025-09-04 18:09:44 [main] INFO  AssertFormData - ✅ [Subject] matched: 'Biology'
2025-09-04 18:09:44 [main] INFO  demoqaBase - ✅ Form Filling Completed for: Bud Wisem
]]></system-out>
  </testcase>
  <testcase name="fillForm[UserFormData{firstName=&apos;Tom&apos;, lastName=&apos;Boss&apos;, userMail=&apos;TBoss@demoqa.com&apos;, gender=&apos;Male&apos;, mobile=&apos;7.839875281E9&apos;, dob=&apos;1/26/03&apos;, subject=&apos;Social Studies&apos;, hobbies=&apos;Sports,Reading&apos;, picturePath=&apos;/TestData/M2photo.jpg&apos;, address=&apos;514 Grant 481, Prattsville\n Arkansas 72129\n United States&apos;, state=&apos;Rajasthan&apos;, city=&apos;Jaiselmer&apos;}](4)" classname="tests.FormTests" time="14.536">
    <system-out><![CDATA[Path for Screenshot is: C:\ASN\eclipse_workspace\demoqa-automation/screenshots/fillForm Passed+2025-09-04_18-09-44.png
2025-09-04 18:09:44 [main] INFO  demoqaBase - Closing the Browser...
2025-09-04 18:09:44 [main] INFO  demoqaBase - Starting Web Browser...
2025-09-04 18:09:46 [main] INFO  demoqaBase - Navigating to demoqa.com Website
2025-09-04 18:09:46 [main] INFO  RetryUrlAccess - 🌐 Attempt 1: Navigating to https://demoqa.com
2025-09-04 18:09:56 [main] INFO  RetryUrlAccess - ✅ Successfully navigated to: https://demoqa.com
2025-09-04 18:09:56 [main] INFO  demoqaBase - 🧪 Starting Form Filling Test...
2025-09-04 18:09:56 [main] INFO  RetryUrlAccess - 🌐 Attempt 1: Navigating to https://demoqa.com
2025-09-04 18:09:57 [main] WARN  RetryUrlAccess - 🔁 Attempt 1 failed due to retryable error: detected error page after navigation
build info: version: '4.35.0', revision: '1c58e5028b'
system info: os.name: 'windows 11', os.arch: 'amd64', os.version: '10.0', java.version: '21.0.7'
driver info: driver.version: unknown. Retrying after 3000ms...
2025-09-04 18:10:00 [main] INFO  RetryUrlAccess - 🌐 Attempt 2: Navigating to https://demoqa.com
2025-09-04 18:10:01 [main] WARN  RetryUrlAccess - 🔁 Attempt 2 failed due to retryable error: detected error page after navigation
build info: version: '4.35.0', revision: '1c58e5028b'
system info: os.name: 'windows 11', os.arch: 'amd64', os.version: '10.0', java.version: '21.0.7'
driver info: driver.version: unknown. Retrying after 3000ms...
2025-09-04 18:10:04 [main] INFO  RetryUrlAccess - 🌐 Attempt 3: Navigating to https://demoqa.com
2025-09-04 18:10:04 [main] INFO  RetryUrlAccess - ✅ Successfully navigated to: https://demoqa.com
2025-09-04 18:10:04 [main] INFO  demoqaBase - Accessing Form Card...
2025-09-04 18:10:04 [main] INFO  RetryUrlAccess - 🌐 Attempt 1: Navigating to https://demoqa.com
2025-09-04 18:10:05 [main] INFO  RetryUrlAccess - ✅ Successfully navigated to: https://demoqa.com
2025-09-04 18:10:05 [main] INFO  demoqaLog - Clicking on Form Card...
2025-09-04 18:10:05 [main] INFO  demoqaLog - ✅ JS click executed on element: {}
2025-09-04 18:10:05 [main] INFO  demoqaLog - Clicked on Forms Card...
Page Text is: Please select an item from left to start practice.
2025-09-04 18:10:06 [main] INFO  demoqaBase - Clicking on Practice Form...
2025-09-04 18:10:06 [main] INFO  demoqaBase - Clicked on Practice Form...
2025-09-04 18:10:06 [main] INFO  demoqaBase - Filling form for: Tom Boss
2025-09-04 18:10:06 [main] INFO  demoqaBase - Entering First Name...
2025-09-04 18:10:06 [main] INFO  demoqaBase - Entered First Name: Tom
2025-09-04 18:10:06 [main] INFO  demoqaLog - ✅ JS click executed on element: {}
Selected gender: Male
2025-09-04 18:10:07 [main] INFO  demoqaBase - 📅 Parsed DOB for Tom Boss: 2003-01-26
📥 Received DOB: 26-01-2003
📅 Normalized DOB: 26-01-2003
✅ Date selected: 26-01-2003
2025-09-04 18:10:07 [main] INFO  demoqaBase - Typed full subject: Social Studies
Typing subject: Social Studies
Dropdown Option: Social Studies
Selected: Social Studies
Selected hobby: sports
Selected hobby: reading
Uploaded photo: C:\ASN\eclipse_workspace\demoqa-automation//TestData/M2photo.jpg
514 Grant 481, Prattsville
 Arkansas 72129
 United States
2025-09-04 18:10:08 [main] INFO  demoqaBase - Entering Address...
2025-09-04 18:10:08 [main] INFO  demoqaBase - Entered Address...
2025-09-04 18:10:08 [main] INFO  demoqaBase - Selecting State: Rajasthan
Available state option: NCR
Available state option: Uttar Pradesh
Available state option: Haryana
Available state option: Rajasthan
2025-09-04 18:10:09 [main] INFO  demoqaBase - Selected State: Rajasthan
2025-09-04 18:10:09 [main] INFO  demoqaBase - Selecting City: Jaiselmer
Available city: Jaipur
Available city: Jaiselmer
2025-09-04 18:10:09 [main] INFO  demoqaBase - Selected City: Jaiselmer
2025-09-04 18:10:09 [main] INFO  demoqaBase - Submitting Form...
2025-09-04 18:10:10 [main] INFO  demoqaBase - Form Submitted via normal click...
2025-09-04 18:10:10 [main] INFO  ConfirmationTableParser - 📋 Parsed [First Name] = 'Tom', [Last Name] = 'Boss'
2025-09-04 18:10:10 [main] INFO  ConfirmationTableParser - 📋 Parsed [Email] = 'TBoss@demoqa.com'
2025-09-04 18:10:10 [main] INFO  ConfirmationTableParser - 📋 Parsed [Gender] = 'Male'
2025-09-04 18:10:10 [main] INFO  ConfirmationTableParser - 📋 Parsed [Mobile] = '7839875281'
2025-09-04 18:10:10 [main] INFO  ConfirmationTableParser - 📋 Parsed [DOB] = '26 January,2003'
2025-09-04 18:10:10 [main] INFO  ConfirmationTableParser - 📋 Parsed [Subject] = 'Social Studies'
2025-09-04 18:10:10 [main] INFO  ConfirmationTableParser - 📋 Parsed [Hobbies] = 'Sports, Reading'
2025-09-04 18:10:10 [main] INFO  ConfirmationTableParser - 📋 Parsed [Picture] = 'M2photo.jpg'
2025-09-04 18:10:10 [main] INFO  ConfirmationTableParser - 📋 Parsed [Address] = '514 Grant 481, Prattsville Arkansas 72129 United States'
2025-09-04 18:10:10 [main] INFO  ConfirmationTableParser - 📋 Parsed [State] = 'Rajasthan', [City] = 'Jaiselmer'
2025-09-04 18:10:10 [main] INFO  demoqaBase - 🧪 Starting confirmation assertion for user: Tom
2025-09-04 18:10:10 [main] INFO  AssertFormData - 🔍 [Email] Raw expected='TBoss@demoqa.com', Raw actual='TBoss@demoqa.com'
2025-09-04 18:10:10 [main] INFO  AssertFormData - 🔧 [Email] Normalized expected='TBoss@demoqa.com', Normalized actual='TBoss@demoqa.com'
2025-09-04 18:10:10 [main] INFO  AssertFormData - ✅ [Email] matched: 'TBoss@demoqa.com'
2025-09-04 18:10:10 [main] INFO  AssertFormData - 🔍 [Address] Raw expected='514 Grant 481, Prattsville\n Arkansas 72129\n United States', Raw actual='514 Grant 481, Prattsville Arkansas 72129 United States'
2025-09-04 18:10:10 [main] INFO  AssertFormData - 🔧 [Address] Normalized expected='514 Grant 481, Prattsville Arkansas 72129 United States', Normalized actual='514 Grant 481, Prattsville Arkansas 72129 United States'
2025-09-04 18:10:10 [main] INFO  AssertFormData - ✅ [Address] matched: '514 Grant 481, Prattsville Arkansas 72129 United States'
2025-09-04 18:10:10 [main] INFO  AssertFormData - 🔍 [DOB] Raw expected='26-01-2003', Raw actual='26 January,2003'
2025-09-04 18:10:10 [main] INFO  AssertFormData - 🔧 [DOB] Normalized expected='26-01-2003', Normalized actual='26-01-2003'
2025-09-04 18:10:10 [main] INFO  AssertFormData - ✅ [DOB] matched: '26-01-2003'
2025-09-04 18:10:10 [main] INFO  AssertFormData - 🔍 [Picture] Raw expected='M2photo.jpg', Raw actual='M2photo.jpg'
2025-09-04 18:10:10 [main] INFO  AssertFormData - 🔧 [Picture] Normalized expected='M2photo.jpg', Normalized actual='M2photo.jpg'
2025-09-04 18:10:10 [main] INFO  AssertFormData - ✅ [Picture] matched: 'M2photo.jpg'
2025-09-04 18:10:10 [main] INFO  AssertFormData - 🔍 [State] Raw expected='Rajasthan', Raw actual='Rajasthan'
2025-09-04 18:10:10 [main] INFO  AssertFormData - 🔧 [State] Normalized expected='Rajasthan', Normalized actual='Rajasthan'
2025-09-04 18:10:10 [main] INFO  AssertFormData - ✅ [State] matched: 'Rajasthan'
2025-09-04 18:10:10 [main] INFO  AssertFormData - 🔍 [First Name] Raw expected='Tom', Raw actual='Tom'
2025-09-04 18:10:10 [main] INFO  AssertFormData - 🔧 [First Name] Normalized expected='Tom', Normalized actual='Tom'
2025-09-04 18:10:10 [main] INFO  AssertFormData - ✅ [First Name] matched: 'Tom'
2025-09-04 18:10:10 [main] INFO  AssertFormData - 🔍 [Gender] Raw expected='Male', Raw actual='Male'
2025-09-04 18:10:10 [main] INFO  AssertFormData - 🔧 [Gender] Normalized expected='Male', Normalized actual='Male'
2025-09-04 18:10:10 [main] INFO  AssertFormData - ✅ [Gender] matched: 'Male'
2025-09-04 18:10:10 [main] INFO  AssertFormData - 🔍 [City] Raw expected='Jaiselmer', Raw actual='Jaiselmer'
2025-09-04 18:10:10 [main] INFO  AssertFormData - 🔧 [City] Normalized expected='Jaiselmer', Normalized actual='Jaiselmer'
2025-09-04 18:10:10 [main] INFO  AssertFormData - ✅ [City] matched: 'Jaiselmer'
2025-09-04 18:10:10 [main] INFO  AssertFormData - 🔍 [Last Name] Raw expected='Boss', Raw actual='Boss'
2025-09-04 18:10:10 [main] INFO  AssertFormData - 🔧 [Last Name] Normalized expected='Boss', Normalized actual='Boss'
2025-09-04 18:10:10 [main] INFO  AssertFormData - ✅ [Last Name] matched: 'Boss'
2025-09-04 18:10:10 [main] INFO  AssertFormData - 🔍 [Mobile] Raw expected='7839875281', Raw actual='7839875281'
2025-09-04 18:10:10 [main] INFO  AssertFormData - 🔧 [Mobile] Normalized expected='7839875281', Normalized actual='7839875281'
2025-09-04 18:10:10 [main] INFO  AssertFormData - ✅ [Mobile] matched: '7839875281'
2025-09-04 18:10:10 [main] INFO  AssertFormData - 🔍 [Hobbies] Raw expected='Sports,Reading', Raw actual='Sports, Reading'
2025-09-04 18:10:10 [main] INFO  AssertFormData - 🔧 [Hobbies] Normalized expected='Sports,Reading', Normalized actual='Sports,Reading'
2025-09-04 18:10:10 [main] INFO  AssertFormData - ✅ [Hobbies] matched: 'Sports,Reading'
2025-09-04 18:10:10 [main] INFO  AssertFormData - 🔍 [Subject] Raw expected='Social Studies', Raw actual='Social Studies'
2025-09-04 18:10:10 [main] INFO  AssertFormData - 🔧 [Subject] Normalized expected='Social Studies', Normalized actual='Social Studies'
2025-09-04 18:10:10 [main] INFO  AssertFormData - ✅ [Subject] matched: 'Social Studies'
2025-09-04 18:10:10 [main] INFO  demoqaBase - ✅ Form Filling Completed for: Tom Boss
]]></system-out>
  </testcase>
  <testcase name="accessWidgets" classname="tests.WidgetsTests" time="0.484">
    <system-out><![CDATA[Path for Screenshot is: C:\ASN\eclipse_workspace\demoqa-automation/screenshots/fillForm Passed+2025-09-04_18-10-10.png
2025-09-04 18:10:11 [main] INFO  demoqaBase - Closing the Browser...
2025-09-04 18:10:11 [main] INFO  demoqaBase - Starting Web Browser...
2025-09-04 18:10:13 [main] INFO  demoqaBase - Navigating to demoqa.com Website
2025-09-04 18:10:13 [main] INFO  RetryUrlAccess - 🌐 Attempt 1: Navigating to https://demoqa.com
2025-09-04 18:10:23 [main] INFO  RetryUrlAccess - ✅ Successfully navigated to: https://demoqa.com
2025-09-04 18:10:23 [main] INFO  demoqaBase - 🧪 Starting Test Widgets...
2025-09-04 18:10:23 [main] INFO  demoqaBase - Accessing Widgets Card...
Declared Instance WebDriverWait: org.openqa.selenium.support.ui.WebDriverWait@390f4bd3
2025-09-04 18:10:23 [main] INFO  demoqaLog - Clicking on Widgets Card...
2025-09-04 18:10:23 [main] INFO  demoqaLog - ✅ JS click executed on element: {}
2025-09-04 18:10:23 [main] INFO  demoqaLog - Clicked on on Widgets Card...
Title of this Page is: DEMOQA
You are Accessing: Widgets
 
2025-09-04 18:10:23 [main] INFO  demoqaBase - Widgets: Please select an item from left to start practice.
2025-09-04 18:10:23 [main] INFO  demoqaBase - ✅ Widgets Test Completed...
]]></system-out>
  </testcase>
  <testcase name="Accordian" classname="tests.WidgetsTests" time="1.172">
    <system-out><![CDATA[2025-09-04 18:10:23 [main] INFO  demoqaBase - Closing the Browser...
2025-09-04 18:10:24 [main] INFO  demoqaBase - Starting Web Browser...
2025-09-04 18:10:25 [main] INFO  demoqaBase - Navigating to demoqa.com Website
2025-09-04 18:10:25 [main] INFO  RetryUrlAccess - 🌐 Attempt 1: Navigating to https://demoqa.com
2025-09-04 18:10:36 [main] INFO  RetryUrlAccess - ✅ Successfully navigated to: https://demoqa.com
2025-09-04 18:10:36 [main] INFO  demoqaBase - 🧪 Starting Test Widgets|Accordian...
2025-09-04 18:10:36 [main] INFO  demoqaBase - Accessing Widgets Card...
Declared Instance WebDriverWait: org.openqa.selenium.support.ui.WebDriverWait@3eb10e79
2025-09-04 18:10:36 [main] INFO  demoqaLog - Clicking on Widgets Card...
2025-09-04 18:10:36 [main] INFO  demoqaLog - ✅ JS click executed on element: {}
2025-09-04 18:10:36 [main] INFO  demoqaLog - Clicked on on Widgets Card...
Title of this Page is: DEMOQA
You are Accessing: Widgets
 
2025-09-04 18:10:36 [main] INFO  demoqaBase - Widgets: Please select an item from left to start practice.
2025-09-04 18:10:36 [main] INFO  demoqaBase - Clicking on Widgets|Accordian...
You are now Accessing: Accordian
2025-09-04 18:10:37 [main] INFO  demoqaBase - You are now Accessing: Accordian
2025-09-04 18:10:37 [main] INFO  demoqaBase - ✅ Widgets|Accordian Test Completed...
]]></system-out>
  </testcase>
  <testcase name="AccessWhatis" classname="tests.WidgetsTests" time="1.078">
    <system-out><![CDATA[2025-09-04 18:10:37 [main] INFO  demoqaBase - Closing the Browser...
2025-09-04 18:10:37 [main] INFO  demoqaBase - Starting Web Browser...
2025-09-04 18:10:39 [main] INFO  demoqaBase - Navigating to demoqa.com Website
2025-09-04 18:10:39 [main] INFO  RetryUrlAccess - 🌐 Attempt 1: Navigating to https://demoqa.com
2025-09-04 18:10:43 [main] INFO  RetryUrlAccess - ✅ Successfully navigated to: https://demoqa.com
2025-09-04 18:10:43 [main] INFO  demoqaBase - 🧪 Starting Test Widgets|Accordian|What is Lorem Ipsum?...
2025-09-04 18:10:43 [main] INFO  demoqaBase - Accessing Widgets Card...
Declared Instance WebDriverWait: org.openqa.selenium.support.ui.WebDriverWait@62ba655a
2025-09-04 18:10:43 [main] INFO  demoqaLog - Clicking on Widgets Card...
2025-09-04 18:10:43 [main] INFO  demoqaLog - ✅ JS click executed on element: {}
2025-09-04 18:10:43 [main] INFO  demoqaLog - Clicked on on Widgets Card...
Title of this Page is: DEMOQA
You are Accessing: Widgets
 
2025-09-04 18:10:43 [main] INFO  demoqaBase - Widgets: Please select an item from left to start practice.
2025-09-04 18:10:43 [main] INFO  demoqaBase - Clicking on Widgets|Accordian...
You are now Accessing: Accordian
2025-09-04 18:10:43 [main] INFO  demoqaBase - You are now Accessing: Accordian
2025-09-04 18:10:43 [main] INFO  demoqaBase - Clicking on Widgets|Accordian|What is Lorem Ipsum?...
2025-09-04 18:10:44 [main] INFO  demoqaLog - ✅ JS click executed on element: {}
2025-09-04 18:10:44 [main] INFO  demoqaBase - Clicked on What is Lorem Ipsum...
What is Lorem Ipsum?: Lorem Ipsum is simply dummy text of the printing and typesetting industry. Lorem Ipsum has been the industry's standard dummy text ever since the 1500s, when an unknown printer took a galley of type and scrambled it to make a type specimen book. It has survived not only five centuries, but also the leap into electronic typesetting, remaining essentially unchanged. It was popularised in the 1960s with the release of Letraset sheets containing Lorem Ipsum passages, and more recently with desktop publishing software like Aldus PageMaker including versions of Lorem Ipsum.
2025-09-04 18:10:44 [main] INFO  demoqaBase - You are now Accessing: Lorem Ipsum is simply dummy text of the printing and typesetting industry. Lorem Ipsum has been the industry's standard dummy text ever since the 1500s, when an unknown printer took a galley of type and scrambled it to make a type specimen book. It has survived not only five centuries, but also the leap into electronic typesetting, remaining essentially unchanged. It was popularised in the 1960s with the release of Letraset sheets containing Lorem Ipsum passages, and more recently with desktop publishing software like Aldus PageMaker including versions of Lorem Ipsum.
2025-09-04 18:10:44 [main] INFO  demoqaBase - ✅ Widgets|Accordian|What is Lorem Ipsum? Test Completed...
]]></system-out>
  </testcase>
  <testcase name="AccessWhereDoes" classname="tests.WidgetsTests" time="0.825">
    <system-out><![CDATA[2025-09-04 18:10:44 [main] INFO  demoqaBase - Closing the Browser...
2025-09-04 18:10:44 [main] INFO  demoqaBase - Starting Web Browser...
2025-09-04 18:10:46 [main] INFO  demoqaBase - Navigating to demoqa.com Website
2025-09-04 18:10:46 [main] INFO  RetryUrlAccess - 🌐 Attempt 1: Navigating to https://demoqa.com
2025-09-04 18:10:57 [main] INFO  RetryUrlAccess - ✅ Successfully navigated to: https://demoqa.com
2025-09-04 18:10:57 [main] INFO  demoqaBase - 🧪 Starting Test Widgets|Accordian|Where does it come from?...
2025-09-04 18:10:57 [main] INFO  demoqaBase - Accessing Widgets Card...
Declared Instance WebDriverWait: org.openqa.selenium.support.ui.WebDriverWait@3a8baf0d
2025-09-04 18:10:57 [main] INFO  demoqaLog - Clicking on Widgets Card...
2025-09-04 18:10:57 [main] INFO  demoqaLog - ✅ JS click executed on element: {}
2025-09-04 18:10:57 [main] INFO  demoqaLog - Clicked on on Widgets Card...
Title of this Page is: DEMOQA
You are Accessing: Widgets
 
2025-09-04 18:10:57 [main] INFO  demoqaBase - Widgets: Please select an item from left to start practice.
2025-09-04 18:10:57 [main] INFO  demoqaBase - Clicking on Widgets|Accordian...
You are now Accessing: Accordian
2025-09-04 18:10:58 [main] INFO  demoqaBase - You are now Accessing: Accordian
2025-09-04 18:10:58 [main] INFO  demoqaBase - Clicking on Widgets|Accordian|Where does it come from?...
2025-09-04 18:10:58 [main] INFO  demoqaLog - ✅ JS click executed on element: {}
2025-09-04 18:10:58 [main] INFO  demoqaBase - Clicked on Where does it come from?...
Where does it come from?: Contrary to popular belief, Lorem Ipsum is not simply random text. It has roots in a piece of classical Latin literature from 45 BC, making it over 2000 years old. Richard McClintock, a Latin professor at Hampden-Sydney College in Virginia, looked up one of the more obscure Latin words, consectetur, from a Lorem Ipsum passage, and going through the cites of the word in classical literature, discovered the undoubtable source. Lorem Ipsum comes from sections 1.10.32 and 1.10.33 of "de Finibus Bonorum et Malorum" (The Extremes of Good and Evil) by Cicero, written in 45 BC. This book is a treatise on the theory of ethics, very popular during the Renaissance. The first line of Lorem Ipsum, "Lorem ipsum dolor sit amet..", comes from a line in section 1.10.32.
2025-09-04 18:10:58 [main] INFO  demoqaBase - You are now Accessing: Contrary to popular belief, Lorem Ipsum is not simply random text. It has roots in a piece of classical Latin literature from 45 BC, making it over 2000 years old. Richard McClintock, a Latin professor at Hampden-Sydney College in Virginia, looked up one of the more obscure Latin words, consectetur, from a Lorem Ipsum passage, and going through the cites of the word in classical literature, discovered the undoubtable source. Lorem Ipsum comes from sections 1.10.32 and 1.10.33 of "de Finibus Bonorum et Malorum" (The Extremes of Good and Evil) by Cicero, written in 45 BC. This book is a treatise on the theory of ethics, very popular during the Renaissance. The first line of Lorem Ipsum, "Lorem ipsum dolor sit amet..", comes from a line in section 1.10.32.
2025-09-04 18:10:58 [main] INFO  demoqaBase - ✅ Widgets|Accordian|Where does it come from? Test Completed...
]]></system-out>
  </testcase>
  <testcase name="AccessWhyDoWe" classname="tests.WidgetsTests" time="1.009">
    <system-out><![CDATA[2025-09-04 18:10:58 [main] INFO  demoqaBase - Closing the Browser...
2025-09-04 18:10:58 [main] INFO  demoqaBase - Starting Web Browser...
2025-09-04 18:11:00 [main] INFO  demoqaBase - Navigating to demoqa.com Website
2025-09-04 18:11:00 [main] INFO  RetryUrlAccess - 🌐 Attempt 1: Navigating to https://demoqa.com
2025-09-04 18:11:04 [main] INFO  RetryUrlAccess - ✅ Successfully navigated to: https://demoqa.com
2025-09-04 18:11:04 [main] INFO  demoqaBase - 🧪 Starting Test Widgets|Accordian|Why do we use it?...
2025-09-04 18:11:04 [main] INFO  demoqaBase - Accessing Widgets Card...
Declared Instance WebDriverWait: org.openqa.selenium.support.ui.WebDriverWait@d480bd2
2025-09-04 18:11:04 [main] INFO  demoqaLog - Clicking on Widgets Card...
2025-09-04 18:11:04 [main] INFO  demoqaLog - ✅ JS click executed on element: {}
2025-09-04 18:11:04 [main] INFO  demoqaLog - Clicked on on Widgets Card...
Title of this Page is: DEMOQA
You are Accessing: Widgets
 
2025-09-04 18:11:04 [main] INFO  demoqaBase - Widgets: Please select an item from left to start practice.
2025-09-04 18:11:04 [main] INFO  demoqaBase - Clicking on Widgets|Accordian...
You are now Accessing: Accordian
2025-09-04 18:11:05 [main] INFO  demoqaBase - You are now Accessing: Accordian
2025-09-04 18:11:05 [main] INFO  demoqaBase - Clicking on Widgets|Accordian|Why do we use it?...
2025-09-04 18:11:05 [main] INFO  demoqaLog - ✅ JS click executed on element: {}
2025-09-04 18:11:05 [main] INFO  demoqaBase - Clicked on Why do we use it?...
Why do we use it?: It is a long established fact that a reader will be distracted by the readable content of a page when looking at its layout. The point of using Lorem Ipsum is that it has a more-or-less normal distribution of letters, as opposed to using 'Content here, content here', making it look like readable English. Many desktop publishing packages and web page editors now use Lorem Ipsum as their default model text, and a search for 'lorem ipsum' will uncover many web sites still in their infancy. Various versions have evolved over the years, sometimes by accident, sometimes on purpose (injected humour and the like).
2025-09-04 18:11:05 [main] INFO  demoqaBase - You are now Accessing: It is a long established fact that a reader will be distracted by the readable content of a page when looking at its layout. The point of using Lorem Ipsum is that it has a more-or-less normal distribution of letters, as opposed to using 'Content here, content here', making it look like readable English. Many desktop publishing packages and web page editors now use Lorem Ipsum as their default model text, and a search for 'lorem ipsum' will uncover many web sites still in their infancy. Various versions have evolved over the years, sometimes by accident, sometimes on purpose (injected humour and the like).
2025-09-04 18:11:05 [main] INFO  demoqaBase - ✅ Widgets|Accordian|Why do we use it? Test Completed...
]]></system-out>
  </testcase>
  <testcase name="AutoComplete" classname="tests.WidgetsTests" time="0.955">
    <system-out><![CDATA[2025-09-04 18:11:05 [main] INFO  demoqaBase - Closing the Browser...
2025-09-04 18:11:05 [main] INFO  demoqaBase - Starting Web Browser...
2025-09-04 18:11:07 [main] INFO  demoqaBase - Navigating to demoqa.com Website
2025-09-04 18:11:07 [main] INFO  RetryUrlAccess - 🌐 Attempt 1: Navigating to https://demoqa.com
2025-09-04 18:11:17 [main] INFO  RetryUrlAccess - ✅ Successfully navigated to: https://demoqa.com
2025-09-04 18:11:17 [main] INFO  demoqaBase - 🧪 Starting Test Widgets|Auto Complete...
2025-09-04 18:11:17 [main] INFO  demoqaBase - Accessing Widgets Card...
Declared Instance WebDriverWait: org.openqa.selenium.support.ui.WebDriverWait@74cadf49
2025-09-04 18:11:17 [main] INFO  demoqaLog - Clicking on Widgets Card...
2025-09-04 18:11:18 [main] INFO  demoqaLog - ✅ JS click executed on element: {}
2025-09-04 18:11:18 [main] INFO  demoqaLog - Clicked on on Widgets Card...
Title of this Page is: DEMOQA
You are Accessing: Widgets
 
2025-09-04 18:11:18 [main] INFO  demoqaBase - Widgets: Please select an item from left to start practice.
2025-09-04 18:11:18 [main] INFO  demoqaBase - Clicking on Widgets|AutoComplete...
You are now Accessing: Auto Complete
2025-09-04 18:11:18 [main] INFO  demoqaBase - You are now Accessing: Auto Complete
2025-09-04 18:11:18 [main] INFO  demoqaBase - ✅ Widgets|Auto Complete Test Completed...
]]></system-out>
  </testcase>
  <testcase name="AutoCompleteSearch[ColorSelectionData{searchFor=&apos;A&apos;, expectedColors=[Black, Magenta, Aqua]}](1)" classname="tests.WidgetsTests" time="2.435">
    <system-out><![CDATA[2025-09-04 18:11:18 [main] INFO  demoqaBase - Closing the Browser...
🧾 Row 1: {SearchFor=A, ExpectedColors=Black,Magenta,Aqua}
🔍 Mapping field: searchFor | Excel Column: SearchFor | Value: A
🔍 Mapping field: expectedColorsRaw | Excel Column: ExpectedColors | Value: Black,Magenta,Aqua
🧾 Row 2: {SearchFor=B, ExpectedColors=Blue,Black}
🔍 Mapping field: searchFor | Excel Column: SearchFor | Value: B
🔍 Mapping field: expectedColorsRaw | Excel Column: ExpectedColors | Value: Blue,Black
🧾 Row 3: {SearchFor=C, ExpectedColors=Black}
🔍 Mapping field: searchFor | Excel Column: SearchFor | Value: C
🔍 Mapping field: expectedColorsRaw | Excel Column: ExpectedColors | Value: Black
🧾 Row 4: {SearchFor=D, ExpectedColors=Red,Indigo}
🔍 Mapping field: searchFor | Excel Column: SearchFor | Value: D
🔍 Mapping field: expectedColorsRaw | Excel Column: ExpectedColors | Value: Red,Indigo
🧾 Row 5: {SearchFor=E, ExpectedColors=Red,Blue,Green,Yellow,Purple,White,Voilet,Magenta}
🔍 Mapping field: searchFor | Excel Column: SearchFor | Value: E
🔍 Mapping field: expectedColorsRaw | Excel Column: ExpectedColors | Value: Red,Blue,Green,Yellow,Purple,White,Voilet,Magenta
🧾 Row 6: {SearchFor=G, ExpectedColors=Green,Indigo,Magenta}
🔍 Mapping field: searchFor | Excel Column: SearchFor | Value: G
🔍 Mapping field: expectedColorsRaw | Excel Column: ExpectedColors | Value: Green,Indigo,Magenta
🧾 Row 7: {SearchFor=H, ExpectedColors=White}
🔍 Mapping field: searchFor | Excel Column: SearchFor | Value: H
🔍 Mapping field: expectedColorsRaw | Excel Column: ExpectedColors | Value: White
🧾 Row 8: {SearchFor=I, ExpectedColors=White,Voilet,Indigo}
🔍 Mapping field: searchFor | Excel Column: SearchFor | Value: I
🔍 Mapping field: expectedColorsRaw | Excel Column: ExpectedColors | Value: White,Voilet,Indigo
🧾 Row 9: {SearchFor=K, ExpectedColors=Black}
🔍 Mapping field: searchFor | Excel Column: SearchFor | Value: K
🔍 Mapping field: expectedColorsRaw | Excel Column: ExpectedColors | Value: Black
🧾 Row 10: {SearchFor=L, ExpectedColors=Blue,Yellow,Purple,Black,Voilet}
🔍 Mapping field: searchFor | Excel Column: SearchFor | Value: L
🔍 Mapping field: expectedColorsRaw | Excel Column: ExpectedColors | Value: Blue,Yellow,Purple,Black,Voilet
🧾 Row 11: {SearchFor=M, ExpectedColors=Magenta}
🔍 Mapping field: searchFor | Excel Column: SearchFor | Value: M
🔍 Mapping field: expectedColorsRaw | Excel Column: ExpectedColors | Value: Magenta
🧾 Row 12: {SearchFor=N, ExpectedColors=Green,Indigo,Magenta}
🔍 Mapping field: searchFor | Excel Column: SearchFor | Value: N
🔍 Mapping field: expectedColorsRaw | Excel Column: ExpectedColors | Value: Green,Indigo,Magenta
🧾 Row 13: {SearchFor=O, ExpectedColors=Yellow,Voilet,Indigo}
🔍 Mapping field: searchFor | Excel Column: SearchFor | Value: O
🔍 Mapping field: expectedColorsRaw | Excel Column: ExpectedColors | Value: Yellow,Voilet,Indigo
🧾 Row 14: {SearchFor=P, ExpectedColors=Purple}
🔍 Mapping field: searchFor | Excel Column: SearchFor | Value: P
🔍 Mapping field: expectedColorsRaw | Excel Column: ExpectedColors | Value: Purple
🧾 Row 15: {SearchFor=Q, ExpectedColors=Aqua}
🔍 Mapping field: searchFor | Excel Column: SearchFor | Value: Q
🔍 Mapping field: expectedColorsRaw | Excel Column: ExpectedColors | Value: Aqua
🧾 Row 16: {SearchFor=R, ExpectedColors=Red,Green,Purple}
🔍 Mapping field: searchFor | Excel Column: SearchFor | Value: R
🔍 Mapping field: expectedColorsRaw | Excel Column: ExpectedColors | Value: Red,Green,Purple
🧾 Row 17: {SearchFor=T, ExpectedColors=White,Voilet,Magenta}
🔍 Mapping field: searchFor | Excel Column: SearchFor | Value: T
🔍 Mapping field: expectedColorsRaw | Excel Column: ExpectedColors | Value: White,Voilet,Magenta
🧾 Row 18: {SearchFor=U, ExpectedColors=Blue,Purple,Aqua}
🔍 Mapping field: searchFor | Excel Column: SearchFor | Value: U
🔍 Mapping field: expectedColorsRaw | Excel Column: ExpectedColors | Value: Blue,Purple,Aqua
🧾 Row 19: {SearchFor=V, ExpectedColors=Voilet}
🔍 Mapping field: searchFor | Excel Column: SearchFor | Value: V
🔍 Mapping field: expectedColorsRaw | Excel Column: ExpectedColors | Value: Voilet
🧾 Row 20: {SearchFor=W, ExpectedColors=Yellow,White}
🔍 Mapping field: searchFor | Excel Column: SearchFor | Value: W
🔍 Mapping field: expectedColorsRaw | Excel Column: ExpectedColors | Value: Yellow,White
🧾 Row 21: {SearchFor=Y, ExpectedColors=Yellow}
🔍 Mapping field: searchFor | Excel Column: SearchFor | Value: Y
🔍 Mapping field: expectedColorsRaw | Excel Column: ExpectedColors | Value: Yellow
2025-09-04 18:11:19 [main] INFO  demoqaBase - Starting Web Browser...
2025-09-04 18:11:20 [main] INFO  demoqaBase - Navigating to demoqa.com Website
2025-09-04 18:11:20 [main] INFO  RetryUrlAccess - 🌐 Attempt 1: Navigating to https://demoqa.com
2025-09-04 18:11:32 [main] INFO  RetryUrlAccess - ✅ Successfully navigated to: https://demoqa.com
2025-09-04 18:11:32 [main] INFO  demoqaBase - 🧪 Starting Test Widgets|Auto Complete...
2025-09-04 18:11:32 [main] INFO  demoqaBase - Accessing Widgets Card...
Declared Instance WebDriverWait: org.openqa.selenium.support.ui.WebDriverWait@1f3c571a
2025-09-04 18:11:32 [main] INFO  demoqaLog - Clicking on Widgets Card...
2025-09-04 18:11:33 [main] INFO  demoqaLog - ✅ JS click executed on element: {}
2025-09-04 18:11:33 [main] INFO  demoqaLog - Clicked on on Widgets Card...
Title of this Page is: DEMOQA
You are Accessing: Widgets
 
2025-09-04 18:11:33 [main] INFO  demoqaBase - Widgets: Please select an item from left to start practice.
2025-09-04 18:11:33 [main] INFO  demoqaBase - Clicking on Widgets|AutoComplete...
You are now Accessing: Auto Complete
2025-09-04 18:11:33 [main] INFO  demoqaBase - You are now Accessing: Auto Complete
Searching Colors using: A
Expected Color to be selected is/are: [Black, Magenta, Aqua]
2025-09-04 18:11:33 [main] INFO  demoqaBase - 🔍 Running test for search character: A
2025-09-04 18:11:33 [main] INFO  demoqaBase - Clicking on Widgets | Auto Complete | Type multiple color names...
Searching Colors using: A
Expected Color to be selected is/are: [Black, Magenta, Aqua]
2025-09-04 18:11:33 [main] INFO  demoqaBase - You are now Accessing: Auto Complete
2025-09-04 18:11:34 [main] INFO  demoqaBase - Available Color: Black
2025-09-04 18:11:34 [main] INFO  demoqaLog - ✅ JS click executed on element: {}
2025-09-04 18:11:34 [main] INFO  demoqaBase - ✅ Selected Color: Black
2025-09-04 18:11:34 [main] INFO  demoqaBase - Available Color: Magenta
2025-09-04 18:11:34 [main] INFO  demoqaLog - ✅ JS click executed on element: {}
2025-09-04 18:11:34 [main] INFO  demoqaBase - ✅ Selected Color: Magenta
2025-09-04 18:11:34 [main] INFO  demoqaBase - Available Color: Aqua
2025-09-04 18:11:34 [main] INFO  demoqaLog - ✅ JS click executed on element: {}
2025-09-04 18:11:34 [main] INFO  demoqaBase - ✅ Selected Color: Aqua
2025-09-04 18:11:35 [main] INFO  demoqaBase - 🎯 Final selected colors: [Black, Magenta, Aqua]
2025-09-04 18:11:35 [main] INFO  demoqaBase - ✅ Widgets|Auto Complete Test Completed...
]]></system-out>
  </testcase>
  <testcase name="AutoCompleteSearch[ColorSelectionData{searchFor=&apos;B&apos;, expectedColors=[Blue, Black]}](2)" classname="tests.WidgetsTests" time="1.487">
    <system-out><![CDATA[2025-09-04 18:11:35 [main] INFO  demoqaBase - Closing the Browser...
2025-09-04 18:11:35 [main] INFO  demoqaBase - Starting Web Browser...
2025-09-04 18:11:36 [main] INFO  demoqaBase - Navigating to demoqa.com Website
2025-09-04 18:11:36 [main] INFO  RetryUrlAccess - 🌐 Attempt 1: Navigating to https://demoqa.com
2025-09-04 18:11:43 [main] WARN  RetryUrlAccess - 🔁 Attempt 1 failed due to retryable error: detected error page after navigation
build info: version: '4.35.0', revision: '1c58e5028b'
system info: os.name: 'windows 11', os.arch: 'amd64', os.version: '10.0', java.version: '21.0.7'
driver info: driver.version: unknown. Retrying after 3000ms...
2025-09-04 18:11:46 [main] INFO  RetryUrlAccess - 🌐 Attempt 2: Navigating to https://demoqa.com
2025-09-04 18:11:47 [main] WARN  RetryUrlAccess - 🔁 Attempt 2 failed due to retryable error: detected error page after navigation
build info: version: '4.35.0', revision: '1c58e5028b'
system info: os.name: 'windows 11', os.arch: 'amd64', os.version: '10.0', java.version: '21.0.7'
driver info: driver.version: unknown. Retrying after 3000ms...
2025-09-04 18:11:50 [main] INFO  RetryUrlAccess - 🌐 Attempt 3: Navigating to https://demoqa.com
2025-09-04 18:11:51 [main] INFO  RetryUrlAccess - ✅ Successfully navigated to: https://demoqa.com
2025-09-04 18:11:51 [main] INFO  demoqaBase - 🧪 Starting Test Widgets|Auto Complete...
2025-09-04 18:11:51 [main] INFO  demoqaBase - Accessing Widgets Card...
Declared Instance WebDriverWait: org.openqa.selenium.support.ui.WebDriverWait@2e4275e7
2025-09-04 18:11:51 [main] INFO  demoqaLog - Clicking on Widgets Card...
2025-09-04 18:11:51 [main] INFO  demoqaLog - ✅ JS click executed on element: {}
2025-09-04 18:11:51 [main] INFO  demoqaLog - Clicked on on Widgets Card...
Title of this Page is: DEMOQA
You are Accessing: Widgets
 
2025-09-04 18:11:51 [main] INFO  demoqaBase - Widgets: Please select an item from left to start practice.
2025-09-04 18:11:51 [main] INFO  demoqaBase - Clicking on Widgets|AutoComplete...
You are now Accessing: Auto Complete
2025-09-04 18:11:51 [main] INFO  demoqaBase - You are now Accessing: Auto Complete
Searching Colors using: B
Expected Color to be selected is/are: [Blue, Black]
2025-09-04 18:11:51 [main] INFO  demoqaBase - 🔍 Running test for search character: B
2025-09-04 18:11:51 [main] INFO  demoqaBase - Clicking on Widgets | Auto Complete | Type multiple color names...
Searching Colors using: B
Expected Color to be selected is/are: [Blue, Black]
2025-09-04 18:11:51 [main] INFO  demoqaBase - You are now Accessing: Auto Complete
2025-09-04 18:11:52 [main] INFO  demoqaBase - Available Color: Blue
2025-09-04 18:11:52 [main] INFO  demoqaLog - ✅ JS click executed on element: {}
2025-09-04 18:11:52 [main] INFO  demoqaBase - ✅ Selected Color: Blue
2025-09-04 18:11:52 [main] INFO  demoqaBase - Available Color: Black
2025-09-04 18:11:52 [main] INFO  demoqaLog - ✅ JS click executed on element: {}
2025-09-04 18:11:52 [main] INFO  demoqaBase - ✅ Selected Color: Black
2025-09-04 18:11:52 [main] INFO  demoqaBase - 🎯 Final selected colors: [Blue, Black]
2025-09-04 18:11:52 [main] INFO  demoqaBase - ✅ Widgets|Auto Complete Test Completed...
]]></system-out>
  </testcase>
  <testcase name="AutoCompleteSearch[ColorSelectionData{searchFor=&apos;C&apos;, expectedColors=[Black]}](3)" classname="tests.WidgetsTests" time="1.601">
    <system-out><![CDATA[2025-09-04 18:11:52 [main] INFO  demoqaBase - Closing the Browser...
2025-09-04 18:11:53 [main] INFO  demoqaBase - Starting Web Browser...
2025-09-04 18:11:54 [main] INFO  demoqaBase - Navigating to demoqa.com Website
2025-09-04 18:11:54 [main] INFO  RetryUrlAccess - 🌐 Attempt 1: Navigating to https://demoqa.com
2025-09-04 18:12:05 [main] INFO  RetryUrlAccess - ✅ Successfully navigated to: https://demoqa.com
2025-09-04 18:12:05 [main] INFO  demoqaBase - 🧪 Starting Test Widgets|Auto Complete...
2025-09-04 18:12:05 [main] INFO  demoqaBase - Accessing Widgets Card...
Declared Instance WebDriverWait: org.openqa.selenium.support.ui.WebDriverWait@4a28ffb2
2025-09-04 18:12:05 [main] INFO  demoqaLog - Clicking on Widgets Card...
2025-09-04 18:12:06 [main] INFO  demoqaLog - ✅ JS click executed on element: {}
2025-09-04 18:12:06 [main] INFO  demoqaLog - Clicked on on Widgets Card...
Title of this Page is: DEMOQA
You are Accessing: Widgets
 
2025-09-04 18:12:06 [main] INFO  demoqaBase - Widgets: Please select an item from left to start practice.
2025-09-04 18:12:06 [main] INFO  demoqaBase - Clicking on Widgets|AutoComplete...
You are now Accessing: Auto Complete
2025-09-04 18:12:06 [main] INFO  demoqaBase - You are now Accessing: Auto Complete
Searching Colors using: C
Expected Color to be selected is/are: [Black]
2025-09-04 18:12:06 [main] INFO  demoqaBase - 🔍 Running test for search character: C
2025-09-04 18:12:06 [main] INFO  demoqaBase - Clicking on Widgets | Auto Complete | Type multiple color names...
Searching Colors using: C
Expected Color to be selected is/are: [Black]
2025-09-04 18:12:06 [main] INFO  demoqaBase - You are now Accessing: Auto Complete
2025-09-04 18:12:07 [main] INFO  demoqaBase - Available Color: Black
2025-09-04 18:12:07 [main] INFO  demoqaLog - ✅ JS click executed on element: {}
2025-09-04 18:12:07 [main] INFO  demoqaBase - ✅ Selected Color: Black
2025-09-04 18:12:07 [main] INFO  demoqaBase - 🎯 Final selected colors: [Black]
2025-09-04 18:12:07 [main] INFO  demoqaBase - ✅ Widgets|Auto Complete Test Completed...
]]></system-out>
  </testcase>
  <testcase name="AutoCompleteSearch[ColorSelectionData{searchFor=&apos;D&apos;, expectedColors=[Red, Indigo]}](4)" classname="tests.WidgetsTests" time="1.998">
    <system-out><![CDATA[2025-09-04 18:12:07 [main] INFO  demoqaBase - Closing the Browser...
2025-09-04 18:12:07 [main] INFO  demoqaBase - Starting Web Browser...
2025-09-04 18:12:09 [main] INFO  demoqaBase - Navigating to demoqa.com Website
2025-09-04 18:12:09 [main] INFO  RetryUrlAccess - 🌐 Attempt 1: Navigating to https://demoqa.com
2025-09-04 18:12:19 [main] INFO  RetryUrlAccess - ✅ Successfully navigated to: https://demoqa.com
2025-09-04 18:12:19 [main] INFO  demoqaBase - 🧪 Starting Test Widgets|Auto Complete...
2025-09-04 18:12:19 [main] INFO  demoqaBase - Accessing Widgets Card...
Declared Instance WebDriverWait: org.openqa.selenium.support.ui.WebDriverWait@6e867668
2025-09-04 18:12:19 [main] INFO  demoqaLog - Clicking on Widgets Card...
2025-09-04 18:12:20 [main] INFO  demoqaLog - ✅ JS click executed on element: {}
2025-09-04 18:12:20 [main] INFO  demoqaLog - Clicked on on Widgets Card...
Title of this Page is: DEMOQA
You are Accessing: Widgets
 
2025-09-04 18:12:20 [main] INFO  demoqaBase - Widgets: Please select an item from left to start practice.
2025-09-04 18:12:20 [main] INFO  demoqaBase - Clicking on Widgets|AutoComplete...
You are now Accessing: Auto Complete
2025-09-04 18:12:20 [main] INFO  demoqaBase - You are now Accessing: Auto Complete
Searching Colors using: D
Expected Color to be selected is/are: [Red, Indigo]
2025-09-04 18:12:20 [main] INFO  demoqaBase - 🔍 Running test for search character: D
2025-09-04 18:12:20 [main] INFO  demoqaBase - Clicking on Widgets | Auto Complete | Type multiple color names...
Searching Colors using: D
Expected Color to be selected is/are: [Red, Indigo]
2025-09-04 18:12:20 [main] INFO  demoqaBase - You are now Accessing: Auto Complete
2025-09-04 18:12:21 [main] INFO  demoqaBase - Available Color: Red
2025-09-04 18:12:21 [main] INFO  demoqaLog - ✅ JS click executed on element: {}
2025-09-04 18:12:21 [main] INFO  demoqaBase - ✅ Selected Color: Red
2025-09-04 18:12:21 [main] INFO  demoqaBase - Available Color: Indigo
2025-09-04 18:12:21 [main] INFO  demoqaLog - ✅ JS click executed on element: {}
2025-09-04 18:12:21 [main] INFO  demoqaBase - ✅ Selected Color: Indigo
2025-09-04 18:12:21 [main] INFO  demoqaBase - 🎯 Final selected colors: [Red, Indigo]
2025-09-04 18:12:21 [main] INFO  demoqaBase - ✅ Widgets|Auto Complete Test Completed...
]]></system-out>
  </testcase>
  <testcase name="AutoCompleteSearch[ColorSelectionData{searchFor=&apos;E&apos;, expectedColors=[Red, Blue, Green, Yellow, Purple, White, Voilet, Magenta]}](5)" classname="tests.WidgetsTests" time="4.669">
    <system-out><![CDATA[2025-09-04 18:12:21 [main] INFO  demoqaBase - Closing the Browser...
2025-09-04 18:12:22 [main] INFO  demoqaBase - Starting Web Browser...
2025-09-04 18:12:23 [main] INFO  demoqaBase - Navigating to demoqa.com Website
2025-09-04 18:12:23 [main] INFO  RetryUrlAccess - 🌐 Attempt 1: Navigating to https://demoqa.com
2025-09-04 18:12:35 [main] INFO  RetryUrlAccess - ✅ Successfully navigated to: https://demoqa.com
2025-09-04 18:12:35 [main] INFO  demoqaBase - 🧪 Starting Test Widgets|Auto Complete...
2025-09-04 18:12:35 [main] INFO  demoqaBase - Accessing Widgets Card...
Declared Instance WebDriverWait: org.openqa.selenium.support.ui.WebDriverWait@ff45b2
2025-09-04 18:12:35 [main] INFO  demoqaLog - Clicking on Widgets Card...
2025-09-04 18:12:35 [main] INFO  demoqaLog - ✅ JS click executed on element: {}
2025-09-04 18:12:35 [main] INFO  demoqaLog - Clicked on on Widgets Card...
Title of this Page is: DEMOQA
You are Accessing: Widgets
 
2025-09-04 18:12:35 [main] INFO  demoqaBase - Widgets: Please select an item from left to start practice.
2025-09-04 18:12:35 [main] INFO  demoqaBase - Clicking on Widgets|AutoComplete...
You are now Accessing: Auto Complete
2025-09-04 18:12:36 [main] INFO  demoqaBase - You are now Accessing: Auto Complete
Searching Colors using: E
Expected Color to be selected is/are: [Red, Blue, Green, Yellow, Purple, White, Voilet, Magenta]
2025-09-04 18:12:36 [main] INFO  demoqaBase - 🔍 Running test for search character: E
2025-09-04 18:12:36 [main] INFO  demoqaBase - Clicking on Widgets | Auto Complete | Type multiple color names...
Searching Colors using: E
Expected Color to be selected is/are: [Red, Blue, Green, Yellow, Purple, White, Voilet, Magenta]
2025-09-04 18:12:36 [main] INFO  demoqaBase - You are now Accessing: Auto Complete
2025-09-04 18:12:36 [main] INFO  demoqaBase - Available Color: Red
2025-09-04 18:12:37 [main] INFO  demoqaLog - ✅ JS click executed on element: {}
2025-09-04 18:12:37 [main] INFO  demoqaBase - ✅ Selected Color: Red
2025-09-04 18:12:37 [main] INFO  demoqaBase - Available Color: Blue
2025-09-04 18:12:37 [main] INFO  demoqaLog - ✅ JS click executed on element: {}
2025-09-04 18:12:37 [main] INFO  demoqaBase - ✅ Selected Color: Blue
2025-09-04 18:12:37 [main] INFO  demoqaBase - Available Color: Green
2025-09-04 18:12:37 [main] INFO  demoqaLog - ✅ JS click executed on element: {}
2025-09-04 18:12:37 [main] INFO  demoqaBase - ✅ Selected Color: Green
2025-09-04 18:12:38 [main] INFO  demoqaBase - Available Color: Yellow
2025-09-04 18:12:38 [main] INFO  demoqaLog - ✅ JS click executed on element: {}
2025-09-04 18:12:38 [main] INFO  demoqaBase - ✅ Selected Color: Yellow
2025-09-04 18:12:38 [main] INFO  demoqaBase - Available Color: Purple
2025-09-04 18:12:38 [main] INFO  demoqaLog - ✅ JS click executed on element: {}
2025-09-04 18:12:38 [main] INFO  demoqaBase - ✅ Selected Color: Purple
2025-09-04 18:12:38 [main] INFO  demoqaBase - Available Color: White
2025-09-04 18:12:38 [main] INFO  demoqaLog - ✅ JS click executed on element: {}
2025-09-04 18:12:38 [main] INFO  demoqaBase - ✅ Selected Color: White
2025-09-04 18:12:39 [main] INFO  demoqaBase - Available Color: Voilet
2025-09-04 18:12:39 [main] INFO  demoqaLog - ✅ JS click executed on element: {}
2025-09-04 18:12:39 [main] INFO  demoqaBase - ✅ Selected Color: Voilet
2025-09-04 18:12:39 [main] INFO  demoqaBase - Available Color: Magenta
2025-09-04 18:12:39 [main] INFO  demoqaLog - ✅ JS click executed on element: {}
2025-09-04 18:12:39 [main] INFO  demoqaBase - ✅ Selected Color: Magenta
2025-09-04 18:12:39 [main] INFO  demoqaBase - 🎯 Final selected colors: [Red, Blue, Green, Yellow, Purple, White, Voilet, Magenta]
2025-09-04 18:12:39 [main] INFO  demoqaBase - ✅ Widgets|Auto Complete Test Completed...
]]></system-out>
  </testcase>
  <testcase name="AutoCompleteSearch[ColorSelectionData{searchFor=&apos;G&apos;, expectedColors=[Green, Indigo, Magenta]}](6)" classname="tests.WidgetsTests" time="2.634">
    <system-out><![CDATA[2025-09-04 18:12:39 [main] INFO  demoqaBase - Closing the Browser...
2025-09-04 18:12:40 [main] INFO  demoqaBase - Starting Web Browser...
2025-09-04 18:12:42 [main] INFO  demoqaBase - Navigating to demoqa.com Website
2025-09-04 18:12:42 [main] INFO  RetryUrlAccess - 🌐 Attempt 1: Navigating to https://demoqa.com
2025-09-04 18:12:53 [main] INFO  RetryUrlAccess - ✅ Successfully navigated to: https://demoqa.com
2025-09-04 18:12:53 [main] INFO  demoqaBase - 🧪 Starting Test Widgets|Auto Complete...
2025-09-04 18:12:53 [main] INFO  demoqaBase - Accessing Widgets Card...
Declared Instance WebDriverWait: org.openqa.selenium.support.ui.WebDriverWait@4bf5a21a
2025-09-04 18:12:53 [main] INFO  demoqaLog - Clicking on Widgets Card...
2025-09-04 18:12:54 [main] INFO  demoqaLog - ✅ JS click executed on element: {}
2025-09-04 18:12:54 [main] INFO  demoqaLog - Clicked on on Widgets Card...
Title of this Page is: DEMOQA
You are Accessing: Widgets
 
2025-09-04 18:12:54 [main] INFO  demoqaBase - Widgets: Please select an item from left to start practice.
2025-09-04 18:12:54 [main] INFO  demoqaBase - Clicking on Widgets|AutoComplete...
You are now Accessing: Auto Complete
2025-09-04 18:12:54 [main] INFO  demoqaBase - You are now Accessing: Auto Complete
Searching Colors using: G
Expected Color to be selected is/are: [Green, Indigo, Magenta]
2025-09-04 18:12:54 [main] INFO  demoqaBase - 🔍 Running test for search character: G
2025-09-04 18:12:54 [main] INFO  demoqaBase - Clicking on Widgets | Auto Complete | Type multiple color names...
Searching Colors using: G
Expected Color to be selected is/are: [Green, Indigo, Magenta]
2025-09-04 18:12:54 [main] INFO  demoqaBase - You are now Accessing: Auto Complete
2025-09-04 18:12:55 [main] INFO  demoqaBase - Available Color: Green
2025-09-04 18:12:55 [main] INFO  demoqaLog - ✅ JS click executed on element: {}
2025-09-04 18:12:55 [main] INFO  demoqaBase - ✅ Selected Color: Green
2025-09-04 18:12:55 [main] INFO  demoqaBase - Available Color: Indigo
2025-09-04 18:12:55 [main] INFO  demoqaLog - ✅ JS click executed on element: {}
2025-09-04 18:12:55 [main] INFO  demoqaBase - ✅ Selected Color: Indigo
2025-09-04 18:12:56 [main] INFO  demoqaBase - Available Color: Magenta
2025-09-04 18:12:56 [main] INFO  demoqaLog - ✅ JS click executed on element: {}
2025-09-04 18:12:56 [main] INFO  demoqaBase - ✅ Selected Color: Magenta
2025-09-04 18:12:56 [main] INFO  demoqaBase - 🎯 Final selected colors: [Green, Indigo, Magenta]
2025-09-04 18:12:56 [main] INFO  demoqaBase - ✅ Widgets|Auto Complete Test Completed...
]]></system-out>
  </testcase>
  <testcase name="AutoCompleteSearch[ColorSelectionData{searchFor=&apos;H&apos;, expectedColors=[White]}](7)" classname="tests.WidgetsTests" time="1.784">
    <system-out><![CDATA[2025-09-04 18:12:56 [main] INFO  demoqaBase - Closing the Browser...
2025-09-04 18:12:56 [main] INFO  demoqaBase - Starting Web Browser...
2025-09-04 18:12:58 [main] INFO  demoqaBase - Navigating to demoqa.com Website
2025-09-04 18:12:58 [main] INFO  RetryUrlAccess - 🌐 Attempt 1: Navigating to https://demoqa.com
2025-09-04 18:13:09 [main] INFO  RetryUrlAccess - ✅ Successfully navigated to: https://demoqa.com
2025-09-04 18:13:09 [main] INFO  demoqaBase - 🧪 Starting Test Widgets|Auto Complete...
2025-09-04 18:13:09 [main] INFO  demoqaBase - Accessing Widgets Card...
Declared Instance WebDriverWait: org.openqa.selenium.support.ui.WebDriverWait@5e7f4f60
2025-09-04 18:13:09 [main] INFO  demoqaLog - Clicking on Widgets Card...
2025-09-04 18:13:10 [main] INFO  demoqaLog - ✅ JS click executed on element: {}
2025-09-04 18:13:10 [main] INFO  demoqaLog - Clicked on on Widgets Card...
Title of this Page is: DEMOQA
You are Accessing: Widgets
 
2025-09-04 18:13:10 [main] INFO  demoqaBase - Widgets: Please select an item from left to start practice.
2025-09-04 18:13:10 [main] INFO  demoqaBase - Clicking on Widgets|AutoComplete...
You are now Accessing: Auto Complete
2025-09-04 18:13:10 [main] INFO  demoqaBase - You are now Accessing: Auto Complete
Searching Colors using: H
Expected Color to be selected is/are: [White]
2025-09-04 18:13:10 [main] INFO  demoqaBase - 🔍 Running test for search character: H
2025-09-04 18:13:10 [main] INFO  demoqaBase - Clicking on Widgets | Auto Complete | Type multiple color names...
Searching Colors using: H
Expected Color to be selected is/are: [White]
2025-09-04 18:13:10 [main] INFO  demoqaBase - You are now Accessing: Auto Complete
2025-09-04 18:13:11 [main] INFO  demoqaBase - Available Color: White
2025-09-04 18:13:11 [main] INFO  demoqaLog - ✅ JS click executed on element: {}
2025-09-04 18:13:11 [main] INFO  demoqaBase - ✅ Selected Color: White
2025-09-04 18:13:11 [main] INFO  demoqaBase - 🎯 Final selected colors: [White]
2025-09-04 18:13:11 [main] INFO  demoqaBase - ✅ Widgets|Auto Complete Test Completed...
]]></system-out>
  </testcase>
  <testcase name="AutoCompleteSearch[ColorSelectionData{searchFor=&apos;I&apos;, expectedColors=[White, Voilet, Indigo]}](8)" classname="tests.WidgetsTests" time="2.748">
    <system-out><![CDATA[2025-09-04 18:13:11 [main] INFO  demoqaBase - Closing the Browser...
2025-09-04 18:13:11 [main] INFO  demoqaBase - Starting Web Browser...
2025-09-04 18:13:13 [main] INFO  demoqaBase - Navigating to demoqa.com Website
2025-09-04 18:13:13 [main] INFO  RetryUrlAccess - 🌐 Attempt 1: Navigating to https://demoqa.com
2025-09-04 18:13:23 [main] INFO  RetryUrlAccess - ✅ Successfully navigated to: https://demoqa.com
2025-09-04 18:13:23 [main] INFO  demoqaBase - 🧪 Starting Test Widgets|Auto Complete...
2025-09-04 18:13:23 [main] INFO  demoqaBase - Accessing Widgets Card...
Declared Instance WebDriverWait: org.openqa.selenium.support.ui.WebDriverWait@613ff6d2
2025-09-04 18:13:23 [main] INFO  demoqaLog - Clicking on Widgets Card...
2025-09-04 18:13:23 [main] INFO  demoqaLog - ✅ JS click executed on element: {}
2025-09-04 18:13:23 [main] INFO  demoqaLog - Clicked on on Widgets Card...
Title of this Page is: DEMOQA
You are Accessing: Widgets
 
2025-09-04 18:13:24 [main] INFO  demoqaBase - Widgets: Please select an item from left to start practice.
2025-09-04 18:13:24 [main] INFO  demoqaBase - Clicking on Widgets|AutoComplete...
You are now Accessing: Auto Complete
2025-09-04 18:13:24 [main] INFO  demoqaBase - You are now Accessing: Auto Complete
Searching Colors using: I
Expected Color to be selected is/are: [White, Voilet, Indigo]
2025-09-04 18:13:24 [main] INFO  demoqaBase - 🔍 Running test for search character: I
2025-09-04 18:13:24 [main] INFO  demoqaBase - Clicking on Widgets | Auto Complete | Type multiple color names...
Searching Colors using: I
Expected Color to be selected is/are: [White, Voilet, Indigo]
2025-09-04 18:13:24 [main] INFO  demoqaBase - You are now Accessing: Auto Complete
2025-09-04 18:13:24 [main] INFO  demoqaBase - Available Color: White
2025-09-04 18:13:25 [main] INFO  demoqaLog - ✅ JS click executed on element: {}
2025-09-04 18:13:25 [main] INFO  demoqaBase - ✅ Selected Color: White
2025-09-04 18:13:25 [main] INFO  demoqaBase - Available Color: Voilet
2025-09-04 18:13:25 [main] INFO  demoqaLog - ✅ JS click executed on element: {}
2025-09-04 18:13:25 [main] INFO  demoqaBase - ✅ Selected Color: Voilet
2025-09-04 18:13:26 [main] INFO  demoqaBase - Available Color: Indigo
2025-09-04 18:13:26 [main] INFO  demoqaLog - ✅ JS click executed on element: {}
2025-09-04 18:13:26 [main] INFO  demoqaBase - ✅ Selected Color: Indigo
2025-09-04 18:13:26 [main] INFO  demoqaBase - 🎯 Final selected colors: [White, Voilet, Indigo]
2025-09-04 18:13:26 [main] INFO  demoqaBase - ✅ Widgets|Auto Complete Test Completed...
]]></system-out>
  </testcase>
  <testcase name="AutoCompleteSearch[ColorSelectionData{searchFor=&apos;K&apos;, expectedColors=[Black]}](9)" classname="tests.WidgetsTests" time="1.416">
    <system-out><![CDATA[2025-09-04 18:13:26 [main] INFO  demoqaBase - Closing the Browser...
2025-09-04 18:13:26 [main] INFO  demoqaBase - Starting Web Browser...
2025-09-04 18:13:28 [main] INFO  demoqaBase - Navigating to demoqa.com Website
2025-09-04 18:13:28 [main] INFO  RetryUrlAccess - 🌐 Attempt 1: Navigating to https://demoqa.com
2025-09-04 18:13:32 [main] INFO  RetryUrlAccess - ✅ Successfully navigated to: https://demoqa.com
2025-09-04 18:13:32 [main] INFO  demoqaBase - 🧪 Starting Test Widgets|Auto Complete...
2025-09-04 18:13:32 [main] INFO  demoqaBase - Accessing Widgets Card...
Declared Instance WebDriverWait: org.openqa.selenium.support.ui.WebDriverWait@320a6ff5
2025-09-04 18:13:32 [main] INFO  demoqaLog - Clicking on Widgets Card...
2025-09-04 18:13:32 [main] INFO  demoqaLog - ✅ JS click executed on element: {}
2025-09-04 18:13:32 [main] INFO  demoqaLog - Clicked on on Widgets Card...
Title of this Page is: DEMOQA
You are Accessing: Widgets
 
2025-09-04 18:13:32 [main] INFO  demoqaBase - Widgets: Please select an item from left to start practice.
2025-09-04 18:13:32 [main] INFO  demoqaBase - Clicking on Widgets|AutoComplete...
You are now Accessing: Auto Complete
2025-09-04 18:13:33 [main] INFO  demoqaBase - You are now Accessing: Auto Complete
Searching Colors using: K
Expected Color to be selected is/are: [Black]
2025-09-04 18:13:33 [main] INFO  demoqaBase - 🔍 Running test for search character: K
2025-09-04 18:13:33 [main] INFO  demoqaBase - Clicking on Widgets | Auto Complete | Type multiple color names...
Searching Colors using: K
Expected Color to be selected is/are: [Black]
2025-09-04 18:13:33 [main] INFO  demoqaBase - You are now Accessing: Auto Complete
2025-09-04 18:13:34 [main] INFO  demoqaBase - Available Color: Black
2025-09-04 18:13:34 [main] INFO  demoqaLog - ✅ JS click executed on element: {}
2025-09-04 18:13:34 [main] INFO  demoqaBase - ✅ Selected Color: Black
2025-09-04 18:13:34 [main] INFO  demoqaBase - 🎯 Final selected colors: [Black]
2025-09-04 18:13:34 [main] INFO  demoqaBase - ✅ Widgets|Auto Complete Test Completed...
]]></system-out>
  </testcase>
  <testcase name="AutoCompleteSearch[ColorSelectionData{searchFor=&apos;L&apos;, expectedColors=[Blue, Yellow, Purple, Black, Voilet]}](10)" classname="tests.WidgetsTests" time="3.43">
    <system-out><![CDATA[2025-09-04 18:13:34 [main] INFO  demoqaBase - Closing the Browser...
2025-09-04 18:13:34 [main] INFO  demoqaBase - Starting Web Browser...
2025-09-04 18:13:35 [main] INFO  demoqaBase - Navigating to demoqa.com Website
2025-09-04 18:13:35 [main] INFO  RetryUrlAccess - 🌐 Attempt 1: Navigating to https://demoqa.com
2025-09-04 18:13:46 [main] INFO  RetryUrlAccess - ✅ Successfully navigated to: https://demoqa.com
2025-09-04 18:13:46 [main] INFO  demoqaBase - 🧪 Starting Test Widgets|Auto Complete...
2025-09-04 18:13:46 [main] INFO  demoqaBase - Accessing Widgets Card...
Declared Instance WebDriverWait: org.openqa.selenium.support.ui.WebDriverWait@7d340c83
2025-09-04 18:13:46 [main] INFO  demoqaLog - Clicking on Widgets Card...
2025-09-04 18:13:46 [main] INFO  demoqaLog - ✅ JS click executed on element: {}
2025-09-04 18:13:46 [main] INFO  demoqaLog - Clicked on on Widgets Card...
Title of this Page is: DEMOQA
You are Accessing: Widgets
 
2025-09-04 18:13:46 [main] INFO  demoqaBase - Widgets: Please select an item from left to start practice.
2025-09-04 18:13:46 [main] INFO  demoqaBase - Clicking on Widgets|AutoComplete...
You are now Accessing: Auto Complete
2025-09-04 18:13:47 [main] INFO  demoqaBase - You are now Accessing: Auto Complete
Searching Colors using: L
Expected Color to be selected is/are: [Blue, Yellow, Purple, Black, Voilet]
2025-09-04 18:13:47 [main] INFO  demoqaBase - 🔍 Running test for search character: L
2025-09-04 18:13:47 [main] INFO  demoqaBase - Clicking on Widgets | Auto Complete | Type multiple color names...
Searching Colors using: L
Expected Color to be selected is/are: [Blue, Yellow, Purple, Black, Voilet]
2025-09-04 18:13:47 [main] INFO  demoqaBase - You are now Accessing: Auto Complete
2025-09-04 18:13:47 [main] INFO  demoqaBase - Available Color: Blue
2025-09-04 18:13:47 [main] INFO  demoqaLog - ✅ JS click executed on element: {}
2025-09-04 18:13:47 [main] INFO  demoqaBase - ✅ Selected Color: Blue
2025-09-04 18:13:48 [main] INFO  demoqaBase - Available Color: Yellow
2025-09-04 18:13:48 [main] INFO  demoqaLog - ✅ JS click executed on element: {}
2025-09-04 18:13:48 [main] INFO  demoqaBase - ✅ Selected Color: Yellow
2025-09-04 18:13:48 [main] INFO  demoqaBase - Available Color: Purple
2025-09-04 18:13:48 [main] INFO  demoqaLog - ✅ JS click executed on element: {}
2025-09-04 18:13:48 [main] INFO  demoqaBase - ✅ Selected Color: Purple
2025-09-04 18:13:49 [main] INFO  demoqaBase - Available Color: Black
2025-09-04 18:13:49 [main] INFO  demoqaLog - ✅ JS click executed on element: {}
2025-09-04 18:13:49 [main] INFO  demoqaBase - ✅ Selected Color: Black
2025-09-04 18:13:49 [main] INFO  demoqaBase - Available Color: Voilet
2025-09-04 18:13:49 [main] INFO  demoqaLog - ✅ JS click executed on element: {}
2025-09-04 18:13:49 [main] INFO  demoqaBase - ✅ Selected Color: Voilet
2025-09-04 18:13:50 [main] INFO  demoqaBase - 🎯 Final selected colors: [Blue, Yellow, Purple, Black, Voilet]
2025-09-04 18:13:50 [main] INFO  demoqaBase - ✅ Widgets|Auto Complete Test Completed...
]]></system-out>
  </testcase>
  <testcase name="AutoCompleteSearch[ColorSelectionData{searchFor=&apos;M&apos;, expectedColors=[Magenta]}](11)" classname="tests.WidgetsTests" time="1.288">
    <system-out><![CDATA[2025-09-04 18:13:50 [main] INFO  demoqaBase - Closing the Browser...
2025-09-04 18:13:50 [main] INFO  demoqaBase - Starting Web Browser...
2025-09-04 18:13:52 [main] INFO  demoqaBase - Navigating to demoqa.com Website
2025-09-04 18:13:52 [main] INFO  RetryUrlAccess - 🌐 Attempt 1: Navigating to https://demoqa.com
2025-09-04 18:14:09 [main] INFO  RetryUrlAccess - ✅ Successfully navigated to: https://demoqa.com
2025-09-04 18:14:09 [main] INFO  demoqaBase - 🧪 Starting Test Widgets|Auto Complete...
2025-09-04 18:14:09 [main] INFO  demoqaBase - Accessing Widgets Card...
Declared Instance WebDriverWait: org.openqa.selenium.support.ui.WebDriverWait@5a4cfca5
2025-09-04 18:14:09 [main] INFO  demoqaLog - Clicking on Widgets Card...
2025-09-04 18:14:09 [main] INFO  demoqaLog - ✅ JS click executed on element: {}
2025-09-04 18:14:09 [main] INFO  demoqaLog - Clicked on on Widgets Card...
Title of this Page is: DEMOQA
You are Accessing: Widgets
 
2025-09-04 18:14:09 [main] INFO  demoqaBase - Widgets: Please select an item from left to start practice.
2025-09-04 18:14:09 [main] INFO  demoqaBase - Clicking on Widgets|AutoComplete...
You are now Accessing: Auto Complete
2025-09-04 18:14:09 [main] INFO  demoqaBase - You are now Accessing: Auto Complete
Searching Colors using: M
Expected Color to be selected is/are: [Magenta]
2025-09-04 18:14:09 [main] INFO  demoqaBase - 🔍 Running test for search character: M
2025-09-04 18:14:09 [main] INFO  demoqaBase - Clicking on Widgets | Auto Complete | Type multiple color names...
Searching Colors using: M
Expected Color to be selected is/are: [Magenta]
2025-09-04 18:14:09 [main] INFO  demoqaBase - You are now Accessing: Auto Complete
2025-09-04 18:14:10 [main] INFO  demoqaBase - Available Color: Magenta
2025-09-04 18:14:10 [main] INFO  demoqaLog - ✅ JS click executed on element: {}
2025-09-04 18:14:10 [main] INFO  demoqaBase - ✅ Selected Color: Magenta
2025-09-04 18:14:10 [main] INFO  demoqaBase - 🎯 Final selected colors: [Magenta]
2025-09-04 18:14:10 [main] INFO  demoqaBase - ✅ Widgets|Auto Complete Test Completed...
]]></system-out>
  </testcase>
  <testcase name="AutoCompleteSearch[ColorSelectionData{searchFor=&apos;N&apos;, expectedColors=[Green, Indigo, Magenta]}](12)" classname="tests.WidgetsTests" time="2.977">
    <system-out><![CDATA[2025-09-04 18:14:10 [main] INFO  demoqaBase - Closing the Browser...
2025-09-04 18:14:11 [main] INFO  demoqaBase - Starting Web Browser...
2025-09-04 18:14:13 [main] INFO  demoqaBase - Navigating to demoqa.com Website
2025-09-04 18:14:13 [main] INFO  RetryUrlAccess - 🌐 Attempt 1: Navigating to https://demoqa.com
2025-09-04 18:14:23 [main] INFO  RetryUrlAccess - ✅ Successfully navigated to: https://demoqa.com
2025-09-04 18:14:23 [main] INFO  demoqaBase - 🧪 Starting Test Widgets|Auto Complete...
2025-09-04 18:14:23 [main] INFO  demoqaBase - Accessing Widgets Card...
Declared Instance WebDriverWait: org.openqa.selenium.support.ui.WebDriverWait@c20ac4a
2025-09-04 18:14:23 [main] INFO  demoqaLog - Clicking on Widgets Card...
2025-09-04 18:14:24 [main] INFO  demoqaLog - ✅ JS click executed on element: {}
2025-09-04 18:14:24 [main] INFO  demoqaLog - Clicked on on Widgets Card...
Title of this Page is: DEMOQA
You are Accessing: Widgets
 
2025-09-04 18:14:24 [main] INFO  demoqaBase - Widgets: Please select an item from left to start practice.
2025-09-04 18:14:24 [main] INFO  demoqaBase - Clicking on Widgets|AutoComplete...
You are now Accessing: Auto Complete
2025-09-04 18:14:24 [main] INFO  demoqaBase - You are now Accessing: Auto Complete
Searching Colors using: N
Expected Color to be selected is/are: [Green, Indigo, Magenta]
2025-09-04 18:14:24 [main] INFO  demoqaBase - 🔍 Running test for search character: N
2025-09-04 18:14:24 [main] INFO  demoqaBase - Clicking on Widgets | Auto Complete | Type multiple color names...
Searching Colors using: N
Expected Color to be selected is/are: [Green, Indigo, Magenta]
2025-09-04 18:14:24 [main] INFO  demoqaBase - You are now Accessing: Auto Complete
2025-09-04 18:14:25 [main] INFO  demoqaBase - Available Color: Green
2025-09-04 18:14:25 [main] INFO  demoqaLog - ✅ JS click executed on element: {}
2025-09-04 18:14:25 [main] INFO  demoqaBase - ✅ Selected Color: Green
2025-09-04 18:14:25 [main] INFO  demoqaBase - Available Color: Indigo
2025-09-04 18:14:26 [main] INFO  demoqaLog - ✅ JS click executed on element: {}
2025-09-04 18:14:26 [main] INFO  demoqaBase - ✅ Selected Color: Indigo
2025-09-04 18:14:26 [main] INFO  demoqaBase - Available Color: Magenta
2025-09-04 18:14:26 [main] INFO  demoqaLog - ✅ JS click executed on element: {}
2025-09-04 18:14:26 [main] INFO  demoqaBase - ✅ Selected Color: Magenta
2025-09-04 18:14:26 [main] INFO  demoqaBase - 🎯 Final selected colors: [Green, Indigo, Magenta]
2025-09-04 18:14:26 [main] INFO  demoqaBase - ✅ Widgets|Auto Complete Test Completed...
]]></system-out>
  </testcase>
  <testcase name="AutoCompleteSearch[ColorSelectionData{searchFor=&apos;O&apos;, expectedColors=[Yellow, Voilet, Indigo]}](13)" classname="tests.WidgetsTests" time="2.133">
    <system-out><![CDATA[2025-09-04 18:14:26 [main] INFO  demoqaBase - Closing the Browser...
2025-09-04 18:14:27 [main] INFO  demoqaBase - Starting Web Browser...
2025-09-04 18:14:28 [main] INFO  demoqaBase - Navigating to demoqa.com Website
2025-09-04 18:14:28 [main] INFO  RetryUrlAccess - 🌐 Attempt 1: Navigating to https://demoqa.com
2025-09-04 18:14:34 [main] INFO  RetryUrlAccess - ✅ Successfully navigated to: https://demoqa.com
2025-09-04 18:14:34 [main] INFO  demoqaBase - 🧪 Starting Test Widgets|Auto Complete...
2025-09-04 18:14:34 [main] INFO  demoqaBase - Accessing Widgets Card...
Declared Instance WebDriverWait: org.openqa.selenium.support.ui.WebDriverWait@6f11805b
2025-09-04 18:14:34 [main] INFO  demoqaLog - Clicking on Widgets Card...
2025-09-04 18:14:34 [main] INFO  demoqaLog - ✅ JS click executed on element: {}
2025-09-04 18:14:34 [main] INFO  demoqaLog - Clicked on on Widgets Card...
Title of this Page is: DEMOQA
You are Accessing: Widgets
 
2025-09-04 18:14:34 [main] INFO  demoqaBase - Widgets: Please select an item from left to start practice.
2025-09-04 18:14:34 [main] INFO  demoqaBase - Clicking on Widgets|AutoComplete...
You are now Accessing: Auto Complete
2025-09-04 18:14:34 [main] INFO  demoqaBase - You are now Accessing: Auto Complete
Searching Colors using: O
Expected Color to be selected is/are: [Yellow, Voilet, Indigo]
2025-09-04 18:14:34 [main] INFO  demoqaBase - 🔍 Running test for search character: O
2025-09-04 18:14:34 [main] INFO  demoqaBase - Clicking on Widgets | Auto Complete | Type multiple color names...
Searching Colors using: O
Expected Color to be selected is/are: [Yellow, Voilet, Indigo]
2025-09-04 18:14:34 [main] INFO  demoqaBase - You are now Accessing: Auto Complete
2025-09-04 18:14:35 [main] INFO  demoqaBase - Available Color: Yellow
2025-09-04 18:14:35 [main] INFO  demoqaLog - ✅ JS click executed on element: {}
2025-09-04 18:14:35 [main] INFO  demoqaBase - ✅ Selected Color: Yellow
2025-09-04 18:14:35 [main] INFO  demoqaBase - Available Color: Voilet
2025-09-04 18:14:35 [main] INFO  demoqaLog - ✅ JS click executed on element: {}
2025-09-04 18:14:35 [main] INFO  demoqaBase - ✅ Selected Color: Voilet
2025-09-04 18:14:36 [main] INFO  demoqaBase - Available Color: Indigo
2025-09-04 18:14:36 [main] INFO  demoqaLog - ✅ JS click executed on element: {}
2025-09-04 18:14:36 [main] INFO  demoqaBase - ✅ Selected Color: Indigo
2025-09-04 18:14:36 [main] INFO  demoqaBase - 🎯 Final selected colors: [Yellow, Voilet, Indigo]
2025-09-04 18:14:36 [main] INFO  demoqaBase - ✅ Widgets|Auto Complete Test Completed...
]]></system-out>
  </testcase>
  <testcase name="AutoCompleteSearch[ColorSelectionData{searchFor=&apos;P&apos;, expectedColors=[Purple]}](14)" classname="tests.WidgetsTests" time="1.543">
    <system-out><![CDATA[2025-09-04 18:14:36 [main] INFO  demoqaBase - Closing the Browser...
2025-09-04 18:14:37 [main] INFO  demoqaBase - Starting Web Browser...
2025-09-04 18:14:38 [main] INFO  demoqaBase - Navigating to demoqa.com Website
2025-09-04 18:14:38 [main] INFO  RetryUrlAccess - 🌐 Attempt 1: Navigating to https://demoqa.com
2025-09-04 18:14:48 [main] INFO  RetryUrlAccess - ✅ Successfully navigated to: https://demoqa.com
2025-09-04 18:14:48 [main] INFO  demoqaBase - 🧪 Starting Test Widgets|Auto Complete...
2025-09-04 18:14:48 [main] INFO  demoqaBase - Accessing Widgets Card...
Declared Instance WebDriverWait: org.openqa.selenium.support.ui.WebDriverWait@6d693452
2025-09-04 18:14:48 [main] INFO  demoqaLog - Clicking on Widgets Card...
2025-09-04 18:14:48 [main] INFO  demoqaLog - ✅ JS click executed on element: {}
2025-09-04 18:14:48 [main] INFO  demoqaLog - Clicked on on Widgets Card...
Title of this Page is: DEMOQA
You are Accessing: Widgets
 
2025-09-04 18:14:49 [main] INFO  demoqaBase - Widgets: Please select an item from left to start practice.
2025-09-04 18:14:49 [main] INFO  demoqaBase - Clicking on Widgets|AutoComplete...
You are now Accessing: Auto Complete
2025-09-04 18:14:49 [main] INFO  demoqaBase - You are now Accessing: Auto Complete
Searching Colors using: P
Expected Color to be selected is/are: [Purple]
2025-09-04 18:14:49 [main] INFO  demoqaBase - 🔍 Running test for search character: P
2025-09-04 18:14:49 [main] INFO  demoqaBase - Clicking on Widgets | Auto Complete | Type multiple color names...
Searching Colors using: P
Expected Color to be selected is/are: [Purple]
2025-09-04 18:14:49 [main] INFO  demoqaBase - You are now Accessing: Auto Complete
2025-09-04 18:14:49 [main] INFO  demoqaBase - Available Color: Purple
2025-09-04 18:14:50 [main] INFO  demoqaLog - ✅ JS click executed on element: {}
2025-09-04 18:14:50 [main] INFO  demoqaBase - ✅ Selected Color: Purple
2025-09-04 18:14:50 [main] INFO  demoqaBase - 🎯 Final selected colors: [Purple]
2025-09-04 18:14:50 [main] INFO  demoqaBase - ✅ Widgets|Auto Complete Test Completed...
]]></system-out>
  </testcase>
  <testcase name="AutoCompleteSearch[ColorSelectionData{searchFor=&apos;Q&apos;, expectedColors=[Aqua]}](15)" classname="tests.WidgetsTests" time="1.723">
    <system-out><![CDATA[2025-09-04 18:14:50 [main] INFO  demoqaBase - Closing the Browser...
2025-09-04 18:14:50 [main] INFO  demoqaBase - Starting Web Browser...
2025-09-04 18:14:51 [main] INFO  demoqaBase - Navigating to demoqa.com Website
2025-09-04 18:14:51 [main] INFO  RetryUrlAccess - 🌐 Attempt 1: Navigating to https://demoqa.com
2025-09-04 18:15:14 [main] INFO  RetryUrlAccess - ✅ Successfully navigated to: https://demoqa.com
2025-09-04 18:15:14 [main] INFO  demoqaBase - 🧪 Starting Test Widgets|Auto Complete...
2025-09-04 18:15:14 [main] INFO  demoqaBase - Accessing Widgets Card...
Declared Instance WebDriverWait: org.openqa.selenium.support.ui.WebDriverWait@2d1eadd7
2025-09-04 18:15:14 [main] INFO  demoqaLog - Clicking on Widgets Card...
2025-09-04 18:15:15 [main] INFO  demoqaLog - ✅ JS click executed on element: {}
2025-09-04 18:15:15 [main] INFO  demoqaLog - Clicked on on Widgets Card...
Title of this Page is: DEMOQA
You are Accessing: Widgets
 
2025-09-04 18:15:15 [main] INFO  demoqaBase - Widgets: Please select an item from left to start practice.
2025-09-04 18:15:15 [main] INFO  demoqaBase - Clicking on Widgets|AutoComplete...
You are now Accessing: Auto Complete
2025-09-04 18:15:15 [main] INFO  demoqaBase - You are now Accessing: Auto Complete
Searching Colors using: Q
Expected Color to be selected is/are: [Aqua]
2025-09-04 18:15:15 [main] INFO  demoqaBase - 🔍 Running test for search character: Q
2025-09-04 18:15:15 [main] INFO  demoqaBase - Clicking on Widgets | Auto Complete | Type multiple color names...
Searching Colors using: Q
Expected Color to be selected is/are: [Aqua]
2025-09-04 18:15:15 [main] INFO  demoqaBase - You are now Accessing: Auto Complete
2025-09-04 18:15:16 [main] INFO  demoqaBase - Available Color: Aqua
2025-09-04 18:15:16 [main] INFO  demoqaLog - ✅ JS click executed on element: {}
2025-09-04 18:15:16 [main] INFO  demoqaBase - ✅ Selected Color: Aqua
2025-09-04 18:15:16 [main] INFO  demoqaBase - 🎯 Final selected colors: [Aqua]
2025-09-04 18:15:16 [main] INFO  demoqaBase - ✅ Widgets|Auto Complete Test Completed...
]]></system-out>
  </testcase>
  <testcase name="AutoCompleteSearch[ColorSelectionData{searchFor=&apos;R&apos;, expectedColors=[Red, Green, Purple]}](16)" classname="tests.WidgetsTests" time="2.747">
    <system-out><![CDATA[2025-09-04 18:15:16 [main] INFO  demoqaBase - Closing the Browser...
2025-09-04 18:15:16 [main] INFO  demoqaBase - Starting Web Browser...
2025-09-04 18:15:18 [main] INFO  demoqaBase - Navigating to demoqa.com Website
2025-09-04 18:15:18 [main] INFO  RetryUrlAccess - 🌐 Attempt 1: Navigating to https://demoqa.com
2025-09-04 18:15:28 [main] INFO  RetryUrlAccess - ✅ Successfully navigated to: https://demoqa.com
2025-09-04 18:15:28 [main] INFO  demoqaBase - 🧪 Starting Test Widgets|Auto Complete...
2025-09-04 18:15:28 [main] INFO  demoqaBase - Accessing Widgets Card...
Declared Instance WebDriverWait: org.openqa.selenium.support.ui.WebDriverWait@17013c40
2025-09-04 18:15:28 [main] INFO  demoqaLog - Clicking on Widgets Card...
2025-09-04 18:15:29 [main] INFO  demoqaLog - ✅ JS click executed on element: {}
2025-09-04 18:15:29 [main] INFO  demoqaLog - Clicked on on Widgets Card...
Title of this Page is: DEMOQA
You are Accessing: Widgets
 
2025-09-04 18:15:29 [main] INFO  demoqaBase - Widgets: Please select an item from left to start practice.
2025-09-04 18:15:29 [main] INFO  demoqaBase - Clicking on Widgets|AutoComplete...
You are now Accessing: Auto Complete
2025-09-04 18:15:29 [main] INFO  demoqaBase - You are now Accessing: Auto Complete
Searching Colors using: R
Expected Color to be selected is/are: [Red, Green, Purple]
2025-09-04 18:15:29 [main] INFO  demoqaBase - 🔍 Running test for search character: R
2025-09-04 18:15:29 [main] INFO  demoqaBase - Clicking on Widgets | Auto Complete | Type multiple color names...
Searching Colors using: R
Expected Color to be selected is/are: [Red, Green, Purple]
2025-09-04 18:15:29 [main] INFO  demoqaBase - You are now Accessing: Auto Complete
2025-09-04 18:15:30 [main] INFO  demoqaBase - Available Color: Red
2025-09-04 18:15:30 [main] INFO  demoqaLog - ✅ JS click executed on element: {}
2025-09-04 18:15:30 [main] INFO  demoqaBase - ✅ Selected Color: Red
2025-09-04 18:15:30 [main] INFO  demoqaBase - Available Color: Green
2025-09-04 18:15:30 [main] INFO  demoqaLog - ✅ JS click executed on element: {}
2025-09-04 18:15:30 [main] INFO  demoqaBase - ✅ Selected Color: Green
2025-09-04 18:15:31 [main] INFO  demoqaBase - Available Color: Purple
2025-09-04 18:15:31 [main] INFO  demoqaLog - ✅ JS click executed on element: {}
2025-09-04 18:15:31 [main] INFO  demoqaBase - ✅ Selected Color: Purple
2025-09-04 18:15:31 [main] INFO  demoqaBase - 🎯 Final selected colors: [Red, Green, Purple]
2025-09-04 18:15:31 [main] INFO  demoqaBase - ✅ Widgets|Auto Complete Test Completed...
]]></system-out>
  </testcase>
  <testcase name="AutoCompleteSearch[ColorSelectionData{searchFor=&apos;T&apos;, expectedColors=[White, Voilet, Magenta]}](17)" classname="tests.WidgetsTests" time="2.798">
    <system-out><![CDATA[2025-09-04 18:15:31 [main] INFO  demoqaBase - Closing the Browser...
2025-09-04 18:15:31 [main] INFO  demoqaBase - Starting Web Browser...
2025-09-04 18:15:33 [main] INFO  demoqaBase - Navigating to demoqa.com Website
2025-09-04 18:15:33 [main] INFO  RetryUrlAccess - 🌐 Attempt 1: Navigating to https://demoqa.com
2025-09-04 18:15:39 [main] INFO  RetryUrlAccess - ✅ Successfully navigated to: https://demoqa.com
2025-09-04 18:15:39 [main] INFO  demoqaBase - 🧪 Starting Test Widgets|Auto Complete...
2025-09-04 18:15:39 [main] INFO  demoqaBase - Accessing Widgets Card...
Declared Instance WebDriverWait: org.openqa.selenium.support.ui.WebDriverWait@3f8fa458
2025-09-04 18:15:39 [main] INFO  demoqaLog - Clicking on Widgets Card...
2025-09-04 18:15:40 [main] INFO  demoqaLog - ✅ JS click executed on element: {}
2025-09-04 18:15:40 [main] INFO  demoqaLog - Clicked on on Widgets Card...
Title of this Page is: DEMOQA
You are Accessing: Widgets
 
2025-09-04 18:15:40 [main] INFO  demoqaBase - Widgets: Please select an item from left to start practice.
2025-09-04 18:15:40 [main] INFO  demoqaBase - Clicking on Widgets|AutoComplete...
You are now Accessing: Auto Complete
2025-09-04 18:15:40 [main] INFO  demoqaBase - You are now Accessing: Auto Complete
Searching Colors using: T
Expected Color to be selected is/are: [White, Voilet, Magenta]
2025-09-04 18:15:40 [main] INFO  demoqaBase - 🔍 Running test for search character: T
2025-09-04 18:15:40 [main] INFO  demoqaBase - Clicking on Widgets | Auto Complete | Type multiple color names...
Searching Colors using: T
Expected Color to be selected is/are: [White, Voilet, Magenta]
2025-09-04 18:15:40 [main] INFO  demoqaBase - You are now Accessing: Auto Complete
2025-09-04 18:15:41 [main] INFO  demoqaBase - Available Color: White
2025-09-04 18:15:41 [main] INFO  demoqaLog - ✅ JS click executed on element: {}
2025-09-04 18:15:41 [main] INFO  demoqaBase - ✅ Selected Color: White
2025-09-04 18:15:41 [main] INFO  demoqaBase - Available Color: Voilet
2025-09-04 18:15:41 [main] INFO  demoqaLog - ✅ JS click executed on element: {}
2025-09-04 18:15:41 [main] INFO  demoqaBase - ✅ Selected Color: Voilet
2025-09-04 18:15:42 [main] INFO  demoqaBase - Available Color: Magenta
2025-09-04 18:15:42 [main] INFO  demoqaLog - ✅ JS click executed on element: {}
2025-09-04 18:15:42 [main] INFO  demoqaBase - ✅ Selected Color: Magenta
2025-09-04 18:15:42 [main] INFO  demoqaBase - 🎯 Final selected colors: [White, Voilet, Magenta]
2025-09-04 18:15:42 [main] INFO  demoqaBase - ✅ Widgets|Auto Complete Test Completed...
]]></system-out>
  </testcase>
  <testcase name="setUP" classname="tests.WidgetsTests" time="15.205">
    <failure message="Failed to navigate to https://demoqa.com after 3 attempts" type="java.lang.RuntimeException"><![CDATA[java.lang.RuntimeException: Failed to navigate to https://demoqa.com after 3 attempts
	at utils.RetryUrlAccess.navigateWithRetry(RetryUrlAccess.java:45)
	at base.demoqaBase.setUP(demoqaBase.java:105)
	at java.base/jdk.internal.reflect.DirectMethodHandleAccessor.invoke(DirectMethodHandleAccessor.java:103)
	at java.base/java.lang.reflect.Method.invoke(Method.java:580)
	at org.testng.internal.invokers.MethodInvocationHelper.invokeMethod(MethodInvocationHelper.java:141)
	at org.testng.internal.invokers.MethodInvocationHelper.invokeMethodConsideringTimeout(MethodInvocationHelper.java:71)
	at org.testng.internal.invokers.ConfigInvoker.invokeConfigurationMethod(ConfigInvoker.java:400)
	at org.testng.internal.invokers.ConfigInvoker.invokeConfigurations(ConfigInvoker.java:333)
	at org.testng.internal.invokers.TestInvoker.runConfigMethods(TestInvoker.java:836)
	at org.testng.internal.invokers.TestInvoker.invokeMethod(TestInvoker.java:601)
	at org.testng.internal.invokers.TestInvoker.invokeTestMethod(TestInvoker.java:230)
	at org.testng.internal.invokers.MethodRunner.runInSequence(MethodRunner.java:63)
	at org.testng.internal.invokers.TestInvoker$MethodInvocationAgent.invoke(TestInvoker.java:995)
	at org.testng.internal.invokers.TestInvoker.invokeTestMethods(TestInvoker.java:203)
	at org.testng.internal.invokers.TestMethodWorker.invokeTestMethods(TestMethodWorker.java:154)
	at org.testng.internal.invokers.TestMethodWorker.run(TestMethodWorker.java:134)
	at java.base/java.util.ArrayList.forEach(ArrayList.java:1596)
	at org.testng.TestRunner.privateRun(TestRunner.java:741)
	at org.testng.TestRunner.run(TestRunner.java:616)
	at org.testng.SuiteRunner.runTest(SuiteRunner.java:421)
	at org.testng.SuiteRunner.runSequentially(SuiteRunner.java:413)
	at org.testng.SuiteRunner.privateRun(SuiteRunner.java:373)
	at org.testng.SuiteRunner.run(SuiteRunner.java:312)
	at org.testng.SuiteRunnerWorker.runSuite(SuiteRunnerWorker.java:52)
	at org.testng.SuiteRunnerWorker.run(SuiteRunnerWorker.java:95)
	at org.testng.TestNG.runSuitesSequentially(TestNG.java:1274)
	at org.testng.TestNG.runSuitesLocally(TestNG.java:1208)
	at org.testng.TestNG.runSuites(TestNG.java:1112)
	at org.testng.TestNG.run(TestNG.java:1079)
	at org.apache.maven.surefire.testng.TestNGExecutor.run(TestNGExecutor.java:155)
	at org.apache.maven.surefire.testng.TestNGDirectoryTestSuite.executeMulti(TestNGDirectoryTestSuite.java:169)
	at org.apache.maven.surefire.testng.TestNGDirectoryTestSuite.execute(TestNGDirectoryTestSuite.java:88)
	at org.apache.maven.surefire.testng.TestNGProvider.invoke(TestNGProvider.java:137)
	at org.apache.maven.surefire.booter.ForkedBooter.runSuitesInProcess(ForkedBooter.java:385)
	at org.apache.maven.surefire.booter.ForkedBooter.execute(ForkedBooter.java:162)
	at org.apache.maven.surefire.booter.ForkedBooter.run(ForkedBooter.java:507)
	at org.apache.maven.surefire.booter.ForkedBooter.main(ForkedBooter.java:495)
]]></failure>
    <system-out><![CDATA[2025-09-04 18:15:42 [main] INFO  demoqaBase - Closing the Browser...
2025-09-04 18:15:43 [main] INFO  demoqaBase - Starting Web Browser...
2025-09-04 18:15:44 [main] INFO  demoqaBase - Navigating to demoqa.com Website
2025-09-04 18:15:44 [main] INFO  RetryUrlAccess - 🌐 Attempt 1: Navigating to https://demoqa.com
2025-09-04 18:15:45 [main] WARN  RetryUrlAccess - 🔁 Attempt 1 failed due to retryable error: detected error page after navigation
build info: version: '4.35.0', revision: '1c58e5028b'
system info: os.name: 'windows 11', os.arch: 'amd64', os.version: '10.0', java.version: '21.0.7'
driver info: driver.version: unknown. Retrying after 3000ms...
2025-09-04 18:15:48 [main] INFO  RetryUrlAccess - 🌐 Attempt 2: Navigating to https://demoqa.com
2025-09-04 18:15:48 [main] WARN  RetryUrlAccess - 🔁 Attempt 2 failed due to retryable error: detected error page after navigation
build info: version: '4.35.0', revision: '1c58e5028b'
system info: os.name: 'windows 11', os.arch: 'amd64', os.version: '10.0', java.version: '21.0.7'
driver info: driver.version: unknown. Retrying after 3000ms...
2025-09-04 18:15:51 [main] INFO  RetryUrlAccess - 🌐 Attempt 3: Navigating to https://demoqa.com
2025-09-04 18:15:51 [main] WARN  RetryUrlAccess - 🔁 Attempt 3 failed due to retryable error: detected error page after navigation
build info: version: '4.35.0', revision: '1c58e5028b'
system info: os.name: 'windows 11', os.arch: 'amd64', os.version: '10.0', java.version: '21.0.7'
driver info: driver.version: unknown. Retrying after 3000ms...
]]></system-out>
  </testcase>
  <testcase name="setUP" classname="tests.WidgetsTests" time="0.0">
    <skipped/>
  </testcase>
  <testcase name="setUP" classname="tests.WidgetsTests" time="0.0">
    <skipped/>
  </testcase>
  <testcase name="setUP" classname="tests.WidgetsTests" time="0.0">
    <skipped/>
  </testcase>
  <testcase name="setUP" classname="tests.WidgetsTests" time="0.0">
    <skipped/>
    <system-out><![CDATA[🧾 Row 1: {SearchFor=E, ExpectedColors=Green,Yellow}
🔍 Mapping field: searchFor | Excel Column: SearchFor | Value: E
🔍 Mapping field: expectedColorsRaw | Excel Column: ExpectedColors | Value: Green,Yellow
]]></system-out>
  </testcase>
  <testcase name="setUP" classname="tests.WidgetsTests" time="0.0">
    <skipped/>
  </testcase>
  <testcase name="setUP" classname="tests.WidgetsTests" time="0.0">
    <skipped/>
  </testcase>
  <testcase name="AutoCompleteSearch[ColorSelectionData{searchFor=&apos;U&apos;, expectedColors=[Blue, Purple, Aqua]}](18)" classname="tests.WidgetsTests" time="0.0">
    <skipped message="Failed to navigate to https://demoqa.com after 3 attempts"/>
  </testcase>
  <testcase name="tearDown" classname="tests.WidgetsTests" time="0.0">
    <skipped/>
  </testcase>
  <testcase name="tearDown" classname="tests.WidgetsTests" time="0.0">
    <skipped/>
  </testcase>
  <testcase name="tearDown" classname="tests.WidgetsTests" time="0.0">
    <skipped/>
  </testcase>
  <testcase name="tearDown" classname="tests.WidgetsTests" time="0.0">
    <skipped/>
  </testcase>
  <testcase name="tearDown" classname="tests.WidgetsTests" time="0.0">
    <skipped/>
  </testcase>
  <testcase name="tearDown" classname="tests.WidgetsTests" time="0.0">
    <skipped/>
  </testcase>
  <testcase name="tearDown" classname="tests.WidgetsTests" time="0.0">
    <skipped/>
  </testcase>
  <testcase name="AutoCompleteSearch[ColorSelectionData{searchFor=&apos;V&apos;, expectedColors=[Voilet]}](19)" classname="tests.WidgetsTests" time="0.0">
    <skipped message="Failed to navigate to https://demoqa.com after 3 attempts"/>
  </testcase>
  <testcase name="AutoCompleteSearch[ColorSelectionData{searchFor=&apos;W&apos;, expectedColors=[Yellow, White]}](20)" classname="tests.WidgetsTests" time="0.0">
    <skipped message="Failed to navigate to https://demoqa.com after 3 attempts"/>
  </testcase>
  <testcase name="AutoCompleteSearch[ColorSelectionData{searchFor=&apos;Y&apos;, expectedColors=[Yellow]}](21)" classname="tests.WidgetsTests" time="0.0">
    <skipped message="Failed to navigate to https://demoqa.com after 3 attempts"/>
  </testcase>
  <testcase name="AutoCompleteSearchRemove[ColorSelectionData{searchFor=&apos;E&apos;, expectedColors=[Green, Yellow]}](1)" classname="tests.WidgetsTests" time="0.0">
    <skipped message="Failed to navigate to https://demoqa.com after 3 attempts"/>
  </testcase>
  <testcase name="AutoCompleteSingle[E, Green](1)" classname="tests.WidgetsTests" time="0.0">
    <skipped message="Failed to navigate to https://demoqa.com after 3 attempts"/>
  </testcase>
  <testcase name="SingleAddRemove[E, Green](1)" classname="tests.WidgetsTests" time="0.0">
    <skipped message="Failed to navigate to https://demoqa.com after 3 attempts"/>
  </testcase>
</testsuite>