<?xml version="1.0" encoding="UTF-8"?>
<testsuite xmlns:xsi="http://www.w3.org/2001/XMLSchema-instance" xsi:noNamespaceSchemaLocation="https://maven.apache.org/surefire/maven-surefire-plugin/xsd/surefire-test-report-3.0.xsd" version="3.0" name="TestSuite" time="8192.619" tests="123" errors="0" skipped="0" failures="2">
  <properties>
    <property name="java.specification.version" value="21"/>
    <property name="sun.cpu.isalist" value="amd64"/>
    <property name="sun.jnu.encoding" value="Cp1252"/>
    <property name="java.class.path" value="C:\ASN\eclipse_workspace\demoqa-automation\target\test-classes;C:\ASN\eclipse_workspace\demoqa-automation\target\classes;C:\Users\dell\.m2\repository\org\seleniumhq\selenium\selenium-java\4.35.0\selenium-java-4.35.0.jar;C:\Users\dell\.m2\repository\org\seleniumhq\selenium\selenium-api\4.35.0\selenium-api-4.35.0.jar;C:\Users\dell\.m2\repository\org\jspecify\jspecify\1.0.0\jspecify-1.0.0.jar;C:\Users\dell\.m2\repository\org\seleniumhq\selenium\selenium-chrome-driver\4.35.0\selenium-chrome-driver-4.35.0.jar;C:\Users\dell\.m2\repository\com\google\auto\service\auto-service-annotations\1.1.1\auto-service-annotations-1.1.1.jar;C:\Users\dell\.m2\repository\org\seleniumhq\selenium\selenium-chromium-driver\4.35.0\selenium-chromium-driver-4.35.0.jar;C:\Users\dell\.m2\repository\org\seleniumhq\selenium\selenium-devtools-v137\4.35.0\selenium-devtools-v137-4.35.0.jar;C:\Users\dell\.m2\repository\org\seleniumhq\selenium\selenium-devtools-v138\4.35.0\selenium-devtools-v138-4.35.0.jar;C:\Users\dell\.m2\repository\org\seleniumhq\selenium\selenium-devtools-v139\4.35.0\selenium-devtools-v139-4.35.0.jar;C:\Users\dell\.m2\repository\org\seleniumhq\selenium\selenium-edge-driver\4.35.0\selenium-edge-driver-4.35.0.jar;C:\Users\dell\.m2\repository\org\seleniumhq\selenium\selenium-firefox-driver\4.35.0\selenium-firefox-driver-4.35.0.jar;C:\Users\dell\.m2\repository\org\seleniumhq\selenium\selenium-http\4.35.0\selenium-http-4.35.0.jar;C:\Users\dell\.m2\repository\org\seleniumhq\selenium\selenium-ie-driver\4.35.0\selenium-ie-driver-4.35.0.jar;C:\Users\dell\.m2\repository\org\seleniumhq\selenium\selenium-remote-driver\4.35.0\selenium-remote-driver-4.35.0.jar;C:\Users\dell\.m2\repository\com\google\guava\guava\33.4.8-jre\guava-33.4.8-jre.jar;C:\Users\dell\.m2\repository\com\google\guava\failureaccess\1.0.3\failureaccess-1.0.3.jar;C:\Users\dell\.m2\repository\com\google\guava\listenablefuture\9999.0-empty-to-avoid-conflict-with-guava\listenablefuture-9999.0-empty-to-avoid-conflict-with-guava.jar;C:\Users\dell\.m2\repository\com\google\errorprone\error_prone_annotations\2.36.0\error_prone_annotations-2.36.0.jar;C:\Users\dell\.m2\repository\com\google\j2objc\j2objc-annotations\3.0.0\j2objc-annotations-3.0.0.jar;C:\Users\dell\.m2\repository\io\opentelemetry\opentelemetry-api\1.53.0\opentelemetry-api-1.53.0.jar;C:\Users\dell\.m2\repository\io\opentelemetry\opentelemetry-context\1.53.0\opentelemetry-context-1.53.0.jar;C:\Users\dell\.m2\repository\io\opentelemetry\opentelemetry-common\1.53.0\opentelemetry-common-1.53.0.jar;C:\Users\dell\.m2\repository\io\opentelemetry\opentelemetry-exporter-logging\1.53.0\opentelemetry-exporter-logging-1.53.0.jar;C:\Users\dell\.m2\repository\io\opentelemetry\opentelemetry-sdk-common\1.53.0\opentelemetry-sdk-common-1.53.0.jar;C:\Users\dell\.m2\repository\io\opentelemetry\opentelemetry-sdk-extension-autoconfigure-spi\1.53.0\opentelemetry-sdk-extension-autoconfigure-spi-1.53.0.jar;C:\Users\dell\.m2\repository\io\opentelemetry\opentelemetry-sdk-extension-autoconfigure\1.53.0\opentelemetry-sdk-extension-autoconfigure-1.53.0.jar;C:\Users\dell\.m2\repository\io\opentelemetry\opentelemetry-sdk-trace\1.53.0\opentelemetry-sdk-trace-1.53.0.jar;C:\Users\dell\.m2\repository\io\opentelemetry\opentelemetry-sdk\1.53.0\opentelemetry-sdk-1.53.0.jar;C:\Users\dell\.m2\repository\io\opentelemetry\opentelemetry-sdk-metrics\1.53.0\opentelemetry-sdk-metrics-1.53.0.jar;C:\Users\dell\.m2\repository\io\opentelemetry\opentelemetry-sdk-logs\1.53.0\opentelemetry-sdk-logs-1.53.0.jar;C:\Users\dell\.m2\repository\net\bytebuddy\byte-buddy\1.17.6\byte-buddy-1.17.6.jar;C:\Users\dell\.m2\repository\org\seleniumhq\selenium\selenium-safari-driver\4.35.0\selenium-safari-driver-4.35.0.jar;C:\Users\dell\.m2\repository\org\seleniumhq\selenium\selenium-support\4.35.0\selenium-support-4.35.0.jar;C:\Users\dell\.m2\repository\org\seleniumhq\selenium\selenium-manager\4.35.0\selenium-manager-4.35.0.jar;C:\Users\dell\.m2\repository\org\seleniumhq\selenium\selenium-json\4.35.0\selenium-json-4.35.0.jar;C:\Users\dell\.m2\repository\org\seleniumhq\selenium\selenium-os\4.35.0\selenium-os-4.35.0.jar;C:\Users\dell\.m2\repository\org\apache\commons\commons-exec\1.5.0\commons-exec-1.5.0.jar;C:\Users\dell\.m2\repository\org\testng\testng\7.11.0\testng-7.11.0.jar;C:\Users\dell\.m2\repository\org\slf4j\slf4j-api\2.0.16\slf4j-api-2.0.16.jar;C:\Users\dell\.m2\repository\org\jcommander\jcommander\1.83\jcommander-1.83.jar;C:\Users\dell\.m2\repository\org\webjars\jquery\3.7.1\jquery-3.7.1.jar;C:\Users\dell\.m2\repository\org\apache\logging\log4j\log4j-core\2.24.3\log4j-core-2.24.3.jar;C:\Users\dell\.m2\repository\org\apache\logging\log4j\log4j-api\2.24.3\log4j-api-2.24.3.jar;C:\Users\dell\.m2\repository\com\aventstack\extentreports\5.0.9\extentreports-5.0.9.jar;C:\Users\dell\.m2\repository\io\reactivex\rxjava3\rxjava\3.0.4\rxjava-3.0.4.jar;C:\Users\dell\.m2\repository\org\reactivestreams\reactive-streams\1.0.3\reactive-streams-1.0.3.jar;C:\Users\dell\.m2\repository\org\freemarker\freemarker\2.3.30\freemarker-2.3.30.jar;C:\Users\dell\.m2\repository\com\google\code\gson\gson\2.8.6\gson-2.8.6.jar;C:\Users\dell\.m2\repository\commons-io\commons-io\2.19.0\commons-io-2.19.0.jar;C:\Users\dell\.m2\repository\org\apache\poi\poi-ooxml\5.4.1\poi-ooxml-5.4.1.jar;C:\Users\dell\.m2\repository\org\apache\poi\poi\5.4.1\poi-5.4.1.jar;C:\Users\dell\.m2\repository\commons-codec\commons-codec\1.18.0\commons-codec-1.18.0.jar;C:\Users\dell\.m2\repository\org\apache\commons\commons-math3\3.6.1\commons-math3-3.6.1.jar;C:\Users\dell\.m2\repository\com\zaxxer\SparseBitSet\1.3\SparseBitSet-1.3.jar;C:\Users\dell\.m2\repository\org\apache\poi\poi-ooxml-lite\5.4.1\poi-ooxml-lite-5.4.1.jar;C:\Users\dell\.m2\repository\org\apache\xmlbeans\xmlbeans\5.3.0\xmlbeans-5.3.0.jar;C:\Users\dell\.m2\repository\org\apache\commons\commons-compress\1.27.1\commons-compress-1.27.1.jar;C:\Users\dell\.m2\repository\org\apache\commons\commons-lang3\3.16.0\commons-lang3-3.16.0.jar;C:\Users\dell\.m2\repository\com\github\virtuald\curvesapi\1.08\curvesapi-1.08.jar;C:\Users\dell\.m2\repository\org\apache\commons\commons-collections4\4.4\commons-collections4-4.4.jar;C:\Users\dell\.m2\repository\com\sun\mail\jakarta.mail\2.0.1\jakarta.mail-2.0.1.jar;C:\Users\dell\.m2\repository\com\sun\activation\jakarta.activation\2.0.1\jakarta.activation-2.0.1.jar;C:\Users\dell\.m2\repository\org\projectlombok\lombok\1.18.30\lombok-1.18.30.jar;"/>
    <property name="java.vm.vendor" value="Oracle Corporation"/>
    <property name="sun.arch.data.model" value="64"/>
    <property name="user.variant" value=""/>
    <property name="java.vendor.url" value="https://java.oracle.com/"/>
    <property name="user.timezone" value="Asia/Calcutta"/>
    <property name="os.name" value="Windows 11"/>
    <property name="java.vm.specification.version" value="21"/>
    <property name="sun.java.launcher" value="SUN_STANDARD"/>
    <property name="user.country" value="IN"/>
    <property name="sun.boot.library.path" value="C:\Program Files\Java\jdk-21\bin"/>
    <property name="sun.java.command" value="C:\Users\dell\AppData\Local\Temp\surefire11586215893419081671\surefirebooter-20250912191718577_3.jar C:\Users\dell\AppData\Local\Temp\surefire11586215893419081671 2025-09-12T19-17-18_369-jvmRun1 surefire-20250912191718577_1tmp surefire_0-20250912191718577_2tmp"/>
    <property name="jdk.debug" value="release"/>
    <property name="surefire.test.class.path" value="C:\ASN\eclipse_workspace\demoqa-automation\target\test-classes;C:\ASN\eclipse_workspace\demoqa-automation\target\classes;C:\Users\dell\.m2\repository\org\seleniumhq\selenium\selenium-java\4.35.0\selenium-java-4.35.0.jar;C:\Users\dell\.m2\repository\org\seleniumhq\selenium\selenium-api\4.35.0\selenium-api-4.35.0.jar;C:\Users\dell\.m2\repository\org\jspecify\jspecify\1.0.0\jspecify-1.0.0.jar;C:\Users\dell\.m2\repository\org\seleniumhq\selenium\selenium-chrome-driver\4.35.0\selenium-chrome-driver-4.35.0.jar;C:\Users\dell\.m2\repository\com\google\auto\service\auto-service-annotations\1.1.1\auto-service-annotations-1.1.1.jar;C:\Users\dell\.m2\repository\org\seleniumhq\selenium\selenium-chromium-driver\4.35.0\selenium-chromium-driver-4.35.0.jar;C:\Users\dell\.m2\repository\org\seleniumhq\selenium\selenium-devtools-v137\4.35.0\selenium-devtools-v137-4.35.0.jar;C:\Users\dell\.m2\repository\org\seleniumhq\selenium\selenium-devtools-v138\4.35.0\selenium-devtools-v138-4.35.0.jar;C:\Users\dell\.m2\repository\org\seleniumhq\selenium\selenium-devtools-v139\4.35.0\selenium-devtools-v139-4.35.0.jar;C:\Users\dell\.m2\repository\org\seleniumhq\selenium\selenium-edge-driver\4.35.0\selenium-edge-driver-4.35.0.jar;C:\Users\dell\.m2\repository\org\seleniumhq\selenium\selenium-firefox-driver\4.35.0\selenium-firefox-driver-4.35.0.jar;C:\Users\dell\.m2\repository\org\seleniumhq\selenium\selenium-http\4.35.0\selenium-http-4.35.0.jar;C:\Users\dell\.m2\repository\org\seleniumhq\selenium\selenium-ie-driver\4.35.0\selenium-ie-driver-4.35.0.jar;C:\Users\dell\.m2\repository\org\seleniumhq\selenium\selenium-remote-driver\4.35.0\selenium-remote-driver-4.35.0.jar;C:\Users\dell\.m2\repository\com\google\guava\guava\33.4.8-jre\guava-33.4.8-jre.jar;C:\Users\dell\.m2\repository\com\google\guava\failureaccess\1.0.3\failureaccess-1.0.3.jar;C:\Users\dell\.m2\repository\com\google\guava\listenablefuture\9999.0-empty-to-avoid-conflict-with-guava\listenablefuture-9999.0-empty-to-avoid-conflict-with-guava.jar;C:\Users\dell\.m2\repository\com\google\errorprone\error_prone_annotations\2.36.0\error_prone_annotations-2.36.0.jar;C:\Users\dell\.m2\repository\com\google\j2objc\j2objc-annotations\3.0.0\j2objc-annotations-3.0.0.jar;C:\Users\dell\.m2\repository\io\opentelemetry\opentelemetry-api\1.53.0\opentelemetry-api-1.53.0.jar;C:\Users\dell\.m2\repository\io\opentelemetry\opentelemetry-context\1.53.0\opentelemetry-context-1.53.0.jar;C:\Users\dell\.m2\repository\io\opentelemetry\opentelemetry-common\1.53.0\opentelemetry-common-1.53.0.jar;C:\Users\dell\.m2\repository\io\opentelemetry\opentelemetry-exporter-logging\1.53.0\opentelemetry-exporter-logging-1.53.0.jar;C:\Users\dell\.m2\repository\io\opentelemetry\opentelemetry-sdk-common\1.53.0\opentelemetry-sdk-common-1.53.0.jar;C:\Users\dell\.m2\repository\io\opentelemetry\opentelemetry-sdk-extension-autoconfigure-spi\1.53.0\opentelemetry-sdk-extension-autoconfigure-spi-1.53.0.jar;C:\Users\dell\.m2\repository\io\opentelemetry\opentelemetry-sdk-extension-autoconfigure\1.53.0\opentelemetry-sdk-extension-autoconfigure-1.53.0.jar;C:\Users\dell\.m2\repository\io\opentelemetry\opentelemetry-sdk-trace\1.53.0\opentelemetry-sdk-trace-1.53.0.jar;C:\Users\dell\.m2\repository\io\opentelemetry\opentelemetry-sdk\1.53.0\opentelemetry-sdk-1.53.0.jar;C:\Users\dell\.m2\repository\io\opentelemetry\opentelemetry-sdk-metrics\1.53.0\opentelemetry-sdk-metrics-1.53.0.jar;C:\Users\dell\.m2\repository\io\opentelemetry\opentelemetry-sdk-logs\1.53.0\opentelemetry-sdk-logs-1.53.0.jar;C:\Users\dell\.m2\repository\net\bytebuddy\byte-buddy\1.17.6\byte-buddy-1.17.6.jar;C:\Users\dell\.m2\repository\org\seleniumhq\selenium\selenium-safari-driver\4.35.0\selenium-safari-driver-4.35.0.jar;C:\Users\dell\.m2\repository\org\seleniumhq\selenium\selenium-support\4.35.0\selenium-support-4.35.0.jar;C:\Users\dell\.m2\repository\org\seleniumhq\selenium\selenium-manager\4.35.0\selenium-manager-4.35.0.jar;C:\Users\dell\.m2\repository\org\seleniumhq\selenium\selenium-json\4.35.0\selenium-json-4.35.0.jar;C:\Users\dell\.m2\repository\org\seleniumhq\selenium\selenium-os\4.35.0\selenium-os-4.35.0.jar;C:\Users\dell\.m2\repository\org\apache\commons\commons-exec\1.5.0\commons-exec-1.5.0.jar;C:\Users\dell\.m2\repository\org\testng\testng\7.11.0\testng-7.11.0.jar;C:\Users\dell\.m2\repository\org\slf4j\slf4j-api\2.0.16\slf4j-api-2.0.16.jar;C:\Users\dell\.m2\repository\org\jcommander\jcommander\1.83\jcommander-1.83.jar;C:\Users\dell\.m2\repository\org\webjars\jquery\3.7.1\jquery-3.7.1.jar;C:\Users\dell\.m2\repository\org\apache\logging\log4j\log4j-core\2.24.3\log4j-core-2.24.3.jar;C:\Users\dell\.m2\repository\org\apache\logging\log4j\log4j-api\2.24.3\log4j-api-2.24.3.jar;C:\Users\dell\.m2\repository\com\aventstack\extentreports\5.0.9\extentreports-5.0.9.jar;C:\Users\dell\.m2\repository\io\reactivex\rxjava3\rxjava\3.0.4\rxjava-3.0.4.jar;C:\Users\dell\.m2\repository\org\reactivestreams\reactive-streams\1.0.3\reactive-streams-1.0.3.jar;C:\Users\dell\.m2\repository\org\freemarker\freemarker\2.3.30\freemarker-2.3.30.jar;C:\Users\dell\.m2\repository\com\google\code\gson\gson\2.8.6\gson-2.8.6.jar;C:\Users\dell\.m2\repository\commons-io\commons-io\2.19.0\commons-io-2.19.0.jar;C:\Users\dell\.m2\repository\org\apache\poi\poi-ooxml\5.4.1\poi-ooxml-5.4.1.jar;C:\Users\dell\.m2\repository\org\apache\poi\poi\5.4.1\poi-5.4.1.jar;C:\Users\dell\.m2\repository\commons-codec\commons-codec\1.18.0\commons-codec-1.18.0.jar;C:\Users\dell\.m2\repository\org\apache\commons\commons-math3\3.6.1\commons-math3-3.6.1.jar;C:\Users\dell\.m2\repository\com\zaxxer\SparseBitSet\1.3\SparseBitSet-1.3.jar;C:\Users\dell\.m2\repository\org\apache\poi\poi-ooxml-lite\5.4.1\poi-ooxml-lite-5.4.1.jar;C:\Users\dell\.m2\repository\org\apache\xmlbeans\xmlbeans\5.3.0\xmlbeans-5.3.0.jar;C:\Users\dell\.m2\repository\org\apache\commons\commons-compress\1.27.1\commons-compress-1.27.1.jar;C:\Users\dell\.m2\repository\org\apache\commons\commons-lang3\3.16.0\commons-lang3-3.16.0.jar;C:\Users\dell\.m2\repository\com\github\virtuald\curvesapi\1.08\curvesapi-1.08.jar;C:\Users\dell\.m2\repository\org\apache\commons\commons-collections4\4.4\commons-collections4-4.4.jar;C:\Users\dell\.m2\repository\com\sun\mail\jakarta.mail\2.0.1\jakarta.mail-2.0.1.jar;C:\Users\dell\.m2\repository\com\sun\activation\jakarta.activation\2.0.1\jakarta.activation-2.0.1.jar;C:\Users\dell\.m2\repository\org\projectlombok\lombok\1.18.30\lombok-1.18.30.jar;"/>
    <property name="sun.cpu.endian" value="little"/>
    <property name="user.home" value="C:\Users\dell"/>
    <property name="user.language" value="en"/>
    <property name="java.specification.vendor" value="Oracle Corporation"/>
    <property name="java.version.date" value="2025-04-15"/>
    <property name="java.home" value="C:\Program Files\Java\jdk-21"/>
    <property name="file.separator" value="\"/>
    <property name="basedir" value="C:\ASN\eclipse_workspace\demoqa-automation"/>
    <property name="java.vm.compressedOopsMode" value="32-bit"/>
    <property name="line.separator" value="&#10;"/>
    <property name="java.vm.specification.vendor" value="Oracle Corporation"/>
    <property name="java.specification.name" value="Java Platform API Specification"/>
    <property name="surefire.real.class.path" value="C:\Users\dell\AppData\Local\Temp\surefire11586215893419081671\surefirebooter-20250912191718577_3.jar"/>
    <property name="user.script" value=""/>
    <property name="sun.management.compiler" value="HotSpot 64-Bit Tiered Compilers"/>
    <property name="java.runtime.version" value="21.0.7+8-LTS-245"/>
    <property name="user.name" value="dell"/>
    <property name="stdout.encoding" value="Cp1252"/>
    <property name="path.separator" value=";"/>
    <property name="os.version" value="10.0"/>
    <property name="java.runtime.name" value="Java(TM) SE Runtime Environment"/>
    <property name="file.encoding" value="UTF-8"/>
    <property name="java.vm.name" value="Java HotSpot(TM) 64-Bit Server VM"/>
    <property name="localRepository" value="C:\Users\dell\.m2\repository"/>
    <property name="java.vendor.url.bug" value="https://bugreport.java.com/bugreport/"/>
    <property name="java.io.tmpdir" value="C:\Users\dell\AppData\Local\Temp\"/>
    <property name="java.version" value="21.0.7"/>
    <property name="user.dir" value="C:\ASN\eclipse_workspace\demoqa-automation"/>
    <property name="os.arch" value="amd64"/>
    <property name="java.vm.specification.name" value="Java Virtual Machine Specification"/>
    <property name="sun.os.patch.level" value=""/>
    <property name="native.encoding" value="Cp1252"/>
    <property name="java.library.path" value="C:\Program Files\Java\jdk-21\bin;C:\WINDOWS\Sun\Java\bin;C:\WINDOWS\system32;C:\WINDOWS;C:\Program Files\Python313\Scripts\;C:\Program Files\Python313\;C:\Program Files\Common Files\Oracle\Java\javapath;C:\WINDOWS\system32;C:\WINDOWS;C:\WINDOWS\System32\Wbem;C:\WINDOWS\System32\WindowsPowerShell\v1.0\;C:\WINDOWS\System32\OpenSSH\;C:\Program Files\dotnet\;C:\Program Files\Java\jdk-17\bin;C:\ProgramData\Oracle\Java\javapath;C:\Program Files\PowerShell\7\;C:\Program Files\Java\jdk-21\bin;C:\ASN\apache-maven-3.9.9\bin;C:\Program Files\Git\cmd;C:\Users\dell\AppData\Local\Programs\Python\Python313\Scripts\;C:\Users\dell\AppData\Local\Programs\Python\Python313\;C:\Users\dell\AppData\Local\Programs\Python\Python310\Scripts\;C:\Users\dell\AppData\Local\Programs\Python\Python310\;C:\Users\dell\AppData\Local\Microsoft\WindowsApps;C:\Program Files\JetBrains\PyCharm Community Edition 2022.1.1\bin;;C:\Users\dell\AppData\Local\GitHubDesktop\bin;C:\Users\dell\AppData\Local\Programs\Microsoft VS Code\bin;C:\Users\dell\.dotnet\tools;."/>
    <property name="java.vm.info" value="mixed mode, sharing"/>
    <property name="stderr.encoding" value="Cp1252"/>
    <property name="java.vendor" value="Oracle Corporation"/>
    <property name="java.vm.version" value="21.0.7+8-LTS-245"/>
    <property name="sun.io.unicode.encoding" value="UnicodeLittle"/>
    <property name="java.class.version" value="65.0"/>
  </properties>
  <testcase name="accessAlertsFrameWindows" classname="tests.AlertsFramesWindowsTests" time="0.313">
    <system-out><![CDATA[2025-09-12T13:47:20.374604200Z main INFO Starting configuration XmlConfiguration[location=C:\ASN\eclipse_workspace\demoqa-automation\target\classes\log4j2.xml, lastModified=2025-09-11T04:15:37.379Z]...
2025-09-12T13:47:20.377257Z main INFO Start watching for changes to C:\ASN\eclipse_workspace\demoqa-automation\target\classes\log4j2.xml every 0 seconds
2025-09-12T13:47:20.377257Z main INFO Configuration XmlConfiguration[location=C:\ASN\eclipse_workspace\demoqa-automation\target\classes\log4j2.xml, lastModified=2025-09-11T04:15:37.379Z] started.
2025-09-12T13:47:20.382693Z main INFO Stopping configuration org.apache.logging.log4j.core.config.DefaultConfiguration@46cdf8bd...
2025-09-12T13:47:20.382693Z main INFO Configuration org.apache.logging.log4j.core.config.DefaultConfiguration@46cdf8bd stopped.
2025-09-12 19:17:21 [main] INFO  DriverFactory - 🌐 Starting Chrome Web Browser...
2025-09-12 19:17:21 [main] INFO  DriverFactory - ✅ Created temporary Chrome profile at C:\Users\dell\AppData\Local\Temp\chrome-profile-14573859970414270173
2025-09-12 19:17:24 [main] INFO  DriverFactory - 🚀 WebDriver started successfully
2025-09-12 19:17:24 [main] INFO  RetryUrlAccess - Navigating to URL (attempt 1): https://demoqa.com
2025-09-12 19:17:45 [main] INFO  demoqaBase - 🧪 Starting Test Alerts, Frames & Windows...
2025-09-12 19:17:45 [main] INFO  demoqaBase - Accessing Alerts, Frame & Windows Card...
Declared Instance WebDriverWait: org.openqa.selenium.support.ui.WebDriverWait@27c04377
2025-09-12 19:17:45 [main] INFO  demoqaLog - Clicking on Alert Frame & Windows Card...
🔹 Trying JS click by locator (attempt 1)
2025-09-12 19:17:45 [main] INFO  demoqaLog - 🔹 Trying JS click by locator (attempt 1)
🔹 Attempting JS click...
2025-09-12 19:17:45 [main] INFO  demoqaLog - 🔹 Attempting JS click...
2025-09-12 19:17:45 [main] INFO  demoqaLog - Clicked on Alert Frame & Windows Card...
Title of this Page is: DEMOQA
You are Accessing: Alerts, Frame & Windows
2025-09-12 19:17:45 [main] INFO  demoqaBase - Alerts, Frame & Windows Card: Please select an item from left to start practice.
2025-09-12 19:17:45 [main] INFO  demoqaBase - ✅ Alerts, Frames & Windows Test Completed...
]]></system-out>
    <system-err><![CDATA[SLF4J(W): No SLF4J providers were found.
SLF4J(W): Defaulting to no-operation (NOP) logger implementation
SLF4J(W): See https://www.slf4j.org/codes.html#noProviders for further details.
]]></system-err>
  </testcase>
  <testcase name="browserWindows" classname="tests.AlertsFramesWindowsTests" time="0.435">
    <system-out><![CDATA[2025-09-12 19:17:45 [main] INFO  demoqaBase - Closing browser for test: accessAlertsFrameWindows
2025-09-12 19:17:46 [main] INFO  DriverFactory - 🌐 Starting Chrome Web Browser...
2025-09-12 19:17:46 [main] INFO  DriverFactory - ✅ Created temporary Chrome profile at C:\Users\dell\AppData\Local\Temp\chrome-profile-18181503659697398287
2025-09-12 19:17:47 [main] INFO  DriverFactory - 🚀 WebDriver started successfully
2025-09-12 19:17:47 [main] INFO  RetryUrlAccess - Navigating to URL (attempt 1): https://demoqa.com
2025-09-12 19:18:21 [main] INFO  demoqaBase - 🧪 Starting Test Alerts, Frames & Windows...
2025-09-12 19:18:21 [main] INFO  demoqaBase - Accessing Alerts, Frame & Windows Card...
Declared Instance WebDriverWait: org.openqa.selenium.support.ui.WebDriverWait@1686f0b4
2025-09-12 19:18:21 [main] INFO  demoqaLog - Clicking on Alert Frame & Windows Card...
🔹 Trying JS click by locator (attempt 1)
2025-09-12 19:18:21 [main] INFO  demoqaLog - 🔹 Trying JS click by locator (attempt 1)
🔹 Attempting JS click...
2025-09-12 19:18:21 [main] INFO  demoqaLog - 🔹 Attempting JS click...
2025-09-12 19:18:21 [main] INFO  demoqaLog - Clicked on Alert Frame & Windows Card...
Title of this Page is: DEMOQA
You are Accessing: Alerts, Frame & Windows
2025-09-12 19:18:21 [main] INFO  demoqaBase - Alerts, Frame & Windows Card: Please select an item from left to start practice.
2025-09-12 19:18:21 [main] INFO  demoqaBase - Clicking on Alerts, Frame & Windows Card|Browser Windows...
You are now Accessing: Browser Windows
2025-09-12 19:18:21 [main] INFO  demoqaBase - You are now Accessing: Browser Windows
2025-09-12 19:18:21 [main] INFO  demoqaBase - ✅ Alerts, Frames & Windows|Browser Windows Test Completed...
]]></system-out>
  </testcase>
  <testcase name="browserWindowsNewTab" classname="tests.AlertsFramesWindowsTests" time="1.01">
    <system-out><![CDATA[2025-09-12 19:18:21 [main] INFO  demoqaBase - Closing browser for test: browserWindows
2025-09-12 19:18:21 [main] INFO  DriverFactory - 🌐 Starting Chrome Web Browser...
2025-09-12 19:18:21 [main] INFO  DriverFactory - ✅ Created temporary Chrome profile at C:\Users\dell\AppData\Local\Temp\chrome-profile-6105852749349634293
2025-09-12 19:18:22 [main] INFO  DriverFactory - 🚀 WebDriver started successfully
2025-09-12 19:18:22 [main] INFO  RetryUrlAccess - Navigating to URL (attempt 1): https://demoqa.com
2025-09-12 19:19:05 [main] INFO  demoqaBase - 🧪 Starting Test Alerts, Frames & Windows|New Tab...
2025-09-12 19:19:05 [main] INFO  demoqaBase - Accessing Alerts, Frame & Windows Card...
Declared Instance WebDriverWait: org.openqa.selenium.support.ui.WebDriverWait@367b22e5
2025-09-12 19:19:05 [main] INFO  demoqaLog - Clicking on Alert Frame & Windows Card...
🔹 Trying JS click by locator (attempt 1)
2025-09-12 19:19:05 [main] INFO  demoqaLog - 🔹 Trying JS click by locator (attempt 1)
🔹 Attempting JS click...
2025-09-12 19:19:05 [main] INFO  demoqaLog - 🔹 Attempting JS click...
2025-09-12 19:19:05 [main] INFO  demoqaLog - Clicked on Alert Frame & Windows Card...
Title of this Page is: DEMOQA
You are Accessing: Alerts, Frame & Windows
2025-09-12 19:19:06 [main] INFO  demoqaBase - Alerts, Frame & Windows Card: Please select an item from left to start practice.
2025-09-12 19:19:06 [main] INFO  demoqaBase - Clicking on Alerts, Frame & Windows Card|Browser Windows...
You are now Accessing: Browser Windows
2025-09-12 19:19:06 [main] INFO  demoqaBase - You are now Accessing: Browser Windows
2025-09-12 19:19:06 [main] INFO  demoqaBase - Initiating New Tab click sequence...
2025-09-12 19:19:06 [main] INFO  demoqaBase - Clicked New Tab button
2025-09-12 19:19:06 [main] INFO  demoqaBase - Switched to new tab: FA8DEDD0E9710B94DEBBEF59CB6E03F2
2025-09-12 19:19:06 [main] INFO  demoqaBase - New tab content: 'This is a sample page'
You are now accessing: This is a sample page
2025-09-12 19:19:06 [main] INFO  demoqaBase - ✅ Alerts, Frames & Windows|Browser Windows|New Tab Test Completed...
]]></system-out>
  </testcase>
  <testcase name="browserWindowsNewWindow" classname="tests.AlertsFramesWindowsTests" time="2.158">
    <system-out><![CDATA[2025-09-12 19:19:06 [main] INFO  demoqaBase - Closing browser for test: browserWindowsNewTab
2025-09-12 19:19:07 [main] INFO  DriverFactory - 🌐 Starting Chrome Web Browser...
2025-09-12 19:19:07 [main] INFO  DriverFactory - ✅ Created temporary Chrome profile at C:\Users\dell\AppData\Local\Temp\chrome-profile-2240211626280911573
2025-09-12 19:19:08 [main] INFO  DriverFactory - 🚀 WebDriver started successfully
2025-09-12 19:19:08 [main] INFO  RetryUrlAccess - Navigating to URL (attempt 1): https://demoqa.com
2025-09-12 19:20:08 [main] WARN  RetryUrlAccess - Navigation attempt 1 failed: timeout: Timed out receiving message from renderer: 59.077
  (Session info: chrome=137.0.7151.120)
Build info: version: '4.35.0', revision: '1c58e5028b'
System info: os.name: 'Windows 11', os.arch: 'amd64', os.version: '10.0', java.version: '21.0.7'
Driver info: org.openqa.selenium.chrome.ChromeDriver
Command: [721b1c04b9c20beaba76386086eb4db5, get {url=https://demoqa.com}]
Capabilities {acceptInsecureCerts: false, browserName: chrome, browserVersion: 137.0.7151.120, chrome: {chromedriverVersion: 137.0.7151.119 (e0ac9d12dff..., userDataDir: C:\Users\dell\AppData\Local...}, fedcm:accounts: true, goog:chromeOptions: {debuggerAddress: localhost:61464}, networkConnectionEnabled: false, pageLoadStrategy: normal, platformName: windows, proxy: Proxy(), se:cdp: ws://localhost:61464/devtoo..., se:cdpVersion: 137.0.7151.120, setWindowRect: true, strictFileInteractability: false, timeouts: {implicit: 0, pageLoad: 300000, script: 30000}, unhandledPromptBehavior: dismiss and notify, webauthn:extension:credBlob: true, webauthn:extension:largeBlob: true, webauthn:extension:minPinLength: true, webauthn:extension:prf: true, webauthn:virtualAuthenticators: true}
Session ID: 721b1c04b9c20beaba76386086eb4db5
2025-09-12 19:20:11 [main] INFO  RetryUrlAccess - Navigating to URL (attempt 2): https://demoqa.com
2025-09-12 19:20:12 [main] INFO  demoqaBase - 🧪 Starting Test Alerts, Frames & Windows|New Window...
2025-09-12 19:20:12 [main] INFO  demoqaBase - Accessing Alerts, Frame & Windows Card...
Declared Instance WebDriverWait: org.openqa.selenium.support.ui.WebDriverWait@2d82408
2025-09-12 19:20:12 [main] INFO  demoqaLog - Clicking on Alert Frame & Windows Card...
🔹 Trying JS click by locator (attempt 1)
2025-09-12 19:20:12 [main] INFO  demoqaLog - 🔹 Trying JS click by locator (attempt 1)
🔹 Attempting JS click...
2025-09-12 19:20:12 [main] INFO  demoqaLog - 🔹 Attempting JS click...
2025-09-12 19:20:12 [main] INFO  demoqaLog - Clicked on Alert Frame & Windows Card...
Title of this Page is: DEMOQA
You are Accessing: Alerts, Frame & Windows
2025-09-12 19:20:12 [main] INFO  demoqaBase - Alerts, Frame & Windows Card: Please select an item from left to start practice.
2025-09-12 19:20:12 [main] INFO  demoqaBase - Clicking on Alerts, Frame & Windows Card|Browser Windows...
You are now Accessing: Browser Windows
2025-09-12 19:20:13 [main] INFO  demoqaBase - You are now Accessing: Browser Windows
2025-09-12 19:20:13 [main] INFO  demoqaBase - Initiating New Window click sequence...
2025-09-12 19:20:14 [main] INFO  demoqaBase - Clicked New Window button
2025-09-12 19:20:14 [main] INFO  demoqaBase - Switched to new tab: FCB33B2CEC1B02FCD2A1D45BEE58E990
2025-09-12 19:20:14 [main] INFO  demoqaBase - New tab content: 'This is a sample page'
You are now accessing: This is a sample page
2025-09-12 19:20:14 [main] INFO  demoqaBase - ✅ Alerts, Frames & Windows|Browser Windows|New Window Test Completed...
]]></system-out>
  </testcase>
  <testcase name="browserWindowsNewWindowMsg" classname="tests.AlertsFramesWindowsTests" time="1.105">
    <system-out><![CDATA[2025-09-12 19:20:14 [main] INFO  demoqaBase - Closing browser for test: browserWindowsNewWindow
2025-09-12 19:20:14 [main] INFO  DriverFactory - 🌐 Starting Chrome Web Browser...
2025-09-12 19:20:14 [main] INFO  DriverFactory - ✅ Created temporary Chrome profile at C:\Users\dell\AppData\Local\Temp\chrome-profile-4225999039797638133
2025-09-12 19:20:16 [main] INFO  DriverFactory - 🚀 WebDriver started successfully
2025-09-12 19:20:16 [main] INFO  RetryUrlAccess - Navigating to URL (attempt 1): https://demoqa.com
2025-09-12 19:20:49 [main] INFO  demoqaBase - 🧪 Starting Test Alerts, Frames & Windows|New Window Message...
2025-09-12 19:20:49 [main] INFO  demoqaBase - Accessing Alerts, Frame & Windows Card...
Declared Instance WebDriverWait: org.openqa.selenium.support.ui.WebDriverWait@587a1cfb
2025-09-12 19:20:49 [main] INFO  demoqaLog - Clicking on Alert Frame & Windows Card...
🔹 Trying JS click by locator (attempt 1)
2025-09-12 19:20:49 [main] INFO  demoqaLog - 🔹 Trying JS click by locator (attempt 1)
🔹 Attempting JS click...
2025-09-12 19:20:49 [main] INFO  demoqaLog - 🔹 Attempting JS click...
2025-09-12 19:20:49 [main] INFO  demoqaLog - Clicked on Alert Frame & Windows Card...
Title of this Page is: DEMOQA
You are Accessing: Alerts, Frame & Windows
2025-09-12 19:20:49 [main] INFO  demoqaBase - Alerts, Frame & Windows Card: Please select an item from left to start practice.
2025-09-12 19:20:49 [main] INFO  demoqaBase - Clicking on Alerts, Frame & Windows Card|Browser Windows...
You are now Accessing: Browser Windows
2025-09-12 19:20:49 [main] INFO  demoqaBase - You are now Accessing: Browser Windows
2025-09-12 19:20:49 [main] INFO  demoqaBase - 🔍 Starting 'New Window Message' click sequence...
🔹 Trying JS click on WebElement (attempt 1)
2025-09-12 19:20:49 [main] INFO  demoqaLog - 🔹 Trying JS click on WebElement (attempt 1)
🔹 Attempting JS click...
2025-09-12 19:20:49 [main] INFO  demoqaLog - 🔹 Attempting JS click...
2025-09-12 19:20:50 [main] INFO  demoqaBase - 🔀 Switched to new window: 2A25EBB68587D244C969A315A0787235
2025-09-12 19:20:50 [main] INFO  demoqaBase - ✅ Verified new popup window opened successfully.
2025-09-12 19:20:50 [main] INFO  demoqaBase - ↩️ Switched back to original window: 7B0DACF10FBA0E7A9F9A87832933E95C
2025-09-12 19:20:50 [main] INFO  demoqaBase - ✅ 'New Window Message' flow completed successfully.
2025-09-12 19:20:50 [main] INFO  demoqaBase - ✅ Alerts, Frames & Windows|Browser Windows|New Window Message Test Completed...
]]></system-out>
  </testcase>
  <testcase name="ClickAlerts" classname="tests.AlertsFramesWindowsTests" time="0.549">
    <system-out><![CDATA[2025-09-12 19:20:50 [main] INFO  demoqaBase - Closing browser for test: browserWindowsNewWindowMsg
2025-09-12 19:20:50 [main] INFO  DriverFactory - 🌐 Starting Chrome Web Browser...
2025-09-12 19:20:50 [main] INFO  DriverFactory - ✅ Created temporary Chrome profile at C:\Users\dell\AppData\Local\Temp\chrome-profile-12322749731080759103
2025-09-12 19:20:51 [main] INFO  DriverFactory - 🚀 WebDriver started successfully
2025-09-12 19:20:51 [main] INFO  RetryUrlAccess - Navigating to URL (attempt 1): https://demoqa.com
2025-09-12 19:21:44 [main] INFO  demoqaBase - 🧪 Starting Test Alerts, Frames & Windows|New Window Message...
2025-09-12 19:21:44 [main] INFO  demoqaBase - Accessing Alerts, Frame & Windows Card...
Declared Instance WebDriverWait: org.openqa.selenium.support.ui.WebDriverWait@4d18b73a
2025-09-12 19:21:44 [main] INFO  demoqaLog - Clicking on Alert Frame & Windows Card...
🔹 Trying JS click by locator (attempt 1)
2025-09-12 19:21:44 [main] INFO  demoqaLog - 🔹 Trying JS click by locator (attempt 1)
🔹 Attempting JS click...
2025-09-12 19:21:44 [main] INFO  demoqaLog - 🔹 Attempting JS click...
2025-09-12 19:21:44 [main] INFO  demoqaLog - Clicked on Alert Frame & Windows Card...
Title of this Page is: DEMOQA
You are Accessing: Alerts, Frame & Windows
2025-09-12 19:21:44 [main] INFO  demoqaBase - Alerts, Frame & Windows Card: Please select an item from left to start practice.
2025-09-12 19:21:44 [main] INFO  demoqaBase - 🔍 Starting test for Alerts click ..
🔹 Trying JS click on WebElement (attempt 1)
2025-09-12 19:21:44 [main] INFO  demoqaLog - 🔹 Trying JS click on WebElement (attempt 1)
🔹 Attempting JS click...
2025-09-12 19:21:44 [main] INFO  demoqaLog - 🔹 Attempting JS click...
2025-09-12 19:21:45 [main] INFO  demoqaBase - ✅ Clicked on Alerts...
2025-09-12 19:21:45 [main] INFO  demoqaBase - Page Title is: Alerts
2025-09-12 19:21:45 [main] INFO  demoqaBase - ✅ Alerts, Frames & Windows|Alerts Test Completed...
]]></system-out>
  </testcase>
  <testcase name="ClickToSeeAlerts" classname="tests.AlertsFramesWindowsTests" time="8.972">
    <system-out><![CDATA[2025-09-12 19:21:45 [main] INFO  demoqaBase - Closing browser for test: ClickAlerts
2025-09-12 19:21:45 [main] INFO  DriverFactory - 🌐 Starting Chrome Web Browser...
2025-09-12 19:21:45 [main] INFO  DriverFactory - ✅ Created temporary Chrome profile at C:\Users\dell\AppData\Local\Temp\chrome-profile-7677385968257286220
2025-09-12 19:21:46 [main] INFO  DriverFactory - 🚀 WebDriver started successfully
2025-09-12 19:21:46 [main] INFO  RetryUrlAccess - Navigating to URL (attempt 1): https://demoqa.com
2025-09-12 19:22:46 [main] WARN  RetryUrlAccess - Navigation attempt 1 failed: timeout: Timed out receiving message from renderer: 59.059
  (Session info: chrome=137.0.7151.120)
Build info: version: '4.35.0', revision: '1c58e5028b'
System info: os.name: 'Windows 11', os.arch: 'amd64', os.version: '10.0', java.version: '21.0.7'
Driver info: org.openqa.selenium.chrome.ChromeDriver
Command: [901c00974c1b2be3f975e6282925c011, get {url=https://demoqa.com}]
Capabilities {acceptInsecureCerts: false, browserName: chrome, browserVersion: 137.0.7151.120, chrome: {chromedriverVersion: 137.0.7151.119 (e0ac9d12dff..., userDataDir: C:\Users\dell\AppData\Local...}, fedcm:accounts: true, goog:chromeOptions: {debuggerAddress: localhost:62071}, networkConnectionEnabled: false, pageLoadStrategy: normal, platformName: windows, proxy: Proxy(), se:cdp: ws://localhost:62071/devtoo..., se:cdpVersion: 137.0.7151.120, setWindowRect: true, strictFileInteractability: false, timeouts: {implicit: 0, pageLoad: 300000, script: 30000}, unhandledPromptBehavior: dismiss and notify, webauthn:extension:credBlob: true, webauthn:extension:largeBlob: true, webauthn:extension:minPinLength: true, webauthn:extension:prf: true, webauthn:virtualAuthenticators: true}
Session ID: 901c00974c1b2be3f975e6282925c011
2025-09-12 19:22:49 [main] INFO  RetryUrlAccess - Navigating to URL (attempt 2): https://demoqa.com
2025-09-12 19:22:50 [main] INFO  demoqaBase - 🧪 Starting Test Alerts, Frames & Windows|Alerts|Click button to see Alert...
2025-09-12 19:22:50 [main] INFO  demoqaBase - Accessing Alerts, Frame & Windows Card...
Declared Instance WebDriverWait: org.openqa.selenium.support.ui.WebDriverWait@59fbb34
2025-09-12 19:22:50 [main] INFO  demoqaLog - Clicking on Alert Frame & Windows Card...
🔹 Trying JS click by locator (attempt 1)
2025-09-12 19:22:50 [main] INFO  demoqaLog - 🔹 Trying JS click by locator (attempt 1)
🔹 Attempting JS click...
2025-09-12 19:22:50 [main] INFO  demoqaLog - 🔹 Attempting JS click...
2025-09-12 19:22:50 [main] INFO  demoqaLog - Clicked on Alert Frame & Windows Card...
Title of this Page is: DEMOQA
You are Accessing: Alerts, Frame & Windows
2025-09-12 19:22:50 [main] INFO  demoqaBase - Alerts, Frame & Windows Card: Please select an item from left to start practice.
2025-09-12 19:22:50 [main] INFO  demoqaBase - 🔍 Starting test for Alerts click ..
🔹 Trying JS click on WebElement (attempt 1)
2025-09-12 19:22:50 [main] INFO  demoqaLog - 🔹 Trying JS click on WebElement (attempt 1)
🔹 Attempting JS click...
2025-09-12 19:22:50 [main] INFO  demoqaLog - 🔹 Attempting JS click...
2025-09-12 19:22:50 [main] INFO  demoqaBase - ✅ Clicked on Alerts...
2025-09-12 19:22:51 [main] INFO  demoqaBase - Page Title is: Alerts
2025-09-12 19:22:54 [main] INFO  demoqaBase - 🔍 Starting test for On button click, alert will appear after 5 seconds...
🔹 Trying JS click on WebElement (attempt 1)
2025-09-12 19:22:54 [main] INFO  demoqaLog - 🔹 Trying JS click on WebElement (attempt 1)
🔹 Attempting JS click...
2025-09-12 19:22:54 [main] INFO  demoqaLog - 🔹 Attempting JS click...
2025-09-12 19:22:54 [main] INFO  demoqaBase - ✅ Clicked on Click Button to see Alert after 5 seconds...
2025-09-12 19:22:59 [main] INFO  demoqaBase - ✅ On button click, alert will appear after 5 seconds, message is: This alert appeared after 5 seconds
2025-09-12 19:22:59 [main] INFO  demoqaBase - ✅ Alerts, Frames & Windows|Alerts|Click button to see Alert Test Completed...
]]></system-out>
  </testcase>
  <testcase name="ClickAcceptConfirmationBox" classname="tests.AlertsFramesWindowsTests" time="3.634">
    <system-out><![CDATA[2025-09-12 19:22:59 [main] INFO  demoqaBase - Closing browser for test: ClickToSeeAlerts
2025-09-12 19:22:59 [main] INFO  DriverFactory - 🌐 Starting Chrome Web Browser...
2025-09-12 19:22:59 [main] INFO  DriverFactory - ✅ Created temporary Chrome profile at C:\Users\dell\AppData\Local\Temp\chrome-profile-963200742156626288
2025-09-12 19:23:00 [main] INFO  DriverFactory - 🚀 WebDriver started successfully
2025-09-12 19:23:00 [main] INFO  RetryUrlAccess - Navigating to URL (attempt 1): https://demoqa.com
2025-09-12 19:23:14 [main] INFO  demoqaBase - 🧪 Starting Test Alerts, Frames & Windows|AlertsOn button click, confirm box will appear, Accept...
2025-09-12 19:23:14 [main] INFO  demoqaBase - Accessing Alerts, Frame & Windows Card...
Declared Instance WebDriverWait: org.openqa.selenium.support.ui.WebDriverWait@631cb129
2025-09-12 19:23:14 [main] INFO  demoqaLog - Clicking on Alert Frame & Windows Card...
🔹 Trying JS click by locator (attempt 1)
2025-09-12 19:23:15 [main] INFO  demoqaLog - 🔹 Trying JS click by locator (attempt 1)
🔹 Attempting JS click...
2025-09-12 19:23:15 [main] INFO  demoqaLog - 🔹 Attempting JS click...
2025-09-12 19:23:15 [main] INFO  demoqaLog - Clicked on Alert Frame & Windows Card...
Title of this Page is: DEMOQA
You are Accessing: Alerts, Frame & Windows
2025-09-12 19:23:15 [main] INFO  demoqaBase - Alerts, Frame & Windows Card: Please select an item from left to start practice.
2025-09-12 19:23:15 [main] INFO  demoqaBase - 🔍 Starting test for Alerts click ..
🔹 Trying JS click on WebElement (attempt 1)
2025-09-12 19:23:15 [main] INFO  demoqaLog - 🔹 Trying JS click on WebElement (attempt 1)
🔹 Attempting JS click...
2025-09-12 19:23:15 [main] INFO  demoqaLog - 🔹 Attempting JS click...
2025-09-12 19:23:15 [main] INFO  demoqaBase - ✅ Clicked on Alerts...
2025-09-12 19:23:15 [main] INFO  demoqaBase - Page Title is: Alerts
2025-09-12 19:23:18 [main] INFO  demoqaBase - 🔍 Starting test for On button click, confirm box will appear, Accept...
🔹 Trying JS click on WebElement (attempt 1)
2025-09-12 19:23:18 [main] INFO  demoqaLog - 🔹 Trying JS click on WebElement (attempt 1)
🔹 Attempting JS click...
2025-09-12 19:23:18 [main] INFO  demoqaLog - 🔹 Attempting JS click...
2025-09-12 19:23:18 [main] INFO  demoqaBase - ✅ Clicked On button click, confirm box will appear, Accept...
2025-09-12 19:23:18 [main] INFO  demoqaBase - ✅ On button click, confirm box will appear, message is: Do you confirm action?
2025-09-12 19:23:18 [main] INFO  demoqaBase - ✅ Your Selection was: You selected Ok
2025-09-12 19:23:18 [main] INFO  demoqaBase - ✅ Alerts, Frames & Windows|Alerts|On button click, confirm box will appear, Accept Test Completed...
]]></system-out>
  </testcase>
  <testcase name="ClickDenyConfirmationBox" classname="tests.AlertsFramesWindowsTests" time="3.645">
    <system-out><![CDATA[2025-09-12 19:23:18 [main] INFO  demoqaBase - Closing browser for test: ClickAcceptConfirmationBox
2025-09-12 19:23:18 [main] INFO  DriverFactory - 🌐 Starting Chrome Web Browser...
2025-09-12 19:23:18 [main] INFO  DriverFactory - ✅ Created temporary Chrome profile at C:\Users\dell\AppData\Local\Temp\chrome-profile-5106407762185049635
2025-09-12 19:23:19 [main] INFO  DriverFactory - 🚀 WebDriver started successfully
2025-09-12 19:23:19 [main] INFO  RetryUrlAccess - Navigating to URL (attempt 1): https://demoqa.com
2025-09-12 19:23:34 [main] INFO  demoqaBase - 🧪 Starting Test Alerts, Frames & Windows|Alerts|On button click, confirm box will appear, Deny...
2025-09-12 19:23:34 [main] INFO  demoqaBase - Accessing Alerts, Frame & Windows Card...
Declared Instance WebDriverWait: org.openqa.selenium.support.ui.WebDriverWait@467b0f6e
2025-09-12 19:23:34 [main] INFO  demoqaLog - Clicking on Alert Frame & Windows Card...
🔹 Trying JS click by locator (attempt 1)
2025-09-12 19:23:34 [main] INFO  demoqaLog - 🔹 Trying JS click by locator (attempt 1)
🔹 Attempting JS click...
2025-09-12 19:23:34 [main] INFO  demoqaLog - 🔹 Attempting JS click...
2025-09-12 19:23:34 [main] INFO  demoqaLog - Clicked on Alert Frame & Windows Card...
Title of this Page is: DEMOQA
You are Accessing: Alerts, Frame & Windows
2025-09-12 19:23:34 [main] INFO  demoqaBase - Alerts, Frame & Windows Card: Please select an item from left to start practice.
2025-09-12 19:23:34 [main] INFO  demoqaBase - 🔍 Starting test for Alerts click ..
🔹 Trying JS click on WebElement (attempt 1)
2025-09-12 19:23:34 [main] INFO  demoqaLog - 🔹 Trying JS click on WebElement (attempt 1)
🔹 Attempting JS click...
2025-09-12 19:23:34 [main] INFO  demoqaLog - 🔹 Attempting JS click...
2025-09-12 19:23:34 [main] INFO  demoqaBase - ✅ Clicked on Alerts...
2025-09-12 19:23:34 [main] INFO  demoqaBase - Page Title is: Alerts
2025-09-12 19:23:37 [main] INFO  demoqaBase - 🔍 Starting test for On button click, confirm box will appear, Deny...
🔹 Trying JS click on WebElement (attempt 1)
2025-09-12 19:23:37 [main] INFO  demoqaLog - 🔹 Trying JS click on WebElement (attempt 1)
🔹 Attempting JS click...
2025-09-12 19:23:37 [main] INFO  demoqaLog - 🔹 Attempting JS click...
2025-09-12 19:23:37 [main] INFO  demoqaBase - ✅ Clicked On button click, confirm box will appear, Deny...
2025-09-12 19:23:37 [main] INFO  demoqaBase - ✅ On button click, confirm box will appear, message is: Do you confirm action?
2025-09-12 19:23:38 [main] INFO  demoqaBase - ✅ Your Selection was: You selected Cancel
2025-09-12 19:23:38 [main] INFO  demoqaBase - ✅ Alerts, Frames & Windows|Alerts|On button click, confirm box will appear, Deny Test Completed...
]]></system-out>
  </testcase>
  <testcase name="ClickPromptBoxFill" classname="tests.AlertsFramesWindowsTests" time="3.593">
    <system-out><![CDATA[2025-09-12 19:23:38 [main] INFO  demoqaBase - Closing browser for test: ClickDenyConfirmationBox
2025-09-12 19:23:38 [main] INFO  DriverFactory - 🌐 Starting Chrome Web Browser...
2025-09-12 19:23:38 [main] INFO  DriverFactory - ✅ Created temporary Chrome profile at C:\Users\dell\AppData\Local\Temp\chrome-profile-9068026261877186317
2025-09-12 19:23:39 [main] INFO  DriverFactory - 🚀 WebDriver started successfully
2025-09-12 19:23:39 [main] INFO  RetryUrlAccess - Navigating to URL (attempt 1): https://demoqa.com
2025-09-12 19:24:01 [main] INFO  demoqaBase - 🧪 Starting Test Alerts, Frames & Windows|Alerts|On button click, prompt box will appear, Fill data...
2025-09-12 19:24:01 [main] INFO  demoqaBase - Accessing Alerts, Frame & Windows Card...
Declared Instance WebDriverWait: org.openqa.selenium.support.ui.WebDriverWait@1af4955e
2025-09-12 19:24:01 [main] INFO  demoqaLog - Clicking on Alert Frame & Windows Card...
🔹 Trying JS click by locator (attempt 1)
2025-09-12 19:24:01 [main] INFO  demoqaLog - 🔹 Trying JS click by locator (attempt 1)
🔹 Attempting JS click...
2025-09-12 19:24:01 [main] INFO  demoqaLog - 🔹 Attempting JS click...
2025-09-12 19:24:01 [main] INFO  demoqaLog - Clicked on Alert Frame & Windows Card...
Title of this Page is: DEMOQA
You are Accessing: Alerts, Frame & Windows
2025-09-12 19:24:01 [main] INFO  demoqaBase - Alerts, Frame & Windows Card: Please select an item from left to start practice.
2025-09-12 19:24:01 [main] INFO  demoqaBase - 🔍 Starting test for Alerts click ..
🔹 Trying JS click on WebElement (attempt 1)
2025-09-12 19:24:01 [main] INFO  demoqaLog - 🔹 Trying JS click on WebElement (attempt 1)
🔹 Attempting JS click...
2025-09-12 19:24:01 [main] INFO  demoqaLog - 🔹 Attempting JS click...
2025-09-12 19:24:01 [main] INFO  demoqaBase - ✅ Clicked on Alerts...
2025-09-12 19:24:01 [main] INFO  demoqaBase - Page Title is: Alerts
2025-09-12 19:24:04 [main] INFO  demoqaBase - 🔍 Starting test for On button click, prompt box will appear, Fill data...
🔹 Trying JS click on WebElement (attempt 1)
2025-09-12 19:24:04 [main] INFO  demoqaLog - 🔹 Trying JS click on WebElement (attempt 1)
🔹 Attempting JS click...
2025-09-12 19:24:04 [main] INFO  demoqaLog - 🔹 Attempting JS click...
2025-09-12 19:24:04 [main] INFO  demoqaBase - ✅ Clicked On button click, prompt box will appear, Fill data...
2025-09-12 19:24:04 [main] INFO  demoqaBase - ✅ On button click, prompt box will appear, message is: Please enter your name
2025-09-12 19:24:04 [main] INFO  demoqaBase - ✅ Your Selection was: You entered Java Selenium
2025-09-12 19:24:04 [main] INFO  demoqaBase - ✅ Alerts, Frames & Windows|Alerts|On button click, prompt box will appear, Fill data Test Completed...
]]></system-out>
  </testcase>
  <testcase name="ClickFrames" classname="tests.AlertsFramesWindowsTests" time="0.429">
    <system-out><![CDATA[2025-09-12 19:24:04 [main] INFO  demoqaBase - Closing browser for test: ClickPromptBoxFill
2025-09-12 19:24:05 [main] INFO  DriverFactory - 🌐 Starting Chrome Web Browser...
2025-09-12 19:24:05 [main] INFO  DriverFactory - ✅ Created temporary Chrome profile at C:\Users\dell\AppData\Local\Temp\chrome-profile-14782674450375923561
2025-09-12 19:24:06 [main] INFO  DriverFactory - 🚀 WebDriver started successfully
2025-09-12 19:24:06 [main] INFO  RetryUrlAccess - Navigating to URL (attempt 1): https://demoqa.com
2025-09-12 19:24:39 [main] INFO  demoqaBase - 🧪 Starting Test Alerts, Frames & Windows|Frames...
2025-09-12 19:24:39 [main] INFO  demoqaBase - Accessing Alerts, Frame & Windows Card...
Declared Instance WebDriverWait: org.openqa.selenium.support.ui.WebDriverWait@541afb85
2025-09-12 19:24:39 [main] INFO  demoqaLog - Clicking on Alert Frame & Windows Card...
🔹 Trying JS click by locator (attempt 1)
2025-09-12 19:24:40 [main] INFO  demoqaLog - 🔹 Trying JS click by locator (attempt 1)
🔹 Attempting JS click...
2025-09-12 19:24:40 [main] INFO  demoqaLog - 🔹 Attempting JS click...
2025-09-12 19:24:40 [main] INFO  demoqaLog - Clicked on Alert Frame & Windows Card...
Title of this Page is: DEMOQA
You are Accessing: Alerts, Frame & Windows
2025-09-12 19:24:40 [main] INFO  demoqaBase - Alerts, Frame & Windows Card: Please select an item from left to start practice.
2025-09-12 19:24:40 [main] INFO  demoqaBase - 🔍 Starting test for Frames click ..
🔹 Trying JS click on WebElement (attempt 1)
2025-09-12 19:24:40 [main] INFO  demoqaLog - 🔹 Trying JS click on WebElement (attempt 1)
🔹 Attempting JS click...
2025-09-12 19:24:40 [main] INFO  demoqaLog - 🔹 Attempting JS click...
2025-09-12 19:24:40 [main] INFO  demoqaBase - ✅ Clicked on Frames...
2025-09-12 19:24:40 [main] INFO  demoqaBase - Page Title is: Frames
2025-09-12 19:24:40 [main] INFO  demoqaBase - ✅ Alerts, Frames & Windows|Frames Test Completed...
]]></system-out>
  </testcase>
  <testcase name="GetFrame1" classname="tests.AlertsFramesWindowsTests" time="3.547">
    <system-out><![CDATA[2025-09-12 19:24:40 [main] INFO  demoqaBase - Closing browser for test: ClickFrames
2025-09-12 19:24:40 [main] INFO  DriverFactory - 🌐 Starting Chrome Web Browser...
2025-09-12 19:24:40 [main] INFO  DriverFactory - ✅ Created temporary Chrome profile at C:\Users\dell\AppData\Local\Temp\chrome-profile-1679877609103922183
2025-09-12 19:24:41 [main] INFO  DriverFactory - 🚀 WebDriver started successfully
2025-09-12 19:24:41 [main] INFO  RetryUrlAccess - Navigating to URL (attempt 1): https://demoqa.com
2025-09-12 19:25:22 [main] INFO  demoqaBase - 🧪 Starting Test Alerts, Frames & Windows|Frames|Frame1 message...
2025-09-12 19:25:22 [main] INFO  demoqaBase - Accessing Alerts, Frame & Windows Card...
Declared Instance WebDriverWait: org.openqa.selenium.support.ui.WebDriverWait@2dc39b53
2025-09-12 19:25:22 [main] INFO  demoqaLog - Clicking on Alert Frame & Windows Card...
🔹 Trying JS click by locator (attempt 1)
2025-09-12 19:25:22 [main] INFO  demoqaLog - 🔹 Trying JS click by locator (attempt 1)
🔹 Attempting JS click...
2025-09-12 19:25:22 [main] INFO  demoqaLog - 🔹 Attempting JS click...
2025-09-12 19:25:22 [main] INFO  demoqaLog - Clicked on Alert Frame & Windows Card...
Title of this Page is: DEMOQA
You are Accessing: Alerts, Frame & Windows
2025-09-12 19:25:22 [main] INFO  demoqaBase - Alerts, Frame & Windows Card: Please select an item from left to start practice.
2025-09-12 19:25:22 [main] INFO  demoqaBase - 🔍 Starting test for Frames click ..
🔹 Trying JS click on WebElement (attempt 1)
2025-09-12 19:25:22 [main] INFO  demoqaLog - 🔹 Trying JS click on WebElement (attempt 1)
🔹 Attempting JS click...
2025-09-12 19:25:22 [main] INFO  demoqaLog - 🔹 Attempting JS click...
2025-09-12 19:25:22 [main] INFO  demoqaBase - ✅ Clicked on Frames...
2025-09-12 19:25:22 [main] INFO  demoqaBase - Page Title is: Frames
2025-09-12 19:25:25 [main] INFO  demoqaBase - 🔍 Starting test for Frames|Frame1 Message...
2025-09-12 19:25:25 [main] INFO  demoqaBase - ✅ Switched to Frame1...
2025-09-12 19:25:25 [main] INFO  demoqaBase - Frame1 contains: This is a sample page
2025-09-12 19:25:25 [main] INFO  demoqaBase - ✅ Alerts, Frames & Windows|Frames|Frame1 message Test Completed...
]]></system-out>
  </testcase>
  <testcase name="GetFrame2" classname="tests.AlertsFramesWindowsTests" time="3.797">
    <system-out><![CDATA[2025-09-12 19:25:25 [main] INFO  demoqaBase - Closing browser for test: GetFrame1
2025-09-12 19:25:26 [main] INFO  DriverFactory - 🌐 Starting Chrome Web Browser...
2025-09-12 19:25:26 [main] INFO  DriverFactory - ✅ Created temporary Chrome profile at C:\Users\dell\AppData\Local\Temp\chrome-profile-14693455690802834876
2025-09-12 19:25:27 [main] INFO  DriverFactory - 🚀 WebDriver started successfully
2025-09-12 19:25:27 [main] INFO  RetryUrlAccess - Navigating to URL (attempt 1): https://demoqa.com
2025-09-12 19:26:27 [main] WARN  RetryUrlAccess - Navigation attempt 1 failed: timeout: Timed out receiving message from renderer: 59.051
  (Session info: chrome=137.0.7151.120)
Build info: version: '4.35.0', revision: '1c58e5028b'
System info: os.name: 'Windows 11', os.arch: 'amd64', os.version: '10.0', java.version: '21.0.7'
Driver info: org.openqa.selenium.chrome.ChromeDriver
Command: [14732a715470c34f7ba0dfd1084f1d3b, get {url=https://demoqa.com}]
Capabilities {acceptInsecureCerts: false, browserName: chrome, browserVersion: 137.0.7151.120, chrome: {chromedriverVersion: 137.0.7151.119 (e0ac9d12dff..., userDataDir: C:\Users\dell\AppData\Local...}, fedcm:accounts: true, goog:chromeOptions: {debuggerAddress: localhost:63295}, networkConnectionEnabled: false, pageLoadStrategy: normal, platformName: windows, proxy: Proxy(), se:cdp: ws://localhost:63295/devtoo..., se:cdpVersion: 137.0.7151.120, setWindowRect: true, strictFileInteractability: false, timeouts: {implicit: 0, pageLoad: 300000, script: 30000}, unhandledPromptBehavior: dismiss and notify, webauthn:extension:credBlob: true, webauthn:extension:largeBlob: true, webauthn:extension:minPinLength: true, webauthn:extension:prf: true, webauthn:virtualAuthenticators: true}
Session ID: 14732a715470c34f7ba0dfd1084f1d3b
2025-09-12 19:26:30 [main] INFO  RetryUrlAccess - Navigating to URL (attempt 2): https://demoqa.com
2025-09-12 19:26:31 [main] INFO  demoqaBase - 🧪 Starting Test Alerts, Frames & Windows|Frames|Frame2 message...
2025-09-12 19:26:31 [main] INFO  demoqaBase - Accessing Alerts, Frame & Windows Card...
Declared Instance WebDriverWait: org.openqa.selenium.support.ui.WebDriverWait@6ddc67d0
2025-09-12 19:26:31 [main] INFO  demoqaLog - Clicking on Alert Frame & Windows Card...
🔹 Trying JS click by locator (attempt 1)
2025-09-12 19:26:31 [main] INFO  demoqaLog - 🔹 Trying JS click by locator (attempt 1)
🔹 Attempting JS click...
2025-09-12 19:26:31 [main] INFO  demoqaLog - 🔹 Attempting JS click...
2025-09-12 19:26:31 [main] INFO  demoqaLog - Clicked on Alert Frame & Windows Card...
Title of this Page is: DEMOQA
You are Accessing: Alerts, Frame & Windows
2025-09-12 19:26:31 [main] INFO  demoqaBase - Alerts, Frame & Windows Card: Please select an item from left to start practice.
2025-09-12 19:26:31 [main] INFO  demoqaBase - 🔍 Starting test for Frames click ..
🔹 Trying JS click on WebElement (attempt 1)
2025-09-12 19:26:31 [main] INFO  demoqaLog - 🔹 Trying JS click on WebElement (attempt 1)
🔹 Attempting JS click...
2025-09-12 19:26:31 [main] INFO  demoqaLog - 🔹 Attempting JS click...
2025-09-12 19:26:31 [main] INFO  demoqaBase - ✅ Clicked on Frames...
2025-09-12 19:26:31 [main] INFO  demoqaBase - Page Title is: Frames
2025-09-12 19:26:34 [main] INFO  demoqaBase - 🔍 Starting test for Frames|Frame2 Message...
2025-09-12 19:26:34 [main] INFO  demoqaBase - ✅ Switched to Frame2...
2025-09-12 19:26:35 [main] INFO  demoqaBase - Frame2 contains: This is a sample page
2025-09-12 19:26:35 [main] INFO  demoqaBase - ✅ Alerts, Frames & Windows|Frames|Frame2 message Test Completed...
]]></system-out>
  </testcase>
  <testcase name="ClickModalDialogs" classname="tests.AlertsFramesWindowsTests" time="0.961">
    <system-out><![CDATA[2025-09-12 19:26:35 [main] INFO  demoqaBase - Closing browser for test: GetFrame2
2025-09-12 19:26:35 [main] INFO  DriverFactory - 🌐 Starting Chrome Web Browser...
2025-09-12 19:26:35 [main] INFO  DriverFactory - ✅ Created temporary Chrome profile at C:\Users\dell\AppData\Local\Temp\chrome-profile-17711933015231602041
2025-09-12 19:26:36 [main] INFO  DriverFactory - 🚀 WebDriver started successfully
2025-09-12 19:26:36 [main] INFO  RetryUrlAccess - Navigating to URL (attempt 1): https://demoqa.com
2025-09-12 19:27:36 [main] WARN  RetryUrlAccess - Navigation attempt 1 failed: timeout: Timed out receiving message from renderer: 59.135
  (Session info: chrome=137.0.7151.120)
Build info: version: '4.35.0', revision: '1c58e5028b'
System info: os.name: 'Windows 11', os.arch: 'amd64', os.version: '10.0', java.version: '21.0.7'
Driver info: org.openqa.selenium.chrome.ChromeDriver
Command: [cb7867ee148076f38b383a349c987293, get {url=https://demoqa.com}]
Capabilities {acceptInsecureCerts: false, browserName: chrome, browserVersion: 137.0.7151.120, chrome: {chromedriverVersion: 137.0.7151.119 (e0ac9d12dff..., userDataDir: C:\Users\dell\AppData\Local...}, fedcm:accounts: true, goog:chromeOptions: {debuggerAddress: localhost:63513}, networkConnectionEnabled: false, pageLoadStrategy: normal, platformName: windows, proxy: Proxy(), se:cdp: ws://localhost:63513/devtoo..., se:cdpVersion: 137.0.7151.120, setWindowRect: true, strictFileInteractability: false, timeouts: {implicit: 0, pageLoad: 300000, script: 30000}, unhandledPromptBehavior: dismiss and notify, webauthn:extension:credBlob: true, webauthn:extension:largeBlob: true, webauthn:extension:minPinLength: true, webauthn:extension:prf: true, webauthn:virtualAuthenticators: true}
Session ID: cb7867ee148076f38b383a349c987293
2025-09-12 19:27:39 [main] INFO  RetryUrlAccess - Navigating to URL (attempt 2): https://demoqa.com
2025-09-12 19:27:40 [main] INFO  demoqaBase - 🧪 Starting Test Alerts, Frames & Windows|Modal Dialogs...
2025-09-12 19:27:40 [main] INFO  demoqaBase - Accessing Alerts, Frame & Windows Card...
Declared Instance WebDriverWait: org.openqa.selenium.support.ui.WebDriverWait@baa9ce4
2025-09-12 19:27:40 [main] INFO  demoqaLog - Clicking on Alert Frame & Windows Card...
🔹 Trying JS click by locator (attempt 1)
2025-09-12 19:27:40 [main] INFO  demoqaLog - 🔹 Trying JS click by locator (attempt 1)
🔹 Attempting JS click...
2025-09-12 19:27:40 [main] INFO  demoqaLog - 🔹 Attempting JS click...
2025-09-12 19:27:40 [main] INFO  demoqaLog - Clicked on Alert Frame & Windows Card...
Title of this Page is: DEMOQA
You are Accessing: Alerts, Frame & Windows
2025-09-12 19:27:40 [main] INFO  demoqaBase - Alerts, Frame & Windows Card: Please select an item from left to start practice.
2025-09-12 19:27:40 [main] INFO  demoqaBase - 🔍 Starting test for Frames|Modal Dialogs click ..
🔹 Trying JS click on WebElement (attempt 1)
2025-09-12 19:27:40 [main] INFO  demoqaLog - 🔹 Trying JS click on WebElement (attempt 1)
🔹 Attempting JS click...
2025-09-12 19:27:40 [main] INFO  demoqaLog - 🔹 Attempting JS click...
2025-09-12 19:27:40 [main] INFO  demoqaBase - ✅ Clicked on Modal Dialogs...
2025-09-12 19:27:41 [main] INFO  demoqaBase - Page Title is: Modal Dialogs
2025-09-12 19:27:41 [main] INFO  demoqaBase - ✅ Alerts, Frames & Windows|Modal Dialogs Test Completed...
]]></system-out>
  </testcase>
  <testcase name="ClickNestedFrames" classname="tests.AlertsFramesWindowsTests" time="3.391">
    <system-out><![CDATA[2025-09-12 19:27:41 [main] INFO  demoqaBase - Closing browser for test: ClickModalDialogs
2025-09-12 19:27:41 [main] INFO  DriverFactory - 🌐 Starting Chrome Web Browser...
2025-09-12 19:27:41 [main] INFO  DriverFactory - ✅ Created temporary Chrome profile at C:\Users\dell\AppData\Local\Temp\chrome-profile-17932760133963868093
2025-09-12 19:27:42 [main] INFO  DriverFactory - 🚀 WebDriver started successfully
2025-09-12 19:27:42 [main] INFO  RetryUrlAccess - Navigating to URL (attempt 1): https://demoqa.com
2025-09-12 19:28:16 [main] INFO  demoqaBase - 🧪 Starting Test Alerts, Frames & Windows|Nested Frames...
2025-09-12 19:28:16 [main] INFO  demoqaBase - Accessing Alerts, Frame & Windows Card...
Declared Instance WebDriverWait: org.openqa.selenium.support.ui.WebDriverWait@2ab9e43e
2025-09-12 19:28:16 [main] INFO  demoqaLog - Clicking on Alert Frame & Windows Card...
🔹 Trying JS click by locator (attempt 1)
2025-09-12 19:28:16 [main] INFO  demoqaLog - 🔹 Trying JS click by locator (attempt 1)
🔹 Attempting JS click...
2025-09-12 19:28:16 [main] INFO  demoqaLog - 🔹 Attempting JS click...
2025-09-12 19:28:16 [main] INFO  demoqaLog - Clicked on Alert Frame & Windows Card...
Title of this Page is: DEMOQA
You are Accessing: Alerts, Frame & Windows
2025-09-12 19:28:16 [main] INFO  demoqaBase - Alerts, Frame & Windows Card: Please select an item from left to start practice.
2025-09-12 19:28:19 [main] INFO  demoqaBase - 🔍 Starting test for Frames|Nested Frames click ..
🔹 Trying JS click on WebElement (attempt 1)
2025-09-12 19:28:19 [main] INFO  demoqaLog - 🔹 Trying JS click on WebElement (attempt 1)
🔹 Attempting JS click...
2025-09-12 19:28:19 [main] INFO  demoqaLog - 🔹 Attempting JS click...
2025-09-12 19:28:19 [main] INFO  demoqaBase - ✅ Clicked on Nested Frames...
2025-09-12 19:28:19 [main] INFO  demoqaBase - Page Title is: Nested Frames
2025-09-12 19:28:19 [main] INFO  demoqaBase - ✅ Alerts, Frames & Windows|Nested Frames Test Completed...
]]></system-out>
  </testcase>
  <testcase name="ClickLargeModal" classname="tests.AlertsFramesWindowsTests" time="3.529">
    <failure message="expected [] but found [Large Modal]" type="java.lang.AssertionError"><![CDATA[java.lang.AssertionError: expected [] but found [Large Modal]
	at org.testng.Assert.fail(Assert.java:111)
	at org.testng.Assert.failNotEquals(Assert.java:1590)
	at org.testng.Assert.assertEqualsImpl(Assert.java:150)
	at org.testng.Assert.assertEquals(Assert.java:132)
	at org.testng.Assert.assertEquals(Assert.java:656)
	at org.testng.Assert.assertEquals(Assert.java:666)
	at pages.alertsframewindowsPage.clickLargeModal(alertsframewindowsPage.java:462)
	at tests.AlertsFramesWindowsTests.ClickLargeModal(AlertsFramesWindowsTests.java:330)
	at java.base/jdk.internal.reflect.DirectMethodHandleAccessor.invoke(DirectMethodHandleAccessor.java:103)
	at java.base/java.lang.reflect.Method.invoke(Method.java:580)
	at org.testng.internal.invokers.MethodInvocationHelper.invokeMethod(MethodInvocationHelper.java:141)
	at org.testng.internal.invokers.TestInvoker.invokeMethod(TestInvoker.java:687)
	at org.testng.internal.invokers.TestInvoker.invokeTestMethod(TestInvoker.java:230)
	at org.testng.internal.invokers.MethodRunner.runInSequence(MethodRunner.java:63)
	at org.testng.internal.invokers.TestInvoker$MethodInvocationAgent.invoke(TestInvoker.java:995)
	at org.testng.internal.invokers.TestInvoker.invokeTestMethods(TestInvoker.java:203)
	at org.testng.internal.invokers.TestMethodWorker.invokeTestMethods(TestMethodWorker.java:154)
	at org.testng.internal.invokers.TestMethodWorker.run(TestMethodWorker.java:134)
	at java.base/java.util.ArrayList.forEach(ArrayList.java:1596)
	at org.testng.TestRunner.privateRun(TestRunner.java:741)
	at org.testng.TestRunner.run(TestRunner.java:616)
	at org.testng.SuiteRunner.runTest(SuiteRunner.java:421)
	at org.testng.SuiteRunner.runSequentially(SuiteRunner.java:413)
	at org.testng.SuiteRunner.privateRun(SuiteRunner.java:373)
	at org.testng.SuiteRunner.run(SuiteRunner.java:312)
	at org.testng.SuiteRunnerWorker.runSuite(SuiteRunnerWorker.java:52)
	at org.testng.SuiteRunnerWorker.run(SuiteRunnerWorker.java:95)
	at org.testng.TestNG.runSuitesSequentially(TestNG.java:1274)
	at org.testng.TestNG.runSuitesLocally(TestNG.java:1208)
	at org.testng.TestNG.runSuites(TestNG.java:1112)
	at org.testng.TestNG.run(TestNG.java:1079)
	at org.apache.maven.surefire.testng.TestNGExecutor.run(TestNGExecutor.java:155)
	at org.apache.maven.surefire.testng.TestNGDirectoryTestSuite.executeMulti(TestNGDirectoryTestSuite.java:169)
	at org.apache.maven.surefire.testng.TestNGDirectoryTestSuite.execute(TestNGDirectoryTestSuite.java:88)
	at org.apache.maven.surefire.testng.TestNGProvider.invoke(TestNGProvider.java:137)
	at org.apache.maven.surefire.booter.ForkedBooter.runSuitesInProcess(ForkedBooter.java:385)
	at org.apache.maven.surefire.booter.ForkedBooter.execute(ForkedBooter.java:162)
	at org.apache.maven.surefire.booter.ForkedBooter.run(ForkedBooter.java:507)
	at org.apache.maven.surefire.booter.ForkedBooter.main(ForkedBooter.java:495)
]]></failure>
    <system-out><![CDATA[2025-09-12 19:28:19 [main] INFO  demoqaBase - Closing browser for test: ClickNestedFrames
2025-09-12 19:28:20 [main] INFO  DriverFactory - 🌐 Starting Chrome Web Browser...
2025-09-12 19:28:20 [main] INFO  DriverFactory - ✅ Created temporary Chrome profile at C:\Users\dell\AppData\Local\Temp\chrome-profile-7763640479589048748
2025-09-12 19:28:21 [main] INFO  DriverFactory - 🚀 WebDriver started successfully
2025-09-12 19:28:21 [main] INFO  RetryUrlAccess - Navigating to URL (attempt 1): https://demoqa.com
2025-09-12 19:28:43 [main] INFO  demoqaBase - 🧪 Starting Test Alerts, Frames & Windows|Modal Dialogs|Large Modal...
2025-09-12 19:28:43 [main] INFO  demoqaBase - Accessing Alerts, Frame & Windows Card...
Declared Instance WebDriverWait: org.openqa.selenium.support.ui.WebDriverWait@5731caaf
2025-09-12 19:28:43 [main] INFO  demoqaLog - Clicking on Alert Frame & Windows Card...
🔹 Trying JS click by locator (attempt 1)
2025-09-12 19:28:43 [main] INFO  demoqaLog - 🔹 Trying JS click by locator (attempt 1)
🔹 Attempting JS click...
2025-09-12 19:28:43 [main] INFO  demoqaLog - 🔹 Attempting JS click...
2025-09-12 19:28:44 [main] INFO  demoqaLog - Clicked on Alert Frame & Windows Card...
Title of this Page is: DEMOQA
You are Accessing: Alerts, Frame & Windows
2025-09-12 19:28:44 [main] INFO  demoqaBase - Alerts, Frame & Windows Card: Please select an item from left to start practice.
2025-09-12 19:28:44 [main] INFO  demoqaBase - 🔍 Starting test for Frames|Modal Dialogs click ..
🔹 Trying JS click on WebElement (attempt 1)
2025-09-12 19:28:44 [main] INFO  demoqaLog - 🔹 Trying JS click on WebElement (attempt 1)
🔹 Attempting JS click...
2025-09-12 19:28:44 [main] INFO  demoqaLog - 🔹 Attempting JS click...
2025-09-12 19:28:44 [main] INFO  demoqaBase - ✅ Clicked on Modal Dialogs...
2025-09-12 19:28:44 [main] INFO  demoqaBase - Page Title is: Modal Dialogs
2025-09-12 19:28:47 [main] INFO  demoqaBase - 🔍 Starting test for Frames|Modal Dialogs|Large Modal click...
🔹 Trying JS click on WebElement (attempt 1)
2025-09-12 19:28:47 [main] INFO  demoqaLog - 🔹 Trying JS click on WebElement (attempt 1)
🔹 Attempting JS click...
2025-09-12 19:28:47 [main] INFO  demoqaLog - 🔹 Attempting JS click...
2025-09-12 19:28:47 [main] INFO  demoqaBase - ✅ Clicked on Modal Dialogs|Large Modal...
2025-09-12 19:28:47 [main] INFO  demoqaBase - Page Title is: 
]]></system-out>
  </testcase>
  <testcase name="ClickSmallModal" classname="tests.AlertsFramesWindowsTests" time="3.661">
    <system-out><![CDATA[Path for Screenshot is: C:\ASN\eclipse_workspace\demoqa-automation/screenshots/ClickLargeModal_Failed_20250912_192847+2025-09-12_19-28-47.png
2025-09-12 19:28:47 [main] ERROR demoqaBase - ❌ Test ClickLargeModal failed. Screenshot captured.
2025-09-12 19:28:47 [main] INFO  demoqaBase - Closing browser for test: ClickLargeModal
2025-09-12 19:28:48 [main] INFO  DriverFactory - 🌐 Starting Chrome Web Browser...
2025-09-12 19:28:48 [main] INFO  DriverFactory - ✅ Created temporary Chrome profile at C:\Users\dell\AppData\Local\Temp\chrome-profile-16596147991299270274
2025-09-12 19:28:48 [main] INFO  DriverFactory - 🚀 WebDriver started successfully
2025-09-12 19:28:48 [main] INFO  RetryUrlAccess - Navigating to URL (attempt 1): https://demoqa.com
2025-09-12 19:29:13 [main] INFO  demoqaBase - 🧪 Starting Test Alerts, Frames & Windows|Modal Dialogs|Small Modal...
2025-09-12 19:29:13 [main] INFO  demoqaBase - Accessing Alerts, Frame & Windows Card...
Declared Instance WebDriverWait: org.openqa.selenium.support.ui.WebDriverWait@6ec3d8e4
2025-09-12 19:29:13 [main] INFO  demoqaLog - Clicking on Alert Frame & Windows Card...
🔹 Trying JS click by locator (attempt 1)
2025-09-12 19:29:13 [main] INFO  demoqaLog - 🔹 Trying JS click by locator (attempt 1)
🔹 Attempting JS click...
2025-09-12 19:29:13 [main] INFO  demoqaLog - 🔹 Attempting JS click...
2025-09-12 19:29:13 [main] INFO  demoqaLog - Clicked on Alert Frame & Windows Card...
Title of this Page is: DEMOQA
You are Accessing: Alerts, Frame & Windows
2025-09-12 19:29:13 [main] INFO  demoqaBase - Alerts, Frame & Windows Card: Please select an item from left to start practice.
2025-09-12 19:29:13 [main] INFO  demoqaBase - 🔍 Starting test for Frames|Modal Dialogs click ..
🔹 Trying JS click on WebElement (attempt 1)
2025-09-12 19:29:13 [main] INFO  demoqaLog - 🔹 Trying JS click on WebElement (attempt 1)
🔹 Attempting JS click...
2025-09-12 19:29:13 [main] INFO  demoqaLog - 🔹 Attempting JS click...
2025-09-12 19:29:13 [main] INFO  demoqaBase - ✅ Clicked on Modal Dialogs...
2025-09-12 19:29:13 [main] INFO  demoqaBase - Page Title is: Modal Dialogs
2025-09-12 19:29:16 [main] INFO  demoqaBase - 🔍 Starting test for Frames|Modal Dialogs|Small Modal click...
🔹 Trying JS click on WebElement (attempt 1)
2025-09-12 19:29:16 [main] INFO  demoqaLog - 🔹 Trying JS click on WebElement (attempt 1)
🔹 Attempting JS click...
2025-09-12 19:29:16 [main] INFO  demoqaLog - 🔹 Attempting JS click...
2025-09-12 19:29:16 [main] INFO  demoqaBase - ✅ Clicked on Modal Dialogs|Small Modal...
2025-09-12 19:29:16 [main] INFO  demoqaBase - Page Title is: Small Modal
2025-09-12 19:29:16 [main] INFO  demoqaBase - Small Modal Body Contains: This is a small modal. It has very less content
🔹 Trying JS click on WebElement (attempt 1)
2025-09-12 19:29:16 [main] INFO  demoqaLog - 🔹 Trying JS click on WebElement (attempt 1)
🔹 Attempting JS click...
2025-09-12 19:29:16 [main] INFO  demoqaLog - 🔹 Attempting JS click...
2025-09-12 19:29:17 [main] INFO  demoqaBase - ✅ Alerts, Frames & Windows|Modal Dialogs|Small Modal click Test Completed...
]]></system-out>
  </testcase>
  <testcase name="GetParentFrame" classname="tests.AlertsFramesWindowsTests" time="6.782">
    <system-out><![CDATA[2025-09-12 19:29:17 [main] INFO  demoqaBase - Closing browser for test: ClickSmallModal
2025-09-12 19:29:17 [main] INFO  DriverFactory - 🌐 Starting Chrome Web Browser...
2025-09-12 19:29:17 [main] INFO  DriverFactory - ✅ Created temporary Chrome profile at C:\Users\dell\AppData\Local\Temp\chrome-profile-1015353131823591029
2025-09-12 19:29:18 [main] INFO  DriverFactory - 🚀 WebDriver started successfully
2025-09-12 19:29:18 [main] INFO  RetryUrlAccess - Navigating to URL (attempt 1): https://demoqa.com
2025-09-12 19:30:18 [main] WARN  RetryUrlAccess - Navigation attempt 1 failed: timeout: Timed out receiving message from renderer: 59.001
  (Session info: chrome=137.0.7151.120)
Build info: version: '4.35.0', revision: '1c58e5028b'
System info: os.name: 'Windows 11', os.arch: 'amd64', os.version: '10.0', java.version: '21.0.7'
Driver info: org.openqa.selenium.chrome.ChromeDriver
Command: [175d751781827bdc9dbe6123b8f6828e, get {url=https://demoqa.com}]
Capabilities {acceptInsecureCerts: false, browserName: chrome, browserVersion: 137.0.7151.120, chrome: {chromedriverVersion: 137.0.7151.119 (e0ac9d12dff..., userDataDir: C:\Users\dell\AppData\Local...}, fedcm:accounts: true, goog:chromeOptions: {debuggerAddress: localhost:64153}, networkConnectionEnabled: false, pageLoadStrategy: normal, platformName: windows, proxy: Proxy(), se:cdp: ws://localhost:64153/devtoo..., se:cdpVersion: 137.0.7151.120, setWindowRect: true, strictFileInteractability: false, timeouts: {implicit: 0, pageLoad: 300000, script: 30000}, unhandledPromptBehavior: dismiss and notify, webauthn:extension:credBlob: true, webauthn:extension:largeBlob: true, webauthn:extension:minPinLength: true, webauthn:extension:prf: true, webauthn:virtualAuthenticators: true}
Session ID: 175d751781827bdc9dbe6123b8f6828e
2025-09-12 19:30:21 [main] INFO  RetryUrlAccess - Navigating to URL (attempt 2): https://demoqa.com
2025-09-12 19:30:21 [main] INFO  demoqaBase - 🧪 Starting Test Alerts, Frames & Windows|Frames|Parent Frame message...
2025-09-12 19:30:21 [main] INFO  demoqaBase - Accessing Alerts, Frame & Windows Card...
Declared Instance WebDriverWait: org.openqa.selenium.support.ui.WebDriverWait@3bcc8f13
2025-09-12 19:30:21 [main] INFO  demoqaLog - Clicking on Alert Frame & Windows Card...
🔹 Trying JS click by locator (attempt 1)
2025-09-12 19:30:22 [main] INFO  demoqaLog - 🔹 Trying JS click by locator (attempt 1)
🔹 Attempting JS click...
2025-09-12 19:30:22 [main] INFO  demoqaLog - 🔹 Attempting JS click...
2025-09-12 19:30:22 [main] INFO  demoqaLog - Clicked on Alert Frame & Windows Card...
Title of this Page is: DEMOQA
You are Accessing: Alerts, Frame & Windows
2025-09-12 19:30:22 [main] INFO  demoqaBase - Alerts, Frame & Windows Card: Please select an item from left to start practice.
2025-09-12 19:30:22 [main] INFO  demoqaBase - 🔍 Starting test for Frames|Nested Frames click ..
🔹 Trying JS click on WebElement (attempt 1)
2025-09-12 19:30:22 [main] INFO  demoqaLog - 🔹 Trying JS click on WebElement (attempt 1)
🔹 Attempting JS click...
2025-09-12 19:30:22 [main] INFO  demoqaLog - 🔹 Attempting JS click...
2025-09-12 19:30:22 [main] INFO  demoqaBase - ✅ Clicked on Nested Frames...
2025-09-12 19:30:22 [main] INFO  demoqaBase - Page Title is: Nested Frames
2025-09-12 19:30:25 [main] INFO  demoqaBase - 🔍 Starting test for Frames|Parent Frame Message...
2025-09-12 19:30:28 [main] INFO  demoqaBase - After switching, frame body contains: [Parent frame]
2025-09-12 19:30:28 [main] INFO  demoqaBase - ✅ Alerts, Frames & Windows|Frames|Parent Frame message Test Completed...
]]></system-out>
  </testcase>
  <testcase name="GetChildFrame" classname="tests.AlertsFramesWindowsTests" time="3.551">
    <system-out><![CDATA[2025-09-12 19:30:28 [main] INFO  demoqaBase - Closing browser for test: GetParentFrame
2025-09-12 19:30:29 [main] INFO  DriverFactory - 🌐 Starting Chrome Web Browser...
2025-09-12 19:30:29 [main] INFO  DriverFactory - ✅ Created temporary Chrome profile at C:\Users\dell\AppData\Local\Temp\chrome-profile-3113235154159485949
2025-09-12 19:30:30 [main] INFO  DriverFactory - 🚀 WebDriver started successfully
2025-09-12 19:30:30 [main] INFO  RetryUrlAccess - Navigating to URL (attempt 1): https://demoqa.com
2025-09-12 19:31:30 [main] WARN  RetryUrlAccess - Navigation attempt 1 failed: timeout: Timed out receiving message from renderer: 59.009
  (Session info: chrome=137.0.7151.120)
Build info: version: '4.35.0', revision: '1c58e5028b'
System info: os.name: 'Windows 11', os.arch: 'amd64', os.version: '10.0', java.version: '21.0.7'
Driver info: org.openqa.selenium.chrome.ChromeDriver
Command: [99422a3de4e7d6d8b81600b72dda3276, get {url=https://demoqa.com}]
Capabilities {acceptInsecureCerts: false, browserName: chrome, browserVersion: 137.0.7151.120, chrome: {chromedriverVersion: 137.0.7151.119 (e0ac9d12dff..., userDataDir: C:\Users\dell\AppData\Local...}, fedcm:accounts: true, goog:chromeOptions: {debuggerAddress: localhost:64403}, networkConnectionEnabled: false, pageLoadStrategy: normal, platformName: windows, proxy: Proxy(), se:cdp: ws://localhost:64403/devtoo..., se:cdpVersion: 137.0.7151.120, setWindowRect: true, strictFileInteractability: false, timeouts: {implicit: 0, pageLoad: 300000, script: 30000}, unhandledPromptBehavior: dismiss and notify, webauthn:extension:credBlob: true, webauthn:extension:largeBlob: true, webauthn:extension:minPinLength: true, webauthn:extension:prf: true, webauthn:virtualAuthenticators: true}
Session ID: 99422a3de4e7d6d8b81600b72dda3276
2025-09-12 19:31:33 [main] INFO  RetryUrlAccess - Navigating to URL (attempt 2): https://demoqa.com
2025-09-12 19:31:33 [main] INFO  demoqaBase - 🧪 Starting Test Alerts, Frames & Windows|Frames|Child Frame message...
2025-09-12 19:31:33 [main] INFO  demoqaBase - Accessing Alerts, Frame & Windows Card...
Declared Instance WebDriverWait: org.openqa.selenium.support.ui.WebDriverWait@26d8908e
2025-09-12 19:31:33 [main] INFO  demoqaLog - Clicking on Alert Frame & Windows Card...
🔹 Trying JS click by locator (attempt 1)
2025-09-12 19:31:33 [main] INFO  demoqaLog - 🔹 Trying JS click by locator (attempt 1)
🔹 Attempting JS click...
2025-09-12 19:31:33 [main] INFO  demoqaLog - 🔹 Attempting JS click...
2025-09-12 19:31:33 [main] INFO  demoqaLog - Clicked on Alert Frame & Windows Card...
Title of this Page is: DEMOQA
You are Accessing: Alerts, Frame & Windows
2025-09-12 19:31:34 [main] INFO  demoqaBase - Alerts, Frame & Windows Card: Please select an item from left to start practice.
2025-09-12 19:31:34 [main] INFO  demoqaBase - 🔍 Starting test for Frames|Nested Frames click ..
🔹 Trying JS click on WebElement (attempt 1)
2025-09-12 19:31:34 [main] INFO  demoqaLog - 🔹 Trying JS click on WebElement (attempt 1)
🔹 Attempting JS click...
2025-09-12 19:31:34 [main] INFO  demoqaLog - 🔹 Attempting JS click...
2025-09-12 19:31:34 [main] INFO  demoqaBase - ✅ Clicked on Nested Frames...
2025-09-12 19:31:34 [main] INFO  demoqaBase - Page Title is: Nested Frames
2025-09-12 19:31:37 [main] INFO  demoqaBase - 🔍 Starting test for Frames|Child Frame Message...
2025-09-12 19:31:37 [main] INFO  demoqaBase - After switching, frame body contains: [Child Iframe]
2025-09-12 19:31:37 [main] INFO  demoqaBase - ✅ Alerts, Frames & Windows|Frames|Child Frame message Test Completed...
]]></system-out>
  </testcase>
  <testcase name="ElementsCard" classname="tests.ElementsTests" time="0.372">
    <system-out><![CDATA[2025-09-12 19:31:37 [main] INFO  demoqaBase - Closing browser for test: GetChildFrame
2025-09-12 19:31:37 [main] INFO  DriverFactory - 🌐 Starting Chrome Web Browser...
2025-09-12 19:31:37 [main] INFO  DriverFactory - ✅ Created temporary Chrome profile at C:\Users\dell\AppData\Local\Temp\chrome-profile-1447366426030308213
2025-09-12 19:31:38 [main] INFO  DriverFactory - 🚀 WebDriver started successfully
2025-09-12 19:31:38 [main] INFO  RetryUrlAccess - Navigating to URL (attempt 1): https://demoqa.com
2025-09-12 19:32:38 [main] WARN  RetryUrlAccess - Navigation attempt 1 failed: timeout: Timed out receiving message from renderer: 59.064
  (Session info: chrome=137.0.7151.120)
Build info: version: '4.35.0', revision: '1c58e5028b'
System info: os.name: 'Windows 11', os.arch: 'amd64', os.version: '10.0', java.version: '21.0.7'
Driver info: org.openqa.selenium.chrome.ChromeDriver
Command: [42da4c19722c394108ed12993a4e9a3f, get {url=https://demoqa.com}]
Capabilities {acceptInsecureCerts: false, browserName: chrome, browserVersion: 137.0.7151.120, chrome: {chromedriverVersion: 137.0.7151.119 (e0ac9d12dff..., userDataDir: C:\Users\dell\AppData\Local...}, fedcm:accounts: true, goog:chromeOptions: {debuggerAddress: localhost:64590}, networkConnectionEnabled: false, pageLoadStrategy: normal, platformName: windows, proxy: Proxy(), se:cdp: ws://localhost:64590/devtoo..., se:cdpVersion: 137.0.7151.120, setWindowRect: true, strictFileInteractability: false, timeouts: {implicit: 0, pageLoad: 300000, script: 30000}, unhandledPromptBehavior: dismiss and notify, webauthn:extension:credBlob: true, webauthn:extension:largeBlob: true, webauthn:extension:minPinLength: true, webauthn:extension:prf: true, webauthn:virtualAuthenticators: true}
Session ID: 42da4c19722c394108ed12993a4e9a3f
2025-09-12 19:32:41 [main] INFO  RetryUrlAccess - Navigating to URL (attempt 2): https://demoqa.com
2025-09-12 19:32:42 [main] INFO  demoqaBase - 🧪 Starting Test Elements | Text Box Test...
Instance Variables Declared are: nullnull
2025-09-12 19:32:42 [main] INFO  demoqaBase - Accessing Elements Card...
2025-09-12 19:32:42 [main] INFO  demoqaLog - Clicking on Elements Card...
🔹 Trying JS click by locator (attempt 1)
2025-09-12 19:32:42 [main] INFO  demoqaLog - 🔹 Trying JS click by locator (attempt 1)
🔹 Attempting JS click...
2025-09-12 19:32:42 [main] INFO  demoqaLog - 🔹 Attempting JS click...
⚡ Falling back to native click by locator (attempt 1)
2025-09-12 19:32:42 [main] INFO  demoqaLog - ⚡ Falling back to native click by locator (attempt 1)
2025-09-12 19:32:42 [main] INFO  demoqaLog - Clicked on Elements Card...
Title of this Page is: DEMOQA
You are Accessing: Elements
 
Elements: Please select an item from left to start practice.
2025-09-12 19:32:42 [main] INFO  demoqaBase - Elements: Please select an item from left to start practice.
Title of this Page is: DEMOQA
2025-09-12 19:32:42 [main] INFO  demoqaBase - ✅ Element Card Test Completed...
]]></system-out>
  </testcase>
  <testcase name="TextBox[TextBoxUser{firstName=&apos;Johny&apos;, lastName=&apos;Bravo&apos;, email=&apos;Jbravo@demoqa.com&apos;, currentAddress=&apos;301 Town 481, Brookville\n kansas 42129\n United States&apos;, permanentAddress=&apos;511 Grant 481, Prattsville\n Arkansas 72129\n United States&apos;}](1)" classname="tests.ElementsTests" time="4.427">
    <system-out><![CDATA[2025-09-12 19:32:42 [main] INFO  demoqaBase - Closing browser for test: ElementsCard
2025-09-12 19:32:43 [main] WARN  PauseManager - ⏸ Pausing for 5 minutes after 20 tests...
2025-09-12 19:32:43 [main] INFO  PauseManager - ▶ Resuming in 5 minutes...
2025-09-12 19:33:43 [main] INFO  PauseManager - ▶ Resuming in 4 minutes...
2025-09-12 19:34:43 [main] INFO  PauseManager - ▶ Resuming in 3 minutes...
2025-09-12 19:35:43 [main] INFO  PauseManager - ▶ Resuming in 2 minutes...
2025-09-12 19:36:44 [main] INFO  PauseManager - ▶ Resuming in 1 minutes...
2025-09-12 19:37:34 [main] INFO  PauseManager - ▶ Resuming in 10 seconds...
2025-09-12 19:37:35 [main] INFO  PauseManager - ▶ Resuming in 9 seconds...
2025-09-12 19:37:36 [main] INFO  PauseManager - ▶ Resuming in 8 seconds...
2025-09-12 19:37:37 [main] INFO  PauseManager - ▶ Resuming in 7 seconds...
2025-09-12 19:37:38 [main] INFO  PauseManager - ▶ Resuming in 6 seconds...
2025-09-12 19:37:39 [main] INFO  PauseManager - ▶ Resuming in 5 seconds...
2025-09-12 19:37:40 [main] INFO  PauseManager - ▶ Resuming in 4 seconds...
2025-09-12 19:37:41 [main] INFO  PauseManager - ▶ Resuming in 3 seconds...
2025-09-12 19:37:42 [main] INFO  PauseManager - ▶ Resuming in 2 seconds...
2025-09-12 19:37:43 [main] INFO  PauseManager - ▶ Resuming in 1 seconds...
2025-09-12 19:37:44 [main] INFO  PauseManager - ✅ Pause complete. Resuming tests...
🧾 Row 1: {Salary=28000.0, Email=Jbravo@demoqa.com, Address=511 Grant 481, Prattsville\n Arkansas 72129\n United States, First Name=Johny, Gender=Male, City=Delhi, Mobile=9.238343488E9, Hobbies=Sports,Music, Subject=Computer Science, Current Address=301 Town 481, Brookville\n kansas 42129\n United States, Department=Information Technology, DOB=15/08/2000, Picture=/TestData/Mphoto.jpg, State=NCR, Last Name=Bravo, Age=34.0}
🔍 Mapping field: firstName | Excel Column: First Name | Value: Johny
🔍 Mapping field: lastName | Excel Column: Last Name | Value: Bravo
🔍 Mapping field: email | Excel Column: Email | Value: Jbravo@demoqa.com
🔍 Mapping field: currentAddress | Excel Column: Current Address | Value: 301 Town 481, Brookville\n kansas 42129\n United States
🔍 Mapping field: permanentAddress | Excel Column: Address | Value: 511 Grant 481, Prattsville\n Arkansas 72129\n United States
🧾 Row 2: {Salary=18000.0, Email=GFemina@demoqa.com, Address=512 Grant 481, Prattsville\n Arkansas 72129\n United States, First Name=Gene, Gender=Female, City=Merrut, Mobile=1.888343432E9, Hobbies=Music,Reading, Subject=Accounting, Current Address=302 Town 481, Brookville\n kansas 42129\n United States, Department=Finance, DOB=22/05/2002, Picture=/TestData/Fphoto.png, State=Uttar Pradesh, Last Name=Femina, Age=30.0}
🔍 Mapping field: firstName | Excel Column: First Name | Value: Gene
🔍 Mapping field: lastName | Excel Column: Last Name | Value: Femina
🔍 Mapping field: email | Excel Column: Email | Value: GFemina@demoqa.com
🔍 Mapping field: currentAddress | Excel Column: Current Address | Value: 302 Town 481, Brookville\n kansas 42129\n United States
🔍 Mapping field: permanentAddress | Excel Column: Address | Value: 512 Grant 481, Prattsville\n Arkansas 72129\n United States
🧾 Row 3: {Salary=15000.0, Email=BWisem@demoqa.com, Address=513 Grant 481, Prattsville\n Arkansas 72129\n United States, First Name=Bud, Gender=Other, City=Panipat, Mobile=8.932465432E9, Hobbies=Reading, Subject=Biology, Current Address=303 Town 481, Brookville\n kansas 42129\n United States, Department=Medicine, DOB=31/12/1999, Picture=/TestData/Ophoto.jpg, State=Haryana, Last Name=Wisem, Age=40.0}
🔍 Mapping field: firstName | Excel Column: First Name | Value: Bud
🔍 Mapping field: lastName | Excel Column: Last Name | Value: Wisem
🔍 Mapping field: email | Excel Column: Email | Value: BWisem@demoqa.com
🔍 Mapping field: currentAddress | Excel Column: Current Address | Value: 303 Town 481, Brookville\n kansas 42129\n United States
🔍 Mapping field: permanentAddress | Excel Column: Address | Value: 513 Grant 481, Prattsville\n Arkansas 72129\n United States
🧾 Row 4: {Salary=19000.0, Email=TBoss@demoqa.com, Address=514 Grant 481, Prattsville\n Arkansas 72129\n United States, First Name=Tom, Gender=Male, City=Jaiselmer, Mobile=7.839875281E9, Hobbies=Sports,Reading, Subject=Social Studies, Current Address=304 Town 481, Brookville\n kansas 42129\n United States, Department=Recreation, DOB=1/26/03, Picture=/TestData/M2photo.jpg, State=Rajasthan, Last Name=Boss, Age=42.0}
🔍 Mapping field: firstName | Excel Column: First Name | Value: Tom
🔍 Mapping field: lastName | Excel Column: Last Name | Value: Boss
🔍 Mapping field: email | Excel Column: Email | Value: TBoss@demoqa.com
🔍 Mapping field: currentAddress | Excel Column: Current Address | Value: 304 Town 481, Brookville\n kansas 42129\n United States
🔍 Mapping field: permanentAddress | Excel Column: Address | Value: 514 Grant 481, Prattsville\n Arkansas 72129\n United States
2025-09-12 19:37:44 [main] INFO  DriverFactory - 🌐 Starting Chrome Web Browser...
2025-09-12 19:37:44 [main] INFO  DriverFactory - ✅ Created temporary Chrome profile at C:\Users\dell\AppData\Local\Temp\chrome-profile-14116377378893671957
2025-09-12 19:37:45 [main] INFO  DriverFactory - 🚀 WebDriver started successfully
2025-09-12 19:37:45 [main] INFO  RetryUrlAccess - Navigating to URL (attempt 1): https://demoqa.com
2025-09-12 19:38:20 [main] INFO  demoqaBase - 🧪 Starting Test Elements | Text Box Test...
Instance Variables Declared are: nullnull
2025-09-12 19:38:20 [main] INFO  demoqaBase - Accessing Elements Card...
2025-09-12 19:38:20 [main] INFO  demoqaLog - Clicking on Elements Card...
🔹 Trying JS click by locator (attempt 1)
2025-09-12 19:38:20 [main] INFO  demoqaLog - 🔹 Trying JS click by locator (attempt 1)
🔹 Attempting JS click...
2025-09-12 19:38:20 [main] INFO  demoqaLog - 🔹 Attempting JS click...
⚡ Falling back to native click by locator (attempt 1)
2025-09-12 19:38:20 [main] INFO  demoqaLog - ⚡ Falling back to native click by locator (attempt 1)
2025-09-12 19:38:20 [main] INFO  demoqaLog - Clicked on Elements Card...
Title of this Page is: DEMOQA
You are Accessing: Elements
 
Elements: Please select an item from left to start practice.
2025-09-12 19:38:20 [main] INFO  demoqaBase - Elements: Please select an item from left to start practice.
2025-09-12 19:38:20 [main] INFO  demoqaBase - Accessing Text Box...
🔹 Trying JS click on WebElement (attempt 1)
2025-09-12 19:38:20 [main] INFO  demoqaLog - 🔹 Trying JS click on WebElement (attempt 1)
🔹 Attempting JS click...
2025-09-12 19:38:20 [main] INFO  demoqaLog - 🔹 Attempting JS click...
Text Box
2025-09-12 19:38:21 [main] INFO  demoqaBase - You are accessing: Text Box
2025-09-12 19:38:24 [main] INFO  demoqaBase - 📝 Filling TextBox form for user: Johny Bravo
2025-09-12 19:38:24 [main] INFO  demoqaBase - ✅ Form filled successfully for: Johny Bravo
2025-09-12 19:38:24 [main] INFO  demoqaLog - ✅ JS click executed on element: {}
2025-09-12 19:38:24 [main] INFO  demoqaBase - 🔍 Validating submitted form for: Johny Bravo
2025-09-12 19:38:24 [main] INFO  demoqaBase - ✅ Validation passed for user: Johny Bravo
2025-09-12 19:38:24 [main] INFO  demoqaBase - ✅ Text Box Element Test Completed...
]]></system-out>
  </testcase>
  <testcase name="TextBox[TextBoxUser{firstName=&apos;Gene&apos;, lastName=&apos;Femina&apos;, email=&apos;GFemina@demoqa.com&apos;, currentAddress=&apos;302 Town 481, Brookville\n kansas 42129\n United States&apos;, permanentAddress=&apos;512 Grant 481, Prattsville\n Arkansas 72129\n United States&apos;}](2)" classname="tests.ElementsTests" time="4.181">
    <system-out><![CDATA[Path for Screenshot is: C:\ASN\eclipse_workspace\demoqa-automation/screenshots/TextBox_Passed_20250912_193824+2025-09-12_19-38-24.png
2025-09-12 19:38:25 [main] INFO  demoqaBase - ✅ Test TextBox passed. Screenshot captured.
2025-09-12 19:38:25 [main] INFO  demoqaBase - Closing browser for test: TextBox
2025-09-12 19:38:25 [main] INFO  DriverFactory - 🌐 Starting Chrome Web Browser...
2025-09-12 19:38:25 [main] INFO  DriverFactory - ✅ Created temporary Chrome profile at C:\Users\dell\AppData\Local\Temp\chrome-profile-3318074336544700825
2025-09-12 19:38:26 [main] INFO  DriverFactory - 🚀 WebDriver started successfully
2025-09-12 19:38:26 [main] INFO  RetryUrlAccess - Navigating to URL (attempt 1): https://demoqa.com
2025-09-12 19:39:00 [main] INFO  demoqaBase - 🧪 Starting Test Elements | Text Box Test...
Instance Variables Declared are: nullnull
2025-09-12 19:39:00 [main] INFO  demoqaBase - Accessing Elements Card...
2025-09-12 19:39:00 [main] INFO  demoqaLog - Clicking on Elements Card...
🔹 Trying JS click by locator (attempt 1)
2025-09-12 19:39:00 [main] INFO  demoqaLog - 🔹 Trying JS click by locator (attempt 1)
🔹 Attempting JS click...
2025-09-12 19:39:00 [main] INFO  demoqaLog - 🔹 Attempting JS click...
⚡ Falling back to native click by locator (attempt 1)
2025-09-12 19:39:00 [main] INFO  demoqaLog - ⚡ Falling back to native click by locator (attempt 1)
2025-09-12 19:39:00 [main] INFO  demoqaLog - Clicked on Elements Card...
Title of this Page is: DEMOQA
You are Accessing: Elements
 
Elements: Please select an item from left to start practice.
2025-09-12 19:39:00 [main] INFO  demoqaBase - Elements: Please select an item from left to start practice.
2025-09-12 19:39:00 [main] INFO  demoqaBase - Accessing Text Box...
🔹 Trying JS click on WebElement (attempt 1)
2025-09-12 19:39:00 [main] INFO  demoqaLog - 🔹 Trying JS click on WebElement (attempt 1)
🔹 Attempting JS click...
2025-09-12 19:39:00 [main] INFO  demoqaLog - 🔹 Attempting JS click...
Text Box
2025-09-12 19:39:00 [main] INFO  demoqaBase - You are accessing: Text Box
2025-09-12 19:39:03 [main] INFO  demoqaBase - 📝 Filling TextBox form for user: Gene Femina
2025-09-12 19:39:04 [main] INFO  demoqaBase - ✅ Form filled successfully for: Gene Femina
2025-09-12 19:39:04 [main] INFO  demoqaLog - ✅ JS click executed on element: {}
2025-09-12 19:39:04 [main] INFO  demoqaBase - 🔍 Validating submitted form for: Gene Femina
2025-09-12 19:39:04 [main] INFO  demoqaBase - ✅ Validation passed for user: Gene Femina
2025-09-12 19:39:04 [main] INFO  demoqaBase - ✅ Text Box Element Test Completed...
]]></system-out>
  </testcase>
  <testcase name="TextBox[TextBoxUser{firstName=&apos;Bud&apos;, lastName=&apos;Wisem&apos;, email=&apos;BWisem@demoqa.com&apos;, currentAddress=&apos;303 Town 481, Brookville\n kansas 42129\n United States&apos;, permanentAddress=&apos;513 Grant 481, Prattsville\n Arkansas 72129\n United States&apos;}](3)" classname="tests.ElementsTests" time="4.656">
    <system-out><![CDATA[Path for Screenshot is: C:\ASN\eclipse_workspace\demoqa-automation/screenshots/TextBox_Passed_20250912_193904+2025-09-12_19-39-04.png
2025-09-12 19:39:04 [main] INFO  demoqaBase - ✅ Test TextBox passed. Screenshot captured.
2025-09-12 19:39:04 [main] INFO  demoqaBase - Closing browser for test: TextBox
2025-09-12 19:39:05 [main] INFO  DriverFactory - 🌐 Starting Chrome Web Browser...
2025-09-12 19:39:05 [main] INFO  DriverFactory - ✅ Created temporary Chrome profile at C:\Users\dell\AppData\Local\Temp\chrome-profile-442843687785447242
2025-09-12 19:39:06 [main] INFO  DriverFactory - 🚀 WebDriver started successfully
2025-09-12 19:39:06 [main] INFO  RetryUrlAccess - Navigating to URL (attempt 1): https://demoqa.com
2025-09-12 19:40:06 [main] WARN  RetryUrlAccess - Navigation attempt 1 failed: timeout: Timed out receiving message from renderer: 59.078
  (Session info: chrome=137.0.7151.120)
Build info: version: '4.35.0', revision: '1c58e5028b'
System info: os.name: 'Windows 11', os.arch: 'amd64', os.version: '10.0', java.version: '21.0.7'
Driver info: org.openqa.selenium.chrome.ChromeDriver
Command: [ee8d12a83b74a9216281b880cf429711, get {url=https://demoqa.com}]
Capabilities {acceptInsecureCerts: false, browserName: chrome, browserVersion: 137.0.7151.120, chrome: {chromedriverVersion: 137.0.7151.119 (e0ac9d12dff..., userDataDir: C:\Users\dell\AppData\Local...}, fedcm:accounts: true, goog:chromeOptions: {debuggerAddress: localhost:65156}, networkConnectionEnabled: false, pageLoadStrategy: normal, platformName: windows, proxy: Proxy(), se:cdp: ws://localhost:65156/devtoo..., se:cdpVersion: 137.0.7151.120, setWindowRect: true, strictFileInteractability: false, timeouts: {implicit: 0, pageLoad: 300000, script: 30000}, unhandledPromptBehavior: dismiss and notify, webauthn:extension:credBlob: true, webauthn:extension:largeBlob: true, webauthn:extension:minPinLength: true, webauthn:extension:prf: true, webauthn:virtualAuthenticators: true}
Session ID: ee8d12a83b74a9216281b880cf429711
2025-09-12 19:40:09 [main] INFO  RetryUrlAccess - Navigating to URL (attempt 2): https://demoqa.com
2025-09-12 19:40:09 [main] INFO  demoqaBase - 🧪 Starting Test Elements | Text Box Test...
Instance Variables Declared are: nullnull
2025-09-12 19:40:09 [main] INFO  demoqaBase - Accessing Elements Card...
2025-09-12 19:40:09 [main] INFO  demoqaLog - Clicking on Elements Card...
🔹 Trying JS click by locator (attempt 1)
2025-09-12 19:40:09 [main] INFO  demoqaLog - 🔹 Trying JS click by locator (attempt 1)
🔹 Attempting JS click...
2025-09-12 19:40:09 [main] INFO  demoqaLog - 🔹 Attempting JS click...
⚡ Falling back to native click by locator (attempt 1)
2025-09-12 19:40:09 [main] INFO  demoqaLog - ⚡ Falling back to native click by locator (attempt 1)
2025-09-12 19:40:10 [main] INFO  demoqaLog - Clicked on Elements Card...
Title of this Page is: DEMOQA
You are Accessing: Elements
 
Elements: Please select an item from left to start practice.
2025-09-12 19:40:10 [main] INFO  demoqaBase - Elements: Please select an item from left to start practice.
2025-09-12 19:40:10 [main] INFO  demoqaBase - Accessing Text Box...
🔹 Trying JS click on WebElement (attempt 1)
2025-09-12 19:40:10 [main] INFO  demoqaLog - 🔹 Trying JS click on WebElement (attempt 1)
🔹 Attempting JS click...
2025-09-12 19:40:10 [main] INFO  demoqaLog - 🔹 Attempting JS click...
Text Box
2025-09-12 19:40:10 [main] INFO  demoqaBase - You are accessing: Text Box
2025-09-12 19:40:13 [main] INFO  demoqaBase - 📝 Filling TextBox form for user: Bud Wisem
2025-09-12 19:40:14 [main] INFO  demoqaBase - ✅ Form filled successfully for: Bud Wisem
2025-09-12 19:40:14 [main] INFO  demoqaLog - ✅ JS click executed on element: {}
2025-09-12 19:40:14 [main] INFO  demoqaBase - 🔍 Validating submitted form for: Bud Wisem
2025-09-12 19:40:14 [main] INFO  demoqaBase - ✅ Validation passed for user: Bud Wisem
2025-09-12 19:40:14 [main] INFO  demoqaBase - ✅ Text Box Element Test Completed...
]]></system-out>
  </testcase>
  <testcase name="TextBox[TextBoxUser{firstName=&apos;Tom&apos;, lastName=&apos;Boss&apos;, email=&apos;TBoss@demoqa.com&apos;, currentAddress=&apos;304 Town 481, Brookville\n kansas 42129\n United States&apos;, permanentAddress=&apos;514 Grant 481, Prattsville\n Arkansas 72129\n United States&apos;}](4)" classname="tests.ElementsTests" time="4.077">
    <system-out><![CDATA[Path for Screenshot is: C:\ASN\eclipse_workspace\demoqa-automation/screenshots/TextBox_Passed_20250912_194014+2025-09-12_19-40-14.png
2025-09-12 19:40:14 [main] INFO  demoqaBase - ✅ Test TextBox passed. Screenshot captured.
2025-09-12 19:40:14 [main] INFO  demoqaBase - Closing browser for test: TextBox
2025-09-12 19:40:14 [main] INFO  DriverFactory - 🌐 Starting Chrome Web Browser...
2025-09-12 19:40:14 [main] INFO  DriverFactory - ✅ Created temporary Chrome profile at C:\Users\dell\AppData\Local\Temp\chrome-profile-15669731875870195
2025-09-12 19:40:15 [main] INFO  DriverFactory - 🚀 WebDriver started successfully
2025-09-12 19:40:15 [main] INFO  RetryUrlAccess - Navigating to URL (attempt 1): https://demoqa.com
2025-09-12 19:40:48 [main] INFO  demoqaBase - 🧪 Starting Test Elements | Text Box Test...
Instance Variables Declared are: nullnull
2025-09-12 19:40:48 [main] INFO  demoqaBase - Accessing Elements Card...
2025-09-12 19:40:48 [main] INFO  demoqaLog - Clicking on Elements Card...
🔹 Trying JS click by locator (attempt 1)
2025-09-12 19:40:48 [main] INFO  demoqaLog - 🔹 Trying JS click by locator (attempt 1)
🔹 Attempting JS click...
2025-09-12 19:40:48 [main] INFO  demoqaLog - 🔹 Attempting JS click...
⚡ Falling back to native click by locator (attempt 1)
2025-09-12 19:40:48 [main] INFO  demoqaLog - ⚡ Falling back to native click by locator (attempt 1)
2025-09-12 19:40:48 [main] INFO  demoqaLog - Clicked on Elements Card...
Title of this Page is: DEMOQA
You are Accessing: Elements
 
Elements: Please select an item from left to start practice.
2025-09-12 19:40:48 [main] INFO  demoqaBase - Elements: Please select an item from left to start practice.
2025-09-12 19:40:48 [main] INFO  demoqaBase - Accessing Text Box...
🔹 Trying JS click on WebElement (attempt 1)
2025-09-12 19:40:48 [main] INFO  demoqaLog - 🔹 Trying JS click on WebElement (attempt 1)
🔹 Attempting JS click...
2025-09-12 19:40:48 [main] INFO  demoqaLog - 🔹 Attempting JS click...
Text Box
2025-09-12 19:40:48 [main] INFO  demoqaBase - You are accessing: Text Box
2025-09-12 19:40:51 [main] INFO  demoqaBase - 📝 Filling TextBox form for user: Tom Boss
2025-09-12 19:40:51 [main] INFO  demoqaBase - ✅ Form filled successfully for: Tom Boss
2025-09-12 19:40:52 [main] INFO  demoqaLog - ✅ JS click executed on element: {}
2025-09-12 19:40:52 [main] INFO  demoqaBase - 🔍 Validating submitted form for: Tom Boss
2025-09-12 19:40:52 [main] INFO  demoqaBase - ✅ Validation passed for user: Tom Boss
2025-09-12 19:40:52 [main] INFO  demoqaBase - ✅ Text Box Element Test Completed...
]]></system-out>
  </testcase>
  <testcase name="CheckBox" classname="tests.ElementsTests" time="0.89">
    <system-out><![CDATA[Path for Screenshot is: C:\ASN\eclipse_workspace\demoqa-automation/screenshots/TextBox_Passed_20250912_194052+2025-09-12_19-40-52.png
2025-09-12 19:40:52 [main] INFO  demoqaBase - ✅ Test TextBox passed. Screenshot captured.
2025-09-12 19:40:52 [main] INFO  demoqaBase - Closing browser for test: TextBox
2025-09-12 19:40:52 [main] INFO  DriverFactory - 🌐 Starting Chrome Web Browser...
2025-09-12 19:40:52 [main] INFO  DriverFactory - ✅ Created temporary Chrome profile at C:\Users\dell\AppData\Local\Temp\chrome-profile-7969313290977069024
2025-09-12 19:40:53 [main] INFO  DriverFactory - 🚀 WebDriver started successfully
2025-09-12 19:40:53 [main] INFO  RetryUrlAccess - Navigating to URL (attempt 1): https://demoqa.com
2025-09-12 19:41:53 [main] WARN  RetryUrlAccess - Navigation attempt 1 failed: timeout: Timed out receiving message from renderer: 59.060
  (Session info: chrome=137.0.7151.120)
Build info: version: '4.35.0', revision: '1c58e5028b'
System info: os.name: 'Windows 11', os.arch: 'amd64', os.version: '10.0', java.version: '21.0.7'
Driver info: org.openqa.selenium.chrome.ChromeDriver
Command: [3f3b17ad7766a1e96e06e1a173fbff4b, get {url=https://demoqa.com}]
Capabilities {acceptInsecureCerts: false, browserName: chrome, browserVersion: 137.0.7151.120, chrome: {chromedriverVersion: 137.0.7151.119 (e0ac9d12dff..., userDataDir: C:\Users\dell\AppData\Local...}, fedcm:accounts: true, goog:chromeOptions: {debuggerAddress: localhost:65511}, networkConnectionEnabled: false, pageLoadStrategy: normal, platformName: windows, proxy: Proxy(), se:cdp: ws://localhost:65511/devtoo..., se:cdpVersion: 137.0.7151.120, setWindowRect: true, strictFileInteractability: false, timeouts: {implicit: 0, pageLoad: 300000, script: 30000}, unhandledPromptBehavior: dismiss and notify, webauthn:extension:credBlob: true, webauthn:extension:largeBlob: true, webauthn:extension:minPinLength: true, webauthn:extension:prf: true, webauthn:virtualAuthenticators: true}
Session ID: 3f3b17ad7766a1e96e06e1a173fbff4b
2025-09-12 19:41:56 [main] INFO  RetryUrlAccess - Navigating to URL (attempt 2): https://demoqa.com
2025-09-12 19:41:57 [main] INFO  demoqaBase - 🧪 Starting Test Elements | Check Box Test...
Instance Variables Declared are: nullnull
2025-09-12 19:41:57 [main] INFO  demoqaBase - Accessing Elements Card...
2025-09-12 19:41:57 [main] INFO  demoqaLog - Clicking on Elements Card...
🔹 Trying JS click by locator (attempt 1)
2025-09-12 19:41:57 [main] INFO  demoqaLog - 🔹 Trying JS click by locator (attempt 1)
🔹 Attempting JS click...
2025-09-12 19:41:57 [main] INFO  demoqaLog - 🔹 Attempting JS click...
⚡ Falling back to native click by locator (attempt 1)
2025-09-12 19:41:57 [main] INFO  demoqaLog - ⚡ Falling back to native click by locator (attempt 1)
2025-09-12 19:41:57 [main] INFO  demoqaLog - Clicked on Elements Card...
Title of this Page is: DEMOQA
You are Accessing: Elements
 
Elements: Please select an item from left to start practice.
2025-09-12 19:41:57 [main] INFO  demoqaBase - Elements: Please select an item from left to start practice.
2025-09-12 19:41:57 [main] INFO  demoqaBase - Accessing Check Box...
🔹 Trying JS click on WebElement (attempt 1)
2025-09-12 19:41:57 [main] INFO  demoqaLog - 🔹 Trying JS click on WebElement (attempt 1)
🔹 Attempting JS click...
2025-09-12 19:41:57 [main] INFO  demoqaLog - 🔹 Attempting JS click...
Check Box
2025-09-12 19:41:58 [main] INFO  demoqaBase - You are accessing: Check Box
2025-09-12 19:41:58 [main] INFO  demoqaBase - ✅ Test Elements | Check Box Test Test Completed...
]]></system-out>
  </testcase>
  <testcase name="SelectingHomeCheckBox" classname="tests.ElementsTests" time="3.706">
    <system-out><![CDATA[2025-09-12 19:41:58 [main] INFO  demoqaBase - Closing browser for test: CheckBox
2025-09-12 19:41:58 [main] INFO  DriverFactory - 🌐 Starting Chrome Web Browser...
2025-09-12 19:41:58 [main] INFO  DriverFactory - ✅ Created temporary Chrome profile at C:\Users\dell\AppData\Local\Temp\chrome-profile-16917187969467565046
2025-09-12 19:41:59 [main] INFO  DriverFactory - 🚀 WebDriver started successfully
2025-09-12 19:41:59 [main] INFO  RetryUrlAccess - Navigating to URL (attempt 1): https://demoqa.com
2025-09-12 19:42:44 [main] INFO  demoqaBase - 🧪 Starting Test Elements | Selecting Home Check Box Test...
Instance Variables Declared are: nullnull
2025-09-12 19:42:44 [main] INFO  demoqaBase - Accessing Elements Card...
2025-09-12 19:42:44 [main] INFO  demoqaLog - Clicking on Elements Card...
🔹 Trying JS click by locator (attempt 1)
2025-09-12 19:42:44 [main] INFO  demoqaLog - 🔹 Trying JS click by locator (attempt 1)
🔹 Attempting JS click...
2025-09-12 19:42:44 [main] INFO  demoqaLog - 🔹 Attempting JS click...
⚡ Falling back to native click by locator (attempt 1)
2025-09-12 19:42:44 [main] INFO  demoqaLog - ⚡ Falling back to native click by locator (attempt 1)
2025-09-12 19:42:44 [main] INFO  demoqaLog - Clicked on Elements Card...
Title of this Page is: DEMOQA
You are Accessing: Elements
 
Elements: Please select an item from left to start practice.
2025-09-12 19:42:44 [main] INFO  demoqaBase - Elements: Please select an item from left to start practice.
2025-09-12 19:42:44 [main] INFO  demoqaBase - Accessing Check Box...
🔹 Trying JS click on WebElement (attempt 1)
2025-09-12 19:42:44 [main] INFO  demoqaLog - 🔹 Trying JS click on WebElement (attempt 1)
🔹 Attempting JS click...
2025-09-12 19:42:44 [main] INFO  demoqaLog - 🔹 Attempting JS click...
Check Box
2025-09-12 19:42:44 [main] INFO  demoqaBase - You are accessing: Check Box
2025-09-12 19:42:47 [main] INFO  demoqaBase - Selecting Home Check Box...
🔹 Trying JS click on WebElement (attempt 1)
2025-09-12 19:42:47 [main] INFO  demoqaLog - 🔹 Trying JS click on WebElement (attempt 1)
🔹 Attempting JS click...
2025-09-12 19:42:47 [main] INFO  demoqaLog - 🔹 Attempting JS click...
Information Submitted is: You have selected :
home
desktop
notes
commands
documents
workspace
react
angular
veu
office
public
private
classified
general
downloads
wordFile
excelFile
2025-09-12 19:42:48 [main] INFO  demoqaBase - You have Selected: You have selected :
home
desktop
notes
commands
documents
workspace
react
angular
veu
office
public
private
classified
general
downloads
wordFile
excelFile
2025-09-12 19:42:48 [main] INFO  demoqaBase - ✅ Elements | Selecting Home Test Completed...
]]></system-out>
  </testcase>
  <testcase name="SelectingDesktopCheckBox" classname="tests.ElementsTests" time="3.728">
    <system-out><![CDATA[2025-09-12 19:42:48 [main] INFO  demoqaBase - Closing browser for test: SelectingHomeCheckBox
2025-09-12 19:42:48 [main] INFO  DriverFactory - 🌐 Starting Chrome Web Browser...
2025-09-12 19:42:48 [main] INFO  DriverFactory - ✅ Created temporary Chrome profile at C:\Users\dell\AppData\Local\Temp\chrome-profile-6074952457472441532
2025-09-12 19:42:49 [main] INFO  DriverFactory - 🚀 WebDriver started successfully
2025-09-12 19:42:49 [main] INFO  RetryUrlAccess - Navigating to URL (attempt 1): https://demoqa.com
2025-09-12 19:43:22 [main] INFO  demoqaBase - 🧪 Starting Test Elements | Selecting Desktop Check Box Test...
Instance Variables Declared are: nullnull
2025-09-12 19:43:22 [main] INFO  demoqaBase - Accessing Elements Card...
2025-09-12 19:43:22 [main] INFO  demoqaLog - Clicking on Elements Card...
🔹 Trying JS click by locator (attempt 1)
2025-09-12 19:43:23 [main] INFO  demoqaLog - 🔹 Trying JS click by locator (attempt 1)
🔹 Attempting JS click...
2025-09-12 19:43:23 [main] INFO  demoqaLog - 🔹 Attempting JS click...
⚡ Falling back to native click by locator (attempt 1)
2025-09-12 19:43:23 [main] INFO  demoqaLog - ⚡ Falling back to native click by locator (attempt 1)
2025-09-12 19:43:23 [main] INFO  demoqaLog - Clicked on Elements Card...
Title of this Page is: DEMOQA
You are Accessing: Elements
 
Elements: Please select an item from left to start practice.
2025-09-12 19:43:23 [main] INFO  demoqaBase - Elements: Please select an item from left to start practice.
2025-09-12 19:43:23 [main] INFO  demoqaBase - Accessing Check Box...
🔹 Trying JS click on WebElement (attempt 1)
2025-09-12 19:43:23 [main] INFO  demoqaLog - 🔹 Trying JS click on WebElement (attempt 1)
🔹 Attempting JS click...
2025-09-12 19:43:23 [main] INFO  demoqaLog - 🔹 Attempting JS click...
Check Box
2025-09-12 19:43:23 [main] INFO  demoqaBase - You are accessing: Check Box
2025-09-12 19:43:26 [main] INFO  demoqaBase - Clicking on Home Toggle Button...
🔹 Trying JS click on WebElement (attempt 1)
2025-09-12 19:43:26 [main] INFO  demoqaLog - 🔹 Trying JS click on WebElement (attempt 1)
🔹 Attempting JS click...
2025-09-12 19:43:26 [main] INFO  demoqaLog - 🔹 Attempting JS click...
2025-09-12 19:43:26 [main] INFO  demoqaBase - Selecting Deskstop Check Box...
🔹 Trying JS click on WebElement (attempt 1)
2025-09-12 19:43:26 [main] INFO  demoqaLog - 🔹 Trying JS click on WebElement (attempt 1)
🔹 Attempting JS click...
2025-09-12 19:43:26 [main] INFO  demoqaLog - 🔹 Attempting JS click...
Information Submitted is: You have selected :
desktop
notes
commands
2025-09-12 19:43:26 [main] INFO  demoqaBase - You have Selected: You have selected :
desktop
notes
commands
2025-09-12 19:43:26 [main] INFO  demoqaBase - ✅ Elements | Home | Desktop Test Completed...
]]></system-out>
  </testcase>
  <testcase name="SelectingNotesCommandsClick" classname="tests.ElementsTests" time="4.037">
    <system-out><![CDATA[2025-09-12 19:43:26 [main] INFO  demoqaBase - Closing browser for test: SelectingDesktopCheckBox
2025-09-12 19:43:27 [main] INFO  DriverFactory - 🌐 Starting Chrome Web Browser...
2025-09-12 19:43:27 [main] INFO  DriverFactory - ✅ Created temporary Chrome profile at C:\Users\dell\AppData\Local\Temp\chrome-profile-8379045150928956662
2025-09-12 19:43:28 [main] INFO  DriverFactory - 🚀 WebDriver started successfully
2025-09-12 19:43:28 [main] INFO  RetryUrlAccess - Navigating to URL (attempt 1): https://demoqa.com
2025-09-12 19:44:03 [main] INFO  demoqaBase - 🧪 Starting Test Elements | Selecting Desktop| Notes & Commands Check Box Test...
Instance Variables Declared are: nullnull
2025-09-12 19:44:03 [main] INFO  demoqaBase - Accessing Elements Card...
2025-09-12 19:44:03 [main] INFO  demoqaLog - Clicking on Elements Card...
🔹 Trying JS click by locator (attempt 1)
2025-09-12 19:44:03 [main] INFO  demoqaLog - 🔹 Trying JS click by locator (attempt 1)
🔹 Attempting JS click...
2025-09-12 19:44:03 [main] INFO  demoqaLog - 🔹 Attempting JS click...
⚡ Falling back to native click by locator (attempt 1)
2025-09-12 19:44:03 [main] INFO  demoqaLog - ⚡ Falling back to native click by locator (attempt 1)
2025-09-12 19:44:03 [main] INFO  demoqaLog - Clicked on Elements Card...
Title of this Page is: DEMOQA
You are Accessing: Elements
 
Elements: Please select an item from left to start practice.
2025-09-12 19:44:03 [main] INFO  demoqaBase - Elements: Please select an item from left to start practice.
2025-09-12 19:44:03 [main] INFO  demoqaBase - Accessing Check Box...
🔹 Trying JS click on WebElement (attempt 1)
2025-09-12 19:44:03 [main] INFO  demoqaLog - 🔹 Trying JS click on WebElement (attempt 1)
🔹 Attempting JS click...
2025-09-12 19:44:03 [main] INFO  demoqaLog - 🔹 Attempting JS click...
Check Box
2025-09-12 19:44:03 [main] INFO  demoqaBase - You are accessing: Check Box
2025-09-12 19:44:06 [main] INFO  demoqaBase - Clicking on Home Toggle Button...
🔹 Trying JS click on WebElement (attempt 1)
2025-09-12 19:44:06 [main] INFO  demoqaLog - 🔹 Trying JS click on WebElement (attempt 1)
🔹 Attempting JS click...
2025-09-12 19:44:06 [main] INFO  demoqaLog - 🔹 Attempting JS click...
2025-09-12 19:44:07 [main] INFO  demoqaBase - Clicking on Desktop Toggle Button...
🔹 Trying JS click on WebElement (attempt 1)
2025-09-12 19:44:07 [main] INFO  demoqaLog - 🔹 Trying JS click on WebElement (attempt 1)
🔹 Attempting JS click...
2025-09-12 19:44:07 [main] INFO  demoqaLog - 🔹 Attempting JS click...
2025-09-12 19:44:07 [main] INFO  demoqaBase - Clicking on Notes Button...
🔹 Trying JS click on WebElement (attempt 1)
2025-09-12 19:44:07 [main] INFO  demoqaLog - 🔹 Trying JS click on WebElement (attempt 1)
🔹 Attempting JS click...
2025-09-12 19:44:07 [main] INFO  demoqaLog - 🔹 Attempting JS click...
2025-09-12 19:44:07 [main] INFO  demoqaBase - Clicking on Commands Button...
🔹 Trying JS click on WebElement (attempt 1)
2025-09-12 19:44:07 [main] INFO  demoqaLog - 🔹 Trying JS click on WebElement (attempt 1)
🔹 Attempting JS click...
2025-09-12 19:44:07 [main] INFO  demoqaLog - 🔹 Attempting JS click...
2025-09-12 19:44:07 [main] INFO  demoqaBase - Selected Notes & Commands...
Information Submitted is: You have selected :
desktop
notes
commands
2025-09-12 19:44:07 [main] INFO  demoqaBase - You have Selected: You have selected :
desktop
notes
commands
2025-09-12 19:44:07 [main] INFO  demoqaBase - ✅ Elements | Home | Desktop | Notes & Commands Completed...
]]></system-out>
  </testcase>
  <testcase name="SelectingDocumentsCheckBox" classname="tests.ElementsTests" time="3.706">
    <system-out><![CDATA[2025-09-12 19:44:07 [main] INFO  demoqaBase - Closing browser for test: SelectingNotesCommandsClick
2025-09-12 19:44:07 [main] INFO  DriverFactory - 🌐 Starting Chrome Web Browser...
2025-09-12 19:44:07 [main] INFO  DriverFactory - ✅ Created temporary Chrome profile at C:\Users\dell\AppData\Local\Temp\chrome-profile-17128307450680978158
2025-09-12 19:44:08 [main] INFO  DriverFactory - 🚀 WebDriver started successfully
2025-09-12 19:44:08 [main] INFO  RetryUrlAccess - Navigating to URL (attempt 1): https://demoqa.com
2025-09-12 19:45:08 [main] WARN  RetryUrlAccess - Navigation attempt 1 failed: timeout: Timed out receiving message from renderer: 59.060
  (Session info: chrome=137.0.7151.120)
Build info: version: '4.35.0', revision: '1c58e5028b'
System info: os.name: 'Windows 11', os.arch: 'amd64', os.version: '10.0', java.version: '21.0.7'
Driver info: org.openqa.selenium.chrome.ChromeDriver
Command: [671114a41cafcf22593622ae7211e813, get {url=https://demoqa.com}]
Capabilities {acceptInsecureCerts: false, browserName: chrome, browserVersion: 137.0.7151.120, chrome: {chromedriverVersion: 137.0.7151.119 (e0ac9d12dff..., userDataDir: C:\Users\dell\AppData\Local...}, fedcm:accounts: true, goog:chromeOptions: {debuggerAddress: localhost:50099}, networkConnectionEnabled: false, pageLoadStrategy: normal, platformName: windows, proxy: Proxy(), se:cdp: ws://localhost:50099/devtoo..., se:cdpVersion: 137.0.7151.120, setWindowRect: true, strictFileInteractability: false, timeouts: {implicit: 0, pageLoad: 300000, script: 30000}, unhandledPromptBehavior: dismiss and notify, webauthn:extension:credBlob: true, webauthn:extension:largeBlob: true, webauthn:extension:minPinLength: true, webauthn:extension:prf: true, webauthn:virtualAuthenticators: true}
Session ID: 671114a41cafcf22593622ae7211e813
2025-09-12 19:45:11 [main] INFO  RetryUrlAccess - Navigating to URL (attempt 2): https://demoqa.com
2025-09-12 19:45:12 [main] INFO  demoqaBase - 🧪 Starting Test Elements | Selecting Documents Check Box Test...
Instance Variables Declared are: nullnull
2025-09-12 19:45:12 [main] INFO  demoqaBase - Accessing Elements Card...
2025-09-12 19:45:12 [main] INFO  demoqaLog - Clicking on Elements Card...
🔹 Trying JS click by locator (attempt 1)
2025-09-12 19:45:12 [main] INFO  demoqaLog - 🔹 Trying JS click by locator (attempt 1)
🔹 Attempting JS click...
2025-09-12 19:45:12 [main] INFO  demoqaLog - 🔹 Attempting JS click...
⚡ Falling back to native click by locator (attempt 1)
2025-09-12 19:45:12 [main] INFO  demoqaLog - ⚡ Falling back to native click by locator (attempt 1)
2025-09-12 19:45:12 [main] INFO  demoqaLog - Clicked on Elements Card...
Title of this Page is: DEMOQA
You are Accessing: Elements
 
Elements: Please select an item from left to start practice.
2025-09-12 19:45:13 [main] INFO  demoqaBase - Elements: Please select an item from left to start practice.
2025-09-12 19:45:13 [main] INFO  demoqaBase - Accessing Check Box...
🔹 Trying JS click on WebElement (attempt 1)
2025-09-12 19:45:13 [main] INFO  demoqaLog - 🔹 Trying JS click on WebElement (attempt 1)
🔹 Attempting JS click...
2025-09-12 19:45:13 [main] INFO  demoqaLog - 🔹 Attempting JS click...
Check Box
2025-09-12 19:45:13 [main] INFO  demoqaBase - You are accessing: Check Box
2025-09-12 19:45:16 [main] INFO  demoqaBase - Clicking on Home Toggle Button...
🔹 Trying JS click on WebElement (attempt 1)
2025-09-12 19:45:16 [main] INFO  demoqaLog - 🔹 Trying JS click on WebElement (attempt 1)
🔹 Attempting JS click...
2025-09-12 19:45:16 [main] INFO  demoqaLog - 🔹 Attempting JS click...
2025-09-12 19:45:16 [main] INFO  demoqaBase - Selecting Documents Check Box...
🔹 Trying JS click on WebElement (attempt 1)
2025-09-12 19:45:16 [main] INFO  demoqaLog - 🔹 Trying JS click on WebElement (attempt 1)
🔹 Attempting JS click...
2025-09-12 19:45:16 [main] INFO  demoqaLog - 🔹 Attempting JS click...
2025-09-12 19:45:16 [main] INFO  demoqaBase - Selected Documents Check Box...
Information Submitted is: You have selected :
documents
workspace
react
angular
veu
office
public
private
classified
general
2025-09-12 19:45:16 [main] INFO  demoqaBase - You have Selected: You have selected :
documents
workspace
react
angular
veu
office
public
private
classified
general
2025-09-12 19:45:16 [main] INFO  demoqaBase - ✅ Test Elements | Selecting Documents Check Box Test Completed...
]]></system-out>
  </testcase>
  <testcase name="SelectingWorkSpace" classname="tests.ElementsTests" time="3.893">
    <system-out><![CDATA[2025-09-12 19:45:16 [main] INFO  demoqaBase - Closing browser for test: SelectingDocumentsCheckBox
2025-09-12 19:45:16 [main] INFO  DriverFactory - 🌐 Starting Chrome Web Browser...
2025-09-12 19:45:16 [main] INFO  DriverFactory - ✅ Created temporary Chrome profile at C:\Users\dell\AppData\Local\Temp\chrome-profile-10072452235862694079
2025-09-12 19:45:17 [main] INFO  DriverFactory - 🚀 WebDriver started successfully
2025-09-12 19:45:17 [main] INFO  RetryUrlAccess - Navigating to URL (attempt 1): https://demoqa.com
2025-09-12 19:46:07 [main] INFO  demoqaBase - 🧪 Starting Test Elements | Home | Selecting Documents | WorkSpace Check Box Test...
Instance Variables Declared are: nullnull
2025-09-12 19:46:07 [main] INFO  demoqaBase - Accessing Elements Card...
2025-09-12 19:46:07 [main] INFO  demoqaLog - Clicking on Elements Card...
🔹 Trying JS click by locator (attempt 1)
2025-09-12 19:46:07 [main] INFO  demoqaLog - 🔹 Trying JS click by locator (attempt 1)
🔹 Attempting JS click...
2025-09-12 19:46:07 [main] INFO  demoqaLog - 🔹 Attempting JS click...
⚡ Falling back to native click by locator (attempt 1)
2025-09-12 19:46:07 [main] INFO  demoqaLog - ⚡ Falling back to native click by locator (attempt 1)
2025-09-12 19:46:07 [main] INFO  demoqaLog - Clicked on Elements Card...
Title of this Page is: DEMOQA
You are Accessing: Elements
 
Elements: Please select an item from left to start practice.
2025-09-12 19:46:07 [main] INFO  demoqaBase - Elements: Please select an item from left to start practice.
2025-09-12 19:46:07 [main] INFO  demoqaBase - Accessing Check Box...
🔹 Trying JS click on WebElement (attempt 1)
2025-09-12 19:46:07 [main] INFO  demoqaLog - 🔹 Trying JS click on WebElement (attempt 1)
🔹 Attempting JS click...
2025-09-12 19:46:07 [main] INFO  demoqaLog - 🔹 Attempting JS click...
Check Box
2025-09-12 19:46:07 [main] INFO  demoqaBase - You are accessing: Check Box
2025-09-12 19:46:10 [main] INFO  demoqaBase - Clicking on Home Toggle Button...
🔹 Trying JS click on WebElement (attempt 1)
2025-09-12 19:46:10 [main] INFO  demoqaLog - 🔹 Trying JS click on WebElement (attempt 1)
🔹 Attempting JS click...
2025-09-12 19:46:10 [main] INFO  demoqaLog - 🔹 Attempting JS click...
2025-09-12 19:46:10 [main] INFO  demoqaBase - Clicking on Documents Toggle Button...
🔹 Trying JS click on WebElement (attempt 1)
2025-09-12 19:46:10 [main] INFO  demoqaLog - 🔹 Trying JS click on WebElement (attempt 1)
🔹 Attempting JS click...
2025-09-12 19:46:10 [main] INFO  demoqaLog - 🔹 Attempting JS click...
2025-09-12 19:46:10 [main] INFO  demoqaBase - Selecting WorkSpace Check Box...
🔹 Trying JS click on WebElement (attempt 1)
2025-09-12 19:46:10 [main] INFO  demoqaLog - 🔹 Trying JS click on WebElement (attempt 1)
🔹 Attempting JS click...
2025-09-12 19:46:10 [main] INFO  demoqaLog - 🔹 Attempting JS click...
2025-09-12 19:46:10 [main] INFO  demoqaBase - Selected WorkSpace Check Box...
Information Submitted is: You have selected :
workspace
react
angular
veu
2025-09-12 19:46:11 [main] INFO  demoqaBase - You have Selected: You have selected :
workspace
react
angular
veu
2025-09-12 19:46:11 [main] INFO  demoqaBase - ✅ Test Elements | Home | Selecting Documents | WorkSpace Check Box Completed...
]]></system-out>
  </testcase>
  <testcase name="SelectReact" classname="tests.ElementsTests" time="4.032">
    <system-out><![CDATA[2025-09-12 19:46:11 [main] INFO  demoqaBase - Closing browser for test: SelectingWorkSpace
2025-09-12 19:46:11 [main] INFO  DriverFactory - 🌐 Starting Chrome Web Browser...
2025-09-12 19:46:11 [main] INFO  DriverFactory - ✅ Created temporary Chrome profile at C:\Users\dell\AppData\Local\Temp\chrome-profile-4928918400812881341
2025-09-12 19:46:12 [main] INFO  DriverFactory - 🚀 WebDriver started successfully
2025-09-12 19:46:12 [main] INFO  RetryUrlAccess - Navigating to URL (attempt 1): https://demoqa.com
2025-09-12 19:46:46 [main] INFO  demoqaBase - 🧪 Starting Test Elements|Home|Selecting Documents|WorkSpace|React Check Box Test...
Instance Variables Declared are: nullnull
2025-09-12 19:46:46 [main] INFO  demoqaBase - Accessing Elements Card...
2025-09-12 19:46:46 [main] INFO  demoqaLog - Clicking on Elements Card...
🔹 Trying JS click by locator (attempt 1)
2025-09-12 19:46:46 [main] INFO  demoqaLog - 🔹 Trying JS click by locator (attempt 1)
🔹 Attempting JS click...
2025-09-12 19:46:46 [main] INFO  demoqaLog - 🔹 Attempting JS click...
⚡ Falling back to native click by locator (attempt 1)
2025-09-12 19:46:46 [main] INFO  demoqaLog - ⚡ Falling back to native click by locator (attempt 1)
2025-09-12 19:46:46 [main] INFO  demoqaLog - Clicked on Elements Card...
Title of this Page is: DEMOQA
You are Accessing: Elements
 
Elements: Please select an item from left to start practice.
2025-09-12 19:46:46 [main] INFO  demoqaBase - Elements: Please select an item from left to start practice.
2025-09-12 19:46:46 [main] INFO  demoqaBase - Accessing Check Box...
🔹 Trying JS click on WebElement (attempt 1)
2025-09-12 19:46:46 [main] INFO  demoqaLog - 🔹 Trying JS click on WebElement (attempt 1)
🔹 Attempting JS click...
2025-09-12 19:46:46 [main] INFO  demoqaLog - 🔹 Attempting JS click...
Check Box
2025-09-12 19:46:46 [main] INFO  demoqaBase - You are accessing: Check Box
2025-09-12 19:46:49 [main] INFO  demoqaBase - Clicking on Home Toggle Button...
🔹 Trying JS click on WebElement (attempt 1)
2025-09-12 19:46:49 [main] INFO  demoqaLog - 🔹 Trying JS click on WebElement (attempt 1)
🔹 Attempting JS click...
2025-09-12 19:46:49 [main] INFO  demoqaLog - 🔹 Attempting JS click...
2025-09-12 19:46:49 [main] INFO  demoqaBase - Clicking on Documents Toggle Button...
🔹 Trying JS click on WebElement (attempt 1)
2025-09-12 19:46:49 [main] INFO  demoqaLog - 🔹 Trying JS click on WebElement (attempt 1)
🔹 Attempting JS click...
2025-09-12 19:46:49 [main] INFO  demoqaLog - 🔹 Attempting JS click...
2025-09-12 19:46:50 [main] INFO  demoqaBase - Clicking WorkSpace Toggle Button...
🔹 Trying JS click on WebElement (attempt 1)
2025-09-12 19:46:50 [main] INFO  demoqaLog - 🔹 Trying JS click on WebElement (attempt 1)
🔹 Attempting JS click...
2025-09-12 19:46:50 [main] INFO  demoqaLog - 🔹 Attempting JS click...
2025-09-12 19:46:50 [main] INFO  demoqaBase - Clicked WorkSpace Toggle Button...
2025-09-12 19:46:50 [main] INFO  demoqaBase - Selecting WorkSpace | React Check Box...
🔹 Trying JS click on WebElement (attempt 1)
2025-09-12 19:46:50 [main] INFO  demoqaLog - 🔹 Trying JS click on WebElement (attempt 1)
🔹 Attempting JS click...
2025-09-12 19:46:50 [main] INFO  demoqaLog - 🔹 Attempting JS click...
2025-09-12 19:46:50 [main] INFO  demoqaBase - Selected WorkSpace | React Check Box...
Information Submitted is: You have selected :
react
2025-09-12 19:46:50 [main] INFO  demoqaBase - You have Selected: You have selected :
react
2025-09-12 19:46:50 [main] INFO  demoqaBase - ✅ Test Elements|Home|Documents| Selecting WorkSpace|React Check Box Completed...
]]></system-out>
  </testcase>
  <testcase name="SelectAngular" classname="tests.ElementsTests" time="3.943">
    <system-out><![CDATA[2025-09-12 19:46:50 [main] INFO  demoqaBase - Closing browser for test: SelectReact
2025-09-12 19:46:50 [main] INFO  DriverFactory - 🌐 Starting Chrome Web Browser...
2025-09-12 19:46:50 [main] INFO  DriverFactory - ✅ Created temporary Chrome profile at C:\Users\dell\AppData\Local\Temp\chrome-profile-17967284131814211895
2025-09-12 19:46:51 [main] INFO  DriverFactory - 🚀 WebDriver started successfully
2025-09-12 19:46:51 [main] INFO  RetryUrlAccess - Navigating to URL (attempt 1): https://demoqa.com
2025-09-12 19:47:51 [main] INFO  demoqaBase - 🧪 Starting Test Elements|Home|Selecting Documents|WorkSpace|Angular Check Box Test...
Instance Variables Declared are: nullnull
2025-09-12 19:47:51 [main] INFO  demoqaBase - Accessing Elements Card...
2025-09-12 19:47:51 [main] INFO  demoqaLog - Clicking on Elements Card...
🔹 Trying JS click by locator (attempt 1)
2025-09-12 19:47:51 [main] INFO  demoqaLog - 🔹 Trying JS click by locator (attempt 1)
🔹 Attempting JS click...
2025-09-12 19:47:51 [main] INFO  demoqaLog - 🔹 Attempting JS click...
⚡ Falling back to native click by locator (attempt 1)
2025-09-12 19:47:51 [main] INFO  demoqaLog - ⚡ Falling back to native click by locator (attempt 1)
2025-09-12 19:47:51 [main] INFO  demoqaLog - Clicked on Elements Card...
Title of this Page is: DEMOQA
You are Accessing: Elements
 
Elements: Please select an item from left to start practice.
2025-09-12 19:47:51 [main] INFO  demoqaBase - Elements: Please select an item from left to start practice.
2025-09-12 19:47:51 [main] INFO  demoqaBase - Accessing Check Box...
🔹 Trying JS click on WebElement (attempt 1)
2025-09-12 19:47:51 [main] INFO  demoqaLog - 🔹 Trying JS click on WebElement (attempt 1)
🔹 Attempting JS click...
2025-09-12 19:47:51 [main] INFO  demoqaLog - 🔹 Attempting JS click...
Check Box
2025-09-12 19:47:51 [main] INFO  demoqaBase - You are accessing: Check Box
2025-09-12 19:47:54 [main] INFO  demoqaBase - Clicking on Home Toggle Button...
🔹 Trying JS click on WebElement (attempt 1)
2025-09-12 19:47:54 [main] INFO  demoqaLog - 🔹 Trying JS click on WebElement (attempt 1)
🔹 Attempting JS click...
2025-09-12 19:47:54 [main] INFO  demoqaLog - 🔹 Attempting JS click...
2025-09-12 19:47:55 [main] INFO  demoqaBase - Clicking on Documents Toggle Button...
🔹 Trying JS click on WebElement (attempt 1)
2025-09-12 19:47:55 [main] INFO  demoqaLog - 🔹 Trying JS click on WebElement (attempt 1)
🔹 Attempting JS click...
2025-09-12 19:47:55 [main] INFO  demoqaLog - 🔹 Attempting JS click...
2025-09-12 19:47:55 [main] INFO  demoqaBase - Clicking WorkSpace Toggle Button...
🔹 Trying JS click on WebElement (attempt 1)
2025-09-12 19:47:55 [main] INFO  demoqaLog - 🔹 Trying JS click on WebElement (attempt 1)
🔹 Attempting JS click...
2025-09-12 19:47:55 [main] INFO  demoqaLog - 🔹 Attempting JS click...
2025-09-12 19:47:55 [main] INFO  demoqaBase - Clicked WorkSpace Toggle Button...
2025-09-12 19:47:55 [main] INFO  demoqaBase - Selecting WorkSpace | Angular Check Box...
🔹 Trying JS click on WebElement (attempt 1)
2025-09-12 19:47:55 [main] INFO  demoqaLog - 🔹 Trying JS click on WebElement (attempt 1)
🔹 Attempting JS click...
2025-09-12 19:47:55 [main] INFO  demoqaLog - 🔹 Attempting JS click...
2025-09-12 19:47:55 [main] INFO  demoqaBase - Selected WorkSpace | Angular Check Box...
Information Submitted is: You have selected :
angular
2025-09-12 19:47:55 [main] INFO  demoqaBase - You have Selected: You have selected :
angular
2025-09-12 19:47:55 [main] INFO  demoqaBase - ✅ Test Elements|Home|Documents| Selecting WorkSpace|Angular Check Box Completed...
]]></system-out>
  </testcase>
  <testcase name="SelectVeu" classname="tests.ElementsTests" time="4.158">
    <system-out><![CDATA[2025-09-12 19:47:55 [main] INFO  demoqaBase - Closing browser for test: SelectAngular
2025-09-12 19:47:55 [main] INFO  DriverFactory - 🌐 Starting Chrome Web Browser...
2025-09-12 19:47:55 [main] INFO  DriverFactory - ✅ Created temporary Chrome profile at C:\Users\dell\AppData\Local\Temp\chrome-profile-17502692736062905638
2025-09-12 19:47:56 [main] INFO  DriverFactory - 🚀 WebDriver started successfully
2025-09-12 19:47:56 [main] INFO  RetryUrlAccess - Navigating to URL (attempt 1): https://demoqa.com
2025-09-12 19:48:27 [main] INFO  demoqaBase - 🧪 Starting Test Elements|Home|Selecting Documents|WorkSpace|Veu Check Box Test...
Instance Variables Declared are: nullnull
2025-09-12 19:48:27 [main] INFO  demoqaBase - Accessing Elements Card...
2025-09-12 19:48:27 [main] INFO  demoqaLog - Clicking on Elements Card...
🔹 Trying JS click by locator (attempt 1)
2025-09-12 19:48:27 [main] INFO  demoqaLog - 🔹 Trying JS click by locator (attempt 1)
🔹 Attempting JS click...
2025-09-12 19:48:27 [main] INFO  demoqaLog - 🔹 Attempting JS click...
⚡ Falling back to native click by locator (attempt 1)
2025-09-12 19:48:27 [main] INFO  demoqaLog - ⚡ Falling back to native click by locator (attempt 1)
2025-09-12 19:48:27 [main] INFO  demoqaLog - Clicked on Elements Card...
Title of this Page is: DEMOQA
You are Accessing: Elements
 
Elements: Please select an item from left to start practice.
2025-09-12 19:48:27 [main] INFO  demoqaBase - Elements: Please select an item from left to start practice.
2025-09-12 19:48:27 [main] INFO  demoqaBase - Accessing Check Box...
🔹 Trying JS click on WebElement (attempt 1)
2025-09-12 19:48:27 [main] INFO  demoqaLog - 🔹 Trying JS click on WebElement (attempt 1)
🔹 Attempting JS click...
2025-09-12 19:48:27 [main] INFO  demoqaLog - 🔹 Attempting JS click...
Check Box
2025-09-12 19:48:27 [main] INFO  demoqaBase - You are accessing: Check Box
2025-09-12 19:48:30 [main] INFO  demoqaBase - Clicking on Home Toggle Button...
🔹 Trying JS click on WebElement (attempt 1)
2025-09-12 19:48:30 [main] INFO  demoqaLog - 🔹 Trying JS click on WebElement (attempt 1)
🔹 Attempting JS click...
2025-09-12 19:48:30 [main] INFO  demoqaLog - 🔹 Attempting JS click...
2025-09-12 19:48:30 [main] INFO  demoqaBase - Clicking on Documents Toggle Button...
🔹 Trying JS click on WebElement (attempt 1)
2025-09-12 19:48:30 [main] INFO  demoqaLog - 🔹 Trying JS click on WebElement (attempt 1)
🔹 Attempting JS click...
2025-09-12 19:48:30 [main] INFO  demoqaLog - 🔹 Attempting JS click...
2025-09-12 19:48:31 [main] INFO  demoqaBase - Clicking WorkSpace Toggle Button...
🔹 Trying JS click on WebElement (attempt 1)
2025-09-12 19:48:31 [main] INFO  demoqaLog - 🔹 Trying JS click on WebElement (attempt 1)
🔹 Attempting JS click...
2025-09-12 19:48:31 [main] INFO  demoqaLog - 🔹 Attempting JS click...
2025-09-12 19:48:31 [main] INFO  demoqaBase - Clicked WorkSpace Toggle Button...
2025-09-12 19:48:31 [main] INFO  demoqaBase - Selecting WorkSpace | Veu Check Box...
🔹 Trying JS click on WebElement (attempt 1)
2025-09-12 19:48:31 [main] INFO  demoqaLog - 🔹 Trying JS click on WebElement (attempt 1)
🔹 Attempting JS click...
2025-09-12 19:48:31 [main] INFO  demoqaLog - 🔹 Attempting JS click...
2025-09-12 19:48:31 [main] INFO  demoqaBase - Selected WorkSpace | Veu Check Box...
Information Submitted is: You have selected :
veu
2025-09-12 19:48:31 [main] INFO  demoqaBase - You have Selected: You have selected :
veu
2025-09-12 19:48:31 [main] INFO  demoqaBase - ✅ Test Elements|Home|Documents| Selecting WorkSpace|Veu Check Box Completed...
]]></system-out>
  </testcase>
  <testcase name="SelectReactAnuglarVeu" classname="tests.ElementsTests" time="4.317">
    <system-out><![CDATA[2025-09-12 19:48:31 [main] INFO  demoqaBase - Closing browser for test: SelectVeu
2025-09-12 19:48:31 [main] INFO  DriverFactory - 🌐 Starting Chrome Web Browser...
2025-09-12 19:48:31 [main] INFO  DriverFactory - ✅ Created temporary Chrome profile at C:\Users\dell\AppData\Local\Temp\chrome-profile-2230860171492087226
2025-09-12 19:48:32 [main] INFO  DriverFactory - 🚀 WebDriver started successfully
2025-09-12 19:48:32 [main] INFO  RetryUrlAccess - Navigating to URL (attempt 1): https://demoqa.com
2025-09-12 19:49:32 [main] WARN  RetryUrlAccess - Navigation attempt 1 failed: timeout: Timed out receiving message from renderer: 59.087
  (Session info: chrome=137.0.7151.120)
Build info: version: '4.35.0', revision: '1c58e5028b'
System info: os.name: 'Windows 11', os.arch: 'amd64', os.version: '10.0', java.version: '21.0.7'
Driver info: org.openqa.selenium.chrome.ChromeDriver
Command: [ddb170adf9e75607b7411f0230db291e, get {url=https://demoqa.com}]
Capabilities {acceptInsecureCerts: false, browserName: chrome, browserVersion: 137.0.7151.120, chrome: {chromedriverVersion: 137.0.7151.119 (e0ac9d12dff..., userDataDir: C:\Users\dell\AppData\Local...}, fedcm:accounts: true, goog:chromeOptions: {debuggerAddress: localhost:51077}, networkConnectionEnabled: false, pageLoadStrategy: normal, platformName: windows, proxy: Proxy(), se:cdp: ws://localhost:51077/devtoo..., se:cdpVersion: 137.0.7151.120, setWindowRect: true, strictFileInteractability: false, timeouts: {implicit: 0, pageLoad: 300000, script: 30000}, unhandledPromptBehavior: dismiss and notify, webauthn:extension:credBlob: true, webauthn:extension:largeBlob: true, webauthn:extension:minPinLength: true, webauthn:extension:prf: true, webauthn:virtualAuthenticators: true}
Session ID: ddb170adf9e75607b7411f0230db291e
2025-09-12 19:49:35 [main] INFO  RetryUrlAccess - Navigating to URL (attempt 2): https://demoqa.com
2025-09-12 19:49:36 [main] INFO  demoqaBase - 🧪 Starting Test Elements|Home|Selecting Documents|WorkSpace|React-Anuglar-Veu Check Box Test...
Instance Variables Declared are: nullnull
2025-09-12 19:49:36 [main] INFO  demoqaBase - Accessing Elements Card...
2025-09-12 19:49:36 [main] INFO  demoqaLog - Clicking on Elements Card...
🔹 Trying JS click by locator (attempt 1)
2025-09-12 19:49:36 [main] INFO  demoqaLog - 🔹 Trying JS click by locator (attempt 1)
🔹 Attempting JS click...
2025-09-12 19:49:36 [main] INFO  demoqaLog - 🔹 Attempting JS click...
⚡ Falling back to native click by locator (attempt 1)
2025-09-12 19:49:36 [main] INFO  demoqaLog - ⚡ Falling back to native click by locator (attempt 1)
2025-09-12 19:49:36 [main] INFO  demoqaLog - Clicked on Elements Card...
Title of this Page is: DEMOQA
You are Accessing: Elements
 
Elements: Please select an item from left to start practice.
2025-09-12 19:49:36 [main] INFO  demoqaBase - Elements: Please select an item from left to start practice.
2025-09-12 19:49:36 [main] INFO  demoqaBase - Accessing Check Box...
🔹 Trying JS click on WebElement (attempt 1)
2025-09-12 19:49:36 [main] INFO  demoqaLog - 🔹 Trying JS click on WebElement (attempt 1)
🔹 Attempting JS click...
2025-09-12 19:49:36 [main] INFO  demoqaLog - 🔹 Attempting JS click...
Check Box
2025-09-12 19:49:37 [main] INFO  demoqaBase - You are accessing: Check Box
2025-09-12 19:49:40 [main] INFO  demoqaBase - Clicking on Home Toggle Button...
🔹 Trying JS click on WebElement (attempt 1)
2025-09-12 19:49:40 [main] INFO  demoqaLog - 🔹 Trying JS click on WebElement (attempt 1)
🔹 Attempting JS click...
2025-09-12 19:49:40 [main] INFO  demoqaLog - 🔹 Attempting JS click...
2025-09-12 19:49:40 [main] INFO  demoqaBase - Clicking on Documents Toggle Button...
🔹 Trying JS click on WebElement (attempt 1)
2025-09-12 19:49:40 [main] INFO  demoqaLog - 🔹 Trying JS click on WebElement (attempt 1)
🔹 Attempting JS click...
2025-09-12 19:49:40 [main] INFO  demoqaLog - 🔹 Attempting JS click...
2025-09-12 19:49:40 [main] INFO  demoqaBase - Clicking WorkSpace Toggle Button...
🔹 Trying JS click on WebElement (attempt 1)
2025-09-12 19:49:40 [main] INFO  demoqaLog - 🔹 Trying JS click on WebElement (attempt 1)
🔹 Attempting JS click...
2025-09-12 19:49:40 [main] INFO  demoqaLog - 🔹 Attempting JS click...
2025-09-12 19:49:40 [main] INFO  demoqaBase - Clicked WorkSpace Toggle Button...
2025-09-12 19:49:40 [main] INFO  demoqaBase - Selecting WorkSpace | React Check Box...
🔹 Trying JS click on WebElement (attempt 1)
2025-09-12 19:49:40 [main] INFO  demoqaLog - 🔹 Trying JS click on WebElement (attempt 1)
🔹 Attempting JS click...
2025-09-12 19:49:40 [main] INFO  demoqaLog - 🔹 Attempting JS click...
2025-09-12 19:49:40 [main] INFO  demoqaBase - Selected WorkSpace | React Check Box...
2025-09-12 19:49:40 [main] INFO  demoqaBase - Selecting WorkSpace | Angular Check Box...
🔹 Trying JS click on WebElement (attempt 1)
2025-09-12 19:49:40 [main] INFO  demoqaLog - 🔹 Trying JS click on WebElement (attempt 1)
🔹 Attempting JS click...
2025-09-12 19:49:40 [main] INFO  demoqaLog - 🔹 Attempting JS click...
2025-09-12 19:49:40 [main] INFO  demoqaBase - Selected WorkSpace | Angular Check Box...
2025-09-12 19:49:40 [main] INFO  demoqaBase - Selecting WorkSpace | Veu Check Box...
🔹 Trying JS click on WebElement (attempt 1)
2025-09-12 19:49:40 [main] INFO  demoqaLog - 🔹 Trying JS click on WebElement (attempt 1)
🔹 Attempting JS click...
2025-09-12 19:49:40 [main] INFO  demoqaLog - 🔹 Attempting JS click...
2025-09-12 19:49:40 [main] INFO  demoqaBase - Selected WorkSpace | Veu Check Box...
Information Submitted is: You have selected :
workspace
react
angular
veu
2025-09-12 19:49:40 [main] INFO  demoqaBase - You have Selected: You have selected :
workspace
react
angular
veu
2025-09-12 19:49:40 [main] INFO  demoqaBase - ✅ Test Elements|Home|Documents| Selecting WorkSpace|React-Anuglar-Veu Check Box Completed...
]]></system-out>
  </testcase>
  <testcase name="SelectingOffice" classname="tests.ElementsTests" time="3.742">
    <system-out><![CDATA[2025-09-12 19:49:40 [main] INFO  demoqaBase - Closing browser for test: SelectReactAnuglarVeu
2025-09-12 19:49:41 [main] INFO  DriverFactory - 🌐 Starting Chrome Web Browser...
2025-09-12 19:49:41 [main] INFO  DriverFactory - ✅ Created temporary Chrome profile at C:\Users\dell\AppData\Local\Temp\chrome-profile-72098139888003297
2025-09-12 19:49:42 [main] INFO  DriverFactory - 🚀 WebDriver started successfully
2025-09-12 19:49:42 [main] INFO  RetryUrlAccess - Navigating to URL (attempt 1): https://demoqa.com
2025-09-12 19:50:14 [main] INFO  demoqaBase - 🧪 Starting Test Elements|Home|Selecting Documents|Office Check Box Test...
Instance Variables Declared are: nullnull
2025-09-12 19:50:14 [main] INFO  demoqaBase - Accessing Elements Card...
2025-09-12 19:50:14 [main] INFO  demoqaLog - Clicking on Elements Card...
🔹 Trying JS click by locator (attempt 1)
2025-09-12 19:50:14 [main] INFO  demoqaLog - 🔹 Trying JS click by locator (attempt 1)
🔹 Attempting JS click...
2025-09-12 19:50:14 [main] INFO  demoqaLog - 🔹 Attempting JS click...
⚡ Falling back to native click by locator (attempt 1)
2025-09-12 19:50:14 [main] INFO  demoqaLog - ⚡ Falling back to native click by locator (attempt 1)
2025-09-12 19:50:14 [main] INFO  demoqaLog - Clicked on Elements Card...
Title of this Page is: DEMOQA
You are Accessing: Elements
 
Elements: Please select an item from left to start practice.
2025-09-12 19:50:14 [main] INFO  demoqaBase - Elements: Please select an item from left to start practice.
2025-09-12 19:50:14 [main] INFO  demoqaBase - Accessing Check Box...
🔹 Trying JS click on WebElement (attempt 1)
2025-09-12 19:50:14 [main] INFO  demoqaLog - 🔹 Trying JS click on WebElement (attempt 1)
🔹 Attempting JS click...
2025-09-12 19:50:14 [main] INFO  demoqaLog - 🔹 Attempting JS click...
Check Box
2025-09-12 19:50:14 [main] INFO  demoqaBase - You are accessing: Check Box
2025-09-12 19:50:17 [main] INFO  demoqaBase - Clicking on Home Toggle Button...
🔹 Trying JS click on WebElement (attempt 1)
2025-09-12 19:50:17 [main] INFO  demoqaLog - 🔹 Trying JS click on WebElement (attempt 1)
🔹 Attempting JS click...
2025-09-12 19:50:17 [main] INFO  demoqaLog - 🔹 Attempting JS click...
2025-09-12 19:50:17 [main] INFO  demoqaBase - Clicking on Documents Toggle Button...
🔹 Trying JS click on WebElement (attempt 1)
2025-09-12 19:50:17 [main] INFO  demoqaLog - 🔹 Trying JS click on WebElement (attempt 1)
🔹 Attempting JS click...
2025-09-12 19:50:17 [main] INFO  demoqaLog - 🔹 Attempting JS click...
2025-09-12 19:50:17 [main] INFO  demoqaBase - Selecting WorkSpace Check Box...
🔹 Trying JS click on WebElement (attempt 1)
2025-09-12 19:50:17 [main] INFO  demoqaLog - 🔹 Trying JS click on WebElement (attempt 1)
🔹 Attempting JS click...
2025-09-12 19:50:17 [main] INFO  demoqaLog - 🔹 Attempting JS click...
2025-09-12 19:50:17 [main] INFO  demoqaBase - Selected WorkSpace Check Box...
Information Submitted is: You have selected :
office
public
private
classified
general
2025-09-12 19:50:17 [main] INFO  demoqaBase - You have Selected: You have selected :
office
public
private
classified
general
2025-09-12 19:50:17 [main] INFO  demoqaBase - ✅ Test Elements|Home|Selecting Documents|Office Check Box Completed...
]]></system-out>
  </testcase>
  <testcase name="SelectPublic" classname="tests.ElementsTests" time="3.91">
    <system-out><![CDATA[2025-09-12 19:50:17 [main] INFO  demoqaBase - Closing browser for test: SelectingOffice
2025-09-12 19:50:18 [main] INFO  DriverFactory - 🌐 Starting Chrome Web Browser...
2025-09-12 19:50:18 [main] INFO  DriverFactory - ✅ Created temporary Chrome profile at C:\Users\dell\AppData\Local\Temp\chrome-profile-16318073216575942422
2025-09-12 19:50:19 [main] INFO  DriverFactory - 🚀 WebDriver started successfully
2025-09-12 19:50:19 [main] INFO  RetryUrlAccess - Navigating to URL (attempt 1): https://demoqa.com
2025-09-12 19:50:38 [main] INFO  demoqaBase - 🧪 Starting Test Elements|Home|Selecting Documents|Office|Public Check Box Test...
Instance Variables Declared are: nullnull
2025-09-12 19:50:38 [main] INFO  demoqaBase - Accessing Elements Card...
2025-09-12 19:50:38 [main] INFO  demoqaLog - Clicking on Elements Card...
🔹 Trying JS click by locator (attempt 1)
2025-09-12 19:50:38 [main] INFO  demoqaLog - 🔹 Trying JS click by locator (attempt 1)
🔹 Attempting JS click...
2025-09-12 19:50:38 [main] INFO  demoqaLog - 🔹 Attempting JS click...
⚡ Falling back to native click by locator (attempt 1)
2025-09-12 19:50:38 [main] INFO  demoqaLog - ⚡ Falling back to native click by locator (attempt 1)
2025-09-12 19:50:39 [main] INFO  demoqaLog - Clicked on Elements Card...
Title of this Page is: DEMOQA
You are Accessing: Elements
 
Elements: Please select an item from left to start practice.
2025-09-12 19:50:39 [main] INFO  demoqaBase - Elements: Please select an item from left to start practice.
2025-09-12 19:50:39 [main] INFO  demoqaBase - Accessing Check Box...
🔹 Trying JS click on WebElement (attempt 1)
2025-09-12 19:50:39 [main] INFO  demoqaLog - 🔹 Trying JS click on WebElement (attempt 1)
🔹 Attempting JS click...
2025-09-12 19:50:39 [main] INFO  demoqaLog - 🔹 Attempting JS click...
Check Box
2025-09-12 19:50:39 [main] INFO  demoqaBase - You are accessing: Check Box
2025-09-12 19:50:42 [main] INFO  demoqaBase - Clicking on Home Toggle Button...
🔹 Trying JS click on WebElement (attempt 1)
2025-09-12 19:50:42 [main] INFO  demoqaLog - 🔹 Trying JS click on WebElement (attempt 1)
🔹 Attempting JS click...
2025-09-12 19:50:42 [main] INFO  demoqaLog - 🔹 Attempting JS click...
2025-09-12 19:50:42 [main] INFO  demoqaBase - Clicking on Documents Toggle Button...
🔹 Trying JS click on WebElement (attempt 1)
2025-09-12 19:50:42 [main] INFO  demoqaLog - 🔹 Trying JS click on WebElement (attempt 1)
🔹 Attempting JS click...
2025-09-12 19:50:42 [main] INFO  demoqaLog - 🔹 Attempting JS click...
2025-09-12 19:50:42 [main] INFO  demoqaBase - Clicking Office Toggle Button...
🔹 Trying JS click on WebElement (attempt 1)
2025-09-12 19:50:42 [main] INFO  demoqaLog - 🔹 Trying JS click on WebElement (attempt 1)
🔹 Attempting JS click...
2025-09-12 19:50:42 [main] INFO  demoqaLog - 🔹 Attempting JS click...
2025-09-12 19:50:42 [main] INFO  demoqaBase - Clicked Office Toggle Button...
2025-09-12 19:50:42 [main] INFO  demoqaBase - Selecting Office | Public Check Box...
🔹 Trying JS click on WebElement (attempt 1)
2025-09-12 19:50:42 [main] INFO  demoqaLog - 🔹 Trying JS click on WebElement (attempt 1)
🔹 Attempting JS click...
2025-09-12 19:50:42 [main] INFO  demoqaLog - 🔹 Attempting JS click...
2025-09-12 19:50:42 [main] INFO  demoqaBase - Selected Office | Public Check Box...
Information Submitted is: You have selected :
public
2025-09-12 19:50:42 [main] INFO  demoqaBase - You have Selected: You have selected :
public
2025-09-12 19:50:42 [main] INFO  demoqaBase - ✅ Test Elements|Home|Documents|Office|Selecting Public Check Box Completed...
]]></system-out>
  </testcase>
  <testcase name="SelectPrivate" classname="tests.ElementsTests" time="4.171">
    <system-out><![CDATA[2025-09-12 19:50:42 [main] INFO  demoqaBase - Closing browser for test: SelectPublic
2025-09-12 19:50:43 [main] INFO  DriverFactory - 🌐 Starting Chrome Web Browser...
2025-09-12 19:50:43 [main] INFO  DriverFactory - ✅ Created temporary Chrome profile at C:\Users\dell\AppData\Local\Temp\chrome-profile-7379780237169958770
2025-09-12 19:50:43 [main] INFO  DriverFactory - 🚀 WebDriver started successfully
2025-09-12 19:50:43 [main] INFO  RetryUrlAccess - Navigating to URL (attempt 1): https://demoqa.com
2025-09-12 19:51:43 [main] WARN  RetryUrlAccess - Navigation attempt 1 failed: timeout: Timed out receiving message from renderer: 58.355
  (Session info: chrome=137.0.7151.120)
Build info: version: '4.35.0', revision: '1c58e5028b'
System info: os.name: 'Windows 11', os.arch: 'amd64', os.version: '10.0', java.version: '21.0.7'
Driver info: org.openqa.selenium.chrome.ChromeDriver
Command: [be87153eeb5c260b6702dfb83fd51a55, get {url=https://demoqa.com}]
Capabilities {acceptInsecureCerts: false, browserName: chrome, browserVersion: 137.0.7151.120, chrome: {chromedriverVersion: 137.0.7151.119 (e0ac9d12dff..., userDataDir: C:\Users\dell\AppData\Local...}, fedcm:accounts: true, goog:chromeOptions: {debuggerAddress: localhost:51671}, networkConnectionEnabled: false, pageLoadStrategy: normal, platformName: windows, proxy: Proxy(), se:cdp: ws://localhost:51671/devtoo..., se:cdpVersion: 137.0.7151.120, setWindowRect: true, strictFileInteractability: false, timeouts: {implicit: 0, pageLoad: 300000, script: 30000}, unhandledPromptBehavior: dismiss and notify, webauthn:extension:credBlob: true, webauthn:extension:largeBlob: true, webauthn:extension:minPinLength: true, webauthn:extension:prf: true, webauthn:virtualAuthenticators: true}
Session ID: be87153eeb5c260b6702dfb83fd51a55
2025-09-12 19:51:47 [main] INFO  RetryUrlAccess - Navigating to URL (attempt 2): https://demoqa.com
2025-09-12 19:51:47 [main] INFO  demoqaBase - 🧪 Starting Test Elements|Home|Selecting Documents|Office|Private Check Box Test...
Instance Variables Declared are: nullnull
2025-09-12 19:51:47 [main] INFO  demoqaBase - Accessing Elements Card...
2025-09-12 19:51:47 [main] INFO  demoqaLog - Clicking on Elements Card...
🔹 Trying JS click by locator (attempt 1)
2025-09-12 19:51:47 [main] INFO  demoqaLog - 🔹 Trying JS click by locator (attempt 1)
🔹 Attempting JS click...
2025-09-12 19:51:47 [main] INFO  demoqaLog - 🔹 Attempting JS click...
⚡ Falling back to native click by locator (attempt 1)
2025-09-12 19:51:47 [main] INFO  demoqaLog - ⚡ Falling back to native click by locator (attempt 1)
2025-09-12 19:51:48 [main] INFO  demoqaLog - Clicked on Elements Card...
Title of this Page is: DEMOQA
You are Accessing: Elements
 
Elements: Please select an item from left to start practice.
2025-09-12 19:51:48 [main] INFO  demoqaBase - Elements: Please select an item from left to start practice.
2025-09-12 19:51:48 [main] INFO  demoqaBase - Accessing Check Box...
🔹 Trying JS click on WebElement (attempt 1)
2025-09-12 19:51:48 [main] INFO  demoqaLog - 🔹 Trying JS click on WebElement (attempt 1)
🔹 Attempting JS click...
2025-09-12 19:51:48 [main] INFO  demoqaLog - 🔹 Attempting JS click...
Check Box
2025-09-12 19:51:48 [main] INFO  demoqaBase - You are accessing: Check Box
2025-09-12 19:51:51 [main] INFO  demoqaBase - Clicking on Home Toggle Button...
🔹 Trying JS click on WebElement (attempt 1)
2025-09-12 19:51:51 [main] INFO  demoqaLog - 🔹 Trying JS click on WebElement (attempt 1)
🔹 Attempting JS click...
2025-09-12 19:51:51 [main] INFO  demoqaLog - 🔹 Attempting JS click...
2025-09-12 19:51:51 [main] INFO  demoqaBase - Clicking on Documents Toggle Button...
🔹 Trying JS click on WebElement (attempt 1)
2025-09-12 19:51:51 [main] INFO  demoqaLog - 🔹 Trying JS click on WebElement (attempt 1)
🔹 Attempting JS click...
2025-09-12 19:51:51 [main] INFO  demoqaLog - 🔹 Attempting JS click...
2025-09-12 19:51:51 [main] INFO  demoqaBase - Clicking Office Toggle Button...
🔹 Trying JS click on WebElement (attempt 1)
2025-09-12 19:51:51 [main] INFO  demoqaLog - 🔹 Trying JS click on WebElement (attempt 1)
🔹 Attempting JS click...
2025-09-12 19:51:51 [main] INFO  demoqaLog - 🔹 Attempting JS click...
2025-09-12 19:51:51 [main] INFO  demoqaBase - Clicked Office Toggle Button...
2025-09-12 19:51:51 [main] INFO  demoqaBase - Selecting Office | Private Check Box...
🔹 Trying JS click on WebElement (attempt 1)
2025-09-12 19:51:51 [main] INFO  demoqaLog - 🔹 Trying JS click on WebElement (attempt 1)
🔹 Attempting JS click...
2025-09-12 19:51:51 [main] INFO  demoqaLog - 🔹 Attempting JS click...
2025-09-12 19:51:51 [main] INFO  demoqaBase - Selected Office | Private Check Box...
Information Submitted is: You have selected :
private
2025-09-12 19:51:52 [main] INFO  demoqaBase - You have Selected: You have selected :
private
2025-09-12 19:51:52 [main] INFO  demoqaBase - ✅ Test Elements|Home|Documents|Office|Selecting Private Check Box Completed...
]]></system-out>
  </testcase>
  <testcase name="SelectClassified" classname="tests.ElementsTests" time="0.881">
    <system-out><![CDATA[2025-09-12 19:51:52 [main] INFO  demoqaBase - Closing browser for test: SelectPrivate
2025-09-12 19:51:52 [main] INFO  DriverFactory - 🌐 Starting Chrome Web Browser...
2025-09-12 19:51:52 [main] INFO  DriverFactory - ✅ Created temporary Chrome profile at C:\Users\dell\AppData\Local\Temp\chrome-profile-17403747673354671850
2025-09-12 19:51:53 [main] INFO  DriverFactory - 🚀 WebDriver started successfully
2025-09-12 19:51:53 [main] INFO  RetryUrlAccess - Navigating to URL (attempt 1): https://demoqa.com
2025-09-12 19:52:27 [main] INFO  demoqaBase - 🧪 Starting Test Elements|Home|Selecting Documents|Office|Classified Check Box Test...
Instance Variables Declared are: nullnull
2025-09-12 19:52:27 [main] INFO  demoqaBase - Accessing Elements Card...
2025-09-12 19:52:27 [main] INFO  demoqaLog - Clicking on Elements Card...
🔹 Trying JS click by locator (attempt 1)
2025-09-12 19:52:27 [main] INFO  demoqaLog - 🔹 Trying JS click by locator (attempt 1)
🔹 Attempting JS click...
2025-09-12 19:52:27 [main] INFO  demoqaLog - 🔹 Attempting JS click...
⚡ Falling back to native click by locator (attempt 1)
2025-09-12 19:52:27 [main] INFO  demoqaLog - ⚡ Falling back to native click by locator (attempt 1)
2025-09-12 19:52:27 [main] INFO  demoqaLog - Clicked on Elements Card...
Title of this Page is: DEMOQA
You are Accessing: Elements
 
Elements: Please select an item from left to start practice.
2025-09-12 19:52:27 [main] INFO  demoqaBase - Elements: Please select an item from left to start practice.
2025-09-12 19:52:27 [main] INFO  demoqaBase - Accessing Check Box...
🔹 Trying JS click on WebElement (attempt 1)
2025-09-12 19:52:27 [main] INFO  demoqaLog - 🔹 Trying JS click on WebElement (attempt 1)
🔹 Attempting JS click...
2025-09-12 19:52:27 [main] INFO  demoqaLog - 🔹 Attempting JS click...
Check Box
2025-09-12 19:52:27 [main] INFO  demoqaBase - You are accessing: Check Box
2025-09-12 19:52:27 [main] INFO  demoqaBase - Clicking on Home Toggle Button...
🔹 Trying JS click on WebElement (attempt 1)
2025-09-12 19:52:27 [main] INFO  demoqaLog - 🔹 Trying JS click on WebElement (attempt 1)
🔹 Attempting JS click...
2025-09-12 19:52:27 [main] INFO  demoqaLog - 🔹 Attempting JS click...
2025-09-12 19:52:27 [main] INFO  demoqaBase - Clicking on Documents Toggle Button...
🔹 Trying JS click on WebElement (attempt 1)
2025-09-12 19:52:27 [main] INFO  demoqaLog - 🔹 Trying JS click on WebElement (attempt 1)
🔹 Attempting JS click...
2025-09-12 19:52:27 [main] INFO  demoqaLog - 🔹 Attempting JS click...
2025-09-12 19:52:27 [main] INFO  demoqaBase - Clicking Office Toggle Button...
🔹 Trying JS click on WebElement (attempt 1)
2025-09-12 19:52:27 [main] INFO  demoqaLog - 🔹 Trying JS click on WebElement (attempt 1)
🔹 Attempting JS click...
2025-09-12 19:52:27 [main] INFO  demoqaLog - 🔹 Attempting JS click...
2025-09-12 19:52:28 [main] INFO  demoqaBase - Clicked Office Toggle Button...
2025-09-12 19:52:28 [main] INFO  demoqaBase - Selecting Office | Classified Check Box...
🔹 Trying JS click on WebElement (attempt 1)
2025-09-12 19:52:28 [main] INFO  demoqaLog - 🔹 Trying JS click on WebElement (attempt 1)
🔹 Attempting JS click...
2025-09-12 19:52:28 [main] INFO  demoqaLog - 🔹 Attempting JS click...
2025-09-12 19:52:28 [main] INFO  demoqaBase - Selected Office | Classified Check Box...
Information Submitted is: You have selected :
classified
2025-09-12 19:52:28 [main] INFO  demoqaBase - You have Selected: You have selected :
classified
2025-09-12 19:52:28 [main] INFO  demoqaBase - ✅ Test Elements|Home|Documents|Office|Selecting Classified Check Box Completed...
]]></system-out>
  </testcase>
  <testcase name="SelectGeneral" classname="tests.ElementsTests" time="3.851">
    <system-out><![CDATA[2025-09-12 19:52:28 [main] INFO  demoqaBase - Closing browser for test: SelectClassified
2025-09-12 19:52:28 [main] INFO  DriverFactory - 🌐 Starting Chrome Web Browser...
2025-09-12 19:52:28 [main] INFO  DriverFactory - ✅ Created temporary Chrome profile at C:\Users\dell\AppData\Local\Temp\chrome-profile-8927741531199673487
2025-09-12 19:52:29 [main] INFO  DriverFactory - 🚀 WebDriver started successfully
2025-09-12 19:52:29 [main] INFO  RetryUrlAccess - Navigating to URL (attempt 1): https://demoqa.com
2025-09-12 19:53:14 [main] INFO  demoqaBase - 🧪 Starting Test Elements|Home|Selecting Documents|Office|General Check Box Test...
Instance Variables Declared are: nullnull
2025-09-12 19:53:14 [main] INFO  demoqaBase - Accessing Elements Card...
2025-09-12 19:53:14 [main] INFO  demoqaLog - Clicking on Elements Card...
🔹 Trying JS click by locator (attempt 1)
2025-09-12 19:53:14 [main] INFO  demoqaLog - 🔹 Trying JS click by locator (attempt 1)
🔹 Attempting JS click...
2025-09-12 19:53:14 [main] INFO  demoqaLog - 🔹 Attempting JS click...
⚡ Falling back to native click by locator (attempt 1)
2025-09-12 19:53:14 [main] INFO  demoqaLog - ⚡ Falling back to native click by locator (attempt 1)
2025-09-12 19:53:14 [main] INFO  demoqaLog - Clicked on Elements Card...
Title of this Page is: DEMOQA
You are Accessing: Elements
 
Elements: Please select an item from left to start practice.
2025-09-12 19:53:15 [main] INFO  demoqaBase - Elements: Please select an item from left to start practice.
2025-09-12 19:53:15 [main] INFO  demoqaBase - Accessing Check Box...
🔹 Trying JS click on WebElement (attempt 1)
2025-09-12 19:53:15 [main] INFO  demoqaLog - 🔹 Trying JS click on WebElement (attempt 1)
🔹 Attempting JS click...
2025-09-12 19:53:15 [main] INFO  demoqaLog - 🔹 Attempting JS click...
Check Box
2025-09-12 19:53:15 [main] INFO  demoqaBase - You are accessing: Check Box
2025-09-12 19:53:18 [main] INFO  demoqaBase - Clicking on Home Toggle Button...
🔹 Trying JS click on WebElement (attempt 1)
2025-09-12 19:53:18 [main] INFO  demoqaLog - 🔹 Trying JS click on WebElement (attempt 1)
🔹 Attempting JS click...
2025-09-12 19:53:18 [main] INFO  demoqaLog - 🔹 Attempting JS click...
2025-09-12 19:53:18 [main] INFO  demoqaBase - Clicking on Documents Toggle Button...
🔹 Trying JS click on WebElement (attempt 1)
2025-09-12 19:53:18 [main] INFO  demoqaLog - 🔹 Trying JS click on WebElement (attempt 1)
🔹 Attempting JS click...
2025-09-12 19:53:18 [main] INFO  demoqaLog - 🔹 Attempting JS click...
2025-09-12 19:53:18 [main] INFO  demoqaBase - Clicking Office Toggle Button...
🔹 Trying JS click on WebElement (attempt 1)
2025-09-12 19:53:18 [main] INFO  demoqaLog - 🔹 Trying JS click on WebElement (attempt 1)
🔹 Attempting JS click...
2025-09-12 19:53:18 [main] INFO  demoqaLog - 🔹 Attempting JS click...
2025-09-12 19:53:18 [main] INFO  demoqaBase - Clicked Office Toggle Button...
2025-09-12 19:53:18 [main] INFO  demoqaBase - Selecting Office | General Check Box...
🔹 Trying JS click on WebElement (attempt 1)
2025-09-12 19:53:18 [main] INFO  demoqaLog - 🔹 Trying JS click on WebElement (attempt 1)
🔹 Attempting JS click...
2025-09-12 19:53:18 [main] INFO  demoqaLog - 🔹 Attempting JS click...
2025-09-12 19:53:18 [main] INFO  demoqaBase - Selected Office | General Check Box...
Information Submitted is: You have selected :
general
2025-09-12 19:53:18 [main] INFO  demoqaBase - You have Selected: You have selected :
general
2025-09-12 19:53:18 [main] INFO  demoqaBase - ✅ Test Elements|Home|Documents|Office|Selecting General Check Box Completed...
]]></system-out>
  </testcase>
  <testcase name="SelectOfficeAll" classname="tests.ElementsTests" time="4.515">
    <system-out><![CDATA[2025-09-12 19:53:18 [main] INFO  demoqaBase - Closing browser for test: SelectGeneral
2025-09-12 19:53:18 [main] INFO  DriverFactory - 🌐 Starting Chrome Web Browser...
2025-09-12 19:53:18 [main] INFO  DriverFactory - ✅ Created temporary Chrome profile at C:\Users\dell\AppData\Local\Temp\chrome-profile-884524924466362331
2025-09-12 19:53:19 [main] INFO  DriverFactory - 🚀 WebDriver started successfully
2025-09-12 19:53:19 [main] INFO  RetryUrlAccess - Navigating to URL (attempt 1): https://demoqa.com
2025-09-12 19:54:19 [main] WARN  RetryUrlAccess - Navigation attempt 1 failed: timeout: Timed out receiving message from renderer: 59.044
  (Session info: chrome=137.0.7151.120)
Build info: version: '4.35.0', revision: '1c58e5028b'
System info: os.name: 'Windows 11', os.arch: 'amd64', os.version: '10.0', java.version: '21.0.7'
Driver info: org.openqa.selenium.chrome.ChromeDriver
Command: [dd4c07c146aaff71c084d1d42cf3491f, get {url=https://demoqa.com}]
Capabilities {acceptInsecureCerts: false, browserName: chrome, browserVersion: 137.0.7151.120, chrome: {chromedriverVersion: 137.0.7151.119 (e0ac9d12dff..., userDataDir: C:\Users\dell\AppData\Local...}, fedcm:accounts: true, goog:chromeOptions: {debuggerAddress: localhost:52371}, networkConnectionEnabled: false, pageLoadStrategy: normal, platformName: windows, proxy: Proxy(), se:cdp: ws://localhost:52371/devtoo..., se:cdpVersion: 137.0.7151.120, setWindowRect: true, strictFileInteractability: false, timeouts: {implicit: 0, pageLoad: 300000, script: 30000}, unhandledPromptBehavior: dismiss and notify, webauthn:extension:credBlob: true, webauthn:extension:largeBlob: true, webauthn:extension:minPinLength: true, webauthn:extension:prf: true, webauthn:virtualAuthenticators: true}
Session ID: dd4c07c146aaff71c084d1d42cf3491f
2025-09-12 19:54:22 [main] INFO  RetryUrlAccess - Navigating to URL (attempt 2): https://demoqa.com
2025-09-12 19:54:35 [main] INFO  demoqaBase - 🧪 Starting Test Elements|Home|Selecting Documents|Office|All Check Boxes Test...
Instance Variables Declared are: nullnull
2025-09-12 19:54:36 [main] INFO  demoqaBase - Accessing Elements Card...
2025-09-12 19:54:36 [main] INFO  demoqaLog - Clicking on Elements Card...
🔹 Trying JS click by locator (attempt 1)
2025-09-12 19:54:36 [main] INFO  demoqaLog - 🔹 Trying JS click by locator (attempt 1)
🔹 Attempting JS click...
2025-09-12 19:54:36 [main] INFO  demoqaLog - 🔹 Attempting JS click...
⚡ Falling back to native click by locator (attempt 1)
2025-09-12 19:54:36 [main] INFO  demoqaLog - ⚡ Falling back to native click by locator (attempt 1)
2025-09-12 19:54:36 [main] INFO  demoqaLog - Clicked on Elements Card...
Title of this Page is: DEMOQA
You are Accessing: Elements
 
Elements: Please select an item from left to start practice.
2025-09-12 19:54:36 [main] INFO  demoqaBase - Elements: Please select an item from left to start practice.
2025-09-12 19:54:36 [main] INFO  demoqaBase - Accessing Check Box...
🔹 Trying JS click on WebElement (attempt 1)
2025-09-12 19:54:36 [main] INFO  demoqaLog - 🔹 Trying JS click on WebElement (attempt 1)
🔹 Attempting JS click...
2025-09-12 19:54:36 [main] INFO  demoqaLog - 🔹 Attempting JS click...
Check Box
2025-09-12 19:54:36 [main] INFO  demoqaBase - You are accessing: Check Box
2025-09-12 19:54:39 [main] INFO  demoqaBase - Clicking on Home Toggle Button...
🔹 Trying JS click on WebElement (attempt 1)
2025-09-12 19:54:39 [main] INFO  demoqaLog - 🔹 Trying JS click on WebElement (attempt 1)
🔹 Attempting JS click...
2025-09-12 19:54:39 [main] INFO  demoqaLog - 🔹 Attempting JS click...
2025-09-12 19:54:39 [main] INFO  demoqaBase - Clicking on Documents Toggle Button...
🔹 Trying JS click on WebElement (attempt 1)
2025-09-12 19:54:39 [main] INFO  demoqaLog - 🔹 Trying JS click on WebElement (attempt 1)
🔹 Attempting JS click...
2025-09-12 19:54:39 [main] INFO  demoqaLog - 🔹 Attempting JS click...
2025-09-12 19:54:39 [main] INFO  demoqaBase - Clicking Office Toggle Button...
🔹 Trying JS click on WebElement (attempt 1)
2025-09-12 19:54:39 [main] INFO  demoqaLog - 🔹 Trying JS click on WebElement (attempt 1)
🔹 Attempting JS click...
2025-09-12 19:54:39 [main] INFO  demoqaLog - 🔹 Attempting JS click...
2025-09-12 19:54:39 [main] INFO  demoqaBase - Clicked Office Toggle Button...
2025-09-12 19:54:39 [main] INFO  demoqaBase - Selecting Office | Public Check Box...
🔹 Trying JS click on WebElement (attempt 1)
2025-09-12 19:54:39 [main] INFO  demoqaLog - 🔹 Trying JS click on WebElement (attempt 1)
🔹 Attempting JS click...
2025-09-12 19:54:39 [main] INFO  demoqaLog - 🔹 Attempting JS click...
2025-09-12 19:54:40 [main] INFO  demoqaBase - Selected Office | Public Check Box...
2025-09-12 19:54:40 [main] INFO  demoqaBase - Selecting Office | Private Check Box...
🔹 Trying JS click on WebElement (attempt 1)
2025-09-12 19:54:40 [main] INFO  demoqaLog - 🔹 Trying JS click on WebElement (attempt 1)
🔹 Attempting JS click...
2025-09-12 19:54:40 [main] INFO  demoqaLog - 🔹 Attempting JS click...
2025-09-12 19:54:40 [main] INFO  demoqaBase - Selected Office | Private Check Box...
2025-09-12 19:54:40 [main] INFO  demoqaBase - Selecting Office | Classified Check Box...
🔹 Trying JS click on WebElement (attempt 1)
2025-09-12 19:54:40 [main] INFO  demoqaLog - 🔹 Trying JS click on WebElement (attempt 1)
🔹 Attempting JS click...
2025-09-12 19:54:40 [main] INFO  demoqaLog - 🔹 Attempting JS click...
2025-09-12 19:54:40 [main] INFO  demoqaBase - Selected Office | Classified Check Box...
2025-09-12 19:54:40 [main] INFO  demoqaBase - Selecting Office | General Check Box...
🔹 Trying JS click on WebElement (attempt 1)
2025-09-12 19:54:40 [main] INFO  demoqaLog - 🔹 Trying JS click on WebElement (attempt 1)
🔹 Attempting JS click...
2025-09-12 19:54:40 [main] INFO  demoqaLog - 🔹 Attempting JS click...
2025-09-12 19:54:40 [main] INFO  demoqaBase - Selected Office | General Check Box...
Information Submitted is: You have selected :
office
public
private
classified
general
2025-09-12 19:54:40 [main] INFO  demoqaBase - You have Selected: You have selected :
office
public
private
classified
general
2025-09-12 19:54:40 [main] INFO  demoqaBase - ✅ Test Elements|Home|Documents|Office|Selecting All Check Boxes Completed...
]]></system-out>
  </testcase>
  <testcase name="SelectingDownloads" classname="tests.ElementsTests" time="4.27">
    <system-out><![CDATA[2025-09-12 19:54:40 [main] INFO  demoqaBase - Closing browser for test: SelectOfficeAll
2025-09-12 19:54:40 [main] WARN  PauseManager - ⏸ Pausing for 5 minutes after 40 tests...
2025-09-12 19:54:40 [main] INFO  PauseManager - ▶ Resuming in 5 minutes...
2025-09-12 19:55:41 [main] INFO  PauseManager - ▶ Resuming in 4 minutes...
2025-09-12 19:56:41 [main] INFO  PauseManager - ▶ Resuming in 3 minutes...
2025-09-12 19:57:41 [main] INFO  PauseManager - ▶ Resuming in 2 minutes...
2025-09-12 19:58:41 [main] INFO  PauseManager - ▶ Resuming in 1 minutes...
2025-09-12 19:59:32 [main] INFO  PauseManager - ▶ Resuming in 10 seconds...
2025-09-12 19:59:33 [main] INFO  PauseManager - ▶ Resuming in 9 seconds...
2025-09-12 19:59:34 [main] INFO  PauseManager - ▶ Resuming in 8 seconds...
2025-09-12 19:59:35 [main] INFO  PauseManager - ▶ Resuming in 7 seconds...
2025-09-12 19:59:36 [main] INFO  PauseManager - ▶ Resuming in 6 seconds...
2025-09-12 19:59:37 [main] INFO  PauseManager - ▶ Resuming in 5 seconds...
2025-09-12 19:59:38 [main] INFO  PauseManager - ▶ Resuming in 4 seconds...
2025-09-12 19:59:39 [main] INFO  PauseManager - ▶ Resuming in 3 seconds...
2025-09-12 19:59:40 [main] INFO  PauseManager - ▶ Resuming in 2 seconds...
2025-09-12 19:59:41 [main] INFO  PauseManager - ▶ Resuming in 1 seconds...
2025-09-12 19:59:42 [main] INFO  PauseManager - ✅ Pause complete. Resuming tests...
2025-09-12 19:59:42 [main] INFO  DriverFactory - 🌐 Starting Chrome Web Browser...
2025-09-12 19:59:42 [main] INFO  DriverFactory - ✅ Created temporary Chrome profile at C:\Users\dell\AppData\Local\Temp\chrome-profile-12092799920756520569
2025-09-12 19:59:43 [main] INFO  DriverFactory - 🚀 WebDriver started successfully
2025-09-12 19:59:43 [main] INFO  RetryUrlAccess - Navigating to URL (attempt 1): https://demoqa.com
2025-09-12 20:00:43 [main] WARN  RetryUrlAccess - Navigation attempt 1 failed: timeout: Timed out receiving message from renderer: 59.086
  (Session info: chrome=137.0.7151.120)
Build info: version: '4.35.0', revision: '1c58e5028b'
System info: os.name: 'Windows 11', os.arch: 'amd64', os.version: '10.0', java.version: '21.0.7'
Driver info: org.openqa.selenium.chrome.ChromeDriver
Command: [42d7020078821c376646c4d9a504fb89, get {url=https://demoqa.com}]
Capabilities {acceptInsecureCerts: false, browserName: chrome, browserVersion: 137.0.7151.120, chrome: {chromedriverVersion: 137.0.7151.119 (e0ac9d12dff..., userDataDir: C:\Users\dell\AppData\Local...}, fedcm:accounts: true, goog:chromeOptions: {debuggerAddress: localhost:52607}, networkConnectionEnabled: false, pageLoadStrategy: normal, platformName: windows, proxy: Proxy(), se:cdp: ws://localhost:52607/devtoo..., se:cdpVersion: 137.0.7151.120, setWindowRect: true, strictFileInteractability: false, timeouts: {implicit: 0, pageLoad: 300000, script: 30000}, unhandledPromptBehavior: dismiss and notify, webauthn:extension:credBlob: true, webauthn:extension:largeBlob: true, webauthn:extension:minPinLength: true, webauthn:extension:prf: true, webauthn:virtualAuthenticators: true}
Session ID: 42d7020078821c376646c4d9a504fb89
2025-09-12 20:00:46 [main] INFO  RetryUrlAccess - Navigating to URL (attempt 2): https://demoqa.com
2025-09-12 20:00:46 [main] INFO  demoqaBase - 🧪 Starting Test Elements|Home|Selecting Downloads Check Box Test...
Instance Variables Declared are: nullnull
2025-09-12 20:00:46 [main] INFO  demoqaBase - Accessing Elements Card...
2025-09-12 20:00:46 [main] INFO  demoqaLog - Clicking on Elements Card...
🔹 Trying JS click by locator (attempt 1)
2025-09-12 20:00:46 [main] INFO  demoqaLog - 🔹 Trying JS click by locator (attempt 1)
🔹 Attempting JS click...
2025-09-12 20:00:46 [main] INFO  demoqaLog - 🔹 Attempting JS click...
⚡ Falling back to native click by locator (attempt 1)
2025-09-12 20:00:46 [main] INFO  demoqaLog - ⚡ Falling back to native click by locator (attempt 1)
2025-09-12 20:00:47 [main] INFO  demoqaLog - Clicked on Elements Card...
Title of this Page is: DEMOQA
You are Accessing: Elements
 
Elements: Please select an item from left to start practice.
2025-09-12 20:00:47 [main] INFO  demoqaBase - Elements: Please select an item from left to start practice.
2025-09-12 20:00:47 [main] INFO  demoqaBase - Accessing Check Box...
🔹 Trying JS click on WebElement (attempt 1)
2025-09-12 20:00:47 [main] INFO  demoqaLog - 🔹 Trying JS click on WebElement (attempt 1)
🔹 Attempting JS click...
2025-09-12 20:00:47 [main] INFO  demoqaLog - 🔹 Attempting JS click...
Check Box
2025-09-12 20:00:47 [main] INFO  demoqaBase - You are accessing: Check Box
2025-09-12 20:00:50 [main] INFO  demoqaBase - Clicking on Home Toggle Button...
🔹 Trying JS click on WebElement (attempt 1)
2025-09-12 20:00:50 [main] INFO  demoqaLog - 🔹 Trying JS click on WebElement (attempt 1)
🔹 Attempting JS click...
2025-09-12 20:00:50 [main] INFO  demoqaLog - 🔹 Attempting JS click...
2025-09-12 20:00:51 [main] INFO  demoqaBase - Selecting Downloads Check Box...
🔹 Trying JS click on WebElement (attempt 1)
2025-09-12 20:00:51 [main] INFO  demoqaLog - 🔹 Trying JS click on WebElement (attempt 1)
🔹 Attempting JS click...
2025-09-12 20:00:51 [main] INFO  demoqaLog - 🔹 Attempting JS click...
2025-09-12 20:00:51 [main] INFO  demoqaBase - Selected Downloads Check Box...
Information Submitted is: You have selected :
downloads
wordFile
excelFile
2025-09-12 20:00:51 [main] INFO  demoqaBase - You have Selected: You have selected :
downloads
wordFile
excelFile
2025-09-12 20:00:51 [main] INFO  demoqaBase - ✅ Test Elements|Home|Selecting Downloads Check Box Completed...
]]></system-out>
  </testcase>
  <testcase name="SelectingWordFile" classname="tests.ElementsTests" time="4.377">
    <system-out><![CDATA[2025-09-12 20:00:51 [main] INFO  demoqaBase - Closing browser for test: SelectingDownloads
2025-09-12 20:00:51 [main] INFO  DriverFactory - 🌐 Starting Chrome Web Browser...
2025-09-12 20:00:51 [main] INFO  DriverFactory - ✅ Created temporary Chrome profile at C:\Users\dell\AppData\Local\Temp\chrome-profile-12079056764334105274
2025-09-12 20:00:52 [main] INFO  DriverFactory - 🚀 WebDriver started successfully
2025-09-12 20:00:52 [main] INFO  RetryUrlAccess - Navigating to URL (attempt 1): https://demoqa.com
2025-09-12 20:01:52 [main] WARN  RetryUrlAccess - Navigation attempt 1 failed: timeout: Timed out receiving message from renderer: 59.061
  (Session info: chrome=137.0.7151.120)
Build info: version: '4.35.0', revision: '1c58e5028b'
System info: os.name: 'Windows 11', os.arch: 'amd64', os.version: '10.0', java.version: '21.0.7'
Driver info: org.openqa.selenium.chrome.ChromeDriver
Command: [a961ab76d64a57f31a9e710476778c55, get {url=https://demoqa.com}]
Capabilities {acceptInsecureCerts: false, browserName: chrome, browserVersion: 137.0.7151.120, chrome: {chromedriverVersion: 137.0.7151.119 (e0ac9d12dff..., userDataDir: C:\Users\dell\AppData\Local...}, fedcm:accounts: true, goog:chromeOptions: {debuggerAddress: localhost:52815}, networkConnectionEnabled: false, pageLoadStrategy: normal, platformName: windows, proxy: Proxy(), se:cdp: ws://localhost:52815/devtoo..., se:cdpVersion: 137.0.7151.120, setWindowRect: true, strictFileInteractability: false, timeouts: {implicit: 0, pageLoad: 300000, script: 30000}, unhandledPromptBehavior: dismiss and notify, webauthn:extension:credBlob: true, webauthn:extension:largeBlob: true, webauthn:extension:minPinLength: true, webauthn:extension:prf: true, webauthn:virtualAuthenticators: true}
Session ID: a961ab76d64a57f31a9e710476778c55
2025-09-12 20:01:55 [main] INFO  RetryUrlAccess - Navigating to URL (attempt 2): https://demoqa.com
2025-09-12 20:01:56 [main] INFO  demoqaBase - 🧪 Starting Test Elements|Home|Selecting Downloads|Word File Check Box Test...
Instance Variables Declared are: nullnull
2025-09-12 20:01:56 [main] INFO  demoqaBase - Accessing Elements Card...
2025-09-12 20:01:56 [main] INFO  demoqaLog - Clicking on Elements Card...
🔹 Trying JS click by locator (attempt 1)
2025-09-12 20:01:56 [main] INFO  demoqaLog - 🔹 Trying JS click by locator (attempt 1)
🔹 Attempting JS click...
2025-09-12 20:01:56 [main] INFO  demoqaLog - 🔹 Attempting JS click...
⚡ Falling back to native click by locator (attempt 1)
2025-09-12 20:01:56 [main] INFO  demoqaLog - ⚡ Falling back to native click by locator (attempt 1)
2025-09-12 20:01:56 [main] INFO  demoqaLog - Clicked on Elements Card...
Title of this Page is: DEMOQA
You are Accessing: Elements
 
Elements: Please select an item from left to start practice.
2025-09-12 20:01:56 [main] INFO  demoqaBase - Elements: Please select an item from left to start practice.
2025-09-12 20:01:56 [main] INFO  demoqaBase - Accessing Check Box...
🔹 Trying JS click on WebElement (attempt 1)
2025-09-12 20:01:56 [main] INFO  demoqaLog - 🔹 Trying JS click on WebElement (attempt 1)
🔹 Attempting JS click...
2025-09-12 20:01:56 [main] INFO  demoqaLog - 🔹 Attempting JS click...
Check Box
2025-09-12 20:01:56 [main] INFO  demoqaBase - You are accessing: Check Box
2025-09-12 20:02:00 [main] INFO  demoqaBase - Clicking on Home Toggle Button...
🔹 Trying JS click on WebElement (attempt 1)
2025-09-12 20:02:00 [main] INFO  demoqaLog - 🔹 Trying JS click on WebElement (attempt 1)
🔹 Attempting JS click...
2025-09-12 20:02:00 [main] INFO  demoqaLog - 🔹 Attempting JS click...
2025-09-12 20:02:00 [main] INFO  demoqaBase - Clicking Downloads Toggle Button...
🔹 Trying JS click on WebElement (attempt 1)
2025-09-12 20:02:00 [main] INFO  demoqaLog - 🔹 Trying JS click on WebElement (attempt 1)
🔹 Attempting JS click...
2025-09-12 20:02:00 [main] INFO  demoqaLog - 🔹 Attempting JS click...
2025-09-12 20:02:00 [main] INFO  demoqaBase - Clicked Downloads Toggle Button...
2025-09-12 20:02:00 [main] INFO  demoqaBase - Selecting Downloads | Word File Check Box...
🔹 Trying JS click on WebElement (attempt 1)
2025-09-12 20:02:00 [main] INFO  demoqaLog - 🔹 Trying JS click on WebElement (attempt 1)
🔹 Attempting JS click...
2025-09-12 20:02:00 [main] INFO  demoqaLog - 🔹 Attempting JS click...
2025-09-12 20:02:00 [main] INFO  demoqaBase - Selected Downloads | Word File Check Box...
Information Submitted is: You have selected :
wordFile
2025-09-12 20:02:00 [main] INFO  demoqaBase - You have Selected: You have selected :
wordFile
2025-09-12 20:02:00 [main] INFO  demoqaBase - ✅ Test Elements|Home|Selecting Downloads|Word File Check Box Completed...
]]></system-out>
  </testcase>
  <testcase name="SelectingExcelFile" classname="tests.ElementsTests" time="4.108">
    <system-out><![CDATA[2025-09-12 20:02:00 [main] INFO  demoqaBase - Closing browser for test: SelectingWordFile
2025-09-12 20:02:00 [main] INFO  DriverFactory - 🌐 Starting Chrome Web Browser...
2025-09-12 20:02:00 [main] INFO  DriverFactory - ✅ Created temporary Chrome profile at C:\Users\dell\AppData\Local\Temp\chrome-profile-712259772077069820
2025-09-12 20:02:01 [main] INFO  DriverFactory - 🚀 WebDriver started successfully
2025-09-12 20:02:01 [main] INFO  RetryUrlAccess - Navigating to URL (attempt 1): https://demoqa.com
2025-09-12 20:03:01 [main] WARN  RetryUrlAccess - Navigation attempt 1 failed: timeout: Timed out receiving message from renderer: 59.074
  (Session info: chrome=137.0.7151.120)
Build info: version: '4.35.0', revision: '1c58e5028b'
System info: os.name: 'Windows 11', os.arch: 'amd64', os.version: '10.0', java.version: '21.0.7'
Driver info: org.openqa.selenium.chrome.ChromeDriver
Command: [f669b8d2d5f62f3057c57f8e115c4d20, get {url=https://demoqa.com}]
Capabilities {acceptInsecureCerts: false, browserName: chrome, browserVersion: 137.0.7151.120, chrome: {chromedriverVersion: 137.0.7151.119 (e0ac9d12dff..., userDataDir: C:\Users\dell\AppData\Local...}, fedcm:accounts: true, goog:chromeOptions: {debuggerAddress: localhost:53033}, networkConnectionEnabled: false, pageLoadStrategy: normal, platformName: windows, proxy: Proxy(), se:cdp: ws://localhost:53033/devtoo..., se:cdpVersion: 137.0.7151.120, setWindowRect: true, strictFileInteractability: false, timeouts: {implicit: 0, pageLoad: 300000, script: 30000}, unhandledPromptBehavior: dismiss and notify, webauthn:extension:credBlob: true, webauthn:extension:largeBlob: true, webauthn:extension:minPinLength: true, webauthn:extension:prf: true, webauthn:virtualAuthenticators: true}
Session ID: f669b8d2d5f62f3057c57f8e115c4d20
2025-09-12 20:03:04 [main] INFO  RetryUrlAccess - Navigating to URL (attempt 2): https://demoqa.com
2025-09-12 20:03:05 [main] INFO  demoqaBase - 🧪 Starting Test Elements|Home|Selecting Downloads|Excel File Check Box Test...
Instance Variables Declared are: nullnull
2025-09-12 20:03:05 [main] INFO  demoqaBase - Accessing Elements Card...
2025-09-12 20:03:05 [main] INFO  demoqaLog - Clicking on Elements Card...
🔹 Trying JS click by locator (attempt 1)
2025-09-12 20:03:05 [main] INFO  demoqaLog - 🔹 Trying JS click by locator (attempt 1)
🔹 Attempting JS click...
2025-09-12 20:03:05 [main] INFO  demoqaLog - 🔹 Attempting JS click...
⚡ Falling back to native click by locator (attempt 1)
2025-09-12 20:03:05 [main] INFO  demoqaLog - ⚡ Falling back to native click by locator (attempt 1)
2025-09-12 20:03:05 [main] INFO  demoqaLog - Clicked on Elements Card...
Title of this Page is: DEMOQA
You are Accessing: Elements
 
Elements: Please select an item from left to start practice.
2025-09-12 20:03:05 [main] INFO  demoqaBase - Elements: Please select an item from left to start practice.
2025-09-12 20:03:05 [main] INFO  demoqaBase - Accessing Check Box...
🔹 Trying JS click on WebElement (attempt 1)
2025-09-12 20:03:05 [main] INFO  demoqaLog - 🔹 Trying JS click on WebElement (attempt 1)
🔹 Attempting JS click...
2025-09-12 20:03:05 [main] INFO  demoqaLog - 🔹 Attempting JS click...
Check Box
2025-09-12 20:03:06 [main] INFO  demoqaBase - You are accessing: Check Box
2025-09-12 20:03:09 [main] INFO  demoqaBase - Clicking on Home Toggle Button...
🔹 Trying JS click on WebElement (attempt 1)
2025-09-12 20:03:09 [main] INFO  demoqaLog - 🔹 Trying JS click on WebElement (attempt 1)
🔹 Attempting JS click...
2025-09-12 20:03:09 [main] INFO  demoqaLog - 🔹 Attempting JS click...
2025-09-12 20:03:09 [main] INFO  demoqaBase - Clicking Downloads Toggle Button...
🔹 Trying JS click on WebElement (attempt 1)
2025-09-12 20:03:09 [main] INFO  demoqaLog - 🔹 Trying JS click on WebElement (attempt 1)
🔹 Attempting JS click...
2025-09-12 20:03:09 [main] INFO  demoqaLog - 🔹 Attempting JS click...
2025-09-12 20:03:09 [main] INFO  demoqaBase - Clicked Downloads Toggle Button...
2025-09-12 20:03:09 [main] INFO  demoqaBase - Selecting Downloads | Excel File Check Box...
🔹 Trying JS click on WebElement (attempt 1)
2025-09-12 20:03:09 [main] INFO  demoqaLog - 🔹 Trying JS click on WebElement (attempt 1)
🔹 Attempting JS click...
2025-09-12 20:03:09 [main] INFO  demoqaLog - 🔹 Attempting JS click...
2025-09-12 20:03:09 [main] INFO  demoqaBase - Selected Downloads | Excel File Check Box...
Information Submitted is: You have selected :
excelFile
2025-09-12 20:03:09 [main] INFO  demoqaBase - You have Selected: You have selected :
excelFile
2025-09-12 20:03:09 [main] INFO  demoqaBase - ✅ Test Elements|Home|Selecting Downloads|Excel File Check Box Completed...
]]></system-out>
  </testcase>
  <testcase name="SelectingAllFiles" classname="tests.ElementsTests" time="4.001">
    <system-out><![CDATA[2025-09-12 20:03:09 [main] INFO  demoqaBase - Closing browser for test: SelectingExcelFile
2025-09-12 20:03:10 [main] INFO  DriverFactory - 🌐 Starting Chrome Web Browser...
2025-09-12 20:03:10 [main] INFO  DriverFactory - ✅ Created temporary Chrome profile at C:\Users\dell\AppData\Local\Temp\chrome-profile-3261702126868013682
2025-09-12 20:03:11 [main] INFO  DriverFactory - 🚀 WebDriver started successfully
2025-09-12 20:03:11 [main] INFO  RetryUrlAccess - Navigating to URL (attempt 1): https://demoqa.com
2025-09-12 20:04:11 [main] WARN  RetryUrlAccess - Navigation attempt 1 failed: timeout: Timed out receiving message from renderer: 59.035
  (Session info: chrome=137.0.7151.120)
Build info: version: '4.35.0', revision: '1c58e5028b'
System info: os.name: 'Windows 11', os.arch: 'amd64', os.version: '10.0', java.version: '21.0.7'
Driver info: org.openqa.selenium.chrome.ChromeDriver
Command: [aa3a6dfb8e524164a2299372591c0b50, get {url=https://demoqa.com}]
Capabilities {acceptInsecureCerts: false, browserName: chrome, browserVersion: 137.0.7151.120, chrome: {chromedriverVersion: 137.0.7151.119 (e0ac9d12dff..., userDataDir: C:\Users\dell\AppData\Local...}, fedcm:accounts: true, goog:chromeOptions: {debuggerAddress: localhost:53289}, networkConnectionEnabled: false, pageLoadStrategy: normal, platformName: windows, proxy: Proxy(), se:cdp: ws://localhost:53289/devtoo..., se:cdpVersion: 137.0.7151.120, setWindowRect: true, strictFileInteractability: false, timeouts: {implicit: 0, pageLoad: 300000, script: 30000}, unhandledPromptBehavior: dismiss and notify, webauthn:extension:credBlob: true, webauthn:extension:largeBlob: true, webauthn:extension:minPinLength: true, webauthn:extension:prf: true, webauthn:virtualAuthenticators: true}
Session ID: aa3a6dfb8e524164a2299372591c0b50
2025-09-12 20:04:14 [main] INFO  RetryUrlAccess - Navigating to URL (attempt 2): https://demoqa.com
2025-09-12 20:04:15 [main] INFO  demoqaBase - 🧪 Starting Test Elements|Home|Selecting Downloads|Word & Excel File Check Boxes Test...
Instance Variables Declared are: nullnull
2025-09-12 20:04:15 [main] INFO  demoqaBase - Accessing Elements Card...
2025-09-12 20:04:15 [main] INFO  demoqaLog - Clicking on Elements Card...
🔹 Trying JS click by locator (attempt 1)
2025-09-12 20:04:15 [main] INFO  demoqaLog - 🔹 Trying JS click by locator (attempt 1)
🔹 Attempting JS click...
2025-09-12 20:04:15 [main] INFO  demoqaLog - 🔹 Attempting JS click...
⚡ Falling back to native click by locator (attempt 1)
2025-09-12 20:04:15 [main] INFO  demoqaLog - ⚡ Falling back to native click by locator (attempt 1)
2025-09-12 20:04:15 [main] INFO  demoqaLog - Clicked on Elements Card...
Title of this Page is: DEMOQA
You are Accessing: Elements
 
Elements: Please select an item from left to start practice.
2025-09-12 20:04:15 [main] INFO  demoqaBase - Elements: Please select an item from left to start practice.
2025-09-12 20:04:15 [main] INFO  demoqaBase - Accessing Check Box...
🔹 Trying JS click on WebElement (attempt 1)
2025-09-12 20:04:15 [main] INFO  demoqaLog - 🔹 Trying JS click on WebElement (attempt 1)
🔹 Attempting JS click...
2025-09-12 20:04:15 [main] INFO  demoqaLog - 🔹 Attempting JS click...
Check Box
2025-09-12 20:04:15 [main] INFO  demoqaBase - You are accessing: Check Box
2025-09-12 20:04:18 [main] INFO  demoqaBase - Clicking on Home Toggle Button...
🔹 Trying JS click on WebElement (attempt 1)
2025-09-12 20:04:18 [main] INFO  demoqaLog - 🔹 Trying JS click on WebElement (attempt 1)
🔹 Attempting JS click...
2025-09-12 20:04:18 [main] INFO  demoqaLog - 🔹 Attempting JS click...
2025-09-12 20:04:18 [main] INFO  demoqaBase - Clicking Downloads Toggle Button...
🔹 Trying JS click on WebElement (attempt 1)
2025-09-12 20:04:18 [main] INFO  demoqaLog - 🔹 Trying JS click on WebElement (attempt 1)
🔹 Attempting JS click...
2025-09-12 20:04:18 [main] INFO  demoqaLog - 🔹 Attempting JS click...
2025-09-12 20:04:18 [main] INFO  demoqaBase - Clicked Downloads Toggle Button...
2025-09-12 20:04:18 [main] INFO  demoqaBase - Selecting Downloads | Word File Check Box...
🔹 Trying JS click on WebElement (attempt 1)
2025-09-12 20:04:18 [main] INFO  demoqaLog - 🔹 Trying JS click on WebElement (attempt 1)
🔹 Attempting JS click...
2025-09-12 20:04:18 [main] INFO  demoqaLog - 🔹 Attempting JS click...
2025-09-12 20:04:18 [main] INFO  demoqaBase - Selected Downloads | Word File Check Box...
2025-09-12 20:04:18 [main] INFO  demoqaBase - Selecting Downloads | Excel File Check Box...
🔹 Trying JS click on WebElement (attempt 1)
2025-09-12 20:04:18 [main] INFO  demoqaLog - 🔹 Trying JS click on WebElement (attempt 1)
🔹 Attempting JS click...
2025-09-12 20:04:18 [main] INFO  demoqaLog - 🔹 Attempting JS click...
2025-09-12 20:04:19 [main] INFO  demoqaBase - Selected Downloads | Excel File Check Box...
Information Submitted is: You have selected :
downloads
wordFile
excelFile
2025-09-12 20:04:19 [main] INFO  demoqaBase - You have Selected: You have selected :
downloads
wordFile
excelFile
2025-09-12 20:04:19 [main] INFO  demoqaBase - ✅ Test Elements|Home|Selecting Downloads|Word & Excel File Check Boxes Completed...
]]></system-out>
  </testcase>
  <testcase name="clickRadioButton" classname="tests.ElementsTests" time="0.723">
    <system-out><![CDATA[2025-09-12 20:04:19 [main] INFO  demoqaBase - Closing browser for test: SelectingAllFiles
2025-09-12 20:04:19 [main] INFO  DriverFactory - 🌐 Starting Chrome Web Browser...
2025-09-12 20:04:19 [main] INFO  DriverFactory - ✅ Created temporary Chrome profile at C:\Users\dell\AppData\Local\Temp\chrome-profile-594603849153465814
2025-09-12 20:04:20 [main] INFO  DriverFactory - 🚀 WebDriver started successfully
2025-09-12 20:04:20 [main] INFO  RetryUrlAccess - Navigating to URL (attempt 1): https://demoqa.com
2025-09-12 20:05:20 [main] WARN  RetryUrlAccess - Navigation attempt 1 failed: timeout: Timed out receiving message from renderer: 59.109
  (Session info: chrome=137.0.7151.120)
Build info: version: '4.35.0', revision: '1c58e5028b'
System info: os.name: 'Windows 11', os.arch: 'amd64', os.version: '10.0', java.version: '21.0.7'
Driver info: org.openqa.selenium.chrome.ChromeDriver
Command: [f503559f85f63a5f24b2780d2d161020, get {url=https://demoqa.com}]
Capabilities {acceptInsecureCerts: false, browserName: chrome, browserVersion: 137.0.7151.120, chrome: {chromedriverVersion: 137.0.7151.119 (e0ac9d12dff..., userDataDir: C:\Users\dell\AppData\Local...}, fedcm:accounts: true, goog:chromeOptions: {debuggerAddress: localhost:53477}, networkConnectionEnabled: false, pageLoadStrategy: normal, platformName: windows, proxy: Proxy(), se:cdp: ws://localhost:53477/devtoo..., se:cdpVersion: 137.0.7151.120, setWindowRect: true, strictFileInteractability: false, timeouts: {implicit: 0, pageLoad: 300000, script: 30000}, unhandledPromptBehavior: dismiss and notify, webauthn:extension:credBlob: true, webauthn:extension:largeBlob: true, webauthn:extension:minPinLength: true, webauthn:extension:prf: true, webauthn:virtualAuthenticators: true}
Session ID: f503559f85f63a5f24b2780d2d161020
2025-09-12 20:05:23 [main] INFO  RetryUrlAccess - Navigating to URL (attempt 2): https://demoqa.com
2025-09-12 20:05:24 [main] INFO  demoqaBase - 🧪 Starting Test Elements|Radio Button Test...
Instance Variables Declared are: nullnull
2025-09-12 20:05:24 [main] INFO  demoqaBase - Accessing Elements Card...
2025-09-12 20:05:24 [main] INFO  demoqaLog - Clicking on Elements Card...
🔹 Trying JS click by locator (attempt 1)
2025-09-12 20:05:24 [main] INFO  demoqaLog - 🔹 Trying JS click by locator (attempt 1)
🔹 Attempting JS click...
2025-09-12 20:05:24 [main] INFO  demoqaLog - 🔹 Attempting JS click...
⚡ Falling back to native click by locator (attempt 1)
2025-09-12 20:05:24 [main] INFO  demoqaLog - ⚡ Falling back to native click by locator (attempt 1)
2025-09-12 20:05:24 [main] INFO  demoqaLog - Clicked on Elements Card...
Title of this Page is: DEMOQA
You are Accessing: Elements
 
Elements: Please select an item from left to start practice.
2025-09-12 20:05:24 [main] INFO  demoqaBase - Elements: Please select an item from left to start practice.
2025-09-12 20:05:24 [main] INFO  demoqaBase - Clicking on Radio Button...
🔹 Trying JS click on WebElement (attempt 1)
2025-09-12 20:05:24 [main] INFO  demoqaLog - 🔹 Trying JS click on WebElement (attempt 1)
🔹 Attempting JS click...
2025-09-12 20:05:24 [main] INFO  demoqaLog - 🔹 Attempting JS click...
2025-09-12 20:05:24 [main] INFO  demoqaBase - Clicked on Radio Button...
2025-09-12 20:05:24 [main] INFO  demoqaBase - Validating Radio Button Click...
Page Title is: Radio Button
2025-09-12 20:05:25 [main] INFO  demoqaBase - ✅ Test Elements|Radio Button Completed...
]]></system-out>
  </testcase>
  <testcase name="SelectYesRadioButton" classname="tests.ElementsTests" time="0.806">
    <system-out><![CDATA[2025-09-12 20:05:25 [main] INFO  demoqaBase - Closing browser for test: clickRadioButton
2025-09-12 20:05:25 [main] INFO  DriverFactory - 🌐 Starting Chrome Web Browser...
2025-09-12 20:05:25 [main] INFO  DriverFactory - ✅ Created temporary Chrome profile at C:\Users\dell\AppData\Local\Temp\chrome-profile-6978506003887710576
2025-09-12 20:05:26 [main] INFO  DriverFactory - 🚀 WebDriver started successfully
2025-09-12 20:05:26 [main] INFO  RetryUrlAccess - Navigating to URL (attempt 1): https://demoqa.com
2025-09-12 20:06:26 [main] WARN  RetryUrlAccess - Navigation attempt 1 failed: timeout: Timed out receiving message from renderer: 58.984
  (Session info: chrome=137.0.7151.120)
Build info: version: '4.35.0', revision: '1c58e5028b'
System info: os.name: 'Windows 11', os.arch: 'amd64', os.version: '10.0', java.version: '21.0.7'
Driver info: org.openqa.selenium.chrome.ChromeDriver
Command: [c3471a44f3ac77ea149ea6d475e91d4d, get {url=https://demoqa.com}]
Capabilities {acceptInsecureCerts: false, browserName: chrome, browserVersion: 137.0.7151.120, chrome: {chromedriverVersion: 137.0.7151.119 (e0ac9d12dff..., userDataDir: C:\Users\dell\AppData\Local...}, fedcm:accounts: true, goog:chromeOptions: {debuggerAddress: localhost:53633}, networkConnectionEnabled: false, pageLoadStrategy: normal, platformName: windows, proxy: Proxy(), se:cdp: ws://localhost:53633/devtoo..., se:cdpVersion: 137.0.7151.120, setWindowRect: true, strictFileInteractability: false, timeouts: {implicit: 0, pageLoad: 300000, script: 30000}, unhandledPromptBehavior: dismiss and notify, webauthn:extension:credBlob: true, webauthn:extension:largeBlob: true, webauthn:extension:minPinLength: true, webauthn:extension:prf: true, webauthn:virtualAuthenticators: true}
Session ID: c3471a44f3ac77ea149ea6d475e91d4d
2025-09-12 20:06:29 [main] INFO  RetryUrlAccess - Navigating to URL (attempt 2): https://demoqa.com
2025-09-12 20:06:30 [main] INFO  demoqaBase - 🧪 Starting Test Elements|Yes Radio Button Test...
Instance Variables Declared are: nullnull
2025-09-12 20:06:30 [main] INFO  demoqaBase - Accessing Elements Card...
2025-09-12 20:06:30 [main] INFO  demoqaLog - Clicking on Elements Card...
🔹 Trying JS click by locator (attempt 1)
2025-09-12 20:06:30 [main] INFO  demoqaLog - 🔹 Trying JS click by locator (attempt 1)
🔹 Attempting JS click...
2025-09-12 20:06:30 [main] INFO  demoqaLog - 🔹 Attempting JS click...
⚡ Falling back to native click by locator (attempt 1)
2025-09-12 20:06:30 [main] INFO  demoqaLog - ⚡ Falling back to native click by locator (attempt 1)
2025-09-12 20:06:30 [main] INFO  demoqaLog - Clicked on Elements Card...
Title of this Page is: DEMOQA
You are Accessing: Elements
 
Elements: Please select an item from left to start practice.
2025-09-12 20:06:30 [main] INFO  demoqaBase - Elements: Please select an item from left to start practice.
2025-09-12 20:06:30 [main] INFO  demoqaBase - Clicking on Radio Button...
🔹 Trying JS click on WebElement (attempt 1)
2025-09-12 20:06:30 [main] INFO  demoqaLog - 🔹 Trying JS click on WebElement (attempt 1)
🔹 Attempting JS click...
2025-09-12 20:06:30 [main] INFO  demoqaLog - 🔹 Attempting JS click...
2025-09-12 20:06:30 [main] INFO  demoqaBase - Clicked on Radio Button...
2025-09-12 20:06:30 [main] INFO  demoqaBase - Selecting on Yes Radio Button...
Declared WebDriverWait: org.openqa.selenium.support.ui.WebDriverWait@13126d46
🔹 Trying JS click on WebElement (attempt 1)
2025-09-12 20:06:30 [main] INFO  demoqaLog - 🔹 Trying JS click on WebElement (attempt 1)
🔹 Attempting JS click...
2025-09-12 20:06:30 [main] INFO  demoqaLog - 🔹 Attempting JS click...
2025-09-12 20:06:30 [main] INFO  demoqaBase - Your Selection of Radio Button Name is: Yes
2025-09-12 20:06:30 [main] INFO  demoqaBase - Validating Radio Selection Test Result...
2025-09-12 20:06:31 [main] INFO  demoqaBase - You have selected: Yes
2025-09-12 20:06:31 [main] INFO  demoqaBase - Test Case of Radio Button Selection PASSED...
2025-09-12 20:06:31 [main] INFO  demoqaBase - ✅ Test Elements|Yes Radio Button Completed...
]]></system-out>
  </testcase>
  <testcase name="SelectImpressiveRadioButton" classname="tests.ElementsTests" time="0.718">
    <system-out><![CDATA[2025-09-12 20:06:31 [main] INFO  demoqaBase - Closing browser for test: SelectYesRadioButton
2025-09-12 20:06:31 [main] INFO  DriverFactory - 🌐 Starting Chrome Web Browser...
2025-09-12 20:06:31 [main] INFO  DriverFactory - ✅ Created temporary Chrome profile at C:\Users\dell\AppData\Local\Temp\chrome-profile-11142938145247331824
2025-09-12 20:06:32 [main] INFO  DriverFactory - 🚀 WebDriver started successfully
2025-09-12 20:06:32 [main] INFO  RetryUrlAccess - Navigating to URL (attempt 1): https://demoqa.com
2025-09-12 20:06:58 [main] INFO  demoqaBase - 🧪 Starting Test Elements|Yes Radio Button Test...
Instance Variables Declared are: nullnull
2025-09-12 20:06:58 [main] INFO  demoqaBase - Accessing Elements Card...
2025-09-12 20:06:58 [main] INFO  demoqaLog - Clicking on Elements Card...
🔹 Trying JS click by locator (attempt 1)
2025-09-12 20:06:58 [main] INFO  demoqaLog - 🔹 Trying JS click by locator (attempt 1)
🔹 Attempting JS click...
2025-09-12 20:06:58 [main] INFO  demoqaLog - 🔹 Attempting JS click...
⚡ Falling back to native click by locator (attempt 1)
2025-09-12 20:06:58 [main] INFO  demoqaLog - ⚡ Falling back to native click by locator (attempt 1)
2025-09-12 20:06:58 [main] INFO  demoqaLog - Clicked on Elements Card...
Title of this Page is: DEMOQA
You are Accessing: Elements
 
Elements: Please select an item from left to start practice.
2025-09-12 20:06:58 [main] INFO  demoqaBase - Elements: Please select an item from left to start practice.
2025-09-12 20:06:58 [main] INFO  demoqaBase - Clicking on Radio Button...
🔹 Trying JS click on WebElement (attempt 1)
2025-09-12 20:06:58 [main] INFO  demoqaLog - 🔹 Trying JS click on WebElement (attempt 1)
🔹 Attempting JS click...
2025-09-12 20:06:58 [main] INFO  demoqaLog - 🔹 Attempting JS click...
2025-09-12 20:06:58 [main] INFO  demoqaBase - Clicked on Radio Button...
2025-09-12 20:06:58 [main] INFO  demoqaBase - Selecting on Impressive Radio Button...
🔹 Trying JS click on WebElement (attempt 1)
2025-09-12 20:06:58 [main] INFO  demoqaLog - 🔹 Trying JS click on WebElement (attempt 1)
🔹 Attempting JS click...
2025-09-12 20:06:58 [main] INFO  demoqaLog - 🔹 Attempting JS click...
2025-09-12 20:06:59 [main] INFO  demoqaBase - Your Selection of Radio Button Name is: Impressive
2025-09-12 20:06:59 [main] INFO  demoqaBase - Validating Radio Selection Test Result...
2025-09-12 20:06:59 [main] INFO  demoqaBase - You have selected: Impressive
2025-09-12 20:06:59 [main] INFO  demoqaBase - Test Case of Radio Button Selection PASSED...
2025-09-12 20:06:59 [main] INFO  demoqaBase - ✅ Test Elements|Radio Button|Impressive Completed...
]]></system-out>
  </testcase>
  <testcase name="WebTablesClick" classname="tests.ElementsTests" time="0.432">
    <system-out><![CDATA[2025-09-12 20:06:59 [main] INFO  demoqaBase - Closing browser for test: SelectImpressiveRadioButton
2025-09-12 20:06:59 [main] INFO  DriverFactory - 🌐 Starting Chrome Web Browser...
2025-09-12 20:06:59 [main] INFO  DriverFactory - ✅ Created temporary Chrome profile at C:\Users\dell\AppData\Local\Temp\chrome-profile-18311749186687293093
2025-09-12 20:07:00 [main] INFO  DriverFactory - 🚀 WebDriver started successfully
2025-09-12 20:07:00 [main] INFO  RetryUrlAccess - Navigating to URL (attempt 1): https://demoqa.com
2025-09-12 20:07:34 [main] INFO  demoqaBase - 🧪 Starting Test Elements|Web Tables Test...
Instance Variables Declared are: nullnull
2025-09-12 20:07:34 [main] INFO  demoqaBase - Accessing Elements Card...
2025-09-12 20:07:34 [main] INFO  demoqaLog - Clicking on Elements Card...
🔹 Trying JS click by locator (attempt 1)
2025-09-12 20:07:34 [main] INFO  demoqaLog - 🔹 Trying JS click by locator (attempt 1)
🔹 Attempting JS click...
2025-09-12 20:07:34 [main] INFO  demoqaLog - 🔹 Attempting JS click...
⚡ Falling back to native click by locator (attempt 1)
2025-09-12 20:07:34 [main] INFO  demoqaLog - ⚡ Falling back to native click by locator (attempt 1)
2025-09-12 20:07:34 [main] INFO  demoqaLog - Clicked on Elements Card...
Title of this Page is: DEMOQA
You are Accessing: Elements
 
Elements: Please select an item from left to start practice.
2025-09-12 20:07:35 [main] INFO  demoqaBase - Elements: Please select an item from left to start practice.
2025-09-12 20:07:35 [main] INFO  demoqaBase - Click on Elements|Web Tables...
2025-09-12 20:07:35 [main] INFO  demoqaBase - ✅ Test Elements|Web Tables Completed...
]]></system-out>
  </testcase>
  <testcase name="webTableNewRegistration[WebTableUser{firstName=&apos;Johny&apos;, lastName=&apos;Bravo&apos;, email=&apos;Jbravo@demoqa.com&apos;, salary=280000, age=340, department=&apos;Information Technology&apos;}](1)" classname="tests.ElementsTests" time="4.938">
    <system-out><![CDATA[2025-09-12 20:07:35 [main] INFO  demoqaBase - Closing browser for test: WebTablesClick
🧾 Row 1: {Salary=28000.0, Email=Jbravo@demoqa.com, Address=511 Grant 481, Prattsville\n Arkansas 72129\n United States, First Name=Johny, Gender=Male, City=Delhi, Mobile=9.238343488E9, Hobbies=Sports,Music, Subject=Computer Science, Current Address=301 Town 481, Brookville\n kansas 42129\n United States, Department=Information Technology, DOB=15/08/2000, Picture=/TestData/Mphoto.jpg, State=NCR, Last Name=Bravo, Age=34.0}
🔍 Mapping field: firstName | Excel Column: First Name | Value: Johny
🔍 Mapping field: lastName | Excel Column: Last Name | Value: Bravo
🔍 Mapping field: email | Excel Column: Email | Value: Jbravo@demoqa.com
🔍 Mapping field: salary | Excel Column: Salary | Value: 28000.0
🔍 Mapping field: age | Excel Column: Age | Value: 34.0
🔍 Mapping field: department | Excel Column: Department | Value: Information Technology
🧾 Row 2: {Salary=18000.0, Email=GFemina@demoqa.com, Address=512 Grant 481, Prattsville\n Arkansas 72129\n United States, First Name=Gene, Gender=Female, City=Merrut, Mobile=1.888343432E9, Hobbies=Music,Reading, Subject=Accounting, Current Address=302 Town 481, Brookville\n kansas 42129\n United States, Department=Finance, DOB=22/05/2002, Picture=/TestData/Fphoto.png, State=Uttar Pradesh, Last Name=Femina, Age=30.0}
🔍 Mapping field: firstName | Excel Column: First Name | Value: Gene
🔍 Mapping field: lastName | Excel Column: Last Name | Value: Femina
🔍 Mapping field: email | Excel Column: Email | Value: GFemina@demoqa.com
🔍 Mapping field: salary | Excel Column: Salary | Value: 18000.0
🔍 Mapping field: age | Excel Column: Age | Value: 30.0
🔍 Mapping field: department | Excel Column: Department | Value: Finance
🧾 Row 3: {Salary=15000.0, Email=BWisem@demoqa.com, Address=513 Grant 481, Prattsville\n Arkansas 72129\n United States, First Name=Bud, Gender=Other, City=Panipat, Mobile=8.932465432E9, Hobbies=Reading, Subject=Biology, Current Address=303 Town 481, Brookville\n kansas 42129\n United States, Department=Medicine, DOB=31/12/1999, Picture=/TestData/Ophoto.jpg, State=Haryana, Last Name=Wisem, Age=40.0}
🔍 Mapping field: firstName | Excel Column: First Name | Value: Bud
🔍 Mapping field: lastName | Excel Column: Last Name | Value: Wisem
🔍 Mapping field: email | Excel Column: Email | Value: BWisem@demoqa.com
🔍 Mapping field: salary | Excel Column: Salary | Value: 15000.0
🔍 Mapping field: age | Excel Column: Age | Value: 40.0
🔍 Mapping field: department | Excel Column: Department | Value: Medicine
🧾 Row 4: {Salary=19000.0, Email=TBoss@demoqa.com, Address=514 Grant 481, Prattsville\n Arkansas 72129\n United States, First Name=Tom, Gender=Male, City=Jaiselmer, Mobile=7.839875281E9, Hobbies=Sports,Reading, Subject=Social Studies, Current Address=304 Town 481, Brookville\n kansas 42129\n United States, Department=Recreation, DOB=1/26/03, Picture=/TestData/M2photo.jpg, State=Rajasthan, Last Name=Boss, Age=42.0}
🔍 Mapping field: firstName | Excel Column: First Name | Value: Tom
🔍 Mapping field: lastName | Excel Column: Last Name | Value: Boss
🔍 Mapping field: email | Excel Column: Email | Value: TBoss@demoqa.com
🔍 Mapping field: salary | Excel Column: Salary | Value: 19000.0
🔍 Mapping field: age | Excel Column: Age | Value: 42.0
🔍 Mapping field: department | Excel Column: Department | Value: Recreation
2025-09-12 20:07:35 [main] INFO  DriverFactory - 🌐 Starting Chrome Web Browser...
2025-09-12 20:07:35 [main] INFO  DriverFactory - ✅ Created temporary Chrome profile at C:\Users\dell\AppData\Local\Temp\chrome-profile-1348017168761360779
2025-09-12 20:07:36 [main] INFO  DriverFactory - 🚀 WebDriver started successfully
2025-09-12 20:07:36 [main] INFO  RetryUrlAccess - Navigating to URL (attempt 1): https://demoqa.com
2025-09-12 20:08:36 [main] WARN  RetryUrlAccess - Navigation attempt 1 failed: timeout: Timed out receiving message from renderer: 59.084
  (Session info: chrome=137.0.7151.120)
Build info: version: '4.35.0', revision: '1c58e5028b'
System info: os.name: 'Windows 11', os.arch: 'amd64', os.version: '10.0', java.version: '21.0.7'
Driver info: org.openqa.selenium.chrome.ChromeDriver
Command: [3285b4a875ce247888d15ab513e4f5db, get {url=https://demoqa.com}]
Capabilities {acceptInsecureCerts: false, browserName: chrome, browserVersion: 137.0.7151.120, chrome: {chromedriverVersion: 137.0.7151.119 (e0ac9d12dff..., userDataDir: C:\Users\dell\AppData\Local...}, fedcm:accounts: true, goog:chromeOptions: {debuggerAddress: localhost:54115}, networkConnectionEnabled: false, pageLoadStrategy: normal, platformName: windows, proxy: Proxy(), se:cdp: ws://localhost:54115/devtoo..., se:cdpVersion: 137.0.7151.120, setWindowRect: true, strictFileInteractability: false, timeouts: {implicit: 0, pageLoad: 300000, script: 30000}, unhandledPromptBehavior: dismiss and notify, webauthn:extension:credBlob: true, webauthn:extension:largeBlob: true, webauthn:extension:minPinLength: true, webauthn:extension:prf: true, webauthn:virtualAuthenticators: true}
Session ID: 3285b4a875ce247888d15ab513e4f5db
2025-09-12 20:08:39 [main] INFO  RetryUrlAccess - Navigating to URL (attempt 2): https://demoqa.com
2025-09-12 20:08:40 [main] INFO  demoqaBase - 🧪 Starting Test Elements|Web Tables|Registration Form Create User...
Instance Variables Declared are: nullnull
2025-09-12 20:08:40 [main] INFO  demoqaBase - Accessing Elements Card...
2025-09-12 20:08:40 [main] INFO  demoqaLog - Clicking on Elements Card...
🔹 Trying JS click by locator (attempt 1)
2025-09-12 20:08:40 [main] INFO  demoqaLog - 🔹 Trying JS click by locator (attempt 1)
🔹 Attempting JS click...
2025-09-12 20:08:40 [main] INFO  demoqaLog - 🔹 Attempting JS click...
⚡ Falling back to native click by locator (attempt 1)
2025-09-12 20:08:40 [main] INFO  demoqaLog - ⚡ Falling back to native click by locator (attempt 1)
2025-09-12 20:08:40 [main] INFO  demoqaLog - Clicked on Elements Card...
Title of this Page is: DEMOQA
You are Accessing: Elements
 
Elements: Please select an item from left to start practice.
2025-09-12 20:08:40 [main] INFO  demoqaBase - Elements: Please select an item from left to start practice.
2025-09-12 20:08:40 [main] INFO  demoqaBase - Click on Elements|Web Tables...
2025-09-12 20:08:43 [main] INFO  demoqaBase - Click on Elements|Web Tables|Registration Form...
🔹 Trying JS click on WebElement (attempt 1)
2025-09-12 20:08:43 [main] INFO  demoqaLog - 🔹 Trying JS click on WebElement (attempt 1)
🔹 Attempting JS click...
2025-09-12 20:08:43 [main] INFO  demoqaLog - 🔹 Attempting JS click...
2025-09-12 20:08:43 [main] ERROR demoqaBase - Registering User: Johny
2025-09-12 20:08:43 [main] INFO  demoqaBase - Click on Elements|Web Tables|Registration Form|FirstName...
2025-09-12 20:08:44 [main] INFO  demoqaBase - First Name entered is: Johny
2025-09-12 20:08:44 [main] INFO  demoqaBase - Click on Elements|Web Tables|Registration Form|LastName...
Last Name is: Bravo
2025-09-12 20:08:44 [main] INFO  demoqaBase - Last Name entered is: Bravo
2025-09-12 20:08:44 [main] INFO  demoqaBase - Click on Elements|Web Tables|Registration Form|Email...
Email ID is: Jbravo@demoqa.com
2025-09-12 20:08:44 [main] INFO  demoqaBase - Email entered is: Jbravo@demoqa.com
2025-09-12 20:08:44 [main] INFO  demoqaBase - Click on Elements|Web Tables|Registration Form|Age...
2025-09-12 20:08:44 [main] INFO  demoqaBase - Age entered is: 34
2025-09-12 20:08:44 [main] INFO  demoqaBase - Click on Elements|Web Tables|Registration Form|Salary...
2025-09-12 20:08:44 [main] INFO  demoqaBase - Salary entered is: 280000
2025-09-12 20:08:44 [main] INFO  demoqaBase - Click on Elements|Web Tables|Registration Form|Department...
2025-09-12 20:08:44 [main] INFO  demoqaBase - Department entered is: Information Technology
2025-09-12 20:08:44 [main] INFO  demoqaBase - Submitting Registration Form...
2025-09-12 20:08:45 [main] INFO  demoqaBase - Registration Form Submitted...
2025-09-12 20:08:45 [main] ERROR demoqaBase - Submitted to register user: Johny
2025-09-12 20:08:45 [main] INFO  demoqaBase - ✅ Test Elements|Web Tables|Registration Form Create User Completed...
]]></system-out>
  </testcase>
  <testcase name="webTableNewRegistration[WebTableUser{firstName=&apos;Gene&apos;, lastName=&apos;Femina&apos;, email=&apos;GFemina@demoqa.com&apos;, salary=180000, age=300, department=&apos;Finance&apos;}](2)" classname="tests.ElementsTests" time="5.096">
    <system-out><![CDATA[2025-09-12 20:08:45 [main] INFO  demoqaBase - Closing browser for test: webTableNewRegistration
2025-09-12 20:08:45 [main] INFO  DriverFactory - 🌐 Starting Chrome Web Browser...
2025-09-12 20:08:45 [main] INFO  DriverFactory - ✅ Created temporary Chrome profile at C:\Users\dell\AppData\Local\Temp\chrome-profile-14135379515036814427
2025-09-12 20:08:46 [main] INFO  DriverFactory - 🚀 WebDriver started successfully
2025-09-12 20:08:46 [main] INFO  RetryUrlAccess - Navigating to URL (attempt 1): https://demoqa.com
2025-09-12 20:09:46 [main] WARN  RetryUrlAccess - Navigation attempt 1 failed: timeout: Timed out receiving message from renderer: 59.044
  (Session info: chrome=137.0.7151.120)
Build info: version: '4.35.0', revision: '1c58e5028b'
System info: os.name: 'Windows 11', os.arch: 'amd64', os.version: '10.0', java.version: '21.0.7'
Driver info: org.openqa.selenium.chrome.ChromeDriver
Command: [effac81733913bb795016f2946bb43a4, get {url=https://demoqa.com}]
Capabilities {acceptInsecureCerts: false, browserName: chrome, browserVersion: 137.0.7151.120, chrome: {chromedriverVersion: 137.0.7151.119 (e0ac9d12dff..., userDataDir: C:\Users\dell\AppData\Local...}, fedcm:accounts: true, goog:chromeOptions: {debuggerAddress: localhost:54329}, networkConnectionEnabled: false, pageLoadStrategy: normal, platformName: windows, proxy: Proxy(), se:cdp: ws://localhost:54329/devtoo..., se:cdpVersion: 137.0.7151.120, setWindowRect: true, strictFileInteractability: false, timeouts: {implicit: 0, pageLoad: 300000, script: 30000}, unhandledPromptBehavior: dismiss and notify, webauthn:extension:credBlob: true, webauthn:extension:largeBlob: true, webauthn:extension:minPinLength: true, webauthn:extension:prf: true, webauthn:virtualAuthenticators: true}
Session ID: effac81733913bb795016f2946bb43a4
2025-09-12 20:09:49 [main] INFO  RetryUrlAccess - Navigating to URL (attempt 2): https://demoqa.com
2025-09-12 20:09:50 [main] INFO  demoqaBase - 🧪 Starting Test Elements|Web Tables|Registration Form Create User...
Instance Variables Declared are: nullnull
2025-09-12 20:09:50 [main] INFO  demoqaBase - Accessing Elements Card...
2025-09-12 20:09:50 [main] INFO  demoqaLog - Clicking on Elements Card...
🔹 Trying JS click by locator (attempt 1)
2025-09-12 20:09:50 [main] INFO  demoqaLog - 🔹 Trying JS click by locator (attempt 1)
🔹 Attempting JS click...
2025-09-12 20:09:50 [main] INFO  demoqaLog - 🔹 Attempting JS click...
⚡ Falling back to native click by locator (attempt 1)
2025-09-12 20:09:50 [main] INFO  demoqaLog - ⚡ Falling back to native click by locator (attempt 1)
2025-09-12 20:09:50 [main] INFO  demoqaLog - Clicked on Elements Card...
Title of this Page is: DEMOQA
You are Accessing: Elements
 
Elements: Please select an item from left to start practice.
2025-09-12 20:09:50 [main] INFO  demoqaBase - Elements: Please select an item from left to start practice.
2025-09-12 20:09:50 [main] INFO  demoqaBase - Click on Elements|Web Tables...
2025-09-12 20:09:54 [main] INFO  demoqaBase - Click on Elements|Web Tables|Registration Form...
🔹 Trying JS click on WebElement (attempt 1)
2025-09-12 20:09:54 [main] INFO  demoqaLog - 🔹 Trying JS click on WebElement (attempt 1)
🔹 Attempting JS click...
2025-09-12 20:09:54 [main] INFO  demoqaLog - 🔹 Attempting JS click...
2025-09-12 20:09:54 [main] ERROR demoqaBase - Registering User: Gene
2025-09-12 20:09:54 [main] INFO  demoqaBase - Click on Elements|Web Tables|Registration Form|FirstName...
2025-09-12 20:09:54 [main] INFO  demoqaBase - First Name entered is: Gene
2025-09-12 20:09:54 [main] INFO  demoqaBase - Click on Elements|Web Tables|Registration Form|LastName...
Last Name is: Femina
2025-09-12 20:09:54 [main] INFO  demoqaBase - Last Name entered is: Femina
2025-09-12 20:09:54 [main] INFO  demoqaBase - Click on Elements|Web Tables|Registration Form|Email...
Email ID is: GFemina@demoqa.com
2025-09-12 20:09:54 [main] INFO  demoqaBase - Email entered is: GFemina@demoqa.com
2025-09-12 20:09:54 [main] INFO  demoqaBase - Click on Elements|Web Tables|Registration Form|Age...
2025-09-12 20:09:54 [main] INFO  demoqaBase - Age entered is: 30
2025-09-12 20:09:54 [main] INFO  demoqaBase - Click on Elements|Web Tables|Registration Form|Salary...
2025-09-12 20:09:55 [main] INFO  demoqaBase - Salary entered is: 180000
2025-09-12 20:09:55 [main] INFO  demoqaBase - Click on Elements|Web Tables|Registration Form|Department...
2025-09-12 20:09:55 [main] INFO  demoqaBase - Department entered is: Finance
2025-09-12 20:09:55 [main] INFO  demoqaBase - Submitting Registration Form...
2025-09-12 20:09:55 [main] INFO  demoqaBase - Registration Form Submitted...
2025-09-12 20:09:55 [main] ERROR demoqaBase - Submitted to register user: Gene
2025-09-12 20:09:55 [main] INFO  demoqaBase - ✅ Test Elements|Web Tables|Registration Form Create User Completed...
]]></system-out>
  </testcase>
  <testcase name="webTableNewRegistration[WebTableUser{firstName=&apos;Bud&apos;, lastName=&apos;Wisem&apos;, email=&apos;BWisem@demoqa.com&apos;, salary=150000, age=400, department=&apos;Medicine&apos;}](3)" classname="tests.ElementsTests" time="4.717">
    <system-out><![CDATA[2025-09-12 20:09:55 [main] INFO  demoqaBase - Closing browser for test: webTableNewRegistration
2025-09-12 20:09:55 [main] INFO  DriverFactory - 🌐 Starting Chrome Web Browser...
2025-09-12 20:09:55 [main] INFO  DriverFactory - ✅ Created temporary Chrome profile at C:\Users\dell\AppData\Local\Temp\chrome-profile-7593899374797234700
2025-09-12 20:09:56 [main] INFO  DriverFactory - 🚀 WebDriver started successfully
2025-09-12 20:09:56 [main] INFO  RetryUrlAccess - Navigating to URL (attempt 1): https://demoqa.com
2025-09-12 20:10:30 [main] INFO  demoqaBase - 🧪 Starting Test Elements|Web Tables|Registration Form Create User...
Instance Variables Declared are: nullnull
2025-09-12 20:10:30 [main] INFO  demoqaBase - Accessing Elements Card...
2025-09-12 20:10:30 [main] INFO  demoqaLog - Clicking on Elements Card...
🔹 Trying JS click by locator (attempt 1)
2025-09-12 20:10:30 [main] INFO  demoqaLog - 🔹 Trying JS click by locator (attempt 1)
🔹 Attempting JS click...
2025-09-12 20:10:30 [main] INFO  demoqaLog - 🔹 Attempting JS click...
⚡ Falling back to native click by locator (attempt 1)
2025-09-12 20:10:30 [main] INFO  demoqaLog - ⚡ Falling back to native click by locator (attempt 1)
2025-09-12 20:10:30 [main] INFO  demoqaLog - Clicked on Elements Card...
Title of this Page is: DEMOQA
You are Accessing: Elements
 
Elements: Please select an item from left to start practice.
2025-09-12 20:10:30 [main] INFO  demoqaBase - Elements: Please select an item from left to start practice.
2025-09-12 20:10:30 [main] INFO  demoqaBase - Click on Elements|Web Tables...
2025-09-12 20:10:33 [main] INFO  demoqaBase - Click on Elements|Web Tables|Registration Form...
🔹 Trying JS click on WebElement (attempt 1)
2025-09-12 20:10:33 [main] INFO  demoqaLog - 🔹 Trying JS click on WebElement (attempt 1)
🔹 Attempting JS click...
2025-09-12 20:10:33 [main] INFO  demoqaLog - 🔹 Attempting JS click...
2025-09-12 20:10:34 [main] ERROR demoqaBase - Registering User: Bud
2025-09-12 20:10:34 [main] INFO  demoqaBase - Click on Elements|Web Tables|Registration Form|FirstName...
2025-09-12 20:10:34 [main] INFO  demoqaBase - First Name entered is: Bud
2025-09-12 20:10:34 [main] INFO  demoqaBase - Click on Elements|Web Tables|Registration Form|LastName...
Last Name is: Wisem
2025-09-12 20:10:34 [main] INFO  demoqaBase - Last Name entered is: Wisem
2025-09-12 20:10:34 [main] INFO  demoqaBase - Click on Elements|Web Tables|Registration Form|Email...
Email ID is: BWisem@demoqa.com
2025-09-12 20:10:34 [main] INFO  demoqaBase - Email entered is: BWisem@demoqa.com
2025-09-12 20:10:34 [main] INFO  demoqaBase - Click on Elements|Web Tables|Registration Form|Age...
2025-09-12 20:10:34 [main] INFO  demoqaBase - Age entered is: 40
2025-09-12 20:10:34 [main] INFO  demoqaBase - Click on Elements|Web Tables|Registration Form|Salary...
2025-09-12 20:10:34 [main] INFO  demoqaBase - Salary entered is: 150000
2025-09-12 20:10:34 [main] INFO  demoqaBase - Click on Elements|Web Tables|Registration Form|Department...
2025-09-12 20:10:35 [main] INFO  demoqaBase - Department entered is: Medicine
2025-09-12 20:10:35 [main] INFO  demoqaBase - Submitting Registration Form...
2025-09-12 20:10:35 [main] INFO  demoqaBase - Registration Form Submitted...
2025-09-12 20:10:35 [main] ERROR demoqaBase - Submitted to register user: Bud
2025-09-12 20:10:35 [main] INFO  demoqaBase - ✅ Test Elements|Web Tables|Registration Form Create User Completed...
]]></system-out>
  </testcase>
  <testcase name="webTableNewRegistration[WebTableUser{firstName=&apos;Tom&apos;, lastName=&apos;Boss&apos;, email=&apos;TBoss@demoqa.com&apos;, salary=190000, age=420, department=&apos;Recreation&apos;}](4)" classname="tests.ElementsTests" time="4.82">
    <system-out><![CDATA[2025-09-12 20:10:35 [main] INFO  demoqaBase - Closing browser for test: webTableNewRegistration
2025-09-12 20:10:35 [main] INFO  DriverFactory - 🌐 Starting Chrome Web Browser...
2025-09-12 20:10:35 [main] INFO  DriverFactory - ✅ Created temporary Chrome profile at C:\Users\dell\AppData\Local\Temp\chrome-profile-2180736978669356177
2025-09-12 20:10:36 [main] INFO  DriverFactory - 🚀 WebDriver started successfully
2025-09-12 20:10:36 [main] INFO  RetryUrlAccess - Navigating to URL (attempt 1): https://demoqa.com
2025-09-12 20:11:10 [main] INFO  demoqaBase - 🧪 Starting Test Elements|Web Tables|Registration Form Create User...
Instance Variables Declared are: nullnull
2025-09-12 20:11:10 [main] INFO  demoqaBase - Accessing Elements Card...
2025-09-12 20:11:10 [main] INFO  demoqaLog - Clicking on Elements Card...
🔹 Trying JS click by locator (attempt 1)
2025-09-12 20:11:10 [main] INFO  demoqaLog - 🔹 Trying JS click by locator (attempt 1)
🔹 Attempting JS click...
2025-09-12 20:11:10 [main] INFO  demoqaLog - 🔹 Attempting JS click...
⚡ Falling back to native click by locator (attempt 1)
2025-09-12 20:11:10 [main] INFO  demoqaLog - ⚡ Falling back to native click by locator (attempt 1)
2025-09-12 20:11:10 [main] INFO  demoqaLog - Clicked on Elements Card...
Title of this Page is: DEMOQA
You are Accessing: Elements
 
Elements: Please select an item from left to start practice.
2025-09-12 20:11:10 [main] INFO  demoqaBase - Elements: Please select an item from left to start practice.
2025-09-12 20:11:10 [main] INFO  demoqaBase - Click on Elements|Web Tables...
2025-09-12 20:11:13 [main] INFO  demoqaBase - Click on Elements|Web Tables|Registration Form...
🔹 Trying JS click on WebElement (attempt 1)
2025-09-12 20:11:13 [main] INFO  demoqaLog - 🔹 Trying JS click on WebElement (attempt 1)
🔹 Attempting JS click...
2025-09-12 20:11:13 [main] INFO  demoqaLog - 🔹 Attempting JS click...
2025-09-12 20:11:13 [main] ERROR demoqaBase - Registering User: Tom
2025-09-12 20:11:13 [main] INFO  demoqaBase - Click on Elements|Web Tables|Registration Form|FirstName...
2025-09-12 20:11:14 [main] INFO  demoqaBase - First Name entered is: Tom
2025-09-12 20:11:14 [main] INFO  demoqaBase - Click on Elements|Web Tables|Registration Form|LastName...
Last Name is: Boss
2025-09-12 20:11:14 [main] INFO  demoqaBase - Last Name entered is: Boss
2025-09-12 20:11:14 [main] INFO  demoqaBase - Click on Elements|Web Tables|Registration Form|Email...
Email ID is: TBoss@demoqa.com
2025-09-12 20:11:14 [main] INFO  demoqaBase - Email entered is: TBoss@demoqa.com
2025-09-12 20:11:14 [main] INFO  demoqaBase - Click on Elements|Web Tables|Registration Form|Age...
2025-09-12 20:11:14 [main] INFO  demoqaBase - Age entered is: 42
2025-09-12 20:11:14 [main] INFO  demoqaBase - Click on Elements|Web Tables|Registration Form|Salary...
2025-09-12 20:11:14 [main] INFO  demoqaBase - Salary entered is: 190000
2025-09-12 20:11:14 [main] INFO  demoqaBase - Click on Elements|Web Tables|Registration Form|Department...
2025-09-12 20:11:14 [main] INFO  demoqaBase - Department entered is: Recreation
2025-09-12 20:11:14 [main] INFO  demoqaBase - Submitting Registration Form...
2025-09-12 20:11:14 [main] INFO  demoqaBase - Registration Form Submitted...
2025-09-12 20:11:14 [main] ERROR demoqaBase - Submitted to register user: Tom
2025-09-12 20:11:15 [main] INFO  demoqaBase - ✅ Test Elements|Web Tables|Registration Form Create User Completed...
]]></system-out>
  </testcase>
  <testcase name="webTableAddSearch[WebTableUser{firstName=&apos;Johny&apos;, lastName=&apos;Bravo&apos;, email=&apos;Jbravo@demoqa.com&apos;, salary=280000, age=340, department=&apos;Information Technology&apos;}](1)" classname="tests.ElementsTests" time="5.162">
    <system-out><![CDATA[2025-09-12 20:11:15 [main] INFO  demoqaBase - Closing browser for test: webTableNewRegistration
🧾 Row 1: {Salary=28000.0, Email=Jbravo@demoqa.com, Address=511 Grant 481, Prattsville\n Arkansas 72129\n United States, First Name=Johny, Gender=Male, City=Delhi, Mobile=9.238343488E9, Hobbies=Sports,Music, Subject=Computer Science, Current Address=301 Town 481, Brookville\n kansas 42129\n United States, Department=Information Technology, DOB=15/08/2000, Picture=/TestData/Mphoto.jpg, State=NCR, Last Name=Bravo, Age=34.0}
🔍 Mapping field: firstName | Excel Column: First Name | Value: Johny
🔍 Mapping field: lastName | Excel Column: Last Name | Value: Bravo
🔍 Mapping field: email | Excel Column: Email | Value: Jbravo@demoqa.com
🔍 Mapping field: salary | Excel Column: Salary | Value: 28000.0
🔍 Mapping field: age | Excel Column: Age | Value: 34.0
🔍 Mapping field: department | Excel Column: Department | Value: Information Technology
🧾 Row 2: {Salary=18000.0, Email=GFemina@demoqa.com, Address=512 Grant 481, Prattsville\n Arkansas 72129\n United States, First Name=Gene, Gender=Female, City=Merrut, Mobile=1.888343432E9, Hobbies=Music,Reading, Subject=Accounting, Current Address=302 Town 481, Brookville\n kansas 42129\n United States, Department=Finance, DOB=22/05/2002, Picture=/TestData/Fphoto.png, State=Uttar Pradesh, Last Name=Femina, Age=30.0}
🔍 Mapping field: firstName | Excel Column: First Name | Value: Gene
🔍 Mapping field: lastName | Excel Column: Last Name | Value: Femina
🔍 Mapping field: email | Excel Column: Email | Value: GFemina@demoqa.com
🔍 Mapping field: salary | Excel Column: Salary | Value: 18000.0
🔍 Mapping field: age | Excel Column: Age | Value: 30.0
🔍 Mapping field: department | Excel Column: Department | Value: Finance
🧾 Row 3: {Salary=15000.0, Email=BWisem@demoqa.com, Address=513 Grant 481, Prattsville\n Arkansas 72129\n United States, First Name=Bud, Gender=Other, City=Panipat, Mobile=8.932465432E9, Hobbies=Reading, Subject=Biology, Current Address=303 Town 481, Brookville\n kansas 42129\n United States, Department=Medicine, DOB=31/12/1999, Picture=/TestData/Ophoto.jpg, State=Haryana, Last Name=Wisem, Age=40.0}
🔍 Mapping field: firstName | Excel Column: First Name | Value: Bud
🔍 Mapping field: lastName | Excel Column: Last Name | Value: Wisem
🔍 Mapping field: email | Excel Column: Email | Value: BWisem@demoqa.com
🔍 Mapping field: salary | Excel Column: Salary | Value: 15000.0
🔍 Mapping field: age | Excel Column: Age | Value: 40.0
🔍 Mapping field: department | Excel Column: Department | Value: Medicine
🧾 Row 4: {Salary=19000.0, Email=TBoss@demoqa.com, Address=514 Grant 481, Prattsville\n Arkansas 72129\n United States, First Name=Tom, Gender=Male, City=Jaiselmer, Mobile=7.839875281E9, Hobbies=Sports,Reading, Subject=Social Studies, Current Address=304 Town 481, Brookville\n kansas 42129\n United States, Department=Recreation, DOB=1/26/03, Picture=/TestData/M2photo.jpg, State=Rajasthan, Last Name=Boss, Age=42.0}
🔍 Mapping field: firstName | Excel Column: First Name | Value: Tom
🔍 Mapping field: lastName | Excel Column: Last Name | Value: Boss
🔍 Mapping field: email | Excel Column: Email | Value: TBoss@demoqa.com
🔍 Mapping field: salary | Excel Column: Salary | Value: 19000.0
🔍 Mapping field: age | Excel Column: Age | Value: 42.0
🔍 Mapping field: department | Excel Column: Department | Value: Recreation
2025-09-12 20:11:15 [main] INFO  DriverFactory - 🌐 Starting Chrome Web Browser...
2025-09-12 20:11:15 [main] INFO  DriverFactory - ✅ Created temporary Chrome profile at C:\Users\dell\AppData\Local\Temp\chrome-profile-65785705323987005
2025-09-12 20:11:16 [main] INFO  DriverFactory - 🚀 WebDriver started successfully
2025-09-12 20:11:16 [main] INFO  RetryUrlAccess - Navigating to URL (attempt 1): https://demoqa.com
2025-09-12 20:12:16 [main] WARN  RetryUrlAccess - Navigation attempt 1 failed: timeout: Timed out receiving message from renderer: 59.053
  (Session info: chrome=137.0.7151.120)
Build info: version: '4.35.0', revision: '1c58e5028b'
System info: os.name: 'Windows 11', os.arch: 'amd64', os.version: '10.0', java.version: '21.0.7'
Driver info: org.openqa.selenium.chrome.ChromeDriver
Command: [7d158d26cf82e4dfa93754debba6d5c3, get {url=https://demoqa.com}]
Capabilities {acceptInsecureCerts: false, browserName: chrome, browserVersion: 137.0.7151.120, chrome: {chromedriverVersion: 137.0.7151.119 (e0ac9d12dff..., userDataDir: C:\Users\dell\AppData\Local...}, fedcm:accounts: true, goog:chromeOptions: {debuggerAddress: localhost:55231}, networkConnectionEnabled: false, pageLoadStrategy: normal, platformName: windows, proxy: Proxy(), se:cdp: ws://localhost:55231/devtoo..., se:cdpVersion: 137.0.7151.120, setWindowRect: true, strictFileInteractability: false, timeouts: {implicit: 0, pageLoad: 300000, script: 30000}, unhandledPromptBehavior: dismiss and notify, webauthn:extension:credBlob: true, webauthn:extension:largeBlob: true, webauthn:extension:minPinLength: true, webauthn:extension:prf: true, webauthn:virtualAuthenticators: true}
Session ID: 7d158d26cf82e4dfa93754debba6d5c3
2025-09-12 20:12:19 [main] INFO  RetryUrlAccess - Navigating to URL (attempt 2): https://demoqa.com
2025-09-12 20:12:20 [main] INFO  demoqaBase - 🧪 Starting Test Registration Form Add & Search...
Instance Variables Declared are: nullnull
2025-09-12 20:12:20 [main] INFO  demoqaBase - Accessing Elements Card...
2025-09-12 20:12:20 [main] INFO  demoqaLog - Clicking on Elements Card...
🔹 Trying JS click by locator (attempt 1)
2025-09-12 20:12:20 [main] INFO  demoqaLog - 🔹 Trying JS click by locator (attempt 1)
🔹 Attempting JS click...
2025-09-12 20:12:20 [main] INFO  demoqaLog - 🔹 Attempting JS click...
⚡ Falling back to native click by locator (attempt 1)
2025-09-12 20:12:20 [main] INFO  demoqaLog - ⚡ Falling back to native click by locator (attempt 1)
2025-09-12 20:12:20 [main] INFO  demoqaLog - Clicked on Elements Card...
Title of this Page is: DEMOQA
You are Accessing: Elements
 
Elements: Please select an item from left to start practice.
2025-09-12 20:12:20 [main] INFO  demoqaBase - Elements: Please select an item from left to start practice.
2025-09-12 20:12:20 [main] INFO  demoqaBase - Click on Elements|Web Tables...
2025-09-12 20:12:23 [main] INFO  demoqaBase - Click on Elements|Web Tables|Registration Form...
🔹 Trying JS click on WebElement (attempt 1)
2025-09-12 20:12:23 [main] INFO  demoqaLog - 🔹 Trying JS click on WebElement (attempt 1)
🔹 Attempting JS click...
2025-09-12 20:12:23 [main] INFO  demoqaLog - 🔹 Attempting JS click...
2025-09-12 20:12:23 [main] ERROR demoqaBase - Registering User: Johny
2025-09-12 20:12:23 [main] INFO  demoqaBase - Click on Elements|Web Tables|Registration Form|FirstName...
2025-09-12 20:12:23 [main] INFO  demoqaBase - First Name entered is: Johny
2025-09-12 20:12:23 [main] INFO  demoqaBase - Click on Elements|Web Tables|Registration Form|LastName...
Last Name is: Bravo
2025-09-12 20:12:24 [main] INFO  demoqaBase - Last Name entered is: Bravo
2025-09-12 20:12:24 [main] INFO  demoqaBase - Click on Elements|Web Tables|Registration Form|Email...
Email ID is: Jbravo@demoqa.com
2025-09-12 20:12:24 [main] INFO  demoqaBase - Email entered is: Jbravo@demoqa.com
2025-09-12 20:12:24 [main] INFO  demoqaBase - Click on Elements|Web Tables|Registration Form|Age...
2025-09-12 20:12:24 [main] INFO  demoqaBase - Age entered is: 34
2025-09-12 20:12:24 [main] INFO  demoqaBase - Click on Elements|Web Tables|Registration Form|Salary...
2025-09-12 20:12:24 [main] INFO  demoqaBase - Salary entered is: 280000
2025-09-12 20:12:24 [main] INFO  demoqaBase - Click on Elements|Web Tables|Registration Form|Department...
2025-09-12 20:12:24 [main] INFO  demoqaBase - Department entered is: Information Technology
2025-09-12 20:12:24 [main] INFO  demoqaBase - Submitting Registration Form...
2025-09-12 20:12:24 [main] INFO  demoqaBase - Registration Form Submitted...
2025-09-12 20:12:24 [main] ERROR demoqaBase - Submitted to register user: Johny
2025-09-12 20:12:24 [main] INFO  demoqaBase - Searching by First Name...
2025-09-12 20:12:25 [main] INFO  demoqaBase - ✅ Test for Registration Form Add & Search Completed...
]]></system-out>
  </testcase>
  <testcase name="webTableAddEditFirstName[WebTableUser{firstName=&apos;Tonny&apos;, lastName=&apos;Bravo&apos;, email=&apos;Jbravo@demoqa.com&apos;, salary=280000, age=340, department=&apos;Information Technology&apos;}](1)" classname="tests.ElementsTests" time="6.344">
    <system-out><![CDATA[2025-09-12 20:12:25 [main] INFO  demoqaBase - Closing browser for test: webTableAddSearch
🧾 Row 1: {Salary=28000.0, Email=Jbravo@demoqa.com, Address=511 Grant 481, Prattsville\n Arkansas 72129\n United States, First Name=Johny, Gender=Male, City=Delhi, Mobile=9.238343488E9, Hobbies=Sports,Music, Subject=Computer Science, Current Address=301 Town 481, Brookville\n kansas 42129\n United States, Department=Information Technology, DOB=15/08/2000, Picture=/TestData/Mphoto.jpg, State=NCR, Last Name=Bravo, Age=34.0}
🔍 Mapping field: firstName | Excel Column: First Name | Value: Johny
🔍 Mapping field: lastName | Excel Column: Last Name | Value: Bravo
🔍 Mapping field: email | Excel Column: Email | Value: Jbravo@demoqa.com
🔍 Mapping field: salary | Excel Column: Salary | Value: 28000.0
🔍 Mapping field: age | Excel Column: Age | Value: 34.0
🔍 Mapping field: department | Excel Column: Department | Value: Information Technology
🧾 Row 2: {Salary=18000.0, Email=GFemina@demoqa.com, Address=512 Grant 481, Prattsville\n Arkansas 72129\n United States, First Name=Gene, Gender=Female, City=Merrut, Mobile=1.888343432E9, Hobbies=Music,Reading, Subject=Accounting, Current Address=302 Town 481, Brookville\n kansas 42129\n United States, Department=Finance, DOB=22/05/2002, Picture=/TestData/Fphoto.png, State=Uttar Pradesh, Last Name=Femina, Age=30.0}
🔍 Mapping field: firstName | Excel Column: First Name | Value: Gene
🔍 Mapping field: lastName | Excel Column: Last Name | Value: Femina
🔍 Mapping field: email | Excel Column: Email | Value: GFemina@demoqa.com
🔍 Mapping field: salary | Excel Column: Salary | Value: 18000.0
🔍 Mapping field: age | Excel Column: Age | Value: 30.0
🔍 Mapping field: department | Excel Column: Department | Value: Finance
🧾 Row 3: {Salary=15000.0, Email=BWisem@demoqa.com, Address=513 Grant 481, Prattsville\n Arkansas 72129\n United States, First Name=Bud, Gender=Other, City=Panipat, Mobile=8.932465432E9, Hobbies=Reading, Subject=Biology, Current Address=303 Town 481, Brookville\n kansas 42129\n United States, Department=Medicine, DOB=31/12/1999, Picture=/TestData/Ophoto.jpg, State=Haryana, Last Name=Wisem, Age=40.0}
🔍 Mapping field: firstName | Excel Column: First Name | Value: Bud
🔍 Mapping field: lastName | Excel Column: Last Name | Value: Wisem
🔍 Mapping field: email | Excel Column: Email | Value: BWisem@demoqa.com
🔍 Mapping field: salary | Excel Column: Salary | Value: 15000.0
🔍 Mapping field: age | Excel Column: Age | Value: 40.0
🔍 Mapping field: department | Excel Column: Department | Value: Medicine
🧾 Row 4: {Salary=19000.0, Email=TBoss@demoqa.com, Address=514 Grant 481, Prattsville\n Arkansas 72129\n United States, First Name=Tom, Gender=Male, City=Jaiselmer, Mobile=7.839875281E9, Hobbies=Sports,Reading, Subject=Social Studies, Current Address=304 Town 481, Brookville\n kansas 42129\n United States, Department=Recreation, DOB=1/26/03, Picture=/TestData/M2photo.jpg, State=Rajasthan, Last Name=Boss, Age=42.0}
🔍 Mapping field: firstName | Excel Column: First Name | Value: Tom
🔍 Mapping field: lastName | Excel Column: Last Name | Value: Boss
🔍 Mapping field: email | Excel Column: Email | Value: TBoss@demoqa.com
🔍 Mapping field: salary | Excel Column: Salary | Value: 19000.0
🔍 Mapping field: age | Excel Column: Age | Value: 42.0
🔍 Mapping field: department | Excel Column: Department | Value: Recreation
2025-09-12 20:12:25 [main] INFO  DriverFactory - 🌐 Starting Chrome Web Browser...
2025-09-12 20:12:25 [main] INFO  DriverFactory - ✅ Created temporary Chrome profile at C:\Users\dell\AppData\Local\Temp\chrome-profile-6997845469336207980
2025-09-12 20:12:26 [main] INFO  DriverFactory - 🚀 WebDriver started successfully
2025-09-12 20:12:26 [main] INFO  RetryUrlAccess - Navigating to URL (attempt 1): https://demoqa.com
2025-09-12 20:13:26 [main] WARN  RetryUrlAccess - Navigation attempt 1 failed: timeout: Timed out receiving message from renderer: 59.023
  (Session info: chrome=137.0.7151.120)
Build info: version: '4.35.0', revision: '1c58e5028b'
System info: os.name: 'Windows 11', os.arch: 'amd64', os.version: '10.0', java.version: '21.0.7'
Driver info: org.openqa.selenium.chrome.ChromeDriver
Command: [1613c99e9e41fb73b53694267514778e, get {url=https://demoqa.com}]
Capabilities {acceptInsecureCerts: false, browserName: chrome, browserVersion: 137.0.7151.120, chrome: {chromedriverVersion: 137.0.7151.119 (e0ac9d12dff..., userDataDir: C:\Users\dell\AppData\Local...}, fedcm:accounts: true, goog:chromeOptions: {debuggerAddress: localhost:55455}, networkConnectionEnabled: false, pageLoadStrategy: normal, platformName: windows, proxy: Proxy(), se:cdp: ws://localhost:55455/devtoo..., se:cdpVersion: 137.0.7151.120, setWindowRect: true, strictFileInteractability: false, timeouts: {implicit: 0, pageLoad: 300000, script: 30000}, unhandledPromptBehavior: dismiss and notify, webauthn:extension:credBlob: true, webauthn:extension:largeBlob: true, webauthn:extension:minPinLength: true, webauthn:extension:prf: true, webauthn:virtualAuthenticators: true}
Session ID: 1613c99e9e41fb73b53694267514778e
2025-09-12 20:13:29 [main] INFO  RetryUrlAccess - Navigating to URL (attempt 2): https://demoqa.com
2025-09-12 20:13:30 [main] INFO  demoqaBase - 🧪 Starting Test Registration Form Modify First Name...
Instance Variables Declared are: nullnull
2025-09-12 20:13:30 [main] INFO  demoqaBase - Accessing Elements Card...
2025-09-12 20:13:30 [main] INFO  demoqaLog - Clicking on Elements Card...
🔹 Trying JS click by locator (attempt 1)
2025-09-12 20:13:30 [main] INFO  demoqaLog - 🔹 Trying JS click by locator (attempt 1)
🔹 Attempting JS click...
2025-09-12 20:13:30 [main] INFO  demoqaLog - 🔹 Attempting JS click...
⚡ Falling back to native click by locator (attempt 1)
2025-09-12 20:13:30 [main] INFO  demoqaLog - ⚡ Falling back to native click by locator (attempt 1)
2025-09-12 20:13:30 [main] INFO  demoqaLog - Clicked on Elements Card...
Title of this Page is: DEMOQA
You are Accessing: Elements
 
Elements: Please select an item from left to start practice.
2025-09-12 20:13:30 [main] INFO  demoqaBase - Elements: Please select an item from left to start practice.
2025-09-12 20:13:30 [main] INFO  demoqaBase - Click on Elements|Web Tables...
2025-09-12 20:13:33 [main] INFO  demoqaBase - Click on Elements|Web Tables|Registration Form...
🔹 Trying JS click on WebElement (attempt 1)
2025-09-12 20:13:33 [main] INFO  demoqaLog - 🔹 Trying JS click on WebElement (attempt 1)
🔹 Attempting JS click...
2025-09-12 20:13:33 [main] INFO  demoqaLog - 🔹 Attempting JS click...
2025-09-12 20:13:33 [main] ERROR demoqaBase - Registering User: Johny
2025-09-12 20:13:33 [main] INFO  demoqaBase - Click on Elements|Web Tables|Registration Form|FirstName...
2025-09-12 20:13:34 [main] INFO  demoqaBase - First Name entered is: Johny
2025-09-12 20:13:34 [main] INFO  demoqaBase - Click on Elements|Web Tables|Registration Form|LastName...
Last Name is: Bravo
2025-09-12 20:13:34 [main] INFO  demoqaBase - Last Name entered is: Bravo
2025-09-12 20:13:34 [main] INFO  demoqaBase - Click on Elements|Web Tables|Registration Form|Email...
Email ID is: Jbravo@demoqa.com
2025-09-12 20:13:34 [main] INFO  demoqaBase - Email entered is: Jbravo@demoqa.com
2025-09-12 20:13:34 [main] INFO  demoqaBase - Click on Elements|Web Tables|Registration Form|Age...
2025-09-12 20:13:34 [main] INFO  demoqaBase - Age entered is: 34
2025-09-12 20:13:34 [main] INFO  demoqaBase - Click on Elements|Web Tables|Registration Form|Salary...
2025-09-12 20:13:34 [main] INFO  demoqaBase - Salary entered is: 280000
2025-09-12 20:13:34 [main] INFO  demoqaBase - Click on Elements|Web Tables|Registration Form|Department...
2025-09-12 20:13:34 [main] INFO  demoqaBase - Department entered is: Information Technology
2025-09-12 20:13:34 [main] INFO  demoqaBase - Submitting Registration Form...
2025-09-12 20:13:35 [main] INFO  demoqaBase - Registration Form Submitted...
2025-09-12 20:13:35 [main] ERROR demoqaBase - Submitted to register user: Johny
2025-09-12 20:13:35 [main] INFO  demoqaBase - Modifying First Name of the user...
2025-09-12 20:13:36 [main] INFO  demoqaBase - ✅ Test Registration Form Modify First Name Completed Successfully...
]]></system-out>
  </testcase>
  <testcase name="webTableAddSearchEdit[WebTableUser{firstName=&apos;Tonny&apos;, lastName=&apos;Bravo&apos;, email=&apos;Jbravo@demoqa.com&apos;, salary=280000, age=340, department=&apos;Information Technology&apos;}](1)" classname="tests.ElementsTests" time="6.572">
    <system-out><![CDATA[2025-09-12 20:13:36 [main] INFO  demoqaBase - Closing browser for test: webTableAddEditFirstName
🧾 Row 1: {Salary=28000.0, Email=Jbravo@demoqa.com, Address=511 Grant 481, Prattsville\n Arkansas 72129\n United States, First Name=Johny, Gender=Male, City=Delhi, Mobile=9.238343488E9, Hobbies=Sports,Music, Subject=Computer Science, Current Address=301 Town 481, Brookville\n kansas 42129\n United States, Department=Information Technology, DOB=15/08/2000, Picture=/TestData/Mphoto.jpg, State=NCR, Last Name=Bravo, Age=34.0}
🔍 Mapping field: firstName | Excel Column: First Name | Value: Johny
🔍 Mapping field: lastName | Excel Column: Last Name | Value: Bravo
🔍 Mapping field: email | Excel Column: Email | Value: Jbravo@demoqa.com
🔍 Mapping field: salary | Excel Column: Salary | Value: 28000.0
🔍 Mapping field: age | Excel Column: Age | Value: 34.0
🔍 Mapping field: department | Excel Column: Department | Value: Information Technology
🧾 Row 2: {Salary=18000.0, Email=GFemina@demoqa.com, Address=512 Grant 481, Prattsville\n Arkansas 72129\n United States, First Name=Gene, Gender=Female, City=Merrut, Mobile=1.888343432E9, Hobbies=Music,Reading, Subject=Accounting, Current Address=302 Town 481, Brookville\n kansas 42129\n United States, Department=Finance, DOB=22/05/2002, Picture=/TestData/Fphoto.png, State=Uttar Pradesh, Last Name=Femina, Age=30.0}
🔍 Mapping field: firstName | Excel Column: First Name | Value: Gene
🔍 Mapping field: lastName | Excel Column: Last Name | Value: Femina
🔍 Mapping field: email | Excel Column: Email | Value: GFemina@demoqa.com
🔍 Mapping field: salary | Excel Column: Salary | Value: 18000.0
🔍 Mapping field: age | Excel Column: Age | Value: 30.0
🔍 Mapping field: department | Excel Column: Department | Value: Finance
🧾 Row 3: {Salary=15000.0, Email=BWisem@demoqa.com, Address=513 Grant 481, Prattsville\n Arkansas 72129\n United States, First Name=Bud, Gender=Other, City=Panipat, Mobile=8.932465432E9, Hobbies=Reading, Subject=Biology, Current Address=303 Town 481, Brookville\n kansas 42129\n United States, Department=Medicine, DOB=31/12/1999, Picture=/TestData/Ophoto.jpg, State=Haryana, Last Name=Wisem, Age=40.0}
🔍 Mapping field: firstName | Excel Column: First Name | Value: Bud
🔍 Mapping field: lastName | Excel Column: Last Name | Value: Wisem
🔍 Mapping field: email | Excel Column: Email | Value: BWisem@demoqa.com
🔍 Mapping field: salary | Excel Column: Salary | Value: 15000.0
🔍 Mapping field: age | Excel Column: Age | Value: 40.0
🔍 Mapping field: department | Excel Column: Department | Value: Medicine
🧾 Row 4: {Salary=19000.0, Email=TBoss@demoqa.com, Address=514 Grant 481, Prattsville\n Arkansas 72129\n United States, First Name=Tom, Gender=Male, City=Jaiselmer, Mobile=7.839875281E9, Hobbies=Sports,Reading, Subject=Social Studies, Current Address=304 Town 481, Brookville\n kansas 42129\n United States, Department=Recreation, DOB=1/26/03, Picture=/TestData/M2photo.jpg, State=Rajasthan, Last Name=Boss, Age=42.0}
🔍 Mapping field: firstName | Excel Column: First Name | Value: Tom
🔍 Mapping field: lastName | Excel Column: Last Name | Value: Boss
🔍 Mapping field: email | Excel Column: Email | Value: TBoss@demoqa.com
🔍 Mapping field: salary | Excel Column: Salary | Value: 19000.0
🔍 Mapping field: age | Excel Column: Age | Value: 42.0
🔍 Mapping field: department | Excel Column: Department | Value: Recreation
2025-09-12 20:13:36 [main] INFO  DriverFactory - 🌐 Starting Chrome Web Browser...
2025-09-12 20:13:36 [main] INFO  DriverFactory - ✅ Created temporary Chrome profile at C:\Users\dell\AppData\Local\Temp\chrome-profile-7545600026896531995
2025-09-12 20:13:37 [main] INFO  DriverFactory - 🚀 WebDriver started successfully
2025-09-12 20:13:37 [main] INFO  RetryUrlAccess - Navigating to URL (attempt 1): https://demoqa.com
2025-09-12 20:14:11 [main] INFO  demoqaBase - 🧪 Starting Test Registration Form Search & Modify First Name...
Instance Variables Declared are: nullnull
2025-09-12 20:14:11 [main] INFO  demoqaBase - Accessing Elements Card...
2025-09-12 20:14:11 [main] INFO  demoqaLog - Clicking on Elements Card...
🔹 Trying JS click by locator (attempt 1)
2025-09-12 20:14:12 [main] INFO  demoqaLog - 🔹 Trying JS click by locator (attempt 1)
🔹 Attempting JS click...
2025-09-12 20:14:12 [main] INFO  demoqaLog - 🔹 Attempting JS click...
⚡ Falling back to native click by locator (attempt 1)
2025-09-12 20:14:12 [main] INFO  demoqaLog - ⚡ Falling back to native click by locator (attempt 1)
2025-09-12 20:14:12 [main] INFO  demoqaLog - Clicked on Elements Card...
Title of this Page is: DEMOQA
You are Accessing: Elements
 
Elements: Please select an item from left to start practice.
2025-09-12 20:14:12 [main] INFO  demoqaBase - Elements: Please select an item from left to start practice.
2025-09-12 20:14:12 [main] INFO  demoqaBase - Click on Elements|Web Tables...
2025-09-12 20:14:15 [main] INFO  demoqaBase - Click on Elements|Web Tables|Registration Form...
🔹 Trying JS click on WebElement (attempt 1)
2025-09-12 20:14:15 [main] INFO  demoqaLog - 🔹 Trying JS click on WebElement (attempt 1)
🔹 Attempting JS click...
2025-09-12 20:14:15 [main] INFO  demoqaLog - 🔹 Attempting JS click...
2025-09-12 20:14:15 [main] ERROR demoqaBase - Registering User: Johny
2025-09-12 20:14:15 [main] INFO  demoqaBase - Click on Elements|Web Tables|Registration Form|FirstName...
2025-09-12 20:14:15 [main] INFO  demoqaBase - First Name entered is: Johny
2025-09-12 20:14:15 [main] INFO  demoqaBase - Click on Elements|Web Tables|Registration Form|LastName...
Last Name is: Bravo
2025-09-12 20:14:15 [main] INFO  demoqaBase - Last Name entered is: Bravo
2025-09-12 20:14:15 [main] INFO  demoqaBase - Click on Elements|Web Tables|Registration Form|Email...
Email ID is: Jbravo@demoqa.com
2025-09-12 20:14:16 [main] INFO  demoqaBase - Email entered is: Jbravo@demoqa.com
2025-09-12 20:14:16 [main] INFO  demoqaBase - Click on Elements|Web Tables|Registration Form|Age...
2025-09-12 20:14:16 [main] INFO  demoqaBase - Age entered is: 34
2025-09-12 20:14:16 [main] INFO  demoqaBase - Click on Elements|Web Tables|Registration Form|Salary...
2025-09-12 20:14:16 [main] INFO  demoqaBase - Salary entered is: 280000
2025-09-12 20:14:16 [main] INFO  demoqaBase - Click on Elements|Web Tables|Registration Form|Department...
2025-09-12 20:14:16 [main] INFO  demoqaBase - Department entered is: Information Technology
2025-09-12 20:14:16 [main] INFO  demoqaBase - Submitting Registration Form...
2025-09-12 20:14:16 [main] INFO  demoqaBase - Registration Form Submitted...
2025-09-12 20:14:16 [main] ERROR demoqaBase - Submitted to register user: Johny
2025-09-12 20:14:17 [main] INFO  demoqaBase - Modifying First Name of the user...
2025-09-12 20:14:18 [main] INFO  demoqaBase - Updated First Name is: Tonny
2025-09-12 20:14:18 [main] INFO  demoqaBase - ✅ Test Registration Form Search & Modify First Name Completed Successfully...
]]></system-out>
  </testcase>
  <testcase name="webTableDeleteUser[WebTableUser{firstName=&apos;Johny&apos;, lastName=&apos;Bravo&apos;, email=&apos;Jbravo@demoqa.com&apos;, salary=280000, age=340, department=&apos;Information Technology&apos;}](1)" classname="tests.ElementsTests" time="5.104">
    <system-out><![CDATA[2025-09-12 20:14:18 [main] INFO  demoqaBase - Closing browser for test: webTableAddSearchEdit
🧾 Row 1: {Salary=28000.0, Email=Jbravo@demoqa.com, Address=511 Grant 481, Prattsville\n Arkansas 72129\n United States, First Name=Johny, Gender=Male, City=Delhi, Mobile=9.238343488E9, Hobbies=Sports,Music, Subject=Computer Science, Current Address=301 Town 481, Brookville\n kansas 42129\n United States, Department=Information Technology, DOB=15/08/2000, Picture=/TestData/Mphoto.jpg, State=NCR, Last Name=Bravo, Age=34.0}
🔍 Mapping field: firstName | Excel Column: First Name | Value: Johny
🔍 Mapping field: lastName | Excel Column: Last Name | Value: Bravo
🔍 Mapping field: email | Excel Column: Email | Value: Jbravo@demoqa.com
🔍 Mapping field: salary | Excel Column: Salary | Value: 28000.0
🔍 Mapping field: age | Excel Column: Age | Value: 34.0
🔍 Mapping field: department | Excel Column: Department | Value: Information Technology
🧾 Row 2: {Salary=18000.0, Email=GFemina@demoqa.com, Address=512 Grant 481, Prattsville\n Arkansas 72129\n United States, First Name=Gene, Gender=Female, City=Merrut, Mobile=1.888343432E9, Hobbies=Music,Reading, Subject=Accounting, Current Address=302 Town 481, Brookville\n kansas 42129\n United States, Department=Finance, DOB=22/05/2002, Picture=/TestData/Fphoto.png, State=Uttar Pradesh, Last Name=Femina, Age=30.0}
🔍 Mapping field: firstName | Excel Column: First Name | Value: Gene
🔍 Mapping field: lastName | Excel Column: Last Name | Value: Femina
🔍 Mapping field: email | Excel Column: Email | Value: GFemina@demoqa.com
🔍 Mapping field: salary | Excel Column: Salary | Value: 18000.0
🔍 Mapping field: age | Excel Column: Age | Value: 30.0
🔍 Mapping field: department | Excel Column: Department | Value: Finance
🧾 Row 3: {Salary=15000.0, Email=BWisem@demoqa.com, Address=513 Grant 481, Prattsville\n Arkansas 72129\n United States, First Name=Bud, Gender=Other, City=Panipat, Mobile=8.932465432E9, Hobbies=Reading, Subject=Biology, Current Address=303 Town 481, Brookville\n kansas 42129\n United States, Department=Medicine, DOB=31/12/1999, Picture=/TestData/Ophoto.jpg, State=Haryana, Last Name=Wisem, Age=40.0}
🔍 Mapping field: firstName | Excel Column: First Name | Value: Bud
🔍 Mapping field: lastName | Excel Column: Last Name | Value: Wisem
🔍 Mapping field: email | Excel Column: Email | Value: BWisem@demoqa.com
🔍 Mapping field: salary | Excel Column: Salary | Value: 15000.0
🔍 Mapping field: age | Excel Column: Age | Value: 40.0
🔍 Mapping field: department | Excel Column: Department | Value: Medicine
🧾 Row 4: {Salary=19000.0, Email=TBoss@demoqa.com, Address=514 Grant 481, Prattsville\n Arkansas 72129\n United States, First Name=Tom, Gender=Male, City=Jaiselmer, Mobile=7.839875281E9, Hobbies=Sports,Reading, Subject=Social Studies, Current Address=304 Town 481, Brookville\n kansas 42129\n United States, Department=Recreation, DOB=1/26/03, Picture=/TestData/M2photo.jpg, State=Rajasthan, Last Name=Boss, Age=42.0}
🔍 Mapping field: firstName | Excel Column: First Name | Value: Tom
🔍 Mapping field: lastName | Excel Column: Last Name | Value: Boss
🔍 Mapping field: email | Excel Column: Email | Value: TBoss@demoqa.com
🔍 Mapping field: salary | Excel Column: Salary | Value: 19000.0
🔍 Mapping field: age | Excel Column: Age | Value: 42.0
🔍 Mapping field: department | Excel Column: Department | Value: Recreation
2025-09-12 20:14:18 [main] INFO  DriverFactory - 🌐 Starting Chrome Web Browser...
2025-09-12 20:14:18 [main] INFO  DriverFactory - ✅ Created temporary Chrome profile at C:\Users\dell\AppData\Local\Temp\chrome-profile-6684190534662067789
2025-09-12 20:14:19 [main] INFO  DriverFactory - 🚀 WebDriver started successfully
2025-09-12 20:14:19 [main] INFO  RetryUrlAccess - Navigating to URL (attempt 1): https://demoqa.com
2025-09-12 20:15:19 [main] WARN  RetryUrlAccess - Navigation attempt 1 failed: timeout: Timed out receiving message from renderer: 59.037
  (Session info: chrome=137.0.7151.120)
Build info: version: '4.35.0', revision: '1c58e5028b'
System info: os.name: 'Windows 11', os.arch: 'amd64', os.version: '10.0', java.version: '21.0.7'
Driver info: org.openqa.selenium.chrome.ChromeDriver
Command: [607f0d5422d06b685e91040a9cdb68c0, get {url=https://demoqa.com}]
Capabilities {acceptInsecureCerts: false, browserName: chrome, browserVersion: 137.0.7151.120, chrome: {chromedriverVersion: 137.0.7151.119 (e0ac9d12dff..., userDataDir: C:\Users\dell\AppData\Local...}, fedcm:accounts: true, goog:chromeOptions: {debuggerAddress: localhost:55917}, networkConnectionEnabled: false, pageLoadStrategy: normal, platformName: windows, proxy: Proxy(), se:cdp: ws://localhost:55917/devtoo..., se:cdpVersion: 137.0.7151.120, setWindowRect: true, strictFileInteractability: false, timeouts: {implicit: 0, pageLoad: 300000, script: 30000}, unhandledPromptBehavior: dismiss and notify, webauthn:extension:credBlob: true, webauthn:extension:largeBlob: true, webauthn:extension:minPinLength: true, webauthn:extension:prf: true, webauthn:virtualAuthenticators: true}
Session ID: 607f0d5422d06b685e91040a9cdb68c0
2025-09-12 20:15:22 [main] INFO  RetryUrlAccess - Navigating to URL (attempt 2): https://demoqa.com
2025-09-12 20:15:23 [main] INFO  demoqaBase - 🧪 Starting Test for Deleting User from Web Table...
Instance Variables Declared are: nullnull
2025-09-12 20:15:23 [main] INFO  demoqaBase - Accessing Elements Card...
2025-09-12 20:15:23 [main] INFO  demoqaLog - Clicking on Elements Card...
🔹 Trying JS click by locator (attempt 1)
2025-09-12 20:15:23 [main] INFO  demoqaLog - 🔹 Trying JS click by locator (attempt 1)
🔹 Attempting JS click...
2025-09-12 20:15:23 [main] INFO  demoqaLog - 🔹 Attempting JS click...
⚡ Falling back to native click by locator (attempt 1)
2025-09-12 20:15:23 [main] INFO  demoqaLog - ⚡ Falling back to native click by locator (attempt 1)
2025-09-12 20:15:23 [main] INFO  demoqaLog - Clicked on Elements Card...
Title of this Page is: DEMOQA
You are Accessing: Elements
 
Elements: Please select an item from left to start practice.
2025-09-12 20:15:23 [main] INFO  demoqaBase - Elements: Please select an item from left to start practice.
2025-09-12 20:15:23 [main] INFO  demoqaBase - Click on Elements|Web Tables...
2025-09-12 20:15:27 [main] INFO  demoqaBase - Click on Elements|Web Tables|Registration Form...
🔹 Trying JS click on WebElement (attempt 1)
2025-09-12 20:15:27 [main] INFO  demoqaLog - 🔹 Trying JS click on WebElement (attempt 1)
🔹 Attempting JS click...
2025-09-12 20:15:27 [main] INFO  demoqaLog - 🔹 Attempting JS click...
2025-09-12 20:15:27 [main] ERROR demoqaBase - Registering User: Johny
2025-09-12 20:15:27 [main] INFO  demoqaBase - Click on Elements|Web Tables|Registration Form|FirstName...
2025-09-12 20:15:27 [main] INFO  demoqaBase - First Name entered is: Johny
2025-09-12 20:15:27 [main] INFO  demoqaBase - Click on Elements|Web Tables|Registration Form|LastName...
Last Name is: Bravo
2025-09-12 20:15:27 [main] INFO  demoqaBase - Last Name entered is: Bravo
2025-09-12 20:15:27 [main] INFO  demoqaBase - Click on Elements|Web Tables|Registration Form|Email...
Email ID is: Jbravo@demoqa.com
2025-09-12 20:15:27 [main] INFO  demoqaBase - Email entered is: Jbravo@demoqa.com
2025-09-12 20:15:27 [main] INFO  demoqaBase - Click on Elements|Web Tables|Registration Form|Age...
2025-09-12 20:15:27 [main] INFO  demoqaBase - Age entered is: 34
2025-09-12 20:15:27 [main] INFO  demoqaBase - Click on Elements|Web Tables|Registration Form|Salary...
2025-09-12 20:15:28 [main] INFO  demoqaBase - Salary entered is: 280000
2025-09-12 20:15:28 [main] INFO  demoqaBase - Click on Elements|Web Tables|Registration Form|Department...
2025-09-12 20:15:28 [main] INFO  demoqaBase - Department entered is: Information Technology
2025-09-12 20:15:28 [main] INFO  demoqaBase - Submitting Registration Form...
2025-09-12 20:15:28 [main] INFO  demoqaBase - Registration Form Submitted...
2025-09-12 20:15:28 [main] ERROR demoqaBase - Submitted to register user: Johny
2025-09-12 20:15:28 [main] INFO  demoqaBase - Deleting User from Webtable: Johny
2025-09-12 20:15:28 [main] INFO  demoqaBase - ✅ Test for Deleting User from Web Table Completed Successfully...
]]></system-out>
  </testcase>
  <testcase name="testAddAllUsersFromExcel" classname="tests.ElementsTests" time="8.645">
    <system-out><![CDATA[2025-09-12 20:15:28 [main] INFO  demoqaBase - Closing browser for test: webTableDeleteUser
2025-09-12 20:15:28 [main] INFO  DriverFactory - 🌐 Starting Chrome Web Browser...
2025-09-12 20:15:28 [main] INFO  DriverFactory - ✅ Created temporary Chrome profile at C:\Users\dell\AppData\Local\Temp\chrome-profile-12905211674968737257
2025-09-12 20:15:29 [main] INFO  DriverFactory - 🚀 WebDriver started successfully
2025-09-12 20:15:29 [main] INFO  RetryUrlAccess - Navigating to URL (attempt 1): https://demoqa.com
Instance Variables Declared are: nullnull
2025-09-12 20:16:14 [main] INFO  demoqaBase - Accessing Elements Card...
2025-09-12 20:16:14 [main] INFO  demoqaLog - Clicking on Elements Card...
🔹 Trying JS click by locator (attempt 1)
2025-09-12 20:16:14 [main] INFO  demoqaLog - 🔹 Trying JS click by locator (attempt 1)
🔹 Attempting JS click...
2025-09-12 20:16:14 [main] INFO  demoqaLog - 🔹 Attempting JS click...
⚡ Falling back to native click by locator (attempt 1)
2025-09-12 20:16:15 [main] INFO  demoqaLog - ⚡ Falling back to native click by locator (attempt 1)
2025-09-12 20:16:15 [main] INFO  demoqaLog - Clicked on Elements Card...
Title of this Page is: DEMOQA
You are Accessing: Elements
 
Elements: Please select an item from left to start practice.
2025-09-12 20:16:15 [main] INFO  demoqaBase - Elements: Please select an item from left to start practice.
2025-09-12 20:16:15 [main] INFO  demoqaBase - Click on Elements|Web Tables...
🧾 Row 1: {Salary=28000.0, Email=Jbravo@demoqa.com, Address=511 Grant 481, Prattsville\n Arkansas 72129\n United States, First Name=Johny, Gender=Male, City=Delhi, Mobile=9.238343488E9, Hobbies=Sports,Music, Subject=Computer Science, Current Address=301 Town 481, Brookville\n kansas 42129\n United States, Department=Information Technology, DOB=15/08/2000, Picture=/TestData/Mphoto.jpg, State=NCR, Last Name=Bravo, Age=34.0}
🔍 Mapping field: firstName | Excel Column: First Name | Value: Johny
🔍 Mapping field: lastName | Excel Column: Last Name | Value: Bravo
🔍 Mapping field: email | Excel Column: Email | Value: Jbravo@demoqa.com
🔍 Mapping field: salary | Excel Column: Salary | Value: 28000.0
🔍 Mapping field: age | Excel Column: Age | Value: 34.0
🔍 Mapping field: department | Excel Column: Department | Value: Information Technology
🧾 Row 2: {Salary=18000.0, Email=GFemina@demoqa.com, Address=512 Grant 481, Prattsville\n Arkansas 72129\n United States, First Name=Gene, Gender=Female, City=Merrut, Mobile=1.888343432E9, Hobbies=Music,Reading, Subject=Accounting, Current Address=302 Town 481, Brookville\n kansas 42129\n United States, Department=Finance, DOB=22/05/2002, Picture=/TestData/Fphoto.png, State=Uttar Pradesh, Last Name=Femina, Age=30.0}
🔍 Mapping field: firstName | Excel Column: First Name | Value: Gene
🔍 Mapping field: lastName | Excel Column: Last Name | Value: Femina
🔍 Mapping field: email | Excel Column: Email | Value: GFemina@demoqa.com
🔍 Mapping field: salary | Excel Column: Salary | Value: 18000.0
🔍 Mapping field: age | Excel Column: Age | Value: 30.0
🔍 Mapping field: department | Excel Column: Department | Value: Finance
🧾 Row 3: {Salary=15000.0, Email=BWisem@demoqa.com, Address=513 Grant 481, Prattsville\n Arkansas 72129\n United States, First Name=Bud, Gender=Other, City=Panipat, Mobile=8.932465432E9, Hobbies=Reading, Subject=Biology, Current Address=303 Town 481, Brookville\n kansas 42129\n United States, Department=Medicine, DOB=31/12/1999, Picture=/TestData/Ophoto.jpg, State=Haryana, Last Name=Wisem, Age=40.0}
🔍 Mapping field: firstName | Excel Column: First Name | Value: Bud
🔍 Mapping field: lastName | Excel Column: Last Name | Value: Wisem
🔍 Mapping field: email | Excel Column: Email | Value: BWisem@demoqa.com
🔍 Mapping field: salary | Excel Column: Salary | Value: 15000.0
🔍 Mapping field: age | Excel Column: Age | Value: 40.0
🔍 Mapping field: department | Excel Column: Department | Value: Medicine
🧾 Row 4: {Salary=19000.0, Email=TBoss@demoqa.com, Address=514 Grant 481, Prattsville\n Arkansas 72129\n United States, First Name=Tom, Gender=Male, City=Jaiselmer, Mobile=7.839875281E9, Hobbies=Sports,Reading, Subject=Social Studies, Current Address=304 Town 481, Brookville\n kansas 42129\n United States, Department=Recreation, DOB=1/26/03, Picture=/TestData/M2photo.jpg, State=Rajasthan, Last Name=Boss, Age=42.0}
🔍 Mapping field: firstName | Excel Column: First Name | Value: Tom
🔍 Mapping field: lastName | Excel Column: Last Name | Value: Boss
🔍 Mapping field: email | Excel Column: Email | Value: TBoss@demoqa.com
🔍 Mapping field: salary | Excel Column: Salary | Value: 19000.0
🔍 Mapping field: age | Excel Column: Age | Value: 42.0
🔍 Mapping field: department | Excel Column: Department | Value: Recreation
Declared Object: [[Ljava.lang.Object;@43ddde24
2025-09-12 20:16:18 [main] INFO  demoqaBase - Click on Elements|Web Tables|Registration Form...
🔹 Trying JS click on WebElement (attempt 1)
2025-09-12 20:16:18 [main] INFO  demoqaLog - 🔹 Trying JS click on WebElement (attempt 1)
🔹 Attempting JS click...
2025-09-12 20:16:18 [main] INFO  demoqaLog - 🔹 Attempting JS click...
🧾 Row 1: {Salary=28000.0, Email=Jbravo@demoqa.com, Address=511 Grant 481, Prattsville\n Arkansas 72129\n United States, First Name=Johny, Gender=Male, City=Delhi, Mobile=9.238343488E9, Hobbies=Sports,Music, Subject=Computer Science, Current Address=301 Town 481, Brookville\n kansas 42129\n United States, Department=Information Technology, DOB=15/08/2000, Picture=/TestData/Mphoto.jpg, State=NCR, Last Name=Bravo, Age=34.0}
🔍 Mapping field: firstName | Excel Column: First Name | Value: Johny
🔍 Mapping field: lastName | Excel Column: Last Name | Value: Bravo
🔍 Mapping field: email | Excel Column: Email | Value: Jbravo@demoqa.com
🔍 Mapping field: salary | Excel Column: Salary | Value: 28000.0
🔍 Mapping field: age | Excel Column: Age | Value: 34.0
🔍 Mapping field: department | Excel Column: Department | Value: Information Technology
🧾 Row 2: {Salary=18000.0, Email=GFemina@demoqa.com, Address=512 Grant 481, Prattsville\n Arkansas 72129\n United States, First Name=Gene, Gender=Female, City=Merrut, Mobile=1.888343432E9, Hobbies=Music,Reading, Subject=Accounting, Current Address=302 Town 481, Brookville\n kansas 42129\n United States, Department=Finance, DOB=22/05/2002, Picture=/TestData/Fphoto.png, State=Uttar Pradesh, Last Name=Femina, Age=30.0}
🔍 Mapping field: firstName | Excel Column: First Name | Value: Gene
🔍 Mapping field: lastName | Excel Column: Last Name | Value: Femina
🔍 Mapping field: email | Excel Column: Email | Value: GFemina@demoqa.com
🔍 Mapping field: salary | Excel Column: Salary | Value: 18000.0
🔍 Mapping field: age | Excel Column: Age | Value: 30.0
🔍 Mapping field: department | Excel Column: Department | Value: Finance
🧾 Row 3: {Salary=15000.0, Email=BWisem@demoqa.com, Address=513 Grant 481, Prattsville\n Arkansas 72129\n United States, First Name=Bud, Gender=Other, City=Panipat, Mobile=8.932465432E9, Hobbies=Reading, Subject=Biology, Current Address=303 Town 481, Brookville\n kansas 42129\n United States, Department=Medicine, DOB=31/12/1999, Picture=/TestData/Ophoto.jpg, State=Haryana, Last Name=Wisem, Age=40.0}
🔍 Mapping field: firstName | Excel Column: First Name | Value: Bud
🔍 Mapping field: lastName | Excel Column: Last Name | Value: Wisem
🔍 Mapping field: email | Excel Column: Email | Value: BWisem@demoqa.com
🔍 Mapping field: salary | Excel Column: Salary | Value: 15000.0
🔍 Mapping field: age | Excel Column: Age | Value: 40.0
🔍 Mapping field: department | Excel Column: Department | Value: Medicine
🧾 Row 4: {Salary=19000.0, Email=TBoss@demoqa.com, Address=514 Grant 481, Prattsville\n Arkansas 72129\n United States, First Name=Tom, Gender=Male, City=Jaiselmer, Mobile=7.839875281E9, Hobbies=Sports,Reading, Subject=Social Studies, Current Address=304 Town 481, Brookville\n kansas 42129\n United States, Department=Recreation, DOB=1/26/03, Picture=/TestData/M2photo.jpg, State=Rajasthan, Last Name=Boss, Age=42.0}
🔍 Mapping field: firstName | Excel Column: First Name | Value: Tom
🔍 Mapping field: lastName | Excel Column: Last Name | Value: Boss
🔍 Mapping field: email | Excel Column: Email | Value: TBoss@demoqa.com
🔍 Mapping field: salary | Excel Column: Salary | Value: 19000.0
🔍 Mapping field: age | Excel Column: Age | Value: 42.0
🔍 Mapping field: department | Excel Column: Department | Value: Recreation
2025-09-12 20:16:18 [main] ERROR demoqaBase - Registering User: Johny
2025-09-12 20:16:18 [main] INFO  demoqaBase - Click on Elements|Web Tables|Registration Form|FirstName...
2025-09-12 20:16:18 [main] INFO  demoqaBase - First Name entered is: Johny
2025-09-12 20:16:18 [main] INFO  demoqaBase - Click on Elements|Web Tables|Registration Form|LastName...
Last Name is: Bravo
2025-09-12 20:16:18 [main] INFO  demoqaBase - Last Name entered is: Bravo
2025-09-12 20:16:18 [main] INFO  demoqaBase - Click on Elements|Web Tables|Registration Form|Email...
Email ID is: Jbravo@demoqa.com
2025-09-12 20:16:19 [main] INFO  demoqaBase - Email entered is: Jbravo@demoqa.com
2025-09-12 20:16:19 [main] INFO  demoqaBase - Click on Elements|Web Tables|Registration Form|Age...
2025-09-12 20:16:19 [main] INFO  demoqaBase - Age entered is: 34
2025-09-12 20:16:19 [main] INFO  demoqaBase - Click on Elements|Web Tables|Registration Form|Salary...
2025-09-12 20:16:19 [main] INFO  demoqaBase - Salary entered is: 280000
2025-09-12 20:16:19 [main] INFO  demoqaBase - Click on Elements|Web Tables|Registration Form|Department...
2025-09-12 20:16:19 [main] INFO  demoqaBase - Department entered is: Information Technology
2025-09-12 20:16:19 [main] INFO  demoqaBase - Submitting Registration Form...
2025-09-12 20:16:19 [main] INFO  demoqaBase - Registration Form Submitted...
2025-09-12 20:16:19 [main] ERROR demoqaBase - Submitted to register user: Johny
2025-09-12 20:16:19 [main] INFO  demoqaBase - Click on Elements|Web Tables|Registration Form...
🔹 Trying JS click on WebElement (attempt 1)
2025-09-12 20:16:19 [main] INFO  demoqaLog - 🔹 Trying JS click on WebElement (attempt 1)
🔹 Attempting JS click...
2025-09-12 20:16:19 [main] INFO  demoqaLog - 🔹 Attempting JS click...
2025-09-12 20:16:19 [main] ERROR demoqaBase - Registering User: Gene
2025-09-12 20:16:19 [main] INFO  demoqaBase - Click on Elements|Web Tables|Registration Form|FirstName...
2025-09-12 20:16:19 [main] INFO  demoqaBase - First Name entered is: Gene
2025-09-12 20:16:19 [main] INFO  demoqaBase - Click on Elements|Web Tables|Registration Form|LastName...
Last Name is: Femina
2025-09-12 20:16:20 [main] INFO  demoqaBase - Last Name entered is: Femina
2025-09-12 20:16:20 [main] INFO  demoqaBase - Click on Elements|Web Tables|Registration Form|Email...
Email ID is: GFemina@demoqa.com
2025-09-12 20:16:20 [main] INFO  demoqaBase - Email entered is: GFemina@demoqa.com
2025-09-12 20:16:20 [main] INFO  demoqaBase - Click on Elements|Web Tables|Registration Form|Age...
2025-09-12 20:16:20 [main] INFO  demoqaBase - Age entered is: 30
2025-09-12 20:16:20 [main] INFO  demoqaBase - Click on Elements|Web Tables|Registration Form|Salary...
2025-09-12 20:16:20 [main] INFO  demoqaBase - Salary entered is: 180000
2025-09-12 20:16:20 [main] INFO  demoqaBase - Click on Elements|Web Tables|Registration Form|Department...
2025-09-12 20:16:20 [main] INFO  demoqaBase - Department entered is: Finance
2025-09-12 20:16:20 [main] INFO  demoqaBase - Submitting Registration Form...
2025-09-12 20:16:20 [main] INFO  demoqaBase - Registration Form Submitted...
2025-09-12 20:16:20 [main] ERROR demoqaBase - Submitted to register user: Gene
2025-09-12 20:16:20 [main] INFO  demoqaBase - Click on Elements|Web Tables|Registration Form...
🔹 Trying JS click on WebElement (attempt 1)
2025-09-12 20:16:20 [main] INFO  demoqaLog - 🔹 Trying JS click on WebElement (attempt 1)
🔹 Attempting JS click...
2025-09-12 20:16:20 [main] INFO  demoqaLog - 🔹 Attempting JS click...
2025-09-12 20:16:20 [main] ERROR demoqaBase - Registering User: Bud
2025-09-12 20:16:20 [main] INFO  demoqaBase - Click on Elements|Web Tables|Registration Form|FirstName...
2025-09-12 20:16:21 [main] INFO  demoqaBase - First Name entered is: Bud
2025-09-12 20:16:21 [main] INFO  demoqaBase - Click on Elements|Web Tables|Registration Form|LastName...
Last Name is: Wisem
2025-09-12 20:16:21 [main] INFO  demoqaBase - Last Name entered is: Wisem
2025-09-12 20:16:21 [main] INFO  demoqaBase - Click on Elements|Web Tables|Registration Form|Email...
Email ID is: BWisem@demoqa.com
2025-09-12 20:16:21 [main] INFO  demoqaBase - Email entered is: BWisem@demoqa.com
2025-09-12 20:16:21 [main] INFO  demoqaBase - Click on Elements|Web Tables|Registration Form|Age...
2025-09-12 20:16:21 [main] INFO  demoqaBase - Age entered is: 40
2025-09-12 20:16:21 [main] INFO  demoqaBase - Click on Elements|Web Tables|Registration Form|Salary...
2025-09-12 20:16:21 [main] INFO  demoqaBase - Salary entered is: 150000
2025-09-12 20:16:21 [main] INFO  demoqaBase - Click on Elements|Web Tables|Registration Form|Department...
2025-09-12 20:16:22 [main] INFO  demoqaBase - Department entered is: Medicine
2025-09-12 20:16:22 [main] INFO  demoqaBase - Submitting Registration Form...
2025-09-12 20:16:22 [main] INFO  demoqaBase - Registration Form Submitted...
2025-09-12 20:16:22 [main] ERROR demoqaBase - Submitted to register user: Bud
2025-09-12 20:16:22 [main] INFO  demoqaBase - Click on Elements|Web Tables|Registration Form...
🔹 Trying JS click on WebElement (attempt 1)
2025-09-12 20:16:22 [main] INFO  demoqaLog - 🔹 Trying JS click on WebElement (attempt 1)
🔹 Attempting JS click...
2025-09-12 20:16:22 [main] INFO  demoqaLog - 🔹 Attempting JS click...
2025-09-12 20:16:22 [main] ERROR demoqaBase - Registering User: Tom
2025-09-12 20:16:22 [main] INFO  demoqaBase - Click on Elements|Web Tables|Registration Form|FirstName...
2025-09-12 20:16:22 [main] INFO  demoqaBase - First Name entered is: Tom
2025-09-12 20:16:22 [main] INFO  demoqaBase - Click on Elements|Web Tables|Registration Form|LastName...
Last Name is: Boss
2025-09-12 20:16:22 [main] INFO  demoqaBase - Last Name entered is: Boss
2025-09-12 20:16:22 [main] INFO  demoqaBase - Click on Elements|Web Tables|Registration Form|Email...
Email ID is: TBoss@demoqa.com
2025-09-12 20:16:22 [main] INFO  demoqaBase - Email entered is: TBoss@demoqa.com
2025-09-12 20:16:22 [main] INFO  demoqaBase - Click on Elements|Web Tables|Registration Form|Age...
2025-09-12 20:16:22 [main] INFO  demoqaBase - Age entered is: 42
2025-09-12 20:16:22 [main] INFO  demoqaBase - Click on Elements|Web Tables|Registration Form|Salary...
2025-09-12 20:16:23 [main] INFO  demoqaBase - Salary entered is: 190000
2025-09-12 20:16:23 [main] INFO  demoqaBase - Click on Elements|Web Tables|Registration Form|Department...
2025-09-12 20:16:23 [main] INFO  demoqaBase - Department entered is: Recreation
2025-09-12 20:16:23 [main] INFO  demoqaBase - Submitting Registration Form...
2025-09-12 20:16:23 [main] INFO  demoqaBase - Registration Form Submitted...
2025-09-12 20:16:23 [main] ERROR demoqaBase - Submitted to register user: Tom
2025-09-12 20:16:23 [main] INFO  demoqaBase - Click on Elements|Web Tables|Registration Form...
🔹 Trying JS click on WebElement (attempt 1)
2025-09-12 20:16:23 [main] INFO  demoqaLog - 🔹 Trying JS click on WebElement (attempt 1)
🔹 Attempting JS click...
2025-09-12 20:16:23 [main] INFO  demoqaLog - 🔹 Attempting JS click...
Initial user count: 10
Final user count: 10
2025-09-12 20:16:23 [main] INFO  demoqaBase - ✅ Test for Bulk User Creation in Web Table Completed Successfully...
]]></system-out>
  </testcase>
  <testcase name="testAddAllUsersSearchEdit" classname="tests.ElementsTests" time="10.408">
    <system-out><![CDATA[Path for Screenshot is: C:\ASN\eclipse_workspace\demoqa-automation/screenshots/testAddAllUsersFromExcel_Passed_20250912_201623+2025-09-12_20-16-23.png
2025-09-12 20:16:23 [main] INFO  demoqaBase - ✅ Test testAddAllUsersFromExcel passed. Screenshot captured.
2025-09-12 20:16:23 [main] INFO  demoqaBase - Closing browser for test: testAddAllUsersFromExcel
2025-09-12 20:16:24 [main] INFO  DriverFactory - 🌐 Starting Chrome Web Browser...
2025-09-12 20:16:24 [main] INFO  DriverFactory - ✅ Created temporary Chrome profile at C:\Users\dell\AppData\Local\Temp\chrome-profile-985727292900544638
2025-09-12 20:16:25 [main] INFO  DriverFactory - 🚀 WebDriver started successfully
2025-09-12 20:16:25 [main] INFO  RetryUrlAccess - Navigating to URL (attempt 1): https://demoqa.com
Instance Variables Declared are: nullnull
2025-09-12 20:17:00 [main] INFO  demoqaBase - Accessing Elements Card...
2025-09-12 20:17:00 [main] INFO  demoqaLog - Clicking on Elements Card...
🔹 Trying JS click by locator (attempt 1)
2025-09-12 20:17:00 [main] INFO  demoqaLog - 🔹 Trying JS click by locator (attempt 1)
🔹 Attempting JS click...
2025-09-12 20:17:00 [main] INFO  demoqaLog - 🔹 Attempting JS click...
⚡ Falling back to native click by locator (attempt 1)
2025-09-12 20:17:00 [main] INFO  demoqaLog - ⚡ Falling back to native click by locator (attempt 1)
2025-09-12 20:17:00 [main] INFO  demoqaLog - Clicked on Elements Card...
Title of this Page is: DEMOQA
You are Accessing: Elements
 
Elements: Please select an item from left to start practice.
2025-09-12 20:17:00 [main] INFO  demoqaBase - Elements: Please select an item from left to start practice.
2025-09-12 20:17:00 [main] INFO  demoqaBase - Click on Elements|Web Tables...
🧾 Row 1: {Salary=28000.0, Email=Jbravo@demoqa.com, Address=511 Grant 481, Prattsville\n Arkansas 72129\n United States, First Name=Johny, Gender=Male, City=Delhi, Mobile=9.238343488E9, Hobbies=Sports,Music, Subject=Computer Science, Current Address=301 Town 481, Brookville\n kansas 42129\n United States, Department=Information Technology, DOB=15/08/2000, Picture=/TestData/Mphoto.jpg, State=NCR, Last Name=Bravo, Age=34.0}
🔍 Mapping field: firstName | Excel Column: First Name | Value: Johny
🔍 Mapping field: lastName | Excel Column: Last Name | Value: Bravo
🔍 Mapping field: email | Excel Column: Email | Value: Jbravo@demoqa.com
🔍 Mapping field: salary | Excel Column: Salary | Value: 28000.0
🔍 Mapping field: age | Excel Column: Age | Value: 34.0
🔍 Mapping field: department | Excel Column: Department | Value: Information Technology
🧾 Row 2: {Salary=18000.0, Email=GFemina@demoqa.com, Address=512 Grant 481, Prattsville\n Arkansas 72129\n United States, First Name=Gene, Gender=Female, City=Merrut, Mobile=1.888343432E9, Hobbies=Music,Reading, Subject=Accounting, Current Address=302 Town 481, Brookville\n kansas 42129\n United States, Department=Finance, DOB=22/05/2002, Picture=/TestData/Fphoto.png, State=Uttar Pradesh, Last Name=Femina, Age=30.0}
🔍 Mapping field: firstName | Excel Column: First Name | Value: Gene
🔍 Mapping field: lastName | Excel Column: Last Name | Value: Femina
🔍 Mapping field: email | Excel Column: Email | Value: GFemina@demoqa.com
🔍 Mapping field: salary | Excel Column: Salary | Value: 18000.0
🔍 Mapping field: age | Excel Column: Age | Value: 30.0
🔍 Mapping field: department | Excel Column: Department | Value: Finance
🧾 Row 3: {Salary=15000.0, Email=BWisem@demoqa.com, Address=513 Grant 481, Prattsville\n Arkansas 72129\n United States, First Name=Bud, Gender=Other, City=Panipat, Mobile=8.932465432E9, Hobbies=Reading, Subject=Biology, Current Address=303 Town 481, Brookville\n kansas 42129\n United States, Department=Medicine, DOB=31/12/1999, Picture=/TestData/Ophoto.jpg, State=Haryana, Last Name=Wisem, Age=40.0}
🔍 Mapping field: firstName | Excel Column: First Name | Value: Bud
🔍 Mapping field: lastName | Excel Column: Last Name | Value: Wisem
🔍 Mapping field: email | Excel Column: Email | Value: BWisem@demoqa.com
🔍 Mapping field: salary | Excel Column: Salary | Value: 15000.0
🔍 Mapping field: age | Excel Column: Age | Value: 40.0
🔍 Mapping field: department | Excel Column: Department | Value: Medicine
🧾 Row 4: {Salary=19000.0, Email=TBoss@demoqa.com, Address=514 Grant 481, Prattsville\n Arkansas 72129\n United States, First Name=Tom, Gender=Male, City=Jaiselmer, Mobile=7.839875281E9, Hobbies=Sports,Reading, Subject=Social Studies, Current Address=304 Town 481, Brookville\n kansas 42129\n United States, Department=Recreation, DOB=1/26/03, Picture=/TestData/M2photo.jpg, State=Rajasthan, Last Name=Boss, Age=42.0}
🔍 Mapping field: firstName | Excel Column: First Name | Value: Tom
🔍 Mapping field: lastName | Excel Column: Last Name | Value: Boss
🔍 Mapping field: email | Excel Column: Email | Value: TBoss@demoqa.com
🔍 Mapping field: salary | Excel Column: Salary | Value: 19000.0
🔍 Mapping field: age | Excel Column: Age | Value: 42.0
🔍 Mapping field: department | Excel Column: Department | Value: Recreation
2025-09-12 20:17:03 [main] INFO  demoqaBase - Click on Elements|Web Tables|Registration Form...
🔹 Trying JS click on WebElement (attempt 1)
2025-09-12 20:17:03 [main] INFO  demoqaLog - 🔹 Trying JS click on WebElement (attempt 1)
🔹 Attempting JS click...
2025-09-12 20:17:03 [main] INFO  demoqaLog - 🔹 Attempting JS click...
🧾 Row 1: {Salary=28000.0, Email=Jbravo@demoqa.com, Address=511 Grant 481, Prattsville\n Arkansas 72129\n United States, First Name=Johny, Gender=Male, City=Delhi, Mobile=9.238343488E9, Hobbies=Sports,Music, Subject=Computer Science, Current Address=301 Town 481, Brookville\n kansas 42129\n United States, Department=Information Technology, DOB=15/08/2000, Picture=/TestData/Mphoto.jpg, State=NCR, Last Name=Bravo, Age=34.0}
🔍 Mapping field: firstName | Excel Column: First Name | Value: Johny
🔍 Mapping field: lastName | Excel Column: Last Name | Value: Bravo
🔍 Mapping field: email | Excel Column: Email | Value: Jbravo@demoqa.com
🔍 Mapping field: salary | Excel Column: Salary | Value: 28000.0
🔍 Mapping field: age | Excel Column: Age | Value: 34.0
🔍 Mapping field: department | Excel Column: Department | Value: Information Technology
🧾 Row 2: {Salary=18000.0, Email=GFemina@demoqa.com, Address=512 Grant 481, Prattsville\n Arkansas 72129\n United States, First Name=Gene, Gender=Female, City=Merrut, Mobile=1.888343432E9, Hobbies=Music,Reading, Subject=Accounting, Current Address=302 Town 481, Brookville\n kansas 42129\n United States, Department=Finance, DOB=22/05/2002, Picture=/TestData/Fphoto.png, State=Uttar Pradesh, Last Name=Femina, Age=30.0}
🔍 Mapping field: firstName | Excel Column: First Name | Value: Gene
🔍 Mapping field: lastName | Excel Column: Last Name | Value: Femina
🔍 Mapping field: email | Excel Column: Email | Value: GFemina@demoqa.com
🔍 Mapping field: salary | Excel Column: Salary | Value: 18000.0
🔍 Mapping field: age | Excel Column: Age | Value: 30.0
🔍 Mapping field: department | Excel Column: Department | Value: Finance
🧾 Row 3: {Salary=15000.0, Email=BWisem@demoqa.com, Address=513 Grant 481, Prattsville\n Arkansas 72129\n United States, First Name=Bud, Gender=Other, City=Panipat, Mobile=8.932465432E9, Hobbies=Reading, Subject=Biology, Current Address=303 Town 481, Brookville\n kansas 42129\n United States, Department=Medicine, DOB=31/12/1999, Picture=/TestData/Ophoto.jpg, State=Haryana, Last Name=Wisem, Age=40.0}
🔍 Mapping field: firstName | Excel Column: First Name | Value: Bud
🔍 Mapping field: lastName | Excel Column: Last Name | Value: Wisem
🔍 Mapping field: email | Excel Column: Email | Value: BWisem@demoqa.com
🔍 Mapping field: salary | Excel Column: Salary | Value: 15000.0
🔍 Mapping field: age | Excel Column: Age | Value: 40.0
🔍 Mapping field: department | Excel Column: Department | Value: Medicine
🧾 Row 4: {Salary=19000.0, Email=TBoss@demoqa.com, Address=514 Grant 481, Prattsville\n Arkansas 72129\n United States, First Name=Tom, Gender=Male, City=Jaiselmer, Mobile=7.839875281E9, Hobbies=Sports,Reading, Subject=Social Studies, Current Address=304 Town 481, Brookville\n kansas 42129\n United States, Department=Recreation, DOB=1/26/03, Picture=/TestData/M2photo.jpg, State=Rajasthan, Last Name=Boss, Age=42.0}
🔍 Mapping field: firstName | Excel Column: First Name | Value: Tom
🔍 Mapping field: lastName | Excel Column: Last Name | Value: Boss
🔍 Mapping field: email | Excel Column: Email | Value: TBoss@demoqa.com
🔍 Mapping field: salary | Excel Column: Salary | Value: 19000.0
🔍 Mapping field: age | Excel Column: Age | Value: 42.0
🔍 Mapping field: department | Excel Column: Department | Value: Recreation
2025-09-12 20:17:03 [main] ERROR demoqaBase - Registering User: Johny
2025-09-12 20:17:03 [main] INFO  demoqaBase - Click on Elements|Web Tables|Registration Form|FirstName...
2025-09-12 20:17:04 [main] INFO  demoqaBase - First Name entered is: Johny
2025-09-12 20:17:04 [main] INFO  demoqaBase - Click on Elements|Web Tables|Registration Form|LastName...
Last Name is: Bravo
2025-09-12 20:17:04 [main] INFO  demoqaBase - Last Name entered is: Bravo
2025-09-12 20:17:04 [main] INFO  demoqaBase - Click on Elements|Web Tables|Registration Form|Email...
Email ID is: Jbravo@demoqa.com
2025-09-12 20:17:04 [main] INFO  demoqaBase - Email entered is: Jbravo@demoqa.com
2025-09-12 20:17:04 [main] INFO  demoqaBase - Click on Elements|Web Tables|Registration Form|Age...
2025-09-12 20:17:04 [main] INFO  demoqaBase - Age entered is: 34
2025-09-12 20:17:04 [main] INFO  demoqaBase - Click on Elements|Web Tables|Registration Form|Salary...
2025-09-12 20:17:04 [main] INFO  demoqaBase - Salary entered is: 280000
2025-09-12 20:17:04 [main] INFO  demoqaBase - Click on Elements|Web Tables|Registration Form|Department...
2025-09-12 20:17:05 [main] INFO  demoqaBase - Department entered is: Information Technology
2025-09-12 20:17:05 [main] INFO  demoqaBase - Submitting Registration Form...
2025-09-12 20:17:05 [main] INFO  demoqaBase - Registration Form Submitted...
2025-09-12 20:17:05 [main] ERROR demoqaBase - Submitted to register user: Johny
2025-09-12 20:17:05 [main] INFO  demoqaBase - Click on Elements|Web Tables|Registration Form...
🔹 Trying JS click on WebElement (attempt 1)
2025-09-12 20:17:05 [main] INFO  demoqaLog - 🔹 Trying JS click on WebElement (attempt 1)
🔹 Attempting JS click...
2025-09-12 20:17:05 [main] INFO  demoqaLog - 🔹 Attempting JS click...
2025-09-12 20:17:05 [main] ERROR demoqaBase - Registering User: Gene
2025-09-12 20:17:05 [main] INFO  demoqaBase - Click on Elements|Web Tables|Registration Form|FirstName...
2025-09-12 20:17:05 [main] INFO  demoqaBase - First Name entered is: Gene
2025-09-12 20:17:05 [main] INFO  demoqaBase - Click on Elements|Web Tables|Registration Form|LastName...
Last Name is: Femina
2025-09-12 20:17:05 [main] INFO  demoqaBase - Last Name entered is: Femina
2025-09-12 20:17:05 [main] INFO  demoqaBase - Click on Elements|Web Tables|Registration Form|Email...
Email ID is: GFemina@demoqa.com
2025-09-12 20:17:05 [main] INFO  demoqaBase - Email entered is: GFemina@demoqa.com
2025-09-12 20:17:05 [main] INFO  demoqaBase - Click on Elements|Web Tables|Registration Form|Age...
2025-09-12 20:17:05 [main] INFO  demoqaBase - Age entered is: 30
2025-09-12 20:17:05 [main] INFO  demoqaBase - Click on Elements|Web Tables|Registration Form|Salary...
2025-09-12 20:17:06 [main] INFO  demoqaBase - Salary entered is: 180000
2025-09-12 20:17:06 [main] INFO  demoqaBase - Click on Elements|Web Tables|Registration Form|Department...
2025-09-12 20:17:06 [main] INFO  demoqaBase - Department entered is: Finance
2025-09-12 20:17:06 [main] INFO  demoqaBase - Submitting Registration Form...
2025-09-12 20:17:06 [main] INFO  demoqaBase - Registration Form Submitted...
2025-09-12 20:17:06 [main] ERROR demoqaBase - Submitted to register user: Gene
2025-09-12 20:17:06 [main] INFO  demoqaBase - Click on Elements|Web Tables|Registration Form...
🔹 Trying JS click on WebElement (attempt 1)
2025-09-12 20:17:06 [main] INFO  demoqaLog - 🔹 Trying JS click on WebElement (attempt 1)
🔹 Attempting JS click...
2025-09-12 20:17:06 [main] INFO  demoqaLog - 🔹 Attempting JS click...
2025-09-12 20:17:06 [main] ERROR demoqaBase - Registering User: Bud
2025-09-12 20:17:06 [main] INFO  demoqaBase - Click on Elements|Web Tables|Registration Form|FirstName...
2025-09-12 20:17:06 [main] INFO  demoqaBase - First Name entered is: Bud
2025-09-12 20:17:06 [main] INFO  demoqaBase - Click on Elements|Web Tables|Registration Form|LastName...
Last Name is: Wisem
2025-09-12 20:17:06 [main] INFO  demoqaBase - Last Name entered is: Wisem
2025-09-12 20:17:06 [main] INFO  demoqaBase - Click on Elements|Web Tables|Registration Form|Email...
Email ID is: BWisem@demoqa.com
2025-09-12 20:17:07 [main] INFO  demoqaBase - Email entered is: BWisem@demoqa.com
2025-09-12 20:17:07 [main] INFO  demoqaBase - Click on Elements|Web Tables|Registration Form|Age...
2025-09-12 20:17:07 [main] INFO  demoqaBase - Age entered is: 40
2025-09-12 20:17:07 [main] INFO  demoqaBase - Click on Elements|Web Tables|Registration Form|Salary...
2025-09-12 20:17:07 [main] INFO  demoqaBase - Salary entered is: 150000
2025-09-12 20:17:07 [main] INFO  demoqaBase - Click on Elements|Web Tables|Registration Form|Department...
2025-09-12 20:17:07 [main] INFO  demoqaBase - Department entered is: Medicine
2025-09-12 20:17:07 [main] INFO  demoqaBase - Submitting Registration Form...
2025-09-12 20:17:07 [main] INFO  demoqaBase - Registration Form Submitted...
2025-09-12 20:17:07 [main] ERROR demoqaBase - Submitted to register user: Bud
2025-09-12 20:17:07 [main] INFO  demoqaBase - Click on Elements|Web Tables|Registration Form...
🔹 Trying JS click on WebElement (attempt 1)
2025-09-12 20:17:07 [main] INFO  demoqaLog - 🔹 Trying JS click on WebElement (attempt 1)
🔹 Attempting JS click...
2025-09-12 20:17:07 [main] INFO  demoqaLog - 🔹 Attempting JS click...
2025-09-12 20:17:07 [main] ERROR demoqaBase - Registering User: Tom
2025-09-12 20:17:07 [main] INFO  demoqaBase - Click on Elements|Web Tables|Registration Form|FirstName...
2025-09-12 20:17:07 [main] INFO  demoqaBase - First Name entered is: Tom
2025-09-12 20:17:07 [main] INFO  demoqaBase - Click on Elements|Web Tables|Registration Form|LastName...
Last Name is: Boss
2025-09-12 20:17:08 [main] INFO  demoqaBase - Last Name entered is: Boss
2025-09-12 20:17:08 [main] INFO  demoqaBase - Click on Elements|Web Tables|Registration Form|Email...
Email ID is: TBoss@demoqa.com
2025-09-12 20:17:08 [main] INFO  demoqaBase - Email entered is: TBoss@demoqa.com
2025-09-12 20:17:08 [main] INFO  demoqaBase - Click on Elements|Web Tables|Registration Form|Age...
2025-09-12 20:17:08 [main] INFO  demoqaBase - Age entered is: 42
2025-09-12 20:17:08 [main] INFO  demoqaBase - Click on Elements|Web Tables|Registration Form|Salary...
2025-09-12 20:17:08 [main] INFO  demoqaBase - Salary entered is: 190000
2025-09-12 20:17:08 [main] INFO  demoqaBase - Click on Elements|Web Tables|Registration Form|Department...
2025-09-12 20:17:08 [main] INFO  demoqaBase - Department entered is: Recreation
2025-09-12 20:17:08 [main] INFO  demoqaBase - Submitting Registration Form...
2025-09-12 20:17:08 [main] INFO  demoqaBase - Registration Form Submitted...
2025-09-12 20:17:08 [main] ERROR demoqaBase - Submitted to register user: Tom
2025-09-12 20:17:08 [main] INFO  demoqaBase - Click on Elements|Web Tables|Registration Form...
🔹 Trying JS click on WebElement (attempt 1)
2025-09-12 20:17:08 [main] INFO  demoqaLog - 🔹 Trying JS click on WebElement (attempt 1)
🔹 Attempting JS click...
2025-09-12 20:17:08 [main] INFO  demoqaLog - 🔹 Attempting JS click...
2025-09-12 20:17:09 [main] INFO  demoqaBase - Modifying First Name of the user...
2025-09-12 20:17:10 [main] INFO  demoqaBase - Updated First Name is: Genelia
Initial user count: 10
Final user count: 10
2025-09-12 20:17:10 [main] INFO  demoqaBase - ✅ Test for Bulk User Creation and Edit Completed Successfully...
]]></system-out>
  </testcase>
  <testcase name="EditSalaryDepartment" classname="tests.ElementsTests" time="15.454">
    <system-out><![CDATA[2025-09-12 20:17:10 [main] INFO  demoqaBase - Closing browser for test: testAddAllUsersSearchEdit
2025-09-12 20:17:11 [main] INFO  DriverFactory - 🌐 Starting Chrome Web Browser...
2025-09-12 20:17:11 [main] INFO  DriverFactory - ✅ Created temporary Chrome profile at C:\Users\dell\AppData\Local\Temp\chrome-profile-17776303551650371919
2025-09-12 20:17:12 [main] INFO  DriverFactory - 🚀 WebDriver started successfully
2025-09-12 20:17:12 [main] INFO  RetryUrlAccess - Navigating to URL (attempt 1): https://demoqa.com
Instance Variables Declared are: nullnull
2025-09-12 20:18:01 [main] INFO  demoqaBase - Accessing Elements Card...
2025-09-12 20:18:01 [main] INFO  demoqaLog - Clicking on Elements Card...
🔹 Trying JS click by locator (attempt 1)
2025-09-12 20:18:01 [main] INFO  demoqaLog - 🔹 Trying JS click by locator (attempt 1)
🔹 Attempting JS click...
2025-09-12 20:18:01 [main] INFO  demoqaLog - 🔹 Attempting JS click...
⚡ Falling back to native click by locator (attempt 1)
2025-09-12 20:18:01 [main] INFO  demoqaLog - ⚡ Falling back to native click by locator (attempt 1)
2025-09-12 20:18:02 [main] INFO  demoqaLog - Clicked on Elements Card...
Title of this Page is: DEMOQA
You are Accessing: Elements
 
Elements: Please select an item from left to start practice.
2025-09-12 20:18:02 [main] INFO  demoqaBase - Elements: Please select an item from left to start practice.
2025-09-12 20:18:02 [main] INFO  demoqaBase - Click on Elements|Web Tables...
Total Number of user before adding new ones are: 10
🧾 Row 1: {Salary=28000.0, Email=Jbravo@demoqa.com, Address=511 Grant 481, Prattsville\n Arkansas 72129\n United States, First Name=Johny, Gender=Male, City=Delhi, Mobile=9.238343488E9, Hobbies=Sports,Music, Subject=Computer Science, Current Address=301 Town 481, Brookville\n kansas 42129\n United States, Department=Information Technology, DOB=15/08/2000, Picture=/TestData/Mphoto.jpg, State=NCR, Last Name=Bravo, Age=34.0}
🔍 Mapping field: firstName | Excel Column: First Name | Value: Johny
🔍 Mapping field: lastName | Excel Column: Last Name | Value: Bravo
🔍 Mapping field: email | Excel Column: Email | Value: Jbravo@demoqa.com
🔍 Mapping field: salary | Excel Column: Salary | Value: 28000.0
🔍 Mapping field: age | Excel Column: Age | Value: 34.0
🔍 Mapping field: department | Excel Column: Department | Value: Information Technology
🧾 Row 2: {Salary=18000.0, Email=GFemina@demoqa.com, Address=512 Grant 481, Prattsville\n Arkansas 72129\n United States, First Name=Gene, Gender=Female, City=Merrut, Mobile=1.888343432E9, Hobbies=Music,Reading, Subject=Accounting, Current Address=302 Town 481, Brookville\n kansas 42129\n United States, Department=Finance, DOB=22/05/2002, Picture=/TestData/Fphoto.png, State=Uttar Pradesh, Last Name=Femina, Age=30.0}
🔍 Mapping field: firstName | Excel Column: First Name | Value: Gene
🔍 Mapping field: lastName | Excel Column: Last Name | Value: Femina
🔍 Mapping field: email | Excel Column: Email | Value: GFemina@demoqa.com
🔍 Mapping field: salary | Excel Column: Salary | Value: 18000.0
🔍 Mapping field: age | Excel Column: Age | Value: 30.0
🔍 Mapping field: department | Excel Column: Department | Value: Finance
🧾 Row 3: {Salary=15000.0, Email=BWisem@demoqa.com, Address=513 Grant 481, Prattsville\n Arkansas 72129\n United States, First Name=Bud, Gender=Other, City=Panipat, Mobile=8.932465432E9, Hobbies=Reading, Subject=Biology, Current Address=303 Town 481, Brookville\n kansas 42129\n United States, Department=Medicine, DOB=31/12/1999, Picture=/TestData/Ophoto.jpg, State=Haryana, Last Name=Wisem, Age=40.0}
🔍 Mapping field: firstName | Excel Column: First Name | Value: Bud
🔍 Mapping field: lastName | Excel Column: Last Name | Value: Wisem
🔍 Mapping field: email | Excel Column: Email | Value: BWisem@demoqa.com
🔍 Mapping field: salary | Excel Column: Salary | Value: 15000.0
🔍 Mapping field: age | Excel Column: Age | Value: 40.0
🔍 Mapping field: department | Excel Column: Department | Value: Medicine
🧾 Row 4: {Salary=19000.0, Email=TBoss@demoqa.com, Address=514 Grant 481, Prattsville\n Arkansas 72129\n United States, First Name=Tom, Gender=Male, City=Jaiselmer, Mobile=7.839875281E9, Hobbies=Sports,Reading, Subject=Social Studies, Current Address=304 Town 481, Brookville\n kansas 42129\n United States, Department=Recreation, DOB=1/26/03, Picture=/TestData/M2photo.jpg, State=Rajasthan, Last Name=Boss, Age=42.0}
🔍 Mapping field: firstName | Excel Column: First Name | Value: Tom
🔍 Mapping field: lastName | Excel Column: Last Name | Value: Boss
🔍 Mapping field: email | Excel Column: Email | Value: TBoss@demoqa.com
🔍 Mapping field: salary | Excel Column: Salary | Value: 19000.0
🔍 Mapping field: age | Excel Column: Age | Value: 42.0
🔍 Mapping field: department | Excel Column: Department | Value: Recreation
2025-09-12 20:18:05 [main] INFO  demoqaBase - Click on Elements|Web Tables|Registration Form...
🔹 Trying JS click on WebElement (attempt 1)
2025-09-12 20:18:05 [main] INFO  demoqaLog - 🔹 Trying JS click on WebElement (attempt 1)
🔹 Attempting JS click...
2025-09-12 20:18:05 [main] INFO  demoqaLog - 🔹 Attempting JS click...
🧾 Row 1: {Salary=28000.0, Email=Jbravo@demoqa.com, Address=511 Grant 481, Prattsville\n Arkansas 72129\n United States, First Name=Johny, Gender=Male, City=Delhi, Mobile=9.238343488E9, Hobbies=Sports,Music, Subject=Computer Science, Current Address=301 Town 481, Brookville\n kansas 42129\n United States, Department=Information Technology, DOB=15/08/2000, Picture=/TestData/Mphoto.jpg, State=NCR, Last Name=Bravo, Age=34.0}
🔍 Mapping field: firstName | Excel Column: First Name | Value: Johny
🔍 Mapping field: lastName | Excel Column: Last Name | Value: Bravo
🔍 Mapping field: email | Excel Column: Email | Value: Jbravo@demoqa.com
🔍 Mapping field: salary | Excel Column: Salary | Value: 28000.0
🔍 Mapping field: age | Excel Column: Age | Value: 34.0
🔍 Mapping field: department | Excel Column: Department | Value: Information Technology
🧾 Row 2: {Salary=18000.0, Email=GFemina@demoqa.com, Address=512 Grant 481, Prattsville\n Arkansas 72129\n United States, First Name=Gene, Gender=Female, City=Merrut, Mobile=1.888343432E9, Hobbies=Music,Reading, Subject=Accounting, Current Address=302 Town 481, Brookville\n kansas 42129\n United States, Department=Finance, DOB=22/05/2002, Picture=/TestData/Fphoto.png, State=Uttar Pradesh, Last Name=Femina, Age=30.0}
🔍 Mapping field: firstName | Excel Column: First Name | Value: Gene
🔍 Mapping field: lastName | Excel Column: Last Name | Value: Femina
🔍 Mapping field: email | Excel Column: Email | Value: GFemina@demoqa.com
🔍 Mapping field: salary | Excel Column: Salary | Value: 18000.0
🔍 Mapping field: age | Excel Column: Age | Value: 30.0
🔍 Mapping field: department | Excel Column: Department | Value: Finance
🧾 Row 3: {Salary=15000.0, Email=BWisem@demoqa.com, Address=513 Grant 481, Prattsville\n Arkansas 72129\n United States, First Name=Bud, Gender=Other, City=Panipat, Mobile=8.932465432E9, Hobbies=Reading, Subject=Biology, Current Address=303 Town 481, Brookville\n kansas 42129\n United States, Department=Medicine, DOB=31/12/1999, Picture=/TestData/Ophoto.jpg, State=Haryana, Last Name=Wisem, Age=40.0}
🔍 Mapping field: firstName | Excel Column: First Name | Value: Bud
🔍 Mapping field: lastName | Excel Column: Last Name | Value: Wisem
🔍 Mapping field: email | Excel Column: Email | Value: BWisem@demoqa.com
🔍 Mapping field: salary | Excel Column: Salary | Value: 15000.0
🔍 Mapping field: age | Excel Column: Age | Value: 40.0
🔍 Mapping field: department | Excel Column: Department | Value: Medicine
🧾 Row 4: {Salary=19000.0, Email=TBoss@demoqa.com, Address=514 Grant 481, Prattsville\n Arkansas 72129\n United States, First Name=Tom, Gender=Male, City=Jaiselmer, Mobile=7.839875281E9, Hobbies=Sports,Reading, Subject=Social Studies, Current Address=304 Town 481, Brookville\n kansas 42129\n United States, Department=Recreation, DOB=1/26/03, Picture=/TestData/M2photo.jpg, State=Rajasthan, Last Name=Boss, Age=42.0}
🔍 Mapping field: firstName | Excel Column: First Name | Value: Tom
🔍 Mapping field: lastName | Excel Column: Last Name | Value: Boss
🔍 Mapping field: email | Excel Column: Email | Value: TBoss@demoqa.com
🔍 Mapping field: salary | Excel Column: Salary | Value: 19000.0
🔍 Mapping field: age | Excel Column: Age | Value: 42.0
🔍 Mapping field: department | Excel Column: Department | Value: Recreation
2025-09-12 20:18:05 [main] ERROR demoqaBase - Registering User: Johny
2025-09-12 20:18:05 [main] INFO  demoqaBase - Click on Elements|Web Tables|Registration Form|FirstName...
2025-09-12 20:18:05 [main] INFO  demoqaBase - First Name entered is: Johny
2025-09-12 20:18:05 [main] INFO  demoqaBase - Click on Elements|Web Tables|Registration Form|LastName...
Last Name is: Bravo
2025-09-12 20:18:05 [main] INFO  demoqaBase - Last Name entered is: Bravo
2025-09-12 20:18:05 [main] INFO  demoqaBase - Click on Elements|Web Tables|Registration Form|Email...
Email ID is: Jbravo@demoqa.com
2025-09-12 20:18:06 [main] INFO  demoqaBase - Email entered is: Jbravo@demoqa.com
2025-09-12 20:18:06 [main] INFO  demoqaBase - Click on Elements|Web Tables|Registration Form|Age...
2025-09-12 20:18:06 [main] INFO  demoqaBase - Age entered is: 34
2025-09-12 20:18:06 [main] INFO  demoqaBase - Click on Elements|Web Tables|Registration Form|Salary...
2025-09-12 20:18:06 [main] INFO  demoqaBase - Salary entered is: 280000
2025-09-12 20:18:06 [main] INFO  demoqaBase - Click on Elements|Web Tables|Registration Form|Department...
2025-09-12 20:18:06 [main] INFO  demoqaBase - Department entered is: Information Technology
2025-09-12 20:18:06 [main] INFO  demoqaBase - Submitting Registration Form...
2025-09-12 20:18:06 [main] INFO  demoqaBase - Registration Form Submitted...
2025-09-12 20:18:06 [main] ERROR demoqaBase - Submitted to register user: Johny
2025-09-12 20:18:06 [main] INFO  demoqaBase - Click on Elements|Web Tables|Registration Form...
🔹 Trying JS click on WebElement (attempt 1)
2025-09-12 20:18:06 [main] INFO  demoqaLog - 🔹 Trying JS click on WebElement (attempt 1)
🔹 Attempting JS click...
2025-09-12 20:18:06 [main] INFO  demoqaLog - 🔹 Attempting JS click...
2025-09-12 20:18:06 [main] ERROR demoqaBase - Registering User: Gene
2025-09-12 20:18:06 [main] INFO  demoqaBase - Click on Elements|Web Tables|Registration Form|FirstName...
2025-09-12 20:18:07 [main] INFO  demoqaBase - First Name entered is: Gene
2025-09-12 20:18:07 [main] INFO  demoqaBase - Click on Elements|Web Tables|Registration Form|LastName...
Last Name is: Femina
2025-09-12 20:18:07 [main] INFO  demoqaBase - Last Name entered is: Femina
2025-09-12 20:18:07 [main] INFO  demoqaBase - Click on Elements|Web Tables|Registration Form|Email...
Email ID is: GFemina@demoqa.com
2025-09-12 20:18:07 [main] INFO  demoqaBase - Email entered is: GFemina@demoqa.com
2025-09-12 20:18:07 [main] INFO  demoqaBase - Click on Elements|Web Tables|Registration Form|Age...
2025-09-12 20:18:07 [main] INFO  demoqaBase - Age entered is: 30
2025-09-12 20:18:07 [main] INFO  demoqaBase - Click on Elements|Web Tables|Registration Form|Salary...
2025-09-12 20:18:08 [main] INFO  demoqaBase - Salary entered is: 180000
2025-09-12 20:18:08 [main] INFO  demoqaBase - Click on Elements|Web Tables|Registration Form|Department...
2025-09-12 20:18:08 [main] INFO  demoqaBase - Department entered is: Finance
2025-09-12 20:18:08 [main] INFO  demoqaBase - Submitting Registration Form...
2025-09-12 20:18:08 [main] INFO  demoqaBase - Registration Form Submitted...
2025-09-12 20:18:08 [main] ERROR demoqaBase - Submitted to register user: Gene
2025-09-12 20:18:08 [main] INFO  demoqaBase - Click on Elements|Web Tables|Registration Form...
🔹 Trying JS click on WebElement (attempt 1)
2025-09-12 20:18:08 [main] INFO  demoqaLog - 🔹 Trying JS click on WebElement (attempt 1)
🔹 Attempting JS click...
2025-09-12 20:18:08 [main] INFO  demoqaLog - 🔹 Attempting JS click...
2025-09-12 20:18:08 [main] ERROR demoqaBase - Registering User: Bud
2025-09-12 20:18:08 [main] INFO  demoqaBase - Click on Elements|Web Tables|Registration Form|FirstName...
2025-09-12 20:18:08 [main] INFO  demoqaBase - First Name entered is: Bud
2025-09-12 20:18:08 [main] INFO  demoqaBase - Click on Elements|Web Tables|Registration Form|LastName...
Last Name is: Wisem
2025-09-12 20:18:08 [main] INFO  demoqaBase - Last Name entered is: Wisem
2025-09-12 20:18:08 [main] INFO  demoqaBase - Click on Elements|Web Tables|Registration Form|Email...
Email ID is: BWisem@demoqa.com
2025-09-12 20:18:08 [main] INFO  demoqaBase - Email entered is: BWisem@demoqa.com
2025-09-12 20:18:08 [main] INFO  demoqaBase - Click on Elements|Web Tables|Registration Form|Age...
2025-09-12 20:18:09 [main] INFO  demoqaBase - Age entered is: 40
2025-09-12 20:18:09 [main] INFO  demoqaBase - Click on Elements|Web Tables|Registration Form|Salary...
2025-09-12 20:18:09 [main] INFO  demoqaBase - Salary entered is: 150000
2025-09-12 20:18:09 [main] INFO  demoqaBase - Click on Elements|Web Tables|Registration Form|Department...
2025-09-12 20:18:09 [main] INFO  demoqaBase - Department entered is: Medicine
2025-09-12 20:18:09 [main] INFO  demoqaBase - Submitting Registration Form...
2025-09-12 20:18:09 [main] INFO  demoqaBase - Registration Form Submitted...
2025-09-12 20:18:09 [main] ERROR demoqaBase - Submitted to register user: Bud
2025-09-12 20:18:09 [main] INFO  demoqaBase - Click on Elements|Web Tables|Registration Form...
🔹 Trying JS click on WebElement (attempt 1)
2025-09-12 20:18:09 [main] INFO  demoqaLog - 🔹 Trying JS click on WebElement (attempt 1)
🔹 Attempting JS click...
2025-09-12 20:18:09 [main] INFO  demoqaLog - 🔹 Attempting JS click...
2025-09-12 20:18:09 [main] ERROR demoqaBase - Registering User: Tom
2025-09-12 20:18:09 [main] INFO  demoqaBase - Click on Elements|Web Tables|Registration Form|FirstName...
2025-09-12 20:18:09 [main] INFO  demoqaBase - First Name entered is: Tom
2025-09-12 20:18:09 [main] INFO  demoqaBase - Click on Elements|Web Tables|Registration Form|LastName...
Last Name is: Boss
2025-09-12 20:18:10 [main] INFO  demoqaBase - Last Name entered is: Boss
2025-09-12 20:18:10 [main] INFO  demoqaBase - Click on Elements|Web Tables|Registration Form|Email...
Email ID is: TBoss@demoqa.com
2025-09-12 20:18:10 [main] INFO  demoqaBase - Email entered is: TBoss@demoqa.com
2025-09-12 20:18:10 [main] INFO  demoqaBase - Click on Elements|Web Tables|Registration Form|Age...
2025-09-12 20:18:10 [main] INFO  demoqaBase - Age entered is: 42
2025-09-12 20:18:10 [main] INFO  demoqaBase - Click on Elements|Web Tables|Registration Form|Salary...
2025-09-12 20:18:10 [main] INFO  demoqaBase - Salary entered is: 190000
2025-09-12 20:18:10 [main] INFO  demoqaBase - Click on Elements|Web Tables|Registration Form|Department...
2025-09-12 20:18:10 [main] INFO  demoqaBase - Department entered is: Recreation
2025-09-12 20:18:10 [main] INFO  demoqaBase - Submitting Registration Form...
2025-09-12 20:18:10 [main] INFO  demoqaBase - Registration Form Submitted...
2025-09-12 20:18:10 [main] ERROR demoqaBase - Submitted to register user: Tom
2025-09-12 20:18:10 [main] INFO  demoqaBase - Click on Elements|Web Tables|Registration Form...
🔹 Trying JS click on WebElement (attempt 1)
2025-09-12 20:18:10 [main] INFO  demoqaLog - 🔹 Trying JS click on WebElement (attempt 1)
🔹 Attempting JS click...
2025-09-12 20:18:10 [main] INFO  demoqaLog - 🔹 Attempting JS click...
Current Salary is: 0
2025-09-12 20:18:11 [main] INFO  demoqaBase - Modifying First Name of the user...
2025-09-12 20:18:12 [main] INFO  demoqaBase - Updated First Name is: Tom
2025-09-12 20:18:13 [main] INFO  demoqaBase - Updating Users Salary...
New Salary is: 345000
2025-09-12 20:18:14 [main] INFO  demoqaBase - Updated Salarye is: 345000
2025-09-12 20:18:14 [main] INFO  demoqaBase - Modifying First Name of the user...
2025-09-12 20:18:15 [main] INFO  demoqaBase - Updated First Name is: Tom
2025-09-12 20:18:15 [main] INFO  demoqaBase - Updating Users Department...
New Salary is: Architecture
2025-09-12 20:18:17 [main] INFO  demoqaBase - Updated Department is: Architecture
2025-09-12 20:18:17 [main] INFO  demoqaBase - ✅ Test for Bulk User Creation and Edit Completed Successfully...
]]></system-out>
  </testcase>
  <testcase name="Buttons" classname="tests.ElementsTests" time="0.432">
    <system-out><![CDATA[2025-09-12 20:18:17 [main] INFO  demoqaBase - Closing browser for test: EditSalaryDepartment
2025-09-12 20:18:17 [main] INFO  DriverFactory - 🌐 Starting Chrome Web Browser...
2025-09-12 20:18:17 [main] INFO  DriverFactory - ✅ Created temporary Chrome profile at C:\Users\dell\AppData\Local\Temp\chrome-profile-497658899611763456
2025-09-12 20:18:19 [main] INFO  DriverFactory - 🚀 WebDriver started successfully
2025-09-12 20:18:19 [main] INFO  RetryUrlAccess - Navigating to URL (attempt 1): https://demoqa.com
Instance Variables Declared are: nullnull
2025-09-12 20:18:53 [main] INFO  demoqaBase - Accessing Elements Card...
2025-09-12 20:18:53 [main] INFO  demoqaLog - Clicking on Elements Card...
🔹 Trying JS click by locator (attempt 1)
2025-09-12 20:18:53 [main] INFO  demoqaLog - 🔹 Trying JS click by locator (attempt 1)
🔹 Attempting JS click...
2025-09-12 20:18:53 [main] INFO  demoqaLog - 🔹 Attempting JS click...
⚡ Falling back to native click by locator (attempt 1)
2025-09-12 20:18:53 [main] INFO  demoqaLog - ⚡ Falling back to native click by locator (attempt 1)
2025-09-12 20:18:54 [main] INFO  demoqaLog - Clicked on Elements Card...
Title of this Page is: DEMOQA
You are Accessing: Elements
 
Elements: Please select an item from left to start practice.
2025-09-12 20:18:54 [main] INFO  demoqaBase - Elements: Please select an item from left to start practice.
2025-09-12 20:18:54 [main] INFO  demoqaBase - Clicking on Elements|Buttons...
2025-09-12 20:18:54 [main] INFO  demoqaBase - Clicked on Elements|Buttons...
2025-09-12 20:18:54 [main] INFO  demoqaBase - ✅ Test for Elements|Buttons Click Completed Successfully...
]]></system-out>
  </testcase>
  <testcase name="DoubleClickButtons" classname="tests.ElementsTests" time="4.791">
    <system-out><![CDATA[2025-09-12 20:18:54 [main] INFO  demoqaBase - Closing browser for test: Buttons
2025-09-12 20:18:54 [main] WARN  PauseManager - ⏸ Pausing for 5 minutes after 60 tests...
2025-09-12 20:18:54 [main] INFO  PauseManager - ▶ Resuming in 5 minutes...
2025-09-12 20:19:54 [main] INFO  PauseManager - ▶ Resuming in 4 minutes...
2025-09-12 20:20:55 [main] INFO  PauseManager - ▶ Resuming in 3 minutes...
2025-09-12 20:21:55 [main] INFO  PauseManager - ▶ Resuming in 2 minutes...
2025-09-12 20:22:55 [main] INFO  PauseManager - ▶ Resuming in 1 minutes...
2025-09-12 20:23:45 [main] INFO  PauseManager - ▶ Resuming in 10 seconds...
2025-09-12 20:23:46 [main] INFO  PauseManager - ▶ Resuming in 9 seconds...
2025-09-12 20:23:47 [main] INFO  PauseManager - ▶ Resuming in 8 seconds...
2025-09-12 20:23:48 [main] INFO  PauseManager - ▶ Resuming in 7 seconds...
2025-09-12 20:23:49 [main] INFO  PauseManager - ▶ Resuming in 6 seconds...
2025-09-12 20:23:50 [main] INFO  PauseManager - ▶ Resuming in 5 seconds...
2025-09-12 20:23:51 [main] INFO  PauseManager - ▶ Resuming in 4 seconds...
2025-09-12 20:23:52 [main] INFO  PauseManager - ▶ Resuming in 3 seconds...
2025-09-12 20:23:53 [main] INFO  PauseManager - ▶ Resuming in 2 seconds...
2025-09-12 20:23:54 [main] INFO  PauseManager - ▶ Resuming in 1 seconds...
2025-09-12 20:23:55 [main] INFO  PauseManager - ✅ Pause complete. Resuming tests...
2025-09-12 20:23:55 [main] INFO  DriverFactory - 🌐 Starting Chrome Web Browser...
2025-09-12 20:23:55 [main] INFO  DriverFactory - ✅ Created temporary Chrome profile at C:\Users\dell\AppData\Local\Temp\chrome-profile-2985801266379417768
2025-09-12 20:23:56 [main] INFO  DriverFactory - 🚀 WebDriver started successfully
2025-09-12 20:23:56 [main] INFO  RetryUrlAccess - Navigating to URL (attempt 1): https://demoqa.com
Instance Variables Declared are: nullnull
2025-09-12 20:24:13 [main] INFO  demoqaBase - Accessing Elements Card...
2025-09-12 20:24:13 [main] INFO  demoqaLog - Clicking on Elements Card...
🔹 Trying JS click by locator (attempt 1)
2025-09-12 20:24:13 [main] INFO  demoqaLog - 🔹 Trying JS click by locator (attempt 1)
🔹 Attempting JS click...
2025-09-12 20:24:13 [main] INFO  demoqaLog - 🔹 Attempting JS click...
⚡ Falling back to native click by locator (attempt 1)
2025-09-12 20:24:13 [main] INFO  demoqaLog - ⚡ Falling back to native click by locator (attempt 1)
2025-09-12 20:24:13 [main] INFO  demoqaLog - Clicked on Elements Card...
Title of this Page is: DEMOQA
You are Accessing: Elements
 
Elements: Please select an item from left to start practice.
2025-09-12 20:24:13 [main] INFO  demoqaBase - Elements: Please select an item from left to start practice.
2025-09-12 20:24:13 [main] INFO  demoqaBase - Clicking on Elements|Buttons...
2025-09-12 20:24:13 [main] INFO  demoqaBase - Clicked on Elements|Buttons...
2025-09-12 20:24:16 [main] INFO  demoqaBase - Clicking on Elements|Buttons|Double Click button...
Declared WebDriverWait: org.openqa.selenium.support.ui.WebDriverWait@78afd33a
You have done a double click
2025-09-12 20:24:17 [main] INFO  demoqaBase - Clicked on Elements|Buttons|Double Click button...You have done a double click
2025-09-12 20:24:17 [main] INFO  demoqaBase - ✅ Test for Elements|Buttons|Double Click Completed Successfully...
]]></system-out>
  </testcase>
  <testcase name="RightClickButton" classname="tests.ElementsTests" time="4.626">
    <system-out><![CDATA[2025-09-12 20:24:17 [main] INFO  demoqaBase - Closing browser for test: DoubleClickButtons
2025-09-12 20:24:18 [main] INFO  DriverFactory - 🌐 Starting Chrome Web Browser...
2025-09-12 20:24:18 [main] INFO  DriverFactory - ✅ Created temporary Chrome profile at C:\Users\dell\AppData\Local\Temp\chrome-profile-13598040559991174574
2025-09-12 20:24:19 [main] INFO  DriverFactory - 🚀 WebDriver started successfully
2025-09-12 20:24:19 [main] INFO  RetryUrlAccess - Navigating to URL (attempt 1): https://demoqa.com
Instance Variables Declared are: nullnull
2025-09-12 20:24:58 [main] INFO  demoqaBase - Accessing Elements Card...
2025-09-12 20:24:58 [main] INFO  demoqaLog - Clicking on Elements Card...
🔹 Trying JS click by locator (attempt 1)
2025-09-12 20:24:58 [main] INFO  demoqaLog - 🔹 Trying JS click by locator (attempt 1)
🔹 Attempting JS click...
2025-09-12 20:24:58 [main] INFO  demoqaLog - 🔹 Attempting JS click...
⚡ Falling back to native click by locator (attempt 1)
2025-09-12 20:24:58 [main] INFO  demoqaLog - ⚡ Falling back to native click by locator (attempt 1)
2025-09-12 20:24:58 [main] INFO  demoqaLog - Clicked on Elements Card...
Title of this Page is: DEMOQA
You are Accessing: Elements
 
Elements: Please select an item from left to start practice.
2025-09-12 20:24:58 [main] INFO  demoqaBase - Elements: Please select an item from left to start practice.
2025-09-12 20:24:58 [main] INFO  demoqaBase - Clicking on Elements|Buttons...
2025-09-12 20:24:58 [main] INFO  demoqaBase - Clicked on Elements|Buttons...
2025-09-12 20:25:01 [main] INFO  demoqaBase - Clicking on Elements|Buttons|Right Click button...
Waiting for Element: [[ChromeDriver: chrome on windows (2cd93f97472d443fd495e7baa765d65b)] -> xpath: //button[@id='rightClickBtn']]
Action: You have done a right click
2025-09-12 20:25:02 [main] INFO  demoqaBase - Clicked on Elements|Buttons|Right Click button... You have done a right click
2025-09-12 20:25:02 [main] INFO  demoqaBase - ✅ Test for Elements|Buttons|Right Click Completed Successfully...
]]></system-out>
  </testcase>
  <testcase name="ClickMeButton" classname="tests.ElementsTests" time="3.553">
    <system-out><![CDATA[2025-09-12 20:25:02 [main] INFO  demoqaBase - Closing browser for test: RightClickButton
2025-09-12 20:25:02 [main] INFO  DriverFactory - 🌐 Starting Chrome Web Browser...
2025-09-12 20:25:02 [main] INFO  DriverFactory - ✅ Created temporary Chrome profile at C:\Users\dell\AppData\Local\Temp\chrome-profile-2106330126543483763
2025-09-12 20:25:06 [main] INFO  DriverFactory - 🚀 WebDriver started successfully
2025-09-12 20:25:06 [main] INFO  RetryUrlAccess - Navigating to URL (attempt 1): https://demoqa.com
Instance Variables Declared are: nullnull
2025-09-12 20:25:40 [main] INFO  demoqaBase - Accessing Elements Card...
2025-09-12 20:25:40 [main] INFO  demoqaLog - Clicking on Elements Card...
🔹 Trying JS click by locator (attempt 1)
2025-09-12 20:25:40 [main] INFO  demoqaLog - 🔹 Trying JS click by locator (attempt 1)
🔹 Attempting JS click...
2025-09-12 20:25:40 [main] INFO  demoqaLog - 🔹 Attempting JS click...
⚡ Falling back to native click by locator (attempt 1)
2025-09-12 20:25:41 [main] INFO  demoqaLog - ⚡ Falling back to native click by locator (attempt 1)
2025-09-12 20:25:41 [main] INFO  demoqaLog - Clicked on Elements Card...
Title of this Page is: DEMOQA
You are Accessing: Elements
 
Elements: Please select an item from left to start practice.
2025-09-12 20:25:41 [main] INFO  demoqaBase - Elements: Please select an item from left to start practice.
2025-09-12 20:25:41 [main] INFO  demoqaBase - Clicking on Elements|Buttons...
2025-09-12 20:25:41 [main] INFO  demoqaBase - Clicked on Elements|Buttons...
2025-09-12 20:25:44 [main] INFO  demoqaBase - Clicking on Elements|Buttons|Click Me button...
🔹 Trying JS click on WebElement (attempt 1)
2025-09-12 20:25:44 [main] INFO  demoqaLog - 🔹 Trying JS click on WebElement (attempt 1)
🔹 Attempting JS click...
2025-09-12 20:25:44 [main] INFO  demoqaLog - 🔹 Attempting JS click...
2025-09-12 20:25:44 [main] INFO  demoqaBase - Clicked on Elements|Buttons|Click Me button...You have done a dynamic click
2025-09-12 20:25:44 [main] INFO  demoqaBase - ✅ Test for Elements|Buttons|Click Me Button Completed Successfully...
]]></system-out>
  </testcase>
  <testcase name="ClickAllButtons" classname="tests.ElementsTests" time="12.041">
    <system-out><![CDATA[2025-09-12 20:25:44 [main] INFO  demoqaBase - Closing browser for test: ClickMeButton
2025-09-12 20:25:44 [main] INFO  DriverFactory - 🌐 Starting Chrome Web Browser...
2025-09-12 20:25:44 [main] INFO  DriverFactory - ✅ Created temporary Chrome profile at C:\Users\dell\AppData\Local\Temp\chrome-profile-3420972803833725535
2025-09-12 20:25:45 [main] INFO  DriverFactory - 🚀 WebDriver started successfully
2025-09-12 20:25:45 [main] INFO  RetryUrlAccess - Navigating to URL (attempt 1): https://demoqa.com
Instance Variables Declared are: nullnull
2025-09-12 20:26:20 [main] INFO  demoqaBase - Accessing Elements Card...
2025-09-12 20:26:20 [main] INFO  demoqaLog - Clicking on Elements Card...
🔹 Trying JS click by locator (attempt 1)
2025-09-12 20:26:20 [main] INFO  demoqaLog - 🔹 Trying JS click by locator (attempt 1)
🔹 Attempting JS click...
2025-09-12 20:26:20 [main] INFO  demoqaLog - 🔹 Attempting JS click...
⚡ Falling back to native click by locator (attempt 1)
2025-09-12 20:26:20 [main] INFO  demoqaLog - ⚡ Falling back to native click by locator (attempt 1)
2025-09-12 20:26:20 [main] INFO  demoqaLog - Clicked on Elements Card...
Title of this Page is: DEMOQA
You are Accessing: Elements
 
Elements: Please select an item from left to start practice.
2025-09-12 20:26:20 [main] INFO  demoqaBase - Elements: Please select an item from left to start practice.
2025-09-12 20:26:20 [main] INFO  demoqaBase - Clicking on Elements|Buttons...
2025-09-12 20:26:20 [main] INFO  demoqaBase - Clicked on Elements|Buttons...
2025-09-12 20:26:23 [main] INFO  demoqaBase - Clicking on Elements|Buttons|Double Click button...
Declared WebDriverWait: org.openqa.selenium.support.ui.WebDriverWait@4874d75e
You have done a double click
2025-09-12 20:26:24 [main] INFO  demoqaBase - Clicked on Elements|Buttons|Double Click button...You have done a double click
2025-09-12 20:26:27 [main] INFO  demoqaBase - Clicking on Elements|Buttons|Right Click button...
Waiting for Element: [[ChromeDriver: chrome on windows (e548a98f9cb6db9cfda652b924b48f4b)] -> xpath: //button[@id='rightClickBtn']]
Action: You have done a right click
2025-09-12 20:26:29 [main] INFO  demoqaBase - Clicked on Elements|Buttons|Right Click button... You have done a right click
2025-09-12 20:26:32 [main] INFO  demoqaBase - Clicking on Elements|Buttons|Click Me button...
🔹 Trying JS click on WebElement (attempt 1)
2025-09-12 20:26:32 [main] INFO  demoqaLog - 🔹 Trying JS click on WebElement (attempt 1)
🔹 Attempting JS click...
2025-09-12 20:26:32 [main] INFO  demoqaLog - 🔹 Attempting JS click...
2025-09-12 20:26:32 [main] INFO  demoqaBase - Clicked on Elements|Buttons|Click Me button...You have done a dynamic click
2025-09-12 20:26:32 [main] INFO  demoqaBase - ✅ Test for Elements|Buttons|Click All Buttons Completed Successfully...
]]></system-out>
  </testcase>
  <testcase name="ClickLinks" classname="tests.ElementsTests" time="0.412">
    <system-out><![CDATA[Path for Screenshot is: C:\ASN\eclipse_workspace\demoqa-automation/screenshots/ClickAllButtons_Passed_20250912_202632+2025-09-12_20-26-32.png
2025-09-12 20:26:32 [main] INFO  demoqaBase - ✅ Test ClickAllButtons passed. Screenshot captured.
2025-09-12 20:26:32 [main] INFO  demoqaBase - Closing browser for test: ClickAllButtons
2025-09-12 20:26:32 [main] INFO  DriverFactory - 🌐 Starting Chrome Web Browser...
2025-09-12 20:26:32 [main] INFO  DriverFactory - ✅ Created temporary Chrome profile at C:\Users\dell\AppData\Local\Temp\chrome-profile-6657097495409371166
2025-09-12 20:26:33 [main] INFO  DriverFactory - 🚀 WebDriver started successfully
2025-09-12 20:26:33 [main] INFO  RetryUrlAccess - Navigating to URL (attempt 1): https://demoqa.com
Instance Variables Declared are: nullnull
2025-09-12 20:27:01 [main] INFO  demoqaBase - Accessing Elements Card...
2025-09-12 20:27:01 [main] INFO  demoqaLog - Clicking on Elements Card...
🔹 Trying JS click by locator (attempt 1)
2025-09-12 20:27:01 [main] INFO  demoqaLog - 🔹 Trying JS click by locator (attempt 1)
🔹 Attempting JS click...
2025-09-12 20:27:01 [main] INFO  demoqaLog - 🔹 Attempting JS click...
⚡ Falling back to native click by locator (attempt 1)
2025-09-12 20:27:01 [main] INFO  demoqaLog - ⚡ Falling back to native click by locator (attempt 1)
2025-09-12 20:27:01 [main] INFO  demoqaLog - Clicked on Elements Card...
Title of this Page is: DEMOQA
You are Accessing: Elements
 
Elements: Please select an item from left to start practice.
2025-09-12 20:27:01 [main] INFO  demoqaBase - Elements: Please select an item from left to start practice.
2025-09-12 20:27:01 [main] INFO  demoqaBase - Clicking on Elements|Links|Home Link...
2025-09-12 20:27:01 [main] INFO  demoqaBase - Clicked on Elements|Links|Home Link...
2025-09-12 20:27:01 [main] INFO  demoqaBase - ✅ Test for Elements|Links Completed Successfully...
]]></system-out>
  </testcase>
  <testcase name="ClickHomeLink" classname="tests.ElementsTests" time="4.013">
    <system-out><![CDATA[2025-09-12 20:27:01 [main] INFO  demoqaBase - Closing browser for test: ClickLinks
2025-09-12 20:27:01 [main] INFO  DriverFactory - 🌐 Starting Chrome Web Browser...
2025-09-12 20:27:01 [main] INFO  DriverFactory - ✅ Created temporary Chrome profile at C:\Users\dell\AppData\Local\Temp\chrome-profile-495681608661089586
2025-09-12 20:27:02 [main] INFO  DriverFactory - 🚀 WebDriver started successfully
2025-09-12 20:27:02 [main] INFO  RetryUrlAccess - Navigating to URL (attempt 1): https://demoqa.com
2025-09-12 20:28:02 [main] WARN  RetryUrlAccess - Navigation attempt 1 failed: timeout: Timed out receiving message from renderer: 59.064
  (Session info: chrome=137.0.7151.120)
Build info: version: '4.35.0', revision: '1c58e5028b'
System info: os.name: 'Windows 11', os.arch: 'amd64', os.version: '10.0', java.version: '21.0.7'
Driver info: org.openqa.selenium.chrome.ChromeDriver
Command: [90ac2c2bba4e2e1429b696492eb6b876, get {url=https://demoqa.com}]
Capabilities {acceptInsecureCerts: false, browserName: chrome, browserVersion: 137.0.7151.120, chrome: {chromedriverVersion: 137.0.7151.119 (e0ac9d12dff..., userDataDir: C:\Users\dell\AppData\Local...}, fedcm:accounts: true, goog:chromeOptions: {debuggerAddress: localhost:57922}, networkConnectionEnabled: false, pageLoadStrategy: normal, platformName: windows, proxy: Proxy(), se:cdp: ws://localhost:57922/devtoo..., se:cdpVersion: 137.0.7151.120, setWindowRect: true, strictFileInteractability: false, timeouts: {implicit: 0, pageLoad: 300000, script: 30000}, unhandledPromptBehavior: dismiss and notify, webauthn:extension:credBlob: true, webauthn:extension:largeBlob: true, webauthn:extension:minPinLength: true, webauthn:extension:prf: true, webauthn:virtualAuthenticators: true}
Session ID: 90ac2c2bba4e2e1429b696492eb6b876
2025-09-12 20:28:05 [main] INFO  RetryUrlAccess - Navigating to URL (attempt 2): https://demoqa.com
Instance Variables Declared are: nullnull
2025-09-12 20:28:06 [main] INFO  demoqaBase - Accessing Elements Card...
2025-09-12 20:28:06 [main] INFO  demoqaLog - Clicking on Elements Card...
🔹 Trying JS click by locator (attempt 1)
2025-09-12 20:28:06 [main] INFO  demoqaLog - 🔹 Trying JS click by locator (attempt 1)
🔹 Attempting JS click...
2025-09-12 20:28:06 [main] INFO  demoqaLog - 🔹 Attempting JS click...
⚡ Falling back to native click by locator (attempt 1)
2025-09-12 20:28:06 [main] INFO  demoqaLog - ⚡ Falling back to native click by locator (attempt 1)
2025-09-12 20:28:07 [main] INFO  demoqaLog - Clicked on Elements Card...
Title of this Page is: DEMOQA
You are Accessing: Elements
 
Elements: Please select an item from left to start practice.
2025-09-12 20:28:07 [main] INFO  demoqaBase - Elements: Please select an item from left to start practice.
2025-09-12 20:28:07 [main] INFO  demoqaBase - Clicking on Elements|Links|Home Link...
2025-09-12 20:28:07 [main] INFO  demoqaBase - Clicked on Elements|Links|Home Link...
2025-09-12 20:28:10 [main] INFO  demoqaBase - Clicking on Elements|Links|Home Link...
🔹 Trying JS click on WebElement (attempt 1)
2025-09-12 20:28:10 [main] INFO  demoqaLog - 🔹 Trying JS click on WebElement (attempt 1)
🔹 Attempting JS click...
2025-09-12 20:28:10 [main] INFO  demoqaLog - 🔹 Attempting JS click...
2025-09-12 20:28:10 [main] INFO  demoqaBase - Clicked on Elements|Links|Home Link...
2025-09-12 20:28:10 [main] INFO  demoqaBase - ✅ Test for Elements|Links|Home Completed Successfully...
]]></system-out>
  </testcase>
  <testcase name="ClickDynamicHomeLink" classname="tests.ElementsTests" time="3.57">
    <system-out><![CDATA[2025-09-12 20:28:10 [main] INFO  demoqaBase - Closing browser for test: ClickHomeLink
2025-09-12 20:28:11 [main] INFO  DriverFactory - 🌐 Starting Chrome Web Browser...
2025-09-12 20:28:11 [main] INFO  DriverFactory - ✅ Created temporary Chrome profile at C:\Users\dell\AppData\Local\Temp\chrome-profile-17993712214897835000
2025-09-12 20:28:11 [main] INFO  DriverFactory - 🚀 WebDriver started successfully
2025-09-12 20:28:11 [main] INFO  RetryUrlAccess - Navigating to URL (attempt 1): https://demoqa.com
Instance Variables Declared are: nullnull
2025-09-12 20:29:01 [main] INFO  demoqaBase - Accessing Elements Card...
2025-09-12 20:29:01 [main] INFO  demoqaLog - Clicking on Elements Card...
🔹 Trying JS click by locator (attempt 1)
2025-09-12 20:29:01 [main] INFO  demoqaLog - 🔹 Trying JS click by locator (attempt 1)
🔹 Attempting JS click...
2025-09-12 20:29:01 [main] INFO  demoqaLog - 🔹 Attempting JS click...
⚡ Falling back to native click by locator (attempt 1)
2025-09-12 20:29:01 [main] INFO  demoqaLog - ⚡ Falling back to native click by locator (attempt 1)
2025-09-12 20:29:01 [main] INFO  demoqaLog - Clicked on Elements Card...
Title of this Page is: DEMOQA
You are Accessing: Elements
 
Elements: Please select an item from left to start practice.
2025-09-12 20:29:01 [main] INFO  demoqaBase - Elements: Please select an item from left to start practice.
2025-09-12 20:29:01 [main] INFO  demoqaBase - Clicking on Elements|Links|Home Link...
2025-09-12 20:29:01 [main] INFO  demoqaBase - Clicked on Elements|Links|Home Link...
2025-09-12 20:29:04 [main] INFO  demoqaBase - Clicking on Elements|Links|DynamicHome Link...
🔹 Trying JS click on WebElement (attempt 1)
2025-09-12 20:29:04 [main] INFO  demoqaLog - 🔹 Trying JS click on WebElement (attempt 1)
🔹 Attempting JS click...
2025-09-12 20:29:04 [main] INFO  demoqaLog - 🔹 Attempting JS click...
2025-09-12 20:29:04 [main] INFO  demoqaBase - Clicked on Elements|Links|DynamicHome Link...
2025-09-12 20:29:04 [main] INFO  demoqaBase - ✅ Test for Elements|Links|Dynamic Home Completed Successfully...
]]></system-out>
  </testcase>
  <testcase name="ClickCreatedAPILink" classname="tests.ElementsTests" time="3.678">
    <system-out><![CDATA[2025-09-12 20:29:04 [main] INFO  demoqaBase - Closing browser for test: ClickDynamicHomeLink
2025-09-12 20:29:05 [main] INFO  DriverFactory - 🌐 Starting Chrome Web Browser...
2025-09-12 20:29:05 [main] INFO  DriverFactory - ✅ Created temporary Chrome profile at C:\Users\dell\AppData\Local\Temp\chrome-profile-2063195794510186431
2025-09-12 20:29:06 [main] INFO  DriverFactory - 🚀 WebDriver started successfully
2025-09-12 20:29:06 [main] INFO  RetryUrlAccess - Navigating to URL (attempt 1): https://demoqa.com
2025-09-12 20:30:06 [main] WARN  RetryUrlAccess - Navigation attempt 1 failed: timeout: Timed out receiving message from renderer: 58.991
  (Session info: chrome=137.0.7151.120)
Build info: version: '4.35.0', revision: '1c58e5028b'
System info: os.name: 'Windows 11', os.arch: 'amd64', os.version: '10.0', java.version: '21.0.7'
Driver info: org.openqa.selenium.chrome.ChromeDriver
Command: [439c04676a30d0d32a2602160a1403aa, get {url=https://demoqa.com}]
Capabilities {acceptInsecureCerts: false, browserName: chrome, browserVersion: 137.0.7151.120, chrome: {chromedriverVersion: 137.0.7151.119 (e0ac9d12dff..., userDataDir: C:\Users\dell\AppData\Local...}, fedcm:accounts: true, goog:chromeOptions: {debuggerAddress: localhost:58260}, networkConnectionEnabled: false, pageLoadStrategy: normal, platformName: windows, proxy: Proxy(), se:cdp: ws://localhost:58260/devtoo..., se:cdpVersion: 137.0.7151.120, setWindowRect: true, strictFileInteractability: false, timeouts: {implicit: 0, pageLoad: 300000, script: 30000}, unhandledPromptBehavior: dismiss and notify, webauthn:extension:credBlob: true, webauthn:extension:largeBlob: true, webauthn:extension:minPinLength: true, webauthn:extension:prf: true, webauthn:virtualAuthenticators: true}
Session ID: 439c04676a30d0d32a2602160a1403aa
2025-09-12 20:30:09 [main] INFO  RetryUrlAccess - Navigating to URL (attempt 2): https://demoqa.com
Instance Variables Declared are: nullnull
2025-09-12 20:30:09 [main] INFO  demoqaBase - Accessing Elements Card...
2025-09-12 20:30:09 [main] INFO  demoqaLog - Clicking on Elements Card...
🔹 Trying JS click by locator (attempt 1)
2025-09-12 20:30:09 [main] INFO  demoqaLog - 🔹 Trying JS click by locator (attempt 1)
🔹 Attempting JS click...
2025-09-12 20:30:09 [main] INFO  demoqaLog - 🔹 Attempting JS click...
⚡ Falling back to native click by locator (attempt 1)
2025-09-12 20:30:10 [main] INFO  demoqaLog - ⚡ Falling back to native click by locator (attempt 1)
2025-09-12 20:30:10 [main] INFO  demoqaLog - Clicked on Elements Card...
Title of this Page is: DEMOQA
You are Accessing: Elements
 
Elements: Please select an item from left to start practice.
2025-09-12 20:30:10 [main] INFO  demoqaBase - Elements: Please select an item from left to start practice.
2025-09-12 20:30:10 [main] INFO  demoqaBase - Clicking on Elements|Links|Home Link...
2025-09-12 20:30:10 [main] INFO  demoqaBase - Clicked on Elements|Links|Home Link...
2025-09-12 20:30:13 [main] INFO  demoqaBase - Clicking on Elements|Links|Created Link...
Waiting for the presence of Element: [[ChromeDriver: chrome on windows (439c04676a30d0d32a2602160a1403aa)] -> xpath: //*[@id='created']]
🔹 Trying JS click on WebElement (attempt 1)
2025-09-12 20:30:13 [main] INFO  demoqaLog - 🔹 Trying JS click on WebElement (attempt 1)
🔹 Attempting JS click...
2025-09-12 20:30:13 [main] INFO  demoqaLog - 🔹 Attempting JS click...
2025-09-12 20:30:13 [main] INFO  demoqaBase - Clicked on Elements|Links|Created Link...
2025-09-12 20:30:13 [main] INFO  FetchLinkResponse - Fetching link response...
2025-09-12 20:30:13 [main] INFO  FetchLinkResponse - Response fetched: Created
Created
2025-09-12 20:30:13 [main] INFO  demoqaBase - Clicked on Elements|Links|Created Link response is: Created
2025-09-12 20:30:13 [main] INFO  demoqaBase - ✅ Test for Elements|Links|Created Link Completed Successfully...
]]></system-out>
  </testcase>
  <testcase name="ClickNoContentLink" classname="tests.ElementsTests" time="3.598">
    <system-out><![CDATA[2025-09-12 20:30:13 [main] INFO  demoqaBase - Closing browser for test: ClickCreatedAPILink
2025-09-12 20:30:13 [main] INFO  DriverFactory - 🌐 Starting Chrome Web Browser...
2025-09-12 20:30:13 [main] INFO  DriverFactory - ✅ Created temporary Chrome profile at C:\Users\dell\AppData\Local\Temp\chrome-profile-34916500780561883
2025-09-12 20:30:14 [main] INFO  DriverFactory - 🚀 WebDriver started successfully
2025-09-12 20:30:14 [main] INFO  RetryUrlAccess - Navigating to URL (attempt 1): https://demoqa.com
Instance Variables Declared are: nullnull
2025-09-12 20:30:49 [main] INFO  demoqaBase - Accessing Elements Card...
2025-09-12 20:30:49 [main] INFO  demoqaLog - Clicking on Elements Card...
🔹 Trying JS click by locator (attempt 1)
2025-09-12 20:30:49 [main] INFO  demoqaLog - 🔹 Trying JS click by locator (attempt 1)
🔹 Attempting JS click...
2025-09-12 20:30:49 [main] INFO  demoqaLog - 🔹 Attempting JS click...
⚡ Falling back to native click by locator (attempt 1)
2025-09-12 20:30:49 [main] INFO  demoqaLog - ⚡ Falling back to native click by locator (attempt 1)
2025-09-12 20:30:49 [main] INFO  demoqaLog - Clicked on Elements Card...
Title of this Page is: DEMOQA
You are Accessing: Elements
 
Elements: Please select an item from left to start practice.
2025-09-12 20:30:49 [main] INFO  demoqaBase - Elements: Please select an item from left to start practice.
2025-09-12 20:30:49 [main] INFO  demoqaBase - Clicking on Elements|Links|Home Link...
2025-09-12 20:30:49 [main] INFO  demoqaBase - Clicked on Elements|Links|Home Link...
2025-09-12 20:30:52 [main] INFO  demoqaBase - Clicking on Elements|Links|No Content Link...
Waiting for the presence of Element: [[ChromeDriver: chrome on windows (a8b5694a5d3a624d5f66b9df73c33484)] -> xpath: //*[@id="no-content"]]
🔹 Trying JS click on WebElement (attempt 1)
2025-09-12 20:30:52 [main] INFO  demoqaLog - 🔹 Trying JS click on WebElement (attempt 1)
🔹 Attempting JS click...
2025-09-12 20:30:52 [main] INFO  demoqaLog - 🔹 Attempting JS click...
2025-09-12 20:30:52 [main] INFO  demoqaBase - Clicked on Elements|Links|No Content Link...
2025-09-12 20:30:52 [main] INFO  FetchLinkResponse - Fetching link response...
2025-09-12 20:30:52 [main] INFO  FetchLinkResponse - Response fetched: No Content
No Content
2025-09-12 20:30:52 [main] INFO  demoqaBase - Clicked on Elements|Links|No Content Link response is: No Content
2025-09-12 20:30:52 [main] INFO  demoqaBase - ✅ Test for Elements|Links|No Content Link Completed Successfully...
]]></system-out>
  </testcase>
  <testcase name="ClickMovedLink" classname="tests.ElementsTests" time="3.961">
    <system-out><![CDATA[2025-09-12 20:30:52 [main] INFO  demoqaBase - Closing browser for test: ClickNoContentLink
2025-09-12 20:30:52 [main] INFO  DriverFactory - 🌐 Starting Chrome Web Browser...
2025-09-12 20:30:52 [main] INFO  DriverFactory - ✅ Created temporary Chrome profile at C:\Users\dell\AppData\Local\Temp\chrome-profile-13523038777298985389
2025-09-12 20:30:53 [main] INFO  DriverFactory - 🚀 WebDriver started successfully
2025-09-12 20:30:53 [main] INFO  RetryUrlAccess - Navigating to URL (attempt 1): https://demoqa.com
2025-09-12 20:31:53 [main] WARN  RetryUrlAccess - Navigation attempt 1 failed: timeout: Timed out receiving message from renderer: 59.093
  (Session info: chrome=137.0.7151.120)
Build info: version: '4.35.0', revision: '1c58e5028b'
System info: os.name: 'Windows 11', os.arch: 'amd64', os.version: '10.0', java.version: '21.0.7'
Driver info: org.openqa.selenium.chrome.ChromeDriver
Command: [b35cec3d8fe273e154009c5af1664f81, get {url=https://demoqa.com}]
Capabilities {acceptInsecureCerts: false, browserName: chrome, browserVersion: 137.0.7151.120, chrome: {chromedriverVersion: 137.0.7151.119 (e0ac9d12dff..., userDataDir: C:\Users\dell\AppData\Local...}, fedcm:accounts: true, goog:chromeOptions: {debuggerAddress: localhost:58612}, networkConnectionEnabled: false, pageLoadStrategy: normal, platformName: windows, proxy: Proxy(), se:cdp: ws://localhost:58612/devtoo..., se:cdpVersion: 137.0.7151.120, setWindowRect: true, strictFileInteractability: false, timeouts: {implicit: 0, pageLoad: 300000, script: 30000}, unhandledPromptBehavior: dismiss and notify, webauthn:extension:credBlob: true, webauthn:extension:largeBlob: true, webauthn:extension:minPinLength: true, webauthn:extension:prf: true, webauthn:virtualAuthenticators: true}
Session ID: b35cec3d8fe273e154009c5af1664f81
2025-09-12 20:31:56 [main] INFO  RetryUrlAccess - Navigating to URL (attempt 2): https://demoqa.com
Instance Variables Declared are: nullnull
2025-09-12 20:31:57 [main] INFO  demoqaBase - Accessing Elements Card...
2025-09-12 20:31:57 [main] INFO  demoqaLog - Clicking on Elements Card...
🔹 Trying JS click by locator (attempt 1)
2025-09-12 20:31:57 [main] INFO  demoqaLog - 🔹 Trying JS click by locator (attempt 1)
🔹 Attempting JS click...
2025-09-12 20:31:57 [main] INFO  demoqaLog - 🔹 Attempting JS click...
⚡ Falling back to native click by locator (attempt 1)
2025-09-12 20:31:57 [main] INFO  demoqaLog - ⚡ Falling back to native click by locator (attempt 1)
2025-09-12 20:31:57 [main] INFO  demoqaLog - Clicked on Elements Card...
Title of this Page is: DEMOQA
You are Accessing: Elements
 
Elements: Please select an item from left to start practice.
2025-09-12 20:31:58 [main] INFO  demoqaBase - Elements: Please select an item from left to start practice.
2025-09-12 20:31:58 [main] INFO  demoqaBase - Clicking on Elements|Links|Home Link...
2025-09-12 20:31:58 [main] INFO  demoqaBase - Clicked on Elements|Links|Home Link...
2025-09-12 20:32:01 [main] INFO  demoqaBase - Clicking on Elements|Links|Moved Link...
🔹 Trying JS click on WebElement (attempt 1)
2025-09-12 20:32:01 [main] INFO  demoqaLog - 🔹 Trying JS click on WebElement (attempt 1)
🔹 Attempting JS click...
2025-09-12 20:32:01 [main] INFO  demoqaLog - 🔹 Attempting JS click...
2025-09-12 20:32:01 [main] INFO  demoqaBase - Clicked on Elements|Links|Moved Link...
2025-09-12 20:32:01 [main] INFO  FetchLinkResponse - Fetching link response...
2025-09-12 20:32:01 [main] INFO  FetchLinkResponse - Response fetched: Moved
Moved
2025-09-12 20:32:01 [main] INFO  demoqaBase - Clicked on Elements|Links|Moved Link Link response is: Moved
2025-09-12 20:32:01 [main] INFO  demoqaBase - ✅ Test for Elements|Links|Moved Link Completed Successfully...
]]></system-out>
  </testcase>
  <testcase name="ClickBadRequestLink" classname="tests.ElementsTests" time="3.824">
    <system-out><![CDATA[2025-09-12 20:32:01 [main] INFO  demoqaBase - Closing browser for test: ClickMovedLink
2025-09-12 20:32:01 [main] INFO  DriverFactory - 🌐 Starting Chrome Web Browser...
2025-09-12 20:32:01 [main] INFO  DriverFactory - ✅ Created temporary Chrome profile at C:\Users\dell\AppData\Local\Temp\chrome-profile-13748132709331181664
2025-09-12 20:32:02 [main] INFO  DriverFactory - 🚀 WebDriver started successfully
2025-09-12 20:32:02 [main] INFO  RetryUrlAccess - Navigating to URL (attempt 1): https://demoqa.com
2025-09-12 20:33:02 [main] WARN  RetryUrlAccess - Navigation attempt 1 failed: timeout: Timed out receiving message from renderer: 59.114
  (Session info: chrome=137.0.7151.120)
Build info: version: '4.35.0', revision: '1c58e5028b'
System info: os.name: 'Windows 11', os.arch: 'amd64', os.version: '10.0', java.version: '21.0.7'
Driver info: org.openqa.selenium.chrome.ChromeDriver
Command: [646d38d3e838301362206d12368c1fa4, get {url=https://demoqa.com}]
Capabilities {acceptInsecureCerts: false, browserName: chrome, browserVersion: 137.0.7151.120, chrome: {chromedriverVersion: 137.0.7151.119 (e0ac9d12dff..., userDataDir: C:\Users\dell\AppData\Local...}, fedcm:accounts: true, goog:chromeOptions: {debuggerAddress: localhost:58861}, networkConnectionEnabled: false, pageLoadStrategy: normal, platformName: windows, proxy: Proxy(), se:cdp: ws://localhost:58861/devtoo..., se:cdpVersion: 137.0.7151.120, setWindowRect: true, strictFileInteractability: false, timeouts: {implicit: 0, pageLoad: 300000, script: 30000}, unhandledPromptBehavior: dismiss and notify, webauthn:extension:credBlob: true, webauthn:extension:largeBlob: true, webauthn:extension:minPinLength: true, webauthn:extension:prf: true, webauthn:virtualAuthenticators: true}
Session ID: 646d38d3e838301362206d12368c1fa4
2025-09-12 20:33:05 [main] INFO  RetryUrlAccess - Navigating to URL (attempt 2): https://demoqa.com
Instance Variables Declared are: nullnull
2025-09-12 20:33:06 [main] INFO  demoqaBase - Accessing Elements Card...
2025-09-12 20:33:06 [main] INFO  demoqaLog - Clicking on Elements Card...
🔹 Trying JS click by locator (attempt 1)
2025-09-12 20:33:07 [main] INFO  demoqaLog - 🔹 Trying JS click by locator (attempt 1)
🔹 Attempting JS click...
2025-09-12 20:33:07 [main] INFO  demoqaLog - 🔹 Attempting JS click...
⚡ Falling back to native click by locator (attempt 1)
2025-09-12 20:33:07 [main] INFO  demoqaLog - ⚡ Falling back to native click by locator (attempt 1)
2025-09-12 20:33:07 [main] INFO  demoqaLog - Clicked on Elements Card...
Title of this Page is: DEMOQA
You are Accessing: Elements
 
Elements: Please select an item from left to start practice.
2025-09-12 20:33:07 [main] INFO  demoqaBase - Elements: Please select an item from left to start practice.
2025-09-12 20:33:07 [main] INFO  demoqaBase - Clicking on Elements|Links|Home Link...
2025-09-12 20:33:07 [main] INFO  demoqaBase - Clicked on Elements|Links|Home Link...
2025-09-12 20:33:10 [main] INFO  demoqaBase - Clicking on Elements|Links|Bad Request Link...
🔹 Trying JS click on WebElement (attempt 1)
2025-09-12 20:33:10 [main] INFO  demoqaLog - 🔹 Trying JS click on WebElement (attempt 1)
🔹 Attempting JS click...
2025-09-12 20:33:10 [main] INFO  demoqaLog - 🔹 Attempting JS click...
2025-09-12 20:33:10 [main] INFO  demoqaBase - Clicked on Elements|Links|Bad Request Link...
2025-09-12 20:33:10 [main] INFO  FetchLinkResponse - Fetching link response...
2025-09-12 20:33:10 [main] INFO  FetchLinkResponse - Response fetched: Bad Request
Bad Request
2025-09-12 20:33:10 [main] INFO  demoqaBase - Clicked on Elements|Links|Bad Request Link response is: Bad Request
2025-09-12 20:33:10 [main] INFO  demoqaBase - ✅ Test for Elements|Links|Bad Request Link Completed Successfully...
]]></system-out>
  </testcase>
  <testcase name="ClickUnauthorizedLink" classname="tests.ElementsTests" time="3.637">
    <system-out><![CDATA[2025-09-12 20:33:10 [main] INFO  demoqaBase - Closing browser for test: ClickBadRequestLink
2025-09-12 20:33:11 [main] INFO  DriverFactory - 🌐 Starting Chrome Web Browser...
2025-09-12 20:33:11 [main] INFO  DriverFactory - ✅ Created temporary Chrome profile at C:\Users\dell\AppData\Local\Temp\chrome-profile-3111608425244268187
2025-09-12 20:33:12 [main] INFO  DriverFactory - 🚀 WebDriver started successfully
2025-09-12 20:33:12 [main] INFO  RetryUrlAccess - Navigating to URL (attempt 1): https://demoqa.com
Instance Variables Declared are: nullnull
2025-09-12 20:34:09 [main] INFO  demoqaBase - Accessing Elements Card...
2025-09-12 20:34:09 [main] INFO  demoqaLog - Clicking on Elements Card...
🔹 Trying JS click by locator (attempt 1)
2025-09-12 20:34:09 [main] INFO  demoqaLog - 🔹 Trying JS click by locator (attempt 1)
🔹 Attempting JS click...
2025-09-12 20:34:09 [main] INFO  demoqaLog - 🔹 Attempting JS click...
⚡ Falling back to native click by locator (attempt 1)
2025-09-12 20:34:09 [main] INFO  demoqaLog - ⚡ Falling back to native click by locator (attempt 1)
2025-09-12 20:34:10 [main] INFO  demoqaLog - Clicked on Elements Card...
Title of this Page is: DEMOQA
You are Accessing: Elements
 
Elements: Please select an item from left to start practice.
2025-09-12 20:34:10 [main] INFO  demoqaBase - Elements: Please select an item from left to start practice.
2025-09-12 20:34:10 [main] INFO  demoqaBase - Clicking on Elements|Links|Home Link...
2025-09-12 20:34:10 [main] INFO  demoqaBase - Clicked on Elements|Links|Home Link...
2025-09-12 20:34:13 [main] INFO  demoqaBase - Clicking on Elements|Links|Unauthorized Link...
Waiting for the presence of Element: [[ChromeDriver: chrome on windows (b4ba8e98fceead2c88065a4f97c85e60)] -> xpath: //*[@id="unauthorized"]]
🔹 Trying JS click on WebElement (attempt 1)
2025-09-12 20:34:13 [main] INFO  demoqaLog - 🔹 Trying JS click on WebElement (attempt 1)
🔹 Attempting JS click...
2025-09-12 20:34:13 [main] INFO  demoqaLog - 🔹 Attempting JS click...
2025-09-12 20:34:13 [main] INFO  demoqaBase - Clicked on Elements|Links|Unauthorized Link...
2025-09-12 20:34:13 [main] INFO  FetchLinkResponse - Fetching link response...
2025-09-12 20:34:13 [main] INFO  FetchLinkResponse - Response fetched: Unauthorized
Unauthorized
2025-09-12 20:34:13 [main] INFO  demoqaBase - Clicked on Elements|Links|Unauthorized Link response is: Unauthorized
2025-09-12 20:34:13 [main] INFO  demoqaBase - ✅ Test for Elements|Links|Unauthorized Link Completed Successfully...
]]></system-out>
  </testcase>
  <testcase name="ClickForbiddenLink" classname="tests.ElementsTests" time="3.555">
    <system-out><![CDATA[2025-09-12 20:34:13 [main] INFO  demoqaBase - Closing browser for test: ClickUnauthorizedLink
2025-09-12 20:34:13 [main] INFO  DriverFactory - 🌐 Starting Chrome Web Browser...
2025-09-12 20:34:13 [main] INFO  DriverFactory - ✅ Created temporary Chrome profile at C:\Users\dell\AppData\Local\Temp\chrome-profile-4293489203788529599
2025-09-12 20:34:14 [main] INFO  DriverFactory - 🚀 WebDriver started successfully
2025-09-12 20:34:14 [main] INFO  RetryUrlAccess - Navigating to URL (attempt 1): https://demoqa.com
Instance Variables Declared are: nullnull
2025-09-12 20:34:59 [main] INFO  demoqaBase - Accessing Elements Card...
2025-09-12 20:34:59 [main] INFO  demoqaLog - Clicking on Elements Card...
🔹 Trying JS click by locator (attempt 1)
2025-09-12 20:34:59 [main] INFO  demoqaLog - 🔹 Trying JS click by locator (attempt 1)
🔹 Attempting JS click...
2025-09-12 20:34:59 [main] INFO  demoqaLog - 🔹 Attempting JS click...
⚡ Falling back to native click by locator (attempt 1)
2025-09-12 20:34:59 [main] INFO  demoqaLog - ⚡ Falling back to native click by locator (attempt 1)
2025-09-12 20:34:59 [main] INFO  demoqaLog - Clicked on Elements Card...
Title of this Page is: DEMOQA
You are Accessing: Elements
 
Elements: Please select an item from left to start practice.
2025-09-12 20:34:59 [main] INFO  demoqaBase - Elements: Please select an item from left to start practice.
2025-09-12 20:34:59 [main] INFO  demoqaBase - Clicking on Elements|Links|Home Link...
2025-09-12 20:34:59 [main] INFO  demoqaBase - Clicked on Elements|Links|Home Link...
2025-09-12 20:35:02 [main] INFO  demoqaBase - Clicking on Elements|Links|Forbidden Link...
🔹 Trying JS click on WebElement (attempt 1)
2025-09-12 20:35:02 [main] INFO  demoqaLog - 🔹 Trying JS click on WebElement (attempt 1)
🔹 Attempting JS click...
2025-09-12 20:35:02 [main] INFO  demoqaLog - 🔹 Attempting JS click...
2025-09-12 20:35:02 [main] INFO  demoqaBase - Clicked on Elements|Links|Forbidden Link...
2025-09-12 20:35:02 [main] INFO  FetchLinkResponse - Fetching link response...
2025-09-12 20:35:02 [main] INFO  FetchLinkResponse - Response fetched: Forbidden
Forbidden
2025-09-12 20:35:02 [main] INFO  demoqaBase - Clicked on Elements|Links|Forbidden Link response is: Forbidden
2025-09-12 20:35:02 [main] INFO  demoqaBase - ✅ Test for Elements|Links|Forbidden Link Completed Successfully...
]]></system-out>
  </testcase>
  <testcase name="ClickNotFoundLink" classname="tests.ElementsTests" time="3.575">
    <system-out><![CDATA[2025-09-12 20:35:02 [main] INFO  demoqaBase - Closing browser for test: ClickForbiddenLink
2025-09-12 20:35:03 [main] INFO  DriverFactory - 🌐 Starting Chrome Web Browser...
2025-09-12 20:35:03 [main] INFO  DriverFactory - ✅ Created temporary Chrome profile at C:\Users\dell\AppData\Local\Temp\chrome-profile-2395631372615393986
2025-09-12 20:35:03 [main] INFO  DriverFactory - 🚀 WebDriver started successfully
2025-09-12 20:35:03 [main] INFO  RetryUrlAccess - Navigating to URL (attempt 1): https://demoqa.com
Instance Variables Declared are: nullnull
2025-09-12 20:35:38 [main] INFO  demoqaBase - Accessing Elements Card...
2025-09-12 20:35:38 [main] INFO  demoqaLog - Clicking on Elements Card...
🔹 Trying JS click by locator (attempt 1)
2025-09-12 20:35:38 [main] INFO  demoqaLog - 🔹 Trying JS click by locator (attempt 1)
🔹 Attempting JS click...
2025-09-12 20:35:38 [main] INFO  demoqaLog - 🔹 Attempting JS click...
⚡ Falling back to native click by locator (attempt 1)
2025-09-12 20:35:38 [main] INFO  demoqaLog - ⚡ Falling back to native click by locator (attempt 1)
2025-09-12 20:35:38 [main] INFO  demoqaLog - Clicked on Elements Card...
Title of this Page is: DEMOQA
You are Accessing: Elements
 
Elements: Please select an item from left to start practice.
2025-09-12 20:35:39 [main] INFO  demoqaBase - Elements: Please select an item from left to start practice.
2025-09-12 20:35:39 [main] INFO  demoqaBase - Clicking on Elements|Links|Home Link...
2025-09-12 20:35:39 [main] INFO  demoqaBase - Clicked on Elements|Links|Home Link...
2025-09-12 20:35:42 [main] INFO  demoqaBase - Clicking on Elements|Links|NotFound Link...
🔹 Trying JS click on WebElement (attempt 1)
2025-09-12 20:35:42 [main] INFO  demoqaLog - 🔹 Trying JS click on WebElement (attempt 1)
🔹 Attempting JS click...
2025-09-12 20:35:42 [main] INFO  demoqaLog - 🔹 Attempting JS click...
2025-09-12 20:35:42 [main] INFO  demoqaBase - Clicked on Elements|Links|NotFound Link...
2025-09-12 20:35:42 [main] INFO  FetchLinkResponse - Fetching link response...
2025-09-12 20:35:42 [main] INFO  FetchLinkResponse - Response fetched: Not Found
Not Found
2025-09-12 20:35:42 [main] INFO  demoqaBase - Clicked on Elements|Links|Not Found Link response is: Not Found
2025-09-12 20:35:42 [main] INFO  demoqaBase - ✅ Test for Elements|Links|NotFound Link Completed Successfully...
]]></system-out>
  </testcase>
  <testcase name="ClickAllLinks" classname="tests.ElementsTests" time="25.993">
    <system-out><![CDATA[2025-09-12 20:35:42 [main] INFO  demoqaBase - Closing browser for test: ClickNotFoundLink
2025-09-12 20:35:42 [main] INFO  DriverFactory - 🌐 Starting Chrome Web Browser...
2025-09-12 20:35:42 [main] INFO  DriverFactory - ✅ Created temporary Chrome profile at C:\Users\dell\AppData\Local\Temp\chrome-profile-16872787137601521851
2025-09-12 20:35:43 [main] INFO  DriverFactory - 🚀 WebDriver started successfully
2025-09-12 20:35:43 [main] INFO  RetryUrlAccess - Navigating to URL (attempt 1): https://demoqa.com
Instance Variables Declared are: nullnull
2025-09-12 20:36:23 [main] INFO  demoqaBase - Accessing Elements Card...
2025-09-12 20:36:23 [main] INFO  demoqaLog - Clicking on Elements Card...
🔹 Trying JS click by locator (attempt 1)
2025-09-12 20:36:23 [main] INFO  demoqaLog - 🔹 Trying JS click by locator (attempt 1)
🔹 Attempting JS click...
2025-09-12 20:36:23 [main] INFO  demoqaLog - 🔹 Attempting JS click...
⚡ Falling back to native click by locator (attempt 1)
2025-09-12 20:36:23 [main] INFO  demoqaLog - ⚡ Falling back to native click by locator (attempt 1)
2025-09-12 20:36:23 [main] INFO  demoqaLog - Clicked on Elements Card...
Title of this Page is: DEMOQA
You are Accessing: Elements
 
Elements: Please select an item from left to start practice.
2025-09-12 20:36:23 [main] INFO  demoqaBase - Elements: Please select an item from left to start practice.
2025-09-12 20:36:23 [main] INFO  demoqaBase - Clicking on Elements|Links|Home Link...
2025-09-12 20:36:23 [main] INFO  demoqaBase - Clicked on Elements|Links|Home Link...
2025-09-12 20:36:23 [main] INFO  demoqaBase - Clicking on Elements|Links|Home Link...
🔹 Trying JS click on WebElement (attempt 1)
2025-09-12 20:36:23 [main] INFO  demoqaLog - 🔹 Trying JS click on WebElement (attempt 1)
🔹 Attempting JS click...
2025-09-12 20:36:23 [main] INFO  demoqaLog - 🔹 Attempting JS click...
2025-09-12 20:36:23 [main] INFO  demoqaBase - Clicked on Elements|Links|Home Link...
2025-09-12 20:36:26 [main] INFO  demoqaBase - Clicking on Elements|Links|DynamicHome Link...
🔹 Trying JS click on WebElement (attempt 1)
2025-09-12 20:36:26 [main] INFO  demoqaLog - 🔹 Trying JS click on WebElement (attempt 1)
🔹 Attempting JS click...
2025-09-12 20:36:26 [main] INFO  demoqaLog - 🔹 Attempting JS click...
2025-09-12 20:36:27 [main] INFO  demoqaBase - Clicked on Elements|Links|DynamicHome Link...
2025-09-12 20:36:30 [main] INFO  demoqaBase - Clicking on Elements|Links|Created Link...
Waiting for the presence of Element: [[ChromeDriver: chrome on windows (109bbf059ba29464b0a553c547b45332)] -> xpath: //*[@id='created']]
🔹 Trying JS click on WebElement (attempt 1)
2025-09-12 20:36:30 [main] INFO  demoqaLog - 🔹 Trying JS click on WebElement (attempt 1)
🔹 Attempting JS click...
2025-09-12 20:36:30 [main] INFO  demoqaLog - 🔹 Attempting JS click...
2025-09-12 20:36:30 [main] INFO  demoqaBase - Clicked on Elements|Links|Created Link...
2025-09-12 20:36:30 [main] INFO  FetchLinkResponse - Fetching link response...
2025-09-12 20:36:30 [main] INFO  FetchLinkResponse - Response fetched: Created
Created
2025-09-12 20:36:30 [main] INFO  demoqaBase - Clicked on Elements|Links|Created Link response is: Created
2025-09-12 20:36:33 [main] INFO  demoqaBase - Clicking on Elements|Links|No Content Link...
Waiting for the presence of Element: [[ChromeDriver: chrome on windows (109bbf059ba29464b0a553c547b45332)] -> xpath: //*[@id="no-content"]]
🔹 Trying JS click on WebElement (attempt 1)
2025-09-12 20:36:33 [main] INFO  demoqaLog - 🔹 Trying JS click on WebElement (attempt 1)
🔹 Attempting JS click...
2025-09-12 20:36:33 [main] INFO  demoqaLog - 🔹 Attempting JS click...
2025-09-12 20:36:33 [main] INFO  demoqaBase - Clicked on Elements|Links|No Content Link...
2025-09-12 20:36:33 [main] INFO  FetchLinkResponse - Fetching link response...
2025-09-12 20:36:33 [main] INFO  FetchLinkResponse - Response fetched: No Content
No Content
2025-09-12 20:36:33 [main] INFO  demoqaBase - Clicked on Elements|Links|No Content Link response is: No Content
2025-09-12 20:36:36 [main] INFO  demoqaBase - Clicking on Elements|Links|Moved Link...
🔹 Trying JS click on WebElement (attempt 1)
2025-09-12 20:36:36 [main] INFO  demoqaLog - 🔹 Trying JS click on WebElement (attempt 1)
🔹 Attempting JS click...
2025-09-12 20:36:36 [main] INFO  demoqaLog - 🔹 Attempting JS click...
2025-09-12 20:36:36 [main] INFO  demoqaBase - Clicked on Elements|Links|Moved Link...
2025-09-12 20:36:36 [main] INFO  FetchLinkResponse - Fetching link response...
2025-09-12 20:36:36 [main] INFO  FetchLinkResponse - Response fetched: Moved
Moved
2025-09-12 20:36:36 [main] INFO  demoqaBase - Clicked on Elements|Links|Moved Link Link response is: Moved
2025-09-12 20:36:39 [main] INFO  demoqaBase - Clicking on Elements|Links|Bad Request Link...
🔹 Trying JS click on WebElement (attempt 1)
2025-09-12 20:36:39 [main] INFO  demoqaLog - 🔹 Trying JS click on WebElement (attempt 1)
🔹 Attempting JS click...
2025-09-12 20:36:39 [main] INFO  demoqaLog - 🔹 Attempting JS click...
2025-09-12 20:36:39 [main] INFO  demoqaBase - Clicked on Elements|Links|Bad Request Link...
2025-09-12 20:36:39 [main] INFO  FetchLinkResponse - Fetching link response...
2025-09-12 20:36:39 [main] INFO  FetchLinkResponse - Response fetched: Bad Request
Bad Request
2025-09-12 20:36:39 [main] INFO  demoqaBase - Clicked on Elements|Links|Bad Request Link response is: Bad Request
2025-09-12 20:36:42 [main] INFO  demoqaBase - Clicking on Elements|Links|Unauthorized Link...
Waiting for the presence of Element: [[ChromeDriver: chrome on windows (109bbf059ba29464b0a553c547b45332)] -> xpath: //*[@id="unauthorized"]]
🔹 Trying JS click on WebElement (attempt 1)
2025-09-12 20:36:42 [main] INFO  demoqaLog - 🔹 Trying JS click on WebElement (attempt 1)
🔹 Attempting JS click...
2025-09-12 20:36:42 [main] INFO  demoqaLog - 🔹 Attempting JS click...
2025-09-12 20:36:42 [main] INFO  demoqaBase - Clicked on Elements|Links|Unauthorized Link...
2025-09-12 20:36:42 [main] INFO  FetchLinkResponse - Fetching link response...
2025-09-12 20:36:43 [main] INFO  FetchLinkResponse - Response fetched: Unauthorized
Unauthorized
2025-09-12 20:36:43 [main] INFO  demoqaBase - Clicked on Elements|Links|Unauthorized Link response is: Unauthorized
2025-09-12 20:36:46 [main] INFO  demoqaBase - Clicking on Elements|Links|Forbidden Link...
🔹 Trying JS click on WebElement (attempt 1)
2025-09-12 20:36:46 [main] INFO  demoqaLog - 🔹 Trying JS click on WebElement (attempt 1)
🔹 Attempting JS click...
2025-09-12 20:36:46 [main] INFO  demoqaLog - 🔹 Attempting JS click...
2025-09-12 20:36:46 [main] INFO  demoqaBase - Clicked on Elements|Links|Forbidden Link...
2025-09-12 20:36:46 [main] INFO  FetchLinkResponse - Fetching link response...
2025-09-12 20:36:46 [main] INFO  FetchLinkResponse - Response fetched: Forbidden
Forbidden
2025-09-12 20:36:46 [main] INFO  demoqaBase - Clicked on Elements|Links|Forbidden Link response is: Forbidden
2025-09-12 20:36:49 [main] INFO  demoqaBase - Clicking on Elements|Links|NotFound Link...
🔹 Trying JS click on WebElement (attempt 1)
2025-09-12 20:36:49 [main] INFO  demoqaLog - 🔹 Trying JS click on WebElement (attempt 1)
🔹 Attempting JS click...
2025-09-12 20:36:49 [main] INFO  demoqaLog - 🔹 Attempting JS click...
2025-09-12 20:36:49 [main] INFO  demoqaBase - Clicked on Elements|Links|NotFound Link...
2025-09-12 20:36:49 [main] INFO  FetchLinkResponse - Fetching link response...
2025-09-12 20:36:49 [main] INFO  FetchLinkResponse - Response fetched: Not Found
Not Found
2025-09-12 20:36:49 [main] INFO  demoqaBase - Clicked on Elements|Links|Not Found Link response is: Not Found
2025-09-12 20:36:49 [main] INFO  demoqaBase - ✅ Test for Elements|Links|All Links in One GO Completed Successfully...
]]></system-out>
  </testcase>
  <testcase name="ClickBrokenLinksImages" classname="tests.ElementsTests" time="0.524">
    <system-out><![CDATA[2025-09-12 20:36:49 [main] INFO  demoqaBase - Closing browser for test: ClickAllLinks
2025-09-12 20:36:49 [main] INFO  DriverFactory - 🌐 Starting Chrome Web Browser...
2025-09-12 20:36:49 [main] INFO  DriverFactory - ✅ Created temporary Chrome profile at C:\Users\dell\AppData\Local\Temp\chrome-profile-5729359776152323912
2025-09-12 20:36:50 [main] INFO  DriverFactory - 🚀 WebDriver started successfully
2025-09-12 20:36:50 [main] INFO  RetryUrlAccess - Navigating to URL (attempt 1): https://demoqa.com
Instance Variables Declared are: nullnull
2025-09-12 20:37:24 [main] INFO  demoqaBase - Accessing Elements Card...
2025-09-12 20:37:24 [main] INFO  demoqaLog - Clicking on Elements Card...
🔹 Trying JS click by locator (attempt 1)
2025-09-12 20:37:24 [main] INFO  demoqaLog - 🔹 Trying JS click by locator (attempt 1)
🔹 Attempting JS click...
2025-09-12 20:37:24 [main] INFO  demoqaLog - 🔹 Attempting JS click...
⚡ Falling back to native click by locator (attempt 1)
2025-09-12 20:37:24 [main] INFO  demoqaLog - ⚡ Falling back to native click by locator (attempt 1)
2025-09-12 20:37:24 [main] INFO  demoqaLog - Clicked on Elements Card...
Title of this Page is: DEMOQA
You are Accessing: Elements
 
Elements: Please select an item from left to start practice.
2025-09-12 20:37:25 [main] INFO  demoqaBase - Elements: Please select an item from left to start practice.
2025-09-12 20:37:25 [main] INFO  demoqaBase - Clicking on Elements|Broken Links - Images...
Waiting for the presence of Element: [[ChromeDriver: chrome on windows (54a237584652758e6cc3b09e2db8e380)] -> xpath: //span[normalize-space()='Broken Links - Images']]
🔹 Trying JS click on WebElement (attempt 1)
2025-09-12 20:37:25 [main] INFO  demoqaLog - 🔹 Trying JS click on WebElement (attempt 1)
🔹 Attempting JS click...
2025-09-12 20:37:25 [main] INFO  demoqaLog - 🔹 Attempting JS click...
2025-09-12 20:37:25 [main] INFO  demoqaBase - Clicked on Elements|Broken Links - Images...
Page Title is: Broken Links - Images
2025-09-12 20:37:25 [main] INFO  demoqaBase - ✅ Test for Elements|Broken Links - Images Completed Successfully...
]]></system-out>
  </testcase>
  <testcase name="GetValidImage" classname="tests.ElementsTests" time="3.601">
    <system-out><![CDATA[2025-09-12 20:37:25 [main] INFO  demoqaBase - Closing browser for test: ClickBrokenLinksImages
2025-09-12 20:37:25 [main] INFO  DriverFactory - 🌐 Starting Chrome Web Browser...
2025-09-12 20:37:25 [main] INFO  DriverFactory - ✅ Created temporary Chrome profile at C:\Users\dell\AppData\Local\Temp\chrome-profile-8561021227174192439
2025-09-12 20:37:26 [main] INFO  DriverFactory - 🚀 WebDriver started successfully
2025-09-12 20:37:26 [main] INFO  RetryUrlAccess - Navigating to URL (attempt 1): https://demoqa.com
Instance Variables Declared are: nullnull
2025-09-12 20:38:01 [main] INFO  demoqaBase - Accessing Elements Card...
2025-09-12 20:38:01 [main] INFO  demoqaLog - Clicking on Elements Card...
🔹 Trying JS click by locator (attempt 1)
2025-09-12 20:38:01 [main] INFO  demoqaLog - 🔹 Trying JS click by locator (attempt 1)
🔹 Attempting JS click...
2025-09-12 20:38:01 [main] INFO  demoqaLog - 🔹 Attempting JS click...
⚡ Falling back to native click by locator (attempt 1)
2025-09-12 20:38:01 [main] INFO  demoqaLog - ⚡ Falling back to native click by locator (attempt 1)
2025-09-12 20:38:01 [main] INFO  demoqaLog - Clicked on Elements Card...
Title of this Page is: DEMOQA
You are Accessing: Elements
 
Elements: Please select an item from left to start practice.
2025-09-12 20:38:01 [main] INFO  demoqaBase - Elements: Please select an item from left to start practice.
2025-09-12 20:38:01 [main] INFO  demoqaBase - Clicking on Elements|Broken Links - Images...
Waiting for the presence of Element: [[ChromeDriver: chrome on windows (cb4114b1f71565ec29e6fbfce0d6b86d)] -> xpath: //span[normalize-space()='Broken Links - Images']]
🔹 Trying JS click on WebElement (attempt 1)
2025-09-12 20:38:01 [main] INFO  demoqaLog - 🔹 Trying JS click on WebElement (attempt 1)
🔹 Attempting JS click...
2025-09-12 20:38:01 [main] INFO  demoqaLog - 🔹 Attempting JS click...
2025-09-12 20:38:01 [main] INFO  demoqaBase - Clicked on Elements|Broken Links - Images...
Page Title is: Broken Links - Images
2025-09-12 20:38:04 [main] INFO  demoqaBase - Checking for Elements|Broken Links|Valid Image...
Found WebElement of: Valid image
2025-09-12 20:38:04 [main] INFO  demoqaBase - Checked Elements|Broken Links|Valid Image Valid image
2025-09-12 20:38:04 [main] INFO  demoqaBase - ✅ Test for Elements|Broken Links - Images|Valid Image Completed Successfully...
]]></system-out>
  </testcase>
  <testcase name="GetBrokenImage" classname="tests.ElementsTests" time="3.607">
    <system-out><![CDATA[2025-09-12 20:38:04 [main] INFO  demoqaBase - Closing browser for test: GetValidImage
2025-09-12 20:38:05 [main] INFO  DriverFactory - 🌐 Starting Chrome Web Browser...
2025-09-12 20:38:05 [main] INFO  DriverFactory - ✅ Created temporary Chrome profile at C:\Users\dell\AppData\Local\Temp\chrome-profile-1323855649405456009
2025-09-12 20:38:06 [main] INFO  DriverFactory - 🚀 WebDriver started successfully
2025-09-12 20:38:06 [main] INFO  RetryUrlAccess - Navigating to URL (attempt 1): https://demoqa.com
Instance Variables Declared are: nullnull
2025-09-12 20:38:40 [main] INFO  demoqaBase - Accessing Elements Card...
2025-09-12 20:38:40 [main] INFO  demoqaLog - Clicking on Elements Card...
🔹 Trying JS click by locator (attempt 1)
2025-09-12 20:38:40 [main] INFO  demoqaLog - 🔹 Trying JS click by locator (attempt 1)
🔹 Attempting JS click...
2025-09-12 20:38:40 [main] INFO  demoqaLog - 🔹 Attempting JS click...
⚡ Falling back to native click by locator (attempt 1)
2025-09-12 20:38:40 [main] INFO  demoqaLog - ⚡ Falling back to native click by locator (attempt 1)
2025-09-12 20:38:40 [main] INFO  demoqaLog - Clicked on Elements Card...
Title of this Page is: DEMOQA
You are Accessing: Elements
 
Elements: Please select an item from left to start practice.
2025-09-12 20:38:40 [main] INFO  demoqaBase - Elements: Please select an item from left to start practice.
2025-09-12 20:38:40 [main] INFO  demoqaBase - Clicking on Elements|Broken Links - Images...
Waiting for the presence of Element: [[ChromeDriver: chrome on windows (8b24c2c3375badd49337359aece78635)] -> xpath: //span[normalize-space()='Broken Links - Images']]
🔹 Trying JS click on WebElement (attempt 1)
2025-09-12 20:38:40 [main] INFO  demoqaLog - 🔹 Trying JS click on WebElement (attempt 1)
🔹 Attempting JS click...
2025-09-12 20:38:40 [main] INFO  demoqaLog - 🔹 Attempting JS click...
2025-09-12 20:38:41 [main] INFO  demoqaBase - Clicked on Elements|Broken Links - Images...
Page Title is: Broken Links - Images
2025-09-12 20:38:44 [main] INFO  demoqaBase - Checking for Elements|Broken Links|Valid Image...
Found WebElement of: Broken image
2025-09-12 20:38:44 [main] INFO  demoqaBase - Checked Elements|Broken Links|Broken Image Broken image
2025-09-12 20:38:44 [main] INFO  demoqaBase - ✅ Test for Elements|Broken Links - Images|Broken Image Completed Successfully...
]]></system-out>
  </testcase>
  <testcase name="BrokenLinksBrokenlink" classname="tests.ElementsTests" time="7.283">
    <system-out><![CDATA[2025-09-12 20:38:44 [main] INFO  demoqaBase - Closing browser for test: GetBrokenImage
2025-09-12 20:38:44 [main] INFO  DriverFactory - 🌐 Starting Chrome Web Browser...
2025-09-12 20:38:44 [main] INFO  DriverFactory - ✅ Created temporary Chrome profile at C:\Users\dell\AppData\Local\Temp\chrome-profile-18349892897357962176
2025-09-12 20:38:45 [main] INFO  DriverFactory - 🚀 WebDriver started successfully
2025-09-12 20:38:45 [main] INFO  RetryUrlAccess - Navigating to URL (attempt 1): https://demoqa.com
Instance Variables Declared are: nullnull
2025-09-12 20:39:19 [main] INFO  demoqaBase - Accessing Elements Card...
2025-09-12 20:39:19 [main] INFO  demoqaLog - Clicking on Elements Card...
🔹 Trying JS click by locator (attempt 1)
2025-09-12 20:39:19 [main] INFO  demoqaLog - 🔹 Trying JS click by locator (attempt 1)
🔹 Attempting JS click...
2025-09-12 20:39:19 [main] INFO  demoqaLog - 🔹 Attempting JS click...
⚡ Falling back to native click by locator (attempt 1)
2025-09-12 20:39:19 [main] INFO  demoqaLog - ⚡ Falling back to native click by locator (attempt 1)
2025-09-12 20:39:20 [main] INFO  demoqaLog - Clicked on Elements Card...
Title of this Page is: DEMOQA
You are Accessing: Elements
 
Elements: Please select an item from left to start practice.
2025-09-12 20:39:20 [main] INFO  demoqaBase - Elements: Please select an item from left to start practice.
2025-09-12 20:39:20 [main] INFO  demoqaBase - Clicking on Elements|Broken Links - Images...
Waiting for the presence of Element: [[ChromeDriver: chrome on windows (254719e8984973d56f446787760f9b44)] -> xpath: //span[normalize-space()='Broken Links - Images']]
🔹 Trying JS click on WebElement (attempt 1)
2025-09-12 20:39:20 [main] INFO  demoqaLog - 🔹 Trying JS click on WebElement (attempt 1)
🔹 Attempting JS click...
2025-09-12 20:39:20 [main] INFO  demoqaLog - 🔹 Attempting JS click...
2025-09-12 20:39:20 [main] INFO  demoqaBase - Clicked on Elements|Broken Links - Images...
Page Title is: Broken Links - Images
2025-09-12 20:39:23 [main] INFO  demoqaBase - Checking for Elements|Broken Links|Broken Link...
Waiting for the presence of Element: [[ChromeDriver: chrome on windows (254719e8984973d56f446787760f9b44)] -> xpath: //a[normalize-space()='Click Here for Broken Link']]
🔹 Trying JS click on WebElement (attempt 1)
2025-09-12 20:39:23 [main] INFO  demoqaLog - 🔹 Trying JS click on WebElement (attempt 1)
🔹 Attempting JS click...
2025-09-12 20:39:23 [main] INFO  demoqaLog - 🔹 Attempting JS click...
2025-09-12 20:39:27 [main] INFO  demoqaBase - Clicked on Elements|Broken Links - Images|Broken Link...
Broken Link Response is: This page returned a 500 status code.

For a definition and common list of HTTP status codes, go here
2025-09-12 20:39:27 [main] INFO  demoqaBase - Broken Link Response is: This page returned a 500 status code.

For a definition and common list of HTTP status codes, go here
2025-09-12 20:39:27 [main] INFO  demoqaBase - ✅ Test for Elements|Broken Links - Images|Broken Link Completed Successfully...
]]></system-out>
  </testcase>
  <testcase name="BrokenLinksValidlink" classname="tests.ElementsTests" time="4.344">
    <system-out><![CDATA[2025-09-12 20:39:27 [main] INFO  demoqaBase - Closing browser for test: BrokenLinksBrokenlink
2025-09-12 20:39:27 [main] INFO  DriverFactory - 🌐 Starting Chrome Web Browser...
2025-09-12 20:39:27 [main] INFO  DriverFactory - ✅ Created temporary Chrome profile at C:\Users\dell\AppData\Local\Temp\chrome-profile-8221962294584540294
2025-09-12 20:39:28 [main] INFO  DriverFactory - 🚀 WebDriver started successfully
2025-09-12 20:39:28 [main] INFO  RetryUrlAccess - Navigating to URL (attempt 1): https://demoqa.com
Instance Variables Declared are: nullnull
2025-09-12 20:40:02 [main] INFO  demoqaBase - Accessing Elements Card...
2025-09-12 20:40:02 [main] INFO  demoqaLog - Clicking on Elements Card...
🔹 Trying JS click by locator (attempt 1)
2025-09-12 20:40:02 [main] INFO  demoqaLog - 🔹 Trying JS click by locator (attempt 1)
🔹 Attempting JS click...
2025-09-12 20:40:02 [main] INFO  demoqaLog - 🔹 Attempting JS click...
⚡ Falling back to native click by locator (attempt 1)
2025-09-12 20:40:03 [main] INFO  demoqaLog - ⚡ Falling back to native click by locator (attempt 1)
2025-09-12 20:40:03 [main] INFO  demoqaLog - Clicked on Elements Card...
Title of this Page is: DEMOQA
You are Accessing: Elements
 
Elements: Please select an item from left to start practice.
2025-09-12 20:40:03 [main] INFO  demoqaBase - Elements: Please select an item from left to start practice.
2025-09-12 20:40:03 [main] INFO  demoqaBase - Clicking on Elements|Broken Links - Images...
Waiting for the presence of Element: [[ChromeDriver: chrome on windows (52bec524c9f5cbf01545fe1ba77b3789)] -> xpath: //span[normalize-space()='Broken Links - Images']]
🔹 Trying JS click on WebElement (attempt 1)
2025-09-12 20:40:03 [main] INFO  demoqaLog - 🔹 Trying JS click on WebElement (attempt 1)
🔹 Attempting JS click...
2025-09-12 20:40:03 [main] INFO  demoqaLog - 🔹 Attempting JS click...
2025-09-12 20:40:03 [main] INFO  demoqaBase - Clicked on Elements|Broken Links - Images...
Page Title is: Broken Links - Images
2025-09-12 20:40:06 [main] INFO  demoqaBase - Checking for Elements|Broken Links|Valid Link...
Waiting for the presence of Element: [[ChromeDriver: chrome on windows (52bec524c9f5cbf01545fe1ba77b3789)] -> xpath: //a[normalize-space()='Click Here for Valid Link']]
🔹 Trying JS click on WebElement (attempt 1)
2025-09-12 20:40:06 [main] INFO  demoqaLog - 🔹 Trying JS click on WebElement (attempt 1)
🔹 Attempting JS click...
2025-09-12 20:40:06 [main] INFO  demoqaLog - 🔹 Attempting JS click...
2025-09-12 20:40:07 [main] INFO  demoqaBase - Clicked on Elements|Broken Links - Images|Valid Link...
Logo of Valid Link Clicked https://demoqa.com/images/Toolsqa.jpg
2025-09-12 20:40:07 [main] INFO  demoqaBase - Logo source: https://demoqa.com/images/Toolsqa.jpg
2025-09-12 20:40:07 [main] INFO  demoqaBase - ✅ Test for Elements|Broken Links - Images|Valid Link Completed Successfully...
]]></system-out>
  </testcase>
  <testcase name="UploadDownloadlink" classname="tests.ElementsTests" time="1.456">
    <system-out><![CDATA[2025-09-12 20:40:07 [main] INFO  demoqaBase - Closing browser for test: BrokenLinksValidlink
2025-09-12 20:40:07 [main] WARN  PauseManager - ⏸ Pausing for 5 minutes after 80 tests...
2025-09-12 20:40:07 [main] INFO  PauseManager - ▶ Resuming in 5 minutes...
2025-09-12 20:41:07 [main] INFO  PauseManager - ▶ Resuming in 4 minutes...
2025-09-12 20:42:08 [main] INFO  PauseManager - ▶ Resuming in 3 minutes...
2025-09-12 20:43:08 [main] INFO  PauseManager - ▶ Resuming in 2 minutes...
2025-09-12 20:44:08 [main] INFO  PauseManager - ▶ Resuming in 1 minutes...
2025-09-12 20:44:58 [main] INFO  PauseManager - ▶ Resuming in 10 seconds...
2025-09-12 20:44:59 [main] INFO  PauseManager - ▶ Resuming in 9 seconds...
2025-09-12 20:45:00 [main] INFO  PauseManager - ▶ Resuming in 8 seconds...
2025-09-12 20:45:01 [main] INFO  PauseManager - ▶ Resuming in 7 seconds...
2025-09-12 20:45:02 [main] INFO  PauseManager - ▶ Resuming in 6 seconds...
2025-09-12 20:45:03 [main] INFO  PauseManager - ▶ Resuming in 5 seconds...
2025-09-12 20:45:04 [main] INFO  PauseManager - ▶ Resuming in 4 seconds...
2025-09-12 20:45:05 [main] INFO  PauseManager - ▶ Resuming in 3 seconds...
2025-09-12 20:45:06 [main] INFO  PauseManager - ▶ Resuming in 2 seconds...
2025-09-12 20:45:07 [main] INFO  PauseManager - ▶ Resuming in 1 seconds...
2025-09-12 20:45:08 [main] INFO  PauseManager - ✅ Pause complete. Resuming tests...
2025-09-12 20:45:08 [main] INFO  DriverFactory - 🌐 Starting Chrome Web Browser...
2025-09-12 20:45:08 [main] INFO  DriverFactory - ✅ Created temporary Chrome profile at C:\Users\dell\AppData\Local\Temp\chrome-profile-6395009716951498172
2025-09-12 20:45:09 [main] INFO  DriverFactory - 🚀 WebDriver started successfully
2025-09-12 20:45:09 [main] INFO  RetryUrlAccess - Navigating to URL (attempt 1): https://demoqa.com
Instance Variables Declared are: nullnull
2025-09-12 20:45:34 [main] INFO  demoqaBase - Accessing Elements Card...
2025-09-12 20:45:34 [main] INFO  demoqaLog - Clicking on Elements Card...
🔹 Trying JS click by locator (attempt 1)
2025-09-12 20:45:35 [main] INFO  demoqaLog - 🔹 Trying JS click by locator (attempt 1)
🔹 Attempting JS click...
2025-09-12 20:45:35 [main] INFO  demoqaLog - 🔹 Attempting JS click...
⚡ Falling back to native click by locator (attempt 1)
2025-09-12 20:45:35 [main] INFO  demoqaLog - ⚡ Falling back to native click by locator (attempt 1)
2025-09-12 20:45:35 [main] INFO  demoqaLog - Clicked on Elements Card...
Title of this Page is: DEMOQA
You are Accessing: Elements
 
Elements: Please select an item from left to start practice.
2025-09-12 20:45:35 [main] INFO  demoqaBase - Elements: Please select an item from left to start practice.
2025-09-12 20:45:35 [main] INFO  demoqaBase - Checking for Elements|Upload and Download|Download Button...
Waiting for the Element to be Clickable: [[ChromeDriver: chrome on windows (ba75edf67786bf7be9b1bd53f8a04867)] -> xpath: //div[@class='element-list collapse show']//li[@id='item-7']]
🔹 Trying JS click on WebElement (attempt 1)
2025-09-12 20:45:36 [main] INFO  demoqaLog - 🔹 Trying JS click on WebElement (attempt 1)
🔹 Attempting JS click...
2025-09-12 20:45:36 [main] INFO  demoqaLog - 🔹 Attempting JS click...
2025-09-12 20:45:36 [main] INFO  demoqaBase - Clicked on Elements|Upload and Download...
2025-09-12 20:45:36 [main] INFO  demoqaBase - ✅ Test for Elements|Upload and Download Link Completed Successfully...
]]></system-out>
  </testcase>
  <testcase name="Downloadbtn" classname="tests.ElementsTests" time="14.868">
    <failure message="File was not downloaded successfully. expected [true] but found [false]" type="java.lang.AssertionError"><![CDATA[java.lang.AssertionError: File was not downloaded successfully. expected [true] but found [false]
	at org.testng.Assert.fail(Assert.java:111)
	at org.testng.Assert.failNotEquals(Assert.java:1590)
	at org.testng.Assert.assertTrue(Assert.java:57)
	at pages.elementsPage.DownloadFile(elementsPage.java:1211)
	at tests.ElementsTests.Downloadbtn(ElementsTests.java:1384)
	at java.base/jdk.internal.reflect.DirectMethodHandleAccessor.invoke(DirectMethodHandleAccessor.java:103)
	at java.base/java.lang.reflect.Method.invoke(Method.java:580)
	at org.testng.internal.invokers.MethodInvocationHelper.invokeMethod(MethodInvocationHelper.java:141)
	at org.testng.internal.invokers.TestInvoker.invokeMethod(TestInvoker.java:687)
	at org.testng.internal.invokers.TestInvoker.invokeTestMethod(TestInvoker.java:230)
	at org.testng.internal.invokers.MethodRunner.runInSequence(MethodRunner.java:63)
	at org.testng.internal.invokers.TestInvoker$MethodInvocationAgent.invoke(TestInvoker.java:995)
	at org.testng.internal.invokers.TestInvoker.invokeTestMethods(TestInvoker.java:203)
	at org.testng.internal.invokers.TestMethodWorker.invokeTestMethods(TestMethodWorker.java:154)
	at org.testng.internal.invokers.TestMethodWorker.run(TestMethodWorker.java:134)
	at java.base/java.util.ArrayList.forEach(ArrayList.java:1596)
	at org.testng.TestRunner.privateRun(TestRunner.java:741)
	at org.testng.TestRunner.run(TestRunner.java:616)
	at org.testng.SuiteRunner.runTest(SuiteRunner.java:421)
	at org.testng.SuiteRunner.runSequentially(SuiteRunner.java:413)
	at org.testng.SuiteRunner.privateRun(SuiteRunner.java:373)
	at org.testng.SuiteRunner.run(SuiteRunner.java:312)
	at org.testng.SuiteRunnerWorker.runSuite(SuiteRunnerWorker.java:52)
	at org.testng.SuiteRunnerWorker.run(SuiteRunnerWorker.java:95)
	at org.testng.TestNG.runSuitesSequentially(TestNG.java:1274)
	at org.testng.TestNG.runSuitesLocally(TestNG.java:1208)
	at org.testng.TestNG.runSuites(TestNG.java:1112)
	at org.testng.TestNG.run(TestNG.java:1079)
	at org.apache.maven.surefire.testng.TestNGExecutor.run(TestNGExecutor.java:155)
	at org.apache.maven.surefire.testng.TestNGDirectoryTestSuite.executeMulti(TestNGDirectoryTestSuite.java:169)
	at org.apache.maven.surefire.testng.TestNGDirectoryTestSuite.execute(TestNGDirectoryTestSuite.java:88)
	at org.apache.maven.surefire.testng.TestNGProvider.invoke(TestNGProvider.java:137)
	at org.apache.maven.surefire.booter.ForkedBooter.runSuitesInProcess(ForkedBooter.java:385)
	at org.apache.maven.surefire.booter.ForkedBooter.execute(ForkedBooter.java:162)
	at org.apache.maven.surefire.booter.ForkedBooter.run(ForkedBooter.java:507)
	at org.apache.maven.surefire.booter.ForkedBooter.main(ForkedBooter.java:495)
]]></failure>
    <system-out><![CDATA[2025-09-12 20:45:36 [main] INFO  demoqaBase - Closing browser for test: UploadDownloadlink
2025-09-12 20:45:36 [main] INFO  DriverFactory - 🌐 Starting Chrome Web Browser...
2025-09-12 20:45:36 [main] INFO  DriverFactory - ✅ Created temporary Chrome profile at C:\Users\dell\AppData\Local\Temp\chrome-profile-9352495933406235928
2025-09-12 20:45:37 [main] INFO  DriverFactory - 🚀 WebDriver started successfully
2025-09-12 20:45:37 [main] INFO  RetryUrlAccess - Navigating to URL (attempt 1): https://demoqa.com
2025-09-12 20:46:37 [main] WARN  RetryUrlAccess - Navigation attempt 1 failed: timeout: Timed out receiving message from renderer: 58.989
  (Session info: chrome=137.0.7151.120)
Build info: version: '4.35.0', revision: '1c58e5028b'
System info: os.name: 'Windows 11', os.arch: 'amd64', os.version: '10.0', java.version: '21.0.7'
Driver info: org.openqa.selenium.chrome.ChromeDriver
Command: [f3d32f4492324f425270a97aadbfc7a7, get {url=https://demoqa.com}]
Capabilities {acceptInsecureCerts: false, browserName: chrome, browserVersion: 137.0.7151.120, chrome: {chromedriverVersion: 137.0.7151.119 (e0ac9d12dff..., userDataDir: C:\Users\dell\AppData\Local...}, fedcm:accounts: true, goog:chromeOptions: {debuggerAddress: localhost:60886}, networkConnectionEnabled: false, pageLoadStrategy: normal, platformName: windows, proxy: Proxy(), se:cdp: ws://localhost:60886/devtoo..., se:cdpVersion: 137.0.7151.120, setWindowRect: true, strictFileInteractability: false, timeouts: {implicit: 0, pageLoad: 300000, script: 30000}, unhandledPromptBehavior: dismiss and notify, webauthn:extension:credBlob: true, webauthn:extension:largeBlob: true, webauthn:extension:minPinLength: true, webauthn:extension:prf: true, webauthn:virtualAuthenticators: true}
Session ID: f3d32f4492324f425270a97aadbfc7a7
2025-09-12 20:46:40 [main] INFO  RetryUrlAccess - Navigating to URL (attempt 2): https://demoqa.com
Instance Variables Declared are: nullnull
2025-09-12 20:46:41 [main] INFO  demoqaBase - Accessing Elements Card...
2025-09-12 20:46:41 [main] INFO  demoqaLog - Clicking on Elements Card...
🔹 Trying JS click by locator (attempt 1)
2025-09-12 20:46:41 [main] INFO  demoqaLog - 🔹 Trying JS click by locator (attempt 1)
🔹 Attempting JS click...
2025-09-12 20:46:41 [main] INFO  demoqaLog - 🔹 Attempting JS click...
⚡ Falling back to native click by locator (attempt 1)
2025-09-12 20:46:41 [main] INFO  demoqaLog - ⚡ Falling back to native click by locator (attempt 1)
2025-09-12 20:46:41 [main] INFO  demoqaLog - Clicked on Elements Card...
Title of this Page is: DEMOQA
You are Accessing: Elements
 
Elements: Please select an item from left to start practice.
2025-09-12 20:46:41 [main] INFO  demoqaBase - Elements: Please select an item from left to start practice.
2025-09-12 20:46:41 [main] INFO  demoqaBase - Checking for Elements|Upload and Download|Download Button...
Waiting for the Element to be Clickable: [[ChromeDriver: chrome on windows (f3d32f4492324f425270a97aadbfc7a7)] -> xpath: //div[@class='element-list collapse show']//li[@id='item-7']]
🔹 Trying JS click on WebElement (attempt 1)
2025-09-12 20:46:43 [main] INFO  demoqaLog - 🔹 Trying JS click on WebElement (attempt 1)
🔹 Attempting JS click...
2025-09-12 20:46:43 [main] INFO  demoqaLog - 🔹 Attempting JS click...
2025-09-12 20:46:43 [main] INFO  demoqaBase - Clicked on Elements|Upload and Download...
2025-09-12 20:46:53 [main] INFO  demoqaBase - Clicking on Elements|Upload and Download|Download Button...
Waiting for Element to be clickable: [[ChromeDriver: chrome on windows (f3d32f4492324f425270a97aadbfc7a7)] -> xpath: //*[@id='downloadButton']]
🔹 Trying JS click on WebElement (attempt 1)
2025-09-12 20:46:56 [main] INFO  demoqaLog - 🔹 Trying JS click on WebElement (attempt 1)
🔹 Attempting JS click...
2025-09-12 20:46:56 [main] INFO  demoqaLog - 🔹 Attempting JS click...
2025-09-12 20:46:56 [main] INFO  demoqaBase - Clicked on Elements|Upload and Download|Download Button...
Downloaded file is: C:\Users\dell\Downloads\sampleFile.jpeg
]]></system-out>
  </testcase>
  <testcase name="Uploadbtn" classname="tests.ElementsTests" time="5.131">
    <system-out><![CDATA[Path for Screenshot is: C:\ASN\eclipse_workspace\demoqa-automation/screenshots/Downloadbtn_Failed_20250912_204656+2025-09-12_20-46-56.png
2025-09-12 20:46:56 [main] ERROR demoqaBase - ❌ Test Downloadbtn failed. Screenshot captured.
2025-09-12 20:46:56 [main] INFO  demoqaBase - Closing browser for test: Downloadbtn
2025-09-12 20:46:56 [main] INFO  DriverFactory - 🌐 Starting Chrome Web Browser...
2025-09-12 20:46:56 [main] INFO  DriverFactory - ✅ Created temporary Chrome profile at C:\Users\dell\AppData\Local\Temp\chrome-profile-15602320762315700500
2025-09-12 20:46:57 [main] INFO  DriverFactory - 🚀 WebDriver started successfully
2025-09-12 20:46:57 [main] INFO  RetryUrlAccess - Navigating to URL (attempt 1): https://demoqa.com
2025-09-12 20:47:57 [main] WARN  RetryUrlAccess - Navigation attempt 1 failed: timeout: Timed out receiving message from renderer: 58.956
  (Session info: chrome=137.0.7151.120)
Build info: version: '4.35.0', revision: '1c58e5028b'
System info: os.name: 'Windows 11', os.arch: 'amd64', os.version: '10.0', java.version: '21.0.7'
Driver info: org.openqa.selenium.chrome.ChromeDriver
Command: [f8d76ffca9704d8acee6fc09cf63b063, get {url=https://demoqa.com}]
Capabilities {acceptInsecureCerts: false, browserName: chrome, browserVersion: 137.0.7151.120, chrome: {chromedriverVersion: 137.0.7151.119 (e0ac9d12dff..., userDataDir: C:\Users\dell\AppData\Local...}, fedcm:accounts: true, goog:chromeOptions: {debuggerAddress: localhost:61102}, networkConnectionEnabled: false, pageLoadStrategy: normal, platformName: windows, proxy: Proxy(), se:cdp: ws://localhost:61102/devtoo..., se:cdpVersion: 137.0.7151.120, setWindowRect: true, strictFileInteractability: false, timeouts: {implicit: 0, pageLoad: 300000, script: 30000}, unhandledPromptBehavior: dismiss and notify, webauthn:extension:credBlob: true, webauthn:extension:largeBlob: true, webauthn:extension:minPinLength: true, webauthn:extension:prf: true, webauthn:virtualAuthenticators: true}
Session ID: f8d76ffca9704d8acee6fc09cf63b063
2025-09-12 20:48:00 [main] INFO  RetryUrlAccess - Navigating to URL (attempt 2): https://demoqa.com
Instance Variables Declared are: nullnull
2025-09-12 20:48:01 [main] INFO  demoqaBase - Accessing Elements Card...
2025-09-12 20:48:01 [main] INFO  demoqaLog - Clicking on Elements Card...
🔹 Trying JS click by locator (attempt 1)
2025-09-12 20:48:01 [main] INFO  demoqaLog - 🔹 Trying JS click by locator (attempt 1)
🔹 Attempting JS click...
2025-09-12 20:48:01 [main] INFO  demoqaLog - 🔹 Attempting JS click...
⚡ Falling back to native click by locator (attempt 1)
2025-09-12 20:48:01 [main] INFO  demoqaLog - ⚡ Falling back to native click by locator (attempt 1)
2025-09-12 20:48:01 [main] INFO  demoqaLog - Clicked on Elements Card...
Title of this Page is: DEMOQA
You are Accessing: Elements
 
Elements: Please select an item from left to start practice.
2025-09-12 20:48:02 [main] INFO  demoqaBase - Elements: Please select an item from left to start practice.
2025-09-12 20:48:02 [main] INFO  demoqaBase - Checking for Elements|Upload and Download|Download Button...
Waiting for the Element to be Clickable: [[ChromeDriver: chrome on windows (f8d76ffca9704d8acee6fc09cf63b063)] -> xpath: //div[@class='element-list collapse show']//li[@id='item-7']]
🔹 Trying JS click on WebElement (attempt 1)
2025-09-12 20:48:03 [main] INFO  demoqaLog - 🔹 Trying JS click on WebElement (attempt 1)
🔹 Attempting JS click...
2025-09-12 20:48:03 [main] INFO  demoqaLog - 🔹 Attempting JS click...
2025-09-12 20:48:03 [main] INFO  demoqaBase - Clicked on Elements|Upload and Download...
2025-09-12 20:48:06 [main] INFO  demoqaBase - Checking for Elements|Upload and Download|Upload Button...
File being Uploaded is: C:\ASN\eclipse_workspace\demoqa-automation\TestData
Uploading: C:\ASN\eclipse_workspace\demoqa-automation\TestData\Ophoto.jpg
Uploaded photo: [[ChromeDriver: chrome on windows (f8d76ffca9704d8acee6fc09cf63b063)] -> id: uploadFile]
2025-09-12 20:48:06 [main] INFO  demoqaBase - Clicked on Elements|Upload and Download|Upload Button...
2025-09-12 20:48:06 [main] INFO  FetchLinkResponse - Fetching link response...
2025-09-12 20:48:06 [main] INFO  FetchLinkResponse - Response fetched: C:\fakepath\Ophoto.jpg
C:\fakepath\Ophoto.jpg
2025-09-12 20:48:06 [main] INFO  demoqaBase - Clicked on Elements|Upload and Download|Upload response is: C:\fakepath\Ophoto.jpg
2025-09-12 20:48:06 [main] INFO  demoqaBase - ✅ Test for Elements|Upload and Download|Upload Button Completed Successfully...
]]></system-out>
  </testcase>
  <testcase name="DynamicPropertiesbtn" classname="tests.ElementsTests" time="0.677">
    <system-out><![CDATA[2025-09-12 20:48:06 [main] INFO  demoqaBase - Closing browser for test: Uploadbtn
2025-09-12 20:48:07 [main] INFO  DriverFactory - 🌐 Starting Chrome Web Browser...
2025-09-12 20:48:07 [main] INFO  DriverFactory - ✅ Created temporary Chrome profile at C:\Users\dell\AppData\Local\Temp\chrome-profile-8098648622304204971
2025-09-12 20:48:07 [main] INFO  DriverFactory - 🚀 WebDriver started successfully
2025-09-12 20:48:07 [main] INFO  RetryUrlAccess - Navigating to URL (attempt 1): https://demoqa.com
Instance Variables Declared are: nullnull
2025-09-12 20:48:37 [main] INFO  demoqaBase - Accessing Elements Card...
2025-09-12 20:48:37 [main] INFO  demoqaLog - Clicking on Elements Card...
🔹 Trying JS click by locator (attempt 1)
2025-09-12 20:48:37 [main] INFO  demoqaLog - 🔹 Trying JS click by locator (attempt 1)
🔹 Attempting JS click...
2025-09-12 20:48:37 [main] INFO  demoqaLog - 🔹 Attempting JS click...
⚡ Falling back to native click by locator (attempt 1)
2025-09-12 20:48:37 [main] INFO  demoqaLog - ⚡ Falling back to native click by locator (attempt 1)
2025-09-12 20:48:37 [main] INFO  demoqaLog - Clicked on Elements Card...
Title of this Page is: DEMOQA
You are Accessing: Elements
 
Elements: Please select an item from left to start practice.
2025-09-12 20:48:37 [main] INFO  demoqaBase - Elements: Please select an item from left to start practice.
2025-09-12 20:48:37 [main] INFO  demoqaBase - Checking for Elements|Dynamic Properties Button...
Waiting for the Element to be Clickable: [[ChromeDriver: chrome on windows (c0a99e1da71da9cb1332fbbbdf0d93b5)] -> xpath: //div[@class='element-list collapse show']//li[@id='item-8']]
🔹 Trying JS click on WebElement (attempt 1)
2025-09-12 20:48:37 [main] INFO  demoqaLog - 🔹 Trying JS click on WebElement (attempt 1)
🔹 Attempting JS click...
2025-09-12 20:48:37 [main] INFO  demoqaLog - 🔹 Attempting JS click...
2025-09-12 20:48:37 [main] INFO  demoqaBase - Clicked on Elements|Dynamic Properties...
Dynamic Properties Page Tile is: Dynamic Properties
2025-09-12 20:48:37 [main] INFO  demoqaBase - ✅ Test for Elements|Dynamic Properties Button Completed Successfully...
]]></system-out>
  </testcase>
  <testcase name="ColorChangebtn" classname="tests.ElementsTests" time="3.761">
    <system-out><![CDATA[2025-09-12 20:48:37 [main] INFO  demoqaBase - Closing browser for test: DynamicPropertiesbtn
2025-09-12 20:48:38 [main] INFO  DriverFactory - 🌐 Starting Chrome Web Browser...
2025-09-12 20:48:38 [main] INFO  DriverFactory - ✅ Created temporary Chrome profile at C:\Users\dell\AppData\Local\Temp\chrome-profile-6690505514182849170
2025-09-12 20:48:39 [main] INFO  DriverFactory - 🚀 WebDriver started successfully
2025-09-12 20:48:39 [main] INFO  RetryUrlAccess - Navigating to URL (attempt 1): https://demoqa.com
Instance Variables Declared are: nullnull
2025-09-12 20:49:25 [main] INFO  demoqaBase - Accessing Elements Card...
2025-09-12 20:49:25 [main] INFO  demoqaLog - Clicking on Elements Card...
🔹 Trying JS click by locator (attempt 1)
2025-09-12 20:49:25 [main] INFO  demoqaLog - 🔹 Trying JS click by locator (attempt 1)
🔹 Attempting JS click...
2025-09-12 20:49:25 [main] INFO  demoqaLog - 🔹 Attempting JS click...
⚡ Falling back to native click by locator (attempt 1)
2025-09-12 20:49:25 [main] INFO  demoqaLog - ⚡ Falling back to native click by locator (attempt 1)
2025-09-12 20:49:25 [main] INFO  demoqaLog - Clicked on Elements Card...
Title of this Page is: DEMOQA
You are Accessing: Elements
 
Elements: Please select an item from left to start practice.
2025-09-12 20:49:25 [main] INFO  demoqaBase - Elements: Please select an item from left to start practice.
2025-09-12 20:49:25 [main] INFO  demoqaBase - Checking for Elements|Dynamic Properties Button...
Waiting for the Element to be Clickable: [[ChromeDriver: chrome on windows (c491448f03b665d6e2acaacee54b0fe2)] -> xpath: //div[@class='element-list collapse show']//li[@id='item-8']]
🔹 Trying JS click on WebElement (attempt 1)
2025-09-12 20:49:25 [main] INFO  demoqaLog - 🔹 Trying JS click on WebElement (attempt 1)
🔹 Attempting JS click...
2025-09-12 20:49:25 [main] INFO  demoqaLog - 🔹 Attempting JS click...
2025-09-12 20:49:25 [main] INFO  demoqaBase - Clicked on Elements|Dynamic Properties...
Dynamic Properties Page Tile is: Dynamic Properties
2025-09-12 20:49:29 [main] INFO  demoqaBase - Checking for Elements|Dynamic Properties|Color Change Button...
Waiting for the Element to be Clickable: [[ChromeDriver: chrome on windows (c491448f03b665d6e2acaacee54b0fe2)] -> xpath: //button[@id='colorChange']]
🔹 Trying JS click on WebElement (attempt 1)
2025-09-12 20:49:29 [main] INFO  demoqaLog - 🔹 Trying JS click on WebElement (attempt 1)
🔹 Attempting JS click...
2025-09-12 20:49:29 [main] INFO  demoqaLog - 🔹 Attempting JS click...
2025-09-12 20:49:29 [main] INFO  demoqaBase - Clicked on Elements|Dynamic Properties|Color Change Button...
Clicked on: Color Change
2025-09-12 20:49:29 [main] INFO  demoqaBase - ✅ Test for Elements|Dynamic Properties|Color Change Button Completed Successfully...
]]></system-out>
  </testcase>
  <testcase name="WillEnablebtn" classname="tests.ElementsTests" time="5.843">
    <system-out><![CDATA[2025-09-12 20:49:29 [main] INFO  demoqaBase - Closing browser for test: ColorChangebtn
2025-09-12 20:49:29 [main] INFO  DriverFactory - 🌐 Starting Chrome Web Browser...
2025-09-12 20:49:29 [main] INFO  DriverFactory - ✅ Created temporary Chrome profile at C:\Users\dell\AppData\Local\Temp\chrome-profile-5342683565797257272
2025-09-12 20:49:30 [main] INFO  DriverFactory - 🚀 WebDriver started successfully
2025-09-12 20:49:30 [main] INFO  RetryUrlAccess - Navigating to URL (attempt 1): https://demoqa.com
Instance Variables Declared are: nullnull
2025-09-12 20:50:10 [main] INFO  demoqaBase - Accessing Elements Card...
2025-09-12 20:50:10 [main] INFO  demoqaLog - Clicking on Elements Card...
🔹 Trying JS click by locator (attempt 1)
2025-09-12 20:50:10 [main] INFO  demoqaLog - 🔹 Trying JS click by locator (attempt 1)
🔹 Attempting JS click...
2025-09-12 20:50:10 [main] INFO  demoqaLog - 🔹 Attempting JS click...
⚡ Falling back to native click by locator (attempt 1)
2025-09-12 20:50:10 [main] INFO  demoqaLog - ⚡ Falling back to native click by locator (attempt 1)
2025-09-12 20:50:10 [main] INFO  demoqaLog - Clicked on Elements Card...
Title of this Page is: DEMOQA
You are Accessing: Elements
 
Elements: Please select an item from left to start practice.
2025-09-12 20:50:10 [main] INFO  demoqaBase - Elements: Please select an item from left to start practice.
2025-09-12 20:50:10 [main] INFO  demoqaBase - Checking for Elements|Dynamic Properties Button...
Waiting for the Element to be Clickable: [[ChromeDriver: chrome on windows (91bdd8f67d44eb910d4ce1861b4a4662)] -> xpath: //div[@class='element-list collapse show']//li[@id='item-8']]
🔹 Trying JS click on WebElement (attempt 1)
2025-09-12 20:50:10 [main] INFO  demoqaLog - 🔹 Trying JS click on WebElement (attempt 1)
🔹 Attempting JS click...
2025-09-12 20:50:10 [main] INFO  demoqaLog - 🔹 Attempting JS click...
2025-09-12 20:50:10 [main] INFO  demoqaBase - Clicked on Elements|Dynamic Properties...
Dynamic Properties Page Tile is: Dynamic Properties
2025-09-12 20:50:13 [main] INFO  demoqaBase - Checking for Elements|Dynamic Properties|Will Enable 5 sec Button...
Waiting for the Element to be Clickable: [[ChromeDriver: chrome on windows (91bdd8f67d44eb910d4ce1861b4a4662)] -> xpath: //button[@id='enableAfter']]
🔹 Trying JS click on WebElement (attempt 1)
2025-09-12 20:50:15 [main] INFO  demoqaLog - 🔹 Trying JS click on WebElement (attempt 1)
🔹 Attempting JS click...
2025-09-12 20:50:15 [main] INFO  demoqaLog - 🔹 Attempting JS click...
2025-09-12 20:50:15 [main] INFO  demoqaBase - Clicked on Elements|Dynamic Properties|Will Enable 5 sec Button...
Clicked on: Will enable 5 seconds
2025-09-12 20:50:15 [main] INFO  demoqaBase - ✅ Test for Elements|Dynamic Properties|Will enable 5 sec Button Completed Successfully...
]]></system-out>
  </testcase>
  <testcase name="VisibleAfterbtn" classname="tests.ElementsTests" time="5.909">
    <system-out><![CDATA[2025-09-12 20:50:15 [main] INFO  demoqaBase - Closing browser for test: WillEnablebtn
2025-09-12 20:50:16 [main] INFO  DriverFactory - 🌐 Starting Chrome Web Browser...
2025-09-12 20:50:16 [main] INFO  DriverFactory - ✅ Created temporary Chrome profile at C:\Users\dell\AppData\Local\Temp\chrome-profile-520254393055916676
2025-09-12 20:50:17 [main] INFO  DriverFactory - 🚀 WebDriver started successfully
2025-09-12 20:50:17 [main] INFO  RetryUrlAccess - Navigating to URL (attempt 1): https://demoqa.com
Instance Variables Declared are: nullnull
2025-09-12 20:51:15 [main] INFO  demoqaBase - Accessing Elements Card...
2025-09-12 20:51:15 [main] INFO  demoqaLog - Clicking on Elements Card...
🔹 Trying JS click by locator (attempt 1)
2025-09-12 20:51:16 [main] INFO  demoqaLog - 🔹 Trying JS click by locator (attempt 1)
🔹 Attempting JS click...
2025-09-12 20:51:16 [main] INFO  demoqaLog - 🔹 Attempting JS click...
⚡ Falling back to native click by locator (attempt 1)
2025-09-12 20:51:16 [main] INFO  demoqaLog - ⚡ Falling back to native click by locator (attempt 1)
2025-09-12 20:51:16 [main] INFO  demoqaLog - Clicked on Elements Card...
Title of this Page is: DEMOQA
You are Accessing: Elements
 
Elements: Please select an item from left to start practice.
2025-09-12 20:51:16 [main] INFO  demoqaBase - Elements: Please select an item from left to start practice.
2025-09-12 20:51:16 [main] INFO  demoqaBase - Checking for Elements|Dynamic Properties Button...
Waiting for the Element to be Clickable: [[ChromeDriver: chrome on windows (33ed87ade384c4a68f26a57623abef18)] -> xpath: //div[@class='element-list collapse show']//li[@id='item-8']]
🔹 Trying JS click on WebElement (attempt 1)
2025-09-12 20:51:16 [main] INFO  demoqaLog - 🔹 Trying JS click on WebElement (attempt 1)
🔹 Attempting JS click...
2025-09-12 20:51:16 [main] INFO  demoqaLog - 🔹 Attempting JS click...
2025-09-12 20:51:16 [main] INFO  demoqaBase - Clicked on Elements|Dynamic Properties...
Dynamic Properties Page Tile is: Dynamic Properties
2025-09-12 20:51:19 [main] INFO  demoqaBase - Checking for Elements|Dynamic Properties|Visble After 5 Seconds Button...
Waiting for the Element to be Clickable: [[ChromeDriver: chrome on windows (33ed87ade384c4a68f26a57623abef18)] -> xpath: //button[@id='visibleAfter']]
🔹 Trying JS click on WebElement (attempt 1)
2025-09-12 20:51:21 [main] INFO  demoqaLog - 🔹 Trying JS click on WebElement (attempt 1)
🔹 Attempting JS click...
2025-09-12 20:51:21 [main] INFO  demoqaLog - 🔹 Attempting JS click...
2025-09-12 20:51:21 [main] INFO  demoqaBase - Clicked on Elements|Dynamic Properties|Visble After 5 Seconds Button...
Clicked on: Visible After 5 Seconds
2025-09-12 20:51:21 [main] INFO  demoqaBase - ✅ Test for Elements|Dynamic Properties|Visible After 5 Seconds Button Completed Successfully...
]]></system-out>
  </testcase>
  <testcase name="FormsCard" classname="tests.FormTests" time="0.877">
    <system-out><![CDATA[2025-09-12 20:51:21 [main] INFO  demoqaBase - Closing browser for test: VisibleAfterbtn
2025-09-12 20:51:22 [main] INFO  DriverFactory - 🌐 Starting Chrome Web Browser...
2025-09-12 20:51:22 [main] INFO  DriverFactory - ✅ Created temporary Chrome profile at C:\Users\dell\AppData\Local\Temp\chrome-profile-8347782679972989718
2025-09-12 20:51:23 [main] INFO  DriverFactory - 🚀 WebDriver started successfully
2025-09-12 20:51:23 [main] INFO  RetryUrlAccess - Navigating to URL (attempt 1): https://demoqa.com
2025-09-12 20:52:23 [main] WARN  RetryUrlAccess - Navigation attempt 1 failed: timeout: Timed out receiving message from renderer: 59.033
  (Session info: chrome=137.0.7151.120)
Build info: version: '4.35.0', revision: '1c58e5028b'
System info: os.name: 'Windows 11', os.arch: 'amd64', os.version: '10.0', java.version: '21.0.7'
Driver info: org.openqa.selenium.chrome.ChromeDriver
Command: [e98e2a17a14a2afca9f76d8c4aa32b30, get {url=https://demoqa.com}]
Capabilities {acceptInsecureCerts: false, browserName: chrome, browserVersion: 137.0.7151.120, chrome: {chromedriverVersion: 137.0.7151.119 (e0ac9d12dff..., userDataDir: C:\Users\dell\AppData\Local...}, fedcm:accounts: true, goog:chromeOptions: {debuggerAddress: localhost:61963}, networkConnectionEnabled: false, pageLoadStrategy: normal, platformName: windows, proxy: Proxy(), se:cdp: ws://localhost:61963/devtoo..., se:cdpVersion: 137.0.7151.120, setWindowRect: true, strictFileInteractability: false, timeouts: {implicit: 0, pageLoad: 300000, script: 30000}, unhandledPromptBehavior: dismiss and notify, webauthn:extension:credBlob: true, webauthn:extension:largeBlob: true, webauthn:extension:minPinLength: true, webauthn:extension:prf: true, webauthn:virtualAuthenticators: true}
Session ID: e98e2a17a14a2afca9f76d8c4aa32b30
2025-09-12 20:52:26 [main] INFO  RetryUrlAccess - Navigating to URL (attempt 2): https://demoqa.com
2025-09-12 20:52:26 [main] INFO  demoqaBase - 🧪 Starting Form Card Test...
2025-09-12 20:52:26 [main] INFO  demoqaBase - Accessing Form Card...
2025-09-12 20:52:26 [main] INFO  RetryUrlAccess - Navigating to URL (attempt 1): https://demoqa.com
2025-09-12 20:52:27 [main] INFO  demoqaLog - Clicking on Form Card...
🔹 Trying JS click by locator (attempt 1)
2025-09-12 20:52:27 [main] INFO  demoqaLog - 🔹 Trying JS click by locator (attempt 1)
🔹 Attempting JS click...
2025-09-12 20:52:27 [main] INFO  demoqaLog - 🔹 Attempting JS click...
2025-09-12 20:52:27 [main] INFO  demoqaLog - Clicked on Forms Card...
Page Text is: Please select an item from left to start practice.
Title of this Page is: DEMOQA
2025-09-12 20:52:27 [main] INFO  demoqaBase - ✅ Form Card Test Completed...
]]></system-out>
  </testcase>
  <testcase name="FormButton" classname="tests.FormTests" time="0.384">
    <system-out><![CDATA[2025-09-12 20:52:27 [main] INFO  demoqaBase - Closing browser for test: FormsCard
2025-09-12 20:52:27 [main] INFO  DriverFactory - 🌐 Starting Chrome Web Browser...
2025-09-12 20:52:27 [main] INFO  DriverFactory - ✅ Created temporary Chrome profile at C:\Users\dell\AppData\Local\Temp\chrome-profile-1486803760695803509
2025-09-12 20:52:28 [main] INFO  DriverFactory - 🚀 WebDriver started successfully
2025-09-12 20:52:28 [main] INFO  RetryUrlAccess - Navigating to URL (attempt 1): https://demoqa.com
2025-09-12 20:53:28 [main] WARN  RetryUrlAccess - Navigation attempt 1 failed: timeout: Timed out receiving message from renderer: 59.064
  (Session info: chrome=137.0.7151.120)
Build info: version: '4.35.0', revision: '1c58e5028b'
System info: os.name: 'Windows 11', os.arch: 'amd64', os.version: '10.0', java.version: '21.0.7'
Driver info: org.openqa.selenium.chrome.ChromeDriver
Command: [70c661ebeb196bc5ec7e4be8cb8084ec, get {url=https://demoqa.com}]
Capabilities {acceptInsecureCerts: false, browserName: chrome, browserVersion: 137.0.7151.120, chrome: {chromedriverVersion: 137.0.7151.119 (e0ac9d12dff..., userDataDir: C:\Users\dell\AppData\Local...}, fedcm:accounts: true, goog:chromeOptions: {debuggerAddress: localhost:62130}, networkConnectionEnabled: false, pageLoadStrategy: normal, platformName: windows, proxy: Proxy(), se:cdp: ws://localhost:62130/devtoo..., se:cdpVersion: 137.0.7151.120, setWindowRect: true, strictFileInteractability: false, timeouts: {implicit: 0, pageLoad: 300000, script: 30000}, unhandledPromptBehavior: dismiss and notify, webauthn:extension:credBlob: true, webauthn:extension:largeBlob: true, webauthn:extension:minPinLength: true, webauthn:extension:prf: true, webauthn:virtualAuthenticators: true}
Session ID: 70c661ebeb196bc5ec7e4be8cb8084ec
2025-09-12 20:53:32 [main] INFO  RetryUrlAccess - Navigating to URL (attempt 2): https://demoqa.com
2025-09-12 20:53:32 [main] INFO  demoqaBase - 🧪 Starting Form Card Test...
2025-09-12 20:53:32 [main] INFO  demoqaLog - Clicking on Form Card...
🔹 Trying JS click by locator (attempt 1)
2025-09-12 20:53:32 [main] INFO  demoqaLog - 🔹 Trying JS click by locator (attempt 1)
🔹 Attempting JS click...
2025-09-12 20:53:32 [main] INFO  demoqaLog - 🔹 Attempting JS click...
2025-09-12 20:53:33 [main] INFO  demoqaLog - Clicked on Forms Card...
2025-09-12 20:53:33 [main] INFO  demoqaBase - Clicking on Practice Form...
🔹 Trying JS click by locator (attempt 1)
2025-09-12 20:53:33 [main] INFO  demoqaLog - 🔹 Trying JS click by locator (attempt 1)
🔹 Attempting JS click...
2025-09-12 20:53:33 [main] INFO  demoqaLog - 🔹 Attempting JS click...
2025-09-12 20:53:33 [main] INFO  demoqaBase - Clicked on Practice Form...
Title of this Page is: DEMOQA
2025-09-12 20:53:33 [main] INFO  demoqaBase - ✅ Form Card|Practice Forms Test Completed...
]]></system-out>
  </testcase>
  <testcase name="fillForm[UserFormData{firstName=&apos;Johny&apos;, lastName=&apos;Bravo&apos;, userMail=&apos;Jbravo@demoqa.com&apos;, gender=&apos;Male&apos;, mobile=&apos;9.238343488E9&apos;, dob=&apos;15/08/2000&apos;, subject=&apos;Computer Science&apos;, hobbies=&apos;Sports,Music&apos;, picturePath=&apos;/TestData/Mphoto.jpg&apos;, address=&apos;511 Grant 481, Prattsville\n Arkansas 72129\n United States&apos;, state=&apos;NCR&apos;, city=&apos;Delhi&apos;}](1)" classname="tests.FormTests" time="8.672">
    <system-out><![CDATA[2025-09-12 20:53:33 [main] INFO  demoqaBase - Closing browser for test: FormButton
🧾 Row 1: {Salary=28000.0, Email=Jbravo@demoqa.com, Address=511 Grant 481, Prattsville\n Arkansas 72129\n United States, First Name=Johny, Gender=Male, City=Delhi, Mobile=9.238343488E9, Hobbies=Sports,Music, Subject=Computer Science, Current Address=301 Town 481, Brookville\n kansas 42129\n United States, Department=Information Technology, DOB=15/08/2000, Picture=/TestData/Mphoto.jpg, State=NCR, Last Name=Bravo, Age=34.0}
🔍 Mapping field: firstName | Excel Column: First Name | Value: Johny
🔍 Mapping field: lastName | Excel Column: Last Name | Value: Bravo
🔍 Mapping field: userMail | Excel Column: Email | Value: Jbravo@demoqa.com
🔍 Mapping field: gender | Excel Column: Gender | Value: Male
🔍 Mapping field: mobile | Excel Column: Mobile | Value: 9.238343488E9
🔍 Mapping field: dob | Excel Column: DOB | Value: 15/08/2000
🔍 Mapping field: subject | Excel Column: Subject | Value: Computer Science
🔍 Mapping field: hobbies | Excel Column: Hobbies | Value: Sports,Music
🔍 Mapping field: picturePath | Excel Column: Picture | Value: /TestData/Mphoto.jpg
🔍 Mapping field: address | Excel Column: Address | Value: 511 Grant 481, Prattsville\n Arkansas 72129\n United States
🔍 Mapping field: state | Excel Column: State | Value: NCR
🔍 Mapping field: city | Excel Column: City | Value: Delhi
🧾 Row 2: {Salary=18000.0, Email=GFemina@demoqa.com, Address=512 Grant 481, Prattsville\n Arkansas 72129\n United States, First Name=Gene, Gender=Female, City=Merrut, Mobile=1.888343432E9, Hobbies=Music,Reading, Subject=Accounting, Current Address=302 Town 481, Brookville\n kansas 42129\n United States, Department=Finance, DOB=22/05/2002, Picture=/TestData/Fphoto.png, State=Uttar Pradesh, Last Name=Femina, Age=30.0}
🔍 Mapping field: firstName | Excel Column: First Name | Value: Gene
🔍 Mapping field: lastName | Excel Column: Last Name | Value: Femina
🔍 Mapping field: userMail | Excel Column: Email | Value: GFemina@demoqa.com
🔍 Mapping field: gender | Excel Column: Gender | Value: Female
🔍 Mapping field: mobile | Excel Column: Mobile | Value: 1.888343432E9
🔍 Mapping field: dob | Excel Column: DOB | Value: 22/05/2002
🔍 Mapping field: subject | Excel Column: Subject | Value: Accounting
🔍 Mapping field: hobbies | Excel Column: Hobbies | Value: Music,Reading
🔍 Mapping field: picturePath | Excel Column: Picture | Value: /TestData/Fphoto.png
🔍 Mapping field: address | Excel Column: Address | Value: 512 Grant 481, Prattsville\n Arkansas 72129\n United States
🔍 Mapping field: state | Excel Column: State | Value: Uttar Pradesh
🔍 Mapping field: city | Excel Column: City | Value: Merrut
🧾 Row 3: {Salary=15000.0, Email=BWisem@demoqa.com, Address=513 Grant 481, Prattsville\n Arkansas 72129\n United States, First Name=Bud, Gender=Other, City=Panipat, Mobile=8.932465432E9, Hobbies=Reading, Subject=Biology, Current Address=303 Town 481, Brookville\n kansas 42129\n United States, Department=Medicine, DOB=31/12/1999, Picture=/TestData/Ophoto.jpg, State=Haryana, Last Name=Wisem, Age=40.0}
🔍 Mapping field: firstName | Excel Column: First Name | Value: Bud
🔍 Mapping field: lastName | Excel Column: Last Name | Value: Wisem
🔍 Mapping field: userMail | Excel Column: Email | Value: BWisem@demoqa.com
🔍 Mapping field: gender | Excel Column: Gender | Value: Other
🔍 Mapping field: mobile | Excel Column: Mobile | Value: 8.932465432E9
🔍 Mapping field: dob | Excel Column: DOB | Value: 31/12/1999
🔍 Mapping field: subject | Excel Column: Subject | Value: Biology
🔍 Mapping field: hobbies | Excel Column: Hobbies | Value: Reading
🔍 Mapping field: picturePath | Excel Column: Picture | Value: /TestData/Ophoto.jpg
🔍 Mapping field: address | Excel Column: Address | Value: 513 Grant 481, Prattsville\n Arkansas 72129\n United States
🔍 Mapping field: state | Excel Column: State | Value: Haryana
🔍 Mapping field: city | Excel Column: City | Value: Panipat
🧾 Row 4: {Salary=19000.0, Email=TBoss@demoqa.com, Address=514 Grant 481, Prattsville\n Arkansas 72129\n United States, First Name=Tom, Gender=Male, City=Jaiselmer, Mobile=7.839875281E9, Hobbies=Sports,Reading, Subject=Social Studies, Current Address=304 Town 481, Brookville\n kansas 42129\n United States, Department=Recreation, DOB=1/26/03, Picture=/TestData/M2photo.jpg, State=Rajasthan, Last Name=Boss, Age=42.0}
🔍 Mapping field: firstName | Excel Column: First Name | Value: Tom
🔍 Mapping field: lastName | Excel Column: Last Name | Value: Boss
🔍 Mapping field: userMail | Excel Column: Email | Value: TBoss@demoqa.com
🔍 Mapping field: gender | Excel Column: Gender | Value: Male
🔍 Mapping field: mobile | Excel Column: Mobile | Value: 7.839875281E9
🔍 Mapping field: dob | Excel Column: DOB | Value: 1/26/03
🔍 Mapping field: subject | Excel Column: Subject | Value: Social Studies
🔍 Mapping field: hobbies | Excel Column: Hobbies | Value: Sports,Reading
🔍 Mapping field: picturePath | Excel Column: Picture | Value: /TestData/M2photo.jpg
🔍 Mapping field: address | Excel Column: Address | Value: 514 Grant 481, Prattsville\n Arkansas 72129\n United States
🔍 Mapping field: state | Excel Column: State | Value: Rajasthan
🔍 Mapping field: city | Excel Column: City | Value: Jaiselmer
2025-09-12 20:53:33 [main] INFO  DriverFactory - 🌐 Starting Chrome Web Browser...
2025-09-12 20:53:33 [main] INFO  DriverFactory - ✅ Created temporary Chrome profile at C:\Users\dell\AppData\Local\Temp\chrome-profile-11310545041252137288
2025-09-12 20:53:34 [main] INFO  DriverFactory - 🚀 WebDriver started successfully
2025-09-12 20:53:34 [main] INFO  RetryUrlAccess - Navigating to URL (attempt 1): https://demoqa.com
2025-09-12 20:54:34 [main] WARN  RetryUrlAccess - Navigation attempt 1 failed: timeout: Timed out receiving message from renderer: 59.017
  (Session info: chrome=137.0.7151.120)
Build info: version: '4.35.0', revision: '1c58e5028b'
System info: os.name: 'Windows 11', os.arch: 'amd64', os.version: '10.0', java.version: '21.0.7'
Driver info: org.openqa.selenium.chrome.ChromeDriver
Command: [62509cb8a66a304e3cbb995500a534a6, get {url=https://demoqa.com}]
Capabilities {acceptInsecureCerts: false, browserName: chrome, browserVersion: 137.0.7151.120, chrome: {chromedriverVersion: 137.0.7151.119 (e0ac9d12dff..., userDataDir: C:\Users\dell\AppData\Local...}, fedcm:accounts: true, goog:chromeOptions: {debuggerAddress: localhost:62307}, networkConnectionEnabled: false, pageLoadStrategy: normal, platformName: windows, proxy: Proxy(), se:cdp: ws://localhost:62307/devtoo..., se:cdpVersion: 137.0.7151.120, setWindowRect: true, strictFileInteractability: false, timeouts: {implicit: 0, pageLoad: 300000, script: 30000}, unhandledPromptBehavior: dismiss and notify, webauthn:extension:credBlob: true, webauthn:extension:largeBlob: true, webauthn:extension:minPinLength: true, webauthn:extension:prf: true, webauthn:virtualAuthenticators: true}
Session ID: 62509cb8a66a304e3cbb995500a534a6
2025-09-12 20:54:37 [main] INFO  RetryUrlAccess - Navigating to URL (attempt 2): https://demoqa.com
2025-09-12 20:54:38 [main] INFO  demoqaBase - 🧪 Starting Form Filling Test...
2025-09-12 20:54:38 [main] INFO  RetryUrlAccess - Navigating to URL (attempt 1): https://demoqa.com
2025-09-12 20:54:38 [main] INFO  demoqaBase - Accessing Form Card...
2025-09-12 20:54:38 [main] INFO  RetryUrlAccess - Navigating to URL (attempt 1): https://demoqa.com
2025-09-12 20:54:39 [main] INFO  demoqaLog - Clicking on Form Card...
🔹 Trying JS click by locator (attempt 1)
2025-09-12 20:54:39 [main] INFO  demoqaLog - 🔹 Trying JS click by locator (attempt 1)
🔹 Attempting JS click...
2025-09-12 20:54:39 [main] INFO  demoqaLog - 🔹 Attempting JS click...
2025-09-12 20:54:39 [main] INFO  demoqaLog - Clicked on Forms Card...
Page Text is: Please select an item from left to start practice.
2025-09-12 20:54:39 [main] INFO  demoqaBase - Clicking on Practice Form...
🔹 Trying JS click by locator (attempt 1)
2025-09-12 20:54:39 [main] INFO  demoqaLog - 🔹 Trying JS click by locator (attempt 1)
🔹 Attempting JS click...
2025-09-12 20:54:39 [main] INFO  demoqaLog - 🔹 Attempting JS click...
2025-09-12 20:54:39 [main] INFO  demoqaBase - Clicked on Practice Form...
2025-09-12 20:54:42 [main] INFO  demoqaBase - Filling form for: Johny Bravo
2025-09-12 20:54:42 [main] INFO  demoqaBase - Entering First Name...
2025-09-12 20:54:42 [main] INFO  demoqaBase - Entered First Name: Johny
🔹 Trying JS click on WebElement (attempt 1)
2025-09-12 20:54:43 [main] INFO  demoqaLog - 🔹 Trying JS click on WebElement (attempt 1)
🔹 Attempting JS click...
2025-09-12 20:54:43 [main] INFO  demoqaLog - 🔹 Attempting JS click...
Selected gender: Male
2025-09-12 20:54:43 [main] INFO  demoqaBase - 📅 Parsed DOB for Johny Bravo: 2000-08-15
📥 Received DOB: 15-08-2000
📅 Normalized DOB: 15-08-2000
✅ Date selected: 15-08-2000
2025-09-12 20:54:43 [main] INFO  demoqaBase - Typed full subject: Computer Science
Typing subject: Computer Science
Dropdown Option: Computer Science
Selected: Computer Science
Selected hobby: sports
Selected hobby: music
Uploaded photo: C:\ASN\eclipse_workspace\demoqa-automation//TestData/Mphoto.jpg
511 Grant 481, Prattsville
 Arkansas 72129
 United States
2025-09-12 20:54:44 [main] INFO  demoqaBase - Entering Address...
2025-09-12 20:54:44 [main] INFO  demoqaBase - Entered Address...
2025-09-12 20:54:44 [main] INFO  demoqaBase - Selecting State: NCR
Available state option: NCR
2025-09-12 20:54:45 [main] INFO  demoqaBase - Selected State: NCR
2025-09-12 20:54:45 [main] INFO  demoqaBase - Selecting City: Delhi
Available city: Delhi
2025-09-12 20:54:45 [main] INFO  demoqaBase - Selected City: Delhi
2025-09-12 20:54:45 [main] INFO  demoqaBase - Submitting Form...
2025-09-12 20:54:45 [main] INFO  demoqaBase - Form Submitted via normal click...
2025-09-12 20:54:46 [main] INFO  ConfirmationTableParser - 📋 Parsed [First Name] = 'Johny', [Last Name] = 'Bravo'
2025-09-12 20:54:46 [main] INFO  ConfirmationTableParser - 📋 Parsed [Email] = 'Jbravo@demoqa.com'
2025-09-12 20:54:46 [main] INFO  ConfirmationTableParser - 📋 Parsed [Gender] = 'Male'
2025-09-12 20:54:46 [main] INFO  ConfirmationTableParser - 📋 Parsed [Mobile] = '9238343488'
2025-09-12 20:54:46 [main] INFO  ConfirmationTableParser - 📋 Parsed [DOB] = '15 August,2000'
2025-09-12 20:54:46 [main] INFO  ConfirmationTableParser - 📋 Parsed [Subject] = 'Computer Science'
2025-09-12 20:54:46 [main] INFO  ConfirmationTableParser - 📋 Parsed [Hobbies] = 'Sports, Music'
2025-09-12 20:54:46 [main] INFO  ConfirmationTableParser - 📋 Parsed [Picture] = 'Mphoto.jpg'
2025-09-12 20:54:46 [main] INFO  ConfirmationTableParser - 📋 Parsed [Address] = '511 Grant 481, Prattsville Arkansas 72129 United States'
2025-09-12 20:54:46 [main] INFO  ConfirmationTableParser - 📋 Parsed [State] = 'NCR', [City] = 'Delhi'
2025-09-12 20:54:46 [main] INFO  demoqaBase - 🧪 Starting confirmation assertion for user: Johny
2025-09-12 20:54:46 [main] INFO  AssertFormData - 🔍 [Email] Raw expected='Jbravo@demoqa.com', Raw actual='Jbravo@demoqa.com'
2025-09-12 20:54:46 [main] INFO  AssertFormData - 🔧 [Email] Normalized expected='Jbravo@demoqa.com', Normalized actual='Jbravo@demoqa.com'
2025-09-12 20:54:46 [main] INFO  AssertFormData - ✅ [Email] matched: 'Jbravo@demoqa.com'
2025-09-12 20:54:46 [main] INFO  AssertFormData - 🔍 [Address] Raw expected='511 Grant 481, Prattsville\n Arkansas 72129\n United States', Raw actual='511 Grant 481, Prattsville Arkansas 72129 United States'
2025-09-12 20:54:46 [main] INFO  AssertFormData - 🔧 [Address] Normalized expected='511 Grant 481, Prattsville Arkansas 72129 United States', Normalized actual='511 Grant 481, Prattsville Arkansas 72129 United States'
2025-09-12 20:54:46 [main] INFO  AssertFormData - ✅ [Address] matched: '511 Grant 481, Prattsville Arkansas 72129 United States'
2025-09-12 20:54:46 [main] INFO  AssertFormData - 🔍 [DOB] Raw expected='15-08-2000', Raw actual='15 August,2000'
2025-09-12 20:54:46 [main] INFO  AssertFormData - 🔧 [DOB] Normalized expected='15-08-2000', Normalized actual='15-08-2000'
2025-09-12 20:54:46 [main] INFO  AssertFormData - ✅ [DOB] matched: '15-08-2000'
2025-09-12 20:54:46 [main] INFO  AssertFormData - 🔍 [Picture] Raw expected='Mphoto.jpg', Raw actual='Mphoto.jpg'
2025-09-12 20:54:46 [main] INFO  AssertFormData - 🔧 [Picture] Normalized expected='Mphoto.jpg', Normalized actual='Mphoto.jpg'
2025-09-12 20:54:46 [main] INFO  AssertFormData - ✅ [Picture] matched: 'Mphoto.jpg'
2025-09-12 20:54:46 [main] INFO  AssertFormData - 🔍 [State] Raw expected='NCR', Raw actual='NCR'
2025-09-12 20:54:46 [main] INFO  AssertFormData - 🔧 [State] Normalized expected='NCR', Normalized actual='NCR'
2025-09-12 20:54:46 [main] INFO  AssertFormData - ✅ [State] matched: 'NCR'
2025-09-12 20:54:46 [main] INFO  AssertFormData - 🔍 [First Name] Raw expected='Johny', Raw actual='Johny'
2025-09-12 20:54:46 [main] INFO  AssertFormData - 🔧 [First Name] Normalized expected='Johny', Normalized actual='Johny'
2025-09-12 20:54:46 [main] INFO  AssertFormData - ✅ [First Name] matched: 'Johny'
2025-09-12 20:54:46 [main] INFO  AssertFormData - 🔍 [Gender] Raw expected='Male', Raw actual='Male'
2025-09-12 20:54:46 [main] INFO  AssertFormData - 🔧 [Gender] Normalized expected='Male', Normalized actual='Male'
2025-09-12 20:54:46 [main] INFO  AssertFormData - ✅ [Gender] matched: 'Male'
2025-09-12 20:54:46 [main] INFO  AssertFormData - 🔍 [City] Raw expected='Delhi', Raw actual='Delhi'
2025-09-12 20:54:46 [main] INFO  AssertFormData - 🔧 [City] Normalized expected='Delhi', Normalized actual='Delhi'
2025-09-12 20:54:46 [main] INFO  AssertFormData - ✅ [City] matched: 'Delhi'
2025-09-12 20:54:46 [main] INFO  AssertFormData - 🔍 [Last Name] Raw expected='Bravo', Raw actual='Bravo'
2025-09-12 20:54:46 [main] INFO  AssertFormData - 🔧 [Last Name] Normalized expected='Bravo', Normalized actual='Bravo'
2025-09-12 20:54:46 [main] INFO  AssertFormData - ✅ [Last Name] matched: 'Bravo'
2025-09-12 20:54:46 [main] INFO  AssertFormData - 🔍 [Mobile] Raw expected='9238343488', Raw actual='9238343488'
2025-09-12 20:54:46 [main] INFO  AssertFormData - 🔧 [Mobile] Normalized expected='9238343488', Normalized actual='9238343488'
2025-09-12 20:54:46 [main] INFO  AssertFormData - ✅ [Mobile] matched: '9238343488'
2025-09-12 20:54:46 [main] INFO  AssertFormData - 🔍 [Hobbies] Raw expected='Sports,Music', Raw actual='Sports, Music'
2025-09-12 20:54:46 [main] INFO  AssertFormData - 🔧 [Hobbies] Normalized expected='Sports,Music', Normalized actual='Sports,Music'
2025-09-12 20:54:46 [main] INFO  AssertFormData - ✅ [Hobbies] matched: 'Sports,Music'
2025-09-12 20:54:46 [main] INFO  AssertFormData - 🔍 [Subject] Raw expected='Computer Science', Raw actual='Computer Science'
2025-09-12 20:54:46 [main] INFO  AssertFormData - 🔧 [Subject] Normalized expected='Computer Science', Normalized actual='Computer Science'
2025-09-12 20:54:46 [main] INFO  AssertFormData - ✅ [Subject] matched: 'Computer Science'
2025-09-12 20:54:46 [main] INFO  demoqaBase - ✅ Form Filling Completed for: Johny Bravo
]]></system-out>
  </testcase>
  <testcase name="fillForm[UserFormData{firstName=&apos;Gene&apos;, lastName=&apos;Femina&apos;, userMail=&apos;GFemina@demoqa.com&apos;, gender=&apos;Female&apos;, mobile=&apos;1.888343432E9&apos;, dob=&apos;22/05/2002&apos;, subject=&apos;Accounting&apos;, hobbies=&apos;Music,Reading&apos;, picturePath=&apos;/TestData/Fphoto.png&apos;, address=&apos;512 Grant 481, Prattsville\n Arkansas 72129\n United States&apos;, state=&apos;Uttar Pradesh&apos;, city=&apos;Merrut&apos;}](2)" classname="tests.FormTests" time="8.094">
    <system-out><![CDATA[Path for Screenshot is: C:\ASN\eclipse_workspace\demoqa-automation/screenshots/fillForm_Passed_20250912_205446+2025-09-12_20-54-46.png
2025-09-12 20:54:46 [main] INFO  demoqaBase - ✅ Test fillForm passed. Screenshot captured.
2025-09-12 20:54:46 [main] INFO  demoqaBase - Closing browser for test: fillForm
2025-09-12 20:54:47 [main] INFO  DriverFactory - 🌐 Starting Chrome Web Browser...
2025-09-12 20:54:47 [main] INFO  DriverFactory - ✅ Created temporary Chrome profile at C:\Users\dell\AppData\Local\Temp\chrome-profile-4703757657492699583
2025-09-12 20:54:48 [main] INFO  DriverFactory - 🚀 WebDriver started successfully
2025-09-12 20:54:48 [main] INFO  RetryUrlAccess - Navigating to URL (attempt 1): https://demoqa.com
2025-09-12 20:55:22 [main] INFO  demoqaBase - 🧪 Starting Form Filling Test...
2025-09-12 20:55:22 [main] INFO  RetryUrlAccess - Navigating to URL (attempt 1): https://demoqa.com
2025-09-12 20:55:23 [main] INFO  demoqaBase - Accessing Form Card...
2025-09-12 20:55:23 [main] INFO  RetryUrlAccess - Navigating to URL (attempt 1): https://demoqa.com
2025-09-12 20:55:23 [main] INFO  demoqaLog - Clicking on Form Card...
🔹 Trying JS click by locator (attempt 1)
2025-09-12 20:55:23 [main] INFO  demoqaLog - 🔹 Trying JS click by locator (attempt 1)
🔹 Attempting JS click...
2025-09-12 20:55:23 [main] INFO  demoqaLog - 🔹 Attempting JS click...
2025-09-12 20:55:24 [main] INFO  demoqaLog - Clicked on Forms Card...
Page Text is: Please select an item from left to start practice.
2025-09-12 20:55:24 [main] INFO  demoqaBase - Clicking on Practice Form...
🔹 Trying JS click by locator (attempt 1)
2025-09-12 20:55:24 [main] INFO  demoqaLog - 🔹 Trying JS click by locator (attempt 1)
🔹 Attempting JS click...
2025-09-12 20:55:24 [main] INFO  demoqaLog - 🔹 Attempting JS click...
2025-09-12 20:55:24 [main] INFO  demoqaBase - Clicked on Practice Form...
2025-09-12 20:55:27 [main] INFO  demoqaBase - Filling form for: Gene Femina
2025-09-12 20:55:27 [main] INFO  demoqaBase - Entering First Name...
2025-09-12 20:55:27 [main] INFO  demoqaBase - Entered First Name: Gene
🔹 Trying JS click on WebElement (attempt 1)
2025-09-12 20:55:27 [main] INFO  demoqaLog - 🔹 Trying JS click on WebElement (attempt 1)
🔹 Attempting JS click...
2025-09-12 20:55:27 [main] INFO  demoqaLog - 🔹 Attempting JS click...
Selected gender: Female
2025-09-12 20:55:27 [main] INFO  demoqaBase - 📅 Parsed DOB for Gene Femina: 2002-05-22
📥 Received DOB: 22-05-2002
📅 Normalized DOB: 22-05-2002
✅ Date selected: 22-05-2002
2025-09-12 20:55:28 [main] INFO  demoqaBase - Typed full subject: Accounting
Typing subject: Accounting
Dropdown Option: Accounting
Selected: Accounting
Selected hobby: music
Selected hobby: reading
Uploaded photo: C:\ASN\eclipse_workspace\demoqa-automation//TestData/Fphoto.png
512 Grant 481, Prattsville
 Arkansas 72129
 United States
2025-09-12 20:55:29 [main] INFO  demoqaBase - Entering Address...
2025-09-12 20:55:29 [main] INFO  demoqaBase - Entered Address...
2025-09-12 20:55:29 [main] INFO  demoqaBase - Selecting State: Uttar Pradesh
Available state option: NCR
Available state option: Uttar Pradesh
2025-09-12 20:55:29 [main] INFO  demoqaBase - Selected State: Uttar Pradesh
2025-09-12 20:55:29 [main] INFO  demoqaBase - Selecting City: Merrut
Available city: Agra
Available city: Lucknow
Available city: Merrut
2025-09-12 20:55:29 [main] INFO  demoqaBase - Selected City: Merrut
2025-09-12 20:55:29 [main] INFO  demoqaBase - Submitting Form...
2025-09-12 20:55:30 [main] INFO  demoqaBase - Form Submitted via normal click...
2025-09-12 20:55:30 [main] INFO  ConfirmationTableParser - 📋 Parsed [First Name] = 'Gene', [Last Name] = 'Femina'
2025-09-12 20:55:30 [main] INFO  ConfirmationTableParser - 📋 Parsed [Email] = 'GFemina@demoqa.com'
2025-09-12 20:55:30 [main] INFO  ConfirmationTableParser - 📋 Parsed [Gender] = 'Female'
2025-09-12 20:55:30 [main] INFO  ConfirmationTableParser - 📋 Parsed [Mobile] = '1888343432'
2025-09-12 20:55:30 [main] INFO  ConfirmationTableParser - 📋 Parsed [DOB] = '22 May,2002'
2025-09-12 20:55:30 [main] INFO  ConfirmationTableParser - 📋 Parsed [Subject] = 'Accounting'
2025-09-12 20:55:30 [main] INFO  ConfirmationTableParser - 📋 Parsed [Hobbies] = 'Music, Reading'
2025-09-12 20:55:30 [main] INFO  ConfirmationTableParser - 📋 Parsed [Picture] = 'Fphoto.png'
2025-09-12 20:55:30 [main] INFO  ConfirmationTableParser - 📋 Parsed [Address] = '512 Grant 481, Prattsville Arkansas 72129 United States'
2025-09-12 20:55:30 [main] INFO  ConfirmationTableParser - 📋 Parsed [State] = 'Uttar Pradesh', [City] = 'Merrut'
2025-09-12 20:55:30 [main] INFO  demoqaBase - 🧪 Starting confirmation assertion for user: Gene
2025-09-12 20:55:30 [main] INFO  AssertFormData - 🔍 [Email] Raw expected='GFemina@demoqa.com', Raw actual='GFemina@demoqa.com'
2025-09-12 20:55:30 [main] INFO  AssertFormData - 🔧 [Email] Normalized expected='GFemina@demoqa.com', Normalized actual='GFemina@demoqa.com'
2025-09-12 20:55:30 [main] INFO  AssertFormData - ✅ [Email] matched: 'GFemina@demoqa.com'
2025-09-12 20:55:30 [main] INFO  AssertFormData - 🔍 [Address] Raw expected='512 Grant 481, Prattsville\n Arkansas 72129\n United States', Raw actual='512 Grant 481, Prattsville Arkansas 72129 United States'
2025-09-12 20:55:30 [main] INFO  AssertFormData - 🔧 [Address] Normalized expected='512 Grant 481, Prattsville Arkansas 72129 United States', Normalized actual='512 Grant 481, Prattsville Arkansas 72129 United States'
2025-09-12 20:55:30 [main] INFO  AssertFormData - ✅ [Address] matched: '512 Grant 481, Prattsville Arkansas 72129 United States'
2025-09-12 20:55:30 [main] INFO  AssertFormData - 🔍 [DOB] Raw expected='22-05-2002', Raw actual='22 May,2002'
2025-09-12 20:55:30 [main] INFO  AssertFormData - 🔧 [DOB] Normalized expected='22-05-2002', Normalized actual='22-05-2002'
2025-09-12 20:55:30 [main] INFO  AssertFormData - ✅ [DOB] matched: '22-05-2002'
2025-09-12 20:55:30 [main] INFO  AssertFormData - 🔍 [Picture] Raw expected='Fphoto.png', Raw actual='Fphoto.png'
2025-09-12 20:55:30 [main] INFO  AssertFormData - 🔧 [Picture] Normalized expected='Fphoto.png', Normalized actual='Fphoto.png'
2025-09-12 20:55:30 [main] INFO  AssertFormData - ✅ [Picture] matched: 'Fphoto.png'
2025-09-12 20:55:30 [main] INFO  AssertFormData - 🔍 [State] Raw expected='Uttar Pradesh', Raw actual='Uttar Pradesh'
2025-09-12 20:55:30 [main] INFO  AssertFormData - 🔧 [State] Normalized expected='Uttar Pradesh', Normalized actual='Uttar Pradesh'
2025-09-12 20:55:30 [main] INFO  AssertFormData - ✅ [State] matched: 'Uttar Pradesh'
2025-09-12 20:55:30 [main] INFO  AssertFormData - 🔍 [First Name] Raw expected='Gene', Raw actual='Gene'
2025-09-12 20:55:30 [main] INFO  AssertFormData - 🔧 [First Name] Normalized expected='Gene', Normalized actual='Gene'
2025-09-12 20:55:30 [main] INFO  AssertFormData - ✅ [First Name] matched: 'Gene'
2025-09-12 20:55:30 [main] INFO  AssertFormData - 🔍 [Gender] Raw expected='Female', Raw actual='Female'
2025-09-12 20:55:30 [main] INFO  AssertFormData - 🔧 [Gender] Normalized expected='Female', Normalized actual='Female'
2025-09-12 20:55:30 [main] INFO  AssertFormData - ✅ [Gender] matched: 'Female'
2025-09-12 20:55:30 [main] INFO  AssertFormData - 🔍 [City] Raw expected='Merrut', Raw actual='Merrut'
2025-09-12 20:55:30 [main] INFO  AssertFormData - 🔧 [City] Normalized expected='Merrut', Normalized actual='Merrut'
2025-09-12 20:55:30 [main] INFO  AssertFormData - ✅ [City] matched: 'Merrut'
2025-09-12 20:55:30 [main] INFO  AssertFormData - 🔍 [Last Name] Raw expected='Femina', Raw actual='Femina'
2025-09-12 20:55:30 [main] INFO  AssertFormData - 🔧 [Last Name] Normalized expected='Femina', Normalized actual='Femina'
2025-09-12 20:55:30 [main] INFO  AssertFormData - ✅ [Last Name] matched: 'Femina'
2025-09-12 20:55:30 [main] INFO  AssertFormData - 🔍 [Mobile] Raw expected='1888343432', Raw actual='1888343432'
2025-09-12 20:55:30 [main] INFO  AssertFormData - 🔧 [Mobile] Normalized expected='1888343432', Normalized actual='1888343432'
2025-09-12 20:55:30 [main] INFO  AssertFormData - ✅ [Mobile] matched: '1888343432'
2025-09-12 20:55:30 [main] INFO  AssertFormData - 🔍 [Hobbies] Raw expected='Music,Reading', Raw actual='Music, Reading'
2025-09-12 20:55:30 [main] INFO  AssertFormData - 🔧 [Hobbies] Normalized expected='Music,Reading', Normalized actual='Music,Reading'
2025-09-12 20:55:30 [main] INFO  AssertFormData - ✅ [Hobbies] matched: 'Music,Reading'
2025-09-12 20:55:30 [main] INFO  AssertFormData - 🔍 [Subject] Raw expected='Accounting', Raw actual='Accounting'
2025-09-12 20:55:30 [main] INFO  AssertFormData - 🔧 [Subject] Normalized expected='Accounting', Normalized actual='Accounting'
2025-09-12 20:55:30 [main] INFO  AssertFormData - ✅ [Subject] matched: 'Accounting'
2025-09-12 20:55:30 [main] INFO  demoqaBase - ✅ Form Filling Completed for: Gene Femina
]]></system-out>
  </testcase>
  <testcase name="fillForm[UserFormData{firstName=&apos;Bud&apos;, lastName=&apos;Wisem&apos;, userMail=&apos;BWisem@demoqa.com&apos;, gender=&apos;Other&apos;, mobile=&apos;8.932465432E9&apos;, dob=&apos;31/12/1999&apos;, subject=&apos;Biology&apos;, hobbies=&apos;Reading&apos;, picturePath=&apos;/TestData/Ophoto.jpg&apos;, address=&apos;513 Grant 481, Prattsville\n Arkansas 72129\n United States&apos;, state=&apos;Haryana&apos;, city=&apos;Panipat&apos;}](3)" classname="tests.FormTests" time="8.471">
    <system-out><![CDATA[Path for Screenshot is: C:\ASN\eclipse_workspace\demoqa-automation/screenshots/fillForm_Passed_20250912_205530+2025-09-12_20-55-30.png
2025-09-12 20:55:30 [main] INFO  demoqaBase - ✅ Test fillForm passed. Screenshot captured.
2025-09-12 20:55:30 [main] INFO  demoqaBase - Closing browser for test: fillForm
2025-09-12 20:55:31 [main] INFO  DriverFactory - 🌐 Starting Chrome Web Browser...
2025-09-12 20:55:31 [main] INFO  DriverFactory - ✅ Created temporary Chrome profile at C:\Users\dell\AppData\Local\Temp\chrome-profile-7495909094672360076
2025-09-12 20:55:32 [main] INFO  DriverFactory - 🚀 WebDriver started successfully
2025-09-12 20:55:32 [main] INFO  RetryUrlAccess - Navigating to URL (attempt 1): https://demoqa.com
2025-09-12 20:55:55 [main] INFO  demoqaBase - 🧪 Starting Form Filling Test...
2025-09-12 20:55:55 [main] INFO  RetryUrlAccess - Navigating to URL (attempt 1): https://demoqa.com
2025-09-12 20:55:56 [main] INFO  demoqaBase - Accessing Form Card...
2025-09-12 20:55:56 [main] INFO  RetryUrlAccess - Navigating to URL (attempt 1): https://demoqa.com
2025-09-12 20:55:56 [main] INFO  demoqaLog - Clicking on Form Card...
🔹 Trying JS click by locator (attempt 1)
2025-09-12 20:55:56 [main] INFO  demoqaLog - 🔹 Trying JS click by locator (attempt 1)
🔹 Attempting JS click...
2025-09-12 20:55:56 [main] INFO  demoqaLog - 🔹 Attempting JS click...
2025-09-12 20:55:56 [main] INFO  demoqaLog - Clicked on Forms Card...
Page Text is: Please select an item from left to start practice.
2025-09-12 20:55:57 [main] INFO  demoqaBase - Clicking on Practice Form...
🔹 Trying JS click by locator (attempt 1)
2025-09-12 20:55:57 [main] INFO  demoqaLog - 🔹 Trying JS click by locator (attempt 1)
🔹 Attempting JS click...
2025-09-12 20:55:57 [main] INFO  demoqaLog - 🔹 Attempting JS click...
2025-09-12 20:55:57 [main] INFO  demoqaBase - Clicked on Practice Form...
2025-09-12 20:56:00 [main] INFO  demoqaBase - Filling form for: Bud Wisem
2025-09-12 20:56:00 [main] INFO  demoqaBase - Entering First Name...
2025-09-12 20:56:00 [main] INFO  demoqaBase - Entered First Name: Bud
🔹 Trying JS click on WebElement (attempt 1)
2025-09-12 20:56:00 [main] INFO  demoqaLog - 🔹 Trying JS click on WebElement (attempt 1)
🔹 Attempting JS click...
2025-09-12 20:56:00 [main] INFO  demoqaLog - 🔹 Attempting JS click...
Selected gender: Other
2025-09-12 20:56:00 [main] INFO  demoqaBase - 📅 Parsed DOB for Bud Wisem: 1999-12-31
📥 Received DOB: 31-12-1999
📅 Normalized DOB: 31-12-1999
✅ Date selected: 31-12-1999
2025-09-12 20:56:01 [main] INFO  demoqaBase - Typed full subject: Biology
Typing subject: Biology
Dropdown Option: Biology
Selected: Biology
Selected hobby: reading
Uploaded photo: C:\ASN\eclipse_workspace\demoqa-automation//TestData/Ophoto.jpg
513 Grant 481, Prattsville
 Arkansas 72129
 United States
2025-09-12 20:56:02 [main] INFO  demoqaBase - Entering Address...
2025-09-12 20:56:02 [main] INFO  demoqaBase - Entered Address...
2025-09-12 20:56:02 [main] INFO  demoqaBase - Selecting State: Haryana
Available state option: NCR
Available state option: Uttar Pradesh
Available state option: Haryana
2025-09-12 20:56:02 [main] INFO  demoqaBase - Selected State: Haryana
2025-09-12 20:56:02 [main] INFO  demoqaBase - Selecting City: Panipat
Available city: Karnal
Available city: Panipat
2025-09-12 20:56:02 [main] INFO  demoqaBase - Selected City: Panipat
2025-09-12 20:56:02 [main] INFO  demoqaBase - Submitting Form...
2025-09-12 20:56:03 [main] INFO  demoqaBase - Form Submitted via normal click...
2025-09-12 20:56:03 [main] INFO  ConfirmationTableParser - 📋 Parsed [First Name] = 'Bud', [Last Name] = 'Wisem'
2025-09-12 20:56:03 [main] INFO  ConfirmationTableParser - 📋 Parsed [Email] = 'BWisem@demoqa.com'
2025-09-12 20:56:04 [main] INFO  ConfirmationTableParser - 📋 Parsed [Gender] = 'Other'
2025-09-12 20:56:04 [main] INFO  ConfirmationTableParser - 📋 Parsed [Mobile] = '8932465432'
2025-09-12 20:56:04 [main] INFO  ConfirmationTableParser - 📋 Parsed [DOB] = '31 December,1999'
2025-09-12 20:56:04 [main] INFO  ConfirmationTableParser - 📋 Parsed [Subject] = 'Biology'
2025-09-12 20:56:04 [main] INFO  ConfirmationTableParser - 📋 Parsed [Hobbies] = 'Reading'
2025-09-12 20:56:04 [main] INFO  ConfirmationTableParser - 📋 Parsed [Picture] = 'Ophoto.jpg'
2025-09-12 20:56:04 [main] INFO  ConfirmationTableParser - 📋 Parsed [Address] = '513 Grant 481, Prattsville Arkansas 72129 United States'
2025-09-12 20:56:04 [main] INFO  ConfirmationTableParser - 📋 Parsed [State] = 'Haryana', [City] = 'Panipat'
2025-09-12 20:56:04 [main] INFO  demoqaBase - 🧪 Starting confirmation assertion for user: Bud
2025-09-12 20:56:04 [main] INFO  AssertFormData - 🔍 [Email] Raw expected='BWisem@demoqa.com', Raw actual='BWisem@demoqa.com'
2025-09-12 20:56:04 [main] INFO  AssertFormData - 🔧 [Email] Normalized expected='BWisem@demoqa.com', Normalized actual='BWisem@demoqa.com'
2025-09-12 20:56:04 [main] INFO  AssertFormData - ✅ [Email] matched: 'BWisem@demoqa.com'
2025-09-12 20:56:04 [main] INFO  AssertFormData - 🔍 [Address] Raw expected='513 Grant 481, Prattsville\n Arkansas 72129\n United States', Raw actual='513 Grant 481, Prattsville Arkansas 72129 United States'
2025-09-12 20:56:04 [main] INFO  AssertFormData - 🔧 [Address] Normalized expected='513 Grant 481, Prattsville Arkansas 72129 United States', Normalized actual='513 Grant 481, Prattsville Arkansas 72129 United States'
2025-09-12 20:56:04 [main] INFO  AssertFormData - ✅ [Address] matched: '513 Grant 481, Prattsville Arkansas 72129 United States'
2025-09-12 20:56:04 [main] INFO  AssertFormData - 🔍 [DOB] Raw expected='31-12-1999', Raw actual='31 December,1999'
2025-09-12 20:56:04 [main] INFO  AssertFormData - 🔧 [DOB] Normalized expected='31-12-1999', Normalized actual='31-12-1999'
2025-09-12 20:56:04 [main] INFO  AssertFormData - ✅ [DOB] matched: '31-12-1999'
2025-09-12 20:56:04 [main] INFO  AssertFormData - 🔍 [Picture] Raw expected='Ophoto.jpg', Raw actual='Ophoto.jpg'
2025-09-12 20:56:04 [main] INFO  AssertFormData - 🔧 [Picture] Normalized expected='Ophoto.jpg', Normalized actual='Ophoto.jpg'
2025-09-12 20:56:04 [main] INFO  AssertFormData - ✅ [Picture] matched: 'Ophoto.jpg'
2025-09-12 20:56:04 [main] INFO  AssertFormData - 🔍 [State] Raw expected='Haryana', Raw actual='Haryana'
2025-09-12 20:56:04 [main] INFO  AssertFormData - 🔧 [State] Normalized expected='Haryana', Normalized actual='Haryana'
2025-09-12 20:56:04 [main] INFO  AssertFormData - ✅ [State] matched: 'Haryana'
2025-09-12 20:56:04 [main] INFO  AssertFormData - 🔍 [First Name] Raw expected='Bud', Raw actual='Bud'
2025-09-12 20:56:04 [main] INFO  AssertFormData - 🔧 [First Name] Normalized expected='Bud', Normalized actual='Bud'
2025-09-12 20:56:04 [main] INFO  AssertFormData - ✅ [First Name] matched: 'Bud'
2025-09-12 20:56:04 [main] INFO  AssertFormData - 🔍 [Gender] Raw expected='Other', Raw actual='Other'
2025-09-12 20:56:04 [main] INFO  AssertFormData - 🔧 [Gender] Normalized expected='Other', Normalized actual='Other'
2025-09-12 20:56:04 [main] INFO  AssertFormData - ✅ [Gender] matched: 'Other'
2025-09-12 20:56:04 [main] INFO  AssertFormData - 🔍 [City] Raw expected='Panipat', Raw actual='Panipat'
2025-09-12 20:56:04 [main] INFO  AssertFormData - 🔧 [City] Normalized expected='Panipat', Normalized actual='Panipat'
2025-09-12 20:56:04 [main] INFO  AssertFormData - ✅ [City] matched: 'Panipat'
2025-09-12 20:56:04 [main] INFO  AssertFormData - 🔍 [Last Name] Raw expected='Wisem', Raw actual='Wisem'
2025-09-12 20:56:04 [main] INFO  AssertFormData - 🔧 [Last Name] Normalized expected='Wisem', Normalized actual='Wisem'
2025-09-12 20:56:04 [main] INFO  AssertFormData - ✅ [Last Name] matched: 'Wisem'
2025-09-12 20:56:04 [main] INFO  AssertFormData - 🔍 [Mobile] Raw expected='8932465432', Raw actual='8932465432'
2025-09-12 20:56:04 [main] INFO  AssertFormData - 🔧 [Mobile] Normalized expected='8932465432', Normalized actual='8932465432'
2025-09-12 20:56:04 [main] INFO  AssertFormData - ✅ [Mobile] matched: '8932465432'
2025-09-12 20:56:04 [main] INFO  AssertFormData - 🔍 [Hobbies] Raw expected='Reading', Raw actual='Reading'
2025-09-12 20:56:04 [main] INFO  AssertFormData - 🔧 [Hobbies] Normalized expected='Reading', Normalized actual='Reading'
2025-09-12 20:56:04 [main] INFO  AssertFormData - ✅ [Hobbies] matched: 'Reading'
2025-09-12 20:56:04 [main] INFO  AssertFormData - 🔍 [Subject] Raw expected='Biology', Raw actual='Biology'
2025-09-12 20:56:04 [main] INFO  AssertFormData - 🔧 [Subject] Normalized expected='Biology', Normalized actual='Biology'
2025-09-12 20:56:04 [main] INFO  AssertFormData - ✅ [Subject] matched: 'Biology'
2025-09-12 20:56:04 [main] INFO  demoqaBase - ✅ Form Filling Completed for: Bud Wisem
]]></system-out>
  </testcase>
  <testcase name="fillForm[UserFormData{firstName=&apos;Tom&apos;, lastName=&apos;Boss&apos;, userMail=&apos;TBoss@demoqa.com&apos;, gender=&apos;Male&apos;, mobile=&apos;7.839875281E9&apos;, dob=&apos;1/26/03&apos;, subject=&apos;Social Studies&apos;, hobbies=&apos;Sports,Reading&apos;, picturePath=&apos;/TestData/M2photo.jpg&apos;, address=&apos;514 Grant 481, Prattsville\n Arkansas 72129\n United States&apos;, state=&apos;Rajasthan&apos;, city=&apos;Jaiselmer&apos;}](4)" classname="tests.FormTests" time="9.486">
    <system-out><![CDATA[Path for Screenshot is: C:\ASN\eclipse_workspace\demoqa-automation/screenshots/fillForm_Passed_20250912_205604+2025-09-12_20-56-04.png
2025-09-12 20:56:04 [main] INFO  demoqaBase - ✅ Test fillForm passed. Screenshot captured.
2025-09-12 20:56:04 [main] INFO  demoqaBase - Closing browser for test: fillForm
2025-09-12 20:56:04 [main] INFO  DriverFactory - 🌐 Starting Chrome Web Browser...
2025-09-12 20:56:04 [main] INFO  DriverFactory - ✅ Created temporary Chrome profile at C:\Users\dell\AppData\Local\Temp\chrome-profile-7863814910359980930
2025-09-12 20:56:05 [main] INFO  DriverFactory - 🚀 WebDriver started successfully
2025-09-12 20:56:05 [main] INFO  RetryUrlAccess - Navigating to URL (attempt 1): https://demoqa.com
2025-09-12 20:57:05 [main] WARN  RetryUrlAccess - Navigation attempt 1 failed: timeout: Timed out receiving message from renderer: 58.868
  (Session info: chrome=137.0.7151.120)
Build info: version: '4.35.0', revision: '1c58e5028b'
System info: os.name: 'Windows 11', os.arch: 'amd64', os.version: '10.0', java.version: '21.0.7'
Driver info: org.openqa.selenium.chrome.ChromeDriver
Command: [d06c69712e729760e8b3cc3ab6ae0740, get {url=https://demoqa.com}]
Capabilities {acceptInsecureCerts: false, browserName: chrome, browserVersion: 137.0.7151.120, chrome: {chromedriverVersion: 137.0.7151.119 (e0ac9d12dff..., userDataDir: C:\Users\dell\AppData\Local...}, fedcm:accounts: true, goog:chromeOptions: {debuggerAddress: localhost:62866}, networkConnectionEnabled: false, pageLoadStrategy: normal, platformName: windows, proxy: Proxy(), se:cdp: ws://localhost:62866/devtoo..., se:cdpVersion: 137.0.7151.120, setWindowRect: true, strictFileInteractability: false, timeouts: {implicit: 0, pageLoad: 300000, script: 30000}, unhandledPromptBehavior: dismiss and notify, webauthn:extension:credBlob: true, webauthn:extension:largeBlob: true, webauthn:extension:minPinLength: true, webauthn:extension:prf: true, webauthn:virtualAuthenticators: true}
Session ID: d06c69712e729760e8b3cc3ab6ae0740
2025-09-12 20:57:08 [main] INFO  RetryUrlAccess - Navigating to URL (attempt 2): https://demoqa.com
2025-09-12 20:57:09 [main] INFO  demoqaBase - 🧪 Starting Form Filling Test...
2025-09-12 20:57:09 [main] INFO  RetryUrlAccess - Navigating to URL (attempt 1): https://demoqa.com
2025-09-12 20:57:09 [main] INFO  demoqaBase - Accessing Form Card...
2025-09-12 20:57:09 [main] INFO  RetryUrlAccess - Navigating to URL (attempt 1): https://demoqa.com
2025-09-12 20:57:10 [main] INFO  demoqaLog - Clicking on Form Card...
🔹 Trying JS click by locator (attempt 1)
2025-09-12 20:57:10 [main] INFO  demoqaLog - 🔹 Trying JS click by locator (attempt 1)
🔹 Attempting JS click...
2025-09-12 20:57:10 [main] INFO  demoqaLog - 🔹 Attempting JS click...
2025-09-12 20:57:11 [main] INFO  demoqaLog - Clicked on Forms Card...
Page Text is: Please select an item from left to start practice.
2025-09-12 20:57:11 [main] INFO  demoqaBase - Clicking on Practice Form...
🔹 Trying JS click by locator (attempt 1)
2025-09-12 20:57:11 [main] INFO  demoqaLog - 🔹 Trying JS click by locator (attempt 1)
🔹 Attempting JS click...
2025-09-12 20:57:11 [main] INFO  demoqaLog - 🔹 Attempting JS click...
2025-09-12 20:57:11 [main] INFO  demoqaBase - Clicked on Practice Form...
2025-09-12 20:57:14 [main] INFO  demoqaBase - Filling form for: Tom Boss
2025-09-12 20:57:14 [main] INFO  demoqaBase - Entering First Name...
2025-09-12 20:57:14 [main] INFO  demoqaBase - Entered First Name: Tom
🔹 Trying JS click on WebElement (attempt 1)
2025-09-12 20:57:14 [main] INFO  demoqaLog - 🔹 Trying JS click on WebElement (attempt 1)
🔹 Attempting JS click...
2025-09-12 20:57:14 [main] INFO  demoqaLog - 🔹 Attempting JS click...
Selected gender: Male
2025-09-12 20:57:14 [main] INFO  demoqaBase - 📅 Parsed DOB for Tom Boss: 2003-01-26
📥 Received DOB: 26-01-2003
📅 Normalized DOB: 26-01-2003
✅ Date selected: 26-01-2003
2025-09-12 20:57:15 [main] INFO  demoqaBase - Typed full subject: Social Studies
Typing subject: Social Studies
Dropdown Option: Social Studies
Selected: Social Studies
Selected hobby: sports
Selected hobby: reading
Uploaded photo: C:\ASN\eclipse_workspace\demoqa-automation//TestData/M2photo.jpg
514 Grant 481, Prattsville
 Arkansas 72129
 United States
2025-09-12 20:57:16 [main] INFO  demoqaBase - Entering Address...
2025-09-12 20:57:16 [main] INFO  demoqaBase - Entered Address...
2025-09-12 20:57:16 [main] INFO  demoqaBase - Selecting State: Rajasthan
Available state option: NCR
Available state option: Uttar Pradesh
Available state option: Haryana
Available state option: Rajasthan
2025-09-12 20:57:17 [main] INFO  demoqaBase - Selected State: Rajasthan
2025-09-12 20:57:17 [main] INFO  demoqaBase - Selecting City: Jaiselmer
Available city: Jaipur
Available city: Jaiselmer
2025-09-12 20:57:17 [main] INFO  demoqaBase - Selected City: Jaiselmer
2025-09-12 20:57:17 [main] INFO  demoqaBase - Submitting Form...
2025-09-12 20:57:17 [main] INFO  demoqaBase - Form Submitted via normal click...
2025-09-12 20:57:18 [main] INFO  ConfirmationTableParser - 📋 Parsed [First Name] = 'Tom', [Last Name] = 'Boss'
2025-09-12 20:57:18 [main] INFO  ConfirmationTableParser - 📋 Parsed [Email] = 'TBoss@demoqa.com'
2025-09-12 20:57:18 [main] INFO  ConfirmationTableParser - 📋 Parsed [Gender] = 'Male'
2025-09-12 20:57:18 [main] INFO  ConfirmationTableParser - 📋 Parsed [Mobile] = '7839875281'
2025-09-12 20:57:18 [main] INFO  ConfirmationTableParser - 📋 Parsed [DOB] = '26 January,2003'
2025-09-12 20:57:18 [main] INFO  ConfirmationTableParser - 📋 Parsed [Subject] = 'Social Studies'
2025-09-12 20:57:18 [main] INFO  ConfirmationTableParser - 📋 Parsed [Hobbies] = 'Sports, Reading'
2025-09-12 20:57:18 [main] INFO  ConfirmationTableParser - 📋 Parsed [Picture] = 'M2photo.jpg'
2025-09-12 20:57:18 [main] INFO  ConfirmationTableParser - 📋 Parsed [Address] = '514 Grant 481, Prattsville Arkansas 72129 United States'
2025-09-12 20:57:18 [main] INFO  ConfirmationTableParser - 📋 Parsed [State] = 'Rajasthan', [City] = 'Jaiselmer'
2025-09-12 20:57:18 [main] INFO  demoqaBase - 🧪 Starting confirmation assertion for user: Tom
2025-09-12 20:57:18 [main] INFO  AssertFormData - 🔍 [Email] Raw expected='TBoss@demoqa.com', Raw actual='TBoss@demoqa.com'
2025-09-12 20:57:18 [main] INFO  AssertFormData - 🔧 [Email] Normalized expected='TBoss@demoqa.com', Normalized actual='TBoss@demoqa.com'
2025-09-12 20:57:18 [main] INFO  AssertFormData - ✅ [Email] matched: 'TBoss@demoqa.com'
2025-09-12 20:57:18 [main] INFO  AssertFormData - 🔍 [Address] Raw expected='514 Grant 481, Prattsville\n Arkansas 72129\n United States', Raw actual='514 Grant 481, Prattsville Arkansas 72129 United States'
2025-09-12 20:57:18 [main] INFO  AssertFormData - 🔧 [Address] Normalized expected='514 Grant 481, Prattsville Arkansas 72129 United States', Normalized actual='514 Grant 481, Prattsville Arkansas 72129 United States'
2025-09-12 20:57:18 [main] INFO  AssertFormData - ✅ [Address] matched: '514 Grant 481, Prattsville Arkansas 72129 United States'
2025-09-12 20:57:18 [main] INFO  AssertFormData - 🔍 [DOB] Raw expected='26-01-2003', Raw actual='26 January,2003'
2025-09-12 20:57:18 [main] INFO  AssertFormData - 🔧 [DOB] Normalized expected='26-01-2003', Normalized actual='26-01-2003'
2025-09-12 20:57:18 [main] INFO  AssertFormData - ✅ [DOB] matched: '26-01-2003'
2025-09-12 20:57:18 [main] INFO  AssertFormData - 🔍 [Picture] Raw expected='M2photo.jpg', Raw actual='M2photo.jpg'
2025-09-12 20:57:18 [main] INFO  AssertFormData - 🔧 [Picture] Normalized expected='M2photo.jpg', Normalized actual='M2photo.jpg'
2025-09-12 20:57:18 [main] INFO  AssertFormData - ✅ [Picture] matched: 'M2photo.jpg'
2025-09-12 20:57:18 [main] INFO  AssertFormData - 🔍 [State] Raw expected='Rajasthan', Raw actual='Rajasthan'
2025-09-12 20:57:18 [main] INFO  AssertFormData - 🔧 [State] Normalized expected='Rajasthan', Normalized actual='Rajasthan'
2025-09-12 20:57:18 [main] INFO  AssertFormData - ✅ [State] matched: 'Rajasthan'
2025-09-12 20:57:18 [main] INFO  AssertFormData - 🔍 [First Name] Raw expected='Tom', Raw actual='Tom'
2025-09-12 20:57:18 [main] INFO  AssertFormData - 🔧 [First Name] Normalized expected='Tom', Normalized actual='Tom'
2025-09-12 20:57:18 [main] INFO  AssertFormData - ✅ [First Name] matched: 'Tom'
2025-09-12 20:57:18 [main] INFO  AssertFormData - 🔍 [Gender] Raw expected='Male', Raw actual='Male'
2025-09-12 20:57:18 [main] INFO  AssertFormData - 🔧 [Gender] Normalized expected='Male', Normalized actual='Male'
2025-09-12 20:57:18 [main] INFO  AssertFormData - ✅ [Gender] matched: 'Male'
2025-09-12 20:57:18 [main] INFO  AssertFormData - 🔍 [City] Raw expected='Jaiselmer', Raw actual='Jaiselmer'
2025-09-12 20:57:18 [main] INFO  AssertFormData - 🔧 [City] Normalized expected='Jaiselmer', Normalized actual='Jaiselmer'
2025-09-12 20:57:18 [main] INFO  AssertFormData - ✅ [City] matched: 'Jaiselmer'
2025-09-12 20:57:18 [main] INFO  AssertFormData - 🔍 [Last Name] Raw expected='Boss', Raw actual='Boss'
2025-09-12 20:57:18 [main] INFO  AssertFormData - 🔧 [Last Name] Normalized expected='Boss', Normalized actual='Boss'
2025-09-12 20:57:18 [main] INFO  AssertFormData - ✅ [Last Name] matched: 'Boss'
2025-09-12 20:57:18 [main] INFO  AssertFormData - 🔍 [Mobile] Raw expected='7839875281', Raw actual='7839875281'
2025-09-12 20:57:18 [main] INFO  AssertFormData - 🔧 [Mobile] Normalized expected='7839875281', Normalized actual='7839875281'
2025-09-12 20:57:18 [main] INFO  AssertFormData - ✅ [Mobile] matched: '7839875281'
2025-09-12 20:57:18 [main] INFO  AssertFormData - 🔍 [Hobbies] Raw expected='Sports,Reading', Raw actual='Sports, Reading'
2025-09-12 20:57:18 [main] INFO  AssertFormData - 🔧 [Hobbies] Normalized expected='Sports,Reading', Normalized actual='Sports,Reading'
2025-09-12 20:57:18 [main] INFO  AssertFormData - ✅ [Hobbies] matched: 'Sports,Reading'
2025-09-12 20:57:18 [main] INFO  AssertFormData - 🔍 [Subject] Raw expected='Social Studies', Raw actual='Social Studies'
2025-09-12 20:57:18 [main] INFO  AssertFormData - 🔧 [Subject] Normalized expected='Social Studies', Normalized actual='Social Studies'
2025-09-12 20:57:18 [main] INFO  AssertFormData - ✅ [Subject] matched: 'Social Studies'
2025-09-12 20:57:18 [main] INFO  demoqaBase - ✅ Form Filling Completed for: Tom Boss
]]></system-out>
  </testcase>
  <testcase name="accessWidgets" classname="tests.WidgetsTests" time="0.247">
    <system-out><![CDATA[Path for Screenshot is: C:\ASN\eclipse_workspace\demoqa-automation/screenshots/fillForm_Passed_20250912_205718+2025-09-12_20-57-18.png
2025-09-12 20:57:18 [main] INFO  demoqaBase - ✅ Test fillForm passed. Screenshot captured.
2025-09-12 20:57:18 [main] INFO  demoqaBase - Closing browser for test: fillForm
2025-09-12 20:57:19 [main] INFO  DriverFactory - 🌐 Starting Chrome Web Browser...
2025-09-12 20:57:19 [main] INFO  DriverFactory - ✅ Created temporary Chrome profile at C:\Users\dell\AppData\Local\Temp\chrome-profile-13473543970041424286
2025-09-12 20:57:20 [main] INFO  DriverFactory - 🚀 WebDriver started successfully
2025-09-12 20:57:20 [main] INFO  RetryUrlAccess - Navigating to URL (attempt 1): https://demoqa.com
2025-09-12 20:58:06 [main] INFO  demoqaBase - 🧪 Starting Test Widgets...
2025-09-12 20:58:06 [main] INFO  demoqaBase - Accessing Widgets Card...
Declared Instance WebDriverWait: org.openqa.selenium.support.ui.WebDriverWait@34510787
2025-09-12 20:58:06 [main] INFO  demoqaLog - Clicking on Widgets Card...
🔹 Trying JS click by locator (attempt 1)
2025-09-12 20:58:06 [main] INFO  demoqaLog - 🔹 Trying JS click by locator (attempt 1)
🔹 Attempting JS click...
2025-09-12 20:58:06 [main] INFO  demoqaLog - 🔹 Attempting JS click...
2025-09-12 20:58:06 [main] INFO  demoqaLog - Clicked on Widgets Card...
Title of this Page is: DEMOQA
You are Accessing: Widgets
 
2025-09-12 20:58:06 [main] INFO  demoqaBase - Widgets: Please select an item from left to start practice.
2025-09-12 20:58:06 [main] INFO  demoqaBase - ✅ Widgets Test Completed...
]]></system-out>
  </testcase>
  <testcase name="Accordian" classname="tests.WidgetsTests" time="0.338">
    <system-out><![CDATA[2025-09-12 20:58:06 [main] INFO  demoqaBase - Closing browser for test: accessWidgets
2025-09-12 20:58:06 [main] INFO  DriverFactory - 🌐 Starting Chrome Web Browser...
2025-09-12 20:58:06 [main] INFO  DriverFactory - ✅ Created temporary Chrome profile at C:\Users\dell\AppData\Local\Temp\chrome-profile-1562583484483207032
2025-09-12 20:58:07 [main] INFO  DriverFactory - 🚀 WebDriver started successfully
2025-09-12 20:58:07 [main] INFO  RetryUrlAccess - Navigating to URL (attempt 1): https://demoqa.com
2025-09-12 20:58:42 [main] INFO  demoqaBase - 🧪 Starting Test Widgets|Accordian...
2025-09-12 20:58:42 [main] INFO  demoqaBase - Accessing Widgets Card...
Declared Instance WebDriverWait: org.openqa.selenium.support.ui.WebDriverWait@17446dab
2025-09-12 20:58:42 [main] INFO  demoqaLog - Clicking on Widgets Card...
🔹 Trying JS click by locator (attempt 1)
2025-09-12 20:58:42 [main] INFO  demoqaLog - 🔹 Trying JS click by locator (attempt 1)
🔹 Attempting JS click...
2025-09-12 20:58:42 [main] INFO  demoqaLog - 🔹 Attempting JS click...
2025-09-12 20:58:42 [main] INFO  demoqaLog - Clicked on Widgets Card...
Title of this Page is: DEMOQA
You are Accessing: Widgets
 
2025-09-12 20:58:42 [main] INFO  demoqaBase - Widgets: Please select an item from left to start practice.
2025-09-12 20:58:42 [main] INFO  demoqaBase - Clicking on Widgets|Accordian...
You are now Accessing: Accordian
2025-09-12 20:58:42 [main] INFO  demoqaBase - You are now Accessing: Accordian
2025-09-12 20:58:42 [main] INFO  demoqaBase - ✅ Widgets|Accordian Test Completed...
]]></system-out>
  </testcase>
  <testcase name="AccessWhatis" classname="tests.WidgetsTests" time="3.606">
    <system-out><![CDATA[2025-09-12 20:58:42 [main] INFO  demoqaBase - Closing browser for test: Accordian
2025-09-12 20:58:43 [main] INFO  DriverFactory - 🌐 Starting Chrome Web Browser...
2025-09-12 20:58:43 [main] INFO  DriverFactory - ✅ Created temporary Chrome profile at C:\Users\dell\AppData\Local\Temp\chrome-profile-2837205123900172672
2025-09-12 20:58:44 [main] INFO  DriverFactory - 🚀 WebDriver started successfully
2025-09-12 20:58:44 [main] INFO  RetryUrlAccess - Navigating to URL (attempt 1): https://demoqa.com
2025-09-12 20:59:13 [main] INFO  demoqaBase - 🧪 Starting Test Widgets|Accordian|What is Lorem Ipsum?...
2025-09-12 20:59:13 [main] INFO  demoqaBase - Accessing Widgets Card...
Declared Instance WebDriverWait: org.openqa.selenium.support.ui.WebDriverWait@1aaa73c8
2025-09-12 20:59:13 [main] INFO  demoqaLog - Clicking on Widgets Card...
🔹 Trying JS click by locator (attempt 1)
2025-09-12 20:59:13 [main] INFO  demoqaLog - 🔹 Trying JS click by locator (attempt 1)
🔹 Attempting JS click...
2025-09-12 20:59:13 [main] INFO  demoqaLog - 🔹 Attempting JS click...
2025-09-12 20:59:13 [main] INFO  demoqaLog - Clicked on Widgets Card...
Title of this Page is: DEMOQA
You are Accessing: Widgets
 
2025-09-12 20:59:13 [main] INFO  demoqaBase - Widgets: Please select an item from left to start practice.
2025-09-12 20:59:13 [main] INFO  demoqaBase - Clicking on Widgets|Accordian...
You are now Accessing: Accordian
2025-09-12 20:59:14 [main] INFO  demoqaBase - You are now Accessing: Accordian
2025-09-12 20:59:17 [main] INFO  demoqaBase - Clicking on Widgets|Accordian|What is Lorem Ipsum?...
🔹 Trying JS click on WebElement (attempt 1)
2025-09-12 20:59:17 [main] INFO  demoqaLog - 🔹 Trying JS click on WebElement (attempt 1)
🔹 Attempting JS click...
2025-09-12 20:59:17 [main] INFO  demoqaLog - 🔹 Attempting JS click...
2025-09-12 20:59:17 [main] INFO  demoqaBase - Clicked on What is Lorem Ipsum...
What is Lorem Ipsum?: Lorem Ipsum is simply dummy text of the printing and typesetting industry. Lorem Ipsum has been the industry's standard dummy text ever since the 1500s, when an unknown printer took a galley of type and scrambled it to make a type specimen book. It has survived not only five centuries, but also the leap into electronic typesetting, remaining essentially unchanged. It was popularised in the 1960s with the release of Letraset sheets containing Lorem Ipsum passages, and more recently with desktop publishing software like Aldus PageMaker including versions of Lorem Ipsum.
2025-09-12 20:59:17 [main] INFO  demoqaBase - You are now Accessing: Lorem Ipsum is simply dummy text of the printing and typesetting industry. Lorem Ipsum has been the industry's standard dummy text ever since the 1500s, when an unknown printer took a galley of type and scrambled it to make a type specimen book. It has survived not only five centuries, but also the leap into electronic typesetting, remaining essentially unchanged. It was popularised in the 1960s with the release of Letraset sheets containing Lorem Ipsum passages, and more recently with desktop publishing software like Aldus PageMaker including versions of Lorem Ipsum.
2025-09-12 20:59:17 [main] INFO  demoqaBase - ✅ Widgets|Accordian|What is Lorem Ipsum? Test Completed...
]]></system-out>
  </testcase>
  <testcase name="AccessWhereDoes" classname="tests.WidgetsTests" time="3.798">
    <system-out><![CDATA[2025-09-12 20:59:17 [main] INFO  demoqaBase - Closing browser for test: AccessWhatis
2025-09-12 20:59:17 [main] INFO  DriverFactory - 🌐 Starting Chrome Web Browser...
2025-09-12 20:59:17 [main] INFO  DriverFactory - ✅ Created temporary Chrome profile at C:\Users\dell\AppData\Local\Temp\chrome-profile-5867143867913405180
2025-09-12 20:59:18 [main] INFO  DriverFactory - 🚀 WebDriver started successfully
2025-09-12 20:59:18 [main] INFO  RetryUrlAccess - Navigating to URL (attempt 1): https://demoqa.com
2025-09-12 21:00:18 [main] WARN  RetryUrlAccess - Navigation attempt 1 failed: timeout: Timed out receiving message from renderer: 59.038
  (Session info: chrome=137.0.7151.120)
Build info: version: '4.35.0', revision: '1c58e5028b'
System info: os.name: 'Windows 11', os.arch: 'amd64', os.version: '10.0', java.version: '21.0.7'
Driver info: org.openqa.selenium.chrome.ChromeDriver
Command: [c819de1cc488801a6a2b6dbf91b7c01c, get {url=https://demoqa.com}]
Capabilities {acceptInsecureCerts: false, browserName: chrome, browserVersion: 137.0.7151.120, chrome: {chromedriverVersion: 137.0.7151.119 (e0ac9d12dff..., userDataDir: C:\Users\dell\AppData\Local...}, fedcm:accounts: true, goog:chromeOptions: {debuggerAddress: localhost:63760}, networkConnectionEnabled: false, pageLoadStrategy: normal, platformName: windows, proxy: Proxy(), se:cdp: ws://localhost:63760/devtoo..., se:cdpVersion: 137.0.7151.120, setWindowRect: true, strictFileInteractability: false, timeouts: {implicit: 0, pageLoad: 300000, script: 30000}, unhandledPromptBehavior: dismiss and notify, webauthn:extension:credBlob: true, webauthn:extension:largeBlob: true, webauthn:extension:minPinLength: true, webauthn:extension:prf: true, webauthn:virtualAuthenticators: true}
Session ID: c819de1cc488801a6a2b6dbf91b7c01c
2025-09-12 21:00:21 [main] INFO  RetryUrlAccess - Navigating to URL (attempt 2): https://demoqa.com
2025-09-12 21:00:22 [main] INFO  demoqaBase - 🧪 Starting Test Widgets|Accordian|Where does it come from?...
2025-09-12 21:00:22 [main] INFO  demoqaBase - Accessing Widgets Card...
Declared Instance WebDriverWait: org.openqa.selenium.support.ui.WebDriverWait@ebe3ff4
2025-09-12 21:00:22 [main] INFO  demoqaLog - Clicking on Widgets Card...
🔹 Trying JS click by locator (attempt 1)
2025-09-12 21:00:22 [main] INFO  demoqaLog - 🔹 Trying JS click by locator (attempt 1)
🔹 Attempting JS click...
2025-09-12 21:00:22 [main] INFO  demoqaLog - 🔹 Attempting JS click...
2025-09-12 21:00:22 [main] INFO  demoqaLog - Clicked on Widgets Card...
Title of this Page is: DEMOQA
You are Accessing: Widgets
 
2025-09-12 21:00:22 [main] INFO  demoqaBase - Widgets: Please select an item from left to start practice.
2025-09-12 21:00:22 [main] INFO  demoqaBase - Clicking on Widgets|Accordian...
You are now Accessing: Accordian
2025-09-12 21:00:22 [main] INFO  demoqaBase - You are now Accessing: Accordian
2025-09-12 21:00:25 [main] INFO  demoqaBase - Clicking on Widgets|Accordian|Where does it come from?...
🔹 Trying JS click on WebElement (attempt 1)
2025-09-12 21:00:25 [main] INFO  demoqaLog - 🔹 Trying JS click on WebElement (attempt 1)
🔹 Attempting JS click...
2025-09-12 21:00:25 [main] INFO  demoqaLog - 🔹 Attempting JS click...
2025-09-12 21:00:25 [main] INFO  demoqaBase - Clicked on Where does it come from?...
2025-09-12 21:00:26 [main] INFO  demoqaBase - You are now Accessing: Contrary to popular belief, Lorem Ipsum is not simply random text. It has roots in a piece of classical Latin literature from 45 BC, making it over 2000 years old. Richard McClintock, a Latin professor at Hampden-Sydney College in Virginia, looked up one of the more obscure Latin words, consectetur, from a Lorem Ipsum passage, and going through the cites of the word in classical literature, discovered the undoubtable source. Lorem Ipsum comes from sections 1.10.32 and 1.10.33 of "de Finibus Bonorum et Malorum" (The Extremes of Good and Evil) by Cicero, written in 45 BC. This book is a treatise on the theory of ethics, very popular during the Renaissance. The first line of Lorem Ipsum, "Lorem ipsum dolor sit amet..", comes from a line in section 1.10.32.
Where does it come from?: Contrary to popular belief, Lorem Ipsum is not simply random text. It has roots in a piece of classical Latin literature from 45 BC, making it over 2000 years old. Richard McClintock, a Latin professor at Hampden-Sydney College in Virginia, looked up one of the more obscure Latin words, consectetur, from a Lorem Ipsum passage, and going through the cites of the word in classical literature, discovered the undoubtable source. Lorem Ipsum comes from sections 1.10.32 and 1.10.33 of "de Finibus Bonorum et Malorum" (The Extremes of Good and Evil) by Cicero, written in 45 BC. This book is a treatise on the theory of ethics, very popular during the Renaissance. The first line of Lorem Ipsum, "Lorem ipsum dolor sit amet..", comes from a line in section 1.10.32.
2025-09-12 21:00:26 [main] INFO  demoqaBase - ✅ Widgets|Accordian|Where does it come from? Test Completed...
]]></system-out>
  </testcase>
  <testcase name="AccessWhyDoWe" classname="tests.WidgetsTests" time="4.17">
    <system-out><![CDATA[2025-09-12 21:00:26 [main] INFO  demoqaBase - Closing browser for test: AccessWhereDoes
2025-09-12 21:00:26 [main] INFO  DriverFactory - 🌐 Starting Chrome Web Browser...
2025-09-12 21:00:26 [main] INFO  DriverFactory - ✅ Created temporary Chrome profile at C:\Users\dell\AppData\Local\Temp\chrome-profile-6534111784265498866
2025-09-12 21:00:27 [main] INFO  DriverFactory - 🚀 WebDriver started successfully
2025-09-12 21:00:27 [main] INFO  RetryUrlAccess - Navigating to URL (attempt 1): https://demoqa.com
2025-09-12 21:01:27 [main] WARN  RetryUrlAccess - Navigation attempt 1 failed: timeout: Timed out receiving message from renderer: 59.038
  (Session info: chrome=137.0.7151.120)
Build info: version: '4.35.0', revision: '1c58e5028b'
System info: os.name: 'Windows 11', os.arch: 'amd64', os.version: '10.0', java.version: '21.0.7'
Driver info: org.openqa.selenium.chrome.ChromeDriver
Command: [e7132fb3cb59d44031c8ca22f96e27af, get {url=https://demoqa.com}]
Capabilities {acceptInsecureCerts: false, browserName: chrome, browserVersion: 137.0.7151.120, chrome: {chromedriverVersion: 137.0.7151.119 (e0ac9d12dff..., userDataDir: C:\Users\dell\AppData\Local...}, fedcm:accounts: true, goog:chromeOptions: {debuggerAddress: localhost:63970}, networkConnectionEnabled: false, pageLoadStrategy: normal, platformName: windows, proxy: Proxy(), se:cdp: ws://localhost:63970/devtoo..., se:cdpVersion: 137.0.7151.120, setWindowRect: true, strictFileInteractability: false, timeouts: {implicit: 0, pageLoad: 300000, script: 30000}, unhandledPromptBehavior: dismiss and notify, webauthn:extension:credBlob: true, webauthn:extension:largeBlob: true, webauthn:extension:minPinLength: true, webauthn:extension:prf: true, webauthn:virtualAuthenticators: true}
Session ID: e7132fb3cb59d44031c8ca22f96e27af
2025-09-12 21:01:30 [main] INFO  RetryUrlAccess - Navigating to URL (attempt 2): https://demoqa.com
2025-09-12 21:01:31 [main] INFO  demoqaBase - 🧪 Starting Test Widgets|Accordian|Why do we use it?...
2025-09-12 21:01:31 [main] INFO  demoqaBase - Accessing Widgets Card...
Declared Instance WebDriverWait: org.openqa.selenium.support.ui.WebDriverWait@727118f8
2025-09-12 21:01:31 [main] INFO  demoqaLog - Clicking on Widgets Card...
🔹 Trying JS click by locator (attempt 1)
2025-09-12 21:01:31 [main] INFO  demoqaLog - 🔹 Trying JS click by locator (attempt 1)
🔹 Attempting JS click...
2025-09-12 21:01:31 [main] INFO  demoqaLog - 🔹 Attempting JS click...
2025-09-12 21:01:31 [main] INFO  demoqaLog - Clicked on Widgets Card...
Title of this Page is: DEMOQA
You are Accessing: Widgets
 
2025-09-12 21:01:31 [main] INFO  demoqaBase - Widgets: Please select an item from left to start practice.
2025-09-12 21:01:31 [main] INFO  demoqaBase - Clicking on Widgets|Accordian...
You are now Accessing: Accordian
2025-09-12 21:01:31 [main] INFO  demoqaBase - You are now Accessing: Accordian
2025-09-12 21:01:34 [main] INFO  demoqaBase - Clicking on Widgets|Accordian|Why do we use it?...
🔹 Trying JS click on WebElement (attempt 1)
2025-09-12 21:01:34 [main] INFO  demoqaLog - 🔹 Trying JS click on WebElement (attempt 1)
🔹 Attempting JS click...
2025-09-12 21:01:34 [main] INFO  demoqaLog - 🔹 Attempting JS click...
2025-09-12 21:01:34 [main] INFO  demoqaBase - Clicked on Why do we use it?...
Why do we use it?: It is a long established fact that a reader will be distracted by the readable content of a page when looking at its layout. The point of using Lorem Ipsum is that it has a more-or-less normal distribution of letters, as opposed to using 'Content here, content here', making it look like readable English. Many desktop publishing packages and web page editors now use Lorem Ipsum as their default model text, and a search for 'lorem ipsum' will uncover many web sites still in their infancy. Various versions have evolved over the years, sometimes by accident, sometimes on purpose (injected humour and the like).
2025-09-12 21:01:35 [main] INFO  demoqaBase - You are now Accessing: It is a long established fact that a reader will be distracted by the readable content of a page when looking at its layout. The point of using Lorem Ipsum is that it has a more-or-less normal distribution of letters, as opposed to using 'Content here, content here', making it look like readable English. Many desktop publishing packages and web page editors now use Lorem Ipsum as their default model text, and a search for 'lorem ipsum' will uncover many web sites still in their infancy. Various versions have evolved over the years, sometimes by accident, sometimes on purpose (injected humour and the like).
2025-09-12 21:01:35 [main] INFO  demoqaBase - ✅ Widgets|Accordian|Why do we use it? Test Completed...
]]></system-out>
  </testcase>
  <testcase name="AutoComplete" classname="tests.WidgetsTests" time="0.715">
    <system-out><![CDATA[2025-09-12 21:01:35 [main] INFO  demoqaBase - Closing browser for test: AccessWhyDoWe
2025-09-12 21:01:35 [main] INFO  DriverFactory - 🌐 Starting Chrome Web Browser...
2025-09-12 21:01:35 [main] INFO  DriverFactory - ✅ Created temporary Chrome profile at C:\Users\dell\AppData\Local\Temp\chrome-profile-14624025673616801652
2025-09-12 21:01:36 [main] INFO  DriverFactory - 🚀 WebDriver started successfully
2025-09-12 21:01:36 [main] INFO  RetryUrlAccess - Navigating to URL (attempt 1): https://demoqa.com
2025-09-12 21:02:36 [main] WARN  RetryUrlAccess - Navigation attempt 1 failed: timeout: Timed out receiving message from renderer: 59.018
  (Session info: chrome=137.0.7151.120)
Build info: version: '4.35.0', revision: '1c58e5028b'
System info: os.name: 'Windows 11', os.arch: 'amd64', os.version: '10.0', java.version: '21.0.7'
Driver info: org.openqa.selenium.chrome.ChromeDriver
Command: [10a6aec630e4b3416a3498675e6c71f0, get {url=https://demoqa.com}]
Capabilities {acceptInsecureCerts: false, browserName: chrome, browserVersion: 137.0.7151.120, chrome: {chromedriverVersion: 137.0.7151.119 (e0ac9d12dff..., userDataDir: C:\Users\dell\AppData\Local...}, fedcm:accounts: true, goog:chromeOptions: {debuggerAddress: localhost:64153}, networkConnectionEnabled: false, pageLoadStrategy: normal, platformName: windows, proxy: Proxy(), se:cdp: ws://localhost:64153/devtoo..., se:cdpVersion: 137.0.7151.120, setWindowRect: true, strictFileInteractability: false, timeouts: {implicit: 0, pageLoad: 300000, script: 30000}, unhandledPromptBehavior: dismiss and notify, webauthn:extension:credBlob: true, webauthn:extension:largeBlob: true, webauthn:extension:minPinLength: true, webauthn:extension:prf: true, webauthn:virtualAuthenticators: true}
Session ID: 10a6aec630e4b3416a3498675e6c71f0
2025-09-12 21:02:39 [main] INFO  RetryUrlAccess - Navigating to URL (attempt 2): https://demoqa.com
2025-09-12 21:02:40 [main] INFO  demoqaBase - 🧪 Starting Test Widgets|Auto Complete...
2025-09-12 21:02:40 [main] INFO  demoqaBase - Accessing Widgets Card...
Declared Instance WebDriverWait: org.openqa.selenium.support.ui.WebDriverWait@5242f806
2025-09-12 21:02:40 [main] INFO  demoqaLog - Clicking on Widgets Card...
🔹 Trying JS click by locator (attempt 1)
2025-09-12 21:02:40 [main] INFO  demoqaLog - 🔹 Trying JS click by locator (attempt 1)
🔹 Attempting JS click...
2025-09-12 21:02:40 [main] INFO  demoqaLog - 🔹 Attempting JS click...
2025-09-12 21:02:40 [main] INFO  demoqaLog - Clicked on Widgets Card...
Title of this Page is: DEMOQA
You are Accessing: Widgets
 
2025-09-12 21:02:40 [main] INFO  demoqaBase - Widgets: Please select an item from left to start practice.
2025-09-12 21:02:40 [main] INFO  demoqaBase - Clicking on Widgets|AutoComplete...
You are now Accessing: Auto Complete
2025-09-12 21:02:40 [main] INFO  demoqaBase - You are now Accessing: Auto Complete
2025-09-12 21:02:40 [main] INFO  demoqaBase - ✅ Widgets|Auto Complete Test Completed...
]]></system-out>
  </testcase>
  <testcase name="AutoCompleteSearch[ColorSelectionData{searchFor=&apos;A&apos;, expectedColors=[Black, Magenta, Aqua]}](1)" classname="tests.WidgetsTests" time="4.064">
    <system-out><![CDATA[2025-09-12 21:02:40 [main] INFO  demoqaBase - Closing browser for test: AutoComplete
🧾 Row 1: {SearchFor=A, ExpectedColors=Black,Magenta,Aqua}
🔍 Mapping field: searchFor | Excel Column: SearchFor | Value: A
🔍 Mapping field: expectedColorsRaw | Excel Column: ExpectedColors | Value: Black,Magenta,Aqua
🧾 Row 2: {SearchFor=B, ExpectedColors=Blue,Black}
🔍 Mapping field: searchFor | Excel Column: SearchFor | Value: B
🔍 Mapping field: expectedColorsRaw | Excel Column: ExpectedColors | Value: Blue,Black
🧾 Row 3: {SearchFor=C, ExpectedColors=Black}
🔍 Mapping field: searchFor | Excel Column: SearchFor | Value: C
🔍 Mapping field: expectedColorsRaw | Excel Column: ExpectedColors | Value: Black
🧾 Row 4: {SearchFor=D, ExpectedColors=Red,Indigo}
🔍 Mapping field: searchFor | Excel Column: SearchFor | Value: D
🔍 Mapping field: expectedColorsRaw | Excel Column: ExpectedColors | Value: Red,Indigo
🧾 Row 5: {SearchFor=E, ExpectedColors=Red,Blue,Green,Yellow,Purple,White,Voilet,Magenta}
🔍 Mapping field: searchFor | Excel Column: SearchFor | Value: E
🔍 Mapping field: expectedColorsRaw | Excel Column: ExpectedColors | Value: Red,Blue,Green,Yellow,Purple,White,Voilet,Magenta
🧾 Row 6: {SearchFor=G, ExpectedColors=Green,Indigo,Magenta}
🔍 Mapping field: searchFor | Excel Column: SearchFor | Value: G
🔍 Mapping field: expectedColorsRaw | Excel Column: ExpectedColors | Value: Green,Indigo,Magenta
🧾 Row 7: {SearchFor=H, ExpectedColors=White}
🔍 Mapping field: searchFor | Excel Column: SearchFor | Value: H
🔍 Mapping field: expectedColorsRaw | Excel Column: ExpectedColors | Value: White
🧾 Row 8: {SearchFor=I, ExpectedColors=White,Voilet,Indigo}
🔍 Mapping field: searchFor | Excel Column: SearchFor | Value: I
🔍 Mapping field: expectedColorsRaw | Excel Column: ExpectedColors | Value: White,Voilet,Indigo
🧾 Row 9: {SearchFor=K, ExpectedColors=Black}
🔍 Mapping field: searchFor | Excel Column: SearchFor | Value: K
🔍 Mapping field: expectedColorsRaw | Excel Column: ExpectedColors | Value: Black
🧾 Row 10: {SearchFor=L, ExpectedColors=Blue,Yellow,Purple,Black,Voilet}
🔍 Mapping field: searchFor | Excel Column: SearchFor | Value: L
🔍 Mapping field: expectedColorsRaw | Excel Column: ExpectedColors | Value: Blue,Yellow,Purple,Black,Voilet
🧾 Row 11: {SearchFor=M, ExpectedColors=Magenta}
🔍 Mapping field: searchFor | Excel Column: SearchFor | Value: M
🔍 Mapping field: expectedColorsRaw | Excel Column: ExpectedColors | Value: Magenta
🧾 Row 12: {SearchFor=N, ExpectedColors=Green,Indigo,Magenta}
🔍 Mapping field: searchFor | Excel Column: SearchFor | Value: N
🔍 Mapping field: expectedColorsRaw | Excel Column: ExpectedColors | Value: Green,Indigo,Magenta
🧾 Row 13: {SearchFor=O, ExpectedColors=Yellow,Voilet,Indigo}
🔍 Mapping field: searchFor | Excel Column: SearchFor | Value: O
🔍 Mapping field: expectedColorsRaw | Excel Column: ExpectedColors | Value: Yellow,Voilet,Indigo
🧾 Row 14: {SearchFor=P, ExpectedColors=Purple}
🔍 Mapping field: searchFor | Excel Column: SearchFor | Value: P
🔍 Mapping field: expectedColorsRaw | Excel Column: ExpectedColors | Value: Purple
🧾 Row 15: {SearchFor=Q, ExpectedColors=Aqua}
🔍 Mapping field: searchFor | Excel Column: SearchFor | Value: Q
🔍 Mapping field: expectedColorsRaw | Excel Column: ExpectedColors | Value: Aqua
🧾 Row 16: {SearchFor=R, ExpectedColors=Red,Green,Purple}
🔍 Mapping field: searchFor | Excel Column: SearchFor | Value: R
🔍 Mapping field: expectedColorsRaw | Excel Column: ExpectedColors | Value: Red,Green,Purple
🧾 Row 17: {SearchFor=T, ExpectedColors=White,Voilet,Magenta}
🔍 Mapping field: searchFor | Excel Column: SearchFor | Value: T
🔍 Mapping field: expectedColorsRaw | Excel Column: ExpectedColors | Value: White,Voilet,Magenta
🧾 Row 18: {SearchFor=U, ExpectedColors=Blue,Purple,Aqua}
🔍 Mapping field: searchFor | Excel Column: SearchFor | Value: U
🔍 Mapping field: expectedColorsRaw | Excel Column: ExpectedColors | Value: Blue,Purple,Aqua
🧾 Row 19: {SearchFor=V, ExpectedColors=Voilet}
🔍 Mapping field: searchFor | Excel Column: SearchFor | Value: V
🔍 Mapping field: expectedColorsRaw | Excel Column: ExpectedColors | Value: Voilet
🧾 Row 20: {SearchFor=W, ExpectedColors=Yellow,White}
🔍 Mapping field: searchFor | Excel Column: SearchFor | Value: W
🔍 Mapping field: expectedColorsRaw | Excel Column: ExpectedColors | Value: Yellow,White
🧾 Row 21: {SearchFor=Y, ExpectedColors=Yellow}
🔍 Mapping field: searchFor | Excel Column: SearchFor | Value: Y
🔍 Mapping field: expectedColorsRaw | Excel Column: ExpectedColors | Value: Yellow
2025-09-12 21:02:41 [main] INFO  DriverFactory - 🌐 Starting Chrome Web Browser...
2025-09-12 21:02:41 [main] INFO  DriverFactory - ✅ Created temporary Chrome profile at C:\Users\dell\AppData\Local\Temp\chrome-profile-2855605784075269266
2025-09-12 21:02:42 [main] INFO  DriverFactory - 🚀 WebDriver started successfully
2025-09-12 21:02:42 [main] INFO  RetryUrlAccess - Navigating to URL (attempt 1): https://demoqa.com
2025-09-12 21:02:59 [main] INFO  demoqaBase - 🧪 Starting Test Widgets|Auto Complete...
2025-09-12 21:02:59 [main] INFO  demoqaBase - Accessing Widgets Card...
Declared Instance WebDriverWait: org.openqa.selenium.support.ui.WebDriverWait@1c6a549f
2025-09-12 21:02:59 [main] INFO  demoqaLog - Clicking on Widgets Card...
🔹 Trying JS click by locator (attempt 1)
2025-09-12 21:02:59 [main] INFO  demoqaLog - 🔹 Trying JS click by locator (attempt 1)
🔹 Attempting JS click...
2025-09-12 21:02:59 [main] INFO  demoqaLog - 🔹 Attempting JS click...
2025-09-12 21:02:59 [main] INFO  demoqaLog - Clicked on Widgets Card...
Title of this Page is: DEMOQA
You are Accessing: Widgets
 
2025-09-12 21:02:59 [main] INFO  demoqaBase - Widgets: Please select an item from left to start practice.
2025-09-12 21:02:59 [main] INFO  demoqaBase - Clicking on Widgets|AutoComplete...
You are now Accessing: Auto Complete
2025-09-12 21:03:00 [main] INFO  demoqaBase - You are now Accessing: Auto Complete
Searching Colors using: A
Expected Color to be selected is/are: [Black, Magenta, Aqua]
2025-09-12 21:03:00 [main] INFO  demoqaBase - 🔍 Running test for search character: A
2025-09-12 21:03:03 [main] INFO  demoqaBase - Clicking on Widgets | Auto Complete | Type multiple color names...
Searching Colors using: A
Expected Color to be selected is/are: [Black, Magenta, Aqua]
2025-09-12 21:03:03 [main] INFO  demoqaBase - You are now Accessing: Auto Complete
2025-09-12 21:03:03 [main] INFO  demoqaBase - Available Color: Black
🔹 Trying JS click on WebElement (attempt 1)
2025-09-12 21:03:03 [main] INFO  demoqaLog - 🔹 Trying JS click on WebElement (attempt 1)
🔹 Attempting JS click...
2025-09-12 21:03:03 [main] INFO  demoqaLog - 🔹 Attempting JS click...
2025-09-12 21:03:03 [main] INFO  demoqaBase - ✅ Selected Color: Black
2025-09-12 21:03:03 [main] INFO  demoqaBase - Available Color: Magenta
🔹 Trying JS click on WebElement (attempt 1)
2025-09-12 21:03:03 [main] INFO  demoqaLog - 🔹 Trying JS click on WebElement (attempt 1)
🔹 Attempting JS click...
2025-09-12 21:03:03 [main] INFO  demoqaLog - 🔹 Attempting JS click...
2025-09-12 21:03:03 [main] INFO  demoqaBase - ✅ Selected Color: Magenta
2025-09-12 21:03:03 [main] INFO  demoqaBase - Available Color: Aqua
🔹 Trying JS click on WebElement (attempt 1)
2025-09-12 21:03:03 [main] INFO  demoqaLog - 🔹 Trying JS click on WebElement (attempt 1)
🔹 Attempting JS click...
2025-09-12 21:03:03 [main] INFO  demoqaLog - 🔹 Attempting JS click...
2025-09-12 21:03:03 [main] INFO  demoqaBase - ✅ Selected Color: Aqua
2025-09-12 21:03:03 [main] INFO  demoqaBase - 🎯 Final selected colors: [Black, Magenta, Aqua]
2025-09-12 21:03:03 [main] INFO  demoqaBase - ✅ Widgets|Auto Complete Test Completed...
]]></system-out>
  </testcase>
  <testcase name="AutoCompleteSearch[ColorSelectionData{searchFor=&apos;B&apos;, expectedColors=[Blue, Black]}](2)" classname="tests.WidgetsTests" time="4.206">
    <system-out><![CDATA[2025-09-12 21:03:03 [main] INFO  demoqaBase - Closing browser for test: AutoCompleteSearch
2025-09-12 21:03:04 [main] WARN  PauseManager - ⏸ Pausing for 5 minutes after 100 tests...
2025-09-12 21:03:04 [main] INFO  PauseManager - ▶ Resuming in 5 minutes...
2025-09-12 21:04:04 [main] INFO  PauseManager - ▶ Resuming in 4 minutes...
2025-09-12 21:05:05 [main] INFO  PauseManager - ▶ Resuming in 3 minutes...
2025-09-12 21:06:05 [main] INFO  PauseManager - ▶ Resuming in 2 minutes...
2025-09-12 21:07:06 [main] INFO  PauseManager - ▶ Resuming in 1 minutes...
2025-09-12 21:07:56 [main] INFO  PauseManager - ▶ Resuming in 10 seconds...
2025-09-12 21:07:57 [main] INFO  PauseManager - ▶ Resuming in 9 seconds...
2025-09-12 21:07:58 [main] INFO  PauseManager - ▶ Resuming in 8 seconds...
2025-09-12 21:07:59 [main] INFO  PauseManager - ▶ Resuming in 7 seconds...
2025-09-12 21:08:00 [main] INFO  PauseManager - ▶ Resuming in 6 seconds...
2025-09-12 21:08:01 [main] INFO  PauseManager - ▶ Resuming in 5 seconds...
2025-09-12 21:08:02 [main] INFO  PauseManager - ▶ Resuming in 4 seconds...
2025-09-12 21:08:03 [main] INFO  PauseManager - ▶ Resuming in 3 seconds...
2025-09-12 21:08:04 [main] INFO  PauseManager - ▶ Resuming in 2 seconds...
2025-09-12 21:08:05 [main] INFO  PauseManager - ▶ Resuming in 1 seconds...
2025-09-12 21:08:06 [main] INFO  PauseManager - ✅ Pause complete. Resuming tests...
2025-09-12 21:08:06 [main] INFO  DriverFactory - 🌐 Starting Chrome Web Browser...
2025-09-12 21:08:06 [main] INFO  DriverFactory - ✅ Created temporary Chrome profile at C:\Users\dell\AppData\Local\Temp\chrome-profile-1231775000232404850
2025-09-12 21:08:08 [main] INFO  DriverFactory - 🚀 WebDriver started successfully
2025-09-12 21:08:08 [main] INFO  RetryUrlAccess - Navigating to URL (attempt 1): https://demoqa.com
2025-09-12 21:08:22 [main] INFO  demoqaBase - 🧪 Starting Test Widgets|Auto Complete...
2025-09-12 21:08:22 [main] INFO  demoqaBase - Accessing Widgets Card...
Declared Instance WebDriverWait: org.openqa.selenium.support.ui.WebDriverWait@5256811
2025-09-12 21:08:22 [main] INFO  demoqaLog - Clicking on Widgets Card...
🔹 Trying JS click by locator (attempt 1)
2025-09-12 21:08:22 [main] INFO  demoqaLog - 🔹 Trying JS click by locator (attempt 1)
🔹 Attempting JS click...
2025-09-12 21:08:22 [main] INFO  demoqaLog - 🔹 Attempting JS click...
2025-09-12 21:08:22 [main] INFO  demoqaLog - Clicked on Widgets Card...
Title of this Page is: DEMOQA
You are Accessing: Widgets
 
2025-09-12 21:08:22 [main] INFO  demoqaBase - Widgets: Please select an item from left to start practice.
2025-09-12 21:08:22 [main] INFO  demoqaBase - Clicking on Widgets|AutoComplete...
You are now Accessing: Auto Complete
2025-09-12 21:08:22 [main] INFO  demoqaBase - You are now Accessing: Auto Complete
Searching Colors using: B
Expected Color to be selected is/are: [Blue, Black]
2025-09-12 21:08:22 [main] INFO  demoqaBase - 🔍 Running test for search character: B
2025-09-12 21:08:25 [main] INFO  demoqaBase - Clicking on Widgets | Auto Complete | Type multiple color names...
Searching Colors using: B
Expected Color to be selected is/are: [Blue, Black]
2025-09-12 21:08:25 [main] INFO  demoqaBase - You are now Accessing: Auto Complete
2025-09-12 21:08:25 [main] INFO  demoqaBase - Available Color: Blue
🔹 Trying JS click on WebElement (attempt 1)
2025-09-12 21:08:25 [main] INFO  demoqaLog - 🔹 Trying JS click on WebElement (attempt 1)
🔹 Attempting JS click...
2025-09-12 21:08:25 [main] INFO  demoqaLog - 🔹 Attempting JS click...
2025-09-12 21:08:26 [main] INFO  demoqaBase - ✅ Selected Color: Blue
2025-09-12 21:08:26 [main] INFO  demoqaBase - Available Color: Black
🔹 Trying JS click on WebElement (attempt 1)
2025-09-12 21:08:26 [main] INFO  demoqaLog - 🔹 Trying JS click on WebElement (attempt 1)
🔹 Attempting JS click...
2025-09-12 21:08:26 [main] INFO  demoqaLog - 🔹 Attempting JS click...
2025-09-12 21:08:26 [main] INFO  demoqaBase - ✅ Selected Color: Black
2025-09-12 21:08:26 [main] INFO  demoqaBase - 🎯 Final selected colors: [Blue, Black]
2025-09-12 21:08:26 [main] INFO  demoqaBase - ✅ Widgets|Auto Complete Test Completed...
]]></system-out>
  </testcase>
  <testcase name="AutoCompleteSearch[ColorSelectionData{searchFor=&apos;C&apos;, expectedColors=[Black]}](3)" classname="tests.WidgetsTests" time="3.963">
    <system-out><![CDATA[2025-09-12 21:08:26 [main] INFO  demoqaBase - Closing browser for test: AutoCompleteSearch
2025-09-12 21:08:26 [main] INFO  DriverFactory - 🌐 Starting Chrome Web Browser...
2025-09-12 21:08:26 [main] INFO  DriverFactory - ✅ Created temporary Chrome profile at C:\Users\dell\AppData\Local\Temp\chrome-profile-3179763960767512178
2025-09-12 21:08:28 [main] INFO  DriverFactory - 🚀 WebDriver started successfully
2025-09-12 21:08:28 [main] INFO  RetryUrlAccess - Navigating to URL (attempt 1): https://demoqa.com
2025-09-12 21:09:28 [main] WARN  RetryUrlAccess - Navigation attempt 1 failed: timeout: Timed out receiving message from renderer: 59.054
  (Session info: chrome=137.0.7151.120)
Build info: version: '4.35.0', revision: '1c58e5028b'
System info: os.name: 'Windows 11', os.arch: 'amd64', os.version: '10.0', java.version: '21.0.7'
Driver info: org.openqa.selenium.chrome.ChromeDriver
Command: [d6dbb5cec0fcb0aa63b63a80efc6ef07, get {url=https://demoqa.com}]
Capabilities {acceptInsecureCerts: false, browserName: chrome, browserVersion: 137.0.7151.120, chrome: {chromedriverVersion: 137.0.7151.119 (e0ac9d12dff..., userDataDir: C:\Users\dell\AppData\Local...}, fedcm:accounts: true, goog:chromeOptions: {debuggerAddress: localhost:64929}, networkConnectionEnabled: false, pageLoadStrategy: normal, platformName: windows, proxy: Proxy(), se:cdp: ws://localhost:64929/devtoo..., se:cdpVersion: 137.0.7151.120, setWindowRect: true, strictFileInteractability: false, timeouts: {implicit: 0, pageLoad: 300000, script: 30000}, unhandledPromptBehavior: dismiss and notify, webauthn:extension:credBlob: true, webauthn:extension:largeBlob: true, webauthn:extension:minPinLength: true, webauthn:extension:prf: true, webauthn:virtualAuthenticators: true}
Session ID: d6dbb5cec0fcb0aa63b63a80efc6ef07
2025-09-12 21:09:31 [main] INFO  RetryUrlAccess - Navigating to URL (attempt 2): https://demoqa.com
2025-09-12 21:09:32 [main] INFO  demoqaBase - 🧪 Starting Test Widgets|Auto Complete...
2025-09-12 21:09:32 [main] INFO  demoqaBase - Accessing Widgets Card...
Declared Instance WebDriverWait: org.openqa.selenium.support.ui.WebDriverWait@255ad15e
2025-09-12 21:09:32 [main] INFO  demoqaLog - Clicking on Widgets Card...
🔹 Trying JS click by locator (attempt 1)
2025-09-12 21:09:32 [main] INFO  demoqaLog - 🔹 Trying JS click by locator (attempt 1)
🔹 Attempting JS click...
2025-09-12 21:09:32 [main] INFO  demoqaLog - 🔹 Attempting JS click...
2025-09-12 21:09:32 [main] INFO  demoqaLog - Clicked on Widgets Card...
Title of this Page is: DEMOQA
You are Accessing: Widgets
 
2025-09-12 21:09:32 [main] INFO  demoqaBase - Widgets: Please select an item from left to start practice.
2025-09-12 21:09:32 [main] INFO  demoqaBase - Clicking on Widgets|AutoComplete...
You are now Accessing: Auto Complete
2025-09-12 21:09:32 [main] INFO  demoqaBase - You are now Accessing: Auto Complete
Searching Colors using: C
Expected Color to be selected is/are: [Black]
2025-09-12 21:09:32 [main] INFO  demoqaBase - 🔍 Running test for search character: C
2025-09-12 21:09:35 [main] INFO  demoqaBase - Clicking on Widgets | Auto Complete | Type multiple color names...
Searching Colors using: C
Expected Color to be selected is/are: [Black]
2025-09-12 21:09:35 [main] INFO  demoqaBase - You are now Accessing: Auto Complete
2025-09-12 21:09:36 [main] INFO  demoqaBase - Available Color: Black
🔹 Trying JS click on WebElement (attempt 1)
2025-09-12 21:09:36 [main] INFO  demoqaLog - 🔹 Trying JS click on WebElement (attempt 1)
🔹 Attempting JS click...
2025-09-12 21:09:36 [main] INFO  demoqaLog - 🔹 Attempting JS click...
2025-09-12 21:09:36 [main] INFO  demoqaBase - ✅ Selected Color: Black
2025-09-12 21:09:36 [main] INFO  demoqaBase - 🎯 Final selected colors: [Black]
2025-09-12 21:09:36 [main] INFO  demoqaBase - ✅ Widgets|Auto Complete Test Completed...
]]></system-out>
  </testcase>
  <testcase name="AutoCompleteSearch[ColorSelectionData{searchFor=&apos;D&apos;, expectedColors=[Red, Indigo]}](4)" classname="tests.WidgetsTests" time="4.027">
    <system-out><![CDATA[2025-09-12 21:09:36 [main] INFO  demoqaBase - Closing browser for test: AutoCompleteSearch
2025-09-12 21:09:36 [main] INFO  DriverFactory - 🌐 Starting Chrome Web Browser...
2025-09-12 21:09:36 [main] INFO  DriverFactory - ✅ Created temporary Chrome profile at C:\Users\dell\AppData\Local\Temp\chrome-profile-579852779188628291
2025-09-12 21:09:37 [main] INFO  DriverFactory - 🚀 WebDriver started successfully
2025-09-12 21:09:37 [main] INFO  RetryUrlAccess - Navigating to URL (attempt 1): https://demoqa.com
2025-09-12 21:10:37 [main] WARN  RetryUrlAccess - Navigation attempt 1 failed: timeout: Timed out receiving message from renderer: 59.075
  (Session info: chrome=137.0.7151.120)
Build info: version: '4.35.0', revision: '1c58e5028b'
System info: os.name: 'Windows 11', os.arch: 'amd64', os.version: '10.0', java.version: '21.0.7'
Driver info: org.openqa.selenium.chrome.ChromeDriver
Command: [4d3a6bea9602e32c9a495f5877bcfed6, get {url=https://demoqa.com}]
Capabilities {acceptInsecureCerts: false, browserName: chrome, browserVersion: 137.0.7151.120, chrome: {chromedriverVersion: 137.0.7151.119 (e0ac9d12dff..., userDataDir: C:\Users\dell\AppData\Local...}, fedcm:accounts: true, goog:chromeOptions: {debuggerAddress: localhost:65150}, networkConnectionEnabled: false, pageLoadStrategy: normal, platformName: windows, proxy: Proxy(), se:cdp: ws://localhost:65150/devtoo..., se:cdpVersion: 137.0.7151.120, setWindowRect: true, strictFileInteractability: false, timeouts: {implicit: 0, pageLoad: 300000, script: 30000}, unhandledPromptBehavior: dismiss and notify, webauthn:extension:credBlob: true, webauthn:extension:largeBlob: true, webauthn:extension:minPinLength: true, webauthn:extension:prf: true, webauthn:virtualAuthenticators: true}
Session ID: 4d3a6bea9602e32c9a495f5877bcfed6
2025-09-12 21:10:40 [main] INFO  RetryUrlAccess - Navigating to URL (attempt 2): https://demoqa.com
2025-09-12 21:10:41 [main] INFO  demoqaBase - 🧪 Starting Test Widgets|Auto Complete...
2025-09-12 21:10:41 [main] INFO  demoqaBase - Accessing Widgets Card...
Declared Instance WebDriverWait: org.openqa.selenium.support.ui.WebDriverWait@3272e366
2025-09-12 21:10:41 [main] INFO  demoqaLog - Clicking on Widgets Card...
🔹 Trying JS click by locator (attempt 1)
2025-09-12 21:10:41 [main] INFO  demoqaLog - 🔹 Trying JS click by locator (attempt 1)
🔹 Attempting JS click...
2025-09-12 21:10:41 [main] INFO  demoqaLog - 🔹 Attempting JS click...
2025-09-12 21:10:41 [main] INFO  demoqaLog - Clicked on Widgets Card...
Title of this Page is: DEMOQA
You are Accessing: Widgets
 
2025-09-12 21:10:41 [main] INFO  demoqaBase - Widgets: Please select an item from left to start practice.
2025-09-12 21:10:41 [main] INFO  demoqaBase - Clicking on Widgets|AutoComplete...
You are now Accessing: Auto Complete
2025-09-12 21:10:41 [main] INFO  demoqaBase - You are now Accessing: Auto Complete
Searching Colors using: D
Expected Color to be selected is/are: [Red, Indigo]
2025-09-12 21:10:41 [main] INFO  demoqaBase - 🔍 Running test for search character: D
2025-09-12 21:10:44 [main] INFO  demoqaBase - Clicking on Widgets | Auto Complete | Type multiple color names...
Searching Colors using: D
Expected Color to be selected is/are: [Red, Indigo]
2025-09-12 21:10:44 [main] INFO  demoqaBase - You are now Accessing: Auto Complete
2025-09-12 21:10:44 [main] INFO  demoqaBase - Available Color: Red
🔹 Trying JS click on WebElement (attempt 1)
2025-09-12 21:10:44 [main] INFO  demoqaLog - 🔹 Trying JS click on WebElement (attempt 1)
🔹 Attempting JS click...
2025-09-12 21:10:44 [main] INFO  demoqaLog - 🔹 Attempting JS click...
2025-09-12 21:10:44 [main] INFO  demoqaBase - ✅ Selected Color: Red
2025-09-12 21:10:45 [main] INFO  demoqaBase - Available Color: Indigo
🔹 Trying JS click on WebElement (attempt 1)
2025-09-12 21:10:45 [main] INFO  demoqaLog - 🔹 Trying JS click on WebElement (attempt 1)
🔹 Attempting JS click...
2025-09-12 21:10:45 [main] INFO  demoqaLog - 🔹 Attempting JS click...
2025-09-12 21:10:45 [main] INFO  demoqaBase - ✅ Selected Color: Indigo
2025-09-12 21:10:45 [main] INFO  demoqaBase - 🎯 Final selected colors: [Red, Indigo]
2025-09-12 21:10:45 [main] INFO  demoqaBase - ✅ Widgets|Auto Complete Test Completed...
]]></system-out>
  </testcase>
  <testcase name="AutoCompleteSearch[ColorSelectionData{searchFor=&apos;E&apos;, expectedColors=[Red, Blue, Green, Yellow, Purple, White, Voilet, Magenta]}](5)" classname="tests.WidgetsTests" time="5.095">
    <system-out><![CDATA[2025-09-12 21:10:45 [main] INFO  demoqaBase - Closing browser for test: AutoCompleteSearch
2025-09-12 21:10:45 [main] INFO  DriverFactory - 🌐 Starting Chrome Web Browser...
2025-09-12 21:10:45 [main] INFO  DriverFactory - ✅ Created temporary Chrome profile at C:\Users\dell\AppData\Local\Temp\chrome-profile-8364980931278327889
2025-09-12 21:10:46 [main] INFO  DriverFactory - 🚀 WebDriver started successfully
2025-09-12 21:10:46 [main] INFO  RetryUrlAccess - Navigating to URL (attempt 1): https://demoqa.com
2025-09-12 21:11:20 [main] INFO  demoqaBase - 🧪 Starting Test Widgets|Auto Complete...
2025-09-12 21:11:20 [main] INFO  demoqaBase - Accessing Widgets Card...
Declared Instance WebDriverWait: org.openqa.selenium.support.ui.WebDriverWait@5cc090ad
2025-09-12 21:11:20 [main] INFO  demoqaLog - Clicking on Widgets Card...
🔹 Trying JS click by locator (attempt 1)
2025-09-12 21:11:20 [main] INFO  demoqaLog - 🔹 Trying JS click by locator (attempt 1)
🔹 Attempting JS click...
2025-09-12 21:11:20 [main] INFO  demoqaLog - 🔹 Attempting JS click...
2025-09-12 21:11:21 [main] INFO  demoqaLog - Clicked on Widgets Card...
Title of this Page is: DEMOQA
You are Accessing: Widgets
 
2025-09-12 21:11:21 [main] INFO  demoqaBase - Widgets: Please select an item from left to start practice.
2025-09-12 21:11:21 [main] INFO  demoqaBase - Clicking on Widgets|AutoComplete...
You are now Accessing: Auto Complete
2025-09-12 21:11:21 [main] INFO  demoqaBase - You are now Accessing: Auto Complete
Searching Colors using: E
Expected Color to be selected is/are: [Red, Blue, Green, Yellow, Purple, White, Voilet, Magenta]
2025-09-12 21:11:21 [main] INFO  demoqaBase - 🔍 Running test for search character: E
2025-09-12 21:11:24 [main] INFO  demoqaBase - Clicking on Widgets | Auto Complete | Type multiple color names...
Searching Colors using: E
Expected Color to be selected is/are: [Red, Blue, Green, Yellow, Purple, White, Voilet, Magenta]
2025-09-12 21:11:24 [main] INFO  demoqaBase - You are now Accessing: Auto Complete
2025-09-12 21:11:24 [main] INFO  demoqaBase - Available Color: Red
🔹 Trying JS click on WebElement (attempt 1)
2025-09-12 21:11:24 [main] INFO  demoqaLog - 🔹 Trying JS click on WebElement (attempt 1)
🔹 Attempting JS click...
2025-09-12 21:11:24 [main] INFO  demoqaLog - 🔹 Attempting JS click...
2025-09-12 21:11:24 [main] INFO  demoqaBase - ✅ Selected Color: Red
2025-09-12 21:11:24 [main] INFO  demoqaBase - Available Color: Blue
🔹 Trying JS click on WebElement (attempt 1)
2025-09-12 21:11:24 [main] INFO  demoqaLog - 🔹 Trying JS click on WebElement (attempt 1)
🔹 Attempting JS click...
2025-09-12 21:11:24 [main] INFO  demoqaLog - 🔹 Attempting JS click...
2025-09-12 21:11:24 [main] INFO  demoqaBase - ✅ Selected Color: Blue
2025-09-12 21:11:24 [main] INFO  demoqaBase - Available Color: Green
🔹 Trying JS click on WebElement (attempt 1)
2025-09-12 21:11:24 [main] INFO  demoqaLog - 🔹 Trying JS click on WebElement (attempt 1)
🔹 Attempting JS click...
2025-09-12 21:11:24 [main] INFO  demoqaLog - 🔹 Attempting JS click...
2025-09-12 21:11:24 [main] INFO  demoqaBase - ✅ Selected Color: Green
2025-09-12 21:11:25 [main] INFO  demoqaBase - Available Color: Yellow
🔹 Trying JS click on WebElement (attempt 1)
2025-09-12 21:11:25 [main] INFO  demoqaLog - 🔹 Trying JS click on WebElement (attempt 1)
🔹 Attempting JS click...
2025-09-12 21:11:25 [main] INFO  demoqaLog - 🔹 Attempting JS click...
2025-09-12 21:11:25 [main] INFO  demoqaBase - ✅ Selected Color: Yellow
2025-09-12 21:11:25 [main] INFO  demoqaBase - Available Color: Purple
🔹 Trying JS click on WebElement (attempt 1)
2025-09-12 21:11:25 [main] INFO  demoqaLog - 🔹 Trying JS click on WebElement (attempt 1)
🔹 Attempting JS click...
2025-09-12 21:11:25 [main] INFO  demoqaLog - 🔹 Attempting JS click...
2025-09-12 21:11:25 [main] INFO  demoqaBase - ✅ Selected Color: Purple
2025-09-12 21:11:25 [main] INFO  demoqaBase - Available Color: White
🔹 Trying JS click on WebElement (attempt 1)
2025-09-12 21:11:25 [main] INFO  demoqaLog - 🔹 Trying JS click on WebElement (attempt 1)
🔹 Attempting JS click...
2025-09-12 21:11:25 [main] INFO  demoqaLog - 🔹 Attempting JS click...
2025-09-12 21:11:25 [main] INFO  demoqaBase - ✅ Selected Color: White
2025-09-12 21:11:25 [main] INFO  demoqaBase - Available Color: Voilet
🔹 Trying JS click on WebElement (attempt 1)
2025-09-12 21:11:25 [main] INFO  demoqaLog - 🔹 Trying JS click on WebElement (attempt 1)
🔹 Attempting JS click...
2025-09-12 21:11:25 [main] INFO  demoqaLog - 🔹 Attempting JS click...
2025-09-12 21:11:25 [main] INFO  demoqaBase - ✅ Selected Color: Voilet
2025-09-12 21:11:25 [main] INFO  demoqaBase - Available Color: Magenta
🔹 Trying JS click on WebElement (attempt 1)
2025-09-12 21:11:25 [main] INFO  demoqaLog - 🔹 Trying JS click on WebElement (attempt 1)
🔹 Attempting JS click...
2025-09-12 21:11:25 [main] INFO  demoqaLog - 🔹 Attempting JS click...
2025-09-12 21:11:25 [main] INFO  demoqaBase - ✅ Selected Color: Magenta
2025-09-12 21:11:25 [main] INFO  demoqaBase - 🎯 Final selected colors: [Red, Blue, Green, Yellow, Purple, White, Voilet, Magenta]
2025-09-12 21:11:25 [main] INFO  demoqaBase - ✅ Widgets|Auto Complete Test Completed...
]]></system-out>
  </testcase>
  <testcase name="AutoCompleteSearch[ColorSelectionData{searchFor=&apos;G&apos;, expectedColors=[Green, Indigo, Magenta]}](6)" classname="tests.WidgetsTests" time="4.214">
    <system-out><![CDATA[2025-09-12 21:11:25 [main] INFO  demoqaBase - Closing browser for test: AutoCompleteSearch
2025-09-12 21:11:26 [main] INFO  DriverFactory - 🌐 Starting Chrome Web Browser...
2025-09-12 21:11:26 [main] INFO  DriverFactory - ✅ Created temporary Chrome profile at C:\Users\dell\AppData\Local\Temp\chrome-profile-17926224963866466366
2025-09-12 21:11:27 [main] INFO  DriverFactory - 🚀 WebDriver started successfully
2025-09-12 21:11:27 [main] INFO  RetryUrlAccess - Navigating to URL (attempt 1): https://demoqa.com
2025-09-12 21:11:43 [main] INFO  demoqaBase - 🧪 Starting Test Widgets|Auto Complete...
2025-09-12 21:11:43 [main] INFO  demoqaBase - Accessing Widgets Card...
Declared Instance WebDriverWait: org.openqa.selenium.support.ui.WebDriverWait@72655f3
2025-09-12 21:11:43 [main] INFO  demoqaLog - Clicking on Widgets Card...
🔹 Trying JS click by locator (attempt 1)
2025-09-12 21:11:43 [main] INFO  demoqaLog - 🔹 Trying JS click by locator (attempt 1)
🔹 Attempting JS click...
2025-09-12 21:11:43 [main] INFO  demoqaLog - 🔹 Attempting JS click...
2025-09-12 21:11:43 [main] INFO  demoqaLog - Clicked on Widgets Card...
Title of this Page is: DEMOQA
You are Accessing: Widgets
 
2025-09-12 21:11:43 [main] INFO  demoqaBase - Widgets: Please select an item from left to start practice.
2025-09-12 21:11:43 [main] INFO  demoqaBase - Clicking on Widgets|AutoComplete...
You are now Accessing: Auto Complete
2025-09-12 21:11:43 [main] INFO  demoqaBase - You are now Accessing: Auto Complete
Searching Colors using: G
Expected Color to be selected is/are: [Green, Indigo, Magenta]
2025-09-12 21:11:43 [main] INFO  demoqaBase - 🔍 Running test for search character: G
2025-09-12 21:11:46 [main] INFO  demoqaBase - Clicking on Widgets | Auto Complete | Type multiple color names...
Searching Colors using: G
Expected Color to be selected is/are: [Green, Indigo, Magenta]
2025-09-12 21:11:46 [main] INFO  demoqaBase - You are now Accessing: Auto Complete
2025-09-12 21:11:47 [main] INFO  demoqaBase - Available Color: Green
🔹 Trying JS click on WebElement (attempt 1)
2025-09-12 21:11:47 [main] INFO  demoqaLog - 🔹 Trying JS click on WebElement (attempt 1)
🔹 Attempting JS click...
2025-09-12 21:11:47 [main] INFO  demoqaLog - 🔹 Attempting JS click...
2025-09-12 21:11:47 [main] INFO  demoqaBase - ✅ Selected Color: Green
2025-09-12 21:11:47 [main] INFO  demoqaBase - Available Color: Indigo
🔹 Trying JS click on WebElement (attempt 1)
2025-09-12 21:11:47 [main] INFO  demoqaLog - 🔹 Trying JS click on WebElement (attempt 1)
🔹 Attempting JS click...
2025-09-12 21:11:47 [main] INFO  demoqaLog - 🔹 Attempting JS click...
2025-09-12 21:11:47 [main] INFO  demoqaBase - ✅ Selected Color: Indigo
2025-09-12 21:11:47 [main] INFO  demoqaBase - Available Color: Magenta
🔹 Trying JS click on WebElement (attempt 1)
2025-09-12 21:11:47 [main] INFO  demoqaLog - 🔹 Trying JS click on WebElement (attempt 1)
🔹 Attempting JS click...
2025-09-12 21:11:47 [main] INFO  demoqaLog - 🔹 Attempting JS click...
2025-09-12 21:11:47 [main] INFO  demoqaBase - ✅ Selected Color: Magenta
2025-09-12 21:11:47 [main] INFO  demoqaBase - 🎯 Final selected colors: [Green, Indigo, Magenta]
2025-09-12 21:11:47 [main] INFO  demoqaBase - ✅ Widgets|Auto Complete Test Completed...
]]></system-out>
  </testcase>
  <testcase name="AutoCompleteSearch[ColorSelectionData{searchFor=&apos;H&apos;, expectedColors=[White]}](7)" classname="tests.WidgetsTests" time="4.115">
    <system-out><![CDATA[2025-09-12 21:11:47 [main] INFO  demoqaBase - Closing browser for test: AutoCompleteSearch
2025-09-12 21:11:47 [main] INFO  DriverFactory - 🌐 Starting Chrome Web Browser...
2025-09-12 21:11:47 [main] INFO  DriverFactory - ✅ Created temporary Chrome profile at C:\Users\dell\AppData\Local\Temp\chrome-profile-9052349428130943004
2025-09-12 21:11:48 [main] INFO  DriverFactory - 🚀 WebDriver started successfully
2025-09-12 21:11:48 [main] INFO  RetryUrlAccess - Navigating to URL (attempt 1): https://demoqa.com
2025-09-12 21:12:48 [main] WARN  RetryUrlAccess - Navigation attempt 1 failed: timeout: Timed out receiving message from renderer: 59.088
  (Session info: chrome=137.0.7151.120)
Build info: version: '4.35.0', revision: '1c58e5028b'
System info: os.name: 'Windows 11', os.arch: 'amd64', os.version: '10.0', java.version: '21.0.7'
Driver info: org.openqa.selenium.chrome.ChromeDriver
Command: [25d085e76395383aaa6ad215c8916a3e, get {url=https://demoqa.com}]
Capabilities {acceptInsecureCerts: false, browserName: chrome, browserVersion: 137.0.7151.120, chrome: {chromedriverVersion: 137.0.7151.119 (e0ac9d12dff..., userDataDir: C:\Users\dell\AppData\Local...}, fedcm:accounts: true, goog:chromeOptions: {debuggerAddress: localhost:49378}, networkConnectionEnabled: false, pageLoadStrategy: normal, platformName: windows, proxy: Proxy(), se:cdp: ws://localhost:49378/devtoo..., se:cdpVersion: 137.0.7151.120, setWindowRect: true, strictFileInteractability: false, timeouts: {implicit: 0, pageLoad: 300000, script: 30000}, unhandledPromptBehavior: dismiss and notify, webauthn:extension:credBlob: true, webauthn:extension:largeBlob: true, webauthn:extension:minPinLength: true, webauthn:extension:prf: true, webauthn:virtualAuthenticators: true}
Session ID: 25d085e76395383aaa6ad215c8916a3e
2025-09-12 21:12:51 [main] INFO  RetryUrlAccess - Navigating to URL (attempt 2): https://demoqa.com
2025-09-12 21:12:52 [main] INFO  demoqaBase - 🧪 Starting Test Widgets|Auto Complete...
2025-09-12 21:12:52 [main] INFO  demoqaBase - Accessing Widgets Card...
Declared Instance WebDriverWait: org.openqa.selenium.support.ui.WebDriverWait@4c9232cf
2025-09-12 21:12:52 [main] INFO  demoqaLog - Clicking on Widgets Card...
🔹 Trying JS click by locator (attempt 1)
2025-09-12 21:12:52 [main] INFO  demoqaLog - 🔹 Trying JS click by locator (attempt 1)
🔹 Attempting JS click...
2025-09-12 21:12:52 [main] INFO  demoqaLog - 🔹 Attempting JS click...
2025-09-12 21:12:52 [main] INFO  demoqaLog - Clicked on Widgets Card...
Title of this Page is: DEMOQA
You are Accessing: Widgets
 
2025-09-12 21:12:52 [main] INFO  demoqaBase - Widgets: Please select an item from left to start practice.
2025-09-12 21:12:52 [main] INFO  demoqaBase - Clicking on Widgets|AutoComplete...
You are now Accessing: Auto Complete
2025-09-12 21:12:53 [main] INFO  demoqaBase - You are now Accessing: Auto Complete
Searching Colors using: H
Expected Color to be selected is/are: [White]
2025-09-12 21:12:53 [main] INFO  demoqaBase - 🔍 Running test for search character: H
2025-09-12 21:12:56 [main] INFO  demoqaBase - Clicking on Widgets | Auto Complete | Type multiple color names...
Searching Colors using: H
Expected Color to be selected is/are: [White]
2025-09-12 21:12:56 [main] INFO  demoqaBase - You are now Accessing: Auto Complete
2025-09-12 21:12:56 [main] INFO  demoqaBase - Available Color: White
🔹 Trying JS click on WebElement (attempt 1)
2025-09-12 21:12:56 [main] INFO  demoqaLog - 🔹 Trying JS click on WebElement (attempt 1)
🔹 Attempting JS click...
2025-09-12 21:12:56 [main] INFO  demoqaLog - 🔹 Attempting JS click...
2025-09-12 21:12:56 [main] INFO  demoqaBase - ✅ Selected Color: White
2025-09-12 21:12:56 [main] INFO  demoqaBase - 🎯 Final selected colors: [White]
2025-09-12 21:12:56 [main] INFO  demoqaBase - ✅ Widgets|Auto Complete Test Completed...
]]></system-out>
  </testcase>
  <testcase name="AutoCompleteSearch[ColorSelectionData{searchFor=&apos;I&apos;, expectedColors=[White, Voilet, Indigo]}](8)" classname="tests.WidgetsTests" time="4.202">
    <system-out><![CDATA[2025-09-12 21:12:56 [main] INFO  demoqaBase - Closing browser for test: AutoCompleteSearch
2025-09-12 21:12:56 [main] INFO  DriverFactory - 🌐 Starting Chrome Web Browser...
2025-09-12 21:12:56 [main] INFO  DriverFactory - ✅ Created temporary Chrome profile at C:\Users\dell\AppData\Local\Temp\chrome-profile-2536068444659693383
2025-09-12 21:12:57 [main] INFO  DriverFactory - 🚀 WebDriver started successfully
2025-09-12 21:12:57 [main] INFO  RetryUrlAccess - Navigating to URL (attempt 1): https://demoqa.com
2025-09-12 21:13:20 [main] INFO  demoqaBase - 🧪 Starting Test Widgets|Auto Complete...
2025-09-12 21:13:20 [main] INFO  demoqaBase - Accessing Widgets Card...
Declared Instance WebDriverWait: org.openqa.selenium.support.ui.WebDriverWait@7bc34e09
2025-09-12 21:13:20 [main] INFO  demoqaLog - Clicking on Widgets Card...
🔹 Trying JS click by locator (attempt 1)
2025-09-12 21:13:20 [main] INFO  demoqaLog - 🔹 Trying JS click by locator (attempt 1)
🔹 Attempting JS click...
2025-09-12 21:13:20 [main] INFO  demoqaLog - 🔹 Attempting JS click...
2025-09-12 21:13:20 [main] INFO  demoqaLog - Clicked on Widgets Card...
Title of this Page is: DEMOQA
You are Accessing: Widgets
 
2025-09-12 21:13:20 [main] INFO  demoqaBase - Widgets: Please select an item from left to start practice.
2025-09-12 21:13:20 [main] INFO  demoqaBase - Clicking on Widgets|AutoComplete...
You are now Accessing: Auto Complete
2025-09-12 21:13:21 [main] INFO  demoqaBase - You are now Accessing: Auto Complete
Searching Colors using: I
Expected Color to be selected is/are: [White, Voilet, Indigo]
2025-09-12 21:13:21 [main] INFO  demoqaBase - 🔍 Running test for search character: I
2025-09-12 21:13:24 [main] INFO  demoqaBase - Clicking on Widgets | Auto Complete | Type multiple color names...
Searching Colors using: I
Expected Color to be selected is/are: [White, Voilet, Indigo]
2025-09-12 21:13:24 [main] INFO  demoqaBase - You are now Accessing: Auto Complete
2025-09-12 21:13:24 [main] INFO  demoqaBase - Available Color: White
🔹 Trying JS click on WebElement (attempt 1)
2025-09-12 21:13:24 [main] INFO  demoqaLog - 🔹 Trying JS click on WebElement (attempt 1)
🔹 Attempting JS click...
2025-09-12 21:13:24 [main] INFO  demoqaLog - 🔹 Attempting JS click...
2025-09-12 21:13:24 [main] INFO  demoqaBase - ✅ Selected Color: White
2025-09-12 21:13:24 [main] INFO  demoqaBase - Available Color: Voilet
🔹 Trying JS click on WebElement (attempt 1)
2025-09-12 21:13:24 [main] INFO  demoqaLog - 🔹 Trying JS click on WebElement (attempt 1)
🔹 Attempting JS click...
2025-09-12 21:13:24 [main] INFO  demoqaLog - 🔹 Attempting JS click...
2025-09-12 21:13:24 [main] INFO  demoqaBase - ✅ Selected Color: Voilet
2025-09-12 21:13:24 [main] INFO  demoqaBase - Available Color: Indigo
🔹 Trying JS click on WebElement (attempt 1)
2025-09-12 21:13:24 [main] INFO  demoqaLog - 🔹 Trying JS click on WebElement (attempt 1)
🔹 Attempting JS click...
2025-09-12 21:13:24 [main] INFO  demoqaLog - 🔹 Attempting JS click...
2025-09-12 21:13:24 [main] INFO  demoqaBase - ✅ Selected Color: Indigo
2025-09-12 21:13:24 [main] INFO  demoqaBase - 🎯 Final selected colors: [White, Voilet, Indigo]
2025-09-12 21:13:24 [main] INFO  demoqaBase - ✅ Widgets|Auto Complete Test Completed...
]]></system-out>
  </testcase>
  <testcase name="AutoCompleteSearch[ColorSelectionData{searchFor=&apos;K&apos;, expectedColors=[Black]}](9)" classname="tests.WidgetsTests" time="3.757">
    <system-out><![CDATA[2025-09-12 21:13:24 [main] INFO  demoqaBase - Closing browser for test: AutoCompleteSearch
2025-09-12 21:13:25 [main] INFO  DriverFactory - 🌐 Starting Chrome Web Browser...
2025-09-12 21:13:25 [main] INFO  DriverFactory - ✅ Created temporary Chrome profile at C:\Users\dell\AppData\Local\Temp\chrome-profile-8800534485339924920
2025-09-12 21:13:26 [main] INFO  DriverFactory - 🚀 WebDriver started successfully
2025-09-12 21:13:26 [main] INFO  RetryUrlAccess - Navigating to URL (attempt 1): https://demoqa.com
2025-09-12 21:14:10 [main] INFO  demoqaBase - 🧪 Starting Test Widgets|Auto Complete...
2025-09-12 21:14:10 [main] INFO  demoqaBase - Accessing Widgets Card...
Declared Instance WebDriverWait: org.openqa.selenium.support.ui.WebDriverWait@376441d8
2025-09-12 21:14:10 [main] INFO  demoqaLog - Clicking on Widgets Card...
🔹 Trying JS click by locator (attempt 1)
2025-09-12 21:14:10 [main] INFO  demoqaLog - 🔹 Trying JS click by locator (attempt 1)
🔹 Attempting JS click...
2025-09-12 21:14:10 [main] INFO  demoqaLog - 🔹 Attempting JS click...
2025-09-12 21:14:10 [main] INFO  demoqaLog - Clicked on Widgets Card...
Title of this Page is: DEMOQA
You are Accessing: Widgets
 
2025-09-12 21:14:10 [main] INFO  demoqaBase - Widgets: Please select an item from left to start practice.
2025-09-12 21:14:10 [main] INFO  demoqaBase - Clicking on Widgets|AutoComplete...
You are now Accessing: Auto Complete
2025-09-12 21:14:10 [main] INFO  demoqaBase - You are now Accessing: Auto Complete
Searching Colors using: K
Expected Color to be selected is/are: [Black]
2025-09-12 21:14:10 [main] INFO  demoqaBase - 🔍 Running test for search character: K
2025-09-12 21:14:13 [main] INFO  demoqaBase - Clicking on Widgets | Auto Complete | Type multiple color names...
Searching Colors using: K
Expected Color to be selected is/are: [Black]
2025-09-12 21:14:13 [main] INFO  demoqaBase - You are now Accessing: Auto Complete
2025-09-12 21:14:13 [main] INFO  demoqaBase - Available Color: Black
🔹 Trying JS click on WebElement (attempt 1)
2025-09-12 21:14:13 [main] INFO  demoqaLog - 🔹 Trying JS click on WebElement (attempt 1)
🔹 Attempting JS click...
2025-09-12 21:14:13 [main] INFO  demoqaLog - 🔹 Attempting JS click...
2025-09-12 21:14:13 [main] INFO  demoqaBase - ✅ Selected Color: Black
2025-09-12 21:14:13 [main] INFO  demoqaBase - 🎯 Final selected colors: [Black]
2025-09-12 21:14:13 [main] INFO  demoqaBase - ✅ Widgets|Auto Complete Test Completed...
]]></system-out>
  </testcase>
  <testcase name="AutoCompleteSearch[ColorSelectionData{searchFor=&apos;L&apos;, expectedColors=[Blue, Yellow, Purple, Black, Voilet]}](10)" classname="tests.WidgetsTests" time="5.464">
    <system-out><![CDATA[2025-09-12 21:14:13 [main] INFO  demoqaBase - Closing browser for test: AutoCompleteSearch
2025-09-12 21:14:14 [main] INFO  DriverFactory - 🌐 Starting Chrome Web Browser...
2025-09-12 21:14:14 [main] INFO  DriverFactory - ✅ Created temporary Chrome profile at C:\Users\dell\AppData\Local\Temp\chrome-profile-12185214271353623600
2025-09-12 21:14:15 [main] INFO  DriverFactory - 🚀 WebDriver started successfully
2025-09-12 21:14:15 [main] INFO  RetryUrlAccess - Navigating to URL (attempt 1): https://demoqa.com
2025-09-12 21:14:40 [main] INFO  demoqaBase - 🧪 Starting Test Widgets|Auto Complete...
2025-09-12 21:14:40 [main] INFO  demoqaBase - Accessing Widgets Card...
Declared Instance WebDriverWait: org.openqa.selenium.support.ui.WebDriverWait@64aa9e8e
2025-09-12 21:14:40 [main] INFO  demoqaLog - Clicking on Widgets Card...
🔹 Trying JS click by locator (attempt 1)
2025-09-12 21:14:40 [main] INFO  demoqaLog - 🔹 Trying JS click by locator (attempt 1)
🔹 Attempting JS click...
2025-09-12 21:14:40 [main] INFO  demoqaLog - 🔹 Attempting JS click...
2025-09-12 21:14:40 [main] INFO  demoqaLog - Clicked on Widgets Card...
Title of this Page is: DEMOQA
You are Accessing: Widgets
 
2025-09-12 21:14:40 [main] INFO  demoqaBase - Widgets: Please select an item from left to start practice.
2025-09-12 21:14:40 [main] INFO  demoqaBase - Clicking on Widgets|AutoComplete...
You are now Accessing: Auto Complete
2025-09-12 21:14:41 [main] INFO  demoqaBase - You are now Accessing: Auto Complete
Searching Colors using: L
Expected Color to be selected is/are: [Blue, Yellow, Purple, Black, Voilet]
2025-09-12 21:14:41 [main] INFO  demoqaBase - 🔍 Running test for search character: L
2025-09-12 21:14:44 [main] INFO  demoqaBase - Clicking on Widgets | Auto Complete | Type multiple color names...
Searching Colors using: L
Expected Color to be selected is/are: [Blue, Yellow, Purple, Black, Voilet]
2025-09-12 21:14:44 [main] INFO  demoqaBase - You are now Accessing: Auto Complete
2025-09-12 21:14:44 [main] INFO  demoqaBase - Available Color: Blue
🔹 Trying JS click on WebElement (attempt 1)
2025-09-12 21:14:44 [main] INFO  demoqaLog - 🔹 Trying JS click on WebElement (attempt 1)
🔹 Attempting JS click...
2025-09-12 21:14:44 [main] INFO  demoqaLog - 🔹 Attempting JS click...
2025-09-12 21:14:44 [main] INFO  demoqaBase - ✅ Selected Color: Blue
2025-09-12 21:14:44 [main] INFO  demoqaBase - Available Color: Yellow
🔹 Trying JS click on WebElement (attempt 1)
2025-09-12 21:14:44 [main] INFO  demoqaLog - 🔹 Trying JS click on WebElement (attempt 1)
🔹 Attempting JS click...
2025-09-12 21:14:44 [main] INFO  demoqaLog - 🔹 Attempting JS click...
2025-09-12 21:14:45 [main] INFO  demoqaBase - ✅ Selected Color: Yellow
2025-09-12 21:14:45 [main] INFO  demoqaBase - Available Color: Purple
🔹 Trying JS click on WebElement (attempt 1)
2025-09-12 21:14:45 [main] INFO  demoqaLog - 🔹 Trying JS click on WebElement (attempt 1)
🔹 Attempting JS click...
2025-09-12 21:14:45 [main] INFO  demoqaLog - 🔹 Attempting JS click...
2025-09-12 21:14:45 [main] INFO  demoqaBase - ✅ Selected Color: Purple
2025-09-12 21:14:45 [main] INFO  demoqaBase - Available Color: Black
🔹 Trying JS click on WebElement (attempt 1)
2025-09-12 21:14:45 [main] INFO  demoqaLog - 🔹 Trying JS click on WebElement (attempt 1)
🔹 Attempting JS click...
2025-09-12 21:14:45 [main] INFO  demoqaLog - 🔹 Attempting JS click...
2025-09-12 21:14:45 [main] INFO  demoqaBase - ✅ Selected Color: Black
2025-09-12 21:14:45 [main] INFO  demoqaBase - Available Color: Voilet
🔹 Trying JS click on WebElement (attempt 1)
2025-09-12 21:14:45 [main] INFO  demoqaLog - 🔹 Trying JS click on WebElement (attempt 1)
🔹 Attempting JS click...
2025-09-12 21:14:45 [main] INFO  demoqaLog - 🔹 Attempting JS click...
2025-09-12 21:14:45 [main] INFO  demoqaBase - ✅ Selected Color: Voilet
2025-09-12 21:14:46 [main] INFO  demoqaBase - 🎯 Final selected colors: [Blue, Yellow, Purple, Black, Voilet]
2025-09-12 21:14:46 [main] INFO  demoqaBase - ✅ Widgets|Auto Complete Test Completed...
]]></system-out>
  </testcase>
  <testcase name="AutoCompleteSearch[ColorSelectionData{searchFor=&apos;M&apos;, expectedColors=[Magenta]}](11)" classname="tests.WidgetsTests" time="4.84">
    <system-out><![CDATA[2025-09-12 21:14:46 [main] INFO  demoqaBase - Closing browser for test: AutoCompleteSearch
2025-09-12 21:14:46 [main] INFO  DriverFactory - 🌐 Starting Chrome Web Browser...
2025-09-12 21:14:46 [main] INFO  DriverFactory - ✅ Created temporary Chrome profile at C:\Users\dell\AppData\Local\Temp\chrome-profile-2424010787580973923
2025-09-12 21:14:47 [main] INFO  DriverFactory - 🚀 WebDriver started successfully
2025-09-12 21:14:47 [main] INFO  RetryUrlAccess - Navigating to URL (attempt 1): https://demoqa.com
2025-09-12 21:15:47 [main] WARN  RetryUrlAccess - Navigation attempt 1 failed: timeout: Timed out receiving message from renderer: 59.058
  (Session info: chrome=137.0.7151.120)
Build info: version: '4.35.0', revision: '1c58e5028b'
System info: os.name: 'Windows 11', os.arch: 'amd64', os.version: '10.0', java.version: '21.0.7'
Driver info: org.openqa.selenium.chrome.ChromeDriver
Command: [7ec21a5e753a478c865ba66b74746fa8, get {url=https://demoqa.com}]
Capabilities {acceptInsecureCerts: false, browserName: chrome, browserVersion: 137.0.7151.120, chrome: {chromedriverVersion: 137.0.7151.119 (e0ac9d12dff..., userDataDir: C:\Users\dell\AppData\Local...}, fedcm:accounts: true, goog:chromeOptions: {debuggerAddress: localhost:50429}, networkConnectionEnabled: false, pageLoadStrategy: normal, platformName: windows, proxy: Proxy(), se:cdp: ws://localhost:50429/devtoo..., se:cdpVersion: 137.0.7151.120, setWindowRect: true, strictFileInteractability: false, timeouts: {implicit: 0, pageLoad: 300000, script: 30000}, unhandledPromptBehavior: dismiss and notify, webauthn:extension:credBlob: true, webauthn:extension:largeBlob: true, webauthn:extension:minPinLength: true, webauthn:extension:prf: true, webauthn:virtualAuthenticators: true}
Session ID: 7ec21a5e753a478c865ba66b74746fa8
2025-09-12 21:15:50 [main] INFO  RetryUrlAccess - Navigating to URL (attempt 2): https://demoqa.com
2025-09-12 21:15:51 [main] INFO  demoqaBase - 🧪 Starting Test Widgets|Auto Complete...
2025-09-12 21:15:51 [main] INFO  demoqaBase - Accessing Widgets Card...
Declared Instance WebDriverWait: org.openqa.selenium.support.ui.WebDriverWait@7ab26ad2
2025-09-12 21:15:51 [main] INFO  demoqaLog - Clicking on Widgets Card...
🔹 Trying JS click by locator (attempt 1)
2025-09-12 21:15:51 [main] INFO  demoqaLog - 🔹 Trying JS click by locator (attempt 1)
🔹 Attempting JS click...
2025-09-12 21:15:51 [main] INFO  demoqaLog - 🔹 Attempting JS click...
2025-09-12 21:15:51 [main] INFO  demoqaLog - Clicked on Widgets Card...
Title of this Page is: DEMOQA
You are Accessing: Widgets
 
2025-09-12 21:15:52 [main] INFO  demoqaBase - Widgets: Please select an item from left to start practice.
2025-09-12 21:15:52 [main] INFO  demoqaBase - Clicking on Widgets|AutoComplete...
You are now Accessing: Auto Complete
2025-09-12 21:15:52 [main] INFO  demoqaBase - You are now Accessing: Auto Complete
Searching Colors using: M
Expected Color to be selected is/are: [Magenta]
2025-09-12 21:15:52 [main] INFO  demoqaBase - 🔍 Running test for search character: M
2025-09-12 21:15:55 [main] INFO  demoqaBase - Clicking on Widgets | Auto Complete | Type multiple color names...
Searching Colors using: M
Expected Color to be selected is/are: [Magenta]
2025-09-12 21:15:55 [main] INFO  demoqaBase - You are now Accessing: Auto Complete
2025-09-12 21:15:56 [main] INFO  demoqaBase - Available Color: Magenta
🔹 Trying JS click on WebElement (attempt 1)
2025-09-12 21:15:56 [main] INFO  demoqaLog - 🔹 Trying JS click on WebElement (attempt 1)
🔹 Attempting JS click...
2025-09-12 21:15:56 [main] INFO  demoqaLog - 🔹 Attempting JS click...
2025-09-12 21:15:56 [main] INFO  demoqaBase - ✅ Selected Color: Magenta
2025-09-12 21:15:56 [main] INFO  demoqaBase - 🎯 Final selected colors: [Magenta]
2025-09-12 21:15:56 [main] INFO  demoqaBase - ✅ Widgets|Auto Complete Test Completed...
]]></system-out>
  </testcase>
  <testcase name="AutoCompleteSearch[ColorSelectionData{searchFor=&apos;N&apos;, expectedColors=[Green, Indigo, Magenta]}](12)" classname="tests.WidgetsTests" time="4.702">
    <system-out><![CDATA[2025-09-12 21:15:56 [main] INFO  demoqaBase - Closing browser for test: AutoCompleteSearch
2025-09-12 21:15:56 [main] INFO  DriverFactory - 🌐 Starting Chrome Web Browser...
2025-09-12 21:15:56 [main] INFO  DriverFactory - ✅ Created temporary Chrome profile at C:\Users\dell\AppData\Local\Temp\chrome-profile-13021429309018281689
2025-09-12 21:15:57 [main] INFO  DriverFactory - 🚀 WebDriver started successfully
2025-09-12 21:15:57 [main] INFO  RetryUrlAccess - Navigating to URL (attempt 1): https://demoqa.com
2025-09-12 21:16:57 [main] WARN  RetryUrlAccess - Navigation attempt 1 failed: timeout: Timed out receiving message from renderer: 59.020
  (Session info: chrome=137.0.7151.120)
Build info: version: '4.35.0', revision: '1c58e5028b'
System info: os.name: 'Windows 11', os.arch: 'amd64', os.version: '10.0', java.version: '21.0.7'
Driver info: org.openqa.selenium.chrome.ChromeDriver
Command: [3079ee879f4426b05d6aa77e2e12d8c4, get {url=https://demoqa.com}]
Capabilities {acceptInsecureCerts: false, browserName: chrome, browserVersion: 137.0.7151.120, chrome: {chromedriverVersion: 137.0.7151.119 (e0ac9d12dff..., userDataDir: C:\Users\dell\AppData\Local...}, fedcm:accounts: true, goog:chromeOptions: {debuggerAddress: localhost:50628}, networkConnectionEnabled: false, pageLoadStrategy: normal, platformName: windows, proxy: Proxy(), se:cdp: ws://localhost:50628/devtoo..., se:cdpVersion: 137.0.7151.120, setWindowRect: true, strictFileInteractability: false, timeouts: {implicit: 0, pageLoad: 300000, script: 30000}, unhandledPromptBehavior: dismiss and notify, webauthn:extension:credBlob: true, webauthn:extension:largeBlob: true, webauthn:extension:minPinLength: true, webauthn:extension:prf: true, webauthn:virtualAuthenticators: true}
Session ID: 3079ee879f4426b05d6aa77e2e12d8c4
2025-09-12 21:17:00 [main] INFO  RetryUrlAccess - Navigating to URL (attempt 2): https://demoqa.com
2025-09-12 21:17:01 [main] INFO  demoqaBase - 🧪 Starting Test Widgets|Auto Complete...
2025-09-12 21:17:01 [main] INFO  demoqaBase - Accessing Widgets Card...
Declared Instance WebDriverWait: org.openqa.selenium.support.ui.WebDriverWait@40ec8a43
2025-09-12 21:17:01 [main] INFO  demoqaLog - Clicking on Widgets Card...
🔹 Trying JS click by locator (attempt 1)
2025-09-12 21:17:01 [main] INFO  demoqaLog - 🔹 Trying JS click by locator (attempt 1)
🔹 Attempting JS click...
2025-09-12 21:17:01 [main] INFO  demoqaLog - 🔹 Attempting JS click...
2025-09-12 21:17:01 [main] INFO  demoqaLog - Clicked on Widgets Card...
Title of this Page is: DEMOQA
You are Accessing: Widgets
 
2025-09-12 21:17:02 [main] INFO  demoqaBase - Widgets: Please select an item from left to start practice.
2025-09-12 21:17:02 [main] INFO  demoqaBase - Clicking on Widgets|AutoComplete...
You are now Accessing: Auto Complete
2025-09-12 21:17:02 [main] INFO  demoqaBase - You are now Accessing: Auto Complete
Searching Colors using: N
Expected Color to be selected is/are: [Green, Indigo, Magenta]
2025-09-12 21:17:02 [main] INFO  demoqaBase - 🔍 Running test for search character: N
2025-09-12 21:17:05 [main] INFO  demoqaBase - Clicking on Widgets | Auto Complete | Type multiple color names...
Searching Colors using: N
Expected Color to be selected is/are: [Green, Indigo, Magenta]
2025-09-12 21:17:05 [main] INFO  demoqaBase - You are now Accessing: Auto Complete
2025-09-12 21:17:05 [main] INFO  demoqaBase - Available Color: Green
🔹 Trying JS click on WebElement (attempt 1)
2025-09-12 21:17:05 [main] INFO  demoqaLog - 🔹 Trying JS click on WebElement (attempt 1)
🔹 Attempting JS click...
2025-09-12 21:17:05 [main] INFO  demoqaLog - 🔹 Attempting JS click...
2025-09-12 21:17:05 [main] INFO  demoqaBase - ✅ Selected Color: Green
2025-09-12 21:17:06 [main] INFO  demoqaBase - Available Color: Indigo
🔹 Trying JS click on WebElement (attempt 1)
2025-09-12 21:17:06 [main] INFO  demoqaLog - 🔹 Trying JS click on WebElement (attempt 1)
🔹 Attempting JS click...
2025-09-12 21:17:06 [main] INFO  demoqaLog - 🔹 Attempting JS click...
2025-09-12 21:17:06 [main] INFO  demoqaBase - ✅ Selected Color: Indigo
2025-09-12 21:17:06 [main] INFO  demoqaBase - Available Color: Magenta
🔹 Trying JS click on WebElement (attempt 1)
2025-09-12 21:17:06 [main] INFO  demoqaLog - 🔹 Trying JS click on WebElement (attempt 1)
🔹 Attempting JS click...
2025-09-12 21:17:06 [main] INFO  demoqaLog - 🔹 Attempting JS click...
2025-09-12 21:17:06 [main] INFO  demoqaBase - ✅ Selected Color: Magenta
2025-09-12 21:17:06 [main] INFO  demoqaBase - 🎯 Final selected colors: [Green, Indigo, Magenta]
2025-09-12 21:17:06 [main] INFO  demoqaBase - ✅ Widgets|Auto Complete Test Completed...
]]></system-out>
  </testcase>
  <testcase name="AutoCompleteSearch[ColorSelectionData{searchFor=&apos;O&apos;, expectedColors=[Yellow, Voilet, Indigo]}](13)" classname="tests.WidgetsTests" time="5.0">
    <system-out><![CDATA[2025-09-12 21:17:06 [main] INFO  demoqaBase - Closing browser for test: AutoCompleteSearch
2025-09-12 21:17:06 [main] INFO  DriverFactory - 🌐 Starting Chrome Web Browser...
2025-09-12 21:17:06 [main] INFO  DriverFactory - ✅ Created temporary Chrome profile at C:\Users\dell\AppData\Local\Temp\chrome-profile-17077535214996613661
2025-09-12 21:17:08 [main] INFO  DriverFactory - 🚀 WebDriver started successfully
2025-09-12 21:17:08 [main] INFO  RetryUrlAccess - Navigating to URL (attempt 1): https://demoqa.com
2025-09-12 21:18:08 [main] WARN  RetryUrlAccess - Navigation attempt 1 failed: timeout: Timed out receiving message from renderer: 59.019
  (Session info: chrome=137.0.7151.120)
Build info: version: '4.35.0', revision: '1c58e5028b'
System info: os.name: 'Windows 11', os.arch: 'amd64', os.version: '10.0', java.version: '21.0.7'
Driver info: org.openqa.selenium.chrome.ChromeDriver
Command: [6b51947327ef9e969999278da966dcc4, get {url=https://demoqa.com}]
Capabilities {acceptInsecureCerts: false, browserName: chrome, browserVersion: 137.0.7151.120, chrome: {chromedriverVersion: 137.0.7151.119 (e0ac9d12dff..., userDataDir: C:\Users\dell\AppData\Local...}, fedcm:accounts: true, goog:chromeOptions: {debuggerAddress: localhost:50860}, networkConnectionEnabled: false, pageLoadStrategy: normal, platformName: windows, proxy: Proxy(), se:cdp: ws://localhost:50860/devtoo..., se:cdpVersion: 137.0.7151.120, setWindowRect: true, strictFileInteractability: false, timeouts: {implicit: 0, pageLoad: 300000, script: 30000}, unhandledPromptBehavior: dismiss and notify, webauthn:extension:credBlob: true, webauthn:extension:largeBlob: true, webauthn:extension:minPinLength: true, webauthn:extension:prf: true, webauthn:virtualAuthenticators: true}
Session ID: 6b51947327ef9e969999278da966dcc4
2025-09-12 21:18:11 [main] INFO  RetryUrlAccess - Navigating to URL (attempt 2): https://demoqa.com
2025-09-12 21:18:11 [main] INFO  demoqaBase - 🧪 Starting Test Widgets|Auto Complete...
2025-09-12 21:18:11 [main] INFO  demoqaBase - Accessing Widgets Card...
Declared Instance WebDriverWait: org.openqa.selenium.support.ui.WebDriverWait@1563708c
2025-09-12 21:18:11 [main] INFO  demoqaLog - Clicking on Widgets Card...
🔹 Trying JS click by locator (attempt 1)
2025-09-12 21:18:12 [main] INFO  demoqaLog - 🔹 Trying JS click by locator (attempt 1)
🔹 Attempting JS click...
2025-09-12 21:18:12 [main] INFO  demoqaLog - 🔹 Attempting JS click...
2025-09-12 21:18:12 [main] INFO  demoqaLog - Clicked on Widgets Card...
Title of this Page is: DEMOQA
You are Accessing: Widgets
 
2025-09-12 21:18:12 [main] INFO  demoqaBase - Widgets: Please select an item from left to start practice.
2025-09-12 21:18:12 [main] INFO  demoqaBase - Clicking on Widgets|AutoComplete...
You are now Accessing: Auto Complete
2025-09-12 21:18:12 [main] INFO  demoqaBase - You are now Accessing: Auto Complete
Searching Colors using: O
Expected Color to be selected is/are: [Yellow, Voilet, Indigo]
2025-09-12 21:18:12 [main] INFO  demoqaBase - 🔍 Running test for search character: O
2025-09-12 21:18:15 [main] INFO  demoqaBase - Clicking on Widgets | Auto Complete | Type multiple color names...
Searching Colors using: O
Expected Color to be selected is/are: [Yellow, Voilet, Indigo]
2025-09-12 21:18:15 [main] INFO  demoqaBase - You are now Accessing: Auto Complete
2025-09-12 21:18:16 [main] INFO  demoqaBase - Available Color: Yellow
🔹 Trying JS click on WebElement (attempt 1)
2025-09-12 21:18:16 [main] INFO  demoqaLog - 🔹 Trying JS click on WebElement (attempt 1)
🔹 Attempting JS click...
2025-09-12 21:18:16 [main] INFO  demoqaLog - 🔹 Attempting JS click...
2025-09-12 21:18:16 [main] INFO  demoqaBase - ✅ Selected Color: Yellow
2025-09-12 21:18:16 [main] INFO  demoqaBase - Available Color: Voilet
🔹 Trying JS click on WebElement (attempt 1)
2025-09-12 21:18:16 [main] INFO  demoqaLog - 🔹 Trying JS click on WebElement (attempt 1)
🔹 Attempting JS click...
2025-09-12 21:18:16 [main] INFO  demoqaLog - 🔹 Attempting JS click...
2025-09-12 21:18:16 [main] INFO  demoqaBase - ✅ Selected Color: Voilet
2025-09-12 21:18:16 [main] INFO  demoqaBase - Available Color: Indigo
🔹 Trying JS click on WebElement (attempt 1)
2025-09-12 21:18:16 [main] INFO  demoqaLog - 🔹 Trying JS click on WebElement (attempt 1)
🔹 Attempting JS click...
2025-09-12 21:18:16 [main] INFO  demoqaLog - 🔹 Attempting JS click...
2025-09-12 21:18:16 [main] INFO  demoqaBase - ✅ Selected Color: Indigo
2025-09-12 21:18:16 [main] INFO  demoqaBase - 🎯 Final selected colors: [Yellow, Voilet, Indigo]
2025-09-12 21:18:16 [main] INFO  demoqaBase - ✅ Widgets|Auto Complete Test Completed...
]]></system-out>
  </testcase>
  <testcase name="AutoCompleteSearch[ColorSelectionData{searchFor=&apos;P&apos;, expectedColors=[Purple]}](14)" classname="tests.WidgetsTests" time="4.316">
    <system-out><![CDATA[2025-09-12 21:18:16 [main] INFO  demoqaBase - Closing browser for test: AutoCompleteSearch
2025-09-12 21:18:17 [main] INFO  DriverFactory - 🌐 Starting Chrome Web Browser...
2025-09-12 21:18:17 [main] INFO  DriverFactory - ✅ Created temporary Chrome profile at C:\Users\dell\AppData\Local\Temp\chrome-profile-3072932113960481433
2025-09-12 21:18:20 [main] INFO  DriverFactory - 🚀 WebDriver started successfully
2025-09-12 21:18:20 [main] INFO  RetryUrlAccess - Navigating to URL (attempt 1): https://demoqa.com
2025-09-12 21:18:47 [main] INFO  demoqaBase - 🧪 Starting Test Widgets|Auto Complete...
2025-09-12 21:18:47 [main] INFO  demoqaBase - Accessing Widgets Card...
Declared Instance WebDriverWait: org.openqa.selenium.support.ui.WebDriverWait@79d6b7d6
2025-09-12 21:18:47 [main] INFO  demoqaLog - Clicking on Widgets Card...
🔹 Trying JS click by locator (attempt 1)
2025-09-12 21:18:48 [main] INFO  demoqaLog - 🔹 Trying JS click by locator (attempt 1)
🔹 Attempting JS click...
2025-09-12 21:18:48 [main] INFO  demoqaLog - 🔹 Attempting JS click...
2025-09-12 21:18:48 [main] INFO  demoqaLog - Clicked on Widgets Card...
Title of this Page is: DEMOQA
You are Accessing: Widgets
 
2025-09-12 21:18:48 [main] INFO  demoqaBase - Widgets: Please select an item from left to start practice.
2025-09-12 21:18:48 [main] INFO  demoqaBase - Clicking on Widgets|AutoComplete...
You are now Accessing: Auto Complete
2025-09-12 21:18:48 [main] INFO  demoqaBase - You are now Accessing: Auto Complete
Searching Colors using: P
Expected Color to be selected is/are: [Purple]
2025-09-12 21:18:48 [main] INFO  demoqaBase - 🔍 Running test for search character: P
2025-09-12 21:18:51 [main] INFO  demoqaBase - Clicking on Widgets | Auto Complete | Type multiple color names...
Searching Colors using: P
Expected Color to be selected is/are: [Purple]
2025-09-12 21:18:51 [main] INFO  demoqaBase - You are now Accessing: Auto Complete
2025-09-12 21:18:52 [main] INFO  demoqaBase - Available Color: Purple
🔹 Trying JS click on WebElement (attempt 1)
2025-09-12 21:18:52 [main] INFO  demoqaLog - 🔹 Trying JS click on WebElement (attempt 1)
🔹 Attempting JS click...
2025-09-12 21:18:52 [main] INFO  demoqaLog - 🔹 Attempting JS click...
2025-09-12 21:18:52 [main] INFO  demoqaBase - ✅ Selected Color: Purple
2025-09-12 21:18:52 [main] INFO  demoqaBase - 🎯 Final selected colors: [Purple]
2025-09-12 21:18:52 [main] INFO  demoqaBase - ✅ Widgets|Auto Complete Test Completed...
]]></system-out>
  </testcase>
  <testcase name="AutoCompleteSearch[ColorSelectionData{searchFor=&apos;Q&apos;, expectedColors=[Aqua]}](15)" classname="tests.WidgetsTests" time="4.48">
    <system-out><![CDATA[2025-09-12 21:18:52 [main] INFO  demoqaBase - Closing browser for test: AutoCompleteSearch
2025-09-12 21:18:52 [main] INFO  DriverFactory - 🌐 Starting Chrome Web Browser...
2025-09-12 21:18:52 [main] INFO  DriverFactory - ✅ Created temporary Chrome profile at C:\Users\dell\AppData\Local\Temp\chrome-profile-3459272503169173230
2025-09-12 21:18:54 [main] INFO  DriverFactory - 🚀 WebDriver started successfully
2025-09-12 21:18:54 [main] INFO  RetryUrlAccess - Navigating to URL (attempt 1): https://demoqa.com
2025-09-12 21:19:23 [main] INFO  demoqaBase - 🧪 Starting Test Widgets|Auto Complete...
2025-09-12 21:19:23 [main] INFO  demoqaBase - Accessing Widgets Card...
Declared Instance WebDriverWait: org.openqa.selenium.support.ui.WebDriverWait@14cd449e
2025-09-12 21:19:23 [main] INFO  demoqaLog - Clicking on Widgets Card...
🔹 Trying JS click by locator (attempt 1)
2025-09-12 21:19:23 [main] INFO  demoqaLog - 🔹 Trying JS click by locator (attempt 1)
🔹 Attempting JS click...
2025-09-12 21:19:23 [main] INFO  demoqaLog - 🔹 Attempting JS click...
2025-09-12 21:19:23 [main] INFO  demoqaLog - Clicked on Widgets Card...
Title of this Page is: DEMOQA
You are Accessing: Widgets
 
2025-09-12 21:19:23 [main] INFO  demoqaBase - Widgets: Please select an item from left to start practice.
2025-09-12 21:19:23 [main] INFO  demoqaBase - Clicking on Widgets|AutoComplete...
You are now Accessing: Auto Complete
2025-09-12 21:19:24 [main] INFO  demoqaBase - You are now Accessing: Auto Complete
Searching Colors using: Q
Expected Color to be selected is/are: [Aqua]
2025-09-12 21:19:24 [main] INFO  demoqaBase - 🔍 Running test for search character: Q
2025-09-12 21:19:27 [main] INFO  demoqaBase - Clicking on Widgets | Auto Complete | Type multiple color names...
Searching Colors using: Q
Expected Color to be selected is/are: [Aqua]
2025-09-12 21:19:27 [main] INFO  demoqaBase - You are now Accessing: Auto Complete
2025-09-12 21:19:27 [main] INFO  demoqaBase - Available Color: Aqua
🔹 Trying JS click on WebElement (attempt 1)
2025-09-12 21:19:27 [main] INFO  demoqaLog - 🔹 Trying JS click on WebElement (attempt 1)
🔹 Attempting JS click...
2025-09-12 21:19:27 [main] INFO  demoqaLog - 🔹 Attempting JS click...
2025-09-12 21:19:28 [main] INFO  demoqaBase - ✅ Selected Color: Aqua
2025-09-12 21:19:28 [main] INFO  demoqaBase - 🎯 Final selected colors: [Aqua]
2025-09-12 21:19:28 [main] INFO  demoqaBase - ✅ Widgets|Auto Complete Test Completed...
]]></system-out>
  </testcase>
  <testcase name="AutoCompleteSearch[ColorSelectionData{searchFor=&apos;R&apos;, expectedColors=[Red, Green, Purple]}](16)" classname="tests.WidgetsTests" time="4.887">
    <system-out><![CDATA[2025-09-12 21:19:28 [main] INFO  demoqaBase - Closing browser for test: AutoCompleteSearch
2025-09-12 21:19:28 [main] INFO  DriverFactory - 🌐 Starting Chrome Web Browser...
2025-09-12 21:19:28 [main] INFO  DriverFactory - ✅ Created temporary Chrome profile at C:\Users\dell\AppData\Local\Temp\chrome-profile-16489256914904036777
2025-09-12 21:19:30 [main] INFO  DriverFactory - 🚀 WebDriver started successfully
2025-09-12 21:19:30 [main] INFO  RetryUrlAccess - Navigating to URL (attempt 1): https://demoqa.com
2025-09-12 21:20:26 [main] INFO  demoqaBase - 🧪 Starting Test Widgets|Auto Complete...
2025-09-12 21:20:26 [main] INFO  demoqaBase - Accessing Widgets Card...
Declared Instance WebDriverWait: org.openqa.selenium.support.ui.WebDriverWait@6d105ee3
2025-09-12 21:20:26 [main] INFO  demoqaLog - Clicking on Widgets Card...
🔹 Trying JS click by locator (attempt 1)
2025-09-12 21:20:26 [main] INFO  demoqaLog - 🔹 Trying JS click by locator (attempt 1)
🔹 Attempting JS click...
2025-09-12 21:20:26 [main] INFO  demoqaLog - 🔹 Attempting JS click...
2025-09-12 21:20:27 [main] INFO  demoqaLog - Clicked on Widgets Card...
Title of this Page is: DEMOQA
You are Accessing: Widgets
 
2025-09-12 21:20:27 [main] INFO  demoqaBase - Widgets: Please select an item from left to start practice.
2025-09-12 21:20:27 [main] INFO  demoqaBase - Clicking on Widgets|AutoComplete...
You are now Accessing: Auto Complete
2025-09-12 21:20:27 [main] INFO  demoqaBase - You are now Accessing: Auto Complete
Searching Colors using: R
Expected Color to be selected is/are: [Red, Green, Purple]
2025-09-12 21:20:27 [main] INFO  demoqaBase - 🔍 Running test for search character: R
2025-09-12 21:20:30 [main] INFO  demoqaBase - Clicking on Widgets | Auto Complete | Type multiple color names...
Searching Colors using: R
Expected Color to be selected is/are: [Red, Green, Purple]
2025-09-12 21:20:30 [main] INFO  demoqaBase - You are now Accessing: Auto Complete
2025-09-12 21:20:31 [main] INFO  demoqaBase - Available Color: Red
🔹 Trying JS click on WebElement (attempt 1)
2025-09-12 21:20:31 [main] INFO  demoqaLog - 🔹 Trying JS click on WebElement (attempt 1)
🔹 Attempting JS click...
2025-09-12 21:20:31 [main] INFO  demoqaLog - 🔹 Attempting JS click...
2025-09-12 21:20:31 [main] INFO  demoqaBase - ✅ Selected Color: Red
2025-09-12 21:20:31 [main] INFO  demoqaBase - Available Color: Green
🔹 Trying JS click on WebElement (attempt 1)
2025-09-12 21:20:31 [main] INFO  demoqaLog - 🔹 Trying JS click on WebElement (attempt 1)
🔹 Attempting JS click...
2025-09-12 21:20:31 [main] INFO  demoqaLog - 🔹 Attempting JS click...
2025-09-12 21:20:31 [main] INFO  demoqaBase - ✅ Selected Color: Green
2025-09-12 21:20:31 [main] INFO  demoqaBase - Available Color: Purple
🔹 Trying JS click on WebElement (attempt 1)
2025-09-12 21:20:31 [main] INFO  demoqaLog - 🔹 Trying JS click on WebElement (attempt 1)
🔹 Attempting JS click...
2025-09-12 21:20:31 [main] INFO  demoqaLog - 🔹 Attempting JS click...
2025-09-12 21:20:31 [main] INFO  demoqaBase - ✅ Selected Color: Purple
2025-09-12 21:20:31 [main] INFO  demoqaBase - 🎯 Final selected colors: [Red, Green, Purple]
2025-09-12 21:20:31 [main] INFO  demoqaBase - ✅ Widgets|Auto Complete Test Completed...
]]></system-out>
  </testcase>
  <testcase name="AutoCompleteSearch[ColorSelectionData{searchFor=&apos;T&apos;, expectedColors=[White, Voilet, Magenta]}](17)" classname="tests.WidgetsTests" time="4.639">
    <system-out><![CDATA[2025-09-12 21:20:31 [main] INFO  demoqaBase - Closing browser for test: AutoCompleteSearch
2025-09-12 21:20:32 [main] INFO  DriverFactory - 🌐 Starting Chrome Web Browser...
2025-09-12 21:20:32 [main] INFO  DriverFactory - ✅ Created temporary Chrome profile at C:\Users\dell\AppData\Local\Temp\chrome-profile-17811655876209754838
2025-09-12 21:20:33 [main] INFO  DriverFactory - 🚀 WebDriver started successfully
2025-09-12 21:20:33 [main] INFO  RetryUrlAccess - Navigating to URL (attempt 1): https://demoqa.com
2025-09-12 21:21:07 [main] INFO  demoqaBase - 🧪 Starting Test Widgets|Auto Complete...
2025-09-12 21:21:07 [main] INFO  demoqaBase - Accessing Widgets Card...
Declared Instance WebDriverWait: org.openqa.selenium.support.ui.WebDriverWait@126545e8
2025-09-12 21:21:07 [main] INFO  demoqaLog - Clicking on Widgets Card...
🔹 Trying JS click by locator (attempt 1)
2025-09-12 21:21:07 [main] INFO  demoqaLog - 🔹 Trying JS click by locator (attempt 1)
🔹 Attempting JS click...
2025-09-12 21:21:07 [main] INFO  demoqaLog - 🔹 Attempting JS click...
2025-09-12 21:21:07 [main] INFO  demoqaLog - Clicked on Widgets Card...
Title of this Page is: DEMOQA
You are Accessing: Widgets
 
2025-09-12 21:21:07 [main] INFO  demoqaBase - Widgets: Please select an item from left to start practice.
2025-09-12 21:21:07 [main] INFO  demoqaBase - Clicking on Widgets|AutoComplete...
You are now Accessing: Auto Complete
2025-09-12 21:21:07 [main] INFO  demoqaBase - You are now Accessing: Auto Complete
Searching Colors using: T
Expected Color to be selected is/are: [White, Voilet, Magenta]
2025-09-12 21:21:07 [main] INFO  demoqaBase - 🔍 Running test for search character: T
2025-09-12 21:21:10 [main] INFO  demoqaBase - Clicking on Widgets | Auto Complete | Type multiple color names...
Searching Colors using: T
Expected Color to be selected is/are: [White, Voilet, Magenta]
2025-09-12 21:21:10 [main] INFO  demoqaBase - You are now Accessing: Auto Complete
2025-09-12 21:21:11 [main] INFO  demoqaBase - Available Color: White
🔹 Trying JS click on WebElement (attempt 1)
2025-09-12 21:21:11 [main] INFO  demoqaLog - 🔹 Trying JS click on WebElement (attempt 1)
🔹 Attempting JS click...
2025-09-12 21:21:11 [main] INFO  demoqaLog - 🔹 Attempting JS click...
2025-09-12 21:21:11 [main] INFO  demoqaBase - ✅ Selected Color: White
2025-09-12 21:21:11 [main] INFO  demoqaBase - Available Color: Voilet
🔹 Trying JS click on WebElement (attempt 1)
2025-09-12 21:21:11 [main] INFO  demoqaLog - 🔹 Trying JS click on WebElement (attempt 1)
🔹 Attempting JS click...
2025-09-12 21:21:11 [main] INFO  demoqaLog - 🔹 Attempting JS click...
2025-09-12 21:21:11 [main] INFO  demoqaBase - ✅ Selected Color: Voilet
2025-09-12 21:21:11 [main] INFO  demoqaBase - Available Color: Magenta
🔹 Trying JS click on WebElement (attempt 1)
2025-09-12 21:21:11 [main] INFO  demoqaLog - 🔹 Trying JS click on WebElement (attempt 1)
🔹 Attempting JS click...
2025-09-12 21:21:11 [main] INFO  demoqaLog - 🔹 Attempting JS click...
2025-09-12 21:21:11 [main] INFO  demoqaBase - ✅ Selected Color: Magenta
2025-09-12 21:21:11 [main] INFO  demoqaBase - 🎯 Final selected colors: [White, Voilet, Magenta]
2025-09-12 21:21:11 [main] INFO  demoqaBase - ✅ Widgets|Auto Complete Test Completed...
]]></system-out>
  </testcase>
  <testcase name="AutoCompleteSearch[ColorSelectionData{searchFor=&apos;U&apos;, expectedColors=[Blue, Purple, Aqua]}](18)" classname="tests.WidgetsTests" time="5.139">
    <system-out><![CDATA[2025-09-12 21:21:11 [main] INFO  demoqaBase - Closing browser for test: AutoCompleteSearch
2025-09-12 21:21:11 [main] INFO  DriverFactory - 🌐 Starting Chrome Web Browser...
2025-09-12 21:21:11 [main] INFO  DriverFactory - ✅ Created temporary Chrome profile at C:\Users\dell\AppData\Local\Temp\chrome-profile-4558338486004767103
2025-09-12 21:21:13 [main] INFO  DriverFactory - 🚀 WebDriver started successfully
2025-09-12 21:21:13 [main] INFO  RetryUrlAccess - Navigating to URL (attempt 1): https://demoqa.com
2025-09-12 21:22:03 [main] INFO  demoqaBase - 🧪 Starting Test Widgets|Auto Complete...
2025-09-12 21:22:03 [main] INFO  demoqaBase - Accessing Widgets Card...
Declared Instance WebDriverWait: org.openqa.selenium.support.ui.WebDriverWait@3a3f1b87
2025-09-12 21:22:03 [main] INFO  demoqaLog - Clicking on Widgets Card...
🔹 Trying JS click by locator (attempt 1)
2025-09-12 21:22:03 [main] INFO  demoqaLog - 🔹 Trying JS click by locator (attempt 1)
🔹 Attempting JS click...
2025-09-12 21:22:03 [main] INFO  demoqaLog - 🔹 Attempting JS click...
2025-09-12 21:22:03 [main] INFO  demoqaLog - Clicked on Widgets Card...
Title of this Page is: DEMOQA
You are Accessing: Widgets
 
2025-09-12 21:22:03 [main] INFO  demoqaBase - Widgets: Please select an item from left to start practice.
2025-09-12 21:22:03 [main] INFO  demoqaBase - Clicking on Widgets|AutoComplete...
You are now Accessing: Auto Complete
2025-09-12 21:22:03 [main] INFO  demoqaBase - You are now Accessing: Auto Complete
Searching Colors using: U
Expected Color to be selected is/are: [Blue, Purple, Aqua]
2025-09-12 21:22:03 [main] INFO  demoqaBase - 🔍 Running test for search character: U
2025-09-12 21:22:06 [main] INFO  demoqaBase - Clicking on Widgets | Auto Complete | Type multiple color names...
Searching Colors using: U
Expected Color to be selected is/are: [Blue, Purple, Aqua]
2025-09-12 21:22:06 [main] INFO  demoqaBase - You are now Accessing: Auto Complete
2025-09-12 21:22:07 [main] INFO  demoqaBase - Available Color: Blue
🔹 Trying JS click on WebElement (attempt 1)
2025-09-12 21:22:07 [main] INFO  demoqaLog - 🔹 Trying JS click on WebElement (attempt 1)
🔹 Attempting JS click...
2025-09-12 21:22:07 [main] INFO  demoqaLog - 🔹 Attempting JS click...
2025-09-12 21:22:07 [main] INFO  demoqaBase - ✅ Selected Color: Blue
2025-09-12 21:22:07 [main] INFO  demoqaBase - Available Color: Purple
🔹 Trying JS click on WebElement (attempt 1)
2025-09-12 21:22:07 [main] INFO  demoqaLog - 🔹 Trying JS click on WebElement (attempt 1)
🔹 Attempting JS click...
2025-09-12 21:22:07 [main] INFO  demoqaLog - 🔹 Attempting JS click...
2025-09-12 21:22:07 [main] INFO  demoqaBase - ✅ Selected Color: Purple
2025-09-12 21:22:08 [main] INFO  demoqaBase - Available Color: Aqua
🔹 Trying JS click on WebElement (attempt 1)
2025-09-12 21:22:08 [main] INFO  demoqaLog - 🔹 Trying JS click on WebElement (attempt 1)
🔹 Attempting JS click...
2025-09-12 21:22:08 [main] INFO  demoqaLog - 🔹 Attempting JS click...
2025-09-12 21:22:08 [main] INFO  demoqaBase - ✅ Selected Color: Aqua
2025-09-12 21:22:08 [main] INFO  demoqaBase - 🎯 Final selected colors: [Blue, Purple, Aqua]
2025-09-12 21:22:08 [main] INFO  demoqaBase - ✅ Widgets|Auto Complete Test Completed...
]]></system-out>
  </testcase>
  <testcase name="AutoCompleteSearch[ColorSelectionData{searchFor=&apos;V&apos;, expectedColors=[Voilet]}](19)" classname="tests.WidgetsTests" time="4.442">
    <system-out><![CDATA[2025-09-12 21:22:08 [main] INFO  demoqaBase - Closing browser for test: AutoCompleteSearch
2025-09-12 21:22:09 [main] INFO  DriverFactory - 🌐 Starting Chrome Web Browser...
2025-09-12 21:22:09 [main] INFO  DriverFactory - ✅ Created temporary Chrome profile at C:\Users\dell\AppData\Local\Temp\chrome-profile-5389975492592244665
2025-09-12 21:22:09 [main] INFO  DriverFactory - 🚀 WebDriver started successfully
2025-09-12 21:22:09 [main] INFO  RetryUrlAccess - Navigating to URL (attempt 1): https://demoqa.com
2025-09-12 21:23:09 [main] WARN  RetryUrlAccess - Navigation attempt 1 failed: timeout: Timed out receiving message from renderer: 58.936
  (Session info: chrome=137.0.7151.120)
Build info: version: '4.35.0', revision: '1c58e5028b'
System info: os.name: 'Windows 11', os.arch: 'amd64', os.version: '10.0', java.version: '21.0.7'
Driver info: org.openqa.selenium.chrome.ChromeDriver
Command: [caea36ec0b3bfb8fe05d8eadbf1a2c75, get {url=https://demoqa.com}]
Capabilities {acceptInsecureCerts: false, browserName: chrome, browserVersion: 137.0.7151.120, chrome: {chromedriverVersion: 137.0.7151.119 (e0ac9d12dff..., userDataDir: C:\Users\dell\AppData\Local...}, fedcm:accounts: true, goog:chromeOptions: {debuggerAddress: localhost:52127}, networkConnectionEnabled: false, pageLoadStrategy: normal, platformName: windows, proxy: Proxy(), se:cdp: ws://localhost:52127/devtoo..., se:cdpVersion: 137.0.7151.120, setWindowRect: true, strictFileInteractability: false, timeouts: {implicit: 0, pageLoad: 300000, script: 30000}, unhandledPromptBehavior: dismiss and notify, webauthn:extension:credBlob: true, webauthn:extension:largeBlob: true, webauthn:extension:minPinLength: true, webauthn:extension:prf: true, webauthn:virtualAuthenticators: true}
Session ID: caea36ec0b3bfb8fe05d8eadbf1a2c75
2025-09-12 21:23:13 [main] INFO  RetryUrlAccess - Navigating to URL (attempt 2): https://demoqa.com
2025-09-12 21:23:16 [main] INFO  demoqaBase - 🧪 Starting Test Widgets|Auto Complete...
2025-09-12 21:23:16 [main] INFO  demoqaBase - Accessing Widgets Card...
Declared Instance WebDriverWait: org.openqa.selenium.support.ui.WebDriverWait@5524ebfe
2025-09-12 21:23:16 [main] INFO  demoqaLog - Clicking on Widgets Card...
🔹 Trying JS click by locator (attempt 1)
2025-09-12 21:23:16 [main] INFO  demoqaLog - 🔹 Trying JS click by locator (attempt 1)
🔹 Attempting JS click...
2025-09-12 21:23:16 [main] INFO  demoqaLog - 🔹 Attempting JS click...
2025-09-12 21:23:16 [main] INFO  demoqaLog - Clicked on Widgets Card...
Title of this Page is: DEMOQA
You are Accessing: Widgets
 
2025-09-12 21:23:16 [main] INFO  demoqaBase - Widgets: Please select an item from left to start practice.
2025-09-12 21:23:16 [main] INFO  demoqaBase - Clicking on Widgets|AutoComplete...
You are now Accessing: Auto Complete
2025-09-12 21:23:17 [main] INFO  demoqaBase - You are now Accessing: Auto Complete
Searching Colors using: V
Expected Color to be selected is/are: [Voilet]
2025-09-12 21:23:17 [main] INFO  demoqaBase - 🔍 Running test for search character: V
2025-09-12 21:23:20 [main] INFO  demoqaBase - Clicking on Widgets | Auto Complete | Type multiple color names...
Searching Colors using: V
Expected Color to be selected is/are: [Voilet]
2025-09-12 21:23:20 [main] INFO  demoqaBase - You are now Accessing: Auto Complete
2025-09-12 21:23:20 [main] INFO  demoqaBase - Available Color: Voilet
🔹 Trying JS click on WebElement (attempt 1)
2025-09-12 21:23:20 [main] INFO  demoqaLog - 🔹 Trying JS click on WebElement (attempt 1)
🔹 Attempting JS click...
2025-09-12 21:23:20 [main] INFO  demoqaLog - 🔹 Attempting JS click...
2025-09-12 21:23:20 [main] INFO  demoqaBase - ✅ Selected Color: Voilet
2025-09-12 21:23:20 [main] INFO  demoqaBase - 🎯 Final selected colors: [Voilet]
2025-09-12 21:23:20 [main] INFO  demoqaBase - ✅ Widgets|Auto Complete Test Completed...
]]></system-out>
  </testcase>
  <testcase name="AutoCompleteSearch[ColorSelectionData{searchFor=&apos;W&apos;, expectedColors=[Yellow, White]}](20)" classname="tests.WidgetsTests" time="4.495">
    <system-out><![CDATA[2025-09-12 21:23:20 [main] INFO  demoqaBase - Closing browser for test: AutoCompleteSearch
2025-09-12 21:23:21 [main] INFO  DriverFactory - 🌐 Starting Chrome Web Browser...
2025-09-12 21:23:21 [main] INFO  DriverFactory - ✅ Created temporary Chrome profile at C:\Users\dell\AppData\Local\Temp\chrome-profile-14301498708250194785
2025-09-12 21:23:22 [main] INFO  DriverFactory - 🚀 WebDriver started successfully
2025-09-12 21:23:22 [main] INFO  RetryUrlAccess - Navigating to URL (attempt 1): https://demoqa.com
2025-09-12 21:24:22 [main] WARN  RetryUrlAccess - Navigation attempt 1 failed: timeout: Timed out receiving message from renderer: 58.678
  (Session info: chrome=137.0.7151.120)
Build info: version: '4.35.0', revision: '1c58e5028b'
System info: os.name: 'Windows 11', os.arch: 'amd64', os.version: '10.0', java.version: '21.0.7'
Driver info: org.openqa.selenium.chrome.ChromeDriver
Command: [df2e546c354cb121086277efb400b4cf, get {url=https://demoqa.com}]
Capabilities {acceptInsecureCerts: false, browserName: chrome, browserVersion: 137.0.7151.120, chrome: {chromedriverVersion: 137.0.7151.119 (e0ac9d12dff..., userDataDir: C:\Users\dell\AppData\Local...}, fedcm:accounts: true, goog:chromeOptions: {debuggerAddress: localhost:52353}, networkConnectionEnabled: false, pageLoadStrategy: normal, platformName: windows, proxy: Proxy(), se:cdp: ws://localhost:52353/devtoo..., se:cdpVersion: 137.0.7151.120, setWindowRect: true, strictFileInteractability: false, timeouts: {implicit: 0, pageLoad: 300000, script: 30000}, unhandledPromptBehavior: dismiss and notify, webauthn:extension:credBlob: true, webauthn:extension:largeBlob: true, webauthn:extension:minPinLength: true, webauthn:extension:prf: true, webauthn:virtualAuthenticators: true}
Session ID: df2e546c354cb121086277efb400b4cf
2025-09-12 21:24:25 [main] INFO  RetryUrlAccess - Navigating to URL (attempt 2): https://demoqa.com
2025-09-12 21:24:26 [main] INFO  demoqaBase - 🧪 Starting Test Widgets|Auto Complete...
2025-09-12 21:24:26 [main] INFO  demoqaBase - Accessing Widgets Card...
Declared Instance WebDriverWait: org.openqa.selenium.support.ui.WebDriverWait@e056783
2025-09-12 21:24:26 [main] INFO  demoqaLog - Clicking on Widgets Card...
🔹 Trying JS click by locator (attempt 1)
2025-09-12 21:24:26 [main] INFO  demoqaLog - 🔹 Trying JS click by locator (attempt 1)
🔹 Attempting JS click...
2025-09-12 21:24:26 [main] INFO  demoqaLog - 🔹 Attempting JS click...
2025-09-12 21:24:26 [main] INFO  demoqaLog - Clicked on Widgets Card...
Title of this Page is: DEMOQA
You are Accessing: Widgets
 
2025-09-12 21:24:26 [main] INFO  demoqaBase - Widgets: Please select an item from left to start practice.
2025-09-12 21:24:26 [main] INFO  demoqaBase - Clicking on Widgets|AutoComplete...
You are now Accessing: Auto Complete
2025-09-12 21:24:27 [main] INFO  demoqaBase - You are now Accessing: Auto Complete
Searching Colors using: W
Expected Color to be selected is/are: [Yellow, White]
2025-09-12 21:24:27 [main] INFO  demoqaBase - 🔍 Running test for search character: W
2025-09-12 21:24:30 [main] INFO  demoqaBase - Clicking on Widgets | Auto Complete | Type multiple color names...
Searching Colors using: W
Expected Color to be selected is/are: [Yellow, White]
2025-09-12 21:24:30 [main] INFO  demoqaBase - You are now Accessing: Auto Complete
2025-09-12 21:24:30 [main] INFO  demoqaBase - Available Color: Yellow
🔹 Trying JS click on WebElement (attempt 1)
2025-09-12 21:24:30 [main] INFO  demoqaLog - 🔹 Trying JS click on WebElement (attempt 1)
🔹 Attempting JS click...
2025-09-12 21:24:30 [main] INFO  demoqaLog - 🔹 Attempting JS click...
2025-09-12 21:24:30 [main] INFO  demoqaBase - ✅ Selected Color: Yellow
2025-09-12 21:24:30 [main] INFO  demoqaBase - Available Color: White
🔹 Trying JS click on WebElement (attempt 1)
2025-09-12 21:24:30 [main] INFO  demoqaLog - 🔹 Trying JS click on WebElement (attempt 1)
🔹 Attempting JS click...
2025-09-12 21:24:30 [main] INFO  demoqaLog - 🔹 Attempting JS click...
2025-09-12 21:24:30 [main] INFO  demoqaBase - ✅ Selected Color: White
2025-09-12 21:24:30 [main] INFO  demoqaBase - 🎯 Final selected colors: [Yellow, White]
2025-09-12 21:24:30 [main] INFO  demoqaBase - ✅ Widgets|Auto Complete Test Completed...
]]></system-out>
  </testcase>
  <testcase name="AutoCompleteSearch[ColorSelectionData{searchFor=&apos;Y&apos;, expectedColors=[Yellow]}](21)" classname="tests.WidgetsTests" time="3.926">
    <system-out><![CDATA[2025-09-12 21:24:30 [main] INFO  demoqaBase - Closing browser for test: AutoCompleteSearch
2025-09-12 21:24:31 [main] INFO  DriverFactory - 🌐 Starting Chrome Web Browser...
2025-09-12 21:24:31 [main] INFO  DriverFactory - ✅ Created temporary Chrome profile at C:\Users\dell\AppData\Local\Temp\chrome-profile-397844326655987856
2025-09-12 21:24:32 [main] INFO  DriverFactory - 🚀 WebDriver started successfully
2025-09-12 21:24:32 [main] INFO  RetryUrlAccess - Navigating to URL (attempt 1): https://demoqa.com
2025-09-12 21:25:02 [main] INFO  demoqaBase - 🧪 Starting Test Widgets|Auto Complete...
2025-09-12 21:25:02 [main] INFO  demoqaBase - Accessing Widgets Card...
Declared Instance WebDriverWait: org.openqa.selenium.support.ui.WebDriverWait@31b64b48
2025-09-12 21:25:02 [main] INFO  demoqaLog - Clicking on Widgets Card...
🔹 Trying JS click by locator (attempt 1)
2025-09-12 21:25:02 [main] INFO  demoqaLog - 🔹 Trying JS click by locator (attempt 1)
🔹 Attempting JS click...
2025-09-12 21:25:02 [main] INFO  demoqaLog - 🔹 Attempting JS click...
2025-09-12 21:25:03 [main] INFO  demoqaLog - Clicked on Widgets Card...
Title of this Page is: DEMOQA
You are Accessing: Widgets
 
2025-09-12 21:25:03 [main] INFO  demoqaBase - Widgets: Please select an item from left to start practice.
2025-09-12 21:25:03 [main] INFO  demoqaBase - Clicking on Widgets|AutoComplete...
You are now Accessing: Auto Complete
2025-09-12 21:25:03 [main] INFO  demoqaBase - You are now Accessing: Auto Complete
Searching Colors using: Y
Expected Color to be selected is/are: [Yellow]
2025-09-12 21:25:03 [main] INFO  demoqaBase - 🔍 Running test for search character: Y
2025-09-12 21:25:06 [main] INFO  demoqaBase - Clicking on Widgets | Auto Complete | Type multiple color names...
Searching Colors using: Y
Expected Color to be selected is/are: [Yellow]
2025-09-12 21:25:06 [main] INFO  demoqaBase - You are now Accessing: Auto Complete
2025-09-12 21:25:06 [main] INFO  demoqaBase - Available Color: Yellow
🔹 Trying JS click on WebElement (attempt 1)
2025-09-12 21:25:06 [main] INFO  demoqaLog - 🔹 Trying JS click on WebElement (attempt 1)
🔹 Attempting JS click...
2025-09-12 21:25:06 [main] INFO  demoqaLog - 🔹 Attempting JS click...
2025-09-12 21:25:06 [main] INFO  demoqaBase - ✅ Selected Color: Yellow
2025-09-12 21:25:06 [main] INFO  demoqaBase - 🎯 Final selected colors: [Yellow]
2025-09-12 21:25:06 [main] INFO  demoqaBase - ✅ Widgets|Auto Complete Test Completed...
]]></system-out>
  </testcase>
  <testcase name="AutoCompleteSearchRemove[ColorSelectionData{searchFor=&apos;E&apos;, expectedColors=[Green, Yellow]}](1)" classname="tests.WidgetsTests" time="9.48">
    <system-out><![CDATA[2025-09-12 21:25:06 [main] INFO  demoqaBase - Closing browser for test: AutoCompleteSearch
2025-09-12 21:25:07 [main] WARN  PauseManager - ⏸ Pausing for 5 minutes after 120 tests...
2025-09-12 21:25:07 [main] INFO  PauseManager - ▶ Resuming in 5 minutes...
2025-09-12 21:26:07 [main] INFO  PauseManager - ▶ Resuming in 4 minutes...
2025-09-12 21:27:08 [main] INFO  PauseManager - ▶ Resuming in 3 minutes...
2025-09-12 21:28:08 [main] INFO  PauseManager - ▶ Resuming in 2 minutes...
2025-09-12 21:29:09 [main] INFO  PauseManager - ▶ Resuming in 1 minutes...
2025-09-12 21:29:59 [main] INFO  PauseManager - ▶ Resuming in 10 seconds...
2025-09-12 21:30:00 [main] INFO  PauseManager - ▶ Resuming in 9 seconds...
2025-09-12 21:30:01 [main] INFO  PauseManager - ▶ Resuming in 8 seconds...
2025-09-12 21:30:02 [main] INFO  PauseManager - ▶ Resuming in 7 seconds...
2025-09-12 21:30:04 [main] INFO  PauseManager - ▶ Resuming in 6 seconds...
2025-09-12 21:30:05 [main] INFO  PauseManager - ▶ Resuming in 5 seconds...
2025-09-12 21:30:06 [main] INFO  PauseManager - ▶ Resuming in 4 seconds...
2025-09-12 21:30:07 [main] INFO  PauseManager - ▶ Resuming in 3 seconds...
2025-09-12 21:30:08 [main] INFO  PauseManager - ▶ Resuming in 2 seconds...
2025-09-12 21:30:09 [main] INFO  PauseManager - ▶ Resuming in 1 seconds...
2025-09-12 21:30:10 [main] INFO  PauseManager - ✅ Pause complete. Resuming tests...
🧾 Row 1: {SearchFor=E, ExpectedColors=Green,Yellow}
🔍 Mapping field: searchFor | Excel Column: SearchFor | Value: E
🔍 Mapping field: expectedColorsRaw | Excel Column: ExpectedColors | Value: Green,Yellow
2025-09-12 21:30:10 [main] INFO  DriverFactory - 🌐 Starting Chrome Web Browser...
2025-09-12 21:30:10 [main] INFO  DriverFactory - ✅ Created temporary Chrome profile at C:\Users\dell\AppData\Local\Temp\chrome-profile-8251254196173516050
2025-09-12 21:30:11 [main] INFO  DriverFactory - 🚀 WebDriver started successfully
2025-09-12 21:30:11 [main] INFO  RetryUrlAccess - Navigating to URL (attempt 1): https://demoqa.com
2025-09-12 21:31:11 [main] WARN  RetryUrlAccess - Navigation attempt 1 failed: timeout: Timed out receiving message from renderer: 59.315
  (Session info: chrome=137.0.7151.120)
Build info: version: '4.35.0', revision: '1c58e5028b'
System info: os.name: 'Windows 11', os.arch: 'amd64', os.version: '10.0', java.version: '21.0.7'
Driver info: org.openqa.selenium.chrome.ChromeDriver
Command: [0b28d15474cd072b5d030dbb218ae0e5, get {url=https://demoqa.com}]
Capabilities {acceptInsecureCerts: false, browserName: chrome, browserVersion: 137.0.7151.120, chrome: {chromedriverVersion: 137.0.7151.119 (e0ac9d12dff..., userDataDir: C:\Users\dell\AppData\Local...}, fedcm:accounts: true, goog:chromeOptions: {debuggerAddress: localhost:52814}, networkConnectionEnabled: false, pageLoadStrategy: normal, platformName: windows, proxy: Proxy(), se:cdp: ws://localhost:52814/devtoo..., se:cdpVersion: 137.0.7151.120, setWindowRect: true, strictFileInteractability: false, timeouts: {implicit: 0, pageLoad: 300000, script: 30000}, unhandledPromptBehavior: dismiss and notify, webauthn:extension:credBlob: true, webauthn:extension:largeBlob: true, webauthn:extension:minPinLength: true, webauthn:extension:prf: true, webauthn:virtualAuthenticators: true}
Session ID: 0b28d15474cd072b5d030dbb218ae0e5
2025-09-12 21:31:14 [main] INFO  RetryUrlAccess - Navigating to URL (attempt 2): https://demoqa.com
2025-09-12 21:31:15 [main] INFO  demoqaBase - 🧪 Starting Test Widgets|Auto Complete - Select & Remove Flow
2025-09-12 21:31:15 [main] INFO  demoqaBase - Accessing Widgets Card...
Declared Instance WebDriverWait: org.openqa.selenium.support.ui.WebDriverWait@30902bd4
2025-09-12 21:31:15 [main] INFO  demoqaLog - Clicking on Widgets Card...
🔹 Trying JS click by locator (attempt 1)
2025-09-12 21:31:15 [main] INFO  demoqaLog - 🔹 Trying JS click by locator (attempt 1)
🔹 Attempting JS click...
2025-09-12 21:31:15 [main] INFO  demoqaLog - 🔹 Attempting JS click...
2025-09-12 21:31:15 [main] INFO  demoqaLog - Clicked on Widgets Card...
Title of this Page is: DEMOQA
You are Accessing: Widgets
 
2025-09-12 21:31:15 [main] INFO  demoqaBase - Widgets: Please select an item from left to start practice.
2025-09-12 21:31:15 [main] INFO  demoqaBase - Clicking on Widgets|AutoComplete...
You are now Accessing: Auto Complete
2025-09-12 21:31:15 [main] INFO  demoqaBase - You are now Accessing: Auto Complete
🧾 Row 1: {SearchFor=A, ExpectedColors=Black,Magenta,Aqua}
🔍 Mapping field: searchFor | Excel Column: SearchFor | Value: A
🔍 Mapping field: expectedColorsRaw | Excel Column: ExpectedColors | Value: Black,Magenta,Aqua
🧾 Row 2: {SearchFor=B, ExpectedColors=Blue,Black}
🔍 Mapping field: searchFor | Excel Column: SearchFor | Value: B
🔍 Mapping field: expectedColorsRaw | Excel Column: ExpectedColors | Value: Blue,Black
🧾 Row 3: {SearchFor=C, ExpectedColors=Black}
🔍 Mapping field: searchFor | Excel Column: SearchFor | Value: C
🔍 Mapping field: expectedColorsRaw | Excel Column: ExpectedColors | Value: Black
🧾 Row 4: {SearchFor=D, ExpectedColors=Red,Indigo}
🔍 Mapping field: searchFor | Excel Column: SearchFor | Value: D
🔍 Mapping field: expectedColorsRaw | Excel Column: ExpectedColors | Value: Red,Indigo
🧾 Row 5: {SearchFor=E, ExpectedColors=Red,Blue,Green,Yellow,Purple,White,Voilet,Magenta}
🔍 Mapping field: searchFor | Excel Column: SearchFor | Value: E
🔍 Mapping field: expectedColorsRaw | Excel Column: ExpectedColors | Value: Red,Blue,Green,Yellow,Purple,White,Voilet,Magenta
🧾 Row 6: {SearchFor=G, ExpectedColors=Green,Indigo,Magenta}
🔍 Mapping field: searchFor | Excel Column: SearchFor | Value: G
🔍 Mapping field: expectedColorsRaw | Excel Column: ExpectedColors | Value: Green,Indigo,Magenta
🧾 Row 7: {SearchFor=H, ExpectedColors=White}
🔍 Mapping field: searchFor | Excel Column: SearchFor | Value: H
🔍 Mapping field: expectedColorsRaw | Excel Column: ExpectedColors | Value: White
🧾 Row 8: {SearchFor=I, ExpectedColors=White,Voilet,Indigo}
🔍 Mapping field: searchFor | Excel Column: SearchFor | Value: I
🔍 Mapping field: expectedColorsRaw | Excel Column: ExpectedColors | Value: White,Voilet,Indigo
🧾 Row 9: {SearchFor=K, ExpectedColors=Black}
🔍 Mapping field: searchFor | Excel Column: SearchFor | Value: K
🔍 Mapping field: expectedColorsRaw | Excel Column: ExpectedColors | Value: Black
🧾 Row 10: {SearchFor=L, ExpectedColors=Blue,Yellow,Purple,Black,Voilet}
🔍 Mapping field: searchFor | Excel Column: SearchFor | Value: L
🔍 Mapping field: expectedColorsRaw | Excel Column: ExpectedColors | Value: Blue,Yellow,Purple,Black,Voilet
🧾 Row 11: {SearchFor=M, ExpectedColors=Magenta}
🔍 Mapping field: searchFor | Excel Column: SearchFor | Value: M
🔍 Mapping field: expectedColorsRaw | Excel Column: ExpectedColors | Value: Magenta
🧾 Row 12: {SearchFor=N, ExpectedColors=Green,Indigo,Magenta}
🔍 Mapping field: searchFor | Excel Column: SearchFor | Value: N
🔍 Mapping field: expectedColorsRaw | Excel Column: ExpectedColors | Value: Green,Indigo,Magenta
🧾 Row 13: {SearchFor=O, ExpectedColors=Yellow,Voilet,Indigo}
🔍 Mapping field: searchFor | Excel Column: SearchFor | Value: O
🔍 Mapping field: expectedColorsRaw | Excel Column: ExpectedColors | Value: Yellow,Voilet,Indigo
🧾 Row 14: {SearchFor=P, ExpectedColors=Purple}
🔍 Mapping field: searchFor | Excel Column: SearchFor | Value: P
🔍 Mapping field: expectedColorsRaw | Excel Column: ExpectedColors | Value: Purple
🧾 Row 15: {SearchFor=Q, ExpectedColors=Aqua}
🔍 Mapping field: searchFor | Excel Column: SearchFor | Value: Q
🔍 Mapping field: expectedColorsRaw | Excel Column: ExpectedColors | Value: Aqua
🧾 Row 16: {SearchFor=R, ExpectedColors=Red,Green,Purple}
🔍 Mapping field: searchFor | Excel Column: SearchFor | Value: R
🔍 Mapping field: expectedColorsRaw | Excel Column: ExpectedColors | Value: Red,Green,Purple
🧾 Row 17: {SearchFor=T, ExpectedColors=White,Voilet,Magenta}
🔍 Mapping field: searchFor | Excel Column: SearchFor | Value: T
🔍 Mapping field: expectedColorsRaw | Excel Column: ExpectedColors | Value: White,Voilet,Magenta
🧾 Row 18: {SearchFor=U, ExpectedColors=Blue,Purple,Aqua}
🔍 Mapping field: searchFor | Excel Column: SearchFor | Value: U
🔍 Mapping field: expectedColorsRaw | Excel Column: ExpectedColors | Value: Blue,Purple,Aqua
🧾 Row 19: {SearchFor=V, ExpectedColors=Voilet}
🔍 Mapping field: searchFor | Excel Column: SearchFor | Value: V
🔍 Mapping field: expectedColorsRaw | Excel Column: ExpectedColors | Value: Voilet
🧾 Row 20: {SearchFor=W, ExpectedColors=Yellow,White}
🔍 Mapping field: searchFor | Excel Column: SearchFor | Value: W
🔍 Mapping field: expectedColorsRaw | Excel Column: ExpectedColors | Value: Yellow,White
🧾 Row 21: {SearchFor=Y, ExpectedColors=Yellow}
🔍 Mapping field: searchFor | Excel Column: SearchFor | Value: Y
🔍 Mapping field: expectedColorsRaw | Excel Column: ExpectedColors | Value: Yellow
2025-09-12 21:31:18 [main] INFO  demoqaBase - 🎨 Selecting colors for 'E': [Red, Blue, Green, Yellow, Purple, White, Voilet, Magenta]
🔹 Trying JS click on WebElement (attempt 1)
2025-09-12 21:31:19 [main] INFO  demoqaLog - 🔹 Trying JS click on WebElement (attempt 1)
🔹 Attempting JS click...
2025-09-12 21:31:19 [main] INFO  demoqaLog - 🔹 Attempting JS click...
2025-09-12 21:31:19 [main] INFO  demoqaBase - ✅ Selected color 'Red' for 'E'
🔹 Trying JS click on WebElement (attempt 1)
2025-09-12 21:31:20 [main] INFO  demoqaLog - 🔹 Trying JS click on WebElement (attempt 1)
🔹 Attempting JS click...
2025-09-12 21:31:20 [main] INFO  demoqaLog - 🔹 Attempting JS click...
2025-09-12 21:31:20 [main] INFO  demoqaBase - ✅ Selected color 'Blue' for 'E'
🔹 Trying JS click on WebElement (attempt 1)
2025-09-12 21:31:20 [main] INFO  demoqaLog - 🔹 Trying JS click on WebElement (attempt 1)
🔹 Attempting JS click...
2025-09-12 21:31:20 [main] INFO  demoqaLog - 🔹 Attempting JS click...
2025-09-12 21:31:21 [main] INFO  demoqaBase - ✅ Selected color 'Green' for 'E'
🔹 Trying JS click on WebElement (attempt 1)
2025-09-12 21:31:21 [main] INFO  demoqaLog - 🔹 Trying JS click on WebElement (attempt 1)
🔹 Attempting JS click...
2025-09-12 21:31:21 [main] INFO  demoqaLog - 🔹 Attempting JS click...
2025-09-12 21:31:21 [main] INFO  demoqaBase - ✅ Selected color 'Yellow' for 'E'
🔹 Trying JS click on WebElement (attempt 1)
2025-09-12 21:31:22 [main] INFO  demoqaLog - 🔹 Trying JS click on WebElement (attempt 1)
🔹 Attempting JS click...
2025-09-12 21:31:22 [main] INFO  demoqaLog - 🔹 Attempting JS click...
2025-09-12 21:31:22 [main] INFO  demoqaBase - ✅ Selected color 'Purple' for 'E'
🔹 Trying JS click on WebElement (attempt 1)
2025-09-12 21:31:23 [main] INFO  demoqaLog - 🔹 Trying JS click on WebElement (attempt 1)
🔹 Attempting JS click...
2025-09-12 21:31:23 [main] INFO  demoqaLog - 🔹 Attempting JS click...
2025-09-12 21:31:23 [main] INFO  demoqaBase - ✅ Selected color 'White' for 'E'
🔹 Trying JS click on WebElement (attempt 1)
2025-09-12 21:31:23 [main] INFO  demoqaLog - 🔹 Trying JS click on WebElement (attempt 1)
🔹 Attempting JS click...
2025-09-12 21:31:23 [main] INFO  demoqaLog - 🔹 Attempting JS click...
2025-09-12 21:31:23 [main] INFO  demoqaBase - ✅ Selected color 'Voilet' for 'E'
🔹 Trying JS click on WebElement (attempt 1)
2025-09-12 21:31:24 [main] INFO  demoqaLog - 🔹 Trying JS click on WebElement (attempt 1)
🔹 Attempting JS click...
2025-09-12 21:31:24 [main] INFO  demoqaLog - 🔹 Attempting JS click...
2025-09-12 21:31:24 [main] INFO  demoqaBase - ✅ Selected color 'Magenta' for 'E'
🧾 Row 1: {SearchFor=E, ExpectedColors=Green,Yellow}
🔍 Mapping field: searchFor | Excel Column: SearchFor | Value: E
🔍 Mapping field: expectedColorsRaw | Excel Column: ExpectedColors | Value: Green,Yellow
2025-09-12 21:31:24 [main] INFO  demoqaBase - 🗑️ Attempting to remove colors for 'E': [Green, Yellow]
2025-09-12 21:31:24 [main] INFO  demoqaBase - 🗑️ Removed color: Green
2025-09-12 21:31:24 [main] INFO  demoqaBase - 🗑️ Removed color: Yellow
2025-09-12 21:31:24 [main] INFO  demoqaBase - ✅ Assertion passed: Color 'Green' successfully removed.
2025-09-12 21:31:24 [main] INFO  demoqaBase - ✅ Assertion passed: Color 'Yellow' successfully removed.
2025-09-12 21:31:24 [main] INFO  demoqaBase - ✅ Auto Complete Select & Remove Flow completed for 'E'
]]></system-out>
  </testcase>
  <testcase name="AutoCompleteSingle[E, Green](1)" classname="tests.WidgetsTests" time="4.889">
    <system-out><![CDATA[2025-09-12 21:31:24 [main] INFO  demoqaBase - Closing browser for test: AutoCompleteSearchRemove
2025-09-12 21:31:25 [main] INFO  DriverFactory - 🌐 Starting Chrome Web Browser...
2025-09-12 21:31:25 [main] INFO  DriverFactory - ✅ Created temporary Chrome profile at C:\Users\dell\AppData\Local\Temp\chrome-profile-15451817569515928833
2025-09-12 21:31:26 [main] INFO  DriverFactory - 🚀 WebDriver started successfully
2025-09-12 21:31:26 [main] INFO  RetryUrlAccess - Navigating to URL (attempt 1): https://demoqa.com
2025-09-12 21:32:26 [main] WARN  RetryUrlAccess - Navigation attempt 1 failed: timeout: Timed out receiving message from renderer: 58.904
  (Session info: chrome=137.0.7151.120)
Build info: version: '4.35.0', revision: '1c58e5028b'
System info: os.name: 'Windows 11', os.arch: 'amd64', os.version: '10.0', java.version: '21.0.7'
Driver info: org.openqa.selenium.chrome.ChromeDriver
Command: [f182c0deac05bd5a7676a40b2908f078, get {url=https://demoqa.com}]
Capabilities {acceptInsecureCerts: false, browserName: chrome, browserVersion: 137.0.7151.120, chrome: {chromedriverVersion: 137.0.7151.119 (e0ac9d12dff..., userDataDir: C:\Users\dell\AppData\Local...}, fedcm:accounts: true, goog:chromeOptions: {debuggerAddress: localhost:53017}, networkConnectionEnabled: false, pageLoadStrategy: normal, platformName: windows, proxy: Proxy(), se:cdp: ws://localhost:53017/devtoo..., se:cdpVersion: 137.0.7151.120, setWindowRect: true, strictFileInteractability: false, timeouts: {implicit: 0, pageLoad: 300000, script: 30000}, unhandledPromptBehavior: dismiss and notify, webauthn:extension:credBlob: true, webauthn:extension:largeBlob: true, webauthn:extension:minPinLength: true, webauthn:extension:prf: true, webauthn:virtualAuthenticators: true}
Session ID: f182c0deac05bd5a7676a40b2908f078
2025-09-12 21:32:29 [main] INFO  RetryUrlAccess - Navigating to URL (attempt 2): https://demoqa.com
2025-09-12 21:32:30 [main] INFO  demoqaBase - 🧪 Starting Test Widgets|Auto Complete - Select & Remove Flow|Type single color name - Search & Select
2025-09-12 21:32:30 [main] INFO  demoqaBase - Accessing Widgets Card...
Declared Instance WebDriverWait: org.openqa.selenium.support.ui.WebDriverWait@b48d8
2025-09-12 21:32:30 [main] INFO  demoqaLog - Clicking on Widgets Card...
🔹 Trying JS click by locator (attempt 1)
2025-09-12 21:32:30 [main] INFO  demoqaLog - 🔹 Trying JS click by locator (attempt 1)
🔹 Attempting JS click...
2025-09-12 21:32:30 [main] INFO  demoqaLog - 🔹 Attempting JS click...
2025-09-12 21:32:30 [main] INFO  demoqaLog - Clicked on Widgets Card...
Title of this Page is: DEMOQA
You are Accessing: Widgets
 
2025-09-12 21:32:30 [main] INFO  demoqaBase - Widgets: Please select an item from left to start practice.
2025-09-12 21:32:30 [main] INFO  demoqaBase - Clicking on Widgets|AutoComplete...
You are now Accessing: Auto Complete
2025-09-12 21:32:30 [main] INFO  demoqaBase - You are now Accessing: Auto Complete
2025-09-12 21:32:33 [main] INFO  demoqaBase - Clicking on Widgets | Auto Complete | Type single color name...
Searching Colors using: E
Expected Color to be selected is/are: Green
2025-09-12 21:32:33 [main] INFO  demoqaBase - You are now Accessing: Auto Complete
🔹 Trying JS click on WebElement (attempt 1)
2025-09-12 21:32:34 [main] INFO  demoqaLog - 🔹 Trying JS click on WebElement (attempt 1)
🔹 Attempting JS click...
2025-09-12 21:32:34 [main] INFO  demoqaLog - 🔹 Attempting JS click...
2025-09-12 21:32:34 [main] INFO  demoqaBase - Clicked on Search Box with Title: Type single color name
2025-09-12 21:32:35 [main] INFO  demoqaBase - ✅ Selected color 'Green'
2025-09-12 21:32:35 [main] INFO  demoqaBase - Asserted Selected Color is: Green
2025-09-12 21:32:35 [main] INFO  demoqaBase - ✅ Test Widgets|Auto Complete - Select & Remove Flow|Type single color name - Search & Select Completed
]]></system-out>
  </testcase>
  <testcase name="SingleAddRemove[E, Green](1)" classname="tests.WidgetsTests" time="4.587">
    <system-out><![CDATA[2025-09-12 21:32:35 [main] INFO  demoqaBase - Closing browser for test: AutoCompleteSingle
2025-09-12 21:32:35 [main] INFO  DriverFactory - 🌐 Starting Chrome Web Browser...
2025-09-12 21:32:35 [main] INFO  DriverFactory - ✅ Created temporary Chrome profile at C:\Users\dell\AppData\Local\Temp\chrome-profile-3741624816304782361
2025-09-12 21:32:36 [main] INFO  DriverFactory - 🚀 WebDriver started successfully
2025-09-12 21:32:36 [main] INFO  RetryUrlAccess - Navigating to URL (attempt 1): https://demoqa.com
2025-09-12 21:33:12 [main] INFO  demoqaBase - 🧪 Test Widgets|Auto Complete - Select & Remove Flow|Type single color name - Remove Selection
2025-09-12 21:33:12 [main] INFO  demoqaBase - Accessing Widgets Card...
Declared Instance WebDriverWait: org.openqa.selenium.support.ui.WebDriverWait@2064bb34
2025-09-12 21:33:12 [main] INFO  demoqaLog - Clicking on Widgets Card...
🔹 Trying JS click by locator (attempt 1)
2025-09-12 21:33:12 [main] INFO  demoqaLog - 🔹 Trying JS click by locator (attempt 1)
🔹 Attempting JS click...
2025-09-12 21:33:12 [main] INFO  demoqaLog - 🔹 Attempting JS click...
2025-09-12 21:33:12 [main] INFO  demoqaLog - Clicked on Widgets Card...
Title of this Page is: DEMOQA
You are Accessing: Widgets
 
2025-09-12 21:33:12 [main] INFO  demoqaBase - Widgets: Please select an item from left to start practice.
2025-09-12 21:33:12 [main] INFO  demoqaBase - Clicking on Widgets|AutoComplete...
You are now Accessing: Auto Complete
2025-09-12 21:33:12 [main] INFO  demoqaBase - You are now Accessing: Auto Complete
2025-09-12 21:33:15 [main] INFO  demoqaBase - Clicking on Widgets | Auto Complete | Type single color name...
Searching Colors using: E
Expected Color to be selected is/are: Green
2025-09-12 21:33:15 [main] INFO  demoqaBase - You are now Accessing: Auto Complete
🔹 Trying JS click on WebElement (attempt 1)
2025-09-12 21:33:15 [main] INFO  demoqaLog - 🔹 Trying JS click on WebElement (attempt 1)
🔹 Attempting JS click...
2025-09-12 21:33:15 [main] INFO  demoqaLog - 🔹 Attempting JS click...
2025-09-12 21:33:15 [main] INFO  demoqaBase - Clicked on Search Box with Title: Type single color name
2025-09-12 21:33:16 [main] INFO  demoqaBase - ✅ Selected color 'Green'
2025-09-12 21:33:16 [main] INFO  demoqaBase - Asserted Selected Color is: Green
2025-09-12 21:33:16 [main] INFO  demoqaBase - 🔍 Checking selected color. Current value: 'Green'
2025-09-12 21:33:16 [main] INFO  demoqaBase - ✅ Native click succeeded on 'AutoCompleteSingle'
2025-09-12 21:33:16 [main] INFO  demoqaBase - ✅ Cleared color input for 'Green'
2025-09-12 21:33:16 [main] INFO  demoqaBase - ✅ Test Widgets|Auto Complete - Select & Remove Flow|Type single color name - Remove Selection Completed
]]></system-out>
  </testcase>
</testsuite>