<?xml version="1.0" encoding="UTF-8"?>
<!-- Generated by org.testng.reporters.JUnitReportReporter -->
<testsuite hostname="DESKTOP-7NMSRQD" failures="0" tests="21" name="tests.WidgetsTests" time="633.789" errors="0" timestamp="2025-09-29T15:24:47 IST" skipped="0">
  <testcase classname="tests.WidgetsTests" name="AutoCompleteSearch" time="16.730"/>
  <testcase classname="tests.WidgetsTests" name="AutoCompleteSearch" time="7.252"/>
  <testcase classname="tests.WidgetsTests" name="AutoCompleteSearch" time="7.167"/>
  <testcase classname="tests.WidgetsTests" name="AutoCompleteSearch" time="7.411"/>
  <testcase classname="tests.WidgetsTests" name="AutoCompleteSearch" time="9.030"/>
  <testcase classname="tests.WidgetsTests" name="AutoCompleteSearch" time="33.618"/>
  <testcase classname="tests.WidgetsTests" name="AutoCompleteSearch" time="7.241"/>
  <testcase classname="tests.WidgetsTests" name="AutoCompleteSearch" time="6.775"/>
  <testcase classname="tests.WidgetsTests" name="AutoCompleteSearch" time="6.271"/>
  <testcase classname="tests.WidgetsTests" name="AutoCompleteSearch" time="8.622"/>
  <testcase classname="tests.WidgetsTests" name="AutoCompleteSearch" time="31.851"/>
  <testcase classname="tests.WidgetsTests" name="AutoCompleteSearch" time="7.118"/>
  <testcase classname="tests.WidgetsTests" name="AutoCompleteSearch" time="12.608"/>
  <testcase classname="tests.WidgetsTests" name="AutoCompleteSearch" time="8.487"/>
  <testcase classname="tests.WidgetsTests" name="AutoCompleteSearch" time="23.115"/>
  <testcase classname="tests.WidgetsTests" name="AutoCompleteSearch" time="310.777"/>
  <testcase classname="tests.WidgetsTests" name="AutoCompleteSearch" time="31.921"/>
  <testcase classname="tests.WidgetsTests" name="AutoCompleteSearch" time="38.611"/>
  <testcase classname="tests.WidgetsTests" name="AutoCompleteSearch" time="7.307"/>
  <testcase classname="tests.WidgetsTests" name="AutoCompleteSearch" time="32.950"/>
  <testcase classname="tests.WidgetsTests" name="AutoCompleteSearch" time="18.927"/>
</testsuite> <!-- tests.WidgetsTests -->
