<?xml version="1.0" encoding="UTF-8"?>
<!-- Generated by org.testng.reporters.JUnitReportReporter -->
<testsuite hostname="DESKTOP-7NMSRQD" failures="0" tests="4" name="tests.WidgetsTests" time="332.617" errors="0" timestamp="2025-09-20T19:47:02 IST" skipped="0">
  <testcase classname="tests.WidgetsTests" name="SelectDateAndTime" time="116.143"/>
  <testcase classname="tests.WidgetsTests" name="SelectDateAndTime" time="59.091"/>
  <testcase classname="tests.WidgetsTests" name="SelectDateAndTime" time="35.496"/>
  <testcase classname="tests.WidgetsTests" name="SelectDateAndTime" time="121.887"/>
</testsuite> <!-- tests.WidgetsTests -->
