<?xml version="1.0" encoding="UTF-8"?>
<!-- Generated by org.testng.reporters.JUnitReportReporter -->
<testsuite hostname="DESKTOP-7NMSRQD" failures="0" tests="6" name="tests.ElementsTests" time="37.613" errors="0" timestamp="2025-07-28T12:33:47 IST" skipped="0">
  <testcase classname="tests.ElementsTests" name="ElementsCard" time="6.414"/>
  <testcase classname="tests.ElementsTests" name="TextBox" time="7.092"/>
  <testcase classname="tests.ElementsTests" name="CheckBox" time="5.864"/>
  <testcase classname="tests.ElementsTests" name="SelectingHomeCheckBox" time="5.969"/>
  <testcase classname="tests.ElementsTests" name="SelectingDesktopCheckBox" time="6.203"/>
  <testcase classname="tests.ElementsTests" name="SelectingNotesCommandsClick" time="6.071"/>
</testsuite> <!-- tests.ElementsTests -->
