<?xml version="1.0" encoding="UTF-8"?>
<!-- Generated by org.testng.reporters.JUnitReportReporter -->
<testsuite hostname="DESKTOP-7NMSRQD" failures="0" tests="4" name="tests.FormTests" time="139.965" errors="0" timestamp="2025-09-02T10:03:23 IST" skipped="0">
  <testcase classname="tests.FormTests" name="fillForm" time="37.378"/>
  <testcase classname="tests.FormTests" name="fillForm" time="24.758"/>
  <testcase classname="tests.FormTests" name="fillForm" time="22.190"/>
  <testcase classname="tests.FormTests" name="fillForm" time="55.639"/>
</testsuite> <!-- tests.FormTests -->
