<?xml version="1.0" encoding="UTF-8"?>
<!-- Generated by org.testng.reporters.JUnitReportReporter -->
<testsuite hostname="DESKTOP-7NMSRQD" failures="0" tests="1" name="tests.WidgetsTests" time="32.412" errors="0" timestamp="2025-09-03T12:29:24 IST" skipped="0">
  <testcase classname="tests.WidgetsTests" name="AccessWhyDoWe" time="32.412"/>
</testsuite> <!-- tests.WidgetsTests -->
