<?xml version="1.0" encoding="UTF-8"?>
<!-- Generated by org.testng.reporters.JUnitReportReporter -->
<testsuite hostname="DESKTOP-7NMSRQD" failures="0" tests="21" name="tests.WidgetsTests" time="909.940" errors="0" timestamp="2025-09-07T15:31:19 IST" skipped="0">
  <testcase classname="tests.WidgetsTests" name="AutoCompleteSearch" time="20.149"/>
  <testcase classname="tests.WidgetsTests" name="AutoCompleteSearch" time="70.530"/>
  <testcase classname="tests.WidgetsTests" name="AutoCompleteSearch" time="69.384"/>
  <testcase classname="tests.WidgetsTests" name="AutoCompleteSearch" time="38.819"/>
  <testcase classname="tests.WidgetsTests" name="AutoCompleteSearch" time="38.245"/>
  <testcase classname="tests.WidgetsTests" name="AutoCompleteSearch" time="37.806"/>
  <testcase classname="tests.WidgetsTests" name="AutoCompleteSearch" time="39.440"/>
  <testcase classname="tests.WidgetsTests" name="AutoCompleteSearch" time="38.357"/>
  <testcase classname="tests.WidgetsTests" name="AutoCompleteSearch" time="36.472"/>
  <testcase classname="tests.WidgetsTests" name="AutoCompleteSearch" time="37.275"/>
  <testcase classname="tests.WidgetsTests" name="AutoCompleteSearch" time="38.058"/>
  <testcase classname="tests.WidgetsTests" name="AutoCompleteSearch" time="26.624"/>
  <testcase classname="tests.WidgetsTests" name="AutoCompleteSearch" time="69.875"/>
  <testcase classname="tests.WidgetsTests" name="AutoCompleteSearch" time="38.996"/>
  <testcase classname="tests.WidgetsTests" name="AutoCompleteSearch" time="36.944"/>
  <testcase classname="tests.WidgetsTests" name="AutoCompleteSearch" time="69.354"/>
  <testcase classname="tests.WidgetsTests" name="AutoCompleteSearch" time="49.308"/>
  <testcase classname="tests.WidgetsTests" name="AutoCompleteSearch" time="38.565"/>
  <testcase classname="tests.WidgetsTests" name="AutoCompleteSearch" time="29.615"/>
  <testcase classname="tests.WidgetsTests" name="AutoCompleteSearch" time="49.230"/>
  <testcase classname="tests.WidgetsTests" name="AutoCompleteSearch" time="36.894"/>
</testsuite> <!-- tests.WidgetsTests -->
