<?xml version="1.0" encoding="UTF-8"?>
<!-- Generated by org.testng.reporters.JUnitReportReporter -->
<testsuite hostname="DESKTOP-7NMSRQD" failures="0" tests="2" name="tests.ElementsTest" time="14.643" errors="0" timestamp="2025-07-21T19:31:01 IST" skipped="0">
  <testcase classname="tests.ElementsTest" name="ElementsCard" time="7.077"/>
  <testcase classname="tests.ElementsTest" name="TextBox" time="7.566"/>
</testsuite> <!-- tests.ElementsTest -->
