<?xml version="1.0" encoding="UTF-8"?>
<!-- Generated by org.testng.reporters.JUnitReportReporter -->
<testsuite hostname="DESKTOP-7NMSRQD" failures="0" tests="1" name="tests.ElementsTests" time="109.411" errors="0" timestamp="2025-08-19T12:14:28 IST" skipped="0">
  <testcase classname="tests.ElementsTests" name="Uploadbtn" time="109.411"/>
</testsuite> <!-- tests.ElementsTests -->
