<?xml version="1.0" encoding="UTF-8"?>
<!-- Generated by org.testng.reporters.JUnitReportReporter -->
<testsuite hostname="DESKTOP-7NMSRQD" failures="0" tests="2" name="tests.ElementsTests" time="81.556" errors="0" timestamp="2025-08-11T14:10:45 IST" skipped="0">
  <testcase classname="tests.ElementsTests" name="WebTablesClick" time="36.048"/>
  <testcase classname="tests.ElementsTests" name="testAddAllUsersFromExcel" time="45.508"/>
</testsuite> <!-- tests.ElementsTests -->
