<?xml version="1.0" encoding="UTF-8"?>
<!-- Generated by org.testng.reporters.JUnitReportReporter -->
<testsuite hostname="DESKTOP-7NMSRQD" failures="0" tests="2" name="tests.FormTests" time="23.395" errors="0" timestamp="2025-07-09T19:52:14 IST" skipped="0">
  <testcase classname="tests.FormTests" name="FormCard" time="7.954"/>
  <testcase classname="tests.FormTests" name="fillForm" time="15.441"/>
</testsuite> <!-- tests.FormTests -->
