<?xml version="1.0" encoding="UTF-8"?>
<!-- Generated by org.testng.reporters.JUnitReportReporter -->
<testsuite hostname="DESKTOP-7NMSRQD" failures="0" tests="1" name="tests.ElementsTests" time="26.018" errors="0" timestamp="2025-07-28T16:48:08 IST" skipped="0">
  <testcase classname="tests.ElementsTests" name="SelectingWorkSpace" time="26.018"/>
</testsuite> <!-- tests.ElementsTests -->
