<?xml version="1.0" encoding="UTF-8"?>
<!-- Generated by org.testng.reporters.JUnitReportReporter -->
<testsuite hostname="DESKTOP-7NMSRQD" failures="0" tests="5" name="tests.FormTests" time="54.446" errors="0" timestamp="2025-07-21T19:42:07 IST" skipped="0">
  <testcase classname="tests.FormTests" name="FormCard" time="7.015"/>
  <testcase classname="tests.FormTests" name="fillForm" time="11.985"/>
  <testcase classname="tests.FormTests" name="fillForm" time="11.660"/>
  <testcase classname="tests.FormTests" name="fillForm" time="11.992"/>
  <testcase classname="tests.FormTests" name="fillForm" time="11.794"/>
</testsuite> <!-- tests.FormTests -->
