<?xml version="1.0" encoding="UTF-8"?>
<!-- Generated by org.testng.reporters.JUnitReportReporter -->
<testsuite hostname="DESKTOP-7NMSRQD" failures="0" tests="1" name="tests.ElementsTests" time="38.351" errors="0" timestamp="2025-08-13T18:55:24 IST" skipped="0">
  <testcase classname="tests.ElementsTests" name="ClickAllButtons" time="38.351"/>
</testsuite> <!-- tests.ElementsTests -->
