<?xml version="1.0" encoding="UTF-8"?>
<!-- Generated by org.testng.reporters.JUnitReportReporter -->
<testsuite hostname="DESKTOP-7NMSRQD" failures="0" tests="1" name="tests.AlertsFramesWindowsTests" time="38.386" errors="0" timestamp="2025-09-04T19:22:31 IST" skipped="0">
  <testcase classname="tests.AlertsFramesWindowsTests" name="GetFrame2" time="38.386"/>
</testsuite> <!-- tests.AlertsFramesWindowsTests -->
