<?xml version="1.0" encoding="UTF-8"?>
<!-- Generated by org.testng.reporters.JUnitReportReporter -->
<testsuite hostname="DESKTOP-7NMSRQD" failures="0" tests="4" name="tests.FormTests" time="79.675" errors="0" timestamp="2025-09-14T19:00:15 IST" skipped="0">
  <testcase classname="tests.FormTests" name="fillForm" time="26.539"/>
  <testcase classname="tests.FormTests" name="fillForm" time="14.454"/>
  <testcase classname="tests.FormTests" name="fillForm" time="24.384"/>
  <testcase classname="tests.FormTests" name="fillForm" time="14.298"/>
</testsuite> <!-- tests.FormTests -->
