<?xml version="1.0" encoding="UTF-8"?>
<!-- Generated by org.testng.reporters.JUnitReportReporter -->
<testsuite hostname="DESKTOP-7NMSRQD" failures="0" tests="1" name="tests.FormTests" time="11.759" errors="0" timestamp="2025-07-15T12:46:39 IST" skipped="0">
  <testcase classname="tests.FormTests" name="fillForm" time="11.759"/>
</testsuite> <!-- tests.FormTests -->
