<?xml version="1.0" encoding="UTF-8"?>
<!-- Generated by org.testng.reporters.JUnitReportReporter -->
<testsuite hostname="DESKTOP-7NMSRQD" failures="0" tests="5" name="tests.FormTests" time="49.119" errors="0" timestamp="2025-07-18T11:21:17 IST" skipped="0">
  <testcase classname="tests.FormTests" name="FormCard" time="6.102"/>
  <testcase classname="tests.FormTests" name="fillForm" time="10.621"/>
  <testcase classname="tests.FormTests" name="fillForm" time="10.036"/>
  <testcase classname="tests.FormTests" name="fillForm" time="10.386"/>
  <testcase classname="tests.FormTests" name="fillForm" time="11.974"/>
</testsuite> <!-- tests.FormTests -->
