<?xml version="1.0" encoding="UTF-8"?>
<!-- Generated by org.testng.reporters.JUnitReportReporter -->
<testsuite hostname="DESKTOP-7NMSRQD" failures="0" tests="1" name="tests.ElementsTests" time="70.542" errors="0" timestamp="2025-09-24T09:11:45 IST" skipped="0">
  <testcase classname="tests.ElementsTests" name="BrokenLinksValidlink" time="70.542"/>
</testsuite> <!-- tests.ElementsTests -->
