<?xml version="1.0" encoding="UTF-8"?>
<!-- Generated by org.testng.reporters.JUnitReportReporter -->
<testsuite hostname="DESKTOP-7NMSRQD" failures="0" tests="4" name="tests.FormTests" time="41.373" errors="0" timestamp="2025-08-07T09:49:06 IST" skipped="0">
  <testcase classname="tests.FormTests" name="fillForm" time="9.240"/>
  <testcase classname="tests.FormTests" name="fillForm" time="10.495"/>
  <testcase classname="tests.FormTests" name="fillForm" time="10.172"/>
  <testcase classname="tests.FormTests" name="fillForm" time="11.466"/>
</testsuite> <!-- tests.FormTests -->
