<?xml version="1.0" encoding="UTF-8"?>
<!-- Generated by org.testng.reporters.JUnitReportReporter -->
<testsuite hostname="DESKTOP-7NMSRQD" failures="0" tests="1" name="tests.WidgetsTests" time="7.558" errors="0" timestamp="2025-09-08T13:19:10 IST" skipped="0">
  <testcase classname="tests.WidgetsTests" name="AutoCompleteSingle" time="7.558"/>
</testsuite> <!-- tests.WidgetsTests -->
