<?xml version="1.0" encoding="UTF-8"?>
<!-- Generated by org.testng.reporters.JUnitReportReporter -->
<testsuite hostname="DESKTOP-7NMSRQD" failures="0" tests="2" name="tests.ElementsTests" time="47.064" errors="0" timestamp="2025-08-07T19:48:26 IST" skipped="0">
  <testcase classname="tests.ElementsTests" name="WebTablesClick" time="7.384"/>
  <testcase classname="tests.ElementsTests" name="webTableDeleteUser" time="39.680"/>
</testsuite> <!-- tests.ElementsTests -->
