<?xml version="1.0" encoding="UTF-8"?>
<!-- Generated by org.testng.reporters.JUnitReportReporter -->
<testsuite hostname="DESKTOP-7NMSRQD" failures="0" tests="1" name="tests.AlertsFramesWindowsTests" time="18.580" errors="0" timestamp="2025-08-28T11:23:00 IST" skipped="0">
  <testcase classname="tests.AlertsFramesWindowsTests" name="ClickToSeeAlerts" time="18.580"/>
</testsuite> <!-- tests.AlertsFramesWindowsTests -->
