<?xml version="1.0" encoding="UTF-8"?>
<!-- Generated by org.testng.reporters.JUnitReportReporter -->
<testsuite hostname="DESKTOP-7NMSRQD" failures="0" tests="4" name="tests.FormTests" time="165.984" errors="0" timestamp="2025-08-11T14:08:39 IST" skipped="0">
  <testcase classname="tests.FormTests" name="fillForm" time="41.198"/>
  <testcase classname="tests.FormTests" name="fillForm" time="41.914"/>
  <testcase classname="tests.FormTests" name="fillForm" time="41.404"/>
  <testcase classname="tests.FormTests" name="fillForm" time="41.468"/>
</testsuite> <!-- tests.FormTests -->
