<?xml version="1.0" encoding="UTF-8"?>
<!-- Generated by org.testng.reporters.JUnitReportReporter -->
<testsuite hostname="DESKTOP-7NMSRQD" failures="0" tests="1" name="tests.AlertsFramesWindowsTests" time="5.582" errors="0" timestamp="2025-07-28T12:33:47 IST" skipped="0">
  <testcase classname="tests.AlertsFramesWindowsTests" name="accessAlertsFrameWindows" time="5.582"/>
</testsuite> <!-- tests.AlertsFramesWindowsTests -->
