<?xml version="1.0" encoding="UTF-8"?>
<!-- Generated by org.testng.reporters.JUnitReportReporter -->
<testsuite hostname="DESKTOP-7NMSRQD" failures="0" tests="1" name="tests.FormTests" time="68.584" errors="0" timestamp="2025-07-12T21:35:29 IST" skipped="0">
  <testcase classname="tests.FormTests" name="fillForm" time="68.584"/>
</testsuite> <!-- tests.FormTests -->
