<?xml version="1.0" encoding="UTF-8"?>
<!-- Generated by org.testng.reporters.JUnitReportReporter -->
<testsuite hostname="DESKTOP-7NMSRQD" failures="0" tests="2" name="tests.FormTests" time="15.970" errors="0" timestamp="2025-07-16T19:07:12 IST" skipped="0">
  <testcase classname="tests.FormTests" name="FormCard" time="6.515"/>
  <testcase classname="tests.FormTests" name="fillForm" time="9.455"/>
</testsuite> <!-- tests.FormTests -->
