<?xml version="1.0" encoding="UTF-8"?>
<!-- Generated by org.testng.reporters.JUnitReportReporter -->
<testsuite hostname="DESKTOP-7NMSRQD" failures="0" tests="4" name="tests.FormTests" time="88.726" errors="0" timestamp="2025-08-06T11:25:44 IST" skipped="0">
  <testcase classname="tests.FormTests" name="fillForm" time="28.783"/>
  <testcase classname="tests.FormTests" name="fillForm" time="13.882"/>
  <testcase classname="tests.FormTests" name="fillForm" time="25.296"/>
  <testcase classname="tests.FormTests" name="fillForm" time="20.765"/>
</testsuite> <!-- tests.FormTests -->
