<?xml version="1.0" encoding="UTF-8"?>
<!-- Generated by org.testng.reporters.JUnitReportReporter -->
<testsuite hostname="DESKTOP-7NMSRQD" failures="0" tests="1" name="tests.ElementsTests" time="10.687" errors="0" timestamp="2025-09-29T15:13:34 IST" skipped="0">
  <testcase classname="tests.ElementsTests" name="webTableAddSearchEdit" time="10.687"/>
</testsuite> <!-- tests.ElementsTests -->
