<?xml version="1.0" encoding="UTF-8"?>
<!-- Generated by org.testng.reporters.JUnitReportReporter -->
<testsuite hostname="DESKTOP-7NMSRQD" failures="0" tests="5" name="tests.FormTests" time="60.409" errors="0" timestamp="2025-07-18T18:49:14 IST" skipped="0">
  <testcase classname="tests.FormTests" name="FormCard" time="6.603"/>
  <testcase classname="tests.FormTests" name="fillForm" time="12.536"/>
  <testcase classname="tests.FormTests" name="fillForm" time="16.062"/>
  <testcase classname="tests.FormTests" name="fillForm" time="13.448"/>
  <testcase classname="tests.FormTests" name="fillForm" time="11.760"/>
</testsuite> <!-- tests.FormTests -->
