<?xml version="1.0" encoding="UTF-8"?>
<!-- Generated by org.testng.reporters.JUnitReportReporter -->
<testsuite hostname="DESKTOP-7NMSRQD" failures="0" tests="2" name="tests.FormTests" time="15.462" errors="0" timestamp="2025-07-15T23:05:53 IST" skipped="0">
  <testcase classname="tests.FormTests" name="FormCard" time="6.004"/>
  <testcase classname="tests.FormTests" name="fillForm" time="9.458"/>
</testsuite> <!-- tests.FormTests -->
