<?xml version="1.0" encoding="UTF-8"?>
<!-- Generated by org.testng.reporters.JUnitReportReporter -->
<testsuite hostname="DESKTOP-7NMSRQD" failures="0" tests="1" name="tests.WidgetsTests" time="42.961" errors="0" timestamp="2025-09-04T16:14:16 IST" skipped="0">
  <testcase classname="tests.WidgetsTests" name="SingleAddRemove" time="42.961"/>
</testsuite> <!-- tests.WidgetsTests -->
