<?xml version="1.0" encoding="UTF-8"?>
<!-- Generated by org.testng.reporters.JUnitReportReporter -->
<testsuite hostname="DESKTOP-7NMSRQD" failures="0" tests="1" name="tests.ElementsTests" time="39.897" errors="0" timestamp="2025-08-25T10:59:43 IST" skipped="0">
  <testcase classname="tests.ElementsTests" name="RightClickButton" time="39.897"/>
</testsuite> <!-- tests.ElementsTests -->
