<?xml version="1.0" encoding="UTF-8"?>
<!-- Generated by org.testng.reporters.JUnitReportReporter -->
<testsuite hostname="DESKTOP-7NMSRQD" failures="0" tests="1" name="tests.ElementsTests" time="34.432" errors="0" timestamp="2025-08-18T19:55:53 IST" skipped="0">
  <testcase classname="tests.ElementsTests" name="ClickAllLinks" time="34.432"/>
</testsuite> <!-- tests.ElementsTests -->
