<?xml version="1.0" encoding="UTF-8"?>
<!-- Generated by org.testng.reporters.JUnitReportReporter -->
<testsuite hostname="DESKTOP-7NMSRQD" failures="0" tests="1" name="tests.FormTests" time="46.707" errors="0" timestamp="2025-07-14T11:45:25 IST" skipped="0">
  <testcase classname="tests.FormTests" name="stateCity" time="46.707"/>
</testsuite> <!-- tests.FormTests -->
