<?xml version="1.0" encoding="UTF-8"?>
<!-- Generated by org.testng.reporters.JUnitReportReporter -->
<testsuite hostname="DESKTOP-7NMSRQD" failures="0" tests="1" name="tests.ElementsTests" time="7.135" errors="0" timestamp="2025-07-29T10:14:57 IST" skipped="0">
  <testcase classname="tests.ElementsTests" name="SelectingAllFiles" time="7.135"/>
</testsuite> <!-- tests.ElementsTests -->
