<?xml version="1.0" encoding="UTF-8"?>
<!-- Generated by org.testng.reporters.JUnitReportReporter -->
<testsuite hostname="DESKTOP-7NMSRQD" failures="0" tests="1" name="tests.FormTests" time="19.605" errors="0" timestamp="2025-09-04T17:08:03 IST" skipped="0">
  <testcase classname="tests.FormTests" name="FormsCard" time="19.605"/>
</testsuite> <!-- tests.FormTests -->
