<?xml version="1.0" encoding="UTF-8"?>
<!-- Generated by org.testng.reporters.JUnitReportReporter -->
<testsuite hostname="DESKTOP-7NMSRQD" failures="0" tests="2" name="tests.ElementsTests" time="28.766" errors="0" timestamp="2025-08-12T12:17:33 IST" skipped="0">
  <testcase classname="tests.ElementsTests" name="WebTablesClick" time="6.646"/>
  <testcase classname="tests.ElementsTests" name="EditSalaryDepartment" time="22.120"/>
</testsuite> <!-- tests.ElementsTests -->
