<?xml version="1.0" encoding="UTF-8"?>
<!-- Generated by org.testng.reporters.JUnitReportReporter -->
<testsuite hostname="DESKTOP-7NMSRQD" failures="0" tests="5" name="tests.ElementsTests" time="85.775" errors="0" timestamp="2025-08-06T19:14:00 IST" skipped="0">
  <testcase classname="tests.ElementsTests" name="WebTablesClick" time="9.004"/>
  <testcase classname="tests.ElementsTests" name="webTableNewRegistration" time="26.133"/>
  <testcase classname="tests.ElementsTests" name="webTableNewRegistration" time="14.873"/>
  <testcase classname="tests.ElementsTests" name="webTableNewRegistration" time="21.263"/>
  <testcase classname="tests.ElementsTests" name="webTableNewRegistration" time="14.502"/>
</testsuite> <!-- tests.ElementsTests -->
