<?xml version="1.0" encoding="UTF-8"?>
<!-- Generated by org.testng.reporters.JUnitReportReporter -->
<testsuite hostname="DESKTOP-7NMSRQD" failures="0" tests="4" name="tests.FormTests" time="91.804" errors="0" timestamp="2025-08-23T11:23:06 IST" skipped="0">
  <testcase classname="tests.FormTests" name="fillForm" time="14.845"/>
  <testcase classname="tests.FormTests" name="fillForm" time="32.761"/>
  <testcase classname="tests.FormTests" name="fillForm" time="15.672"/>
  <testcase classname="tests.FormTests" name="fillForm" time="28.526"/>
</testsuite> <!-- tests.FormTests -->
