<?xml version="1.0" encoding="UTF-8"?>
<!-- Generated by org.testng.reporters.JUnitReportReporter -->
<testsuite hostname="DESKTOP-7NMSRQD" failures="0" tests="1" name="tests.WidgetsTests" time="38.565" errors="0" timestamp="2025-09-15T12:59:55 IST" skipped="0">
  <testcase classname="tests.WidgetsTests" name="SingleAddRemove" time="38.565"/>
</testsuite> <!-- tests.WidgetsTests -->
