<?xml version="1.0" encoding="UTF-8"?>
<!-- Generated by org.testng.reporters.JUnitReportReporter -->
<testsuite hostname="DESKTOP-7NMSRQD" failures="0" tests="1" name="tests.ElementsTests" time="37.948" errors="0" timestamp="2025-09-06T15:06:57 IST" skipped="0">
  <testcase classname="tests.ElementsTests" name="RightClickButton" time="37.948"/>
</testsuite> <!-- tests.ElementsTests -->
