<?xml version="1.0" encoding="UTF-8"?>
<!-- Generated by org.testng.reporters.JUnitReportReporter -->
<testsuite hostname="DESKTOP-7NMSRQD" failures="0" tests="19" name="tests.AlertsFramesWindowsTests" time="370.901" errors="0" timestamp="2025-09-19T13:13:00 IST" skipped="0">
  <testcase classname="tests.AlertsFramesWindowsTests" name="accessAlertsFrameWindows" time="28.085"/>
  <testcase classname="tests.AlertsFramesWindowsTests" name="browserWindows" time="29.390"/>
  <testcase classname="tests.AlertsFramesWindowsTests" name="browserWindowsNewTab" time="16.263"/>
  <testcase classname="tests.AlertsFramesWindowsTests" name="browserWindowsNewWindow" time="15.933"/>
  <testcase classname="tests.AlertsFramesWindowsTests" name="browserWindowsNewWindowMsg" time="20.592"/>
  <testcase classname="tests.AlertsFramesWindowsTests" name="ClickAlerts" time="10.854"/>
  <testcase classname="tests.AlertsFramesWindowsTests" name="ClickToSeeAlerts" time="18.196"/>
  <testcase classname="tests.AlertsFramesWindowsTests" name="ClickAcceptConfirmationBox" time="14.272"/>
  <testcase classname="tests.AlertsFramesWindowsTests" name="ClickDenyConfirmationBox" time="12.977"/>
  <testcase classname="tests.AlertsFramesWindowsTests" name="ClickPromptBoxFill" time="7.545"/>
  <testcase classname="tests.AlertsFramesWindowsTests" name="ClickFrames" time="14.786"/>
  <testcase classname="tests.AlertsFramesWindowsTests" name="GetFrame1" time="14.586"/>
  <testcase classname="tests.AlertsFramesWindowsTests" name="GetFrame2" time="13.960"/>
  <testcase classname="tests.AlertsFramesWindowsTests" name="ClickNestedFrames" time="33.535"/>
  <testcase classname="tests.AlertsFramesWindowsTests" name="ClickModalDialogs" time="37.451"/>
  <testcase classname="tests.AlertsFramesWindowsTests" name="ClickSmallModal" time="18.095"/>
  <testcase classname="tests.AlertsFramesWindowsTests" name="GetParentFrame" time="36.400"/>
  <testcase classname="tests.AlertsFramesWindowsTests" name="ClickLargeModal" time="14.339"/>
  <testcase classname="tests.AlertsFramesWindowsTests" name="GetChildFrame" time="13.642"/>
</testsuite> <!-- tests.AlertsFramesWindowsTests -->
