<?xml version="1.0" encoding="UTF-8"?>
<!-- Generated by org.testng.reporters.JUnitReportReporter -->
<testsuite hostname="DESKTOP-7NMSRQD" failures="0" tests="1" name="tests.ElementsTests" time="32.360" errors="0" timestamp="2025-08-16T12:01:24 IST" skipped="0">
  <testcase classname="tests.ElementsTests" name="ClickAllLinks" time="32.360"/>
</testsuite> <!-- tests.ElementsTests -->
