<?xml version="1.0" encoding="UTF-8"?>
<!-- Generated by org.testng.reporters.JUnitReportReporter -->
<testsuite hostname="DESKTOP-7NMSRQD" failures="0" tests="1" name="tests.ElementsTests" time="9.234" errors="0" timestamp="2025-09-03T12:22:12 IST" skipped="0">
  <testcase classname="tests.ElementsTests" name="RightClickButton" time="9.234"/>
</testsuite> <!-- tests.ElementsTests -->
