<?xml version="1.0" encoding="UTF-8"?>
<!-- Generated by org.testng.reporters.JUnitReportReporter -->
<testsuite hostname="DESKTOP-7NMSRQD" failures="0" tests="1" name="tests.ElementsTests" time="64.184" errors="0" timestamp="2025-08-25T21:34:27 IST" skipped="0">
  <testcase classname="tests.ElementsTests" name="Downloadbtn" time="64.184"/>
</testsuite> <!-- tests.ElementsTests -->
