<?xml version="1.0" encoding="UTF-8"?>
<!-- Generated by org.testng.reporters.JUnitReportReporter -->
<testsuite hostname="DESKTOP-7NMSRQD" failures="0" tests="1" name="tests.AlertsFramesWindowsTests" time="34.876" errors="0" timestamp="2025-08-25T20:42:17 IST" skipped="0">
  <testcase classname="tests.AlertsFramesWindowsTests" name="ClickLargeModal" time="34.876"/>
</testsuite> <!-- tests.AlertsFramesWindowsTests -->
