<?xml version="1.0" encoding="UTF-8"?>
<!-- Generated by org.testng.reporters.JUnitReportReporter -->
<testsuite hostname="DESKTOP-7NMSRQD" failures="0" tests="5" name="tests.FormTests" time="98.667" errors="0" timestamp="2025-07-28T12:33:47 IST" skipped="0">
  <testcase classname="tests.FormTests" name="FormCard" time="18.402"/>
  <testcase classname="tests.FormTests" name="fillForm" time="15.880"/>
  <testcase classname="tests.FormTests" name="fillForm" time="41.642"/>
  <testcase classname="tests.FormTests" name="fillForm" time="13.134"/>
  <testcase classname="tests.FormTests" name="fillForm" time="9.609"/>
</testsuite> <!-- tests.FormTests -->
