<?xml version="1.0" encoding="UTF-8"?>
<!-- Generated by org.testng.reporters.JUnitReportReporter -->
<testsuite hostname="DESKTOP-7NMSRQD" failures="0" tests="1" name="tests.ElementsTests" time="158.957" errors="0" timestamp="2025-09-08T13:42:57 IST" skipped="0">
  <testcase classname="tests.ElementsTests" name="Downloadbtn" time="158.957"/>
</testsuite> <!-- tests.ElementsTests -->
