<?xml version="1.0" encoding="UTF-8"?>
<!-- Generated by org.testng.reporters.JUnitReportReporter -->
<testsuite hostname="DESKTOP-7NMSRQD" failures="0" tests="19" name="tests.AlertsFramesWindowsTests" time="434.723" errors="0" timestamp="2025-09-08T13:10:39 IST" skipped="0">
  <testcase classname="tests.AlertsFramesWindowsTests" name="accessAlertsFrameWindows" time="13.933"/>
  <testcase classname="tests.AlertsFramesWindowsTests" name="browserWindows" time="18.848"/>
  <testcase classname="tests.AlertsFramesWindowsTests" name="browserWindowsNewTab" time="22.380"/>
  <testcase classname="tests.AlertsFramesWindowsTests" name="browserWindowsNewWindow" time="16.993"/>
  <testcase classname="tests.AlertsFramesWindowsTests" name="browserWindowsNewWindowMsg" time="23.871"/>
  <testcase classname="tests.AlertsFramesWindowsTests" name="ClickAlerts" time="36.767"/>
  <testcase classname="tests.AlertsFramesWindowsTests" name="ClickToSeeAlerts" time="23.296"/>
  <testcase classname="tests.AlertsFramesWindowsTests" name="ClickAcceptConfirmationBox" time="28.714"/>
  <testcase classname="tests.AlertsFramesWindowsTests" name="ClickDenyConfirmationBox" time="24.591"/>
  <testcase classname="tests.AlertsFramesWindowsTests" name="ClickPromptBoxFill" time="27.545"/>
  <testcase classname="tests.AlertsFramesWindowsTests" name="ClickFrames" time="37.899"/>
  <testcase classname="tests.AlertsFramesWindowsTests" name="GetFrame1" time="17.456"/>
  <testcase classname="tests.AlertsFramesWindowsTests" name="GetFrame2" time="19.907"/>
  <testcase classname="tests.AlertsFramesWindowsTests" name="ClickModalDialogs" time="18.541"/>
  <testcase classname="tests.AlertsFramesWindowsTests" name="ClickNestedFrames" time="19.536"/>
  <testcase classname="tests.AlertsFramesWindowsTests" name="ClickSmallModal" time="11.657"/>
  <testcase classname="tests.AlertsFramesWindowsTests" name="ClickLargeModal" time="28.309"/>
  <testcase classname="tests.AlertsFramesWindowsTests" name="GetParentFrame" time="12.785"/>
  <testcase classname="tests.AlertsFramesWindowsTests" name="GetChildFrame" time="31.695"/>
</testsuite> <!-- tests.AlertsFramesWindowsTests -->
