<?xml version="1.0" encoding="UTF-8"?>
<!-- Generated by org.testng.reporters.JUnitReportReporter -->
<testsuite hostname="DESKTOP-7NMSRQD" failures="0" tests="5" name="tests.FormTests" time="52.803" errors="0" timestamp="2025-08-12T12:27:46 IST" skipped="0">
  <testcase classname="tests.FormTests" name="FormCard" time="7.079"/>
  <testcase classname="tests.FormTests" name="fillForm" time="11.811"/>
  <testcase classname="tests.FormTests" name="fillForm" time="11.945"/>
  <testcase classname="tests.FormTests" name="fillForm" time="10.633"/>
  <testcase classname="tests.FormTests" name="fillForm" time="11.335"/>
</testsuite> <!-- tests.FormTests -->
