<?xml version="1.0" encoding="UTF-8"?>
<!-- Generated by org.testng.reporters.JUnitReportReporter -->
<testsuite hostname="DESKTOP-7NMSRQD" failures="0" tests="5" name="tests.FormTests" time="55.434" errors="0" timestamp="2025-07-28T12:43:57 IST" skipped="0">
  <testcase classname="tests.FormTests" name="FormCard" time="11.869"/>
  <testcase classname="tests.FormTests" name="fillForm" time="9.000"/>
  <testcase classname="tests.FormTests" name="fillForm" time="12.431"/>
  <testcase classname="tests.FormTests" name="fillForm" time="11.610"/>
  <testcase classname="tests.FormTests" name="fillForm" time="10.524"/>
</testsuite> <!-- tests.FormTests -->
