<?xml version="1.0" encoding="UTF-8"?>
<!-- Generated by org.testng.reporters.JUnitReportReporter -->
<testsuite hostname="DESKTOP-7NMSRQD" failures="0" tests="5" name="tests.FormTests" time="57.067" errors="0" timestamp="2025-08-07T20:07:03 IST" skipped="0">
  <testcase classname="tests.FormTests" name="FormCard" time="11.730"/>
  <testcase classname="tests.FormTests" name="fillForm" time="11.311"/>
  <testcase classname="tests.FormTests" name="fillForm" time="11.080"/>
  <testcase classname="tests.FormTests" name="fillForm" time="11.679"/>
  <testcase classname="tests.FormTests" name="fillForm" time="11.267"/>
</testsuite> <!-- tests.FormTests -->
