<?xml version="1.0" encoding="UTF-8"?>
<!-- Generated by org.testng.reporters.JUnitReportReporter -->
<testsuite hostname="DESKTOP-7NMSRQD" failures="0" tests="44" name="tests.WidgetsTests" time="1100.795" errors="0" timestamp="2025-09-24T10:12:16 IST" skipped="0">
  <testcase classname="tests.WidgetsTests" name="accessWidgets" time="4.571"/>
  <testcase classname="tests.WidgetsTests" name="Accordian" time="7.192"/>
  <testcase classname="tests.WidgetsTests" name="AccessWhatis" time="7.278"/>
  <testcase classname="tests.WidgetsTests" name="AccessWhereDoes" time="8.405"/>
  <testcase classname="tests.WidgetsTests" name="AccessWhyDoWe" time="7.860"/>
  <testcase classname="tests.WidgetsTests" name="AutoComplete" time="5.002"/>
  <testcase classname="tests.WidgetsTests" name="AutoCompleteSearch" time="12.528"/>
  <testcase classname="tests.WidgetsTests" name="AutoCompleteSearch" time="7.699"/>
  <testcase classname="tests.WidgetsTests" name="AutoCompleteSearch" time="13.279"/>
  <testcase classname="tests.WidgetsTests" name="AutoCompleteSearch" time="309.813"/>
  <testcase classname="tests.WidgetsTests" name="AutoCompleteSearch" time="8.637"/>
  <testcase classname="tests.WidgetsTests" name="AutoCompleteSearch" time="9.353"/>
  <testcase classname="tests.WidgetsTests" name="AutoCompleteSearch" time="8.217"/>
  <testcase classname="tests.WidgetsTests" name="AutoCompleteSearch" time="9.024"/>
  <testcase classname="tests.WidgetsTests" name="AutoCompleteSearch" time="7.154"/>
  <testcase classname="tests.WidgetsTests" name="AutoCompleteSearch" time="9.430"/>
  <testcase classname="tests.WidgetsTests" name="AutoCompleteSearch" time="37.233"/>
  <testcase classname="tests.WidgetsTests" name="AutoCompleteSearch" time="10.859"/>
  <testcase classname="tests.WidgetsTests" name="AutoCompleteSearch" time="8.956"/>
  <testcase classname="tests.WidgetsTests" name="AutoCompleteSearch" time="7.235"/>
  <testcase classname="tests.WidgetsTests" name="AutoCompleteSearch" time="12.700"/>
  <testcase classname="tests.WidgetsTests" name="AutoCompleteSearch" time="7.084"/>
  <testcase classname="tests.WidgetsTests" name="AutoCompleteSearch" time="8.298"/>
  <testcase classname="tests.WidgetsTests" name="AutoCompleteSearch" time="8.776"/>
  <testcase classname="tests.WidgetsTests" name="AutoCompleteSearch" time="8.448"/>
  <testcase classname="tests.WidgetsTests" name="AutoCompleteSearch" time="8.489"/>
  <testcase classname="tests.WidgetsTests" name="AutoCompleteSearch" time="8.989"/>
  <testcase classname="tests.WidgetsTests" name="AutoCompleteSearchRemove" time="36.940"/>
  <testcase classname="tests.WidgetsTests" name="AutoCompleteSingle" time="312.826"/>
  <testcase classname="tests.WidgetsTests" name="SingleAddRemove" time="9.805"/>
  <testcase classname="tests.WidgetsTests" name="ClickDatePicker" time="5.918"/>
  <testcase classname="tests.WidgetsTests" name="SelectDate" time="7.516"/>
  <testcase classname="tests.WidgetsTests" name="SelectDate" time="7.849"/>
  <testcase classname="tests.WidgetsTests" name="SelectDate" time="6.483"/>
  <testcase classname="tests.WidgetsTests" name="SelectDate" time="8.118"/>
  <testcase classname="tests.WidgetsTests" name="SelectDateAndTime" time="24.573"/>
  <testcase classname="tests.WidgetsTests" name="SelectDateAndTime" time="29.118"/>
  <testcase classname="tests.WidgetsTests" name="SelectDateAndTime" time="23.892"/>
  <testcase classname="tests.WidgetsTests" name="SelectDateAndTime" time="27.613"/>
  <testcase classname="tests.WidgetsTests" name="ClickSlider" time="5.260"/>
  <testcase classname="tests.WidgetsTests" name="moveSliderBasedOnAge" time="7.813"/>
  <testcase classname="tests.WidgetsTests" name="moveSliderBasedOnAge" time="7.549"/>
  <testcase classname="tests.WidgetsTests" name="moveSliderBasedOnAge" time="9.930"/>
  <testcase classname="tests.WidgetsTests" name="moveSliderBasedOnAge" time="7.083"/>
</testsuite> <!-- tests.WidgetsTests -->
