<?xml version="1.0" encoding="UTF-8"?>
<!-- Generated by org.testng.reporters.JUnitReportReporter -->
<testsuite hostname="DESKTOP-7NMSRQD" failures="0" tests="19" name="tests.AlertsFramesWindowsTests" time="341.338" errors="0" timestamp="2025-09-11T11:57:51 IST" skipped="0">
  <testcase classname="tests.AlertsFramesWindowsTests" name="accessAlertsFrameWindows" time="16.189"/>
  <testcase classname="tests.AlertsFramesWindowsTests" name="browserWindows" time="12.994"/>
  <testcase classname="tests.AlertsFramesWindowsTests" name="browserWindowsNewTab" time="17.871"/>
  <testcase classname="tests.AlertsFramesWindowsTests" name="browserWindowsNewWindow" time="15.091"/>
  <testcase classname="tests.AlertsFramesWindowsTests" name="browserWindowsNewWindowMsg" time="10.565"/>
  <testcase classname="tests.AlertsFramesWindowsTests" name="ClickAlerts" time="18.013"/>
  <testcase classname="tests.AlertsFramesWindowsTests" name="ClickToSeeAlerts" time="18.873"/>
  <testcase classname="tests.AlertsFramesWindowsTests" name="ClickDenyConfirmationBox" time="33.500"/>
  <testcase classname="tests.AlertsFramesWindowsTests" name="ClickAcceptConfirmationBox" time="18.578"/>
  <testcase classname="tests.AlertsFramesWindowsTests" name="ClickPromptBoxFill" time="15.346"/>
  <testcase classname="tests.AlertsFramesWindowsTests" name="ClickFrames" time="13.822"/>
  <testcase classname="tests.AlertsFramesWindowsTests" name="GetFrame1" time="16.213"/>
  <testcase classname="tests.AlertsFramesWindowsTests" name="GetFrame2" time="21.952"/>
  <testcase classname="tests.AlertsFramesWindowsTests" name="ClickModalDialogs" time="16.316"/>
  <testcase classname="tests.AlertsFramesWindowsTests" name="ClickNestedFrames" time="16.871"/>
  <testcase classname="tests.AlertsFramesWindowsTests" name="ClickSmallModal" time="6.377"/>
  <testcase classname="tests.AlertsFramesWindowsTests" name="ClickLargeModal" time="18.141"/>
  <testcase classname="tests.AlertsFramesWindowsTests" name="GetParentFrame" time="40.067"/>
  <testcase classname="tests.AlertsFramesWindowsTests" name="GetChildFrame" time="14.559"/>
</testsuite> <!-- tests.AlertsFramesWindowsTests -->
