<?xml version="1.0" encoding="UTF-8"?>
<!-- Generated by org.testng.reporters.JUnitReportReporter -->
<testsuite hostname="DESKTOP-7NMSRQD" failures="0" tests="6" name="tests.FormTests" time="160.167" errors="0" timestamp="2025-09-08T13:10:39 IST" skipped="0">
  <testcase classname="tests.FormTests" name="FormsCard" time="33.223"/>
  <testcase classname="tests.FormTests" name="FormButton" time="22.990"/>
  <testcase classname="tests.FormTests" name="fillForm" time="42.595"/>
  <testcase classname="tests.FormTests" name="fillForm" time="18.510"/>
  <testcase classname="tests.FormTests" name="fillForm" time="13.874"/>
  <testcase classname="tests.FormTests" name="fillForm" time="28.975"/>
</testsuite> <!-- tests.FormTests -->
