<?xml version="1.0" encoding="UTF-8"?>
<!-- Generated by org.testng.reporters.JUnitReportReporter -->
<testsuite hostname="DESKTOP-7NMSRQD" failures="0" tests="2" name="tests.ElementsTests" time="18.055" errors="0" timestamp="2025-07-21T19:49:52 IST" skipped="0">
  <testcase classname="tests.ElementsTests" name="ElementsCard" time="8.426"/>
  <testcase classname="tests.ElementsTests" name="TextBox" time="9.629"/>
</testsuite> <!-- tests.ElementsTests -->
