<?xml version="1.0" encoding="UTF-8"?>
<!-- Generated by org.testng.reporters.JUnitReportReporter -->
<testsuite hostname="DESKTOP-7NMSRQD" failures="0" tests="6" name="tests.FormTests" time="228.725" errors="0" timestamp="2025-08-25T21:23:19 IST" skipped="0">
  <testcase classname="tests.FormTests" name="FormsCard" time="36.024"/>
  <testcase classname="tests.FormTests" name="FormButton" time="35.571"/>
  <testcase classname="tests.FormTests" name="fillForm" time="40.986"/>
  <testcase classname="tests.FormTests" name="fillForm" time="41.969"/>
  <testcase classname="tests.FormTests" name="fillForm" time="32.512"/>
  <testcase classname="tests.FormTests" name="fillForm" time="41.663"/>
</testsuite> <!-- tests.FormTests -->
