<?xml version="1.0" encoding="UTF-8"?>
<!-- Generated by org.testng.reporters.JUnitReportReporter -->
<testsuite hostname="DESKTOP-7NMSRQD" failures="0" tests="35" name="tests.WidgetsTests" time="1017.005" errors="0" timestamp="2025-09-19T13:05:01 IST" skipped="0">
  <testcase classname="tests.WidgetsTests" name="accessWidgets" time="6.732"/>
  <testcase classname="tests.WidgetsTests" name="Accordian" time="11.452"/>
  <testcase classname="tests.WidgetsTests" name="AccessWhatis" time="7.755"/>
  <testcase classname="tests.WidgetsTests" name="AccessWhereDoes" time="18.597"/>
  <testcase classname="tests.WidgetsTests" name="AccessWhyDoWe" time="7.869"/>
  <testcase classname="tests.WidgetsTests" name="AutoComplete" time="6.521"/>
  <testcase classname="tests.WidgetsTests" name="AutoCompleteSearch" time="7.288"/>
  <testcase classname="tests.WidgetsTests" name="AutoCompleteSearch" time="7.394"/>
  <testcase classname="tests.WidgetsTests" name="AutoCompleteSearch" time="15.220"/>
  <testcase classname="tests.WidgetsTests" name="AutoCompleteSearch" time="7.876"/>
  <testcase classname="tests.WidgetsTests" name="AutoCompleteSearch" time="9.543"/>
  <testcase classname="tests.WidgetsTests" name="AutoCompleteSearch" time="7.287"/>
  <testcase classname="tests.WidgetsTests" name="AutoCompleteSearch" time="8.593"/>
  <testcase classname="tests.WidgetsTests" name="AutoCompleteSearch" time="6.825"/>
  <testcase classname="tests.WidgetsTests" name="AutoCompleteSearch" time="25.248"/>
  <testcase classname="tests.WidgetsTests" name="AutoCompleteSearch" time="7.459"/>
  <testcase classname="tests.WidgetsTests" name="AutoCompleteSearch" time="10.720"/>
  <testcase classname="tests.WidgetsTests" name="AutoCompleteSearch" time="16.185"/>
  <testcase classname="tests.WidgetsTests" name="AutoCompleteSearch" time="310.398"/>
  <testcase classname="tests.WidgetsTests" name="AutoCompleteSearch" time="7.133"/>
  <testcase classname="tests.WidgetsTests" name="AutoCompleteSearch" time="14.605"/>
  <testcase classname="tests.WidgetsTests" name="AutoCompleteSearch" time="8.766"/>
  <testcase classname="tests.WidgetsTests" name="AutoCompleteSearch" time="34.648"/>
  <testcase classname="tests.WidgetsTests" name="AutoCompleteSearch" time="7.839"/>
  <testcase classname="tests.WidgetsTests" name="AutoCompleteSearch" time="15.522"/>
  <testcase classname="tests.WidgetsTests" name="AutoCompleteSearch" time="319.613"/>
  <testcase classname="tests.WidgetsTests" name="AutoCompleteSearch" time="8.166"/>
  <testcase classname="tests.WidgetsTests" name="AutoCompleteSearchRemove" time="19.267"/>
  <testcase classname="tests.WidgetsTests" name="AutoCompleteSingle" time="12.179"/>
  <testcase classname="tests.WidgetsTests" name="SingleAddRemove" time="15.064"/>
  <testcase classname="tests.WidgetsTests" name="ClickDatePicker" time="11.104"/>
  <testcase classname="tests.WidgetsTests" name="SelectDate" time="15.138"/>
  <testcase classname="tests.WidgetsTests" name="SelectDate" time="7.997"/>
  <testcase classname="tests.WidgetsTests" name="SelectDate" time="7.578"/>
  <testcase classname="tests.WidgetsTests" name="SelectDate" time="13.424"/>
</testsuite> <!-- tests.WidgetsTests -->
