<?xml version="1.0" encoding="UTF-8"?>
<!-- Generated by org.testng.reporters.JUnitReportReporter -->
<testsuite hostname="DESKTOP-7NMSRQD" failures="0" tests="6" name="tests.FormTests" time="151.455" errors="0" timestamp="2025-09-04T18:16:02 IST" skipped="0">
  <testcase classname="tests.FormTests" name="FormsCard" time="13.998"/>
  <testcase classname="tests.FormTests" name="FormButton" time="32.115"/>
  <testcase classname="tests.FormTests" name="fillForm" time="27.607"/>
  <testcase classname="tests.FormTests" name="fillForm" time="28.177"/>
  <testcase classname="tests.FormTests" name="fillForm" time="23.139"/>
  <testcase classname="tests.FormTests" name="fillForm" time="26.419"/>
</testsuite> <!-- tests.FormTests -->
