<?xml version="1.0" encoding="UTF-8"?>
<!-- Generated by org.testng.reporters.JUnitReportReporter -->
<testsuite hostname="DESKTOP-7NMSRQD" failures="0" tests="6" name="tests.FormTests" time="85.551" errors="0" timestamp="2025-08-25T10:49:10 IST" skipped="0">
  <testcase classname="tests.FormTests" name="FormsCard" time="8.659"/>
  <testcase classname="tests.FormTests" name="FormButton" time="9.035"/>
  <testcase classname="tests.FormTests" name="fillForm" time="12.795"/>
  <testcase classname="tests.FormTests" name="fillForm" time="23.679"/>
  <testcase classname="tests.FormTests" name="fillForm" time="18.354"/>
  <testcase classname="tests.FormTests" name="fillForm" time="13.029"/>
</testsuite> <!-- tests.FormTests -->
