<?xml version="1.0" encoding="UTF-8"?>
<!-- Generated by org.testng.reporters.JUnitReportReporter -->
<testsuite hostname="DESKTOP-7NMSRQD" failures="0" tests="13" name="tests.ElementsTests" time="117.591" errors="0" timestamp="2025-07-28T16:58:54 IST" skipped="0">
  <testcase classname="tests.ElementsTests" name="ElementsCard" time="5.824"/>
  <testcase classname="tests.ElementsTests" name="TextBox" time="8.822"/>
  <testcase classname="tests.ElementsTests" name="CheckBox" time="12.207"/>
  <testcase classname="tests.ElementsTests" name="SelectingHomeCheckBox" time="16.019"/>
  <testcase classname="tests.ElementsTests" name="SelectingDesktopCheckBox" time="7.102"/>
  <testcase classname="tests.ElementsTests" name="SelectingNotesCommandsClick" time="7.898"/>
  <testcase classname="tests.ElementsTests" name="SelectingDocumentsCheckBox" time="6.399"/>
  <testcase classname="tests.ElementsTests" name="SelectingWorkSpace" time="6.596"/>
  <testcase classname="tests.ElementsTests" name="SelectReact" time="7.076"/>
  <testcase classname="tests.ElementsTests" name="SelectAngular" time="9.175"/>
  <testcase classname="tests.ElementsTests" name="SelectVeu" time="16.549"/>
  <testcase classname="tests.ElementsTests" name="SelectReactAnuglarVeu" time="7.542"/>
  <testcase classname="tests.ElementsTests" name="SelectingOffice" time="6.382"/>
</testsuite> <!-- tests.ElementsTests -->
