<?xml version="1.0" encoding="UTF-8"?>
<!-- Generated by org.testng.reporters.JUnitReportReporter -->
<testsuite hostname="DESKTOP-7NMSRQD" failures="0" tests="31" name="tests.WidgetsTests" time="343.204" errors="1" timestamp="2025-09-04T18:16:02 IST" skipped="7">
  <testcase classname="tests.WidgetsTests" name="setUP" time="24.348">
    <error message="Failed to navigate to https://demoqa.com after 3 attempts" type="java.lang.RuntimeException">
      <![CDATA[java.lang.RuntimeException: Failed to navigate to https://demoqa.com after 3 attempts
at utils.RetryUrlAccess.navigateWithRetry(RetryUrlAccess.java:45)
at base.demoqaBase.setUP(demoqaBase.java:105)
at java.base/jdk.internal.reflect.DirectMethodHandleAccessor.invoke(DirectMethodHandleAccessor.java:103)
at java.base/java.lang.reflect.Method.invoke(Method.java:580)
at org.testng.internal.invokers.MethodInvocationHelper.invokeMethod(MethodInvocationHelper.java:141)
at org.testng.internal.invokers.MethodInvocationHelper.invokeMethodConsideringTimeout(MethodInvocationHelper.java:71)
at org.testng.internal.invokers.ConfigInvoker.invokeConfigurationMethod(ConfigInvoker.java:400)
at org.testng.internal.invokers.ConfigInvoker.invokeConfigurations(ConfigInvoker.java:333)
at org.testng.internal.invokers.TestInvoker.runConfigMethods(TestInvoker.java:836)
at org.testng.internal.invokers.TestInvoker.invokeMethod(TestInvoker.java:601)
at org.testng.internal.invokers.TestInvoker.invokeTestMethod(TestInvoker.java:230)
at org.testng.internal.invokers.MethodRunner.runInSequence(MethodRunner.java:63)
at org.testng.internal.invokers.TestInvoker$MethodInvocationAgent.invoke(TestInvoker.java:995)
at org.testng.internal.invokers.TestInvoker.invokeTestMethods(TestInvoker.java:203)
at org.testng.internal.invokers.TestMethodWorker.invokeTestMethods(TestMethodWorker.java:154)
at org.testng.internal.invokers.TestMethodWorker.run(TestMethodWorker.java:134)
at java.base/java.util.ArrayList.forEach(ArrayList.java:1596)
at org.testng.TestRunner.privateRun(TestRunner.java:741)
at org.testng.TestRunner.run(TestRunner.java:616)
at org.testng.SuiteRunner.runTest(SuiteRunner.java:421)
at org.testng.SuiteRunner.runSequentially(SuiteRunner.java:413)
at org.testng.SuiteRunner.privateRun(SuiteRunner.java:373)
at org.testng.SuiteRunner.run(SuiteRunner.java:312)
at org.testng.SuiteRunnerWorker.runSuite(SuiteRunnerWorker.java:52)
at org.testng.SuiteRunnerWorker.run(SuiteRunnerWorker.java:95)
at org.testng.TestNG.runSuitesSequentially(TestNG.java:1274)
at org.testng.TestNG.runSuitesLocally(TestNG.java:1208)
at org.testng.TestNG.runSuites(TestNG.java:1112)
at org.testng.TestNG.run(TestNG.java:1079)
at org.apache.maven.surefire.testng.TestNGExecutor.run(TestNGExecutor.java:155)
at org.apache.maven.surefire.testng.TestNGDirectoryTestSuite.executeMulti(TestNGDirectoryTestSuite.java:169)
at org.apache.maven.surefire.testng.TestNGDirectoryTestSuite.execute(TestNGDirectoryTestSuite.java:88)
at org.apache.maven.surefire.testng.TestNGProvider.invoke(TestNGProvider.java:137)
at org.apache.maven.surefire.booter.ForkedBooter.runSuitesInProcess(ForkedBooter.java:385)
at org.apache.maven.surefire.booter.ForkedBooter.execute(ForkedBooter.java:162)
at org.apache.maven.surefire.booter.ForkedBooter.run(ForkedBooter.java:507)
at org.apache.maven.surefire.booter.ForkedBooter.main(ForkedBooter.java:495)
]]>
    </error>
  </testcase> <!-- setUP -->
  <testcase classname="tests.WidgetsTests" name="accessWidgets" time="6.742"/>
  <testcase classname="tests.WidgetsTests" name="Accordian" time="13.687"/>
  <testcase classname="tests.WidgetsTests" name="AccessWhatis" time="14.816"/>
  <testcase classname="tests.WidgetsTests" name="AccessWhereDoes" time="25.389"/>
  <testcase classname="tests.WidgetsTests" name="AccessWhyDoWe" time="14.502"/>
  <testcase classname="tests.WidgetsTests" name="AutoComplete" time="13.946"/>
  <testcase classname="tests.WidgetsTests" name="AutoCompleteSearch" time="8.736"/>
  <testcase classname="tests.WidgetsTests" name="AutoCompleteSearch" time="15.225"/>
  <testcase classname="tests.WidgetsTests" name="AutoCompleteSearch" time="16.342">
    <skipped/>
  </testcase> <!-- AutoCompleteSearch -->
  <testcase classname="tests.WidgetsTests" name="AutoCompleteSearch" time="20.354"/>
  <testcase classname="tests.WidgetsTests" name="AutoCompleteSearch" time="15.338"/>
  <testcase classname="tests.WidgetsTests" name="AutoCompleteSearch" time="7.649"/>
  <testcase classname="tests.WidgetsTests" name="AutoCompleteSearch" time="9.842"/>
  <testcase classname="tests.WidgetsTests" name="AutoCompleteSearch" time="15.282"/>
  <testcase classname="tests.WidgetsTests" name="AutoCompleteSearch" time="15.260"/>
  <testcase classname="tests.WidgetsTests" name="AutoCompleteSearch" time="17.134"/>
  <testcase classname="tests.WidgetsTests" name="AutoCompleteSearch" time="13.749"/>
  <testcase classname="tests.WidgetsTests" name="AutoCompleteSearch" time="13.546"/>
  <testcase classname="tests.WidgetsTests" name="AutoCompleteSearch" time="15.656"/>
  <testcase classname="tests.WidgetsTests" name="AutoCompleteSearch" time="10.154"/>
  <testcase classname="tests.WidgetsTests" name="AutoCompleteSearch" time="12.407">
    <skipped/>
  </testcase> <!-- AutoCompleteSearch -->
  <testcase classname="tests.WidgetsTests" name="AutoCompleteSearch" time="16.446"/>
  <testcase classname="tests.WidgetsTests" name="AutoCompleteSearch" time="2.133"/>
  <testcase classname="tests.WidgetsTests" name="AutoCompleteSearch" time="0.000">
    <skipped/>
  </testcase> <!-- AutoCompleteSearch -->
  <testcase classname="tests.WidgetsTests" name="AutoCompleteSearch" time="2.798"/>
  <testcase classname="tests.WidgetsTests" name="AutoCompleteSearch" time="1.723"/>
  <testcase classname="tests.WidgetsTests" name="AutoCompleteSearch" time="0.000">
    <skipped/>
  </testcase> <!-- AutoCompleteSearch -->
  <testcase classname="tests.WidgetsTests" name="AutoCompleteSearchRemove" time="0.000">
    <skipped/>
  </testcase> <!-- AutoCompleteSearchRemove -->
  <testcase classname="tests.WidgetsTests" name="AutoCompleteSingle" time="0.000">
    <skipped/>
  </testcase> <!-- AutoCompleteSingle -->
  <testcase classname="tests.WidgetsTests" name="SingleAddRemove" time="0.000">
    <skipped/>
  </testcase> <!-- SingleAddRemove -->
</testsuite> <!-- tests.WidgetsTests -->
