<?xml version="1.0" encoding="UTF-8"?>
<!-- Generated by org.testng.reporters.JUnitReportReporter -->
<testsuite hostname="DESKTOP-7NMSRQD" failures="0" tests="34" name="tests.ElementsTests" time="299.102" errors="0" timestamp="2025-08-07T20:07:03 IST" skipped="0">
  <testcase classname="tests.ElementsTests" name="ElementsCard" time="6.694"/>
  <testcase classname="tests.ElementsTests" name="TextBox" time="8.193"/>
  <testcase classname="tests.ElementsTests" name="CheckBox" time="6.031"/>
  <testcase classname="tests.ElementsTests" name="SelectingHomeCheckBox" time="6.772"/>
  <testcase classname="tests.ElementsTests" name="SelectingDesktopCheckBox" time="6.394"/>
  <testcase classname="tests.ElementsTests" name="SelectingNotesCommandsClick" time="7.339"/>
  <testcase classname="tests.ElementsTests" name="SelectingDocumentsCheckBox" time="7.199"/>
  <testcase classname="tests.ElementsTests" name="SelectingWorkSpace" time="6.837"/>
  <testcase classname="tests.ElementsTests" name="SelectReact" time="7.191"/>
  <testcase classname="tests.ElementsTests" name="SelectAngular" time="7.873"/>
  <testcase classname="tests.ElementsTests" name="SelectVeu" time="6.551"/>
  <testcase classname="tests.ElementsTests" name="SelectReactAnuglarVeu" time="7.158"/>
  <testcase classname="tests.ElementsTests" name="SelectingOffice" time="9.193"/>
  <testcase classname="tests.ElementsTests" name="SelectPublic" time="21.523"/>
  <testcase classname="tests.ElementsTests" name="SelectPrivate" time="6.381"/>
  <testcase classname="tests.ElementsTests" name="SelectClassified" time="14.747"/>
  <testcase classname="tests.ElementsTests" name="SelectGeneral" time="12.302"/>
  <testcase classname="tests.ElementsTests" name="SelectOfficeAll" time="6.967"/>
  <testcase classname="tests.ElementsTests" name="SelectingDownloads" time="9.252"/>
  <testcase classname="tests.ElementsTests" name="SelectingWordFile" time="8.183"/>
  <testcase classname="tests.ElementsTests" name="SelectingExcelFile" time="7.023"/>
  <testcase classname="tests.ElementsTests" name="SelectingAllFiles" time="8.449"/>
  <testcase classname="tests.ElementsTests" name="clickRadioButton" time="6.426"/>
  <testcase classname="tests.ElementsTests" name="SelectYesRadioButton" time="6.616"/>
  <testcase classname="tests.ElementsTests" name="SelectImpressiveRadioButton" time="6.308"/>
  <testcase classname="tests.ElementsTests" name="WebTablesClick" time="6.865"/>
  <testcase classname="tests.ElementsTests" name="webTableNewRegistration" time="14.935"/>
  <testcase classname="tests.ElementsTests" name="webTableNewRegistration" time="10.099"/>
  <testcase classname="tests.ElementsTests" name="webTableNewRegistration" time="8.873"/>
  <testcase classname="tests.ElementsTests" name="webTableNewRegistration" time="9.633"/>
  <testcase classname="tests.ElementsTests" name="webTableAddSearch" time="8.811"/>
  <testcase classname="tests.ElementsTests" name="webTableAddEditFirstName" time="11.177"/>
  <testcase classname="tests.ElementsTests" name="webTableAddSearchEdit" time="11.336"/>
  <testcase classname="tests.ElementsTests" name="webTableDeleteUser" time="9.771"/>
</testsuite> <!-- tests.ElementsTests -->
