<?xml version="1.0" encoding="UTF-8"?>
<!-- Generated by org.testng.reporters.JUnitReportReporter -->
<testsuite hostname="DESKTOP-7NMSRQD" failures="0" tests="5" name="tests.FormTests" time="61.474" errors="0" timestamp="2025-07-21T19:49:52 IST" skipped="0">
  <testcase classname="tests.FormTests" name="FormCard" time="8.622"/>
  <testcase classname="tests.FormTests" name="fillForm" time="12.983"/>
  <testcase classname="tests.FormTests" name="fillForm" time="12.948"/>
  <testcase classname="tests.FormTests" name="fillForm" time="13.172"/>
  <testcase classname="tests.FormTests" name="fillForm" time="13.749"/>
</testsuite> <!-- tests.FormTests -->
