<?xml version="1.0" encoding="UTF-8"?>
<!-- Generated by org.testng.reporters.JUnitReportReporter -->
<testsuite hostname="DESKTOP-7NMSRQD" failures="0" tests="6" name="tests.FormTests" time="77.864" errors="0" timestamp="2025-08-23T12:06:31 IST" skipped="0">
  <testcase classname="tests.FormTests" name="FormsCard" time="8.527"/>
  <testcase classname="tests.FormTests" name="FormButton" time="8.138"/>
  <testcase classname="tests.FormTests" name="fillForm" time="16.014"/>
  <testcase classname="tests.FormTests" name="fillForm" time="15.695"/>
  <testcase classname="tests.FormTests" name="fillForm" time="14.755"/>
  <testcase classname="tests.FormTests" name="fillForm" time="14.735"/>
</testsuite> <!-- tests.FormTests -->
