<?xml version="1.0" encoding="UTF-8"?>
<!-- Generated by org.testng.reporters.JUnitReportReporter -->
<testsuite hostname="DESKTOP-7NMSRQD" failures="0" tests="1" name="tests.AlertsFramesWindowsTests" time="6.896" errors="0" timestamp="2025-07-28T12:43:57 IST" skipped="0">
  <testcase classname="tests.AlertsFramesWindowsTests" name="accessAlertsFrameWindows" time="6.896"/>
</testsuite> <!-- tests.AlertsFramesWindowsTests -->
