<?xml version="1.0" encoding="UTF-8"?>
<!-- Generated by org.testng.reporters.JUnitReportReporter -->
<testsuite hostname="DESKTOP-7NMSRQD" failures="0" tests="30" name="tests.WidgetsTests" time="1106.419" errors="0" timestamp="2025-09-11T18:22:49 IST" skipped="0">
  <testcase classname="tests.WidgetsTests" name="accessWidgets" time="12.991"/>
  <testcase classname="tests.WidgetsTests" name="Accordian" time="6.960"/>
  <testcase classname="tests.WidgetsTests" name="AccessWhatis" time="8.259"/>
  <testcase classname="tests.WidgetsTests" name="AccessWhereDoes" time="8.116"/>
  <testcase classname="tests.WidgetsTests" name="AccessWhyDoWe" time="8.116"/>
  <testcase classname="tests.WidgetsTests" name="AutoComplete" time="8.649"/>
  <testcase classname="tests.WidgetsTests" name="AutoCompleteSearch" time="63.344"/>
  <testcase classname="tests.WidgetsTests" name="AutoCompleteSearch" time="10.583"/>
  <testcase classname="tests.WidgetsTests" name="AutoCompleteSearch" time="7.752"/>
  <testcase classname="tests.WidgetsTests" name="AutoCompleteSearch" time="16.030"/>
  <testcase classname="tests.WidgetsTests" name="AutoCompleteSearch" time="12.682"/>
  <testcase classname="tests.WidgetsTests" name="AutoCompleteSearch" time="7.829"/>
  <testcase classname="tests.WidgetsTests" name="AutoCompleteSearch" time="14.415"/>
  <testcase classname="tests.WidgetsTests" name="AutoCompleteSearch" time="29.187"/>
  <testcase classname="tests.WidgetsTests" name="AutoCompleteSearch" time="16.551"/>
  <testcase classname="tests.WidgetsTests" name="AutoCompleteSearch" time="15.978"/>
  <testcase classname="tests.WidgetsTests" name="AutoCompleteSearch" time="8.533"/>
  <testcase classname="tests.WidgetsTests" name="AutoCompleteSearch" time="310.370"/>
  <testcase classname="tests.WidgetsTests" name="AutoCompleteSearch" time="8.381"/>
  <testcase classname="tests.WidgetsTests" name="AutoCompleteSearch" time="340.062"/>
  <testcase classname="tests.WidgetsTests" name="AutoCompleteSearch" time="16.018"/>
  <testcase classname="tests.WidgetsTests" name="AutoCompleteSearch" time="8.475"/>
  <testcase classname="tests.WidgetsTests" name="AutoCompleteSearch" time="41.731"/>
  <testcase classname="tests.WidgetsTests" name="AutoCompleteSearch" time="31.743"/>
  <testcase classname="tests.WidgetsTests" name="AutoCompleteSearch" time="15.255"/>
  <testcase classname="tests.WidgetsTests" name="AutoCompleteSearch" time="7.715"/>
  <testcase classname="tests.WidgetsTests" name="AutoCompleteSearch" time="23.703"/>
  <testcase classname="tests.WidgetsTests" name="AutoCompleteSearchRemove" time="21.265"/>
  <testcase classname="tests.WidgetsTests" name="AutoCompleteSingle" time="16.656"/>
  <testcase classname="tests.WidgetsTests" name="SingleAddRemove" time="9.070"/>
</testsuite> <!-- tests.WidgetsTests -->
