<?xml version="1.0" encoding="UTF-8"?>
<!-- Generated by org.testng.reporters.JUnitReportReporter -->
<testsuite hostname="DESKTOP-7NMSRQD" failures="0" tests="6" name="tests.FormTests" time="120.503" errors="0" timestamp="2025-09-19T13:05:01 IST" skipped="0">
  <testcase classname="tests.FormTests" name="FormsCard" time="15.640"/>
  <testcase classname="tests.FormTests" name="FormButton" time="16.531"/>
  <testcase classname="tests.FormTests" name="fillForm" time="19.692"/>
  <testcase classname="tests.FormTests" name="fillForm" time="13.135"/>
  <testcase classname="tests.FormTests" name="fillForm" time="13.737"/>
  <testcase classname="tests.FormTests" name="fillForm" time="41.768"/>
</testsuite> <!-- tests.FormTests -->
