<?xml version="1.0" encoding="UTF-8"?>
<!-- Generated by org.testng.reporters.JUnitReportReporter -->
<testsuite hostname="DESKTOP-7NMSRQD" failures="0" tests="30" name="tests.WidgetsTests" time="1048.990" errors="0" timestamp="2025-09-11T11:57:51 IST" skipped="0">
  <testcase classname="tests.WidgetsTests" name="accessWidgets" time="7.770"/>
  <testcase classname="tests.WidgetsTests" name="Accordian" time="13.487"/>
  <testcase classname="tests.WidgetsTests" name="AccessWhatis" time="6.494"/>
  <testcase classname="tests.WidgetsTests" name="AccessWhereDoes" time="32.017"/>
  <testcase classname="tests.WidgetsTests" name="AccessWhyDoWe" time="17.192"/>
  <testcase classname="tests.WidgetsTests" name="AutoComplete" time="17.447"/>
  <testcase classname="tests.WidgetsTests" name="AutoCompleteSearch" time="17.511"/>
  <testcase classname="tests.WidgetsTests" name="AutoCompleteSearch" time="16.578"/>
  <testcase classname="tests.WidgetsTests" name="AutoCompleteSearch" time="8.744"/>
  <testcase classname="tests.WidgetsTests" name="AutoCompleteSearch" time="15.127"/>
  <testcase classname="tests.WidgetsTests" name="AutoCompleteSearch" time="7.948"/>
  <testcase classname="tests.WidgetsTests" name="AutoCompleteSearch" time="10.089"/>
  <testcase classname="tests.WidgetsTests" name="AutoCompleteSearch" time="13.641"/>
  <testcase classname="tests.WidgetsTests" name="AutoCompleteSearch" time="15.869"/>
  <testcase classname="tests.WidgetsTests" name="AutoCompleteSearch" time="18.478"/>
  <testcase classname="tests.WidgetsTests" name="AutoCompleteSearch" time="8.222"/>
  <testcase classname="tests.WidgetsTests" name="AutoCompleteSearch" time="16.446"/>
  <testcase classname="tests.WidgetsTests" name="AutoCompleteSearch" time="309.522"/>
  <testcase classname="tests.WidgetsTests" name="AutoCompleteSearch" time="10.028"/>
  <testcase classname="tests.WidgetsTests" name="AutoCompleteSearch" time="20.420"/>
  <testcase classname="tests.WidgetsTests" name="AutoCompleteSearch" time="17.073"/>
  <testcase classname="tests.WidgetsTests" name="AutoCompleteSearch" time="16.134"/>
  <testcase classname="tests.WidgetsTests" name="AutoCompleteSearch" time="18.333"/>
  <testcase classname="tests.WidgetsTests" name="AutoCompleteSearch" time="309.070"/>
  <testcase classname="tests.WidgetsTests" name="AutoCompleteSearch" time="16.256"/>
  <testcase classname="tests.WidgetsTests" name="AutoCompleteSearch" time="15.623"/>
  <testcase classname="tests.WidgetsTests" name="AutoCompleteSearch" time="18.026"/>
  <testcase classname="tests.WidgetsTests" name="AutoCompleteSearchRemove" time="18.635"/>
  <testcase classname="tests.WidgetsTests" name="AutoCompleteSingle" time="18.134"/>
  <testcase classname="tests.WidgetsTests" name="SingleAddRemove" time="18.676"/>
</testsuite> <!-- tests.WidgetsTests -->
