<?xml version="1.0" encoding="UTF-8"?>
<!-- Generated by org.testng.reporters.JUnitReportReporter -->
<testsuite hostname="DESKTOP-7NMSRQD" failures="0" tests="6" name="tests.FormTests" time="96.734" errors="0" timestamp="2025-09-11T11:57:51 IST" skipped="0">
  <testcase classname="tests.FormTests" name="FormsCard" time="13.237"/>
  <testcase classname="tests.FormTests" name="FormButton" time="19.019"/>
  <testcase classname="tests.FormTests" name="fillForm" time="10.994"/>
  <testcase classname="tests.FormTests" name="fillForm" time="22.740"/>
  <testcase classname="tests.FormTests" name="fillForm" time="17.944"/>
  <testcase classname="tests.FormTests" name="fillForm" time="12.800"/>
</testsuite> <!-- tests.FormTests -->
