<?xml version="1.0" encoding="UTF-8"?>
<!-- Generated by org.testng.reporters.JUnitReportReporter -->
<testsuite hostname="DESKTOP-7NMSRQD" failures="1" tests="68" name="tests.ElementsTests" time="3038.137" errors="0" timestamp="2025-09-11T18:22:49 IST" skipped="0">
  <testcase classname="tests.ElementsTests" name="ElementsCard" time="14.897"/>
  <testcase classname="tests.ElementsTests" name="TextBox" time="8.541"/>
  <testcase classname="tests.ElementsTests" name="TextBox" time="8.295"/>
  <testcase classname="tests.ElementsTests" name="TextBox" time="17.927"/>
  <testcase classname="tests.ElementsTests" name="TextBox" time="9.195"/>
  <testcase classname="tests.ElementsTests" name="CheckBox" time="14.990"/>
  <testcase classname="tests.ElementsTests" name="SelectingHomeCheckBox" time="18.718"/>
  <testcase classname="tests.ElementsTests" name="SelectingDesktopCheckBox" time="16.563"/>
  <testcase classname="tests.ElementsTests" name="SelectingNotesCommandsClick" time="7.947"/>
  <testcase classname="tests.ElementsTests" name="SelectingDocumentsCheckBox" time="7.744"/>
  <testcase classname="tests.ElementsTests" name="SelectingWorkSpace" time="322.990"/>
  <testcase classname="tests.ElementsTests" name="SelectReact" time="8.553"/>
  <testcase classname="tests.ElementsTests" name="SelectAngular" time="16.554"/>
  <testcase classname="tests.ElementsTests" name="SelectVeu" time="36.144"/>
  <testcase classname="tests.ElementsTests" name="SelectReactAnuglarVeu" time="15.885"/>
  <testcase classname="tests.ElementsTests" name="SelectingOffice" time="10.135"/>
  <testcase classname="tests.ElementsTests" name="SelectPublic" time="7.959"/>
  <testcase classname="tests.ElementsTests" name="SelectPrivate" time="8.237"/>
  <testcase classname="tests.ElementsTests" name="SelectClassified" time="29.879"/>
  <testcase classname="tests.ElementsTests" name="SelectGeneral" time="540.494"/>
  <testcase classname="tests.ElementsTests" name="SelectOfficeAll" time="20.681"/>
  <testcase classname="tests.ElementsTests" name="SelectingDownloads" time="7.452"/>
  <testcase classname="tests.ElementsTests" name="SelectingWordFile" time="7.690"/>
  <testcase classname="tests.ElementsTests" name="SelectingExcelFile" time="17.200"/>
  <testcase classname="tests.ElementsTests" name="SelectingAllFiles" time="12.063"/>
  <testcase classname="tests.ElementsTests" name="clickRadioButton" time="7.318"/>
  <testcase classname="tests.ElementsTests" name="SelectYesRadioButton" time="8.495"/>
  <testcase classname="tests.ElementsTests" name="SelectImpressiveRadioButton" time="7.824"/>
  <testcase classname="tests.ElementsTests" name="WebTablesClick" time="24.005"/>
  <testcase classname="tests.ElementsTests" name="webTableNewRegistration" time="17.686"/>
  <testcase classname="tests.ElementsTests" name="webTableNewRegistration" time="8.620"/>
  <testcase classname="tests.ElementsTests" name="webTableNewRegistration" time="12.248"/>
  <testcase classname="tests.ElementsTests" name="webTableNewRegistration" time="17.312"/>
  <testcase classname="tests.ElementsTests" name="webTableAddSearch" time="18.149"/>
  <testcase classname="tests.ElementsTests" name="webTableAddEditFirstName" time="11.954"/>
  <testcase classname="tests.ElementsTests" name="webTableAddSearchEdit" time="12.353"/>
  <testcase classname="tests.ElementsTests" name="webTableDeleteUser" time="10.647"/>
  <testcase classname="tests.ElementsTests" name="testAddAllUsersFromExcel" time="22.264"/>
  <testcase classname="tests.ElementsTests" name="testAddAllUsersSearchEdit" time="27.244"/>
  <testcase classname="tests.ElementsTests" name="EditSalaryDepartment" time="25.564"/>
  <testcase classname="tests.ElementsTests" name="Buttons" time="7.324"/>
  <testcase classname="tests.ElementsTests" name="DoubleClickButtons" time="19.706"/>
  <testcase classname="tests.ElementsTests" name="RightClickButton" time="10.450"/>
  <testcase classname="tests.ElementsTests" name="ClickMeButton" time="17.588"/>
  <testcase classname="tests.ElementsTests" name="ClickAllButtons" time="21.755"/>
  <testcase classname="tests.ElementsTests" name="ClickLinks" time="7.979"/>
  <testcase classname="tests.ElementsTests" name="ClickHomeLink" time="22.808"/>
  <testcase classname="tests.ElementsTests" name="ClickDynamicHomeLink" time="16.919"/>
  <testcase classname="tests.ElementsTests" name="ClickCreatedAPILink" time="33.420"/>
  <testcase classname="tests.ElementsTests" name="ClickNoContentLink" time="738.365"/>
  <testcase classname="tests.ElementsTests" name="ClickMovedLink" time="19.246"/>
  <testcase classname="tests.ElementsTests" name="ClickBadRequestLink" time="7.501"/>
  <testcase classname="tests.ElementsTests" name="ClickUnauthorizedLink" time="7.862"/>
  <testcase classname="tests.ElementsTests" name="ClickForbiddenLink" time="7.793"/>
  <testcase classname="tests.ElementsTests" name="ClickNotFoundLink" time="435.189"/>
  <testcase classname="tests.ElementsTests" name="ClickAllLinks" time="33.528"/>
  <testcase classname="tests.ElementsTests" name="ClickBrokenLinksImages" time="7.269"/>
  <testcase classname="tests.ElementsTests" name="GetValidImage" time="19.487"/>
  <testcase classname="tests.ElementsTests" name="GetBrokenImage" time="20.699"/>
  <testcase classname="tests.ElementsTests" name="BrokenLinksBrokenlink" time="10.679"/>
  <testcase classname="tests.ElementsTests" name="BrokenLinksValidlink" time="9.908"/>
  <testcase classname="tests.ElementsTests" name="UploadDownloadlink" time="9.309"/>
  <testcase classname="tests.ElementsTests" name="Downloadbtn" time="26.964">
    <failure message="File was not downloaded successfully. expected [true] but found [false]" type="java.lang.AssertionError">
      <![CDATA[java.lang.AssertionError: File was not downloaded successfully. expected [true] but found [false]
at org.testng.Assert.fail(Assert.java:111)
at org.testng.Assert.failNotEquals(Assert.java:1590)
at org.testng.Assert.assertTrue(Assert.java:57)
at pages.elementsPage.DownloadFile(elementsPage.java:1211)
at tests.ElementsTests.Downloadbtn(ElementsTests.java:1127)
at java.base/jdk.internal.reflect.DirectMethodHandleAccessor.invoke(DirectMethodHandleAccessor.java:103)
at java.base/java.lang.reflect.Method.invoke(Method.java:580)
at org.testng.internal.invokers.MethodInvocationHelper.invokeMethod(MethodInvocationHelper.java:141)
at org.testng.internal.invokers.TestInvoker.invokeMethod(TestInvoker.java:687)
at org.testng.internal.invokers.TestInvoker.invokeTestMethod(TestInvoker.java:230)
at org.testng.internal.invokers.MethodRunner.runInSequence(MethodRunner.java:63)
at org.testng.internal.invokers.TestInvoker$MethodInvocationAgent.invoke(TestInvoker.java:995)
at org.testng.internal.invokers.TestInvoker.invokeTestMethods(TestInvoker.java:203)
at org.testng.internal.invokers.TestMethodWorker.invokeTestMethods(TestMethodWorker.java:154)
at org.testng.internal.invokers.TestMethodWorker.run(TestMethodWorker.java:134)
at java.base/java.util.ArrayList.forEach(ArrayList.java:1596)
at org.testng.TestRunner.privateRun(TestRunner.java:741)
at org.testng.TestRunner.run(TestRunner.java:616)
at org.testng.SuiteRunner.runTest(SuiteRunner.java:421)
at org.testng.SuiteRunner.runSequentially(SuiteRunner.java:413)
at org.testng.SuiteRunner.privateRun(SuiteRunner.java:373)
at org.testng.SuiteRunner.run(SuiteRunner.java:312)
at org.testng.SuiteRunnerWorker.runSuite(SuiteRunnerWorker.java:52)
at org.testng.SuiteRunnerWorker.run(SuiteRunnerWorker.java:95)
at org.testng.TestNG.runSuitesSequentially(TestNG.java:1274)
at org.testng.TestNG.runSuitesLocally(TestNG.java:1208)
at org.testng.TestNG.runSuites(TestNG.java:1112)
at org.testng.TestNG.run(TestNG.java:1079)
at org.apache.maven.surefire.testng.TestNGExecutor.run(TestNGExecutor.java:155)
at org.apache.maven.surefire.testng.TestNGDirectoryTestSuite.executeMulti(TestNGDirectoryTestSuite.java:169)
at org.apache.maven.surefire.testng.TestNGDirectoryTestSuite.execute(TestNGDirectoryTestSuite.java:88)
at org.apache.maven.surefire.testng.TestNGProvider.invoke(TestNGProvider.java:137)
at org.apache.maven.surefire.booter.ForkedBooter.runSuitesInProcess(ForkedBooter.java:385)
at org.apache.maven.surefire.booter.ForkedBooter.execute(ForkedBooter.java:162)
at org.apache.maven.surefire.booter.ForkedBooter.run(ForkedBooter.java:507)
at org.apache.maven.surefire.booter.ForkedBooter.main(ForkedBooter.java:495)
]]>
    </failure>
  </testcase> <!-- Downloadbtn -->
  <testcase classname="tests.ElementsTests" name="Uploadbtn" time="8.672"/>
  <testcase classname="tests.ElementsTests" name="DynamicPropertiesbtn" time="34.861"/>
  <testcase classname="tests.ElementsTests" name="WillEnablebtn" time="15.725"/>
  <testcase classname="tests.ElementsTests" name="ColorChangebtn" time="13.482"/>
  <testcase classname="tests.ElementsTests" name="VisibleAfterbtn" time="35.233"/>
</testsuite> <!-- tests.ElementsTests -->
