<?xml version="1.0" encoding="UTF-8"?>
<!-- Generated by org.testng.reporters.JUnitReportReporter -->
<testsuite hostname="DESKTOP-7NMSRQD" failures="0" tests="6" name="tests.ElementsTests" time="52.130" errors="0" timestamp="2025-07-28T12:43:57 IST" skipped="0">
  <testcase classname="tests.ElementsTests" name="ElementsCard" time="5.689"/>
  <testcase classname="tests.ElementsTests" name="TextBox" time="7.211"/>
  <testcase classname="tests.ElementsTests" name="CheckBox" time="13.028"/>
  <testcase classname="tests.ElementsTests" name="SelectingHomeCheckBox" time="6.161"/>
  <testcase classname="tests.ElementsTests" name="SelectingDesktopCheckBox" time="14.291"/>
  <testcase classname="tests.ElementsTests" name="SelectingNotesCommandsClick" time="5.750"/>
</testsuite> <!-- tests.ElementsTests -->
