<?xml version="1.0" encoding="UTF-8"?>
<!-- Generated by org.testng.reporters.JUnitReportReporter -->
<testsuite hostname="DESKTOP-7NMSRQD" failures="0" tests="5" name="tests.FormTests" time="100.845" errors="0" timestamp="2025-08-18T19:54:18 IST" skipped="0">
  <testcase classname="tests.FormTests" name="FormCard" time="14.509"/>
  <testcase classname="tests.FormTests" name="fillForm" time="17.997"/>
  <testcase classname="tests.FormTests" name="fillForm" time="15.997"/>
  <testcase classname="tests.FormTests" name="fillForm" time="34.372"/>
  <testcase classname="tests.FormTests" name="fillForm" time="17.970"/>
</testsuite> <!-- tests.FormTests -->
