<?xml version="1.0" encoding="UTF-8"?>
<!-- Generated by org.testng.reporters.JUnitReportReporter -->
<testsuite hostname="DESKTOP-7NMSRQD" failures="0" tests="19" name="tests.AlertsFramesWindowsTests" time="203.461" errors="0" timestamp="2025-08-25T21:23:19 IST" skipped="0">
  <testcase classname="tests.AlertsFramesWindowsTests" name="accessAlertsFrameWindows" time="11.464"/>
  <testcase classname="tests.AlertsFramesWindowsTests" name="browserWindows" time="6.371"/>
  <testcase classname="tests.AlertsFramesWindowsTests" name="browserWindowsNewTab" time="10.353"/>
  <testcase classname="tests.AlertsFramesWindowsTests" name="browserWindowsNewWindow" time="16.459"/>
  <testcase classname="tests.AlertsFramesWindowsTests" name="browserWindowsNewWindowMsg" time="6.262"/>
  <testcase classname="tests.AlertsFramesWindowsTests" name="ClickAlerts" time="13.234"/>
  <testcase classname="tests.AlertsFramesWindowsTests" name="ClickToSeeAlerts" time="16.796"/>
  <testcase classname="tests.AlertsFramesWindowsTests" name="ClickAcceptConfirmationBox" time="5.849"/>
  <testcase classname="tests.AlertsFramesWindowsTests" name="ClickDenyConfirmationBox" time="6.375"/>
  <testcase classname="tests.AlertsFramesWindowsTests" name="ClickPromptBoxFill" time="12.106"/>
  <testcase classname="tests.AlertsFramesWindowsTests" name="ClickFrames" time="12.377"/>
  <testcase classname="tests.AlertsFramesWindowsTests" name="GetFrame1" time="14.357"/>
  <testcase classname="tests.AlertsFramesWindowsTests" name="GetFrame2" time="7.383"/>
  <testcase classname="tests.AlertsFramesWindowsTests" name="ClickModalDialogs" time="7.391"/>
  <testcase classname="tests.AlertsFramesWindowsTests" name="ClickNestedFrames" time="13.435"/>
  <testcase classname="tests.AlertsFramesWindowsTests" name="GetParentFrame" time="13.031"/>
  <testcase classname="tests.AlertsFramesWindowsTests" name="ClickLargeModal" time="6.699"/>
  <testcase classname="tests.AlertsFramesWindowsTests" name="ClickSmallModal" time="10.820"/>
  <testcase classname="tests.AlertsFramesWindowsTests" name="GetChildFrame" time="12.699"/>
</testsuite> <!-- tests.AlertsFramesWindowsTests -->
