<?xml version="1.0" encoding="UTF-8"?>
<!-- Generated by org.testng.reporters.JUnitReportReporter -->
<testsuite hostname="DESKTOP-7NMSRQD" failures="1" tests="68" name="tests.ElementsTests" time="4783.396" errors="0" timestamp="2025-09-12T21:33:51 IST" skipped="0">
  <testcase classname="tests.ElementsTests" name="ElementsCard" time="65.443"/>
  <testcase classname="tests.ElementsTests" name="TextBox" time="55.141"/>
  <testcase classname="tests.ElementsTests" name="TextBox" time="63.222"/>
  <testcase classname="tests.ElementsTests" name="TextBox" time="69.309"/>
  <testcase classname="tests.ElementsTests" name="TextBox" time="69.617"/>
  <testcase classname="tests.ElementsTests" name="CheckBox" time="62.122"/>
  <testcase classname="tests.ElementsTests" name="SelectingHomeCheckBox" time="39.406"/>
  <testcase classname="tests.ElementsTests" name="SelectingDesktopCheckBox" time="40.404"/>
  <testcase classname="tests.ElementsTests" name="SelectingNotesCommandsClick" time="39.067"/>
  <testcase classname="tests.ElementsTests" name="SelectingDocumentsCheckBox" time="39.114"/>
  <testcase classname="tests.ElementsTests" name="SelectingWorkSpace" time="24.863"/>
  <testcase classname="tests.ElementsTests" name="SelectReact" time="69.261"/>
  <testcase classname="tests.ElementsTests" name="SelectAngular" time="68.900"/>
  <testcase classname="tests.ElementsTests" name="SelectVeu" time="40.163"/>
  <testcase classname="tests.ElementsTests" name="SelectReactAnuglarVeu" time="40.823"/>
  <testcase classname="tests.ElementsTests" name="SelectingOffice" time="68.777"/>
  <testcase classname="tests.ElementsTests" name="SelectPublic" time="49.626"/>
  <testcase classname="tests.ElementsTests" name="SelectPrivate" time="69.081"/>
  <testcase classname="tests.ElementsTests" name="SelectClassified" time="32.668"/>
  <testcase classname="tests.ElementsTests" name="SelectGeneral" time="51.436"/>
  <testcase classname="tests.ElementsTests" name="SelectOfficeAll" time="30.924"/>
  <testcase classname="tests.ElementsTests" name="SelectingDownloads" time="69.581"/>
  <testcase classname="tests.ElementsTests" name="SelectingWordFile" time="54.754"/>
  <testcase classname="tests.ElementsTests" name="SelectingExcelFile" time="69.229"/>
  <testcase classname="tests.ElementsTests" name="SelectingAllFiles" time="50.630"/>
  <testcase classname="tests.ElementsTests" name="clickRadioButton" time="65.746"/>
  <testcase classname="tests.ElementsTests" name="SelectYesRadioButton" time="65.778"/>
  <testcase classname="tests.ElementsTests" name="SelectImpressiveRadioButton" time="47.167"/>
  <testcase classname="tests.ElementsTests" name="WebTablesClick" time="51.443"/>
  <testcase classname="tests.ElementsTests" name="webTableNewRegistration" time="69.937"/>
  <testcase classname="tests.ElementsTests" name="webTableNewRegistration" time="45.906"/>
  <testcase classname="tests.ElementsTests" name="webTableNewRegistration" time="64.944"/>
  <testcase classname="tests.ElementsTests" name="webTableNewRegistration" time="40.034"/>
  <testcase classname="tests.ElementsTests" name="webTableAddSearch" time="40.519"/>
  <testcase classname="tests.ElementsTests" name="webTableAddEditFirstName" time="41.309"/>
  <testcase classname="tests.ElementsTests" name="webTableAddSearchEdit" time="41.804"/>
  <testcase classname="tests.ElementsTests" name="webTableDeleteUser" time="70.087"/>
  <testcase classname="tests.ElementsTests" name="testAddAllUsersFromExcel" time="44.398"/>
  <testcase classname="tests.ElementsTests" name="testAddAllUsersSearchEdit" time="46.074"/>
  <testcase classname="tests.ElementsTests" name="EditSalaryDepartment" time="381.427"/>
  <testcase classname="tests.ElementsTests" name="Buttons" time="29.463"/>
  <testcase classname="tests.ElementsTests" name="DoubleClickButtons" time="44.825"/>
  <testcase classname="tests.ElementsTests" name="RightClickButton" time="342.064"/>
  <testcase classname="tests.ElementsTests" name="ClickMeButton" time="68.615"/>
  <testcase classname="tests.ElementsTests" name="ClickAllButtons" time="42.575"/>
  <testcase classname="tests.ElementsTests" name="ClickLinks" time="65.776"/>
  <testcase classname="tests.ElementsTests" name="ClickHomeLink" time="38.888"/>
  <testcase classname="tests.ElementsTests" name="ClickDynamicHomeLink" time="36.959"/>
  <testcase classname="tests.ElementsTests" name="ClickCreatedAPILink" time="41.948"/>
  <testcase classname="tests.ElementsTests" name="ClickNoContentLink" time="68.852"/>
  <testcase classname="tests.ElementsTests" name="ClickMovedLink" time="340.858"/>
  <testcase classname="tests.ElementsTests" name="ClickBadRequestLink" time="50.185"/>
  <testcase classname="tests.ElementsTests" name="ClickUnauthorizedLink" time="40.267"/>
  <testcase classname="tests.ElementsTests" name="ClickForbiddenLink" time="68.493"/>
  <testcase classname="tests.ElementsTests" name="ClickNotFoundLink" time="37.093"/>
  <testcase classname="tests.ElementsTests" name="ClickAllLinks" time="61.823"/>
  <testcase classname="tests.ElementsTests" name="ClickBrokenLinksImages" time="65.646"/>
  <testcase classname="tests.ElementsTests" name="GetValidImage" time="68.691"/>
  <testcase classname="tests.ElementsTests" name="GetBrokenImage" time="39.223"/>
  <testcase classname="tests.ElementsTests" name="BrokenLinksValidlink" time="31.782"/>
  <testcase classname="tests.ElementsTests" name="BrokenLinksBrokenlink" time="72.407"/>
  <testcase classname="tests.ElementsTests" name="UploadDownloadlink" time="66.561"/>
  <testcase classname="tests.ElementsTests" name="Downloadbtn" time="92.329">
    <failure message="File was not downloaded successfully. expected [true] but found [false]" type="java.lang.AssertionError">
      <![CDATA[java.lang.AssertionError: File was not downloaded successfully. expected [true] but found [false]
at org.testng.Assert.fail(Assert.java:111)
at org.testng.Assert.failNotEquals(Assert.java:1590)
at org.testng.Assert.assertTrue(Assert.java:57)
at pages.elementsPage.DownloadFile(elementsPage.java:1211)
at tests.ElementsTests.Downloadbtn(ElementsTests.java:1384)
at java.base/jdk.internal.reflect.DirectMethodHandleAccessor.invoke(DirectMethodHandleAccessor.java:103)
at java.base/java.lang.reflect.Method.invoke(Method.java:580)
at org.testng.internal.invokers.MethodInvocationHelper.invokeMethod(MethodInvocationHelper.java:141)
at org.testng.internal.invokers.TestInvoker.invokeMethod(TestInvoker.java:687)
at org.testng.internal.invokers.TestInvoker.invokeTestMethod(TestInvoker.java:230)
at org.testng.internal.invokers.MethodRunner.runInSequence(MethodRunner.java:63)
at org.testng.internal.invokers.TestInvoker$MethodInvocationAgent.invoke(TestInvoker.java:995)
at org.testng.internal.invokers.TestInvoker.invokeTestMethods(TestInvoker.java:203)
at org.testng.internal.invokers.TestMethodWorker.invokeTestMethods(TestMethodWorker.java:154)
at org.testng.internal.invokers.TestMethodWorker.run(TestMethodWorker.java:134)
at java.base/java.util.ArrayList.forEach(ArrayList.java:1596)
at org.testng.TestRunner.privateRun(TestRunner.java:741)
at org.testng.TestRunner.run(TestRunner.java:616)
at org.testng.SuiteRunner.runTest(SuiteRunner.java:421)
at org.testng.SuiteRunner.runSequentially(SuiteRunner.java:413)
at org.testng.SuiteRunner.privateRun(SuiteRunner.java:373)
at org.testng.SuiteRunner.run(SuiteRunner.java:312)
at org.testng.SuiteRunnerWorker.runSuite(SuiteRunnerWorker.java:52)
at org.testng.SuiteRunnerWorker.run(SuiteRunnerWorker.java:95)
at org.testng.TestNG.runSuitesSequentially(TestNG.java:1274)
at org.testng.TestNG.runSuitesLocally(TestNG.java:1208)
at org.testng.TestNG.runSuites(TestNG.java:1112)
at org.testng.TestNG.run(TestNG.java:1079)
at org.apache.maven.surefire.testng.TestNGExecutor.run(TestNGExecutor.java:155)
at org.apache.maven.surefire.testng.TestNGDirectoryTestSuite.executeMulti(TestNGDirectoryTestSuite.java:169)
at org.apache.maven.surefire.testng.TestNGDirectoryTestSuite.execute(TestNGDirectoryTestSuite.java:88)
at org.apache.maven.surefire.testng.TestNGProvider.invoke(TestNGProvider.java:137)
at org.apache.maven.surefire.booter.ForkedBooter.runSuitesInProcess(ForkedBooter.java:385)
at org.apache.maven.surefire.booter.ForkedBooter.execute(ForkedBooter.java:162)
at org.apache.maven.surefire.booter.ForkedBooter.run(ForkedBooter.java:507)
at org.apache.maven.surefire.booter.ForkedBooter.main(ForkedBooter.java:495)
]]>
    </failure>
  </testcase> <!-- Downloadbtn -->
  <testcase classname="tests.ElementsTests" name="Uploadbtn" time="46.231"/>
  <testcase classname="tests.ElementsTests" name="DynamicPropertiesbtn" time="36.543"/>
  <testcase classname="tests.ElementsTests" name="ColorChangebtn" time="370.443"/>
  <testcase classname="tests.ElementsTests" name="WillEnablebtn" time="41.235"/>
  <testcase classname="tests.ElementsTests" name="VisibleAfterbtn" time="23.487"/>
</testsuite> <!-- tests.ElementsTests -->
