<?xml version="1.0" encoding="UTF-8"?>
<!-- Generated by org.testng.reporters.JUnitReportReporter -->
<testsuite hostname="DESKTOP-7NMSRQD" failures="0" tests="39" name="tests.WidgetsTests" time="1919.705" errors="0" timestamp="2025-09-20T21:53:54 IST" skipped="0">
  <testcase classname="tests.WidgetsTests" name="accessWidgets" time="4.919"/>
  <testcase classname="tests.WidgetsTests" name="Accordian" time="28.644"/>
  <testcase classname="tests.WidgetsTests" name="AccessWhatis" time="21.155"/>
  <testcase classname="tests.WidgetsTests" name="AccessWhereDoes" time="20.602"/>
  <testcase classname="tests.WidgetsTests" name="AccessWhyDoWe" time="21.295"/>
  <testcase classname="tests.WidgetsTests" name="AutoComplete" time="4.897"/>
  <testcase classname="tests.WidgetsTests" name="AutoCompleteSearch" time="38.395"/>
  <testcase classname="tests.WidgetsTests" name="AutoCompleteSearch" time="338.608"/>
  <testcase classname="tests.WidgetsTests" name="AutoCompleteSearch" time="41.169"/>
  <testcase classname="tests.WidgetsTests" name="AutoCompleteSearch" time="41.638"/>
  <testcase classname="tests.WidgetsTests" name="AutoCompleteSearch" time="36.374"/>
  <testcase classname="tests.WidgetsTests" name="AutoCompleteSearch" time="38.366"/>
  <testcase classname="tests.WidgetsTests" name="AutoCompleteSearch" time="36.086"/>
  <testcase classname="tests.WidgetsTests" name="AutoCompleteSearch" time="37.446"/>
  <testcase classname="tests.WidgetsTests" name="AutoCompleteSearch" time="37.750"/>
  <testcase classname="tests.WidgetsTests" name="AutoCompleteSearch" time="35.664"/>
  <testcase classname="tests.WidgetsTests" name="AutoCompleteSearch" time="35.718"/>
  <testcase classname="tests.WidgetsTests" name="AutoCompleteSearch" time="36.796"/>
  <testcase classname="tests.WidgetsTests" name="AutoCompleteSearch" time="35.256"/>
  <testcase classname="tests.WidgetsTests" name="AutoCompleteSearch" time="24.655"/>
  <testcase classname="tests.WidgetsTests" name="AutoCompleteSearch" time="35.228"/>
  <testcase classname="tests.WidgetsTests" name="AutoCompleteSearch" time="24.994"/>
  <testcase classname="tests.WidgetsTests" name="AutoCompleteSearch" time="36.538"/>
  <testcase classname="tests.WidgetsTests" name="AutoCompleteSearch" time="36.219"/>
  <testcase classname="tests.WidgetsTests" name="AutoCompleteSearch" time="338.982"/>
  <testcase classname="tests.WidgetsTests" name="AutoCompleteSearch" time="26.854"/>
  <testcase classname="tests.WidgetsTests" name="AutoCompleteSearch" time="38.048"/>
  <testcase classname="tests.WidgetsTests" name="AutoCompleteSearchRemove" time="24.021"/>
  <testcase classname="tests.WidgetsTests" name="AutoCompleteSingle" time="40.535"/>
  <testcase classname="tests.WidgetsTests" name="SingleAddRemove" time="68.184"/>
  <testcase classname="tests.WidgetsTests" name="ClickDatePicker" time="4.623"/>
  <testcase classname="tests.WidgetsTests" name="SelectDate" time="37.107"/>
  <testcase classname="tests.WidgetsTests" name="SelectDate" time="35.690"/>
  <testcase classname="tests.WidgetsTests" name="SelectDate" time="35.725"/>
  <testcase classname="tests.WidgetsTests" name="SelectDate" time="36.250"/>
  <testcase classname="tests.WidgetsTests" name="SelectDateAndTime" time="51.152"/>
  <testcase classname="tests.WidgetsTests" name="SelectDateAndTime" time="52.153"/>
  <testcase classname="tests.WidgetsTests" name="SelectDateAndTime" time="32.250"/>
  <testcase classname="tests.WidgetsTests" name="SelectDateAndTime" time="49.719"/>
</testsuite> <!-- tests.WidgetsTests -->
