<?xml version="1.0" encoding="UTF-8"?>
<!-- Generated by org.testng.reporters.JUnitReportReporter -->
<testsuite hostname="DESKTOP-7NMSRQD" failures="0" tests="19" name="tests.AlertsFramesWindowsTests" time="181.918" errors="0" timestamp="2025-09-24T10:12:16 IST" skipped="0">
  <testcase classname="tests.AlertsFramesWindowsTests" name="accessAlertsFrameWindows" time="4.521"/>
  <testcase classname="tests.AlertsFramesWindowsTests" name="browserWindows" time="5.094"/>
  <testcase classname="tests.AlertsFramesWindowsTests" name="browserWindowsNewTab" time="7.025"/>
  <testcase classname="tests.AlertsFramesWindowsTests" name="browserWindowsNewWindow" time="7.440"/>
  <testcase classname="tests.AlertsFramesWindowsTests" name="browserWindowsNewWindowMsg" time="6.638"/>
  <testcase classname="tests.AlertsFramesWindowsTests" name="ClickAlerts" time="4.616"/>
  <testcase classname="tests.AlertsFramesWindowsTests" name="ClickToSeeAlerts" time="16.595"/>
  <testcase classname="tests.AlertsFramesWindowsTests" name="ClickAcceptConfirmationBox" time="14.247"/>
  <testcase classname="tests.AlertsFramesWindowsTests" name="ClickDenyConfirmationBox" time="35.047"/>
  <testcase classname="tests.AlertsFramesWindowsTests" name="ClickPromptBoxFill" time="13.675"/>
  <testcase classname="tests.AlertsFramesWindowsTests" name="ClickFrames" time="5.021"/>
  <testcase classname="tests.AlertsFramesWindowsTests" name="GetFrame1" time="7.448"/>
  <testcase classname="tests.AlertsFramesWindowsTests" name="GetFrame2" time="6.965"/>
  <testcase classname="tests.AlertsFramesWindowsTests" name="ClickModalDialogs" time="4.909"/>
  <testcase classname="tests.AlertsFramesWindowsTests" name="ClickNestedFrames" time="7.367"/>
  <testcase classname="tests.AlertsFramesWindowsTests" name="ClickSmallModal" time="7.735"/>
  <testcase classname="tests.AlertsFramesWindowsTests" name="ClickLargeModal" time="11.363"/>
  <testcase classname="tests.AlertsFramesWindowsTests" name="GetParentFrame" time="9.485"/>
  <testcase classname="tests.AlertsFramesWindowsTests" name="GetChildFrame" time="6.727"/>
</testsuite> <!-- tests.AlertsFramesWindowsTests -->
