<?xml version="1.0" encoding="UTF-8"?>
<!-- Generated by org.testng.reporters.JUnitReportReporter -->
<testsuite hostname="DESKTOP-7NMSRQD" failures="1" tests="69" name="tests.ElementsTests" time="998.584" errors="1" timestamp="2025-09-03T13:03:28 IST" skipped="5">
  <testcase classname="tests.ElementsTests" name="setUP" time="19.136">
    <error message="Failed to navigate to https://demoqa.com after 3 attempts" type="java.lang.RuntimeException">
      <![CDATA[java.lang.RuntimeException: Failed to navigate to https://demoqa.com after 3 attempts
at utils.RetryUrlAccess.navigateWithRetry(RetryUrlAccess.java:45)
at base.demoqaBase.setUP(demoqaBase.java:105)
at java.base/jdk.internal.reflect.DirectMethodHandleAccessor.invoke(DirectMethodHandleAccessor.java:103)
at java.base/java.lang.reflect.Method.invoke(Method.java:580)
at org.testng.internal.invokers.MethodInvocationHelper.invokeMethod(MethodInvocationHelper.java:141)
at org.testng.internal.invokers.MethodInvocationHelper.invokeMethodConsideringTimeout(MethodInvocationHelper.java:71)
at org.testng.internal.invokers.ConfigInvoker.invokeConfigurationMethod(ConfigInvoker.java:400)
at org.testng.internal.invokers.ConfigInvoker.invokeConfigurations(ConfigInvoker.java:333)
at org.testng.internal.invokers.TestInvoker.runConfigMethods(TestInvoker.java:836)
at org.testng.internal.invokers.TestInvoker.invokeMethod(TestInvoker.java:601)
at org.testng.internal.invokers.TestInvoker.invokeTestMethod(TestInvoker.java:230)
at org.testng.internal.invokers.MethodRunner.runInSequence(MethodRunner.java:63)
at org.testng.internal.invokers.TestInvoker$MethodInvocationAgent.invoke(TestInvoker.java:995)
at org.testng.internal.invokers.TestInvoker.invokeTestMethods(TestInvoker.java:203)
at org.testng.internal.invokers.TestMethodWorker.invokeTestMethods(TestMethodWorker.java:154)
at org.testng.internal.invokers.TestMethodWorker.run(TestMethodWorker.java:134)
at java.base/java.util.ArrayList.forEach(ArrayList.java:1596)
at org.testng.TestRunner.privateRun(TestRunner.java:741)
at org.testng.TestRunner.run(TestRunner.java:616)
at org.testng.SuiteRunner.runTest(SuiteRunner.java:421)
at org.testng.SuiteRunner.runSequentially(SuiteRunner.java:413)
at org.testng.SuiteRunner.privateRun(SuiteRunner.java:373)
at org.testng.SuiteRunner.run(SuiteRunner.java:312)
at org.testng.SuiteRunnerWorker.runSuite(SuiteRunnerWorker.java:52)
at org.testng.SuiteRunnerWorker.run(SuiteRunnerWorker.java:95)
at org.testng.TestNG.runSuitesSequentially(TestNG.java:1274)
at org.testng.TestNG.runSuitesLocally(TestNG.java:1208)
at org.testng.TestNG.runSuites(TestNG.java:1112)
at org.testng.TestNG.run(TestNG.java:1079)
at org.apache.maven.surefire.testng.TestNGExecutor.run(TestNGExecutor.java:155)
at org.apache.maven.surefire.testng.TestNGDirectoryTestSuite.executeMulti(TestNGDirectoryTestSuite.java:169)
at org.apache.maven.surefire.testng.TestNGDirectoryTestSuite.execute(TestNGDirectoryTestSuite.java:88)
at org.apache.maven.surefire.testng.TestNGProvider.invoke(TestNGProvider.java:137)
at org.apache.maven.surefire.booter.ForkedBooter.runSuitesInProcess(ForkedBooter.java:385)
at org.apache.maven.surefire.booter.ForkedBooter.execute(ForkedBooter.java:162)
at org.apache.maven.surefire.booter.ForkedBooter.run(ForkedBooter.java:507)
at org.apache.maven.surefire.booter.ForkedBooter.main(ForkedBooter.java:495)
]]>
    </error>
  </testcase> <!-- setUP -->
  <testcase classname="tests.ElementsTests" name="ElementsCard" time="33.238"/>
  <testcase classname="tests.ElementsTests" name="TextBox" time="15.275"/>
  <testcase classname="tests.ElementsTests" name="TextBox" time="37.884"/>
  <testcase classname="tests.ElementsTests" name="TextBox" time="10.433"/>
  <testcase classname="tests.ElementsTests" name="TextBox" time="15.329"/>
  <testcase classname="tests.ElementsTests" name="CheckBox" time="15.232"/>
  <testcase classname="tests.ElementsTests" name="SelectingHomeCheckBox" time="7.817"/>
  <testcase classname="tests.ElementsTests" name="SelectingDesktopCheckBox" time="8.695"/>
  <testcase classname="tests.ElementsTests" name="SelectingNotesCommandsClick" time="8.733"/>
  <testcase classname="tests.ElementsTests" name="SelectingDocumentsCheckBox" time="7.929"/>
  <testcase classname="tests.ElementsTests" name="SelectingWorkSpace" time="13.209"/>
  <testcase classname="tests.ElementsTests" name="SelectReact" time="9.435"/>
  <testcase classname="tests.ElementsTests" name="SelectAngular" time="14.958"/>
  <testcase classname="tests.ElementsTests" name="SelectVeu" time="15.092"/>
  <testcase classname="tests.ElementsTests" name="SelectReactAnuglarVeu" time="8.014"/>
  <testcase classname="tests.ElementsTests" name="SelectingOffice" time="8.064"/>
  <testcase classname="tests.ElementsTests" name="SelectPublic" time="16.571"/>
  <testcase classname="tests.ElementsTests" name="SelectPrivate" time="8.470"/>
  <testcase classname="tests.ElementsTests" name="SelectClassified" time="12.323"/>
  <testcase classname="tests.ElementsTests" name="SelectGeneral" time="14.358"/>
  <testcase classname="tests.ElementsTests" name="SelectOfficeAll" time="9.823"/>
  <testcase classname="tests.ElementsTests" name="SelectingDownloads" time="14.392"/>
  <testcase classname="tests.ElementsTests" name="SelectingWordFile" time="13.944"/>
  <testcase classname="tests.ElementsTests" name="SelectingExcelFile" time="21.638"/>
  <testcase classname="tests.ElementsTests" name="SelectingAllFiles" time="8.598"/>
  <testcase classname="tests.ElementsTests" name="clickRadioButton" time="7.632"/>
  <testcase classname="tests.ElementsTests" name="SelectYesRadioButton" time="7.504"/>
  <testcase classname="tests.ElementsTests" name="SelectImpressiveRadioButton" time="32.335"/>
  <testcase classname="tests.ElementsTests" name="WebTablesClick" time="13.756"/>
  <testcase classname="tests.ElementsTests" name="webTableNewRegistration" time="11.378"/>
  <testcase classname="tests.ElementsTests" name="webTableNewRegistration" time="10.574"/>
  <testcase classname="tests.ElementsTests" name="webTableNewRegistration" time="19.928"/>
  <testcase classname="tests.ElementsTests" name="webTableNewRegistration" time="10.745"/>
  <testcase classname="tests.ElementsTests" name="webTableAddSearch" time="10.780"/>
  <testcase classname="tests.ElementsTests" name="webTableAddEditFirstName" time="27.391"/>
  <testcase classname="tests.ElementsTests" name="webTableAddSearchEdit" time="13.125"/>
  <testcase classname="tests.ElementsTests" name="webTableDeleteUser" time="39.252"/>
  <testcase classname="tests.ElementsTests" name="testAddAllUsersFromExcel" time="22.983"/>
  <testcase classname="tests.ElementsTests" name="testAddAllUsersSearchEdit" time="22.050"/>
  <testcase classname="tests.ElementsTests" name="EditSalaryDepartment" time="29.698"/>
  <testcase classname="tests.ElementsTests" name="Buttons" time="7.619"/>
  <testcase classname="tests.ElementsTests" name="DoubleClickButtons" time="7.802"/>
  <testcase classname="tests.ElementsTests" name="RightClickButton" time="20.435"/>
  <testcase classname="tests.ElementsTests" name="ClickMeButton" time="13.468"/>
  <testcase classname="tests.ElementsTests" name="ClickAllButtons" time="16.987"/>
  <testcase classname="tests.ElementsTests" name="ClickLinks" time="7.920"/>
  <testcase classname="tests.ElementsTests" name="ClickHomeLink" time="13.430"/>
  <testcase classname="tests.ElementsTests" name="ClickDynamicHomeLink" time="7.622"/>
  <testcase classname="tests.ElementsTests" name="ClickCreatedAPILink" time="7.851"/>
  <testcase classname="tests.ElementsTests" name="ClickNoContentLink" time="31.881"/>
  <testcase classname="tests.ElementsTests" name="ClickMovedLink" time="13.206"/>
  <testcase classname="tests.ElementsTests" name="ClickBadRequestLink" time="7.712"/>
  <testcase classname="tests.ElementsTests" name="ClickUnauthorizedLink" time="8.554"/>
  <testcase classname="tests.ElementsTests" name="ClickForbiddenLink" time="13.259"/>
  <testcase classname="tests.ElementsTests" name="ClickNotFoundLink" time="7.091"/>
  <testcase classname="tests.ElementsTests" name="ClickAllLinks" time="39.909"/>
  <testcase classname="tests.ElementsTests" name="ClickBrokenLinksImages" time="15.427"/>
  <testcase classname="tests.ElementsTests" name="GetValidImage" time="6.929"/>
  <testcase classname="tests.ElementsTests" name="GetBrokenImage" time="36.987"/>
  <testcase classname="tests.ElementsTests" name="BrokenLinksValidlink" time="15.365"/>
  <testcase classname="tests.ElementsTests" name="BrokenLinksBrokenlink" time="20.794"/>
  <testcase classname="tests.ElementsTests" name="UploadDownloadlink" time="29.432"/>
  <testcase classname="tests.ElementsTests" name="Downloadbtn" time="1.183">
    <failure message="File was not downloaded successfully. expected [true] but found [false]" type="java.lang.AssertionError">
      <![CDATA[java.lang.AssertionError: File was not downloaded successfully. expected [true] but found [false]
at org.testng.Assert.fail(Assert.java:111)
at org.testng.Assert.failNotEquals(Assert.java:1590)
at org.testng.Assert.assertTrue(Assert.java:57)
at pages.elementsPage.DownloadFile(elementsPage.java:1184)
at tests.ElementsTests.Downloadbtn(ElementsTests.java:1126)
at java.base/jdk.internal.reflect.DirectMethodHandleAccessor.invoke(DirectMethodHandleAccessor.java:103)
at java.base/java.lang.reflect.Method.invoke(Method.java:580)
at org.testng.internal.invokers.MethodInvocationHelper.invokeMethod(MethodInvocationHelper.java:141)
at org.testng.internal.invokers.TestInvoker.invokeMethod(TestInvoker.java:687)
at org.testng.internal.invokers.TestInvoker.invokeTestMethod(TestInvoker.java:230)
at org.testng.internal.invokers.MethodRunner.runInSequence(MethodRunner.java:63)
at org.testng.internal.invokers.TestInvoker$MethodInvocationAgent.invoke(TestInvoker.java:995)
at org.testng.internal.invokers.TestInvoker.invokeTestMethods(TestInvoker.java:203)
at org.testng.internal.invokers.TestMethodWorker.invokeTestMethods(TestMethodWorker.java:154)
at org.testng.internal.invokers.TestMethodWorker.run(TestMethodWorker.java:134)
at java.base/java.util.ArrayList.forEach(ArrayList.java:1596)
at org.testng.TestRunner.privateRun(TestRunner.java:741)
at org.testng.TestRunner.run(TestRunner.java:616)
at org.testng.SuiteRunner.runTest(SuiteRunner.java:421)
at org.testng.SuiteRunner.runSequentially(SuiteRunner.java:413)
at org.testng.SuiteRunner.privateRun(SuiteRunner.java:373)
at org.testng.SuiteRunner.run(SuiteRunner.java:312)
at org.testng.SuiteRunnerWorker.runSuite(SuiteRunnerWorker.java:52)
at org.testng.SuiteRunnerWorker.run(SuiteRunnerWorker.java:95)
at org.testng.TestNG.runSuitesSequentially(TestNG.java:1274)
at org.testng.TestNG.runSuitesLocally(TestNG.java:1208)
at org.testng.TestNG.runSuites(TestNG.java:1112)
at org.testng.TestNG.run(TestNG.java:1079)
at org.apache.maven.surefire.testng.TestNGExecutor.run(TestNGExecutor.java:155)
at org.apache.maven.surefire.testng.TestNGDirectoryTestSuite.executeMulti(TestNGDirectoryTestSuite.java:169)
at org.apache.maven.surefire.testng.TestNGDirectoryTestSuite.execute(TestNGDirectoryTestSuite.java:88)
at org.apache.maven.surefire.testng.TestNGProvider.invoke(TestNGProvider.java:137)
at org.apache.maven.surefire.booter.ForkedBooter.runSuitesInProcess(ForkedBooter.java:385)
at org.apache.maven.surefire.booter.ForkedBooter.execute(ForkedBooter.java:162)
at org.apache.maven.surefire.booter.ForkedBooter.run(ForkedBooter.java:507)
at org.apache.maven.surefire.booter.ForkedBooter.main(ForkedBooter.java:495)
]]>
    </failure>
  </testcase> <!-- Downloadbtn -->
  <testcase classname="tests.ElementsTests" name="Uploadbtn" time="0.000">
    <skipped/>
  </testcase> <!-- Uploadbtn -->
  <testcase classname="tests.ElementsTests" name="DynamicPropertiesbtn" time="0.000">
    <skipped/>
  </testcase> <!-- DynamicPropertiesbtn -->
  <testcase classname="tests.ElementsTests" name="ColorChangebtn" time="0.000">
    <skipped/>
  </testcase> <!-- ColorChangebtn -->
  <testcase classname="tests.ElementsTests" name="WillEnablebtn" time="0.000">
    <skipped/>
  </testcase> <!-- WillEnablebtn -->
  <testcase classname="tests.ElementsTests" name="VisibleAfterbtn" time="0.000">
    <skipped/>
  </testcase> <!-- VisibleAfterbtn -->
</testsuite> <!-- tests.ElementsTests -->
