<?xml version="1.0" encoding="UTF-8"?>
<!-- Generated by org.testng.reporters.JUnitReportReporter -->
<testsuite hostname="DESKTOP-7NMSRQD" failures="0" tests="30" name="tests.WidgetsTests" time="1202.503" errors="0" timestamp="2025-09-07T14:57:26 IST" skipped="0">
  <testcase classname="tests.WidgetsTests" name="accessWidgets" time="28.885"/>
  <testcase classname="tests.WidgetsTests" name="Accordian" time="27.227"/>
  <testcase classname="tests.WidgetsTests" name="AccessWhatis" time="70.954"/>
  <testcase classname="tests.WidgetsTests" name="AccessWhereDoes" time="32.428"/>
  <testcase classname="tests.WidgetsTests" name="AccessWhyDoWe" time="36.967"/>
  <testcase classname="tests.WidgetsTests" name="AutoComplete" time="36.611"/>
  <testcase classname="tests.WidgetsTests" name="AutoCompleteSearch" time="38.930"/>
  <testcase classname="tests.WidgetsTests" name="AutoCompleteSearch" time="29.759"/>
  <testcase classname="tests.WidgetsTests" name="AutoCompleteSearch" time="39.350"/>
  <testcase classname="tests.WidgetsTests" name="AutoCompleteSearch" time="73.576"/>
  <testcase classname="tests.WidgetsTests" name="AutoCompleteSearch" time="39.357"/>
  <testcase classname="tests.WidgetsTests" name="AutoCompleteSearch" time="28.367"/>
  <testcase classname="tests.WidgetsTests" name="AutoCompleteSearch" time="37.600"/>
  <testcase classname="tests.WidgetsTests" name="AutoCompleteSearch" time="38.316"/>
  <testcase classname="tests.WidgetsTests" name="AutoCompleteSearch" time="30.742"/>
  <testcase classname="tests.WidgetsTests" name="AutoCompleteSearch" time="70.757"/>
  <testcase classname="tests.WidgetsTests" name="AutoCompleteSearch" time="37.073"/>
  <testcase classname="tests.WidgetsTests" name="AutoCompleteSearch" time="24.762"/>
  <testcase classname="tests.WidgetsTests" name="AutoCompleteSearch" time="39.365"/>
  <testcase classname="tests.WidgetsTests" name="AutoCompleteSearch" time="19.010"/>
  <testcase classname="tests.WidgetsTests" name="AutoCompleteSearch" time="38.740"/>
  <testcase classname="tests.WidgetsTests" name="AutoCompleteSearch" time="38.562"/>
  <testcase classname="tests.WidgetsTests" name="AutoCompleteSearch" time="38.126"/>
  <testcase classname="tests.WidgetsTests" name="AutoCompleteSearch" time="37.579"/>
  <testcase classname="tests.WidgetsTests" name="AutoCompleteSearch" time="36.926"/>
  <testcase classname="tests.WidgetsTests" name="AutoCompleteSearch" time="38.237"/>
  <testcase classname="tests.WidgetsTests" name="AutoCompleteSearch" time="38.049"/>
  <testcase classname="tests.WidgetsTests" name="AutoCompleteSearchRemove" time="75.051"/>
  <testcase classname="tests.WidgetsTests" name="AutoCompleteSingle" time="37.271"/>
  <testcase classname="tests.WidgetsTests" name="SingleAddRemove" time="43.926"/>
</testsuite> <!-- tests.WidgetsTests -->
