<?xml version="1.0" encoding="UTF-8"?>
<!-- Generated by org.testng.reporters.JUnitReportReporter -->
<testsuite hostname="DESKTOP-7NMSRQD" failures="1" tests="68" name="tests.ElementsTests" time="2322.561" errors="0" timestamp="2025-09-11T11:57:51 IST" skipped="0">
  <testcase classname="tests.ElementsTests" name="ElementsCard" time="16.373"/>
  <testcase classname="tests.ElementsTests" name="TextBox" time="313.931"/>
  <testcase classname="tests.ElementsTests" name="TextBox" time="318.014"/>
  <testcase classname="tests.ElementsTests" name="TextBox" time="8.559"/>
  <testcase classname="tests.ElementsTests" name="TextBox" time="19.200"/>
  <testcase classname="tests.ElementsTests" name="CheckBox" time="7.844"/>
  <testcase classname="tests.ElementsTests" name="SelectingHomeCheckBox" time="15.934"/>
  <testcase classname="tests.ElementsTests" name="SelectingDesktopCheckBox" time="33.228"/>
  <testcase classname="tests.ElementsTests" name="SelectingNotesCommandsClick" time="26.243"/>
  <testcase classname="tests.ElementsTests" name="SelectingDocumentsCheckBox" time="9.043"/>
  <testcase classname="tests.ElementsTests" name="SelectingWorkSpace" time="17.442"/>
  <testcase classname="tests.ElementsTests" name="SelectReact" time="21.393"/>
  <testcase classname="tests.ElementsTests" name="SelectAngular" time="10.325"/>
  <testcase classname="tests.ElementsTests" name="SelectVeu" time="15.996"/>
  <testcase classname="tests.ElementsTests" name="SelectReactAnuglarVeu" time="18.245"/>
  <testcase classname="tests.ElementsTests" name="SelectingOffice" time="33.154"/>
  <testcase classname="tests.ElementsTests" name="SelectPublic" time="18.701"/>
  <testcase classname="tests.ElementsTests" name="SelectPrivate" time="35.380"/>
  <testcase classname="tests.ElementsTests" name="SelectClassified" time="17.478"/>
  <testcase classname="tests.ElementsTests" name="SelectGeneral" time="13.126"/>
  <testcase classname="tests.ElementsTests" name="SelectOfficeAll" time="22.677"/>
  <testcase classname="tests.ElementsTests" name="SelectingDownloads" time="19.603"/>
  <testcase classname="tests.ElementsTests" name="SelectingWordFile" time="17.286"/>
  <testcase classname="tests.ElementsTests" name="SelectingExcelFile" time="15.096"/>
  <testcase classname="tests.ElementsTests" name="SelectingAllFiles" time="9.751"/>
  <testcase classname="tests.ElementsTests" name="clickRadioButton" time="17.188"/>
  <testcase classname="tests.ElementsTests" name="SelectYesRadioButton" time="7.042"/>
  <testcase classname="tests.ElementsTests" name="SelectImpressiveRadioButton" time="9.644"/>
  <testcase classname="tests.ElementsTests" name="WebTablesClick" time="14.481"/>
  <testcase classname="tests.ElementsTests" name="webTableNewRegistration" time="16.343"/>
  <testcase classname="tests.ElementsTests" name="webTableNewRegistration" time="17.252"/>
  <testcase classname="tests.ElementsTests" name="webTableNewRegistration" time="17.944"/>
  <testcase classname="tests.ElementsTests" name="webTableNewRegistration" time="20.963"/>
  <testcase classname="tests.ElementsTests" name="webTableAddSearch" time="311.356"/>
  <testcase classname="tests.ElementsTests" name="webTableAddEditFirstName" time="9.923"/>
  <testcase classname="tests.ElementsTests" name="webTableAddSearchEdit" time="10.553"/>
  <testcase classname="tests.ElementsTests" name="webTableDeleteUser" time="15.903"/>
  <testcase classname="tests.ElementsTests" name="testAddAllUsersFromExcel" time="15.408"/>
  <testcase classname="tests.ElementsTests" name="testAddAllUsersSearchEdit" time="22.960"/>
  <testcase classname="tests.ElementsTests" name="EditSalaryDepartment" time="25.837"/>
  <testcase classname="tests.ElementsTests" name="Buttons" time="14.370"/>
  <testcase classname="tests.ElementsTests" name="DoubleClickButtons" time="6.669"/>
  <testcase classname="tests.ElementsTests" name="RightClickButton" time="36.418"/>
  <testcase classname="tests.ElementsTests" name="ClickMeButton" time="8.554"/>
  <testcase classname="tests.ElementsTests" name="ClickAllButtons" time="25.920"/>
  <testcase classname="tests.ElementsTests" name="ClickLinks" time="18.441"/>
  <testcase classname="tests.ElementsTests" name="ClickHomeLink" time="9.236"/>
  <testcase classname="tests.ElementsTests" name="ClickDynamicHomeLink" time="318.055"/>
  <testcase classname="tests.ElementsTests" name="ClickCreatedAPILink" time="11.981"/>
  <testcase classname="tests.ElementsTests" name="ClickNoContentLink" time="15.141"/>
  <testcase classname="tests.ElementsTests" name="ClickMovedLink" time="17.064"/>
  <testcase classname="tests.ElementsTests" name="ClickBadRequestLink" time="15.329"/>
  <testcase classname="tests.ElementsTests" name="ClickUnauthorizedLink" time="15.077"/>
  <testcase classname="tests.ElementsTests" name="ClickForbiddenLink" time="7.283"/>
  <testcase classname="tests.ElementsTests" name="ClickNotFoundLink" time="16.311"/>
  <testcase classname="tests.ElementsTests" name="ClickAllLinks" time="35.264"/>
  <testcase classname="tests.ElementsTests" name="ClickBrokenLinksImages" time="15.604"/>
  <testcase classname="tests.ElementsTests" name="GetValidImage" time="11.886"/>
  <testcase classname="tests.ElementsTests" name="GetBrokenImage" time="6.409"/>
  <testcase classname="tests.ElementsTests" name="BrokenLinksValidlink" time="16.155"/>
  <testcase classname="tests.ElementsTests" name="BrokenLinksBrokenlink" time="17.457"/>
  <testcase classname="tests.ElementsTests" name="UploadDownloadlink" time="14.392"/>
  <testcase classname="tests.ElementsTests" name="Downloadbtn" time="17.520">
    <failure message="File was not downloaded successfully. expected [true] but found [false]" type="java.lang.AssertionError">
      <![CDATA[java.lang.AssertionError: File was not downloaded successfully. expected [true] but found [false]
at org.testng.Assert.fail(Assert.java:111)
at org.testng.Assert.failNotEquals(Assert.java:1590)
at org.testng.Assert.assertTrue(Assert.java:57)
at pages.elementsPage.DownloadFile(elementsPage.java:1213)
at tests.ElementsTests.Downloadbtn(ElementsTests.java:1121)
at java.base/jdk.internal.reflect.DirectMethodHandleAccessor.invoke(DirectMethodHandleAccessor.java:103)
at java.base/java.lang.reflect.Method.invoke(Method.java:580)
at org.testng.internal.invokers.MethodInvocationHelper.invokeMethod(MethodInvocationHelper.java:141)
at org.testng.internal.invokers.TestInvoker.invokeMethod(TestInvoker.java:687)
at org.testng.internal.invokers.TestInvoker.invokeTestMethod(TestInvoker.java:230)
at org.testng.internal.invokers.MethodRunner.runInSequence(MethodRunner.java:63)
at org.testng.internal.invokers.TestInvoker$MethodInvocationAgent.invoke(TestInvoker.java:995)
at org.testng.internal.invokers.TestInvoker.invokeTestMethods(TestInvoker.java:203)
at org.testng.internal.invokers.TestMethodWorker.invokeTestMethods(TestMethodWorker.java:154)
at org.testng.internal.invokers.TestMethodWorker.run(TestMethodWorker.java:134)
at java.base/java.util.ArrayList.forEach(ArrayList.java:1596)
at org.testng.TestRunner.privateRun(TestRunner.java:741)
at org.testng.TestRunner.run(TestRunner.java:616)
at org.testng.SuiteRunner.runTest(SuiteRunner.java:421)
at org.testng.SuiteRunner.runSequentially(SuiteRunner.java:413)
at org.testng.SuiteRunner.privateRun(SuiteRunner.java:373)
at org.testng.SuiteRunner.run(SuiteRunner.java:312)
at org.testng.SuiteRunnerWorker.runSuite(SuiteRunnerWorker.java:52)
at org.testng.SuiteRunnerWorker.run(SuiteRunnerWorker.java:95)
at org.testng.TestNG.runSuitesSequentially(TestNG.java:1274)
at org.testng.TestNG.runSuitesLocally(TestNG.java:1208)
at org.testng.TestNG.runSuites(TestNG.java:1112)
at org.testng.TestNG.run(TestNG.java:1079)
at org.apache.maven.surefire.testng.TestNGExecutor.run(TestNGExecutor.java:155)
at org.apache.maven.surefire.testng.TestNGDirectoryTestSuite.executeMulti(TestNGDirectoryTestSuite.java:169)
at org.apache.maven.surefire.testng.TestNGDirectoryTestSuite.execute(TestNGDirectoryTestSuite.java:88)
at org.apache.maven.surefire.testng.TestNGProvider.invoke(TestNGProvider.java:137)
at org.apache.maven.surefire.booter.ForkedBooter.runSuitesInProcess(ForkedBooter.java:385)
at org.apache.maven.surefire.booter.ForkedBooter.execute(ForkedBooter.java:162)
at org.apache.maven.surefire.booter.ForkedBooter.run(ForkedBooter.java:507)
at org.apache.maven.surefire.booter.ForkedBooter.main(ForkedBooter.java:495)
]]>
    </failure>
  </testcase> <!-- Downloadbtn -->
  <testcase classname="tests.ElementsTests" name="Uploadbtn" time="9.206"/>
  <testcase classname="tests.ElementsTests" name="DynamicPropertiesbtn" time="6.186"/>
  <testcase classname="tests.ElementsTests" name="ColorChangebtn" time="13.976"/>
  <testcase classname="tests.ElementsTests" name="WillEnablebtn" time="23.185"/>
  <testcase classname="tests.ElementsTests" name="VisibleAfterbtn" time="12.653"/>
</testsuite> <!-- tests.ElementsTests -->
