<?xml version="1.0" encoding="UTF-8"?>
<!-- Generated by org.testng.reporters.JUnitReportReporter -->
<testsuite hostname="DESKTOP-7NMSRQD" failures="0" tests="69" name="tests.ElementsTests" time="1024.159" errors="3" timestamp="2025-09-07T14:57:26 IST" skipped="46">
  <testcase classname="tests.ElementsTests" name="setUP" time="138.157">
    <error message="Failed to navigate to https://demoqa.com after 3 attempts" type="java.lang.RuntimeException">
      <![CDATA[java.lang.RuntimeException: Failed to navigate to https://demoqa.com after 3 attempts
at utils.RetryUrlAccess.navigateWithRetry(RetryUrlAccess.java:32)
at base.demoqaBase.setUP(demoqaBase.java:106)
at java.base/jdk.internal.reflect.DirectMethodHandleAccessor.invoke(DirectMethodHandleAccessor.java:103)
at java.base/java.lang.reflect.Method.invoke(Method.java:580)
at org.testng.internal.invokers.MethodInvocationHelper.invokeMethod(MethodInvocationHelper.java:141)
at org.testng.internal.invokers.MethodInvocationHelper.invokeMethodConsideringTimeout(MethodInvocationHelper.java:71)
at org.testng.internal.invokers.ConfigInvoker.invokeConfigurationMethod(ConfigInvoker.java:400)
at org.testng.internal.invokers.ConfigInvoker.invokeConfigurations(ConfigInvoker.java:333)
at org.testng.internal.invokers.TestInvoker.runConfigMethods(TestInvoker.java:836)
at org.testng.internal.invokers.TestInvoker.invokeMethod(TestInvoker.java:601)
at org.testng.internal.invokers.TestInvoker.invokeTestMethod(TestInvoker.java:230)
at org.testng.internal.invokers.MethodRunner.runInSequence(MethodRunner.java:63)
at org.testng.internal.invokers.TestInvoker$MethodInvocationAgent.invoke(TestInvoker.java:995)
at org.testng.internal.invokers.TestInvoker.invokeTestMethods(TestInvoker.java:203)
at org.testng.internal.invokers.TestMethodWorker.invokeTestMethods(TestMethodWorker.java:154)
at org.testng.internal.invokers.TestMethodWorker.run(TestMethodWorker.java:134)
at java.base/java.util.ArrayList.forEach(ArrayList.java:1596)
at org.testng.TestRunner.privateRun(TestRunner.java:741)
at org.testng.TestRunner.run(TestRunner.java:616)
at org.testng.SuiteRunner.runTest(SuiteRunner.java:421)
at org.testng.SuiteRunner.runSequentially(SuiteRunner.java:413)
at org.testng.SuiteRunner.privateRun(SuiteRunner.java:373)
at org.testng.SuiteRunner.run(SuiteRunner.java:312)
at org.testng.SuiteRunnerWorker.runSuite(SuiteRunnerWorker.java:52)
at org.testng.SuiteRunnerWorker.run(SuiteRunnerWorker.java:95)
at org.testng.TestNG.runSuitesSequentially(TestNG.java:1274)
at org.testng.TestNG.runSuitesLocally(TestNG.java:1208)
at org.testng.TestNG.runSuites(TestNG.java:1112)
at org.testng.TestNG.run(TestNG.java:1079)
at org.apache.maven.surefire.testng.TestNGExecutor.run(TestNGExecutor.java:155)
at org.apache.maven.surefire.testng.TestNGDirectoryTestSuite.executeMulti(TestNGDirectoryTestSuite.java:169)
at org.apache.maven.surefire.testng.TestNGDirectoryTestSuite.execute(TestNGDirectoryTestSuite.java:88)
at org.apache.maven.surefire.testng.TestNGProvider.invoke(TestNGProvider.java:137)
at org.apache.maven.surefire.booter.ForkedBooter.runSuitesInProcess(ForkedBooter.java:385)
at org.apache.maven.surefire.booter.ForkedBooter.execute(ForkedBooter.java:162)
at org.apache.maven.surefire.booter.ForkedBooter.run(ForkedBooter.java:507)
at org.apache.maven.surefire.booter.ForkedBooter.main(ForkedBooter.java:495)
]]>
    </error>
  </testcase> <!-- setUP -->
  <testcase classname="tests.ElementsTests" name="ElementsCard" time="69.477"/>
  <testcase classname="tests.ElementsTests" name="TextBox" time="41.900"/>
  <testcase classname="tests.ElementsTests" name="TextBox" time="37.283"/>
  <testcase classname="tests.ElementsTests" name="TextBox" time="33.290"/>
  <testcase classname="tests.ElementsTests" name="TextBox" time="23.117"/>
  <testcase classname="tests.ElementsTests" name="CheckBox" time="38.123"/>
  <testcase classname="tests.ElementsTests" name="SelectingHomeCheckBox" time="37.636"/>
  <testcase classname="tests.ElementsTests" name="SelectingDesktopCheckBox" time="69.624"/>
  <testcase classname="tests.ElementsTests" name="SelectingNotesCommandsClick" time="17.691"/>
  <testcase classname="tests.ElementsTests" name="SelectingDocumentsCheckBox" time="38.450"/>
  <testcase classname="tests.ElementsTests" name="SelectingWorkSpace" time="28.090">
    <error message="element click intercepted: Element &lt;button aria-label=&quot;Toggle&quot; title=&quot;Toggle&quot; type=&quot;button&quot; class=&quot;rct-collapse rct-collapse-btn&quot;&gt;...&lt;/button&gt; is not clickable at point (419, 268). Other element would receive the click: &lt;iframe frameborder=&quot;0&quot; src=&quot;https://4b07796a74fdb0a2bd7cae4c8a851bd7.safeframe.googlesyndication.com/safeframe/1-0-45/html/container.html&quot; id=&quot;google_ads_iframe_/21849154601,22343295815/Ad.Plus-970x250-1_0&quot; title=&quot;3rd party ad content&quot; name=&quot;&quot; scrolling=&quot;no&quot; marginwidth=&quot;0&quot; marginheight=&quot;0&quot; width=&quot;970&quot; height=&quot;250&quot; data-is-safeframe=&quot;true&quot; sandbox=&quot;allow-forms allow-popups allow-popups-to-escape-sandbox allow-same-origin allow-scripts allow-top-navigation-by-user-activation&quot; allow=&quot;private-state-token-redemption;attribution-reporting&quot; aria-label=&quot;Advertisement&quot; tabindex=&quot;0&quot; data-google-container-id=&quot;2&quot; style=&quot;border: 0px; vertical-align: bottom;&quot; data-load-complete=&quot;true&quot;&gt;&lt;/iframe&gt;
  (Session info: chrome=137.0.7151.120)
Build info: version: &#039;4.35.0&#039;, revision: &#039;1c58e5028b&#039;
System info: os.name: &#039;Windows 11&#039;, os.arch: &#039;amd64&#039;, os.version: &#039;10.0&#039;, java.version: &#039;21.0.7&#039;
Driver info: org.openqa.selenium.chrome.ChromeDriver
Command: [f4b65e0bf7d09fc2131af664457fbd69, clickElement {id=f.87D70559221ED35D3A53E292CE9E5AE9.d.1BB1CA0F385BE9A6503CD154BA46B17B.e.67}]
Capabilities {acceptInsecureCerts: false, browserName: chrome, browserVersion: 137.0.7151.120, chrome: {chromedriverVersion: 137.0.7151.119 (e0ac9d12dff..., userDataDir: C:\Users\dell\AppData\Local...}, fedcm:accounts: true, goog:chromeOptions: {debuggerAddress: localhost:60767}, networkConnectionEnabled: false, pageLoadStrategy: normal, platformName: windows, proxy: Proxy(), se:cdp: ws://localhost:60767/devtoo..., se:cdpVersion: 137.0.7151.120, setWindowRect: true, strictFileInteractability: false, timeouts: {implicit: 0, pageLoad: 300000, script: 30000}, unhandledPromptBehavior: dismiss and notify, webauthn:extension:credBlob: true, webauthn:extension:largeBlob: true, webauthn:extension:minPinLength: true, webauthn:extension:prf: true, webauthn:virtualAuthenticators: true}
Element: [[ChromeDriver: chrome on windows (f4b65e0bf7d09fc2131af664457fbd69)] -&gt; xpath: //*[@id=&quot;tree-node&quot;]/ol/li/span/button]
Session ID: f4b65e0bf7d09fc2131af664457fbd69" type="org.openqa.selenium.ElementClickInterceptedException">
      <![CDATA[org.openqa.selenium.ElementClickInterceptedException: element click intercepted: Element <button aria-label="Toggle" title="Toggle" type="button" class="rct-collapse rct-collapse-btn">...</button> is not clickable at point (419, 268). Other element would receive the click: <iframe frameborder="0" src="https://4b07796a74fdb0a2bd7cae4c8a851bd7.safeframe.googlesyndication.com/safeframe/1-0-45/html/container.html" id="google_ads_iframe_/21849154601,22343295815/Ad.Plus-970x250-1_0" title="3rd party ad content" name="" scrolling="no" marginwidth="0" marginheight="0" width="970" height="250" data-is-safeframe="true" sandbox="allow-forms allow-popups allow-popups-to-escape-sandbox allow-same-origin allow-scripts allow-top-navigation-by-user-activation" allow="private-state-token-redemption;attribution-reporting" aria-label="Advertisement" tabindex="0" data-google-container-id="2" style="border: 0px; vertical-align: bottom;" data-load-complete="true"></iframe>
  (Session info: chrome=137.0.7151.120)
Build info: version: '4.35.0', revision: '1c58e5028b'
System info: os.name: 'Windows 11', os.arch: 'amd64', os.version: '10.0', java.version: '21.0.7'
Driver info: org.openqa.selenium.chrome.ChromeDriver
Command: [f4b65e0bf7d09fc2131af664457fbd69, clickElement {id=f.87D70559221ED35D3A53E292CE9E5AE9.d.1BB1CA0F385BE9A6503CD154BA46B17B.e.67}]
Capabilities {acceptInsecureCerts: false, browserName: chrome, browserVersion: 137.0.7151.120, chrome: {chromedriverVersion: 137.0.7151.119 (e0ac9d12dff..., userDataDir: C:\Users\dell\AppData\Local...}, fedcm:accounts: true, goog:chromeOptions: {debuggerAddress: localhost:60767}, networkConnectionEnabled: false, pageLoadStrategy: normal, platformName: windows, proxy: Proxy(), se:cdp: ws://localhost:60767/devtoo..., se:cdpVersion: 137.0.7151.120, setWindowRect: true, strictFileInteractability: false, timeouts: {implicit: 0, pageLoad: 300000, script: 30000}, unhandledPromptBehavior: dismiss and notify, webauthn:extension:credBlob: true, webauthn:extension:largeBlob: true, webauthn:extension:minPinLength: true, webauthn:extension:prf: true, webauthn:virtualAuthenticators: true}
Element: [[ChromeDriver: chrome on windows (f4b65e0bf7d09fc2131af664457fbd69)] -> xpath: //*[@id="tree-node"]/ol/li/span/button]
Session ID: f4b65e0bf7d09fc2131af664457fbd69
at java.base/jdk.internal.reflect.DirectConstructorHandleAccessor.newInstance(DirectConstructorHandleAccessor.java:62)
at java.base/java.lang.reflect.Constructor.newInstanceWithCaller(Constructor.java:502)
at java.base/java.lang.reflect.Constructor.newInstance(Constructor.java:486)
at org.openqa.selenium.remote.ErrorCodec.decode(ErrorCodec.java:167)
at org.openqa.selenium.remote.codec.w3c.W3CHttpResponseCodec.decode(W3CHttpResponseCodec.java:138)
at org.openqa.selenium.remote.codec.w3c.W3CHttpResponseCodec.decode(W3CHttpResponseCodec.java:50)
at org.openqa.selenium.remote.HttpCommandExecutor.execute(HttpCommandExecutor.java:215)
at org.openqa.selenium.remote.service.DriverCommandExecutor.invokeExecute(DriverCommandExecutor.java:216)
at org.openqa.selenium.remote.service.DriverCommandExecutor.execute(DriverCommandExecutor.java:174)
at org.openqa.selenium.remote.RemoteWebDriver.execute(RemoteWebDriver.java:557)
at org.openqa.selenium.remote.RemoteWebElement.execute(RemoteWebElement.java:223)
at org.openqa.selenium.remote.RemoteWebElement.click(RemoteWebElement.java:76)
at java.base/jdk.internal.reflect.DirectMethodHandleAccessor.invoke(DirectMethodHandleAccessor.java:103)
at java.base/java.lang.reflect.Method.invoke(Method.java:580)
at org.openqa.selenium.support.pagefactory.internal.LocatingElementHandler.invoke(LocatingElementHandler.java:51)
at jdk.proxy2/jdk.proxy2.$Proxy29.click(Unknown Source)
at pages.elementsPage.ToggleHome(elementsPage.java:423)
at tests.ElementsTests.SelectingWorkSpace(ElementsTests.java:181)
at java.base/jdk.internal.reflect.DirectMethodHandleAccessor.invoke(DirectMethodHandleAccessor.java:103)
at java.base/java.lang.reflect.Method.invoke(Method.java:580)
at org.testng.internal.invokers.MethodInvocationHelper.invokeMethod(MethodInvocationHelper.java:141)
at org.testng.internal.invokers.TestInvoker.invokeMethod(TestInvoker.java:687)
at org.testng.internal.invokers.TestInvoker.invokeTestMethod(TestInvoker.java:230)
at org.testng.internal.invokers.MethodRunner.runInSequence(MethodRunner.java:63)
at org.testng.internal.invokers.TestInvoker$MethodInvocationAgent.invoke(TestInvoker.java:995)
at org.testng.internal.invokers.TestInvoker.invokeTestMethods(TestInvoker.java:203)
at org.testng.internal.invokers.TestMethodWorker.invokeTestMethods(TestMethodWorker.java:154)
at org.testng.internal.invokers.TestMethodWorker.run(TestMethodWorker.java:134)
at java.base/java.util.ArrayList.forEach(ArrayList.java:1596)
at org.testng.TestRunner.privateRun(TestRunner.java:741)
at org.testng.TestRunner.run(TestRunner.java:616)
at org.testng.SuiteRunner.runTest(SuiteRunner.java:421)
at org.testng.SuiteRunner.runSequentially(SuiteRunner.java:413)
at org.testng.SuiteRunner.privateRun(SuiteRunner.java:373)
at org.testng.SuiteRunner.run(SuiteRunner.java:312)
at org.testng.SuiteRunnerWorker.runSuite(SuiteRunnerWorker.java:52)
at org.testng.SuiteRunnerWorker.run(SuiteRunnerWorker.java:95)
at org.testng.TestNG.runSuitesSequentially(TestNG.java:1274)
at org.testng.TestNG.runSuitesLocally(TestNG.java:1208)
at org.testng.TestNG.runSuites(TestNG.java:1112)
at org.testng.TestNG.run(TestNG.java:1079)
at org.apache.maven.surefire.testng.TestNGExecutor.run(TestNGExecutor.java:155)
at org.apache.maven.surefire.testng.TestNGDirectoryTestSuite.executeMulti(TestNGDirectoryTestSuite.java:169)
at org.apache.maven.surefire.testng.TestNGDirectoryTestSuite.execute(TestNGDirectoryTestSuite.java:88)
at org.apache.maven.surefire.testng.TestNGProvider.invoke(TestNGProvider.java:137)
at org.apache.maven.surefire.booter.ForkedBooter.runSuitesInProcess(ForkedBooter.java:385)
at org.apache.maven.surefire.booter.ForkedBooter.execute(ForkedBooter.java:162)
at org.apache.maven.surefire.booter.ForkedBooter.run(ForkedBooter.java:507)
at org.apache.maven.surefire.booter.ForkedBooter.main(ForkedBooter.java:495)
]]>
    </error>
  </testcase> <!-- SelectingWorkSpace -->
  <testcase classname="tests.ElementsTests" name="SelectReact" time="36.940"/>
  <testcase classname="tests.ElementsTests" name="SelectAngular" time="38.284"/>
  <testcase classname="tests.ElementsTests" name="SelectVeu" time="47.372"/>
  <testcase classname="tests.ElementsTests" name="SelectReactAnuglarVeu" time="69.101">
    <error message="no such element: Unable to locate element: {&quot;method&quot;:&quot;xpath&quot;,&quot;selector&quot;:&quot;//*[@id=&quot;tree-node&quot;]/ol/li/ol/li[2]/span/button&quot;}
  (Session info: chrome=137.0.7151.120)
For documentation on this error, please visit: https://www.selenium.dev/documentation/webdriver/troubleshooting/errors#no-such-element-exception
Build info: version: &#039;4.35.0&#039;, revision: &#039;1c58e5028b&#039;
System info: os.name: &#039;Windows 11&#039;, os.arch: &#039;amd64&#039;, os.version: &#039;10.0&#039;, java.version: &#039;21.0.7&#039;
Driver info: org.openqa.selenium.chrome.ChromeDriver
Command: [1147220c82ed12253a0a4484a20f62cd, findElement {value=//*[@id=&quot;tree-node&quot;]/ol/li/ol/li[2]/span/button, using=xpath}]
Capabilities {acceptInsecureCerts: false, browserName: chrome, browserVersion: 137.0.7151.120, chrome: {chromedriverVersion: 137.0.7151.119 (e0ac9d12dff..., userDataDir: C:\Users\dell\AppData\Local...}, fedcm:accounts: true, goog:chromeOptions: {debuggerAddress: localhost:61564}, networkConnectionEnabled: false, pageLoadStrategy: normal, platformName: windows, proxy: Proxy(), se:cdp: ws://localhost:61564/devtoo..., se:cdpVersion: 137.0.7151.120, setWindowRect: true, strictFileInteractability: false, timeouts: {implicit: 0, pageLoad: 300000, script: 30000}, unhandledPromptBehavior: dismiss and notify, webauthn:extension:credBlob: true, webauthn:extension:largeBlob: true, webauthn:extension:minPinLength: true, webauthn:extension:prf: true, webauthn:virtualAuthenticators: true}
Session ID: 1147220c82ed12253a0a4484a20f62cd" type="org.openqa.selenium.NoSuchElementException">
      <![CDATA[org.openqa.selenium.NoSuchElementException: no such element: Unable to locate element: {"method":"xpath","selector":"//*[@id="tree-node"]/ol/li/ol/li[2]/span/button"}
  (Session info: chrome=137.0.7151.120)
For documentation on this error, please visit: https://www.selenium.dev/documentation/webdriver/troubleshooting/errors#no-such-element-exception
Build info: version: '4.35.0', revision: '1c58e5028b'
System info: os.name: 'Windows 11', os.arch: 'amd64', os.version: '10.0', java.version: '21.0.7'
Driver info: org.openqa.selenium.chrome.ChromeDriver
Command: [1147220c82ed12253a0a4484a20f62cd, findElement {value=//*[@id="tree-node"]/ol/li/ol/li[2]/span/button, using=xpath}]
Capabilities {acceptInsecureCerts: false, browserName: chrome, browserVersion: 137.0.7151.120, chrome: {chromedriverVersion: 137.0.7151.119 (e0ac9d12dff..., userDataDir: C:\Users\dell\AppData\Local...}, fedcm:accounts: true, goog:chromeOptions: {debuggerAddress: localhost:61564}, networkConnectionEnabled: false, pageLoadStrategy: normal, platformName: windows, proxy: Proxy(), se:cdp: ws://localhost:61564/devtoo..., se:cdpVersion: 137.0.7151.120, setWindowRect: true, strictFileInteractability: false, timeouts: {implicit: 0, pageLoad: 300000, script: 30000}, unhandledPromptBehavior: dismiss and notify, webauthn:extension:credBlob: true, webauthn:extension:largeBlob: true, webauthn:extension:minPinLength: true, webauthn:extension:prf: true, webauthn:virtualAuthenticators: true}
Session ID: 1147220c82ed12253a0a4484a20f62cd
at java.base/jdk.internal.reflect.DirectConstructorHandleAccessor.newInstance(DirectConstructorHandleAccessor.java:62)
at java.base/java.lang.reflect.Constructor.newInstanceWithCaller(Constructor.java:502)
at java.base/java.lang.reflect.Constructor.newInstance(Constructor.java:486)
at org.openqa.selenium.remote.ErrorCodec.decode(ErrorCodec.java:167)
at org.openqa.selenium.remote.codec.w3c.W3CHttpResponseCodec.decode(W3CHttpResponseCodec.java:138)
at org.openqa.selenium.remote.codec.w3c.W3CHttpResponseCodec.decode(W3CHttpResponseCodec.java:50)
at org.openqa.selenium.remote.HttpCommandExecutor.execute(HttpCommandExecutor.java:215)
at org.openqa.selenium.remote.service.DriverCommandExecutor.invokeExecute(DriverCommandExecutor.java:216)
at org.openqa.selenium.remote.service.DriverCommandExecutor.execute(DriverCommandExecutor.java:174)
at org.openqa.selenium.remote.RemoteWebDriver.execute(RemoteWebDriver.java:557)
at org.openqa.selenium.remote.ElementLocation$ElementFinder$2.findElement(ElementLocation.java:165)
at org.openqa.selenium.remote.ElementLocation.findElement(ElementLocation.java:59)
at org.openqa.selenium.remote.RemoteWebDriver.findElement(RemoteWebDriver.java:380)
at org.openqa.selenium.remote.RemoteWebDriver.findElement(RemoteWebDriver.java:374)
at org.openqa.selenium.support.pagefactory.DefaultElementLocator.findElement(DefaultElementLocator.java:68)
at org.openqa.selenium.support.pagefactory.internal.LocatingElementHandler.invoke(LocatingElementHandler.java:38)
at jdk.proxy2/jdk.proxy2.$Proxy29.click(Unknown Source)
at pages.elementsPage.ToggleDocuments(elementsPage.java:474)
at tests.ElementsTests.SelectReactAnuglarVeu(ElementsTests.java:249)
at java.base/jdk.internal.reflect.DirectMethodHandleAccessor.invoke(DirectMethodHandleAccessor.java:103)
at java.base/java.lang.reflect.Method.invoke(Method.java:580)
at org.testng.internal.invokers.MethodInvocationHelper.invokeMethod(MethodInvocationHelper.java:141)
at org.testng.internal.invokers.TestInvoker.invokeMethod(TestInvoker.java:687)
at org.testng.internal.invokers.TestInvoker.invokeTestMethod(TestInvoker.java:230)
at org.testng.internal.invokers.MethodRunner.runInSequence(MethodRunner.java:63)
at org.testng.internal.invokers.TestInvoker$MethodInvocationAgent.invoke(TestInvoker.java:995)
at org.testng.internal.invokers.TestInvoker.invokeTestMethods(TestInvoker.java:203)
at org.testng.internal.invokers.TestMethodWorker.invokeTestMethods(TestMethodWorker.java:154)
at org.testng.internal.invokers.TestMethodWorker.run(TestMethodWorker.java:134)
at java.base/java.util.ArrayList.forEach(ArrayList.java:1596)
at org.testng.TestRunner.privateRun(TestRunner.java:741)
at org.testng.TestRunner.run(TestRunner.java:616)
at org.testng.SuiteRunner.runTest(SuiteRunner.java:421)
at org.testng.SuiteRunner.runSequentially(SuiteRunner.java:413)
at org.testng.SuiteRunner.privateRun(SuiteRunner.java:373)
at org.testng.SuiteRunner.run(SuiteRunner.java:312)
at org.testng.SuiteRunnerWorker.runSuite(SuiteRunnerWorker.java:52)
at org.testng.SuiteRunnerWorker.run(SuiteRunnerWorker.java:95)
at org.testng.TestNG.runSuitesSequentially(TestNG.java:1274)
at org.testng.TestNG.runSuitesLocally(TestNG.java:1208)
at org.testng.TestNG.runSuites(TestNG.java:1112)
at org.testng.TestNG.run(TestNG.java:1079)
at org.apache.maven.surefire.testng.TestNGExecutor.run(TestNGExecutor.java:155)
at org.apache.maven.surefire.testng.TestNGDirectoryTestSuite.executeMulti(TestNGDirectoryTestSuite.java:169)
at org.apache.maven.surefire.testng.TestNGDirectoryTestSuite.execute(TestNGDirectoryTestSuite.java:88)
at org.apache.maven.surefire.testng.TestNGProvider.invoke(TestNGProvider.java:137)
at org.apache.maven.surefire.booter.ForkedBooter.runSuitesInProcess(ForkedBooter.java:385)
at org.apache.maven.surefire.booter.ForkedBooter.execute(ForkedBooter.java:162)
at org.apache.maven.surefire.booter.ForkedBooter.run(ForkedBooter.java:507)
at org.apache.maven.surefire.booter.ForkedBooter.main(ForkedBooter.java:495)
]]>
    </error>
  </testcase> <!-- SelectReactAnuglarVeu -->
  <testcase classname="tests.ElementsTests" name="SelectingOffice" time="69.563"/>
  <testcase classname="tests.ElementsTests" name="SelectPublic" time="37.264"/>
  <testcase classname="tests.ElementsTests" name="SelectPrivate" time="36.596"/>
  <testcase classname="tests.ElementsTests" name="SelectClassified" time="36.575"/>
  <testcase classname="tests.ElementsTests" name="SelectGeneral" time="49.445"/>
  <testcase classname="tests.ElementsTests" name="SelectOfficeAll" time="29.172"/>
  <testcase classname="tests.ElementsTests" name="SelectingDownloads" time="1.009"/>
  <testcase classname="tests.ElementsTests" name="SelectingWordFile" time="0.000">
    <skipped/>
  </testcase> <!-- SelectingWordFile -->
  <testcase classname="tests.ElementsTests" name="SelectingExcelFile" time="0.000">
    <skipped/>
  </testcase> <!-- SelectingExcelFile -->
  <testcase classname="tests.ElementsTests" name="SelectingAllFiles" time="0.000">
    <skipped/>
  </testcase> <!-- SelectingAllFiles -->
  <testcase classname="tests.ElementsTests" name="clickRadioButton" time="0.000">
    <skipped/>
  </testcase> <!-- clickRadioButton -->
  <testcase classname="tests.ElementsTests" name="SelectYesRadioButton" time="0.000">
    <skipped/>
  </testcase> <!-- SelectYesRadioButton -->
  <testcase classname="tests.ElementsTests" name="SelectImpressiveRadioButton" time="0.000">
    <skipped/>
  </testcase> <!-- SelectImpressiveRadioButton -->
  <testcase classname="tests.ElementsTests" name="WebTablesClick" time="0.000">
    <skipped/>
  </testcase> <!-- WebTablesClick -->
  <testcase classname="tests.ElementsTests" name="webTableNewRegistration" time="0.000">
    <skipped/>
  </testcase> <!-- webTableNewRegistration -->
  <testcase classname="tests.ElementsTests" name="webTableNewRegistration" time="0.000">
    <skipped/>
  </testcase> <!-- webTableNewRegistration -->
  <testcase classname="tests.ElementsTests" name="webTableNewRegistration" time="0.000">
    <skipped/>
  </testcase> <!-- webTableNewRegistration -->
  <testcase classname="tests.ElementsTests" name="webTableNewRegistration" time="0.000">
    <skipped/>
  </testcase> <!-- webTableNewRegistration -->
  <testcase classname="tests.ElementsTests" name="webTableAddSearch" time="0.000">
    <skipped/>
  </testcase> <!-- webTableAddSearch -->
  <testcase classname="tests.ElementsTests" name="webTableAddEditFirstName" time="0.000">
    <skipped/>
  </testcase> <!-- webTableAddEditFirstName -->
  <testcase classname="tests.ElementsTests" name="webTableAddSearchEdit" time="0.000">
    <skipped/>
  </testcase> <!-- webTableAddSearchEdit -->
  <testcase classname="tests.ElementsTests" name="webTableDeleteUser" time="0.000">
    <skipped/>
  </testcase> <!-- webTableDeleteUser -->
  <testcase classname="tests.ElementsTests" name="testAddAllUsersFromExcel" time="0.000">
    <skipped/>
  </testcase> <!-- testAddAllUsersFromExcel -->
  <testcase classname="tests.ElementsTests" name="testAddAllUsersSearchEdit" time="0.000">
    <skipped/>
  </testcase> <!-- testAddAllUsersSearchEdit -->
  <testcase classname="tests.ElementsTests" name="EditSalaryDepartment" time="0.000">
    <skipped/>
  </testcase> <!-- EditSalaryDepartment -->
  <testcase classname="tests.ElementsTests" name="Buttons" time="0.000">
    <skipped/>
  </testcase> <!-- Buttons -->
  <testcase classname="tests.ElementsTests" name="DoubleClickButtons" time="0.000">
    <skipped/>
  </testcase> <!-- DoubleClickButtons -->
  <testcase classname="tests.ElementsTests" name="RightClickButton" time="0.000">
    <skipped/>
  </testcase> <!-- RightClickButton -->
  <testcase classname="tests.ElementsTests" name="ClickMeButton" time="0.000">
    <skipped/>
  </testcase> <!-- ClickMeButton -->
  <testcase classname="tests.ElementsTests" name="ClickAllButtons" time="0.000">
    <skipped/>
  </testcase> <!-- ClickAllButtons -->
  <testcase classname="tests.ElementsTests" name="ClickLinks" time="0.000">
    <skipped/>
  </testcase> <!-- ClickLinks -->
  <testcase classname="tests.ElementsTests" name="ClickHomeLink" time="0.000">
    <skipped/>
  </testcase> <!-- ClickHomeLink -->
  <testcase classname="tests.ElementsTests" name="ClickDynamicHomeLink" time="0.000">
    <skipped/>
  </testcase> <!-- ClickDynamicHomeLink -->
  <testcase classname="tests.ElementsTests" name="ClickCreatedAPILink" time="0.000">
    <skipped/>
  </testcase> <!-- ClickCreatedAPILink -->
  <testcase classname="tests.ElementsTests" name="ClickNoContentLink" time="0.000">
    <skipped/>
  </testcase> <!-- ClickNoContentLink -->
  <testcase classname="tests.ElementsTests" name="ClickMovedLink" time="0.000">
    <skipped/>
  </testcase> <!-- ClickMovedLink -->
  <testcase classname="tests.ElementsTests" name="ClickBadRequestLink" time="0.000">
    <skipped/>
  </testcase> <!-- ClickBadRequestLink -->
  <testcase classname="tests.ElementsTests" name="ClickUnauthorizedLink" time="0.000">
    <skipped/>
  </testcase> <!-- ClickUnauthorizedLink -->
  <testcase classname="tests.ElementsTests" name="ClickForbiddenLink" time="0.000">
    <skipped/>
  </testcase> <!-- ClickForbiddenLink -->
  <testcase classname="tests.ElementsTests" name="ClickNotFoundLink" time="0.000">
    <skipped/>
  </testcase> <!-- ClickNotFoundLink -->
  <testcase classname="tests.ElementsTests" name="ClickAllLinks" time="0.000">
    <skipped/>
  </testcase> <!-- ClickAllLinks -->
  <testcase classname="tests.ElementsTests" name="ClickBrokenLinksImages" time="0.000">
    <skipped/>
  </testcase> <!-- ClickBrokenLinksImages -->
  <testcase classname="tests.ElementsTests" name="GetValidImage" time="0.000">
    <skipped/>
  </testcase> <!-- GetValidImage -->
  <testcase classname="tests.ElementsTests" name="GetBrokenImage" time="0.000">
    <skipped/>
  </testcase> <!-- GetBrokenImage -->
  <testcase classname="tests.ElementsTests" name="BrokenLinksValidlink" time="0.000">
    <skipped/>
  </testcase> <!-- BrokenLinksValidlink -->
  <testcase classname="tests.ElementsTests" name="BrokenLinksBrokenlink" time="0.000">
    <skipped/>
  </testcase> <!-- BrokenLinksBrokenlink -->
  <testcase classname="tests.ElementsTests" name="UploadDownloadlink" time="0.000">
    <skipped/>
  </testcase> <!-- UploadDownloadlink -->
  <testcase classname="tests.ElementsTests" name="Downloadbtn" time="0.000">
    <skipped/>
  </testcase> <!-- Downloadbtn -->
  <testcase classname="tests.ElementsTests" name="Uploadbtn" time="0.000">
    <skipped/>
  </testcase> <!-- Uploadbtn -->
  <testcase classname="tests.ElementsTests" name="DynamicPropertiesbtn" time="0.000">
    <skipped/>
  </testcase> <!-- DynamicPropertiesbtn -->
  <testcase classname="tests.ElementsTests" name="WillEnablebtn" time="0.000">
    <skipped/>
  </testcase> <!-- WillEnablebtn -->
  <testcase classname="tests.ElementsTests" name="ColorChangebtn" time="0.000">
    <skipped/>
  </testcase> <!-- ColorChangebtn -->
  <testcase classname="tests.ElementsTests" name="VisibleAfterbtn" time="0.000">
    <skipped/>
  </testcase> <!-- VisibleAfterbtn -->
</testsuite> <!-- tests.ElementsTests -->
