<?xml version="1.0" encoding="UTF-8"?>
<!-- Generated by org.testng.reporters.JUnitReportReporter -->
<testsuite hostname="DESKTOP-7NMSRQD" failures="0" tests="6" name="tests.FormTests" time="83.143" errors="0" timestamp="2025-09-20T21:53:54 IST" skipped="0">
  <testcase classname="tests.FormTests" name="FormsCard" time="5.204"/>
  <testcase classname="tests.FormTests" name="FormButton" time="4.677"/>
  <testcase classname="tests.FormTests" name="fillForm" time="11.430"/>
  <testcase classname="tests.FormTests" name="fillForm" time="37.192"/>
  <testcase classname="tests.FormTests" name="fillForm" time="11.849"/>
  <testcase classname="tests.FormTests" name="fillForm" time="12.791"/>
</testsuite> <!-- tests.FormTests -->
