<?xml version="1.0" encoding="UTF-8"?>
<!-- Generated by org.testng.reporters.JUnitReportReporter -->
<testsuite hostname="DESKTOP-7NMSRQD" failures="0" tests="5" name="tests.FormTests" time="52.267" errors="0" timestamp="2025-08-16T12:08:44 IST" skipped="0">
  <testcase classname="tests.FormTests" name="FormCard" time="6.306"/>
  <testcase classname="tests.FormTests" name="fillForm" time="11.650"/>
  <testcase classname="tests.FormTests" name="fillForm" time="11.725"/>
  <testcase classname="tests.FormTests" name="fillForm" time="11.531"/>
  <testcase classname="tests.FormTests" name="fillForm" time="11.055"/>
</testsuite> <!-- tests.FormTests -->
