<?xml version="1.0" encoding="UTF-8"?>
<!-- Generated by org.testng.reporters.JUnitReportReporter -->
<testsuite hostname="DESKTOP-7NMSRQD" failures="0" tests="5" name="tests.FormTests" time="61.286" errors="0" timestamp="2025-07-18T18:32:25 IST" skipped="0">
  <testcase classname="tests.FormTests" name="FormCard" time="6.607"/>
  <testcase classname="tests.FormTests" name="fillForm" time="14.418"/>
  <testcase classname="tests.FormTests" name="fillForm" time="16.919"/>
  <testcase classname="tests.FormTests" name="fillForm" time="11.665"/>
  <testcase classname="tests.FormTests" name="fillForm" time="11.677"/>
</testsuite> <!-- tests.FormTests -->
