<?xml version="1.0" encoding="UTF-8"?>
<!-- Generated by org.testng.reporters.JUnitReportReporter -->
<testsuite hostname="DESKTOP-7NMSRQD" failures="0" tests="68" name="tests.ElementsTests" time="2302.346" errors="0" timestamp="2025-09-19T13:05:01 IST" skipped="0">
  <testcase classname="tests.ElementsTests" name="ElementsCard" time="7.183"/>
  <testcase classname="tests.ElementsTests" name="TextBox" time="7.728"/>
  <testcase classname="tests.ElementsTests" name="TextBox" time="8.276"/>
  <testcase classname="tests.ElementsTests" name="TextBox" time="19.020"/>
  <testcase classname="tests.ElementsTests" name="TextBox" time="8.485"/>
  <testcase classname="tests.ElementsTests" name="CheckBox" time="17.836"/>
  <testcase classname="tests.ElementsTests" name="SelectingHomeCheckBox" time="15.458"/>
  <testcase classname="tests.ElementsTests" name="SelectingDesktopCheckBox" time="6.905"/>
  <testcase classname="tests.ElementsTests" name="SelectingNotesCommandsClick" time="7.804"/>
  <testcase classname="tests.ElementsTests" name="SelectingDocumentsCheckBox" time="6.891"/>
  <testcase classname="tests.ElementsTests" name="SelectingWorkSpace" time="319.905"/>
  <testcase classname="tests.ElementsTests" name="SelectReact" time="18.327"/>
  <testcase classname="tests.ElementsTests" name="SelectAngular" time="25.272"/>
  <testcase classname="tests.ElementsTests" name="SelectVeu" time="14.752"/>
  <testcase classname="tests.ElementsTests" name="SelectReactAnuglarVeu" time="17.557"/>
  <testcase classname="tests.ElementsTests" name="SelectingOffice" time="331.187"/>
  <testcase classname="tests.ElementsTests" name="SelectPublic" time="8.229"/>
  <testcase classname="tests.ElementsTests" name="SelectPrivate" time="16.139"/>
  <testcase classname="tests.ElementsTests" name="SelectClassified" time="21.404"/>
  <testcase classname="tests.ElementsTests" name="SelectGeneral" time="38.153"/>
  <testcase classname="tests.ElementsTests" name="SelectOfficeAll" time="27.728"/>
  <testcase classname="tests.ElementsTests" name="SelectingDownloads" time="21.450"/>
  <testcase classname="tests.ElementsTests" name="SelectingWordFile" time="6.788"/>
  <testcase classname="tests.ElementsTests" name="SelectingExcelFile" time="7.070"/>
  <testcase classname="tests.ElementsTests" name="SelectingAllFiles" time="8.598"/>
  <testcase classname="tests.ElementsTests" name="clickRadioButton" time="17.770"/>
  <testcase classname="tests.ElementsTests" name="SelectYesRadioButton" time="8.280"/>
  <testcase classname="tests.ElementsTests" name="SelectImpressiveRadioButton" time="33.076"/>
  <testcase classname="tests.ElementsTests" name="WebTablesClick" time="6.674"/>
  <testcase classname="tests.ElementsTests" name="webTableNewRegistration" time="34.442"/>
  <testcase classname="tests.ElementsTests" name="webTableNewRegistration" time="8.878"/>
  <testcase classname="tests.ElementsTests" name="webTableNewRegistration" time="8.423"/>
  <testcase classname="tests.ElementsTests" name="webTableNewRegistration" time="9.580"/>
  <testcase classname="tests.ElementsTests" name="webTableAddSearch" time="10.398"/>
  <testcase classname="tests.ElementsTests" name="webTableAddEditFirstName" time="10.887"/>
  <testcase classname="tests.ElementsTests" name="webTableAddSearchEdit" time="9.908"/>
  <testcase classname="tests.ElementsTests" name="webTableDeleteUser" time="9.569"/>
  <testcase classname="tests.ElementsTests" name="testAddAllUsersFromExcel" time="14.113"/>
  <testcase classname="tests.ElementsTests" name="testAddAllUsersSearchEdit" time="26.351"/>
  <testcase classname="tests.ElementsTests" name="EditSalaryDepartment" time="20.848"/>
  <testcase classname="tests.ElementsTests" name="Buttons" time="33.023"/>
  <testcase classname="tests.ElementsTests" name="DoubleClickButtons" time="12.080"/>
  <testcase classname="tests.ElementsTests" name="RightClickButton" time="16.128"/>
  <testcase classname="tests.ElementsTests" name="ClickMeButton" time="15.434"/>
  <testcase classname="tests.ElementsTests" name="ClickAllButtons" time="9.683"/>
  <testcase classname="tests.ElementsTests" name="ClickLinks" time="37.561"/>
  <testcase classname="tests.ElementsTests" name="ClickHomeLink" time="33.132"/>
  <testcase classname="tests.ElementsTests" name="ClickDynamicHomeLink" time="309.807"/>
  <testcase classname="tests.ElementsTests" name="ClickCreatedAPILink" time="15.622"/>
  <testcase classname="tests.ElementsTests" name="ClickNoContentLink" time="28.097"/>
  <testcase classname="tests.ElementsTests" name="ClickMovedLink" time="18.468"/>
  <testcase classname="tests.ElementsTests" name="ClickBadRequestLink" time="14.663"/>
  <testcase classname="tests.ElementsTests" name="ClickUnauthorizedLink" time="17.537"/>
  <testcase classname="tests.ElementsTests" name="ClickForbiddenLink" time="6.568"/>
  <testcase classname="tests.ElementsTests" name="ClickNotFoundLink" time="12.805"/>
  <testcase classname="tests.ElementsTests" name="ClickAllLinks" time="35.681"/>
  <testcase classname="tests.ElementsTests" name="ClickBrokenLinksImages" time="7.671"/>
  <testcase classname="tests.ElementsTests" name="GetValidImage" time="9.387"/>
  <testcase classname="tests.ElementsTests" name="GetBrokenImage" time="6.723"/>
  <testcase classname="tests.ElementsTests" name="BrokenLinksValidlink" time="10.830"/>
  <testcase classname="tests.ElementsTests" name="BrokenLinksBrokenlink" time="12.289"/>
  <testcase classname="tests.ElementsTests" name="UploadDownloadlink" time="310.296"/>
  <testcase classname="tests.ElementsTests" name="Downloadbtn" time="11.487"/>
  <testcase classname="tests.ElementsTests" name="Uploadbtn" time="8.317"/>
  <testcase classname="tests.ElementsTests" name="DynamicPropertiesbtn" time="34.035"/>
  <testcase classname="tests.ElementsTests" name="ColorChangebtn" time="32.406"/>
  <testcase classname="tests.ElementsTests" name="WillEnablebtn" time="13.527"/>
  <testcase classname="tests.ElementsTests" name="VisibleAfterbtn" time="11.747"/>
</testsuite> <!-- tests.ElementsTests -->
