<?xml version="1.0" encoding="UTF-8"?>
<!-- Generated by org.testng.reporters.JUnitReportReporter -->
<testsuite hostname="DESKTOP-7NMSRQD" failures="0" tests="2" name="tests.FormTests" time="16.154" errors="0" timestamp="2025-07-15T12:43:00 IST" skipped="0">
  <testcase classname="tests.FormTests" name="FormCard" time="5.830"/>
  <testcase classname="tests.FormTests" name="fillForm" time="10.324"/>
</testsuite> <!-- tests.FormTests -->
