<?xml version="1.0" encoding="UTF-8"?>
<!-- Generated by org.testng.reporters.JUnitReportReporter -->
<testsuite hostname="DESKTOP-7NMSRQD" failures="0" tests="5" name="tests.FormTests" time="48.097" errors="0" timestamp="2025-07-18T11:30:31 IST" skipped="0">
  <testcase classname="tests.FormTests" name="FormCard" time="6.296"/>
  <testcase classname="tests.FormTests" name="fillForm" time="9.903"/>
  <testcase classname="tests.FormTests" name="fillForm" time="11.132"/>
  <testcase classname="tests.FormTests" name="fillForm" time="10.448"/>
  <testcase classname="tests.FormTests" name="fillForm" time="10.318"/>
</testsuite> <!-- tests.FormTests -->
