<?xml version="1.0" encoding="UTF-8"?>
<!-- Generated by org.testng.reporters.JUnitReportReporter -->
<testsuite hostname="DESKTOP-7NMSRQD" failures="0" tests="10" name="tests.AlertsFramesWindowsTests" time="127.453" errors="0" timestamp="2025-08-25T10:49:10 IST" skipped="0">
  <testcase classname="tests.AlertsFramesWindowsTests" name="accessAlertsFrameWindows" time="13.606"/>
  <testcase classname="tests.AlertsFramesWindowsTests" name="browserWindows" time="8.242"/>
  <testcase classname="tests.AlertsFramesWindowsTests" name="browserWindowsNewTab" time="8.677"/>
  <testcase classname="tests.AlertsFramesWindowsTests" name="browserWindowsNewWindow" time="8.453"/>
  <testcase classname="tests.AlertsFramesWindowsTests" name="browserWindowsNewWindowMsg" time="15.998"/>
  <testcase classname="tests.AlertsFramesWindowsTests" name="ClickAlerts" time="17.313"/>
  <testcase classname="tests.AlertsFramesWindowsTests" name="ClickToSeeAlerts" time="15.965"/>
  <testcase classname="tests.AlertsFramesWindowsTests" name="ClickDenyConfirmationBox" time="14.940"/>
  <testcase classname="tests.AlertsFramesWindowsTests" name="ClickAcceptConfirmationBox" time="14.530"/>
  <testcase classname="tests.AlertsFramesWindowsTests" name="ClickPromptBoxFill" time="9.729"/>
</testsuite> <!-- tests.AlertsFramesWindowsTests -->
