<?xml version="1.0" encoding="UTF-8"?>
<!-- Generated by org.testng.reporters.JUnitReportReporter -->
<testsuite hostname="DESKTOP-7NMSRQD" failures="0" tests="6" name="tests.FormTests" time="356.913" errors="0" timestamp="2025-09-12T21:33:51 IST" skipped="0">
  <testcase classname="tests.FormTests" name="FormsCard" time="25.930"/>
  <testcase classname="tests.FormTests" name="FormButton" time="65.222"/>
  <testcase classname="tests.FormTests" name="fillForm" time="73.573"/>
  <testcase classname="tests.FormTests" name="fillForm" time="73.954"/>
  <testcase classname="tests.FormTests" name="fillForm" time="74.401"/>
  <testcase classname="tests.FormTests" name="fillForm" time="43.833"/>
</testsuite> <!-- tests.FormTests -->
