<?xml version="1.0" encoding="UTF-8"?>
<!-- Generated by org.testng.reporters.JUnitReportReporter -->
<testsuite hostname="DESKTOP-7NMSRQD" failures="1" tests="28" name="tests.WidgetsTests" time="367.896" errors="0" timestamp="2025-09-03T13:03:28 IST" skipped="0">
  <testcase classname="tests.WidgetsTests" name="accessWidgets" time="16.276"/>
  <testcase classname="tests.WidgetsTests" name="Accordian" time="13.452"/>
  <testcase classname="tests.WidgetsTests" name="AccessWhatis" time="9.169">
    <failure message="expected [false] but found [true]" type="java.lang.AssertionError">
      <![CDATA[java.lang.AssertionError: expected [false] but found [true]
at org.testng.Assert.fail(Assert.java:111)
at org.testng.Assert.failNotEquals(Assert.java:1590)
at org.testng.Assert.assertEqualsImpl(Assert.java:150)
at org.testng.Assert.assertEquals(Assert.java:132)
at org.testng.Assert.assertEquals(Assert.java:1079)
at org.testng.Assert.assertEquals(Assert.java:1043)
at org.testng.Assert.assertEquals(Assert.java:1089)
at pages.WidgetsPage.AccessWhatis(WidgetsPage.java:117)
at tests.WidgetsTests.AccessWhatis(WidgetsTests.java:60)
at java.base/jdk.internal.reflect.DirectMethodHandleAccessor.invoke(DirectMethodHandleAccessor.java:103)
at java.base/java.lang.reflect.Method.invoke(Method.java:580)
at org.testng.internal.invokers.MethodInvocationHelper.invokeMethod(MethodInvocationHelper.java:141)
at org.testng.internal.invokers.TestInvoker.invokeMethod(TestInvoker.java:687)
at org.testng.internal.invokers.TestInvoker.invokeTestMethod(TestInvoker.java:230)
at org.testng.internal.invokers.MethodRunner.runInSequence(MethodRunner.java:63)
at org.testng.internal.invokers.TestInvoker$MethodInvocationAgent.invoke(TestInvoker.java:995)
at org.testng.internal.invokers.TestInvoker.invokeTestMethods(TestInvoker.java:203)
at org.testng.internal.invokers.TestMethodWorker.invokeTestMethods(TestMethodWorker.java:154)
at org.testng.internal.invokers.TestMethodWorker.run(TestMethodWorker.java:134)
at java.base/java.util.ArrayList.forEach(ArrayList.java:1596)
at org.testng.TestRunner.privateRun(TestRunner.java:741)
at org.testng.TestRunner.run(TestRunner.java:616)
at org.testng.SuiteRunner.runTest(SuiteRunner.java:421)
at org.testng.SuiteRunner.runSequentially(SuiteRunner.java:413)
at org.testng.SuiteRunner.privateRun(SuiteRunner.java:373)
at org.testng.SuiteRunner.run(SuiteRunner.java:312)
at org.testng.SuiteRunnerWorker.runSuite(SuiteRunnerWorker.java:52)
at org.testng.SuiteRunnerWorker.run(SuiteRunnerWorker.java:95)
at org.testng.TestNG.runSuitesSequentially(TestNG.java:1274)
at org.testng.TestNG.runSuitesLocally(TestNG.java:1208)
at org.testng.TestNG.runSuites(TestNG.java:1112)
at org.testng.TestNG.run(TestNG.java:1079)
at org.apache.maven.surefire.testng.TestNGExecutor.run(TestNGExecutor.java:155)
at org.apache.maven.surefire.testng.TestNGDirectoryTestSuite.executeMulti(TestNGDirectoryTestSuite.java:169)
at org.apache.maven.surefire.testng.TestNGDirectoryTestSuite.execute(TestNGDirectoryTestSuite.java:88)
at org.apache.maven.surefire.testng.TestNGProvider.invoke(TestNGProvider.java:137)
at org.apache.maven.surefire.booter.ForkedBooter.runSuitesInProcess(ForkedBooter.java:385)
at org.apache.maven.surefire.booter.ForkedBooter.execute(ForkedBooter.java:162)
at org.apache.maven.surefire.booter.ForkedBooter.run(ForkedBooter.java:507)
at org.apache.maven.surefire.booter.ForkedBooter.main(ForkedBooter.java:495)
]]>
    </failure>
  </testcase> <!-- AccessWhatis -->
  <testcase classname="tests.WidgetsTests" name="AccessWhereDoes" time="7.425"/>
  <testcase classname="tests.WidgetsTests" name="AccessWhyDoWe" time="9.206"/>
  <testcase classname="tests.WidgetsTests" name="AutoComplete" time="13.911"/>
  <testcase classname="tests.WidgetsTests" name="AutoCompleteSearch" time="8.354"/>
  <testcase classname="tests.WidgetsTests" name="AutoCompleteSearch" time="15.010"/>
  <testcase classname="tests.WidgetsTests" name="AutoCompleteSearch" time="8.723"/>
  <testcase classname="tests.WidgetsTests" name="AutoCompleteSearch" time="14.866"/>
  <testcase classname="tests.WidgetsTests" name="AutoCompleteSearch" time="11.501"/>
  <testcase classname="tests.WidgetsTests" name="AutoCompleteSearch" time="14.590"/>
  <testcase classname="tests.WidgetsTests" name="AutoCompleteSearch" time="14.658"/>
  <testcase classname="tests.WidgetsTests" name="AutoCompleteSearch" time="10.485"/>
  <testcase classname="tests.WidgetsTests" name="AutoCompleteSearch" time="8.518"/>
  <testcase classname="tests.WidgetsTests" name="AutoCompleteSearch" time="15.905"/>
  <testcase classname="tests.WidgetsTests" name="AutoCompleteSearch" time="7.762"/>
  <testcase classname="tests.WidgetsTests" name="AutoCompleteSearch" time="9.069"/>
  <testcase classname="tests.WidgetsTests" name="AutoCompleteSearch" time="14.944"/>
  <testcase classname="tests.WidgetsTests" name="AutoCompleteSearch" time="14.777"/>
  <testcase classname="tests.WidgetsTests" name="AutoCompleteSearch" time="16.175"/>
  <testcase classname="tests.WidgetsTests" name="AutoCompleteSearch" time="7.619"/>
  <testcase classname="tests.WidgetsTests" name="AutoCompleteSearch" time="9.364"/>
  <testcase classname="tests.WidgetsTests" name="AutoCompleteSearch" time="13.981"/>
  <testcase classname="tests.WidgetsTests" name="AutoCompleteSearch" time="14.274"/>
  <testcase classname="tests.WidgetsTests" name="AutoCompleteSearch" time="37.550"/>
  <testcase classname="tests.WidgetsTests" name="AutoCompleteSearch" time="17.661"/>
  <testcase classname="tests.WidgetsTests" name="AutoCompleteSearchRemove" time="12.671"/>
</testsuite> <!-- tests.WidgetsTests -->
