<?xml version="1.0" encoding="UTF-8"?>
<!-- Generated by org.testng.reporters.JUnitReportReporter -->
<testsuite hostname="DESKTOP-7NMSRQD" failures="0" tests="5" name="tests.FormTests" time="55.513" errors="0" timestamp="2025-07-29T11:15:17 IST" skipped="0">
  <testcase classname="tests.FormTests" name="FormCard" time="6.819"/>
  <testcase classname="tests.FormTests" name="fillForm" time="10.576"/>
  <testcase classname="tests.FormTests" name="fillForm" time="11.483"/>
  <testcase classname="tests.FormTests" name="fillForm" time="12.486"/>
  <testcase classname="tests.FormTests" name="fillForm" time="14.149"/>
</testsuite> <!-- tests.FormTests -->
