<?xml version="1.0" encoding="UTF-8"?>
<!-- Generated by org.testng.reporters.JUnitReportReporter -->
<testsuite hostname="DESKTOP-7NMSRQD" failures="0" tests="5" name="tests.FormTests" time="90.349" errors="0" timestamp="2025-07-28T16:58:54 IST" skipped="0">
  <testcase classname="tests.FormTests" name="FormCard" time="15.413"/>
  <testcase classname="tests.FormTests" name="fillForm" time="34.266"/>
  <testcase classname="tests.FormTests" name="fillForm" time="15.373"/>
  <testcase classname="tests.FormTests" name="fillForm" time="11.556"/>
  <testcase classname="tests.FormTests" name="fillForm" time="13.741"/>
</testsuite> <!-- tests.FormTests -->
