<?xml version="1.0" encoding="UTF-8"?>
<!-- Generated by org.testng.reporters.JUnitReportReporter -->
<testsuite hostname="DESKTOP-7NMSRQD" failures="0" tests="2" name="tests.FormTests" time="16.341" errors="0" timestamp="2025-07-16T10:40:31 IST" skipped="0">
  <testcase classname="tests.FormTests" name="FormCard" time="5.335"/>
  <testcase classname="tests.FormTests" name="fillForm" time="11.006"/>
</testsuite> <!-- tests.FormTests -->
