<?xml version="1.0" encoding="UTF-8"?>
<!-- Generated by org.testng.reporters.JUnitReportReporter -->
<testsuite hostname="DESKTOP-7NMSRQD" failures="0" tests="37" name="tests.ElementsTests" time="309.586" errors="0" timestamp="2025-08-12T12:27:46 IST" skipped="0">
  <testcase classname="tests.ElementsTests" name="ElementsCard" time="6.947"/>
  <testcase classname="tests.ElementsTests" name="TextBox" time="8.091"/>
  <testcase classname="tests.ElementsTests" name="CheckBox" time="7.159"/>
  <testcase classname="tests.ElementsTests" name="SelectingHomeCheckBox" time="6.749"/>
  <testcase classname="tests.ElementsTests" name="SelectingDesktopCheckBox" time="6.972"/>
  <testcase classname="tests.ElementsTests" name="SelectingNotesCommandsClick" time="7.121"/>
  <testcase classname="tests.ElementsTests" name="SelectingDocumentsCheckBox" time="6.729"/>
  <testcase classname="tests.ElementsTests" name="SelectingWorkSpace" time="7.346"/>
  <testcase classname="tests.ElementsTests" name="SelectReact" time="7.204"/>
  <testcase classname="tests.ElementsTests" name="SelectAngular" time="7.470"/>
  <testcase classname="tests.ElementsTests" name="SelectVeu" time="8.000"/>
  <testcase classname="tests.ElementsTests" name="SelectReactAnuglarVeu" time="7.376"/>
  <testcase classname="tests.ElementsTests" name="SelectingOffice" time="7.001"/>
  <testcase classname="tests.ElementsTests" name="SelectPublic" time="7.032"/>
  <testcase classname="tests.ElementsTests" name="SelectPrivate" time="6.766"/>
  <testcase classname="tests.ElementsTests" name="SelectClassified" time="7.090"/>
  <testcase classname="tests.ElementsTests" name="SelectGeneral" time="7.175"/>
  <testcase classname="tests.ElementsTests" name="SelectOfficeAll" time="7.320"/>
  <testcase classname="tests.ElementsTests" name="SelectingDownloads" time="7.271"/>
  <testcase classname="tests.ElementsTests" name="SelectingWordFile" time="7.719"/>
  <testcase classname="tests.ElementsTests" name="SelectingExcelFile" time="7.165"/>
  <testcase classname="tests.ElementsTests" name="SelectingAllFiles" time="7.040"/>
  <testcase classname="tests.ElementsTests" name="clickRadioButton" time="7.259"/>
  <testcase classname="tests.ElementsTests" name="SelectYesRadioButton" time="6.855"/>
  <testcase classname="tests.ElementsTests" name="SelectImpressiveRadioButton" time="6.484"/>
  <testcase classname="tests.ElementsTests" name="WebTablesClick" time="6.799"/>
  <testcase classname="tests.ElementsTests" name="webTableNewRegistration" time="8.872"/>
  <testcase classname="tests.ElementsTests" name="webTableNewRegistration" time="9.087"/>
  <testcase classname="tests.ElementsTests" name="webTableNewRegistration" time="9.072"/>
  <testcase classname="tests.ElementsTests" name="webTableNewRegistration" time="8.412"/>
  <testcase classname="tests.ElementsTests" name="webTableAddSearch" time="9.299"/>
  <testcase classname="tests.ElementsTests" name="webTableAddEditFirstName" time="10.321"/>
  <testcase classname="tests.ElementsTests" name="webTableAddSearchEdit" time="10.690"/>
  <testcase classname="tests.ElementsTests" name="webTableDeleteUser" time="8.999"/>
  <testcase classname="tests.ElementsTests" name="testAddAllUsersFromExcel" time="13.787"/>
  <testcase classname="tests.ElementsTests" name="testAddAllUsersSearchEdit" time="15.841"/>
  <testcase classname="tests.ElementsTests" name="EditSalaryDepartment" time="19.066"/>
</testsuite> <!-- tests.ElementsTests -->
