<?xml version="1.0" encoding="UTF-8"?>
<!-- Generated by org.testng.reporters.JUnitReportReporter -->
<testsuite hostname="DESKTOP-7NMSRQD" failures="0" tests="58" name="tests.ElementsTests" time="761.283" errors="1" timestamp="2025-08-18T19:54:18 IST" skipped="0">
  <testcase classname="tests.ElementsTests" name="ElementsCard" time="10.141"/>
  <testcase classname="tests.ElementsTests" name="TextBox" time="13.058"/>
  <testcase classname="tests.ElementsTests" name="CheckBox" time="17.518"/>
  <testcase classname="tests.ElementsTests" name="SelectingHomeCheckBox" time="15.290"/>
  <testcase classname="tests.ElementsTests" name="SelectingDesktopCheckBox" time="13.876"/>
  <testcase classname="tests.ElementsTests" name="SelectingNotesCommandsClick" time="21.215"/>
  <testcase classname="tests.ElementsTests" name="SelectingDocumentsCheckBox" time="13.659"/>
  <testcase classname="tests.ElementsTests" name="SelectingWorkSpace" time="14.498"/>
  <testcase classname="tests.ElementsTests" name="SelectReact" time="9.545"/>
  <testcase classname="tests.ElementsTests" name="SelectAngular" time="16.482"/>
  <testcase classname="tests.ElementsTests" name="SelectVeu" time="14.877"/>
  <testcase classname="tests.ElementsTests" name="SelectReactAnuglarVeu" time="13.429"/>
  <testcase classname="tests.ElementsTests" name="SelectingOffice" time="13.933"/>
  <testcase classname="tests.ElementsTests" name="SelectPublic" time="16.409"/>
  <testcase classname="tests.ElementsTests" name="SelectPrivate" time="11.459"/>
  <testcase classname="tests.ElementsTests" name="SelectClassified" time="12.942"/>
  <testcase classname="tests.ElementsTests" name="SelectGeneral" time="14.704"/>
  <testcase classname="tests.ElementsTests" name="SelectOfficeAll" time="11.438"/>
  <testcase classname="tests.ElementsTests" name="SelectingDownloads" time="10.824"/>
  <testcase classname="tests.ElementsTests" name="SelectingWordFile" time="13.983"/>
  <testcase classname="tests.ElementsTests" name="SelectingExcelFile" time="10.962"/>
  <testcase classname="tests.ElementsTests" name="SelectingAllFiles" time="11.657"/>
  <testcase classname="tests.ElementsTests" name="clickRadioButton" time="9.716"/>
  <testcase classname="tests.ElementsTests" name="SelectYesRadioButton" time="10.515"/>
  <testcase classname="tests.ElementsTests" name="SelectImpressiveRadioButton" time="9.027"/>
  <testcase classname="tests.ElementsTests" name="WebTablesClick" time="9.571"/>
  <testcase classname="tests.ElementsTests" name="webTableNewRegistration" time="14.240"/>
  <testcase classname="tests.ElementsTests" name="webTableNewRegistration" time="12.239"/>
  <testcase classname="tests.ElementsTests" name="webTableNewRegistration" time="16.419"/>
  <testcase classname="tests.ElementsTests" name="webTableNewRegistration" time="15.010"/>
  <testcase classname="tests.ElementsTests" name="webTableAddSearch" time="17.518"/>
  <testcase classname="tests.ElementsTests" name="webTableAddEditFirstName" time="15.325"/>
  <testcase classname="tests.ElementsTests" name="webTableAddSearchEdit" time="16.152"/>
  <testcase classname="tests.ElementsTests" name="webTableDeleteUser" time="10.501"/>
  <testcase classname="tests.ElementsTests" name="testAddAllUsersFromExcel" time="20.552"/>
  <testcase classname="tests.ElementsTests" name="testAddAllUsersSearchEdit" time="20.381"/>
  <testcase classname="tests.ElementsTests" name="EditSalaryDepartment" time="26.002"/>
  <testcase classname="tests.ElementsTests" name="Buttons" time="7.219"/>
  <testcase classname="tests.ElementsTests" name="DoubleClickButtons" time="22.076"/>
  <testcase classname="tests.ElementsTests" name="RightClickButton" time="8.852"/>
  <testcase classname="tests.ElementsTests" name="ClickMeButton" time="8.245"/>
  <testcase classname="tests.ElementsTests" name="ClickAllButtons" time="17.996"/>
  <testcase classname="tests.ElementsTests" name="ClickLinks" time="7.483"/>
  <testcase classname="tests.ElementsTests" name="ClickHomeLink" time="8.674"/>
  <testcase classname="tests.ElementsTests" name="ClickDynamicHomeLink" time="11.262"/>
  <testcase classname="tests.ElementsTests" name="ClickCreatedAPILink" time="9.985"/>
  <testcase classname="tests.ElementsTests" name="ClickNoContentLink" time="6.970"/>
  <testcase classname="tests.ElementsTests" name="ClickMovedLink" time="8.313"/>
  <testcase classname="tests.ElementsTests" name="ClickBadRequestLink" time="15.411"/>
  <testcase classname="tests.ElementsTests" name="ClickUnauthorizedLink" time="11.027"/>
  <testcase classname="tests.ElementsTests" name="ClickForbiddenLink" time="10.284"/>
  <testcase classname="tests.ElementsTests" name="ClickNotFoundLink" time="9.936"/>
  <testcase classname="tests.ElementsTests" name="ClickAllLinks" time="13.561">
    <error message="element click intercepted: Element &lt;a id=&quot;dynamicLink&quot; href=&quot;https://demoqa.com&quot; target=&quot;_blank&quot;&gt;...&lt;/a&gt; is not clickable at point (424, 606). Other element would receive the click: &lt;div&gt;...&lt;/div&gt;
  (Session info: chrome=137.0.7151.120)
Build info: version: &#039;4.34.0&#039;, revision: &#039;707dcb4246*&#039;
System info: os.name: &#039;Windows 11&#039;, os.arch: &#039;amd64&#039;, os.version: &#039;10.0&#039;, java.version: &#039;21.0.7&#039;
Driver info: org.openqa.selenium.chrome.ChromeDriver
Command: [31b61f550a376dc2aa1ec5ae53e7739c, clickElement {id=f.56E3E66B555546A70A3570671342A510.d.DF76DA236848B98D8FF460FDD2353070.e.46}]
Capabilities {acceptInsecureCerts: false, browserName: chrome, browserVersion: 137.0.7151.120, chrome: {chromedriverVersion: 137.0.7151.119 (e0ac9d12dff..., userDataDir: /tmp/chrome-profile-01f5474...}, fedcm:accounts: true, goog:chromeOptions: {debuggerAddress: localhost:50743}, networkConnectionEnabled: false, pageLoadStrategy: normal, platformName: windows, proxy: Proxy(), se:cdp: ws://localhost:50743/devtoo..., se:cdpVersion: 137.0.7151.120, setWindowRect: true, strictFileInteractability: false, timeouts: {implicit: 0, pageLoad: 300000, script: 30000}, unhandledPromptBehavior: dismiss and notify, webauthn:extension:credBlob: true, webauthn:extension:largeBlob: true, webauthn:extension:minPinLength: true, webauthn:extension:prf: true, webauthn:virtualAuthenticators: true}
Element: [[ChromeDriver: chrome on windows (31b61f550a376dc2aa1ec5ae53e7739c)] -&gt; xpath: //a[@id=&#039;dynamicLink&#039;]]
Session ID: 31b61f550a376dc2aa1ec5ae53e7739c" type="org.openqa.selenium.ElementClickInterceptedException">
      <![CDATA[org.openqa.selenium.ElementClickInterceptedException: element click intercepted: Element <a id="dynamicLink" href="https://demoqa.com" target="_blank">...</a> is not clickable at point (424, 606). Other element would receive the click: <div>...</div>
  (Session info: chrome=137.0.7151.120)
Build info: version: '4.34.0', revision: '707dcb4246*'
System info: os.name: 'Windows 11', os.arch: 'amd64', os.version: '10.0', java.version: '21.0.7'
Driver info: org.openqa.selenium.chrome.ChromeDriver
Command: [31b61f550a376dc2aa1ec5ae53e7739c, clickElement {id=f.56E3E66B555546A70A3570671342A510.d.DF76DA236848B98D8FF460FDD2353070.e.46}]
Capabilities {acceptInsecureCerts: false, browserName: chrome, browserVersion: 137.0.7151.120, chrome: {chromedriverVersion: 137.0.7151.119 (e0ac9d12dff..., userDataDir: /tmp/chrome-profile-01f5474...}, fedcm:accounts: true, goog:chromeOptions: {debuggerAddress: localhost:50743}, networkConnectionEnabled: false, pageLoadStrategy: normal, platformName: windows, proxy: Proxy(), se:cdp: ws://localhost:50743/devtoo..., se:cdpVersion: 137.0.7151.120, setWindowRect: true, strictFileInteractability: false, timeouts: {implicit: 0, pageLoad: 300000, script: 30000}, unhandledPromptBehavior: dismiss and notify, webauthn:extension:credBlob: true, webauthn:extension:largeBlob: true, webauthn:extension:minPinLength: true, webauthn:extension:prf: true, webauthn:virtualAuthenticators: true}
Element: [[ChromeDriver: chrome on windows (31b61f550a376dc2aa1ec5ae53e7739c)] -> xpath: //a[@id='dynamicLink']]
Session ID: 31b61f550a376dc2aa1ec5ae53e7739c
at java.base/jdk.internal.reflect.DirectConstructorHandleAccessor.newInstance(DirectConstructorHandleAccessor.java:62)
at java.base/java.lang.reflect.Constructor.newInstanceWithCaller(Constructor.java:502)
at java.base/java.lang.reflect.Constructor.newInstance(Constructor.java:486)
at org.openqa.selenium.remote.ErrorCodec.decode(ErrorCodec.java:167)
at org.openqa.selenium.remote.codec.w3c.W3CHttpResponseCodec.decode(W3CHttpResponseCodec.java:138)
at org.openqa.selenium.remote.codec.w3c.W3CHttpResponseCodec.decode(W3CHttpResponseCodec.java:50)
at org.openqa.selenium.remote.HttpCommandExecutor.execute(HttpCommandExecutor.java:215)
at org.openqa.selenium.remote.service.DriverCommandExecutor.invokeExecute(DriverCommandExecutor.java:216)
at org.openqa.selenium.remote.service.DriverCommandExecutor.execute(DriverCommandExecutor.java:174)
at org.openqa.selenium.remote.RemoteWebDriver.execute(RemoteWebDriver.java:544)
at org.openqa.selenium.remote.RemoteWebElement.execute(RemoteWebElement.java:223)
at org.openqa.selenium.remote.RemoteWebElement.click(RemoteWebElement.java:76)
at java.base/jdk.internal.reflect.DirectMethodHandleAccessor.invoke(DirectMethodHandleAccessor.java:103)
at java.base/java.lang.reflect.Method.invoke(Method.java:580)
at org.openqa.selenium.support.pagefactory.internal.LocatingElementHandler.invoke(LocatingElementHandler.java:51)
at jdk.proxy2/jdk.proxy2.$Proxy29.click(Unknown Source)
at pages.elementsPage.ClickDynamicHomeLink(elementsPage.java:912)
at tests.ElementsTests.ClickAllLinks(ElementsTests.java:982)
at java.base/jdk.internal.reflect.DirectMethodHandleAccessor.invoke(DirectMethodHandleAccessor.java:103)
at java.base/java.lang.reflect.Method.invoke(Method.java:580)
at org.testng.internal.invokers.MethodInvocationHelper.invokeMethod(MethodInvocationHelper.java:141)
at org.testng.internal.invokers.TestInvoker.invokeMethod(TestInvoker.java:687)
at org.testng.internal.invokers.TestInvoker.invokeTestMethod(TestInvoker.java:230)
at org.testng.internal.invokers.MethodRunner.runInSequence(MethodRunner.java:63)
at org.testng.internal.invokers.TestInvoker$MethodInvocationAgent.invoke(TestInvoker.java:995)
at org.testng.internal.invokers.TestInvoker.invokeTestMethods(TestInvoker.java:203)
at org.testng.internal.invokers.TestMethodWorker.invokeTestMethods(TestMethodWorker.java:154)
at org.testng.internal.invokers.TestMethodWorker.run(TestMethodWorker.java:134)
at java.base/java.util.ArrayList.forEach(ArrayList.java:1596)
at org.testng.TestRunner.privateRun(TestRunner.java:741)
at org.testng.TestRunner.run(TestRunner.java:616)
at org.testng.SuiteRunner.runTest(SuiteRunner.java:421)
at org.testng.SuiteRunner.runSequentially(SuiteRunner.java:413)
at org.testng.SuiteRunner.privateRun(SuiteRunner.java:373)
at org.testng.SuiteRunner.run(SuiteRunner.java:312)
at org.testng.SuiteRunnerWorker.runSuite(SuiteRunnerWorker.java:52)
at org.testng.SuiteRunnerWorker.run(SuiteRunnerWorker.java:95)
at org.testng.TestNG.runSuitesSequentially(TestNG.java:1274)
at org.testng.TestNG.runSuitesLocally(TestNG.java:1208)
at org.testng.TestNG.runSuites(TestNG.java:1112)
at org.testng.TestNG.run(TestNG.java:1079)
at org.apache.maven.surefire.testng.TestNGExecutor.run(TestNGExecutor.java:155)
at org.apache.maven.surefire.testng.TestNGDirectoryTestSuite.executeMulti(TestNGDirectoryTestSuite.java:169)
at org.apache.maven.surefire.testng.TestNGDirectoryTestSuite.execute(TestNGDirectoryTestSuite.java:88)
at org.apache.maven.surefire.testng.TestNGProvider.invoke(TestNGProvider.java:137)
at org.apache.maven.surefire.booter.ForkedBooter.runSuitesInProcess(ForkedBooter.java:385)
at org.apache.maven.surefire.booter.ForkedBooter.execute(ForkedBooter.java:162)
at org.apache.maven.surefire.booter.ForkedBooter.run(ForkedBooter.java:507)
at org.apache.maven.surefire.booter.ForkedBooter.main(ForkedBooter.java:495)
]]>
    </error>
  </testcase> <!-- ClickAllLinks -->
  <testcase classname="tests.ElementsTests" name="ClickBrokenLinksImages" time="10.576"/>
  <testcase classname="tests.ElementsTests" name="GetValidImage" time="13.090"/>
  <testcase classname="tests.ElementsTests" name="GetBrokenImage" time="7.351"/>
  <testcase classname="tests.ElementsTests" name="BrokenLinksBrokenlink" time="18.731"/>
  <testcase classname="tests.ElementsTests" name="BrokenLinksValidlink" time="9.174"/>
</testsuite> <!-- tests.ElementsTests -->
