<?xml version="1.0" encoding="UTF-8"?>
<!-- Generated by org.testng.reporters.JUnitReportReporter -->
<testsuite hostname="DESKTOP-7NMSRQD" failures="0" tests="30" name="tests.WidgetsTests" time="2157.830" errors="0" timestamp="2025-09-12T21:33:51 IST" skipped="0">
  <testcase classname="tests.WidgetsTests" name="accessWidgets" time="24.427"/>
  <testcase classname="tests.WidgetsTests" name="Accordian" time="31.456"/>
  <testcase classname="tests.WidgetsTests" name="AccessWhatis" time="69.031"/>
  <testcase classname="tests.WidgetsTests" name="AccessWhereDoes" time="69.240"/>
  <testcase classname="tests.WidgetsTests" name="AccessWhyDoWe" time="69.440"/>
  <testcase classname="tests.WidgetsTests" name="AutoComplete" time="65.654"/>
  <testcase classname="tests.WidgetsTests" name="AutoCompleteSearch" time="70.249"/>
  <testcase classname="tests.WidgetsTests" name="AutoCompleteSearch" time="24.332"/>
  <testcase classname="tests.WidgetsTests" name="AutoCompleteSearch" time="39.467"/>
  <testcase classname="tests.WidgetsTests" name="AutoCompleteSearch" time="69.983"/>
  <testcase classname="tests.WidgetsTests" name="AutoCompleteSearch" time="56.634"/>
  <testcase classname="tests.WidgetsTests" name="AutoCompleteSearch" time="30.961"/>
  <testcase classname="tests.WidgetsTests" name="AutoCompleteSearch" time="21.301"/>
  <testcase classname="tests.WidgetsTests" name="AutoCompleteSearch" time="36.989"/>
  <testcase classname="tests.WidgetsTests" name="AutoCompleteSearch" time="69.189"/>
  <testcase classname="tests.WidgetsTests" name="AutoCompleteSearch" time="40.096"/>
  <testcase classname="tests.WidgetsTests" name="AutoCompleteSearch" time="373.561"/>
  <testcase classname="tests.WidgetsTests" name="AutoCompleteSearch" time="19.856"/>
  <testcase classname="tests.WidgetsTests" name="AutoCompleteSearch" time="352.537"/>
  <testcase classname="tests.WidgetsTests" name="AutoCompleteSearch" time="69.344"/>
  <testcase classname="tests.WidgetsTests" name="AutoCompleteSearch" time="69.210"/>
  <testcase classname="tests.WidgetsTests" name="AutoCompleteSearch" time="68.696"/>
  <testcase classname="tests.WidgetsTests" name="AutoCompleteSearch" time="63.648"/>
  <testcase classname="tests.WidgetsTests" name="AutoCompleteSearch" time="51.702"/>
  <testcase classname="tests.WidgetsTests" name="AutoCompleteSearch" time="72.294"/>
  <testcase classname="tests.WidgetsTests" name="AutoCompleteSearch" time="35.471"/>
  <testcase classname="tests.WidgetsTests" name="AutoCompleteSearch" time="70.130"/>
  <testcase classname="tests.WidgetsTests" name="AutoCompleteSearchRemove" time="40.440"/>
  <testcase classname="tests.WidgetsTests" name="AutoCompleteSingle" time="40.865"/>
  <testcase classname="tests.WidgetsTests" name="SingleAddRemove" time="41.627"/>
</testsuite> <!-- tests.WidgetsTests -->
