<?xml version="1.0" encoding="UTF-8"?>
<!-- Generated by org.testng.reporters.JUnitReportReporter -->
<testsuite hostname="DESKTOP-7NMSRQD" failures="0" tests="6" name="tests.FormTests" time="59.792" errors="0" timestamp="2025-09-24T10:12:16 IST" skipped="0">
  <testcase classname="tests.FormTests" name="FormsCard" time="5.143"/>
  <testcase classname="tests.FormTests" name="FormButton" time="4.621"/>
  <testcase classname="tests.FormTests" name="fillForm" time="12.742"/>
  <testcase classname="tests.FormTests" name="fillForm" time="12.036"/>
  <testcase classname="tests.FormTests" name="fillForm" time="12.611"/>
  <testcase classname="tests.FormTests" name="fillForm" time="12.639"/>
</testsuite> <!-- tests.FormTests -->
