<?xml version="1.0" encoding="UTF-8"?>
<!-- Generated by org.testng.reporters.JUnitReportReporter -->
<testsuite hostname="DESKTOP-7NMSRQD" failures="0" tests="22" name="tests.ElementsTests" time="298.346" errors="0" timestamp="2025-07-29T11:15:17 IST" skipped="0">
  <testcase classname="tests.ElementsTests" name="ElementsCard" time="12.047"/>
  <testcase classname="tests.ElementsTests" name="TextBox" time="13.044"/>
  <testcase classname="tests.ElementsTests" name="CheckBox" time="27.105"/>
  <testcase classname="tests.ElementsTests" name="SelectingHomeCheckBox" time="2.929"/>
  <testcase classname="tests.ElementsTests" name="SelectingDesktopCheckBox" time="10.402"/>
  <testcase classname="tests.ElementsTests" name="SelectingNotesCommandsClick" time="17.140"/>
  <testcase classname="tests.ElementsTests" name="SelectingDocumentsCheckBox" time="2.885"/>
  <testcase classname="tests.ElementsTests" name="SelectingWorkSpace" time="7.434"/>
  <testcase classname="tests.ElementsTests" name="SelectReact" time="10.464"/>
  <testcase classname="tests.ElementsTests" name="SelectAngular" time="6.110"/>
  <testcase classname="tests.ElementsTests" name="SelectVeu" time="9.401"/>
  <testcase classname="tests.ElementsTests" name="SelectReactAnuglarVeu" time="6.823"/>
  <testcase classname="tests.ElementsTests" name="SelectingOffice" time="31.133"/>
  <testcase classname="tests.ElementsTests" name="SelectPublic" time="30.250"/>
  <testcase classname="tests.ElementsTests" name="SelectPrivate" time="8.958"/>
  <testcase classname="tests.ElementsTests" name="SelectClassified" time="23.731"/>
  <testcase classname="tests.ElementsTests" name="SelectGeneral" time="25.764"/>
  <testcase classname="tests.ElementsTests" name="SelectOfficeAll" time="9.832"/>
  <testcase classname="tests.ElementsTests" name="SelectingDownloads" time="11.166"/>
  <testcase classname="tests.ElementsTests" name="SelectingWordFile" time="8.657"/>
  <testcase classname="tests.ElementsTests" name="SelectingExcelFile" time="7.980"/>
  <testcase classname="tests.ElementsTests" name="SelectingAllFiles" time="15.091"/>
</testsuite> <!-- tests.ElementsTests -->
