<?xml version="1.0" encoding="UTF-8"?>
<!-- Generated by org.testng.reporters.JUnitReportReporter -->
<testsuite hostname="DESKTOP-7NMSRQD" failures="1" tests="68" name="tests.ElementsTests" time="3359.174" errors="0" timestamp="2025-09-20T21:53:54 IST" skipped="0">
  <testcase classname="tests.ElementsTests" name="ElementsCard" time="5.381"/>
  <testcase classname="tests.ElementsTests" name="TextBox" time="36.148"/>
  <testcase classname="tests.ElementsTests" name="TextBox" time="36.303"/>
  <testcase classname="tests.ElementsTests" name="TextBox" time="36.371"/>
  <testcase classname="tests.ElementsTests" name="TextBox" time="36.771"/>
  <testcase classname="tests.ElementsTests" name="CheckBox" time="5.362"/>
  <testcase classname="tests.ElementsTests" name="SelectingHomeCheckBox" time="35.880"/>
  <testcase classname="tests.ElementsTests" name="SelectingDesktopCheckBox" time="36.086"/>
  <testcase classname="tests.ElementsTests" name="SelectingNotesCommandsClick" time="36.910"/>
  <testcase classname="tests.ElementsTests" name="SelectingDocumentsCheckBox" time="328.737"/>
  <testcase classname="tests.ElementsTests" name="SelectingWorkSpace" time="35.297"/>
  <testcase classname="tests.ElementsTests" name="SelectReact" time="36.622"/>
  <testcase classname="tests.ElementsTests" name="SelectAngular" time="36.458"/>
  <testcase classname="tests.ElementsTests" name="SelectVeu" time="35.637"/>
  <testcase classname="tests.ElementsTests" name="SelectReactAnuglarVeu" time="19.069"/>
  <testcase classname="tests.ElementsTests" name="SelectingOffice" time="35.322"/>
  <testcase classname="tests.ElementsTests" name="SelectPublic" time="38.325"/>
  <testcase classname="tests.ElementsTests" name="SelectPrivate" time="36.531"/>
  <testcase classname="tests.ElementsTests" name="SelectClassified" time="39.401"/>
  <testcase classname="tests.ElementsTests" name="SelectGeneral" time="22.417"/>
  <testcase classname="tests.ElementsTests" name="SelectOfficeAll" time="38.310"/>
  <testcase classname="tests.ElementsTests" name="SelectingDownloads" time="35.544"/>
  <testcase classname="tests.ElementsTests" name="SelectingWordFile" time="340.964"/>
  <testcase classname="tests.ElementsTests" name="SelectingExcelFile" time="37.276"/>
  <testcase classname="tests.ElementsTests" name="SelectingAllFiles" time="39.860"/>
  <testcase classname="tests.ElementsTests" name="clickRadioButton" time="9.071"/>
  <testcase classname="tests.ElementsTests" name="SelectYesRadioButton" time="7.974"/>
  <testcase classname="tests.ElementsTests" name="SelectImpressiveRadioButton" time="6.111"/>
  <testcase classname="tests.ElementsTests" name="WebTablesClick" time="5.022"/>
  <testcase classname="tests.ElementsTests" name="webTableNewRegistration" time="37.891"/>
  <testcase classname="tests.ElementsTests" name="webTableNewRegistration" time="37.273"/>
  <testcase classname="tests.ElementsTests" name="webTableNewRegistration" time="24.254"/>
  <testcase classname="tests.ElementsTests" name="webTableNewRegistration" time="36.606"/>
  <testcase classname="tests.ElementsTests" name="webTableAddSearch" time="42.173"/>
  <testcase classname="tests.ElementsTests" name="webTableAddEditFirstName" time="340.395"/>
  <testcase classname="tests.ElementsTests" name="webTableAddSearchEdit" time="41.106"/>
  <testcase classname="tests.ElementsTests" name="webTableDeleteUser" time="37.171"/>
  <testcase classname="tests.ElementsTests" name="testAddAllUsersFromExcel" time="41.366"/>
  <testcase classname="tests.ElementsTests" name="testAddAllUsersSearchEdit" time="30.484"/>
  <testcase classname="tests.ElementsTests" name="EditSalaryDepartment" time="38.480"/>
  <testcase classname="tests.ElementsTests" name="Buttons" time="6.496"/>
  <testcase classname="tests.ElementsTests" name="DoubleClickButtons" time="36.950"/>
  <testcase classname="tests.ElementsTests" name="RightClickButton" time="37.005"/>
  <testcase classname="tests.ElementsTests" name="ClickMeButton" time="36.023"/>
  <testcase classname="tests.ElementsTests" name="ClickAllButtons" time="99.824"/>
  <testcase classname="tests.ElementsTests" name="ClickLinks" time="4.909"/>
  <testcase classname="tests.ElementsTests" name="ClickHomeLink" time="37.061"/>
  <testcase classname="tests.ElementsTests" name="ClickDynamicHomeLink" time="36.151"/>
  <testcase classname="tests.ElementsTests" name="ClickCreatedAPILink" time="35.639"/>
  <testcase classname="tests.ElementsTests" name="ClickNoContentLink" time="32.348"/>
  <testcase classname="tests.ElementsTests" name="ClickMovedLink" time="36.690"/>
  <testcase classname="tests.ElementsTests" name="ClickBadRequestLink" time="35.210"/>
  <testcase classname="tests.ElementsTests" name="ClickUnauthorizedLink" time="35.116"/>
  <testcase classname="tests.ElementsTests" name="ClickForbiddenLink" time="337.892"/>
  <testcase classname="tests.ElementsTests" name="ClickNotFoundLink" time="35.899"/>
  <testcase classname="tests.ElementsTests" name="ClickAllLinks" time="25.347"/>
  <testcase classname="tests.ElementsTests" name="ClickBrokenLinksImages" time="5.187"/>
  <testcase classname="tests.ElementsTests" name="GetValidImage" time="28.793"/>
  <testcase classname="tests.ElementsTests" name="GetBrokenImage" time="36.200"/>
  <testcase classname="tests.ElementsTests" name="BrokenLinksBrokenlink" time="41.234"/>
  <testcase classname="tests.ElementsTests" name="BrokenLinksValidlink" time="37.452">
    <failure message="Logo image is not visible expected [true] but found [false]" type="java.lang.AssertionError">
      <![CDATA[java.lang.AssertionError: Logo image is not visible expected [true] but found [false]
at org.testng.Assert.fail(Assert.java:111)
at org.testng.Assert.failNotEquals(Assert.java:1590)
at org.testng.Assert.assertTrue(Assert.java:57)
at pages.elementsPage.ClickValidLink(elementsPage.java:1135)
at tests.ElementsTests.BrokenLinksValidlink(ElementsTests.java:1124)
at java.base/jdk.internal.reflect.DirectMethodHandleAccessor.invoke(DirectMethodHandleAccessor.java:103)
at java.base/java.lang.reflect.Method.invoke(Method.java:580)
at org.testng.internal.invokers.MethodInvocationHelper.invokeMethod(MethodInvocationHelper.java:141)
at org.testng.internal.invokers.TestInvoker.invokeMethod(TestInvoker.java:687)
at org.testng.internal.invokers.TestInvoker.invokeTestMethod(TestInvoker.java:230)
at org.testng.internal.invokers.MethodRunner.runInSequence(MethodRunner.java:63)
at org.testng.internal.invokers.TestInvoker$MethodInvocationAgent.invoke(TestInvoker.java:995)
at org.testng.internal.invokers.TestInvoker.invokeTestMethods(TestInvoker.java:203)
at org.testng.internal.invokers.TestMethodWorker.invokeTestMethods(TestMethodWorker.java:154)
at org.testng.internal.invokers.TestMethodWorker.run(TestMethodWorker.java:134)
at java.base/java.util.ArrayList.forEach(ArrayList.java:1596)
at org.testng.TestRunner.privateRun(TestRunner.java:741)
at org.testng.TestRunner.run(TestRunner.java:616)
at org.testng.SuiteRunner.runTest(SuiteRunner.java:421)
at org.testng.SuiteRunner.runSequentially(SuiteRunner.java:413)
at org.testng.SuiteRunner.privateRun(SuiteRunner.java:373)
at org.testng.SuiteRunner.run(SuiteRunner.java:312)
at org.testng.SuiteRunnerWorker.runSuite(SuiteRunnerWorker.java:52)
at org.testng.SuiteRunnerWorker.run(SuiteRunnerWorker.java:95)
at org.testng.TestNG.runSuitesSequentially(TestNG.java:1274)
at org.testng.TestNG.runSuitesLocally(TestNG.java:1208)
at org.testng.TestNG.runSuites(TestNG.java:1112)
at org.testng.TestNG.run(TestNG.java:1079)
at org.apache.maven.surefire.testng.TestNGExecutor.run(TestNGExecutor.java:155)
at org.apache.maven.surefire.testng.TestNGDirectoryTestSuite.executeMulti(TestNGDirectoryTestSuite.java:169)
at org.apache.maven.surefire.testng.TestNGDirectoryTestSuite.execute(TestNGDirectoryTestSuite.java:88)
at org.apache.maven.surefire.testng.TestNGProvider.invoke(TestNGProvider.java:137)
at org.apache.maven.surefire.booter.ForkedBooter.runSuitesInProcess(ForkedBooter.java:385)
at org.apache.maven.surefire.booter.ForkedBooter.execute(ForkedBooter.java:162)
at org.apache.maven.surefire.booter.ForkedBooter.run(ForkedBooter.java:507)
at org.apache.maven.surefire.booter.ForkedBooter.main(ForkedBooter.java:495)
]]>
    </failure>
  </testcase> <!-- BrokenLinksValidlink -->
  <testcase classname="tests.ElementsTests" name="UploadDownloadlink" time="6.733"/>
  <testcase classname="tests.ElementsTests" name="Downloadbtn" time="39.641"/>
  <testcase classname="tests.ElementsTests" name="Uploadbtn" time="23.466"/>
  <testcase classname="tests.ElementsTests" name="DynamicPropertiesbtn" time="5.764"/>
  <testcase classname="tests.ElementsTests" name="ColorChangebtn" time="35.730"/>
  <testcase classname="tests.ElementsTests" name="WillEnablebtn" time="38.488"/>
  <testcase classname="tests.ElementsTests" name="VisibleAfterbtn" time="35.567"/>
</testsuite> <!-- tests.ElementsTests -->
