<?xml version="1.0" encoding="UTF-8"?>
<!-- Generated by org.testng.reporters.JUnitReportReporter -->
<testsuite hostname="DESKTOP-7NMSRQD" failures="0" tests="68" name="tests.ElementsTests" time="1929.529" errors="0" timestamp="2025-09-24T10:12:16 IST" skipped="0">
  <testcase classname="tests.ElementsTests" name="ElementsCard" time="4.966"/>
  <testcase classname="tests.ElementsTests" name="TextBox" time="6.829"/>
  <testcase classname="tests.ElementsTests" name="TextBox" time="9.619"/>
  <testcase classname="tests.ElementsTests" name="TextBox" time="6.926"/>
  <testcase classname="tests.ElementsTests" name="TextBox" time="7.805"/>
  <testcase classname="tests.ElementsTests" name="CheckBox" time="5.116"/>
  <testcase classname="tests.ElementsTests" name="SelectingHomeCheckBox" time="7.815"/>
  <testcase classname="tests.ElementsTests" name="SelectingDesktopCheckBox" time="6.891"/>
  <testcase classname="tests.ElementsTests" name="SelectingNotesCommandsClick" time="8.375"/>
  <testcase classname="tests.ElementsTests" name="SelectingDocumentsCheckBox" time="10.321"/>
  <testcase classname="tests.ElementsTests" name="SelectingWorkSpace" time="8.217"/>
  <testcase classname="tests.ElementsTests" name="SelectReact" time="7.412"/>
  <testcase classname="tests.ElementsTests" name="SelectAngular" time="33.124"/>
  <testcase classname="tests.ElementsTests" name="SelectVeu" time="6.779"/>
  <testcase classname="tests.ElementsTests" name="SelectReactAnuglarVeu" time="33.220"/>
  <testcase classname="tests.ElementsTests" name="SelectingOffice" time="9.581"/>
  <testcase classname="tests.ElementsTests" name="SelectPublic" time="8.779"/>
  <testcase classname="tests.ElementsTests" name="SelectPrivate" time="9.352"/>
  <testcase classname="tests.ElementsTests" name="SelectClassified" time="9.496"/>
  <testcase classname="tests.ElementsTests" name="SelectGeneral" time="33.252"/>
  <testcase classname="tests.ElementsTests" name="SelectOfficeAll" time="8.639"/>
  <testcase classname="tests.ElementsTests" name="SelectingDownloads" time="10.316"/>
  <testcase classname="tests.ElementsTests" name="SelectingWordFile" time="6.964"/>
  <testcase classname="tests.ElementsTests" name="SelectingExcelFile" time="7.072"/>
  <testcase classname="tests.ElementsTests" name="SelectingAllFiles" time="12.180"/>
  <testcase classname="tests.ElementsTests" name="clickRadioButton" time="5.183"/>
  <testcase classname="tests.ElementsTests" name="SelectYesRadioButton" time="5.565"/>
  <testcase classname="tests.ElementsTests" name="SelectImpressiveRadioButton" time="5.419"/>
  <testcase classname="tests.ElementsTests" name="WebTablesClick" time="307.437"/>
  <testcase classname="tests.ElementsTests" name="webTableNewRegistration" time="312.126"/>
  <testcase classname="tests.ElementsTests" name="webTableNewRegistration" time="8.840"/>
  <testcase classname="tests.ElementsTests" name="webTableNewRegistration" time="11.626"/>
  <testcase classname="tests.ElementsTests" name="webTableNewRegistration" time="9.633"/>
  <testcase classname="tests.ElementsTests" name="webTableAddSearch" time="13.834"/>
  <testcase classname="tests.ElementsTests" name="webTableAddEditFirstName" time="11.044"/>
  <testcase classname="tests.ElementsTests" name="webTableAddSearchEdit" time="12.112"/>
  <testcase classname="tests.ElementsTests" name="webTableDeleteUser" time="315.946"/>
  <testcase classname="tests.ElementsTests" name="testAddAllUsersFromExcel" time="16.653"/>
  <testcase classname="tests.ElementsTests" name="testAddAllUsersSearchEdit" time="18.383"/>
  <testcase classname="tests.ElementsTests" name="EditSalaryDepartment" time="26.069"/>
  <testcase classname="tests.ElementsTests" name="Buttons" time="5.011"/>
  <testcase classname="tests.ElementsTests" name="DoubleClickButtons" time="14.168"/>
  <testcase classname="tests.ElementsTests" name="RightClickButton" time="10.058"/>
  <testcase classname="tests.ElementsTests" name="ClickMeButton" time="10.315"/>
  <testcase classname="tests.ElementsTests" name="ClickAllButtons" time="13.871"/>
  <testcase classname="tests.ElementsTests" name="ClickLinks" time="4.937"/>
  <testcase classname="tests.ElementsTests" name="ClickHomeLink" time="6.288"/>
  <testcase classname="tests.ElementsTests" name="ClickDynamicHomeLink" time="7.194"/>
  <testcase classname="tests.ElementsTests" name="ClickCreatedAPILink" time="11.089"/>
  <testcase classname="tests.ElementsTests" name="ClickNoContentLink" time="7.012"/>
  <testcase classname="tests.ElementsTests" name="ClickMovedLink" time="7.937"/>
  <testcase classname="tests.ElementsTests" name="ClickBadRequestLink" time="7.284"/>
  <testcase classname="tests.ElementsTests" name="ClickUnauthorizedLink" time="8.108"/>
  <testcase classname="tests.ElementsTests" name="ClickForbiddenLink" time="7.958"/>
  <testcase classname="tests.ElementsTests" name="ClickNotFoundLink" time="31.970"/>
  <testcase classname="tests.ElementsTests" name="ClickAllLinks" time="311.142"/>
  <testcase classname="tests.ElementsTests" name="ClickBrokenLinksImages" time="5.577"/>
  <testcase classname="tests.ElementsTests" name="GetValidImage" time="6.477"/>
  <testcase classname="tests.ElementsTests" name="GetBrokenImage" time="11.996"/>
  <testcase classname="tests.ElementsTests" name="BrokenLinksValidlink" time="11.129"/>
  <testcase classname="tests.ElementsTests" name="BrokenLinksBrokenlink" time="14.328"/>
  <testcase classname="tests.ElementsTests" name="UploadDownloadlink" time="6.058"/>
  <testcase classname="tests.ElementsTests" name="Downloadbtn" time="9.928"/>
  <testcase classname="tests.ElementsTests" name="Uploadbtn" time="6.185"/>
  <testcase classname="tests.ElementsTests" name="DynamicPropertiesbtn" time="5.253"/>
  <testcase classname="tests.ElementsTests" name="WillEnablebtn" time="10.684"/>
  <testcase classname="tests.ElementsTests" name="ColorChangebtn" time="8.187"/>
  <testcase classname="tests.ElementsTests" name="VisibleAfterbtn" time="10.469"/>
</testsuite> <!-- tests.ElementsTests -->
